 Enter filename for events
 Enter maximum number of events to generate
 MUST coincide with the number of events on tape
 Enter 0 to use Herwig default PDFs
       1 to use PDFs from library
 Enter colliding particles (PART1, PART2)
 Enter beam momenta (PBEAM1, PBEAM2)


          HERWIG 6.521  11th Mar. 2013

          Please reference:  G. Marchesini, B.R. Webber,
          G.Abbiendi, I.G.Knowles, M.H.Seymour & L.Stanco
          Computer Physics Communications 67 (1992) 465
                             and
          G.Corcella, I.G.Knowles, G.Marchesini, S.Moretti,
          K.Odagiri, P.Richardson, M.H.Seymour & B.R.Webber,
          JHEP 0101 (2001) 010
 Enter .TRUE. for underlying event, .FALSE. otherwise

 Underlying event WILL NOT be generated

 Enter Lambda_QCD, <0 for Herwig default
 Enter Z mass, width
 Enter W mass, width
 Enter top mass, width
 Enter Higgs (SM) boson mass, width
 Enter quark (d,u,s,c,b) and gluon masses
 Enter lepton (e,mu,tau) masses
 Enter number of events to print
 Enter accepted error fraction
 Is it single-top (.TRUE. or .FALSE)?
 Is it b-bbar (.TRUE. or .FALSE)?
 Enter the two random seeds (0 0 for default)

          INPUT CONDITIONS FOR THIS RUN

          BEAM 1 (P       ) MOM. =   6500.00
          BEAM 2 (P       ) MOM. =   6500.00
          PROCESS CODE (IPROC)   =  -18000
          NUMBER OF FLAVOURS     =    6
          STRUCTURE FUNCTION SET =    8
          AZIM SPIN CORRELATIONS =    T
          AZIM SOFT CORRELATIONS =    T
          QCD LAMBDA (GEV)       =    0.1800
          DOWN     QUARK  MASS   =    0.3200
          UP       QUARK  MASS   =    0.3200
          STRANGE  QUARK  MASS   =    0.5000
          CHARMED  QUARK  MASS   =    1.5500
          BOTTOM   QUARK  MASS   =    4.9500
          TOP      QUARK  MASS   =  173.0000
          GLUON EFFECTIVE MASS   =    0.7500
          EXTRA SHOWER CUTOFF (Q)=    0.4800
          EXTRA SHOWER CUTOFF (G)=    0.1000
          PHOTON SHOWER CUTOFF   =    0.4000
          CLUSTER MASS PARAMETER =    3.3500
          SPACELIKE EVOLN CUTOFF =    2.5000
          INTRINSIC P-TRAN (RMS) =    0.0000
          DECAY SPIN CORRELATIONS=    T
          SUSY THREE BODY ME     =    T
          SUSY FOUR  BODY ME     =    F

          NO EVENTS WILL BE WRITTEN TO DISK

          B_d: Delt-M/Gam =0.7000 Delt-Gam/2*Gam =0.0000
          B_s: Delt-M/Gam = 10.00 Delt-Gam/2*Gam =0.2000

          PDFLIB NOT USED FOR BEAM 1
          PDFLIB NOT USED FOR BEAM 2


          Checking consistency of particle properties


          Checking consistency of decay tables


          WRITING SUDAKOV TABLE ON UNIT  77

          WRITING MATRIX ELEMENT TABLE ON UNIT  88

          CHECKING SUSY DECAY MATRIX ELEMENTS
 Do you want a stable Pi0 (.TRUE. or .FALSE)?
 Do you want a stable W+ (.TRUE. or .FALSE)?
 Do you want a stable W- (.TRUE. or .FALSE)?
 Do you want a stable Z0 (.TRUE. or .FALSE)?
 Do you want a stable Tau+ (.TRUE. or .FALSE)?
 Do you want a stable Tau- (.TRUE. or .FALSE)?
 Do you want a stable Mu+ (.TRUE. or .FALSE)?
 Do you want a stable Mu- (.TRUE. or .FALSE)?
 Do you want a stable Higgs (.TRUE. or .FALSE)?

          PARTICLE TYPE  21=PI0      SET STABLE
 How many decay modes do you want to set?
 How are the events normalized ("average" or "sum")?
 stdhep initialized

          SUBROUTINE TIMEL CALLED BUT NOT LINKED.
          DUMMY TIMEL WILL BE USED. DELETE DUMMY
          AND LINK CERNLIB FOR CPU TIME REMAINING.

 HWWARN CALLED FROM SUBPROGRAM HWSMRS: CODE =   5
 EVENT       1:   SEEDS = 1973774260 & 1099242306  WEIGHT =-0.5896E-03
 EVENT SURVIVES. EXECUTION CONTINUES
 WARNING: MRST98 CALLED WITH Q OUTSIDE ALLOWED RANGE!
 Q VALUE=1.430E+04, MINIMUM=1.118E+00, MAXIMUM=3.162E+03
 NO FURTHER WARNINGS WILL BE ISSUED



 EVENT       1: 6500.00 GEV/C P        ON  6500.00 GEV/C P        PROCESS:-18000
 SEEDS:  1973774260 &  1099242306   STATUS:  100 ERROR:   0  WEIGHT: -5.8959E-04


                               ---INITIAL STATE---    

 IHEP    ID      IDPDG IST MO1 MO2 DA1 DA2   P-X     P-Y     P-Z  ENERGY    MASS
    1 P           2212 101   0   0   0   0    0.00    0.00 6500.0 6500.0    0.94
    2 P           2212 102   0   0   0   0    0.00    0.00-6500.0 6500.0    0.94
    3 CMF            0 103   1   2   0   0    0.00    0.00    0.013000.013000.00

                              ---HARD SUBPROCESS---   

 IHEP    ID      IDPDG IST MO1 MO2 DA1 DA2   P-X     P-Y     P-Z  ENERGY    MASS
    4 UQRK           2 121   6   8  11  10    0.00    0.00 1117.9 1117.9    0.32
    5 DQRK           1 122   6   9  13   8    0.00    0.00 -648.9  648.9    0.32
    6 HARD           0 120   4   5   7  10    2.78    1.90  468.9 1766.8 1703.43
    7 HIGGS         25 123   6   7  18   7 -223.20 -119.49  251.7  378.2  125.00
    8 UQRK           2 124   6   5  19   4   55.05   35.94 -570.8  574.6    0.32
    9 DQRK           1 124   6  10  24   5  174.62   71.92  707.5  732.3    0.32
   10 GLUON         21 124   6   4  28   9   -6.48   11.64   80.6   81.7    0.75

                              ---PARTON SHOWERS---    

 IHEP    ID      IDPDG IST MO1 MO2 DA1 DA2   P-X     P-Y     P-Z  ENERGY    MASS
   11 UQRK          94 141   4   6  12  12    0.00    0.00 1118.0 1118.0    0.36
   12 UD          2101   2  11  21  33  32    0.00    0.00 5382.0 5382.0    0.32
   13 DQRK          94 142   5   6  15  17    2.78    1.90 -649.1  648.8  -18.87
   14 CONE           0 100   5   8   0   0    0.84    0.55   -6.3    6.4    0.00
   15 GLUON         21   2  13  16  34  35   -3.62   -1.08  -31.2   31.4    0.75
   16 GLUON         21   2  13  17  36  37    0.84   -0.83  -33.8   33.8    0.75
   17 UU          2203   2  13  26  38  37    0.00    0.00-5785.9 5785.9    0.28
   18 HIGGS         25 195   7   6 153 154 -222.35 -118.95  251.4  377.4  125.00
   19 UQRK          94 144   8   6  21  23   55.89   36.52 -570.1  574.4   20.83
   20 CONE           0 100   8   5   0   0   -0.24   -0.16   -6.1    6.1    0.00
   21 UQRK           2   2  19  22  39  33   28.03    8.95 -238.3  240.1    0.32
   22 GLUON         21   2  19  23  40  41    4.40    0.23  -39.3   39.6    0.75
   23 GLUON         21   2  19  34  42  43   23.46   27.33 -292.5  294.7    0.75
   24 DQRK          94 144   9   6  26  27  175.57   72.62  706.7  732.0   14.68
   25 CONE           0 100   9  10   0   0    0.64    0.81    6.7    6.7    0.00
   26 DQRK           1   2  24  27  44  38  154.55   59.09  606.1  628.2    0.32
   27 GLUON         21   2  24  30  45  46   21.02   13.54  100.7  103.7    0.75
   28 GLUON         94 144  10   6  30  32   -6.34   11.71   80.9   83.1   13.40
   29 CONE           0 100  10   9   0   0    0.96   -0.06    0.5    1.1    0.00
   30 GLUON         21   2  28  31  47  48    1.45    1.35    2.2    3.1    0.75
   31 GLUON         21   2  28  32  49  50   -3.00    0.75    9.9   10.4    0.75
   32 GLUON         21   2  28  33  51  52   -4.79    9.62   68.8   69.6    0.75

                              ---GLUON SPLITTING---   

 IHEP    ID      IDPDG IST MO1 MO2 DA1 DA2   P-X     P-Y     P-Z  ENERGY    MASS
   33 UD          2101 161  11  39  92  56   -0.00    0.00 4299.8 4299.8    0.64
   34 UBAR          -2 158  13  35  96  64   -2.03   -0.76  -17.6   17.8    0.32
   35 UQRK           2 158  13  36  81  34   -1.38   -0.23  -11.8   11.9    0.32
   36 DBAR          -1 158  13  37  81  35    0.27   -0.45  -12.0   12.0    0.32
   37 DQRK           1 158  13  59  82  36    0.31   -0.20  -17.0   17.0    0.32
   38 UU          2203 162  13  44  91  54    0.01   -0.00-1675.5 1675.5    0.64
   39 UQRK           2 158  19  40  83  33   28.03    8.95 -238.3  240.1    0.32
   40 DBAR          -1 158  19  41  83  39    2.66    0.25  -22.5   22.7    0.32
   41 DQRK           1 158  19  61  84  40    0.99    0.07   -9.8    9.9    0.32
   42 UBAR          -2 158  19  43  95  62    9.13   10.75 -113.4  114.3    0.32
   43 UQRK           2 158  19  63  85  42   12.47   14.39 -156.0  157.2    0.32
   44 DQRK           1 158  24  65  86  38  147.22   56.29  577.3  598.4    0.32
   45 DBAR          -1 158  24  46  97  66    6.11    3.76   28.9   29.8    0.32
   46 DQRK           1 158  24  69  87  45    9.55    6.28   46.0   47.4    0.32
   47 DBAR          -1 158  28  48  98  68    0.65    0.53    0.9    1.3    0.32
   48 DQRK           1 158  28  49  88  47    0.41    0.49    1.0    1.2    0.32
   49 UBAR          -2 158  28  50  88  48   -1.34    0.16    4.6    4.8    0.32
   50 UQRK           2 158  28  71  89  49   -1.35    0.50    4.4    4.7    0.32
   51 UBAR          -2 158  28  52 100  72   -1.63    3.23   22.6   22.9    0.32
   52 UQRK           2 158  28  75  90  51   -0.71    1.46   11.2   11.3    0.32
   53 UBAR          -2 159  13  54  93  58    0.00   -0.00-2310.2 2310.2    0.32
   54 UQRK           2 159  13  38  91  53    0.09   -0.06  -28.2   28.2    0.32
   55 DBAR          -1 159  11  56 104  80   -0.00    0.00  319.3  319.3    0.32
   56 DQRK           1 159  28  33  92  55   -0.00    0.00  342.7  342.7    0.32
   57 UBAR          -2 159  13  58  94  60    0.00   -0.00-1583.6 1583.6    0.32
   58 UQRK           2 159  13  53  93  57    0.11   -0.07  -24.2   24.2    0.32
   59 DBAR          -1 159  13  60  82  37    0.02   -0.01 -105.6  105.6    0.32
   60 DQRK           1 159  13  57  94  59    0.04   -0.02  -63.5   63.5    0.32
   61 SBAR          -3 159  19  62  84  41    1.28    1.29  -15.4   15.5    0.50
   62 SQRK           3 159  19  42  95  61    0.93    0.37   -9.9   10.0    0.50
   63 UBAR          -2 159  13  64  85  43   -0.02    0.08   -2.7    2.7    0.32
   64 UQRK           2 159  19  34  96  63    0.21    0.29   -3.9    3.9    0.32
   65 UBAR          -2 159  24  66  86  44    2.80    1.30   11.8   12.2    0.32
   66 UQRK           2 159  24  45  97  65    5.72    2.27   22.7   23.5    0.32
   67 DBAR          -1 159  28  68  99  70    0.38    0.29    0.9    1.1    0.32
   68 DQRK           1 159  24  47  98  67    0.54    0.37    2.4    2.5    0.32
   69 UBAR          -2 159  28  70  87  46    0.45    0.31    1.9    2.0    0.32
   70 UQRK           2 159  24  67  99  69    3.18    2.09   15.3   15.7    0.32
   71 UBAR          -2 159  28  72  89  50   -0.41    0.36    2.7    2.8    0.32
   72 UQRK           2 159  28  51 100  71   -1.46    2.88   20.2   20.4    0.32
   73 DBAR          -1 159  11  74 102  76   -0.00    0.01  101.0  101.0    0.32
   74 DQRK           1 159  28  77 101  73   -0.19    0.38    4.4    4.5    0.32
   75 SBAR          -3 159  11  76  90  52   -0.41    0.84    8.0    8.1    0.50
   76 SQRK           3 159  28  73 102  75   -0.09    0.19    9.2    9.2    0.50
   77 SBAR          -3 159  11  78 101  74   -0.01    0.02   72.4   72.4    0.50
   78 SQRK           3 159  28  79 103  77   -0.13    0.27    7.5    7.6    0.50
   79 SBAR          -3 159  11  80 103  78   -0.00    0.01  204.8  204.8    0.50
   80 SQRK           3 159  28  55 104  79   -0.03    0.06   25.7   25.7    0.50

                             ---CLUSTER FORMATION---  

 IHEP    ID      IDPDG IST MO1 MO2 DA1 DA2   P-X     P-Y     P-Z  ENERGY    MASS
   81 CLUS          91 183  35  36 105 106   -1.11   -0.69  -23.7   23.9    1.79
   82 CLUS          91 183  37  59 107 108    0.33   -0.22 -122.5  122.5    1.30
   83 CLUS          91 183  39  40 109 110   30.70    9.20 -260.8  262.7    2.25
   84 CLUS          91 183  41  61 111 112    2.27    1.36  -25.2   25.4    1.27
   85 CLUS          91 183  43  63 113 114   12.44   14.48 -158.7  159.9    3.33
   86 CLUS          91 183  44  65 115 116  150.03   57.58  589.1  610.6    2.87
   87 CLUS          91 183  46  69 117 118   10.00    6.59   47.8   49.4    1.70
   88 CLUS          91 183  48  49 119 120   -0.93    0.65    5.5    6.0    1.95
   89 CLUS          91 183  50  71 121 122   -1.76    0.85    7.1    7.4    0.85
   90 CLUS          91 183  52  75 123 124   -1.13    2.30   19.2   19.4    0.92
   91 CLUS          91 185  54  38 125 126    0.09   -0.06-1703.7 1703.7    2.70
   92 CLUS          91 184  56  33 127 128   -0.00    0.00 4642.5 4642.5    1.35
   93 CLUS          91 183  58  53 129 130    0.11   -0.07-2334.5 2334.5    3.40
   94 CLUS          91 183  60  57 131 132    0.04   -0.02-1647.2 1647.2    1.68
   95 CLUS          91 183  62  42 133 134   10.07   11.12 -123.3  124.2    2.69
   96 CLUS          91 183  64  34 135 136   -1.83   -0.48  -21.5   21.7    1.89
   97 CLUS          91 183  66  45 137 138   11.84    6.03   51.6   53.3    1.44
   98 CLUS          91 183  68  47 139 140    1.19    0.90    3.3    3.8    1.05
   99 CLUS          91 183  70  67 141 142    3.56    2.38   16.2   16.8    1.61
  100 CLUS          91 183  72  51 143 144   -3.10    6.11   42.8   43.3    0.64
  101 CLUS          91 183  74  77 145 146   -0.20    0.40   76.8   76.9    2.23
  102 CLUS          91 183  76  73 147 148   -0.10    0.20  110.2  110.2    1.90
  103 CLUS          91 183  78  79 149 150   -0.14    0.28  212.3  212.3    3.12
  104 CLUS          91 183  80  55 151 152   -0.03    0.06  345.0  345.0    1.88

                              ---CLUSTER DECAYS---    

 IHEP    ID      IDPDG IST MO1 MO2 DA1 DA2   P-X     P-Y     P-Z  ENERGY    MASS
  105 OMEGA        223 197  81  13 204 206   -0.93   -0.75  -14.9   15.0    0.78
  106 RHO+         213 197  81  13 207 208   -0.19    0.06   -8.8    8.9    0.77
  107 PI0          111   1  82  13   0   0    0.81   -0.15  -87.4   87.4    0.13
  108 PI0          111   1  82  13   0   0   -0.48   -0.07  -35.1   35.1    0.13
  109 RHO0         113 197  83  19 209 210   16.62    5.19 -141.2  142.3    0.77
  110 A_2+         215 197  83  19 211 212   14.08    4.02 -119.5  120.4    1.32
  111 PI-         -211   1  84  19   0   0    0.72    0.15  -11.2   11.2    0.14
  112 K+           321   1  84  19   0   0    1.55    1.20  -14.0   14.2    0.49
  113 LAMBDA      3122 197  85  19 213 214    6.19    5.62  -66.2   66.8    1.12
  114 SGMA*BR0   -3214 197  85  19 215 216    6.26    8.86  -92.5   93.1    1.38
  115 DELTA-      1114 197  86  24 217 218  113.02   43.26  443.4  459.6    1.23
  116 DELTABR0   -2114 197  86  24 219 220   37.01   14.32  145.7  151.0    1.23
  117 ETA          221 197  87  24 221 223    5.84    3.26   26.9   27.8    0.55
  118 RHO-        -213 197  87  24 224 225    4.16    3.33   20.9   21.6    0.77
  119 PI-         -211   1  88  28   0   0   -0.77    1.06    2.7    3.0    0.14
  120 OMEGA        223 197  88  28 226 228   -0.16   -0.40    2.9    3.0    0.78
  121 PI+          211   1  89  28   0   0   -0.65    0.72    3.8    4.0    0.14
  122 PI-         -211   1  89  28   0   0   -1.12    0.13    3.3    3.5    0.14
  123 PI0          111   1  90  28   0   0   -0.29    0.18    3.6    3.6    0.13
  124 K+           321   1  90  28   0   0   -0.84    2.12   15.6   15.8    0.49
  125 B_10       10113 197  91  13 229 230    0.40   -0.39 -719.0  719.0    1.23
  126 DELTA++     2224 197  91  13 231 232   -0.30    0.33 -984.7  984.7    1.23
  127 PI0          111   1  92  28   0   0   -0.05    0.12  184.4  184.4    0.13
  128 N           2112   1  92  28   0   0    0.05   -0.12 4458.1 4458.1    0.94
  129 A_20         115 197  93  13 233 234   -0.91   -0.86-1516.5 1516.5    1.32
  130 OMEGA        223 197  93  13 235 237    1.02    0.79 -818.0  818.0    0.78
  131 PI-         -211   1  94  13   0   0    0.17    0.18 -481.7  481.7    0.14
  132 A_20         115 197  94  13 238 239   -0.13   -0.20-1165.4 1165.4    1.32
  133 SIGMA*+     3224 197  95  19 240 241    4.82    5.02  -56.1   56.6    1.38
  134 DLTABR--   -2224 197  95  19 242 243    5.25    6.10  -67.2   67.7    1.23
  135 B_1+       10213 197  96  19 244 245   -1.36   -0.48  -11.7   11.9    1.23
  136 PI-         -211   1  96  19   0   0   -0.46    0.00   -9.8    9.8    0.14
  137 RHO+         213 197  97  24 246 247    4.52    2.66   21.2   21.8    0.77
  138 PI0          111   1  97  24   0   0    7.31    3.37   30.4   31.5    0.13
  139 PI-         -211   1  98  24   0   0    0.46    0.48    1.1    1.3    0.14
  140 RHO+         213 197  98  24 248 249    0.73    0.42    2.2    2.4    0.77
  141 RHO0         113 197  99  24 250 251    1.63    1.21    7.0    7.3    0.77
  142 RHO+         213 197  99  24 252 253    1.93    1.17    9.2    9.6    0.77
  143 PI+          211   1 100  28   0   0   -1.51    3.52   24.8   25.1    0.14
  144 PI-         -211   1 100  28   0   0   -1.59    2.59   18.0   18.2    0.14
  145 PI0          111   1 101  28   0   0    0.26    0.89   19.3   19.4    0.13
  146 K*0          313 197 101  28 254 255   -0.46   -0.49   57.5   57.5    0.90
  147 K*_0-     -10321 197 102  28 256 257    0.01   -0.17   72.3   72.3    1.43
  148 PI+          211   1 102  28   0   0   -0.11    0.37   37.9   37.9    0.14
  149 XI-         3312 197 103  28 258 259    0.72    0.33   91.7   91.7    1.32
  150 XIBAR+     -3312 197 103  28 260 261   -0.85   -0.05  120.6  120.6    1.32
  151 K*-         -323 197 104  28 262 263   -0.05    0.06  262.2  262.2    0.89
  152 RHO+         213 197 104  28 264 265    0.02    0.01   82.9   82.9    0.77

                            ---H/W/Z BOSON DECAYS---  

 IHEP    ID      IDPDG IST MO1 MO2 DA1 DA2   P-X     P-Y     P-Z  ENERGY    MASS
  153 CQRK           4 123  18 154 155 154  -11.05  -61.03   48.3   78.6    1.55
  154 CBAR          -4 124  18 153 157 153 -211.30  -57.92  203.1  298.7    1.55

                              ---PARTON SHOWERS---    

 IHEP    ID      IDPDG IST MO1 MO2 DA1 DA2   P-X     P-Y     P-Z  ENERGY    MASS
  155 CQRK          94 143 153  18 156 156  -10.93  -60.40   47.8   77.8    1.55
  156 CQRK           4   2 155 159 164 163  -10.93  -60.40   47.8   77.8    1.55
  157 CBAR          94 144 154  18 159 163 -211.41  -58.55  203.6  299.6   12.82
  158 CONE           0 100 154 153   0   0   -0.65   -1.17    1.3    1.8    0.00
  159 GLUON         21   2 157 160 165 166   -5.51   -1.01    5.7    8.0    0.75
  160 GLUON         21   2 157 161 167 168   -6.89   -0.27    7.0    9.9    0.75
  161 DBAR          -1   2 157 162 169 168  -34.27   -9.15   33.9   49.1    0.32
  162 DQRK           1   2 157 163 170 169  -46.92  -12.75   44.5   65.9    0.32
  163 CBAR          -4   2 157 164 171 170 -117.81  -35.37  112.5  166.7    1.55

                              ---GLUON SPLITTING---   

 IHEP    ID      IDPDG IST MO1 MO2 DA1 DA2   P-X     P-Y     P-Z  ENERGY    MASS
  164 CQRK           4 158 155 174 180 171   -5.48  -30.01   23.8   38.7    1.55
  165 UBAR          -2 158 157 166 187 179   -0.91   -0.28    0.9    1.4    0.32
  166 UQRK           2 158 157 167 181 165   -3.17   -0.48    3.5    4.7    0.32
  167 DBAR          -1 158 157 168 181 166   -1.88    0.01    2.0    2.8    0.32
  168 DQRK           1 158 157 169 182 167   -5.01   -0.28    5.0    7.1    0.32
  169 DBAR          -1 158 157 170 182 168  -34.27   -9.15   33.9   49.1    0.32
  170 DQRK           1 158 157 171 183 169  -46.92  -12.75   44.5   65.9    0.32
  171 CBAR          -4 158 157 164 183 170 -117.81  -35.37  112.5  166.7    1.55
  172 SBAR          -3 159 157 173 185 175   -0.39   -0.80    0.8    1.3    0.50
  173 SQRK           3 159 155 176 184 172   -2.38  -13.08   10.4   16.9    0.50
  174 SBAR          -3 159 157 175 180 164   -0.40   -0.75    0.8    1.3    0.50
  175 SQRK           3 159 155 172 185 174   -0.87   -4.62    3.7    6.0    0.50
  176 UBAR          -2 159 157 177 184 173   -0.43   -0.28    0.5    0.8    0.32
  177 UQRK           2 159 155 178 186 176   -1.53   -8.42    6.7   10.9    0.32
  178 SBAR          -3 159 157 179 186 177   -0.45   -2.00    1.7    2.7    0.50
  179 SQRK           3 159 155 165 187 178   -0.42   -0.68    0.8    1.2    0.50

                             ---CLUSTER FORMATION---  

 IHEP    ID      IDPDG IST MO1 MO2 DA1 DA2   P-X     P-Y     P-Z  ENERGY    MASS
  180 CLUS          91 183 164 174 188 189   -5.88  -30.76   24.6   40.0    3.69
  181 CLUS          91 183 166 167 190 191   -5.05   -0.47    5.5    7.5    0.76
  182 CLUS          91 183 168 169 192 193  -39.29   -9.43   38.9   56.2    2.93
  183 CLUS          91 183 170 171 194 195 -164.74  -48.12  157.0  232.6    2.81
  184 CLUS          91 183 173 176 196 197   -2.81  -13.36   10.9   17.7    2.67
  185 CLUS          91 183 175 172 198 199   -1.27   -5.42    4.5    7.3    1.44
  186 CLUS          91 183 177 178 200 201   -1.98  -10.42    8.3   13.5    1.20
  187 CLUS          91 183 179 165 202 203   -1.34   -0.96    1.7    2.6    1.05

                              ---CLUSTER DECAYS---    

 IHEP    ID      IDPDG IST MO1 MO2 DA1 DA2   P-X     P-Y     P-Z  ENERGY    MASS
  188 D*_S+        433 197 180 155 266 267   -5.08  -27.44   21.8   35.5    2.11
  189 ETAP         331 197 180 155 268 269   -0.81   -3.32    2.8    4.5    0.96
  190 PI0          111   1 181 157   0   0   -4.05   -0.65    4.4    6.0    0.13
  191 PI+          211   1 181 157   0   0   -1.00    0.18    1.1    1.5    0.14
  192 DELTA-      1114 197 182 157 270 271  -11.55   -2.26   11.5   16.5    1.23
  193 DELTABR+   -1114 197 182 157 272 273  -27.74   -7.17   27.4   39.7    1.23
  194 PI-         -211   1 183 157   0   0  -32.28   -8.74   30.6   45.3    0.14
  195 D*BAR0      -423 197 183 157 274 275 -132.45  -39.38  126.4  187.3    2.01
  196 XI-         3312 197 184 155 276 277   -1.38   -7.73    6.7   10.4    1.32
  197 SIGMABR0   -3212 197 184 155 278 279   -1.43   -5.64    4.2    7.3    1.19
  198 K-          -321   1 185 155   0   0   -0.00   -1.33    1.4    2.0    0.49
  199 K+           321   1 185 155   0   0   -1.26   -4.09    3.1    5.3    0.49
  200 PI0          111   1 186 155   0   0   -0.07   -1.24    0.8    1.5    0.13
  201 K*+          323 197 186 155 280 281   -1.91   -9.17    7.5   12.0    0.89
  202 K-          -321   1 187 155   0   0   -0.70   -0.52    1.5    1.8    0.49
  203 PI0          111   1 187 155   0   0   -0.63   -0.44    0.2    0.8    0.13

                           ---STRONG HADRON DECAYS--- 

 IHEP    ID      IDPDG IST MO1 MO2 DA1 DA2   P-X     P-Y     P-Z  ENERGY    MASS
  204 PI+          211   1 105  13   0   0   -0.36   -0.04   -4.8    4.8    0.14
  205 PI-         -211   1 105  13   0   0   -0.59   -0.57   -8.1    8.2    0.14
  206 PI0          111   1 105  13   0   0    0.02   -0.14   -2.0    2.0    0.13
  207 PI+          211   1 106  13   0   0   -0.04    0.12   -0.5    0.5    0.14
  208 PI0          111   1 106  13   0   0   -0.15   -0.06   -8.3    8.3    0.13
  209 PI+          211   1 109  19   0   0    1.11    0.21   -9.3    9.4    0.14
  210 PI-         -211   1 109  19   0   0   15.51    4.98 -131.9  132.9    0.14
  211 K+           321   1 110  19   0   0    7.54    2.22  -67.7   68.1    0.49
  212 KBAR0       -311 198 110  19 282 282    6.54    1.80  -51.9   52.3    0.50
  213 P           2212   1 113  19   0   0    5.58    5.03  -60.1   60.6    0.94
  214 PI-         -211   1 113  19   0   0    0.61    0.58   -6.1    6.2    0.14
  215 LAMBDABR   -3122 198 114  19 283 284    4.53    6.30  -67.5   68.0    1.12
  216 PI0          111   1 114  19   0   0    1.73    2.55  -24.9   25.1    0.13
  217 N           2112   1 115  24   0   0  102.62   39.43  402.4  417.1    0.94
  218 PI-         -211   1 115  24   0   0   10.40    3.84   41.0   42.5    0.14
  219 PBAR       -2212   1 116  24   0   0   30.78   12.07  120.8  125.2    0.94
  220 PI+          211   1 116  24   0   0    6.23    2.25   24.9   25.8    0.14
  221 PI0          111   1 117  24   0   0    1.95    1.25    9.0    9.3    0.13
  222 PI0          111   1 117  24   0   0    1.60    0.87    7.4    7.6    0.13
  223 PI0          111   1 117  24   0   0    2.29    1.14   10.6   10.9    0.13
  224 PI-         -211   1 118  24   0   0    3.75    2.74   18.4   19.0    0.14
  225 PI0          111   1 118  24   0   0    0.42    0.59    2.5    2.6    0.13
  226 PI+          211   1 120  28   0   0   -0.24   -0.24    0.6    0.7    0.14
  227 PI-         -211   1 120  28   0   0    0.15   -0.16    1.7    1.7    0.14
  228 PI0          111   1 120  28   0   0   -0.07   -0.00    0.5    0.6    0.13
  229 OMEGA        223 198 125  13 285 287    0.03   -0.00 -478.3  478.3    0.78
  230 PI0          111   1 125  13   0   0    0.37   -0.38 -240.7  240.7    0.13
  231 P           2212   1 126  13   0   0   -0.20    0.26 -933.6  933.6    0.94
  232 PI+          211   1 126  13   0   0   -0.10    0.07  -51.1   51.1    0.14
  233 RHO+         213 198 129  13 288 289   -0.21   -0.66-1042.7 1042.7    0.77
  234 PI-         -211   1 129  13   0   0   -0.70   -0.20 -473.8  473.8    0.14
  235 PI+          211   1 130  13   0   0    0.63    0.40 -513.7  513.7    0.14
  236 PI-         -211   1 130  13   0   0    0.22    0.32 -122.2  122.2    0.14
  237 PI0          111   1 130  13   0   0    0.18    0.07 -182.1  182.1    0.13
  238 K+           321   1 132  13   0   0   -0.45    0.05 -715.1  715.1    0.49
  239 K-          -321   1 132  13   0   0    0.32   -0.26 -450.3  450.3    0.49
  240 SIGMA0      3212 198 133  19 290 291    3.83    4.13  -45.7   46.1    1.19
  241 PI+          211   1 133  19   0   0    0.98    0.89  -10.4   10.5    0.14
  242 PBAR       -2212   1 134  19   0   0    4.03    4.43  -51.3   51.7    0.94
  243 PI-         -211   1 134  19   0   0    1.22    1.67  -15.9   16.0    0.14
  244 OMEGA        223 198 135  19 292 294   -1.20   -0.25   -7.4    7.6    0.78
  245 PI+          211   1 135  19   0   0   -0.17   -0.23   -4.3    4.3    0.14
  246 PI+          211   1 137  24   0   0    4.09    2.21   18.1   18.7    0.14
  247 PI0          111   1 137  24   0   0    0.43    0.45    3.1    3.2    0.13
  248 PI+          211   1 140  24   0   0    0.36   -0.18    0.9    1.0    0.14
  249 PI0          111   1 140  24   0   0    0.37    0.59    1.2    1.4    0.13
  250 PI+          211   1 141  24   0   0    0.20    0.50    1.4    1.6    0.14
  251 PI-         -211   1 141  24   0   0    1.43    0.71    5.5    5.7    0.14
  252 PI+          211   1 142  24   0   0    0.84    0.92    4.5    4.7    0.14
  253 PI0          111   1 142  24   0   0    1.08    0.26    4.8    4.9    0.13
  254 K0           311 198 146  28 295 295    0.02   -0.29   31.7   31.7    0.50
  255 PI0          111   1 146  28   0   0   -0.48   -0.19   25.8   25.8    0.13
  256 KBAR0       -311 198 147  28 296 296   -0.38    0.04   62.6   62.6    0.50
  257 PI-         -211   1 147  28   0   0    0.39   -0.21    9.7    9.8    0.14
  258 LAMBDA      3122 198 149  28 297 298    0.48    0.35   73.9   73.9    1.12
  259 PI-         -211   1 149  28   0   0    0.23   -0.02   17.8   17.8    0.14
  260 LAMBDABR   -3122 198 150  28 299 300   -0.81    0.07  102.8  102.8    1.12
  261 PI+          211   1 150  28   0   0   -0.04   -0.12   17.8   17.8    0.14
  262 KBAR0       -311 198 151  28 301 301   -0.20    0.23  210.4  210.4    0.50
  263 PI-         -211   1 151  28   0   0    0.15   -0.18   51.8   51.8    0.14
  264 PI+          211   1 152  28   0   0    0.10   -0.14    7.5    7.5    0.14
  265 PI0          111   1 152  28   0   0   -0.08    0.15   75.4   75.4    0.13
  266 D_S+         431 198 188 155 302 306   -4.59  -24.53   19.6   31.8    1.97
  267 GAMMA         22   1 188 155   0   0   -0.48   -2.91    2.2    3.7    0.00
  268 RHO0         113 198 189 155 307 308   -0.72   -2.53    2.3    3.6    0.77
  269 GAMMA         22   1 189 155   0   0   -0.08   -0.79    0.5    0.9    0.00
  270 N           2112   1 192 157   0   0   -9.11   -1.70    9.3   13.2    0.94
  271 PI-         -211   1 192 157   0   0   -2.44   -0.56    2.1    3.3    0.14
  272 NBAR       -2112   1 193 157   0   0  -25.77   -6.72   25.7   37.0    0.94
  273 PI+          211   1 193 157   0   0   -1.97   -0.45    1.8    2.7    0.14
  274 DBAR0       -421 198 195 157 309 310 -123.38  -36.54  117.7  174.4    1.86
  275 GAMMA         22   1 195 157   0   0   -9.08   -2.84    8.7   12.9    0.00
  276 LAMBDA      3122 198 196 155 311 312   -1.11   -6.70    5.9    9.1    1.12
  277 PI-         -211   1 196 155   0   0   -0.27   -1.03    0.8    1.3    0.14
  278 LAMBDABR   -3122 198 197 155 313 314   -1.29   -4.97    3.7    6.4    1.12
  279 GAMMA         22   1 197 155   0   0   -0.14   -0.67    0.5    0.9    0.00
  280 K0           311 198 201 155 315 315   -0.81   -4.29    3.2    5.5    0.50
  281 PI+          211   1 201 155   0   0   -1.10   -4.88    4.3    6.6    0.14
  282 K_S0         310 198 212  19 316 317    6.54    1.80  -51.9   52.3    0.50
  283 NBAR       -2112   1 215  19   0   0    4.17    5.78  -61.3   61.8    0.94
  284 PI0          111   1 215  19   0   0    0.35    0.53   -6.2    6.2    0.13
  285 PI+          211   1 229  13   0   0   -0.23   -0.14 -130.6  130.6    0.14
  286 PI-         -211   1 229  13   0   0    0.04    0.04 -169.5  169.5    0.14
  287 PI0          111   1 229  13   0   0    0.22    0.10 -178.2  178.2    0.13
  288 PI+          211   1 233  13   0   0   -0.15   -0.78 -927.5  927.5    0.14
  289 PI0          111   1 233  13   0   0   -0.06    0.12 -115.1  115.1    0.13
  290 LAMBDA      3122 198 240  19 318 319    3.35    3.61  -40.1   40.4    1.12
  291 GAMMA         22   1 240  19   0   0    0.49    0.51   -5.6    5.6    0.00
  292 PI+          211   1 244  19   0   0   -0.03    0.02   -1.2    1.2    0.14
  293 PI-         -211   1 244  19   0   0   -0.87   -0.33   -5.1    5.1    0.14
  294 PI0          111   1 244  19   0   0   -0.30    0.05   -1.2    1.2    0.13
  295 K_S0         310 198 254  28 320 321    0.02   -0.29   31.7   31.7    0.50
  296 K_S0         310 198 256  28 322 323   -0.38    0.04   62.6   62.6    0.50
  297 P           2212   1 258  28   0   0    0.39    0.20   58.0   58.0    0.94
  298 PI-         -211   1 258  28   0   0    0.09    0.15   15.9   15.9    0.14
  299 PBAR       -2212   1 260  28   0   0   -0.80    0.04   90.3   90.3    0.94
  300 PI+          211   1 260  28   0   0   -0.01    0.02   12.5   12.5    0.14
  301 K_S0         310 198 262  28 324 325   -0.20    0.23  210.4  210.4    0.50
  302 PI+          211   1 266 155   0   0   -1.11   -4.99    4.1    6.5    0.14
  303 PI-         -211   1 266 155   0   0   -0.61   -4.20    3.8    5.7    0.14
  304 PI-         -211   1 266 155   0   0   -0.45   -2.41    1.7    3.0    0.14
  305 PI+          211   1 266 155   0   0   -0.78   -4.74    3.8    6.1    0.14
  306 RHO+         213 198 266 155 326 327   -1.65   -8.19    6.3   10.5    0.77
  307 PI+          211   1 268 155   0   0    0.09   -0.55    0.3    0.6    0.14
  308 PI-         -211   1 268 155   0   0   -0.81   -1.98    2.0    2.9    0.14
  309 K*0          313 198 274 157 328 329  -74.04  -21.23   70.1  104.2    0.90
  310 PI0          111   1 274 157   0   0  -49.34  -15.31   47.6   70.2    0.13
  311 N           2112   1 276 155   0   0   -0.81   -5.41    4.8    7.4    0.94
  312 PI0          111   1 276 155   0   0   -0.30   -1.29    1.1    1.7    0.13
  313 PBAR       -2212   1 278 155   0   0   -1.16   -4.11    3.0    5.3    0.94
  314 PI+          211   1 278 155   0   0   -0.13   -0.86    0.7    1.1    0.14
  315 K_L0         130   1 280 155   0   0   -0.81   -4.29    3.2    5.5    0.50
  316 PI0          111   1 282  19   0   0    5.96    1.66  -47.6   48.0    0.13
  317 PI0          111   1 282  19   0   0    0.57    0.14   -4.3    4.4    0.13
  318 P           2212   1 290  19   0   0    2.57    2.85  -31.0   31.3    0.94
  319 PI-         -211   1 290  19   0   0    0.78    0.76   -9.1    9.2    0.14
  320 PI+          211   1 295  28   0   0    0.11   -0.14   25.9   25.9    0.14
  321 PI-         -211   1 295  28   0   0   -0.09   -0.15    5.8    5.8    0.14
  322 PI0          111   1 296  28   0   0   -0.45    0.01   50.2   50.2    0.13
  323 PI0          111   1 296  28   0   0    0.07    0.03   12.3   12.3    0.13
  324 PI+          211   1 301  28   0   0   -0.30    0.17  108.0  108.0    0.14
  325 PI-         -211   1 301  28   0   0    0.11    0.07  102.4  102.4    0.14
  326 PI+          211   1 306 155   0   0   -0.38   -3.57    2.5    4.4    0.14
  327 PI0          111   1 306 155   0   0   -1.27   -4.63    3.8    6.1    0.13
  328 K+           321   1 309 157   0   0  -55.73  -15.75   52.9   78.5    0.49
  329 PI-         -211   1 309 157   0   0  -18.31   -5.49   17.2   25.7    0.14



 EVENT       2: 6500.00 GEV/C P        ON  6500.00 GEV/C P        PROCESS:-18000
 SEEDS:  1358108306 &   445582098   STATUS:  100 ERROR:   0  WEIGHT: -5.8959E-04


                               ---INITIAL STATE---    

 IHEP    ID      IDPDG IST MO1 MO2 DA1 DA2   P-X     P-Y     P-Z  ENERGY    MASS
    1 P           2212 101   0   0   0   0    0.00    0.00 6500.0 6500.0    0.94
    2 P           2212 102   0   0   0   0    0.00    0.00-6500.0 6500.0    0.94
    3 CMF            0 103   1   2   0   0    0.00    0.00    0.013000.013000.00

                              ---HARD SUBPROCESS---   

 IHEP    ID      IDPDG IST MO1 MO2 DA1 DA2   P-X     P-Y     P-Z  ENERGY    MASS
    4 DQRK           1 121   6   8  10   9    0.00    0.00 1582.2 1582.2    0.32
    5 UQRK           2 122   6   9  14   8   -0.00   -0.00-2648.8 2648.8    0.32
    6 HARD           0 120   4   5   7   9   -0.96    0.73-1066.6 4230.9 4094.29
    7 HIGGS         25 123   6   7  20   7 -102.54 -185.73 -480.4  539.8  125.00
    8 DQRK           1 124   6   5  21   4   57.87   84.10-2135.5 2137.9    0.32
    9 UQRK           2 124   6   4  26   5   44.68  101.63 1549.2 1553.2    0.32

                              ---PARTON SHOWERS---    

 IHEP    ID      IDPDG IST MO1 MO2 DA1 DA2   P-X     P-Y     P-Z  ENERGY    MASS
   10 DQRK          94 141   4   6  12  13    1.22   -2.36 1582.2 1582.2   -5.68
   11 CONE           0 100   4   9   0   0    0.40    0.92    9.9   10.0    0.00
   12 GLUON         21   2  10  13  30  31   -1.22    2.36  473.2  473.2    0.75
   13 UU          2203   2  10  23  32  31    0.00    0.00 4444.7 4444.7    0.32
   14 UQRK          94 142   5   6  16  19   -2.18    3.09-2648.8 2648.8  -14.78
   15 CONE           0 100   5   8   0   0    0.57    0.82  -16.3   16.4    0.00
   16 GLUON         21   2  14  17  33  34   -0.49    0.44  -20.2   20.3    0.75
   17 GLUON         21   2  14  18  35  36    1.85   -1.60 -284.6  284.6    0.75
   18 GLUON         21   2  14  19  37  38    0.83   -1.93-1043.8 1043.8    0.75
   19 UD          2101   2  14  28  39  38    0.00    0.00-2502.5 2502.5    0.32
   20 HIGGS         25 195   7   6 125 126 -102.66 -185.63 -480.4  539.8  125.00
   21 DQRK          94 144   8   6  23  25   57.38   84.46-2135.4 2138.0   27.93
   22 CONE           0 100   8   5   0   0   -0.19   -0.28  -13.7   13.7    0.00
   23 DQRK           1   2  21  24  40  32   30.29   60.56-1186.6 1188.5    0.32
   24 GLUON         21   2  21  25  41  42   11.95    8.93 -394.7  395.0    0.75
   25 GLUON         21   2  21  33  43  44   15.14   14.97 -554.1  554.5    0.75
   26 UQRK          94 144   9   6  28  29   44.32  101.89 1549.1 1553.2   15.42
   27 CONE           0 100   9   4   0   0   -0.12   -0.27    9.9    9.9    0.00
   28 UQRK           2   2  26  29  45  39   41.70  100.82 1493.9 1497.9    0.32
   29 GLUON         21   2  26  30  46  47    2.62    1.07   55.2   55.3    0.75

                              ---GLUON SPLITTING---   

 IHEP    ID      IDPDG IST MO1 MO2 DA1 DA2   P-X     P-Y     P-Z  ENERGY    MASS
   30 UBAR          -2 158  10  31  84  63   -0.27    0.47  115.3  115.3    0.32
   31 UQRK           2 158  10  52  68  30   -0.60    1.23  234.1  234.1    0.32
   32 UU          2203 161  10  40  77  49   -0.01    0.02 3099.9 3099.9    0.64
   33 DBAR          -1 158  14  34  82  59   -0.25    0.23  -11.9   11.9    0.32
   34 DQRK           1 158  14  35  69  33   -0.08    0.16   -5.2    5.2    0.32
   35 UBAR          -2 158  14  36  69  34    1.36   -1.03 -184.4  184.4    0.32
   36 UQRK           2 158  14  37  70  35    0.49   -0.57 -100.2  100.2    0.32
   37 UBAR          -2 158  14  38  70  36    0.67   -1.12 -651.2  651.2    0.32
   38 UQRK           2 158  14  50  71  37    0.06   -0.30 -265.5  265.5    0.32
   39 UD          2101 162  14  45  78  51    0.02   -0.09-1645.2 1645.2    0.64
   40 DQRK           1 158  21  56  72  32   19.63   39.24 -768.9  770.2    0.32
   41 UBAR          -2 158  21  42  80  55    7.85    5.92 -260.6  260.7    0.32
   42 UQRK           2 158  21  43  73  41    2.97    2.17  -97.0   97.0    0.32
   43 UBAR          -2 158  21  44  73  42    8.84    8.50 -321.2  321.4    0.32
   44 UQRK           2 158  21  58  74  43    5.51    5.65 -203.5  203.6    0.32
   45 UQRK           2 158  26  60  75  39    9.87   23.85  353.4  354.4    0.32
   46 UBAR          -2 158  26  47  86  67    0.59    0.51   14.1   14.2    0.32
   47 UQRK           2 158  26  62  76  46    1.43    0.44   29.7   29.7    0.32
   48 DBAR          -1 159  10  49  79  53   -0.01    0.02  892.3  892.3    0.32
   49 DQRK           1 159  10  32  77  48   -0.13    0.26  103.8  103.8    0.32
   50 DBAR          -1 159  14  51  71  38    0.01   -0.06 -716.6  716.6    0.32
   51 DQRK           1 159  14  39  78  50    0.07   -0.36 -267.8  267.8    0.32
   52 DBAR          -1 159  10  53  68  31   -0.08    0.17  118.1  118.1    0.32
   53 DQRK           1 159  10  48  79  52   -0.02    0.05  319.6  319.6    0.32
   54 SBAR          -3 159  21  55  81  57    1.09    1.18  -38.0   38.1    0.50
   55 SQRK           3 159  21  41  80  54    1.52    2.82  -58.5   58.6    0.50
   56 SBAR          -3 159  21  57  72  40    2.24    4.35  -87.2   87.3    0.50
   57 SQRK           3 159  21  54  81  56    6.93   13.80 -271.1  271.5    0.50
   58 UBAR          -2 159  14  59  74  44    0.17    0.31  -12.3   12.3    0.32
   59 UQRK           2 159  21  33  82  58    0.46    0.55  -20.2   20.2    0.32
   60 SBAR          -3 159  26  61  75  45    1.72    4.00   60.4   60.5    0.50
   61 SQRK           3 159  26  64  83  60   16.45   39.76  589.2  590.8    0.50
   62 UBAR          -2 159  10  63  76  47    0.00    0.12   27.1   27.1    0.32
   63 UQRK           2 159  26  30  84  62    0.18    0.10   12.7   12.7    0.32
   64 UBAR          -2 159  26  65  83  61    5.31   12.82  190.2  190.7    0.32
   65 UQRK           2 159  26  66  85  64    7.58   18.31  271.4  272.1    0.32
   66 DBAR          -1 159  26  67  85  65    0.54    1.04   17.4   17.5    0.32
   67 DQRK           1 159  26  46  86  66    0.56    1.09   18.0   18.1    0.32

                             ---CLUSTER FORMATION---  

 IHEP    ID      IDPDG IST MO1 MO2 DA1 DA2   P-X     P-Y     P-Z  ENERGY    MASS
   68 CLUS          91 183  31  52  87  88   -0.69    1.40  352.3  352.3    0.98
   69 CLUS          91 183  34  35  89  90    1.28   -0.86 -189.6  189.6    2.38
   70 CLUS          91 183  36  37  91  92    1.16   -1.70 -751.4  751.4    1.70
   71 CLUS          91 183  38  50  93  94    0.07   -0.35 -982.1  982.1    0.86
   72 CLUS          91 183  40  56  95  96   21.87   43.58 -856.1  857.5    1.63
   73 CLUS          91 183  42  43  97  98   11.81   10.68 -418.2  418.5    1.18
   74 CLUS          91 183  44  58  99 100    5.68    5.97 -215.8  215.9    1.53
   75 CLUS          91 183  45  60 101 102   11.59   27.84  413.8  414.9    1.37
   76 CLUS          91 183  47  62 103 104    1.44    0.56   56.8   56.8    1.54
   77 CLUS          91 184  49  32 105 106   -0.14    0.28 3203.7 3203.7    2.48
   78 CLUS          91 185  51  39 107 108    0.09   -0.45-1913.0 1913.0    1.40
   79 CLUS          91 183  53  48 109 110   -0.03    0.06 1211.9 1211.9    0.73
   80 CLUS          91 183  55  41 111 112    9.37    8.74 -319.1  319.4    3.42
   81 CLUS          91 183  57  54 113 114    8.02   14.99 -309.2  309.6    2.54
   82 CLUS          91 183  59  33 115 116    0.21    0.78  -32.1   32.2    0.96
   83 CLUS          91 183  61  64 117 118   21.76   52.58  779.4  781.5    0.87
   84 CLUS          91 183  63  30 119 120   -0.09    0.57  128.0  128.0    1.25
   85 CLUS          91 183  65  66 121 122    8.12   19.35  288.8  289.6    1.46
   86 CLUS          91 183  67  46 123 124    1.14    1.60   32.2   32.2    0.78

                              ---CLUSTER DECAYS---    

 IHEP    ID      IDPDG IST MO1 MO2 DA1 DA2   P-X     P-Y     P-Z  ENERGY    MASS
   87 PI+          211   1  68  10   0   0   -0.57    0.82  127.9  127.9    0.14
   88 PI0          111   1  68  10   0   0   -0.11    0.58  224.4  224.4    0.13
   89 K*0          313 197  69  14 235 236    0.60   -0.58  -76.6   76.6    0.90
   90 K*_2-       -325 197  69  14 237 239    0.67   -0.28 -113.0  113.0    1.43
   91 F_2          225 197  70  14 240 241    0.58   -1.35 -606.7  606.7    1.27
   92 PI0          111   1  70  14   0   0    0.57   -0.35 -144.7  144.7    0.13
   93 PI0          111   1  71  14   0   0    0.08   -0.54 -397.5  397.5    0.13
   94 PI+          211   1  71  14   0   0   -0.01    0.18 -584.6  584.6    0.14
   95 PI-         -211   1  72  21   0   0   15.19   30.37 -595.2  596.2    0.14
   96 K*+          323 197  72  21 242 243    6.68   13.21 -260.9  261.3    0.89
   97 PI+          211   1  73  21   0   0    3.75    3.16 -142.4  142.4    0.14
   98 PI-         -211   1  73  21   0   0    8.06    7.51 -275.8  276.0    0.14
   99 ETA          221 197  74  21 244 246    3.90    3.87 -144.5  144.7    0.55
  100 RHO0         113 197  74  21 247 248    1.78    2.09  -71.2   71.3    0.77
  101 OMEGA        223 197  75  26 249 251    8.96   21.59  320.5  321.3    0.78
  102 K+           321   1  75  26   0   0    2.63    6.25   93.3   93.6    0.49
  103 PI+          211   1  76  26   0   0    0.29    0.25   31.2   31.2    0.14
  104 RHO-        -213 197  76  26 252 253    1.14    0.31   25.6   25.6    0.77
  105 RHO-        -213 197  77  10 254 255   -0.21    0.82 1329.5 1329.5    0.77
  106 DELTA++     2224 197  77  10 256 257    0.07   -0.54 1874.3 1874.3    1.23
  107 PI0          111   1  78  14   0   0   -0.03    0.03 -899.0  899.0    0.13
  108 N           2112   1  78  14   0   0    0.12   -0.48-1014.0 1014.0    0.94
  109 PI-         -211   1  79  10   0   0   -0.32    0.02  865.6  865.6    0.14
  110 PI+          211   1  79  10   0   0    0.29    0.04  346.3  346.3    0.14
  111 XI0         3322 197  80  21 258 259    5.87    6.59 -210.4  210.5    1.31
  112 SGMA*BR-   -3224 197  80  21 260 261    3.50    2.15 -108.7  108.8    1.38
  113 SIGMA0      3212 197  81  21 262 263    3.39    6.13 -121.4  121.6    1.19
  114 SIGMABR0   -3212 197  81  21 264 265    4.62    8.86 -187.8  188.0    1.19
  115 OMEGA        223 197  82  21 266 268    0.08    0.66  -26.5   26.5    0.78
  116 PI+          211   1  82  21   0   0    0.14    0.12   -5.6    5.6    0.14
  117 K-          -321   1  83  26   0   0    8.74   20.71  308.5  309.3    0.49
  118 PI0          111   1  83  26   0   0   13.03   31.87  470.9  472.1    0.13
  119 RHO+         213 197  84  26 269 270    0.09    0.15  101.5  101.5    0.77
  120 PI-         -211   1  84  26   0   0   -0.18    0.42   26.6   26.6    0.14
  121 ETA          221 197  85  26 271 272    3.43    8.95  131.2  131.5    0.55
  122 RHO+         213 197  85  26 273 274    4.69   10.40  157.6  158.0    0.77
  123 PI0          111   1  86  26   0   0    0.72    1.31   27.1   27.2    0.13
  124 PI-         -211   1  86  26   0   0    0.42    0.29    5.1    5.1    0.14

                            ---H/W/Z BOSON DECAYS---  

 IHEP    ID      IDPDG IST MO1 MO2 DA1 DA2   P-X     P-Y     P-Z  ENERGY    MASS
  125 BQRK           5 123  20 126 127 126  -18.31 -121.03 -155.5  198.0    4.95
  126 BBAR          -5 124  20 125 129 125  -84.35  -64.60 -324.8  341.8    4.95

                              ---PARTON SHOWERS---    

 IHEP    ID      IDPDG IST MO1 MO2 DA1 DA2   P-X     P-Y     P-Z  ENERGY    MASS
  127 BQRK          94 143 125  20 128 128  -18.31 -121.03 -155.5  198.0    4.95
  128 BQRK           5   2 127 130 131 130  -18.31 -121.03 -155.5  198.0    4.95
  129 BBAR          94 144 126  20 130 130  -84.35  -64.60 -324.8  341.8    4.95
  130 BBAR          -5   2 129 131 132 131  -84.35  -64.60 -324.8  341.8    4.95

                              ---GLUON SPLITTING---   

 IHEP    ID      IDPDG IST MO1 MO2 DA1 DA2   P-X     P-Y     P-Z  ENERGY    MASS
  131 BQRK           5 158 127 139 173 132   -7.35  -46.85  -61.0   77.5    4.95
  132 BBAR          -5 158 129 131 191 168  -34.25  -26.58 -132.2  139.2    4.95
  133 UBAR          -2 159 129 134 193 172   -3.71   -2.85  -14.3   15.0    0.32
  134 UQRK           2 159 127 143 174 133   -1.02   -6.72   -8.6   11.0    0.32
  135 UBAR          -2 159 129 136 176 138   -3.58   -2.75  -13.8   14.5    0.32
  136 UQRK           2 159 127 151 175 135   -5.00  -33.28  -42.7   54.3    0.32
  137 UBAR          -2 159 129 138 177 140   -0.68   -0.61   -2.7    2.9    0.32
  138 UQRK           2 159 127 135 176 137   -0.20   -0.77   -1.3    1.5    0.32
  139 DBAR          -1 159 129 140 173 131   -0.21   -0.59   -1.2    1.4    0.32
  140 DQRK           1 159 127 137 177 139   -0.32   -1.92   -2.6    3.2    0.32
  141 DBAR          -1 159 129 142 192 170   -5.91   -4.53  -22.8   24.0    0.32
  142 DQRK           1 159 127 157 178 141   -0.22   -1.06   -1.6    1.9    0.32
  143 SBAR          -3 159 129 144 174 134   -0.86   -0.83   -3.5    3.7    0.50
  144 SQRK           3 159 127 159 179 143   -0.33   -1.48   -2.2    2.7    0.50
  145 SBAR          -3 159 129 146 190 166   -4.39   -3.38  -16.9   17.8    0.50
  146 SQRK           3 159 127 163 180 145   -1.31   -8.57  -11.0   14.0    0.50
  147 UBAR          -2 159 129 148 182 150   -0.45   -0.48   -1.8    2.0    0.32
  148 UQRK           2 159 127 165 181 147   -0.49   -3.12   -4.1    5.2    0.32
  149 UBAR          -2 159 129 150 183 152   -0.52   -0.52   -2.1    2.2    0.32
  150 UQRK           2 159 127 147 182 149   -0.36   -2.18   -2.9    3.6    0.32
  151 UBAR          -2 159 129 152 175 136   -0.22   -1.04   -1.5    1.9    0.32
  152 UQRK           2 159 127 149 183 151   -0.29   -1.66   -2.2    2.8    0.32
  153 DBAR          -1 159 129 154 185 156   -7.78   -5.95  -30.0   31.5    0.32
  154 DQRK           1 159 127 167 184 153   -0.43   -0.48   -1.8    1.9    0.32
  155 DBAR          -1 159 129 156 186 158   -5.23   -4.01  -20.1   21.2    0.32
  156 DQRK           1 159 127 153 185 155   -4.41   -3.38  -17.0   17.9    0.32
  157 DBAR          -1 159 129 158 178 142   -2.33   -1.81   -9.0    9.5    0.32
  158 DQRK           1 159 127 155 186 157   -1.52   -1.20   -5.9    6.2    0.32
  159 DBAR          -1 159 129 160 179 144   -0.24   -0.50   -1.2    1.3    0.32
  160 DQRK           1 159 127 169 187 159   -0.22   -1.10   -1.6    2.0    0.32
  161 SBAR          -3 159 129 162 189 164   -0.71   -0.76   -2.9    3.1    0.50
  162 SQRK           3 159 127 171 188 161   -0.32   -1.40   -2.2    2.6    0.50
  163 UBAR          -2 159 129 164 180 146   -0.31   -0.45   -1.4    1.5    0.32
  164 UQRK           2 159 127 161 189 163   -0.64   -4.14   -5.3    6.8    0.32
  165 DBAR          -1 159 129 166 181 148   -0.20   -0.72   -1.2    1.5    0.32
  166 DQRK           1 159 127 145 190 165   -0.26   -1.45   -2.0    2.5    0.32
  167 UBAR          -2 159 129 168 184 154   -3.06   -2.36  -11.8   12.4    0.32
  168 UQRK           2 159 127 132 191 167   -1.00   -0.82   -3.9    4.1    0.32
  169 DBAR          -1 159 129 170 187 160   -0.63   -0.58   -2.5    2.7    0.32
  170 DQRK           1 159 127 141 192 169   -0.20   -0.77   -1.3    1.5    0.32
  171 UBAR          -2 159 129 172 188 162   -1.30   -1.04   -5.1    5.3    0.32
  172 UQRK           2 159 127 133 193 171   -0.21   -0.95   -1.4    1.8    0.32

                             ---CLUSTER FORMATION---  

 IHEP    ID      IDPDG IST MO1 MO2 DA1 DA2   P-X     P-Y     P-Z  ENERGY    MASS
  173 CLUS          91 183 131 139 194 195   -7.56  -47.44  -62.2   78.8    5.89
  174 CLUS          91 183 134 143 196 197   -1.88   -7.55  -12.1   14.7    2.98
  175 CLUS          91 183 136 151 198 199   -5.22  -34.31  -44.2   56.2    1.92
  176 CLUS          91 183 138 135 200 201   -3.78   -3.52  -15.1   16.1    2.00
  177 CLUS          91 183 140 137 202 203   -1.00   -2.53   -5.2    6.1    1.46
  178 CLUS          91 183 142 157 204 205   -2.55   -2.87  -10.5   11.4    1.95
  179 CLUS          91 183 144 159 206 207   -0.57   -1.98   -3.4    4.1    0.90
  180 CLUS          91 183 146 163 208 209   -1.62   -9.03  -12.4   15.6    1.98
  181 CLUS          91 183 148 165 210 211   -0.69   -3.84   -5.3    6.6    0.85
  182 CLUS          91 183 150 147 212 213   -0.80   -2.66   -4.7    5.6    1.27
  183 CLUS          91 183 152 149 214 215   -0.81   -2.17   -4.3    5.1    1.21
  184 CLUS          91 183 154 167 216 217   -3.50   -2.83  -13.6   14.3    0.99
  185 CLUS          91 183 156 153 218 219  -12.19   -9.33  -47.0   49.4    0.67
  186 CLUS          91 183 158 155 220 221   -6.74   -5.20  -26.0   27.4    0.77
  187 CLUS          91 183 160 169 222 223   -0.85   -1.68   -4.1    4.6    1.10
  188 CLUS          91 183 162 171 224 225   -1.63   -2.44   -7.2    8.0    1.72
  189 CLUS          91 183 164 161 226 227   -1.34   -4.89   -8.2    9.9    2.14
  190 CLUS          91 183 166 145 228 229   -4.59   -4.81  -18.7   20.1    3.14
  191 CLUS          91 183 168 132 230 230  -35.31  -27.43 -136.3  143.5    5.28
  192 CLUS          91 183 170 141 231 232   -6.11   -5.29  -24.0   25.5    2.55
  193 CLUS          91 183 172 133 233 234   -3.92   -3.80  -15.7   16.8    2.30

                              ---CLUSTER DECAYS---    

 IHEP    ID      IDPDG IST MO1 MO2 DA1 DA2   P-X     P-Y     P-Z  ENERGY    MASS
  194 B_DBAR0     -511 200 173 127 275 275   -7.44  -47.24  -61.7   78.2    5.28
  195 PI0          111   1 173 127   0   0   -0.11   -0.20   -0.5    0.6    0.13
  196 SIGMA*+     3224 197 174 127 276 277   -0.71   -3.20   -4.7    5.9    1.38
  197 XI*BAR     -3324 197 174 127 278 279   -1.17   -4.35   -7.4    8.8    1.53
  198 A_2+         215 197 175 127 280 281   -5.05  -30.66  -39.5   50.3    1.32
  199 PI-         -211   1 175 127   0   0   -0.17   -3.65   -4.7    6.0    0.14
  200 PI_2+      10215 197 176 127 282 283   -2.82   -2.74  -12.2   12.9    1.67
  201 PI-         -211   1 176 127   0   0   -0.97   -0.78   -2.9    3.1    0.14
  202 RHO-        -213 197 177 127 284 285   -0.96   -2.08   -5.0    5.6    0.77
  203 PI0          111   1 177 127   0   0   -0.04   -0.45   -0.2    0.5    0.13
  204 RHO-        -213 197 178 127 286 287   -1.25   -1.22   -3.4    3.9    0.77
  205 RHO+         213 197 178 127 288 289   -1.30   -1.65   -7.2    7.5    0.77
  206 K-          -321   1 179 127   0   0   -0.31   -1.36   -1.8    2.3    0.49
  207 PI+          211   1 179 127   0   0   -0.26   -0.62   -1.6    1.8    0.14
  208 KL_1-     -10323 197 180 127 290 291   -1.33   -7.71  -11.1   13.7    1.57
  209 PI0          111   1 180 127   0   0   -0.29   -1.32   -1.3    1.9    0.13
  210 PI+          211   1 181 127   0   0    0.14   -1.29   -1.6    2.1    0.14
  211 PI0          111   1 181 127   0   0   -0.82   -2.55   -3.7    4.6    0.13
  212 PI+          211   1 182 127   0   0   -0.01   -1.08   -1.3    1.7    0.14
  213 RHO-        -213 197 182 127 292 293   -0.79   -1.59   -3.4    3.9    0.77
  214 OMEGA        223 197 183 127 294 296   -0.60   -1.89   -4.1    4.6    0.78
  215 PI0          111   1 183 127   0   0   -0.21   -0.29   -0.2    0.5    0.13
  216 PI-         -211   1 184 127   0   0   -1.20   -0.84   -4.3    4.6    0.14
  217 RHO0         113 197 184 127 297 298   -2.30   -1.99   -9.3    9.8    0.77
  218 PI0          111   1 185 127   0   0   -9.18   -6.89  -34.3   36.2    0.13
  219 PI0          111   1 185 127   0   0   -3.02   -2.45  -12.6   13.2    0.13
  220 PI0          111   1 186 127   0   0   -3.12   -2.78  -12.1   12.8    0.13
  221 PI0          111   1 186 127   0   0   -3.63   -2.43  -13.9   14.6    0.13
  222 RHO-        -213 197 187 127 299 300   -0.86   -1.63   -4.0    4.5    0.77
  223 PI+          211   1 187 127   0   0    0.01   -0.04   -0.1    0.2    0.14
  224 K*BAR0      -313 197 188 127 301 302   -0.80   -1.39   -4.3    4.7    0.90
  225 RHO-        -213 197 188 127 303 304   -0.82   -1.05   -2.9    3.3    0.77
  226 RHO0         113 197 189 127 305 306    0.26   -1.32   -2.6    3.0    0.77
  227 K+           321   1 189 127   0   0   -1.60   -3.57   -5.6    6.9    0.49
  228 K0           311 197 190 127 307 307   -3.11   -2.63  -11.3   12.1    0.50
  229 PHI_3        337 197 190 127 308 309   -1.48   -2.19   -7.4    8.1    1.85
  230 B+           521 199 191 127 374 375  -35.31  -27.43 -136.3  143.5    5.28
  231 DELTA+      2214 197 192 127 310 311   -3.77   -2.99  -14.3   15.1    1.23
  232 DELTABR-   -2214 197 192 127 312 313   -2.34   -2.30   -9.7   10.4    1.23
  233 A_20         115 197 193 127 314 315   -2.89   -2.89  -12.4   13.2    1.32
  234 RHO0         113 197 193 127 316 317   -1.03   -0.91   -3.3    3.7    0.77

                           ---STRONG HADRON DECAYS--- 

 IHEP    ID      IDPDG IST MO1 MO2 DA1 DA2   P-X     P-Y     P-Z  ENERGY    MASS
  235 K0           311 198  89  14 318 318    0.61   -0.36  -69.3   69.3    0.50
  236 PI0          111   1  89  14   0   0   -0.00   -0.22   -7.3    7.3    0.13
  237 K*-         -323 198  90  14 319 320    0.54   -0.14  -86.5   86.5    0.89
  238 PI+          211   1  90  14   0   0    0.05    0.11  -13.7   13.7    0.14
  239 PI-         -211   1  90  14   0   0    0.08   -0.26  -12.8   12.8    0.14
  240 PI0          111   1  91  14   0   0    0.71   -0.23 -312.6  312.6    0.13
  241 PI0          111   1  91  14   0   0   -0.13   -1.12 -294.1  294.1    0.13
  242 K0           311 198  96  21 321 321    4.72    9.72 -194.2  194.5    0.50
  243 PI+          211   1  96  21   0   0    1.95    3.49  -66.7   66.8    0.14
  244 PI0          111   1  99  21   0   0    0.54    0.54  -21.1   21.1    0.13
  245 PI0          111   1  99  21   0   0    2.74    2.73 -101.9  102.0    0.13
  246 PI0          111   1  99  21   0   0    0.63    0.60  -21.6   21.6    0.13
  247 PI+          211   1 100  21   0   0    1.32    1.90  -54.8   54.9    0.14
  248 PI-         -211   1 100  21   0   0    0.46    0.19  -16.4   16.4    0.14
  249 PI+          211   1 101  26   0   0    2.81    6.23   93.2   93.4    0.14
  250 PI-         -211   1 101  26   0   0    2.36    6.21   93.4   93.6    0.14
  251 PI0          111   1 101  26   0   0    3.79    9.15  133.9  134.3    0.13
  252 PI-         -211   1 104  26   0   0    1.17    0.16   23.4   23.4    0.14
  253 PI0          111   1 104  26   0   0   -0.02    0.14    2.2    2.2    0.13
  254 PI-         -211   1 105  10   0   0   -0.42    0.28  766.3  766.3    0.14
  255 PI0          111   1 105  10   0   0    0.21    0.54  563.1  563.1    0.13
  256 P           2212   1 106  10   0   0    0.15   -0.25 1194.1 1194.1    0.94
  257 PI+          211   1 106  10   0   0   -0.08   -0.29  680.2  680.2    0.14
  258 LAMBDA      3122 198 111  21 322 323    5.11    5.54 -178.4  178.5    1.12
  259 PI0          111   1 111  21   0   0    0.77    1.05  -32.0   32.0    0.13
  260 LAMBDABR   -3122 198 112  21 324 325    2.71    1.83  -83.0   83.1    1.12
  261 PI-         -211   1 112  21   0   0    0.79    0.32  -25.7   25.7    0.14
  262 LAMBDA      3122 198 113  21 326 327    3.21    5.88 -115.1  115.3    1.12
  263 GAMMA         22   1 113  21   0   0    0.18    0.25   -6.3    6.3    0.00
  264 LAMBDABR   -3122 198 114  21 328 329    4.62    8.82 -186.4  186.7    1.12
  265 GAMMA         22   1 114  21   0   0    0.01    0.04   -1.4    1.4    0.00
  266 PI+          211   1 115  21   0   0    0.10    0.13  -15.3   15.3    0.14
  267 PI-         -211   1 115  21   0   0    0.07    0.37   -6.1    6.1    0.14
  268 PI0          111   1 115  21   0   0   -0.09    0.16   -5.1    5.1    0.13
  269 PI+          211   1 119  26   0   0   -0.01    0.22   95.2   95.2    0.14
  270 PI0          111   1 119  26   0   0    0.10   -0.08    6.3    6.3    0.13
  271 GAMMA         22   1 121  26   0   0    1.79    5.05   76.5   76.7    0.00
  272 GAMMA         22   1 121  26   0   0    1.64    3.90   54.7   54.9    0.00
  273 PI+          211   1 122  26   0   0    3.01    7.15  103.3  103.6    0.14
  274 PI0          111   1 122  26   0   0    1.69    3.25   54.3   54.4    0.13
  275 B_DBAR0     -511 199 194 127 351 352   -7.44  -47.24  -61.7   78.2    5.28
  276 LAMBDA      3122 198 196 127 330 331   -0.71   -2.64   -4.2    5.1    1.12
  277 PI+          211   1 196 127   0   0    0.00   -0.56   -0.5    0.8    0.14
  278 XIBAR+     -3312 198 197 127 332 333   -1.08   -4.19   -6.9    8.3    1.32
  279 PI-         -211   1 197 127   0   0   -0.08   -0.17   -0.5    0.5    0.14
  280 RHO+         213 198 198 127 334 335   -1.70  -11.03  -14.3   18.1    0.77
  281 PI0          111   1 198 127   0   0   -3.34  -19.63  -25.2   32.1    0.13
  282 F_2          225 198 200 127 336 339   -2.60   -2.13   -9.9   10.6    1.27
  283 PI+          211   1 200 127   0   0   -0.22   -0.61   -2.3    2.4    0.14
  284 PI-         -211   1 202 127   0   0   -0.32   -0.17   -1.0    1.1    0.14
  285 PI0          111   1 202 127   0   0   -0.64   -1.91   -4.0    4.5    0.13
  286 PI-         -211   1 204 127   0   0   -0.04   -0.02   -0.1    0.2    0.14
  287 PI0          111   1 204 127   0   0   -1.21   -1.19   -3.3    3.7    0.13
  288 PI+          211   1 205 127   0   0   -1.29   -1.51   -6.0    6.3    0.14
  289 PI0          111   1 205 127   0   0   -0.01   -0.14   -1.2    1.3    0.13
  290 K-          -321   1 208 127   0   0   -0.05   -1.17   -1.7    2.1    0.49
  291 RHO0         113 198 208 127 340 341   -1.28   -6.53   -9.4   11.5    0.77
  292 PI-         -211   1 213 127   0   0   -0.72   -1.51   -2.7    3.1    0.14
  293 PI0          111   1 213 127   0   0   -0.07   -0.07   -0.8    0.8    0.13
  294 PI+          211   1 214 127   0   0   -0.16   -0.61   -0.9    1.1    0.14
  295 PI-         -211   1 214 127   0   0   -0.47   -1.03   -2.8    3.0    0.14
  296 PI0          111   1 214 127   0   0    0.03   -0.25   -0.4    0.5    0.13
  297 PI+          211   1 217 127   0   0   -0.57   -0.86   -3.7    3.9    0.14
  298 PI-         -211   1 217 127   0   0   -1.72   -1.13   -5.5    5.9    0.14
  299 PI-         -211   1 222 127   0   0   -0.50   -0.39   -1.8    1.9    0.14
  300 PI0          111   1 222 127   0   0   -0.36   -1.25   -2.2    2.5    0.13
  301 K-          -321   1 224 127   0   0   -0.51   -0.88   -3.5    3.7    0.49
  302 PI+          211   1 224 127   0   0   -0.29   -0.51   -0.8    1.0    0.14
  303 PI-         -211   1 225 127   0   0   -0.91   -0.71   -2.3    2.6    0.14
  304 PI0          111   1 225 127   0   0    0.08   -0.34   -0.6    0.7    0.13
  305 PI+          211   1 226 127   0   0    0.36   -1.20   -2.5    2.8    0.14
  306 PI-         -211   1 226 127   0   0   -0.10   -0.12   -0.1    0.2    0.14
  307 K_S0         310 198 228 127 342 343   -3.11   -2.63  -11.3   12.1    0.50
  308 K+           321   1 229 127   0   0   -0.03   -1.06   -1.7    2.1    0.49
  309 K-          -321   1 229 127   0   0   -1.45   -1.12   -5.7    6.0    0.49
  310 P           2212   1 231 127   0   0   -2.92   -2.39  -11.9   12.5    0.94
  311 PI0          111   1 231 127   0   0   -0.86   -0.60   -2.4    2.6    0.13
  312 PBAR       -2212   1 232 127   0   0   -1.55   -1.58   -6.2    6.6    0.94
  313 PI0          111   1 232 127   0   0   -0.79   -0.72   -3.6    3.7    0.13
  314 RHO+         213 198 233 127 344 345   -2.36   -2.61  -11.4   11.9    0.77
  315 PI-         -211   1 233 127   0   0   -0.53   -0.27   -1.1    1.2    0.14
  316 PI+          211   1 234 127   0   0   -1.05   -0.55   -2.6    2.8    0.14
  317 PI-         -211   1 234 127   0   0    0.01   -0.36   -0.7    0.8    0.14
  318 K_L0         130   1 235  14   0   0    0.61   -0.36  -69.3   69.3    0.50
  319 KBAR0       -311 198 237  14 346 346    0.22   -0.34  -57.2   57.2    0.50
  320 PI-         -211   1 237  14   0   0    0.33    0.20  -29.3   29.3    0.14
  321 K_S0         310 198 242  21 347 348    4.72    9.72 -194.2  194.5    0.50
  322 P           2212   1 258  21   0   0    4.21    4.45 -144.0  144.1    0.94
  323 PI-         -211   1 258  21   0   0    0.90    1.09  -34.4   34.4    0.14
  324 PBAR       -2212   1 260  21   0   0    2.22    1.49  -70.4   70.4    0.94
  325 PI+          211   1 260  21   0   0    0.49    0.34  -12.6   12.7    0.14
  326 P           2212   1 262  21   0   0    2.98    5.51 -107.1  107.3    0.94
  327 PI-         -211   1 262  21   0   0    0.23    0.37   -8.0    8.0    0.14
  328 PBAR       -2212   1 264  21   0   0    4.00    7.45 -159.4  159.6    0.94
  329 PI+          211   1 264  21   0   0    0.62    1.36  -27.0   27.0    0.14
  330 P           2212   1 276 127   0   0   -0.55   -2.31   -3.7    4.5    0.94
  331 PI-         -211   1 276 127   0   0   -0.17   -0.33   -0.5    0.6    0.14
  332 LAMBDABR   -3122 198 278 127 349 350   -0.92   -3.90   -6.5    7.7    1.12
  333 PI+          211   1 278 127   0   0   -0.16   -0.29   -0.5    0.6    0.14
  334 PI+          211   1 280 127   0   0   -0.79   -7.34   -9.4   11.9    0.14
  335 PI0          111   1 280 127   0   0   -0.91   -3.70   -4.9    6.2    0.13
  336 PI+          211   1 282 127   0   0   -0.30   -0.33   -1.1    1.2    0.14
  337 PI+          211   1 282 127   0   0   -0.56   -0.45   -2.5    2.6    0.14
  338 PI-         -211   1 282 127   0   0   -0.63   -0.07   -1.4    1.5    0.14
  339 PI-         -211   1 282 127   0   0   -1.10   -1.27   -5.0    5.3    0.14
  340 PI+          211   1 291 127   0   0   -0.46   -1.49   -2.6    3.1    0.14
  341 PI-         -211   1 291 127   0   0   -0.82   -5.04   -6.8    8.5    0.14
  342 PI0          111   1 307 127   0   0   -0.23   -0.21   -0.9    1.0    0.13
  343 PI0          111   1 307 127   0   0   -2.88   -2.42  -10.4   11.1    0.13
  344 PI+          211   1 314 127   0   0   -0.29   -0.66   -2.9    3.0    0.14
  345 PI0          111   1 314 127   0   0   -2.07   -1.95   -8.5    9.0    0.13
  346 K_L0         130   1 319  14   0   0    0.22   -0.34  -57.2   57.2    0.50
  347 PI+          211   1 321  21   0   0    0.70    1.23  -26.1   26.1    0.14
  348 PI-         -211   1 321  21   0   0    4.03    8.49 -168.1  168.4    0.14
  349 PBAR       -2212   1 332 127   0   0   -0.81   -3.31   -5.7    6.7    0.94
  350 PI+          211   1 332 127   0   0   -0.12   -0.59   -0.8    1.0    0.14

                           ---HEAVY PARTICLE DECAYS---

 IHEP    ID      IDPDG IST MO1 MO2 DA1 DA2   P-X     P-Y     P-Z  ENERGY    MASS
  351 BQRK           5 155 275 352 353 355   -6.99  -44.38  -57.9   73.5    4.96
  352 DBAR          -1 125 275 355 356 355   -0.45   -2.86   -3.7    4.7    0.32
  353 UQRK           2 123 351 354 357 354   -2.02   -9.63  -12.4   15.9    0.32
  354 UBAR          -2 124 351 353 359 353   -4.88  -26.58  -32.6   42.3    0.32
  355 DQRK           1 124 351 351 361 351   -0.09   -8.17  -12.9   15.3    0.32
  356 DBAR          -1 160 352 365 367 365   -0.45   -2.86   -3.7    4.7    0.32

                              ---PARTON SHOWERS---    

 IHEP    ID      IDPDG IST MO1 MO2 DA1 DA2   P-X     P-Y     P-Z  ENERGY    MASS
  357 UQRK          94 143 353 351 358 358   -2.02   -9.63  -12.4   15.9    0.32
  358 UQRK           2   2 357 360 363 360   -2.02   -9.63  -12.4   15.9    0.32
  359 UBAR          94 144 354 351 360 360   -4.88  -26.58  -32.6   42.3    0.32
  360 UBAR          -2   2 359 363 364 363   -4.88  -26.58  -32.6   42.3    0.32
  361 DQRK          94 144 355 351 362 362   -0.09   -8.17  -12.9   15.3    0.32
  362 DQRK           1   2 361 356 365 356   -0.09   -8.17  -12.9   15.3    0.32

                              ---GLUON SPLITTING---   

 IHEP    ID      IDPDG IST MO1 MO2 DA1 DA2   P-X     P-Y     P-Z  ENERGY    MASS
  363 UQRK           2 158 357 364 366 364   -2.02   -9.63  -12.4   15.9    0.32
  364 UBAR          -2 158 359 363 366 363   -4.88  -26.58  -32.6   42.3    0.32
  365 DQRK           1 158 361 356 367 356   -0.09   -8.17  -12.9   15.3    0.32

                             ---CLUSTER FORMATION---  

 IHEP    ID      IDPDG IST MO1 MO2 DA1 DA2   P-X     P-Y     P-Z  ENERGY    MASS
  366 CLUS          91 183 363 364 368 369   -6.90  -36.20  -45.0   58.2    1.03
  367 CLUS          91 183 365 356 370 371   -0.54  -11.04  -16.7   20.0    1.32

                              ---CLUSTER DECAYS---    

 IHEP    ID      IDPDG IST MO1 MO2 DA1 DA2   P-X     P-Y     P-Z  ENERGY    MASS
  368 PI+          211   1 366 357   0   0   -1.70   -7.72  -10.2   12.9    0.14
  369 PI-         -211   1 366 357   0   0   -5.20  -28.49  -34.8   45.3    0.14
  370 PI-         -211   1 367 361   0   0   -0.05   -5.61   -8.9   10.5    0.14
  371 RHO+         213 197 367 361 372 373   -0.49   -5.42   -7.8    9.5    0.77

                           ---STRONG HADRON DECAYS--- 

 IHEP    ID      IDPDG IST MO1 MO2 DA1 DA2   P-X     P-Y     P-Z  ENERGY    MASS
  372 PI+          211   1 371 361   0   0   -0.25   -2.54   -3.0    4.0    0.14
  373 PI0          111   1 371 361   0   0   -0.24   -2.88   -4.7    5.6    0.13

                           ---HEAVY PARTICLE DECAYS---

 IHEP    ID      IDPDG IST MO1 MO2 DA1 DA2   P-X     P-Y     P-Z  ENERGY    MASS
  374 UQRK           2 125 230 378 379 378   -2.14   -1.66   -8.3    8.7    0.32
  375 BBAR          -5 155 230 374 376 378  -33.17  -25.76 -128.0  134.8    4.96
  376 DBAR          -1 123 375 377 380 377   -8.34   -5.99  -33.8   35.3    0.32
  377 CQRK           4 124 375 376 382 376  -12.34  -10.79  -51.3   53.9    1.55
  378 CBAR          -4 124 375 375 384 375  -12.49   -8.99  -42.9   45.6    1.55
  379 UQRK           2 160 374 388 389 388   -2.14   -1.66   -8.3    8.7    0.32

                              ---PARTON SHOWERS---    

 IHEP    ID      IDPDG IST MO1 MO2 DA1 DA2   P-X     P-Y     P-Z  ENERGY    MASS
  380 DBAR          94 143 376 375 381 381   -8.34   -5.99  -33.8   35.3    0.32
  381 DBAR          -1   2 380 383 386 383   -8.34   -5.99  -33.8   35.3    0.32
  382 CQRK          94 144 377 375 383 383  -12.34  -10.79  -51.3   53.9    1.55
  383 CQRK           4   2 382 386 387 386  -12.34  -10.79  -51.3   53.9    1.55
  384 CBAR          94 144 378 375 385 385  -12.49   -8.99  -42.9   45.6    1.55
  385 CBAR          -4   2 384 379 388 379  -12.49   -8.99  -42.9   45.6    1.55

                              ---GLUON SPLITTING---   

 IHEP    ID      IDPDG IST MO1 MO2 DA1 DA2   P-X     P-Y     P-Z  ENERGY    MASS
  386 DBAR          -1 158 380 387 390 387   -8.34   -5.99  -33.8   35.3    0.32
  387 CQRK           4 158 382 386 390 386  -12.34  -10.79  -51.3   53.9    1.55
  388 CBAR          -4 158 384 379 389 379  -12.49   -8.99  -42.9   45.6    1.55

                             ---CLUSTER FORMATION---  

 IHEP    ID      IDPDG IST MO1 MO2 DA1 DA2   P-X     P-Y     P-Z  ENERGY    MASS
  389 CLUS          91 183 379 388 391 391  -14.31  -10.37  -49.7   52.8    1.86
  390 CLUS          91 183 387 386 392 393  -20.99  -17.06  -86.6   90.7    2.48

                              ---CLUSTER DECAYS---    

 IHEP    ID      IDPDG IST MO1 MO2 DA1 DA2   P-X     P-Y     P-Z  ENERGY    MASS
  391 DBAR0       -421 196 389 374 394 397  -14.31  -10.37  -49.7   52.8    1.86
  392 D0           421 197 390 382 398 402  -14.85  -12.62  -61.6   64.6    1.86
  393 PI+          211   1 390 382   0   0   -6.15   -4.44  -25.0   26.1    0.14

                           ---STRONG HADRON DECAYS--- 

 IHEP    ID      IDPDG IST MO1 MO2 DA1 DA2   P-X     P-Y     P-Z  ENERGY    MASS
  394 NU_MUBAR     -14   1 391 374   0   0   -2.09   -1.12   -6.5    6.9    0.00
  395 MU-           13   1 391 374   0   0   -1.87   -1.91   -7.0    7.5    0.11
  396 K0           311 198 391 374 403 403   -5.87   -3.92  -20.6   21.7    0.50
  397 PI+          211   1 391 374   0   0   -4.48   -3.42  -15.7   16.7    0.14
  398 KBAR0       -311 198 392 382 404 404   -5.71   -4.34  -21.6   22.8    0.50
  399 PI+          211   1 392 382   0   0   -2.81   -2.22  -12.0   12.5    0.14
  400 PI-         -211   1 392 382   0   0   -3.37   -3.30  -14.9   15.7    0.14
  401 PI0          111   1 392 382   0   0   -0.42   -0.37   -2.1    2.2    0.13
  402 PI0          111   1 392 382   0   0   -2.54   -2.38  -10.9   11.4    0.13
  403 K_S0         310 198 396 374 405 406   -5.87   -3.92  -20.6   21.7    0.50
  404 K_L0         130   1 398 382   0   0   -5.71   -4.34  -21.6   22.8    0.50
  405 PI+          211   1 403 374   0   0   -4.04   -2.90  -14.2   15.1    0.14
  406 PI-         -211   1 403 374   0   0   -1.83   -1.02   -6.3    6.6    0.14

 HWWARN CALLED FROM SUBPROGRAM HWBTIM: CODE = 101
 EVENT    3220:   SEEDS =  619040476 & 1621199226  WEIGHT =-0.5896E-03
 EVENT KILLED.   EXECUTION CONTINUES

 HWWARN CALLED FROM SUBPROGRAM HWBTIM: CODE = 101
 EVENT    4840:   SEEDS =  690685778 & 1691139826  WEIGHT = 0.5896E-03
 EVENT KILLED.   EXECUTION CONTINUES

 HWWARN CALLED FROM SUBPROGRAM HWCFOR: CODE = 101
 EVENT    9427:   SEEDS = 1696966318 &  486192679  WEIGHT =-0.5896E-03
 EVENT KILLED.   EXECUTION CONTINUES

          OUTPUT ON LES HOUCHES EVENTS


      PROC CODE  XSECT(pb)        XERR(pb)      Max wgt(nb) No. of events


          OUTPUT ON ELEMENTARY PROCESS

          N.B. NEGATIVE WEIGHTS ALLOWED

          NUMBER OF EVENTS   =        9997
          NEGATIVE  EVENTS   =        2621
          NUMBER OF WEIGHTS  =       10000
          NEGATIVE  WEIGHTS  =        2624
          MEAN VALUE OF WGT  =  2.8017E-04
          RMS SPREAD IN WGT  =  5.1877E-04
          MEAN ABS WEIGHT    =  5.8959E-04
          ACTUAL MAX ABS WGT =  1.0000E+00
          ASSUMED MAXABS WGT =  2.8017E-04

          PROCESS CODE IPROC =      -18000
          CROSS SECTION (PB) =  0.2802    
          ERROR IN C-S  (PB) =  5.1877E-03
          EFFICIENCY PERCENT =   100.0    
 # of events processed=        9997
