 A PDF is used, so alpha_s(MZ) is going to be modified
 Old value of alpha_s from param_card:   0.11799999999999999     
  ****************************************
 
       NNPDFDriver version 1.0.3
   Grid: NNPDF23nlo_as_0119_qed_mem0.grid
  ****************************************
 New value of alpha_s from PDF nn23nlo:  0.11899999999999999     
 *****************************************************
 *               MadGraph/MadEvent                   *
 *        --------------------------------           *
 *          http://madgraph.hep.uiuc.edu             *
 *          http://madgraph.phys.ucl.ac.be           *
 *          http://madgraph.roma2.infn.it            *
 *        --------------------------------           *
 *                                                   *
 *          PARAMETER AND COUPLING VALUES            *
 *                                                   *
 *****************************************************

  External Params
  ---------------------------------
  
 MU_R =    91.188000000000002     
 aEWM1 =    132.50700000000001     
 mdl_Gf =    1.1663900000000000E-005
 aS =   0.11799999999999999     
 mdl_ymb =    4.7000000000000002     
 mdl_ymt =    173.00000000000000     
 mdl_ymtau =    1.7769999999999999     
 mdl_MT =    173.00000000000000     
 mdl_MB =    4.7000000000000002     
 mdl_MZ =    91.188000000000002     
 mdl_MH =    125.00000000000000     
 mdl_MTA =    1.7769999999999999     
 mdl_WT =    1.4915000000000000     
 mdl_WZ =    2.4414039999999999     
 mdl_WW =    2.0476000000000001     
 mdl_WH =    6.3823389999999999E-003
  Internal Params
  ---------------------------------
  
 mdl_conjg__CKM3x3 =    1.0000000000000000     
 mdl_CKM22 =    1.0000000000000000     
 mdl_lhv =    1.0000000000000000     
 mdl_CKM3x3 =    1.0000000000000000     
 mdl_conjg__CKM22 =    1.0000000000000000     
 mdl_conjg__CKM33 =    1.0000000000000000     
 mdl_Ncol =    3.0000000000000000     
 mdl_CA =    3.0000000000000000     
 mdl_TF =   0.50000000000000000     
 mdl_CF =    1.3333333333333333     
 mdl_complexi =                (0.0000000000000000,1.0000000000000000)
 mdl_MZ__exp__2 =    8315.2513440000002     
 mdl_MZ__exp__4 =    69143404.913893804     
 mdl_sqrt__2 =    1.4142135623730951     
 mdl_MH__exp__2 =    15625.000000000000     
 mdl_Ncol__exp__2 =    9.0000000000000000     
 mdl_MB__exp__2 =    22.090000000000003     
 mdl_MT__exp__2 =    29929.000000000000     
 mdl_aEW =    7.5467711139788835E-003
 mdl_MW =    80.419002445756163     
 mdl_sqrt__aEW =    8.6872153846781555E-002
 mdl_ee =   0.30795376724436879     
 mdl_MW__exp__2 =    6467.2159543705357     
 mdl_sw2 =   0.22224648578577766     
 mdl_cw =   0.88190334743339216     
 mdl_sqrt__sw2 =   0.47143025548407230     
 mdl_sw =   0.47143025548407230     
 mdl_g1 =   0.34919219678733299     
 mdl_gw =   0.65323293034757990     
 mdl_v =    246.21845810181637     
 mdl_v__exp__2 =    60623.529110035903     
 mdl_lam =   0.12886910601690263     
 mdl_yb =    2.6995554250465490E-002
 mdl_yt =   0.99366614581500623     
 mdl_ytau =    1.0206617000654717E-002
 mdl_muH =    88.388347648318430     
 mdl_AxialZUp =  -0.18517701861793787     
 mdl_AxialZDown =   0.18517701861793787     
 mdl_VectorZUp =    7.5430507588273299E-002
 mdl_VectorZDown =  -0.13030376310310560     
 mdl_VectorAUp =   0.20530251149624587     
 mdl_VectorADown =  -0.10265125574812294     
 mdl_VectorWmDxU =   0.23095271737156670     
 mdl_AxialWmDxU =  -0.23095271737156670     
 mdl_VectorWpUxD =   0.23095271737156670     
 mdl_AxialWpUxD =  -0.23095271737156670     
 mdl_I1x33 =          (2.69955542504654901E-002,0.0000000000000000)
 mdl_I2x33 =               (0.99366614581500623,0.0000000000000000)
 mdl_I3x33 =               (0.99366614581500623,0.0000000000000000)
 mdl_I4x33 =          (2.69955542504654901E-002,0.0000000000000000)
 mdl_Vector_tbGp =              (-0.96667059156454072,0.0000000000000000)
 mdl_Axial_tbGp =              (-1.0206617000654716,-0.0000000000000000)
 mdl_Vector_tbGm =               (0.96667059156454072,0.0000000000000000)
 mdl_Axial_tbGm =              (-1.0206617000654716,-0.0000000000000000)
 mdl_gw__exp__2 =   0.42671326129048615     
 mdl_cw__exp__2 =   0.77775351421422245     
 mdl_ee__exp__2 =    9.4835522759998875E-002
 mdl_sw__exp__2 =   0.22224648578577769     
 mdl_yb__exp__2 =    7.2875994928982540E-004
 mdl_yt__exp__2 =   0.98737240933884918     
  Internal Params evaluated point by point
  ----------------------------------------
  
 mdl_sqrt__aS =   0.34351128074635334     
 mdl_G__exp__4 =    2.1987899468922913     
 mdl_G__exp__2 =    1.4828317324943823     
 mdl_R2MixedFactor_FIN_ =   -2.5040377713124864E-002
 mdl_GWcft_UV_b_1EPS_ =   -3.1300472141406080E-003
 mdl_GWcft_UV_t_1EPS_ =   -3.1300472141406080E-003
 mdl_bWcft_UV_1EPS_ =   -1.8780283284843650E-002
 mdl_tWcft_UV_1EPS_ =   -1.8780283284843650E-002
 mdl_G__exp__3 =    1.8056676068262196     
 mdl_MU_R__exp__2 =    8315.2513440000002     
 mdl_GWcft_UV_b_FIN_ =   -1.8563438626678915E-002
 mdl_GWcft_UV_t_FIN_ =    4.0087659331150384E-003
 mdl_bWcft_UV_FIN_ =  -0.13642100947319838     
 mdl_tWcft_UV_FIN_ =   -9.8778211443463623E-004
  Couplings of loop_sm
  ---------------------------------
  
    R2_UUZ_V2 =  -0.00000E+00  -0.72127E-02
    R2_UUZ_V5 =   0.00000E+00   0.68702E-03
      R2_sxcW =  -0.00000E+00  -0.11566E-01
         GC_5 =   0.00000E+00   0.12177E+01
        GC_22 =   0.00000E+00   0.28804E+00
        GC_23 =  -0.00000E+00  -0.27437E-01
        GC_31 =   0.00000E+00   0.52532E+02
        GC_32 =   0.00000E+00   0.67544E+02
        GC_47 =   0.00000E+00   0.46191E+00

 Collider parameters:
 --------------------

 Running at P P   machine @    13000.000000000000       GeV
 PDF set = nn23nlo
 alpha_s(Mz)= 0.1190 running at 2 loops.
 alpha_s(Mz)= 0.1190 running at 2 loops.
 Renormalization scale set on event-by-event basis
 Factorization   scale set on event-by-event basis


 ===============================================================
 INFO: MadFKS read these parameters from FKS_params.dat
 ===============================================================
  > IRPoleCheckThreshold      =   -1.0000000000000000     
  > PrecisionVirtualAtRunTime =   -1.0000000000000000     
  > NHelForMCoverHels         =            4
  > VirtualFraction           =    1.0000000000000000     
  > MinVirtualFraction        =    5.0000000000000001E-003
 ===============================================================
  Insert the number of points to test
 Insert the relative tolerance
  A negative number will mean use the default one:   -1.0000000000000000     
Using random seed offsets:     1 ,     24 ,      0
  with seed                15455
 Ranmar initialization seeds       10742       25478
  ========================================================================================== 
 {                                                                                          }
 {       [32m                                                                            [0m       }
 {       [32m                               ,,                                           [0m       }
 {       [32m`7MMM.     ,MMF'             `7MM  `7MMF'                                   [0m       }
 {       [32m  MMMb    dPMM                 MM    MM                                     [0m       }
 {       [32m  M YM   ,M MM   ,6"Yb.   ,M""bMM    MM         ,pW"Wq.   ,pW"Wq.`7MMpdMAo. [0m       }
 {       [32m  M  Mb  M' MM  8)   MM ,AP    MM    MM        6W'   `Wb 6W'   `Wb MM   `Wb [0m       }
 {       [32m  M  YM.P'  MM   ,pm9MM 8MI    MM    MM      , 8M     M8 8M     M8 MM    M8 [0m       }
 {       [32m  M  `YM'   MM  8M   MM `Mb    MM    MM     ,M YA.   ,A9 YA.   ,A9 MM   ,AP [0m       }
 {       [32m.JML. `'  .JMML.`Moo9^Yo.`Wbmd"MML..JMMmmmmMMM  `Ybmd9'   `Ybmd9'  MMbmmd'  [0m       }
 {       [32m                                                                   MM       [0m       }
 {       [32m                                                                 .JMML.     [0m       }
 {       [32m[0mv2.6.7 (2019-10-16), Ref: arXiv:1103.0621v2, arXiv:1405.0301[32m                [0m       }
 {       [32m                                                                            [0m       }
 {                                                                                          }
  ========================================================================================== 
 ===============================================================
 INFO: MadLoop read these parameters from ./MadLoop5_resources/MadLoopParams.dat                                                                                                                                                                                                                                                                                                                                                                                                                                                                                          
 ===============================================================
  > MLReductionLib            = 6|7|1
  > CTModeRun                 =           -1
  > MLStabThres               =    1.0000000000000000E-003
  > NRotations_DP             =            0
  > NRotations_QP             =            0
  > CTStabThres               =    1.0000000000000000E-002
  > CTLoopLibrary             =            2
  > CTModeInit                =            1
  > CheckCycle                =            3
  > MaxAttempts               =           10
  > UseLoopFilter             =  F
  > HelicityFilterLevel       =            2
  > ImprovePSPoint            =            2
  > DoubleCheckHelicityFilter =  T
  > LoopInitStartOver         =  F
  > HelInitStartOver          =  F
  > ZeroThres                 =    1.0000000000000001E-009
  > OSThres                   =    1.0000000000000000E-008
  > WriteOutFilters           =  T
  > UseQPIntegrandForNinja    =  T
  > UseQPIntegrandForCutTools =  T
  > IREGIMODE                 =            2
  > IREGIRECY                 =  T
  > COLLIERMode               =            1
  > COLLIERRequiredAccuracy   =    1.0000000000000000E-008
  > COLLIERCanOutput          =  F
  > COLLIERComputeUVpoles     =  T
  > COLLIERComputeIRpoles     =  T
  > COLLIERGlobalCache        =           -1
  > COLLIERUseCacheForPoles   =  F
  > COLLIERUseInternalStabilityTest =  T
 ===============================================================
  
------------------------------------------------------------------------
|              You are using CutTools - Version 1.9.3                  |
|              Authors: G. Ossola, C. Papadopoulos, R. Pittau          |
|              Published in JHEP 0803:042,2008                         |
|              http://www.ugr.es/~pittau/CutTools                      |
|                                                                      |
|              Compiler with  34  significant digits detetected        |
 ---------------------------------------------------------------------- 
   
########################################################################
#                                                                      #
#                      You are using OneLOop-3.6                       #
#                                                                      #
# for the evaluation of 1-loop scalar 1-, 2-, 3- and 4-point functions #
#                                                                      #
# author: Andreas van Hameren <hamerenREMOVETHIS@ifj.edu.pl>           #
#   date: 18-02-2015                                                   #
#                                                                      #
# Please cite                                                          #
#    A. van Hameren,                                                   #
#      Comput.Phys.Commun. 182 (2011) 2427-2438, arXiv:1007.4716       #
#    A. van Hameren, C.G. Papadopoulos and R. Pittau,                  #
#      JHEP 0909:106,2009, arXiv:0903.4665                             #
# in publications with results obtained with the help of this program. #
#                                                                      #

  +----------------------------------------------------------------+
  |                                                                |
  |  Ninja - version 1.2.0                                         |
  |                                                                |
  |  Author: Tiziano Peraro                                        |
  |                                                                |
  |  Based on:                                                     |
  |                                                                |
  |      P. Mastrolia, E. Mirabella and T. Peraro,                 |
  |      "Integrand reduction of one-loop scattering amplitudes    |
  |      through Laurent series expansion,"                        |
  |      JHEP 1206 (2012) 095  [arXiv:1203.0291 [hep-ph]].         |
  |                                                                |
  |      T. Peraro,                                                |
  |      "Ninja: Automated Integrand Reduction via Laurent         |
  |      Expansion for One-Loop Amplitudes,"                       |
  |      Comput.Phys.Commun. 185 (2014) [arXiv:1403.1229 [hep-ph]] |
  |                                                                |
  +----------------------------------------------------------------+


########################################################################
########################################################################
#                                                                      #
#                      You are using OneLOop-3.6                       #
#                                                                      #
# for the evaluation of 1-loop scalar 1-, 2-, 3- and 4-point functions #
#                                                                      #
# author: Andreas van Hameren <hamerenREMOVETHIS@ifj.edu.pl>           #
#   date: 18-02-2015                                                   #
#                                                                      #
# Please cite                                                          #
#    A. van Hameren,                                                   #
#      Comput.Phys.Commun. 182 (2011) 2427-2438, arXiv:1007.4716       #
#    A. van Hameren, C.G. Papadopoulos and R. Pittau,                  #
#      JHEP 0909:106,2009, arXiv:0903.4665                             #
# in publications with results obtained with the help of this program. #
#                                                                      #
########################################################################
 PASSED  -1.0000000000000000     
 MU_R    =    325.00000000000000     
 ALPHA_S =   0.11799999999999999     
 BORN                    1.8005040231143138E-009
 SINGLE POLE (MadFKS)   -2.1989725895561916E-010
 DOUBLE POLE (MadFKS)   -1.8034120325113327E-010
 SINGLE POLE (MadLoop)  -1.9782988824329265E-010
 DOUBLE POLE (MadLoop)  -1.8034120325113485E-010
 FINITE PART (MadLoop)  -6.0395731678113801E-010
   325.00000000000000        0.0000000000000000        0.0000000000000000        325.00000000000000        0.0000000000000000     
   325.00000000000000        0.0000000000000000        0.0000000000000000       -325.00000000000000        0.0000000000000000     
   245.75541374920840       -69.062174577885401       -194.30796962888894        47.387259556943100        125.00000000000000     
   191.80805786185078        180.83732960632261        14.273406516287780       -62.325445429696963        0.0000000000000000     
   212.43652838894081       -111.77515502843721        180.03456311260115        14.938185872753866        0.0000000000000000     

 PASSED  -1.0000000000000000     
 MU_R    =    325.00000000000000     
 ALPHA_S =   0.11799999999999999     
 BORN                    2.3226291619425181E-008
 SINGLE POLE (MadFKS)   -3.3472051014074409E-009
 DOUBLE POLE (MadFKS)   -2.3263804601023723E-009
 SINGLE POLE (MadLoop)  -3.3543972181865483E-009
 DOUBLE POLE (MadLoop)  -2.3263804601023814E-009
 FINITE PART (MadLoop)  -9.3166850746114188E-009
   325.00000000000000        0.0000000000000000        0.0000000000000000        325.00000000000000        0.0000000000000000     
   325.00000000000000        0.0000000000000000        0.0000000000000000       -325.00000000000000        0.0000000000000000     
   155.20828028768531       -41.519624083873488       -27.691662653896824        77.291027326962720        125.00000000000000     
   220.04469110562439       -207.31158760171206        66.139674454401401        32.666729142860987        0.0000000000000000     
   274.74702860669032        248.83121168558552       -38.448011800504538       -109.95775646982369        0.0000000000000000     

 PASSED  -1.0000000000000000     
 MU_R    =    325.00000000000000     
 ALPHA_S =   0.11799999999999999     
 BORN                    2.4184338786212392E-006
 SINGLE POLE (MadFKS)   -6.0768603816752775E-007
 DOUBLE POLE (MadFKS)   -2.4223399117957362E-007
 SINGLE POLE (MadLoop)  -6.0926393907052871E-007
 DOUBLE POLE (MadLoop)  -2.4223399117957378E-007
 FINITE PART (MadLoop)  -1.4674493455167603E-006
   325.00000000000000        0.0000000000000000        0.0000000000000000        325.00000000000000        0.0000000000000000     
   325.00000000000000        0.0000000000000000        0.0000000000000000       -325.00000000000000        0.0000000000000000     
   152.69447257656250       -73.769401432954055        31.208922110702588        35.702668644603712        125.00000000000000     
   222.14662827638776       -90.226426901661583       -109.59220272358770        170.87382902398707        0.0000000000000000     
   275.15889914704985        163.99582833461568        78.383280612885116       -206.57649766859080        0.0000000000000000     

 PASSED  -1.0000000000000000     
 MU_R    =    325.00000000000000     
 ALPHA_S =   0.11799999999999999     
 BORN                    2.4273380926484831E-007
 SINGLE POLE (MadFKS)   -5.8630788260001431E-008
 DOUBLE POLE (MadFKS)   -2.4312585070949638E-008
 SINGLE POLE (MadLoop)  -5.9069916999554244E-008
 DOUBLE POLE (MadLoop)  -2.4312585070950111E-008
 FINITE PART (MadLoop)  -1.7032544993551163E-007
   325.00000000000000        0.0000000000000000        0.0000000000000000        325.00000000000000        0.0000000000000000     
   325.00000000000000        0.0000000000000000        0.0000000000000000       -325.00000000000000        0.0000000000000000     
   280.11272425646024       -223.14895699229970       -28.828214613692637       -110.50617777215621        125.00000000000000     
   102.86716965748168       -33.485022363777809       -41.405155994320218        88.011481794845551        0.0000000000000000     
   267.02010608605809        256.63397935607753        70.233370608012862        22.494695977310641        0.0000000000000000     

 PASSED  -1.0000000000000000     
 MU_R    =    325.00000000000000     
 ALPHA_S =   0.11799999999999999     
 BORN                    4.3691194719165277E-009
 SINGLE POLE (MadFKS)   -5.7303505125184117E-010
 DOUBLE POLE (MadFKS)   -4.3761760740223405E-010
 SINGLE POLE (MadLoop)  -5.5074726998322160E-010
 DOUBLE POLE (MadLoop)  -4.3761760740223710E-010
 FINITE PART (MadLoop)  -1.6793729413875115E-009
   325.00000000000000        0.0000000000000000        0.0000000000000000        325.00000000000000        0.0000000000000000     
   325.00000000000000        0.0000000000000000        0.0000000000000000       -325.00000000000000        0.0000000000000000     
   230.05808947399876        21.025375452749568       -157.67803901381660       -109.53216026471254        125.00000000000000     
   181.87615359875375       -177.29668961511231       -7.8248875737214094        39.794349270450532        0.0000000000000000     
   238.06575692724749        156.27131416236259        165.50292658753801        69.737810994262091        0.0000000000000000     

 PASSED  -1.0000000000000000     
 MU_R    =    325.00000000000000     
 ALPHA_S =   0.11799999999999999     
 BORN                    6.5774595480145568E-008
 SINGLE POLE (MadFKS)   -1.1730146020377283E-008
 DOUBLE POLE (MadFKS)   -6.5880828590033629E-009
 SINGLE POLE (MadLoop)  -1.1790950139041962E-008
 DOUBLE POLE (MadLoop)  -6.5880828590033646E-009
 FINITE PART (MadLoop)  -3.1650704564160420E-008
   325.00000000000000        0.0000000000000000        0.0000000000000000        325.00000000000000        0.0000000000000000     
   325.00000000000000        0.0000000000000000        0.0000000000000000       -325.00000000000000        0.0000000000000000     
   211.31364588203220        58.036532407001729       -130.89238069260173       -92.343936015046268        125.00000000000000     
   169.65374306098363        93.003629900508699       -91.135031162966428        108.75257907220681        0.0000000000000000     
   269.03261105698414       -151.04016230751043        222.02741185556820       -16.408643057160553        0.0000000000000000     

 PASSED  -1.0000000000000000     
 MU_R    =    325.00000000000000     
 ALPHA_S =   0.11799999999999999     
 BORN                    4.4558757130523764E-010
 SINGLE POLE (MadFKS)   -5.2673319697392363E-011
 DOUBLE POLE (MadFKS)   -4.4630724359028436E-011
 SINGLE POLE (MadLoop)  -4.1762321995748992E-011
 DOUBLE POLE (MadLoop)  -4.4630724359029050E-011
 FINITE PART (MadLoop)  -1.1344518256227663E-010
   325.00000000000000        0.0000000000000000        0.0000000000000000        325.00000000000000        0.0000000000000000     
   325.00000000000000        0.0000000000000000        0.0000000000000000       -325.00000000000000        0.0000000000000000     
   235.11720332641025       -12.200157007042877        120.47894991770167       -158.08566695233307        125.00000000000000     
   227.95279363403000       -24.337390209969474       -226.48964391920512        8.5210774364519750        0.0000000000000000     
   186.93000303955975        36.537547217012339        106.01069400150347        149.56458951588107        0.0000000000000000     

 PASSED  -1.0000000000000000     
 MU_R    =    325.00000000000000     
 ALPHA_S =   0.11799999999999999     
 BORN                    6.0596847989745740E-010
 SINGLE POLE (MadFKS)   -8.3531314270202570E-011
 DOUBLE POLE (MadFKS)   -6.0694718475521780E-011
 SINGLE POLE (MadLoop)  -7.6131634352569192E-011
 DOUBLE POLE (MadLoop)  -6.0694718475521547E-011
 FINITE PART (MadLoop)   1.0478328412029487E-011
   325.00000000000000        0.0000000000000000        0.0000000000000000        325.00000000000000        0.0000000000000000     
   325.00000000000000        0.0000000000000000        0.0000000000000000       -325.00000000000000        0.0000000000000000     
   303.72012479162089       -33.257474598021375        83.349236077734560        261.85446231076099        125.00000000000000     
   275.60468761065795       -33.125888348232060       -59.653215274317553       -267.02455554039358        0.0000000000000000     
   70.675187597721134        66.383362946253428       -23.696020803416975        5.1700932296326076        0.0000000000000000     

 PASSED  -1.0000000000000000     
 MU_R    =    325.00000000000000     
 ALPHA_S =   0.11799999999999999     
 BORN                    1.3312117907825502E-009
 SINGLE POLE (MadFKS)   -1.6785717538943889E-010
 DOUBLE POLE (MadFKS)   -1.3333618422944165E-010
 SINGLE POLE (MadLoop)  -1.4778149700652466E-010
 DOUBLE POLE (MadLoop)  -1.3333618422945002E-010
 FINITE PART (MadLoop)  -4.5821984402877656E-010
   325.00000000000000        0.0000000000000000        0.0000000000000000        325.00000000000000        0.0000000000000000     
   325.00000000000000        0.0000000000000000        0.0000000000000000       -325.00000000000000        0.0000000000000000     
   244.36899993108747        26.674460054551968        190.92272132697138        83.235784307121094        125.00000000000000     
   283.09198002801247       -143.65911087065624       -220.15072878495198       -105.05610708325273        0.0000000000000000     
   122.53902004090001        116.98465081610398        29.228007457980514        21.820322776131526        0.0000000000000000     

 PASSED  -1.0000000000000000     
 MU_R    =    325.00000000000000     
 ALPHA_S =   0.11799999999999999     
 BORN                    4.4174592080600816E-008
 SINGLE POLE (MadFKS)   -1.1674203934471096E-008
 DOUBLE POLE (MadFKS)   -4.4245938840858353E-009
 SINGLE POLE (MadLoop)  -1.1487230185309533E-008
 DOUBLE POLE (MadLoop)  -4.4245938840858742E-009
 FINITE PART (MadLoop)  -3.3758004821002796E-008
   325.00000000000000        0.0000000000000000        0.0000000000000000        325.00000000000000        0.0000000000000000     
   325.00000000000000        0.0000000000000000        0.0000000000000000       -325.00000000000000        0.0000000000000000     
   325.94096505710451        3.8899517080048294       -299.90473249696811        25.583830909151260        125.00000000000000     
   311.40239278676421      -0.66607431389336713        310.76287190170052       -19.935998237807770        0.0000000000000000     
   12.656642156131296       -3.2238773941115166       -10.858139404732416       -5.6478326713433953        0.0000000000000000     

 PASSED  -1.0000000000000000     
 MU_R    =    325.00000000000000     
 ALPHA_S =   0.11799999999999999     
 BORN                    7.2653942620633862E-011
 SINGLE POLE (MadFKS)   -3.0913757012704210E-012
 DOUBLE POLE (MadFKS)   -7.2771286622734924E-012
 SINGLE POLE (MadLoop)  -3.0271826593747395E-012
 DOUBLE POLE (MadLoop)  -7.2771286622735554E-012
 FINITE PART (MadLoop)   1.3845008738052331E-011
   325.00000000000000        0.0000000000000000        0.0000000000000000        325.00000000000000        0.0000000000000000     
   325.00000000000000        0.0000000000000000        0.0000000000000000       -325.00000000000000        0.0000000000000000     
   159.45438727833198       -20.265840572522023       -67.345915213474200        69.674421649963833        125.00000000000000     
   277.68785177780234        61.606323886239942        10.412968015656237       -270.56750355373299        0.0000000000000000     
   212.85776094386569       -41.340483313717954        56.932947197817981        200.89308190376923        0.0000000000000000     

 PASSED  -1.0000000000000000     
 MU_R    =    325.00000000000000     
 ALPHA_S =   0.11799999999999999     
 BORN                    4.4479954961404369E-007
 SINGLE POLE (MadFKS)   -9.1981762894347023E-008
 DOUBLE POLE (MadFKS)   -4.4551794915853912E-008
 SINGLE POLE (MadLoop)  -9.2406500227656305E-008
 DOUBLE POLE (MadLoop)  -4.4551794915854270E-008
 FINITE PART (MadLoop)  -2.2561364780037939E-007
   325.00000000000000        0.0000000000000000        0.0000000000000000        325.00000000000000        0.0000000000000000     
   325.00000000000000        0.0000000000000000        0.0000000000000000       -325.00000000000000        0.0000000000000000     
   145.48421815577868        70.884820132051530        22.170005182641130       -4.9488258654524957        125.00000000000000     
   239.46240497190121        7.8051628603549297        177.18394811396348        160.89490780754525        0.0000000000000000     
   265.05337687232014       -78.689982992406684       -199.35395329660466       -155.94608194209286        0.0000000000000000     

 PASSED  -1.0000000000000000     
 MU_R    =    325.00000000000000     
 ALPHA_S =   0.11799999999999999     
 BORN                    4.4893543113112689E-008
 SINGLE POLE (MadFKS)   -7.1199067339814773E-009
 DOUBLE POLE (MadFKS)   -4.4966051057311890E-009
 SINGLE POLE (MadLoop)  -7.1578181162311276E-009
 DOUBLE POLE (MadLoop)  -4.4966051057311775E-009
 FINITE PART (MadLoop)  -1.9005670513764071E-008
   325.00000000000000        0.0000000000000000        0.0000000000000000        325.00000000000000        0.0000000000000000     
   325.00000000000000        0.0000000000000000        0.0000000000000000       -325.00000000000000        0.0000000000000000     
   168.94948331118181        111.51106934275175       -4.2231821422920559        21.595695352184300        125.00000000000000     
   207.62817111118864        62.166053195058282       -182.53087781525684        76.989076583097173        0.0000000000000000     
   273.42234557762953       -173.67712253780999        186.75405995754889       -98.584771935281466        0.0000000000000000     

 PASSED  -1.0000000000000000     
 MU_R    =    325.00000000000000     
 ALPHA_S =   0.11799999999999999     
 BORN                    1.0011497312382735E-009
 SINGLE POLE (MadFKS)   -1.0625366950928753E-010
 DOUBLE POLE (MadFKS)   -1.0027666967039925E-010
 SINGLE POLE (MadLoop)  -9.3618884850278504E-011
 DOUBLE POLE (MadLoop)  -1.0027666967040171E-010
 FINITE PART (MadLoop)  -3.3390464624343704E-010
   325.00000000000000        0.0000000000000000        0.0000000000000000        325.00000000000000        0.0000000000000000     
   325.00000000000000        0.0000000000000000        0.0000000000000000       -325.00000000000000        0.0000000000000000     
   181.41362316554219       -53.920727185267374       -36.243770673466429        114.30156139454304        125.00000000000000     
   277.29588234098821        125.97890906271272        213.12617029896640       -124.89818400734244        0.0000000000000000     
   191.29049449346965       -72.058181877445321       -176.88239962549997        10.596622612799372        0.0000000000000000     

 PASSED  -1.0000000000000000     
 MU_R    =    325.00000000000000     
 ALPHA_S =   0.11799999999999999     
 BORN                    1.1902249161901722E-008
 SINGLE POLE (MadFKS)   -1.8413535782793316E-009
 DOUBLE POLE (MadFKS)   -1.1921472585989720E-009
 SINGLE POLE (MadLoop)  -1.8220145469689602E-009
 DOUBLE POLE (MadLoop)  -1.1921472585989786E-009
 FINITE PART (MadLoop)  -5.0013351119881918E-009
   325.00000000000000        0.0000000000000000        0.0000000000000000        325.00000000000000        0.0000000000000000     
   325.00000000000000        0.0000000000000000        0.0000000000000000       -325.00000000000000        0.0000000000000000     
   277.68310876735654        214.42977443142024        15.676796891067166        123.51930525723505        125.00000000000000     
   179.83196015953348       -116.24462060851764        129.79972104970415       -44.483193341090477        0.0000000000000000     
   192.48493107311000       -98.185153822902606       -145.47651794077132       -79.036111916144577        0.0000000000000000     

 PASSED  -1.0000000000000000     
 MU_R    =    325.00000000000000     
 ALPHA_S =   0.11799999999999999     
 BORN                    6.7471052083755706E-009
 SINGLE POLE (MadFKS)   -9.4826902927233655E-010
 DOUBLE POLE (MadFKS)   -6.7580025155166537E-010
 SINGLE POLE (MadLoop)  -9.2541552597624778E-010
 DOUBLE POLE (MadLoop)  -6.7580025155166340E-010
 FINITE PART (MadLoop)  -2.7175103091476317E-009
   325.00000000000000        0.0000000000000000        0.0000000000000000        325.00000000000000        0.0000000000000000     
   325.00000000000000        0.0000000000000000        0.0000000000000000       -325.00000000000000        0.0000000000000000     
   227.62285269960526        155.53451178222929        109.23712437804521       -7.9642559844117464        125.00000000000000     
   298.73828457578708       -194.48394785655813       -226.57412452657931        9.2044984885435301        0.0000000000000000     
   123.63886272460768        38.949436074328823        117.33700014853414       -1.2402425041317731        0.0000000000000000     

 PASSED  -1.0000000000000000     
 MU_R    =    325.00000000000000     
 ALPHA_S =   0.11799999999999999     
 BORN                    1.1598502150709659E-007
 SINGLE POLE (MadFKS)   -2.5529968225178293E-008
 DOUBLE POLE (MadFKS)   -1.1617234990410440E-008
 SINGLE POLE (MadLoop)  -2.5687499938404913E-008
 DOUBLE POLE (MadLoop)  -1.1617234990410518E-008
 FINITE PART (MadLoop)  -7.3580890142824472E-008
   325.00000000000000        0.0000000000000000        0.0000000000000000        325.00000000000000        0.0000000000000000     
   325.00000000000000        0.0000000000000000        0.0000000000000000       -325.00000000000000        0.0000000000000000     
   274.98423464758656       -175.54776745757263       -3.0191511443398165        170.77820520121580        125.00000000000000     
   250.39090345814370        240.24945633958350       -21.602816827683888       -67.149993062021323        0.0000000000000000     
   124.62486189426966       -64.701688882010885        24.621967972023697       -103.62821213919445        0.0000000000000000     

 PASSED  -1.0000000000000000     
 MU_R    =    325.00000000000000     
 ALPHA_S =   0.11799999999999999     
 BORN                    1.0725123576233065E-006
 SINGLE POLE (MadFKS)   -2.6040956814613781E-007
 DOUBLE POLE (MadFKS)   -1.0742445814752659E-007
 SINGLE POLE (MadLoop)  -2.6174553526250798E-007
 DOUBLE POLE (MadLoop)  -1.0742445814752690E-007
 FINITE PART (MadLoop)  -6.3660098285825120E-007
   325.00000000000000        0.0000000000000000        0.0000000000000000        325.00000000000000        0.0000000000000000     
   325.00000000000000        0.0000000000000000        0.0000000000000000       -325.00000000000000        0.0000000000000000     
   237.11378763839528       -65.777552034218303       -173.10253168953932       -79.415209244097099        125.00000000000000     
   223.79852729132932        133.19100572943597        26.436022997632573        177.89624363268010        0.0000000000000000     
   189.08768507027546       -67.413453695217655        146.66650869190678       -98.481034388582827        0.0000000000000000     

 PASSED  -1.0000000000000000     
 MU_R    =    325.00000000000000     
 ALPHA_S =   0.11799999999999999     
 BORN                    7.0019522344849853E-010
 SINGLE POLE (MadFKS)   -8.7619321763481507E-011
 DOUBLE POLE (MadFKS)   -7.0132611472305069E-011
 SINGLE POLE (MadLoop)  -7.2997896984432811E-011
 DOUBLE POLE (MadLoop)  -7.0132611472297650E-011
 FINITE PART (MadLoop)  -2.1393098529577326E-010
   325.00000000000000        0.0000000000000000        0.0000000000000000        325.00000000000000        0.0000000000000000     
   325.00000000000000        0.0000000000000000        0.0000000000000000       -325.00000000000000        0.0000000000000000     
   241.72131000603108       -203.33213702225100        37.769621052966507       -5.8042648553999934        125.00000000000000     
   106.73255606505128       -87.214603194089761        7.3857702403530023       -61.081109287843638        0.0000000000000000     
   301.54613392891758        290.54674021633809       -45.155391293320079        66.885374143243055        0.0000000000000000     

 PASSED  -1.0000000000000000     
 MU_R    =    325.00000000000000     
 ALPHA_S =   0.11799999999999999     
 BORN                    9.5974154649926920E-010
 SINGLE POLE (MadFKS)   -1.0465181963722628E-010
 DOUBLE POLE (MadFKS)   -9.6129163325281173E-011
 SINGLE POLE (MadLoop)  -9.1366325269850067E-011
 DOUBLE POLE (MadLoop)  -9.6129163325273237E-011
 FINITE PART (MadLoop)  -3.1242954062276386E-010
   325.00000000000000        0.0000000000000000        0.0000000000000000        325.00000000000000        0.0000000000000000     
   325.00000000000000        0.0000000000000000        0.0000000000000000       -325.00000000000000        0.0000000000000000     
   195.47758706561564       -86.895846301785667        47.178815492256064       -113.18020281497759        125.00000000000000     
   247.21565770539115        111.46189206007190       -220.64959782168313        2.3628402881965438        0.0000000000000000     
   207.30675522899318       -24.566045758286240        173.47078232942707        110.81736252678107        0.0000000000000000     

 NUMBER OF POINTS PASSING THE CHECK          20
 NUMBER OF POINTS FAILING THE CHECK           0
 TOLERANCE   -1.0000000000000000     
