 Enter filename for events
 Enter maximum number of events to generate
 MUST coincide with the number of events on tape
 Enter 0 to use Herwig default PDFs
       1 to use PDFs from library
 Enter colliding particles (PART1, PART2)
 Enter beam momenta (PBEAM1, PBEAM2)


          HERWIG 6.521  11th Mar. 2013

          Please reference:  G. Marchesini, B.R. Webber,
          G.Abbiendi, I.G.Knowles, M.H.Seymour & L.Stanco
          Computer Physics Communications 67 (1992) 465
                             and
          G.Corcella, I.G.Knowles, G.Marchesini, S.Moretti,
          K.Odagiri, P.Richardson, M.H.Seymour & B.R.Webber,
          JHEP 0101 (2001) 010
 Enter .TRUE. for underlying event, .FALSE. otherwise

 Underlying event WILL NOT be generated

 Enter Lambda_QCD, <0 for Herwig default
 Enter Z mass, width
 Enter W mass, width
 Enter top mass, width
 Enter Higgs (SM) boson mass, width
 Enter quark (d,u,s,c,b) and gluon masses
 Enter lepton (e,mu,tau) masses
 Enter number of events to print
 Enter accepted error fraction
 Is it single-top (.TRUE. or .FALSE)?
 Is it b-bbar (.TRUE. or .FALSE)?
 Enter the two random seeds (0 0 for default)

          INPUT CONDITIONS FOR THIS RUN

          BEAM 1 (P       ) MOM. =   6500.00
          BEAM 2 (P       ) MOM. =   6500.00
          PROCESS CODE (IPROC)   =  -18000
          NUMBER OF FLAVOURS     =    6
          STRUCTURE FUNCTION SET =    8
          AZIM SPIN CORRELATIONS =    T
          AZIM SOFT CORRELATIONS =    T
          QCD LAMBDA (GEV)       =    0.1800
          DOWN     QUARK  MASS   =    0.3200
          UP       QUARK  MASS   =    0.3200
          STRANGE  QUARK  MASS   =    0.5000
          CHARMED  QUARK  MASS   =    1.5500
          BOTTOM   QUARK  MASS   =    4.9500
          TOP      QUARK  MASS   =  173.0000
          GLUON EFFECTIVE MASS   =    0.7500
          EXTRA SHOWER CUTOFF (Q)=    0.4800
          EXTRA SHOWER CUTOFF (G)=    0.1000
          PHOTON SHOWER CUTOFF   =    0.4000
          CLUSTER MASS PARAMETER =    3.3500
          SPACELIKE EVOLN CUTOFF =    2.5000
          INTRINSIC P-TRAN (RMS) =    0.0000
          DECAY SPIN CORRELATIONS=    T
          SUSY THREE BODY ME     =    T
          SUSY FOUR  BODY ME     =    F

          NO EVENTS WILL BE WRITTEN TO DISK

          B_d: Delt-M/Gam =0.7000 Delt-Gam/2*Gam =0.0000
          B_s: Delt-M/Gam = 10.00 Delt-Gam/2*Gam =0.2000

          PDFLIB NOT USED FOR BEAM 1
          PDFLIB NOT USED FOR BEAM 2


          Checking consistency of particle properties


          Checking consistency of decay tables


          WRITING SUDAKOV TABLE ON UNIT  77

          WRITING MATRIX ELEMENT TABLE ON UNIT  88

          CHECKING SUSY DECAY MATRIX ELEMENTS
 Do you want a stable Pi0 (.TRUE. or .FALSE)?
 Do you want a stable W+ (.TRUE. or .FALSE)?
 Do you want a stable W- (.TRUE. or .FALSE)?
 Do you want a stable Z0 (.TRUE. or .FALSE)?
 Do you want a stable Tau+ (.TRUE. or .FALSE)?
 Do you want a stable Tau- (.TRUE. or .FALSE)?
 Do you want a stable Mu+ (.TRUE. or .FALSE)?
 Do you want a stable Mu- (.TRUE. or .FALSE)?
 Do you want a stable Higgs (.TRUE. or .FALSE)?

          PARTICLE TYPE  21=PI0      SET STABLE
 How many decay modes do you want to set?
 How are the events normalized ("average" or "sum")?
 stdhep initialized

          SUBROUTINE TIMEL CALLED BUT NOT LINKED.
          DUMMY TIMEL WILL BE USED. DELETE DUMMY
          AND LINK CERNLIB FOR CPU TIME REMAINING.



 EVENT       1: 6500.00 GEV/C P        ON  6500.00 GEV/C P        PROCESS:-18000
 SEEDS:  1973774260 &  1099242306   STATUS:  100 ERROR:   0  WEIGHT:  5.9188E-04


                               ---INITIAL STATE---    

 IHEP    ID      IDPDG IST MO1 MO2 DA1 DA2   P-X     P-Y     P-Z  ENERGY    MASS
    1 P           2212 101   0   0   0   0    0.00    0.00 6500.0 6500.0    0.94
    2 P           2212 102   0   0   0   0    0.00    0.00-6500.0 6500.0    0.94
    3 CMF            0 103   1   2   0   0    0.00    0.00    0.013000.013000.00

                              ---HARD SUBPROCESS---   

 IHEP    ID      IDPDG IST MO1 MO2 DA1 DA2   P-X     P-Y     P-Z  ENERGY    MASS
    4 UQRK           2 121   6   8  11   9    0.00    0.00 2359.5 2359.5    0.32
    5 DQRK           1 122   6   9  13  10    0.00    0.00 -945.6  945.6    0.32
    6 HARD           0 120   4   5   7  10    0.00    0.00 1413.9 3305.2 2987.48
    7 HIGGS         25 123   6   7  15   7    0.53  469.29  656.6  816.7  125.00
    8 UQRK           2 124   6  10  16   4   22.64 -421.70  -71.4  428.3    0.32
    9 DQRK           1 124   6   4  23   5    1.23   -2.20 1443.3 1443.3    0.32
   10 GLUON         21 124   6   5  25   8  -24.40  -45.38 -614.7  616.8    0.75

                              ---PARTON SHOWERS---    

 IHEP    ID      IDPDG IST MO1 MO2 DA1 DA2   P-X     P-Y     P-Z  ENERGY    MASS
   11 UQRK          94 141   4   6  12  12    0.00    0.00 2359.5 2359.5    0.51
   12 UD          2101   2  11  18  36  24    0.00    0.00 4140.5 4140.5    0.32
   13 DQRK          94 142   5   6  14  14    0.00    0.00 -945.6  945.6    0.33
   14 UU          2203   2  13  24  37  35    0.00    0.00-5554.4 5554.4    0.32
   15 HIGGS         25 195   7   6 166 167    0.53  468.63  655.7  815.6  125.00
   16 UQRK          94 144   8   6  18  22   22.61 -421.11  -69.9  430.9   54.57
   17 CONE           0 100   8  10   0   0   -0.06    0.20   -1.0    1.0    0.00
   18 UQRK           2   2  16  19  38  36   19.57 -390.20  -62.6  395.7    0.32
   19 GLUON         21   2  16  20  39  40    0.85  -29.14   -3.2   29.3    0.75
   20 DBAR          -1   2  16  21  41  40    1.40   -1.33   -0.7    2.1    0.32
   21 DQRK           1   2  16  22  42  41    0.81   -0.61   -1.8    2.1    0.32
   22 GLUON         21   2  16  27  43  44   -0.02    0.17   -1.6    1.8    0.75
   23 DQRK          94 144   9   6  24  24    1.22   -2.20 1441.3 1441.3    0.32
   24 DQRK           1   2  23  36  45  37    1.22   -2.20 1441.3 1441.3    0.32
   25 GLUON         94 144  10   6  27  35  -24.36  -45.32 -613.2  617.3   49.29
   26 CONE           0 100  10   8   0   0    0.05   -1.02   -0.3    1.1    0.00
   27 GLUON         21   2  25  28  46  47    0.42   -1.11   -1.3    1.9    0.75
   28 GLUON         21   2  25  29  48  49   -1.60    0.69  -21.0   21.1    0.75
   29 GLUON         21   2  25  30  50  51    0.12   -1.99  -22.9   23.0    0.75
   30 GLUON         21   2  25  31  52  53   -9.03  -18.40 -297.3  298.1    0.75
   31 GLUON         21   2  25  32  54  55   -3.70  -11.69 -126.8  127.4    0.75
   32 GLUON         21   2  25  33  56  57   -2.81   -6.56  -85.0   85.3    0.75
   33 GLUON         21   2  25  34  58  59   -2.34   -4.07  -45.6   45.9    0.75
   34 UBAR          -2   2  25  35  60  59   -3.82   -0.65   -6.1    7.2    0.32
   35 UQRK           2   2  25  37  61  60   -1.61   -1.52   -7.2    7.5    0.32

                              ---GLUON SPLITTING---   

 IHEP    ID      IDPDG IST MO1 MO2 DA1 DA2   P-X     P-Y     P-Z  ENERGY    MASS
   36 UD          2101 161  11  38 101  63    0.05   -0.10 2043.4 2043.4    0.64
   37 UU          2203 162  13  45 102  65   -0.00   -0.00-4479.0 4479.0    0.64
   38 UQRK           2 158  16  66  88  36   16.98 -338.62  -54.4  343.4    0.32
   39 DBAR          -1 158  16  40 103  67    0.30  -13.58   -1.6   13.7    0.32
   40 DQRK           1 158  16  68  89  39    0.38   -8.54   -0.9    8.6    0.32
   41 DBAR          -1 158  16  42 104  69    1.13   -1.10   -0.6    1.7    0.32
   42 DQRK           1 158  16  43  90  41    0.81   -0.61   -1.8    2.1    0.32
   43 UBAR          -2 158  16  44  90  42    0.16    0.04   -0.6    0.7    0.32
   44 UQRK           2 158  16  46  91  43   -0.18    0.12   -1.0    1.1    0.32
   45 DQRK           1 158  23  62  92  37    0.88   -1.58 1049.8 1049.8    0.32
   46 UBAR          -2 158  25  47  91  44    0.33   -0.70   -1.0    1.3    0.32
   47 UQRK           2 158  25  48  93  46    0.09   -0.41   -0.3    0.6    0.32
   48 DBAR          -1 158  25  49  93  47   -1.13    0.45  -15.5   15.5    0.32
   49 DQRK           1 158  25  50  94  48   -0.47    0.24   -5.5    5.5    0.32
   50 UBAR          -2 158  25  51  94  49   -0.04   -1.43  -15.8   15.9    0.32
   51 UQRK           2 158  25  52  95  50    0.16   -0.57   -7.1    7.1    0.32
   52 UBAR          -2 158  25  53  95  51   -3.37   -6.84 -113.1  113.3    0.32
   53 UQRK           2 158  25  70  96  52   -2.25   -4.63  -73.1   73.3    0.32
   54 UBAR          -2 158  25  55 105  71   -1.52   -4.80  -50.6   50.8    0.32
   55 UQRK           2 158  25  56  97  54   -1.86   -5.87  -65.7   65.9    0.32
   56 UBAR          -2 158  25  57  97  55   -2.03   -4.91  -62.9   63.1    0.32
   57 UQRK           2 158  25  58  98  56   -0.78   -1.65  -22.2   22.2    0.32
   58 DBAR          -1 158  25  59  98  57   -1.59   -2.89  -30.7   30.9    0.32
   59 DQRK           1 158  25  72  99  58   -0.60   -0.94  -11.8   11.9    0.32
   60 UBAR          -2 158  25  61 106  73   -2.26   -0.39   -3.7    4.3    0.32
   61 UQRK           2 158  25  80 100  60   -0.55   -0.52   -2.8    3.0    0.32
   62 UBAR          -2 159  11  63  92  45    0.01   -0.02 2062.3 2062.3    0.32
   63 UQRK           2 159  23  36 101  62    0.28   -0.51  426.2  426.2    0.32
   64 DBAR          -1 159  13  65 107  75   -0.00   -0.00 -295.9  295.9    0.32
   65 DQRK           1 159  25  37 102  64   -0.00   -0.00 -132.6  132.6    0.32
   66 UBAR          -2 159  16  67  88  38    2.20  -44.29   -7.1   44.9    0.32
   67 UQRK           2 159  16  39 103  66    0.42  -10.99   -1.6   11.1    0.32
   68 DBAR          -1 159  16  69  89  40    0.25   -0.70   -0.2    0.8    0.32
   69 DQRK           1 159  16  41 104  68    0.16   -2.85   -0.3    2.9    0.32
   70 SBAR          -3 159  25  71  96  53   -1.16   -2.62  -37.9   38.0    0.50
   71 SQRK           3 159  25  54 105  70   -2.58   -5.35  -83.9   84.1    0.50
   72 SBAR          -3 159  25  73  99  59   -1.39   -0.26   -2.5    3.0    0.50
   73 SQRK           3 159  25  60 106  72   -0.32   -0.25   -3.0    3.1    0.50
   74 DBAR          -1 159  13  75 111  83   -0.00   -0.00  -96.7   96.7    0.32
   75 DQRK           1 159  25  64 107  74   -0.05   -0.05   -5.2    5.2    0.32
   76 SBAR          -3 159  13  77 113  87   -0.00   -0.00 -165.1  165.1    0.50
   77 SQRK           3 159  25  84 108  76   -0.13   -0.12   -5.2    5.2    0.50
   78 SBAR          -3 159  13  79 110  81   -0.02   -0.02  -34.6   34.7    0.50
   79 SQRK           3 159  25  86 109  78   -0.45   -0.43   -3.3    3.4    0.50
   80 DBAR          -1 159  13  81 100  61   -0.03   -0.03   -7.9    7.9    0.32
   81 DQRK           1 159  25  78 110  80   -0.12   -0.11   -2.6    2.6    0.32
   82 DBAR          -1 159  13  83 112  85   -0.00   -0.00 -171.9  171.9    0.32
   83 DQRK           1 159  25  74 111  82   -0.02   -0.02  -10.0   10.0    0.32
   84 UBAR          -2 159  13  85 108  77   -0.00   -0.00  -84.3   84.3    0.32
   85 UQRK           2 159  25  82 112  84   -0.07   -0.06   -3.9    3.9    0.32
   86 DBAR          -1 159  13  87 109  79   -0.00   -0.00  -58.3   58.3    0.32
   87 DQRK           1 159  25  76 113  86   -0.16   -0.15   -2.2    2.3    0.32

                             ---CLUSTER FORMATION---  

 IHEP    ID      IDPDG IST MO1 MO2 DA1 DA2   P-X     P-Y     P-Z  ENERGY    MASS
   88 CLUS          91 183  38  66 114 115   19.18 -382.90  -61.4  388.3    1.01
   89 CLUS          91 183  40  68 116 117    0.63   -9.24   -1.1    9.4    1.41
   90 CLUS          91 183  42  43 118 119    0.97   -0.56   -2.3    2.7    0.87
   91 CLUS          91 183  44  46 120 121    0.15   -0.58   -2.0    2.4    1.14
   92 CLUS          91 183  45  62 122 123    0.89   -1.60 3112.1 3112.1    2.60
   93 CLUS          91 183  47  48 124 125   -1.04    0.04  -15.8   16.1    3.24
   94 CLUS          91 183  49  50 126 127   -0.52   -1.19  -21.3   21.4    1.64
   95 CLUS          91 183  51  52 128 129   -3.20   -7.40 -120.1  120.4    2.09
   96 CLUS          91 183  53  70 130 131   -3.41   -7.24 -111.0  111.3    0.99
   97 CLUS          91 183  55  56 132 133   -3.89  -10.78 -128.5  129.0    0.99
   98 CLUS          91 183  57  58 134 135   -2.37   -4.54  -52.9   53.1    0.93
   99 CLUS          91 183  59  72 136 137   -1.99   -1.20  -14.3   14.8    2.86
  100 CLUS          91 183  61  80 138 139   -0.58   -0.55  -10.7   10.8    1.41
  101 CLUS          91 184  63  36 140 141    0.34   -0.60 2469.6 2469.6    1.60
  102 CLUS          91 185  65  37 142 143   -0.00   -0.00-4611.5 4611.5    2.00
  103 CLUS          91 183  67  39 144 145    0.73  -24.58   -3.2   24.8    0.74
  104 CLUS          91 183  69  41 146 147    1.29   -3.95   -0.9    4.6    1.75
  105 CLUS          91 183  71  54 148 149   -4.10  -10.14 -134.4  134.9    2.18
  106 CLUS          91 183  73  60 150 151   -2.58   -0.64   -6.7    7.4    1.83
  107 CLUS          91 183  75  64 152 153   -0.05   -0.05 -301.2  301.2    2.50
  108 CLUS          91 183  77  84 154 155   -0.13   -0.12  -89.5   89.6    2.21
  109 CLUS          91 183  79  86 156 157   -0.46   -0.43  -61.6   61.7    3.39
  110 CLUS          91 183  81  78 158 159   -0.13   -0.13  -37.3   37.3    1.43
  111 CLUS          91 183  83  74 160 161   -0.03   -0.03 -106.7  106.7    1.10
  112 CLUS          91 183  85  82 162 163   -0.07   -0.07 -175.7  175.8    2.26
  113 CLUS          91 183  87  76 164 165   -0.16   -0.15 -167.3  167.4    3.36

                              ---CLUSTER DECAYS---    

 IHEP    ID      IDPDG IST MO1 MO2 DA1 DA2   P-X     P-Y     P-Z  ENERGY    MASS
  114 PI0          111   1  88  16   0   0    7.39 -147.33  -23.7  149.4    0.13
  115 RHO0         113 197  88  16 230 231   11.79 -235.57  -37.8  238.9    0.77
  116 A_1-      -20213 197  89  16 232 233    0.44   -7.98   -0.9    8.1    1.23
  117 PI+          211   1  89  16   0   0    0.19   -1.27   -0.1    1.3    0.14
  118 PI0          111   1  90  16   0   0    0.94   -0.73   -2.0    2.3    0.13
  119 PI-         -211   1  90  16   0   0    0.03    0.17   -0.3    0.4    0.14
  120 PI0          111   1  91  16   0   0   -0.01    0.16   -0.4    0.5    0.13
  121 RHO0         113 197  91  16 234 235    0.16   -0.73   -1.6    1.9    0.77
  122 A_20         115 197  92  23 236 237    0.55   -0.99 1499.0 1499.0    1.32
  123 B_1-      -10213 197  92  23 238 239    0.34   -0.60 1613.1 1613.1    1.23
  124 DELTA0      2114 197  93  25 240 241   -0.54   -0.72   -4.3    4.6    1.23
  125 DELTABR+   -1114 197  93  25 242 243   -0.50    0.75  -11.5   11.6    1.23
  126 PI-         -211   1  94  25   0   0    0.20   -0.49   -4.9    4.9    0.14
  127 HL_10      10223 197  94  25 244 245   -0.71   -0.70  -16.4   16.5    1.17
  128 OMEGA        223 197  95  25 246 247   -2.53   -3.80  -72.2   72.3    0.78
  129 PI0          111   1  95  25   0   0   -0.68   -3.61  -47.9   48.1    0.13
  130 PI+          211   1  96  25   0   0   -1.92   -4.29  -61.0   61.1    0.14
  131 K0           311 197  96  25 248 248   -1.49   -2.95  -50.0   50.1    0.50
  132 PI+          211   1  97  25   0   0   -1.33   -3.68  -44.7   44.8    0.14
  133 RHO-        -213 197  97  25 249 250   -2.56   -7.10  -83.8   84.2    0.77
  134 PI+          211   1  98  25   0   0   -0.31   -0.58   -7.3    7.3    0.14
  135 OMEGA        223 197  98  25 251 253   -2.06   -3.96  -45.6   45.8    0.78
  136 DELTA-      1114 197  99  25 254 255   -1.61   -0.60   -7.6    7.9    1.23
  137 SGMA*BR+   -3114 197  99  25 256 257   -0.38   -0.60   -6.7    6.9    1.39
  138 A_10       20113 197 100  25 258 259   -0.55   -0.52   -8.9    9.0    1.23
  139 PI+          211   1 100  25   0   0   -0.03   -0.03   -1.8    1.8    0.14
  140 PI+          211   1 101  23   0   0   -0.20   -0.11  229.1  229.1    0.14
  141 DELTA0      2114 197 101  23 260 261    0.54   -0.50 2240.5 2240.5    1.23
  142 PI-         -211   1 102  25   0   0   -0.11   -0.16-2768.8 2768.8    0.14
  143 DELTA++     2224 197 102  25 262 263    0.11    0.16-1842.7 1842.7    1.23
  144 PI+          211   1 103  16   0   0   -0.11   -4.58   -0.5    4.6    0.14
  145 PI0          111   1 103  16   0   0    0.84  -20.00   -2.6   20.2    0.13
  146 RHO-        -213 197 104  16 264 265    0.40   -2.42   -0.4    2.6    0.77
  147 RHO+         213 197 104  16 266 267    0.89   -1.53   -0.5    2.0    0.77
  148 K-          -321   1 105  25   0   0   -2.05   -2.89  -42.3   42.5    0.49
  149 OMEGA        223 197 105  25 268 270   -2.05   -7.26  -92.1   92.4    0.78
  150 K*-         -323 197 106  25 271 272   -0.90   -0.30   -3.3    3.6    0.89
  151 OMEGA        223 197 106  25 273 275   -1.68   -0.34   -3.4    3.9    0.78
  152 K0           311 197 107  25 276 276    0.06   -0.06  -27.8   27.8    0.50
  153 KDL_2BR0  -10315 197 107  25 277 278   -0.11    0.02 -273.4  273.4    1.77
  154 K*-         -323 197 108  25 279 280   -0.11   -0.23  -34.1   34.2    0.89
  155 FL_1       20223 197 108  25 281 282   -0.02    0.11  -55.4   55.4    1.28
  156 KDH_2BR0  -20315 197 109  25 283 284    0.39   -0.54  -37.8   37.8    1.82
  157 A_10       20113 197 109  25 285 286   -0.84    0.11  -23.8   23.9    1.23
  158 RHO-        -213 197 110  25 287 288   -0.04    0.22  -25.1   25.1    0.77
  159 K+           321   1 110  25   0   0   -0.09   -0.34  -12.2   12.2    0.49
  160 RHO0         113 197 111  25 289 290   -0.16   -0.06  -99.2   99.2    0.77
  161 PI0          111   1 111  25   0   0    0.14    0.04   -7.4    7.4    0.13
  162 N           2112   1 112  25   0   0   -0.14   -0.07  -99.1   99.1    0.94
  163 DELTABR+   -1114 197 112  25 291 292    0.08    0.00  -76.6   76.7    1.23
  164 LAMBDA      3122 197 113  25 293 294   -0.65   -0.08  -34.7   34.7    1.12
  165 XI*BAR     -3324 197 113  25 295 296    0.49   -0.07 -132.6  132.6    1.53

                            ---H/W/Z BOSON DECAYS---  

 IHEP    ID      IDPDG IST MO1 MO2 DA1 DA2   P-X     P-Y     P-Z  ENERGY    MASS
  166 BQRK           5 123  15 167 168 167   -5.12  473.24  652.8  806.3    4.95
  167 BBAR          -5 124  15 166 174 166    5.65   -4.61    2.9    9.3    4.95

                              ---PARTON SHOWERS---    

 IHEP    ID      IDPDG IST MO1 MO2 DA1 DA2   P-X     P-Y     P-Z  ENERGY    MASS
  168 BQRK          94 143 166  15 170 173   -4.83  465.04  641.8  793.0   23.99
  169 CONE           0 100 166 167   0   0    0.69    2.09    4.1    4.6    0.00
  170 BQRK           5   2 168 171 180 179   -3.85  314.82  420.5  525.3    4.95
  171 GLUON         21   2 168 172 181 182   -1.43  142.38  207.5  251.6    0.75
  172 GLUON         21   2 168 173 183 184   -0.05    3.87    6.7    7.8    0.75
  173 GLUON         21   2 168 176 185 186    0.50    3.96    7.2    8.2    0.75
  174 BBAR          94 144 167  15 176 179    5.36    3.59   13.9   22.7   16.67
  175 CONE           0 100 167 166   0   0   -1.39    0.26   -1.9    2.4    0.00
  176 GLUON         21   2 174 177 187 188   -0.50    0.95   -1.6    2.0    0.75
  177 GLUON         21   2 174 178 189 190   -0.46    0.76   -0.8    1.4    0.75
  178 GLUON         21   2 174 179 191 192    0.66    2.40    3.4    4.3    0.75
  179 BBAR          -5   2 174 180 193 192    5.67   -0.51   12.9   14.9    4.95

                              ---GLUON SPLITTING---   

 IHEP    ID      IDPDG IST MO1 MO2 DA1 DA2   P-X     P-Y     P-Z  ENERGY    MASS
  180 BQRK           5 158 168 194 200 193   -3.76  307.58  410.9  513.3    4.95
  181 DBAR          -1 158 168 182 207 195   -0.80   74.38  108.6  131.7    0.32
  182 DQRK           1 158 168 183 201 181   -0.53   57.74   83.8  101.8    0.32
  183 UBAR          -2 158 168 184 201 182   -0.13    2.61    4.3    5.0    0.32
  184 UQRK           2 158 168 185 202 183    0.08    1.26    2.5    2.8    0.32
  185 DBAR          -1 158 168 186 202 184    0.21    1.03    1.9    2.2    0.32
  186 DQRK           1 158 168 196 203 185    0.25    2.52    4.6    5.2    0.32
  187 UBAR          -2 158 174 188 208 197   -0.17    0.33   -0.7    0.9    0.32
  188 UQRK           2 158 174 189 204 187   -0.26    0.49   -0.5    0.8    0.32
  189 UBAR          -2 158 174 190 204 188   -0.16    0.51   -0.3    0.7    0.32
  190 UQRK           2 158 174 191 205 189   -0.30    0.24   -0.5    0.7    0.32
  191 DBAR          -1 158 174 192 205 190    0.57    1.38    2.0    2.5    0.32
  192 DQRK           1 158 174 198 206 191    0.11    0.40    0.7    0.9    0.32
  193 BBAR          -5 158 174 180 209 199    5.19   -0.19   12.1   14.1    4.95
  194 DBAR          -1 159 168 195 200 180   -0.10    8.44   11.7   14.4    0.32
  195 DQRK           1 159 168 181 207 194   -0.10    9.06   12.9   15.7    0.32
  196 SBAR          -3 159 174 197 203 186   -0.01    0.28    0.2    0.6    0.50
  197 SQRK           3 159 168 187 208 196   -0.02    0.26    0.2    0.6    0.50
  198 DBAR          -1 159 174 199 206 192    0.34   -0.01    0.8    0.9    0.32
  199 DQRK           1 159 174 193 209 198    0.12    0.30    0.6    0.8    0.32

                             ---CLUSTER FORMATION---  

 IHEP    ID      IDPDG IST MO1 MO2 DA1 DA2   P-X     P-Y     P-Z  ENERGY    MASS
  200 CLUS          91 183 180 194 210 211   -3.86  316.02  422.6  527.7    5.59
  201 CLUS          91 183 182 183 212 213   -0.66   60.35   88.1  106.8    2.02
  202 CLUS          91 183 184 185 214 215    0.29    2.29    4.3    4.9    0.67
  203 CLUS          91 183 186 196 216 217    0.24    2.80    4.8    5.8    1.79
  204 CLUS          91 183 188 189 218 219   -0.42    1.00   -0.8    1.5    0.67
  205 CLUS          91 183 190 191 220 221    0.26    1.63    1.5    3.2    2.37
  206 CLUS          91 183 192 198 222 223    0.44    0.39    1.5    1.8    0.80
  207 CLUS          91 183 195 181 224 225   -0.90   83.44  121.5  147.4    1.19
  208 CLUS          91 183 197 187 226 227   -0.19    0.60   -0.6    1.5    1.21
  209 CLUS          91 183 199 193 228 229    5.31    0.11   12.8   14.9    5.48

                              ---CLUSTER DECAYS---    

 IHEP    ID      IDPDG IST MO1 MO2 DA1 DA2   P-X     P-Y     P-Z  ENERGY    MASS
  210 B*BAR0      -513 197 200 168 297 298   -3.82  312.47  417.7  521.7    5.32
  211 PI0          111   1 200 168   0   0   -0.04    3.55    4.9    6.1    0.13
  212 RHO_3-      -217 197 201 168 299 300   -0.67   46.55   68.2   82.6    1.69
  213 PI0          111   1 201 168   0   0    0.02   13.80   19.9   24.2    0.13
  214 PI0          111   1 202 168   0   0   -0.06    0.51    0.6    0.8    0.13
  215 PI+          211   1 202 168   0   0    0.35    1.78    3.7    4.1    0.14
  216 PI-         -211   1 203 168   0   0   -0.51    0.86    1.0    1.4    0.14
  217 K*+          323 197 203 168 301 302    0.75    1.94    3.8    4.4    0.89
  218 PI+          211   1 204 174   0   0   -0.02    0.17    0.1    0.2    0.14
  219 PI-         -211   1 204 174   0   0   -0.40    0.83   -0.8    1.3    0.14
  220 DELTA++     2224 197 205 174 303 304    0.31    0.70    1.2    1.9    1.23
  221 PBAR       -2212   1 205 174   0   0   -0.05    0.92    0.2    1.3    0.94
  222 PI-         -211   1 206 174   0   0    0.17    0.04   -0.0    0.2    0.14
  223 PI+          211   1 206 174   0   0    0.27    0.35    1.5    1.6    0.14
  224 OMEGA        223 197 207 168 305 307   -0.40   46.50   67.3   81.8    0.78
  225 PI0          111   1 207 168   0   0   -0.50   36.94   54.2   65.6    0.13
  226 K-          -321   1 208 168   0   0   -0.09   -0.19   -0.4    0.6    0.49
  227 PI0          111   1 208 168   0   0   -0.10    0.78   -0.2    0.8    0.13
  228 PI-         -211   1 209 174   0   0    0.06    0.11    0.3    0.3    0.14
  229 B+           521 199 209 174 345 346    5.25    0.00   12.5   14.6    5.28

                           ---STRONG HADRON DECAYS--- 

 IHEP    ID      IDPDG IST MO1 MO2 DA1 DA2   P-X     P-Y     P-Z  ENERGY    MASS
  230 PI+          211   1 115  16   0   0    1.66  -29.09   -4.6   29.5    0.14
  231 PI-         -211   1 115  16   0   0   10.13 -206.48  -33.2  209.4    0.14
  232 RHO0         113 198 116  16 308 309    0.60   -5.98   -0.9    6.1    0.77
  233 PI-         -211   1 116  16   0   0   -0.16   -2.00   -0.0    2.0    0.14
  234 PI+          211   1 121  16   0   0    0.05   -0.83   -1.4    1.7    0.14
  235 PI-         -211   1 121  16   0   0    0.11    0.10   -0.2    0.3    0.14
  236 ETA          221 198 122  23 310 311    0.46   -0.11  957.8  957.8    0.55
  237 PI0          111   1 122  23   0   0    0.10   -0.88  541.3  541.3    0.13
  238 OMEGA        223 198 123  23 312 313    0.05   -0.63 1421.9 1421.9    0.78
  239 PI-         -211   1 123  23   0   0    0.28    0.03  191.2  191.2    0.14
  240 N           2112   1 124  25   0   0   -0.28   -0.74   -3.5    3.7    0.94
  241 PI0          111   1 124  25   0   0   -0.26    0.02   -0.8    0.9    0.13
  242 NBAR       -2112   1 125  25   0   0   -0.28    0.54   -7.0    7.1    0.94
  243 PI+          211   1 125  25   0   0   -0.22    0.21   -4.4    4.5    0.14
  244 RHO0         113 198 127  25 314 315   -0.33   -0.56   -8.4    8.4    0.77
  245 PI0          111   1 127  25   0   0   -0.38   -0.13   -8.0    8.0    0.13
  246 PI0          111   1 128  25   0   0   -0.05   -0.14   -4.2    4.2    0.13
  247 GAMMA         22   1 128  25   0   0   -2.48   -3.66  -68.0   68.2    0.00
  248 K_L0         130   1 131  25   0   0   -1.49   -2.95  -50.0   50.1    0.50
  249 PI-         -211   1 133  25   0   0   -0.34   -0.53   -8.0    8.0    0.14
  250 PI0          111   1 133  25   0   0   -2.22   -6.57  -75.8   76.2    0.13
  251 PI+          211   1 135  25   0   0   -0.15   -0.62   -5.6    5.6    0.14
  252 PI-         -211   1 135  25   0   0   -1.31   -1.99  -24.4   24.6    0.14
  253 PI0          111   1 135  25   0   0   -0.60   -1.35  -15.6   15.6    0.13
  254 N           2112   1 136  25   0   0   -0.97   -0.51   -5.5    5.7    0.94
  255 PI-         -211   1 136  25   0   0   -0.64   -0.10   -2.1    2.2    0.14
  256 LAMBDABR   -3122 198 137  25 316 317   -0.21   -0.29   -5.3    5.4    1.12
  257 PI+          211   1 137  25   0   0   -0.18   -0.31   -1.4    1.5    0.14
  258 RHO-        -213 198 138  25 318 319   -0.58   -0.72   -7.7    7.7    0.77
  259 PI+          211   1 138  25   0   0    0.03    0.19   -1.3    1.3    0.14
  260 N           2112   1 141  23   0   0    0.29   -0.54 1922.9 1922.9    0.94
  261 PI0          111   1 141  23   0   0    0.25    0.05  317.6  317.6    0.13
  262 P           2212   1 143  25   0   0    0.20    0.05-1708.9 1708.9    0.94
  263 PI+          211   1 143  25   0   0   -0.09    0.11 -133.8  133.8    0.14
  264 PI-         -211   1 146  16   0   0   -0.04   -0.34   -0.3    0.5    0.14
  265 PI0          111   1 146  16   0   0    0.44   -2.08   -0.1    2.1    0.13
  266 PI+          211   1 147  16   0   0    0.67   -1.52   -0.4    1.7    0.14
  267 PI0          111   1 147  16   0   0    0.22   -0.01   -0.1    0.3    0.13
  268 PI+          211   1 149  25   0   0   -0.31   -0.59   -8.6    8.6    0.14
  269 PI-         -211   1 149  25   0   0   -1.42   -5.31  -65.8   66.0    0.14
  270 PI0          111   1 149  25   0   0   -0.33   -1.36  -17.7   17.7    0.13
  271 KBAR0       -311 198 150  25 320 320   -0.19   -0.18   -1.6    1.7    0.50
  272 PI-         -211   1 150  25   0   0   -0.71   -0.12   -1.7    1.9    0.14
  273 PI+          211   1 151  25   0   0   -1.30   -0.27   -2.3    2.7    0.14
  274 PI-         -211   1 151  25   0   0   -0.21   -0.10   -0.8    0.9    0.14
  275 PI0          111   1 151  25   0   0   -0.17    0.03   -0.2    0.3    0.13
  276 K_S0         310 198 152  25 321 322    0.06   -0.06  -27.8   27.8    0.50
  277 KBAR0       -311 198 153  25 323 323   -0.46    0.02 -193.9  193.9    0.50
  278 OMEGA        223 198 153  25 324 326    0.34   -0.01  -79.5   79.5    0.78
  279 K-          -321   1 154  25   0   0   -0.27   -0.27  -17.3   17.3    0.49
  280 PI0          111   1 154  25   0   0    0.16    0.04  -16.8   16.8    0.13
  281 A_00     9000111 198 155  25 327 328    0.03   -0.03  -51.6   51.6    1.00
  282 PI0          111   1 155  25   0   0   -0.05    0.14   -3.8    3.8    0.13
  283 K*_2-       -325 198 156  25 329 330    0.27   -0.68  -27.3   27.3    1.43
  284 PI+          211   1 156  25   0   0    0.11    0.14  -10.5   10.5    0.14
  285 RHO-        -213 198 157  25 331 332   -0.68    0.42  -17.8   17.9    0.77
  286 PI+          211   1 157  25   0   0   -0.16   -0.32   -6.0    6.0    0.14
  287 PI-         -211   1 158  25   0   0   -0.06    0.45  -11.4   11.4    0.14
  288 PI0          111   1 158  25   0   0    0.02   -0.24  -13.7   13.7    0.13
  289 PI+          211   1 160  25   0   0   -0.21   -0.23  -20.5   20.5    0.14
  290 PI-         -211   1 160  25   0   0    0.05    0.16  -78.7   78.7    0.14
  291 NBAR       -2112   1 163  25   0   0   -0.12    0.13  -63.1   63.1    0.94
  292 PI+          211   1 163  25   0   0    0.20   -0.12  -13.6   13.6    0.14
  293 P           2212   1 164  25   0   0   -0.44   -0.06  -28.5   28.5    0.94
  294 PI-         -211   1 164  25   0   0   -0.21   -0.02   -6.2    6.2    0.14
  295 XIBAR+     -3312 198 165  25 333 334    0.45    0.02 -125.2  125.2    1.32
  296 PI-         -211   1 165  25   0   0    0.04   -0.09   -7.5    7.5    0.14
  297 B_DBAR0     -511 200 210 168 335 335   -3.76  309.53  413.7  516.7    5.28
  298 GAMMA         22   1 210 168   0   0   -0.05    2.95    4.0    5.0    0.00
  299 OMEGA        223 198 212 168 336 338   -0.01   34.31   49.6   60.3    0.78
  300 PI-         -211   1 212 168   0   0   -0.67   12.25   18.6   22.3    0.14
  301 K0           311 198 217 168 339 339    0.29    1.26    1.9    2.4    0.50
  302 PI+          211   1 217 168   0   0    0.46    0.68    1.9    2.0    0.14
  303 P           2212   1 220 174   0   0    0.25    0.49    0.7    1.3    0.94
  304 PI+          211   1 220 174   0   0    0.05    0.21    0.6    0.6    0.14
  305 PI+          211   1 224 168   0   0   -0.19    5.46    7.7    9.5    0.14
  306 PI-         -211   1 224 168   0   0   -0.14   23.06   33.7   40.8    0.14
  307 PI0          111   1 224 168   0   0   -0.08   17.98   25.9   31.5    0.13
  308 PI+          211   1 232  16   0   0    0.15   -4.43   -0.6    4.5    0.14
  309 PI-         -211   1 232  16   0   0    0.46   -1.55   -0.3    1.7    0.14
  310 GAMMA         22   1 236  23   0   0    0.00   -0.16   85.2   85.2    0.00
  311 GAMMA         22   1 236  23   0   0    0.45    0.05  872.6  872.6    0.00
  312 PI0          111   1 238  23   0   0    0.36   -0.50 1098.0 1098.0    0.13
  313 GAMMA         22   1 238  23   0   0   -0.31   -0.13  323.9  323.9    0.00
  314 PI+          211   1 244  25   0   0   -0.54   -0.44   -6.5    6.5    0.14
  315 PI-         -211   1 244  25   0   0    0.22   -0.12   -1.9    1.9    0.14
  316 NBAR       -2112   1 256  25   0   0   -0.14   -0.21   -4.0    4.1    0.94
  317 PI0          111   1 256  25   0   0   -0.07   -0.08   -1.3    1.3    0.13
  318 PI-         -211   1 258  25   0   0   -0.43   -0.84   -5.6    5.6    0.14
  319 PI0          111   1 258  25   0   0   -0.16    0.12   -2.1    2.1    0.13
  320 K_L0         130   1 271  25   0   0   -0.19   -0.18   -1.6    1.7    0.50
  321 PI+          211   1 276  25   0   0    0.08    0.17  -11.2   11.2    0.14
  322 PI-         -211   1 276  25   0   0   -0.02   -0.23  -16.6   16.6    0.14
  323 K_L0         130   1 277  25   0   0   -0.46    0.02 -193.9  193.9    0.50
  324 PI+          211   1 278  25   0   0   -0.00   -0.10   -5.1    5.1    0.14
  325 PI-         -211   1 278  25   0   0    0.02    0.04  -23.1   23.1    0.14
  326 PI0          111   1 278  25   0   0    0.33    0.05  -51.3   51.3    0.13
  327 ETA          221 198 281  25 340 341   -0.04   -0.04  -16.2   16.2    0.55
  328 PI0          111   1 281  25   0   0    0.06    0.00  -35.3   35.3    0.13
  329 KBAR0       -311 198 283  25 342 342    0.67   -0.73  -15.6   15.6    0.50
  330 PI-         -211   1 283  25   0   0   -0.40    0.05  -11.6   11.7    0.14
  331 PI-         -211   1 285  25   0   0   -0.69    0.12   -9.0    9.0    0.14
  332 PI0          111   1 285  25   0   0    0.01    0.30   -8.9    8.9    0.13
  333 LAMBDABR   -3122 198 295  25 343 344    0.44    0.01 -119.6  119.6    1.12
  334 PI+          211   1 295  25   0   0    0.01    0.01   -5.6    5.6    0.14
  335 B_DBAR0     -511 199 297 168 380 381   -3.76  309.53  413.7  516.7    5.28
  336 PI+          211   1 299 168   0   0   -0.28    9.02   13.1   15.9    0.14
  337 PI-         -211   1 299 168   0   0    0.06   14.14   20.4   24.8    0.14
  338 PI0          111   1 299 168   0   0    0.21   11.15   16.1   19.6    0.13
  339 K_L0         130   1 301 168   0   0    0.29    1.26    1.9    2.4    0.50
  340 GAMMA         22   1 327  25   0   0   -0.21   -0.18  -12.4   12.4    0.00
  341 GAMMA         22   1 327  25   0   0    0.17    0.14   -3.9    3.9    0.00
  342 K_L0         130   1 329  25   0   0    0.67   -0.73  -15.6   15.6    0.50
  343 PBAR       -2212   1 333  25   0   0    0.39   -0.09 -103.2  103.2    0.94
  344 PI+          211   1 333  25   0   0    0.05    0.10  -16.4   16.4    0.14

                           ---HEAVY PARTICLE DECAYS---

 IHEP    ID      IDPDG IST MO1 MO2 DA1 DA2   P-X     P-Y     P-Z  ENERGY    MASS
  345 UQRK           2 125 229 349 350 349    0.32    0.00    0.8    0.9    0.32
  346 BBAR          -5 155 229 345 347 349    4.94    0.00   11.7   13.7    4.96
  347 CBAR          -4 123 346 348 351 348    1.91    0.28    2.4    3.4    1.55
  348 CQRK           4 124 346 347 353 347    1.36   -0.76    6.4    6.8    1.55
  349 SBAR          -3 124 346 346 355 346    1.66    0.48    3.0    3.5    0.50
  350 UQRK           2 160 345 359 360 359    0.32    0.00    0.8    0.9    0.32

                              ---PARTON SHOWERS---    

 IHEP    ID      IDPDG IST MO1 MO2 DA1 DA2   P-X     P-Y     P-Z  ENERGY    MASS
  351 CBAR          94 143 347 346 352 352    1.91    0.28    2.4    3.4    1.55
  352 CBAR          -4   2 351 354 357 354    1.91    0.28    2.4    3.4    1.55
  353 CQRK          94 144 348 346 354 354    1.36   -0.76    6.4    6.8    1.55
  354 CQRK           4   2 353 357 358 357    1.36   -0.76    6.4    6.8    1.55
  355 SBAR          94 144 349 346 356 356    1.66    0.48    3.0    3.5    0.50
  356 SBAR          -3   2 355 350 359 350    1.66    0.48    3.0    3.5    0.50

                              ---GLUON SPLITTING---   

 IHEP    ID      IDPDG IST MO1 MO2 DA1 DA2   P-X     P-Y     P-Z  ENERGY    MASS
  357 CBAR          -4 158 351 358 361 358    1.91    0.28    2.4    3.4    1.55
  358 CQRK           4 158 353 357 361 357    1.36   -0.76    6.4    6.8    1.55
  359 SBAR          -3 158 355 350 360 350    1.66    0.48    3.0    3.5    0.50

                             ---CLUSTER FORMATION---  

 IHEP    ID      IDPDG IST MO1 MO2 DA1 DA2   P-X     P-Y     P-Z  ENERGY    MASS
  360 CLUS          91 183 350 359 362 363    1.98    0.48    3.7    4.4    0.96
  361 CLUS          91 183 358 357 364 365    3.28   -0.48    8.8   10.2    4.01

                              ---CLUSTER DECAYS---    

 IHEP    ID      IDPDG IST MO1 MO2 DA1 DA2   P-X     P-Y     P-Z  ENERGY    MASS
  362 PI0          111   1 360 345   0   0    0.04   -0.10    0.3    0.3    0.13
  363 K+           321   1 360 345   0   0    1.93    0.58    3.4    4.0    0.49
  364 D*+          413 197 361 353 366 367    1.59   -0.45    5.3    5.9    2.01
  365 D-          -411 197 361 353 368 372    1.69   -0.03    3.4    4.3    1.87

                           ---STRONG HADRON DECAYS--- 

 IHEP    ID      IDPDG IST MO1 MO2 DA1 DA2   P-X     P-Y     P-Z  ENERGY    MASS
  366 D0           421 198 364 353 373 376    1.44   -0.44    4.9    5.4    1.86
  367 PI+          211   1 364 353   0   0    0.14   -0.02    0.5    0.5    0.14
  368 K+           321   1 365 353   0   0    0.29   -0.39    1.0    1.2    0.49
  369 PI-         -211   1 365 353   0   0    0.03   -0.04    0.3    0.4    0.14
  370 PI-         -211   1 365 353   0   0    0.12    0.16    0.4    0.4    0.14
  371 PI0          111   1 365 353   0   0    1.14    0.08    1.6    2.0    0.13
  372 PI0          111   1 365 353   0   0    0.11    0.16    0.1    0.3    0.13
  373 KBAR0       -311 198 366 353 377 377    0.98    0.20    2.2    2.5    0.50
  374 PI-         -211   1 366 353   0   0    0.41   -0.57    1.9    2.0    0.14
  375 NU_MU         14   1 366 353   0   0   -0.04   -0.26    0.3    0.4    0.00
  376 MU+          -13   1 366 353   0   0    0.10    0.20    0.4    0.5    0.11
  377 K_S0         310 198 373 353 378 379    0.98    0.20    2.2    2.5    0.50
  378 PI+          211   1 377 353   0   0    0.82    0.29    1.7    1.9    0.14
  379 PI-         -211   1 377 353   0   0    0.16   -0.10    0.5    0.5    0.14

                           ---HEAVY PARTICLE DECAYS---

 IHEP    ID      IDPDG IST MO1 MO2 DA1 DA2   P-X     P-Y     P-Z  ENERGY    MASS
  380 BQRK           5 155 335 381 382 384   -3.53  290.76  388.6  485.4    4.96
  381 DBAR          -1 125 335 384 385 384   -0.23   18.76   25.1   31.3    0.32
  382 SQRK           3 123 380 383 386 383   -0.54  107.04  142.7  178.4    0.50
  383 CBAR          -4 124 380 382 388 382   -1.46  139.31  188.2  234.1    1.55
  384 UQRK           2 124 380 380 390 380   -1.53   44.41   57.7   72.8    0.32
  385 DBAR          -1 160 381 394 396 394   -0.23   18.76   25.1   31.3    0.32

                              ---PARTON SHOWERS---    

 IHEP    ID      IDPDG IST MO1 MO2 DA1 DA2   P-X     P-Y     P-Z  ENERGY    MASS
  386 SQRK          94 143 382 380 387 387   -0.54  107.04  142.7  178.4    0.50
  387 SQRK           3   2 386 389 392 389   -0.54  107.04  142.7  178.4    0.50
  388 CBAR          94 144 383 380 389 389   -1.46  139.31  188.2  234.1    1.55
  389 CBAR          -4   2 388 392 393 392   -1.46  139.31  188.2  234.1    1.55
  390 UQRK          94 144 384 380 391 391   -1.53   44.41   57.7   72.8    0.32
  391 UQRK           2   2 390 385 394 385   -1.53   44.41   57.7   72.8    0.32

                              ---GLUON SPLITTING---   

 IHEP    ID      IDPDG IST MO1 MO2 DA1 DA2   P-X     P-Y     P-Z  ENERGY    MASS
  392 SQRK           3 158 386 393 395 393   -0.54  107.04  142.7  178.4    0.50
  393 CBAR          -4 158 388 392 395 392   -1.46  139.31  188.2  234.1    1.55
  394 UQRK           2 158 390 385 396 385   -1.53   44.41   57.7   72.8    0.32

                             ---CLUSTER FORMATION---  

 IHEP    ID      IDPDG IST MO1 MO2 DA1 DA2   P-X     P-Y     P-Z  ENERGY    MASS
  395 CLUS          91 183 392 393 397 398   -2.00  246.36  330.9  412.6    2.61
  396 CLUS          91 183 394 385 399 400   -1.76   63.17   82.7  104.1    1.17

                              ---CLUSTER DECAYS---    

 IHEP    ID      IDPDG IST MO1 MO2 DA1 DA2   P-X     P-Y     P-Z  ENERGY    MASS
  397 KBAR0       -311 197 395 386 401 401   -0.39   63.83   85.3  106.6    0.50
  398 D*-         -413 197 395 386 402 403   -1.61  182.53  245.6  306.0    2.01
  399 PI+          211   1 396 390   0   0   -1.64   46.52   60.4   76.2    0.14
  400 PI0          111   1 396 390   0   0   -0.12   16.64   22.4   27.9    0.13

                           ---STRONG HADRON DECAYS--- 

 IHEP    ID      IDPDG IST MO1 MO2 DA1 DA2   P-X     P-Y     P-Z  ENERGY    MASS
  401 K_S0         310 198 397 386 404 405   -0.39   63.83   85.3  106.6    0.50
  402 D-          -411 198 398 386 406 408   -1.45  163.58  219.9  274.1    1.87
  403 GAMMA         22   1 398 386   0   0   -0.16   18.95   25.7   31.9    0.00
  404 PI+          211   1 401 386   0   0   -0.09   16.71   22.6   28.1    0.14
  405 PI-         -211   1 401 386   0   0   -0.30   47.12   62.7   78.4    0.14
  406 NU_MUBAR     -14   1 402 386   0   0   -0.20   57.89   76.9   96.2    0.00
  407 MU-           13   1 402 386   0   0   -0.13   34.27   45.9   57.3    0.11
  408 K0           311 198 402 386 409 409   -1.13   71.43   97.1  120.6    0.50
  409 K_L0         130   1 408 386   0   0   -1.13   71.43   97.1  120.6    0.50

 HWWARN CALLED FROM SUBPROGRAM HWSMRS: CODE =   5
 EVENT       2:   SEEDS =   74312687 & 1152033613  WEIGHT = 0.5919E-03
 EVENT SURVIVES. EXECUTION CONTINUES
 WARNING: MRST98 CALLED WITH Q OUTSIDE ALLOWED RANGE!
 Q VALUE=1.430E+04, MINIMUM=1.118E+00, MAXIMUM=3.162E+03
 NO FURTHER WARNINGS WILL BE ISSUED



 EVENT       2: 6500.00 GEV/C P        ON  6500.00 GEV/C P        PROCESS:-18000
 SEEDS:    74312687 &  1152033613   STATUS:  100 ERROR:   0  WEIGHT:  5.9188E-04


                               ---INITIAL STATE---    

 IHEP    ID      IDPDG IST MO1 MO2 DA1 DA2   P-X     P-Y     P-Z  ENERGY    MASS
    1 P           2212 101   0   0   0   0    0.00    0.00 6500.0 6500.0    0.94
    2 P           2212 102   0   0   0   0    0.00    0.00-6500.0 6500.0    0.94
    3 CMF            0 103   1   2   0   0    0.00    0.00    0.013000.013000.00

                              ---HARD SUBPROCESS---   

 IHEP    ID      IDPDG IST MO1 MO2 DA1 DA2   P-X     P-Y     P-Z  ENERGY    MASS
    4 UQRK           2 121   6   8  11  10    0.00    0.00 2641.6 2641.6    0.32
    5 DQRK           1 122   6   9  13   8    0.00    0.00 -672.0  672.0    0.32
    6 HARD           0 120   4   5   7  10    1.45    0.95 1969.5 3313.6 2664.77
    7 HIGGS         25 123   6   7  17   7  236.53   64.98  -55.5  280.8  125.00
    8 UQRK           2 124   6   5  18   4  -78.67    2.69 -497.7  503.9    0.32
    9 DQRK           1 124   6  10  24   5 -116.63  -28.88 1813.1 1817.1    0.32
   10 GLUON         21 124   6   4  26   9  -41.22  -38.79  709.6  711.8    0.75

                              ---PARTON SHOWERS---    

 IHEP    ID      IDPDG IST MO1 MO2 DA1 DA2   P-X     P-Y     P-Z  ENERGY    MASS
   11 UQRK          94 141   4   6  12  12    0.00    0.00 2641.6 2641.6    0.54
   12 UD          2101   2  11  20  33  32    0.00    0.00 3858.4 3858.4    0.32
   13 DQRK          94 142   5   6  15  16    1.45    0.95 -672.1  672.0   -5.96
   14 CONE           0 100   5   8   0   0   -1.00    0.03   -5.2    5.2    0.00
   15 GLUON         21   2  13  16  34  35   -1.45   -0.95  -73.8   73.8    0.75
   16 UU          2203   2  13  25  36  35    0.00    0.00-5754.2 5754.2    0.32
   17 HIGGS         25 195   7   6 123 124  236.44   65.00  -55.4  280.8  125.00
   18 UQRK          94 144   8   6  20  23  -78.38    2.83 -497.1  503.6   20.26
   19 CONE           0 100   8   5   0   0    0.37   -0.01   -4.1    4.1    0.00
   20 UQRK           2   2  18  21  37  33  -47.58   -5.80 -325.7  329.2    0.32
   21 GLUON         21   2  18  22  38  39  -15.10    4.10  -80.7   82.2    0.75
   22 GLUON         21   2  18  23  40  41  -10.86    4.79  -63.9   65.0    0.75
   23 GLUON         21   2  18  34  42  43   -4.85   -0.25  -26.7   27.2    0.75
   24 DQRK          94 144   9   6  25  25 -115.73  -28.33 1811.5 1815.4    0.32
   25 DQRK           1   2  24  28  44  36 -115.73  -28.33 1811.5 1815.4    0.32
   26 GLUON         94 144  10   6  28  32  -40.87  -38.55  710.5  713.8   39.40
   27 CONE           0 100  10   4   0   0    0.44    0.42    5.0    5.0    0.00
   28 UBAR          -2   2  26  29  45  44   -0.54    0.27    5.1    5.1    0.32
   29 UQRK           2   2  26  30  46  45  -16.35   -8.90   82.6   84.7    0.32
   30 GLUON         21   2  26  31  47  48  -11.80  -14.86  328.7  329.3    0.75
   31 GLUON         21   2  26  32  49  50   -6.63   -8.07  160.5  160.9    0.75
   32 GLUON         21   2  26  33  51  52   -5.55   -6.99  133.5  133.8    0.75

                              ---GLUON SPLITTING---   

 IHEP    ID      IDPDG IST MO1 MO2 DA1 DA2   P-X     P-Y     P-Z  ENERGY    MASS
   33 UD          2101 161  11  37  80  56   -0.00   -0.00 3696.3 3696.3    0.64
   34 DBAR          -1 158  13  35  73  43   -1.10   -0.61  -47.2   47.3    0.32
   35 DQRK           1 158  13  57  69  34   -0.26   -0.24  -24.3   24.3    0.32
   36 UU          2203 162  13  44  79  54   -0.00   -0.00-3641.1 3641.1    0.64
   37 UQRK           2 158  18  61  70  33  -30.60   -3.73 -209.5  211.7    0.32
   38 DBAR          -1 158  18  39  82  60   -2.60    0.73  -14.2   14.5    0.32
   39 DQRK           1 158  18  40  71  38  -10.77    2.80  -57.3   58.4    0.32
   40 UBAR          -2 158  18  41  71  39   -5.81    2.38  -34.4   35.0    0.32
   41 UQRK           2 158  18  42  72  40   -5.05    2.40  -29.5   30.0    0.32
   42 DBAR          -1 158  18  43  72  41   -3.50   -0.28  -19.1   19.4    0.32
   43 DQRK           1 158  18  34  73  42   -1.35    0.03   -7.6    7.7    0.32
   44 DQRK           1 158  24  63  74  36  -48.21  -11.80  754.6  756.2    0.32
   45 UBAR          -2 158  26  46  86  68   -0.46    0.16    5.0    5.0    0.32
   46 UQRK           2 158  26  65  75  45  -16.09   -8.76   81.3   83.4    0.32
   47 DBAR          -1 158  26  48  85  66   -2.81   -3.43   77.7   77.8    0.32
   48 DQRK           1 158  26  49  76  47   -8.58  -10.92  239.6  240.0    0.32
   49 DBAR          -1 158  26  50  76  48   -3.02   -3.45   72.4   72.6    0.32
   50 DQRK           1 158  26  51  77  49   -3.62   -4.62   88.1   88.3    0.32
   51 UBAR          -2 158  26  52  77  50   -4.23   -5.27  100.6  100.9    0.32
   52 UQRK           2 158  26  55  78  51   -1.24   -1.62   31.0   31.0    0.32
   53 UBAR          -2 159  13  54  81  58   -0.00   -0.00-1539.2 1539.2    0.32
   54 UQRK           2 159  13  36  79  53   -0.04   -0.04  -69.8   69.8    0.32
   55 UBAR          -2 159  11  56  78  52   -0.07   -0.10   14.3   14.3    0.32
   56 UQRK           2 159  26  33  80  55   -0.01   -0.01  149.8  149.8    0.32
   57 SBAR          -3 159  13  58  69  35   -0.03   -0.03 -207.2  207.2    0.50
   58 SQRK           3 159  13  53  81  57   -0.02   -0.02 -299.1  299.1    0.50
   59 DBAR          -1 159  18  60  83  62   -1.68    0.40   -9.5    9.6    0.32
   60 DQRK           1 159  18  38  82  59   -2.29   -0.20  -15.4   15.6    0.32
   61 DBAR          -1 159  18  62  70  37  -12.32   -1.49  -84.3   85.2    0.32
   62 DQRK           1 159  18  59  83  61   -2.41   -0.22  -16.3   16.4    0.32
   63 SBAR          -3 159  26  64  74  44   -2.37   -0.53   36.7   36.8    0.50
   64 SQRK           3 159  24  67  84  63  -58.57  -14.33  916.7  918.7    0.50
   65 DBAR          -1 159  26  66  75  46   -0.31   -0.27    4.9    5.0    0.32
   66 DQRK           1 159  26  47  85  65   -0.36   -0.38    7.9    7.9    0.32
   67 DBAR          -1 159  26  68  84  64   -5.78   -1.41   90.4   90.6    0.32
   68 DQRK           1 159  24  45  86  67   -0.87   -0.15   13.1   13.2    0.32

                             ---CLUSTER FORMATION---  

 IHEP    ID      IDPDG IST MO1 MO2 DA1 DA2   P-X     P-Y     P-Z  ENERGY    MASS
   69 CLUS          91 183  35  57  87  88   -0.29   -0.28 -231.5  231.5    1.51
   70 CLUS          91 183  37  61  89  90  -42.92   -5.22 -293.8  297.0    0.71
   71 CLUS          91 183  39  40  91  92  -16.58    5.19  -91.7   93.3    1.40
   72 CLUS          91 183  41  42  93  94   -8.55    2.12  -48.6   49.5    2.40
   73 CLUS          91 183  43  34  95  96   -2.44   -0.58  -54.9   55.0    3.06
   74 CLUS          91 183  44  63  97  98  -50.58  -12.33  791.3  793.0    2.36
   75 CLUS          91 183  46  65  99 100  -16.41   -9.03   86.3   88.3    3.18
   76 CLUS          91 183  48  49 101 102  -11.60  -14.37  312.0  312.6    1.11
   77 CLUS          91 183  50  51 103 104   -7.84   -9.89  188.7  189.2    0.65
   78 CLUS          91 183  52  55 105 106   -1.31   -1.72   45.2   45.3    1.39
   79 CLUS          91 185  54  36 107 108   -0.04   -0.04-3710.9 3710.9    2.46
   80 CLUS          91 184  56  33 109 110   -0.01   -0.01 3846.1 3846.1    1.75
   81 CLUS          91 183  58  53 111 112   -0.02   -0.02-1838.3 1838.3    1.29
   82 CLUS          91 183  60  38 113 114   -4.89    0.53  -29.6   30.1    1.25
   83 CLUS          91 183  62  59 115 116   -4.09    0.18  -25.7   26.1    1.02
   84 CLUS          91 183  64  67 117 118  -64.35  -15.74 1007.1 1009.3    1.19
   85 CLUS          91 183  66  47 119 120   -3.17   -3.81   85.6   85.7    1.13
   86 CLUS          91 183  68  45 121 122   -1.34    0.01   18.2   18.2    0.83

                              ---CLUSTER DECAYS---    

 IHEP    ID      IDPDG IST MO1 MO2 DA1 DA2   P-X     P-Y     P-Z  ENERGY    MASS
   87 RHO0         113 197  69  13 158 159   -0.55   -0.16 -122.5  122.5    0.77
   88 K0           311 197  69  13 160 160    0.26   -0.12 -109.0  109.0    0.50
   89 PI+          211   1  70  18   0   0  -41.26   -5.03 -282.4  285.5    0.14
   90 PI0          111   1  70  18   0   0   -1.67   -0.19  -11.4   11.5    0.13
   91 K0           311 197  71  18 161 161   -5.63    1.81  -30.9   31.5    0.50
   92 K*-         -323 197  71  18 162 163  -10.95    3.38  -60.8   61.9    0.89
   93 DELTA++     2224 197  72  18 164 165   -6.02    1.77  -32.9   33.5    1.23
   94 PBAR       -2212   1  72  18   0   0   -2.53    0.35  -15.8   16.0    0.94
   95 DELTA+      2214 197  73  18 166 167   -1.56   -1.20  -31.2   31.3    1.23
   96 DELTABR-   -2214 197  73  18 168 169   -0.89    0.62  -23.6   23.7    1.23
   97 DELTA0      2114 197  74  24 170 171  -28.75   -7.01  449.8  450.8    1.23
   98 LAMBDABR   -3122 197  74  24 172 173  -21.83   -5.32  341.5  342.2    1.12
   99 SIGMA*0     3214 197  75  26 174 175  -12.13   -6.63   62.1   63.7    1.38
  100 SGMA*BR+   -3114 197  75  26 176 177   -4.28   -2.40   24.1   24.7    1.39
  101 PI-         -211   1  76  26   0   0   -0.86   -0.95   19.7   19.7    0.14
  102 RHO+         213 197  76  26 178 179  -10.74  -13.42  292.3  292.8    0.77
  103 PI-         -211   1  77  26   0   0   -5.01   -6.20  115.0  115.3    0.14
  104 PI0          111   1  77  26   0   0   -2.83   -3.69   73.7   73.9    0.13
  105 PI+          211   1  78  26   0   0   -0.40   -0.86   11.1   11.2    0.14
  106 RHO-        -213 197  78  26 180 181   -0.91   -0.86   34.1   34.1    0.77
  107 RHO+         213 197  79  13 182 183    0.64    0.20-1457.1 1457.1    0.77
  108 DELTA+      2214 197  79  13 184 185   -0.69   -0.24-2253.8 2253.8    1.23
  109 PI+          211   1  80  26   0   0    0.35   -0.20 2393.2 2393.2    0.14
  110 N           2112   1  80  26   0   0   -0.36    0.19 1452.9 1452.9    0.94
  111 K*-         -323 197  81  13 186 187    0.08   -0.02-1775.7 1775.7    0.89
  112 PI0          111   1  81  13   0   0   -0.10   -0.01  -62.6   62.6    0.13
  113 PI0          111   1  82  18   0   0   -1.30   -0.34   -6.6    6.7    0.13
  114 PI0          111   1  82  18   0   0   -3.59    0.87  -23.0   23.3    0.13
  115 OMEGA        223 197  83  18 188 189   -3.57    0.19  -21.4   21.7    0.78
  116 PI0          111   1  83  18   0   0   -0.53   -0.01   -4.3    4.4    0.13
  117 K-          -321   1  84  24   0   0  -31.09   -8.02  484.4  485.5    0.49
  118 PI+          211   1  84  24   0   0  -33.26   -7.72  522.7  523.8    0.14
  119 RHO-        -213 197  85  26 190 191   -1.72   -2.08   43.9   44.0    0.77
  120 PI+          211   1  85  26   0   0   -1.45   -1.73   41.6   41.7    0.14
  121 PI-         -211   1  86  24   0   0   -0.97   -0.23   15.2   15.2    0.14
  122 PI0          111   1  86  24   0   0   -0.36    0.24    3.0    3.0    0.13

                            ---H/W/Z BOSON DECAYS---  

 IHEP    ID      IDPDG IST MO1 MO2 DA1 DA2   P-X     P-Y     P-Z  ENERGY    MASS
  123 BQRK           5 123  17 124 125 124   61.47   59.95  -61.2  105.5    4.95
  124 BBAR          -5 124  17 123 129 123  174.97    5.06    5.8  175.2    4.95

                              ---PARTON SHOWERS---    

 IHEP    ID      IDPDG IST MO1 MO2 DA1 DA2   P-X     P-Y     P-Z  ENERGY    MASS
  125 BQRK          94 143 123  17 127 128   62.00   59.79  -61.0  105.9    9.38
  126 CONE           0 100 123 124   0   0    0.92   -0.27    0.3    1.0    0.00
  127 BQRK           5   2 125 128 134 133   59.63   58.85  -59.7  103.0    4.95
  128 GLUON         21   2 125 131 135 136    2.37    0.94   -1.2    2.9    0.75
  129 BBAR          94 144 124  17 131 133  174.44    5.21    5.6  174.8    8.38
  130 CONE           0 100 124 123   0   0    0.74    0.70   -0.7    1.2    0.00
  131 GLUON         21   2 129 132 137 138   15.08    0.99    1.5   15.2    0.75
  132 GLUON         21   2 129 133 139 140   23.00    1.70    1.0   23.1    0.75
  133 BBAR          -5   2 129 134 141 140  136.36    2.52    3.1  136.5    4.95

                              ---GLUON SPLITTING---   

 IHEP    ID      IDPDG IST MO1 MO2 DA1 DA2   P-X     P-Y     P-Z  ENERGY    MASS
  134 BQRK           5 158 125 142 144 141   51.36   50.49  -51.2   88.5    4.95
  135 UBAR          -2 158 125 136 148 143    1.15    0.70   -0.7    1.6    0.32
  136 UQRK           2 158 125 137 145 135    0.96    0.20   -0.5    1.2    0.32
  137 UBAR          -2 158 129 138 145 136    6.72    0.50    0.5    6.8    0.32
  138 UQRK           2 158 129 139 146 137    8.35    0.49    1.0    8.4    0.32
  139 DBAR          -1 158 129 140 146 138    7.74    0.73    0.3    7.8    0.32
  140 DQRK           1 158 129 141 147 139   15.26    0.98    0.6   15.3    0.32
  141 BBAR          -5 158 129 134 147 140  136.36    2.52    3.1  136.5    4.95
  142 DBAR          -1 159 125 143 144 134    2.34    2.26   -2.3    4.0    0.32
  143 DQRK           1 159 125 135 148 142    6.18    6.14   -6.2   10.7    0.32

                             ---CLUSTER FORMATION---  

 IHEP    ID      IDPDG IST MO1 MO2 DA1 DA2   P-X     P-Y     P-Z  ENERGY    MASS
  144 CLUS          91 183 134 142 149 149   53.77   52.82  -53.6   92.6    5.28
  145 CLUS          91 183 136 137 150 151    7.68    0.70   -0.0    7.9    1.78
  146 CLUS          91 183 138 139 152 153   16.09    1.21    1.3   16.2    0.93
  147 CLUS          91 183 140 141 154 155  151.63    3.50    3.8  151.8    5.77
  148 CLUS          91 183 143 135 156 157    7.27    6.78   -6.9   12.2    1.40

                              ---CLUSTER DECAYS---    

 IHEP    ID      IDPDG IST MO1 MO2 DA1 DA2   P-X     P-Y     P-Z  ENERGY    MASS
  149 B_DBAR0     -511 200 144 125 192 192   53.77   52.82  -53.6   92.6    5.28
  150 PI+          211   1 145 125   0   0    0.74    0.27    0.3    0.8    0.14
  151 B_1-      -10213 197 145 125 196 197    6.94    0.44   -0.3    7.1    1.23
  152 PI+          211   1 146 129   0   0   12.36    0.79    1.4   12.5    0.14
  153 PI0          111   1 146 129   0   0    3.73    0.42   -0.0    3.8    0.13
  154 PI-         -211   1 147 129   0   0    9.22    0.62    0.4    9.3    0.14
  155 B+           521 197 147 129 198 200  142.41    2.88    3.4  142.6    5.28
  156 OMEGA        223 197 148 125 201 203    3.12    2.49   -2.7    4.9    0.78
  157 PI-         -211   1 148 125   0   0    4.16    4.29   -4.2    7.3    0.14

                           ---STRONG HADRON DECAYS--- 

 IHEP    ID      IDPDG IST MO1 MO2 DA1 DA2   P-X     P-Y     P-Z  ENERGY    MASS
  158 PI+          211   1  87  13   0   0   -0.33   -0.10  -20.3   20.3    0.14
  159 PI-         -211   1  87  13   0   0   -0.22   -0.05 -102.1  102.1    0.14
  160 K_L0         130   1  88  13   0   0    0.26   -0.12 -109.0  109.0    0.50
  161 K_S0         310 198  91  18 204 205   -5.63    1.81  -30.9   31.5    0.50
  162 K-          -321   1  92  18   0   0   -7.74    2.39  -41.4   42.2    0.49
  163 PI0          111   1  92  18   0   0   -3.21    1.00  -19.4   19.7    0.13
  164 P           2212   1  93  18   0   0   -5.56    1.49  -30.4   30.9    0.94
  165 PI+          211   1  93  18   0   0   -0.46    0.28   -2.5    2.5    0.14
  166 N           2112   1  95  18   0   0   -1.15   -1.13  -23.6   23.7    0.94
  167 PI+          211   1  95  18   0   0   -0.40   -0.07   -7.6    7.6    0.14
  168 NBAR       -2112   1  96  18   0   0   -0.63    0.25  -15.4   15.5    0.94
  169 PI-         -211   1  96  18   0   0   -0.26    0.37   -8.2    8.2    0.14
  170 N           2112   1  97  24   0   0  -22.72   -5.45  352.0  352.7    0.94
  171 PI0          111   1  97  24   0   0   -6.03   -1.56   97.9   98.1    0.13
  172 NBAR       -2112   1  98  24   0   0  -17.47   -4.16  273.0  273.6    0.94
  173 PI0          111   1  98  24   0   0   -4.36   -1.15   68.5   68.6    0.13
  174 LAMBDA      3122 198  99  26 206 207  -10.04   -5.68   51.3   52.6    1.12
  175 PI0          111   1  99  26   0   0   -2.09   -0.94   10.8   11.0    0.13
  176 LAMBDABR   -3122 198 100  26 208 209   -3.74   -2.21   22.0   22.5    1.12
  177 PI+          211   1 100  26   0   0   -0.54   -0.19    2.1    2.2    0.14
  178 PI+          211   1 102  26   0   0   -5.13   -6.83  149.5  149.7    0.14
  179 PI0          111   1 102  26   0   0   -5.61   -6.59  142.8  143.1    0.13
  180 PI-         -211   1 106  26   0   0   -1.00   -0.64   26.1   26.1    0.14
  181 PI0          111   1 106  26   0   0    0.08   -0.22    8.0    8.0    0.13
  182 PI+          211   1 107  13   0   0    0.71    0.33-1285.1 1285.1    0.14
  183 PI0          111   1 107  13   0   0   -0.06   -0.13 -172.0  172.0    0.13
  184 P           2212   1 108  13   0   0   -0.65   -0.07-2083.4 2083.4    0.94
  185 PI0          111   1 108  13   0   0   -0.03   -0.17 -170.4  170.4    0.13
  186 KBAR0       -311 198 111  13 210 210    0.08    0.08 -606.5  606.5    0.50
  187 PI-         -211   1 111  13   0   0    0.00   -0.09-1169.2 1169.2    0.14
  188 PI0          111   1 115  18   0   0   -2.19   -0.04  -15.0   15.1    0.13
  189 GAMMA         22   1 115  18   0   0   -1.38    0.23   -6.4    6.6    0.00
  190 PI-         -211   1 119  26   0   0   -0.75   -0.93   25.2   25.2    0.14
  191 PI0          111   1 119  26   0   0   -0.97   -1.15   18.7   18.8    0.13
  192 B_DBAR0     -511 196 149 125 193 195   53.77   52.82  -53.6   92.6    5.28
  193 E-            11   1 192 125   0   0   12.69   14.17  -14.2   23.7    0.00
  194 NU_EBAR      -12   1 192 125   0   0   10.74   11.68  -10.2   18.9    0.00
  195 D+           411 198 192 125 211 213   30.33   26.97  -29.2   50.0    1.87
  196 OMEGA        223 198 151 125 214 216    6.42    0.42   -0.1    6.5    0.78
  197 PI-         -211   1 151 125   0   0    0.52    0.01   -0.2    0.6    0.14
  198 TAU+         -15 198 155 129 217 219   40.19    1.27    0.5   40.3    1.78
  199 NU_TAU        16   1 155 129   0   0   10.84   -0.43    0.2   10.8    0.00
  200 DL_1BAR0  -10423 198 155 129 220 221   91.38    2.04    2.7   91.5    2.42
  201 PI+          211   1 156 125   0   0    1.17    1.15   -1.2    2.0    0.14
  202 PI-         -211   1 156 125   0   0    1.79    1.25   -1.4    2.6    0.14
  203 PI0          111   1 156 125   0   0    0.16    0.09   -0.1    0.3    0.13
  204 PI+          211   1 161  18   0   0   -1.34    0.59   -8.0    8.1    0.14
  205 PI-         -211   1 161  18   0   0   -4.29    1.22  -22.9   23.3    0.14
  206 N           2112   1 174  26   0   0   -8.14   -4.58   41.1   42.2    0.94
  207 PI0          111   1 174  26   0   0   -1.91   -1.11   10.2   10.4    0.13
  208 NBAR       -2112   1 176  26   0   0   -2.90   -1.80   17.3   17.6    0.94
  209 PI0          111   1 176  26   0   0   -0.84   -0.41    4.7    4.8    0.13
  210 K_S0         310 198 186  13 222 223    0.08    0.08 -606.5  606.5    0.50
  211 PI+          211   1 195 125   0   0    8.17    7.20   -7.5   13.2    0.14
  212 PHI          333 198 195 125 224 225   14.73   13.19  -14.9   24.8    1.02
  213 PI0          111   1 195 125   0   0    7.43    6.57   -6.8   12.0    0.13
  214 PI+          211   1 196 125   0   0    0.27   -0.03    0.0    0.3    0.14
  215 PI-         -211   1 196 125   0   0    2.30    0.20   -0.1    2.3    0.14
  216 PI0          111   1 196 125   0   0    3.86    0.25   -0.0    3.9    0.13
  217 E+           -11   1 198 129   0   0    9.60    0.43    0.4    9.6    0.00
  218 NU_E          12   1 198 129   0   0   29.67    0.98   -0.1   29.7    0.00
  219 NU_TAUBR     -16   1 198 129   0   0    0.92   -0.14    0.2    0.9    0.00
  220 DBAR0       -421 198 200 129 226 228   65.90    1.57    2.4   66.0    1.86
  221 PI0          111   1 200 129   0   0   25.48    0.48    0.3   25.5    0.13
  222 PI+          211   1 210  13   0   0    0.18    0.17 -260.9  260.9    0.14
  223 PI-         -211   1 210  13   0   0   -0.11   -0.09 -345.6  345.6    0.14
  224 RHO0         113 198 212 125 229 230    8.93    7.98   -9.0   15.0    0.77
  225 PI0          111   1 212 125   0   0    5.80    5.21   -5.9    9.8    0.13
  226 NU_EBAR      -12   1 220 129   0   0   10.39    0.58    0.7   10.4    0.00
  227 E-            11   1 220 129   0   0    0.79    0.12    0.1    0.8    0.00
  228 K*+          323 198 220 129 231 232   54.71    0.87    1.6   54.7    0.89
  229 PI+          211   1 224 125   0   0    5.66    5.13   -5.3    9.3    0.14
  230 PI-         -211   1 224 125   0   0    3.27    2.85   -3.7    5.7    0.14
  231 K0           311 198 228 129 233 233   20.45    0.47    0.5   20.5    0.50
  232 PI+          211   1 228 129   0   0   34.27    0.40    1.1   34.3    0.14
  233 K_L0         130   1 231 129   0   0   20.45    0.47    0.5   20.5    0.50

 HWWARN CALLED FROM SUBPROGRAM HWDFOR: CODE = 101
 EVENT    1605:   SEEDS =  310984462 & 1787870092  WEIGHT =-0.5919E-03
 EVENT KILLED.   EXECUTION CONTINUES

 HWWARN CALLED FROM SUBPROGRAM HWDFIV: CODE = 101
 EVENT    4308:   SEEDS =  840189999 & 1819654645  WEIGHT = 0.5919E-03
 EVENT KILLED.   EXECUTION CONTINUES

 HWWARN CALLED FROM SUBPROGRAM HWDFOR: CODE = 101
 EVENT    5507:   SEEDS = 2067736129 &  994960773  WEIGHT = 0.5919E-03
 EVENT KILLED.   EXECUTION CONTINUES

 HWWARN CALLED FROM SUBPROGRAM HWDFIV: CODE = 101
 EVENT    7531:   SEEDS =  287452549 & 1053560742  WEIGHT = 0.5919E-03
 EVENT KILLED.   EXECUTION CONTINUES

          OUTPUT ON LES HOUCHES EVENTS


      PROC CODE  XSECT(pb)        XERR(pb)      Max wgt(nb) No. of events


          OUTPUT ON ELEMENTARY PROCESS

          N.B. NEGATIVE WEIGHTS ALLOWED

          NUMBER OF EVENTS   =        9996
          NEGATIVE  EVENTS   =        2662
          NUMBER OF WEIGHTS  =       10000
          NEGATIVE  WEIGHTS  =        2663
          MEAN VALUE OF WGT  =  2.7664E-04
          RMS SPREAD IN WGT  =  5.2325E-04
          MEAN ABS WEIGHT    =  5.9188E-04
          ACTUAL MAX ABS WGT =  1.0000E+00
          ASSUMED MAXABS WGT =  2.7664E-04

          PROCESS CODE IPROC =      -18000
          CROSS SECTION (PB) =  0.2766    
          ERROR IN C-S  (PB) =  5.2325E-03
          EFFICIENCY PERCENT =   100.0    
 # of events processed=        9996
