 Enter filename for events
 Enter maximum number of events to generate
 MUST coincide with the number of events on tape
 Enter 0 to use Herwig default PDFs
       1 to use PDFs from library
 Enter colliding particles (PART1, PART2)
 Enter beam momenta (PBEAM1, PBEAM2)


          HERWIG 6.521  11th Mar. 2013

          Please reference:  G. Marchesini, B.R. Webber,
          G.Abbiendi, I.G.Knowles, M.H.Seymour & L.Stanco
          Computer Physics Communications 67 (1992) 465
                             and
          G.Corcella, I.G.Knowles, G.Marchesini, S.Moretti,
          K.Odagiri, P.Richardson, M.H.Seymour & B.R.Webber,
          JHEP 0101 (2001) 010
 Enter .TRUE. for underlying event, .FALSE. otherwise

 Underlying event WILL NOT be generated

 Enter Lambda_QCD, <0 for Herwig default
 Enter Z mass, width
 Enter W mass, width
 Enter top mass, width
 Enter Higgs (SM) boson mass, width
 Enter quark (d,u,s,c,b) and gluon masses
 Enter lepton (e,mu,tau) masses
 Enter number of events to print
 Enter accepted error fraction
 Is it single-top (.TRUE. or .FALSE)?
 Is it b-bbar (.TRUE. or .FALSE)?
 Enter the two random seeds (0 0 for default)

          INPUT CONDITIONS FOR THIS RUN

          BEAM 1 (P       ) MOM. =   6500.00
          BEAM 2 (P       ) MOM. =   6500.00
          PROCESS CODE (IPROC)   =  -18000
          NUMBER OF FLAVOURS     =    6
          STRUCTURE FUNCTION SET =    8
          AZIM SPIN CORRELATIONS =    T
          AZIM SOFT CORRELATIONS =    T
          QCD LAMBDA (GEV)       =    0.1800
          DOWN     QUARK  MASS   =    0.3200
          UP       QUARK  MASS   =    0.3200
          STRANGE  QUARK  MASS   =    0.5000
          CHARMED  QUARK  MASS   =    1.5500
          BOTTOM   QUARK  MASS   =    4.9500
          TOP      QUARK  MASS   =  173.0000
          GLUON EFFECTIVE MASS   =    0.7500
          EXTRA SHOWER CUTOFF (Q)=    0.4800
          EXTRA SHOWER CUTOFF (G)=    0.1000
          PHOTON SHOWER CUTOFF   =    0.4000
          CLUSTER MASS PARAMETER =    3.3500
          SPACELIKE EVOLN CUTOFF =    2.5000
          INTRINSIC P-TRAN (RMS) =    0.0000
          DECAY SPIN CORRELATIONS=    T
          SUSY THREE BODY ME     =    T
          SUSY FOUR  BODY ME     =    F

          NO EVENTS WILL BE WRITTEN TO DISK

          B_d: Delt-M/Gam =0.7000 Delt-Gam/2*Gam =0.0000
          B_s: Delt-M/Gam = 10.00 Delt-Gam/2*Gam =0.2000

          PDFLIB NOT USED FOR BEAM 1
          PDFLIB NOT USED FOR BEAM 2


          Checking consistency of particle properties


          Checking consistency of decay tables


          WRITING SUDAKOV TABLE ON UNIT  77

          WRITING MATRIX ELEMENT TABLE ON UNIT  88

          CHECKING SUSY DECAY MATRIX ELEMENTS
 Do you want a stable Pi0 (.TRUE. or .FALSE)?
 Do you want a stable W+ (.TRUE. or .FALSE)?
 Do you want a stable W- (.TRUE. or .FALSE)?
 Do you want a stable Z0 (.TRUE. or .FALSE)?
 Do you want a stable Tau+ (.TRUE. or .FALSE)?
 Do you want a stable Tau- (.TRUE. or .FALSE)?
 Do you want a stable Mu+ (.TRUE. or .FALSE)?
 Do you want a stable Mu- (.TRUE. or .FALSE)?
 Do you want a stable Higgs (.TRUE. or .FALSE)?

          PARTICLE TYPE  21=PI0      SET STABLE
 How many decay modes do you want to set?
 How are the events normalized ("average" or "sum")?
 stdhep initialized

          SUBROUTINE TIMEL CALLED BUT NOT LINKED.
          DUMMY TIMEL WILL BE USED. DELETE DUMMY
          AND LINK CERNLIB FOR CPU TIME REMAINING.

 HWWARN CALLED FROM SUBPROGRAM HWSMRS: CODE =   5
 EVENT       1:   SEEDS = 1973774260 & 1099242306  WEIGHT = 0.5922E-03
 EVENT SURVIVES. EXECUTION CONTINUES
 WARNING: MRST98 CALLED WITH Q OUTSIDE ALLOWED RANGE!
 Q VALUE=1.430E+04, MINIMUM=1.118E+00, MAXIMUM=3.162E+03
 NO FURTHER WARNINGS WILL BE ISSUED



 EVENT       1: 6500.00 GEV/C P        ON  6500.00 GEV/C P        PROCESS:-18000
 SEEDS:  1973774260 &  1099242306   STATUS:  100 ERROR:   0  WEIGHT:  5.9224E-04


                               ---INITIAL STATE---    

 IHEP    ID      IDPDG IST MO1 MO2 DA1 DA2   P-X     P-Y     P-Z  ENERGY    MASS
    1 P           2212 101   0   0   0   0    0.00    0.00 6500.0 6500.0    0.94
    2 P           2212 102   0   0   0   0    0.00    0.00-6500.0 6500.0    0.94
    3 CMF            0 103   1   2   0   0    0.00    0.00    0.013000.013000.00

                              ---HARD SUBPROCESS---   

 IHEP    ID      IDPDG IST MO1 MO2 DA1 DA2   P-X     P-Y     P-Z  ENERGY    MASS
    4 DQRK           1 121   6   8  10   9    0.00    0.00 1877.9 1877.9    0.32
    5 UQRK           2 122   6   9  14   8    0.00    0.00 -890.2  890.2    0.32
    6 HARD           0 120   4   5   7   9    4.15    9.50  987.7 2768.2 2585.94
    7 HIGGS         25 123   6   7  23   7  308.67   -5.85    2.9  333.1  125.00
    8 DQRK           1 124   6   5  24   4  -86.58  -14.00 -715.2  720.5    0.32
    9 UQRK           2 124   6   4  28   5 -222.09   19.85 1700.0 1714.5    0.32

                              ---PARTON SHOWERS---    

 IHEP    ID      IDPDG IST MO1 MO2 DA1 DA2   P-X     P-Y     P-Z  ENERGY    MASS
   10 DQRK          94 141   4   6  12  13   -2.70   -0.07 1878.2 1878.2   -4.82
   11 CONE           0 100   4   9   0   0   -1.00    0.09    5.6    5.7    0.00
   12 GLUON         21   2  10  13  35  36    2.70    0.07  916.3  916.3    0.75
   13 UU          2203   2  10  26  37  36    0.00    0.00 3705.5 3705.5    0.32
   14 UQRK          94 142   5   6  16  22    6.86    9.57 -890.4  890.0  -29.69
   15 CONE           0 100   5   8   0   0   -0.99   -0.16   -6.2    6.3    0.00
   16 GLUON         21   2  14  17  38  39   -2.49   -2.30  -74.8   74.8    0.75
   17 GLUON         21   2  14  18  40  41   -2.91   -2.42  -68.1   68.2    0.75
   18 GLUON         21   2  14  19  42  43   -3.89   -3.64  -78.8   79.0    0.75
   19 GLUON         21   2  14  20  44  45    1.06   -0.26  -24.3   24.4    0.75
   20 GLUON         21   2  14  21  46  47   -0.04   -1.11 -160.0  160.0    0.75
   21 GLUON         21   2  14  22  48  49    1.42    0.15 -666.6  666.6    0.75
   22 UD          2101   2  14  30  50  49    0.00    0.00-4536.8 4536.8    0.29
   23 HIGGS         25 195   7   6 125 126  309.16   -4.70    2.9  333.5  125.00
   24 DQRK          94 144   8   6  26  27  -85.50  -11.53 -715.2  720.3    1.87
   25 CONE           0 100   8   5   0   0    0.37    0.05   -5.3    5.3    0.00
   26 DQRK           1   2  24  27  51  37  -31.73   -4.58 -260.2  262.1    0.32
   27 GLUON         21   2  24  38  52  53  -53.77   -6.95 -455.0  458.2    0.75
   28 UQRK          94 144   9   6  30  34 -219.51   25.73 1700.0 1714.3   13.56
   29 CONE           0 100   9   4   0   0    0.33   -0.04    5.2    5.2    0.00
   30 UQRK           2   2  28  31  54  50  -63.79    7.84  490.3  494.5    0.32
   31 GLUON         21   2  28  32  55  56 -106.91   10.94  812.8  819.9    0.75
   32 GLUON         21   2  28  33  57  58  -38.24    4.77  299.2  301.7    0.75
   33 GLUON         21   2  28  34  59  60   -7.55    2.08   66.3   66.8    0.75
   34 GLUON         21   2  28  35  61  62   -3.02    0.10   31.3   31.5    0.75

                              ---GLUON SPLITTING---   

 IHEP    ID      IDPDG IST MO1 MO2 DA1 DA2   P-X     P-Y     P-Z  ENERGY    MASS
   35 UBAR          -2 158  10  36  88  70    0.92   -0.10  289.5  289.5    0.32
   36 UQRK           2 158  10  63  71  35    1.23    0.16  450.0  450.0    0.32
   37 UU          2203 161  10  51  85  64    0.04    0.01 2976.8 2976.8    0.64
   38 DBAR          -1 158  14  39  87  68   -1.27   -0.96  -32.9   32.9    0.32
   39 DQRK           1 158  14  40  72  38   -1.03   -1.18  -36.5   36.6    0.32
   40 DBAR          -1 158  14  41  72  39   -1.94   -1.77  -45.5   45.6    0.32
   41 DQRK           1 158  14  42  73  40   -0.98   -0.66  -22.6   22.6    0.32
   42 DBAR          -1 158  14  43  73  41   -1.45   -1.48  -28.5   28.6    0.32
   43 DQRK           1 158  14  44  74  42   -2.45   -2.16  -50.3   50.4    0.32
   44 DBAR          -1 158  14  45  74  43    0.74   -0.02  -13.5   13.6    0.32
   45 DQRK           1 158  14  46  75  44    0.32   -0.23  -10.8   10.8    0.32
   46 UBAR          -2 158  14  47  75  45    0.02   -0.28  -67.4   67.4    0.32
   47 UQRK           2 158  14  48  76  46   -0.07   -0.82  -92.6   92.6    0.32
   48 DBAR          -1 158  14  49  76  47    0.98   -0.05 -433.1  433.1    0.32
   49 DQRK           1 158  14  65  77  48    0.30    0.14 -214.5  214.5    0.32
   50 UD          2101 162  14  54  86  66    0.04    0.02-2835.8 2835.8    0.64
   51 DQRK           1 158  24  52  78  37  -31.73   -4.58 -260.2  262.1    0.32
   52 DBAR          -1 158  24  53  78  51  -27.70   -3.54 -236.0  237.6    0.32
   53 DQRK           1 158  24  67  79  52  -24.73   -3.23 -207.8  209.3    0.32
   54 UQRK           2 158  28  55  80  50  -63.79    7.84  490.3  494.5    0.32
   55 UBAR          -2 158  28  56  80  54  -52.01    5.14  395.9  399.3    0.32
   56 UQRK           2 158  28  57  81  55  -54.90    5.80  417.0  420.6    0.32
   57 UBAR          -2 158  28  58  81  56  -24.32    3.17  189.5  191.1    0.32
   58 UQRK           2 158  28  59  82  57  -13.93    1.60  109.6  110.5    0.32
   59 DBAR          -1 158  28  60  82  58   -5.09    1.43   45.9   46.2    0.32
   60 DQRK           1 158  28  61  83  59   -2.46    0.64   20.4   20.6    0.32
   61 UBAR          -2 158  28  62  83  60   -2.09    0.08   22.7   22.8    0.32
   62 UQRK           2 158  28  69  84  61   -0.88    0.02    8.2    8.3    0.32
   63 DBAR          -1 159  10  64  71  36    0.06    0.01  604.5  604.5    0.32
   64 DQRK           1 159  10  37  85  63    0.23    0.03  229.5  229.5    0.32
   65 DBAR          -1 159  14  66  77  49    0.02    0.01-1291.3 1291.3    0.32
   66 DQRK           1 159  14  50  86  65    0.08    0.04 -428.8  428.8    0.32
   67 UBAR          -2 159  14  68  79  53   -0.80   -0.17   -8.4    8.5    0.32
   68 UQRK           2 159  24  38  87  67   -0.73   -0.17   -8.1    8.1    0.32
   69 UBAR          -2 159  10  70  84  62    0.14   -0.02   48.0   48.0    0.32
   70 UQRK           2 159  28  35  88  69    0.04   -0.01   24.0   24.0    0.32

                             ---CLUSTER FORMATION---  

 IHEP    ID      IDPDG IST MO1 MO2 DA1 DA2   P-X     P-Y     P-Z  ENERGY    MASS
   71 CLUS          91 183  36  63  89  90    1.29    0.17 1054.4 1054.4    1.53
   72 CLUS          91 183  39  40  91  92   -2.97   -2.94  -82.0   82.2    0.91
   73 CLUS          91 183  41  42  93  94   -2.42   -2.14  -51.2   51.3    0.89
   74 CLUS          91 183  43  44  95  96   -1.70   -2.19  -63.8   64.0    3.01
   75 CLUS          91 183  45  46  97  98    0.34   -0.52  -78.2   78.2    1.31
   76 CLUS          91 183  47  48  99 100    0.91   -0.87 -525.7  525.7    2.03
   77 CLUS          91 183  49  65 101 102    0.32    0.15-1505.9 1505.9    1.22
   78 CLUS          91 183  51  52 103 104  -59.44   -8.13 -496.2  499.8    1.45
   79 CLUS          91 183  53  67 105 106  -25.53   -3.40 -216.2  217.8    1.96
   80 CLUS          91 183  54  55 107 108 -115.80   12.98  886.2  893.8    1.58
   81 CLUS          91 183  56  57 109 110  -79.22    8.97  606.5  611.7    1.40
   82 CLUS          91 183  58  59 111 112  -19.02    3.04  155.5  156.7    1.78
   83 CLUS          91 183  60  61 113 114   -4.54    0.72   43.1   43.4    1.07
   84 CLUS          91 183  62  69 115 116   -0.74    0.00   56.2   56.3    2.35
   85 CLUS          91 184  64  37 117 118    0.27    0.03 3206.3 3206.4    1.59
   86 CLUS          91 185  66  50 119 120    0.12    0.05-3264.6 3264.6    1.14
   87 CLUS          91 183  68  38 121 122   -2.00   -1.13  -41.0   41.1    1.17
   88 CLUS          91 183  70  35 123 124    0.96   -0.11  313.4  313.4    1.21

                              ---CLUSTER DECAYS---    

 IHEP    ID      IDPDG IST MO1 MO2 DA1 DA2   P-X     P-Y     P-Z  ENERGY    MASS
   89 PI0          111   1  71  10   0   0    0.20    0.06  306.3  306.3    0.13
   90 B_1+       10213 197  71  10 185 186    1.09    0.11  748.1  748.1    1.23
   91 PI-         -211   1  72  14   0   0   -0.46   -0.49  -13.1   13.1    0.14
   92 RHO+         213 197  72  14 187 188   -2.50   -2.46  -69.0   69.1    0.77
   93 PI-         -211   1  73  14   0   0   -1.19   -0.53  -22.1   22.2    0.14
   94 PI+          211   1  73  14   0   0   -1.23   -1.60  -29.0   29.1    0.14
   95 RHO-        -213 197  74  14 189 190   -0.27   -1.24  -12.6   12.6    0.77
   96 A_1+       20213 197  74  14 191 192   -1.43   -0.95  -51.3   51.3    1.23
   97 K0           311 197  75  14 193 193    0.27   -0.63  -60.5   60.5    0.50
   98 K-          -321   1  75  14   0   0    0.08    0.12  -17.7   17.7    0.49
   99 F_2          225 197  76  14 194 195    0.73   -1.26 -400.8  400.8    1.27
  100 PI+          211   1  76  14   0   0    0.19    0.38 -124.9  124.9    0.14
  101 PI-         -211   1  77  14   0   0   -0.26    0.05 -333.3  333.3    0.14
  102 RHO+         213 197  77  14 196 197    0.58    0.10-1172.5 1172.5    0.77
  103 PI0          111   1  78  24   0   0  -22.87   -3.32 -187.2  188.6    0.13
  104 OMEGA        223 197  78  24 198 200  -36.57   -4.81 -308.9  311.1    0.78
  105 A_2-        -215 197  79  24 201 202  -11.93   -1.63 -100.3  101.0    1.32
  106 PI0          111   1  79  24   0   0  -13.60   -1.77 -115.9  116.8    0.13
  107 OMEGA        223 197  80  28 203 205  -59.45    6.80  455.4  459.3    0.78
  108 RHO0         113 197  80  28 206 208  -56.35    6.19  430.8  434.5    0.77
  109 B_1+       10213 197  81  28 209 210  -65.95    7.49  505.5  509.8    1.23
  110 PI-         -211   1  81  28   0   0  -13.26    1.47  101.0  101.9    0.14
  111 RHO+         213 197  82  28 211 212  -18.63    3.16  151.7  152.9    0.77
  112 PI0          111   1  82  28   0   0   -0.39   -0.12    3.8    3.8    0.13
  113 RHO0         113 197  83  28 213 214   -3.17    0.72   31.2   31.4    0.77
  114 PI-         -211   1  83  28   0   0   -1.37    0.01   11.9   12.0    0.14
  115 F_2          225 197  84  28 215 216   -0.82    0.02   26.1   26.2    1.27
  116 OMEGA        223 197  84  28 217 219    0.07   -0.01   30.1   30.1    0.78
  117 PI-         -211   1  85  10   0   0   -0.02    0.23  980.4  980.4    0.14
  118 DELTA++     2224 197  85  10 220 221    0.29   -0.20 2226.0 2226.0    1.23
  119 PI-         -211   1  86  14   0   0   -0.09    0.02 -689.2  689.2    0.14
  120 P           2212   1  86  14   0   0    0.21    0.03-2575.4 2575.4    0.94
  121 PI0          111   1  87  24   0   0   -1.16   -0.69  -22.2   22.3    0.13
  122 RHO+         213 197  87  24 222 223   -0.84   -0.44  -18.8   18.8    0.77
  123 PI0          111   1  88  28   0   0    0.55    0.13  275.7  275.7    0.13
  124 PI0          111   1  88  28   0   0    0.41   -0.24   37.7   37.7    0.13

                            ---H/W/Z BOSON DECAYS---  

 IHEP    ID      IDPDG IST MO1 MO2 DA1 DA2   P-X     P-Y     P-Z  ENERGY    MASS
  125 BQRK           5 123  23 126 127 126   53.97   47.31   11.7   72.9    4.95
  126 BBAR          -5 124  23 125 132 125  255.19  -52.01   -8.8  260.6    4.95

                              ---PARTON SHOWERS---    

 IHEP    ID      IDPDG IST MO1 MO2 DA1 DA2   P-X     P-Y     P-Z  ENERGY    MASS
  127 BQRK          94 143 125  23 129 131   65.59   44.55   11.2   84.6   27.40
  128 CONE           0 100 125 126   0   0    0.54   -0.82   -0.2    1.0    0.00
  129 BQRK           5   2 127 130 136 135   38.20   22.39   19.1   48.5    4.95
  130 GLUON         21   2 127 131 137 138   11.80   10.15   -3.7   16.0    0.75
  131 GLUON         21   2 127 134 139 140   15.59   12.01   -4.2   20.1    0.75
  132 BBAR          94 144 126  23 134 135  243.58  -49.25   -8.3  248.9   11.09
  133 CONE           0 100 126 125   0   0    1.41    0.71    0.2    1.6    0.00
  134 GLUON         21   2 132 135 141 142   34.66   -3.72   -1.9   34.9    0.75
  135 BBAR          -5   2 132 136 143 142  208.92  -45.53   -6.4  214.0    4.95

                              ---GLUON SPLITTING---   

 IHEP    ID      IDPDG IST MO1 MO2 DA1 DA2   P-X     P-Y     P-Z  ENERGY    MASS
  136 BQRK           5 158 127 146 156 143   29.16   17.22   14.2   37.1    4.95
  137 UBAR          -2 158 127 138 160 145    2.20    1.88   -0.7    3.0    0.32
  138 UQRK           2 158 127 139 157 137    8.18    7.04   -2.4   11.1    0.32
  139 DBAR          -1 158 127 140 157 138    7.81    5.78   -2.1   10.0    0.32
  140 DQRK           1 158 127 148 158 139    2.24    1.74   -0.6    2.9    0.32
  141 UBAR          -2 158 132 142 165 155    9.69   -0.92   -0.5    9.8    0.32
  142 UQRK           2 158 132 150 159 141   14.08   -1.67   -0.8   14.2    0.32
  143 BBAR          -5 158 132 136 163 151  164.51  -35.29   -5.2  168.4    4.95
  144 SBAR          -3 159 127 145 161 147    1.20    0.79    0.3    1.6    0.50
  145 SQRK           3 159 127 137 160 144    1.12    0.84   -0.0    1.5    0.50
  146 UBAR          -2 159 127 147 156 136    1.03    0.63    0.4    1.3    0.32
  147 UQRK           2 159 127 144 161 146    7.11    4.13    3.7    9.0    0.32
  148 SBAR          -3 159 132 149 158 140    1.62    1.08   -0.4    2.0    0.50
  149 SQRK           3 159 127 152 162 148    2.84    2.17   -0.7    3.7    0.50
  150 UBAR          -2 159 132 151 159 142   44.06   -9.81   -1.3   45.2    0.32
  151 UQRK           2 159 132 143 163 150    5.79   -1.03   -0.2    5.9    0.32
  152 UBAR          -2 159 132 153 162 149    0.83    0.12   -0.1    0.9    0.32
  153 UQRK           2 159 127 154 164 152    1.26    0.90   -0.3    1.6    0.32
  154 UBAR          -2 159 132 155 164 153    2.09   -0.14   -0.1    2.1    0.32
  155 UQRK           2 159 127 141 165 154    2.36   -0.18   -0.1    2.4    0.32

                             ---CLUSTER FORMATION---  

 IHEP    ID      IDPDG IST MO1 MO2 DA1 DA2   P-X     P-Y     P-Z  ENERGY    MASS
  156 CLUS          91 183 136 146 166 166   30.15   17.86   14.6   38.3    5.28
  157 CLUS          91 183 138 139 167 168   15.99   12.82   -4.6   21.0    0.99
  158 CLUS          91 183 140 148 169 170    3.85    2.82   -1.0    5.0    0.90
  159 CLUS          91 183 142 150 171 172   58.14  -11.47   -2.1   59.4    2.77
  160 CLUS          91 183 145 137 173 174    3.32    2.72   -0.8    4.5    1.09
  161 CLUS          91 183 147 144 175 176    8.31    4.93    4.0   10.6    1.57
  162 CLUS          91 183 149 152 177 178    3.67    2.29   -0.8    4.6    1.28
  163 CLUS          91 183 151 143 179 180  170.30  -36.32   -5.4  174.3    5.45
  164 CLUS          91 183 153 154 181 182    3.35    0.76   -0.4    3.7    1.40
  165 CLUS          91 183 155 141 183 184   12.08   -1.10   -0.6   12.2    0.81

                              ---CLUSTER DECAYS---    

 IHEP    ID      IDPDG IST MO1 MO2 DA1 DA2   P-X     P-Y     P-Z  ENERGY    MASS
  166 B-          -521 199 156 127 264 265   30.15   17.86   14.6   38.3    5.28
  167 PI+          211   1 157 127   0   0    1.71    1.43   -0.4    2.3    0.14
  168 OMEGA        223 197 157 127 224 226   14.27   11.39   -4.2   18.7    0.78
  169 PI-         -211   1 158 127   0   0    1.21    0.93   -0.6    1.6    0.14
  170 K+           321   1 158 127   0   0    2.64    1.90   -0.4    3.3    0.49
  171 DELTA++     2224 197 159 132 227 228   31.70   -6.06   -0.6   32.3    1.23
  172 DLTABR--   -2224 197 159 132 229 230   26.44   -5.41   -1.6   27.1    1.23
  173 K-          -321   1 160 127   0   0    1.69    1.04   -0.6    2.1    0.49
  174 PI0          111   1 160 127   0   0    1.63    1.68   -0.1    2.3    0.13
  175 PI0          111   1 161 127   0   0    4.76    2.52    1.9    5.7    0.13
  176 K*+          323 197 161 127 231 232    3.55    2.41    2.1    4.9    0.89
  177 KBAR0       -311 197 162 127 233 233    0.96    1.11   -0.4    1.6    0.50
  178 PI-         -211   1 162 127   0   0    2.70    1.18   -0.4    3.0    0.14
  179 PI+          211   1 163 132   0   0    2.81   -0.55   -0.1    2.9    0.14
  180 B_D0         511 200 163 132 234 234  167.49  -35.78   -5.3  171.4    5.28
  181 B_1+       10213 197 164 127 238 239    3.05    0.60   -0.4    3.4    1.23
  182 PI-         -211   1 164 127   0   0    0.30    0.16   -0.1    0.4    0.14
  183 PI+          211   1 165 127   0   0    3.39   -0.01   -0.0    3.4    0.14
  184 PI-         -211   1 165 127   0   0    8.69   -1.09   -0.6    8.8    0.14

                           ---STRONG HADRON DECAYS--- 

 IHEP    ID      IDPDG IST MO1 MO2 DA1 DA2   P-X     P-Y     P-Z  ENERGY    MASS
  185 OMEGA        223 198  90  10 240 242    1.02    0.07  729.1  729.1    0.78
  186 PI+          211   1  90  10   0   0    0.07    0.04   19.1   19.1    0.14
  187 PI+          211   1  92  14   0   0   -1.08   -0.63  -27.2   27.2    0.14
  188 PI0          111   1  92  14   0   0   -1.42   -1.82  -41.8   41.8    0.13
  189 PI-         -211   1  95  14   0   0   -0.06    0.06   -1.5    1.5    0.14
  190 PI0          111   1  95  14   0   0   -0.21   -1.30  -11.1   11.1    0.13
  191 RHO0         113 198  96  14 243 244   -0.65   -0.28  -21.5   21.6    0.77
  192 PI+          211   1  96  14   0   0   -0.78   -0.67  -29.7   29.8    0.14
  193 K_S0         310 198  97  14 245 246    0.27   -0.63  -60.5   60.5    0.50
  194 PI+          211   1  99  14   0   0   -0.15   -0.11  -14.0   14.0    0.14
  195 PI-         -211   1  99  14   0   0    0.88   -1.15 -386.7  386.8    0.14
  196 PI+          211   1 102  14   0   0    0.08   -0.23 -606.0  606.0    0.14
  197 PI0          111   1 102  14   0   0    0.51    0.33 -566.6  566.6    0.13
  198 PI+          211   1 104  24   0   0  -12.79   -1.66 -108.8  109.6    0.14
  199 PI-         -211   1 104  24   0   0  -13.68   -1.58 -114.0  114.9    0.14
  200 PI0          111   1 104  24   0   0  -10.10   -1.57  -86.1   86.7    0.13
  201 RHO0         113 198 105  24 247 248   -9.59   -1.13  -83.0   83.6    0.77
  202 PI-         -211   1 105  24   0   0   -2.34   -0.50  -17.3   17.4    0.14
  203 PI+          211   1 107  28   0   0  -38.17    4.20  293.4  295.9    0.14
  204 PI-         -211   1 107  28   0   0  -14.36    1.80  108.7  109.6    0.14
  205 PI0          111   1 107  28   0   0   -6.92    0.80   53.3   53.7    0.13
  206 PI+          211   1 108  28   0   0  -27.09    2.66  207.9  209.7    0.14
  207 PI-         -211   1 108  28   0   0  -17.83    2.16  136.3  137.5    0.14
  208 GAMMA         22   1 108  28   0   0  -11.43    1.36   86.6   87.4    0.00
  209 OMEGA        223 198 109  28 249 251  -29.23    3.38  223.0  225.0    0.78
  210 PI+          211   1 109  28   0   0  -36.72    4.11  282.5  284.9    0.14
  211 PI+          211   1 111  28   0   0  -15.85    2.90  130.2  131.2    0.14
  212 PI0          111   1 111  28   0   0   -2.78    0.26   21.5   21.7    0.13
  213 PI+          211   1 113  28   0   0   -0.49    0.30    4.1    4.1    0.14
  214 PI-         -211   1 113  28   0   0   -2.68    0.42   27.2   27.3    0.14
  215 PI+          211   1 115  28   0   0    0.09    0.04    0.5    0.6    0.14
  216 PI-         -211   1 115  28   0   0   -0.91   -0.02   25.6   25.6    0.14
  217 PI0          111   1 116  28   0   0    0.12    0.02    8.3    8.3    0.13
  218 E+           -11   1 116  28   0   0    0.12    0.03   19.8   19.8    0.00
  219 E-            11   1 116  28   0   0   -0.17   -0.07    2.0    2.0    0.00
  220 P           2212   1 118  10   0   0    0.40   -0.26 2045.8 2045.8    0.94
  221 PI+          211   1 118  10   0   0   -0.11    0.06  180.1  180.1    0.14
  222 PI+          211   1 122  24   0   0   -0.52    0.12   -7.6    7.6    0.14
  223 PI0          111   1 122  24   0   0   -0.32   -0.56  -11.2   11.2    0.13
  224 PI+          211   1 168 127   0   0    6.07    4.67   -1.9    7.9    0.14
  225 PI-         -211   1 168 127   0   0    4.69    3.78   -1.4    6.2    0.14
  226 PI0          111   1 168 127   0   0    3.52    2.94   -0.8    4.7    0.13
  227 P           2212   1 171 132   0   0   24.23   -4.73   -0.2   24.7    0.94
  228 PI+          211   1 171 132   0   0    7.47   -1.33   -0.3    7.6    0.14
  229 PBAR       -2212   1 172 132   0   0   22.00   -4.33   -1.1   22.5    0.94
  230 PI-         -211   1 172 132   0   0    4.44   -1.08   -0.4    4.6    0.14
  231 K0           311 198 176 127 252 252    2.24    1.51    1.7    3.2    0.50
  232 PI+          211   1 176 127   0   0    1.31    0.90    0.5    1.7    0.14
  233 K_L0         130   1 177 127   0   0    0.96    1.11   -0.4    1.6    0.50
  234 B_D0         511 197 180 132 235 237  167.49  -35.78   -5.3  171.4    5.28
  235 MU+          -13   1 234 132   0   0   21.26   -5.70   -0.3   22.0    0.11
  236 NU_MU         14   1 234 132   0   0   66.60  -15.01   -2.4   68.3    0.00
  237 D-          -411 198 234 132 253 254   79.64  -15.07   -2.6   81.1    1.87
  238 OMEGA        223 198 181 127 255 257    2.35    0.13   -0.4    2.5    0.78
  239 PI+          211   1 181 127   0   0    0.69    0.47    0.0    0.8    0.14
  240 PI+          211   1 185  10   0   0   -0.04    0.02   53.3   53.3    0.14
  241 PI-         -211   1 185  10   0   0    0.56   -0.09  356.0  356.0    0.14
  242 PI0          111   1 185  10   0   0    0.50    0.14  319.8  319.8    0.13
  243 PI+          211   1 191  14   0   0    0.01    0.14   -7.8    7.8    0.14
  244 PI-         -211   1 191  14   0   0   -0.66   -0.42  -13.7   13.7    0.14
  245 PI+          211   1 193  14   0   0    0.10   -0.47  -49.7   49.7    0.14
  246 PI-         -211   1 193  14   0   0    0.17   -0.17  -10.9   10.9    0.14
  247 PI+          211   1 201  24   0   0   -8.58   -1.12  -72.9   73.4    0.14
  248 PI-         -211   1 201  24   0   0   -1.01   -0.01  -10.1   10.2    0.14
  249 PI+          211   1 209  28   0   0   -6.10    0.79   44.8   45.2    0.14
  250 PI-         -211   1 209  28   0   0   -7.79    0.87   60.4   60.9    0.14
  251 PI0          111   1 209  28   0   0  -15.33    1.72  117.8  118.8    0.13
  252 K_S0         310 198 231 127 258 259    2.24    1.51    1.7    3.2    0.50
  253 KD*0       30313 198 237 132 260 261   75.42  -14.26   -2.5   76.8    1.72
  254 PI-         -211   1 237 132   0   0    4.22   -0.81   -0.2    4.3    0.14
  255 PI+          211   1 238 127   0   0    1.12    0.14   -0.2    1.2    0.14
  256 PI-         -211   1 238 127   0   0    0.48    0.21   -0.0    0.5    0.14
  257 PI0          111   1 238 127   0   0    0.76   -0.23   -0.1    0.8    0.13
  258 PI+          211   1 252 127   0   0    1.52    1.15    1.3    2.3    0.14
  259 PI-         -211   1 252 127   0   0    0.73    0.36    0.3    0.9    0.14
  260 K+           321   1 253 132   0   0   29.22   -5.00   -1.2   29.7    0.49
  261 RHO-        -213 198 253 132 262 263   46.20   -9.26   -1.3   47.1    0.77
  262 PI-         -211   1 261 132   0   0   16.97   -3.27   -0.2   17.3    0.14
  263 PI0          111   1 261 132   0   0   29.23   -5.99   -1.1   29.9    0.13

                           ---HEAVY PARTICLE DECAYS---

 IHEP    ID      IDPDG IST MO1 MO2 DA1 DA2   P-X     P-Y     P-Z  ENERGY    MASS
  264 BQRK           5 155 166 265 266 268   28.33   16.78   13.7   36.0    4.96
  265 UBAR          -2 125 166 268 269 268    1.83    1.08    0.9    2.3    0.32
  266 SQRK           3 123 264 267 270 267    8.00    5.10    4.7   10.6    0.50
  267 CBAR          -4 124 264 266 272 266   11.53    7.84    5.4   15.0    1.55
  268 CQRK           4 124 264 264 274 264    8.80    3.83    3.6   10.4    1.55
  269 UBAR          -2 160 265 278 280 278    1.83    1.08    0.9    2.3    0.32

                              ---PARTON SHOWERS---    

 IHEP    ID      IDPDG IST MO1 MO2 DA1 DA2   P-X     P-Y     P-Z  ENERGY    MASS
  270 SQRK          94 143 266 264 271 271    8.00    5.10    4.7   10.6    0.50
  271 SQRK           3   2 270 273 276 273    8.00    5.10    4.7   10.6    0.50
  272 CBAR          94 144 267 264 273 273   11.53    7.84    5.4   15.0    1.55
  273 CBAR          -4   2 272 276 277 276   11.53    7.84    5.4   15.0    1.55
  274 CQRK          94 144 268 264 275 275    8.80    3.83    3.6   10.4    1.55
  275 CQRK           4   2 274 269 278 269    8.80    3.83    3.6   10.4    1.55

                              ---GLUON SPLITTING---   

 IHEP    ID      IDPDG IST MO1 MO2 DA1 DA2   P-X     P-Y     P-Z  ENERGY    MASS
  276 SQRK           3 158 270 277 279 277    8.00    5.10    4.7   10.6    0.50
  277 CBAR          -4 158 272 276 279 276   11.53    7.84    5.4   15.0    1.55
  278 CQRK           4 158 274 269 280 269    8.80    3.83    3.6   10.4    1.55

                             ---CLUSTER FORMATION---  

 IHEP    ID      IDPDG IST MO1 MO2 DA1 DA2   P-X     P-Y     P-Z  ENERGY    MASS
  279 CLUS          91 183 276 277 281 282   19.88   13.22   10.3   26.1    2.51
  280 CLUS          91 183 278 269 283 283   10.27    4.63    4.3   12.2    1.86

                              ---CLUSTER DECAYS---    

 IHEP    ID      IDPDG IST MO1 MO2 DA1 DA2   P-X     P-Y     P-Z  ENERGY    MASS
  281 K-          -321   1 279 270   0   0    5.65    3.64    3.3    7.5    0.49
  282 DBAR0       -421 197 279 270 284 288   14.23    9.59    7.1   18.6    1.86
  283 D0           421 196 280 274 289 292   10.27    4.63    4.3   12.2    1.86

                           ---STRONG HADRON DECAYS--- 

 IHEP    ID      IDPDG IST MO1 MO2 DA1 DA2   P-X     P-Y     P-Z  ENERGY    MASS
  284 K0           311 198 282 270 293 293    4.24    2.96    2.1    5.6    0.50
  285 PI-         -211   1 282 270   0   0    2.89    1.93    1.0    3.6    0.14
  286 PI+          211   1 282 270   0   0    2.98    1.84    1.8    3.9    0.14
  287 PI0          111   1 282 270   0   0    2.69    1.65    1.3    3.4    0.13
  288 PI0          111   1 282 270   0   0    1.43    1.20    1.0    2.1    0.13
  289 K-          -321   1 283 274   0   0    1.46    0.93    0.9    2.0    0.49
  290 PI+          211   1 283 274   0   0    3.97    1.88    1.9    4.8    0.14
  291 PI0          111   1 283 274   0   0    2.84    0.95    0.8    3.1    0.13
  292 PI0          111   1 283 274   0   0    2.00    0.87    0.7    2.3    0.13
  293 K_S0         310 198 284 270 294 295    4.24    2.96    2.1    5.6    0.50
  294 PI+          211   1 293 270   0   0    0.52    0.31    0.2    0.6    0.14
  295 PI-         -211   1 293 270   0   0    3.72    2.64    1.9    5.0    0.14



 EVENT       2: 6500.00 GEV/C P        ON  6500.00 GEV/C P        PROCESS:-18000
 SEEDS:   547841451 &  1389087903   STATUS:  100 ERROR:   0  WEIGHT:  5.9224E-04


                               ---INITIAL STATE---    

 IHEP    ID      IDPDG IST MO1 MO2 DA1 DA2   P-X     P-Y     P-Z  ENERGY    MASS
    1 P           2212 101   0   0   0   0    0.00    0.00 6500.0 6500.0    0.94
    2 P           2212 102   0   0   0   0    0.00    0.00-6500.0 6500.0    0.94
    3 CMF            0 103   1   2   0   0    0.00    0.00    0.013000.013000.00

                              ---HARD SUBPROCESS---   

 IHEP    ID      IDPDG IST MO1 MO2 DA1 DA2   P-X     P-Y     P-Z  ENERGY    MASS
    4 UQRK           2 121   6   8  11  10    0.00    0.00  271.6  271.6    0.32
    5 DQRK           1 122   6   9  15   8    0.00    0.00-1363.6 1363.6    0.32
    6 HARD           0 120   4   5   7  10    0.49   -2.03-1092.0 1635.2 1217.10
    7 HIGGS         25 123   6   7  17   7  215.57   79.95 -433.3  506.2  125.00
    8 UQRK           2 124   6   5  18   4  -76.75   36.68 -850.7  854.9    0.32
    9 DQRK           1 124   6  10  24   5 -136.03 -109.55  146.5  227.9    0.32
   10 GLUON         21 124   6   4  26   9   -2.79   -7.08   45.5   46.1    0.75

                              ---PARTON SHOWERS---    

 IHEP    ID      IDPDG IST MO1 MO2 DA1 DA2   P-X     P-Y     P-Z  ENERGY    MASS
   11 UQRK          94 141   4   6  13  14    0.49   -2.03  271.6  271.6   -4.52
   12 CONE           0 100   4  10   0   0   -0.37   -0.93   10.1   10.1    0.00
   13 GLUON         21   2  11  14  32  33   -0.49    2.03   83.2   83.3    0.75
   14 UD          2101   2  11  20  34  33    0.00    0.00 6145.2 6145.2    0.29
   15 DQRK          94 142   5   6  16  16    0.00   -0.00-1363.6 1363.6    0.40
   16 UU          2203   2  15  25  35  23    0.00    0.00-5136.4 5136.4    0.32
   17 HIGGS         25 195   7   6 157 158  215.29   79.16 -432.5  505.3  125.00
   18 UQRK          94 144   8   6  20  23  -76.35   35.55 -849.2  853.5   14.72
   19 CONE           0 100   8   5   0   0    0.40   -0.19   -5.7    5.7    0.00
   20 UQRK           2   2  18  21  36  34  -59.40   30.33 -633.7  637.2    0.32
   21 GLUON         21   2  18  22  37  38   -2.61    2.40  -31.2   31.4    0.75
   22 DBAR          -1   2  18  23  39  38  -13.00    2.56 -169.2  169.7    0.32
   23 DQRK           1   2  18  35  40  39   -1.33    0.26  -15.2   15.2    0.32
   24 DQRK          94 144   9   6  25  25 -135.69 -109.61  146.2  227.6    0.32
   25 DQRK           1   2  24  28  41  35 -135.69 -109.61  146.2  227.6    0.32
   26 GLUON         94 144  10   6  28  31   -2.77   -7.13   43.6   48.8   20.59
   27 CONE           0 100  10   9   0   0   -0.82   -0.53   -0.2    1.0    0.00
   28 DBAR          -1   2  26  29  42  41   -5.29   -3.61   22.4   23.3    0.32
   29 DQRK           1   2  26  30  43  42   -3.41   -5.36   10.3   12.1    0.32
   30 GLUON         21   2  26  31  44  45    2.00    1.16    8.1    8.4    0.75
   31 GLUON         21   2  26  32  46  47    3.94    0.68    2.8    4.9    0.75

                              ---GLUON SPLITTING---   

 IHEP    ID      IDPDG IST MO1 MO2 DA1 DA2   P-X     P-Y     P-Z  ENERGY    MASS
   32 DBAR          -1 158  11  33  99  67   -0.03    0.71   31.7   31.7    0.32
   33 DQRK           1 158  11  52  82  32   -0.41    1.11   43.4   43.4    0.32
   34 UD          2101 161  11  36  90  49   -0.00    0.00 5506.6 5506.6    0.64
   35 UU          2203 162  15  41  91  51   -0.00    0.00-3140.5 3140.5    0.64
   36 UQRK           2 158  18  54  83  34  -36.24   18.51 -386.6  388.8    0.32
   37 DBAR          -1 158  18  38  93  55   -1.28    1.29  -17.2   17.3    0.32
   38 DQRK           1 158  18  39  84  37   -1.27    1.01  -13.0   13.1    0.32
   39 DBAR          -1 158  18  40  84  38  -13.00    2.56 -169.2  169.7    0.32
   40 DQRK           1 158  18  58  85  39   -0.41    0.08   -7.0    7.0    0.32
   41 DQRK           1 158  24  60  86  35  -58.77  -47.48   63.3   98.6    0.32
   42 DBAR          -1 158  26  43 106  81   -3.73   -2.55   15.8   16.4    0.32
   43 DQRK           1 158  26  64  87  42   -2.20   -3.45    6.6    7.8    0.32
   44 UBAR          -2 158  26  45  97  63    0.24    0.18    1.3    1.4    0.32
   45 UQRK           2 158  26  46  88  44    1.17    0.46    4.3    4.5    0.32
   46 DBAR          -1 158  26  47  88  45    1.95    0.18    1.2    2.3    0.32
   47 DQRK           1 158  26  66  89  46    1.88    0.48    1.5    2.5    0.32
   48 DBAR          -1 159  11  49  92  53   -0.00    0.01  251.7  251.7    0.32
   49 DQRK           1 159  11  34  90  48   -0.01    0.02  194.8  194.8    0.32
   50 UBAR          -2 159  15  51 100  69   -0.00    0.00-1013.0 1013.0    0.32
   51 UQRK           2 159  18  35  91  50   -0.03    0.01  -31.7   31.7    0.32
   52 DBAR          -1 159  11  53  82  33   -0.01    0.02  146.2  146.2    0.32
   53 DQRK           1 159  11  48  92  52   -0.03    0.07   50.1   50.1    0.32
   54 UBAR          -2 159  18  55  83  36   -4.68    2.44  -50.3   50.5    0.32
   55 UQRK           2 159  18  37  93  54  -18.54    9.48 -197.8  198.9    0.32
   56 SBAR          -3 159  15  57  95  59   -0.02    0.00 -124.1  124.1    0.50
   57 SQRK           3 159  18  70  94  56   -0.26    0.05  -12.7   12.7    0.50
   58 SBAR          -3 159  15  59  85  40   -0.36    0.07  -11.1   11.1    0.50
   59 SQRK           3 159  18  56  95  58   -0.10    0.02  -27.6   27.6    0.50
   60 SBAR          -3 159  26  61  86  41   -9.93   -8.02   10.7   16.7    0.50
   61 SQRK           3 159  24  74  96  60  -32.17  -25.98   34.7   54.0    0.50
   62 DBAR          -1 159  26  63  98  65    0.44    0.37    2.1    2.2    0.32
   63 DQRK           1 159  26  44  97  62   -0.59   -0.93    1.9    2.2    0.32
   64 DBAR          -1 159  26  65  87  43   -0.37   -0.59    1.3    1.5    0.32
   65 DQRK           1 159  26  62  98  64   -0.12   -0.23    0.8    0.9    0.32
   66 UBAR          -2 159  11  67  89  47    0.04    0.07    2.5    2.5    0.32
   67 UQRK           2 159  26  32  99  66    0.07    0.05    1.5    1.5    0.32
   68 DBAR          -1 159  15  69 101  71   -0.00    0.00 -620.6  620.6    0.32
   69 DQRK           1 159  18  50 100  68   -0.02    0.00  -57.1   57.1    0.32
   70 SBAR          -3 159  15  71  94  57   -0.03    0.01  -77.0   77.0    0.50
   71 SQRK           3 159  18  68 101  70   -0.09    0.02  -29.0   29.0    0.50
   72 DBAR          -1 159  26  73 103  75   -0.66   -0.52    0.9    1.3    0.32
   73 DQRK           1 159  24  78 102  72  -15.41  -12.44   16.6   25.8    0.32
   74 SBAR          -3 159  26  75  96  61   -7.08   -5.72    7.7   11.9    0.50
   75 SQRK           3 159  24  72 103  74   -5.71   -4.61    6.2    9.6    0.50
   76 DBAR          -1 159  26  77 105  79   -0.67   -0.46    2.6    2.8    0.32
   77 DQRK           1 159  24  80 104  76   -3.45   -2.78    3.7    5.8    0.32
   78 DBAR          -1 159  26  79 102  73   -2.15   -1.74    2.4    3.7    0.32
   79 DQRK           1 159  24  76 105  78   -0.40   -0.30    1.1    1.3    0.32
   80 UBAR          -2 159  26  81 104  77   -0.43   -0.31    1.4    1.5    0.32
   81 UQRK           2 159  24  42 106  80   -0.44   -0.32    1.5    1.6    0.32

                             ---CLUSTER FORMATION---  

 IHEP    ID      IDPDG IST MO1 MO2 DA1 DA2   P-X     P-Y     P-Z  ENERGY    MASS
   82 CLUS          91 183  33  52 107 108   -0.41    1.13  189.6  189.7    2.29
   83 CLUS          91 183  36  54 109 110  -40.92   20.95 -436.9  439.3    1.01
   84 CLUS          91 183  38  39 111 112  -14.27    3.57 -182.2  182.8    3.33
   85 CLUS          91 183  40  58 113 114   -0.77    0.15  -18.1   18.1    0.85
   86 CLUS          91 183  41  60 115 116  -68.70  -55.49   74.0  115.3    1.36
   87 CLUS          91 183  43  64 117 118   -2.56   -4.04    7.9    9.3    0.89
   88 CLUS          91 183  45  46 119 120    3.12    0.64    5.5    6.9    2.46
   89 CLUS          91 183  47  66 121 122    1.92    0.54    4.0    5.0    2.24
   90 CLUS          91 184  49  34 123 124   -0.01    0.02 5701.4 5701.4    1.85
   91 CLUS          91 185  51  35 125 126   -0.04    0.01-3172.2 3172.2    3.28
   92 CLUS          91 183  53  48 127 128   -0.03    0.08  301.8  301.8    0.87
   93 CLUS          91 183  55  37 129 130  -19.81   10.76 -215.0  216.2    2.27
   94 CLUS          91 183  57  70 131 132   -0.30    0.06  -89.7   89.7    1.57
   95 CLUS          91 183  59  56 133 134   -0.12    0.02 -151.8  151.8    1.31
   96 CLUS          91 183  61  74 135 136  -39.24  -31.70   42.3   65.9    1.30
   97 CLUS          91 183  63  44 137 138   -0.35   -0.75    3.2    3.6    1.42
   98 CLUS          91 183  65  62 139 140    0.32    0.13    2.9    3.1    1.05
   99 CLUS          91 183  67  32 141 142    0.04    0.76   33.2   33.2    1.58
  100 CLUS          91 183  69  50 143 144   -0.02    0.00-1070.2 1070.2    1.43
  101 CLUS          91 183  71  68 145 146   -0.09    0.02 -649.6  649.6    2.43
  102 CLUS          91 183  73  78 147 148  -17.56  -14.18   19.0   29.5    0.98
  103 CLUS          91 183  75  72 149 150   -6.36   -5.13    7.1   10.9    1.17
  104 CLUS          91 183  77  80 151 152   -3.88   -3.09    5.1    7.3    1.68
  105 CLUS          91 183  79  76 153 154   -1.07   -0.76    3.7    4.0    0.73
  106 CLUS          91 183  81  42 155 156   -4.17   -2.86   17.3   18.0    1.19

                              ---CLUSTER DECAYS---    

 IHEP    ID      IDPDG IST MO1 MO2 DA1 DA2   P-X     P-Y     P-Z  ENERGY    MASS
  107 RHO0         113 197  82  11 196 197   -0.00   -0.07   66.4   66.4    0.77
  108 F_2          225 197  82  11 198 199   -0.41    1.20  123.3  123.3    1.27
  109 RHO+         213 197  83  18 200 201  -38.90   19.90 -415.2  417.4    0.77
  110 PI-         -211   1  83  18   0   0   -2.02    1.06  -21.7   21.8    0.14
  111 P           2212   1  84  18   0   0   -2.21    1.09  -25.8   25.9    0.94
  112 DELTABR-   -2214 197  84  18 202 203  -12.06    2.48 -156.4  156.9    1.23
  113 PI0          111   1  85  18   0   0   -0.49    0.10   -5.7    5.7    0.13
  114 K0           311 197  85  18 204 204   -0.27    0.05  -12.4   12.4    0.50
  115 RHO0         113 197  86  24 205 206  -52.97  -42.79   57.1   88.9    0.77
  116 K0           311 197  86  24 207 207  -15.72  -12.70   17.0   26.4    0.50
  117 PI0          111   1  87  26   0   0   -2.53   -3.97    7.6    9.0    0.13
  118 PI0          111   1  87  26   0   0   -0.03   -0.07    0.3    0.3    0.13
  119 P           2212   1  88  26   0   0    2.03    0.62    2.7    3.5    0.94
  120 DELTABR0   -2114 197  88  26 208 209    1.09    0.02    2.9    3.3    1.23
  121 DELTA-      1114 197  89  26 210 211    0.74    0.29    1.8    2.3    1.23
  122 NBAR       -2112   1  89  26   0   0    1.17    0.25    2.2    2.6    0.94
  123 PI-         -211   1  90  11   0   0    0.19   -0.28  477.1  477.1    0.14
  124 DELTA+      2214 197  90  11 212 213   -0.20    0.30 5224.3 5224.3    1.23
  125 K*_2+        325 197  91  18 214 215    0.48   -0.32-2438.6 2438.6    1.43
  126 SIGMA+      3222 197  91  18 216 217   -0.51    0.33 -733.6  733.6    1.19
  127 PI0          111   1  92  11   0   0    0.18   -0.32  166.0  166.0    0.13
  128 PI0          111   1  92  11   0   0   -0.21    0.40  135.7  135.7    0.13
  129 DELTA++     2224 197  93  18 218 219   -9.52    5.45 -105.9  106.5    1.23
  130 PBAR       -2212   1  93  18   0   0  -10.30    5.31 -109.1  109.7    0.94
  131 KBAR0       -311 197  94  18 220 220    0.10   -0.23  -69.6   69.6    0.50
  132 K0           311 197  94  18 221 221   -0.40    0.29  -20.2   20.2    0.50
  133 K-          -321   1  95  18   0   0    0.29   -0.13  -96.6   96.6    0.49
  134 K+           321   1  95  18   0   0   -0.41    0.16  -55.2   55.2    0.49
  135 KBAR0       -311 197  96  24 222 222  -12.49  -10.54   13.7   21.4    0.50
  136 K0           311 197  96  24 223 223  -26.75  -21.16   28.6   44.5    0.50
  137 B_10       10113 197  97  26 224 225   -0.36   -0.66    3.1    3.4    1.23
  138 PI-         -211   1  97  26   0   0    0.02   -0.09    0.2    0.2    0.14
  139 PI-         -211   1  98  26   0   0    0.51    0.35    2.6    2.6    0.14
  140 PI+          211   1  98  26   0   0   -0.19   -0.22    0.3    0.5    0.14
  141 PI0          111   1  99  26   0   0    0.16    0.26   23.5   23.5    0.13
  142 RHO+         213 197  99  26 226 227   -0.12    0.50    9.7    9.7    0.77
  143 RHO-        -213 197 100  18 228 229    0.14    0.01 -334.1  334.1    0.77
  144 PI0          111   1 100  18   0   0   -0.16   -0.01 -736.1  736.1    0.13
  145 LAMBDA      3122 197 101  18 230 231    0.05   -0.27 -333.8  333.8    1.12
  146 DELTABR0   -2114 197 101  18 232 233   -0.15    0.29 -315.9  315.9    1.23
  147 PI-         -211   1 102  24   0   0   -5.16   -4.20    5.5    8.6    0.14
  148 RHO+         213 197 102  24 234 235  -12.40   -9.99   13.5   20.9    0.77
  149 K*-         -323 197 103  24 236 237   -4.83   -3.92    5.2    8.1    0.89
  150 PI+          211   1 103  24   0   0   -1.53   -1.21    2.0    2.8    0.14
  151 RHO0         113 197 104  24 238 239   -1.32   -0.87    1.8    2.5    0.77
  152 RHO-        -213 197 104  24 240 241   -2.56   -2.22    3.3    4.8    0.77
  153 PI-         -211   1 105  24   0   0   -0.80   -0.72    2.1    2.4    0.14
  154 PI+          211   1 105  24   0   0   -0.27   -0.04    1.6    1.6    0.14
  155 PI+          211   1 106  24   0   0   -0.19   -0.15    0.4    0.5    0.14
  156 PI0          111   1 106  24   0   0   -3.98   -2.72   16.9   17.6    0.13

                            ---H/W/Z BOSON DECAYS---  

 IHEP    ID      IDPDG IST MO1 MO2 DA1 DA2   P-X     P-Y     P-Z  ENERGY    MASS
  157 BQRK           5 123  17 158 159 158  -15.70   12.47  -38.2   43.4    4.95
  158 BBAR          -5 124  17 157 163 157  230.99   66.69 -394.4  461.9    4.95

                              ---PARTON SHOWERS---    

 IHEP    ID      IDPDG IST MO1 MO2 DA1 DA2   P-X     P-Y     P-Z  ENERGY    MASS
  159 BQRK          94 143 157  17 161 162  -15.45   12.46  -38.3   43.5    5.99
  160 CONE           0 100 157 158   0   0    1.20   -0.27    0.3    1.3    0.00
  161 BQRK           5   2 159 162 167 166  -13.81   10.47  -32.6   37.2    4.95
  162 GLUON         21   2 159 165 168 169   -1.64    1.99   -5.7    6.3    0.75
  163 BBAR          94 144 158  17 165 166  230.74   66.70 -394.2  461.8    9.98
  164 CONE           0 100 158 157   0   0    0.41    0.62   -2.6    2.7    0.00
  165 GLUON         21   2 163 166 170 171   22.05    6.56  -33.3   40.5    0.75
  166 BBAR          -5   2 163 167 172 171  208.69   60.14 -360.9  421.2    4.95

                              ---GLUON SPLITTING---   

 IHEP    ID      IDPDG IST MO1 MO2 DA1 DA2   P-X     P-Y     P-Z  ENERGY    MASS
  167 BQRK           5 158 159 168 179 172  -13.81   10.47  -32.6   37.2    4.95
  168 UBAR          -2 158 159 169 179 167   -0.41    0.71   -1.9    2.1    0.32
  169 UQRK           2 158 159 173 180 168   -1.18    1.22   -3.6    4.0    0.32
  170 UBAR          -2 158 163 171 182 174    3.14    0.90   -4.7    5.7    0.32
  171 UQRK           2 158 163 175 181 170    6.77    2.04  -10.6   12.7    0.32
  172 BBAR          -5 158 163 167 184 178  172.34   49.73 -297.3  347.3    4.95
  173 SBAR          -3 159 163 174 180 169    1.73    0.53   -2.7    3.3    0.50
  174 SQRK           3 159 159 170 182 173    3.09    0.90   -4.6    5.7    0.50
  175 DBAR          -1 159 163 176 181 171    8.01    2.32  -13.7   16.0    0.32
  176 DQRK           1 159 163 177 183 175    5.46    1.63   -8.8   10.5    0.32
  177 UBAR          -2 159 163 178 183 176   23.55    6.77  -40.9   47.6    0.32
  178 UQRK           2 159 163 172 184 177    6.60    1.92  -11.2   13.1    0.32

                             ---CLUSTER FORMATION---  

 IHEP    ID      IDPDG IST MO1 MO2 DA1 DA2   P-X     P-Y     P-Z  ENERGY    MASS
  179 CLUS          91 183 167 168 185 186  -14.22   11.19  -34.5   39.4    5.54
  180 CLUS          91 183 169 173 187 188    0.55    1.75   -6.3    7.3    3.15
  181 CLUS          91 183 171 175 189 190   14.77    4.36  -24.3   28.8    0.89
  182 CLUS          91 183 174 170 191 192    6.24    1.81   -9.3   11.4    0.84
  183 CLUS          91 183 176 177 193 194   26.64    7.73  -45.4   53.2    1.17
  184 CLUS          91 183 178 172 195 195  181.31   52.32 -312.7  365.3    5.28

                              ---CLUSTER DECAYS---    

 IHEP    ID      IDPDG IST MO1 MO2 DA1 DA2   P-X     P-Y     P-Z  ENERGY    MASS
  185 B_DBAR0     -511 200 179 159 242 242  -14.04   10.87  -33.7   38.4    5.28
  186 PI-         -211   1 179 159   0   0   -0.18    0.32   -0.9    0.9    0.14
  187 SIGMA*0     3214 197 180 159 245 246    0.63    1.30   -2.9    3.5    1.38
  188 XI*BAR+    -3314 197 180 159 247 248   -0.08    0.46   -3.4    3.7    1.53
  189 PI0          111   1 181 163   0   0    2.75    0.91   -5.2    5.9    0.13
  190 PI+          211   1 181 163   0   0   12.02    3.45  -19.1   22.9    0.14
  191 KBAR0       -311 197 182 159 249 249    5.94    1.67   -8.8   10.7    0.50
  192 PI-         -211   1 182 159   0   0    0.30    0.14   -0.6    0.7    0.14
  193 PI-         -211   1 183 163   0   0   10.41    2.56  -17.6   20.6    0.14
  194 ETA          221 197 183 163 250 252   16.23    5.17  -27.8   32.6    0.55
  195 B+           521 199 184 163 286 287  181.31   52.32 -312.7  365.3    5.28

                           ---STRONG HADRON DECAYS--- 

 IHEP    ID      IDPDG IST MO1 MO2 DA1 DA2   P-X     P-Y     P-Z  ENERGY    MASS
  196 PI+          211   1 107  11   0   0   -0.31   -0.13   20.2   20.2    0.14
  197 PI-         -211   1 107  11   0   0    0.30    0.06   46.1   46.1    0.14
  198 PI+          211   1 108  11   0   0    0.19    0.78   33.0   33.0    0.14
  199 PI-         -211   1 108  11   0   0   -0.60    0.42   90.3   90.3    0.14
  200 PI+          211   1 109  18   0   0  -20.71   10.58 -217.5  218.8    0.14
  201 PI0          111   1 109  18   0   0  -18.19    9.31 -197.6  198.7    0.13
  202 PBAR       -2212   1 112  18   0   0  -10.53    2.09 -138.6  139.0    0.94
  203 PI0          111   1 112  18   0   0   -1.53    0.39  -17.8   17.9    0.13
  204 K_S0         310 198 114  18 253 254   -0.27    0.05  -12.4   12.4    0.50
  205 PI+          211   1 115  24   0   0  -14.97  -12.37   16.6   25.5    0.14
  206 PI-         -211   1 115  24   0   0  -38.00  -30.42   40.5   63.3    0.14
  207 K_L0         130   1 116  24   0   0  -15.72  -12.70   17.0   26.4    0.50
  208 NBAR       -2112   1 120  26   0   0    1.11   -0.10    2.5    2.9    0.94
  209 PI0          111   1 120  26   0   0   -0.02    0.12    0.4    0.5    0.13
  210 N           2112   1 121  26   0   0    0.84    0.20    1.6    2.0    0.94
  211 PI-         -211   1 121  26   0   0   -0.10    0.09    0.2    0.3    0.14
  212 P           2212   1 124  11   0   0   -0.29    0.09 4499.9 4499.9    0.94
  213 PI0          111   1 124  11   0   0    0.10    0.21  724.4  724.4    0.13
  214 K+           321   1 125  18   0   0    0.68   -0.51-2256.7 2256.7    0.49
  215 PI0          111   1 125  18   0   0   -0.21    0.19 -181.9  181.9    0.13
  216 N           2112   1 126  18   0   0   -0.27    0.19 -618.3  618.3    0.94
  217 PI+          211   1 126  18   0   0   -0.24    0.13 -115.3  115.3    0.14
  218 P           2212   1 129  18   0   0   -6.10    3.43  -69.0   69.4    0.94
  219 PI+          211   1 129  18   0   0   -3.42    2.02  -36.9   37.1    0.14
  220 K_L0         130   1 131  18   0   0    0.10   -0.23  -69.6   69.6    0.50
  221 K_S0         310 198 132  18 255 256   -0.40    0.29  -20.2   20.2    0.50
  222 K_S0         310 198 135  24 257 258  -12.49  -10.54   13.7   21.4    0.50
  223 K_S0         310 198 136  24 259 260  -26.75  -21.16   28.6   44.5    0.50
  224 OMEGA        223 198 137  26 261 263   -0.53   -0.74    2.7    3.0    0.78
  225 PI0          111   1 137  26   0   0    0.16    0.08    0.3    0.4    0.13
  226 PI+          211   1 142  26   0   0    0.16    0.49    4.0    4.0    0.14
  227 PI0          111   1 142  26   0   0   -0.28    0.01    5.7    5.7    0.13
  228 PI-         -211   1 143  18   0   0    0.08    0.32  -93.8   93.8    0.14
  229 PI0          111   1 143  18   0   0    0.07   -0.30 -240.2  240.2    0.13
  230 P           2212   1 145  18   0   0    0.09   -0.14 -285.4  285.4    0.94
  231 PI-         -211   1 145  18   0   0   -0.04   -0.13  -48.4   48.4    0.14
  232 NBAR       -2112   1 146  18   0   0    0.09    0.20 -215.8  215.8    0.94
  233 PI0          111   1 146  18   0   0   -0.24    0.09 -100.0  100.0    0.13
  234 PI+          211   1 148  24   0   0  -11.15   -9.10   12.0   18.7    0.14
  235 PI0          111   1 148  24   0   0   -1.25   -0.89    1.5    2.2    0.13
  236 KBAR0       -311 198 149  24 264 264   -4.02   -2.97    4.0    6.4    0.50
  237 PI-         -211   1 149  24   0   0   -0.81   -0.95    1.2    1.7    0.14
  238 PI+          211   1 151  24   0   0   -0.95   -0.60    0.7    1.4    0.14
  239 PI-         -211   1 151  24   0   0   -0.36   -0.27    1.1    1.2    0.14
  240 PI-         -211   1 152  24   0   0   -0.66   -0.38    1.1    1.4    0.14
  241 PI0          111   1 152  24   0   0   -1.90   -1.85    2.2    3.5    0.13
  242 B_DBAR0     -511 197 185 159 243 244  -14.04   10.87  -33.7   38.4    5.28
  243 D+           411 198 242 159 265 267   -3.26    2.41  -10.8   11.6    1.87
  244 D*_S-       -433 198 242 159 268 269  -10.78    8.46  -22.9   26.8    2.11
  245 LAMBDA      3122 198 187 159 270 271    0.42    0.78   -2.1    2.5    1.12
  246 PI0          111   1 187 159   0   0    0.22    0.52   -0.8    1.0    0.13
  247 XIBAR+     -3312 198 188 159 272 273    0.03    0.40   -3.2    3.5    1.32
  248 PI0          111   1 188 159   0   0   -0.12    0.06   -0.2    0.3    0.13
  249 K_S0         310 198 191 159 274 275    5.94    1.67   -8.8   10.7    0.50
  250 PI0          111   1 194 163   0   0    6.44    1.99  -11.1   13.0    0.13
  251 PI0          111   1 194 163   0   0    3.61    1.26   -6.3    7.4    0.13
  252 PI0          111   1 194 163   0   0    6.18    1.92  -10.3   12.2    0.13
  253 PI+          211   1 204  18   0   0   -0.09   -0.11   -8.8    8.8    0.14
  254 PI-         -211   1 204  18   0   0   -0.18    0.16   -3.6    3.6    0.14
  255 PI+          211   1 221  18   0   0    0.02    0.08   -9.2    9.2    0.14
  256 PI-         -211   1 221  18   0   0   -0.41    0.21  -10.9   10.9    0.14
  257 PI+          211   1 222  24   0   0   -1.70   -1.31    1.8    2.8    0.14
  258 PI-         -211   1 222  24   0   0  -10.79   -9.22   12.0   18.6    0.14
  259 PI0          111   1 223  24   0   0  -20.36  -16.17   21.6   33.8    0.13
  260 PI0          111   1 223  24   0   0   -6.40   -4.99    7.0   10.7    0.13
  261 PI+          211   1 224  26   0   0   -0.43   -0.27    1.1    1.2    0.14
  262 PI-         -211   1 224  26   0   0   -0.00   -0.12    1.1    1.1    0.14
  263 PI0          111   1 224  26   0   0   -0.09   -0.35    0.6    0.7    0.13
  264 K_L0         130   1 236  24   0   0   -4.02   -2.97    4.0    6.4    0.50
  265 K*BAR0      -313 198 243 159 276 277   -2.89    2.00   -7.7    8.5    0.90
  266 PI+          211   1 243 159   0   0   -0.28    0.11   -1.2    1.2    0.14
  267 PI0          111   1 243 159   0   0   -0.09    0.30   -1.9    1.9    0.13
  268 D_S-        -431 198 244 159 278 279  -10.40    8.14  -22.3   26.0    1.97
  269 GAMMA         22   1 244 159   0   0   -0.38    0.32   -0.6    0.8    0.00
  270 P           2212   1 245 159   0   0    0.36    0.76   -1.7    2.1    0.94
  271 PI-         -211   1 245 159   0   0    0.06    0.02   -0.3    0.4    0.14
  272 LAMBDABR   -3122 198 247 159 280 281   -0.02    0.33   -2.4    2.6    1.12
  273 PI+          211   1 247 159   0   0    0.05    0.07   -0.8    0.8    0.14
  274 PI+          211   1 249 159   0   0    0.59    0.20   -1.0    1.2    0.14
  275 PI-         -211   1 249 159   0   0    5.35    1.46   -7.8    9.5    0.14
  276 K-          -321   1 265 159   0   0   -2.44    1.38   -6.1    6.7    0.49
  277 PI+          211   1 265 159   0   0   -0.44    0.62   -1.6    1.8    0.14
  278 K*-         -323 198 268 159 282 283   -5.83    5.03  -13.1   15.2    0.89
  279 K*0          313 198 268 159 284 285   -4.57    3.12   -9.1   10.7    0.90
  280 PBAR       -2212   1 272 159   0   0   -0.02    0.38   -2.1    2.3    0.94
  281 PI+          211   1 272 159   0   0    0.00   -0.05   -0.3    0.3    0.14
  282 K-          -321   1 278 159   0   0   -3.59    2.79   -7.4    8.7    0.49
  283 PI0          111   1 278 159   0   0   -2.24    2.24   -5.7    6.5    0.13
  284 K+           321   1 279 159   0   0   -3.30    2.56   -7.0    8.2    0.49
  285 PI-         -211   1 279 159   0   0   -1.28    0.56   -2.1    2.5    0.14

                           ---HEAVY PARTICLE DECAYS---

 IHEP    ID      IDPDG IST MO1 MO2 DA1 DA2   P-X     P-Y     P-Z  ENERGY    MASS
  286 UQRK           2 125 195 290 291 290   10.99    3.17  -19.0   22.1    0.32
  287 BBAR          -5 155 195 286 288 290  170.32   49.15 -293.8  343.1    4.96
  288 DBAR          -1 123 287 289 292 289   37.94   10.42  -62.4   73.7    0.32
  289 UQRK           2 124 287 288 294 288    5.70    2.03  -10.0   11.7    0.32
  290 CBAR          -4 124 287 287 296 287  126.68   36.70 -221.4  257.7    1.55
  291 UQRK           2 160 286 300 301 300   10.99    3.17  -19.0   22.1    0.32

                              ---PARTON SHOWERS---    

 IHEP    ID      IDPDG IST MO1 MO2 DA1 DA2   P-X     P-Y     P-Z  ENERGY    MASS
  292 DBAR          94 143 288 287 293 293   37.94   10.42  -62.4   73.7    0.32
  293 DBAR          -1   2 292 295 298 295   37.94   10.42  -62.4   73.7    0.32
  294 UQRK          94 144 289 287 295 295    5.70    2.03  -10.0   11.7    0.32
  295 UQRK           2   2 294 298 299 298    5.70    2.03  -10.0   11.7    0.32
  296 CBAR          94 144 290 287 297 297  126.68   36.70 -221.4  257.7    1.55
  297 CBAR          -4   2 296 291 300 291  126.68   36.70 -221.4  257.7    1.55

                              ---GLUON SPLITTING---   

 IHEP    ID      IDPDG IST MO1 MO2 DA1 DA2   P-X     P-Y     P-Z  ENERGY    MASS
  298 DBAR          -1 158 292 299 302 299   37.94   10.42  -62.4   73.7    0.32
  299 UQRK           2 158 294 298 302 298    5.70    2.03  -10.0   11.7    0.32
  300 CBAR          -4 158 296 291 301 291  126.68   36.70 -221.4  257.7    1.55

                             ---CLUSTER FORMATION---  

 IHEP    ID      IDPDG IST MO1 MO2 DA1 DA2   P-X     P-Y     P-Z  ENERGY    MASS
  301 CLUS          91 183 291 300 303 304  137.67   39.88 -240.4  279.9    2.02
  302 CLUS          91 183 299 298 305 306   43.64   12.45  -72.3   85.4    1.55

                              ---CLUSTER DECAYS---    

 IHEP    ID      IDPDG IST MO1 MO2 DA1 DA2   P-X     P-Y     P-Z  ENERGY    MASS
  303 PI+          211   1 301 286   0   0    6.52    1.89  -11.3   13.2    0.14
  304 D-          -411 197 301 286 307 309  131.15   37.99 -229.0  266.7    1.87
  305 PI+          211   1 302 294   0   0    2.49    0.88   -4.3    5.1    0.14
  306 HL_10      10223 197 302 294 310 311   41.15   11.56  -68.0   80.3    1.17

                           ---STRONG HADRON DECAYS--- 

 IHEP    ID      IDPDG IST MO1 MO2 DA1 DA2   P-X     P-Y     P-Z  ENERGY    MASS
  307 NU_EBAR      -12   1 304 286   0   0   35.55   10.63  -61.4   71.7    0.00
  308 E-            11   1 304 286   0   0   10.43    2.92  -18.7   21.6    0.00
  309 K*0          313 198 304 286 312 313   85.18   24.44 -148.9  173.3    0.90
  310 RHO-        -213 198 306 294 314 315   34.08    9.38  -55.8   66.1    0.77
  311 PI+          211   1 306 294   0   0    7.07    2.18  -12.2   14.2    0.14
  312 K+           321   1 309 286   0   0   55.45   15.69  -96.4  112.3    0.49
  313 PI-         -211   1 309 286   0   0   29.73    8.75  -52.5   60.9    0.14
  314 PI-         -211   1 310 294   0   0    3.64    0.81   -5.8    6.9    0.14
  315 PI0          111   1 310 294   0   0   30.44    8.57  -50.1   59.2    0.13

 HWWARN CALLED FROM SUBPROGRAM HWDFIV: CODE = 101
 EVENT    3197:   SEEDS =  181600310 &  609259842  WEIGHT = 0.5922E-03
 EVENT KILLED.   EXECUTION CONTINUES

 HWWARN CALLED FROM SUBPROGRAM HWSBRN: CODE = 102
 EVENT    3431:   SEEDS =  933014621 & 1163181600  WEIGHT = 0.5922E-03
 EVENT KILLED.   EXECUTION CONTINUES

 HWWARN CALLED FROM SUBPROGRAM HWDFIV: CODE = 101
 EVENT    5098:   SEEDS = 1757527312 & 1692407061  WEIGHT = 0.5922E-03
 EVENT KILLED.   EXECUTION CONTINUES

 HWWARN CALLED FROM SUBPROGRAM HWDFIV: CODE = 101
 EVENT    9192:   SEEDS =  381245446 & 1846206700  WEIGHT = 0.5922E-03
 EVENT KILLED.   EXECUTION CONTINUES

          OUTPUT ON LES HOUCHES EVENTS


      PROC CODE  XSECT(pb)        XERR(pb)      Max wgt(nb) No. of events


          OUTPUT ON ELEMENTARY PROCESS

          N.B. NEGATIVE WEIGHTS ALLOWED

          NUMBER OF EVENTS   =        9996
          NEGATIVE  EVENTS   =        2587
          NUMBER OF WEIGHTS  =       10000
          NEGATIVE  WEIGHTS  =        2587
          MEAN VALUE OF WGT  =  2.8581E-04
          RMS SPREAD IN WGT  =  5.1871E-04
          MEAN ABS WEIGHT    =  5.9224E-04
          ACTUAL MAX ABS WGT =  1.0000E+00
          ASSUMED MAXABS WGT =  2.8581E-04

          PROCESS CODE IPROC =      -18000
          CROSS SECTION (PB) =  0.2858    
          ERROR IN C-S  (PB) =  5.1871E-03
          EFFICIENCY PERCENT =   100.0    
 # of events processed=        9996
