 A PDF is used, so alpha_s(MZ) is going to be modified
 Old value of alpha_s from param_card:   0.11799999999999999     
  ****************************************
 
       NNPDFDriver version 1.0.3
   Grid: NNPDF23_lo_as_0130_qed_mem0.grid
  ****************************************
 New value of alpha_s from PDF nn23lo1:  0.13000000000000000     
 *****************************************************
 *               MadGraph/MadEvent                   *
 *        --------------------------------           *
 *          http://madgraph.hep.uiuc.edu             *
 *          http://madgraph.phys.ucl.ac.be           *
 *          http://madgraph.roma2.infn.it            *
 *        --------------------------------           *
 *                                                   *
 *          PARAMETER AND COUPLING VALUES            *
 *                                                   *
 *****************************************************

  External Params
  ---------------------------------
  
 MU_R =    91.188000000000002     
 aEWM1 =    132.50700000000001     
 mdl_Gf =    1.1663900000000000E-005
 aS =   0.11799999999999999     
 mdl_ymb =    4.7000000000000002     
 mdl_ymt =    173.00000000000000     
 mdl_ymtau =    1.7769999999999999     
 mdl_MT =    173.00000000000000     
 mdl_MB =    4.7000000000000002     
 mdl_MZ =    91.188000000000002     
 mdl_MH =    125.00000000000000     
 mdl_MTA =    1.7769999999999999     
 mdl_WT =    1.4915000000000000     
 mdl_WZ =    2.4414039999999999     
 mdl_WW =    2.0476000000000001     
 mdl_WH =    6.3823389999999999E-003
  Internal Params
  ---------------------------------
  
 mdl_conjg__CKM3x3 =    1.0000000000000000     
 mdl_CKM22 =    1.0000000000000000     
 mdl_lhv =    1.0000000000000000     
 mdl_CKM3x3 =    1.0000000000000000     
 mdl_conjg__CKM22 =    1.0000000000000000     
 mdl_conjg__CKM33 =    1.0000000000000000     
 mdl_Ncol =    3.0000000000000000     
 mdl_CA =    3.0000000000000000     
 mdl_TF =   0.50000000000000000     
 mdl_CF =    1.3333333333333333     
 mdl_complexi =                (0.0000000000000000,1.0000000000000000)
 mdl_MZ__exp__2 =    8315.2513440000002     
 mdl_MZ__exp__4 =    69143404.913893804     
 mdl_sqrt__2 =    1.4142135623730951     
 mdl_MH__exp__2 =    15625.000000000000     
 mdl_Ncol__exp__2 =    9.0000000000000000     
 mdl_MB__exp__2 =    22.090000000000003     
 mdl_MT__exp__2 =    29929.000000000000     
 mdl_aEW =    7.5467711139788835E-003
 mdl_MW =    80.419002445756163     
 mdl_sqrt__aEW =    8.6872153846781555E-002
 mdl_ee =   0.30795376724436879     
 mdl_MW__exp__2 =    6467.2159543705357     
 mdl_sw2 =   0.22224648578577766     
 mdl_cw =   0.88190334743339216     
 mdl_sqrt__sw2 =   0.47143025548407230     
 mdl_sw =   0.47143025548407230     
 mdl_g1 =   0.34919219678733299     
 mdl_gw =   0.65323293034757990     
 mdl_v =    246.21845810181637     
 mdl_v__exp__2 =    60623.529110035903     
 mdl_lam =   0.12886910601690263     
 mdl_yb =    2.6995554250465490E-002
 mdl_yt =   0.99366614581500623     
 mdl_ytau =    1.0206617000654717E-002
 mdl_muH =    88.388347648318430     
 mdl_AxialZUp =  -0.18517701861793787     
 mdl_AxialZDown =   0.18517701861793787     
 mdl_VectorZUp =    7.5430507588273299E-002
 mdl_VectorZDown =  -0.13030376310310560     
 mdl_VectorAUp =   0.20530251149624587     
 mdl_VectorADown =  -0.10265125574812294     
 mdl_VectorWmDxU =   0.23095271737156670     
 mdl_AxialWmDxU =  -0.23095271737156670     
 mdl_VectorWpUxD =   0.23095271737156670     
 mdl_AxialWpUxD =  -0.23095271737156670     
 mdl_I1x33 =          (2.69955542504654901E-002,0.0000000000000000)
 mdl_I2x33 =               (0.99366614581500623,0.0000000000000000)
 mdl_I3x33 =               (0.99366614581500623,0.0000000000000000)
 mdl_I4x33 =          (2.69955542504654901E-002,0.0000000000000000)
 mdl_Vector_tbGp =              (-0.96667059156454072,0.0000000000000000)
 mdl_Axial_tbGp =              (-1.0206617000654716,-0.0000000000000000)
 mdl_Vector_tbGm =               (0.96667059156454072,0.0000000000000000)
 mdl_Axial_tbGm =              (-1.0206617000654716,-0.0000000000000000)
 mdl_gw__exp__2 =   0.42671326129048615     
 mdl_cw__exp__2 =   0.77775351421422245     
 mdl_ee__exp__2 =    9.4835522759998875E-002
 mdl_sw__exp__2 =   0.22224648578577769     
 mdl_yb__exp__2 =    7.2875994928982540E-004
 mdl_yt__exp__2 =   0.98737240933884918     
  Internal Params evaluated point by point
  ----------------------------------------
  
 mdl_sqrt__aS =   0.34351128074635334     
 mdl_G__exp__4 =    2.1987899468922913     
 mdl_G__exp__2 =    1.4828317324943823     
 mdl_R2MixedFactor_FIN_ =   -2.5040377713124864E-002
 mdl_G_UVg_1EPS_ =   -5.1645779033320030E-002
 mdl_G_UVq_1EPS_ =    3.1300472141406080E-003
 mdl_GWcft_UV_b_1EPS_ =   -3.1300472141406080E-003
 mdl_GWcft_UV_t_1EPS_ =   -3.1300472141406080E-003
 mdl_bWcft_UV_1EPS_ =   -1.8780283284843650E-002
 mdl_tWcft_UV_1EPS_ =   -1.8780283284843650E-002
 mdl_G__exp__3 =    1.8056676068262196     
 mdl_MU_R__exp__2 =    8315.2513440000002     
 mdl_G_UVb_FIN_ =    1.8563438626678915E-002
 mdl_G_UVt_FIN_ =   -4.0087659331150384E-003
 mdl_GWcft_UV_b_FIN_ =   -1.8563438626678915E-002
 mdl_GWcft_UV_t_FIN_ =    4.0087659331150384E-003
 mdl_bWcft_UV_FIN_ =  -0.13642100947319838     
 mdl_tWcft_UV_FIN_ =   -9.8778211443463623E-004
  Couplings of loop_sm
  ---------------------------------
  
      UV_GQQb =   0.00000E+00   0.22605E-01
      UV_GQQt =   0.00000E+00  -0.48815E-02
   UVWfct_G_2 =   0.40088E-02   0.00000E+00
   UVWfct_G_1 =  -0.18563E-01   0.00000E+00
    R2_UUZ_V2 =  -0.00000E+00  -0.72127E-02
    R2_UUZ_V5 =   0.00000E+00   0.68702E-03
      R2_sxcW =  -0.00000E+00  -0.11566E-01
      R2_GGHb =   0.00000E+00  -0.33698E-02
      R2_GGHt =   0.00000E+00  -0.45657E+01
     R2_GGZup =  -0.46369E-02   0.00000E+00
         GC_4 =  -0.12177E+01   0.00000E+00
         GC_5 =   0.00000E+00   0.12177E+01
       R2_GQQ =  -0.00000E+00  -0.30492E-01
       R2_QQq =   0.00000E+00   0.12520E-01
 UV_GQQg_1eps =   0.00000E+00  -0.62890E-01
 UV_GQQq_1eps =   0.00000E+00   0.38115E-02
 UVWfct_G_2_1eps -0.31300E-02   0.00000E+00
        GC_22 =   0.00000E+00   0.28804E+00
        GC_23 =  -0.00000E+00  -0.27437E-01
        GC_31 =   0.00000E+00   0.52532E+02
        GC_32 =   0.00000E+00   0.67544E+02
        GC_33 =  -0.00000E+00  -0.19089E-01
        GC_37 =  -0.00000E+00  -0.70263E+00
        GC_47 =   0.00000E+00   0.46191E+00

 Collider parameters:
 --------------------

 Running at P P   machine @    13000.000000000000       GeV
 PDF set = nn23lo1
 alpha_s(Mz)= 0.1300 running at 2 loops.
 alpha_s(Mz)= 0.1300 running at 2 loops.
 Renormalization scale set on event-by-event basis
 Factorization   scale set on event-by-event basis


 ===============================================================
 INFO: MadFKS read these parameters from FKS_params.dat
 ===============================================================
  > IRPoleCheckThreshold      =    1.0000000000000001E-005
  > PrecisionVirtualAtRunTime =    1.0000000000000000E-003
  > NHelForMCoverHels         =            4
  > VirtualFraction           =    1.0000000000000000     
  > MinVirtualFraction        =    5.0000000000000001E-003
 ===============================================================
  Insert the number of points to test
 Insert the relative tolerance
  A negative number will mean use the default one:    1.0000000000000001E-005
Using random seed offsets:     1 ,     14 ,      0
  with seed                26142
 Ranmar initialization seeds       13122        6507
  ========================================================================================== 
 {                                                                                          }
 {       [32m                                                                            [0m       }
 {       [32m                               ,,                                           [0m       }
 {       [32m`7MMM.     ,MMF'             `7MM  `7MMF'                                   [0m       }
 {       [32m  MMMb    dPMM                 MM    MM                                     [0m       }
 {       [32m  M YM   ,M MM   ,6"Yb.   ,M""bMM    MM         ,pW"Wq.   ,pW"Wq.`7MMpdMAo. [0m       }
 {       [32m  M  Mb  M' MM  8)   MM ,AP    MM    MM        6W'   `Wb 6W'   `Wb MM   `Wb [0m       }
 {       [32m  M  YM.P'  MM   ,pm9MM 8MI    MM    MM      , 8M     M8 8M     M8 MM    M8 [0m       }
 {       [32m  M  `YM'   MM  8M   MM `Mb    MM    MM     ,M YA.   ,A9 YA.   ,A9 MM   ,AP [0m       }
 {       [32m.JML. `'  .JMML.`Moo9^Yo.`Wbmd"MML..JMMmmmmMMM  `Ybmd9'   `Ybmd9'  MMbmmd'  [0m       }
 {       [32m                                                                   MM       [0m       }
 {       [32m                                                                 .JMML.     [0m       }
 {       [32m[0mv2.6.7 (2019-10-16), Ref: arXiv:1103.0621v2, arXiv:1405.0301[32m                [0m       }
 {       [32m                                                                            [0m       }
 {                                                                                          }
  ========================================================================================== 
 ===============================================================
 INFO: MadLoop read these parameters from ./MadLoop5_resources/MadLoopParams.dat                                                                                                                                                                                                                                                                                                                                                                                                                                                                                          
 ===============================================================
  > MLReductionLib            = 6|7|1
  > CTModeRun                 =           -1
  > MLStabThres               =    1.0000000000000000E-003
  > NRotations_DP             =            0
  > NRotations_QP             =            0
  > CTStabThres               =    1.0000000000000000E-002
  > CTLoopLibrary             =            2
  > CTModeInit                =            1
  > CheckCycle                =            3
  > MaxAttempts               =           10
  > UseLoopFilter             =  F
  > HelicityFilterLevel       =            2
  > ImprovePSPoint            =            2
  > DoubleCheckHelicityFilter =  T
  > LoopInitStartOver         =  F
  > HelInitStartOver          =  F
  > ZeroThres                 =    1.0000000000000001E-009
  > OSThres                   =    1.0000000000000000E-008
  > WriteOutFilters           =  T
  > UseQPIntegrandForNinja    =  T
  > UseQPIntegrandForCutTools =  T
  > IREGIMODE                 =            2
  > IREGIRECY                 =  T
  > COLLIERMode               =            1
  > COLLIERRequiredAccuracy   =    1.0000000000000000E-008
  > COLLIERCanOutput          =  F
  > COLLIERComputeUVpoles     =  T
  > COLLIERComputeIRpoles     =  T
  > COLLIERGlobalCache        =           -1
  > COLLIERUseCacheForPoles   =  F
  > COLLIERUseInternalStabilityTest =  T
 ===============================================================
  
------------------------------------------------------------------------
|              You are using CutTools - Version 1.9.3                  |
|              Authors: G. Ossola, C. Papadopoulos, R. Pittau          |
|              Published in JHEP 0803:042,2008                         |
|              http://www.ugr.es/~pittau/CutTools                      |
|                                                                      |
|              Compiler with  34  significant digits detetected        |
 ---------------------------------------------------------------------- 
   
########################################################################
#                                                                      #
#                      You are using OneLOop-3.6                       #
#                                                                      #
# for the evaluation of 1-loop scalar 1-, 2-, 3- and 4-point functions #

  +----------------------------------------------------------------+
  |                                                                |
  |  Ninja - version 1.2.0                                         |
  |                                                                |
  |  Author: Tiziano Peraro                                        |
  |                                                                |
  |  Based on:                                                     |
  |                                                                |
  |      P. Mastrolia, E. Mirabella and T. Peraro,                 |
  |      "Integrand reduction of one-loop scattering amplitudes    |
  |      through Laurent series expansion,"                        |
  |      JHEP 1206 (2012) 095  [arXiv:1203.0291 [hep-ph]].         |
  |                                                                |
  |      T. Peraro,                                                |
  |      "Ninja: Automated Integrand Reduction via Laurent         |
  |      Expansion for One-Loop Amplitudes,"                       |
  |      Comput.Phys.Commun. 185 (2014) [arXiv:1403.1229 [hep-ph]] |
  |                                                                |
  +----------------------------------------------------------------+


#                                                                      #
# author: Andreas van Hameren <hamerenREMOVETHIS@ifj.edu.pl>           #
#   date: 18-02-2015                                                   #
#                                                                      #
# Please cite                                                          #
#    A. van Hameren,                                                   #
#      Comput.Phys.Commun. 182 (2011) 2427-2438, arXiv:1007.4716       #
#    A. van Hameren, C.G. Papadopoulos and R. Pittau,                  #
#      JHEP 0909:106,2009, arXiv:0903.4665                             #
# in publications with results obtained with the help of this program. #
#                                                                      #
########################################################################
########################################################################
#                                                                      #
#                      You are using OneLOop-3.6                       #
#                                                                      #
# for the evaluation of 1-loop scalar 1-, 2-, 3- and 4-point functions #
#                                                                      #
# author: Andreas van Hameren <hamerenREMOVETHIS@ifj.edu.pl>           #
#   date: 18-02-2015                                                   #
#                                                                      #
# Please cite                                                          #
#    A. van Hameren,                                                   #
#      Comput.Phys.Commun. 182 (2011) 2427-2438, arXiv:1007.4716       #
#    A. van Hameren, C.G. Papadopoulos and R. Pittau,                  #
#      JHEP 0909:106,2009, arXiv:0903.4665                             #
# in publications with results obtained with the help of this program. #
#                                                                      #
########################################################################
 PASSED   1.0000000000000001E-005
 MU_R    =    325.00000000000000     
 ALPHA_S =   0.11799999999999999     
 BORN                    8.7918603572431030E-008
 SINGLE POLE (MadFKS)   -6.5736890723697381E-009
 DOUBLE POLE (MadFKS)   -9.3564389262226880E-009
 SINGLE POLE (MadLoop)  -6.5736890723697902E-009
 DOUBLE POLE (MadLoop)  -9.3564389262227707E-009
 FINITE PART (MadLoop)   2.4108035061538705E-008
   325.00000000000000        0.0000000000000000        0.0000000000000000        325.00000000000000        0.0000000000000000     
   325.00000000000000        0.0000000000000000        0.0000000000000000       -325.00000000000000        0.0000000000000000     
   216.38776442422741       -42.104228014173778        154.53486904349305        74.463902835910062        125.00000000000000     
   190.06783042054423        57.493836386245619        79.005307610722738       -141.81390747500376        80.419002445756163     
   243.54440515522833       -15.389608372071836       -233.54017665421577        67.350004639093669        0.0000000000000000     

 PASSED   1.0000000000000001E-005
 MU_R    =    325.00000000000000     
 ALPHA_S =   0.11799999999999999     
 BORN                    6.8660509132978575E-008
 SINGLE POLE (MadFKS)   -5.7089528034602577E-009
 DOUBLE POLE (MadFKS)   -7.3069616013272823E-009
 SINGLE POLE (MadLoop)  -5.7089528034603627E-009
 DOUBLE POLE (MadLoop)  -7.3069616013274924E-009
 FINITE PART (MadLoop)   2.2028342013420476E-008
   325.00000000000000        0.0000000000000000        0.0000000000000000        325.00000000000000        0.0000000000000000     
   325.00000000000000        0.0000000000000000        0.0000000000000000       -325.00000000000000        0.0000000000000000     
   288.30476102130052        223.94650763907404       -131.67889172578396       -1.8073233469983767        125.00000000000000     
   122.49449779220379       -31.457210855353210        19.107894277352205       -84.752689022125182        80.419002445756163     
   239.20074118649566       -192.48929678372073        112.57099744843175        86.560012369123569        0.0000000000000000     

 PASSED   1.0000000000000001E-005
 MU_R    =    325.00000000000000     
 ALPHA_S =   0.11799999999999999     
 BORN                    3.2152332205178474E-008
 SINGLE POLE (MadFKS)   -8.5599738534137793E-010
 DOUBLE POLE (MadFKS)   -3.4217028067960360E-009
 SINGLE POLE (MadLoop)  -8.5599738534055395E-010
 DOUBLE POLE (MadLoop)  -3.4217028067960828E-009
 FINITE PART (MadLoop)   7.3507877273454670E-009
   325.00000000000000        0.0000000000000000        0.0000000000000000        325.00000000000000        0.0000000000000000     
   325.00000000000000        0.0000000000000000        0.0000000000000000       -325.00000000000000        0.0000000000000000     
   270.73987351514904       -159.54436694647984       -22.151159541041359        178.12916722882088        125.00000000000000     
   226.89983663129533        207.89082590403297       -16.711221978687703       -38.967415539859537        80.419002445756163     
   152.36028985355566       -48.346458957553175        38.862381519729063       -139.16175168896135        0.0000000000000000     

 PASSED   1.0000000000000001E-005
 MU_R    =    325.00000000000000     
 ALPHA_S =   0.11799999999999999     
 BORN                    2.6630328594131957E-008
 SINGLE POLE (MadFKS)   -6.1571000898075661E-010
 DOUBLE POLE (MadFKS)   -2.8340423181421981E-009
 SINGLE POLE (MadLoop)  -6.1571000898015949E-010
 DOUBLE POLE (MadLoop)  -2.8340423181424851E-009
 FINITE PART (MadLoop)   9.5093429686059707E-009
   325.00000000000000        0.0000000000000000        0.0000000000000000        325.00000000000000        0.0000000000000000     
   325.00000000000000        0.0000000000000000        0.0000000000000000       -325.00000000000000        0.0000000000000000     
   308.26260199149431        163.81964504845610       -140.65649522125040        181.05166675520738        125.00000000000000     
   192.63781341914535       -123.76198609865772        117.37981472092217       -39.332697562416875        80.419002445756163     
   149.09958458936035       -40.057658949798409        23.276680500328169       -141.71896919279052        0.0000000000000000     

 PASSED   1.0000000000000001E-005
 MU_R    =    325.00000000000000     
 ALPHA_S =   0.11799999999999999     
 BORN                    4.9913140534144049E-008
 SINGLE POLE (MadFKS)   -5.4784821789789569E-009
 DOUBLE POLE (MadFKS)   -5.3118365402488118E-009
 SINGLE POLE (MadLoop)  -5.4784821789790338E-009
 DOUBLE POLE (MadLoop)  -5.3118365402487688E-009
 FINITE PART (MadLoop)   7.4170809252995214E-009
   325.00000000000000        0.0000000000000000        0.0000000000000000        325.00000000000000        0.0000000000000000     
   325.00000000000000        0.0000000000000000        0.0000000000000000       -325.00000000000000        0.0000000000000000     
   268.78943798555747        183.52737166550216        4.8915572653943125        151.38209434957554        125.00000000000000     
   300.78054668885244       -239.73661286398629       -62.412203878826617       -150.44199736631174        80.419002445756163     
   80.430015325590162        56.209241198484087        57.520646613432305      -0.94009698326382285        0.0000000000000000     

 PASSED   1.0000000000000001E-005
 MU_R    =    325.00000000000000     
 ALPHA_S =   0.11799999999999999     
 BORN                    6.9688156126692999E-008
 SINGLE POLE (MadFKS)   -2.6618215517202146E-009
 DOUBLE POLE (MadFKS)   -7.4163254440603390E-009
 SINGLE POLE (MadLoop)  -2.6618215517201993E-009
 DOUBLE POLE (MadLoop)  -7.4163254440603241E-009
 FINITE PART (MadLoop)   1.1209435413966522E-008
   325.00000000000000        0.0000000000000000        0.0000000000000000        325.00000000000000        0.0000000000000000     
   325.00000000000000        0.0000000000000000        0.0000000000000000       -325.00000000000000        0.0000000000000000     
   205.13442160311016       -31.064180832316033        150.38874008252643       -53.603866017760396        125.00000000000000     
   198.40656556445040        111.48866098015722        71.762091819026026        123.76764502615076        80.419002445756163     
   246.45901283243947       -80.424480147841194       -222.15083190155244       -70.163779008390378        0.0000000000000000     

 PASSED   1.0000000000000001E-005
 MU_R    =    325.00000000000000     
 ALPHA_S =   0.11799999999999999     
 BORN                    6.6246219496051621E-008
 SINGLE POLE (MadFKS)   -6.2369998342007724E-009
 DOUBLE POLE (MadFKS)   -7.0500290225527622E-009
 SINGLE POLE (MadLoop)  -6.2369998341888254E-009
 DOUBLE POLE (MadLoop)  -7.0500290225528176E-009
 FINITE PART (MadLoop)   1.3426645115860015E-008
   325.00000000000000        0.0000000000000000        0.0000000000000000        325.00000000000000        0.0000000000000000     
   325.00000000000000        0.0000000000000000        0.0000000000000000       -325.00000000000000        0.0000000000000000     
   307.90809217934509        172.10864047878388       -218.69445817639527        41.638240416733872        125.00000000000000     
   299.92599878563050       -192.07954548239812        215.80673575393305       -4.6140875257174487        80.419002445756163     
   42.165909035024391        19.970905003614522        2.8877224224622151       -37.024152891016492        0.0000000000000000     

 PASSED   1.0000000000000001E-005
 MU_R    =    325.00000000000000     
 ALPHA_S =   0.11799999999999999     
 BORN                    3.1613181899101804E-008
 SINGLE POLE (MadFKS)   -2.1951267262417336E-009
 DOUBLE POLE (MadFKS)   -3.3643255657357326E-009
 SINGLE POLE (MadLoop)  -2.1951267262685032E-009
 DOUBLE POLE (MadLoop)  -3.3643255657357235E-009
 FINITE PART (MadLoop)   5.3134617789712682E-009
   325.00000000000000        0.0000000000000000        0.0000000000000000        325.00000000000000        0.0000000000000000     
   325.00000000000000        0.0000000000000000        0.0000000000000000       -325.00000000000000        0.0000000000000000     
   283.30788001248271        216.44637106929298       -39.153070587367885       -127.50043290782118        125.00000000000000     
   274.03114455990340       -162.65151654874006        86.480915447352430        186.25624194164052        80.419002445756163     
   92.660975427613849       -53.794854520552917       -47.327844859984509       -58.755809033819311        0.0000000000000000     

 PASSED   1.0000000000000001E-005
 MU_R    =    325.00000000000000     
 ALPHA_S =   0.11799999999999999     
 BORN                    1.3782411017610557E-007
 SINGLE POLE (MadFKS)   -2.9784569127185726E-008
 DOUBLE POLE (MadFKS)   -1.4667463051336333E-008
 SINGLE POLE (MadLoop)  -2.9784569127185865E-008
 DOUBLE POLE (MadLoop)  -1.4667463051335357E-008
 FINITE PART (MadLoop)   2.5024730441877435E-008
   325.00000000000000        0.0000000000000000        0.0000000000000000        325.00000000000000        0.0000000000000000     
   325.00000000000000        0.0000000000000000        0.0000000000000000       -325.00000000000000        0.0000000000000000     
   177.80329307071722       -62.354217293252816        1.6869730920728832        109.99143936836079        125.00000000000000     
   304.11464499062794        125.57546755822125       -26.880445628991747       -263.67924630832454        80.419002445756163     
   168.08206193865485       -63.221250264968468        25.193472536918854        153.68780693996379        0.0000000000000000     

 PASSED   1.0000000000000001E-005
 MU_R    =    325.00000000000000     
 ALPHA_S =   0.11799999999999999     
 BORN                    4.3918703879226935E-008
 SINGLE POLE (MadFKS)   -2.5980024036122347E-009
 DOUBLE POLE (MadFKS)   -4.6738989686785797E-009
 SINGLE POLE (MadLoop)  -2.5980024036121669E-009
 DOUBLE POLE (MadLoop)  -4.6738989686785532E-009
 FINITE PART (MadLoop)   8.8322368031960475E-009
   325.00000000000000        0.0000000000000000        0.0000000000000000        325.00000000000000        0.0000000000000000     
   325.00000000000000        0.0000000000000000        0.0000000000000000       -325.00000000000000        0.0000000000000000     
   288.33332335767619        8.1849875278946325        235.29150715158443       -109.91823324629240        125.00000000000000     
   164.02302991151993        37.706406352437050       -44.168279724105815        130.62820665224973        80.419002445756163     
   197.64364673080394       -45.891393880331677       -191.12322742747855       -20.709973405957292        0.0000000000000000     

 PASSED   1.0000000000000001E-005
 MU_R    =    325.00000000000000     
 ALPHA_S =   0.11799999999999999     
 BORN                    4.6527038079376506E-008
 SINGLE POLE (MadFKS)   -1.6104684345116384E-009
 DOUBLE POLE (MadFKS)   -4.9514820813672577E-009
 SINGLE POLE (MadLoop)  -1.6104684345114459E-009
 DOUBLE POLE (MadLoop)  -4.9514820813672544E-009
 FINITE PART (MadLoop)   2.2011574010901081E-008
   325.00000000000000        0.0000000000000000        0.0000000000000000        325.00000000000000        0.0000000000000000     
   325.00000000000000        0.0000000000000000        0.0000000000000000       -325.00000000000000        0.0000000000000000     
   282.53508686102759        176.84233394278758        88.126766769750148        158.62388600695056        125.00000000000000     
   126.04145621976168       -15.497324584203392        67.130476077381559       -68.356161711900612        80.419002445756163     
   241.42345691921074       -161.34500935858418       -155.25724284713172       -90.267724295049902        0.0000000000000000     

 PASSED   1.0000000000000001E-005
 MU_R    =    325.00000000000000     
 ALPHA_S =   0.11799999999999999     
 BORN                    6.4935603059887316E-008
 SINGLE POLE (MadFKS)   -7.4573984256716577E-009
 DOUBLE POLE (MadFKS)   -6.9105511175087821E-009
 SINGLE POLE (MadLoop)  -7.4573984256713499E-009
 DOUBLE POLE (MadLoop)  -6.9105511175088301E-009
 FINITE PART (MadLoop)   1.2074036816176582E-008
   325.00000000000000        0.0000000000000000        0.0000000000000000        325.00000000000000        0.0000000000000000     
   325.00000000000000        0.0000000000000000        0.0000000000000000       -325.00000000000000        0.0000000000000000     
   210.65841514578304       -48.352992080455280        161.85686371443322       -14.707538785529739        125.00000000000000     
   277.35019977895666       -63.016363832150738       -249.97535099724379       -63.223248463167451        80.419002445756163     
   161.99138507526033        111.36935591260601        88.118487282810563        77.930787248697257        0.0000000000000000     

 PASSED   1.0000000000000001E-005
 MU_R    =    325.00000000000000     
 ALPHA_S =   0.11799999999999999     
 BORN                    3.1767451648658232E-008
 SINGLE POLE (MadFKS)   -1.6182328200668764E-009
 DOUBLE POLE (MadFKS)   -3.3807432001297919E-009
 SINGLE POLE (MadLoop)  -1.6182328200671717E-009
 DOUBLE POLE (MadLoop)  -3.3807432001297530E-009
 FINITE PART (MadLoop)   6.9785944902792619E-009
   325.00000000000000        0.0000000000000000        0.0000000000000000        325.00000000000000        0.0000000000000000     
   325.00000000000000        0.0000000000000000        0.0000000000000000       -325.00000000000000        0.0000000000000000     
   269.54267056607466        163.05751197334237        25.926805616759214        172.53492340817715        125.00000000000000     
   246.88057287044410       -205.55938531361377        67.788741908353217       -87.366051109341257        80.419002445756163     
   133.57675656348113        42.501873340271388       -93.715547525112427       -85.168872298835893        0.0000000000000000     

 PASSED   1.0000000000000001E-005
 MU_R    =    325.00000000000000     
 ALPHA_S =   0.11799999999999999     
 BORN                    1.8617769176038971E-007
 SINGLE POLE (MadFKS)   -1.8906496491956057E-008
 DOUBLE POLE (MadFKS)   -1.9813328824611048E-008
 SINGLE POLE (MadLoop)  -1.8906496491955498E-008
 DOUBLE POLE (MadLoop)  -1.9813328824610965E-008
 FINITE PART (MadLoop)   3.2337582418632112E-008
   325.00000000000000        0.0000000000000000        0.0000000000000000        325.00000000000000        0.0000000000000000     
   325.00000000000000        0.0000000000000000        0.0000000000000000       -325.00000000000000        0.0000000000000000     
   293.95055542587045       -29.014875194243348        197.88587994678556       -175.44584512129825        125.00000000000000     
   85.177390249675184        3.7959387477153248        21.136757115871657        18.077616076882663        80.419002445756163     
   270.87205432445438        25.218936446528033       -219.02263706265722        157.36822904441559        0.0000000000000000     

 PASSED   1.0000000000000001E-005
 MU_R    =    325.00000000000000     
 ALPHA_S =   0.11799999999999999     
 BORN                    9.4293386224366864E-007
 SINGLE POLE (MadFKS)   -2.9840630309094685E-007
 DOUBLE POLE (MadFKS)   -1.0034853529357772E-007
 SINGLE POLE (MadLoop)  -2.9840630309092451E-007
 DOUBLE POLE (MadLoop)  -1.0034853529366476E-007
 FINITE PART (MadLoop)  -2.7693931895224768E-007
   325.00000000000000        0.0000000000000000        0.0000000000000000        325.00000000000000        0.0000000000000000     
   325.00000000000000        0.0000000000000000        0.0000000000000000       -325.00000000000000        0.0000000000000000     
   328.02821787938717        117.94354430215948       -143.01448398975180       -240.02851799675025        125.00000000000000     
   260.60492133883980       -105.34569826498171        132.84785213849491        180.83539783710600        80.419002445756163     
   61.366860781773006       -12.597846037177803        10.166631851256858        59.193120159644252        0.0000000000000000     

 PASSED   1.0000000000000001E-005
 MU_R    =    325.00000000000000     
 ALPHA_S =   0.11799999999999999     
 BORN                    8.3914808935855349E-008
 SINGLE POLE (MadFKS)   -1.2114943899011059E-008
 DOUBLE POLE (MadFKS)   -8.9303486737837247E-009
 SINGLE POLE (MadLoop)  -1.2114943899011284E-008
 DOUBLE POLE (MadLoop)  -8.9303486737836552E-009
 FINITE PART (MadLoop)   9.9152323270053056E-009
   325.00000000000000        0.0000000000000000        0.0000000000000000        325.00000000000000        0.0000000000000000     
   325.00000000000000        0.0000000000000000        0.0000000000000000       -325.00000000000000        0.0000000000000000     
   264.98700366372083        179.25602234891181        102.17831900711118        109.63567707276788        125.00000000000000     
   307.96195739281495       -199.22976399155257       -169.60940463412209       -141.11520912492850        80.419002445756163     
   77.051038943464278        19.973741642640814        67.431085627010873        31.479532052160778        0.0000000000000000     

 PASSED   1.0000000000000001E-005
 MU_R    =    325.00000000000000     
 ALPHA_S =   0.11799999999999999     
 BORN                    5.2284043606006133E-008
 SINGLE POLE (MadFKS)   -1.0249720611521353E-009
 DOUBLE POLE (MadFKS)   -5.5641518511215095E-009
 SINGLE POLE (MadLoop)  -1.0249720611521485E-009
 DOUBLE POLE (MadLoop)  -5.5641518511215103E-009
 FINITE PART (MadLoop)   8.5209262361140292E-009
   325.00000000000000        0.0000000000000000        0.0000000000000000        325.00000000000000        0.0000000000000000     
   325.00000000000000        0.0000000000000000        0.0000000000000000       -325.00000000000000        0.0000000000000000     
   139.36859724753779       -11.902903028756745       -60.031208132752752       -7.2925200278459483        125.00000000000000     
   256.94159940096603       -179.50315554601787        7.1307540407384380        165.16518714362471        80.419002445756163     
   253.68980335149618        191.40605857477459        52.900454092014286       -157.87266711577871        0.0000000000000000     

 PASSED   1.0000000000000001E-005
 MU_R    =    325.00000000000000     
 ALPHA_S =   0.11799999999999999     
 BORN                    4.6328066874360703E-008
 SINGLE POLE (MadFKS)   -4.4513656423976340E-009
 DOUBLE POLE (MadFKS)   -4.9303072463248254E-009
 SINGLE POLE (MadLoop)  -4.4513656423396784E-009
 DOUBLE POLE (MadLoop)  -4.9303072463248031E-009
 FINITE PART (MadLoop)   7.9958347996252553E-009
   325.00000000000000        0.0000000000000000        0.0000000000000000        325.00000000000000        0.0000000000000000     
   325.00000000000000        0.0000000000000000        0.0000000000000000       -325.00000000000000        0.0000000000000000     
   289.33806532369391        230.00438387047413        7.0849473359977155       -123.04187485107620        125.00000000000000     
   310.97547980254888       -252.84796236986304       -32.910044380977311        158.81867015028578        80.419002445756163     
   49.686454873757185        22.843578499388990        25.825097044979614       -35.776795299209603        0.0000000000000000     

 PASSED   1.0000000000000001E-005
 MU_R    =    325.00000000000000     
 ALPHA_S =   0.11799999999999999     
 BORN                    3.9973302847150520E-008
 SINGLE POLE (MadFKS)   -4.3818621578282271E-009
 DOUBLE POLE (MadFKS)   -4.2540230573685591E-009
 SINGLE POLE (MadLoop)  -4.3818621590881166E-009
 DOUBLE POLE (MadLoop)  -4.2540230573685906E-009
 FINITE PART (MadLoop)   1.4223764132713059E-008
   325.00000000000000        0.0000000000000000        0.0000000000000000        325.00000000000000        0.0000000000000000     
   325.00000000000000        0.0000000000000000        0.0000000000000000       -325.00000000000000        0.0000000000000000     
   325.02027530476744        36.570928243610453       -204.65808949825288        216.31184195395454        125.00000000000000     
   281.95363413062381       -61.943328608316719        181.38098425074585       -190.51141288187409        80.419002445756163     
   43.026090564608808        25.372400364706319        23.277105247507009       -25.800429072080380        0.0000000000000000     

 PASSED   1.0000000000000001E-005
 MU_R    =    325.00000000000000     
 ALPHA_S =   0.11799999999999999     
 BORN                    9.4151814097343232E-008
 SINGLE POLE (MadFKS)   -5.4256589359249997E-009
 DOUBLE POLE (MadFKS)   -1.0019787196336902E-008
 SINGLE POLE (MadLoop)  -5.4256589359247068E-009
 DOUBLE POLE (MadLoop)  -1.0019787196337032E-008
 FINITE PART (MadLoop)   2.8271361372897889E-008
   325.00000000000000        0.0000000000000000        0.0000000000000000        325.00000000000000        0.0000000000000000     
   325.00000000000000        0.0000000000000000        0.0000000000000000       -325.00000000000000        0.0000000000000000     
   225.29169180427630       -14.121298505120444        162.34496577034193        92.606951216357771        125.00000000000000     
   167.63450664398601       -8.3797639765964984        92.867763934340104       -113.75179049550940        80.419002445756163     
   257.07380155173774        22.501062481716833       -255.21272970468178        21.144839279151572        0.0000000000000000     

 NUMBER OF POINTS PASSING THE CHECK          20
 NUMBER OF POINTS FAILING THE CHECK           0
 TOLERANCE    1.0000000000000001E-005
