 Enter filename for events
 Enter maximum number of events to generate
 MUST coincide with the number of events on tape
 Enter 0 to use Herwig default PDFs
       1 to use PDFs from library
 Enter colliding particles (PART1, PART2)
 Enter beam momenta (PBEAM1, PBEAM2)


          HERWIG 6.521  11th Mar. 2013

          Please reference:  G. Marchesini, B.R. Webber,
          G.Abbiendi, I.G.Knowles, M.H.Seymour & L.Stanco
          Computer Physics Communications 67 (1992) 465
                             and
          G.Corcella, I.G.Knowles, G.Marchesini, S.Moretti,
          K.Odagiri, P.Richardson, M.H.Seymour & B.R.Webber,
          JHEP 0101 (2001) 010
 Enter .TRUE. for underlying event, .FALSE. otherwise

 Underlying event WILL NOT be generated

 Enter Lambda_QCD, <0 for Herwig default
 Enter Z mass, width
 Enter W mass, width
 Enter top mass, width
 Enter Higgs (SM) boson mass, width
 Enter quark (d,u,s,c,b) and gluon masses
 Enter lepton (e,mu,tau) masses
 Enter number of events to print
 Enter accepted error fraction
 Is it single-top (.TRUE. or .FALSE)?
 Is it b-bbar (.TRUE. or .FALSE)?
 Enter the two random seeds (0 0 for default)

          INPUT CONDITIONS FOR THIS RUN

          BEAM 1 (P       ) MOM. =   6500.00
          BEAM 2 (P       ) MOM. =   6500.00
          PROCESS CODE (IPROC)   =  -18000
          NUMBER OF FLAVOURS     =    6
          STRUCTURE FUNCTION SET =    8
          AZIM SPIN CORRELATIONS =    T
          AZIM SOFT CORRELATIONS =    T
          QCD LAMBDA (GEV)       =    0.1800
          DOWN     QUARK  MASS   =    0.3200
          UP       QUARK  MASS   =    0.3200
          STRANGE  QUARK  MASS   =    0.5000
          CHARMED  QUARK  MASS   =    1.5500
          BOTTOM   QUARK  MASS   =    4.9500
          TOP      QUARK  MASS   =  173.0000
          GLUON EFFECTIVE MASS   =    0.7500
          EXTRA SHOWER CUTOFF (Q)=    0.4800
          EXTRA SHOWER CUTOFF (G)=    0.1000
          PHOTON SHOWER CUTOFF   =    0.4000
          CLUSTER MASS PARAMETER =    3.3500
          SPACELIKE EVOLN CUTOFF =    2.5000
          INTRINSIC P-TRAN (RMS) =    0.0000
          DECAY SPIN CORRELATIONS=    T
          SUSY THREE BODY ME     =    T
          SUSY FOUR  BODY ME     =    F

          NO EVENTS WILL BE WRITTEN TO DISK

          B_d: Delt-M/Gam =0.7000 Delt-Gam/2*Gam =0.0000
          B_s: Delt-M/Gam = 10.00 Delt-Gam/2*Gam =0.2000

          PDFLIB NOT USED FOR BEAM 1
          PDFLIB NOT USED FOR BEAM 2


          Checking consistency of particle properties


          Checking consistency of decay tables


          WRITING SUDAKOV TABLE ON UNIT  77

          WRITING MATRIX ELEMENT TABLE ON UNIT  88

          CHECKING SUSY DECAY MATRIX ELEMENTS
 Do you want a stable Pi0 (.TRUE. or .FALSE)?
 Do you want a stable W+ (.TRUE. or .FALSE)?
 Do you want a stable W- (.TRUE. or .FALSE)?
 Do you want a stable Z0 (.TRUE. or .FALSE)?
 Do you want a stable Tau+ (.TRUE. or .FALSE)?
 Do you want a stable Tau- (.TRUE. or .FALSE)?
 Do you want a stable Mu+ (.TRUE. or .FALSE)?
 Do you want a stable Mu- (.TRUE. or .FALSE)?
 Do you want a stable Higgs (.TRUE. or .FALSE)?

          PARTICLE TYPE  21=PI0      SET STABLE
 How many decay modes do you want to set?
 How are the events normalized ("average" or "sum")?
 stdhep initialized

          SUBROUTINE TIMEL CALLED BUT NOT LINKED.
          DUMMY TIMEL WILL BE USED. DELETE DUMMY
          AND LINK CERNLIB FOR CPU TIME REMAINING.

 HWWARN CALLED FROM SUBPROGRAM HWSMRS: CODE =   5
 EVENT       1:   SEEDS = 1973774260 & 1099242306  WEIGHT =-0.5963E-03
 EVENT SURVIVES. EXECUTION CONTINUES
 WARNING: MRST98 CALLED WITH Q OUTSIDE ALLOWED RANGE!
 Q VALUE=1.430E+04, MINIMUM=1.118E+00, MAXIMUM=3.162E+03
 NO FURTHER WARNINGS WILL BE ISSUED



 EVENT       1: 6500.00 GEV/C P        ON  6500.00 GEV/C P        PROCESS:-18000
 SEEDS:  1973774260 &  1099242306   STATUS:  100 ERROR:   0  WEIGHT: -5.9630E-04


                               ---INITIAL STATE---    

 IHEP    ID      IDPDG IST MO1 MO2 DA1 DA2   P-X     P-Y     P-Z  ENERGY    MASS
    1 P           2212 101   0   0   0   0    0.00    0.00 6500.0 6500.0    0.94
    2 P           2212 102   0   0   0   0    0.00    0.00-6500.0 6500.0    0.94
    3 CMF            0 103   1   2   0   0    0.00    0.00    0.013000.013000.00

                              ---HARD SUBPROCESS---   

 IHEP    ID      IDPDG IST MO1 MO2 DA1 DA2   P-X     P-Y     P-Z  ENERGY    MASS
    4 DQRK           1 121   6   8  10   9    0.00    0.00  377.1  377.1    0.32
    5 UQRK           2 122   6   9  12   8   -0.00   -0.00-1780.3 1780.3    0.32
    6 HARD           0 120   4   5   7   9    1.42    3.07-1403.2 2157.4 1638.76
    7 HIGGS         25 123   6   7  17   7  193.06  114.93 -210.2  332.1  125.00
    8 DQRK           1 124   6   5  18   4 -162.70  -87.73-1502.1 1513.4    0.32
    9 UQRK           2 124   6   4  22   5  -30.36  -27.21  309.2  311.9    0.32

                              ---PARTON SHOWERS---    

 IHEP    ID      IDPDG IST MO1 MO2 DA1 DA2   P-X     P-Y     P-Z  ENERGY    MASS
   10 DQRK          94 141   4   6  11  11    0.00    0.00  377.3  377.3    0.21
   11 UU          2203   2  10  20  27  26    0.00    0.00 6122.7 6122.7    0.32
   12 UQRK          94 142   5   6  14  16    1.42    3.07-1780.4 1780.1  -33.09
   13 CONE           0 100   5   8   0   0   -0.88   -0.47   -6.1    6.2    0.00
   14 GLUON         21   2  12  15  28  29   -2.56   -2.84  -28.0   28.3    0.75
   15 GLUON         21   2  12  16  30  31    1.15   -0.23  -27.4   27.5    0.75
   16 UD          2101   2  12  24  32  31    0.00    0.00-4664.1 4664.1    0.31
   17 HIGGS         25 195   7   6 122 123  193.27  115.40 -210.2  332.4  125.00
   18 DQRK          94 144   8   6  20  21 -161.70  -85.57-1502.1 1513.2    2.05
   19 CONE           0 100   8   5   0   0    0.31    0.17   -5.4    5.4    0.00
   20 DQRK           1   2  18  21  33  27  -67.52  -36.67 -629.1  633.7    0.32
   21 GLUON         21   2  18  28  34  35  -94.18  -48.91 -873.0  879.4    0.75
   22 UQRK          94 144   9   6  24  26  -30.15  -26.76  309.2  311.8    5.28
   23 CONE           0 100   9   4   0   0    0.27    0.24    5.0    5.0    0.00
   24 UQRK           2   2  22  25  36  32   -4.46   -4.22   46.9   47.3    0.32
   25 GLUON         21   2  22  26  37  38   -7.44   -8.84   79.0   79.9    0.75
   26 GLUON         21   2  22  27  39  40  -18.25  -13.71  183.2  184.7    0.75

                              ---GLUON SPLITTING---   

 IHEP    ID      IDPDG IST MO1 MO2 DA1 DA2   P-X     P-Y     P-Z  ENERGY    MASS
   27 UU          2203 161  10  33  73  44   -0.00   -0.00 2524.4 2524.4    0.64
   28 DBAR          -1 158  12  29  68  35   -1.93   -2.09  -21.1   21.3    0.32
   29 DQRK           1 158  12  30  65  28   -0.64   -0.74   -6.9    7.0    0.32
   30 DBAR          -1 158  12  31  65  29    0.62   -0.27  -17.4   17.4    0.32
   31 DQRK           1 158  12  45  66  30    0.30    0.02   -8.9    8.9    0.32
   32 UD          2101 162  12  36  72  42    0.00    0.00-3545.3 3545.3    0.64
   33 DQRK           1 158  18  34  67  27  -67.52  -36.67 -629.1  633.7    0.32
   34 DBAR          -1 158  18  35  67  33  -70.44  -36.57 -653.4  658.2    0.32
   35 DQRK           1 158  18  28  68  34  -23.75  -12.34 -219.6  221.3    0.32
   36 UQRK           2 158  22  37  69  32   -4.46   -4.22   46.9   47.3    0.32
   37 DBAR          -1 158  22  38  69  36   -2.57   -2.83   26.4   26.7    0.32
   38 DQRK           1 158  22  39  70  37   -4.88   -6.01   52.6   53.1    0.32
   39 UBAR          -2 158  22  40  70  38   -8.74   -6.47   85.8   86.5    0.32
   40 UQRK           2 158  22  53  71  39   -3.36   -2.55   34.6   34.8    0.32
   41 DBAR          -1 159  12  42  74  46    0.00    0.00 -920.9  920.9    0.32
   42 DQRK           1 159  12  32  72  41    0.01    0.00 -169.6  169.6    0.32
   43 UBAR          -2 159  10  44  83  64   -0.00   -0.00 2084.8 2084.8    0.32
   44 UQRK           2 159  22  27  73  43   -0.01   -0.00  106.0  106.0    0.32
   45 UBAR          -2 159  12  46  66  31    0.09    0.01  -16.8   16.8    0.32
   46 UQRK           2 159  12  41  74  45    0.13    0.01  -12.6   12.6    0.32
   47 DBAR          -1 159  10  48  80  58   -0.00   -0.00  884.3  884.3    0.32
   48 DQRK           1 159  22  55  75  47   -0.99   -0.76   10.8   10.9    0.32
   49 SBAR          -3 159  10  50  81  60   -0.02   -0.01   94.1   94.1    0.50
   50 SQRK           3 159  22  57  76  49   -0.12   -0.09   14.6   14.6    0.50
   51 UBAR          -2 159  10  52  78  54   -0.07   -0.05   10.6   10.6    0.32
   52 UQRK           2 159  22  59  77  51   -1.12   -0.85   12.0   12.1    0.32
   53 DBAR          -1 159  10  54  71  40   -0.16   -0.12    5.9    5.9    0.32
   54 DQRK           1 159  22  51  78  53   -1.63   -1.24   17.1   17.2    0.32
   55 UBAR          -2 159  10  56  75  48   -0.08   -0.06    9.6    9.6    0.32
   56 UQRK           2 159  22  61  79  55   -1.07   -0.82   11.6   11.7    0.32
   57 SBAR          -3 159  10  58  76  50   -0.01   -0.01  168.6  168.6    0.50
   58 SQRK           3 159  22  47  80  57   -0.02   -0.01   99.8   99.8    0.50
   59 DBAR          -1 159  10  60  77  52   -0.02   -0.02   28.9   28.9    0.32
   60 DQRK           1 159  22  49  81  59   -0.32   -0.25    5.4    5.4    0.32
   61 DBAR          -1 159  10  62  79  56   -0.02   -0.01   35.2   35.2    0.32
   62 DQRK           1 159  22  63  82  61   -0.45   -0.34    6.1    6.1    0.32
   63 DBAR          -1 159  10  64  82  62   -0.03   -0.02   23.9   23.9    0.32
   64 DQRK           1 159  22  43  83  63   -0.02   -0.02   31.8   31.8    0.32

                             ---CLUSTER FORMATION---  

 IHEP    ID      IDPDG IST MO1 MO2 DA1 DA2   P-X     P-Y     P-Z  ENERGY    MASS
   65 CLUS          91 183  29  30  84  85   -0.02   -1.02  -24.3   24.4    1.86
   66 CLUS          91 183  31  45  86  87    0.39    0.03  -25.7   25.8    0.75
   67 CLUS          91 183  33  34  88  89 -137.95  -73.23-1282.4 1291.9    1.65
   68 CLUS          91 183  35  28  90  91  -25.67  -14.43 -240.8  242.6    3.33
   69 CLUS          91 183  36  37  92  93   -7.02   -7.04   73.3   74.0    0.90
   70 CLUS          91 183  38  39  94  95  -13.62  -12.48  138.4  139.7    2.76
   71 CLUS          91 183  40  53  96  97   -3.51   -2.67   40.4   40.7    1.56
   72 CLUS          91 185  42  32  98  99    0.01    0.00-3714.9 3714.9    1.64
   73 CLUS          91 184  44  27 100 101   -0.01   -0.01 2630.4 2630.4    1.72
   74 CLUS          91 183  46  41 102 103    0.13    0.01 -933.5  933.5    2.99
   75 CLUS          91 183  48  55 104 105   -1.07   -0.81   20.4   20.5    1.25
   76 CLUS          91 183  50  57 106 107   -0.13   -0.10  183.2  183.2    1.92
   77 CLUS          91 183  52  59 108 109   -1.14   -0.87   41.0   41.1    2.27
   78 CLUS          91 183  54  51 110 111   -1.70   -1.29   27.7   27.9    1.64
   79 CLUS          91 183  56  61 112 113   -1.09   -0.83   46.8   46.8    2.44
   80 CLUS          91 183  58  47 114 115   -0.02   -0.01  984.1  984.1    1.61
   81 CLUS          91 183  60  49 116 117   -0.34   -0.26   99.5   99.5    2.24
   82 CLUS          91 183  62  63 118 119   -0.48   -0.36   30.0   30.1    1.36
   83 CLUS          91 183  64  43 120 121   -0.02   -0.02 2116.6 2116.6    2.64

                              ---CLUSTER DECAYS---    

 IHEP    ID      IDPDG IST MO1 MO2 DA1 DA2   P-X     P-Y     P-Z  ENERGY    MASS
   84 PI-         -211   1  65  12   0   0    0.12   -0.55   -1.9    2.0    0.14
   85 PI+          211   1  65  12   0   0   -0.14   -0.47  -22.4   22.4    0.14
   86 PI-         -211   1  66  12   0   0   -0.02   -0.07  -18.4   18.4    0.14
   87 PI0          111   1  66  12   0   0    0.41    0.10   -7.3    7.3    0.13
   88 PI-         -211   1  67  18   0   0  -67.42  -36.67 -628.2  632.9    0.14
   89 PI+          211   1  67  18   0   0  -70.54  -36.56 -654.2  659.0    0.14
   90 RHO-        -213 197  68  18 167 168   -7.15   -5.01  -76.0   76.5    0.77
   91 PI_2+      10215 197  68  18 169 170  -18.52   -9.42 -164.8  166.1    1.67
   92 PI0          111   1  69  22   0   0   -4.79   -4.46   50.5   51.0    0.13
   93 PI+          211   1  69  22   0   0   -2.23   -2.58   22.8   23.1    0.14
   94 DELTA+      2214 197  70  22 171 172   -6.17   -4.97   61.7   62.2    1.23
   95 DLTABR--   -2224 197  70  22 173 174   -7.45   -7.51   76.7   77.4    1.23
   96 OMEGA        223 197  71  22 175 177   -2.46   -1.16   23.8   24.0    0.78
   97 PI+          211   1  71  22   0   0   -1.05   -1.51   16.6   16.7    0.14
   98 PI-         -211   1  72  12   0   0    0.49   -0.19 -992.3  992.3    0.14
   99 P           2212   1  72  12   0   0   -0.48    0.19-2722.6 2722.6    0.94
  100 PI+          211   1  73  22   0   0    0.04    0.51  462.4  462.4    0.14
  101 P           2212   1  73  22   0   0   -0.05   -0.51 2168.1 2168.1    0.94
  102 RHOD+      30213 197  74  12 178 180    0.01   -0.05 -497.8  497.8    1.70
  103 FL_1       20223 197  74  12 181 184    0.12    0.06 -435.7  435.7    1.28
  104 K0           311 197  75  22 185 185   -0.40   -0.05    4.9    5.0    0.50
  105 K-          -321   1  75  22   0   0   -0.67   -0.76   15.5   15.6    0.49
  106 K-          -321   1  76  22   0   0    0.07    0.33  157.2  157.2    0.49
  107 K+           321   1  76  22   0   0   -0.20   -0.43   26.0   26.0    0.49
  108 RHO+         213 197  77  22 186 187    0.05   -0.24   15.0   15.1    0.77
  109 F_2          225 197  77  22 188 189   -1.19   -0.63   26.0   26.0    1.27
  110 A_2-        -215 197  78  22 190 191   -1.67   -1.28   27.2   27.3    1.32
  111 PI0          111   1  78  22   0   0   -0.03   -0.01    0.5    0.6    0.13
  112 N           2112   1  79  22   0   0   -0.04   -0.41   24.2   24.3    0.94
  113 DELTABR+   -1114 197  79  22 192 193   -1.05   -0.42   22.5   22.6    1.23
  114 PHI          333 197  80  22 194 195   -0.02    0.23  597.9  597.9    1.02
  115 KBAR0       -311 197  80  22 196 196    0.00   -0.25  386.2  386.2    0.50
  116 F_2          225 197  81  22 197 198   -0.32    0.00   65.9   65.9    1.27
  117 K*0          313 197  81  22 199 200   -0.02   -0.26   33.6   33.6    0.90
  118 RHO0         113 197  82  22 201 202   -0.06    0.15   18.7   18.7    0.77
  119 PI0          111   1  82  22   0   0   -0.42   -0.52   11.3   11.3    0.13
  120 DELTA0      2114 197  83  22 203 204   -0.30   -0.31  876.7  876.7    1.23
  121 DELTABR-   -2214 197  83  22 205 206    0.27    0.29 1239.9 1239.9    1.23

                            ---H/W/Z BOSON DECAYS---  

 IHEP    ID      IDPDG IST MO1 MO2 DA1 DA2   P-X     P-Y     P-Z  ENERGY    MASS
  122 BQRK           5 123  17 123 124 123   18.13   42.31    3.6   46.4    4.95
  123 BBAR          -5 124  17 122 129 122  175.14   73.09 -213.9  286.0    4.95

                              ---PARTON SHOWERS---    

 IHEP    ID      IDPDG IST MO1 MO2 DA1 DA2   P-X     P-Y     P-Z  ENERGY    MASS
  124 BQRK          94 143 122  17 126 128   21.02   43.46    0.1   51.1   16.83
  125 CONE           0 100 122 123   0   0    0.20   -0.76   -0.9    1.2    0.00
  126 BQRK           5   2 124 127 133 132   13.17   33.49   -4.8   36.6    4.95
  127 GLUON         21   2 124 128 134 135    4.48    5.85    0.3    7.4    0.75
  128 GLUON         21   2 124 131 136 137    3.37    4.12    4.6    7.1    0.75
  129 BBAR          94 144 123  17 131 132  172.25   71.94 -210.3  281.3    7.02
  130 CONE           0 100 123 122   0   0    1.03    1.26   -0.6    1.8    0.00
  131 GLUON         21   2 129 132 138 139   30.13   11.80  -38.5   50.3    0.75
  132 BBAR          -5   2 129 133 140 139  142.12   60.14 -171.8  231.0    4.95

                              ---GLUON SPLITTING---   

 IHEP    ID      IDPDG IST MO1 MO2 DA1 DA2   P-X     P-Y     P-Z  ENERGY    MASS
  133 BQRK           5 158 124 141 147 140   12.61   31.53   -4.4   34.6    4.95
  134 DBAR          -1 158 124 135 151 142    1.07    1.63    0.1    2.0    0.32
  135 DQRK           1 158 124 136 148 134    2.51    3.12   -0.0    4.0    0.32
  136 UBAR          -2 158 124 137 148 135    1.98    2.19    2.4    3.8    0.32
  137 UQRK           2 158 124 143 149 136    1.35    1.89    2.2    3.2    0.32
  138 UBAR          -2 158 129 139 152 144    6.54    2.64   -8.3   10.9    0.32
  139 UQRK           2 158 129 145 150 138    9.02    3.57  -11.4   14.9    0.32
  140 BBAR          -5 158 129 133 153 146  133.84   56.39 -162.3  217.8    4.95
  141 UBAR          -2 159 124 142 147 133    0.73    1.37   -0.1    1.6    0.32
  142 UQRK           2 159 124 134 151 141    0.73    1.68   -0.2    1.9    0.32
  143 DBAR          -1 159 129 144 149 137    0.58    0.25   -0.7    1.0    0.32
  144 DQRK           1 159 124 138 152 143    1.05    0.44   -1.3    1.8    0.32
  145 DBAR          -1 159 129 146 150 139   10.51    4.48  -12.6   17.0    0.32
  146 DQRK           1 159 129 140 153 145   10.75    4.22  -13.6   17.9    0.32

                             ---CLUSTER FORMATION---  

 IHEP    ID      IDPDG IST MO1 MO2 DA1 DA2   P-X     P-Y     P-Z  ENERGY    MASS
  147 CLUS          91 183 133 141 154 154   13.31   32.89   -4.4   36.2    5.28
  148 CLUS          91 183 135 136 155 156    4.53    5.33    2.4    7.9    2.72
  149 CLUS          91 183 137 143 157 158    1.93    2.14    1.5    4.2    2.63
  150 CLUS          91 183 139 145 159 160   19.52    8.05  -24.0   32.0    0.83
  151 CLUS          91 183 142 134 161 162    1.80    3.31   -0.1    3.8    0.77
  152 CLUS          91 183 144 138 163 164    7.59    3.07   -9.7   12.7    0.93
  153 CLUS          91 183 146 140 165 166  144.59   60.61 -175.9  235.7    5.63

                              ---CLUSTER DECAYS---    

 IHEP    ID      IDPDG IST MO1 MO2 DA1 DA2   P-X     P-Y     P-Z  ENERGY    MASS
  154 B-          -521 196 147 124 207 208   13.31   32.89   -4.4   36.2    5.28
  155 DELTA-      1114 197 148 124 209 210    2.89    2.78    0.6    4.2    1.23
  156 NBAR       -2112   1 148 124   0   0    1.63    2.55    1.8    3.6    0.94
  157 DELTA++     2224 197 149 124 211 212    0.91    1.45    1.6    2.6    1.23
  158 PBAR       -2212   1 149 124   0   0    1.02    0.69   -0.1    1.5    0.94
  159 PI+          211   1 150 129   0   0    6.99    2.77   -8.0   11.0    0.14
  160 PI0          111   1 150 129   0   0   12.54    5.28  -16.0   21.0    0.13
  161 PI+          211   1 151 124   0   0    0.26    0.78   -0.3    0.9    0.14
  162 PI0          111   1 151 124   0   0    1.53    2.53    0.2    3.0    0.13
  163 PI-         -211   1 152 124   0   0    1.92    0.46   -2.0    2.8    0.14
  164 PI0          111   1 152 124   0   0    5.67    2.61   -7.7    9.9    0.13
  165 PI-         -211   1 153 129   0   0    5.54    2.16   -7.0    9.2    0.14
  166 B+           521 199 153 129 224 225  139.05   58.45 -168.8  226.5    5.28

                           ---STRONG HADRON DECAYS--- 

 IHEP    ID      IDPDG IST MO1 MO2 DA1 DA2   P-X     P-Y     P-Z  ENERGY    MASS
  167 PI-         -211   1  90  18   0   0   -0.69   -0.37   -5.8    5.8    0.14
  168 PI0          111   1  90  18   0   0   -6.46   -4.64  -70.2   70.7    0.13
  169 F_2          225 198  91  18 213 214  -11.89   -6.07 -104.3  105.2    1.27
  170 PI+          211   1  91  18   0   0   -6.64   -3.35  -60.5   61.0    0.14
  171 N           2112   1  94  22   0   0   -5.97   -4.78   59.7   60.2    0.94
  172 PI+          211   1  94  22   0   0   -0.20   -0.19    2.1    2.1    0.14
  173 PBAR       -2212   1  95  22   0   0   -5.13   -4.92   51.7   52.2    0.94
  174 PI-         -211   1  95  22   0   0   -2.32   -2.60   25.0   25.2    0.14
  175 PI+          211   1  96  22   0   0   -0.31   -0.06    2.2    2.2    0.14
  176 PI-         -211   1  96  22   0   0   -0.64   -0.14    5.4    5.5    0.14
  177 PI0          111   1  96  22   0   0   -1.51   -0.96   16.2   16.3    0.13
  178 RHO-        -213 198 102  12 215 216   -0.31    0.01 -141.9  141.9    0.77
  179 PI+          211   1 102  12   0   0    0.23    0.01 -307.5  307.5    0.14
  180 PI+          211   1 102  12   0   0    0.10   -0.07  -48.3   48.3    0.14
  181 PI0          111   1 103  12   0   0    0.44    0.32 -147.1  147.1    0.13
  182 PI0          111   1 103  12   0   0   -0.05    0.02  -34.2   34.2    0.13
  183 PI+          211   1 103  12   0   0   -0.06   -0.20 -111.1  111.1    0.14
  184 PI-         -211   1 103  12   0   0   -0.21   -0.08 -143.3  143.3    0.14
  185 K_L0         130   1 104  22   0   0   -0.40   -0.05    4.9    5.0    0.50
  186 PI+          211   1 108  22   0   0    0.24   -0.34   12.7   12.7    0.14
  187 PI0          111   1 108  22   0   0   -0.20    0.10    2.4    2.4    0.13
  188 PI+          211   1 109  22   0   0   -0.24   -0.02   15.8   15.8    0.14
  189 PI-         -211   1 109  22   0   0   -0.95   -0.61   10.2   10.2    0.14
  190 ETA          221 198 110  22 217 219   -0.21   -0.08    6.4    6.4    0.55
  191 PI-         -211   1 110  22   0   0   -1.45   -1.19   20.8   20.9    0.14
  192 NBAR       -2112   1 113  22   0   0   -0.70   -0.34   19.4   19.5    0.94
  193 PI+          211   1 113  22   0   0   -0.35   -0.08    3.1    3.1    0.14
  194 K+           321   1 114  22   0   0   -0.07    0.03  252.1  252.1    0.49
  195 K-          -321   1 114  22   0   0    0.06    0.21  345.7  345.7    0.49
  196 K_L0         130   1 115  22   0   0    0.00   -0.25  386.2  386.2    0.50
  197 PI+          211   1 116  22   0   0    0.12    0.55   34.5   34.5    0.14
  198 PI-         -211   1 116  22   0   0   -0.44   -0.55   31.4   31.4    0.14
  199 K+           321   1 117  22   0   0   -0.23   -0.10   27.2   27.2    0.49
  200 PI-         -211   1 117  22   0   0    0.22   -0.16    6.4    6.4    0.14
  201 PI+          211   1 118  22   0   0   -0.25    0.36   12.6   12.7    0.14
  202 PI-         -211   1 118  22   0   0    0.19   -0.21    6.1    6.1    0.14
  203 N           2112   1 120  22   0   0   -0.01   -0.16  615.1  615.1    0.94
  204 PI0          111   1 120  22   0   0   -0.29   -0.15  261.6  261.6    0.13
  205 PBAR       -2212   1 121  22   0   0    0.15    0.45  983.4  983.4    0.94
  206 PI0          111   1 121  22   0   0    0.12   -0.16  256.4  256.4    0.13
  207 D0           421 198 154 124 220 223   13.00   29.62   -5.1   32.8    1.86
  208 PI-         -211   1 154 124   0   0    0.31    3.27    0.6    3.4    0.14
  209 N           2112   1 155 124   0   0    2.21    2.40    0.6    3.4    0.94
  210 PI-         -211   1 155 124   0   0    0.68    0.38    0.0    0.8    0.14
  211 P           2212   1 157 124   0   0    0.49    1.17    1.1    1.9    0.94
  212 PI+          211   1 157 124   0   0    0.43    0.28    0.5    0.7    0.14
  213 PI0          111   1 169  18   0   0   -1.42   -0.53   -9.5    9.6    0.13
  214 PI0          111   1 169  18   0   0  -10.46   -5.54  -94.8   95.5    0.13
  215 PI-         -211   1 178  12   0   0   -0.20    0.31 -107.1  107.1    0.14
  216 PI0          111   1 178  12   0   0   -0.11   -0.30  -34.9   34.9    0.13
  217 PI0          111   1 190  22   0   0    0.03   -0.09    3.6    3.6    0.13
  218 PI0          111   1 190  22   0   0   -0.12    0.02    1.5    1.5    0.13
  219 PI0          111   1 190  22   0   0   -0.12   -0.01    1.3    1.3    0.13
  220 K-          -321   1 207 124   0   0    5.90   14.28   -2.6   15.7    0.49
  221 PI+          211   1 207 124   0   0    3.14    6.28   -0.6    7.1    0.14
  222 PI0          111   1 207 124   0   0    1.19    2.52   -0.5    2.8    0.13
  223 PI0          111   1 207 124   0   0    2.77    6.53   -1.3    7.2    0.13

                           ---HEAVY PARTICLE DECAYS---

 IHEP    ID      IDPDG IST MO1 MO2 DA1 DA2   P-X     P-Y     P-Z  ENERGY    MASS
  224 UQRK           2 125 166 228 229 228    8.43    3.54  -10.2   13.7    0.32
  225 BBAR          -5 155 166 224 226 228  130.62   54.90 -158.6  212.7    4.96
  226 DBAR          -1 123 225 227 230 227   32.45   12.34  -41.0   53.8    0.32
  227 UQRK           2 124 225 226 232 226   49.51   22.33  -59.0   80.2    0.32
  228 UBAR          -2 124 225 225 234 225   48.66   20.22  -58.6   78.8    0.32
  229 UQRK           2 160 224 238 241 238    8.43    3.54  -10.2   13.7    0.32

                              ---PARTON SHOWERS---    

 IHEP    ID      IDPDG IST MO1 MO2 DA1 DA2   P-X     P-Y     P-Z  ENERGY    MASS
  230 DBAR          94 143 226 225 231 231   32.45   12.34  -41.0   53.8    0.32
  231 DBAR          -1   2 230 233 236 233   32.45   12.34  -41.0   53.8    0.32
  232 UQRK          94 144 227 225 233 233   49.51   22.33  -59.0   80.2    0.32
  233 UQRK           2   2 232 236 237 236   49.51   22.33  -59.0   80.2    0.32
  234 UBAR          94 144 228 225 235 235   48.66   20.22  -58.6   78.8    0.32
  235 UBAR          -2   2 234 229 238 229   48.66   20.22  -58.6   78.8    0.32

                              ---GLUON SPLITTING---   

 IHEP    ID      IDPDG IST MO1 MO2 DA1 DA2   P-X     P-Y     P-Z  ENERGY    MASS
  236 DBAR          -1 158 230 237 243 240   18.53    7.08  -23.4   30.7    0.32
  237 UQRK           2 158 232 239 242 236   31.91   14.38  -38.0   51.7    0.32
  238 UBAR          -2 158 234 229 241 229   48.66   20.22  -58.6   78.8    0.32
  239 SBAR          -3 159 230 240 242 237   14.48    5.65  -18.2   23.9    0.50
  240 SQRK           3 159 232 236 243 239   17.03    7.56  -20.4   27.6    0.50

                             ---CLUSTER FORMATION---  

 IHEP    ID      IDPDG IST MO1 MO2 DA1 DA2   P-X     P-Y     P-Z  ENERGY    MASS
  241 CLUS          91 183 229 238 244 245   57.09   23.77  -68.8   92.5    0.91
  242 CLUS          91 183 237 239 246 247   46.39   20.03  -56.2   75.6    2.00
  243 CLUS          91 183 240 236 248 249   35.57   14.64  -43.8   58.3    1.71

                              ---CLUSTER DECAYS---    

 IHEP    ID      IDPDG IST MO1 MO2 DA1 DA2   P-X     P-Y     P-Z  ENERGY    MASS
  244 PI+          211   1 241 224   0   0    1.64    0.73   -2.1    2.7    0.14
  245 PI-         -211   1 241 224   0   0   55.45   23.04  -66.8   89.8    0.14
  246 K+           321   1 242 232   0   0   26.33   11.81  -31.4   42.7    0.49
  247 ETAP         331 197 242 232 250 252   20.06    8.22  -24.8   32.9    0.96
  248 K-          -321   1 243 232   0   0   17.43    7.75  -20.9   28.3    0.49
  249 PI+          211   1 243 232   0   0   18.14    6.89  -22.9   30.1    0.14

                           ---STRONG HADRON DECAYS--- 

 IHEP    ID      IDPDG IST MO1 MO2 DA1 DA2   P-X     P-Y     P-Z  ENERGY    MASS
  250 PI+          211   1 247 232   0   0    2.16    0.88   -2.7    3.6    0.14
  251 PI-         -211   1 247 232   0   0    1.25    0.54   -1.5    2.0    0.14
  252 ETA          221 198 247 232 253 254   16.65    6.81  -20.5   27.3    0.55
  253 GAMMA         22   1 252 232   0   0    3.57    1.47   -4.1    5.6    0.00
  254 GAMMA         22   1 252 232   0   0   13.08    5.34  -16.5   21.7    0.00



 EVENT       2: 6500.00 GEV/C P        ON  6500.00 GEV/C P        PROCESS:-18000
 SEEDS:  1336590686 &   918340574   STATUS:  100 ERROR:   0  WEIGHT:  5.9630E-04


                               ---INITIAL STATE---    

 IHEP    ID      IDPDG IST MO1 MO2 DA1 DA2   P-X     P-Y     P-Z  ENERGY    MASS
    1 P           2212 101   0   0   0   0    0.00    0.00 6500.0 6500.0    0.94
    2 P           2212 102   0   0   0   0    0.00    0.00-6500.0 6500.0    0.94
    3 CMF            0 103   1   2   0   0    0.00    0.00    0.013000.013000.00

                              ---HARD SUBPROCESS---   

 IHEP    ID      IDPDG IST MO1 MO2 DA1 DA2   P-X     P-Y     P-Z  ENERGY    MASS
    4 DQRK           1 121   6   8  10   9    0.00    0.00  843.2  843.2    0.32
    5 UQRK           2 122   6   9  14   8    0.00    0.00 -351.2  351.2    0.32
    6 HARD           0 120   4   5   7   9  -11.47  -17.35  492.1 1194.6 1088.34
    7 HIGGS         25 123   6   7  21   7   41.47 -223.84   71.7  269.4  125.00
    8 DQRK           1 124   6   5  22   4  -14.38  175.72 -220.2  282.1    0.32
    9 UQRK           2 124   6   4  30   5  -27.08   48.12  640.5  642.9    0.32

                              ---PARTON SHOWERS---    

 IHEP    ID      IDPDG IST MO1 MO2 DA1 DA2   P-X     P-Y     P-Z  ENERGY    MASS
   10 DQRK          94 141   4   6  12  13   -0.83    1.15  844.8  844.8   -2.80
   11 CONE           0 100   4   9   0   0   -0.49    0.87    9.4    9.5    0.00
   12 GLUON         21   2  10  13  32  33    0.83   -1.15  365.0  365.0    0.75
   13 UU          2203   2  10  24  34  33    0.00    0.00 5290.2 5290.2    0.32
   14 UQRK          94 142   5   6  16  20  -10.63  -18.50 -352.7  349.8  -50.03
   15 CONE           0 100   5   8   0   0   -0.08    1.00   -0.9    1.4    0.00
   16 GLUON         21   2  14  17  35  36    7.44   -0.86  -16.0   17.7    0.75
   17 GLUON         21   2  14  18  37  38    1.95   16.07 -111.3  112.5    0.75
   18 GLUON         21   2  14  19  39  40   -0.04    1.89  -85.0   85.0    0.75
   19 GLUON         21   2  14  20  41  42    1.28    1.39  -52.2   52.2    0.75
   20 UD          2101   2  14  31  43  42    0.00    0.00-5882.8 5882.8    0.29
   21 HIGGS         25 195   7   6 142 143   38.83 -227.58   71.7  272.1  125.00
   22 DQRK          94 144   8   6  24  29  -17.08  171.48 -219.6  280.4   27.03
   23 CONE           0 100   8   5   0   0    0.04   -0.36   -1.2    1.2    0.00
   24 DQRK           1   2  22  25  44  34  -16.81  144.06 -176.7  228.6    0.32
   25 GLUON         21   2  22  26  45  46   -2.28    8.68  -12.3   15.2    0.75
   26 GLUON         21   2  22  27  47  48    0.54   12.13  -15.4   19.7    0.75
   27 GLUON         21   2  22  28  49  50    0.59    1.91   -5.1    5.5    0.75
   28 GLUON         21   2  22  29  51  52    0.35    4.35   -8.0    9.1    0.75
   29 GLUON         21   2  22  35  53  54    0.53    0.35   -2.0    2.3    0.75
   30 UQRK          94 144   9   6  31  31  -33.22   38.75  640.0  642.1    0.32
   31 UQRK           2   2  30  32  55  43  -33.22   38.75  640.0  642.1    0.32

                              ---GLUON SPLITTING---   

 IHEP    ID      IDPDG IST MO1 MO2 DA1 DA2   P-X     P-Y     P-Z  ENERGY    MASS
   32 DBAR          -1 158  10  33  97  75    0.21   -0.23  110.2  110.2    0.32
   33 DQRK           1 158  10  56  76  32    0.33   -0.51  139.6  139.6    0.32
   34 UU          2203 161  10  44  88  57    0.01   -0.01 4399.9 4399.9    0.64
   35 UBAR          -2 158  14  36  86  54    4.13   -0.32   -8.6    9.5    0.32
   36 UQRK           2 158  14  60  77  35    2.55   -0.40   -5.8    6.3    0.32
   37 DBAR          -1 158  14  38  94  69    0.72    6.69  -46.7   47.2    0.32
   38 DQRK           1 158  14  62  78  37    0.82    5.68  -38.9   39.3    0.32
   39 DBAR          -1 158  14  40  91  63   -0.00    0.36  -12.9   12.9    0.32
   40 DQRK           1 158  14  41  79  39   -0.02    1.38  -64.1   64.1    0.32
   41 UBAR          -2 158  14  42  79  40    0.26    0.37  -15.0   15.0    0.32
   42 UQRK           2 158  14  58  80  41    0.96    0.96  -35.0   35.1    0.32
   43 UD          2101 162  14  55  89  59    0.00    0.00-5688.1 5688.1    0.64
   44 DQRK           1 158  22  64  81  34  -12.82  109.83 -134.7  174.3    0.32
   45 UBAR          -2 158  22  46  92  65   -1.22    5.05   -6.9    8.6    0.32
   46 UQRK           2 158  22  47  82  45   -0.95    3.27   -4.9    6.0    0.32
   47 UBAR          -2 158  22  48  82  46    0.40    5.47   -7.1    9.0    0.32
   48 UQRK           2 158  22  49  83  47    0.14    6.66   -8.3   10.6    0.32
   49 DBAR          -1 158  22  50  83  48    0.06    0.54   -1.4    1.6    0.32
   50 DQRK           1 158  22  51  84  49    0.53    1.38   -3.7    4.0    0.32
   51 DBAR          -1 158  22  52  84  50    0.11    2.39   -4.7    5.3    0.32
   52 DQRK           1 158  22  53  85  51    0.24    1.95   -3.2    3.8    0.32
   53 UBAR          -2 158  22  54  85  52    0.32    0.32   -0.9    1.0    0.32
   54 UQRK           2 158  22  35  86  53    0.21    0.03   -1.2    1.2    0.32
   55 UQRK           2 158  30  66  87  43  -15.01   17.50  289.1  290.0    0.32
   56 UBAR          -2 159  10  57  76  33    0.01   -0.02  816.8  816.8    0.32
   57 UQRK           2 159  10  34  88  56    0.14   -0.22  117.8  117.8    0.32
   58 UBAR          -2 159  14  59  80  42    0.05    0.05  -35.6   35.6    0.32
   59 UQRK           2 159  14  43  89  58    0.01    0.01 -161.3  161.3    0.32
   60 SBAR          -3 159  14  61  77  36    0.18    0.92   -6.7    6.8    0.50
   61 SQRK           3 159  14  68  90  60    0.63    0.02   -2.2    2.3    0.50
   62 DBAR          -1 159  14  63  78  38    0.02    0.30   -6.8    6.8    0.32
   63 DQRK           1 159  14  39  91  62    0.05    0.43   -5.1    5.1    0.32
   64 UBAR          -2 159  22  65  81  44   -2.23   18.86  -23.2   30.0    0.32
   65 UQRK           2 159  22  45  92  64   -1.87   15.72  -19.3   25.0    0.32
   66 UBAR          -2 159  10  67  87  55   -1.99    2.32   38.7   38.9    0.32
   67 UQRK           2 159  30  72  93  66  -10.85   12.65  209.1  209.7    0.32
   68 DBAR          -1 159  14  69  90  61    0.11    0.65   -4.7    4.8    0.32
   69 DQRK           1 159  14  37  94  68    0.17    1.41   -9.9   10.0    0.32
   70 SBAR          -3 159  10  71  96  73   -0.09    0.10   18.6   18.6    0.50
   71 SQRK           3 159  30  74  95  70   -0.63    0.73   15.2   15.2    0.50
   72 SBAR          -3 159  10  73  93  67   -0.87    1.02   19.1   19.1    0.50
   73 SQRK           3 159  30  70  96  72   -3.67    4.28   71.2   71.4    0.50
   74 UBAR          -2 159  10  75  95  71    0.04   -0.05   34.4   34.4    0.32
   75 UQRK           2 159  30  32  97  74   -0.03    0.03   15.5   15.5    0.32

                             ---CLUSTER FORMATION---  

 IHEP    ID      IDPDG IST MO1 MO2 DA1 DA2   P-X     P-Y     P-Z  ENERGY    MASS
   76 CLUS          91 183  33  56  98  99    0.34   -0.53  956.4  956.4    1.71
   77 CLUS          91 183  36  60 100 101    2.73    0.52  -12.5   13.1    2.96
   78 CLUS          91 183  38  62 102 103    0.84    5.98  -45.7   46.1    1.92
   79 CLUS          91 183  40  41 104 105    0.24    1.75  -79.1   79.1    0.99
   80 CLUS          91 183  42  58 106 107    1.01    1.01  -70.6   70.6    1.44
   81 CLUS          91 183  44  64 108 109  -15.05  128.70 -157.9  204.3    0.91
   82 CLUS          91 183  46  47 110 111   -0.55    8.73  -12.1   15.0    1.71
   83 CLUS          91 183  48  49 112 113    0.20    7.20   -9.7   12.2    1.59
   84 CLUS          91 183  50  51 114 115    0.64    3.77   -8.4    9.3    0.97
   85 CLUS          91 183  52  53 116 117    0.55    2.28   -4.1    4.8    1.00
   86 CLUS          91 183  54  35 118 119    4.34   -0.30   -9.7   10.8    1.37
   87 CLUS          91 183  55  66 120 121  -17.00   19.82  327.9  328.9    1.00
   88 CLUS          91 184  57  34 122 123    0.15   -0.23 4517.6 4517.6    2.64
   89 CLUS          91 185  59  43 124 125    0.01    0.01-5849.3 5849.3    2.04
   90 CLUS          91 183  61  68 126 127    0.74    0.67   -6.9    7.1    1.34
   91 CLUS          91 183  63  39 128 129    0.05    0.79  -18.0   18.0    0.85
   92 CLUS          91 183  65  45 130 131   -3.09   20.78  -26.2   33.6    1.41
   93 CLUS          91 183  67  72 132 133  -11.72   13.67  228.1  228.8    1.86
   94 CLUS          91 183  69  37 134 135    0.89    8.10  -56.6   57.2    0.84
   95 CLUS          91 183  71  74 136 137   -0.58    0.69   49.6   49.7    1.79
   96 CLUS          91 183  73  70 138 139   -3.75    4.38   89.8   90.0    2.89
   97 CLUS          91 183  75  32 140 141    0.18   -0.20  125.7  125.7    1.00

                              ---CLUSTER DECAYS---    

 IHEP    ID      IDPDG IST MO1 MO2 DA1 DA2   P-X     P-Y     P-Z  ENERGY    MASS
   98 F_2          225 197  76  10 190 191    0.61   -0.51  768.5  768.5    1.27
   99 PI-         -211   1  76  10   0   0   -0.28   -0.01  188.0  188.0    0.14
  100 SIGMA*0     3214 197  77  14 192 193    0.78    0.22   -3.8    4.1    1.38
  101 XIBAR+     -3312 197  77  14 194 195    1.95    0.30   -8.7    9.0    1.32
  102 K0           311 197  78  14 196 196   -0.24    1.70  -10.6   10.8    0.50
  103 K*BAR0      -313 197  78  14 197 198    1.08    4.28  -35.1   35.4    0.90
  104 PI-         -211   1  79  14   0   0   -0.36    0.80  -33.3   33.3    0.14
  105 PI0          111   1  79  14   0   0    0.60    0.94  -45.8   45.8    0.13
  106 ETA          221 197  80  14 199 201    0.38    0.44  -39.3   39.3    0.55
  107 RHO0         113 197  80  14 202 203    0.63    0.57  -31.3   31.3    0.77
  108 PI-         -211   1  81  22   0   0  -14.65  125.56 -154.0  199.3    0.14
  109 PI0          111   1  81  22   0   0   -0.40    3.14   -3.9    5.0    0.13
  110 A_0(H)+    10211 197  82  22 204 205   -0.62    8.03  -11.3   13.9    1.47
  111 PI-         -211   1  82  22   0   0    0.07    0.70   -0.8    1.1    0.14
  112 PI+          211   1  83  22   0   0   -0.20    2.10   -2.8    3.5    0.14
  113 A_10       20113 197  83  22 206 207    0.40    5.10   -6.9    8.7    1.23
  114 PI-         -211   1  84  22   0   0   -0.02    0.47   -1.0    1.1    0.14
  115 RHO+         213 197  84  22 208 209    0.66    3.30   -7.4    8.2    0.77
  116 PI-         -211   1  85  22   0   0   -0.03    0.37   -0.8    0.9    0.14
  117 RHO0         113 197  85  22 210 211    0.59    1.91   -3.3    3.9    0.77
  118 RHO+         213 197  86  22 212 213    3.93   -0.20   -9.3   10.1    0.77
  119 PI-         -211   1  86  22   0   0    0.41   -0.09   -0.4    0.6    0.14
  120 OMEGA        223 197  87  30 214 216  -16.10   18.78  310.4  311.4    0.78
  121 PI0          111   1  87  30   0   0   -0.90    1.05   17.5   17.5    0.13
  122 A_2+         215 197  88  10 217 218    0.02    0.01 2832.0 2832.0    1.32
  123 DELTA+      2214 197  88  10 219 220    0.13   -0.24 1685.6 1685.6    1.23
  124 RHO+         213 197  89  14 221 222    0.42    0.02-3781.3 3781.3    0.77
  125 N           2112   1  89  14   0   0   -0.40   -0.01-2068.0 2068.0    0.94
  126 KBAR0       -311 197  90  14 223 223    0.43    0.36   -6.3    6.3    0.50
  127 PI0          111   1  90  14   0   0    0.31    0.31   -0.6    0.8    0.13
  128 PI-         -211   1  91  14   0   0    0.08    0.70   -7.2    7.2    0.14
  129 PI+          211   1  91  14   0   0   -0.03    0.09  -10.8   10.8    0.14
  130 PI+          211   1  92  22   0   0   -1.96   12.63  -17.0   21.3    0.14
  131 PI-         -211   1  92  22   0   0   -1.13    8.15   -9.2   12.3    0.14
  132 PI+          211   1  93  30   0   0   -8.25   10.12  164.7  165.2    0.14
  133 K*0          313 197  93  30 224 225   -3.47    3.55   63.5   63.7    0.90
  134 PI-         -211   1  94  14   0   0    0.98    7.19  -51.0   51.5    0.14
  135 PI+          211   1  94  14   0   0   -0.10    0.91   -5.6    5.7    0.14
  136 K*-         -323 197  95  30 226 227   -0.51    0.12   27.6   27.6    0.89
  137 RHO0         113 197  95  30 228 229   -0.07    0.57   22.0   22.1    0.77
  138 LAMBDA      3122 197  96  30 230 231   -2.07    3.55   56.7   56.8    1.12
  139 LAMBDABR   -3122 197  96  30 232 233   -1.68    0.83   33.1   33.2    1.12
  140 PI+          211   1  97  30   0   0    0.12    0.09   27.2   27.2    0.14
  141 RHO0         113 197  97  30 234 235    0.06   -0.29   98.5   98.6    0.77

                            ---H/W/Z BOSON DECAYS---  

 IHEP    ID      IDPDG IST MO1 MO2 DA1 DA2   P-X     P-Y     P-Z  ENERGY    MASS
  142 BQRK           5 123  21 143 144 143  -11.97  -79.14  -29.4   85.4    4.95
  143 BBAR          -5 124  21 142 149 142   50.80 -148.44  101.1  186.7    4.95

                              ---PARTON SHOWERS---    

 IHEP    ID      IDPDG IST MO1 MO2 DA1 DA2   P-X     P-Y     P-Z  ENERGY    MASS
  144 BQRK          94 143 142  21 146 148  -11.43  -79.93  -28.3   86.5   12.81
  145 CONE           0 100 142 143   0   0    0.41   -0.34    0.8    1.0    0.00
  146 BQRK           5   2 144 147 155 154  -12.27  -68.83  -25.0   74.4    4.95
  147 GLUON         21   2 144 148 156 157    1.06   -5.62   -3.1    6.6    0.75
  148 GLUON         21   2 144 151 158 159   -0.22   -5.48   -0.2    5.5    0.75
  149 BBAR          94 144 143  21 151 154   50.26 -147.65  100.0  185.6   11.45
  150 CONE           0 100 143 142   0   0   -0.10   -1.26   -0.3    1.3    0.00
  151 GLUON         21   2 149 152 160 161    2.08   -4.10    1.8    5.0    0.75
  152 GLUON         21   2 149 153 162 163    5.29  -16.29   12.5   21.2    0.75
  153 GLUON         21   2 149 154 164 165    8.22  -23.15   16.2   29.5    0.75
  154 BBAR          -5   2 149 155 166 165   34.68 -104.12   69.5  130.0    4.95

                              ---GLUON SPLITTING---   

 IHEP    ID      IDPDG IST MO1 MO2 DA1 DA2   P-X     P-Y     P-Z  ENERGY    MASS
  155 BQRK           5 158 144 167 169 166  -11.82  -66.52  -24.2   72.0    4.95
  156 UBAR          -2 158 144 157 175 168    0.19   -1.43   -0.8    1.7    0.32
  157 UQRK           2 158 144 158 170 156    0.31   -2.45   -1.2    2.8    0.32
  158 DBAR          -1 158 144 159 170 157   -0.01   -1.68    0.1    1.7    0.32
  159 DQRK           1 158 144 160 171 158   -0.20   -3.80   -0.2    3.8    0.32
  160 DBAR          -1 158 149 161 171 159    1.23   -2.72    1.3    3.3    0.32
  161 DQRK           1 158 149 162 172 160    0.85   -1.38    0.5    1.7    0.32
  162 DBAR          -1 158 149 163 172 161    3.76  -11.27    8.5   14.6    0.32
  163 DQRK           1 158 149 164 173 162    1.53   -5.01    3.9    6.6    0.32
  164 UBAR          -2 158 149 165 173 163    3.66  -10.88    7.5   13.7    0.32
  165 UQRK           2 158 149 166 174 164    4.56  -12.27    8.7   15.7    0.32
  166 BBAR          -5 158 149 155 174 165   34.68 -104.12   69.5  130.0    4.95
  167 SBAR          -3 159 144 168 169 155    0.05   -2.02   -1.0    2.3    0.50
  168 SQRK           3 159 144 156 175 167    0.06   -2.02   -1.0    2.3    0.50

                             ---CLUSTER FORMATION---  

 IHEP    ID      IDPDG IST MO1 MO2 DA1 DA2   P-X     P-Y     P-Z  ENERGY    MASS
  169 CLUS          91 183 155 167 176 177  -11.76  -68.55  -25.2   74.2    6.37
  170 CLUS          91 183 157 158 178 179    0.30   -4.14   -1.1    4.5    1.28
  171 CLUS          91 183 159 160 180 181    1.02   -6.52    1.0    7.1    2.35
  172 CLUS          91 183 161 162 182 183    4.61  -12.65    9.1   16.4    2.07
  173 CLUS          91 183 163 164 184 185    5.19  -15.89   11.5   20.3    0.93
  174 CLUS          91 183 165 166 186 187   39.24 -116.39   78.2  145.7    5.58
  175 CLUS          91 183 168 156 188 189    0.24   -3.45   -1.7    4.0    0.84

                              ---CLUSTER DECAYS---    

 IHEP    ID      IDPDG IST MO1 MO2 DA1 DA2   P-X     P-Y     P-Z  ENERGY    MASS
  176 B*_2-       -525 197 169 144 236 237  -11.35  -65.46  -24.0   70.9    5.77
  177 K+           321   1 169 144   0   0   -0.42   -3.09   -1.2    3.4    0.49
  178 RHO+         213 197 170 144 238 239   -0.02   -3.53   -1.1    3.8    0.77
  179 PI0          111   1 170 144   0   0    0.32   -0.60   -0.0    0.7    0.13
  180 N           2112   1 171 144   0   0    0.12   -2.34   -0.2    2.5    0.94
  181 NBAR       -2112   1 171 144   0   0    0.90   -4.19    1.2    4.6    0.94
  182 RHO-        -213 197 172 149 240 241    1.84   -5.86    4.9    7.9    0.77
  183 RHO+         213 197 172 149 242 243    2.77   -6.79    4.2    8.5    0.77
  184 RHO0         113 197 173 149 244 245    4.46  -13.51    9.8   17.3    0.77
  185 PI-         -211   1 173 149   0   0    0.73   -2.38    1.6    3.0    0.14
  186 PI+          211   1 174 149   0   0    1.89   -5.09    3.6    6.5    0.14
  187 B*0          513 197 174 149 246 247   37.35 -111.29   74.6  139.2    5.32
  188 K-          -321   1 175 144   0   0    0.33   -1.82   -0.8    2.1    0.49
  189 PI0          111   1 175 144   0   0   -0.08   -1.63   -0.9    1.9    0.13

                           ---STRONG HADRON DECAYS--- 

 IHEP    ID      IDPDG IST MO1 MO2 DA1 DA2   P-X     P-Y     P-Z  ENERGY    MASS
  190 PI+          211   1  98  10   0   0    0.01   -0.33  614.6  614.6    0.14
  191 PI-         -211   1  98  10   0   0    0.61   -0.18  153.9  153.9    0.14
  192 LAMBDA      3122 198 100  14 248 249    0.81    0.28   -3.6    3.9    1.12
  193 PI0          111   1 100  14   0   0   -0.03   -0.06   -0.2    0.2    0.13
  194 LAMBDABR   -3122 198 101  14 250 251    1.62    0.25   -6.8    7.0    1.12
  195 PI+          211   1 101  14   0   0    0.33    0.04   -1.9    2.0    0.14
  196 K_S0         310 198 102  14 252 253   -0.24    1.70  -10.6   10.8    0.50
  197 KBAR0       -311 198 103  14 254 254    1.02    3.61  -28.0   28.2    0.50
  198 PI0          111   1 103  14   0   0    0.06    0.67   -7.1    7.1    0.13
  199 PI0          111   1 106  14   0   0    0.03    0.02  -11.5   11.5    0.13
  200 PI0          111   1 106  14   0   0    0.05    0.11  -10.0   10.0    0.13
  201 PI0          111   1 106  14   0   0    0.29    0.31  -17.9   17.9    0.13
  202 PI+          211   1 107  14   0   0    0.27   -0.14   -9.9    9.9    0.14
  203 PI-         -211   1 107  14   0   0    0.36    0.71  -21.4   21.4    0.14
  204 PI+          211   1 110  22   0   0    0.03    0.51   -0.4    0.7    0.14
  205 ETAP         331 198 110  22 255 256   -0.64    7.53  -10.9   13.3    0.96
  206 RHO+         213 198 113  22 257 258    0.27    2.32   -3.6    4.3    0.77
  207 PI-         -211   1 113  22   0   0    0.13    2.78   -3.3    4.3    0.14
  208 PI+          211   1 115  22   0   0    0.04    1.96   -4.1    4.5    0.14
  209 PI0          111   1 115  22   0   0    0.63    1.34   -3.4    3.7    0.13
  210 PI+          211   1 117  22   0   0    0.49    1.60   -3.1    3.5    0.14
  211 PI-         -211   1 117  22   0   0    0.09    0.31   -0.2    0.4    0.14
  212 PI+          211   1 118  22   0   0    0.10   -0.00   -0.5    0.5    0.14
  213 PI0          111   1 118  22   0   0    3.83   -0.20   -8.8    9.6    0.13
  214 PI+          211   1 120  30   0   0   -8.79   10.54  172.0  172.6    0.14
  215 PI-         -211   1 120  30   0   0   -1.80    2.23   35.7   35.9    0.14
  216 PI0          111   1 120  30   0   0   -5.50    6.00  102.7  103.0    0.13
  217 RHO0         113 198 122  10 259 260   -0.24   -0.22 1347.9 1347.9    0.77
  218 PI+          211   1 122  10   0   0    0.26    0.23 1484.2 1484.2    0.14
  219 P           2212   1 123  10   0   0    0.12   -0.11 1017.4 1017.4    0.94
  220 PI0          111   1 123  10   0   0    0.01   -0.14  668.2  668.2    0.13
  221 PI+          211   1 124  14   0   0    0.26    0.27 -959.0  959.0    0.14
  222 PI0          111   1 124  14   0   0    0.15   -0.24-2822.3 2822.3    0.13
  223 K_S0         310 198 126  14 261 262    0.43    0.36   -6.3    6.3    0.50
  224 K0           311 198 133  30 263 263   -1.33    1.18   24.2   24.2    0.50
  225 PI0          111   1 133  30   0   0   -2.14    2.37   39.3   39.4    0.13
  226 K-          -321   1 136  30   0   0   -0.43   -0.16   14.7   14.7    0.49
  227 PI0          111   1 136  30   0   0   -0.08    0.28   12.9   12.9    0.13
  228 PI+          211   1 137  30   0   0    0.26    0.35   15.8   15.8    0.14
  229 PI-         -211   1 137  30   0   0   -0.33    0.22    6.2    6.2    0.14
  230 P           2212   1 138  30   0   0   -1.94    3.27   51.4   51.6    0.94
  231 PI-         -211   1 138  30   0   0   -0.14    0.28    5.3    5.3    0.14
  232 NBAR       -2112   1 139  30   0   0   -1.37    0.73   29.0   29.1    0.94
  233 PI0          111   1 139  30   0   0   -0.31    0.10    4.1    4.1    0.13
  234 PI+          211   1 141  30   0   0   -0.27    0.01   56.6   56.6    0.14
  235 PI-         -211   1 141  30   0   0    0.33   -0.30   42.0   42.0    0.14
  236 B*BAR0      -513 198 176 144 264 265   -9.74  -56.39  -20.5   61.0    5.32
  237 PI-         -211   1 176 144   0   0   -1.61   -9.06   -3.5    9.8    0.14
  238 PI+          211   1 178 144   0   0   -0.28   -2.89   -0.8    3.0    0.14
  239 PI0          111   1 178 144   0   0    0.25   -0.64   -0.3    0.8    0.13
  240 PI-         -211   1 182 149   0   0    0.57   -0.98    0.8    1.4    0.14
  241 PI0          111   1 182 149   0   0    1.27   -4.88    4.1    6.5    0.13
  242 PI+          211   1 183 149   0   0    2.10   -4.73    2.6    5.8    0.14
  243 PI0          111   1 183 149   0   0    0.67   -2.06    1.6    2.7    0.13
  244 PI+          211   1 184 149   0   0    2.35   -8.02    6.0   10.3    0.14
  245 PI-         -211   1 184 149   0   0    2.11   -5.49    3.8    7.0    0.14
  246 B_D0         511 200 187 149 266 266   36.97 -110.14   73.8  137.8    5.28
  247 GAMMA         22   1 187 149   0   0    0.38   -1.16    0.7    1.4    0.00
  248 P           2212   1 192  14   0   0    0.70    0.19   -3.3    3.5    0.94
  249 PI-         -211   1 192  14   0   0    0.11    0.09   -0.3    0.4    0.14
  250 NBAR       -2112   1 194  14   0   0    1.27    0.26   -5.2    5.5    0.94
  251 PI0          111   1 194  14   0   0    0.35   -0.00   -1.5    1.6    0.13
  252 PI0          111   1 196  14   0   0   -0.22    1.34   -9.1    9.2    0.13
  253 PI0          111   1 196  14   0   0   -0.01    0.36   -1.5    1.6    0.13
  254 K_L0         130   1 197  14   0   0    1.02    3.61  -28.0   28.2    0.50
  255 RHO0         113 198 205  22 270 271   -0.52    5.98   -8.9   10.8    0.77
  256 GAMMA         22   1 205  22   0   0   -0.12    1.55   -1.9    2.5    0.00
  257 PI+          211   1 206  22   0   0    0.06    0.10   -0.5    0.6    0.14
  258 PI0          111   1 206  22   0   0    0.22    2.22   -3.0    3.8    0.13
  259 PI+          211   1 217  10   0   0    0.17    0.15  463.4  463.4    0.14
  260 PI-         -211   1 217  10   0   0   -0.41   -0.37  884.4  884.4    0.14
  261 PI+          211   1 223  14   0   0    0.31   -0.01   -2.7    2.7    0.14
  262 PI-         -211   1 223  14   0   0    0.12    0.37   -3.6    3.6    0.14
  263 K_S0         310 198 224  30 272 273   -1.33    1.18   24.2   24.2    0.50
  264 B_DBAR0     -511 200 236 144 274 274   -9.62  -55.59  -20.2   60.2    5.28
  265 GAMMA         22   1 236 144   0   0   -0.12   -0.80   -0.3    0.8    0.00
  266 B_D0         511 198 246 149 267 269   36.97 -110.14   73.8  137.8    5.28
  267 MU+          -13   1 266 149   0   0    6.98  -26.21   17.3   32.2    0.11
  268 NU_MU         14   1 266 149   0   0   11.15  -31.43   20.3   39.1    0.00
  269 D*-         -413 198 266 149 277 278   18.84  -52.49   36.2   66.5    2.01
  270 PI+          211   1 255  22   0   0   -0.44    1.79   -2.5    3.1    0.14
  271 PI-         -211   1 255  22   0   0   -0.08    4.19   -6.5    7.7    0.14
  272 PI0          111   1 263  30   0   0   -1.20    1.10   20.5   20.6    0.13
  273 PI0          111   1 263  30   0   0   -0.13    0.09    3.6    3.6    0.13
  274 B_D0         511 198 264 144 275 276   -9.62  -55.59  -20.2   60.2    5.28
  275 D-          -411 198 274 144 279 281   -2.04  -18.86   -7.9   20.6    1.87
  276 D*_S+        433 198 274 144 282 283   -7.58  -36.74  -12.4   39.6    2.11
  277 DBAR0       -421 198 269 149 284 286   17.16  -47.87   33.0   60.6    1.86
  278 PI-         -211   1 269 149   0   0    1.68   -4.62    3.2    5.9    0.14
  279 NU_EBAR      -12   1 275 144   0   0   -0.51   -1.44   -0.5    1.6    0.00
  280 E-            11   1 275 144   0   0   -0.80   -8.28   -3.6    9.1    0.00
  281 K*0          313 198 275 144 287 288   -0.73   -9.14   -3.7    9.9    0.90
  282 D_S+         431 198 276 144 289 292   -7.31  -34.78  -11.7   37.5    1.97
  283 GAMMA         22   1 276 144   0   0   -0.27   -1.95   -0.7    2.1    0.00
  284 NU_EBAR      -12   1 277 149   0   0    5.33  -15.09   10.6   19.2    0.00
  285 E-            11   1 277 149   0   0    3.76   -9.64    7.1   12.6    0.00
  286 K*+          323 198 277 149 293 294    8.07  -23.13   15.3   28.9    0.89
  287 K0           311 198 281 144 295 295   -0.58   -8.40   -3.3    9.1    0.50
  288 PI0          111   1 281 144   0   0   -0.15   -0.74   -0.4    0.9    0.13
  289 PI+          211   1 282 144   0   0   -0.43   -1.51   -0.6    1.7    0.14
  290 PI+          211   1 282 144   0   0   -1.16   -4.73   -1.3    5.0    0.14
  291 PI-         -211   1 282 144   0   0   -4.20  -23.27   -7.9   24.9    0.14
  292 PI0          111   1 282 144   0   0   -1.52   -5.28   -1.8    5.8    0.13
  293 K0           311 198 286 149 296 296    4.73  -14.42    9.5   17.9    0.50
  294 PI+          211   1 286 149   0   0    3.34   -8.71    5.8   11.0    0.14
  295 K_L0         130   1 287 144   0   0   -0.58   -8.40   -3.3    9.1    0.50
  296 K_L0         130   1 293 149   0   0    4.73  -14.42    9.5   17.9    0.50

 HWWARN CALLED FROM SUBPROGRAM HWBGEN: CODE = 100
 EVENT    2627:   SEEDS =  304400555 &  824399463  WEIGHT = 0.5963E-03
 EVENT KILLED.   EXECUTION CONTINUES

 HWWARN CALLED FROM SUBPROGRAM HWDFIV: CODE = 101
 EVENT    3738:   SEEDS = 1834999343 &  500594423  WEIGHT =-0.5963E-03
 EVENT KILLED.   EXECUTION CONTINUES

 HWWARN CALLED FROM SUBPROGRAM HWDFIV: CODE = 101
 EVENT    4565:   SEEDS = 1027666744 &  564726438  WEIGHT = 0.5963E-03
 EVENT KILLED.   EXECUTION CONTINUES

 HWWARN CALLED FROM SUBPROGRAM HWDFIV: CODE = 101
 EVENT    4597:   SEEDS =  174329495 &  433001921  WEIGHT = 0.5963E-03
 EVENT KILLED.   EXECUTION CONTINUES

          OUTPUT ON LES HOUCHES EVENTS


      PROC CODE  XSECT(pb)        XERR(pb)      Max wgt(nb) No. of events


          OUTPUT ON ELEMENTARY PROCESS

          N.B. NEGATIVE WEIGHTS ALLOWED

          NUMBER OF EVENTS   =        9996
          NEGATIVE  EVENTS   =        2711
          NUMBER OF WEIGHTS  =       10000
          NEGATIVE  WEIGHTS  =        2712
          MEAN VALUE OF WGT  =  2.7287E-04
          RMS SPREAD IN WGT  =  5.3020E-04
          MEAN ABS WEIGHT    =  5.9630E-04
          ACTUAL MAX ABS WGT =  1.0000E+00
          ASSUMED MAXABS WGT =  2.7287E-04

          PROCESS CODE IPROC =      -18000
          CROSS SECTION (PB) =  0.2729    
          ERROR IN C-S  (PB) =  5.3020E-03
          EFFICIENCY PERCENT =   100.0    
 # of events processed=        9996
