 Enter filename for events
 Enter maximum number of events to generate
 MUST coincide with the number of events on tape
 Enter 0 to use Herwig default PDFs
       1 to use PDFs from library
 Enter colliding particles (PART1, PART2)
 Enter beam momenta (PBEAM1, PBEAM2)


          HERWIG 6.521  11th Mar. 2013

          Please reference:  G. Marchesini, B.R. Webber,
          G.Abbiendi, I.G.Knowles, M.H.Seymour & L.Stanco
          Computer Physics Communications 67 (1992) 465
                             and
          G.Corcella, I.G.Knowles, G.Marchesini, S.Moretti,
          K.Odagiri, P.Richardson, M.H.Seymour & B.R.Webber,
          JHEP 0101 (2001) 010
 Enter .TRUE. for underlying event, .FALSE. otherwise

 Underlying event WILL NOT be generated

 Enter Lambda_QCD, <0 for Herwig default
 Enter Z mass, width
 Enter W mass, width
 Enter top mass, width
 Enter Higgs (SM) boson mass, width
 Enter quark (d,u,s,c,b) and gluon masses
 Enter lepton (e,mu,tau) masses
 Enter number of events to print
 Enter accepted error fraction
 Is it single-top (.TRUE. or .FALSE)?
 Is it b-bbar (.TRUE. or .FALSE)?
 Enter the two random seeds (0 0 for default)

          INPUT CONDITIONS FOR THIS RUN

          BEAM 1 (P       ) MOM. =   6500.00
          BEAM 2 (P       ) MOM. =   6500.00
          PROCESS CODE (IPROC)   =  -18000
          NUMBER OF FLAVOURS     =    6
          STRUCTURE FUNCTION SET =    8
          AZIM SPIN CORRELATIONS =    T
          AZIM SOFT CORRELATIONS =    T
          QCD LAMBDA (GEV)       =    0.1800
          DOWN     QUARK  MASS   =    0.3200
          UP       QUARK  MASS   =    0.3200
          STRANGE  QUARK  MASS   =    0.5000
          CHARMED  QUARK  MASS   =    1.5500
          BOTTOM   QUARK  MASS   =    4.9500
          TOP      QUARK  MASS   =  173.0000
          GLUON EFFECTIVE MASS   =    0.7500
          EXTRA SHOWER CUTOFF (Q)=    0.4800
          EXTRA SHOWER CUTOFF (G)=    0.1000
          PHOTON SHOWER CUTOFF   =    0.4000
          CLUSTER MASS PARAMETER =    3.3500
          SPACELIKE EVOLN CUTOFF =    2.5000
          INTRINSIC P-TRAN (RMS) =    0.0000
          DECAY SPIN CORRELATIONS=    T
          SUSY THREE BODY ME     =    T
          SUSY FOUR  BODY ME     =    F

          NO EVENTS WILL BE WRITTEN TO DISK

          B_d: Delt-M/Gam =0.7000 Delt-Gam/2*Gam =0.0000
          B_s: Delt-M/Gam = 10.00 Delt-Gam/2*Gam =0.2000

          PDFLIB NOT USED FOR BEAM 1
          PDFLIB NOT USED FOR BEAM 2


          Checking consistency of particle properties


          Checking consistency of decay tables


          WRITING SUDAKOV TABLE ON UNIT  77

          WRITING MATRIX ELEMENT TABLE ON UNIT  88

          CHECKING SUSY DECAY MATRIX ELEMENTS
 Do you want a stable Pi0 (.TRUE. or .FALSE)?
 Do you want a stable W+ (.TRUE. or .FALSE)?
 Do you want a stable W- (.TRUE. or .FALSE)?
 Do you want a stable Z0 (.TRUE. or .FALSE)?
 Do you want a stable Tau+ (.TRUE. or .FALSE)?
 Do you want a stable Tau- (.TRUE. or .FALSE)?
 Do you want a stable Mu+ (.TRUE. or .FALSE)?
 Do you want a stable Mu- (.TRUE. or .FALSE)?
 Do you want a stable Higgs (.TRUE. or .FALSE)?

          PARTICLE TYPE  21=PI0      SET STABLE
 How many decay modes do you want to set?
 How are the events normalized ("average" or "sum")?
 stdhep initialized

          SUBROUTINE TIMEL CALLED BUT NOT LINKED.
          DUMMY TIMEL WILL BE USED. DELETE DUMMY
          AND LINK CERNLIB FOR CPU TIME REMAINING.

 HWWARN CALLED FROM SUBPROGRAM HWSMRS: CODE =   5
 EVENT       1:   SEEDS = 1973774260 & 1099242306  WEIGHT = 0.5933E-03
 EVENT SURVIVES. EXECUTION CONTINUES
 WARNING: MRST98 CALLED WITH Q OUTSIDE ALLOWED RANGE!
 Q VALUE=1.430E+04, MINIMUM=1.118E+00, MAXIMUM=3.162E+03
 NO FURTHER WARNINGS WILL BE ISSUED



 EVENT       1: 6500.00 GEV/C P        ON  6500.00 GEV/C P        PROCESS:-18000
 SEEDS:  1973774260 &  1099242306   STATUS:  100 ERROR:   0  WEIGHT:  5.9327E-04


                               ---INITIAL STATE---    

 IHEP    ID      IDPDG IST MO1 MO2 DA1 DA2   P-X     P-Y     P-Z  ENERGY    MASS
    1 P           2212 101   0   0   0   0    0.00    0.00 6500.0 6500.0    0.94
    2 P           2212 102   0   0   0   0    0.00    0.00-6500.0 6500.0    0.94
    3 CMF            0 103   1   2   0   0    0.00    0.00    0.013000.013000.00

                              ---HARD SUBPROCESS---   

 IHEP    ID      IDPDG IST MO1 MO2 DA1 DA2   P-X     P-Y     P-Z  ENERGY    MASS
    4 DQRK           1 121   6   8  10   9    0.00    0.00  662.7  662.7    0.32
    5 UQRK           2 122   6   9  16   8    0.00    0.00-1826.0 1826.0    0.32
    6 HARD           0 120   4   5   7   9    7.21   -2.09-1163.3 2488.6 2200.01
    7 HIGGS         25 123   6   7  21   7 -382.05 -281.69  -88.7  498.8  125.00
    8 DQRK           1 124   6   5  22   4  141.86  -27.82-1444.1 1451.3    0.32
    9 UQRK           2 124   6   4  27   5  240.19  309.52  369.5  538.5    0.32

                              ---PARTON SHOWERS---    

 IHEP    ID      IDPDG IST MO1 MO2 DA1 DA2   P-X     P-Y     P-Z  ENERGY    MASS
   10 DQRK          94 141   4   6  12  15    9.83   -4.22  662.8  662.7  -18.92
   11 CONE           0 100   4   9   0   0    0.61    0.79    0.7    1.2    0.00
   12 GLUON         21   2  10  13  37  38   -8.64    2.41  238.3  238.5    0.75
   13 GLUON         21   2  10  14  39  40   -0.29    1.04   71.2   71.2    0.75
   14 GLUON         21   2  10  15  41  42   -0.89    0.77  512.1  512.1    0.75
   15 UU          2203   2  10  24  43  42    0.00    0.00 5015.5 5015.5    0.32
   16 UQRK          94 142   5   6  18  20   -2.61    2.13-1826.1 1826.0  -24.07
   17 CONE           0 100   5   8   0   0    0.98   -0.19   -7.8    7.9    0.00
   18 GLUON         21   2  16  19  44  45    2.67   -1.25  -36.7   36.8    0.75
   19 GLUON         21   2  16  20  46  47   -0.06   -0.88  -22.7   22.8    0.75
   20 UD          2101   2  16  29  48  47    0.00    0.00-4614.4 4614.4    0.31
   21 HIGGS         25 195   7   6 197 198 -379.50 -281.29  -88.5  496.6  125.00
   22 DQRK          94 144   8   6  24  26  145.65  -28.96-1440.4 1448.7   42.39
   23 CONE           0 100   8   5   0   0   -0.32    0.06   -6.6    6.6    0.00
   24 DQRK           1   2  22  25  49  43  140.43  -35.95-1378.1 1385.7    0.32
   25 GLUON         21   2  22  26  50  51    4.64    5.22  -48.2   48.7    0.75
   26 GLUON         21   2  22  44  52  53    0.59    1.78  -14.1   14.3    0.75
   27 UQRK          94 144   9   6  29  36  241.06  308.16  365.6  543.4   92.42
   28 CONE           0 100   9   4   0   0   -0.19   -0.24    1.1    1.1    0.00
   29 UQRK           2   2  27  30  54  48  114.55  161.13  227.8  301.6    0.32
   30 GLUON         21   2  27  31  55  56    5.48    7.38    8.9   12.8    0.75
   31 GLUON         21   2  27  32  57  58    2.92    3.75    4.9    6.9    0.75
   32 GLUON         21   2  27  33  59  60   27.41   39.78   35.4   59.9    0.75
   33 GLUON         21   2  27  34  61  62   43.10   57.92   51.8   88.9    0.75
   34 GLUON         21   2  27  35  63  64   19.55   24.84   23.7   39.5    0.75
   35 GLUON         21   2  27  36  65  66    7.97    4.80    3.5   10.0    0.75
   36 GLUON         21   2  27  37  67  68   20.09    8.56    9.7   23.9    0.75

                              ---GLUON SPLITTING---   

 IHEP    ID      IDPDG IST MO1 MO2 DA1 DA2   P-X     P-Y     P-Z  ENERGY    MASS
   37 UBAR          -2 158  10  38 131  98   -1.20    0.37   33.8   33.8    0.32
   38 UQRK           2 158  10  39 101  37   -3.20    0.73   85.7   85.8    0.32
   39 DBAR          -1 158  10  40 101  38   -0.31    0.40   33.1   33.1    0.32
   40 DQRK           1 158  10  41 102  39    0.02    0.64   38.1   38.1    0.32
   41 DBAR          -1 158  10  42 102  40   -0.62    0.34  328.4  328.4    0.32
   42 DQRK           1 158  10  69 103  41   -0.20    0.32  167.1  167.1    0.32
   43 UU          2203 161  10  49 117  70   -0.01    0.02 3625.8 3625.8    0.64
   44 DBAR          -1 158  16  45 108  53    1.19   -0.77  -17.0   17.1    0.32
   45 DQRK           1 158  16  46 104  44    1.48   -0.48  -19.7   19.7    0.32
   46 UBAR          -2 158  16  47 104  45    0.04   -0.60  -10.6   10.7    0.32
   47 UQRK           2 158  16  71 105  46   -0.10   -0.28  -12.1   12.1    0.32
   48 UD          2101 162  16  54 118  72   -0.00   -0.00-3781.3 3781.3    0.64
   49 DQRK           1 158  22  73 106  43   79.57  -20.37 -780.8  785.1    0.32
   50 UBAR          -2 158  22  51 130  96    0.88    0.89   -8.7    8.8    0.32
   51 UQRK           2 158  22  52 107  50    3.42    3.93  -36.1   36.5    0.32
   52 DBAR          -1 158  22  53 107  51    0.31    0.64   -4.5    4.6    0.32
   53 DQRK           1 158  22  44 108  52    0.28    1.14   -9.6    9.7    0.32
   54 UQRK           2 158  27  75 109  48   78.10  109.86  155.3  205.6    0.32
   55 DBAR          -1 158  27  56 120  76    3.46    4.68    5.6    8.1    0.32
   56 DQRK           1 158  27  57 110  55    1.37    1.82    2.3    3.2    0.32
   57 DBAR          -1 158  27  58 110  56    1.08    1.68    2.0    2.8    0.32
   58 DQRK           1 158  27  59 111  57    1.84    2.08    2.9    4.0    0.32
   59 UBAR          -2 158  27  60 111  58   11.33   16.24   14.3   24.4    0.32
   60 UQRK           2 158  27  61 112  59   16.08   23.54   21.0   35.4    0.32
   61 UBAR          -2 158  27  62 112  60   29.30   39.57   35.4   60.6    0.32
   62 UQRK           2 158  27  63 113  61   13.80   18.35   16.4   28.2    0.32
   63 DBAR          -1 158  27  64 113  62    4.93    6.30    5.9   10.0    0.32
   64 DQRK           1 158  27  77 114  63   10.88   13.78   13.2   22.0    0.32
   65 UBAR          -2 158  27  66 121  78    1.87    1.23    0.9    2.4    0.32
   66 UQRK           2 158  27  67 115  65    5.82    3.41    2.5    7.2    0.32
   67 UBAR          -2 158  27  68 115  66    5.01    2.20    2.4    6.0    0.32
   68 UQRK           2 158  27  83 116  67    9.60    4.06    4.6   11.4    0.32
   69 DBAR          -1 159  10  70 103  42   -0.01    0.02 1087.3 1087.3    0.32
   70 DQRK           1 159  10  43 117  69   -0.05    0.08  319.0  319.0    0.32
   71 UBAR          -2 159  16  72 105  47   -0.00   -0.00 -451.9  451.9    0.32
   72 UQRK           2 159  16  48 118  71   -0.00   -0.00 -381.1  381.1    0.32
   73 SBAR          -3 159  22  74 106  49    7.67   -1.94  -75.3   75.7    0.50
   74 SQRK           3 159  22  87 119  73   20.28   -5.18 -199.0  200.1    0.50
   75 SBAR          -3 159  27  76 109  54    6.40    8.96   12.5   16.6    0.50
   76 SQRK           3 159  27  55 120  75   30.71   43.18   61.0   80.8    0.50
   77 DBAR          -1 159  27  78 114  64    1.37    1.61    1.5    2.6    0.32
   78 DQRK           1 159  27  65 121  77    2.65    3.30    3.2    5.3    0.32
   79 SBAR          -3 159  10  80 129  94   -0.03    0.06    2.7    2.8    0.50
   80 SQRK           3 159  27  91 122  79    0.35    0.16    0.6    0.9    0.50
   81 UBAR          -2 159  10  82 124  84    0.10    0.06    0.6    0.7    0.32
   82 UQRK           2 159  27  93 123  81    2.41    1.02    1.2    2.9    0.32
   83 DBAR          -1 159  10  84 116  68    0.36    0.16    0.4    0.6    0.32
   84 DQRK           1 159  27  81 124  83    0.37    0.16    0.4    0.6    0.32
   85 UBAR          -2 159  22  86 126  88    0.52    0.07   -5.1    5.2    0.32
   86 UQRK           2 159  22  95 125  85   10.63   -2.71 -104.3  104.9    0.32
   87 UBAR          -2 159  22  88 119  74    3.02   -0.75  -29.7   29.8    0.32
   88 UQRK           2 159  22  85 126  87   14.17   -3.62 -139.1  139.8    0.32
   89 UBAR          -2 159  10  90 128  92   -1.38    0.43   38.7   38.8    0.32
   90 UQRK           2 159  27  99 127  89    0.09    0.05    0.7    0.8    0.32
   91 DBAR          -1 159  10  92 122  80   -0.22    0.08    6.4    6.4    0.32
   92 DQRK           1 159  27  89 128  91   -0.24    0.08    7.1    7.1    0.32
   93 DBAR          -1 159  10  94 123  82    0.95    0.40    0.5    1.2    0.32
   94 DQRK           1 159  27  79 129  93    0.55    0.24    0.4    0.8    0.32
   95 DBAR          -1 159  22  96 125  86    0.52    0.07   -5.2    5.2    0.32
   96 DQRK           1 159  22  50 130  95    4.39   -1.11  -43.1   43.3    0.32
   97 SBAR          -3 159  10  98 132 100   -1.40    0.43   39.3   39.3    0.50
   98 SQRK           3 159  27  37 131  97   -0.17    0.07    5.5    5.5    0.50
   99 DBAR          -1 159  10 100 127  90   -0.57    0.18   16.1   16.1    0.32
  100 DQRK           1 159  27  97 132  99    0.07    0.05    0.8    0.8    0.32

                             ---CLUSTER FORMATION---  

 IHEP    ID      IDPDG IST MO1 MO2 DA1 DA2   P-X     P-Y     P-Z  ENERGY    MASS
  101 CLUS          91 183  38  39 133 134   -3.51    1.13  118.8  118.9    1.66
  102 CLUS          91 183  40  41 135 136   -0.60    0.98  366.4  366.4    2.07
  103 CLUS          91 183  42  69 137 138   -0.21    0.34 1254.4 1254.4    1.34
  104 CLUS          91 183  45  46 139 140    1.52   -1.08  -30.3   30.4    1.32
  105 CLUS          91 183  47  71 141 142   -0.10   -0.28 -464.1  464.1    2.69
  106 CLUS          91 183  49  73 143 144   87.24  -22.31 -856.1  860.8    1.72
  107 CLUS          91 183  51  52 145 146    3.73    4.57  -40.6   41.0    1.15
  108 CLUS          91 183  53  44 147 148    1.47    0.37  -26.7   26.8    2.26
  109 CLUS          91 183  54  75 149 150   84.50  118.82  167.7  222.3    1.94
  110 CLUS          91 183  56  57 151 152    2.45    3.50    4.3    6.1    0.66
  111 CLUS          91 183  58  59 153 154   13.17   18.32   17.2   28.5    2.24
  112 CLUS          91 183  60  61 155 156   45.37   63.10   56.5   96.1    1.67
  113 CLUS          91 183  62  63 157 158   18.73   24.65   22.3   38.2    0.83
  114 CLUS          91 183  64  77 159 160   12.25   15.40   14.7   24.6    1.08
  115 CLUS          91 183  66  67 161 162   10.84    5.61    4.9   13.2    1.05
  116 CLUS          91 183  68  83 163 164    9.96    4.21    5.0   12.0    1.70
  117 CLUS          91 184  70  43 165 166   -0.06    0.10 3944.9 3944.9    1.34
  118 CLUS          91 185  72  48 167 168   -0.00   -0.01-4162.4 4162.4    1.25
  119 CLUS          91 183  74  87 169 170   23.30   -5.93 -228.7  229.9    1.04
  120 CLUS          91 183  76  55 171 172   34.16   47.86   66.6   88.9    2.54
  121 CLUS          91 183  78  65 173 174    4.52    4.53    4.1    7.7    1.48
  122 CLUS          91 183  80  91 175 176    0.13    0.23    7.1    7.3    1.95
  123 CLUS          91 183  82  93 177 178    3.36    1.42    1.7    4.1    0.71
  124 CLUS          91 183  84  81 179 180    0.47    0.22    1.0    1.4    0.75
  125 CLUS          91 183  86  95 181 182   11.15   -2.65 -109.4  110.0    1.76
  126 CLUS          91 183  88  85 183 184   14.69   -3.55 -144.2  145.0    2.03
  127 CLUS          91 183  90  99 185 186   -0.48    0.23   16.8   16.9    1.68
  128 CLUS          91 183  92  89 187 188   -1.62    0.51   45.9   45.9    0.88
  129 CLUS          91 183  94  79 189 190    0.52    0.29    3.1    3.6    1.60
  130 CLUS          91 183  96  50 191 192    5.27   -0.22  -51.8   52.1    2.61
  131 CLUS          91 183  98  37 193 194   -1.37    0.45   39.3   39.4    1.38
  132 CLUS          91 183 100  97 195 196   -1.32    0.48   40.0   40.1    2.44

                              ---CLUSTER DECAYS---    

 IHEP    ID      IDPDG IST MO1 MO2 DA1 DA2   P-X     P-Y     P-Z  ENERGY    MASS
  133 OMEGA        223 197 101  10 262 264   -1.64    0.26   50.2   50.2    0.78
  134 RHO+         213 197 101  10 265 266   -1.86    0.86   68.7   68.7    0.77
  135 P           2212   1 102  10   0   0   -0.32    0.36  110.9  110.9    0.94
  136 PBAR       -2212   1 102  10   0   0   -0.28    0.62  255.5  255.5    0.94
  137 PI0          111   1 103  10   0   0    0.11   -0.39  197.1  197.1    0.13
  138 PI0          111   1 103  10   0   0   -0.32    0.73 1057.3 1057.3    0.13
  139 PI-         -211   1 104  16   0   0    0.30    0.05   -9.3    9.3    0.14
  140 OMEGA        223 197 104  16 267 269    1.22   -1.12  -21.0   21.1    0.78
  141 OMEGA        223 197 105  16 270 272    0.31    0.57 -122.7  122.7    0.78
  142 FL_1       20223 197 105  16 273 274   -0.41   -0.85 -341.3  341.3    1.28
  143 RHO0         113 197 106  22 275 276   77.82  -19.92 -763.7  767.9    0.77
  144 K0           311 197 106  22 277 277    9.42   -2.39  -92.5   93.0    0.50
  145 PI0          111   1 107  22   0   0    0.43    0.95   -7.2    7.3    0.13
  146 RHO+         213 197 107  22 278 279    3.30    3.62  -33.4   33.8    0.77
  147 RHO_3-      -217 197 108  22 280 281    1.68    0.43  -25.1   25.2    1.69
  148 PI+          211   1 108  22   0   0   -0.21   -0.06   -1.6    1.6    0.14
  149 PI+          211   1 109  27   0   0   37.44   52.66   74.4   98.6    0.14
  150 K*_20        315 197 109  27 282 283   47.06   66.16   93.3  123.7    1.43
  151 PI0          111   1 110  27   0   0    2.27    3.20    4.0    5.6    0.13
  152 PI0          111   1 110  27   0   0    0.18    0.30    0.2    0.4    0.13
  153 B_1-      -10213 197 111  27 284 285    6.69    9.45    9.4   15.0    1.23
  154 RHO0         113 197 111  27 286 287    6.47    8.87    7.8   13.5    0.77
  155 PI+          211   1 112  27   0   0   15.65   21.40   19.0   32.6    0.14
  156 A_1-      -20213 197 112  27 288 289   29.72   41.70   37.5   63.5    1.23
  157 PI0          111   1 113  27   0   0   15.77   20.48   18.4   31.7    0.13
  158 PI+          211   1 113  27   0   0    2.96    4.17    4.0    6.5    0.14
  159 RHO0         113 197 114  27 290 291   11.19   14.11   13.3   22.4    0.77
  160 PI0          111   1 114  27   0   0    1.05    1.28    1.4    2.2    0.13
  161 PI+          211   1 115  27   0   0    9.44    5.18    4.1   11.5    0.14
  162 PI-         -211   1 115  27   0   0    1.39    0.43    0.8    1.7    0.14
  163 PI0          111   1 116  27   0   0    4.42    1.60    2.8    5.5    0.13
  164 RHO+         213 197 116  27 292 293    5.54    2.62    2.1    6.5    0.77
  165 PI0          111   1 117  10   0   0   -0.23    0.26 1289.5 1289.5    0.13
  166 P           2212   1 117  10   0   0    0.17   -0.16 2655.3 2655.3    0.94
  167 PI0          111   1 118  16   0   0    0.00    0.11-1665.1 1665.1    0.13
  168 P           2212   1 118  16   0   0   -0.01   -0.12-2497.4 2497.4    0.94
  169 KBAR0       -311 197 119  22 294 294   12.27   -3.48 -122.8  123.4    0.50
  170 PI-         -211   1 119  22   0   0   11.03   -2.46 -105.9  106.5    0.14
  171 SIGMA*+     3224 197 120  27 295 296   21.41   30.49   41.6   55.9    1.38
  172 PBAR       -2212   1 120  27   0   0   12.75   17.37   25.0   33.0    0.94
  173 OMEGA        223 197 121  27 297 299    1.69    2.29    2.0    3.6    0.78
  174 PI-         -211   1 121  27   0   0    2.82    2.24    2.1    4.2    0.14
  175 K*-         -323 197 122  27 300 301    0.24    0.61    4.0    4.2    0.89
  176 RHO+         213 197 122  27 302 303   -0.11   -0.38    3.0    3.1    0.77
  177 PI+          211   1 123  27   0   0    1.20    0.18    0.6    1.3    0.14
  178 PI0          111   1 123  27   0   0    2.16    1.24    1.2    2.8    0.13
  179 PI-         -211   1 124  27   0   0    0.10    0.40    0.3    0.5    0.14
  180 PI0          111   1 124  27   0   0    0.37   -0.18    0.7    0.8    0.13
  181 PI+          211   1 125  22   0   0    7.86   -2.20  -74.1   74.5    0.14
  182 RHO0         113 197 125  22 304 305    3.29   -0.44  -35.4   35.5    0.77
  183 B_1+       10213 197 126  22 306 307   14.46   -3.32 -140.1  140.8    1.23
  184 PI-         -211   1 126  22   0   0    0.23   -0.23   -4.1    4.1    0.14
  185 ETA          221 197 127  27 308 310   -0.65    0.35   10.8   10.8    0.55
  186 RHO+         213 197 127  27 311 312    0.17   -0.12    6.0    6.0    0.77
  187 PI-         -211   1 128  27   0   0   -1.38    0.36   27.3   27.4    0.14
  188 PI0          111   1 128  27   0   0   -0.25    0.15   18.5   18.5    0.13
  189 K*0          313 197 129  27 313 314    0.35    0.05    1.2    1.5    0.90
  190 ETA          221 197 129  27 315 317    0.17    0.24    1.9    2.0    0.55
  191 RHO-        -213 197 130  22 318 319    2.72    0.62  -27.5   27.7    0.77
  192 FL_1       20223 197 130  22 320 322    2.55   -0.84  -24.3   24.5    1.28
  193 KBAR0       -311 197 131  27 323 323   -0.36   -0.05   14.5   14.6    0.50
  194 RHO-        -213 197 131  27 324 325   -1.01    0.50   24.8   24.8    0.77
  195 P           2212   1 132  27   0   0   -0.81    0.28   14.4   14.4    0.94
  196 SGMA*BR-   -3224 197 132  27 326 327   -0.52    0.20   25.7   25.7    1.38

                            ---H/W/Z BOSON DECAYS---  

 IHEP    ID      IDPDG IST MO1 MO2 DA1 DA2   P-X     P-Y     P-Z  ENERGY    MASS
  197 BQRK           5 123  21 198 199 198 -248.99 -197.00 -117.3  338.5    4.95
  198 BBAR          -5 124  21 197 203 197 -130.51  -84.28   28.8  158.1    4.95

                              ---PARTON SHOWERS---    

 IHEP    ID      IDPDG IST MO1 MO2 DA1 DA2   P-X     P-Y     P-Z  ENERGY    MASS
  199 BQRK          94 143 197  21 201 202 -244.93 -193.62 -114.5  332.8   12.77
  200 CONE           0 100 197 198   0   0   -1.68   -1.09    0.3    2.0    0.00
  201 BQRK           5   2 199 202 209 208 -232.89 -187.00 -109.6  318.2    4.95
  202 GLUON         21   2 199 205 210 211  -12.04   -6.61   -4.9   14.6    0.75
  203 BBAR          94 144 198  21 205 208 -134.57  -87.67   26.0  163.8   18.71
  204 CONE           0 100 198 197   0   0   -0.59   -0.59   -0.9    1.2    0.00
  205 GLUON         21   2 203 206 212 213   -7.83   -5.45    3.0   10.0    0.75
  206 GLUON         21   2 203 207 214 215  -48.09  -34.14    7.2   59.4    0.75
  207 GLUON         21   2 203 208 216 217  -40.28  -29.45    5.8   50.2    0.75
  208 BBAR          -5   2 203 209 218 217  -38.37  -18.63   10.0   44.1    4.95

                              ---GLUON SPLITTING---   

 IHEP    ID      IDPDG IST MO1 MO2 DA1 DA2   P-X     P-Y     P-Z  ENERGY    MASS
  209 BQRK           5 158 199 219 231 218 -159.33 -127.54  -74.9  217.5    4.95
  210 DBAR          -1 158 199 211 239 226   -3.79   -2.08   -1.7    4.6    0.32
  211 DQRK           1 158 199 221 232 210   -3.99   -2.27   -1.5    4.8    0.32
  212 DBAR          -1 158 203 213 237 222   -2.68   -2.02    1.1    3.5    0.32
  213 DQRK           1 158 203 214 233 212   -4.66   -3.05    1.6    5.8    0.32
  214 UBAR          -2 158 203 215 233 213  -19.62  -13.73    3.0   24.1    0.32
  215 UQRK           2 158 203 216 234 214  -28.47  -20.41    4.2   35.3    0.32
  216 DBAR          -1 158 203 217 234 215  -25.07  -18.26    3.8   31.3    0.32
  217 DQRK           1 158 203 223 235 216   -2.53   -1.72    0.4    3.1    0.32
  218 BBAR          -5 158 203 209 241 230  -33.74  -17.29    8.4   39.1    4.95
  219 SBAR          -3 159 199 220 231 209   -6.23   -4.80   -2.9    8.4    0.50
  220 SQRK           3 159 199 225 236 219  -52.24  -42.04  -24.6   71.4    0.50
  221 UBAR          -2 159 203 222 232 211   -0.77   -0.51    0.0    1.0    0.32
  222 UQRK           2 159 199 212 237 221   -2.11   -1.21   -0.8    2.6    0.32
  223 DBAR          -1 159 203 224 235 217   -2.46   -1.20    0.6    2.8    0.32
  224 DQRK           1 159 203 227 238 223   -4.69   -3.39    0.7    5.8    0.32
  225 DBAR          -1 159 199 226 236 220  -10.93   -8.76   -5.1   14.9    0.32
  226 DQRK           1 159 199 210 239 225   -6.04   -4.78   -2.8    8.2    0.32
  227 DBAR          -1 159 203 228 238 224   -2.79   -1.93    0.4    3.4    0.32
  228 DQRK           1 159 203 229 240 227   -2.43   -1.63    0.4    3.0    0.32
  229 DBAR          -1 159 203 230 240 228   -2.87   -1.34    0.8    3.3    0.32
  230 DQRK           1 159 203 218 241 229   -2.07   -1.31    0.4    2.5    0.32

                             ---CLUSTER FORMATION---  

 IHEP    ID      IDPDG IST MO1 MO2 DA1 DA2   P-X     P-Y     P-Z  ENERGY    MASS
  231 CLUS          91 183 209 219 242 242 -165.62 -132.43  -77.9  226.0    5.37
  232 CLUS          91 183 211 221 243 244   -4.74   -2.73   -1.4    5.8    1.17
  233 CLUS          91 183 213 214 245 246  -24.28  -16.78    4.6   30.0    2.08
  234 CLUS          91 183 215 216 247 248  -53.55  -38.67    8.0   66.5    0.69
  235 CLUS          91 183 217 223 249 250   -4.99   -2.92    1.1    5.9    0.82
  236 CLUS          91 183 220 225 251 252  -63.17  -50.80  -29.7   86.3    0.95
  237 CLUS          91 183 222 212 253 254   -4.78   -3.24    0.4    6.1    1.99
  238 CLUS          91 183 224 227 255 256   -7.48   -5.32    1.1    9.3    0.67
  239 CLUS          91 183 226 210 257 258   -9.82   -6.86   -4.5   12.9    1.17
  240 CLUS          91 183 228 229 259 260   -5.30   -2.98    1.2    6.2    0.86
  241 CLUS          91 183 230 218 261 261  -35.76  -18.57    8.8   41.6    5.28

                              ---CLUSTER DECAYS---    

 IHEP    ID      IDPDG IST MO1 MO2 DA1 DA2   P-X     P-Y     P-Z  ENERGY    MASS
  242 B_SBAR0     -531 200 231 199 328 328 -165.62 -132.43  -77.9  226.0    5.37
  243 PI-         -211   1 232 199   0   0   -3.06   -2.36   -0.9    4.0    0.14
  244 PI0          111   1 232 199   0   0   -1.68   -0.38   -0.5    1.8    0.13
  245 B_10       10113 197 233 203 332 333  -20.05  -13.63    3.2   24.5    1.23
  246 PI-         -211   1 233 203   0   0   -4.23   -3.15    1.4    5.5    0.14
  247 PI0          111   1 234 203   0   0  -23.95  -16.95    3.7   29.6    0.13
  248 PI+          211   1 234 203   0   0  -29.60  -21.72    4.3   37.0    0.14
  249 PI0          111   1 235 203   0   0   -3.71   -2.28    0.5    4.4    0.13
  250 PI0          111   1 235 203   0   0   -1.28   -0.64    0.6    1.6    0.13
  251 KBAR0       -311 197 236 199 334 334  -47.09  -38.11  -22.0   64.4    0.50
  252 PI0          111   1 236 199   0   0  -16.08  -12.69   -7.8   21.9    0.13
  253 PI+          211   1 237 199   0   0   -2.14   -1.71    0.6    2.8    0.14
  254 F_2          225 197 237 199 335 336   -2.64   -1.52   -0.2    3.3    1.27
  255 PI-         -211   1 238 203   0   0   -1.65   -0.92    0.3    1.9    0.14
  256 PI+          211   1 238 203   0   0   -5.83   -4.40    0.8    7.3    0.14
  257 PI0          111   1 239 199   0   0   -6.42   -4.41   -3.5    8.5    0.13
  258 PI0          111   1 239 199   0   0   -3.41   -2.45   -1.0    4.3    0.13
  259 PI-         -211   1 240 203   0   0   -2.58   -1.26    0.9    3.0    0.14
  260 PI+          211   1 240 203   0   0   -2.72   -1.72    0.2    3.2    0.14
  261 B_D0         511 200 241 203 337 337  -35.76  -18.57    8.8   41.6    5.28

                           ---STRONG HADRON DECAYS--- 

 IHEP    ID      IDPDG IST MO1 MO2 DA1 DA2   P-X     P-Y     P-Z  ENERGY    MASS
  262 PI+          211   1 133  10   0   0   -0.68    0.31   19.6   19.6    0.14
  263 PI-         -211   1 133  10   0   0   -0.29    0.15   11.0   11.0    0.14
  264 PI0          111   1 133  10   0   0   -0.68   -0.20   19.7   19.7    0.13
  265 PI+          211   1 134  10   0   0   -1.48    0.94   58.9   59.0    0.14
  266 PI0          111   1 134  10   0   0   -0.38   -0.08    9.7    9.7    0.13
  267 PI+          211   1 140  16   0   0    0.57   -0.28   -6.4    6.5    0.14
  268 PI-         -211   1 140  16   0   0    0.47   -0.72  -12.7   12.7    0.14
  269 PI0          111   1 140  16   0   0    0.18   -0.12   -1.9    1.9    0.13
  270 PI+          211   1 141  16   0   0   -0.17    0.10  -30.7   30.7    0.14
  271 PI-         -211   1 141  16   0   0    0.05    0.10  -26.2   26.2    0.14
  272 PI0          111   1 141  16   0   0    0.44    0.37  -65.8   65.8    0.13
  273 A_00     9000111 198 142  16 341 342   -0.13   -0.60 -227.3  227.3    1.00
  274 PI0          111   1 142  16   0   0   -0.28   -0.25 -114.0  114.0    0.13
  275 PI+          211   1 143  22   0   0   43.10  -11.37 -425.1  427.4    0.14
  276 PI-         -211   1 143  22   0   0   34.72   -8.55 -338.6  340.5    0.14
  277 K_S0         310 198 144  22 343 344    9.42   -2.39  -92.5   93.0    0.50
  278 PI+          211   1 146  22   0   0    2.50    2.46  -22.0   22.3    0.14
  279 PI0          111   1 146  22   0   0    0.79    1.16  -11.4   11.5    0.13
  280 A_2-        -215 198 147  22 345 346    1.04    0.51  -17.3   17.3    1.32
  281 PI0          111   1 147  22   0   0    0.64   -0.08   -7.8    7.9    0.13
  282 K0           311 198 150  27 347 347   27.84   40.20   56.1   74.5    0.50
  283 PI0          111   1 150  27   0   0   19.22   25.96   37.2   49.2    0.13
  284 OMEGA        223 198 153  27 348 350    3.21    4.83    5.0    7.7    0.78
  285 PI-         -211   1 153  27   0   0    3.48    4.61    4.5    7.3    0.14
  286 PI+          211   1 154  27   0   0    5.00    6.66    5.6   10.0    0.14
  287 PI-         -211   1 154  27   0   0    1.47    2.21    2.2    3.5    0.14
  288 RHO0         113 198 156  27 351 352   24.85   35.31   31.4   53.4    0.77
  289 PI-         -211   1 156  27   0   0    4.88    6.39    6.1   10.1    0.14
  290 PI+          211   1 159  27   0   0    2.65    3.29    3.5    5.5    0.14
  291 PI-         -211   1 159  27   0   0    8.55   10.83    9.8   16.9    0.14
  292 PI+          211   1 164  27   0   0    2.31    0.97    0.5    2.6    0.14
  293 PI0          111   1 164  27   0   0    3.23    1.64    1.6    4.0    0.13
  294 K_S0         310 198 169  22 353 354   12.27   -3.48 -122.8  123.4    0.50
  295 LAMBDA      3122 198 171  27 355 356   19.78   28.30   38.7   51.9    1.12
  296 PI+          211   1 171  27   0   0    1.64    2.19    2.9    4.0    0.14
  297 PI+          211   1 173  27   0   0    0.73    0.64    0.9    1.4    0.14
  298 PI-         -211   1 173  27   0   0    0.52    0.98    0.6    1.3    0.14
  299 PI0          111   1 173  27   0   0    0.45    0.67    0.5    0.9    0.13
  300 KBAR0       -311 198 175  27 357 357    0.39    0.30    2.1    2.3    0.50
  301 PI-         -211   1 175  27   0   0   -0.16    0.31    1.9    1.9    0.14
  302 PI+          211   1 176  27   0   0    0.16   -0.36    2.5    2.6    0.14
  303 PI0          111   1 176  27   0   0   -0.27   -0.02    0.5    0.6    0.13
  304 PI+          211   1 182  22   0   0    0.72   -0.39   -8.4    8.4    0.14
  305 PI-         -211   1 182  22   0   0    2.57   -0.05  -27.0   27.1    0.14
  306 OMEGA        223 198 183  22 358 360   13.18   -2.82 -128.1  128.8    0.78
  307 PI+          211   1 183  22   0   0    1.27   -0.50  -11.9   12.0    0.14
  308 PI+          211   1 185  27   0   0   -0.07    0.09    1.3    1.3    0.14
  309 PI-         -211   1 185  27   0   0   -0.46    0.17    6.5    6.5    0.14
  310 PI0          111   1 185  27   0   0   -0.12    0.09    3.0    3.0    0.13
  311 PI+          211   1 186  27   0   0    0.22    0.21    1.4    1.4    0.14
  312 PI0          111   1 186  27   0   0   -0.05   -0.33    4.6    4.6    0.13
  313 K0           311 198 189  27 361 361    0.20   -0.09    0.3    0.6    0.50
  314 PI0          111   1 189  27   0   0    0.15    0.14    0.9    0.9    0.13
  315 PI+          211   1 190  27   0   0    0.17    0.20    0.9    1.0    0.14
  316 PI-         -211   1 190  27   0   0    0.01   -0.06    0.4    0.5    0.14
  317 PI0          111   1 190  27   0   0   -0.01    0.10    0.6    0.6    0.13
  318 PI-         -211   1 191  22   0   0    2.55    0.65  -23.8   23.9    0.14
  319 PI0          111   1 191  22   0   0    0.17   -0.03   -3.7    3.7    0.13
  320 K0           311 198 192  22 362 362    1.32   -0.18  -12.4   12.5    0.50
  321 K-          -321   1 192  22   0   0    0.77   -0.38   -8.0    8.0    0.49
  322 PI+          211   1 192  22   0   0    0.47   -0.27   -3.9    4.0    0.14
  323 K_L0         130   1 193  27   0   0   -0.36   -0.05   14.5   14.6    0.50
  324 PI-         -211   1 194  27   0   0   -0.03    0.34    6.4    6.4    0.14
  325 PI0          111   1 194  27   0   0   -0.97    0.16   18.4   18.4    0.13
  326 LAMBDABR   -3122 198 196  27 363 364   -0.30    0.33   20.9   20.9    1.12
  327 PI-         -211   1 196  27   0   0   -0.21   -0.13    4.8    4.8    0.14
  328 B_S0         531 196 242 199 329 331 -165.62 -132.43  -77.9  226.0    5.37
  329 E+           -11   1 328 199   0   0  -10.02   -7.57   -3.9   13.1    0.00
  330 NU_E          12   1 328 199   0   0  -90.99  -73.95  -43.5  125.0    0.00
  331 D*_S0-    -10431 198 328 199 365 366  -64.62  -50.92  -30.5   87.8    2.52
  332 OMEGA        223 198 245 203 367 369  -17.12  -11.35    2.9   20.8    0.78
  333 PI0          111   1 245 203   0   0   -2.92   -2.28    0.3    3.7    0.13
  334 K_S0         310 198 251 199 370 371  -47.09  -38.11  -22.0   64.4    0.50
  335 K+           321   1 254 199   0   0   -1.93   -0.72   -0.0    2.1    0.49
  336 K-          -321   1 254 199   0   0   -0.71   -0.80   -0.2    1.2    0.49
  337 B_D0         511 196 261 203 338 340  -35.76  -18.57    8.8   41.6    5.28
  338 TAU+         -15 198 337 203 372 374   -8.32   -4.78    1.8    9.9    1.78
  339 NU_TAU        16   1 337 203   0   0   -7.37   -2.99    1.1    8.0    0.00
  340 D*-         -413 198 337 203 375 376  -20.07  -10.80    5.9   23.6    2.01
  341 ETA          221 198 273  16 377 378   -0.09   -0.03  -86.6   86.6    0.55
  342 PI0          111   1 273  16   0   0   -0.04   -0.57 -140.8  140.8    0.13
  343 PI0          111   1 277  22   0   0    0.87   -0.19   -8.2    8.3    0.13
  344 PI0          111   1 277  22   0   0    8.55   -2.21  -84.2   84.7    0.13
  345 RHO-        -213 198 280  22 379 380    1.18    0.43  -12.8   12.8    0.77
  346 PI0          111   1 280  22   0   0   -0.13    0.09   -4.5    4.5    0.13
  347 K_L0         130   1 282  27   0   0   27.84   40.20   56.1   74.5    0.50
  348 PI+          211   1 284  27   0   0    1.86    2.91    3.3    4.8    0.14
  349 PI-         -211   1 284  27   0   0    1.08    1.49    1.3    2.2    0.14
  350 PI0          111   1 284  27   0   0    0.26    0.43    0.4    0.7    0.13
  351 PI+          211   1 288  27   0   0    1.63    2.55    2.2    3.7    0.14
  352 PI-         -211   1 288  27   0   0   23.22   32.76   29.2   49.7    0.14
  353 PI+          211   1 294  22   0   0    6.93   -2.11  -68.3   68.7    0.14
  354 PI-         -211   1 294  22   0   0    5.33   -1.37  -54.4   54.7    0.14
  355 P           2212   1 295  27   0   0   17.61   25.15   34.3   46.1    0.94
  356 PI-         -211   1 295  27   0   0    2.17    3.15    4.4    5.8    0.14
  357 K_L0         130   1 300  27   0   0    0.39    0.30    2.1    2.3    0.50
  358 PI+          211   1 306  22   0   0    6.85   -1.56  -68.9   69.3    0.14
  359 PI-         -211   1 306  22   0   0    3.16   -0.65  -28.3   28.5    0.14
  360 PI0          111   1 306  22   0   0    3.17   -0.61  -30.9   31.1    0.13
  361 K_L0         130   1 313  27   0   0    0.20   -0.09    0.3    0.6    0.50
  362 K_L0         130   1 320  22   0   0    1.32   -0.18  -12.4   12.5    0.50
  363 PBAR       -2212   1 326  27   0   0   -0.35    0.24   18.3   18.4    0.94
  364 PI+          211   1 326  27   0   0    0.04    0.09    2.5    2.5    0.14
  365 D-          -411 198 331 199 381 385  -55.44  -43.60  -25.9   75.2    1.87
  366 KBAR0       -311 198 331 199 386 386   -9.17   -7.32   -4.6   12.6    0.50
  367 PI+          211   1 332 203   0   0  -10.12   -6.35    1.7   12.1    0.14
  368 PI-         -211   1 332 203   0   0   -4.59   -3.31    0.8    5.7    0.14
  369 PI0          111   1 332 203   0   0   -2.41   -1.68    0.4    3.0    0.13
  370 PI+          211   1 334 199   0   0   -4.27   -3.47   -2.0    5.9    0.14
  371 PI-         -211   1 334 199   0   0  -42.82  -34.64  -19.9   58.6    0.14
  372 E+           -11   1 338 203   0   0   -7.95   -4.59    2.0    9.4    0.00
  373 NU_E          12   1 338 203   0   0   -0.00   -0.10   -0.1    0.1    0.00
  374 NU_TAUBR     -16   1 338 203   0   0   -0.36   -0.09   -0.1    0.4    0.00
  375 DBAR0       -421 198 340 203 387 388  -18.30   -9.85    5.3   21.5    1.86
  376 PI-         -211   1 340 203   0   0   -1.78   -0.95    0.5    2.1    0.14
  377 GAMMA         22   1 341  16   0   0   -0.09    0.25  -53.6   53.6    0.00
  378 GAMMA         22   1 341  16   0   0    0.00   -0.27  -33.0   33.0    0.00
  379 PI-         -211   1 345  22   0   0    0.39    0.17   -7.9    7.9    0.14
  380 PI0          111   1 345  22   0   0    0.79    0.25   -4.9    4.9    0.13
  381 K0           311 198 365 199 389 389  -16.47  -13.21   -7.9   22.6    0.50
  382 PI-         -211   1 365 199   0   0   -4.47   -3.54   -2.1    6.1    0.14
  383 PI-         -211   1 365 199   0   0   -9.36   -7.56   -4.5   12.9    0.14
  384 PI+          211   1 365 199   0   0  -10.58   -8.24   -4.4   14.1    0.14
  385 PI0          111   1 365 199   0   0  -14.58  -11.05   -6.9   19.6    0.13
  386 K_S0         310 198 366 199 390 391   -9.17   -7.32   -4.6   12.6    0.50
  387 K+           321   1 375 203   0   0  -16.77   -8.63    4.4   19.4    0.49
  388 PI-         -211   1 375 203   0   0   -1.53   -1.22    0.9    2.1    0.14
  389 K_L0         130   1 381 199   0   0  -16.47  -13.21   -7.9   22.6    0.50
  390 PI0          111   1 386 199   0   0   -5.15   -4.27   -2.5    7.1    0.13
  391 PI0          111   1 386 199   0   0   -4.03   -3.05   -2.2    5.5    0.13



 EVENT       2: 6500.00 GEV/C P        ON  6500.00 GEV/C P        PROCESS:-18000
 SEEDS:  1335682332 &  1697316143   STATUS:  100 ERROR:   0  WEIGHT:  5.9327E-04


                               ---INITIAL STATE---    

 IHEP    ID      IDPDG IST MO1 MO2 DA1 DA2   P-X     P-Y     P-Z  ENERGY    MASS
    1 P           2212 101   0   0   0   0    0.00    0.00 6500.0 6500.0    0.94
    2 P           2212 102   0   0   0   0    0.00    0.00-6500.0 6500.0    0.94
    3 CMF            0 103   1   2   0   0    0.00    0.00    0.013000.013000.00

                              ---HARD SUBPROCESS---   

 IHEP    ID      IDPDG IST MO1 MO2 DA1 DA2   P-X     P-Y     P-Z  ENERGY    MASS
    4 DQRK           1 121   6   8  11   9    0.00    0.00  415.1  415.1    0.32
    5 UQRK           2 122   6   9  17  10   -0.00   -0.00-1035.9 1035.9    0.32
    6 HARD           0 120   4   5   7  10    3.17    0.01 -620.8 1451.0 1311.52
    7 HIGGS         25 123   6   7  21   7 -249.14  277.18 -132.1  414.7  125.00
    8 DQRK           1 124   6  10  22   4  286.23 -356.16 -370.4  588.2    0.32
    9 UQRK           2 124   6   4  31   5  -14.95   -1.38  158.4  159.1    0.32
   10 GLUON         21 124   6   5  38   8  -22.14   80.37 -276.7  289.0    0.75

                              ---PARTON SHOWERS---    

 IHEP    ID      IDPDG IST MO1 MO2 DA1 DA2   P-X     P-Y     P-Z  ENERGY    MASS
   11 DQRK          94 141   4   6  13  16    5.40    1.53  415.2  415.1  -10.34
   12 CONE           0 100   4   9   0   0   -1.00   -0.09   11.4   11.4    0.00
   13 GLUON         21   2  11  14  56  57   -0.52   -0.61   19.9   19.9    0.75
   14 GLUON         21   2  11  15  58  59   -1.68    1.56   68.8   68.9    0.75
   15 GLUON         21   2  11  16  60  61   -3.20   -2.48  455.6  455.7    0.75
   16 UU          2203   2  11  24  62  61    0.00    0.00 5540.4 5540.4    0.25
   17 UQRK          94 142   5   6  19  20   -2.22   -1.52-1036.0 1035.9  -16.72
   18 CONE           0 100   5  10   0   0   -0.27    0.96   -4.5    4.6    0.00
   19 GLUON         21   2  17  20  63  64    2.22    1.52  -29.7   29.8    0.75
   20 UD          2101   2  17  33  65  64    0.00    0.00-5434.3 5434.3    0.31
   21 HIGGS         25 195   7   6 266 267 -236.90  264.53 -126.9  397.3  125.00
   22 DQRK          94 144   8   6  24  30  274.41 -339.91 -354.5  564.2   43.35
   23 CONE           0 100   8  10   0   0   -0.00    0.20   -1.1    1.2    0.00
   24 DQRK           1   2  22  25  66  62  128.57 -169.19 -175.8  275.8    0.32
   25 GLUON         21   2  22  26  67  68   74.45  -96.10 -100.8  157.9    0.75
   26 GLUON         21   2  22  27  69  70   43.52  -55.83  -52.1   87.9    0.75
   27 DBAR          -1   2  22  28  71  70    9.86   -5.54   -8.4   14.1    0.32
   28 DQRK           1   2  22  29  72  71    6.24   -5.20   -6.5   10.4    0.32
   29 GLUON         21   2  22  30  73  74    6.60   -3.18   -5.8    9.4    0.75
   30 GLUON         21   2  22  40  75  76    5.15   -4.87   -5.1    8.8    0.75
   31 UQRK          94 144   9   6  33  37  -13.94   -1.32  151.1  152.0    7.19
   32 CONE           0 100   9   4   0   0    0.57    0.05    4.7    4.7    0.00
   33 UQRK           2   2  31  34  77  65   -2.57   -1.64   50.6   50.7    0.32
   34 GLUON         21   2  31  35  78  79   -2.14   -0.69   22.8   22.9    0.75
   35 GLUON         21   2  31  36  80  81   -4.10    0.28   38.4   38.6    0.75
   36 GLUON         21   2  31  37  82  83   -3.57    0.31   25.7   26.0    0.75
   37 GLUON         21   2  31  56  84  85   -1.56    0.41   13.7   13.8    0.75
   38 GLUON         94 144  10   6  40  55  -20.39   76.70 -290.5  337.5  152.43
   39 CONE           0 100  10   8   0   0    0.56   -0.77   -0.3    1.0    0.00
   40 GLUON         21   2  38  41  86  87   17.14    6.73  -24.3   30.5    0.75
   41 GLUON         21   2  38  42  88  89    7.40    2.90   -7.5   10.9    0.75
   42 GLUON         21   2  38  43  90  91    6.94    0.73   -4.8    8.5    0.75
   43 GLUON         21   2  38  44  92  93   19.28    4.74  -15.1   25.0    0.75
   44 DBAR          -1   2  38  45  94  93   -1.99    1.05   -3.3    4.0    0.32
   45 DQRK           1   2  38  46  95  94   -1.10    1.12   -1.2    2.0    0.32
   46 GLUON         21   2  38  47  96  97   -2.36    0.71   -4.7    5.3    0.75
   47 GLUON         21   2  38  48  98  99  -21.80   10.50  -71.6   75.5    0.75
   48 GLUON         21   2  38  49 100 101  -12.55    6.47  -38.2   40.8    0.75
   49 GLUON         21   2  38  50 102 103  -15.11   17.49  -52.1   57.0    0.75
   50 GLUON         21   2  38  51 104 105   -6.00    6.68  -22.8   24.5    0.75
   51 GLUON         21   2  38  52 106 107   -4.11    4.63  -18.1   19.1    0.75
   52 GLUON         21   2  38  53 108 109   -2.46    5.61  -12.4   13.9    0.75
   53 GLUON         21   2  38  54 110 111   -7.63    4.64   -7.7   11.8    0.75
   54 GLUON         21   2  38  55 112 113    0.98    1.03   -3.7    4.0    0.75
   55 GLUON         21   2  38  63 114 115    2.97    1.68   -3.1    4.7    0.75

                              ---GLUON SPLITTING---   

 IHEP    ID      IDPDG IST MO1 MO2 DA1 DA2   P-X     P-Y     P-Z  ENERGY    MASS
   56 DBAR          -1 158  11  57 154  85   -0.13   -0.14    9.7    9.7    0.32
   57 DQRK           1 158  11  58 140  56   -0.39   -0.46   10.2   10.2    0.32
   58 DBAR          -1 158  11  59 140  57   -0.63    0.43   27.0   27.0    0.32
   59 DQRK           1 158  11 120 141  58   -0.97    1.04   39.0   39.0    0.32
   60 UBAR          -2 158  11  61 172 121   -1.08   -0.73  155.0  155.0    0.32
   61 UQRK           2 158  11 122 142  60   -1.08   -0.97  154.1  154.1    0.32
   62 UU          2203 161  11  66 170 117   -0.01   -0.01 3531.2 3531.2    0.64
   63 DBAR          -1 158  17  64 180 137    0.60    0.56   -8.4    8.5    0.32
   64 DQRK           1 158  17 118 143  63    1.34    0.73  -17.3   17.4    0.32
   65 UD          2101 162  17  77 171 119    0.00    0.00-5198.6 5198.6    0.64
   66 DQRK           1 158  22  67 144  62  128.57 -169.19 -175.8  275.8    0.32
   67 DBAR          -1 158  22  68 144  66   35.46  -45.79  -48.3   75.4    0.32
   68 DQRK           1 158  22 124 145  67   28.83  -37.20  -38.8   61.0    0.32
   69 DBAR          -1 158  22  70 174 125   18.76  -23.80  -22.3   37.6    0.32
   70 DQRK           1 158  22 126 146  69   18.03  -23.38  -21.8   36.7    0.32
   71 DBAR          -1 158  22  72 175 127    8.50   -4.79   -7.2   12.1    0.32
   72 DQRK           1 158  22  73 147  71    6.24   -5.20   -6.5   10.4    0.32
   73 DBAR          -1 158  22  74 147  72    4.93   -2.44   -4.4    7.0    0.32
   74 DQRK           1 158  22  75 148  73    1.67   -0.75   -1.4    2.3    0.32
   75 DBAR          -1 158  22  76 148  74    1.69   -1.44   -1.5    2.7    0.32
   76 DQRK           1 158  22 128 149  75    1.75   -1.70   -1.8    3.1    0.32
   77 UQRK           2 158  31  78 150  65   -2.57   -1.64   50.6   50.7    0.32
   78 UBAR          -2 158  31  79 150  77   -1.29   -0.60   13.8   13.9    0.32
   79 UQRK           2 158  31  80 151  78   -0.85   -0.09    9.0    9.0    0.32
   80 UBAR          -2 158  31  81 151  79   -2.33    0.29   20.5   20.6    0.32
   81 UQRK           2 158  31  82 152  80   -1.78   -0.01   17.9   18.0    0.32
   82 UBAR          -2 158  31  83 152  81   -1.84    0.09   11.9   12.0    0.32
   83 UQRK           2 158  31  84 153  82   -1.73    0.23   13.8   13.9    0.32
   84 DBAR          -1 158  31  85 153  83   -1.18    0.23   10.1   10.2    0.32
   85 DQRK           1 158  31  56 154  84   -0.38    0.17    3.5    3.6    0.32
   86 UBAR          -2 158  38  87 181 139    5.50    2.07   -7.8    9.8    0.32
   87 UQRK           2 158  38  88 155  86    6.24    2.61   -8.8   11.1    0.32
   88 UBAR          -2 158  38  89 155  87    2.30    0.84   -2.2    3.3    0.32
   89 UQRK           2 158  38  90 156  88    5.10    2.06   -5.3    7.7    0.32
   90 UBAR          -2 158  38  91 156  89    2.51    0.10   -1.7    3.1    0.32
   91 UQRK           2 158  38  92 157  90    4.44    0.63   -3.1    5.5    0.32
   92 UBAR          -2 158  38  93 157  91   14.60    3.57  -11.4   18.9    0.32
   93 UQRK           2 158  38 132 158  92    2.42    0.61   -1.9    3.2    0.32
   94 DBAR          -1 158  38  95 177 131   -1.07    0.58   -1.8    2.2    0.32
   95 DQRK           1 158  38  96 159  94   -1.10    1.12   -1.2    2.0    0.32
   96 DBAR          -1 158  38  97 159  95   -1.16    0.54   -2.5    2.9    0.32
   97 DQRK           1 158  38  98 160  96   -1.19    0.17   -2.1    2.5    0.32
   98 DBAR          -1 158  38  99 160  97  -13.92    6.52  -45.5   48.0    0.32
   99 DQRK           1 158  38 100 161  98   -7.88    3.98  -26.1   27.5    0.32
  100 UBAR          -2 158  38 101 161  99   -9.45    4.82  -28.8   30.7    0.32
  101 UQRK           2 158  38 102 162 100   -3.10    1.65   -9.4   10.1    0.32
  102 UBAR          -2 158  38 103 162 101   -9.24   10.78  -32.4   35.4    0.32
  103 UQRK           2 158  38 104 163 102   -5.87    6.71  -19.7   21.6    0.32
  104 DBAR          -1 158  38 105 163 103   -3.90    4.44  -15.4   16.5    0.32
  105 DQRK           1 158  38 106 164 104   -2.10    2.24   -7.4    8.0    0.32
  106 UBAR          -2 158  38 107 164 105   -2.60    2.84  -11.7   12.3    0.32
  107 UQRK           2 158  38 108 165 106   -1.51    1.79   -6.4    6.8    0.32
  108 UBAR          -2 158  38 109 165 107   -1.88    4.07   -9.1   10.1    0.32
  109 UQRK           2 158  38 110 166 108   -0.58    1.53   -3.3    3.7    0.32
  110 DBAR          -1 158  38 111 166 109   -2.69    1.49   -2.8    4.2    0.32
  111 DQRK           1 158  38 134 167 110   -3.08    1.97   -3.1    4.8    0.32
  112 UBAR          -2 158  38 113 179 135    0.47    0.57   -1.5    1.7    0.32
  113 UQRK           2 158  38 114 168 112    0.37    0.32   -1.8    1.9    0.32
  114 DBAR          -1 158  38 115 168 113    1.02    0.52   -1.3    1.7    0.32
  115 DQRK           1 158  38 136 169 114    1.69    1.01   -1.6    2.6    0.32
  116 UBAR          -2 159  11 117 173 123   -0.01   -0.01 1122.6 1122.6    0.32
  117 UQRK           2 159  11  62 170 116   -0.11   -0.10   83.2   83.2    0.32
  118 DBAR          -1 159  17 119 143  64    0.09    0.05  -12.0   12.0    0.32
  119 DQRK           1 159  17  65 171 118    0.00    0.00 -224.8  224.8    0.32
  120 UBAR          -2 159  11 121 141  59   -0.54   -0.33   75.5   75.5    0.32
  121 UQRK           2 159  11  60 172 120   -0.31   -0.13   39.6   39.6    0.32
  122 SBAR          -3 159  11 123 142  61   -0.03   -0.03  642.7  642.7    0.50
  123 SQRK           3 159  11 116 173 122   -0.10   -0.09  194.9  194.9    0.50
  124 UBAR          -2 159  22 125 145  68    5.89   -7.56   -7.7   12.3    0.32
  125 UQRK           2 159  22  69 174 124    7.21   -9.28   -9.5   15.1    0.32
  126 DBAR          -1 159  22 127 146  70    1.53   -1.06   -1.4    2.3    0.32
  127 DQRK           1 159  22  71 175 126    3.62   -4.63   -4.3    7.3    0.32
  128 SBAR          -3 159  38 129 149  76    3.23    1.17   -4.6    5.7    0.50
  129 SQRK           3 159  22 138 176 128    0.89   -0.65   -1.0    1.6    0.50
  130 SBAR          -3 159  38 131 178 133   -0.65    0.40   -1.3    1.6    0.50
  131 SQRK           3 159  38  94 177 130    1.26    0.35   -1.1    1.8    0.50
  132 DBAR          -1 159  38 133 158  93    0.18    0.11   -0.4    0.5    0.32
  133 DQRK           1 159  38 130 178 132    0.56    0.17   -0.5    0.9    0.32
  134 UBAR          -2 159  38 135 167 111   -0.06    0.24   -0.5    0.7    0.32
  135 UQRK           2 159  38 112 179 134   -1.66    1.08   -1.7    2.6    0.32
  136 UBAR          -2 159  17 137 169 115    0.21    0.18   -2.3    2.3    0.32
  137 UQRK           2 159  38  63 180 136    0.25    0.16   -0.7    0.8    0.32
  138 UBAR          -2 159  38 139 176 129    2.01    0.73   -2.8    3.6    0.32
  139 UQRK           2 159  22  86 181 138    1.00   -0.92   -1.0    1.7    0.32

                             ---CLUSTER FORMATION---  

 IHEP    ID      IDPDG IST MO1 MO2 DA1 DA2   P-X     P-Y     P-Z  ENERGY    MASS
  140 CLUS          91 183  57  58 182 183   -1.01   -0.03   37.1   37.2    1.27
  141 CLUS          91 183  59 120 184 185   -1.52    0.71  114.5  114.6    2.05
  142 CLUS          91 183  61 122 186 187   -1.11   -1.00  796.9  796.9    3.08
  143 CLUS          91 183  64 118 188 189    1.43    0.78  -29.3   29.4    1.31
  144 CLUS          91 183  66  67 190 191  164.03 -214.97 -224.1  351.2    1.39
  145 CLUS          91 183  68 124 192 193   34.72  -44.76  -46.5   73.3    0.96
  146 CLUS          91 183  70 126 194 195   19.56  -24.43  -23.2   39.0    2.66
  147 CLUS          91 183  72  73 196 197   11.18   -7.63  -10.9   17.4    1.70
  148 CLUS          91 183  74  75 198 199    3.36   -2.18   -2.9    5.0    0.88
  149 CLUS          91 183  76 128 200 201    4.97   -0.53   -6.4    8.8    3.40
  150 CLUS          91 183  77  78 202 203   -3.86   -2.23   64.4   64.6    1.40
  151 CLUS          91 183  79  80 204 205   -3.17    0.20   29.4   29.6    0.81
  152 CLUS          91 183  81  82 206 207   -3.62    0.08   29.8   30.0    1.04
  153 CLUS          91 183  83  84 208 209   -2.91    0.46   23.9   24.1    0.66
  154 CLUS          91 183  85  56 210 211   -0.51    0.03   13.3   13.3    0.98
  155 CLUS          91 183  87  88 212 213    8.54    3.44  -10.9   14.4    1.40
  156 CLUS          91 183  89  90 214 215    7.61    2.16   -7.0   10.7    1.67
  157 CLUS          91 183  91  92 216 217   19.04    4.20  -14.5   24.3    1.21
  158 CLUS          91 183  93 132 218 219    2.59    0.72   -2.3    3.7    1.07
  159 CLUS          91 183  95  96 220 221   -2.26    1.67   -3.8    4.9    1.32
  160 CLUS          91 183  97  98 222 223  -15.11    6.69  -47.6   50.5    2.84
  161 CLUS          91 183  99 100 224 225  -17.33    8.80  -54.9   58.2    1.00
  162 CLUS          91 183 101 102 226 227  -12.34   12.43  -41.8   45.4    2.94
  163 CLUS          91 183 103 104 228 229   -9.77   11.15  -35.1   38.1    1.28
  164 CLUS          91 183 105 106 230 231   -4.70    5.08  -19.1   20.4    0.99
  165 CLUS          91 183 107 108 232 233   -3.39    5.87  -15.5   16.9    1.39
  166 CLUS          91 183 109 110 234 235   -3.27    3.02   -6.1    7.9    2.22
  167 CLUS          91 183 111 134 236 237   -3.14    2.21   -3.6    5.5    1.41
  168 CLUS          91 183 113 114 238 239    1.39    0.84   -3.0    3.6    1.06
  169 CLUS          91 183 115 136 240 241    1.89    1.19   -3.9    4.9    1.92
  170 CLUS          91 184 117  62 242 243   -0.12   -0.11 3614.4 3614.4    2.42
  171 CLUS          91 185 119  65 244 245    0.00    0.00-5423.5 5423.5    1.70
  172 CLUS          91 183 121  60 246 247   -1.39   -0.85  194.6  194.6    0.81
  173 CLUS          91 183 123 116 248 249   -0.11   -0.10 1317.6 1317.6    1.39
  174 CLUS          91 183 125  69 250 251   25.97  -33.08  -31.8   52.7    1.34
  175 CLUS          91 183 127  71 252 253   12.12   -9.41  -11.6   19.5    3.04
  176 CLUS          91 183 129 138 254 255    2.90    0.07   -3.8    5.1    1.81
  177 CLUS          91 183 131  94 256 257    0.19    0.93   -2.9    4.0    2.56
  178 CLUS          91 183 133 130 258 259   -0.10    0.57   -1.8    2.4    1.50
  179 CLUS          91 183 135 112 260 261   -1.19    1.65   -3.2    4.4    2.10
  180 CLUS          91 183 137  63 262 263    0.85    0.72   -9.2    9.3    1.35
  181 CLUS          91 183 139  86 264 265    6.50    1.15   -8.9   11.5    3.29

                              ---CLUSTER DECAYS---    

 IHEP    ID      IDPDG IST MO1 MO2 DA1 DA2   P-X     P-Y     P-Z  ENERGY    MASS
  182 PI-         -211   1 140  11   0   0   -0.55   -0.24    6.0    6.0    0.14
  183 PI+          211   1 140  11   0   0   -0.47    0.21   31.1   31.2    0.14
  184 A_2-        -215 197 141  11 318 319   -1.45    0.37   90.2   90.2    1.32
  185 ETA          221 197 141  11 320 321   -0.06    0.33   24.4   24.4    0.55
  186 A_2+         215 197 142  11 322 323    0.05   -0.20  233.7  233.7    1.32
  187 K*_00      10311 197 142  11 324 325   -1.15   -0.80  563.2  563.2    1.43
  188 PI-         -211   1 143  17   0   0    1.00    0.63  -15.6   15.6    0.14
  189 RHO+         213 197 143  17 326 327    0.43    0.14  -13.7   13.7    0.77
  190 OMEGA        223 197 144  22 328 330  142.16 -186.82 -194.3  304.8    0.78
  191 PI0          111   1 144  22   0   0   21.87  -28.15  -29.8   46.4    0.13
  192 PI0          111   1 145  22   0   0   15.05  -18.69  -19.8   31.1    0.13
  193 PI-         -211   1 145  22   0   0   19.67  -26.07  -26.6   42.2    0.14
  194 DELTA0      2114 197 146  22 331 332   10.62  -13.16  -13.1   21.4    1.23
  195 DELTABR0   -2114 197 146  22 333 334    8.94  -11.28  -10.1   17.6    1.23
  196 PI-         -211   1 147  22   0   0    2.53   -2.10   -2.6    4.2    0.14
  197 A_2+         215 197 147  22 335 336    8.65   -5.53   -8.2   13.2    1.32
  198 PI-         -211   1 148  22   0   0    1.29   -1.18   -1.6    2.4    0.14
  199 PI+          211   1 148  22   0   0    2.06   -1.00   -1.3    2.6    0.14
  200 KDH_20     20315 197 149  22 337 338    3.29   -0.07   -3.5    5.2    1.82
  201 FH_1       20333 197 149  22 339 340    1.68   -0.46   -2.9    3.6    1.43
  202 RHO0         113 197 150  31 341 342   -2.98   -1.84   55.7   55.8    0.77
  203 PI0          111   1 150  31   0   0   -0.88   -0.39    8.7    8.8    0.13
  204 PI0          111   1 151  31   0   0   -2.02   -0.04   15.4   15.6    0.13
  205 PI0          111   1 151  31   0   0   -1.15    0.23   14.0   14.0    0.13
  206 PI+          211   1 152  31   0   0   -2.43   -0.34   21.6   21.7    0.14
  207 PI-         -211   1 152  31   0   0   -1.19    0.42    8.2    8.3    0.14
  208 PI+          211   1 153  31   0   0   -0.72    0.16    8.3    8.3    0.14
  209 PI0          111   1 153  31   0   0   -2.19    0.30   15.7   15.8    0.13
  210 PI0          111   1 154  31   0   0   -0.39   -0.12   12.6   12.6    0.13
  211 PI0          111   1 154  31   0   0   -0.12    0.15    0.7    0.7    0.13
  212 PI0          111   1 155  38   0   0    2.33    0.86   -2.9    3.9    0.13
  213 HL_10      10223 197 155  38 343 344    6.20    2.58   -8.0   10.5    1.17
  214 FL_1       20223 197 156  38 345 346    5.78    1.54   -5.7    8.4    1.28
  215 PI0          111   1 156  38   0   0    1.82    0.62   -1.3    2.3    0.13
  216 PI0          111   1 157  38   0   0    3.08    0.32   -2.6    4.0    0.13
  217 PI0          111   1 157  38   0   0   15.96    3.88  -11.9   20.3    0.13
  218 PI+          211   1 158  38   0   0    0.80    0.40   -0.9    1.2    0.14
  219 OMEGA        223 197 158  38 347 349    1.79    0.32   -1.4    2.4    0.78
  220 PI0          111   1 159  38   0   0   -1.10    1.16   -1.1    2.0    0.13
  221 PI0          111   1 159  38   0   0   -1.17    0.51   -2.6    2.9    0.13
  222 DELTA+      2214 197 160  38 350 351   -4.85    2.42  -17.8   18.7    1.23
  223 PBAR       -2212   1 160  38   0   0  -10.26    4.27  -29.8   31.8    0.94
  224 PI-         -211   1 161  38   0   0   -1.73    0.86   -6.1    6.4    0.14
  225 ETA          221 197 161  38 352 353  -15.60    7.95  -48.8   51.8    0.55
  226 DELTA+      2214 197 162  38 354 355   -4.76    3.76  -15.6   16.7    1.23
  227 PBAR       -2212   1 162  38   0   0   -7.58    8.66  -26.3   28.7    0.94
  228 PI0          111   1 163  38   0   0   -0.42    0.59   -1.4    1.5    0.13
  229 RHO+         213 197 163  38 356 357   -9.35   10.57  -33.7   36.5    0.77
  230 PI0          111   1 164  38   0   0   -1.40    2.19   -7.2    7.6    0.13
  231 PI-         -211   1 164  38   0   0   -3.29    2.89  -12.0   12.7    0.14
  232 PI0          111   1 165  38   0   0   -1.39    3.51   -8.4    9.3    0.13
  233 ETA          221 197 165  38 358 360   -2.00    2.35   -7.0    7.7    0.55
  234 P           2212   1 166  38   0   0   -2.35    1.45   -3.8    4.8    0.94
  235 NBAR       -2112   1 166  38   0   0   -0.91    1.57   -2.3    3.1    0.94
  236 PI0          111   1 167  38   0   0   -0.39    0.55   -0.2    0.7    0.13
  237 RHO-        -213 197 167  38 361 362   -2.75    1.66   -3.4    4.7    0.77
  238 PI+          211   1 168  38   0   0    0.92    0.60   -2.3    2.5    0.14
  239 ETA          221 197 168  38 363 365    0.47    0.23   -0.8    1.1    0.55
  240 OMEGA(H)   30223 197 169  38 366 368    1.64    1.15   -3.8    4.6    1.65
  241 PI-         -211   1 169  38   0   0    0.25    0.03   -0.2    0.3    0.14
  242 A_2+         215 197 170  11 369 370   -0.24   -0.01 1497.2 1497.2    1.32
  243 P           2212   1 170  11   0   0    0.12   -0.10 2117.2 2117.2    0.94
  244 PI0          111   1 171  17   0   0    0.26    0.36 -688.7  688.7    0.13
  245 N           2112   1 171  17   0   0   -0.25   -0.35-4734.8 4734.8    0.94
  246 PI+          211   1 172  11   0   0   -0.04   -0.30   49.9   49.9    0.14
  247 PI-         -211   1 172  11   0   0   -1.35   -0.56  144.7  144.7    0.14
  248 K-          -321   1 173  11   0   0   -0.24   -0.11  736.5  736.5    0.49
  249 RHO0         113 197 173  11 371 372    0.13    0.01  581.1  581.1    0.77
  250 PI+          211   1 174  22   0   0    1.45   -1.80   -1.5    2.8    0.14
  251 RHO0         113 197 174  22 373 374   24.53  -31.28  -30.3   50.0    0.77
  252 RHO-        -213 197 175  22 375 376    3.60   -4.18   -4.1    6.9    0.77
  253 A_1+       20213 197 175  22 377 378    8.52   -5.24   -7.5   12.5    1.23
  254 KL_1-     -10323 197 176  22 379 380    2.25    0.10   -3.2    4.2    1.57
  255 PI0          111   1 176  22   0   0    0.65   -0.03   -0.6    0.9    0.13
  256 SIGMA+      3222 197 177  38 381 382    0.49    0.41   -1.3    1.9    1.19
  257 DELTABR-   -2214 197 177  38 383 384   -0.30    0.51   -1.6    2.1    1.23
  258 RHO-        -213 197 178  38 385 386   -0.15    0.22   -1.6    1.8    0.77
  259 K+           321   1 178  38   0   0    0.05    0.35   -0.2    0.7    0.49
  260 B_10       10113 197 179  38 387 388   -0.27    1.35   -2.6    3.2    1.23
  261 PI0          111   1 179  38   0   0   -0.93    0.30   -0.6    1.2    0.13
  262 PI+          211   1 180  38   0   0   -0.01    0.56   -2.5    2.6    0.14
  263 RHO0         113 197 180  38 389 390    0.86    0.16   -6.6    6.8    0.77
  264 LAMBDA      3122 197 181  22 391 392    5.33    0.60   -6.6    8.6    1.12
  265 SGMA*BR0   -3214 197 181  22 393 394    1.16    0.55   -2.3    2.9    1.38

                            ---H/W/Z BOSON DECAYS---  

 IHEP    ID      IDPDG IST MO1 MO2 DA1 DA2   P-X     P-Y     P-Z  ENERGY    MASS
  266 CQRK           4 123  21 267 268 267 -214.13  276.70 -111.7  367.3    1.55
  267 CBAR          -4 124  21 266 273 266  -22.77  -12.16  -15.2   30.0    1.55

                              ---PARTON SHOWERS---    

 IHEP    ID      IDPDG IST MO1 MO2 DA1 DA2   P-X     P-Y     P-Z  ENERGY    MASS
  268 CQRK          94 143 266  21 270 272 -207.90  268.34 -108.5  356.5   10.63
  269 CONE           0 100 266 267   0   0   -1.73    0.78   -1.0    2.1    0.00
  270 CQRK           4   2 268 271 278 277 -158.46  206.41  -86.4  274.2    1.55
  271 GLUON         21   2 268 272 279 280  -27.13   34.16  -13.7   45.7    0.75
  272 GLUON         21   2 268 275 281 282  -22.31   27.77   -8.4   36.6    0.75
  273 CBAR          94 144 267  21 275 277  -29.00   -3.81  -18.4   40.8   21.58
  274 CONE           0 100 267 266   0   0    0.66    1.10    0.5    1.4    0.00
  275 GLUON         21   2 273 276 283 284   -0.83    0.36    1.1    1.6    0.75
  276 GLUON         21   2 273 277 285 286  -13.22   -4.92    0.5   14.1    0.75
  277 CBAR          -4   2 273 278 287 286  -14.96    0.75  -20.0   25.0    1.55

                              ---GLUON SPLITTING---   

 IHEP    ID      IDPDG IST MO1 MO2 DA1 DA2   P-X     P-Y     P-Z  ENERGY    MASS
  278 CQRK           4 158 268 279 294 287 -158.46  206.41  -86.4  274.2    1.55
  279 DBAR          -1 158 268 280 294 278   -6.64    8.31   -3.3   11.1    0.32
  280 DQRK           1 158 268 281 295 279  -20.49   25.85  -10.3   34.6    0.32
  281 DBAR          -1 158 268 282 295 280  -12.58   15.77   -4.6   20.7    0.32
  282 DQRK           1 158 268 283 296 281   -9.73   12.00   -3.8   15.9    0.32
  283 UBAR          -2 158 273 284 296 282   -0.45    0.30    0.4    0.7    0.32
  284 UQRK           2 158 273 285 297 283   -0.37    0.06    0.7    0.9    0.32
  285 UBAR          -2 158 273 286 297 284   -6.32   -2.42    0.0    6.8    0.32
  286 UQRK           2 158 273 290 298 285   -4.42   -1.60    0.3    4.7    0.32
  287 CBAR          -4 158 273 278 301 293  -10.58    0.50  -14.0   17.7    1.55
  288 SBAR          -3 159 273 289 300 291   -2.81    0.13   -3.7    4.7    0.50
  289 SQRK           3 159 273 292 299 288   -1.09   -0.33   -0.1    1.3    0.50
  290 SBAR          -3 159 273 291 298 286   -0.75   -0.12   -0.5    1.0    0.50
  291 SQRK           3 159 273 288 300 290   -1.00   -0.29   -0.2    1.2    0.50
  292 DBAR          -1 159 273 293 299 289   -0.55   -0.03   -0.5    0.8    0.32
  293 DQRK           1 159 273 287 301 292   -0.66   -0.01   -0.7    1.0    0.32

                             ---CLUSTER FORMATION---  

 IHEP    ID      IDPDG IST MO1 MO2 DA1 DA2   P-X     P-Y     P-Z  ENERGY    MASS
  294 CLUS          91 183 278 279 302 303 -165.10  214.72  -89.8  285.4    2.69
  295 CLUS          91 183 280 281 304 305  -33.07   41.61  -14.9   55.3    2.27
  296 CLUS          91 183 282 283 306 307  -10.18   12.31   -3.4   16.7    3.25
  297 CLUS          91 183 284 285 308 309   -6.69   -2.36    0.7    7.6    2.71
  298 CLUS          91 183 286 290 310 311   -5.17   -1.71   -0.2    5.7    1.80
  299 CLUS          91 183 289 292 312 313   -1.64   -0.36   -0.7    2.1    1.04
  300 CLUS          91 183 291 288 314 315   -3.81   -0.16   -3.9    5.9    2.14
  301 CLUS          91 183 293 287 316 317  -11.24    0.49  -14.8   18.7    2.13

                              ---CLUSTER DECAYS---    

 IHEP    ID      IDPDG IST MO1 MO2 DA1 DA2   P-X     P-Y     P-Z  ENERGY    MASS
  302 D*_20        425 197 294 268 395 396 -161.53  210.15  -87.9  279.3    2.46
  303 PI+          211   1 294 268   0   0   -3.57    4.57   -1.9    6.1    0.14
  304 OMEGA        223 197 295 268 397 399   -8.45   11.08   -3.8   14.5    0.78
  305 A_20         115 197 295 268 400 401  -24.63   30.53  -11.1   40.8    1.32
  306 K*_20        315 197 296 268 402 403   -8.11    9.51   -3.5   13.1    1.43
  307 K*-         -323 197 296 268 404 405   -2.08    2.80    0.1    3.6    0.89
  308 DELTA0      2114 197 297 273 406 407   -2.94   -1.63    0.3    3.6    1.23
  309 DELTABR0   -2114 197 297 273 408 409   -3.75   -0.74    0.4    4.0    1.23
  310 PI+          211   1 298 273   0   0   -0.16   -0.03    0.0    0.2    0.14
  311 KL_10      10313 197 298 273 410 411   -5.01   -1.68   -0.3    5.5    1.57
  312 K*-         -323 197 299 273 412 413   -1.48   -0.33   -0.6    1.8    0.89
  313 PI+          211   1 299 273   0   0   -0.17   -0.04   -0.1    0.2    0.14
  314 K*_2BAR0    -315 197 300 273 414 415   -3.47   -0.02   -3.4    5.0    1.43
  315 K0           311 197 300 273 416 416   -0.34   -0.15   -0.5    0.8    0.50
  316 PI0          111   1 301 273   0   0   -0.25   -0.01   -0.3    0.4    0.13
  317 D-          -411 197 301 273 417 421  -10.99    0.50  -14.5   18.3    1.87

                           ---STRONG HADRON DECAYS--- 

 IHEP    ID      IDPDG IST MO1 MO2 DA1 DA2   P-X     P-Y     P-Z  ENERGY    MASS
  318 ETA          221 198 184  11 422 423   -0.95    0.18   79.3   79.3    0.55
  319 PI-         -211   1 184  11   0   0   -0.51    0.19   10.9   10.9    0.14
  320 GAMMA         22   1 185  11   0   0   -0.02   -0.02   17.1   17.1    0.00
  321 GAMMA         22   1 185  11   0   0   -0.04    0.35    7.3    7.3    0.00
  322 RHO+         213 198 186  11 424 425   -0.17   -0.51  158.5  158.5    0.77
  323 PI0          111   1 186  11   0   0    0.21    0.31   75.2   75.2    0.13
  324 K+           321   1 187  11   0   0   -1.09   -0.55  254.0  254.0    0.49
  325 PI-         -211   1 187  11   0   0   -0.06   -0.25  309.2  309.2    0.14
  326 PI+          211   1 189  17   0   0    0.48    0.09   -4.6    4.7    0.14
  327 PI0          111   1 189  17   0   0   -0.05    0.06   -9.1    9.1    0.13
  328 PI+          211   1 190  22   0   0   17.95  -23.67  -24.5   38.5    0.14
  329 PI-         -211   1 190  22   0   0   64.40  -85.00  -88.3  138.4    0.14
  330 PI0          111   1 190  22   0   0   59.81  -78.16  -81.6  127.8    0.13
  331 N           2112   1 194  22   0   0    6.52   -8.10   -8.2   13.3    0.94
  332 PI0          111   1 194  22   0   0    4.10   -5.06   -4.9    8.2    0.13
  333 NBAR       -2112   1 195  22   0   0    6.53   -8.60   -7.6   13.2    0.94
  334 PI0          111   1 195  22   0   0    2.41   -2.68   -2.5    4.4    0.13
  335 RHO0         113 198 197  22 426 427    7.97   -5.27   -7.9   12.4    0.77
  336 PI+          211   1 197  22   0   0    0.67   -0.26   -0.4    0.8    0.14
  337 K*_20        315 198 200  22 428 429    3.14   -0.15   -3.5    4.9    1.43
  338 PI0          111   1 200  22   0   0    0.15    0.08    0.0    0.2    0.13
  339 K-          -321   1 201  22   0   0    0.87   -0.21   -1.3    1.6    0.49
  340 K*+          323 198 201  22 430 431    0.82   -0.26   -1.6    2.0    0.89
  341 PI+          211   1 202  31   0   0   -0.47   -0.12    5.6    5.6    0.14
  342 PI-         -211   1 202  31   0   0   -2.51   -1.72   50.1   50.2    0.14
  343 RHO-        -213 198 213  38 432 433    3.26    1.18   -4.4    5.6    0.77
  344 PI+          211   1 213  38   0   0    2.94    1.40   -3.6    4.9    0.14
  345 A_0+     9000211 198 214  38 434 435    3.95    0.92   -3.8    5.6    1.00
  346 PI-         -211   1 214  38   0   0    1.84    0.62   -2.0    2.8    0.14
  347 PI+          211   1 219  38   0   0    1.22    0.16   -1.2    1.7    0.14
  348 PI-         -211   1 219  38   0   0    0.31    0.02   -0.2    0.4    0.14
  349 PI0          111   1 219  38   0   0    0.27    0.13   -0.0    0.3    0.13
  350 P           2212   1 222  38   0   0   -3.87    1.95  -15.0   15.7    0.94
  351 PI0          111   1 222  38   0   0   -0.97    0.47   -2.8    3.0    0.13
  352 GAMMA         22   1 225  38   0   0   -0.91    0.40   -3.1    3.3    0.00
  353 GAMMA         22   1 225  38   0   0  -14.69    7.55  -45.7   48.5    0.00
  354 P           2212   1 226  38   0   0   -4.29    3.43  -13.6   14.7    0.94
  355 PI0          111   1 226  38   0   0   -0.47    0.33   -2.0    2.1    0.13
  356 PI+          211   1 229  38   0   0   -4.96    5.07  -17.1   18.5    0.14
  357 PI0          111   1 229  38   0   0   -4.39    5.50  -16.6   18.0    0.13
  358 PI0          111   1 233  38   0   0   -0.31    0.32   -1.1    1.2    0.13
  359 PI0          111   1 233  38   0   0   -0.51    0.81   -2.2    2.4    0.13
  360 PI0          111   1 233  38   0   0   -1.17    1.23   -3.8    4.1    0.13
  361 PI-         -211   1 237  38   0   0   -0.43    0.52   -1.0    1.2    0.14
  362 PI0          111   1 237  38   0   0   -2.32    1.14   -2.4    3.6    0.13
  363 PI0          111   1 239  38   0   0    0.17   -0.08   -0.3    0.4    0.13
  364 PI0          111   1 239  38   0   0    0.11    0.19   -0.2    0.3    0.13
  365 PI0          111   1 239  38   0   0    0.19    0.13   -0.3    0.4    0.13
  366 OMEGA        223 198 240  38 436 438    1.27    0.43   -2.0    2.6    0.78
  367 PI0          111   1 240  38   0   0   -0.04    0.54   -1.0    1.1    0.13
  368 PI0          111   1 240  38   0   0    0.42    0.18   -0.7    0.9    0.13
  369 RHO+         213 198 242  11 439 440    0.00   -0.29  677.1  677.1    0.77
  370 PI0          111   1 242  11   0   0   -0.25    0.29  820.1  820.1    0.13
  371 PI+          211   1 249  11   0   0   -0.14   -0.14   69.7   69.7    0.14
  372 PI-         -211   1 249  11   0   0    0.27    0.15  511.4  511.4    0.14
  373 PI+          211   1 251  22   0   0    6.65   -8.87   -8.2   13.8    0.14
  374 PI-         -211   1 251  22   0   0   17.88  -22.41  -22.1   36.2    0.14
  375 PI-         -211   1 252  22   0   0    0.85   -0.93   -1.3    1.8    0.14
  376 PI0          111   1 252  22   0   0    2.75   -3.25   -2.8    5.1    0.13
  377 RHO+         213 198 253  22 441 442    6.92   -4.40   -6.5   10.5    0.77
  378 PI0          111   1 253  22   0   0    1.60   -0.84   -1.0    2.1    0.13
  379 K*_0BAR0  -10311 198 254  22 443 444    2.05    0.09   -2.9    3.8    1.43
  380 PI-         -211   1 254  22   0   0    0.20    0.00   -0.3    0.4    0.14
  381 P           2212   1 256  38   0   0    0.27    0.23   -1.1    1.5    0.94
  382 PI0          111   1 256  38   0   0    0.22    0.19   -0.2    0.4    0.13
  383 NBAR       -2112   1 257  38   0   0   -0.45    0.45   -1.5    1.9    0.94
  384 PI-         -211   1 257  38   0   0    0.15    0.06   -0.1    0.2    0.14
  385 PI-         -211   1 258  38   0   0    0.00    0.47   -0.9    1.1    0.14
  386 PI0          111   1 258  38   0   0   -0.15   -0.25   -0.6    0.7    0.13
  387 OMEGA        223 198 260  38 445 447   -0.38    0.62   -1.8    2.1    0.78
  388 PI0          111   1 260  38   0   0    0.11    0.74   -0.8    1.1    0.13
  389 PI+          211   1 263  38   0   0    0.26   -0.28   -2.4    2.4    0.14
  390 PI-         -211   1 263  38   0   0    0.60    0.44   -4.3    4.3    0.14
  391 P           2212   1 264  22   0   0    4.15    0.47   -5.3    6.8    0.94
  392 PI-         -211   1 264  22   0   0    1.18    0.13   -1.3    1.8    0.14
  393 LAMBDABR   -3122 198 265  22 448 449    0.99    0.41   -2.2    2.7    1.12
  394 PI0          111   1 265  22   0   0    0.18    0.13   -0.1    0.3    0.13
  395 D*0          423 198 302 268 450 451 -128.63  167.71  -69.7  222.6    2.01
  396 PI0          111   1 302 268   0   0  -32.90   42.44  -18.1   56.7    0.13
  397 PI+          211   1 304 268   0   0   -1.72    2.57   -0.8    3.2    0.14
  398 PI-         -211   1 304 268   0   0   -4.12    5.23   -1.7    6.9    0.14
  399 PI0          111   1 304 268   0   0   -2.61    3.28   -1.4    4.4    0.13
  400 ETA          221 198 305 268 452 453  -10.90   12.75   -4.6   17.4    0.55
  401 PI0          111   1 305 268   0   0  -13.73   17.78   -6.5   23.4    0.13
  402 K*+          323 198 306 268 454 455   -4.22    4.54   -1.9    6.6    0.89
  403 PI-         -211   1 306 268   0   0   -3.88    4.97   -1.6    6.5    0.14
  404 KBAR0       -311 198 307 268 456 456   -0.70    1.23    0.1    1.5    0.50
  405 PI-         -211   1 307 268   0   0   -1.38    1.57   -0.0    2.1    0.14
  406 P           2212   1 308 273   0   0   -2.28   -1.06    0.4    2.7    0.94
  407 PI-         -211   1 308 273   0   0   -0.66   -0.57   -0.1    0.9    0.14
  408 NBAR       -2112   1 309 273   0   0   -2.96   -0.80    0.3    3.2    0.94
  409 PI0          111   1 309 273   0   0   -0.79    0.06    0.2    0.8    0.13
  410 K*_0+      10321 198 311 273 457 458   -4.50   -1.52   -0.2    5.0    1.43
  411 PI-         -211   1 311 273   0   0   -0.51   -0.17   -0.0    0.6    0.14
  412 KBAR0       -311 198 312 273 459 459   -1.23   -0.47   -0.6    1.5    0.50
  413 PI-         -211   1 312 273   0   0   -0.25    0.15    0.0    0.3    0.14
  414 K-          -321   1 314 273   0   0   -3.18   -0.21   -3.4    4.7    0.49
  415 PI+          211   1 314 273   0   0   -0.29    0.19    0.0    0.4    0.14
  416 K_L0         130   1 315 273   0   0   -0.34   -0.15   -0.5    0.8    0.50
  417 PI-         -211   1 317 273   0   0   -0.97    0.03   -1.1    1.5    0.14
  418 PI-         -211   1 317 273   0   0   -0.78   -0.07   -1.0    1.3    0.14
  419 PI-         -211   1 317 273   0   0   -2.09    0.28   -2.4    3.2    0.14
  420 PI+          211   1 317 273   0   0   -0.42    0.12   -0.5    0.7    0.14
  421 RHO+         213 198 317 273 460 461   -6.73    0.14   -9.5   11.7    0.77
  422 GAMMA         22   1 318  11   0   0   -0.01   -0.12    5.7    5.7    0.00
  423 GAMMA         22   1 318  11   0   0   -0.94    0.30   73.6   73.6    0.00
  424 PI+          211   1 322  11   0   0   -0.40   -0.08   73.1   73.1    0.14
  425 PI0          111   1 322  11   0   0    0.23   -0.43   85.4   85.4    0.13
  426 PI+          211   1 335  22   0   0    7.52   -5.09   -7.5   11.8    0.14
  427 PI-         -211   1 335  22   0   0    0.45   -0.19   -0.4    0.6    0.14
  428 K0           311 198 337  22 462 462    2.08   -0.07   -2.3    3.1    0.50
  429 RHO0         113 198 337  22 463 464    1.06   -0.07   -1.3    1.8    0.77
  430 K+           321   1 340  22   0   0    0.43   -0.23   -1.4    1.5    0.49
  431 PI0          111   1 340  22   0   0    0.39   -0.02   -0.2    0.5    0.13
  432 PI-         -211   1 343  38   0   0    3.11    1.17   -4.0    5.2    0.14
  433 PI0          111   1 343  38   0   0    0.15    0.01   -0.4    0.5    0.13
  434 ETA          221 198 345  38 465 467    2.48    0.49   -2.8    3.8    0.55
  435 PI+          211   1 345  38   0   0    1.47    0.43   -1.0    1.8    0.14
  436 PI+          211   1 366  38   0   0    0.22   -0.02   -0.6    0.6    0.14
  437 PI-         -211   1 366  38   0   0    0.76    0.22   -1.2    1.5    0.14
  438 PI0          111   1 366  38   0   0    0.29    0.23   -0.2    0.5    0.13
  439 PI+          211   1 369  11   0   0   -0.12   -0.50  524.2  524.2    0.14
  440 PI0          111   1 369  11   0   0    0.12    0.20  152.9  152.9    0.13
  441 PI+          211   1 377  22   0   0    3.51   -2.24   -2.8    5.0    0.14
  442 PI0          111   1 377  22   0   0    3.42   -2.16   -3.6    5.4    0.13
  443 K-          -321   1 379  22   0   0    0.88    0.41   -2.1    2.4    0.49
  444 PI+          211   1 379  22   0   0    1.17   -0.31   -0.8    1.4    0.14
  445 PI+          211   1 387  38   0   0   -0.28    0.42   -0.8    1.0    0.14
  446 PI-         -211   1 387  38   0   0   -0.03    0.11   -0.9    0.9    0.14
  447 PI0          111   1 387  38   0   0   -0.06    0.09   -0.1    0.2    0.13
  448 PBAR       -2212   1 393  22   0   0    0.93    0.44   -1.9    2.4    0.94
  449 PI+          211   1 393  22   0   0    0.06   -0.02   -0.3    0.3    0.14
  450 D0           421 198 395 268 468 470 -111.22  145.02  -60.3  192.5    1.86
  451 GAMMA         22   1 395 268   0   0  -17.41   22.69   -9.5   30.1    0.00
  452 GAMMA         22   1 400 268   0   0   -7.15    8.49   -3.3   11.6    0.00
  453 GAMMA         22   1 400 268   0   0   -3.75    4.26   -1.3    5.8    0.00
  454 K+           321   1 402 268   0   0   -3.05    3.54   -1.2    4.9    0.49
  455 PI0          111   1 402 268   0   0   -1.17    1.00   -0.7    1.7    0.13
  456 K_S0         310 198 404 268 471 472   -0.70    1.23    0.1    1.5    0.50
  457 K0           311 198 410 273 473 473   -1.25   -0.32    0.4    1.4    0.50
  458 PI+          211   1 410 273   0   0   -3.25   -1.20   -0.6    3.5    0.14
  459 K_L0         130   1 412 273   0   0   -1.23   -0.47   -0.6    1.5    0.50
  460 PI+          211   1 421 273   0   0   -5.03   -0.18   -7.3    8.9    0.14
  461 PI0          111   1 421 273   0   0   -1.69    0.32   -2.2    2.8    0.13
  462 K_S0         310 198 428  22 474 475    2.08   -0.07   -2.3    3.1    0.50
  463 PI+          211   1 429  22   0   0    0.73   -0.33   -1.1    1.3    0.14
  464 PI-         -211   1 429  22   0   0    0.33    0.26   -0.2    0.5    0.14
  465 PI+          211   1 434  38   0   0    0.33    0.07   -0.4    0.6    0.14
  466 PI-         -211   1 434  38   0   0    0.91    0.20   -0.8    1.3    0.14
  467 PI0          111   1 434  38   0   0    1.24    0.22   -1.5    2.0    0.13
  468 NU_E          12   1 450 268   0   0  -29.03   38.06  -15.5   50.3    0.00
  469 E+           -11   1 450 268   0   0  -27.28   36.06  -14.4   47.5    0.00
  470 K-          -321   1 450 268   0   0  -54.91   70.90  -30.3   94.7    0.49
  471 PI0          111   1 456 268   0   0   -0.36    0.97    0.2    1.1    0.13
  472 PI0          111   1 456 268   0   0   -0.34    0.27   -0.0    0.5    0.13
  473 K_S0         310 198 457 273 476 477   -1.25   -0.32    0.4    1.4    0.50
  474 PI0          111   1 462  22   0   0    1.76   -0.01   -1.7    2.5    0.13
  475 PI0          111   1 462  22   0   0    0.32   -0.07   -0.6    0.7    0.13
  476 PI+          211   1 473 273   0   0   -0.57   -0.17    0.4    0.7    0.14
  477 PI-         -211   1 473 273   0   0   -0.68   -0.15    0.0    0.7    0.14

 HWWARN CALLED FROM SUBPROGRAM HWDFOR: CODE = 101
 EVENT    1023:   SEEDS =  685498256 & 1859446218  WEIGHT = 0.5933E-03
 EVENT KILLED.   EXECUTION CONTINUES

 HWWARN CALLED FROM SUBPROGRAM HWDFIV: CODE = 101
 EVENT    4065:   SEEDS = 1687241245 & 1487479339  WEIGHT =-0.5933E-03
 EVENT KILLED.   EXECUTION CONTINUES

 HWWARN CALLED FROM SUBPROGRAM HWDFIV: CODE = 101
 EVENT    4623:   SEEDS =  858733837 & 1913497152  WEIGHT =-0.5933E-03
 EVENT KILLED.   EXECUTION CONTINUES

 HWWARN CALLED FROM SUBPROGRAM HWBTIM: CODE = 101
 EVENT    9416:   SEEDS = 1729793051 & 2087103181  WEIGHT = 0.5933E-03
 EVENT KILLED.   EXECUTION CONTINUES

          OUTPUT ON LES HOUCHES EVENTS


      PROC CODE  XSECT(pb)        XERR(pb)      Max wgt(nb) No. of events


          OUTPUT ON ELEMENTARY PROCESS

          N.B. NEGATIVE WEIGHTS ALLOWED

          NUMBER OF EVENTS   =        9996
          NEGATIVE  EVENTS   =        2589
          NUMBER OF WEIGHTS  =       10000
          NEGATIVE  WEIGHTS  =        2591
          MEAN VALUE OF WGT  =  2.8584E-04
          RMS SPREAD IN WGT  =  5.1988E-04
          MEAN ABS WEIGHT    =  5.9327E-04
          ACTUAL MAX ABS WGT =  1.0000E+00
          ASSUMED MAXABS WGT =  2.8584E-04

          PROCESS CODE IPROC =      -18000
          CROSS SECTION (PB) =  0.2858    
          ERROR IN C-S  (PB) =  5.1988E-03
          EFFICIENCY PERCENT =   100.0    
 # of events processed=        9996
