 Enter filename for events
 Enter maximum number of events to generate
 MUST coincide with the number of events on tape
 Enter 0 to use Herwig default PDFs
       1 to use PDFs from library
 Enter colliding particles (PART1, PART2)
 Enter beam momenta (PBEAM1, PBEAM2)


          HERWIG 6.521  11th Mar. 2013

          Please reference:  G. Marchesini, B.R. Webber,
          G.Abbiendi, I.G.Knowles, M.H.Seymour & L.Stanco
          Computer Physics Communications 67 (1992) 465
                             and
          G.Corcella, I.G.Knowles, G.Marchesini, S.Moretti,
          K.Odagiri, P.Richardson, M.H.Seymour & B.R.Webber,
          JHEP 0101 (2001) 010
 Enter .TRUE. for underlying event, .FALSE. otherwise

 Underlying event WILL NOT be generated

 Enter Lambda_QCD, <0 for Herwig default
 Enter Z mass, width
 Enter W mass, width
 Enter top mass, width
 Enter Higgs (SM) boson mass, width
 Enter quark (d,u,s,c,b) and gluon masses
 Enter lepton (e,mu,tau) masses
 Enter number of events to print
 Enter accepted error fraction
 Is it single-top (.TRUE. or .FALSE)?
 Is it b-bbar (.TRUE. or .FALSE)?
 Enter the two random seeds (0 0 for default)

          INPUT CONDITIONS FOR THIS RUN

          BEAM 1 (P       ) MOM. =   6500.00
          BEAM 2 (P       ) MOM. =   6500.00
          PROCESS CODE (IPROC)   =  -18000
          NUMBER OF FLAVOURS     =    6
          STRUCTURE FUNCTION SET =    8
          AZIM SPIN CORRELATIONS =    T
          AZIM SOFT CORRELATIONS =    T
          QCD LAMBDA (GEV)       =    0.1800
          DOWN     QUARK  MASS   =    0.3200
          UP       QUARK  MASS   =    0.3200
          STRANGE  QUARK  MASS   =    0.5000
          CHARMED  QUARK  MASS   =    1.5500
          BOTTOM   QUARK  MASS   =    4.9500
          TOP      QUARK  MASS   =  173.0000
          GLUON EFFECTIVE MASS   =    0.7500
          EXTRA SHOWER CUTOFF (Q)=    0.4800
          EXTRA SHOWER CUTOFF (G)=    0.1000
          PHOTON SHOWER CUTOFF   =    0.4000
          CLUSTER MASS PARAMETER =    3.3500
          SPACELIKE EVOLN CUTOFF =    2.5000
          INTRINSIC P-TRAN (RMS) =    0.0000
          DECAY SPIN CORRELATIONS=    T
          SUSY THREE BODY ME     =    T
          SUSY FOUR  BODY ME     =    F

          NO EVENTS WILL BE WRITTEN TO DISK

          B_d: Delt-M/Gam =0.7000 Delt-Gam/2*Gam =0.0000
          B_s: Delt-M/Gam = 10.00 Delt-Gam/2*Gam =0.2000

          PDFLIB NOT USED FOR BEAM 1
          PDFLIB NOT USED FOR BEAM 2


          Checking consistency of particle properties


          Checking consistency of decay tables


          WRITING SUDAKOV TABLE ON UNIT  77

          WRITING MATRIX ELEMENT TABLE ON UNIT  88

          CHECKING SUSY DECAY MATRIX ELEMENTS
 Do you want a stable Pi0 (.TRUE. or .FALSE)?
 Do you want a stable W+ (.TRUE. or .FALSE)?
 Do you want a stable W- (.TRUE. or .FALSE)?
 Do you want a stable Z0 (.TRUE. or .FALSE)?
 Do you want a stable Tau+ (.TRUE. or .FALSE)?
 Do you want a stable Tau- (.TRUE. or .FALSE)?
 Do you want a stable Mu+ (.TRUE. or .FALSE)?
 Do you want a stable Mu- (.TRUE. or .FALSE)?
 Do you want a stable Higgs (.TRUE. or .FALSE)?

          PARTICLE TYPE  21=PI0      SET STABLE
 How many decay modes do you want to set?
 How are the events normalized ("average" or "sum")?
 stdhep initialized

          SUBROUTINE TIMEL CALLED BUT NOT LINKED.
          DUMMY TIMEL WILL BE USED. DELETE DUMMY
          AND LINK CERNLIB FOR CPU TIME REMAINING.

 HWWARN CALLED FROM SUBPROGRAM HWSMRS: CODE =   5
 EVENT       1:   SEEDS = 1973774260 & 1099242306  WEIGHT = 0.5966E-03
 EVENT SURVIVES. EXECUTION CONTINUES
 WARNING: MRST98 CALLED WITH Q OUTSIDE ALLOWED RANGE!
 Q VALUE=1.430E+04, MINIMUM=1.118E+00, MAXIMUM=3.162E+03
 NO FURTHER WARNINGS WILL BE ISSUED



 EVENT       1: 6500.00 GEV/C P        ON  6500.00 GEV/C P        PROCESS:-18000
 SEEDS:  1973774260 &  1099242306   STATUS:  100 ERROR:   0  WEIGHT:  5.9663E-04


                               ---INITIAL STATE---    

 IHEP    ID      IDPDG IST MO1 MO2 DA1 DA2   P-X     P-Y     P-Z  ENERGY    MASS
    1 P           2212 101   0   0   0   0    0.00    0.00 6500.0 6500.0    0.94
    2 P           2212 102   0   0   0   0    0.00    0.00-6500.0 6500.0    0.94
    3 CMF            0 103   1   2   0   0    0.00    0.00    0.013000.013000.00

                              ---HARD SUBPROCESS---   

 IHEP    ID      IDPDG IST MO1 MO2 DA1 DA2   P-X     P-Y     P-Z  ENERGY    MASS
    4 DQRK           1 121   6   8  10   9    0.00    0.00  461.7  461.7    0.32
    5 UQRK           2 122   6   9  14   8   -0.00   -0.00-1559.3 1559.3    0.32
    6 HARD           0 120   4   5   7   9    0.91  -12.64-1097.6 2021.0 1696.93
    7 HIGGS         25 123   6   7  20   7    2.72 -213.72 -149.0  289.0  125.00
    8 DQRK           1 124   6   5  21   4  -88.41  126.05-1326.1 1335.0    0.32
    9 UQRK           2 124   6   4  30   5   85.69   87.67  377.5  396.9    0.32

                              ---PARTON SHOWERS---    

 IHEP    ID      IDPDG IST MO1 MO2 DA1 DA2   P-X     P-Y     P-Z  ENERGY    MASS
   10 DQRK          94 141   4   6  12  13    2.00    2.60  461.9  461.9   -4.31
   11 CONE           0 100   4   9   0   0    0.70    0.72    2.3    2.5    0.00
   12 GLUON         21   2  10  13  35  36   -2.00   -2.60  662.0  662.0    0.75
   13 UU          2203   2  10  23  37  36    0.00    0.00 5376.1 5376.1    0.32
   14 UQRK          94 142   5   6  16  19   -1.10  -15.23-1559.6 1559.1  -41.07
   15 CONE           0 100   5   8   0   0   -0.57    0.82   -6.4    6.5    0.00
   16 GLUON         21   2  14  17  38  39   -0.03    7.02 -109.0  109.2    0.75
   17 GLUON         21   2  14  18  40  41    1.28    7.06 -115.6  115.9    0.75
   18 GLUON         21   2  14  19  42  43   -0.16    1.16  -73.2   73.2    0.75
   19 UD          2101   2  14  32  44  43    0.00    0.00-4642.6 4642.6    0.30
   20 HIGGS         25 195   7   6 165 166    2.85 -215.37 -149.0  290.2  125.00
   21 DQRK          94 144   8   6  23  29  -87.75  117.61-1325.9 1334.6   40.44
   22 CONE           0 100   8   5   0   0    0.21   -0.29   -5.9    5.9    0.00
   23 DQRK           1   2  21  24  45  37  -34.25   63.05 -591.1  595.4    0.32
   24 GLUON         21   2  21  25  46  47  -11.68   23.06 -181.1  182.9    0.75
   25 GLUON         21   2  21  26  48  49   -9.55    8.38 -126.3  126.9    0.75
   26 GLUON         21   2  21  27  50  51  -17.10   13.18 -231.8  232.8    0.75
   27 GLUON         21   2  21  28  52  53   -8.86    6.86 -106.5  107.0    0.75
   28 GLUON         21   2  21  29  54  55   -4.98    2.36  -64.6   64.9    0.75
   29 GLUON         21   2  21  38  56  57   -1.33    0.71  -24.5   24.5    0.75
   30 UQRK          94 144   9   6  32  34   85.81   85.12  377.2  396.2   10.71
   31 CONE           0 100   9   4   0   0   -0.25   -0.25    2.2    2.2    0.00
   32 UQRK           2   2  30  33  58  44   73.17   72.76  316.3  332.7    0.32
   33 GLUON         21   2  30  34  59  60    4.96    7.10   26.8   28.2    0.75
   34 GLUON         21   2  30  35  61  62    7.69    5.27   34.1   35.3    0.75

                              ---GLUON SPLITTING---   

 IHEP    ID      IDPDG IST MO1 MO2 DA1 DA2   P-X     P-Y     P-Z  ENERGY    MASS
   35 DBAR          -1 158  10  36 109  80   -0.16   -0.24   66.2   66.2    0.32
   36 DQRK           1 158  10  67  87  35   -0.89   -1.03  260.2  260.2    0.32
   37 UU          2203 161  10  45 101  64   -0.01   -0.02 3227.9 3227.9    0.64
   38 UBAR          -2 158  14  39  97  57    0.04    3.21  -52.8   52.9    0.32
   39 UQRK           2 158  14  40  88  38   -0.07    3.81  -56.2   56.3    0.32
   40 UBAR          -2 158  14  41  88  39    0.41    2.94  -45.8   45.9    0.32
   41 UQRK           2 158  14  42  89  40    0.87    4.11  -69.9   70.0    0.32
   42 DBAR          -1 158  14  43  89  41    0.07    0.34  -21.2   21.2    0.32
   43 DQRK           1 158  14  65  90  42   -0.21    0.76  -49.0   49.0    0.32
   44 UD          2101 162  14  58 102  66   -0.00    0.00-4138.8 4138.8    0.64
   45 DQRK           1 158  21  69  91  37  -14.24   26.22 -245.7  247.5    0.32
   46 UBAR          -2 158  21  47 104  70   -2.55    5.15  -40.6   41.0    0.32
   47 UQRK           2 158  21  73  92  46   -5.36   10.45  -82.3   83.2    0.32
   48 DBAR          -1 158  21  49 105  72   -4.27    3.76  -57.0   57.3    0.32
   49 DQRK           1 158  21  50  93  48   -2.58    2.28  -33.4   33.6    0.32
   50 UBAR          -2 158  21  51  93  49  -11.94    9.05 -160.3  161.0    0.32
   51 UQRK           2 158  21  52  94  50   -5.16    4.14  -71.6   71.9    0.32
   52 UBAR          -2 158  21  53  94  51   -3.51    2.94  -42.9   43.2    0.32
   53 UQRK           2 158  21  54  95  52   -5.35    3.93  -63.5   63.9    0.32
   54 UBAR          -2 158  21  55  95  53   -2.32    0.89  -29.3   29.4    0.32
   55 UQRK           2 158  21  56  96  54   -2.66    1.47  -35.3   35.4    0.32
   56 UBAR          -2 158  21  57  96  55   -0.92    0.43  -17.8   17.9    0.32
   57 UQRK           2 158  21  38  97  56   -0.41    0.27   -6.7    6.7    0.32
   58 UQRK           2 158  30  59  98  44   73.17   72.76  316.3  332.7    0.32
   59 DBAR          -1 158  30  60  98  58    1.47    1.98    8.0    8.3    0.32
   60 DQRK           1 158  30  61  99  59    3.49    5.12   18.8   19.8    0.32
   61 DBAR          -1 158  30  62  99  60    5.05    3.31   22.4   23.2    0.32
   62 DQRK           1 158  30  77 100  61    1.15    0.86    5.3    5.5    0.32
   63 DBAR          -1 159  10  64 103  68   -0.01   -0.01 1509.5 1509.5    0.32
   64 DQRK           1 159  10  37 101  63   -0.04   -0.05  306.6  306.6    0.32
   65 DBAR          -1 159  14  66  90  43   -0.01    0.05 -111.5  111.5    0.32
   66 DQRK           1 159  14  44 102  65   -0.00    0.01 -395.4  395.4    0.32
   67 DBAR          -1 159  10  68  87  36   -0.04   -0.05  314.2  314.2    0.32
   68 DQRK           1 159  10  63 103  67   -0.29   -0.33  121.6  121.6    0.32
   69 SBAR          -3 159  21  70  91  45   -5.15    9.55  -88.3   89.0    0.50
   70 SQRK           3 159  21  46 104  69  -15.28   28.16 -263.6  265.6    0.50
   71 SBAR          -3 159  21  72 106  74   -1.52    1.59  -20.8   20.9    0.50
   72 SQRK           3 159  21  48 105  71   -1.76    3.23  -26.7   27.0    0.50
   73 SBAR          -3 159  21  74  92  47   -1.29    1.48  -17.8   18.0    0.50
   74 SQRK           3 159  21  71 106  73   -1.48    2.61  -22.2   22.4    0.50
   75 SBAR          -3 159  10  76 108  78   -0.08   -0.13   39.3   39.3    0.50
   76 SQRK           3 159  30  83 107  75    0.51    0.37    3.6    3.7    0.50
   77 DBAR          -1 159  10  78 100  62    0.01   -0.01    8.7    8.7    0.32
   78 DQRK           1 159  30  75 108  77    0.22    0.16    2.3    2.3    0.32
   79 DBAR          -1 159  10  80 112  86   -0.20   -0.31   83.6   83.6    0.32
   80 DQRK           1 159  30  35 109  79    0.12    0.08    2.8    2.9    0.32
   81 UBAR          -2 159  10  82 111  84   -0.09   -0.14   38.9   38.9    0.32
   82 UQRK           2 159  30  85 110  81    0.31    0.23    2.3    2.3    0.32
   83 DBAR          -1 159  10  84 107  76   -0.02   -0.04   15.8   15.8    0.32
   84 DQRK           1 159  30  81 111  83    0.17    0.12    2.4    2.5    0.32
   85 UBAR          -2 159  10  86 110  82   -0.07   -0.12   33.1   33.1    0.32
   86 UQRK           2 159  30  79 112  85    0.04    0.02    5.4    5.4    0.32

                             ---CLUSTER FORMATION---  

 IHEP    ID      IDPDG IST MO1 MO2 DA1 DA2   P-X     P-Y     P-Z  ENERGY    MASS
   87 CLUS          91 183  36  67 113 114   -0.93   -1.08  574.4  574.4    1.58
   88 CLUS          91 183  39  40 115 116    0.34    6.75 -102.0  102.2    0.84
   89 CLUS          91 183  41  42 117 118    0.94    4.45  -91.0   91.2    1.85
   90 CLUS          91 183  43  65 119 120   -0.22    0.80 -160.5  160.5    1.34
   91 CLUS          91 183  45  69 121 122  -19.39   35.77 -334.0  336.5    1.06
   92 CLUS          91 183  47  73 123 124   -6.65   11.93 -100.2  101.1    2.11
   93 CLUS          91 183  49  50 125 126  -14.52   11.33 -193.7  194.6    1.23
   94 CLUS          91 183  51  52 127 128   -8.67    7.08 -114.5  115.0    1.03
   95 CLUS          91 183  53  54 129 130   -7.67    4.82  -92.9   93.3    1.54
   96 CLUS          91 183  55  56 131 132   -3.58    1.91  -53.1   53.3    1.00
   97 CLUS          91 183  57  38 133 134   -0.37    3.48  -59.4   59.6    1.60
   98 CLUS          91 183  58  59 135 136   74.64   74.74  324.3  341.1    3.25
   99 CLUS          91 183  60  61 137 138    8.53    8.43   41.3   43.1    2.73
  100 CLUS          91 183  62  77 139 140    1.17    0.85   14.0   14.2    1.93
  101 CLUS          91 184  64  37 141 142   -0.05   -0.06 3534.5 3534.5    1.29
  102 CLUS          91 185  66  44 143 144   -0.00    0.02-4534.2 4534.2    1.27
  103 CLUS          91 183  68  63 145 146   -0.30   -0.34 1631.2 1631.2    1.98
  104 CLUS          91 183  70  46 147 148  -17.83   33.31 -304.2  306.5    2.37
  105 CLUS          91 183  72  48 149 150   -6.04    6.99  -83.7   84.2    2.37
  106 CLUS          91 183  74  71 151 152   -3.00    4.21  -43.0   43.3    1.34
  107 CLUS          91 183  76  83 153 154    0.49    0.33   19.4   19.5    1.80
  108 CLUS          91 183  78  75 155 156    0.14    0.03   41.5   41.6    1.87
  109 CLUS          91 183  80  35 157 158   -0.04   -0.16   69.1   69.1    1.78
  110 CLUS          91 183  82  85 159 160    0.24    0.11   35.4   35.4    1.96
  111 CLUS          91 183  84  81 161 162    0.08   -0.02   41.4   41.4    1.60
  112 CLUS          91 183  86  79 163 164   -0.15   -0.29   89.0   89.0    1.37

                              ---CLUSTER DECAYS---    

 IHEP    ID      IDPDG IST MO1 MO2 DA1 DA2   P-X     P-Y     P-Z  ENERGY    MASS
  113 PI-         -211   1  87  10   0   0   -0.76   -1.37  533.5  533.5    0.14
  114 PI+          211   1  87  10   0   0   -0.17    0.29   40.9   40.9    0.14
  115 PI+          211   1  88  14   0   0   -0.15    0.81  -10.7   10.7    0.14
  116 PI-         -211   1  88  14   0   0    0.49    5.93  -91.3   91.5    0.14
  117 PI+          211   1  89  14   0   0    0.52    0.74  -22.7   22.7    0.14
  118 FL_1       20223 197  89  14 228 230    0.42    3.71  -68.3   68.4    1.28
  119 PI-         -211   1  90  14   0   0   -0.25    0.67  -53.8   53.8    0.14
  120 RHO+         213 197  90  14 231 232    0.03    0.14 -106.7  106.7    0.77
  121 PI-         -211   1  91  21   0   0  -14.80   27.24 -255.4  257.3    0.14
  122 K+           321   1  91  21   0   0   -4.59    8.52  -78.6   79.2    0.49
  123 PI0          111   1  92  21   0   0   -6.28   11.10  -90.7   91.6    0.13
  124 K+           321   1  92  21   0   0   -0.37    0.83   -9.5    9.5    0.49
  125 PI-         -211   1  93  21   0   0   -9.64    8.11 -135.5  136.1    0.14
  126 PI0          111   1  93  21   0   0   -4.87    3.22  -58.1   58.4    0.13
  127 PI+          211   1  94  21   0   0   -1.71    1.17  -21.7   21.8    0.14
  128 RHO-        -213 197  94  21 233 234   -6.96    5.90  -92.7   93.2    0.77
  129 B_1+       10213 197  95  21 235 236   -6.67    4.36  -83.4   83.7    1.23
  130 PI-         -211   1  95  21   0   0   -1.00    0.45   -9.5    9.6    0.14
  131 RHO+         213 197  96  21 237 238   -2.77    1.66  -42.4   42.5    0.77
  132 PI-         -211   1  96  21   0   0   -0.81    0.25  -10.7   10.8    0.14
  133 PI+          211   1  97  21   0   0   -0.02    0.77   -8.4    8.4    0.14
  134 B_1-      -10213 197  97  21 239 240   -0.35    2.71  -51.1   51.1    1.23
  135 K*+          323 197  98  30 241 242   49.25   49.03  213.1  224.1    0.89
  136 KD_3BAR0    -317 197  98  30 243 244   25.39   25.71  111.2  116.9    1.77
  137 DELTA+      2214 197  99  30 245 246    6.65    6.02   28.7   30.1    1.23
  138 PBAR       -2212   1  99  30   0   0    1.88    2.40   12.5   12.9    0.94
  139 B_1-      -10213 197 100  30 247 248    0.74    0.94    7.7    7.9    1.23
  140 PI+          211   1 100  30   0   0    0.42   -0.09    6.3    6.3    0.14
  141 PI0          111   1 101  10   0   0   -0.08   -0.08  143.8  143.8    0.13
  142 P           2212   1 101  10   0   0    0.03    0.01 3390.7 3390.7    0.94
  143 PI0          111   1 102  14   0   0   -0.17    0.19 -797.7  797.7    0.13
  144 N           2112   1 102  14   0   0    0.17   -0.17-3736.5 3736.5    0.94
  145 N           2112   1 103  10   0   0    0.13   -0.11  680.2  680.2    0.94
  146 NBAR       -2112   1 103  10   0   0   -0.43   -0.23  950.9  950.9    0.94
  147 KD_3-       -327 197 104  21 249 250  -10.40   19.82 -179.0  180.4    1.77
  148 PI0          111   1 104  21   0   0   -7.43   13.50 -125.2  126.2    0.13
  149 SIGMA*+     3224 197 105  21 251 252   -3.97    4.37  -51.8   52.2    1.38
  150 PBAR       -2212   1 105  21   0   0   -2.07    2.62  -31.9   32.1    0.94
  151 KBAR0       -311 197 106  21 253 253   -2.59    3.44  -34.8   35.1    0.50
  152 K0           311 197 106  21 254 254   -0.41    0.76   -8.2    8.2    0.50
  153 K*BAR0      -313 197 107  30 255 256    0.73    0.15    7.8    7.9    0.90
  154 PI0          111   1 107  30   0   0   -0.25    0.18   11.6   11.6    0.13
  155 OMEGA        223 197 108  30 257 259    0.11    0.16   28.3   28.3    0.78
  156 K*0          313 197 108  30 260 261    0.04   -0.13   13.2   13.3    0.90
  157 ETA          221 197 109  30 262 263   -0.12    0.68   43.0   43.0    0.55
  158 PI0          111   1 109  30   0   0    0.08   -0.84   26.1   26.1    0.13
  159 A_0(H)+    10211 197 110  30 264 265   -0.11    0.24   31.4   31.4    1.47
  160 PI-         -211   1 110  30   0   0    0.35   -0.14    4.0    4.0    0.14
  161 OMEGA        223 197 111  30 266 268    0.15    0.12   23.7   23.7    0.78
  162 RHO-        -213 197 111  30 269 270   -0.07   -0.14   17.7   17.7    0.77
  163 PI+          211   1 112  30   0   0   -0.18   -0.52   45.4   45.4    0.14
  164 OMEGA        223 197 112  30 271 273    0.03    0.23   43.6   43.6    0.78

                            ---H/W/Z BOSON DECAYS---  

 IHEP    ID      IDPDG IST MO1 MO2 DA1 DA2   P-X     P-Y     P-Z  ENERGY    MASS
  165 BQRK           5 123  20 166 167 166  -41.81 -182.69 -139.8  233.9    4.95
  166 BBAR          -5 124  20 165 173 165   44.65  -32.68   -9.1   56.3    4.95

                              ---PARTON SHOWERS---    

 IHEP    ID      IDPDG IST MO1 MO2 DA1 DA2   P-X     P-Y     P-Z  ENERGY    MASS
  167 BQRK          94 143 165  20 169 172  -37.50 -174.37 -132.7  223.9   26.48
  168 CONE           0 100 165 166   0   0    0.77   -1.14   -0.6    1.5    0.00
  169 BQRK           5   2 167 170 179 178  -30.20 -135.77 -104.7  174.2    4.95
  170 GLUON         21   2 167 171 180 181   -7.09  -19.90  -19.6   28.9    0.75
  171 GLUON         21   2 167 172 182 183   -1.53  -15.22   -6.6   16.7    0.75
  172 GLUON         21   2 167 175 184 185    1.32   -3.49   -1.7    4.2    0.75
  173 BBAR          94 144 166  20 175 178   40.35  -41.00  -16.2   66.3   28.66
  174 CONE           0 100 166 165   0   0   -0.91   -0.26   -0.5    1.0    0.00
  175 GLUON         21   2 173 176 186 187    1.52   -0.46   -1.6    2.4    0.75
  176 GLUON         21   2 173 177 188 189   25.13   -8.06   -4.7   26.8    0.75
  177 GLUON         21   2 173 178 190 191    1.42   -4.40   -0.9    4.8    0.75
  178 BBAR          -5   2 173 179 192 191   12.27  -28.08   -9.0   32.3    4.95

                              ---GLUON SPLITTING---   

 IHEP    ID      IDPDG IST MO1 MO2 DA1 DA2   P-X     P-Y     P-Z  ENERGY    MASS
  179 BQRK           5 158 167 193 199 192  -27.49 -123.02  -95.1  158.0    4.95
  180 UBAR          -2 158 167 181 206 194   -1.12   -3.61   -3.4    5.1    0.32
  181 UQRK           2 158 167 195 200 180   -4.45  -12.15  -12.0   17.7    0.32
  182 DBAR          -1 158 167 183 207 196   -0.41   -5.43   -2.3    5.9    0.32
  183 DQRK           1 158 167 184 201 182   -1.05   -8.89   -4.0    9.8    0.32
  184 DBAR          -1 158 167 185 201 183    1.06   -2.56   -1.3    3.1    0.32
  185 DQRK           1 158 167 186 202 184    0.27   -0.93   -0.5    1.1    0.32
  186 UBAR          -2 158 173 187 202 185    0.35   -0.16   -0.5    0.7    0.32
  187 UQRK           2 158 173 188 203 186    1.17   -0.29   -1.0    1.6    0.32
  188 DBAR          -1 158 173 189 203 187   18.14   -5.90   -3.5   19.4    0.32
  189 DQRK           1 158 173 197 204 188    3.90   -1.22   -0.7    4.2    0.32
  190 UBAR          -2 158 173 191 208 198    0.37   -1.60   -0.3    1.7    0.32
  191 UQRK           2 158 173 192 205 190    0.98   -2.43   -0.5    2.7    0.32
  192 BBAR          -5 158 173 179 205 191   12.27  -28.08   -9.0   32.3    4.95
  193 SBAR          -3 159 167 194 199 179   -1.38   -5.33   -4.5    7.1    0.50
  194 SQRK           3 159 167 180 206 193   -2.24   -9.88   -7.7   12.7    0.50
  195 UBAR          -2 159 167 196 200 181   -0.29   -1.21   -0.9    1.6    0.32
  196 UQRK           2 159 167 182 207 195   -0.39   -1.36   -1.1    1.8    0.32
  197 DBAR          -1 159 173 198 204 189    0.34   -0.42   -0.1    0.6    0.32
  198 DQRK           1 159 173 190 208 197    2.81   -0.89   -0.5    3.0    0.32

                             ---CLUSTER FORMATION---  

 IHEP    ID      IDPDG IST MO1 MO2 DA1 DA2   P-X     P-Y     P-Z  ENERGY    MASS
  199 CLUS          91 183 179 193 209 210  -28.87 -128.35  -99.6  165.1    5.81
  200 CLUS          91 183 181 195 211 212   -4.74  -13.36  -12.9   19.2    1.43
  201 CLUS          91 183 183 184 213 214    0.00  -11.45   -5.2   12.9    2.62
  202 CLUS          91 183 185 186 215 216    0.62   -1.09   -1.0    1.9    0.93
  203 CLUS          91 183 187 188 217 218   19.32   -6.19   -4.5   21.0    3.14
  204 CLUS          91 183 189 197 219 220    4.27   -1.65   -0.8    4.8    1.29
  205 CLUS          91 183 191 192 221 221   13.23  -30.51   -9.6   35.0    5.28
  206 CLUS          91 183 194 180 222 223   -3.36  -13.49  -11.1   17.8    1.16
  207 CLUS          91 183 196 182 224 225   -0.80   -6.79   -3.4    7.8    1.31
  208 CLUS          91 183 198 190 226 227    3.18   -2.49   -0.8    4.7    2.27

                              ---CLUSTER DECAYS---    

 IHEP    ID      IDPDG IST MO1 MO2 DA1 DA2   P-X     P-Y     P-Z  ENERGY    MASS
  209 B-          -521 199 199 167 326 327  -27.03 -120.38  -93.3  154.8    5.28
  210 K+           321   1 199 167   0   0   -1.85   -7.97   -6.3   10.3    0.49
  211 ETA          221 197 200 167 274 276   -2.13   -5.22   -5.1    7.6    0.55
  212 OMEGA        223 197 200 167 277 279   -2.61   -8.14   -7.8   11.6    0.78
  213 P           2212   1 201 167   0   0    0.57   -4.64   -2.9    5.6    0.94
  214 PBAR       -2212   1 201 167   0   0   -0.57   -6.81   -2.4    7.3    0.94
  215 PI-         -211   1 202 167   0   0   -0.22   -0.31   -0.3    0.5    0.14
  216 PI0          111   1 202 167   0   0    0.84   -0.78   -0.7    1.4    0.13
  217 RHOD+      30213 197 203 173 280 282    7.60   -2.74   -1.8    8.5    1.70
  218 HL_10      10223 197 203 173 283 284   11.71   -3.45   -2.7   12.6    1.17
  219 PI-         -211   1 204 173   0   0    2.37   -0.98    0.2    2.6    0.14
  220 PI+          211   1 204 173   0   0    1.90   -0.66   -1.0    2.2    0.14
  221 B+           521 196 205 173 285 286   13.23  -30.51   -9.6   35.0    5.28
  222 K-          -321   1 206 167   0   0   -1.20   -6.04   -4.5    7.6    0.49
  223 PI0          111   1 206 167   0   0   -2.16   -7.45   -6.6   10.2    0.13
  224 PI0          111   1 207 167   0   0   -0.86   -2.17   -1.0    2.6    0.13
  225 PI+          211   1 207 167   0   0    0.05   -4.62   -2.4    5.2    0.14
  226 P           2212   1 208 173   0   0    1.79   -1.02   -0.4    2.3    0.94
  227 DLTABR--   -2224 197 208 173 287 288    1.39   -1.47   -0.5    2.4    1.23

                           ---STRONG HADRON DECAYS--- 

 IHEP    ID      IDPDG IST MO1 MO2 DA1 DA2   P-X     P-Y     P-Z  ENERGY    MASS
  228 RHO0         113 198 118  14 289 290    0.22    3.12  -54.4   54.5    0.77
  229 PI+          211   1 118  14   0   0   -0.02    0.12   -3.6    3.6    0.14
  230 PI-         -211   1 118  14   0   0    0.22    0.47  -10.3   10.3    0.14
  231 PI+          211   1 120  14   0   0    0.37    0.15  -58.4   58.4    0.14
  232 PI0          111   1 120  14   0   0   -0.34   -0.02  -48.4   48.4    0.13
  233 PI-         -211   1 128  21   0   0   -6.71    5.71  -88.7   89.1    0.14
  234 PI0          111   1 128  21   0   0   -0.26    0.19   -4.1    4.1    0.13
  235 OMEGA        223 198 129  21 291 293   -4.87    3.54  -60.9   61.2    0.78
  236 PI+          211   1 129  21   0   0   -1.80    0.83  -22.4   22.5    0.14
  237 PI+          211   1 131  21   0   0   -2.60    1.51  -36.4   36.6    0.14
  238 PI0          111   1 131  21   0   0   -0.17    0.15   -5.9    5.9    0.13
  239 OMEGA        223 198 134  21 294 295    0.00    1.15  -23.8   23.8    0.78
  240 PI-         -211   1 134  21   0   0   -0.36    1.56  -27.2   27.3    0.14
  241 K0           311 198 135  30 296 296   33.24   33.35  143.7  151.2    0.50
  242 PI+          211   1 135  30   0   0   16.01   15.67   69.4   72.9    0.14
  243 KBAR0       -311 198 136  30 297 297   18.01   17.78   76.1   80.2    0.50
  244 ETA          221 198 136  30 298 300    7.38    7.93   35.1   36.7    0.55
  245 P           2212   1 137  30   0   0    4.19    4.01   18.6   19.5    0.94
  246 PI0          111   1 137  30   0   0    2.46    2.01   10.1   10.6    0.13
  247 OMEGA        223 198 139  30 301 303    0.11    0.54    4.2    4.3    0.78
  248 PI-         -211   1 139  30   0   0    0.63    0.40    3.5    3.6    0.14
  249 K*-         -323 198 147  21 304 305   -2.99    5.59  -53.1   53.5    0.89
  250 PI0          111   1 147  21   0   0   -7.41   14.22 -125.8  126.9    0.13
  251 LAMBDA      3122 198 149  21 306 307   -3.42    3.86  -46.7   47.0    1.12
  252 PI+          211   1 149  21   0   0   -0.55    0.50   -5.1    5.2    0.14
  253 K_L0         130   1 151  21   0   0   -2.59    3.44  -34.8   35.1    0.50
  254 K_L0         130   1 152  21   0   0   -0.41    0.76   -8.2    8.2    0.50
  255 KBAR0       -311 198 153  30 308 308    0.80    0.22    5.8    5.8    0.50
  256 PI0          111   1 153  30   0   0   -0.06   -0.07    2.0    2.0    0.13
  257 PI+          211   1 155  30   0   0   -0.03    0.05    3.1    3.1    0.14
  258 PI-         -211   1 155  30   0   0    0.06   -0.18   16.0   16.0    0.14
  259 PI0          111   1 155  30   0   0    0.08    0.30    9.1    9.1    0.13
  260 K+           321   1 156  30   0   0    0.14   -0.12   12.5   12.5    0.49
  261 PI-         -211   1 156  30   0   0   -0.11   -0.01    0.8    0.8    0.14
  262 GAMMA         22   1 157  30   0   0    0.20    0.38   25.7   25.7    0.00
  263 GAMMA         22   1 157  30   0   0   -0.31    0.30   17.3   17.3    0.00
  264 PI+          211   1 159  30   0   0    0.12    0.37   25.7   25.7    0.14
  265 ETA          221 198 159  30 309 311   -0.23   -0.12    5.7    5.7    0.55
  266 PI+          211   1 161  30   0   0    0.04   -0.08    5.8    5.8    0.14
  267 PI-         -211   1 161  30   0   0    0.19    0.11   16.2   16.2    0.14
  268 PI0          111   1 161  30   0   0   -0.07    0.09    1.7    1.7    0.13
  269 PI-         -211   1 162  30   0   0    0.18   -0.24    3.9    3.9    0.14
  270 PI0          111   1 162  30   0   0   -0.26    0.10   13.8   13.8    0.13
  271 PI+          211   1 164  30   0   0    0.02    0.02    6.2    6.2    0.14
  272 PI-         -211   1 164  30   0   0   -0.18    0.33   26.6   26.6    0.14
  273 PI0          111   1 164  30   0   0    0.19   -0.11   10.8   10.8    0.13
  274 PI0          111   1 211 167   0   0   -1.19   -2.74   -2.7    4.0    0.13
  275 PI0          111   1 211 167   0   0   -0.64   -1.79   -1.7    2.5    0.13
  276 PI0          111   1 211 167   0   0   -0.29   -0.70   -0.8    1.1    0.13
  277 PI+          211   1 212 167   0   0   -0.57   -1.84   -1.5    2.4    0.14
  278 PI-         -211   1 212 167   0   0   -0.75   -1.84   -1.8    2.7    0.14
  279 PI0          111   1 212 167   0   0   -1.30   -4.47   -4.5    6.5    0.13
  280 RHO-        -213 198 217 173 312 313    3.79   -0.95   -0.8    4.1    0.77
  281 PI+          211   1 217 173   0   0    0.25   -0.18    0.0    0.3    0.14
  282 PI+          211   1 217 173   0   0    3.57   -1.61   -1.1    4.1    0.14
  283 RHO-        -213 198 218 173 314 315    6.60   -2.19   -1.6    7.2    0.77
  284 PI+          211   1 218 173   0   0    5.12   -1.26   -1.0    5.4    0.14
  285 DBAR0       -421 198 221 173 316 320   11.87  -29.78   -9.3   33.4    1.86
  286 PI+          211   1 221 173   0   0    1.36   -0.72   -0.3    1.6    0.14
  287 PBAR       -2212   1 227 173   0   0    1.27   -1.02   -0.3    1.9    0.94
  288 PI-         -211   1 227 173   0   0    0.12   -0.45   -0.2    0.5    0.14
  289 PI+          211   1 228  14   0   0    0.35    1.87  -37.3   37.4    0.14
  290 PI-         -211   1 228  14   0   0   -0.12    1.25  -17.1   17.1    0.14
  291 PI+          211   1 235  21   0   0   -0.78    0.47  -11.2   11.2    0.14
  292 PI-         -211   1 235  21   0   0   -2.50    1.88  -31.9   32.1    0.14
  293 PI0          111   1 235  21   0   0   -1.60    1.18  -17.9   18.0    0.13
  294 PI0          111   1 239  21   0   0   -0.35    0.39  -11.3   11.3    0.13
  295 GAMMA         22   1 239  21   0   0    0.35    0.76  -12.5   12.6    0.00
  296 K_S0         310 198 241  30 321 322   33.24   33.35  143.7  151.2    0.50
  297 K_L0         130   1 243  30   0   0   18.01   17.78   76.1   80.2    0.50
  298 PI+          211   1 244  30   0   0    2.90    2.95   13.4   14.0    0.14
  299 PI-         -211   1 244  30   0   0    2.40    2.66   11.3   11.8    0.14
  300 PI0          111   1 244  30   0   0    2.08    2.32   10.4   10.9    0.13
  301 PI+          211   1 247  30   0   0    0.22    0.27    0.8    0.9    0.14
  302 PI-         -211   1 247  30   0   0   -0.13    0.22    2.3    2.3    0.14
  303 PI0          111   1 247  30   0   0    0.02    0.05    1.1    1.1    0.13
  304 K-          -321   1 249  21   0   0   -2.58    4.29  -41.1   41.4    0.49
  305 PI0          111   1 249  21   0   0   -0.42    1.30  -12.1   12.1    0.13
  306 P           2212   1 251  21   0   0   -2.63    2.97  -36.5   36.8    0.94
  307 PI-         -211   1 251  21   0   0   -0.79    0.90  -10.2   10.3    0.14
  308 K_L0         130   1 255  30   0   0    0.80    0.22    5.8    5.8    0.50
  309 PI0          111   1 265  30   0   0   -0.14    0.01    1.0    1.1    0.13
  310 PI0          111   1 265  30   0   0   -0.02    0.02    1.2    1.2    0.13
  311 PI0          111   1 265  30   0   0   -0.08   -0.15    3.5    3.5    0.13
  312 PI-         -211   1 280 173   0   0    1.63   -0.70   -0.1    1.8    0.14
  313 PI0          111   1 280 173   0   0    2.16   -0.25   -0.6    2.3    0.13
  314 PI-         -211   1 283 173   0   0    0.56   -0.37   -0.2    0.7    0.14
  315 PI0          111   1 283 173   0   0    6.04   -1.81   -1.5    6.5    0.13
  316 K0           311 198 285 173 323 323    5.92  -15.90   -5.1   17.7    0.50
  317 PI-         -211   1 285 173   0   0    1.08   -2.83   -1.0    3.2    0.14
  318 PI+          211   1 285 173   0   0    2.30   -4.80   -1.5    5.5    0.14
  319 PI0          111   1 285 173   0   0    0.59   -1.68   -0.3    1.8    0.13
  320 PI0          111   1 285 173   0   0    1.97   -4.57   -1.3    5.2    0.13
  321 PI0          111   1 296  30   0   0   10.20   10.30   43.7   46.0    0.13
  322 PI0          111   1 296  30   0   0   23.04   23.05  100.0  105.2    0.13
  323 K_S0         310 198 316 173 324 325    5.92  -15.90   -5.1   17.7    0.50
  324 PI+          211   1 323 173   0   0    4.24  -11.82   -3.7   13.1    0.14
  325 PI-         -211   1 323 173   0   0    1.68   -4.08   -1.4    4.6    0.14

                           ---HEAVY PARTICLE DECAYS---

 IHEP    ID      IDPDG IST MO1 MO2 DA1 DA2   P-X     P-Y     P-Z  ENERGY    MASS
  326 BQRK           5 155 209 327 328 330  -25.39 -113.08  -87.7  145.4    4.96
  327 UBAR          -2 125 209 330 331 330   -1.64   -7.30   -5.7    9.4    0.32
  328 DQRK           1 123 326 329 332 329  -13.71  -60.79  -48.2   78.8    0.32
  329 UBAR          -2 124 326 328 334 328   -0.92   -4.08   -3.9    5.8    0.32
  330 CQRK           4 124 326 326 336 326  -10.75  -48.21  -35.6   60.9    1.55
  331 UBAR          -2 160 327 340 342 340   -1.64   -7.30   -5.7    9.4    0.32

                              ---PARTON SHOWERS---    

 IHEP    ID      IDPDG IST MO1 MO2 DA1 DA2   P-X     P-Y     P-Z  ENERGY    MASS
  332 DQRK          94 143 328 326 333 333  -13.71  -60.79  -48.2   78.8    0.32
  333 DQRK           1   2 332 335 338 335  -13.71  -60.79  -48.2   78.8    0.32
  334 UBAR          94 144 329 326 335 335   -0.92   -4.08   -3.9    5.8    0.32
  335 UBAR          -2   2 334 338 339 338   -0.92   -4.08   -3.9    5.8    0.32
  336 CQRK          94 144 330 326 337 337  -10.75  -48.21  -35.6   60.9    1.55
  337 CQRK           4   2 336 331 340 331  -10.75  -48.21  -35.6   60.9    1.55

                              ---GLUON SPLITTING---   

 IHEP    ID      IDPDG IST MO1 MO2 DA1 DA2   P-X     P-Y     P-Z  ENERGY    MASS
  338 DQRK           1 158 332 339 341 339  -13.71  -60.79  -48.2   78.8    0.32
  339 UBAR          -2 158 334 338 341 338   -0.92   -4.08   -3.9    5.8    0.32
  340 CQRK           4 158 336 331 342 331  -10.75  -48.21  -35.6   60.9    1.55

                             ---CLUSTER FORMATION---  

 IHEP    ID      IDPDG IST MO1 MO2 DA1 DA2   P-X     P-Y     P-Z  ENERGY    MASS
  341 CLUS          91 183 338 339 343 344  -14.82  -65.69  -52.8   85.6    2.46
  342 CLUS          91 183 340 331 345 345  -12.20  -54.69  -40.5   69.2    1.86

                              ---CLUSTER DECAYS---    

 IHEP    ID      IDPDG IST MO1 MO2 DA1 DA2   P-X     P-Y     P-Z  ENERGY    MASS
  343 B_1-      -10213 197 341 332 346 347  -12.28  -54.42  -43.3   70.7    1.23
  344 RHO0         113 197 341 332 348 349   -2.55  -11.27   -9.5   15.0    0.77
  345 D0           421 196 342 336 350 353  -12.20  -54.69  -40.5   69.2    1.86

                           ---STRONG HADRON DECAYS--- 

 IHEP    ID      IDPDG IST MO1 MO2 DA1 DA2   P-X     P-Y     P-Z  ENERGY    MASS
  346 OMEGA        223 198 343 332 354 356   -7.59  -32.21  -25.6   41.9    0.78
  347 PI-         -211   1 343 332   0   0   -4.68  -22.22  -17.7   28.8    0.14
  348 PI+          211   1 344 332   0   0   -0.61   -1.86   -1.8    2.7    0.14
  349 PI-         -211   1 344 332   0   0   -1.93   -9.41   -7.7   12.3    0.14
  350 K-          -321   1 345 336   0   0   -4.63  -23.04  -16.7   28.9    0.49
  351 PI+          211   1 345 336   0   0   -1.35   -4.56   -3.4    5.8    0.14
  352 PI0          111   1 345 336   0   0   -4.48  -19.21  -14.2   24.3    0.13
  353 PI0          111   1 345 336   0   0   -1.74   -7.88   -6.1   10.1    0.13
  354 PI+          211   1 346 332   0   0   -4.09  -18.02  -14.2   23.3    0.14
  355 PI-         -211   1 346 332   0   0   -2.23   -9.58   -7.8   12.5    0.14
  356 PI0          111   1 346 332   0   0   -1.28   -4.61   -3.6    6.0    0.13



 EVENT       2: 6500.00 GEV/C P        ON  6500.00 GEV/C P        PROCESS:-18000
 SEEDS:   119726212 &  1659986283   STATUS:  100 ERROR:   0  WEIGHT:  5.9663E-04


                               ---INITIAL STATE---    

 IHEP    ID      IDPDG IST MO1 MO2 DA1 DA2   P-X     P-Y     P-Z  ENERGY    MASS
    1 P           2212 101   0   0   0   0    0.00    0.00 6500.0 6500.0    0.94
    2 P           2212 102   0   0   0   0    0.00    0.00-6500.0 6500.0    0.94
    3 CMF            0 103   1   2   0   0    0.00    0.00    0.013000.013000.00

                              ---HARD SUBPROCESS---   

 IHEP    ID      IDPDG IST MO1 MO2 DA1 DA2   P-X     P-Y     P-Z  ENERGY    MASS
    4 DQRK           1 121   6   8  10   9    0.00    0.00 1836.3 1836.3    0.32
    5 UQRK           2 122   6   9  16   8    0.00    0.00-1826.1 1826.1    0.32
    6 HARD           0 120   4   5   7   9    1.33    5.22   10.2 3662.4 3662.42
    7 HIGGS         25 123   6   7  21   7 -223.56  173.16 1123.1 1164.9  125.00
    8 DQRK           1 124   6   5  22   4  206.33  -97.50-1795.8 1810.2    0.32
    9 UQRK           2 124   6   4  28   5   17.23  -75.66  682.9  687.3    0.32

                              ---PARTON SHOWERS---    

 IHEP    ID      IDPDG IST MO1 MO2 DA1 DA2   P-X     P-Y     P-Z  ENERGY    MASS
   10 DQRK          94 141   4   6  12  15    0.07    7.44 1836.4 1836.3  -17.04
   11 CONE           0 100   4   9   0   0    0.22   -0.98   10.1   10.2    0.00
   12 GLUON         21   2  10  13  30  31    2.98   -0.46  161.2  161.2    0.75
   13 SBAR          -3   2  10  14  32  31   -0.31   -0.98  106.2  106.2    0.50
   14 SQRK           3   2  10  15  33  32   -2.75   -6.00  785.9  785.9    0.50
   15 UU          2203   2  10  24  34  33    0.00    0.00 3610.3 3610.3    0.32
   16 UQRK          94 142   5   6  18  20    1.25   -2.22-1826.2 1826.1  -16.15
   17 CONE           0 100   5   8   0   0    0.90   -0.43   -5.6    5.7    0.00
   18 GLUON         21   2  16  19  35  36   -0.11    1.68  -26.0   26.0    0.75
   19 GLUON         21   2  16  20  37  38   -1.14    0.55 -232.9  232.9    0.75
   20 UD          2101   2  16  29  39  38    0.00    0.00-4414.9 4414.9    0.32
   21 HIGGS         25 195   7   6 140 141 -223.12  174.80 1123.0 1165.0  125.00
   22 DQRK          94 144   8   6  24  27  206.97  -94.91-1795.6 1810.3   34.10
   23 CONE           0 100   8   5   0   0   -0.26    0.12   -5.7    5.7    0.00
   24 DQRK           1   2  22  25  40  34  177.27  -78.82-1598.9 1610.6    0.32
   25 GLUON         21   2  22  26  41  42   21.56   -9.43 -128.3  130.5    0.75
   26 GLUON         21   2  22  27  43  44    3.18   -1.90  -25.3   25.5    0.75
   27 GLUON         21   2  22  35  45  46    4.96   -4.75  -43.1   43.7    0.75
   28 UQRK          94 144   9   6  29  29   17.48  -74.67  682.8  687.1    0.32
   29 UQRK           2   2  28  30  47  39   17.48  -74.67  682.8  687.1    0.32

                              ---GLUON SPLITTING---   

 IHEP    ID      IDPDG IST MO1 MO2 DA1 DA2   P-X     P-Y     P-Z  ENERGY    MASS
   30 UBAR          -2 158  10  31  95  73    0.87   -0.11   44.8   44.8    0.32
   31 UQRK           2 158  10  32  74  30    0.81   -0.22   49.1   49.1    0.32
   32 SBAR          -3 158  10  33  74  31   -0.31   -0.98  106.2  106.2    0.50
   33 SQRK           3 158  10  54  75  32   -0.63   -1.38  199.3  199.3    0.50
   34 UU          2203 161  10  40  83  49   -0.01   -0.02 2305.5 2305.5    0.64
   35 DBAR          -1 158  16  36  81  46   -0.09    0.40   -6.7    6.7    0.32
   36 DQRK           1 158  16  56  76  35   -0.01    1.07  -16.5   16.6    0.32
   37 UBAR          -2 158  16  38  87  57   -0.43    0.32 -112.7  112.7    0.32
   38 UQRK           2 158  16  50  77  37   -0.51    0.12  -81.8   81.8    0.32
   39 UD          2101 162  16  47  84  51   -0.01    0.00-2777.4 2777.4    0.64
   40 DQRK           1 158  22  58  78  34  157.23  -69.91-1418.1 1428.5    0.32
   41 DBAR          -1 158  22  42  92  67    9.80   -4.32  -59.4   60.4    0.32
   42 DQRK           1 158  22  43  79  41   11.29   -4.91  -66.1   67.2    0.32
   43 UBAR          -2 158  22  44  79  42    1.23   -0.94  -10.3   10.4    0.32
   44 UQRK           2 158  22  45  80  43    1.95   -0.95  -15.0   15.1    0.32
   45 UBAR          -2 158  22  46  80  44    2.12   -1.95  -19.2   19.4    0.32
   46 UQRK           2 158  22  35  81  45    2.84   -2.81  -23.9   24.3    0.32
   47 UQRK           2 158  28  62  82  39    7.84  -33.51  306.5  308.4    0.32
   48 UBAR          -2 159  10  49  91  65   -0.01   -0.02  574.5  574.5    0.32
   49 UQRK           2 159  10  34  83  48   -0.05   -0.10  123.3  123.3    0.32
   50 UBAR          -2 159  16  51  77  38   -0.01    0.00-1477.8 1477.8    0.32
   51 UQRK           2 159  16  39  84  50   -0.07    0.02 -167.1  167.1    0.32
   52 SBAR          -3 159  10  53  86  55   -0.03   -0.07  373.1  373.1    0.50
   53 SQRK           3 159  10  64  85  52   -0.65   -1.41  202.7  202.7    0.50
   54 SBAR          -3 159  10  55  75  33   -0.13   -0.28  132.1  132.1    0.50
   55 SQRK           3 159  10  52  86  54   -1.06   -2.32  313.2  313.2    0.50
   56 DBAR          -1 159  16  57  76  36   -0.05    0.15  -15.6   15.6    0.32
   57 DQRK           1 159  16  37  87  56   -0.06    0.14  -18.1   18.1    0.32
   58 DBAR          -1 159  22  59  78  40    4.98   -2.22  -44.6   45.0    0.32
   59 DQRK           1 159  22  66  88  58    7.62   -3.39  -68.5   69.0    0.32
   60 UBAR          -2 159  10  61  94  71    0.76   -0.11   39.0   39.0    0.32
   61 UQRK           2 159  28  68  89  60    1.01   -4.30   39.5   39.8    0.32
   62 DBAR          -1 159  10  63  82  47    1.91   -8.16   74.7   75.2    0.32
   63 DQRK           1 159  28  70  90  62    5.39  -23.04  210.7  212.0    0.32
   64 DBAR          -1 159  10  65  85  53   -0.06   -0.14   96.2   96.2    0.32
   65 DQRK           1 159  10  48  91  64   -0.12   -0.26   76.2   76.2    0.32
   66 DBAR          -1 159  22  67  88  59    3.99   -1.77  -35.6   35.8    0.32
   67 DQRK           1 159  22  41  92  66    3.92   -1.74  -34.9   35.2    0.32
   68 SBAR          -3 159  10  69  89  61    0.29   -0.21   14.6   14.6    0.50
   69 SQRK           3 159  28  72  93  68    0.49   -1.99   19.4   19.5    0.50
   70 DBAR          -1 159  10  71  90  63    0.14   -0.22    6.6    6.6    0.32
   71 DQRK           1 159  28  60  94  70    0.36   -1.47   14.1   14.2    0.32
   72 UBAR          -2 159  10  73  93  69    0.19   -0.14    9.3    9.3    0.32
   73 UQRK           2 159  28  30  95  72    0.40   -1.66   15.8   15.9    0.32

                             ---CLUSTER FORMATION---  

 IHEP    ID      IDPDG IST MO1 MO2 DA1 DA2   P-X     P-Y     P-Z  ENERGY    MASS
   74 CLUS          91 183  31  32  96  97    0.50   -1.20  155.4  155.4    1.66
   75 CLUS          91 183  33  54  98  99   -0.76   -1.66  331.5  331.5    1.33
   76 CLUS          91 183  36  56 100 101   -0.07    1.22  -32.2   32.2    1.09
   77 CLUS          91 183  38  50 102 103   -0.51    0.12-1559.7 1559.7    2.63
   78 CLUS          91 183  40  58 104 105  162.22  -72.13-1462.8 1473.5    1.87
   79 CLUS          91 183  42  43 106 107   12.52   -5.86  -76.4   77.7    1.70
   80 CLUS          91 183  44  45 108 109    4.08   -2.90  -34.2   34.6    0.97
   81 CLUS          91 183  46  35 110 111    2.75   -2.41  -30.6   31.0    2.91
   82 CLUS          91 183  47  62 112 113    9.76  -41.67  381.2  383.5    0.81
   83 CLUS          91 184  49  34 114 115   -0.05   -0.12 2428.8 2428.8    1.63
   84 CLUS          91 185  51  39 116 117   -0.09    0.02-2944.5 2944.5    1.53
   85 CLUS          91 183  53  64 118 119   -0.71   -1.55  298.9  298.9    1.18
   86 CLUS          91 183  55  52 120 121   -1.09   -2.39  686.3  686.3    2.89
   87 CLUS          91 183  57  37 122 123   -0.49    0.46 -130.7  130.8    0.95
   88 CLUS          91 183  59  66 124 125   11.61   -5.16 -104.1  104.8    0.68
   89 CLUS          91 183  61  68 126 127    1.30   -4.51   54.1   54.4    2.49
   90 CLUS          91 183  63  70 128 129    5.53  -23.26  217.3  218.6    3.40
   91 CLUS          91 183  65  48 130 131   -0.13   -0.28  650.7  650.7    1.26
   92 CLUS          91 183  67  41 132 133   13.71   -6.06  -94.3   95.5    2.67
   93 CLUS          91 183  69  72 134 135    0.68   -2.13   28.6   28.8    1.44
   94 CLUS          91 183  71  60 136 137    1.11   -1.58   53.1   53.2    2.49
   95 CLUS          91 183  73  30 138 139    1.27   -1.78   60.6   60.7    2.83

                              ---CLUSTER DECAYS---    

 IHEP    ID      IDPDG IST MO1 MO2 DA1 DA2   P-X     P-Y     P-Z  ENERGY    MASS
   96 K+           321   1  74  10   0   0    0.43   -0.27   44.3   44.3    0.49
   97 PHI          333 197  74  10 193 194    0.07   -0.93  111.1  111.1    1.02
   98 KBAR0       -311 197  75  10 195 195   -0.63   -1.38  199.5  199.5    0.50
   99 K0           311 197  75  10 196 196   -0.13   -0.28  131.9  131.9    0.50
  100 OMEGA        223 197  76  16 197 199    0.02    0.58  -20.7   20.7    0.78
  101 PI0          111   1  76  16   0   0   -0.09    0.63  -11.5   11.5    0.13
  102 DELTA0      2114 197  77  16 200 201    0.03   -0.29 -804.2  804.2    1.23
  103 DELTABR0   -2114 197  77  16 202 203   -0.54    0.41 -755.5  755.5    1.23
  104 PI-         -211   1  78  22   0   0  134.55  -59.83-1213.6 1222.5    0.14
  105 RHO+         213 197  78  22 204 205   27.66  -12.30 -249.2  251.0    0.77
  106 K0           311 197  79  22 206 206    4.89   -1.58  -29.0   29.5    0.50
  107 K-          -321   1  79  22   0   0    7.63   -4.28  -47.4   48.2    0.49
  108 PI0          111   1  80  22   0   0    1.57   -0.60  -12.1   12.2    0.13
  109 PI0          111   1  80  22   0   0    2.50   -2.30  -22.1   22.3    0.13
  110 DELTA++     2224 197  81  22 207 208    2.12   -0.95  -22.1   22.3    1.23
  111 PBAR       -2212   1  81  22   0   0    0.62   -1.46   -8.5    8.7    0.94
  112 PI0          111   1  82  28   0   0    9.45  -40.38  369.3  371.6    0.13
  113 PI+          211   1  82  28   0   0    0.30   -1.29   11.9   12.0    0.14
  114 PI+          211   1  83  10   0   0    0.33    0.15 1326.6 1326.6    0.14
  115 P           2212   1  83  10   0   0   -0.38   -0.26 1102.1 1102.1    0.94
  116 PI0          111   1  84  16   0   0   -0.00    0.21 -755.5  755.5    0.13
  117 DELTA+      2214 197  84  16 209 210   -0.09   -0.19-2189.0 2189.0    1.23
  118 KBAR0       -311 197  85  10 211 211   -0.06   -0.87  202.4  202.4    0.50
  119 PI0          111   1  85  10   0   0   -0.65   -0.68   96.5   96.5    0.13
  120 SIGMA*-     3114 197  86  10 212 213   -1.06   -1.21  304.5  304.5    1.39
  121 SIGMABR+   -3112 197  86  10 214 215   -0.04   -1.18  381.8  381.8    1.20
  122 RHO-        -213 197  87  16 216 217   -0.37    0.46 -100.7  100.7    0.77
  123 PI0          111   1  87  16   0   0   -0.12    0.00  -30.0   30.0    0.13
  124 PI-         -211   1  88  22   0   0    3.65   -1.85  -32.0   32.3    0.14
  125 PI+          211   1  88  22   0   0    7.96   -3.31  -72.1   72.6    0.14
  126 N           2112   1  89  28   0   0    0.51   -1.77   17.1   17.3    0.94
  127 SGMA*BR+   -3114 197  89  28 218 219    0.79   -2.73   37.0   37.1    1.39
  128 K*_20        315 197  90  28 220 221    2.32   -8.57   74.4   74.9    1.43
  129 K*_2BAR0    -315 197  90  28 222 223    3.21  -14.68  142.9  143.7    1.43
  130 RHO-        -213 197  91  10 224 225   -0.42   -0.17  361.7  361.7    0.77
  131 PI0          111   1  91  10   0   0    0.29   -0.11  289.0  289.0    0.13
  132 DELTA+      2214 197  92  22 226 227    9.05   -3.22  -59.0   59.8    1.23
  133 PBAR       -2212   1  92  22   0   0    4.66   -2.84  -35.3   35.8    0.94
  134 K-          -321   1  93  28   0   0   -0.08   -0.50    7.6    7.6    0.49
  135 RHO0         113 197  93  28 228 229    0.75   -1.62   21.0   21.1    0.77
  136 DELTA-      1114 197  94  28 230 231    0.73   -0.74   26.3   26.4    1.23
  137 DELTABR0   -2114 197  94  28 232 233    0.38   -0.84   26.7   26.8    1.23
  138 DELTA+      2214 197  95  28 234 235    0.93   -1.70   38.2   38.2    1.23
  139 DELTABR-   -2214 197  95  28 236 237    0.34   -0.08   22.4   22.5    1.23

                            ---H/W/Z BOSON DECAYS---  

 IHEP    ID      IDPDG IST MO1 MO2 DA1 DA2   P-X     P-Y     P-Z  ENERGY    MASS
  140 BQRK           5 123  21 141 142 141 -113.06  150.49  561.8  592.5    4.95
  141 BBAR          -5 124  21 140 144 140 -110.06   24.31  561.2  572.4    4.95

                              ---PARTON SHOWERS---    

 IHEP    ID      IDPDG IST MO1 MO2 DA1 DA2   P-X     P-Y     P-Z  ENERGY    MASS
  142 BQRK          94 143 140  21 143 143 -111.52  148.44  554.2  584.5    4.95
  143 BQRK           5   2 142 146 149 148 -111.52  148.44  554.2  584.5    4.95
  144 BBAR          94 144 141  21 146 148 -111.60   26.36  568.8  580.5   15.39
  145 CONE           0 100 141 140   0   0   -0.64    1.15    3.1    3.4    0.00
  146 GLUON         21   2 144 147 150 151   -3.83   -0.65   15.6   16.1    0.75
  147 GLUON         21   2 144 148 152 153   -1.63    1.12   15.6   15.7    0.75
  148 BBAR          -5   2 144 149 154 153 -106.14   25.89  537.7  548.7    4.95

                              ---GLUON SPLITTING---   

 IHEP    ID      IDPDG IST MO1 MO2 DA1 DA2   P-X     P-Y     P-Z  ENERGY    MASS
  149 BQRK           5 158 142 159 167 154  -67.18   89.25  333.7  351.9    4.95
  150 DBAR          -1 158 144 151 174 164   -0.63   -0.05    2.5    2.6    0.32
  151 DQRK           1 158 144 152 168 150   -2.47   -0.33   10.5   10.8    0.32
  152 DBAR          -1 158 144 153 168 151   -0.83    0.75    7.7    7.8    0.32
  153 DQRK           1 158 144 161 169 152   -0.78    0.27    5.7    5.8    0.32
  154 BBAR          -5 158 144 149 175 166  -78.80   19.28  400.5  408.6    4.95
  155 SBAR          -3 159 144 156 171 158   -0.77    0.73    3.6    3.8    0.50
  156 SQRK           3 159 142 163 170 155  -19.25   25.64   95.7  100.9    0.50
  157 DBAR          -1 159 144 158 172 160   -0.59    0.64    2.8    3.0    0.32
  158 DQRK           1 159 142 155 171 157   -8.94   11.91   44.4   46.9    0.32
  159 SBAR          -3 159 144 160 167 149   -1.47    1.82    7.2    7.6    0.50
  160 SQRK           3 159 142 157 172 159  -12.38   16.49   61.5   64.9    0.50
  161 SBAR          -3 159 144 162 169 153   -9.79    2.39   49.6   50.6    0.50
  162 SQRK           3 159 144 165 173 161   -3.66    0.92   19.1   19.5    0.50
  163 SBAR          -3 159 144 164 170 156   -0.81    0.79    3.8    4.0    0.50
  164 SQRK           3 159 142 150 174 163   -0.86    0.89    4.1    4.3    0.50
  165 UBAR          -2 159 144 166 173 162  -11.15    2.71   56.4   57.5    0.32
  166 UQRK           2 159 144 154 175 165   -2.76    0.69   14.3   14.5    0.32

                             ---CLUSTER FORMATION---  

 IHEP    ID      IDPDG IST MO1 MO2 DA1 DA2   P-X     P-Y     P-Z  ENERGY    MASS
  167 CLUS          91 183 149 159 176 177  -68.64   91.07  340.9  359.5    6.11
  168 CLUS          91 183 151 152 178 179   -3.30    0.42   18.2   18.6    1.75
  169 CLUS          91 183 153 161 180 181  -10.57    2.66   55.3   56.4    1.51
  170 CLUS          91 183 156 163 182 183  -20.06   26.43   99.5  104.9    2.85
  171 CLUS          91 183 158 155 184 185   -9.72   12.63   48.1   50.7    2.04
  172 CLUS          91 183 160 157 186 187  -12.97   17.13   64.4   67.9    1.70
  173 CLUS          91 183 162 165 188 189  -14.81    3.63   75.5   77.0    1.08
  174 CLUS          91 183 164 150 190 191   -1.49    0.85    6.5    6.8    1.12
  175 CLUS          91 183 166 154 192 192  -81.57   19.97  414.8  423.2    5.28

                              ---CLUSTER DECAYS---    

 IHEP    ID      IDPDG IST MO1 MO2 DA1 DA2   P-X     P-Y     P-Z  ENERGY    MASS
  176 B*-         -523 197 167 142 238 239  -66.54   88.35  330.5  348.5    5.32
  177 K+           321   1 167 142   0   0   -2.11    2.72   10.4   11.0    0.49
  178 K*0          313 197 168 144 240 241   -2.57    0.36   15.5   15.8    0.90
  179 KBAR0       -311 197 168 144 242 242   -0.73    0.06    2.7    2.8    0.50
  180 PI-         -211   1 169 144   0   0   -5.62    2.05   29.1   29.7    0.14
  181 K+           321   1 169 144   0   0   -4.95    0.61   26.3   26.8    0.49
  182 PHI          333 197 170 142 243 244   -7.42   11.02   38.0   40.2    1.02
  183 PHI          333 197 170 142 245 246  -12.64   15.42   61.5   64.7    1.02
  184 RHO-        -213 197 171 142 247 248   -2.63    4.26   14.0   14.9    0.77
  185 K+           321   1 171 142   0   0   -7.09    8.37   34.1   35.8    0.49
  186 K*BAR0      -313 197 172 142 249 250   -3.71    5.10   18.6   19.7    0.90
  187 PI0          111   1 172 142   0   0   -9.26   12.03   45.7   48.2    0.13
  188 K-          -321   1 173 144   0   0   -9.60    2.48   51.0   51.9    0.49
  189 PI0          111   1 173 144   0   0   -5.22    1.16   24.5   25.0    0.13
  190 K*-         -323 197 174 142 251 252   -0.97    0.68    4.9    5.1    0.89
  191 PI+          211   1 174 142   0   0   -0.52    0.17    1.6    1.7    0.14
  192 B+           521 199 175 144 280 281  -81.57   19.97  414.8  423.2    5.28

                           ---STRONG HADRON DECAYS--- 

 IHEP    ID      IDPDG IST MO1 MO2 DA1 DA2   P-X     P-Y     P-Z  ENERGY    MASS
  193 K_L0         130   1  97  10   0   0    0.12   -0.49   51.2   51.2    0.50
  194 K_S0         310 198  97  10 253 254   -0.05   -0.45   59.9   59.9    0.50
  195 K_L0         130   1  98  10   0   0   -0.63   -1.38  199.5  199.5    0.50
  196 K_S0         310 198  99  10 255 256   -0.13   -0.28  131.9  131.9    0.50
  197 PI+          211   1 100  16   0   0    0.15   -0.03   -2.1    2.1    0.14
  198 PI-         -211   1 100  16   0   0   -0.01    0.20   -5.9    5.9    0.14
  199 PI0          111   1 100  16   0   0   -0.11    0.41  -12.6   12.6    0.13
  200 N           2112   1 102  16   0   0   -0.13   -0.25 -524.0  524.0    0.94
  201 PI0          111   1 102  16   0   0    0.16   -0.04 -280.2  280.2    0.13
  202 NBAR       -2112   1 103  16   0   0   -0.51    0.37 -731.0  731.0    0.94
  203 PI0          111   1 103  16   0   0   -0.03    0.05  -24.4   24.4    0.13
  204 PI+          211   1 105  22   0   0   22.43   -9.71 -202.1  203.6    0.14
  205 PI0          111   1 105  22   0   0    5.23   -2.59  -47.1   47.4    0.13
  206 K_S0         310 198 106  22 257 258    4.89   -1.58  -29.0   29.5    0.50
  207 P           2212   1 110  22   0   0    1.66   -0.81  -19.4   19.5    0.94
  208 PI+          211   1 110  22   0   0    0.46   -0.13   -2.7    2.8    0.14
  209 P           2212   1 117  16   0   0    0.02   -0.14-1330.1 1330.1    0.94
  210 PI0          111   1 117  16   0   0   -0.10   -0.05 -858.9  858.9    0.13
  211 K_S0         310 198 118  10 259 260   -0.06   -0.87  202.4  202.4    0.50
  212 LAMBDA      3122 198 120  10 261 262   -0.62   -0.96  237.8  237.8    1.12
  213 PI-         -211   1 120  10   0   0   -0.43   -0.25   66.7   66.7    0.14
  214 NBAR       -2112   1 121  10   0   0   -0.06   -0.91  343.7  343.7    0.94
  215 PI+          211   1 121  10   0   0    0.02   -0.27   38.1   38.1    0.14
  216 PI-         -211   1 122  16   0   0    0.10   -0.10  -12.2   12.2    0.14
  217 PI0          111   1 122  16   0   0   -0.47    0.55  -88.5   88.5    0.13
  218 SIGMABR0   -3212 198 127  28 263 264    0.81   -2.58   34.2   34.3    1.19
  219 PI+          211   1 127  28   0   0   -0.02   -0.15    2.8    2.8    0.14
  220 K*+          323 198 128  28 265 266    1.47   -5.88   47.3   47.7    0.89
  221 PI-         -211   1 128  28   0   0    0.85   -2.70   27.0   27.2    0.14
  222 K-          -321   1 129  28   0   0    2.56   -9.30   88.3   88.9    0.49
  223 PI+          211   1 129  28   0   0    0.65   -5.39   54.6   54.9    0.14
  224 PI-         -211   1 130  10   0   0    0.06   -0.33  173.3  173.3    0.14
  225 PI0          111   1 130  10   0   0   -0.48    0.16  188.4  188.4    0.13
  226 N           2112   1 132  22   0   0    6.02   -2.00  -38.4   39.0    0.94
  227 PI+          211   1 132  22   0   0    3.03   -1.22  -20.5   20.8    0.14
  228 PI+          211   1 135  28   0   0    0.54   -0.39    6.6    6.7    0.14
  229 PI-         -211   1 135  28   0   0    0.21   -1.24   14.4   14.5    0.14
  230 N           2112   1 136  28   0   0    0.76   -0.60   19.5   19.6    0.94
  231 PI-         -211   1 136  28   0   0   -0.03   -0.14    6.8    6.8    0.14
  232 NBAR       -2112   1 137  28   0   0    0.38   -0.50   22.6   22.7    0.94
  233 PI0          111   1 137  28   0   0    0.00   -0.34    4.1    4.1    0.13
  234 N           2112   1 138  28   0   0    0.90   -1.36   34.3   34.4    0.94
  235 PI+          211   1 138  28   0   0    0.02   -0.33    3.9    3.9    0.14
  236 PBAR       -2212   1 139  28   0   0    0.19    0.01   13.5   13.6    0.94
  237 PI0          111   1 139  28   0   0    0.15   -0.09    8.9    8.9    0.13
  238 B-          -521 198 176 142 267 269  -65.98   87.60  327.5  345.4    5.28
  239 GAMMA         22   1 176 142   0   0   -0.56    0.76    2.9    3.1    0.00
  240 K+           321   1 178 144   0   0   -2.42    0.35   13.3   13.6    0.49
  241 PI-         -211   1 178 144   0   0   -0.15    0.01    2.2    2.2    0.14
  242 K_L0         130   1 179 144   0   0   -0.73    0.06    2.7    2.8    0.50
  243 K+           321   1 182 142   0   0   -4.14    6.06   20.6   21.9    0.49
  244 K-          -321   1 182 142   0   0   -3.28    4.96   17.3   18.3    0.49
  245 K+           321   1 183 142   0   0   -7.42    9.04   36.4   38.2    0.49
  246 K-          -321   1 183 142   0   0   -5.22    6.38   25.2   26.5    0.49
  247 PI-         -211   1 184 142   0   0   -0.05    0.18    0.8    0.8    0.14
  248 PI0          111   1 184 142   0   0   -2.58    4.08   13.2   14.0    0.13
  249 KBAR0       -311 198 186 142 270 270   -2.26    3.51   11.8   12.5    0.50
  250 PI0          111   1 186 142   0   0   -1.46    1.59    6.8    7.2    0.13
  251 K-          -321   1 190 142   0   0   -0.75    0.19    3.4    3.5    0.49
  252 PI0          111   1 190 142   0   0   -0.23    0.49    1.5    1.6    0.13
  253 PI+          211   1 194  10   0   0    0.02   -0.01   28.5   28.5    0.14
  254 PI-         -211   1 194  10   0   0   -0.07   -0.44   31.5   31.5    0.14
  255 PI+          211   1 196  10   0   0   -0.27   -0.12   82.3   82.3    0.14
  256 PI-         -211   1 196  10   0   0    0.14   -0.16   49.6   49.6    0.14
  257 PI+          211   1 206  22   0   0    4.27   -1.46  -25.5   25.9    0.14
  258 PI-         -211   1 206  22   0   0    0.62   -0.11   -3.5    3.5    0.14
  259 PI0          111   1 211  10   0   0   -0.06   -0.77  185.3  185.3    0.13
  260 PI0          111   1 211  10   0   0    0.00   -0.10   17.0   17.0    0.13
  261 N           2112   1 212  10   0   0   -0.62   -0.84  199.5  199.6    0.94
  262 PI0          111   1 212  10   0   0   -0.00   -0.12   38.2   38.2    0.13
  263 LAMBDABR   -3122 198 218  28 271 272    0.72   -2.50   33.2   33.3    1.12
  264 GAMMA         22   1 218  28   0   0    0.08   -0.08    1.0    1.0    0.00
  265 K+           321   1 220  28   0   0    0.39   -2.10   16.8   17.0    0.49
  266 PI0          111   1 220  28   0   0    1.08   -3.78   30.5   30.8    0.13
  267 MU-           13   1 238 142   0   0   -8.70   11.66   44.6   46.9    0.11
  268 NU_MUBAR     -14   1 238 142   0   0   -1.47    0.99    5.6    5.8    0.00
  269 D*0          423 198 238 142 273 274  -55.82   74.94  277.4  292.7    2.01
  270 K_L0         130   1 249 142   0   0   -2.26    3.51   11.8   12.5    0.50
  271 PBAR       -2212   1 263  28   0   0    0.67   -2.29   29.3   29.4    0.94
  272 PI+          211   1 263  28   0   0    0.05   -0.21    3.9    3.9    0.14
  273 D0           421 198 269 142 275 278  -51.70   69.34  256.8  271.0    1.86
  274 PI0          111   1 269 142   0   0   -4.12    5.60   20.6   21.7    0.13
  275 KBAR0       -311 198 273 142 279 279  -12.37   16.12   60.8   64.1    0.50
  276 PI-         -211   1 273 142   0   0  -16.96   22.95   84.0   88.7    0.14
  277 NU_E          12   1 273 142   0   0  -14.37   19.36   70.5   74.5    0.00
  278 E+           -11   1 273 142   0   0   -8.00   10.92   41.6   43.7    0.00
  279 K_L0         130   1 275 142   0   0  -12.37   16.12   60.8   64.1    0.50

                           ---HEAVY PARTICLE DECAYS---

 IHEP    ID      IDPDG IST MO1 MO2 DA1 DA2   P-X     P-Y     P-Z  ENERGY    MASS
  280 UQRK           2 125 192 284 285 284   -4.94    1.21   25.1   25.7    0.32
  281 BBAR          -5 155 192 280 282 284  -76.62   18.76  389.6  397.5    4.96
  282 SBAR          -3 123 281 283 286 283  -10.58    3.38   51.6   52.7    0.50
  283 CQRK           4 124 281 282 288 282  -22.58    5.85  115.4  117.7    1.55
  284 CBAR          -4 124 281 281 290 281  -43.45    9.53  222.7  227.1    1.55
  285 UQRK           2 160 280 294 295 294   -4.94    1.21   25.1   25.7    0.32

                              ---PARTON SHOWERS---    

 IHEP    ID      IDPDG IST MO1 MO2 DA1 DA2   P-X     P-Y     P-Z  ENERGY    MASS
  286 SBAR          94 143 282 281 287 287  -10.58    3.38   51.6   52.7    0.50
  287 SBAR          -3   2 286 289 292 289  -10.58    3.38   51.6   52.7    0.50
  288 CQRK          94 144 283 281 289 289  -22.58    5.85  115.4  117.7    1.55
  289 CQRK           4   2 288 292 293 292  -22.58    5.85  115.4  117.7    1.55
  290 CBAR          94 144 284 281 291 291  -43.45    9.53  222.7  227.1    1.55
  291 CBAR          -4   2 290 285 294 285  -43.45    9.53  222.7  227.1    1.55

                              ---GLUON SPLITTING---   

 IHEP    ID      IDPDG IST MO1 MO2 DA1 DA2   P-X     P-Y     P-Z  ENERGY    MASS
  292 SBAR          -3 158 286 293 296 293  -10.58    3.38   51.6   52.7    0.50
  293 CQRK           4 158 288 292 296 292  -22.58    5.85  115.4  117.7    1.55
  294 CBAR          -4 158 290 285 295 285  -43.45    9.53  222.7  227.1    1.55

                             ---CLUSTER FORMATION---  

 IHEP    ID      IDPDG IST MO1 MO2 DA1 DA2   P-X     P-Y     P-Z  ENERGY    MASS
  295 CLUS          91 183 285 294 297 297  -48.38   10.68  247.8  252.7    1.86
  296 CLUS          91 183 293 292 298 299  -33.19    9.29  167.0  170.5    2.47

                              ---CLUSTER DECAYS---    

 IHEP    ID      IDPDG IST MO1 MO2 DA1 DA2   P-X     P-Y     P-Z  ENERGY    MASS
  297 DBAR0       -421 196 295 280 300 304  -48.38   10.68  247.8  252.7    1.86
  298 D+           411 197 296 288 305 306  -25.41    6.91  128.6  131.3    1.87
  299 K0           311 197 296 288 307 307   -7.77    2.38   38.3   39.2    0.50

                           ---STRONG HADRON DECAYS--- 

 IHEP    ID      IDPDG IST MO1 MO2 DA1 DA2   P-X     P-Y     P-Z  ENERGY    MASS
  300 K0           311 198 297 280 308 308  -16.66    3.44   86.6   88.2    0.50
  301 PI-         -211   1 297 280   0   0   -2.43    0.54   13.5   13.7    0.14
  302 PI+          211   1 297 280   0   0  -18.47    4.23   92.9   94.8    0.14
  303 PI0          111   1 297 280   0   0   -4.66    0.95   24.0   24.5    0.13
  304 PI0          111   1 297 280   0   0   -6.16    1.51   30.9   31.5    0.13
  305 KBAR0       -311 198 298 288 309 309  -17.75    5.33   90.7   92.6    0.50
  306 RHO+         213 198 298 288 310 311   -7.66    1.58   37.9   38.7    0.77
  307 K_L0         130   1 299 288   0   0   -7.77    2.38   38.3   39.2    0.50
  308 K_L0         130   1 300 280   0   0  -16.66    3.44   86.6   88.2    0.50
  309 K_L0         130   1 305 288   0   0  -17.75    5.33   90.7   92.6    0.50
  310 PI+          211   1 306 288   0   0   -0.59    0.28    3.4    3.5    0.14
  311 PI0          111   1 306 288   0   0   -7.07    1.30   34.5   35.3    0.13

 HWWARN CALLED FROM SUBPROGRAM HWDFIV: CODE = 101
 EVENT     861:   SEEDS =  872585529 &  269357709  WEIGHT = 0.5966E-03
 EVENT KILLED.   EXECUTION CONTINUES

 HWWARN CALLED FROM SUBPROGRAM HWDFIV: CODE = 101
 EVENT    3668:   SEEDS =  432103847 & 1208624746  WEIGHT = 0.5966E-03
 EVENT KILLED.   EXECUTION CONTINUES

          OUTPUT ON LES HOUCHES EVENTS


      PROC CODE  XSECT(pb)        XERR(pb)      Max wgt(nb) No. of events


          OUTPUT ON ELEMENTARY PROCESS

          N.B. NEGATIVE WEIGHTS ALLOWED

          NUMBER OF EVENTS   =        9998
          NEGATIVE  EVENTS   =        2625
          NUMBER OF WEIGHTS  =       10000
          NEGATIVE  WEIGHTS  =        2625
          MEAN VALUE OF WGT  =  2.8340E-04
          RMS SPREAD IN WGT  =  5.2502E-04
          MEAN ABS WEIGHT    =  5.9663E-04
          ACTUAL MAX ABS WGT =  1.0000E+00
          ASSUMED MAXABS WGT =  2.8340E-04

          PROCESS CODE IPROC =      -18000
          CROSS SECTION (PB) =  0.2834    
          ERROR IN C-S  (PB) =  5.2502E-03
          EFFICIENCY PERCENT =   100.0    
 # of events processed=        9998
