 Enter filename for events
 Enter maximum number of events to generate
 MUST coincide with the number of events on tape
 Enter 0 to use Herwig default PDFs
       1 to use PDFs from library
 Enter colliding particles (PART1, PART2)
 Enter beam momenta (PBEAM1, PBEAM2)


          HERWIG 6.521  11th Mar. 2013

          Please reference:  G. Marchesini, B.R. Webber,
          G.Abbiendi, I.G.Knowles, M.H.Seymour & L.Stanco
          Computer Physics Communications 67 (1992) 465
                             and
          G.Corcella, I.G.Knowles, G.Marchesini, S.Moretti,
          K.Odagiri, P.Richardson, M.H.Seymour & B.R.Webber,
          JHEP 0101 (2001) 010
 Enter .TRUE. for underlying event, .FALSE. otherwise

 Underlying event WILL NOT be generated

 Enter Lambda_QCD, <0 for Herwig default
 Enter Z mass, width
 Enter W mass, width
 Enter top mass, width
 Enter Higgs (SM) boson mass, width
 Enter quark (d,u,s,c,b) and gluon masses
 Enter lepton (e,mu,tau) masses
 Enter number of events to print
 Enter accepted error fraction
 Is it single-top (.TRUE. or .FALSE)?
 Is it b-bbar (.TRUE. or .FALSE)?
 Enter the two random seeds (0 0 for default)

          INPUT CONDITIONS FOR THIS RUN

          BEAM 1 (P       ) MOM. =   6500.00
          BEAM 2 (P       ) MOM. =   6500.00
          PROCESS CODE (IPROC)   =  -18000
          NUMBER OF FLAVOURS     =    6
          STRUCTURE FUNCTION SET =    8
          AZIM SPIN CORRELATIONS =    T
          AZIM SOFT CORRELATIONS =    T
          QCD LAMBDA (GEV)       =    0.1800
          DOWN     QUARK  MASS   =    0.3200
          UP       QUARK  MASS   =    0.3200
          STRANGE  QUARK  MASS   =    0.5000
          CHARMED  QUARK  MASS   =    1.5500
          BOTTOM   QUARK  MASS   =    4.9500
          TOP      QUARK  MASS   =  173.0000
          GLUON EFFECTIVE MASS   =    0.7500
          EXTRA SHOWER CUTOFF (Q)=    0.4800
          EXTRA SHOWER CUTOFF (G)=    0.1000
          PHOTON SHOWER CUTOFF   =    0.4000
          CLUSTER MASS PARAMETER =    3.3500
          SPACELIKE EVOLN CUTOFF =    2.5000
          INTRINSIC P-TRAN (RMS) =    0.0000
          DECAY SPIN CORRELATIONS=    T
          SUSY THREE BODY ME     =    T
          SUSY FOUR  BODY ME     =    F

          NO EVENTS WILL BE WRITTEN TO DISK

          B_d: Delt-M/Gam =0.7000 Delt-Gam/2*Gam =0.0000
          B_s: Delt-M/Gam = 10.00 Delt-Gam/2*Gam =0.2000

          PDFLIB NOT USED FOR BEAM 1
          PDFLIB NOT USED FOR BEAM 2


          Checking consistency of particle properties


          Checking consistency of decay tables


          WRITING SUDAKOV TABLE ON UNIT  77

          WRITING MATRIX ELEMENT TABLE ON UNIT  88

          CHECKING SUSY DECAY MATRIX ELEMENTS
 Do you want a stable Pi0 (.TRUE. or .FALSE)?
 Do you want a stable W+ (.TRUE. or .FALSE)?
 Do you want a stable W- (.TRUE. or .FALSE)?
 Do you want a stable Z0 (.TRUE. or .FALSE)?
 Do you want a stable Tau+ (.TRUE. or .FALSE)?
 Do you want a stable Tau- (.TRUE. or .FALSE)?
 Do you want a stable Mu+ (.TRUE. or .FALSE)?
 Do you want a stable Mu- (.TRUE. or .FALSE)?
 Do you want a stable Higgs (.TRUE. or .FALSE)?

          PARTICLE TYPE  21=PI0      SET STABLE
 How many decay modes do you want to set?
 How are the events normalized ("average" or "sum")?
 stdhep initialized

          SUBROUTINE TIMEL CALLED BUT NOT LINKED.
          DUMMY TIMEL WILL BE USED. DELETE DUMMY
          AND LINK CERNLIB FOR CPU TIME REMAINING.

 HWWARN CALLED FROM SUBPROGRAM HWSMRS: CODE =   5
 EVENT       1:   SEEDS = 1973774260 & 1099242306  WEIGHT =-0.6018E-03
 EVENT SURVIVES. EXECUTION CONTINUES
 WARNING: MRST98 CALLED WITH Q OUTSIDE ALLOWED RANGE!
 Q VALUE=1.430E+04, MINIMUM=1.118E+00, MAXIMUM=3.162E+03
 NO FURTHER WARNINGS WILL BE ISSUED



 EVENT       1: 6500.00 GEV/C P        ON  6500.00 GEV/C P        PROCESS:-18000
 SEEDS:  1973774260 &  1099242306   STATUS:  100 ERROR:   0  WEIGHT: -6.0181E-04


                               ---INITIAL STATE---    

 IHEP    ID      IDPDG IST MO1 MO2 DA1 DA2   P-X     P-Y     P-Z  ENERGY    MASS
    1 P           2212 101   0   0   0   0    0.00    0.00 6500.0 6500.0    0.94
    2 P           2212 102   0   0   0   0    0.00    0.00-6500.0 6500.0    0.94
    3 CMF            0 103   1   2   0   0    0.00    0.00    0.013000.013000.00

                              ---HARD SUBPROCESS---   

 IHEP    ID      IDPDG IST MO1 MO2 DA1 DA2   P-X     P-Y     P-Z  ENERGY    MASS
    4 UQRK           2 121   6   8  10   9    0.00    0.00 2202.4 2202.4    0.32
    5 DQRK           1 122   6   9  12   8    0.00    0.00 -779.1  779.1    0.32
    6 HARD           0 120   4   5   7   9   41.55   13.52 1423.5 2981.9 2619.86
    7 HIGGS         25 123   6   7  23   7  343.21   -6.30   52.0  369.0  125.00
    8 UQRK           2 124   6   5  24   4 -351.90   34.48 -570.1  670.9    0.32
    9 DQRK           1 124   6   4  29   5    8.68  -28.19 1941.4 1941.7    0.32

                              ---PARTON SHOWERS---    

 IHEP    ID      IDPDG IST MO1 MO2 DA1 DA2   P-X     P-Y     P-Z  ENERGY    MASS
   10 UQRK          94 141   4   6  11  11    0.00    0.00 2207.2 2207.2    0.50
   11 UD          2101   2  10  26  33  32    0.00    0.00 4292.8 4292.8    0.32
   12 DQRK          94 142   5   6  14  22   41.55   13.52 -783.7  774.7 -126.46
   13 CONE           0 100   5   8   0   0   -1.00    0.10   -1.1    1.5    0.00
   14 GLUON         21   2  12  15  34  35   -1.84    5.60   -8.1   10.1    0.75
   15 DBAR          -1   2  12  16  36  35   -1.32   -0.99   -6.0    6.3    0.32
   16 DQRK           1   2  12  17  37  36  -14.47  -13.73  -57.9   61.3    0.32
   17 GLUON         21   2  12  18  38  39   -1.39   -2.99  -13.2   13.6    0.75
   18 GLUON         21   2  12  19  40  41   -0.78   -2.24  -10.6   10.9    0.75
   19 GLUON         21   2  12  20  42  43  -23.63   -3.59 -106.1  108.7    0.75
   20 GLUON         21   2  12  21  44  45    3.64    4.49 -143.5  143.7    0.75
   21 GLUON         21   2  12  22  46  47   -1.77   -0.06  -52.4   52.4    0.75
   22 UU          2203   2  12  31  48  47    0.00    0.00-5318.4 5318.4    0.28
   23 HIGGS         25 195   7   6 148 149  348.35   -4.61   52.0  373.8  125.00
   24 UQRK          94 144   8   6  26  28 -342.53   37.51 -569.8  666.4   25.66
   25 CONE           0 100   8   5   0   0    0.35   -0.04   -1.4    1.4    0.00
   26 UQRK           2   2  24  27  49  33 -337.14   35.77 -563.6  657.7    0.32
   27 GLUON         21   2  24  28  50  51   -4.21    1.18   -5.4    7.0    0.75
   28 GLUON         21   2  24  34  52  53   -1.19    0.57   -0.9    1.8    0.75
   29 DQRK          94 144   9   6  31  32   35.74  -19.38 1941.3 1941.8    3.25
   30 CONE           0 100   9   4   0   0   -0.07    0.04   44.0   44.0    0.00
   31 DQRK           1   2  29  32  54  48   28.32  -14.11 1525.7 1526.0    0.32
   32 GLUON         21   2  29  33  55  56    7.42   -5.27  415.7  415.8    0.75

                              ---GLUON SPLITTING---   

 IHEP    ID      IDPDG IST MO1 MO2 DA1 DA2   P-X     P-Y     P-Z  ENERGY    MASS
   33 UD          2101 161  10  49  92  60    0.00   -0.00 3340.3 3340.3    0.64
   34 DBAR          -1 158  12  35  88  53   -1.42    3.97   -5.8    7.2    0.32
   35 DQRK           1 158  12  36  79  34   -0.42    1.63   -2.3    2.9    0.32
   36 DBAR          -1 158  12  37  79  35   -1.32   -0.99   -6.0    6.3    0.32
   37 DQRK           1 158  12  38  80  36  -14.47  -13.73  -57.9   61.3    0.32
   38 UBAR          -2 158  12  39  80  37   -0.72   -1.46   -7.3    7.5    0.32
   39 UQRK           2 158  12  40  81  38   -0.68   -1.53   -5.9    6.1    0.32
   40 UBAR          -2 158  12  41  81  39   -0.64   -1.46   -7.3    7.5    0.32
   41 UQRK           2 158  12  61  82  40   -0.14   -0.70   -3.0    3.1    0.32
   42 UBAR          -2 158  12  43  93  62   -9.30   -1.40  -42.3   43.4    0.32
   43 UQRK           2 158  12  65  83  42   -9.50   -1.47  -41.9   43.0    0.32
   44 UBAR          -2 158  12  45  94  64    1.59    1.74  -60.9   60.9    0.32
   45 UQRK           2 158  12  46  84  44    1.79    2.46  -72.6   72.7    0.32
   46 UBAR          -2 158  12  47  84  45   -0.79    0.12  -20.4   20.4    0.32
   47 UQRK           2 158  12  69  85  46   -0.58   -0.11  -22.3   22.3    0.32
   48 UU          2203 162  12  54  91  58   -0.01   -0.00-2242.4 2242.4    0.64
   49 UQRK           2 158  24  71  86  33 -256.01   27.16 -428.0  499.4    0.32
   50 DBAR          -1 158  24  51 101  78   -1.23    0.23   -1.9    2.3    0.32
   51 DQRK           1 158  24  52  87  50   -3.19    0.86   -4.1    5.3    0.32
   52 UBAR          -2 158  24  53  87  51   -0.35    0.21   -0.1    0.5    0.32
   53 UQRK           2 158  24  34  88  52   -0.84    0.35   -0.7    1.2    0.32
   54 DQRK           1 158  29  55  89  48   28.32  -14.11 1525.7 1526.0    0.32
   55 DBAR          -1 158  29  56  89  54    1.95   -1.41  106.7  106.7    0.32
   56 DQRK           1 158  29  73  90  55    4.27   -3.02  241.6  241.6    0.32
   57 DBAR          -1 159  12  58 100  76   -0.00   -0.00-1865.2 1865.2    0.32
   58 DQRK           1 159  12  48  91  57   -0.07   -0.01  -46.4   46.4    0.32
   59 DBAR          -1 159  10  60  99  74    0.00   -0.00  814.5  814.5    0.32
   60 DQRK           1 159  29  33  92  59    0.04   -0.03  104.3  104.3    0.32
   61 UBAR          -2 159  12  62  82  41   -0.98   -0.21   -4.7    4.8    0.32
   62 UQRK           2 159  12  42  93  61   -2.97   -0.47  -13.6   13.9    0.32
   63 UBAR          -2 159  12  64  95  66    0.06    0.13   -5.3    5.3    0.32
   64 UQRK           2 159  12  44  94  63   -0.29   -0.02   -2.5    2.5    0.32
   65 DBAR          -1 159  12  66  83  43   -0.03    0.07   -3.5    3.6    0.32
   66 DQRK           1 159  12  63  95  65   -0.34   -0.03   -2.6    2.6    0.32
   67 UBAR          -2 159  12  68  97  70   -0.01   -0.00 -517.3  517.3    0.32
   68 UQRK           2 159  12  75  96  67   -0.09   -0.02  -34.7   34.7    0.32
   69 UBAR          -2 159  12  70  85  47   -0.09   -0.02  -34.6   34.6    0.32
   70 UQRK           2 159  12  67  97  69   -0.01   -0.00 -231.0  231.0    0.32
   71 DBAR          -1 159  24  72  86  49   -2.95    0.35   -4.9    5.7    0.32
   72 DQRK           1 159  24  77  98  71  -59.61    6.33  -99.6  116.3    0.32
   73 SBAR          -3 159  10  74  90  56    0.76   -0.53   55.1   55.1    0.50
   74 SQRK           3 159  29  59  99  73    0.40   -0.28   46.1   46.1    0.50
   75 SBAR          -3 159  12  76  96  68   -0.03   -0.00 -277.8  277.8    0.50
   76 SQRK           3 159  12  57 100  75   -0.09   -0.02  -78.6   78.6    0.50
   77 SBAR          -3 159  24  78  98  72   -3.79    0.47   -6.2    7.3    0.50
   78 SQRK           3 159  24  50 101  77  -14.57    1.56  -24.3   28.4    0.50

                             ---CLUSTER FORMATION---  

 IHEP    ID      IDPDG IST MO1 MO2 DA1 DA2   P-X     P-Y     P-Z  ENERGY    MASS
   79 CLUS          91 183  35  36 102 103   -1.74    0.64   -8.3    9.1    3.24
   80 CLUS          91 183  37  38 104 105  -15.18  -15.19  -65.3   68.8    3.30
   81 CLUS          91 183  39  40 106 107   -1.32   -2.99  -13.2   13.6    0.76
   82 CLUS          91 183  41  61 108 109   -1.12   -0.91   -7.7    7.9    1.14
   83 CLUS          91 183  43  65 110 111   -9.53   -1.40  -45.4   46.5    2.97
   84 CLUS          91 183  45  46 112 113    1.00    2.58  -93.0   93.1    2.78
   85 CLUS          91 183  47  69 114 115   -0.67   -0.12  -56.9   57.0    0.93
   86 CLUS          91 183  49  71 116 117 -258.96   27.51 -432.8  505.1    3.06
   87 CLUS          91 183  51  52 118 119   -3.54    1.07   -4.2    5.8    1.45
   88 CLUS          91 183  53  34 120 121   -2.26    4.32   -6.6    8.4    1.97
   89 CLUS          91 183  54  55 122 123   30.27  -15.52 1632.3 1632.7    2.05
   90 CLUS          91 183  56  73 124 125    5.03   -3.55  296.6  296.7    1.33
   91 CLUS          91 185  58  48 126 127   -0.07   -0.01-2288.7 2288.7    2.39
   92 CLUS          91 184  60  33 128 129    0.04   -0.03 3444.6 3444.6    1.97
   93 CLUS          91 183  62  42 130 131  -12.27   -1.86  -55.9   57.3    0.75
   94 CLUS          91 183  64  44 132 133    1.30    1.72  -63.4   63.5    2.46
   95 CLUS          91 183  66  63 134 135   -0.28    0.10   -7.9    7.9    0.88
   96 CLUS          91 183  68  75 136 137   -0.12   -0.02 -312.6  312.6    1.13
   97 CLUS          91 183  70  67 138 139   -0.02   -0.00 -748.3  748.3    0.69
   98 CLUS          91 183  72  77 140 141  -63.40    6.79 -105.9  123.6    2.12
   99 CLUS          91 183  74  59 142 143    0.40   -0.28  860.6  860.6    2.99
  100 CLUS          91 183  76  57 144 145   -0.10   -0.02-1943.8 1943.8    2.55
  101 CLUS          91 183  78  50 146 147  -15.80    1.79  -26.2   30.7    1.39

                              ---CLUSTER DECAYS---    

 IHEP    ID      IDPDG IST MO1 MO2 DA1 DA2   P-X     P-Y     P-Z  ENERGY    MASS
  102 P           2212   1  79  12   0   0   -0.50    1.41   -2.6    3.2    0.94
  103 PBAR       -2212   1  79  12   0   0   -1.24   -0.77   -5.7    6.0    0.94
  104 KD_30        317 197  80  12 195 196  -10.05   -9.87  -42.2   44.5    1.77
  105 K*_2-       -325 197  80  12 197 198   -5.13   -5.32  -23.1   24.3    1.43
  106 PI0          111   1  81  12   0   0   -0.25   -0.55   -1.6    1.7    0.13
  107 PI0          111   1  81  12   0   0   -1.06   -2.44  -11.6   11.9    0.13
  108 PI0          111   1  82  12   0   0   -0.28   -0.47   -3.4    3.4    0.13
  109 RHO0         113 197  82  12 199 200   -0.84   -0.44   -4.3    4.5    0.77
  110 DELTA++     2224 197  83  12 201 202   -3.01    0.16  -13.9   14.3    1.23
  111 DELTABR-   -2214 197  83  12 203 204   -6.52   -1.56  -31.5   32.2    1.23
  112 P           2212   1  84  12   0   0    0.26    1.40  -64.2   64.2    0.94
  113 DELTABR-   -2214 197  84  12 205 206    0.74    1.18  -28.8   28.9    1.23
  114 PI+          211   1  85  12   0   0   -0.14    0.04  -12.3   12.3    0.14
  115 RHO-        -213 197  85  12 207 208   -0.53   -0.16  -44.7   44.7    0.77
  116 K*+          323 197  86  24 209 210 -195.04   20.70 -326.0  380.5    0.89
  117 K*_2BAR0    -315 197  86  24 211 212  -63.92    6.81 -106.8  124.7    1.43
  118 K0           311 197  87  24 213 213   -2.87    1.03   -3.7    4.8    0.50
  119 K-          -321   1  87  24   0   0   -0.67    0.04   -0.6    1.0    0.49
  120 F_2          225 197  88  24 214 215   -1.39    2.17   -4.2    5.1    1.27
  121 PI+          211   1  88  24   0   0   -0.87    2.15   -2.3    3.3    0.14
  122 N           2112   1  89  29   0   0   20.73  -10.46 1117.5 1117.8    0.94
  123 NBAR       -2112   1  89  29   0   0    9.53   -5.06  514.8  514.9    0.94
  124 RHO-        -213 197  90  29 216 217    3.34   -2.31  185.9  186.0    0.77
  125 K+           321   1  90  29   0   0    1.69   -1.24  110.7  110.7    0.49
  126 OMEGA        223 197  91  12 218 220   -0.56    0.30 -565.4  565.4    0.78
  127 P           2212   1  91  12   0   0    0.49   -0.31-1723.3 1723.3    0.94
  128 PI0          111   1  92  29   0   0   -0.11    0.28  129.5  129.5    0.13
  129 N           2112   1  92  29   0   0    0.15   -0.31 3315.1 3315.1    0.94
  130 PI0          111   1  93  12   0   0   -2.49   -0.35  -12.6   12.9    0.13
  131 PI0          111   1  93  12   0   0   -9.78   -1.51  -43.3   44.4    0.13
  132 ETA          221 197  94  12 221 222    0.52    0.33  -16.5   16.5    0.55
  133 ETA_2(H)   10335 197  94  12 223 224    0.78    1.39  -46.9   47.0    1.85
  134 PI0          111   1  95  12   0   0   -0.24   -0.21   -1.3    1.4    0.13
  135 PI-         -211   1  95  12   0   0   -0.03    0.31   -6.6    6.6    0.14
  136 PI0          111   1  96  12   0   0   -0.28   -0.08 -238.1  238.1    0.13
  137 K+           321   1  96  12   0   0    0.16    0.06  -74.4   74.4    0.49
  138 PI+          211   1  97  12   0   0   -0.30    0.07 -500.0  500.0    0.14
  139 PI-         -211   1  97  12   0   0    0.28   -0.08 -248.2  248.2    0.14
  140 K0           311 197  98  24 225 225  -15.31    1.89  -25.8   30.0    0.50
  141 FP_2         335 197  98  24 226 227  -48.09    4.90  -80.1   93.6    1.52
  142 SIGMA+      3222 197  99  29 228 229    0.01    0.39  211.5  211.5    1.19
  143 DELTABR-   -2214 197  99  29 230 231    0.39   -0.68  649.0  649.0    1.23
  144 SIGMA+      3222 197 100  12 232 233   -0.06    0.15-1236.5 1236.5    1.19
  145 DELTABR-   -2214 197 100  12 234 235   -0.03   -0.17 -707.4  707.4    1.23
  146 K*BAR0      -313 197 101  24 236 237  -13.72    1.57  -22.1   26.1    0.90
  147 PI0          111   1 101  24   0   0   -2.08    0.22   -4.1    4.6    0.13

                            ---H/W/Z BOSON DECAYS---  

 IHEP    ID      IDPDG IST MO1 MO2 DA1 DA2   P-X     P-Y     P-Z  ENERGY    MASS
  148 BQRK           5 123  23 149 150 149  239.39   55.05   30.2  247.5    4.95
  149 BBAR          -5 124  23 148 156 148  108.96  -59.66   21.9  126.2    4.95

                              ---PARTON SHOWERS---    

 IHEP    ID      IDPDG IST MO1 MO2 DA1 DA2   P-X     P-Y     P-Z  ENERGY    MASS
  150 BQRK          94 143 148  23 152 155  241.61   51.98   30.8  250.4   26.01
  151 CONE           0 100 148 149   0   0    1.43   -0.71    0.3    1.6    0.00
  152 BQRK           5   2 150 153 160 159   56.95   13.81   16.9   61.2    4.95
  153 GLUON         21   2 150 154 161 162   23.18    3.87   -0.0   23.5    0.75
  154 GLUON         21   2 150 155 163 164  128.04   26.20   10.4  131.1    0.75
  155 GLUON         21   2 150 158 165 166   33.44    8.11    3.5   34.6    0.75
  156 BBAR          94 144 149  23 158 159  106.73  -56.59   21.2  123.4   13.08
  157 CONE           0 100 149 148   0   0    0.77    0.72    0.0    1.1    0.00
  158 GLUON         21   2 156 159 167 168    8.29   -1.18    0.8    8.4    0.75
  159 BBAR          -5   2 156 160 169 168   98.44  -55.41   20.5  114.9    4.95

                              ---GLUON SPLITTING---   

 IHEP    ID      IDPDG IST MO1 MO2 DA1 DA2   P-X     P-Y     P-Z  ENERGY    MASS
  160 BQRK           5 158 150 170 174 169   55.85   13.53   16.5   60.0    4.95
  161 DBAR          -1 158 150 162 179 171    3.96    0.69   -0.0    4.0    0.32
  162 DQRK           1 158 150 163 175 161   15.99    2.64    0.1   16.2    0.32
  163 UBAR          -2 158 150 164 175 162   51.02   10.29    4.0   52.2    0.32
  164 UQRK           2 158 150 165 176 163   77.02   15.90    6.4   78.9    0.32
  165 UBAR          -2 158 150 166 176 164   18.38    4.65    2.0   19.1    0.32
  166 UQRK           2 158 150 167 177 165   15.06    3.46    1.5   15.5    0.32
  167 DBAR          -1 158 156 168 177 166    2.03   -0.27    0.2    2.1    0.32
  168 DQRK           1 158 156 172 178 167    5.35   -0.79    0.5    5.4    0.32
  169 BBAR          -5 158 156 160 180 173   95.86  -53.93   19.9  111.9    4.95
  170 DBAR          -1 159 150 171 174 160    1.99    0.39    0.2    2.1    0.32
  171 DQRK           1 159 150 161 179 170    2.33    0.43    0.1    2.4    0.32
  172 DBAR          -1 159 156 173 178 168    1.70   -0.77    0.3    1.9    0.32
  173 DQRK           1 159 156 169 180 172    1.80   -0.84    0.3    2.0    0.32

                             ---CLUSTER FORMATION---  

 IHEP    ID      IDPDG IST MO1 MO2 DA1 DA2   P-X     P-Y     P-Z  ENERGY    MASS
  174 CLUS          91 183 160 170 181 182   57.84   13.92   16.7   62.1    5.79
  175 CLUS          91 183 162 163 183 184   67.01   12.93    4.2   68.4    2.40
  176 CLUS          91 183 164 165 185 186   95.41   20.55    8.3   98.0    2.07
  177 CLUS          91 183 166 167 187 188   17.09    3.19    1.8   17.6    2.24
  178 CLUS          91 183 168 172 189 190    7.05   -1.55    0.8    7.3    1.16
  179 CLUS          91 183 171 161 191 192    6.30    1.12    0.1    6.4    0.68
  180 CLUS          91 183 173 169 193 194   97.66  -54.77   20.3  113.9    5.66

                              ---CLUSTER DECAYS---    

 IHEP    ID      IDPDG IST MO1 MO2 DA1 DA2   P-X     P-Y     P-Z  ENERGY    MASS
  181 B-          -521 199 174 150 270 271   56.79   13.73   16.6   61.0    5.28
  182 PI+          211   1 174 150   0   0    1.06    0.19    0.0    1.1    0.14
  183 N           2112   1 175 150   0   0   29.81    6.22    2.1   30.5    0.94
  184 DELTABR-   -2214 197 175 150 238 239   37.20    6.71    2.1   37.9    1.23
  185 K+           321   1 176 150   0   0   54.71   11.03    4.3   56.0    0.49
  186 K-          -321   1 176 150   0   0   40.69    9.52    4.1   42.0    0.49
  187 B_1+       10213 197 177 150 240 241   13.88    2.61    1.4   14.3    1.23
  188 RHO0         113 197 177 150 242 243    3.21    0.57    0.3    3.4    0.77
  189 RHO-        -213 197 178 156 244 245    4.02   -1.09    0.6    4.3    0.77
  190 PI+          211   1 178 156   0   0    3.03   -0.46    0.2    3.1    0.14
  191 PI-         -211   1 179 150   0   0    2.71    0.77   -0.1    2.8    0.14
  192 PI+          211   1 179 150   0   0    3.59    0.35    0.2    3.6    0.14
  193 PI-         -211   1 180 156   0   0    0.74   -0.33    0.1    0.8    0.14
  194 B*+          523 197 180 156 246 247   96.91  -54.43   20.1  113.1    5.32

                           ---STRONG HADRON DECAYS--- 

 IHEP    ID      IDPDG IST MO1 MO2 DA1 DA2   P-X     P-Y     P-Z  ENERGY    MASS
  195 K+           321   1 104  12   0   0   -5.37   -6.08  -24.0   25.3    0.49
  196 RHO-        -213 198 104  12 248 249   -4.68   -3.80  -18.2   19.2    0.77
  197 KBAR0       -311 198 105  12 250 250   -4.35   -5.06  -20.6   21.6    0.50
  198 PI-         -211   1 105  12   0   0   -0.79   -0.26   -2.5    2.6    0.14
  199 PI+          211   1 109  12   0   0   -0.53   -0.53   -3.7    3.8    0.14
  200 PI-         -211   1 109  12   0   0   -0.31    0.10   -0.7    0.7    0.14
  201 P           2212   1 110  12   0   0   -2.27    0.11   -9.6    9.9    0.94
  202 PI+          211   1 110  12   0   0   -0.74    0.05   -4.3    4.4    0.14
  203 PBAR       -2212   1 111  12   0   0   -6.09   -1.31  -29.0   29.6    0.94
  204 PI0          111   1 111  12   0   0   -0.43   -0.25   -2.6    2.6    0.13
  205 NBAR       -2112   1 113  12   0   0    0.51    0.61  -19.0   19.1    0.94
  206 PI-         -211   1 113  12   0   0    0.23    0.56   -9.8    9.8    0.14
  207 PI-         -211   1 115  12   0   0   -0.57    0.02  -40.2   40.2    0.14
  208 PI0          111   1 115  12   0   0    0.04   -0.18   -4.5    4.5    0.13
  209 K0           311 198 116  24 251 251  -75.49    7.93 -125.9  147.0    0.50
  210 PI+          211   1 116  24   0   0 -119.54   12.76 -200.1  233.5    0.14
  211 KBAR0       -311 198 117  24 252 252  -23.86    2.58  -39.3   46.0    0.50
  212 OMEGA        223 198 117  24 253 255  -40.06    4.23  -67.5   78.6    0.78
  213 K_S0         310 198 118  24 256 257   -2.87    1.03   -3.7    4.8    0.50
  214 PI0          111   1 120  24   0   0   -1.00    1.95   -2.5    3.4    0.13
  215 PI0          111   1 120  24   0   0   -0.39    0.21   -1.7    1.8    0.13
  216 PI-         -211   1 124  29   0   0    0.23   -0.27   11.8   11.8    0.14
  217 PI0          111   1 124  29   0   0    3.11   -2.04  174.1  174.1    0.13
  218 PI+          211   1 126  12   0   0   -0.56    0.10 -267.2  267.2    0.14
  219 PI-         -211   1 126  12   0   0    0.02   -0.00 -129.0  129.0    0.14
  220 PI0          111   1 126  12   0   0   -0.01    0.20 -169.2  169.2    0.13
  221 GAMMA         22   1 132  12   0   0    0.04    0.34   -5.9    5.9    0.00
  222 GAMMA         22   1 132  12   0   0    0.47   -0.01  -10.6   10.6    0.00
  223 F_2          225 198 133  12 258 259    0.54    0.85  -28.8   28.9    1.27
  224 ETA          221 198 133  12 260 262    0.24    0.55  -18.1   18.1    0.55
  225 K_L0         130   1 140  24   0   0  -15.31    1.89  -25.8   30.0    0.50
  226 K0           311 198 141  24 263 263  -39.05    4.30  -65.0   75.9    0.50
  227 KBAR0       -311 198 141  24 264 264   -9.05    0.60  -15.1   17.6    0.50
  228 N           2112   1 142  29   0   0    0.04    0.44  200.8  200.8    0.94
  229 PI+          211   1 142  29   0   0   -0.02   -0.05   10.7   10.7    0.14
  230 NBAR       -2112   1 143  29   0   0    0.34   -0.72  482.2  482.2    0.94
  231 PI-         -211   1 143  29   0   0    0.04    0.04  166.8  166.8    0.14
  232 P           2212   1 144  12   0   0    0.12    0.15-1066.5 1066.5    0.94
  233 PI0          111   1 144  12   0   0   -0.18   -0.00 -169.9  169.9    0.13
  234 PBAR       -2212   1 145  12   0   0   -0.01   -0.33 -630.1  630.1    0.94
  235 PI0          111   1 145  12   0   0   -0.02    0.17  -77.3   77.3    0.13
  236 K-          -321   1 146  24   0   0   -7.38    0.83  -12.4   14.5    0.49
  237 PI+          211   1 146  24   0   0   -6.34    0.74   -9.7   11.6    0.14
  238 PBAR       -2212   1 184 150   0   0   24.57    4.44    1.5   25.0    0.94
  239 PI0          111   1 184 150   0   0   12.62    2.27    0.5   12.8    0.13
  240 OMEGA        223 198 187 150 265 267    6.79    1.40    0.5    7.0    0.78
  241 PI+          211   1 187 150   0   0    7.09    1.21    0.9    7.3    0.14
  242 PI+          211   1 188 150   0   0    0.67    0.15   -0.2    0.7    0.14
  243 PI-         -211   1 188 150   0   0    2.54    0.42    0.5    2.6    0.14
  244 PI-         -211   1 189 156   0   0    1.97   -0.86    0.1    2.2    0.14
  245 PI0          111   1 189 156   0   0    2.05   -0.23    0.5    2.1    0.13
  246 B+           521 199 194 156 299 300   96.72  -54.36   20.1  112.9    5.28
  247 GAMMA         22   1 194 156   0   0    0.19   -0.07    0.0    0.2    0.00
  248 PI-         -211   1 196  12   0   0   -2.84   -2.38  -12.2   12.8    0.14
  249 PI0          111   1 196  12   0   0   -1.83   -1.42   -5.9    6.4    0.13
  250 K_L0         130   1 197  12   0   0   -4.35   -5.06  -20.6   21.6    0.50
  251 K_S0         310 198 209  24 268 269  -75.49    7.93 -125.9  147.0    0.50
  252 K_L0         130   1 211  24   0   0  -23.86    2.58  -39.3   46.0    0.50
  253 PI+          211   1 212  24   0   0  -21.76    2.40  -37.1   43.0    0.14
  254 PI-         -211   1 212  24   0   0  -13.01    1.32  -21.4   25.1    0.14
  255 PI0          111   1 212  24   0   0   -5.28    0.51   -9.1   10.5    0.13
  256 PI+          211   1 213  24   0   0   -1.58    0.50   -2.3    2.8    0.14
  257 PI-         -211   1 213  24   0   0   -1.29    0.53   -1.4    2.0    0.14
  258 PI+          211   1 223  12   0   0    0.75    0.35   -9.4    9.5    0.14
  259 PI-         -211   1 223  12   0   0   -0.22    0.50  -19.4   19.4    0.14
  260 PI+          211   1 224  12   0   0    0.04    0.30   -7.6    7.6    0.14
  261 PI-         -211   1 224  12   0   0   -0.01    0.06   -2.4    2.4    0.14
  262 PI0          111   1 224  12   0   0    0.21    0.19   -8.1    8.1    0.13
  263 K_L0         130   1 226  24   0   0  -39.05    4.30  -65.0   75.9    0.50
  264 K_L0         130   1 227  24   0   0   -9.05    0.60  -15.1   17.6    0.50
  265 PI+          211   1 240 150   0   0    2.55    0.58   -0.1    2.6    0.14
  266 PI-         -211   1 240 150   0   0    2.36    0.57    0.3    2.5    0.14
  267 PI0          111   1 240 150   0   0    1.87    0.25    0.3    1.9    0.13
  268 PI+          211   1 251  24   0   0  -57.53    6.11  -96.2  112.3    0.14
  269 PI-         -211   1 251  24   0   0  -17.96    1.82  -29.7   34.7    0.14

                           ---HEAVY PARTICLE DECAYS---

 IHEP    ID      IDPDG IST MO1 MO2 DA1 DA2   P-X     P-Y     P-Z  ENERGY    MASS
  270 BQRK           5 155 181 271 272 274   53.35   12.89   15.6   57.3    4.96
  271 UBAR          -2 125 181 274 275 274    3.44    0.83    1.0    3.7    0.32
  272 SQRK           3 123 270 273 276 273   12.96    3.47    3.2   13.8    0.50
  273 CBAR          -4 124 270 272 278 272   27.85    7.43    8.1   30.0    1.55
  274 CQRK           4 124 270 270 280 270   12.54    2.00    4.3   13.5    1.55
  275 UBAR          -2 160 271 284 286 284    3.44    0.83    1.0    3.7    0.32

                              ---PARTON SHOWERS---    

 IHEP    ID      IDPDG IST MO1 MO2 DA1 DA2   P-X     P-Y     P-Z  ENERGY    MASS
  276 SQRK          94 143 272 270 277 277   12.96    3.47    3.2   13.8    0.50
  277 SQRK           3   2 276 279 282 279   12.96    3.47    3.2   13.8    0.50
  278 CBAR          94 144 273 270 279 279   27.85    7.43    8.1   30.0    1.55
  279 CBAR          -4   2 278 282 283 282   27.85    7.43    8.1   30.0    1.55
  280 CQRK          94 144 274 270 281 281   12.54    2.00    4.3   13.5    1.55
  281 CQRK           4   2 280 275 284 275   12.54    2.00    4.3   13.5    1.55

                              ---GLUON SPLITTING---   

 IHEP    ID      IDPDG IST MO1 MO2 DA1 DA2   P-X     P-Y     P-Z  ENERGY    MASS
  282 SQRK           3 158 276 283 285 283   12.96    3.47    3.2   13.8    0.50
  283 CBAR          -4 158 278 282 285 282   27.85    7.43    8.1   30.0    1.55
  284 CQRK           4 158 280 275 286 275   12.54    2.00    4.3   13.5    1.55

                             ---CLUSTER FORMATION---  

 IHEP    ID      IDPDG IST MO1 MO2 DA1 DA2   P-X     P-Y     P-Z  ENERGY    MASS
  285 CLUS          91 183 282 283 287 287   41.76   11.26   11.6   44.8    1.97
  286 CLUS          91 183 284 275 288 288   15.03    2.46    5.1   16.2    1.86

                              ---CLUSTER DECAYS---    

 IHEP    ID      IDPDG IST MO1 MO2 DA1 DA2   P-X     P-Y     P-Z  ENERGY    MASS
  287 D_S-        -431 196 285 276 289 290   41.76   11.26   11.6   44.8    1.97
  288 D0           421 196 286 280 291 292   15.03    2.46    5.1   16.2    1.86

                           ---STRONG HADRON DECAYS--- 

 IHEP    ID      IDPDG IST MO1 MO2 DA1 DA2   P-X     P-Y     P-Z  ENERGY    MASS
  289 PHI          333 198 287 276 293 294   20.51    5.50    5.0   21.8    1.02
  290 PI-         -211   1 287 276   0   0   21.25    5.77    6.6   23.0    0.14
  291 K*0          313 198 288 280 295 296    5.76    1.07    1.9    6.2    0.90
  292 K*BAR0      -313 198 288 280 297 298    9.27    1.39    3.2    9.9    0.90
  293 K+           321   1 289 276   0   0   11.47    2.98    2.8   12.2    0.49
  294 K-          -321   1 289 276   0   0    9.04    2.52    2.1    9.6    0.49
  295 K+           321   1 291 280   0   0    2.77    0.37    1.1    3.1    0.49
  296 PI-         -211   1 291 280   0   0    2.99    0.70    0.8    3.2    0.14
  297 K-          -321   1 292 280   0   0    4.93    0.56    1.5    5.2    0.49
  298 PI+          211   1 292 280   0   0    4.34    0.83    1.7    4.7    0.14

                           ---HEAVY PARTICLE DECAYS---

 IHEP    ID      IDPDG IST MO1 MO2 DA1 DA2   P-X     P-Y     P-Z  ENERGY    MASS
  299 UQRK           2 125 246 303 304 303    5.86   -3.30    1.2    6.8    0.32
  300 BBAR          -5 155 246 299 301 303   90.86  -51.06   18.9  106.0    4.96
  301 CBAR          -4 123 300 302 305 302   43.99  -26.01    7.4   51.7    1.55
  302 UQRK           2 124 300 301 307 301   17.07   -8.91    4.0   19.7    0.32
  303 DBAR          -1 124 300 300 309 300   29.80  -16.15    7.4   34.7    0.32
  304 UQRK           2 160 299 313 314 313    5.86   -3.30    1.2    6.8    0.32

                              ---PARTON SHOWERS---    

 IHEP    ID      IDPDG IST MO1 MO2 DA1 DA2   P-X     P-Y     P-Z  ENERGY    MASS
  305 CBAR          94 143 301 300 306 306   43.99  -26.01    7.4   51.7    1.55
  306 CBAR          -4   2 305 308 311 308   43.99  -26.01    7.4   51.7    1.55
  307 UQRK          94 144 302 300 308 308   17.07   -8.91    4.0   19.7    0.32
  308 UQRK           2   2 307 311 312 311   17.07   -8.91    4.0   19.7    0.32
  309 DBAR          94 144 303 300 310 310   29.80  -16.15    7.4   34.7    0.32
  310 DBAR          -1   2 309 304 313 304   29.80  -16.15    7.4   34.7    0.32

                              ---GLUON SPLITTING---   

 IHEP    ID      IDPDG IST MO1 MO2 DA1 DA2   P-X     P-Y     P-Z  ENERGY    MASS
  311 CBAR          -4 158 305 312 315 312   43.99  -26.01    7.4   51.7    1.55
  312 UQRK           2 158 307 311 315 311   17.07   -8.91    4.0   19.7    0.32
  313 DBAR          -1 158 309 304 314 304   29.80  -16.15    7.4   34.7    0.32

                             ---CLUSTER FORMATION---  

 IHEP    ID      IDPDG IST MO1 MO2 DA1 DA2   P-X     P-Y     P-Z  ENERGY    MASS
  314 CLUS          91 183 304 313 316 317   35.67  -19.44    8.7   41.5    1.06
  315 CLUS          91 183 312 311 318 319   61.06  -34.92   11.4   71.3    3.23

                              ---CLUSTER DECAYS---    

 IHEP    ID      IDPDG IST MO1 MO2 DA1 DA2   P-X     P-Y     P-Z  ENERGY    MASS
  316 PI0          111   1 314 299   0   0    3.31   -1.92    0.6    3.9    0.13
  317 PI+          211   1 314 299   0   0   32.36  -17.52    8.1   37.7    0.14
  318 ETA          221 197 315 307 320 321   14.75   -7.82    3.4   17.0    0.55
  319 D*BAR0      -423 197 315 307 322 323   46.30  -27.10    8.1   54.3    2.01

                           ---STRONG HADRON DECAYS--- 

 IHEP    ID      IDPDG IST MO1 MO2 DA1 DA2   P-X     P-Y     P-Z  ENERGY    MASS
  320 GAMMA         22   1 318 307   0   0    2.24   -1.27    0.3    2.6    0.00
  321 GAMMA         22   1 318 307   0   0   12.52   -6.54    3.0   14.4    0.00
  322 DBAR0       -421 198 319 307 324 325   43.01  -25.18    7.4   50.4    1.86
  323 PI0          111   1 319 307   0   0    3.29   -1.92    0.6    3.9    0.13
  324 K*+          323 198 322 307 326 327   20.04  -11.61    3.1   23.4    0.89
  325 RHO-        -213 198 322 307 328 329   22.97  -13.57    4.4   27.0    0.77
  326 K0           311 198 324 307 330 330   12.46   -7.19    1.6   14.5    0.50
  327 PI+          211   1 324 307   0   0    7.59   -4.41    1.4    8.9    0.14
  328 PI-         -211   1 325 307   0   0   14.18   -8.53    2.4   16.7    0.14
  329 PI0          111   1 325 307   0   0    8.79   -5.03    2.0   10.3    0.13
  330 K_S0         310 198 326 307 331 332   12.46   -7.19    1.6   14.5    0.50
  331 PI+          211   1 330 307   0   0    3.51   -1.85    0.5    4.0    0.14
  332 PI-         -211   1 330 307   0   0    8.94   -5.35    1.1   10.5    0.14



 EVENT       2: 6500.00 GEV/C P        ON  6500.00 GEV/C P        PROCESS:-18000
 SEEDS:   389004826 &  2030782573   STATUS:  100 ERROR:   0  WEIGHT:  6.0181E-04


                               ---INITIAL STATE---    

 IHEP    ID      IDPDG IST MO1 MO2 DA1 DA2   P-X     P-Y     P-Z  ENERGY    MASS
    1 P           2212 101   0   0   0   0    0.00    0.00 6500.0 6500.0    0.94
    2 P           2212 102   0   0   0   0    0.00    0.00-6500.0 6500.0    0.94
    3 CMF            0 103   1   2   0   0    0.00    0.00    0.013000.013000.00

                              ---HARD SUBPROCESS---   

 IHEP    ID      IDPDG IST MO1 MO2 DA1 DA2   P-X     P-Y     P-Z  ENERGY    MASS
    4 UQRK           2 121   6   8  10   9    0.00    0.00 1459.6 1459.6    0.32
    5 DQRK           1 122   6   9  16   8    0.00    0.00 -697.0  697.0    0.32
    6 HARD           0 120   4   5   7   9    0.19   -0.76  762.6 2156.5 2017.18
    7 HIGGS         25 123   6   7  20   7 -146.55 -189.51  185.8  327.9  125.00
    8 UQRK           2 124   6   5  21   4  186.56  133.42 -603.8  645.9    0.32
    9 DQRK           1 124   6   4  26   5  -40.02   56.09 1180.6 1182.7    0.32

                              ---PARTON SHOWERS---    

 IHEP    ID      IDPDG IST MO1 MO2 DA1 DA2   P-X     P-Y     P-Z  ENERGY    MASS
   10 UQRK          94 141   4   6  12  15   -1.19    1.92 1459.6 1459.6  -13.93
   11 CONE           0 100   4   9   0   0   -0.58    0.81   13.2   13.3    0.00
   12 GLUON         21   2  10  13  30  31   -1.10   -1.09   45.7   45.7    0.75
   13 GLUON         21   2  10  14  32  33    0.77   -0.70   47.3   47.3    0.75
   14 GLUON         21   2  10  15  34  35    1.52   -0.13   96.7   96.7    0.75
   15 UD          2101   2  10  23  36  35    0.00    0.00 4850.7 4850.7    0.31
   16 DQRK          94 142   5   6  18  19    1.39   -2.68 -697.0  697.0   -7.34
   17 CONE           0 100   5   8   0   0    0.81    0.58   -1.9    2.2    0.00
   18 GLUON         21   2  16  19  37  38   -1.39    2.68 -150.1  150.1    0.75
   19 UU          2203   2  16  28  39  38    0.00    0.00-5652.9 5652.9    0.32
   20 HIGGS         25 195   7   6 140 141 -146.39 -189.47  185.7  327.8  125.00
   21 UQRK          94 144   8   6  23  25  186.47  133.09 -602.7  647.1   53.99
   22 CONE           0 100   8   5   0   0   -0.24   -0.17   -2.0    2.1    0.00
   23 UQRK           2   2  21  24  40  36  145.64  125.21 -496.6  532.5    0.32
   24 CBAR          -4   2  21  25  41  40   28.16    0.57  -62.6   68.7    1.55
   25 CQRK           4   2  21  37  42  41   12.66    7.30  -43.5   45.9    1.55
   26 DQRK          94 144   9   6  28  29  -39.88   55.62 1179.7 1181.7    7.44
   27 CONE           0 100   9   4   0   0    0.21   -0.30   11.0   11.0    0.00
   28 DQRK           1   2  26  29  43  39  -38.54   54.97 1144.2 1146.1    0.32
   29 GLUON         21   2  26  30  44  45   -1.34    0.65   35.5   35.6    0.75

                              ---GLUON SPLITTING---   

 IHEP    ID      IDPDG IST MO1 MO2 DA1 DA2   P-X     P-Y     P-Z  ENERGY    MASS
   30 DBAR          -1 158  10  31  81  45   -0.80   -0.84   29.6   29.6    0.32
   31 DQRK           1 158  10  32  74  30   -0.30   -0.25   16.1   16.1    0.32
   32 DBAR          -1 158  10  33  74  31    0.55   -0.44   23.4   23.4    0.32
   33 DQRK           1 158  10  34  75  32    0.22   -0.26   23.9   23.9    0.32
   34 DBAR          -1 158  10  35  75  33    1.07   -0.18   59.0   59.0    0.32
   35 DQRK           1 158  10  46  76  34    0.42    0.05   36.8   36.8    0.32
   36 UD          2101 161  10  40  82  47    0.01    0.00 3837.6 3837.6    0.64
   37 DBAR          -1 158  16  38  88  59   -0.71    1.22  -73.6   73.6    0.32
   38 DQRK           1 158  16  50  77  37   -0.30    0.74  -38.1   38.1    0.32
   39 UU          2203 162  16  43  83  49   -0.00    0.01-1835.1 1835.1    0.64
   40 UQRK           2 158  21  56  78  36   65.51   56.32 -223.4  239.5    0.32
   41 CBAR          -4 158  21  42  85  53   24.64    0.53  -54.8   60.1    1.55
   42 CQRK           4 158  21  62  79  41    7.94    4.59  -27.7   29.3    1.55
   43 DQRK           1 158  26  64  80  39  -29.61   42.23  878.9  880.4    0.32
   44 DBAR          -1 158  26  45  91  65   -0.53    0.21   13.9   14.0    0.32
   45 DQRK           1 158  26  30  81  44   -0.64    0.52   17.9   17.9    0.32
   46 UBAR          -2 159  10  47  76  35    0.01    0.00  719.2  719.2    0.32
   47 UQRK           2 159  10  36  82  46    0.02    0.00  294.6  294.6    0.32
   48 DBAR          -1 159  16  49  84  51   -0.00    0.00-3444.4 3444.4    0.32
   49 DQRK           1 159  16  39  83  48   -0.05    0.13  -36.1   36.1    0.32
   50 UBAR          -2 159  16  51  77  38   -0.01    0.01 -274.1  274.1    0.32
   51 UQRK           2 159  16  48  84  50   -0.02    0.06  -71.3   71.3    0.32
   52 UBAR          -2 159  21  53  92  67    1.63    0.12   -3.7    4.1    0.32
   53 UQRK           2 159  21  41  85  52    0.81    0.30   -2.2    2.4    0.32
   54 UBAR          -2 159  21  55  87  57    1.75    1.42   -5.9    6.3    0.32
   55 UQRK           2 159  21  68  86  54   26.56   22.83  -90.6   97.1    0.32
   56 SBAR          -3 159  21  57  78  40    5.32    4.51  -18.1   19.4    0.50
   57 SQRK           3 159  21  54  87  56    5.28    4.48  -17.9   19.2    0.50
   58 SBAR          -3 159  16  59  89  61   -0.09    0.26  -14.1   14.1    0.50
   59 SQRK           3 159  21  37  88  58    0.30    0.22   -3.1    3.2    0.50
   60 DBAR          -1 159  16  61  94  71   -0.07    0.19  -10.4   10.4    0.32
   61 DQRK           1 159  21  58  89  60    0.35    0.22   -2.0    2.0    0.32
   62 DBAR          -1 159  16  63  79  42    0.13    0.12   -2.3    2.3    0.32
   63 DQRK           1 159  21  70  90  62    2.91    1.68  -10.0   10.5    0.32
   64 SBAR          -3 159  26  65  80  43   -0.91    1.01   26.1   26.1    0.50
   65 SQRK           3 159  26  44  91  64   -8.19   11.65  242.9  243.3    0.50
   66 DBAR          -1 159  21  67  95  73    1.08    0.17   -2.6    2.8    0.32
   67 DQRK           1 159  21  52  92  66    5.54    4.74  -18.9   20.2    0.32
   68 UBAR          -2 159  21  69  86  55    1.01    0.70   -3.2    3.4    0.32
   69 UQRK           2 159  21  72  93  68   23.16   19.90  -79.0   84.7    0.32
   70 UBAR          -2 159  16  71  90  63    0.41    0.25   -2.1    2.1    0.32
   71 UQRK           2 159  21  60  94  70    0.50    0.30   -2.2    2.3    0.32
   72 UBAR          -2 159  21  73  93  69   10.25    8.79  -34.9   37.4    0.32
   73 UQRK           2 159  21  66  95  72    1.27    0.97   -4.1    4.5    0.32

                             ---CLUSTER FORMATION---  

 IHEP    ID      IDPDG IST MO1 MO2 DA1 DA2   P-X     P-Y     P-Z  ENERGY    MASS
   74 CLUS          91 183  31  32  96  97    0.25   -0.69   39.5   39.5    1.05
   75 CLUS          91 183  33  34  98  99    1.29   -0.44   82.9   82.9    0.83
   76 CLUS          91 183  35  46 100 101    0.42    0.05  756.1  756.1    2.38
   77 CLUS          91 183  38  50 102 103   -0.31    0.76 -312.1  312.2    2.35
   78 CLUS          91 183  40  56 104 105   70.84   60.84 -241.5  258.9    1.87
   79 CLUS          91 183  42  62 106 107    8.07    4.70  -30.0   31.6    2.82
   80 CLUS          91 183  43  64 108 109  -30.52   43.24  905.0  906.5    3.28
   81 CLUS          91 183  45  30 110 111   -1.44   -0.32   47.5   47.5    1.49
   82 CLUS          91 184  47  36 112 113    0.02    0.00 4132.3 4132.3    1.37
   83 CLUS          91 185  49  39 114 115   -0.06    0.14-1871.2 1871.2    2.59
   84 CLUS          91 183  51  48 116 117   -0.02    0.06-3515.7 3515.7    2.31
   85 CLUS          91 183  53  41 118 119   25.46    0.83  -57.1   62.5    2.81
   86 CLUS          91 183  55  68 120 121   27.57   23.53  -93.8  100.5    1.89
   87 CLUS          91 183  57  54 122 123    7.03    5.90  -23.8   25.5    0.87
   88 CLUS          91 183  59  37 124 125   -0.41    1.44  -76.8   76.8    3.05
   89 CLUS          91 183  61  58 126 127    0.26    0.47  -16.0   16.1    1.50
   90 CLUS          91 183  63  70 128 129    3.31    1.92  -12.0   12.6    0.97
   91 CLUS          91 183  65  44 130 131   -8.72   11.86  256.8  257.3    2.42
   92 CLUS          91 183  67  52 132 133    7.17    4.85  -22.6   24.3    2.35
   93 CLUS          91 183  69  72 134 135   33.40   28.70 -113.9  122.1    0.69
   94 CLUS          91 183  71  60 136 137    0.43    0.48  -12.6   12.7    1.48
   95 CLUS          91 183  73  66 138 139    2.34    1.14   -6.8    7.3    0.93

                              ---CLUSTER DECAYS---    

 IHEP    ID      IDPDG IST MO1 MO2 DA1 DA2   P-X     P-Y     P-Z  ENERGY    MASS
   96 PI-         -211   1  74  10   0   0    0.34   -0.75   38.2   38.2    0.14
   97 PI+          211   1  74  10   0   0   -0.09    0.06    1.3    1.3    0.14
   98 PI-         -211   1  75  10   0   0    0.71   -0.62   43.2   43.2    0.14
   99 PI+          211   1  75  10   0   0    0.58    0.18   39.7   39.7    0.14
  100 DELTA0      2114 197  76  10 188 189    0.29    0.18  566.0  566.0    1.23
  101 PBAR       -2212   1  76  10   0   0    0.13   -0.13  190.1  190.1    0.94
  102 PI0          111   1  77  16   0   0   -0.15   -0.36  -79.5   79.5    0.13
  103 RHO_3-      -217 197  77  16 190 191   -0.16    1.12 -232.7  232.7    1.69
  104 RHO+         213 197  78  21 192 193   49.15   42.24 -167.6  179.7    0.77
  105 K*0          313 197  78  21 194 195   21.69   18.60  -73.9   79.2    0.90
  106 D*+          413 197  79  21 196 197    7.40    4.29  -26.6   28.0    2.01
  107 ETA          221 197  79  21 198 200    0.67    0.41   -3.5    3.6    0.55
  108 RHOD0      30113 197  80  26 201 203  -27.14   38.62  805.3  806.6    1.70
  109 K*0          313 197  80  26 204 205   -3.38    4.62   99.7   99.9    0.90
  110 PI0          111   1  81  26   0   0   -0.29   -0.22    6.3    6.3    0.13
  111 A_10       20113 197  81  26 206 207   -1.15   -0.11   41.2   41.2    1.23
  112 PI0          111   1  82  10   0   0   -0.33   -0.05  898.2  898.2    0.13
  113 P           2212   1  82  10   0   0    0.35    0.06 3234.1 3234.1    0.94
  114 B_10       10113 197  83  16 208 209   -0.27    0.10-1169.1 1169.1    1.23
  115 DELTA+      2214 197  83  16 210 211    0.21    0.04 -702.1  702.1    1.23
  116 DELTA++     2224 197  84  16 212 213    0.20    0.19-1530.8 1530.8    1.23
  117 PBAR       -2212   1  84  16   0   0   -0.22   -0.13-1985.0 1985.0    0.94
  118 RHO0         113 197  85  21 214 215    5.54    0.24  -12.5   13.7    0.77
  119 D*BAR0      -423 197  85  21 216 217   19.92    0.60  -44.6   48.8    2.01
  120 PI+          211   1  86  21   0   0    5.33    4.15  -19.4   20.5    0.14
  121 PI-         -211   1  86  21   0   0   22.24   19.38  -74.4   80.0    0.14
  122 K-          -321   1  87  21   0   0    6.79    5.68  -22.9   24.6    0.49
  123 PI0          111   1  87  21   0   0    0.24    0.22   -0.9    0.9    0.13
  124 SIGMA-      3112 197  88  21 218 219   -0.80    0.30  -48.9   48.9    1.20
  125 DELTABR+   -1114 197  88  21 220 221    0.39    1.14  -27.9   27.9    1.23
  126 PI0          111   1  89  21   0   0    0.13   -0.34   -9.5    9.6    0.13
  127 K0           311 197  89  21 222 222    0.13    0.81   -6.5    6.5    0.50
  128 PI0          111   1  90  21   0   0    0.81    0.60   -3.1    3.3    0.13
  129 RHO-        -213 197  90  21 223 224    2.51    1.33   -8.9    9.3    0.77
  130 SIGMA*+     3224 197  91  26 225 226   -5.64    7.43  167.3  167.5    1.38
  131 PBAR       -2212   1  91  26   0   0   -3.08    4.43   89.6   89.7    0.94
  132 RHO-        -213 197  92  21 227 228    4.79    2.69  -14.2   15.3    0.77
  133 HL_10      10223 197  92  21 229 230    2.38    2.17   -8.4    9.0    1.17
  134 PI0          111   1  93  21   0   0   23.73   20.62  -80.7   86.6    0.13
  135 PI0          111   1  93  21   0   0    9.67    8.07  -33.2   35.5    0.13
  136 K*+          323 197  94  21 231 232    0.35    0.08   -6.9    7.0    0.89
  137 KBAR0       -311 197  94  21 233 233    0.08    0.41   -5.7    5.7    0.50
  138 PI+          211   1  95  21   0   0    0.47    0.27   -1.3    1.4    0.14
  139 RHO0         113 197  95  21 234 235    1.87    0.86   -5.5    5.9    0.77

                            ---H/W/Z BOSON DECAYS---  

 IHEP    ID      IDPDG IST MO1 MO2 DA1 DA2   P-X     P-Y     P-Z  ENERGY    MASS
  140 BQRK           5 123  20 141 142 141  -79.92  -63.59   11.7  102.9    4.95
  141 BBAR          -5 124  20 140 147 140  -66.47 -125.88  174.0  224.8    4.95

                              ---PARTON SHOWERS---    

 IHEP    ID      IDPDG IST MO1 MO2 DA1 DA2   P-X     P-Y     P-Z  ENERGY    MASS
  142 BQRK          94 143 140  20 144 146  -79.97  -64.29   13.2  104.2   12.81
  143 CONE           0 100 140 141   0   0    0.18   -0.30    1.0    1.0    0.00
  144 BQRK           5   2 142 145 153 152  -70.81  -53.94   10.7   89.8    4.95
  145 GLUON         21   2 142 146 154 155   -4.65   -6.26    0.0    7.8    0.75
  146 GLUON         21   2 142 149 156 157   -4.51   -4.09    2.5    6.6    0.75
  147 BBAR          94 144 141  20 149 152  -66.43 -125.18  172.5  223.5   11.45
  148 CONE           0 100 141 140   0   0   -1.10   -0.93    0.3    1.5    0.00
  149 GLUON         21   2 147 150 158 159   -1.54   -4.20    3.9    6.0    0.75
  150 GLUON         21   2 147 151 160 161   -7.30  -13.33   20.5   25.5    0.75
  151 GLUON         21   2 147 152 162 163  -10.11  -19.77   27.7   35.5    0.75
  152 BBAR          -5   2 147 153 164 163  -47.48  -87.88  120.4  156.5    4.95

                              ---GLUON SPLITTING---   

 IHEP    ID      IDPDG IST MO1 MO2 DA1 DA2   P-X     P-Y     P-Z  ENERGY    MASS
  153 BQRK           5 158 142 165 167 164  -66.45  -50.71   10.0   84.3    4.95
  154 UBAR          -2 158 142 155 173 166   -1.24   -1.70   -0.1    2.1    0.32
  155 UQRK           2 158 142 156 168 154   -3.10   -4.01    0.2    5.1    0.32
  156 DBAR          -1 158 142 157 168 155   -1.77   -1.52    1.1    2.6    0.32
  157 DQRK           1 158 142 158 169 156   -2.74   -2.57    1.4    4.0    0.32
  158 DBAR          -1 158 147 159 169 157   -1.20   -3.18    2.9    4.5    0.32
  159 DQRK           1 158 147 160 170 158   -0.34   -1.02    1.0    1.5    0.32
  160 DBAR          -1 158 147 161 170 159   -3.84   -7.41   11.2   14.0    0.32
  161 DQRK           1 158 147 162 171 160   -3.46   -5.92    9.3   11.6    0.32
  162 UBAR          -2 158 147 163 171 161   -5.89  -11.23   15.6   20.1    0.32
  163 UQRK           2 158 147 164 172 162   -4.22   -8.54   12.1   15.4    0.32
  164 BBAR          -5 158 147 153 172 163  -47.48  -87.88  120.4  156.5    4.95
  165 UBAR          -2 159 142 166 167 153   -1.39   -1.24    0.2    1.9    0.32
  166 UQRK           2 159 142 154 173 165   -3.28   -2.53    0.5    4.2    0.32

                             ---CLUSTER FORMATION---  

 IHEP    ID      IDPDG IST MO1 MO2 DA1 DA2   P-X     P-Y     P-Z  ENERGY    MASS
  167 CLUS          91 183 153 165 174 175  -67.84  -51.95   10.1   86.2    5.56
  168 CLUS          91 183 155 156 176 177   -4.87   -5.54    1.3    7.7    1.80
  169 CLUS          91 183 157 158 178 179   -3.94   -5.75    4.3    8.5    2.32
  170 CLUS          91 183 159 160 180 181   -4.18   -8.43   12.1   15.4    1.51
  171 CLUS          91 183 161 162 182 183   -9.35  -17.15   24.9   31.7    1.08
  172 CLUS          91 183 163 164 184 185  -51.70  -96.42  132.5  171.9    5.55
  173 CLUS          91 183 166 154 186 187   -4.52   -4.23    0.4    6.3    1.15

                              ---CLUSTER DECAYS---    

 IHEP    ID      IDPDG IST MO1 MO2 DA1 DA2   P-X     P-Y     P-Z  ENERGY    MASS
  174 B_DBAR0     -511 200 167 142 236 236  -67.26  -51.43   10.1   85.4    5.28
  175 PI-         -211   1 167 142   0   0   -0.58   -0.53    0.1    0.8    0.14
  176 PI+          211   1 168 142   0   0   -3.38   -3.45    0.3    4.8    0.14
  177 RHO0         113 197 168 142 237 238   -1.50   -2.08    1.0    2.9    0.77
  178 DELTA+      2214 197 169 142 239 240   -2.29   -2.88    2.6    4.7    1.23
  179 PBAR       -2212   1 169 142   0   0   -1.64   -2.87    1.7    3.8    0.94
  180 K0           311 197 170 147 241 241   -1.80   -3.19    5.0    6.3    0.50
  181 K*BAR0      -313 197 170 147 242 243   -2.38   -5.24    7.1    9.2    0.90
  182 PI-         -211   1 171 147   0   0   -1.44   -2.49    3.4    4.4    0.14
  183 OMEGA        223 197 171 147 244 246   -7.91  -14.66   21.5   27.2    0.78
  184 PI+          211   1 172 147   0   0   -1.66   -3.33    4.7    6.0    0.14
  185 B*0          513 197 172 147 247 248  -50.04  -93.08  127.8  165.9    5.32
  186 PI0          111   1 173 142   0   0   -1.96   -1.84   -0.4    2.7    0.13
  187 PI0          111   1 173 142   0   0   -2.56   -2.40    0.8    3.6    0.13

                           ---STRONG HADRON DECAYS--- 

 IHEP    ID      IDPDG IST MO1 MO2 DA1 DA2   P-X     P-Y     P-Z  ENERGY    MASS
  188 P           2212   1 100  10   0   0    0.44    0.06  468.7  468.7    0.94
  189 PI-         -211   1 100  10   0   0   -0.15    0.13   97.2   97.2    0.14
  190 RHO-        -213 198 103  16 249 250   -0.38    0.38  -98.7   98.7    0.77
  191 RHO0         113 198 103  16 251 252    0.22    0.74 -133.9  134.0    0.77
  192 PI+          211   1 104  21   0   0    2.64    2.38   -9.4   10.0    0.14
  193 PI0          111   1 104  21   0   0   46.51   39.85 -158.2  169.6    0.13
  194 K0           311 198 105  21 253 253    7.93    6.78  -27.4   29.3    0.50
  195 PI0          111   1 105  21   0   0   13.76   11.82  -46.5   49.9    0.13
  196 D+           411 198 106  21 254 256    7.01    4.08  -25.2   26.5    1.87
  197 PI0          111   1 106  21   0   0    0.39    0.21   -1.4    1.5    0.13
  198 PI+          211   1 107  21   0   0    0.17    0.14   -1.2    1.3    0.14
  199 PI-         -211   1 107  21   0   0    0.19    0.06   -0.5    0.5    0.14
  200 PI0          111   1 107  21   0   0    0.31    0.21   -1.7    1.8    0.13
  201 RHO0         113 198 108  26 257 258  -14.20   20.45  419.3  420.1    0.77
  202 PI0          111   1 108  26   0   0   -2.59    3.90   85.4   85.5    0.13
  203 PI0          111   1 108  26   0   0  -10.34   14.26  300.5  301.1    0.13
  204 K+           321   1 109  26   0   0   -2.87    4.18   85.7   85.8    0.49
  205 PI-         -211   1 109  26   0   0   -0.51    0.44   14.1   14.1    0.14
  206 RHO+         213 198 111  26 259 260   -0.39   -0.25   21.4   21.4    0.77
  207 PI-         -211   1 111  26   0   0   -0.76    0.15   19.8   19.8    0.14
  208 OMEGA        223 198 114  16 261 263   -0.34   -0.24 -759.1  759.1    0.78
  209 PI0          111   1 114  16   0   0    0.07    0.34 -410.0  410.0    0.13
  210 N           2112   1 115  16   0   0    0.23    0.21 -496.0  496.0    0.94
  211 PI+          211   1 115  16   0   0   -0.02   -0.18 -206.1  206.1    0.14
  212 P           2212   1 116  16   0   0    0.19    0.36-1343.5 1343.5    0.94
  213 PI+          211   1 116  16   0   0    0.01   -0.17 -187.3  187.3    0.14
  214 PI+          211   1 118  21   0   0    4.50    0.16   -9.4   10.4    0.14
  215 PI-         -211   1 118  21   0   0    1.04    0.08   -3.1    3.3    0.14
  216 DBAR0       -421 198 119  21 264 267   19.35    0.69  -43.3   47.5    1.86
  217 GAMMA         22   1 119  21   0   0    0.57   -0.09   -1.3    1.4    0.00
  218 N           2112   1 124  21   0   0   -0.50    0.39  -37.3   37.3    0.94
  219 PI-         -211   1 124  21   0   0   -0.30   -0.08  -11.6   11.6    0.14
  220 NBAR       -2112   1 125  21   0   0    0.10    0.70  -19.6   19.6    0.94
  221 PI+          211   1 125  21   0   0    0.29    0.44   -8.3    8.3    0.14
  222 K_L0         130   1 127  21   0   0    0.13    0.81   -6.5    6.5    0.50
  223 PI-         -211   1 129  21   0   0    0.42    0.04   -0.9    1.0    0.14
  224 PI0          111   1 129  21   0   0    2.09    1.29   -8.0    8.4    0.13
  225 LAMBDA      3122 198 130  26 268 269   -4.54    5.67  129.5  129.7    1.12
  226 PI+          211   1 130  26   0   0   -1.10    1.76   37.7   37.8    0.14
  227 PI-         -211   1 132  21   0   0    3.85    2.45  -11.6   12.4    0.14
  228 PI0          111   1 132  21   0   0    0.94    0.24   -2.7    2.8    0.13
  229 RHO+         213 198 133  21 270 271    2.26    2.17   -8.1    8.7    0.77
  230 PI-         -211   1 133  21   0   0    0.12   -0.01   -0.3    0.4    0.14
  231 K0           311 198 136  21 272 272    0.42    0.27   -4.8    4.9    0.50
  232 PI+          211   1 136  21   0   0   -0.07   -0.19   -2.1    2.1    0.14
  233 K_L0         130   1 137  21   0   0    0.08    0.41   -5.7    5.7    0.50
  234 PI+          211   1 139  21   0   0    1.19    0.31   -2.4    2.7    0.14
  235 PI-         -211   1 139  21   0   0    0.69    0.55   -3.1    3.2    0.14
  236 B_DBAR0     -511 199 174 142 288 289  -67.26  -51.43   10.1   85.4    5.28
  237 PI+          211   1 177 142   0   0   -1.51   -1.78    0.8    2.5    0.14
  238 PI-         -211   1 177 142   0   0    0.02   -0.30    0.2    0.4    0.14
  239 P           2212   1 178 142   0   0   -2.08   -2.67    2.2    4.1    0.94
  240 PI0          111   1 178 142   0   0   -0.21   -0.21    0.4    0.6    0.13
  241 K_L0         130   1 180 147   0   0   -1.80   -3.19    5.0    6.3    0.50
  242 K-          -321   1 181 147   0   0   -1.56   -2.90    4.3    5.5    0.49
  243 PI+          211   1 181 147   0   0   -0.82   -2.34    2.8    3.7    0.14
  244 PI+          211   1 183 147   0   0   -3.59   -6.89    9.7   12.4    0.14
  245 PI-         -211   1 183 147   0   0   -3.03   -5.27    8.3   10.3    0.14
  246 PI0          111   1 183 147   0   0   -1.29   -2.50    3.6    4.6    0.13
  247 B_D0         511 200 185 147 273 273  -49.44  -91.90  126.2  163.8    5.28
  248 GAMMA         22   1 185 147   0   0   -0.60   -1.18    1.6    2.1    0.00
  249 PI-         -211   1 190  16   0   0   -0.54    0.14  -46.6   46.6    0.14
  250 PI0          111   1 190  16   0   0    0.16    0.24  -52.1   52.1    0.13
  251 PI+          211   1 191  16   0   0    0.17    0.36  -24.4   24.4    0.14
  252 PI-         -211   1 191  16   0   0    0.05    0.37 -109.6  109.6    0.14
  253 K_S0         310 198 194  21 277 278    7.93    6.78  -27.4   29.3    0.50
  254 PI+          211   1 196  21   0   0    2.45    1.70   -8.4    8.9    0.14
  255 PHI          333 198 196  21 279 280    3.67    1.58  -13.1   13.7    1.02
  256 PI0          111   1 196  21   0   0    0.89    0.80   -3.6    3.8    0.13
  257 PI+          211   1 201  26   0   0   -3.00    4.05   81.1   81.3    0.14
  258 PI-         -211   1 201  26   0   0  -11.20   16.40  338.2  338.8    0.14
  259 PI+          211   1 206  26   0   0   -0.47   -0.11    7.2    7.3    0.14
  260 PI0          111   1 206  26   0   0    0.08   -0.14   14.2   14.2    0.13
  261 PI+          211   1 208  16   0   0   -0.02    0.00  -48.6   48.6    0.14
  262 PI-         -211   1 208  16   0   0   -0.05    0.08  -89.7   89.7    0.14
  263 PI0          111   1 208  16   0   0   -0.26   -0.32 -620.9  620.9    0.13
  264 K+           321   1 216  21   0   0    8.67    0.73  -18.8   20.7    0.49
  265 PI-         -211   1 216  21   0   0    1.80    0.27   -3.8    4.2    0.14
  266 PI0          111   1 216  21   0   0    5.35   -0.33  -12.6   13.7    0.13
  267 PI0          111   1 216  21   0   0    3.52    0.01   -8.1    8.8    0.13
  268 N           2112   1 225  26   0   0   -4.04    5.15  117.5  117.7    0.94
  269 PI0          111   1 225  26   0   0   -0.50    0.52   12.0   12.0    0.13
  270 PI+          211   1 229  21   0   0    0.63    0.41   -1.3    1.5    0.14
  271 PI0          111   1 229  21   0   0    1.63    1.76   -6.8    7.2    0.13
  272 K_L0         130   1 231  21   0   0    0.42    0.27   -4.8    4.9    0.50
  273 B_D0         511 198 247 147 274 276  -49.44  -91.90  126.2  163.8    5.28
  274 E+           -11   1 273 147   0   0   -9.94  -20.60   28.0   36.1    0.00
  275 NU_E          12   1 273 147   0   0  -19.45  -32.60   45.7   59.4    0.00
  276 D*_0-     -10411 198 273 147 281 282  -20.04  -38.69   52.5   68.3    2.42
  277 PI+          211   1 253  21   0   0    1.82    1.66   -6.1    6.6    0.14
  278 PI-         -211   1 253  21   0   0    6.11    5.11  -21.3   22.7    0.14
  279 K+           321   1 255  21   0   0    2.15    1.02   -7.7    8.1    0.49
  280 K-          -321   1 255  21   0   0    1.52    0.56   -5.4    5.6    0.49
  281 DBAR0       -421 198 276 147 283 284  -17.44  -34.53   46.8   60.7    1.86
  282 PI-         -211   1 276 147   0   0   -2.60   -4.16    5.7    7.5    0.14
  283 K0           311 198 281 147 285 285   -6.94  -14.75   20.1   25.9    0.50
  284 F0P0     9010221 198 281 147 286 287  -10.50  -19.78   26.6   34.8    1.00
  285 K_L0         130   1 283 147   0   0   -6.94  -14.75   20.1   25.9    0.50
  286 PI+          211   1 284 147   0   0   -3.07   -5.39    8.0   10.1    0.14
  287 PI-         -211   1 284 147   0   0   -7.43  -14.39   18.7   24.7    0.14

                           ---HEAVY PARTICLE DECAYS---

 IHEP    ID      IDPDG IST MO1 MO2 DA1 DA2   P-X     P-Y     P-Z  ENERGY    MASS
  288 BQRK           5 155 236 289 290 292  -63.18  -48.31    9.4   80.2    4.96
  289 DBAR          -1 125 236 292 293 292   -4.08   -3.12    0.6    5.2    0.32
  290 DQRK           1 123 288 291 294 291   -7.50   -6.48    1.9   10.1    0.32
  291 CBAR          -4 124 288 290 296 290  -29.08  -20.98    3.1   36.0    1.55
  292 CQRK           4 124 288 288 298 288  -26.61  -20.85    4.4   34.1    1.55
  293 DBAR          -1 160 289 302 304 302   -4.08   -3.12    0.6    5.2    0.32

                              ---PARTON SHOWERS---    

 IHEP    ID      IDPDG IST MO1 MO2 DA1 DA2   P-X     P-Y     P-Z  ENERGY    MASS
  294 DQRK          94 143 290 288 295 295   -7.50   -6.48    1.9   10.1    0.32
  295 DQRK           1   2 294 297 300 297   -7.50   -6.48    1.9   10.1    0.32
  296 CBAR          94 144 291 288 297 297  -29.08  -20.98    3.1   36.0    1.55
  297 CBAR          -4   2 296 300 301 300  -29.08  -20.98    3.1   36.0    1.55
  298 CQRK          94 144 292 288 299 299  -26.61  -20.85    4.4   34.1    1.55
  299 CQRK           4   2 298 293 302 293  -26.61  -20.85    4.4   34.1    1.55

                              ---GLUON SPLITTING---   

 IHEP    ID      IDPDG IST MO1 MO2 DA1 DA2   P-X     P-Y     P-Z  ENERGY    MASS
  300 DQRK           1 158 294 301 303 301   -7.50   -6.48    1.9   10.1    0.32
  301 CBAR          -4 158 296 300 303 300  -29.08  -20.98    3.1   36.0    1.55
  302 CQRK           4 158 298 293 304 293  -26.61  -20.85    4.4   34.1    1.55

                             ---CLUSTER FORMATION---  

 IHEP    ID      IDPDG IST MO1 MO2 DA1 DA2   P-X     P-Y     P-Z  ENERGY    MASS
  303 CLUS          91 183 300 301 305 306  -36.41  -27.30    4.9   45.9    3.17
  304 CLUS          91 183 302 293 307 307  -30.85  -24.13    5.1   39.5    1.87

                              ---CLUSTER DECAYS---    

 IHEP    ID      IDPDG IST MO1 MO2 DA1 DA2   P-X     P-Y     P-Z  ENERGY    MASS
  305 RHO-        -213 197 303 294 308 309   -8.04   -6.54    1.6   10.5    0.77
  306 D*BAR0      -423 197 303 294 310 311  -28.36  -20.76    3.3   35.4    2.01
  307 D+           411 196 304 298 312 313  -30.85  -24.13    5.1   39.5    1.87

                           ---STRONG HADRON DECAYS--- 

 IHEP    ID      IDPDG IST MO1 MO2 DA1 DA2   P-X     P-Y     P-Z  ENERGY    MASS
  308 PI-         -211   1 305 294   0   0   -4.66   -3.52    0.6    5.9    0.14
  309 PI0          111   1 305 294   0   0   -3.38   -3.02    1.0    4.6    0.13
  310 DBAR0       -421 198 306 294 314 318  -24.98  -18.40    2.9   31.2    1.86
  311 GAMMA         22   1 306 294   0   0   -3.38   -2.36    0.4    4.1    0.00
  312 KBAR0       -311 198 307 298 319 319   -6.49   -5.21    1.3    8.4    0.50
  313 A_1+       20213 198 307 298 320 321  -24.36  -18.92    3.8   31.1    1.23
  314 PI-         -211   1 310 294   0   0   -7.60   -5.69    0.6    9.5    0.14
  315 PI-         -211   1 310 294   0   0   -5.10   -3.93    0.8    6.5    0.14
  316 PI+          211   1 310 294   0   0   -5.24   -3.36    0.4    6.2    0.14
  317 PI+          211   1 310 294   0   0   -6.09   -4.88    0.9    7.9    0.14
  318 PI0          111   1 310 294   0   0   -0.95   -0.54    0.2    1.1    0.13
  319 K_L0         130   1 312 298   0   0   -6.49   -5.21    1.3    8.4    0.50
  320 RHO+         213 198 313 298 322 323  -18.07  -14.06    3.2   23.1    0.77
  321 PI0          111   1 313 298   0   0   -6.28   -4.86    0.6    8.0    0.13
  322 PI+          211   1 320 298   0   0  -14.91  -11.73    2.9   19.2    0.14
  323 PI0          111   1 320 298   0   0   -3.16   -2.33    0.3    3.9    0.13

 HWWARN CALLED FROM SUBPROGRAM HWDFIV: CODE = 101
 EVENT    1200:   SEEDS = 1735941379 &  635086946  WEIGHT = 0.6018E-03
 EVENT KILLED.   EXECUTION CONTINUES

 HWWARN CALLED FROM SUBPROGRAM HWDFIV: CODE = 101
 EVENT    8869:   SEEDS = 1019261354 & 1632807324  WEIGHT =-0.6018E-03
 EVENT KILLED.   EXECUTION CONTINUES

 HWWARN CALLED FROM SUBPROGRAM HWDFIV: CODE = 101
 EVENT    9938:   SEEDS =  696427108 & 1850343459  WEIGHT = 0.6018E-03
 EVENT KILLED.   EXECUTION CONTINUES

          OUTPUT ON LES HOUCHES EVENTS


      PROC CODE  XSECT(pb)        XERR(pb)      Max wgt(nb) No. of events


          OUTPUT ON ELEMENTARY PROCESS

          N.B. NEGATIVE WEIGHTS ALLOWED

          NUMBER OF EVENTS   =        9997
          NEGATIVE  EVENTS   =        2669
          NUMBER OF WEIGHTS  =       10000
          NEGATIVE  WEIGHTS  =        2670
          MEAN VALUE OF WGT  =  2.8044E-04
          RMS SPREAD IN WGT  =  5.3247E-04
          MEAN ABS WEIGHT    =  6.0181E-04
          ACTUAL MAX ABS WGT =  1.0000E+00
          ASSUMED MAXABS WGT =  2.8044E-04

          PROCESS CODE IPROC =      -18000
          CROSS SECTION (PB) =  0.2804    
          ERROR IN C-S  (PB) =  5.3247E-03
          EFFICIENCY PERCENT =   100.0    
 # of events processed=        9997
