 Enter filename for events
 Enter maximum number of events to generate
 MUST coincide with the number of events on tape
 Enter 0 to use Herwig default PDFs
       1 to use PDFs from library
 Enter colliding particles (PART1, PART2)
 Enter beam momenta (PBEAM1, PBEAM2)


          HERWIG 6.521  11th Mar. 2013

          Please reference:  G. Marchesini, B.R. Webber,
          G.Abbiendi, I.G.Knowles, M.H.Seymour & L.Stanco
          Computer Physics Communications 67 (1992) 465
                             and
          G.Corcella, I.G.Knowles, G.Marchesini, S.Moretti,
          K.Odagiri, P.Richardson, M.H.Seymour & B.R.Webber,
          JHEP 0101 (2001) 010
 Enter .TRUE. for underlying event, .FALSE. otherwise

 Underlying event WILL NOT be generated

 Enter Lambda_QCD, <0 for Herwig default
 Enter Z mass, width
 Enter W mass, width
 Enter top mass, width
 Enter Higgs (SM) boson mass, width
 Enter quark (d,u,s,c,b) and gluon masses
 Enter lepton (e,mu,tau) masses
 Enter number of events to print
 Enter accepted error fraction
 Is it single-top (.TRUE. or .FALSE)?
 Is it b-bbar (.TRUE. or .FALSE)?
 Enter the two random seeds (0 0 for default)

          INPUT CONDITIONS FOR THIS RUN

          BEAM 1 (P       ) MOM. =   6500.00
          BEAM 2 (P       ) MOM. =   6500.00
          PROCESS CODE (IPROC)   =  -18000
          NUMBER OF FLAVOURS     =    6
          STRUCTURE FUNCTION SET =    8
          AZIM SPIN CORRELATIONS =    T
          AZIM SOFT CORRELATIONS =    T
          QCD LAMBDA (GEV)       =    0.1800
          DOWN     QUARK  MASS   =    0.3200
          UP       QUARK  MASS   =    0.3200
          STRANGE  QUARK  MASS   =    0.5000
          CHARMED  QUARK  MASS   =    1.5500
          BOTTOM   QUARK  MASS   =    4.9500
          TOP      QUARK  MASS   =  173.0000
          GLUON EFFECTIVE MASS   =    0.7500
          EXTRA SHOWER CUTOFF (Q)=    0.4800
          EXTRA SHOWER CUTOFF (G)=    0.1000
          PHOTON SHOWER CUTOFF   =    0.4000
          CLUSTER MASS PARAMETER =    3.3500
          SPACELIKE EVOLN CUTOFF =    2.5000
          INTRINSIC P-TRAN (RMS) =    0.0000
          DECAY SPIN CORRELATIONS=    T
          SUSY THREE BODY ME     =    T
          SUSY FOUR  BODY ME     =    F

          NO EVENTS WILL BE WRITTEN TO DISK

          B_d: Delt-M/Gam =0.7000 Delt-Gam/2*Gam =0.0000
          B_s: Delt-M/Gam = 10.00 Delt-Gam/2*Gam =0.2000

          PDFLIB NOT USED FOR BEAM 1
          PDFLIB NOT USED FOR BEAM 2


          Checking consistency of particle properties


          Checking consistency of decay tables


          WRITING SUDAKOV TABLE ON UNIT  77

          WRITING MATRIX ELEMENT TABLE ON UNIT  88

          CHECKING SUSY DECAY MATRIX ELEMENTS
 Do you want a stable Pi0 (.TRUE. or .FALSE)?
 Do you want a stable W+ (.TRUE. or .FALSE)?
 Do you want a stable W- (.TRUE. or .FALSE)?
 Do you want a stable Z0 (.TRUE. or .FALSE)?
 Do you want a stable Tau+ (.TRUE. or .FALSE)?
 Do you want a stable Tau- (.TRUE. or .FALSE)?
 Do you want a stable Mu+ (.TRUE. or .FALSE)?
 Do you want a stable Mu- (.TRUE. or .FALSE)?
 Do you want a stable Higgs (.TRUE. or .FALSE)?

          PARTICLE TYPE  21=PI0      SET STABLE
 How many decay modes do you want to set?
 How are the events normalized ("average" or "sum")?
 stdhep initialized

          SUBROUTINE TIMEL CALLED BUT NOT LINKED.
          DUMMY TIMEL WILL BE USED. DELETE DUMMY
          AND LINK CERNLIB FOR CPU TIME REMAINING.

 HWWARN CALLED FROM SUBPROGRAM HWSMRS: CODE =   5
 EVENT       1:   SEEDS = 1973774260 & 1099242306  WEIGHT = 0.5938E-03
 EVENT SURVIVES. EXECUTION CONTINUES
 WARNING: MRST98 CALLED WITH Q OUTSIDE ALLOWED RANGE!
 Q VALUE=1.430E+04, MINIMUM=1.118E+00, MAXIMUM=3.162E+03
 NO FURTHER WARNINGS WILL BE ISSUED



 EVENT       1: 6500.00 GEV/C P        ON  6500.00 GEV/C P        PROCESS:-18000
 SEEDS:  1973774260 &  1099242306   STATUS:  100 ERROR:   0  WEIGHT:  5.9381E-04


                               ---INITIAL STATE---    

 IHEP    ID      IDPDG IST MO1 MO2 DA1 DA2   P-X     P-Y     P-Z  ENERGY    MASS
    1 P           2212 101   0   0   0   0    0.00    0.00 6500.0 6500.0    0.94
    2 P           2212 102   0   0   0   0    0.00    0.00-6500.0 6500.0    0.94
    3 CMF            0 103   1   2   0   0    0.00    0.00    0.013000.013000.00

                              ---HARD SUBPROCESS---   

 IHEP    ID      IDPDG IST MO1 MO2 DA1 DA2   P-X     P-Y     P-Z  ENERGY    MASS
    4 DQRK           1 121   6   8  10   9    0.00    0.00 2535.1 2535.1    0.32
    5 UQRK           2 122   6   9  12   8    0.00    0.00 -210.1  210.1    0.32
    6 HARD           0 120   4   5   7   9    4.37    6.21 2325.0 2745.3 1459.66
    7 HIGGS         25 123   6   7  23   7  208.53  228.90  311.6  456.7  125.00
    8 DQRK           1 124   6   5  24   4 -141.60 -262.59   25.8  299.4    0.32
    9 UQRK           2 124   6   4  26   5  -66.92   33.70 1987.6 1989.0    0.32

                              ---PARTON SHOWERS---    

 IHEP    ID      IDPDG IST MO1 MO2 DA1 DA2   P-X     P-Y     P-Z  ENERGY    MASS
   10 DQRK          94 141   4   6  11  11    0.00    0.00 2539.3 2539.3    0.53
   11 UU          2203   2  10  25  31  30    0.00    0.00 3960.7 3960.7    0.32
   12 UQRK          94 142   5   6  14  22    4.37    6.21 -214.3  205.9  -59.82
   13 CONE           0 100   5   8   0   0   -0.47   -0.88    0.2    1.0    0.00
   14 GLUON         21   2  12  15  32  33   -0.33   -1.92    1.1    2.4    0.75
   15 GLUON         21   2  12  16  34  35   -2.09   -4.21   -0.5    4.8    0.75
   16 GLUON         21   2  12  17  36  37   -4.76    5.03  -66.2   66.6    0.75
   17 SBAR          -3   2  12  18  38  37    0.61   -0.48  -23.1   23.1    0.50
   18 SQRK           3   2  12  19  39  38    2.18   -2.50  -38.8   39.0    0.50
   19 GLUON         21   2  12  20  40  41    2.08   -2.02  -91.2   91.3    0.75
   20 GLUON         21   2  12  21  42  43   -0.89    0.35  -42.7   42.7    0.75
   21 GLUON         21   2  12  22  44  45   -1.16   -0.46  -87.9   88.0    0.75
   22 UD          2101   2  12  28  46  45    0.00    0.00-5936.4 5936.4    0.31
   23 HIGGS         25 195   7   6 111 112  209.23  229.91  311.6  457.6  125.00
   24 DQRK          94 144   8   6  25  25 -141.11 -261.89   25.8  298.6    0.32
   25 DQRK           1   2  24  32  47  31 -141.11 -261.89   25.8  298.6    0.32
   26 UQRK          94 144   9   6  28  30  -63.75   38.19 1987.7 1989.1   12.17
   27 CONE           0 100   9   4   0   0    0.32   -0.19   16.8   16.8    0.00
   28 UQRK           2   2  26  29  48  46  -58.30   34.20 1759.6 1760.9    0.32
   29 GLUON         21   2  26  30  49  50   -5.27    4.22  194.3  194.4    0.75
   30 GLUON         21   2  26  31  51  52   -0.18   -0.23   33.8   33.8    0.75

                              ---GLUON SPLITTING---   

 IHEP    ID      IDPDG IST MO1 MO2 DA1 DA2   P-X     P-Y     P-Z  ENERGY    MASS
   31 UU          2203 161  10  47  75  56   -0.00   -0.00 2972.1 2972.1    0.64
   32 UBAR          -2 158  12  33  77  60   -0.11   -1.24    0.5    1.4    0.32
   33 UQRK           2 158  12  34  63  32   -0.22   -0.65    0.6    0.9    0.32
   34 DBAR          -1 158  12  35  63  33   -1.32   -2.21   -0.3    2.6    0.32
   35 DQRK           1 158  12  57  64  34   -0.48   -1.23   -0.2    1.4    0.32
   36 DBAR          -1 158  12  37  78  62   -1.67    1.68  -23.3   23.4    0.32
   37 DQRK           1 158  12  38  65  36   -1.70    1.95  -23.5   23.7    0.32
   38 SBAR          -3 158  12  39  65  37    0.61   -0.48  -23.1   23.1    0.50
   39 SQRK           3 158  12  40  66  38    2.18   -2.50  -38.8   39.0    0.50
   40 DBAR          -1 158  12  41  66  39    0.71   -0.88  -32.3   32.3    0.32
   41 DQRK           1 158  12  42  67  40    1.37   -1.15  -58.9   59.0    0.32
   42 DBAR          -1 158  12  43  67  41   -0.34    0.31  -23.3   23.3    0.32
   43 DQRK           1 158  12  44  68  42   -0.56    0.04  -19.3   19.4    0.32
   44 UBAR          -2 158  12  45  68  43   -0.45   -0.01  -37.0   37.0    0.32
   45 UQRK           2 158  12  53  69  44   -0.62   -0.39  -46.2   46.2    0.32
   46 UD          2101 162  12  48  74  54   -0.00   -0.00-5625.3 5625.3    0.64
   47 DQRK           1 158  24  59  70  31 -129.68 -240.68   23.7  274.4    0.32
   48 UQRK           2 158  26  49  71  46  -58.30   34.20 1759.6 1760.9    0.32
   49 DBAR          -1 158  26  50  71  48   -1.76    1.31   66.9   66.9    0.32
   50 DQRK           1 158  26  51  72  49   -3.51    2.92  127.4  127.5    0.32
   51 DBAR          -1 158  26  52  72  50    0.10   -0.04   15.2   15.2    0.32
   52 DQRK           1 158  26  55  73  51   -0.24   -0.16   18.7   18.7    0.32
   53 UBAR          -2 159  12  54  69  45   -0.02   -0.01 -246.0  246.0    0.32
   54 UQRK           2 159  12  46  74  53   -0.07   -0.04  -69.8   69.8    0.32
   55 DBAR          -1 159  10  56  73  52   -0.00   -0.00  923.3  923.3    0.32
   56 DQRK           1 159  26  31  75  55   -0.04   -0.03   65.1   65.1    0.32
   57 DBAR          -1 159  12  58  64  35   -0.22   -0.55   -0.1    0.7    0.32
   58 DQRK           1 159  12  61  76  57   -0.08   -0.13   -0.3    0.5    0.32
   59 UBAR          -2 159  12  60  70  47   -3.93   -7.33    0.7    8.4    0.32
   60 UQRK           2 159  24  32  77  59   -7.49  -13.92    1.4   15.9    0.32
   61 UBAR          -2 159  12  62  76  58   -1.28    1.29  -17.9   18.0    0.32
   62 UQRK           2 159  12  36  78  61   -0.09    0.03   -1.0    1.1    0.32

                             ---CLUSTER FORMATION---  

 IHEP    ID      IDPDG IST MO1 MO2 DA1 DA2   P-X     P-Y     P-Z  ENERGY    MASS
   63 CLUS          91 183  33  34  79  80   -1.54   -2.87    0.3    3.5    1.39
   64 CLUS          91 183  35  57  81  82   -0.70   -1.78   -0.3    2.1    0.69
   65 CLUS          91 183  37  38  83  84   -1.09    1.47  -46.6   46.7    3.44
   66 CLUS          91 183  39  40  85  86    2.88   -3.37  -71.1   71.3    1.97
   67 CLUS          91 183  41  42  87  88    1.04   -0.84  -82.3   82.3    1.98
   68 CLUS          91 183  43  44  89  90   -1.00    0.03  -56.3   56.4    0.81
   69 CLUS          91 183  45  53  91  92   -0.64   -0.40 -292.2  292.2    1.90
   70 CLUS          91 183  47  59  93  94 -133.62 -248.01   24.4  282.8    1.89
   71 CLUS          91 183  48  49  95  96  -60.06   35.50 1826.5 1827.8    2.88
   72 CLUS          91 183  50  51  97  98   -3.41    2.87  142.6  142.7    2.15
   73 CLUS          91 183  52  55  99 100   -0.24   -0.16  942.1  942.1    3.04
   74 CLUS          91 185  54  46 101 102   -0.07   -0.05-5695.1 5695.1    3.05
   75 CLUS          91 184  56  31 103 104   -0.04   -0.03 3037.2 3037.2    2.30
   76 CLUS          91 183  58  61 105 106   -1.37    1.16  -18.3   18.5    2.41
   77 CLUS          91 183  60  32 107 108   -7.60  -15.16    1.9   17.3    2.62
   78 CLUS          91 183  62  36 109 110   -1.76    1.71  -24.3   24.5    1.58

                              ---CLUSTER DECAYS---    

 IHEP    ID      IDPDG IST MO1 MO2 DA1 DA2   P-X     P-Y     P-Z  ENERGY    MASS
   79 ETA          221 197  63  12 171 173   -0.98   -2.25    0.7    2.6    0.55
   80 PI+          211   1  63  12   0   0   -0.56   -0.62   -0.4    0.9    0.14
   81 PI-         -211   1  64  12   0   0   -0.68   -0.90   -0.2    1.2    0.14
   82 PI+          211   1  64  12   0   0   -0.02   -0.88   -0.1    0.9    0.14
   83 SIGMA0      3212 197  65  12 174 175   -1.23    1.44  -21.8   21.9    1.19
   84 XI*BAR     -3324 197  65  12 176 177    0.14    0.03  -24.8   24.8    1.53
   85 KBAR0       -311 197  66  12 178 178    1.21   -1.40  -23.5   23.6    0.50
   86 FL_1       20223 197  66  12 179 181    1.67   -1.97  -47.6   47.7    1.28
   87 F_2          225 197  67  12 182 183    0.89   -0.48  -77.5   77.5    1.27
   88 PI0          111   1  67  12   0   0    0.15   -0.36   -4.7    4.8    0.13
   89 PI-         -211   1  68  12   0   0   -0.39   -0.26  -12.8   12.8    0.14
   90 PI0          111   1  68  12   0   0   -0.62    0.29  -43.5   43.5    0.13
   91 OMEGA        223 197  69  12 184 186   -0.93    0.32 -182.6  182.6    0.78
   92 PI0          111   1  69  12   0   0    0.29   -0.72 -109.6  109.6    0.13
   93 ETA          221 197  70  24 187 188 -108.99 -202.28   19.9  230.6    0.55
   94 RHO-        -213 197  70  24 189 190  -24.62  -45.73    4.5   52.1    0.77
   95 XI0         3322 197  71  26 191 192  -41.63   24.50 1260.5 1261.4    1.31
   96 XIBAR+     -3312 197  71  26 193 194  -18.43   11.00  566.0  566.4    1.32
   97 P           2212   1  72  26   0   0   -1.77    1.28   84.4   84.4    0.94
   98 PBAR       -2212   1  72  26   0   0   -1.64    1.59   58.2   58.3    0.94
   99 RHO-        -213 197  73  26 195 196    0.52   -0.57  255.7  255.7    0.77
  100 RHOD+      30213 197  73  26 197 199   -0.76    0.41  686.3  686.3    1.70
  101 RHO_3+       217 197  74  12 200 201   -0.26    0.58-4161.9 4161.9    1.69
  102 N           2112   1  74  12   0   0    0.18   -0.63-1533.3 1533.3    0.94
  103 K0           311 197  75  26 202 202    0.35    0.48 1119.1 1119.1    0.50
  104 SIGMA*+     3224 197  75  26 203 204   -0.39   -0.50 1918.2 1918.2    1.38
  105 DELTA0      2114 197  76  12 205 206   -1.24    0.85  -13.8   13.9    1.23
  106 PBAR       -2212   1  76  12   0   0   -0.13    0.31   -4.5    4.6    0.94
  107 DELTA0      2114 197  77  24 207 208   -4.92   -9.07    1.3   10.5    1.23
  108 DELTABR0   -2114 197  77  24 209 210   -2.69   -6.09    0.7    6.8    1.23
  109 F_2          225 197  78  12 211 212   -1.48    1.21  -20.6   20.7    1.27
  110 PI+          211   1  78  12   0   0   -0.29    0.50   -3.7    3.8    0.14

                            ---H/W/Z BOSON DECAYS---  

 IHEP    ID      IDPDG IST MO1 MO2 DA1 DA2   P-X     P-Y     P-Z  ENERGY    MASS
  111 BQRK           5 123  23 112 113 112    3.18   47.94   98.5  109.7    4.95
  112 BBAR          -5 124  23 111 122 111  206.05  181.96  213.2  347.9    4.95

                              ---PARTON SHOWERS---    

 IHEP    ID      IDPDG IST MO1 MO2 DA1 DA2   P-X     P-Y     P-Z  ENERGY    MASS
  113 BQRK          94 143 111  23 115 121   11.03   54.80  106.4  122.8   24.85
  114 CONE           0 100 111 112   0   0    0.97    0.42    0.1    1.1    0.00
  115 BQRK           5   2 113 116 126 125    8.55   11.17   33.7   36.9    4.95
  116 GLUON         21   2 113 117 127 128    0.88    1.49    3.9    4.3    0.75
  117 DBAR          -1   2 113 118 129 128    2.73    7.61   10.7   13.4    0.32
  118 DQRK           1   2 113 119 130 129    1.05    1.36    3.2    3.6    0.32
  119 GLUON         21   2 113 120 131 132    0.05    1.38    3.9    4.2    0.75
  120 GLUON         21   2 113 121 133 134   -0.97    3.20    6.8    7.6    0.75
  121 GLUON         21   2 113 124 135 136   -1.26   28.60   44.1   52.6    0.75
  122 BBAR          94 144 112  23 124 125  198.20  175.11  205.2  334.8    7.01
  123 CONE           0 100 112 111   0   0    0.31    0.96    1.8    2.0    0.00
  124 GLUON         21   2 122 125 137 138   26.24   22.23   25.2   42.7    0.75
  125 BBAR          -5   2 122 126 139 138  171.96  152.88  180.0  292.2    4.95

                              ---GLUON SPLITTING---   

 IHEP    ID      IDPDG IST MO1 MO2 DA1 DA2   P-X     P-Y     P-Z  ENERGY    MASS
  126 BQRK           5 158 113 127 144 139    8.55   11.17   33.7   36.9    4.95
  127 DBAR          -1 158 113 128 144 126    0.28    0.73    1.5    1.7    0.32
  128 DQRK           1 158 113 129 145 127    0.60    0.76    2.4    2.7    0.32
  129 DBAR          -1 158 113 130 145 128    2.73    7.61   10.7   13.4    0.32
  130 DQRK           1 158 113 131 146 129    1.05    1.36    3.2    3.6    0.32
  131 DBAR          -1 158 113 132 146 130    0.21    0.81    2.3    2.4    0.32
  132 DQRK           1 158 113 133 147 131   -0.17    0.57    1.7    1.8    0.32
  133 UBAR          -2 158 113 134 147 132   -0.21    1.15    2.2    2.5    0.32
  134 UQRK           2 158 113 135 148 133   -0.76    2.05    4.6    5.1    0.32
  135 DBAR          -1 158 113 136 148 134   -0.42   13.36   20.8   24.7    0.32
  136 DQRK           1 158 113 140 149 135   -0.53    9.68   14.8   17.7    0.32
  137 UBAR          -2 158 122 138 152 143   12.41   10.59   11.8   20.1    0.32
  138 UQRK           2 158 122 139 150 137   12.31   10.34   12.0   20.1    0.32
  139 BBAR          -5 158 122 126 150 138  171.96  152.88  180.0  292.2    4.95
  140 DBAR          -1 159 122 141 149 136    0.19    0.52    0.7    1.0    0.32
  141 DQRK           1 159 113 142 151 140   -0.24    4.66    7.1    8.5    0.32
  142 SBAR          -3 159 122 143 151 141    0.78    0.89    1.1    1.7    0.50
  143 SQRK           3 159 113 137 152 142    0.48    0.78    1.0    1.4    0.50

                             ---CLUSTER FORMATION---  

 IHEP    ID      IDPDG IST MO1 MO2 DA1 DA2   P-X     P-Y     P-Z  ENERGY    MASS
  144 CLUS          91 183 126 127 153 154    8.83   11.90   35.2   38.6    5.43
  145 CLUS          91 183 128 129 155 156    3.33    8.37   13.2   16.1    2.03
  146 CLUS          91 183 130 131 157 158    1.27    2.17    5.5    6.1    0.91
  147 CLUS          91 183 132 133 159 160   -0.38    1.71    3.9    4.3    0.72
  148 CLUS          91 183 134 135 161 162   -1.18   15.41   25.4   29.8    2.40
  149 CLUS          91 183 136 140 163 164   -0.34   10.20   15.6   18.7    1.76
  150 CLUS          91 183 138 139 165 166  184.27  163.22  192.0  312.2    5.80
  151 CLUS          91 183 141 142 167 168    0.54    5.56    8.2   10.2    2.37
  152 CLUS          91 183 143 137 169 170   12.89   11.37   12.8   21.6    2.55

                              ---CLUSTER DECAYS---    

 IHEP    ID      IDPDG IST MO1 MO2 DA1 DA2   P-X     P-Y     P-Z  ENERGY    MASS
  153 B_DBAR0     -511 200 144 113 213 213    8.68   11.62   34.5   37.8    5.28
  154 PI0          111   1 144 113   0   0    0.15    0.27    0.7    0.7    0.13
  155 B_1-      -10213 197 145 113 214 215    1.57    3.45    6.3    7.4    1.23
  156 PI+          211   1 145 113   0   0    1.76    4.91    6.9    8.7    0.14
  157 RHO-        -213 197 146 113 216 217    1.11    1.86    4.7    5.2    0.77
  158 PI+          211   1 146 113   0   0    0.16    0.31    0.8    0.9    0.14
  159 PI0          111   1 147 113   0   0   -0.32    1.64    3.1    3.5    0.13
  160 PI-         -211   1 147 113   0   0   -0.05    0.08    0.8    0.8    0.14
  161 DELTA++     2224 197 148 113 218 219   -0.21    7.13   12.4   14.3    1.23
  162 PBAR       -2212   1 148 113   0   0   -0.97    8.28   13.0   15.5    0.94
  163 A_1-      -20213 197 149 113 220 221   -0.46    7.80   11.2   13.7    1.23
  164 PI+          211   1 149 113   0   0    0.12    2.40    4.3    5.0    0.14
  165 PI0          111   1 150 122   0   0    7.28    6.08    7.1   11.8    0.13
  166 B+           521 199 150 122 286 287  176.99  157.14  184.9  300.4    5.28
  167 P           2212   1 151 113   0   0   -0.23    2.29    3.8    4.5    0.94
  168 SIGMABR-   -3222 197 151 113 222 223    0.77    3.27    4.4    5.7    1.19
  169 SIGMA+      3222 197 152 113 224 225    4.63    4.45    4.8    8.1    1.19
  170 DLTABR--   -2224 197 152 113 226 227    8.26    6.92    8.0   13.5    1.23

                           ---STRONG HADRON DECAYS--- 

 IHEP    ID      IDPDG IST MO1 MO2 DA1 DA2   P-X     P-Y     P-Z  ENERGY    MASS
  171 PI+          211   1  79  12   0   0   -0.27   -0.41    0.1    0.5    0.14
  172 PI-         -211   1  79  12   0   0   -0.45   -1.02    0.4    1.2    0.14
  173 PI0          111   1  79  12   0   0   -0.26   -0.82    0.2    0.9    0.13
  174 LAMBDA      3122 198  83  12 228 229   -1.19    1.46  -21.5   21.6    1.12
  175 GAMMA         22   1  83  12   0   0   -0.04   -0.02   -0.3    0.3    0.00
  176 XIBAR+     -3312 198  84  12 230 231    0.16   -0.09  -22.9   23.0    1.32
  177 PI-         -211   1  84  12   0   0   -0.02    0.12   -1.9    1.9    0.14
  178 K_L0         130   1  85  12   0   0    1.21   -1.40  -23.5   23.6    0.50
  179 K0           311 198  86  12 232 232    1.15   -1.31  -30.6   30.7    0.50
  180 KBAR0       -311 198  86  12 233 233    0.38   -0.48  -11.3   11.3    0.50
  181 PI0          111   1  86  12   0   0    0.14   -0.18   -5.7    5.7    0.13
  182 PI+          211   1  87  12   0   0    1.08   -0.59  -48.0   48.0    0.14
  183 PI-         -211   1  87  12   0   0   -0.19    0.11  -29.5   29.5    0.14
  184 PI+          211   1  91  12   0   0   -0.05    0.27  -36.0   36.0    0.14
  185 PI-         -211   1  91  12   0   0   -0.57   -0.03  -91.5   91.5    0.14
  186 PI0          111   1  91  12   0   0   -0.31    0.07  -55.0   55.0    0.13
  187 GAMMA         22   1  93  24   0   0  -37.19  -69.23    7.0   78.9    0.00
  188 GAMMA         22   1  93  24   0   0  -71.80 -133.05   12.8  151.7    0.00
  189 PI-         -211   1  94  24   0   0  -17.31  -32.33    2.9   36.8    0.14
  190 PI0          111   1  94  24   0   0   -7.32  -13.39    1.6   15.3    0.13
  191 LAMBDA      3122 198  95  26 234 235  -33.96   20.03 1025.8 1026.6    1.12
  192 PI0          111   1  95  26   0   0   -7.67    4.47  234.7  234.8    0.13
  193 LAMBDABR   -3122 198  96  26 236 237  -15.17    8.94  462.2  462.5    1.12
  194 PI+          211   1  96  26   0   0   -3.26    2.07  103.8  103.9    0.14
  195 PI-         -211   1  99  26   0   0   -0.13    0.00   71.8   71.8    0.14
  196 PI0          111   1  99  26   0   0    0.65   -0.57  184.0  184.0    0.13
  197 RHO-        -213 198 100  26 238 239   -0.98    0.27  354.9  354.9    0.77
  198 PI+          211   1 100  26   0   0    0.29    0.08  214.6  214.6    0.14
  199 PI+          211   1 100  26   0   0   -0.07    0.06  116.8  116.8    0.14
  200 RHO+         213 198 101  12 240 241    0.04   -0.02-1537.3 1537.3    0.77
  201 RHO0         113 198 101  12 242 243   -0.30    0.60-2624.5 2624.5    0.77
  202 K_L0         130   1 103  26   0   0    0.35    0.48 1119.1 1119.1    0.50
  203 LAMBDA      3122 198 104  26 244 245   -0.52   -0.51 1635.3 1635.3    1.12
  204 PI+          211   1 104  26   0   0    0.12    0.01  282.9  282.9    0.14
  205 N           2112   1 105  12   0   0   -1.18    0.76  -10.8   11.0    0.94
  206 PI0          111   1 105  12   0   0   -0.06    0.09   -3.0    3.0    0.13
  207 N           2112   1 107  24   0   0   -4.31   -7.60    0.9    8.8    0.94
  208 PI0          111   1 107  24   0   0   -0.61   -1.47    0.3    1.6    0.13
  209 NBAR       -2112   1 108  24   0   0   -2.24   -4.76    0.3    5.4    0.94
  210 PI0          111   1 108  24   0   0   -0.45   -1.33    0.3    1.4    0.13
  211 PI0          111   1 109  12   0   0   -0.36    0.18  -10.9   10.9    0.13
  212 PI0          111   1 109  12   0   0   -1.12    1.03   -9.7    9.8    0.13
  213 B_DBAR0     -511 199 153 113 253 254    8.68   11.62   34.5   37.8    5.28
  214 OMEGA        223 198 155 113 246 248    1.04    2.96    4.8    5.8    0.78
  215 PI-         -211   1 155 113   0   0    0.53    0.49    1.4    1.6    0.14
  216 PI-         -211   1 157 113   0   0    0.49    0.99    1.6    1.9    0.14
  217 PI0          111   1 157 113   0   0    0.62    0.87    3.1    3.3    0.13
  218 P           2212   1 161 113   0   0   -0.08    6.73   11.7   13.5    0.94
  219 PI+          211   1 161 113   0   0   -0.13    0.40    0.7    0.8    0.14
  220 RHO-        -213 198 163 113 249 250   -0.00    3.82    5.3    6.6    0.77
  221 PI0          111   1 163 113   0   0   -0.46    3.98    5.9    7.1    0.13
  222 NBAR       -2112   1 168 113   0   0    0.68    3.12    4.3    5.4    0.94
  223 PI-         -211   1 168 113   0   0    0.09    0.15    0.2    0.3    0.14
  224 P           2212   1 169 113   0   0    3.17    3.12    3.5    5.7    0.94
  225 PI0          111   1 169 113   0   0    1.46    1.33    1.3    2.4    0.13
  226 PBAR       -2212   1 170 113   0   0    6.87    5.63    6.3   11.0    0.94
  227 PI-         -211   1 170 113   0   0    1.39    1.29    1.7    2.5    0.14
  228 N           2112   1 174  12   0   0   -1.16    1.35  -20.0   20.1    0.94
  229 PI0          111   1 174  12   0   0   -0.03    0.12   -1.5    1.6    0.13
  230 LAMBDABR   -3122 198 176  12 251 252   -0.00   -0.06  -19.1   19.2    1.12
  231 PI+          211   1 176  12   0   0    0.16   -0.03   -3.8    3.8    0.14
  232 K_L0         130   1 179  12   0   0    1.15   -1.31  -30.6   30.7    0.50
  233 K_L0         130   1 180  12   0   0    0.38   -0.48  -11.3   11.3    0.50
  234 N           2112   1 191  26   0   0  -26.10   15.40  787.1  787.7    0.94
  235 PI0          111   1 191  26   0   0   -7.85    4.64  238.7  238.9    0.13
  236 PBAR       -2212   1 193  26   0   0  -12.79    7.52  386.7  387.0    0.94
  237 PI+          211   1 193  26   0   0   -2.38    1.42   75.4   75.5    0.14
  238 PI-         -211   1 197  26   0   0   -0.75    0.04  147.7  147.7    0.14
  239 PI0          111   1 197  26   0   0   -0.22    0.23  207.2  207.2    0.13
  240 PI+          211   1 200  12   0   0   -0.15   -0.33 -747.9  747.9    0.14
  241 PI0          111   1 200  12   0   0    0.19    0.31 -789.4  789.4    0.13
  242 PI+          211   1 201  12   0   0   -0.45    0.15-1631.6 1631.6    0.14
  243 PI-         -211   1 201  12   0   0    0.15    0.45 -993.0  993.0    0.14
  244 N           2112   1 203  26   0   0   -0.34   -0.43 1395.6 1395.6    0.94
  245 PI0          111   1 203  26   0   0   -0.18   -0.08  239.6  239.6    0.13
  246 PI+          211   1 214 113   0   0    0.47    1.71    3.0    3.5    0.14
  247 PI-         -211   1 214 113   0   0    0.41    1.06    1.5    1.8    0.14
  248 PI0          111   1 214 113   0   0    0.17    0.20    0.3    0.4    0.13
  249 PI-         -211   1 220 113   0   0    0.14    0.84    0.8    1.2    0.14
  250 PI0          111   1 220 113   0   0   -0.15    2.97    4.5    5.4    0.13
  251 NBAR       -2112   1 230  12   0   0    0.09   -0.05  -15.5   15.6    0.94
  252 PI0          111   1 230  12   0   0   -0.10   -0.01   -3.6    3.6    0.13

                           ---HEAVY PARTICLE DECAYS---

 IHEP    ID      IDPDG IST MO1 MO2 DA1 DA2   P-X     P-Y     P-Z  ENERGY    MASS
  253 BQRK           5 155 213 254 255 257    8.15   10.92   32.4   35.5    4.96
  254 DBAR          -1 125 213 257 258 257    0.53    0.70    2.1    2.3    0.32
  255 CQRK           4 123 253 256 259 256    7.58    9.74   28.4   31.0    1.55
  256 UBAR          -2 124 253 255 261 255    0.03    1.07    1.3    1.7    0.32
  257 DQRK           1 124 253 253 263 253    0.55    0.11    2.7    2.8    0.32
  258 DBAR          -1 160 254 267 269 267    0.53    0.70    2.1    2.3    0.32

                              ---PARTON SHOWERS---    

 IHEP    ID      IDPDG IST MO1 MO2 DA1 DA2   P-X     P-Y     P-Z  ENERGY    MASS
  259 CQRK          94 143 255 253 260 260    7.58    9.74   28.4   31.0    1.55
  260 CQRK           4   2 259 262 265 262    7.58    9.74   28.4   31.0    1.55
  261 UBAR          94 144 256 253 262 262    0.03    1.07    1.3    1.7    0.32
  262 UBAR          -2   2 261 265 266 265    0.03    1.07    1.3    1.7    0.32
  263 DQRK          94 144 257 253 264 264    0.55    0.11    2.7    2.8    0.32
  264 DQRK           1   2 263 258 267 258    0.55    0.11    2.7    2.8    0.32

                              ---GLUON SPLITTING---   

 IHEP    ID      IDPDG IST MO1 MO2 DA1 DA2   P-X     P-Y     P-Z  ENERGY    MASS
  265 CQRK           4 158 259 266 268 266    7.58    9.74   28.4   31.0    1.55
  266 UBAR          -2 158 261 265 268 265    0.03    1.07    1.3    1.7    0.32
  267 DQRK           1 158 263 258 269 258    0.55    0.11    2.7    2.8    0.32

                             ---CLUSTER FORMATION---  

 IHEP    ID      IDPDG IST MO1 MO2 DA1 DA2   P-X     P-Y     P-Z  ENERGY    MASS
  268 CLUS          91 183 265 266 270 271    7.61   10.81   29.7   32.7    3.72
  269 CLUS          91 183 267 258 272 273    1.07    0.81    4.8    5.1    0.95

                              ---CLUSTER DECAYS---    

 IHEP    ID      IDPDG IST MO1 MO2 DA1 DA2   P-X     P-Y     P-Z  ENERGY    MASS
  270 SIGMA_C0    4112 197 268 259 274 275    5.53    7.70   21.4   23.5    2.45
  271 DELTABR0   -2114 197 268 259 276 277    2.08    3.12    8.3    9.2    1.23
  272 PI-         -211   1 269 263   0   0    0.20    0.06    1.0    1.0    0.14
  273 RHO+         213 197 269 263 278 279    0.87    0.75    3.8    4.1    0.77

                           ---STRONG HADRON DECAYS--- 

 IHEP    ID      IDPDG IST MO1 MO2 DA1 DA2   P-X     P-Y     P-Z  ENERGY    MASS
  274 LMBDA_C+    4122 198 270 259 280 282    5.32    7.32   20.3   22.3    2.28
  275 PI-         -211   1 270 259   0   0    0.21    0.37    1.1    1.2    0.14
  276 NBAR       -2112   1 271 259   0   0    1.86    2.98    7.9    8.7    0.94
  277 PI0          111   1 271 259   0   0    0.22    0.14    0.4    0.5    0.13
  278 PI+          211   1 273 263   0   0    0.60    0.79    2.3    2.5    0.14
  279 PI0          111   1 273 263   0   0    0.27   -0.04    1.6    1.6    0.13
  280 N           2112   1 274 259   0   0    3.95    5.69   14.9   16.4    0.94
  281 KBAR0       -311 198 274 259 283 283    1.06    1.58    4.2    4.7    0.50
  282 PI+          211   1 274 259   0   0    0.31    0.05    1.2    1.2    0.14
  283 K_S0         310 198 281 259 284 285    1.06    1.58    4.2    4.7    0.50
  284 PI0          111   1 283 259   0   0    0.88    1.03    3.2    3.4    0.13
  285 PI0          111   1 283 259   0   0    0.18    0.54    1.1    1.2    0.13

                           ---HEAVY PARTICLE DECAYS---

 IHEP    ID      IDPDG IST MO1 MO2 DA1 DA2   P-X     P-Y     P-Z  ENERGY    MASS
  286 UQRK           2 125 166 290 291 290   10.73    9.53   11.2   18.2    0.32
  287 BBAR          -5 155 166 286 288 290  166.26  147.62  173.7  282.2    4.96
  288 SBAR          -3 123 287 289 292 289   37.63   33.10   40.8   64.6    0.50
  289 CQRK           4 124 287 288 294 288   49.84   44.07   51.6   84.2    1.55
  290 CBAR          -4 124 287 287 296 287   78.78   70.46   81.3  133.4    1.55
  291 UQRK           2 160 286 300 301 300   10.73    9.53   11.2   18.2    0.32

                              ---PARTON SHOWERS---    

 IHEP    ID      IDPDG IST MO1 MO2 DA1 DA2   P-X     P-Y     P-Z  ENERGY    MASS
  292 SBAR          94 143 288 287 293 293   37.63   33.10   40.8   64.6    0.50
  293 SBAR          -3   2 292 295 298 295   37.63   33.10   40.8   64.6    0.50
  294 CQRK          94 144 289 287 295 295   49.84   44.07   51.6   84.2    1.55
  295 CQRK           4   2 294 298 299 298   49.84   44.07   51.6   84.2    1.55
  296 CBAR          94 144 290 287 297 297   78.78   70.46   81.3  133.4    1.55
  297 CBAR          -4   2 296 291 300 291   78.78   70.46   81.3  133.4    1.55

                              ---GLUON SPLITTING---   

 IHEP    ID      IDPDG IST MO1 MO2 DA1 DA2   P-X     P-Y     P-Z  ENERGY    MASS
  298 SBAR          -3 158 292 299 302 299   37.63   33.10   40.8   64.6    0.50
  299 CQRK           4 158 294 298 302 298   49.84   44.07   51.6   84.2    1.55
  300 CBAR          -4 158 296 291 301 291   78.78   70.46   81.3  133.4    1.55

                             ---CLUSTER FORMATION---  

 IHEP    ID      IDPDG IST MO1 MO2 DA1 DA2   P-X     P-Y     P-Z  ENERGY    MASS
  301 CLUS          91 183 291 300 303 303   89.50   80.00   92.5  151.6    1.86
  302 CLUS          91 183 299 298 304 305   87.48   77.14   92.5  148.9    2.82

                              ---CLUSTER DECAYS---    

 IHEP    ID      IDPDG IST MO1 MO2 DA1 DA2   P-X     P-Y     P-Z  ENERGY    MASS
  303 DBAR0       -421 196 301 286 306 307   89.50   80.00   92.5  151.6    1.86
  304 D*0          423 197 302 294 308 309   60.86   53.74   63.7  103.2    2.01
  305 K+           321   1 302 294   0   0   26.62   23.40   28.8   45.7    0.49

                           ---STRONG HADRON DECAYS--- 

 IHEP    ID      IDPDG IST MO1 MO2 DA1 DA2   P-X     P-Y     P-Z  ENERGY    MASS
  306 PHI          333 198 303 286 310 311   43.43   38.74   45.1   73.6    1.02
  307 RHO0         113 198 303 286 312 313   46.07   41.26   47.4   77.9    0.77
  308 D0           421 198 304 294 314 315   57.39   50.64   60.1   97.3    1.86
  309 PI0          111   1 304 294   0   0    3.48    3.10    3.6    5.9    0.13
  310 K_L0         130   1 306 286   0   0   20.94   18.81   21.9   35.7    0.50
  311 K_S0         310 198 306 286 316 317   22.48   19.94   23.2   38.0    0.50
  312 PI+          211   1 307 286   0   0    4.93    4.44    5.3    8.5    0.14
  313 PI-         -211   1 307 286   0   0   41.14   36.82   42.1   69.4    0.14
  314 K*-         -323 198 308 294 318 319   47.44   42.55   49.7   80.8    0.89
  315 PI+          211   1 308 294   0   0    9.95    8.09   10.4   16.5    0.14
  316 PI0          111   1 311 286   0   0    3.41    2.88    3.4    5.6    0.13
  317 PI0          111   1 311 286   0   0   19.07   17.06   19.8   32.4    0.13
  318 K-          -321   1 314 294   0   0   22.87   20.35   23.6   38.6    0.49
  319 PI0          111   1 314 294   0   0   24.57   22.20   26.1   42.1    0.13



 EVENT       2: 6500.00 GEV/C P        ON  6500.00 GEV/C P        PROCESS:-18000
 SEEDS:  1846494363 &   967997949   STATUS:  100 ERROR:   0  WEIGHT:  5.9381E-04


                               ---INITIAL STATE---    

 IHEP    ID      IDPDG IST MO1 MO2 DA1 DA2   P-X     P-Y     P-Z  ENERGY    MASS
    1 P           2212 101   0   0   0   0    0.00    0.00 6500.0 6500.0    0.94
    2 P           2212 102   0   0   0   0    0.00    0.00-6500.0 6500.0    0.94
    3 CMF            0 103   1   2   0   0    0.00    0.00    0.013000.013000.00

                              ---HARD SUBPROCESS---   

 IHEP    ID      IDPDG IST MO1 MO2 DA1 DA2   P-X     P-Y     P-Z  ENERGY    MASS
    4 DQRK           1 121   6   8  10   9    0.00    0.00 1222.5 1222.5    0.32
    5 UQRK           2 122   6   9  15   8    0.00    0.00-1020.3 1020.3    0.32
    6 HARD           0 120   4   5   7   9    1.94    1.19  202.2 2242.8 2233.70
    7 HIGGS         25 123   6   7  20   7  125.18  234.01  414.6  507.9  125.00
    8 DQRK           1 124   6   5  21   4  -74.57   41.84 -945.9  949.7    0.32
    9 UQRK           2 124   6   4  26   5  -50.61 -275.85  733.4  785.2    0.32

                              ---PARTON SHOWERS---    

 IHEP    ID      IDPDG IST MO1 MO2 DA1 DA2   P-X     P-Y     P-Z  ENERGY    MASS
   10 DQRK          94 141   4   6  12  14    0.07    2.00 1222.6 1222.5  -14.68
   11 CONE           0 100   4   9   0   0   -0.18   -0.98    2.3    2.5    0.00
   12 GLUON         21   2  10  13  37  38    0.79   -0.54    8.6    8.7    0.75
   13 GLUON         21   2  10  14  39  40   -0.86   -1.46  946.2  946.2    0.75
   14 UU          2203   2  10  23  41  40    0.00    0.00 4322.6 4322.6    0.32
   15 UQRK          94 142   5   6  17  19    1.86   -0.81-1020.4 1020.3  -14.55
   16 CONE           0 100   5   8   0   0   -0.87    0.49   -8.0    8.1    0.00
   17 GLUON         21   2  15  18  42  43   -2.95   -0.09  -47.9   48.0    0.75
   18 GLUON         21   2  15  19  44  45    1.08    0.90 -244.9  244.9    0.75
   19 UD          2101   2  15  28  46  45    0.00    0.00-5186.8 5186.8    0.31
   20 HIGGS         25 195   7   6 142 143  125.59  234.22  414.5  508.0  125.00
   21 DQRK          94 144   8   6  23  25  -73.73   42.33 -945.6  949.6   18.33
   22 CONE           0 100   8   5   0   0    0.27   -0.15   -7.8    7.8    0.00
   23 DQRK           1   2  21  24  47  41  -54.18   33.52 -618.2  621.5    0.32
   24 GLUON         21   2  21  25  48  49   -6.92    2.83  -95.7   96.0    0.75
   25 GLUON         21   2  21  42  50  51  -12.62    5.98 -231.6  232.0    0.75
   26 UQRK          94 144   9   6  28  36  -49.92 -275.36  733.2  785.2   24.48
   27 CONE           0 100   9   4   0   0    0.08    0.43    1.7    1.7    0.00
   28 UQRK           2   2  26  29  52  46   -9.06  -61.42  170.5  181.5    0.32
   29 GLUON         21   2  26  30  53  54  -11.94  -71.61  191.8  205.1    0.75
   30 GLUON         21   2  26  31  55  56   -2.00  -19.42   51.9   55.5    0.75
   31 GLUON         21   2  26  32  57  58   -1.66  -12.51   36.3   38.4    0.75
   32 GLUON         21   2  26  33  59  60   -5.67  -19.86   54.6   58.4    0.75
   33 GLUON         21   2  26  34  61  62   -8.65  -37.96   98.3  105.8    0.75
   34 GLUON         21   2  26  35  63  64   -4.79  -24.65   61.4   66.4    0.75
   35 GLUON         21   2  26  36  65  66   -5.81  -23.22   60.3   64.9    0.75
   36 GLUON         21   2  26  37  67  68   -0.34   -4.71    8.0    9.3    0.75

                              ---GLUON SPLITTING---   

 IHEP    ID      IDPDG IST MO1 MO2 DA1 DA2   P-X     P-Y     P-Z  ENERGY    MASS
   37 DBAR          -1 158  10  38  94  68    0.12   -0.11    2.5    2.5    0.32
   38 DQRK           1 158  10  73  79  37    0.51   -0.33    5.2    5.2    0.32
   39 UBAR          -2 158  10  40  97  74   -0.49   -0.65  389.9  389.9    0.32
   40 UQRK           2 158  10  69  80  39   -0.07   -0.21  366.7  366.7    0.32
   41 UU          2203 161  10  47  95  70   -0.02   -0.05 3543.4 3543.4    0.64
   42 DBAR          -1 158  15  43  85  51   -1.24    0.13  -19.2   19.2    0.32
   43 DQRK           1 158  15  75  81  42   -1.19   -0.16  -20.7   20.7    0.32
   44 DBAR          -1 158  15  45  98  76    0.20    0.23  -75.1   75.1    0.32
   45 DQRK           1 158  15  71  82  44    0.54    0.40 -106.0  106.0    0.32
   46 UD          2101 162  15  52  96  72    0.01    0.00-5002.6 5002.6    0.64
   47 DQRK           1 158  21  77  83  41  -41.66   25.77 -475.4  477.9    0.32
   48 DBAR          -1 158  21  49  99  78   -1.76    0.68  -24.9   25.0    0.32
   49 DQRK           1 158  21  50  84  48   -4.84    2.06  -65.8   66.0    0.32
   50 DBAR          -1 158  21  51  84  49   -7.44    3.32 -135.8  136.0    0.32
   51 DQRK           1 158  21  42  85  50   -5.19    2.65  -95.8   96.0    0.32
   52 UQRK           2 158  26  53  86  46   -9.06  -61.42  170.5  181.5    0.32
   53 UBAR          -2 158  26  54  86  52   -4.73  -27.34   73.3   78.4    0.32
   54 UQRK           2 158  26  55  87  53   -7.20  -44.27  118.5  126.7    0.32
   55 UBAR          -2 158  26  56  87  54   -0.77   -6.98   18.2   19.5    0.32
   56 UQRK           2 158  26  57  88  55   -1.24  -12.44   33.7   35.9    0.32
   57 DBAR          -1 158  26  58  88  56   -0.75   -6.68   19.7   20.9    0.32
   58 DQRK           1 158  26  59  89  57   -0.91   -5.83   16.5   17.6    0.32
   59 UBAR          -2 158  26  60  89  58   -2.32   -8.25   22.2   23.8    0.32
   60 UQRK           2 158  26  61  90  59   -3.35  -11.60   32.4   34.6    0.32
   61 UBAR          -2 158  26  62  90  60   -4.21  -18.90   48.4   52.2    0.32
   62 UQRK           2 158  26  63  91  61   -4.44  -19.06   49.9   53.6    0.32
   63 UBAR          -2 158  26  64  91  62   -2.28  -12.29   30.1   32.6    0.32
   64 UQRK           2 158  26  65  92  63   -2.51  -12.36   31.3   33.7    0.32
   65 UBAR          -2 158  26  66  92  64   -1.69   -6.85   18.1   19.4    0.32
   66 UQRK           2 158  26  67  93  65   -4.12  -16.38   42.2   45.5    0.32
   67 DBAR          -1 158  26  68  93  66   -0.36   -2.48    4.3    5.0    0.32
   68 DQRK           1 158  26  37  94  67    0.03   -2.24    3.7    4.3    0.32
   69 UBAR          -2 159  10  70  80  40   -0.04   -0.13  473.8  473.8    0.32
   70 UQRK           2 159  10  41  95  69   -0.07   -0.21  365.9  365.9    0.32
   71 DBAR          -1 159  15  72  82  45    0.10    0.07 -125.8  125.8    0.32
   72 DQRK           1 159  15  46  96  71    0.16    0.11  -93.3   93.3    0.32
   73 SBAR          -3 159  10  74  79  38   -0.14   -0.21  118.9  118.9    0.50
   74 SQRK           3 159  10  39  97  73    0.13   -0.11   11.1   11.1    0.50
   75 SBAR          -3 159  15  76  81  43   -0.24    0.00  -17.4   17.4    0.50
   76 SQRK           3 159  15  44  98  75   -0.18    0.02  -19.5   19.5    0.50
   77 DBAR          -1 159  21  78  83  47   -1.64    0.92  -19.9   20.0    0.32
   78 DQRK           1 159  21  48  99  77  -11.20    6.92 -128.0  128.6    0.32

                             ---CLUSTER FORMATION---  

 IHEP    ID      IDPDG IST MO1 MO2 DA1 DA2   P-X     P-Y     P-Z  ENERGY    MASS
   79 CLUS          91 183  38  73 100 101    0.37   -0.54  124.1  124.1    3.33
   80 CLUS          91 183  40  69 102 103   -0.12   -0.34  840.5  840.5    0.66
   81 CLUS          91 183  43  75 104 105   -1.43   -0.15  -38.1   38.1    1.20
   82 CLUS          91 183  45  71 106 107    0.64    0.47 -231.8  231.8    0.89
   83 CLUS          91 183  47  77 108 109  -43.30   26.69 -495.3  497.9    1.87
   84 CLUS          91 183  49  50 110 111  -12.27    5.38 -201.6  202.1    2.00
   85 CLUS          91 183  51  42 112 113   -6.43    2.79 -115.0  115.2    1.31
   86 CLUS          91 183  52  53 114 115  -13.79  -88.76  243.8  259.8    1.97
   87 CLUS          91 183  54  55 116 117   -7.97  -51.25  136.8  146.3    1.35
   88 CLUS          91 183  56  57 118 119   -1.99  -19.12   53.4   56.8    1.00
   89 CLUS          91 183  58  59 120 121   -3.23  -14.08   38.7   41.3    1.20
   90 CLUS          91 183  60  61 122 123   -7.57  -30.50   80.9   86.8    1.53
   91 CLUS          91 183  62  63 124 125   -6.72  -31.35   80.0   86.2    1.26
   92 CLUS          91 183  64  65 126 127   -4.21  -19.21   49.4   53.2    0.83
   93 CLUS          91 183  66  67 128 129   -4.48  -18.85   46.6   50.5    2.49
   94 CLUS          91 183  68  37 130 131    0.15   -2.35    6.2    6.8    1.76
   95 CLUS          91 184  70  41 132 133   -0.09   -0.26 3909.4 3909.4    1.42
   96 CLUS          91 185  72  46 134 135    0.16    0.12-5095.9 5095.9    2.83
   97 CLUS          91 183  74  39 136 137   -0.36   -0.76  401.0  401.0    3.19
   98 CLUS          91 183  76  44 138 139    0.01    0.25  -94.6   94.6    1.25
   99 CLUS          91 183  78  48 140 141  -12.97    7.60 -152.9  153.6    1.98

                              ---CLUSTER DECAYS---    

 IHEP    ID      IDPDG IST MO1 MO2 DA1 DA2   P-X     P-Y     P-Z  ENERGY    MASS
  100 ETA_2(H)   10335 197  79  10 210 211   -0.15   -1.12   71.3   71.3    1.85
  101 K*0          313 197  79  10 212 213    0.53    0.58   52.8   52.8    0.90
  102 PI+          211   1  80  10   0   0   -0.08   -0.21  114.8  114.8    0.14
  103 PI-         -211   1  80  10   0   0   -0.04   -0.12  725.7  725.7    0.14
  104 PI-         -211   1  81  15   0   0   -0.15   -0.16   -9.3    9.3    0.14
  105 K*+          323 197  81  15 214 215   -1.28    0.01  -28.7   28.8    0.89
  106 PI-         -211   1  82  15   0   0    0.31    0.69 -158.0  158.0    0.14
  107 PI+          211   1  82  15   0   0    0.33   -0.22  -73.9   73.9    0.14
  108 A_1-      -20213 197  83  21 216 217  -42.68   26.36 -487.5  490.0    1.23
  109 PI+          211   1  83  21   0   0   -0.62    0.33   -7.8    7.8    0.14
  110 P           2212   1  84  21   0   0   -7.36    2.93 -116.8  117.1    0.94
  111 PBAR       -2212   1  84  21   0   0   -4.92    2.45  -84.9   85.0    0.94
  112 PI-         -211   1  85  21   0   0   -1.29    0.61  -17.8   17.8    0.14
  113 RHO+         213 197  85  21 218 219   -5.14    2.18  -97.2   97.4    0.77
  114 K*+          323 197  86  26 220 221   -9.47  -63.24  175.0  186.3    0.89
  115 K-          -321   1  86  26   0   0   -4.32  -25.53   68.8   73.5    0.49
  116 ETA          221 197  87  26 222 224   -5.47  -33.25   89.3   95.5    0.55
  117 ETA          221 197  87  26 225 226   -2.50  -18.00   47.5   50.8    0.55
  118 PI0          111   1  88  26   0   0   -1.29  -13.34   36.0   38.4    0.13
  119 PI+          211   1  88  26   0   0   -0.70   -5.78   17.5   18.4    0.14
  120 K0           311 197  89  26 227 227   -1.88   -7.38   21.2   22.5    0.50
  121 K-          -321   1  89  26   0   0   -1.34   -6.70   17.5   18.8    0.49
  122 PI+          211   1  90  26   0   0   -6.36  -24.82   64.4   69.3    0.14
  123 PI-         -211   1  90  26   0   0   -1.21   -5.68   16.5   17.5    0.14
  124 RHO+         213 197  91  26 228 229   -2.67  -12.33   31.3   33.7    0.77
  125 PI-         -211   1  91  26   0   0   -4.05  -19.01   48.8   52.5    0.14
  126 PI+          211   1  92  26   0   0   -3.00  -15.01   38.8   41.7    0.14
  127 PI-         -211   1  92  26   0   0   -1.21   -4.19   10.6   11.5    0.14
  128 DELTA0      2114 197  93  26 230 231   -2.47   -9.81   24.6   26.6    1.23
  129 DELTABR+   -1114 197  93  26 232 233   -2.01   -9.05   22.0   23.9    1.23
  130 OMEGA        223 197  94  26 234 236   -0.09   -2.02    3.9    4.5    0.78
  131 ETA          221 197  94  26 237 239    0.24   -0.32    2.3    2.4    0.55
  132 PI0          111   1  95  10   0   0   -0.12   -0.00  404.4  404.4    0.13
  133 DELTA++     2224 197  95  10 240 241    0.03   -0.26 3504.9 3504.9    1.23
  134 K*_20        315 197  96  15 242 244    0.07    0.09-3689.3 3689.3    1.43
  135 SIGMA0      3212 197  96  15 245 246    0.09    0.03-1406.5 1406.5    1.19
  136 SIGMA*-     3114 197  97  10 247 248   -1.10   -0.40  222.9  223.0    1.39
  137 DELTABR0   -2114 197  97  10 249 250    0.74   -0.35  178.0  178.1    1.23
  138 K-          -321   1  98  15   0   0   -0.20   -0.30  -33.6   33.6    0.49
  139 PI+          211   1  98  15   0   0    0.21    0.55  -61.0   61.0    0.14
  140 P           2212   1  99  21   0   0   -6.68    3.59  -75.8   76.2    0.94
  141 PBAR       -2212   1  99  21   0   0   -6.28    4.02  -77.1   77.4    0.94

                            ---H/W/Z BOSON DECAYS---  

 IHEP    ID      IDPDG IST MO1 MO2 DA1 DA2   P-X     P-Y     P-Z  ENERGY    MASS
  142 BQRK           5 123  20 143 144 143   31.10  179.42  288.3  341.0    4.95
  143 BBAR          -5 124  20 142 146 142   94.49   54.79  126.3  167.0    4.95

                              ---PARTON SHOWERS---    

 IHEP    ID      IDPDG IST MO1 MO2 DA1 DA2   P-X     P-Y     P-Z  ENERGY    MASS
  144 BQRK          94 143 142  20 145 145   30.82  177.80  285.6  337.9    4.95
  145 BQRK           5   2 144 148 150 149   30.82  177.80  285.6  337.9    4.95
  146 BBAR          94 144 143  20 148 149   94.77   56.42  128.9  170.1   12.86
  147 CONE           0 100 143 142   0   0   -0.40    0.71    0.9    1.2    0.00
  148 GLUON         21   2 146 149 151 152   19.25   13.51   21.1   31.6    0.75
  149 BBAR          -5   2 146 150 153 152   75.52   42.90  107.8  138.5    4.95

                              ---GLUON SPLITTING---   

 IHEP    ID      IDPDG IST MO1 MO2 DA1 DA2   P-X     P-Y     P-Z  ENERGY    MASS
  150 BQRK           5 158 144 160 174 153   25.09  144.44  232.1  274.5    4.95
  151 DBAR          -1 158 146 152 181 165    1.55    1.10    1.8    2.6    0.32
  152 DQRK           1 158 146 162 175 151    4.70    3.33    5.2    7.8    0.32
  153 BBAR          -5 158 146 150 185 173   66.58   37.96   94.7  122.0    4.95
  154 UBAR          -2 159 146 155 177 157    1.54    1.10    1.8    2.6    0.32
  155 UQRK           2 159 144 168 176 154    1.51    8.67   13.9   16.5    0.32
  156 UBAR          -2 159 146 157 178 159    0.28    1.06    1.7    2.1    0.32
  157 UQRK           2 159 144 154 177 156    0.74    4.19    6.7    8.0    0.32
  158 SBAR          -3 159 146 159 179 161    0.42    1.49    2.4    2.9    0.50
  159 SQRK           3 159 144 156 178 158    1.67    9.53   15.3   18.1    0.50
  160 UBAR          -2 159 146 161 174 150    0.30    1.33    2.1    2.6    0.32
  161 UQRK           2 159 144 158 179 160    0.60    3.34    5.4    6.4    0.32
  162 UBAR          -2 159 146 163 175 152    3.75    2.15    5.3    6.9    0.32
  163 UQRK           2 159 146 170 180 162    4.20    2.96    4.7    7.0    0.32
  164 UBAR          -2 159 146 165 182 167    0.50    0.54    0.9    1.2    0.32
  165 UQRK           2 159 144 151 181 164    0.35    1.69    2.7    3.2    0.32
  166 SBAR          -3 159 146 167 183 169    0.90    0.87    1.4    1.9    0.50
  167 SQRK           3 159 144 164 182 166    0.59    0.84    1.3    1.8    0.50
  168 DBAR          -1 159 146 169 176 155    0.58    0.56    0.9    1.2    0.32
  169 DQRK           1 159 144 166 183 168    0.29    1.19    1.9    2.3    0.32
  170 UBAR          -2 159 146 171 180 163    1.99    1.28    2.5    3.5    0.32
  171 UQRK           2 159 146 172 184 170    2.26    1.52    2.7    3.8    0.32
  172 DBAR          -1 159 146 173 184 171    3.19    1.84    4.5    5.8    0.32
  173 DQRK           1 159 146 153 185 172    2.02    1.26    2.6    3.6    0.32

                             ---CLUSTER FORMATION---  

 IHEP    ID      IDPDG IST MO1 MO2 DA1 DA2   P-X     P-Y     P-Z  ENERGY    MASS
  174 CLUS          91 183 150 160 186 187   25.39  145.77  234.2  277.1    6.03
  175 CLUS          91 183 152 162 188 189    8.45    5.48   10.6   14.6    1.35
  176 CLUS          91 183 155 168 190 191    2.09    9.23   14.8   17.7    2.22
  177 CLUS          91 183 157 154 192 193    2.28    5.28    8.5   10.6    2.55
  178 CLUS          91 183 159 156 194 195    1.94   10.59   17.0   20.2    1.17
  179 CLUS          91 183 161 158 196 197    1.02    4.83    7.8    9.3    1.00
  180 CLUS          91 183 163 170 198 199    6.19    4.24    7.2   10.4    0.79
  181 CLUS          91 183 165 151 200 201    1.90    2.79    4.5    5.8    1.65
  182 CLUS          91 183 167 164 202 203    1.10    1.37    2.2    2.9    0.83
  183 CLUS          91 183 169 166 204 205    1.18    2.05    3.3    4.2    1.15
  184 CLUS          91 183 171 172 206 207    5.44    3.37    7.2    9.6    0.85
  185 CLUS          91 183 173 153 208 209   68.60   39.22   97.4  125.5    5.52

                              ---CLUSTER DECAYS---    

 IHEP    ID      IDPDG IST MO1 MO2 DA1 DA2   P-X     P-Y     P-Z  ENERGY    MASS
  186 B*-         -523 197 174 144 251 252   25.28  145.40  233.6  276.4    5.32
  187 PI0          111   1 174 144   0   0    0.11    0.37    0.6    0.7    0.13
  188 RHO0         113 197 175 146 253 254    6.29    3.60    7.8   10.7    0.77
  189 PI-         -211   1 175 146   0   0    2.15    1.88    2.8    4.0    0.14
  190 RHOD0      30113 197 176 144 255 256    1.43    6.94   11.9   13.9    1.70
  191 PI+          211   1 176 144   0   0    0.66    2.29    2.9    3.8    0.14
  192 SIGMA0      3212 197 177 144 257 258    1.39    2.06    3.4    4.3    1.19
  193 LAMBDABR   -3122 197 177 144 259 260    0.90    3.22    5.1    6.2    1.12
  194 KBAR0       -311 197 178 144 261 261    0.87    7.11   11.0   13.1    0.50
  195 PI-         -211   1 178 144   0   0    1.07    3.47    6.0    7.0    0.14
  196 PI+          211   1 179 144   0   0    0.43    3.02    5.1    5.9    0.14
  197 K0           311 197 179 144 262 262    0.59    1.81    2.7    3.3    0.50
  198 PI0          111   1 180 146   0   0    0.35    0.30    0.3    0.6    0.13
  199 PI0          111   1 180 146   0   0    5.84    3.94    6.9    9.9    0.13
  200 ETA          221 197 181 144 263 265    0.24    0.61    0.6    1.1    0.55
  201 RHO+         213 197 181 144 266 267    1.66    2.18    3.8    4.8    0.77
  202 KBAR0       -311 197 182 144 268 268    0.81    0.72    1.1    1.6    0.50
  203 PI-         -211   1 182 144   0   0    0.29    0.65    1.1    1.3    0.14
  204 PI-         -211   1 183 144   0   0    0.75    1.27    1.3    2.0    0.14
  205 K+           321   1 183 144   0   0    0.43    0.79    2.0    2.3    0.49
  206 PI+          211   1 184 146   0   0    2.31    0.98    2.9    3.9    0.14
  207 PI0          111   1 184 146   0   0    3.13    2.38    4.2    5.8    0.13
  208 PI0          111   1 185 146   0   0    0.91    0.55    1.2    1.6    0.13
  209 B*0          513 197 185 146 269 270   67.69   38.67   96.2  123.9    5.32

                           ---STRONG HADRON DECAYS--- 

 IHEP    ID      IDPDG IST MO1 MO2 DA1 DA2   P-X     P-Y     P-Z  ENERGY    MASS
  210 F_2          225 198 100  10 271 272   -0.04   -0.93   52.6   52.6    1.27
  211 ETA          221 198 100  10 273 275   -0.12   -0.18   18.7   18.7    0.55
  212 K0           311 198 101  10 276 276    0.08    0.14   18.6   18.6    0.50
  213 PI0          111   1 101  10   0   0    0.45    0.44   34.2   34.2    0.13
  214 K+           321   1 105  15   0   0   -1.17   -0.18  -22.0   22.0    0.49
  215 PI0          111   1 105  15   0   0   -0.11    0.19   -6.8    6.8    0.13
  216 RHO-        -213 198 108  21 277 278  -26.31   16.58 -304.2  305.8    0.77
  217 PI0          111   1 108  21   0   0  -16.37    9.78 -183.3  184.3    0.13
  218 PI+          211   1 113  21   0   0   -0.52    0.19  -13.6   13.6    0.14
  219 PI0          111   1 113  21   0   0   -4.62    1.99  -83.6   83.8    0.13
  220 K+           321   1 114  26   0   0   -7.07  -47.06  129.5  137.9    0.49
  221 PI0          111   1 114  26   0   0   -2.39  -16.17   45.5   48.4    0.13
  222 PI0          111   1 116  26   0   0   -2.11  -13.20   35.5   37.9    0.13
  223 PI0          111   1 116  26   0   0   -2.67  -15.75   42.1   45.0    0.13
  224 PI0          111   1 116  26   0   0   -0.69   -4.30   11.7   12.5    0.13
  225 GAMMA         22   1 117  26   0   0   -2.03  -13.14   34.4   36.9    0.00
  226 GAMMA         22   1 117  26   0   0   -0.47   -4.86   13.1   14.0    0.00
  227 K_L0         130   1 120  26   0   0   -1.88   -7.38   21.2   22.5    0.50
  228 PI+          211   1 124  26   0   0   -0.75   -5.13   12.9   13.9    0.14
  229 PI0          111   1 124  26   0   0   -1.92   -7.20   18.4   19.8    0.13
  230 N           2112   1 128  26   0   0   -1.93   -8.26   20.2   21.9    0.94
  231 PI0          111   1 128  26   0   0   -0.54   -1.55    4.4    4.7    0.13
  232 NBAR       -2112   1 129  26   0   0   -1.59   -7.21   17.0   18.5    0.94
  233 PI+          211   1 129  26   0   0   -0.43   -1.84    5.1    5.4    0.14
  234 PI+          211   1 130  26   0   0   -0.10   -1.76    3.2    3.7    0.14
  235 PI-         -211   1 130  26   0   0    0.06   -0.16    0.3    0.4    0.14
  236 PI0          111   1 130  26   0   0   -0.04   -0.10    0.4    0.4    0.13
  237 PI+          211   1 131  26   0   0   -0.02   -0.00    0.9    0.9    0.14
  238 PI-         -211   1 131  26   0   0    0.03   -0.09    0.3    0.4    0.14
  239 GAMMA         22   1 131  26   0   0    0.23   -0.23    1.1    1.1    0.00
  240 P           2212   1 133  10   0   0   -0.17   -0.26 2479.0 2479.0    0.94
  241 PI+          211   1 133  10   0   0    0.20   -0.00 1026.0 1026.0    0.14
  242 K0           311 198 134  15 279 279   -0.21    0.20 -887.3  887.3    0.50
  243 PI0          111   1 134  15   0   0    0.19   -0.28 -855.4  855.4    0.13
  244 PI0          111   1 134  15   0   0    0.10    0.17-1946.7 1946.7    0.13
  245 LAMBDA      3122 198 135  15 280 281    0.04    0.07-1356.7 1356.7    1.12
  246 GAMMA         22   1 135  15   0   0    0.05   -0.04  -49.8   49.8    0.00
  247 LAMBDA      3122 198 136  10 282 283   -1.15   -0.37  191.9  191.9    1.12
  248 PI-         -211   1 136  10   0   0    0.05   -0.04   31.0   31.0    0.14
  249 PBAR       -2212   1 137  10   0   0    0.52   -0.47  129.4  129.4    0.94
  250 PI+          211   1 137  10   0   0    0.22    0.12   48.6   48.6    0.14
  251 B-          -521 199 186 144 295 296   25.26  145.37  233.6  276.3    5.28
  252 GAMMA         22   1 186 144   0   0    0.01    0.03    0.0    0.1    0.00
  253 PI+          211   1 188 146   0   0    4.30    2.47    5.8    7.6    0.14
  254 PI-         -211   1 188 146   0   0    1.99    1.12    2.0    3.0    0.14
  255 PI+          211   1 190 144   0   0    1.48    4.92    7.3    8.9    0.14
  256 PI-         -211   1 190 144   0   0   -0.05    2.02    4.6    5.0    0.14
  257 LAMBDA      3122 198 192 144 284 285    1.31    2.05    3.2    4.2    1.12
  258 GAMMA         22   1 192 144   0   0    0.08    0.01    0.1    0.1    0.00
  259 PBAR       -2212   1 193 144   0   0    0.80    2.54    4.1    5.0    0.94
  260 PI+          211   1 193 144   0   0    0.10    0.68    1.0    1.2    0.14
  261 K_L0         130   1 194 144   0   0    0.87    7.11   11.0   13.1    0.50
  262 K_S0         310 198 197 144 286 287    0.59    1.81    2.7    3.3    0.50
  263 PI+          211   1 200 144   0   0    0.05    0.23    0.3    0.4    0.14
  264 PI-         -211   1 200 144   0   0    0.05    0.05    0.0    0.2    0.14
  265 PI0          111   1 200 144   0   0    0.14    0.33    0.3    0.5    0.13
  266 PI+          211   1 201 144   0   0    0.47    0.86    0.9    1.3    0.14
  267 PI0          111   1 201 144   0   0    1.19    1.32    3.0    3.5    0.13
  268 K_S0         310 198 202 144 288 289    0.81    0.72    1.1    1.6    0.50
  269 B_D0         511 200 209 146 290 290   67.34   38.45   95.7  123.3    5.28
  270 GAMMA         22   1 209 146   0   0    0.35    0.22    0.5    0.6    0.00
  271 PI+          211   1 210  10   0   0    0.29   -0.47   44.1   44.1    0.14
  272 PI-         -211   1 210  10   0   0   -0.33   -0.46    8.5    8.5    0.14
  273 PI+          211   1 211  10   0   0   -0.08   -0.16    6.6    6.6    0.14
  274 PI-         -211   1 211  10   0   0   -0.04    0.04   11.7   11.7    0.14
  275 GAMMA         22   1 211  10   0   0    0.01   -0.06    0.5    0.5    0.00
  276 K_S0         310 198 212  10 291 292    0.08    0.14   18.6   18.6    0.50
  277 PI-         -211   1 216  21   0   0  -18.44   11.98 -216.1  217.2    0.14
  278 PI0          111   1 216  21   0   0   -7.87    4.60  -88.1   88.6    0.13
  279 K_S0         310 198 242  15 293 294   -0.21    0.20 -887.3  887.3    0.50
  280 N           2112   1 245  15   0   0    0.09    0.07-1259.9 1259.9    0.94
  281 PI0          111   1 245  15   0   0   -0.05    0.00  -96.8   96.8    0.13
  282 P           2212   1 247  10   0   0   -0.83   -0.27  152.1  152.1    0.94
  283 PI-         -211   1 247  10   0   0   -0.32   -0.10   39.8   39.8    0.14
  284 P           2212   1 257 144   0   0    1.14    1.86    2.8    3.6    0.94
  285 PI-         -211   1 257 144   0   0    0.17    0.19    0.5    0.6    0.14
  286 PI0          111   1 262 144   0   0    0.17    1.16    1.5    1.9    0.13
  287 PI0          111   1 262 144   0   0    0.42    0.66    1.2    1.4    0.13
  288 PI0          111   1 268 144   0   0    0.28    0.05    0.4    0.5    0.13
  289 PI0          111   1 268 144   0   0    0.53    0.67    0.7    1.1    0.13
  290 B_D0         511 199 269 146 332 333   67.34   38.45   95.7  123.3    5.28
  291 PI+          211   1 276  10   0   0   -0.02    0.21    5.4    5.4    0.14
  292 PI-         -211   1 276  10   0   0    0.10   -0.07   13.1   13.1    0.14
  293 PI+          211   1 279  15   0   0    0.04   -0.08 -211.6  211.6    0.14
  294 PI-         -211   1 279  15   0   0   -0.25    0.29 -675.7  675.7    0.14

                           ---HEAVY PARTICLE DECAYS---

 IHEP    ID      IDPDG IST MO1 MO2 DA1 DA2   P-X     P-Y     P-Z  ENERGY    MASS
  295 BQRK           5 155 251 296 297 299   23.73  136.56  219.4  259.6    4.96
  296 UBAR          -2 125 251 299 300 299    1.53    8.81   14.2   16.7    0.32
  297 SQRK           3 123 295 298 301 298    1.77   10.35   16.6   19.6    0.50
  298 CBAR          -4 124 295 297 303 297   14.63   76.71  122.1  144.9    1.55
  299 CQRK           4 124 295 295 305 295    7.33   49.49   80.8   95.0    1.55
  300 UBAR          -2 160 296 309 311 309    1.53    8.81   14.2   16.7    0.32

                              ---PARTON SHOWERS---    

 IHEP    ID      IDPDG IST MO1 MO2 DA1 DA2   P-X     P-Y     P-Z  ENERGY    MASS
  301 SQRK          94 143 297 295 302 302    1.77   10.35   16.6   19.6    0.50
  302 SQRK           3   2 301 304 307 304    1.77   10.35   16.6   19.6    0.50
  303 CBAR          94 144 298 295 304 304   14.63   76.71  122.1  144.9    1.55
  304 CBAR          -4   2 303 307 308 307   14.63   76.71  122.1  144.9    1.55
  305 CQRK          94 144 299 295 306 306    7.33   49.49   80.8   95.0    1.55
  306 CQRK           4   2 305 300 309 300    7.33   49.49   80.8   95.0    1.55

                              ---GLUON SPLITTING---   

 IHEP    ID      IDPDG IST MO1 MO2 DA1 DA2   P-X     P-Y     P-Z  ENERGY    MASS
  307 SQRK           3 158 301 308 310 308    1.77   10.35   16.6   19.6    0.50
  308 CBAR          -4 158 303 307 310 307   14.63   76.71  122.1  144.9    1.55
  309 CQRK           4 158 305 300 311 300    7.33   49.49   80.8   95.0    1.55

                             ---CLUSTER FORMATION---  

 IHEP    ID      IDPDG IST MO1 MO2 DA1 DA2   P-X     P-Y     P-Z  ENERGY    MASS
  310 CLUS          91 183 307 308 312 312   16.53   86.61  137.7  163.5    1.97
  311 CLUS          91 183 309 300 313 313    8.73   58.75   95.8  112.8    1.86

                              ---CLUSTER DECAYS---    

 IHEP    ID      IDPDG IST MO1 MO2 DA1 DA2   P-X     P-Y     P-Z  ENERGY    MASS
  312 D_S-        -431 196 310 301 314 315   16.53   86.61  137.7  163.5    1.97
  313 D0           421 196 311 305 316 320    8.73   58.75   95.8  112.8    1.86

                           ---STRONG HADRON DECAYS--- 

 IHEP    ID      IDPDG IST MO1 MO2 DA1 DA2   P-X     P-Y     P-Z  ENERGY    MASS
  314 ETAP         331 198 312 301 321 323    9.17   50.44   80.3   95.3    0.96
  315 RHO-        -213 198 312 301 324 325    7.36   36.17   57.4   68.3    0.77
  316 KBAR0       -311 198 313 305 326 326    6.58   45.00   73.4   86.3    0.50
  317 PI+          211   1 313 305   0   0    0.51    2.42    3.8    4.5    0.14
  318 PI-         -211   1 313 305   0   0    0.64    5.47    9.0   10.5    0.14
  319 PI0          111   1 313 305   0   0    0.61    3.11    5.0    5.9    0.13
  320 PI0          111   1 313 305   0   0    0.39    2.76    4.7    5.4    0.13
  321 PI+          211   1 314 301   0   0    3.51   18.73   29.7   35.3    0.14
  322 PI-         -211   1 314 301   0   0    1.56    9.04   14.3   17.0    0.14
  323 ETA          221 198 314 301 327 329    4.10   22.67   36.2   42.9    0.55
  324 PI-         -211   1 315 301   0   0    1.30    5.36    8.3   10.0    0.14
  325 PI0          111   1 315 301   0   0    6.07   30.81   49.1   58.3    0.13
  326 K_S0         310 198 316 305 330 331    6.58   45.00   73.4   86.3    0.50
  327 PI+          211   1 323 301   0   0    1.93   10.74   17.1   20.3    0.14
  328 PI-         -211   1 323 301   0   0    1.58    8.96   14.1   16.8    0.14
  329 GAMMA         22   1 323 301   0   0    0.59    2.97    5.0    5.9    0.00
  330 PI0          111   1 326 305   0   0    4.62   32.07   52.0   61.2    0.13
  331 PI0          111   1 326 305   0   0    1.97   12.93   21.4   25.1    0.13

                           ---HEAVY PARTICLE DECAYS---

 IHEP    ID      IDPDG IST MO1 MO2 DA1 DA2   P-X     P-Y     P-Z  ENERGY    MASS
  332 DQRK           1 125 290 336 337 336    4.08    2.33    5.8    7.5    0.32
  333 BBAR          -5 155 290 332 334 336   63.26   36.12   89.9  115.8    4.96
  334 SBAR          -3 123 333 335 338 335    9.73    4.38   13.2   17.0    0.50
  335 CQRK           4 124 333 334 340 334   29.88   17.89   44.2   56.3    1.55
  336 CBAR          -4 124 333 333 342 333   23.65   13.86   32.6   42.6    1.55
  337 DQRK           1 160 332 346 347 346    4.08    2.33    5.8    7.5    0.32

                              ---PARTON SHOWERS---    

 IHEP    ID      IDPDG IST MO1 MO2 DA1 DA2   P-X     P-Y     P-Z  ENERGY    MASS
  338 SBAR          94 143 334 333 339 339    9.73    4.38   13.2   17.0    0.50
  339 SBAR          -3   2 338 341 344 341    9.73    4.38   13.2   17.0    0.50
  340 CQRK          94 144 335 333 341 341   29.88   17.89   44.2   56.3    1.55
  341 CQRK           4   2 340 344 345 344   29.88   17.89   44.2   56.3    1.55
  342 CBAR          94 144 336 333 343 343   23.65   13.86   32.6   42.6    1.55
  343 CBAR          -4   2 342 337 346 337   23.65   13.86   32.6   42.6    1.55

                              ---GLUON SPLITTING---   

 IHEP    ID      IDPDG IST MO1 MO2 DA1 DA2   P-X     P-Y     P-Z  ENERGY    MASS
  344 SBAR          -3 158 338 345 348 345    9.73    4.38   13.2   17.0    0.50
  345 CQRK           4 158 340 344 348 344   29.88   17.89   44.2   56.3    1.55
  346 CBAR          -4 158 342 337 347 337   23.65   13.86   32.6   42.6    1.55

                             ---CLUSTER FORMATION---  

 IHEP    ID      IDPDG IST MO1 MO2 DA1 DA2   P-X     P-Y     P-Z  ENERGY    MASS
  347 CLUS          91 183 337 346 349 349   27.62   16.14   38.1   49.8    1.87
  348 CLUS          91 183 345 344 350 351   39.72   22.31   57.6   73.5    3.07

                              ---CLUSTER DECAYS---    

 IHEP    ID      IDPDG IST MO1 MO2 DA1 DA2   P-X     P-Y     P-Z  ENERGY    MASS
  349 D-          -411 196 347 332 352 354   27.62   16.14   38.1   49.8    1.87
  350 D*0          423 197 348 340 355 356   31.76   18.63   46.7   59.5    2.01
  351 K+           321   1 348 340   0   0    7.96    3.67   10.9   14.0    0.49

                           ---STRONG HADRON DECAYS--- 

 IHEP    ID      IDPDG IST MO1 MO2 DA1 DA2   P-X     P-Y     P-Z  ENERGY    MASS
  352 NU_EBAR      -12   1 349 332   0   0   10.90    6.46   16.4   20.7    0.00
  353 E-            11   1 349 332   0   0    7.00    4.16    9.2   12.3    0.00
  354 K0           311 198 349 332 357 357    9.73    5.52   12.6   16.8    0.50
  355 D0           421 198 350 340 358 360   30.64   18.08   45.2   57.5    1.86
  356 GAMMA         22   1 350 340   0   0    1.12    0.55    1.5    1.9    0.00
  357 K_S0         310 198 354 332 361 362    9.73    5.52   12.6   16.8    0.50
  358 NU_MU         14   1 355 340   0   0   19.39   11.13   28.8   36.4    0.00
  359 MU+          -13   1 355 340   0   0    0.14    0.09    0.3    0.3    0.11
  360 K-          -321   1 355 340   0   0   11.11    6.86   16.2   20.8    0.49
  361 PI+          211   1 357 332   0   0    2.68    1.69    3.7    4.9    0.14
  362 PI-         -211   1 357 332   0   0    7.04    3.83    8.9   12.0    0.14

 HWWARN CALLED FROM SUBPROGRAM HWDFIV: CODE = 101
 EVENT    1292:   SEEDS = 2111223095 & 1801040043  WEIGHT =-0.5938E-03
 EVENT KILLED.   EXECUTION CONTINUES

 HWWARN CALLED FROM SUBPROGRAM HWDFOR: CODE = 101
 EVENT    1404:   SEEDS =  886153842 & 1413261246  WEIGHT = 0.5938E-03
 EVENT KILLED.   EXECUTION CONTINUES

 HWWARN CALLED FROM SUBPROGRAM HWSBRN: CODE = 102
 EVENT    5784:   SEEDS = 1784307931 & 1084760013  WEIGHT = 0.5938E-03
 EVENT KILLED.   EXECUTION CONTINUES

 HWWARN CALLED FROM SUBPROGRAM HWDFOR: CODE = 101
 EVENT    5952:   SEEDS = 1892253427 & 1156909361  WEIGHT = 0.5938E-03
 EVENT KILLED.   EXECUTION CONTINUES

 HWWARN CALLED FROM SUBPROGRAM HWDFOR: CODE = 101
 EVENT    8213:   SEEDS =  198696875 & 1831565276  WEIGHT = 0.5938E-03
 EVENT KILLED.   EXECUTION CONTINUES

          OUTPUT ON LES HOUCHES EVENTS


      PROC CODE  XSECT(pb)        XERR(pb)      Max wgt(nb) No. of events


          OUTPUT ON ELEMENTARY PROCESS

          N.B. NEGATIVE WEIGHTS ALLOWED

          NUMBER OF EVENTS   =        9995
          NEGATIVE  EVENTS   =        2653
          NUMBER OF WEIGHTS  =       10000
          NEGATIVE  WEIGHTS  =        2655
          MEAN VALUE OF WGT  =  2.7850E-04
          RMS SPREAD IN WGT  =  5.2446E-04
          MEAN ABS WEIGHT    =  5.9381E-04
          ACTUAL MAX ABS WGT =  1.0000E+00
          ASSUMED MAXABS WGT =  2.7850E-04

          PROCESS CODE IPROC =      -18000
          CROSS SECTION (PB) =  0.2785    
          ERROR IN C-S  (PB) =  5.2446E-03
          EFFICIENCY PERCENT =   100.0    
 # of events processed=        9995
