 Enter filename for events
 Enter maximum number of events to generate
 MUST coincide with the number of events on tape
 Enter 0 to use Herwig default PDFs
       1 to use PDFs from library
 Enter colliding particles (PART1, PART2)
 Enter beam momenta (PBEAM1, PBEAM2)


          HERWIG 6.521  11th Mar. 2013

          Please reference:  G. Marchesini, B.R. Webber,
          G.Abbiendi, I.G.Knowles, M.H.Seymour & L.Stanco
          Computer Physics Communications 67 (1992) 465
                             and
          G.Corcella, I.G.Knowles, G.Marchesini, S.Moretti,
          K.Odagiri, P.Richardson, M.H.Seymour & B.R.Webber,
          JHEP 0101 (2001) 010
 Enter .TRUE. for underlying event, .FALSE. otherwise

 Underlying event WILL NOT be generated

 Enter Lambda_QCD, <0 for Herwig default
 Enter Z mass, width
 Enter W mass, width
 Enter top mass, width
 Enter Higgs (SM) boson mass, width
 Enter quark (d,u,s,c,b) and gluon masses
 Enter lepton (e,mu,tau) masses
 Enter number of events to print
 Enter accepted error fraction
 Is it single-top (.TRUE. or .FALSE)?
 Is it b-bbar (.TRUE. or .FALSE)?
 Enter the two random seeds (0 0 for default)

          INPUT CONDITIONS FOR THIS RUN

          BEAM 1 (P       ) MOM. =   6500.00
          BEAM 2 (P       ) MOM. =   6500.00
          PROCESS CODE (IPROC)   =  -18000
          NUMBER OF FLAVOURS     =    6
          STRUCTURE FUNCTION SET =    8
          AZIM SPIN CORRELATIONS =    T
          AZIM SOFT CORRELATIONS =    T
          QCD LAMBDA (GEV)       =    0.1800
          DOWN     QUARK  MASS   =    0.3200
          UP       QUARK  MASS   =    0.3200
          STRANGE  QUARK  MASS   =    0.5000
          CHARMED  QUARK  MASS   =    1.5500
          BOTTOM   QUARK  MASS   =    4.9500
          TOP      QUARK  MASS   =  173.0000
          GLUON EFFECTIVE MASS   =    0.7500
          EXTRA SHOWER CUTOFF (Q)=    0.4800
          EXTRA SHOWER CUTOFF (G)=    0.1000
          PHOTON SHOWER CUTOFF   =    0.4000
          CLUSTER MASS PARAMETER =    3.3500
          SPACELIKE EVOLN CUTOFF =    2.5000
          INTRINSIC P-TRAN (RMS) =    0.0000
          DECAY SPIN CORRELATIONS=    T
          SUSY THREE BODY ME     =    T
          SUSY FOUR  BODY ME     =    F

          NO EVENTS WILL BE WRITTEN TO DISK

          B_d: Delt-M/Gam =0.7000 Delt-Gam/2*Gam =0.0000
          B_s: Delt-M/Gam = 10.00 Delt-Gam/2*Gam =0.2000

          PDFLIB NOT USED FOR BEAM 1
          PDFLIB NOT USED FOR BEAM 2


          Checking consistency of particle properties


          Checking consistency of decay tables


          WRITING SUDAKOV TABLE ON UNIT  77

          WRITING MATRIX ELEMENT TABLE ON UNIT  88

          CHECKING SUSY DECAY MATRIX ELEMENTS
 Do you want a stable Pi0 (.TRUE. or .FALSE)?
 Do you want a stable W+ (.TRUE. or .FALSE)?
 Do you want a stable W- (.TRUE. or .FALSE)?
 Do you want a stable Z0 (.TRUE. or .FALSE)?
 Do you want a stable Tau+ (.TRUE. or .FALSE)?
 Do you want a stable Tau- (.TRUE. or .FALSE)?
 Do you want a stable Mu+ (.TRUE. or .FALSE)?
 Do you want a stable Mu- (.TRUE. or .FALSE)?
 Do you want a stable Higgs (.TRUE. or .FALSE)?

          PARTICLE TYPE  21=PI0      SET STABLE
 How many decay modes do you want to set?
 How are the events normalized ("average" or "sum")?
 stdhep initialized

          SUBROUTINE TIMEL CALLED BUT NOT LINKED.
          DUMMY TIMEL WILL BE USED. DELETE DUMMY
          AND LINK CERNLIB FOR CPU TIME REMAINING.

 HWWARN CALLED FROM SUBPROGRAM HWSMRS: CODE =   5
 EVENT       1:   SEEDS = 1973774260 & 1099242306  WEIGHT = 0.5959E-03
 EVENT SURVIVES. EXECUTION CONTINUES
 WARNING: MRST98 CALLED WITH Q OUTSIDE ALLOWED RANGE!
 Q VALUE=1.430E+04, MINIMUM=1.118E+00, MAXIMUM=3.162E+03
 NO FURTHER WARNINGS WILL BE ISSUED



 EVENT       1: 6500.00 GEV/C P        ON  6500.00 GEV/C P        PROCESS:-18000
 SEEDS:  1973774260 &  1099242306   STATUS:  100 ERROR:   0  WEIGHT:  5.9590E-04


                               ---INITIAL STATE---    

 IHEP    ID      IDPDG IST MO1 MO2 DA1 DA2   P-X     P-Y     P-Z  ENERGY    MASS
    1 P           2212 101   0   0   0   0    0.00    0.00 6500.0 6500.0    0.94
    2 P           2212 102   0   0   0   0    0.00    0.00-6500.0 6500.0    0.94
    3 CMF            0 103   1   2   0   0    0.00    0.00    0.013000.013000.00

                              ---HARD SUBPROCESS---   

 IHEP    ID      IDPDG IST MO1 MO2 DA1 DA2   P-X     P-Y     P-Z  ENERGY    MASS
    4 UQRK           2 121   6   8  10   9    0.00    0.00   64.1   64.1    0.32
    5 DQRK           1 122   6   9  17   8   -0.00   -0.00-2290.3 2290.3    0.32
    6 HARD           0 120   4   5   7   9   -7.32    4.95-2226.4 2354.6  766.13
    7 HIGGS         25 123   6   7  21   7   -9.98  231.31 -536.7  597.8  125.00
    8 UQRK           2 124   6   5  22   4   45.77  -20.77-1378.2 1379.1    0.32
    9 DQRK           1 124   6   4  26   5  -35.80 -210.54 -311.4  377.6    0.32

                              ---PARTON SHOWERS---    

 IHEP    ID      IDPDG IST MO1 MO2 DA1 DA2   P-X     P-Y     P-Z  ENERGY    MASS
   10 UQRK          94 141   4   6  12  16   -8.02    4.25   64.7   63.5  -15.43
   11 CONE           0 100   4   9   0   0   -0.17   -0.99   -1.5    1.8    0.00
   12 GLUON         21   2  10  13  28  29    7.88   -8.22   56.8   58.0    0.75
   13 GLUON         21   2  10  14  30  31    1.05   -0.24   13.0   13.1    0.75
   14 UD          2101   2  10  15  32  31    0.00    0.00 4291.6 4291.6    0.32
   15 UQRK           2   2  10  16  33  32   -0.58    2.48 1963.9 1963.9    0.32
   16 UBAR          -2   2  10  24  34  33   -0.33    1.73  109.9  110.0    0.32
   17 DQRK          94 142   5   6  19  20    0.69    0.70-2291.1 2291.1   -8.85
   18 CONE           0 100   5   8   0   0    0.91   -0.41  -24.8   24.8    0.00
   19 GLUON         21   2  17  20  35  36   -0.69   -0.70  -45.4   45.4    0.75
   20 UU          2203   2  17  27  37  36    0.00    0.00-4163.5 4163.5    0.31
   21 HIGGS         25 195   7   6 167 168  -11.84  232.54 -536.7  598.3  125.00
   22 UQRK          94 144   8   6  24  25   41.48  -17.86-1378.3 1379.1    5.61
   23 CONE           0 100   8   5   0   0   -0.46    0.20  -15.1   15.1    0.00
   24 UQRK           2   2  22  25  38  34   30.16  -10.48 -995.2  995.7    0.32
   25 GLUON         21   2  22  35  39  40   11.32   -7.38 -383.1  383.4    0.75
   26 DQRK          94 144   9   6  27  27  -36.97 -209.73 -311.4  377.2    0.32
   27 DQRK           1   2  26  28  41  37  -36.97 -209.73 -311.4  377.2    0.32

                              ---GLUON SPLITTING---   

 IHEP    ID      IDPDG IST MO1 MO2 DA1 DA2   P-X     P-Y     P-Z  ENERGY    MASS
   28 DBAR          -1 158  10  29 111  83    0.39   -0.40    2.9    2.9    0.32
   29 DQRK           1 158  10  30  84  28    5.47   -5.79   39.2   40.0    0.32
   30 UBAR          -2 158  10  31  84  29    0.26   -0.15    5.5    5.5    0.32
   31 UQRK           2 158  10  48  85  30    0.52   -0.06    5.9    5.9    0.32
   32 UD          2101 161  10  33  91  43    0.00   -0.00 2020.5 2020.5    0.64
   33 UQRK           2 158  10  50  86  32   -0.44    1.90 1502.8 1502.8    0.32
   34 UBAR          -2 158  10  38  95  51   -0.29    1.52   97.5   97.6    0.32
   35 UBAR          -2 158  17  36  89  40   -0.53   -0.26  -25.6   25.6    0.32
   36 UQRK           2 158  17  52  87  35   -0.11   -0.28  -18.4   18.4    0.32
   37 UU          2203 162  17  41  92  45   -0.00   -0.00-3084.4 3084.4    0.64
   38 UQRK           2 158  22  54  88  34   23.62   -8.21 -779.3  779.7    0.32
   39 UBAR          -2 158  22  40  97  55    5.78   -3.64 -192.0  192.1    0.32
   40 UQRK           2 158  22  35  89  39    3.73   -2.58 -131.2  131.3    0.32
   41 DQRK           1 158  26  60  90  37  -15.83  -89.83 -133.4  161.6    0.32
   42 DBAR          -1 159  10  43 101  63    0.00   -0.00  999.6  999.6    0.32
   43 DQRK           1 159  10  32  91  42    0.00   -0.00  397.2  397.2    0.32
   44 DBAR          -1 159  17  45  96  53   -0.00   -0.00 -569.6  569.6    0.32
   45 DQRK           1 159  17  37  92  44   -0.00   -0.01 -241.6  241.6    0.32
   46 DBAR          -1 159  10  47  94  49    0.00   -0.00  493.5  493.5    0.32
   47 DQRK           1 159  10  62  93  46    0.18   -0.02    6.1    6.1    0.32
   48 SBAR          -3 159  10  49  85  31    0.03   -0.00   81.3   81.3    0.50
   49 SQRK           3 159  10  46  94  48    0.02   -0.00  127.8  127.8    0.50
   50 UBAR          -2 159  10  51  86  33   -0.05    0.24   48.9   48.9    0.32
   51 UQRK           2 159  10  34  95  50   -0.13    0.55  424.5  424.5    0.32
   52 DBAR          -1 159  17  53  87  36   -0.00   -0.01 -244.6  244.6    0.32
   53 DQRK           1 159  17  44  96  52   -0.05   -0.13  -24.7   24.7    0.32
   54 SBAR          -3 159  22  55  88  38    3.97   -1.67 -131.2  131.3    0.50
   55 SQRK           3 159  22  39  97  54    4.38   -1.77 -144.6  144.6    0.50
   56 DBAR          -1 159  10  57 110  81    0.23   -0.24    1.7    1.7    0.32
   57 DQRK           1 159  26  70  98  56   -4.43  -25.11  -37.3   45.2    0.32
   58 DBAR          -1 159  10  59 100  61   -0.05   -0.30   -0.4    0.6    0.32
   59 DQRK           1 159  26  76  99  58   -7.58  -43.01  -63.9   77.4    0.32
   60 DBAR          -1 159  10  61  90  41   -3.60  -20.42  -30.3   36.7    0.32
   61 DQRK           1 159  26  58 100  60   -0.96   -5.44   -8.1    9.8    0.32
   62 DBAR          -1 159  10  63  93  47    0.03   -0.00   25.6   25.6    0.32
   63 DQRK           1 159  10  42 101  62    0.01   -0.00  141.7  141.7    0.32
   64 UBAR          -2 159  10  65 103  67    0.04   -0.09    0.3    0.4    0.32
   65 UQRK           2 159  26  78 102  64   -0.09   -0.52   -0.7    1.0    0.32
   66 DBAR          -1 159  10  67 104  69   -0.01   -0.17   -0.1    0.4    0.32
   67 DQRK           1 159  26  64 103  66   -0.31   -1.74   -2.6    3.1    0.32
   68 DBAR          -1 159  10  69 105  71   -0.06   -0.36   -0.5    0.7    0.32
   69 DQRK           1 159  26  66 104  68   -1.34   -7.62  -11.3   13.7    0.32
   70 SBAR          -3 159  10  71  98  57   -0.09   -0.58   -0.8    1.1    0.50
   71 SQRK           3 159  26  68 105  70   -0.69   -3.93   -5.8    7.1    0.50
   72 SBAR          -3 159  10  73 107  75    0.14   -0.18    1.0    1.1    0.50
   73 SQRK           3 159  26  80 106  72   -0.26   -1.50   -2.2    2.7    0.50
   74 UBAR          -2 159  10  75 108  77    0.03   -0.10    0.2    0.4    0.32
   75 UQRK           2 159  26  72 107  74   -0.19   -1.12   -1.6    2.0    0.32
   76 SBAR          -3 159  10  77  99  59   -1.30   -7.38  -11.0   13.3    0.50
   77 SQRK           3 159  26  74 108  76   -0.00   -0.21   -0.1    0.5    0.50
   78 SBAR          -3 159  10  79 102  65    0.00   -0.20   -0.0    0.5    0.50
   79 SQRK           3 159  26  82 109  78    0.02   -0.17    0.1    0.5    0.50
   80 UBAR          -2 159  10  81 106  73    0.03   -0.09    0.2    0.4    0.32
   81 UQRK           2 159  26  56 110  80    0.05   -0.10    0.4    0.5    0.32
   82 DBAR          -1 159  10  83 109  79    1.16   -1.17    8.5    8.7    0.32
   83 DQRK           1 159  26  28 111  82    0.14   -0.16    1.0    1.1    0.32

                             ---CLUSTER FORMATION---  

 IHEP    ID      IDPDG IST MO1 MO2 DA1 DA2   P-X     P-Y     P-Z  ENERGY    MASS
   84 CLUS          91 183  29  30 112 113    5.74   -5.94   44.7   45.5    2.43
   85 CLUS          91 183  31  48 114 115    0.54   -0.06   87.2   87.2    2.35
   86 CLUS          91 183  33  50 116 117   -0.49    2.14 1551.7 1551.7    2.09
   87 CLUS          91 183  36  52 118 119   -0.11   -0.29 -263.0  263.0    1.65
   88 CLUS          91 183  38  54 120 121   27.59   -9.89 -910.6  911.0    1.53
   89 CLUS          91 183  40  35 122 123    3.20   -2.84 -156.9  156.9    3.02
   90 CLUS          91 183  41  60 124 125  -19.43 -110.25 -163.7  198.3    0.82
   91 CLUS          91 184  43  32 126 126    0.00   -0.00 2417.7 2417.7    0.94
   92 CLUS          91 185  45  37 127 128   -0.01   -0.01-3326.0 3326.0    1.36
   93 CLUS          91 183  47  62 129 130    0.22   -0.02   31.7   31.7    0.89
   94 CLUS          91 183  49  46 131 132    0.02   -0.00  621.3  621.3    1.16
   95 CLUS          91 183  51  34 133 134   -0.42    2.07  522.1  522.1    3.06
   96 CLUS          91 183  53  44 135 136   -0.05   -0.14 -594.3  594.3    1.75
   97 CLUS          91 183  55  39 137 138   10.16   -5.40 -336.5  336.7    1.42
   98 CLUS          91 183  57  70 139 140   -4.52  -25.69  -38.1   46.3    3.38
   99 CLUS          91 183  59  76 141 142   -8.88  -50.40  -74.8   90.7    1.35
  100 CLUS          91 183  61  58 143 144   -1.00   -5.74   -8.5   10.4    1.44
  101 CLUS          91 183  63  42 145 146    0.01   -0.00 1141.2 1141.2    0.97
  102 CLUS          91 183  65  78 147 148   -0.08   -0.72   -0.7    1.5    1.07
  103 CLUS          91 183  67  64 149 150   -0.27   -1.84   -2.3    3.6    2.01
  104 CLUS          91 183  69  66 151 152   -1.35   -7.78  -11.4   14.1    2.31
  105 CLUS          91 183  71  68 153 154   -0.75   -4.30   -6.3    7.8    1.22
  106 CLUS          91 183  73  80 155 156   -0.23   -1.59   -2.0    3.1    1.80
  107 CLUS          91 183  75  72 157 158   -0.06   -1.30   -0.6    3.2    2.81
  108 CLUS          91 183  77  74 159 160    0.02   -0.31    0.1    0.9    0.87
  109 CLUS          91 183  79  82 161 162    1.17   -1.35    8.6    9.2    2.77
  110 CLUS          91 183  81  56 163 164    0.28   -0.34    2.0    2.2    0.79
  111 CLUS          91 183  83  28 165 166    0.53   -0.56    3.9    4.1    0.72

                              ---CLUSTER DECAYS---    

 IHEP    ID      IDPDG IST MO1 MO2 DA1 DA2   P-X     P-Y     P-Z  ENERGY    MASS
  112 DELTA-      1114 197  84  10 217 218    3.74   -4.28   28.5   29.1    1.23
  113 NBAR       -2112   1  84  10   0   0    2.00   -1.66   16.2   16.4    0.94
  114 PI+          211   1  85  10   0   0   -0.40   -0.06   12.1   12.1    0.14
  115 KD*0       30313 197  85  10 219 220    0.95   -0.00   75.1   75.1    1.72
  116 PI0          111   1  86  10   0   0   -0.17    0.72  568.9  568.9    0.13
  117 OMEGA(H)   30223 197  86  10 221 223   -0.32    1.42  982.8  982.8    1.65
  118 OMEGA        223 197  87  17 224 225   -0.21   -0.37 -153.0  153.0    0.78
  119 RHO+         213 197  87  17 226 227    0.10    0.08 -110.0  110.0    0.77
  120 PI+          211   1  88  22   0   0   17.37   -6.03 -573.1  573.4    0.14
  121 K*0          313 197  88  22 228 229   10.22   -3.85 -337.4  337.6    0.90
  122 DELTA+      2214 197  89  22 230 231    1.98   -2.82 -118.0  118.0    1.23
  123 PBAR       -2212   1  89  22   0   0    1.22   -0.02  -38.9   38.9    0.94
  124 PI-         -211   1  90  26   0   0  -18.86 -106.99 -158.8  192.4    0.14
  125 PI+          211   1  90  26   0   0   -0.57   -3.26   -4.8    5.9    0.14
  126 N           2112   1  91  10   0   0    0.00   -0.00 2417.7 2417.7    0.94
  127 PI0          111   1  92  17   0   0   -0.02    0.30 -535.3  535.3    0.13
  128 P           2212   1  92  17   0   0    0.01   -0.32-2790.7 2790.7    0.94
  129 PI-         -211   1  93  10   0   0   -0.06    0.20   25.6   25.6    0.14
  130 PI+          211   1  93  10   0   0    0.27   -0.23    6.1    6.1    0.14
  131 K-          -321   1  94  10   0   0   -0.14    0.19  150.4  150.4    0.49
  132 PI+          211   1  94  10   0   0    0.16   -0.19  470.9  470.9    0.14
  133 DELTA++     2224 197  95  10 232 233   -0.16    0.74  360.2  360.2    1.23
  134 DLTABR--   -2224 197  95  10 234 235   -0.26    1.33  161.9  161.9    1.23
  135 A_1-      -20213 197  96  17 236 237    0.13    0.28 -428.7  428.7    1.23
  136 PI+          211   1  96  17   0   0   -0.19   -0.42 -165.6  165.6    0.14
  137 K*-         -323 197  97  22 238 239    6.75   -3.23 -211.1  211.2    0.89
  138 PI0          111   1  97  22   0   0    3.41   -2.17 -125.4  125.5    0.13
  139 P           2212   1  98  26   0   0   -0.04   -3.80   -5.8    7.0    0.94
  140 SGMA*BR-   -3224 197  98  26 240 241   -4.48  -21.89  -32.2   39.2    1.38
  141 RHO-        -213 197  99  26 242 243   -5.08  -30.10  -44.5   54.0    0.77
  142 K+           321   1  99  26   0   0   -3.81  -20.30  -30.3   36.7    0.49
  143 PI0          111   1 100  26   0   0   -0.64   -3.22   -4.0    5.2    0.13
  144 OMEGA        223 197 100  26 244 246   -0.36   -2.53   -4.5    5.2    0.78
  145 RHO-        -213 197 101  10 247 248   -0.12   -0.01  956.3  956.3    0.77
  146 PI+          211   1 101  10   0   0    0.13    0.01  184.9  184.9    0.14
  147 PI0          111   1 102  26   0   0   -0.31    0.06   -0.1    0.4    0.13
  148 K+           321   1 102  26   0   0    0.22   -0.77   -0.6    1.1    0.49
  149 PI0          111   1 103  26   0   0   -0.05   -1.11   -1.6    2.0    0.13
  150 A_1-      -20213 197 103  26 249 250   -0.22   -0.73   -0.7    1.6    1.23
  151 A_2-        -215 197 104  26 251 252   -0.48   -3.40   -6.2    7.2    1.32
  152 PI+          211   1 104  26   0   0   -0.87   -4.38   -5.3    6.9    0.14
  153 K-          -321   1 105  26   0   0   -0.14   -1.64   -1.7    2.4    0.49
  154 PI+          211   1 105  26   0   0   -0.61   -2.66   -4.6    5.3    0.14
  155 K*-         -323 197 106  26 253 254   -0.06   -0.69   -1.3    1.8    0.89
  156 OMEGA        223 197 106  26 255 257   -0.17   -0.90   -0.6    1.4    0.78
  157 DELTA0      2114 197 107  26 258 259    0.19   -1.10   -0.9    1.9    1.23
  158 SIGMABR+   -3112 197 107  26 260 261   -0.24   -0.20    0.3    1.3    1.20
  159 K-          -321   1 108  26   0   0    0.28   -0.28    0.1    0.6    0.49
  160 PI0          111   1 108  26   0   0   -0.25   -0.03    0.1    0.3    0.13
  161 SIGMA*0     3214 197 109  26 262 263    0.34   -0.91    3.6    4.0    1.38
  162 DELTABR0   -2114 197 109  26 264 265    0.84   -0.43    5.0    5.2    1.23
  163 PI+          211   1 110  26   0   0    0.01   -0.51    0.9    1.1    0.14
  164 PI0          111   1 110  26   0   0    0.27    0.17    1.1    1.2    0.13
  165 PI-         -211   1 111  26   0   0    0.18   -0.42    1.0    1.1    0.14
  166 PI+          211   1 111  26   0   0    0.35   -0.14    2.9    3.0    0.14

                            ---H/W/Z BOSON DECAYS---  

 IHEP    ID      IDPDG IST MO1 MO2 DA1 DA2   P-X     P-Y     P-Z  ENERGY    MASS
  167 BQRK           5 123  21 168 169 168   48.77  133.12 -355.9  383.1    4.95
  168 BBAR          -5 124  21 167 171 167  -60.61   99.43 -180.8  215.1    4.95

                              ---PARTON SHOWERS---    

 IHEP    ID      IDPDG IST MO1 MO2 DA1 DA2   P-X     P-Y     P-Z  ENERGY    MASS
  169 BQRK          94 143 167  21 170 170   46.45  126.82 -339.1  365.0    4.95
  170 BQRK           5   2 169 173 178 177   46.45  126.82 -339.1  365.0    4.95
  171 BBAR          94 144 168  21 173 177  -58.29  105.72 -197.7  233.3   27.61
  172 CONE           0 100 168 167   0   0    0.62    0.35   -1.4    1.5    0.00
  173 GLUON         21   2 171 174 179 180   -0.49   15.57  -27.2   31.4    0.75
  174 GLUON         21   2 171 175 181 182   -0.93    3.50   -4.8    6.0    0.75
  175 GLUON         21   2 171 176 183 184   -4.26   11.37  -16.3   20.4    0.75
  176 GLUON         21   2 171 177 185 186  -12.11   14.04  -29.3   34.6    0.75
  177 BBAR          -5   2 171 178 187 186  -40.49   61.23 -120.1  140.8    4.95

                              ---GLUON SPLITTING---   

 IHEP    ID      IDPDG IST MO1 MO2 DA1 DA2   P-X     P-Y     P-Z  ENERGY    MASS
  178 BQRK           5 158 169 190 194 187   44.06  120.37 -321.8  346.4    4.95
  179 DBAR          -1 158 171 180 199 189   -0.10    2.56   -4.6    5.2    0.32
  180 DQRK           1 158 171 181 195 179   -0.28   11.45  -20.0   23.1    0.32
  181 DBAR          -1 158 171 182 195 180   -0.41    1.79   -2.7    3.3    0.32
  182 DQRK           1 158 171 183 196 181   -0.52    1.72   -2.1    2.8    0.32
  183 DBAR          -1 158 171 184 196 182   -2.20    6.02   -8.9   11.0    0.32
  184 DQRK           1 158 171 185 197 183   -2.06    5.35   -7.4    9.4    0.32
  185 DBAR          -1 158 171 186 197 184   -4.81    5.58  -11.3   13.5    0.32
  186 DQRK           1 158 171 192 198 185   -4.22    5.00  -10.5   12.4    0.32
  187 BBAR          -5 158 171 178 201 193  -38.78   57.99 -114.0  133.8    4.95
  188 SBAR          -3 159 171 189 200 191    0.36    1.85   -4.3    4.7    0.50
  189 SQRK           3 159 169 179 199 188    0.71    2.41   -6.1    6.6    0.50
  190 UBAR          -2 159 171 191 194 178    0.47    1.57   -4.0    4.3    0.32
  191 UQRK           2 159 169 188 200 190    0.73    2.18   -5.7    6.1    0.32
  192 DBAR          -1 159 171 193 198 186   -2.44    3.61   -7.1    8.3    0.32
  193 DQRK           1 159 171 187 201 192   -2.37    3.11   -6.3    7.5    0.32

                             ---CLUSTER FORMATION---  

 IHEP    ID      IDPDG IST MO1 MO2 DA1 DA2   P-X     P-Y     P-Z  ENERGY    MASS
  194 CLUS          91 183 178 190 202 203   44.53  121.96 -325.8  350.7    5.85
  195 CLUS          91 183 180 181 204 205   -0.68   13.23  -22.7   26.4    1.48
  196 CLUS          91 183 182 183 206 207   -2.72    7.74  -11.0   13.8    0.97
  197 CLUS          91 183 184 185 208 209   -6.87   10.93  -18.7   22.8    2.49
  198 CLUS          91 183 186 192 210 211   -6.65    8.60  -17.6   20.7    0.87
  199 CLUS          91 183 189 179 212 213    0.62    4.97  -10.6   11.8    1.36
  200 CLUS          91 183 191 188 214 215    1.09    4.03   -9.9   10.8    0.93
  201 CLUS          91 183 193 187 216 216  -41.15   61.08 -120.4  141.2    5.28

                              ---CLUSTER DECAYS---    

 IHEP    ID      IDPDG IST MO1 MO2 DA1 DA2   P-X     P-Y     P-Z  ENERGY    MASS
  202 B*BAR0      -513 197 194 169 266 267   44.39  121.39 -324.4  349.2    5.32
  203 PI-         -211   1 194 169   0   0    0.14    0.57   -1.4    1.5    0.14
  204 PI0          111   1 195 171   0   0   -0.03    5.50  -10.3   11.7    0.13
  205 RHO0         113 197 195 171 268 269   -0.65    7.73  -12.4   14.7    0.77
  206 PI-         -211   1 196 171   0   0   -1.25    4.72   -6.1    7.8    0.14
  207 PI+          211   1 196 171   0   0   -1.47    3.02   -4.9    5.9    0.14
  208 DELTA+      2214 197 197 171 270 271   -3.32    5.44   -9.0   11.1    1.23
  209 DELTABR-   -2214 197 197 171 272 273   -3.54    5.48   -9.7   11.8    1.23
  210 PI-         -211   1 198 171   0   0   -1.85    2.04   -5.0    5.7    0.14
  211 PI+          211   1 198 171   0   0   -4.80    6.57  -12.6   15.0    0.14
  212 KBAR0       -311 197 199 169 274 274    0.76    3.16   -5.8    6.7    0.50
  213 PI0          111   1 199 169   0   0   -0.14    1.81   -4.8    5.2    0.13
  214 PI+          211   1 200 169   0   0    0.04    0.44   -1.6    1.7    0.14
  215 K0           311 197 200 169 275 275    1.05    3.59   -8.3    9.1    0.50
  216 B_D0         511 200 201 171 276 276  -41.15   61.08 -120.4  141.2    5.28

                           ---STRONG HADRON DECAYS--- 

 IHEP    ID      IDPDG IST MO1 MO2 DA1 DA2   P-X     P-Y     P-Z  ENERGY    MASS
  217 N           2112   1 112  10   0   0    2.95   -3.61   22.5   23.0    0.94
  218 PI-         -211   1 112  10   0   0    0.79   -0.67    6.0    6.1    0.14
  219 K*+          323 198 115  10 277 278    0.11   -0.43   42.1   42.2    0.89
  220 PI-         -211   1 115  10   0   0    0.84    0.43   32.9   33.0    0.14
  221 OMEGA        223 198 117  10 279 282   -0.18    0.18  475.6  475.6    0.78
  222 PI+          211   1 117  10   0   0   -0.06    0.80  249.7  249.7    0.14
  223 PI-         -211   1 117  10   0   0   -0.09    0.44  257.4  257.4    0.14
  224 PI0          111   1 118  17   0   0   -0.20   -0.47  -56.5   56.5    0.13
  225 GAMMA         22   1 118  17   0   0   -0.01    0.11  -96.5   96.5    0.00
  226 PI+          211   1 119  17   0   0    0.04    0.37  -40.3   40.3    0.14
  227 PI0          111   1 119  17   0   0    0.07   -0.29  -69.8   69.8    0.13
  228 K0           311 198 121  22 283 283    7.51   -3.12 -249.5  249.7    0.50
  229 PI0          111   1 121  22   0   0    2.72   -0.73  -87.9   87.9    0.13
  230 P           2212   1 122  22   0   0    1.12   -1.74  -72.1   72.2    0.94
  231 PI0          111   1 122  22   0   0    0.85   -1.08  -45.8   45.9    0.13
  232 P           2212   1 133  10   0   0   -0.14    0.43  217.0  217.0    0.94
  233 PI+          211   1 133  10   0   0   -0.02    0.31  143.2  143.2    0.14
  234 PBAR       -2212   1 134  10   0   0   -0.39    0.91  115.9  115.9    0.94
  235 PI-         -211   1 134  10   0   0    0.13    0.42   46.0   46.0    0.14
  236 RHO-        -213 198 135  17 284 285    0.35   -0.05 -270.2  270.2    0.77
  237 PI0          111   1 135  17   0   0   -0.22    0.33 -158.5  158.5    0.13
  238 KBAR0       -311 198 137  22 286 286    3.73   -1.64 -122.0  122.0    0.50
  239 PI-         -211   1 137  22   0   0    3.01   -1.59  -89.1   89.2    0.14
  240 SIGMABR0   -3212 198 140  26 287 288   -3.93  -18.60  -27.4   33.4    1.19
  241 PI-         -211   1 140  26   0   0   -0.55   -3.29   -4.8    5.8    0.14
  242 PI-         -211   1 141  26   0   0   -1.12   -5.10   -7.5    9.2    0.14
  243 PI0          111   1 141  26   0   0   -3.96  -25.00  -37.0   44.8    0.13
  244 PI+          211   1 144  26   0   0   -0.28   -1.42   -2.3    2.7    0.14
  245 PI-         -211   1 144  26   0   0   -0.14   -0.21   -0.4    0.5    0.14
  246 PI0          111   1 144  26   0   0    0.06   -0.89   -1.8    2.0    0.13
  247 PI-         -211   1 145  10   0   0    0.26   -0.16  505.0  505.0    0.14
  248 PI0          111   1 145  10   0   0   -0.38    0.15  451.3  451.3    0.13
  249 RHO-        -213 198 150  26 289 290    0.11   -0.44   -0.7    1.1    0.77
  250 PI0          111   1 150  26   0   0   -0.33   -0.29    0.0    0.5    0.13
  251 RHO0         113 198 151  26 291 292   -0.44   -2.01   -4.5    5.0    0.77
  252 PI-         -211   1 151  26   0   0   -0.05   -1.39   -1.7    2.2    0.14
  253 K-          -321   1 155  26   0   0    0.09   -0.74   -0.9    1.3    0.49
  254 PI0          111   1 155  26   0   0   -0.15    0.05   -0.4    0.5    0.13
  255 PI+          211   1 156  26   0   0    0.08   -0.48   -0.2    0.5    0.14
  256 PI-         -211   1 156  26   0   0   -0.23   -0.02   -0.2    0.3    0.14
  257 PI0          111   1 156  26   0   0   -0.03   -0.40   -0.2    0.5    0.13
  258 N           2112   1 157  26   0   0    0.11   -0.57   -0.7    1.3    0.94
  259 PI0          111   1 157  26   0   0    0.07   -0.53   -0.2    0.6    0.13
  260 NBAR       -2112   1 158  26   0   0   -0.10   -0.27    0.1    1.0    0.94
  261 PI+          211   1 158  26   0   0   -0.14    0.07    0.2    0.3    0.14
  262 LAMBDA      3122 198 161  26 293 294    0.24   -0.90    2.8    3.1    1.12
  263 PI0          111   1 161  26   0   0    0.10   -0.01    0.9    0.9    0.13
  264 PBAR       -2212   1 162  26   0   0    0.39   -0.28    3.6    3.7    0.94
  265 PI+          211   1 162  26   0   0    0.44   -0.15    1.4    1.5    0.14
  266 B_DBAR0     -511 200 202 169 295 295   43.76  119.74 -319.9  344.4    5.28
  267 GAMMA         22   1 202 169   0   0    0.63    1.65   -4.5    4.8    0.00
  268 PI+          211   1 205 171   0   0   -0.17    0.48   -0.9    1.0    0.14
  269 PI-         -211   1 205 171   0   0   -0.48    7.25  -11.5   13.6    0.14
  270 P           2212   1 208 171   0   0   -2.57    3.81   -6.4    7.9    0.94
  271 PI0          111   1 208 171   0   0   -0.75    1.64   -2.6    3.2    0.13
  272 PBAR       -2212   1 209 171   0   0   -2.30    3.93   -6.7    8.2    0.94
  273 PI0          111   1 209 171   0   0   -1.24    1.55   -3.0    3.6    0.13
  274 K_L0         130   1 212 169   0   0    0.76    3.16   -5.8    6.7    0.50
  275 K_L0         130   1 215 169   0   0    1.05    3.59   -8.3    9.1    0.50
  276 B_D0         511 199 216 171 303 304  -41.15   61.08 -120.4  141.2    5.28
  277 K0           311 198 219  10 296 296   -0.07    0.00   22.8   22.8    0.50
  278 PI+          211   1 219  10   0   0    0.18   -0.44   19.4   19.4    0.14
  279 PI+          211   1 221  10   0   0   -0.12    0.10   87.2   87.2    0.14
  280 PI-         -211   1 221  10   0   0   -0.07   -0.06  224.8  224.8    0.14
  281 PI0          111   1 221  10   0   0    0.08    0.08  114.4  114.4    0.13
  282 PI0          111   1 221  10   0   0   -0.06    0.07   49.2   49.2    0.13
  283 K_S0         310 198 228  22 297 298    7.51   -3.12 -249.5  249.7    0.50
  284 PI-         -211   1 236  17   0   0    0.32    0.16 -239.0  239.0    0.14
  285 PI0          111   1 236  17   0   0    0.03   -0.21  -31.2   31.2    0.13
  286 K_L0         130   1 238  22   0   0    3.73   -1.64 -122.0  122.0    0.50
  287 LAMBDABR   -3122 198 240  26 299 300   -3.88  -18.49  -27.2   33.1    1.12
  288 GAMMA         22   1 240  26   0   0   -0.05   -0.11   -0.2    0.2    0.00
  289 PI-         -211   1 249  26   0   0    0.09    0.19   -0.2    0.4    0.14
  290 PI0          111   1 249  26   0   0    0.03   -0.62   -0.4    0.8    0.13
  291 PI+          211   1 251  26   0   0    0.09   -0.85   -1.3    1.6    0.14
  292 PI-         -211   1 251  26   0   0   -0.52   -1.16   -3.2    3.4    0.14
  293 P           2212   1 262  26   0   0    0.14   -0.81    2.2    2.6    0.94
  294 PI-         -211   1 262  26   0   0    0.10   -0.10    0.5    0.6    0.14
  295 B_D0         511 199 266 169 336 337   43.76  119.74 -319.9  344.4    5.28
  296 K_S0         310 198 277  10 301 302   -0.07    0.00   22.8   22.8    0.50
  297 PI+          211   1 283  22   0   0    3.98   -1.85 -131.7  131.8    0.14
  298 PI-         -211   1 283  22   0   0    3.53   -1.27 -117.8  117.9    0.14
  299 PBAR       -2212   1 287  26   0   0   -3.29  -15.74  -23.3   28.4    0.94
  300 PI+          211   1 287  26   0   0   -0.59   -2.75   -3.9    4.8    0.14
  301 PI0          111   1 296  10   0   0   -0.09    0.04   20.7   20.7    0.13
  302 PI0          111   1 296  10   0   0    0.02   -0.04    2.1    2.1    0.13

                           ---HEAVY PARTICLE DECAYS---

 IHEP    ID      IDPDG IST MO1 MO2 DA1 DA2   P-X     P-Y     P-Z  ENERGY    MASS
  303 DQRK           1 125 276 307 308 307   -2.49    3.70   -7.3    8.6    0.32
  304 BBAR          -5 155 276 303 305 307  -38.66   57.38 -113.1  132.6    4.96
  305 SBAR          -3 123 304 306 309 306   -1.33    2.17   -4.8    5.5    0.50
  306 CQRK           4 124 304 305 311 305  -26.00   38.86  -77.4   90.4    1.55
  307 CBAR          -4 124 304 304 313 304  -11.32   16.35  -30.9   36.7    1.55
  308 DQRK           1 160 303 317 318 317   -2.49    3.70   -7.3    8.6    0.32

                              ---PARTON SHOWERS---    

 IHEP    ID      IDPDG IST MO1 MO2 DA1 DA2   P-X     P-Y     P-Z  ENERGY    MASS
  309 SBAR          94 143 305 304 310 310   -1.33    2.17   -4.8    5.5    0.50
  310 SBAR          -3   2 309 312 315 312   -1.33    2.17   -4.8    5.5    0.50
  311 CQRK          94 144 306 304 312 312  -26.00   38.86  -77.4   90.4    1.55
  312 CQRK           4   2 311 315 316 315  -26.00   38.86  -77.4   90.4    1.55
  313 CBAR          94 144 307 304 314 314  -11.32   16.35  -30.9   36.7    1.55
  314 CBAR          -4   2 313 308 317 308  -11.32   16.35  -30.9   36.7    1.55

                              ---GLUON SPLITTING---   

 IHEP    ID      IDPDG IST MO1 MO2 DA1 DA2   P-X     P-Y     P-Z  ENERGY    MASS
  315 SBAR          -3 158 309 316 319 316   -1.33    2.17   -4.8    5.5    0.50
  316 CQRK           4 158 311 315 319 315  -26.00   38.86  -77.4   90.4    1.55
  317 CBAR          -4 158 313 308 318 308  -11.32   16.35  -30.9   36.7    1.55

                             ---CLUSTER FORMATION---  

 IHEP    ID      IDPDG IST MO1 MO2 DA1 DA2   P-X     P-Y     P-Z  ENERGY    MASS
  318 CLUS          91 183 308 317 320 320  -13.50   19.56  -37.1   44.1    1.87
  319 CLUS          91 183 316 315 321 322  -27.65   41.52  -83.2   97.1    2.95

                              ---CLUSTER DECAYS---    

 IHEP    ID      IDPDG IST MO1 MO2 DA1 DA2   P-X     P-Y     P-Z  ENERGY    MASS
  320 D-          -411 196 318 303 323 325  -13.50   19.56  -37.1   44.1    1.87
  321 D*0          423 197 319 311 326 327  -25.90   38.76  -77.3   90.3    2.01
  322 K+           321   1 319 311   0   0   -1.75    2.76   -5.9    6.7    0.49

                           ---STRONG HADRON DECAYS--- 

 IHEP    ID      IDPDG IST MO1 MO2 DA1 DA2   P-X     P-Y     P-Z  ENERGY    MASS
  323 K-          -321   1 320 303   0   0   -5.24    6.75  -13.1   15.6    0.49
  324 K0           311 198 320 303 328 328   -4.01    6.19  -12.0   14.0    0.50
  325 K0           311 198 320 303 329 329   -4.26    6.63  -12.1   14.5    0.50
  326 D0           421 198 321 311 330 333  -24.51   36.64  -73.1   85.4    1.86
  327 PI0          111   1 321 311   0   0   -1.39    2.13   -4.2    4.9    0.13
  328 K_S0         310 198 324 303 334 335   -4.01    6.19  -12.0   14.0    0.50
  329 K_L0         130   1 325 303   0   0   -4.26    6.63  -12.1   14.5    0.50
  330 K-          -321   1 326 311   0   0   -8.28   12.71  -26.0   30.1    0.49
  331 PI+          211   1 326 311   0   0   -0.54    1.07   -2.0    2.3    0.14
  332 PI0          111   1 326 311   0   0   -6.14    8.73  -17.4   20.5    0.13
  333 PI0          111   1 326 311   0   0   -9.54   14.12  -27.7   32.5    0.13
  334 PI+          211   1 328 303   0   0   -1.02    1.90   -3.6    4.2    0.14
  335 PI-         -211   1 328 303   0   0   -2.98    4.29   -8.4    9.9    0.14

                           ---HEAVY PARTICLE DECAYS---

 IHEP    ID      IDPDG IST MO1 MO2 DA1 DA2   P-X     P-Y     P-Z  ENERGY    MASS
  336 DQRK           1 125 295 340 341 340    2.65    7.26  -19.4   20.9    0.32
  337 BBAR          -5 155 295 336 338 340   41.11  112.48 -300.5  323.5    4.96
  338 DBAR          -1 123 337 339 342 339    5.26   15.88  -43.1   46.3    0.32
  339 UQRK           2 124 337 338 344 338   29.87   80.84 -216.7  233.2    0.32
  340 CBAR          -4 124 337 337 346 337    5.98   15.76  -40.7   44.1    1.55
  341 DQRK           1 160 336 350 351 350    2.65    7.26  -19.4   20.9    0.32

                              ---PARTON SHOWERS---    

 IHEP    ID      IDPDG IST MO1 MO2 DA1 DA2   P-X     P-Y     P-Z  ENERGY    MASS
  342 DBAR          94 143 338 337 343 343    5.26   15.88  -43.1   46.3    0.32
  343 DBAR          -1   2 342 345 348 345    5.26   15.88  -43.1   46.3    0.32
  344 UQRK          94 144 339 337 345 345   29.87   80.84 -216.7  233.2    0.32
  345 UQRK           2   2 344 348 349 348   29.87   80.84 -216.7  233.2    0.32
  346 CBAR          94 144 340 337 347 347    5.98   15.76  -40.7   44.1    1.55
  347 CBAR          -4   2 346 341 350 341    5.98   15.76  -40.7   44.1    1.55

                              ---GLUON SPLITTING---   

 IHEP    ID      IDPDG IST MO1 MO2 DA1 DA2   P-X     P-Y     P-Z  ENERGY    MASS
  348 DBAR          -1 158 342 349 352 349    5.26   15.88  -43.1   46.3    0.32
  349 UQRK           2 158 344 348 352 348   29.87   80.84 -216.7  233.2    0.32
  350 CBAR          -4 158 346 341 351 341    5.98   15.76  -40.7   44.1    1.55

                             ---CLUSTER FORMATION---  

 IHEP    ID      IDPDG IST MO1 MO2 DA1 DA2   P-X     P-Y     P-Z  ENERGY    MASS
  351 CLUS          91 183 341 350 353 354    8.63   23.01  -60.1   65.0    2.01
  352 CLUS          91 183 349 348 355 356   35.13   96.72 -259.8  279.4    1.80

                              ---CLUSTER DECAYS---    

 IHEP    ID      IDPDG IST MO1 MO2 DA1 DA2   P-X     P-Y     P-Z  ENERGY    MASS
  353 PI0          111   1 351 336   0   0    0.70    1.89   -5.0    5.4    0.13
  354 D-          -411 197 351 336 357 359    7.93   21.12  -55.1   59.6    1.87
  355 A_20         115 197 352 344 360 362   32.72   89.43 -240.0  258.2    1.32
  356 PI+          211   1 352 344   0   0    2.41    7.29  -19.8   21.2    0.14

                           ---STRONG HADRON DECAYS--- 

 IHEP    ID      IDPDG IST MO1 MO2 DA1 DA2   P-X     P-Y     P-Z  ENERGY    MASS
  357 PI-         -211   1 354 336   0   0    1.00    3.53   -8.1    8.9    0.14
  358 PHI          333 198 354 336 363 364    6.19   15.60  -41.2   44.5    1.02
  359 PI0          111   1 354 336   0   0    0.74    1.99   -5.7    6.1    0.13
  360 OMEGA        223 198 355 344 365 367   23.35   63.49 -170.1  183.0    0.78
  361 PI+          211   1 355 344   0   0    7.27   19.71  -53.3   57.3    0.14
  362 PI-         -211   1 355 344   0   0    2.11    6.22  -16.6   17.9    0.14
  363 K_L0         130   1 358 336   0   0    3.56    8.74  -23.3   25.1    0.50
  364 K_S0         310 198 358 336 368 369    2.63    6.85  -18.0   19.4    0.50
  365 PI+          211   1 360 344   0   0   16.31   44.57 -119.6  128.7    0.14
  366 PI-         -211   1 360 344   0   0    4.52   12.42  -33.2   35.7    0.14
  367 PI0          111   1 360 344   0   0    2.52    6.50  -17.2   18.6    0.13
  368 PI+          211   1 364 336   0   0    1.71    4.57  -11.4   12.4    0.14
  369 PI-         -211   1 364 336   0   0    0.92    2.28   -6.5    7.0    0.14



 EVENT       2: 6500.00 GEV/C P        ON  6500.00 GEV/C P        PROCESS:-18000
 SEEDS:  1509656445 &  2058214850   STATUS:  100 ERROR:   0  WEIGHT: -5.9590E-04


                               ---INITIAL STATE---    

 IHEP    ID      IDPDG IST MO1 MO2 DA1 DA2   P-X     P-Y     P-Z  ENERGY    MASS
    1 P           2212 101   0   0   0   0    0.00    0.00 6500.0 6500.0    0.94
    2 P           2212 102   0   0   0   0    0.00    0.00-6500.0 6500.0    0.94
    3 CMF            0 103   1   2   0   0    0.00    0.00    0.013000.013000.00

                              ---HARD SUBPROCESS---   

 IHEP    ID      IDPDG IST MO1 MO2 DA1 DA2   P-X     P-Y     P-Z  ENERGY    MASS
    4 UQRK           2 121   6   8  11   9    0.00    0.00  826.3  826.3    0.32
    5 DQRK           1 122   6   9  20  10    0.00    0.00 -483.4  483.4    0.32
    6 HARD           0 120   4   5   7  10   22.75   -3.92  343.0 1309.9 1264.01
    7 HIGGS         25 123   6   7  27   7 -243.92  110.77  446.4  535.4  125.00
    8 UQRK           2 124   6  10  28   4    8.53  -52.58 -340.6  344.7    0.32
    9 DQRK           1 124   6   4  32   5  232.43  -45.44  290.4  374.7    0.32
   10 GLUON         21 124   6   5  39   8    2.96  -12.75  -53.2   54.8    0.75

                              ---PARTON SHOWERS---    

 IHEP    ID      IDPDG IST MO1 MO2 DA1 DA2   P-X     P-Y     P-Z  ENERGY    MASS
   11 UQRK          94 141   4   6  13  19    0.86    1.04  826.7  826.5  -15.88
   12 CONE           0 100   4   9   0   0    0.98   -0.19    1.4    1.7    0.00
   13 GLUON         21   2  11  14  43  44   -1.22   -0.52   11.3   11.4    0.75
   14 GLUON         21   2  11  15  45  46   -1.37    0.51   40.8   40.8    0.75
   15 GLUON         21   2  11  16  47  48    0.97   -0.44  133.5  133.5    0.75
   16 GLUON         21   2  11  17  49  50    0.55   -1.22  230.8  230.8    0.75
   17 GLUON         21   2  11  18  51  52    0.17    1.58  500.0  500.0    0.75
   18 GLUON         21   2  11  19  53  54    0.04   -0.95  451.0  451.0    0.75
   19 UD          2101   2  11  30  55  54    0.00    0.00 4305.9 4305.9    0.32
   20 DQRK          94 142   5   6  22  26   21.89   -4.96 -483.7  483.4  -27.47
   21 CONE           0 100   5  10   0   0    0.23   -0.97   -8.1    8.1    0.00
   22 GLUON         21   2  20  23  56  57   -3.61    1.52 -174.8  174.8    0.75
   23 GLUON         21   2  20  24  58  59  -11.05    1.46 -591.3  591.4    0.75
   24 GLUON         21   2  20  25  60  61   -5.17    1.14 -165.3  165.4    0.75
   25 GLUON         21   2  20  26  62  63   -2.06    0.84 -127.4  127.5    0.75
   26 UU          2203   2  20  34  64  63    0.00    0.00-4957.6 4957.6    0.25
   27 HIGGS         25 195   7   6 178 179 -228.37  106.26  434.8  517.8  125.00
   28 UQRK          94 144   8   6  30  31   14.13  -52.18 -331.5  335.9    4.02
   29 CONE           0 100   8  10   0   0    1.03   -4.21  -20.4   20.9    0.00
   30 UQRK           2   2  28  31  65  55   10.37  -40.41 -246.3  249.8    0.32
   31 GLUON         21   2  28  41  66  67    3.76  -11.77  -85.2   86.1    0.75
   32 DQRK          94 144   9   6  34  38  233.18  -45.42  291.5  402.7  143.98
   33 CONE           0 100   9   4   0   0   -0.46    0.09    1.0    1.1    0.00
   34 DQRK           1   2  32  35  68  64   73.74  -61.28  186.8  210.0    0.32
   35 GLUON         21   2  32  36  69  70    3.60   -1.59    4.7    6.2    0.75
   36 GLUON         21   2  32  37  71  72  114.90   12.95   72.4  136.4    0.75
   37 GLUON         21   2  32  38  73  74   39.57    3.11   26.6   47.8    0.75
   38 GLUON         21   2  32  43  75  76    1.37    1.38    1.0    2.3    0.75
   39 GLUON         94 144  10   6  41  42    3.82  -12.57  -51.8   53.6    4.17
   40 CONE           0 100  10   8   0   0   -0.25    0.08   -3.4    3.4    0.00
   41 GLUON         21   2  39  42  77  78    4.23  -11.14  -47.8   49.3    0.75
   42 GLUON         21   2  39  56  79  80   -0.41   -1.43   -4.0    4.3    0.75

                              ---GLUON SPLITTING---   

 IHEP    ID      IDPDG IST MO1 MO2 DA1 DA2   P-X     P-Y     P-Z  ENERGY    MASS
   43 UBAR          -2 158  11  44 113  76   -0.75   -0.11    6.0    6.1    0.32
   44 UQRK           2 158  11  45  97  43   -0.47   -0.41    5.3    5.3    0.32
   45 DBAR          -1 158  11  46  97  44   -0.37    0.11    9.9    9.9    0.32
   46 DQRK           1 158  11  47  98  45   -1.01    0.40   30.9   30.9    0.32
   47 DBAR          -1 158  11  48  98  46    0.47   -0.07   74.5   74.5    0.32
   48 DQRK           1 158  11  49  99  47    0.50   -0.37   59.1   59.1    0.32
   49 UBAR          -2 158  11  50  99  48    0.25   -0.81  158.9  158.9    0.32
   50 UQRK           2 158  11  51 100  49    0.30   -0.41   71.8   71.8    0.32
   51 UBAR          -2 158  11  52 100  50    0.03    1.14  311.9  311.9    0.32
   52 UQRK           2 158  11  53 101  51    0.14    0.44  188.2  188.2    0.32
   53 DBAR          -1 158  11  54 101  52    0.18   -0.62  245.4  245.4    0.32
   54 DQRK           1 158  11  81 102  53   -0.07   -0.15  249.3  249.3    0.32
   55 UD          2101 161  11  65 116  82   -0.02   -0.03 3047.0 3047.0    0.64
   56 DBAR          -1 158  20  57 122  94   -1.01    0.29  -47.3   47.3    0.32
   57 DQRK           1 158  20  58 103  56   -2.30    1.14 -113.5  113.6    0.32
   58 UBAR          -2 158  20  59 103  57   -6.44    1.01 -351.1  351.1    0.32
   59 UQRK           2 158  20  60 104  58   -4.61    0.46 -240.2  240.3    0.32
   60 UBAR          -2 158  20  61 104  59   -2.93    0.66  -87.8   87.8    0.32
   61 UQRK           2 158  20  62 105  60   -2.24    0.48  -77.5   77.6    0.32
   62 DBAR          -1 158  20  63 105  61   -1.01    0.24  -64.8   64.8    0.32
   63 DQRK           1 158  20  83 106  62   -0.97    0.56  -58.7   58.7    0.32
   64 UU          2203 162  20  68 117  84   -0.00    0.00-4723.3 4723.3    0.64
   65 UQRK           2 158  28  66 107  55   10.37  -40.41 -246.3  249.8    0.32
   66 DBAR          -1 158  28  67 107  65    1.07   -3.19  -22.7   23.0    0.32
   67 DQRK           1 158  28  85 108  66    1.98   -6.30  -45.8   46.3    0.32
   68 DQRK           1 158  32  89 109  64   41.06  -34.12  104.0  116.9    0.32
   69 DBAR          -1 158  32  70 119  88    1.34   -0.48    1.7    2.2    0.32
   70 DQRK           1 158  32  91 110  69    0.91   -0.38    1.2    1.6    0.32
   71 DBAR          -1 158  32  72 123  96   27.52    3.21   17.4   32.7    0.32
   72 DQRK           1 158  32  73 111  71   78.08    8.66   49.2   92.7    0.32
   73 DBAR          -1 158  32  74 111  72   29.43    2.25   19.9   35.6    0.32
   74 DQRK           1 158  32  75 112  73   10.14    0.85    6.8   12.2    0.32
   75 DBAR          -1 158  32  76 112  74    1.05    0.97    0.8    1.7    0.32
   76 DQRK           1 158  32  43 113  75    0.32    0.41    0.2    0.6    0.32
   77 UBAR          -2 158  39  78 118  86    2.19   -5.38  -23.4   24.1    0.32
   78 UQRK           2 158  39  79 114  77    1.49   -4.41  -18.7   19.2    0.32
   79 UBAR          -2 158  39  80 114  78   -0.01   -0.68   -1.6    1.8    0.32
   80 UQRK           2 158  39  93 115  79   -0.30   -0.55   -2.0    2.1    0.32
   81 DBAR          -1 159  11  82 102  54   -0.01   -0.03  914.5  914.5    0.32
   82 DQRK           1 159  11  55 116  81   -0.05   -0.11  300.7  300.7    0.32
   83 UBAR          -2 159  20  84 106  63   -0.04    0.02 -108.3  108.3    0.32
   84 UQRK           2 159  20  64 117  83   -0.03    0.02 -129.9  129.9    0.32
   85 SBAR          -3 159  39  86 108  67    0.61   -1.68   -9.7    9.9    0.50
   86 SQRK           3 159  28  77 118  85    0.65   -1.94  -12.7   12.9    0.50
   87 DBAR          -1 159  32  88 120  90    1.15   -0.86    2.7    3.0    0.32
   88 DQRK           1 159  32  69 119  87   13.76  -11.42   34.8   39.2    0.32
   89 UBAR          -2 159  32  90 109  68    1.09   -0.80    2.5    2.8    0.32
   90 UQRK           2 159  32  87 120  89   17.06  -14.17   43.2   48.5    0.32
   91 SBAR          -3 159  32  92 110  70    2.08    0.11    1.5    2.6    0.50
   92 SQRK           3 159  32  95 121  91    1.24   -0.40    1.4    2.0    0.50
   93 DBAR          -1 159  20  94 115  80   -0.28    0.06  -12.5   12.5    0.32
   94 DQRK           1 159  39  56 122  93   -0.12   -0.16   -1.8    1.9    0.32
   95 DBAR          -1 159  32  96 121  92    5.23    0.59    3.3    6.2    0.32
   96 DQRK           1 159  32  71 123  95    1.72    0.14    1.2    2.1    0.32

                             ---CLUSTER FORMATION---  

 IHEP    ID      IDPDG IST MO1 MO2 DA1 DA2   P-X     P-Y     P-Z  ENERGY    MASS
   97 CLUS          91 183  44  45 124 125   -0.84   -0.30   15.2   15.2    1.00
   98 CLUS          91 183  46  47 126 127   -0.54    0.33  105.3  105.3    2.10
   99 CLUS          91 183  48  49 128 129    0.75   -1.18  218.0  218.0    0.99
  100 CLUS          91 183  50  51 130 131    0.34    0.73  383.7  383.7    1.74
  101 CLUS          91 183  52  53 132 133    0.32   -0.18  433.6  433.6    1.23
  102 CLUS          91 183  54  81 134 135   -0.08   -0.18 1163.8 1163.8    0.84
  103 CLUS          91 183  57  58 136 137   -8.75    2.15 -464.6  464.7    1.66
  104 CLUS          91 183  59  60 138 139   -7.54    1.11 -328.0  328.1    2.33
  105 CLUS          91 183  61  62 140 141   -3.25    0.71 -142.3  142.4    1.15
  106 CLUS          91 183  63  83 142 143   -1.01    0.58 -167.0  167.0    1.64
  107 CLUS          91 183  65  66 144 145   11.44  -43.60 -269.0  272.8    2.12
  108 CLUS          91 183  67  85 146 147    2.58   -7.99  -55.5   56.2    1.51
  109 CLUS          91 183  68  89 148 149   42.15  -34.91  106.5  119.7    2.22
  110 CLUS          91 183  70  91 150 151    2.99   -0.26    2.6    4.1    1.15
  111 CLUS          91 183  72  73 152 153  107.52   10.92   69.0  128.3    2.60
  112 CLUS          91 183  74  75 154 155   11.19    1.83    7.6   13.9    2.70
  113 CLUS          91 183  76  43 156 157   -0.43    0.30    6.2    6.7    2.48
  114 CLUS          91 183  78  79 158 159    1.47   -5.10  -20.3   21.0    1.58
  115 CLUS          91 183  80  93 160 161   -0.58   -0.49  -14.4   14.6    1.80
  116 CLUS          91 184  82  55 162 163   -0.07   -0.15 3347.7 3347.7    1.32
  117 CLUS          91 185  84  64 164 165   -0.04    0.02-4853.2 4853.2    2.07
  118 CLUS          91 183  86  77 166 167    2.85   -7.32  -36.1   37.0    1.76
  119 CLUS          91 183  88  69 168 169   15.10  -11.90   36.5   41.4    3.12
  120 CLUS          91 183  90  87 170 171   18.21  -15.03   45.8   51.6    1.42
  121 CLUS          91 183  92  95 172 173    6.47    0.19    4.8    8.2    1.82
  122 CLUS          91 183  94  56 174 175   -1.13    0.13  -49.2   49.2    1.94
  123 CLUS          91 183  96  71 176 177   29.25    3.35   18.5   34.8    1.39

                              ---CLUSTER DECAYS---    

 IHEP    ID      IDPDG IST MO1 MO2 DA1 DA2   P-X     P-Y     P-Z  ENERGY    MASS
  124 PI+          211   1  97  11   0   0    0.00   -0.16    0.6    0.7    0.14
  125 PI0          111   1  97  11   0   0   -0.84   -0.14   14.5   14.6    0.13
  126 A_20         115 197  98  11 245 246    0.02    0.41   59.7   59.7    1.32
  127 ETA          221 197  98  11 247 248   -0.56   -0.09   45.7   45.7    0.55
  128 PI0          111   1  99  11   0   0    0.08   -0.19    9.1    9.1    0.13
  129 PI-         -211   1  99  11   0   0    0.67   -0.99  208.9  208.9    0.14
  130 OMEGA        223 197 100  11 249 250    0.15    0.33  267.4  267.4    0.78
  131 RHO0         113 197 100  11 251 252    0.19    0.40  116.3  116.4    0.77
  132 K+           321   1 101  11   0   0    0.24    0.25  171.0  171.0    0.49
  133 KBAR0       -311 197 101  11 253 253    0.08   -0.43  262.6  262.6    0.50
  134 PI-         -211   1 102  11   0   0    0.25   -0.18  230.6  230.6    0.14
  135 PI+          211   1 102  11   0   0   -0.33   -0.00  933.2  933.2    0.14
  136 HL_10      10223 197 103  20 254 255   -6.79    2.08 -363.8  363.8    1.17
  137 PI-         -211   1 103  20   0   0   -1.95    0.08 -100.8  100.9    0.14
  138 A_20         115 197 104  20 256 257   -5.80    0.52 -240.0  240.0    1.32
  139 RHO0         113 197 104  20 258 259   -1.74    0.59  -88.0   88.0    0.77
  140 PI+          211   1 105  20   0   0   -1.41    0.20  -49.5   49.5    0.14
  141 RHO0         113 197 105  20 260 261   -1.84    0.51  -92.9   92.9    0.77
  142 B_1-      -10213 197 106  20 262 263   -1.00    0.78 -151.2  151.3    1.23
  143 PI0          111   1 106  20   0   0   -0.01   -0.20  -15.7   15.7    0.13
  144 RHO+         213 197 107  28 264 265    6.10  -23.53 -144.2  146.2    0.77
  145 A_10       20113 197 107  28 266 267    5.35  -20.07 -124.8  126.6    1.23
  146 PI-         -211   1 108  28   0   0    2.16   -4.75  -35.1   35.5    0.14
  147 K+           321   1 108  28   0   0    0.42   -3.23  -20.4   20.7    0.49
  148 P           2212   1 109  32   0   0   22.82  -18.93   57.7   64.9    0.94
  149 DLTABR--   -2224 197 109  32 268 269   19.32  -15.98   48.7   54.8    1.23
  150 PI0          111   1 110  32   0   0    1.29   -0.44    0.7    1.6    0.13
  151 K0           311 197 110  32 270 270    1.70    0.17    1.9    2.6    0.50
  152 OMEGA        223 197 111  32 271 272   10.73    1.29    7.1   12.9    0.78
  153 PI0          111   1 111  32   0   0   96.78    9.63   61.9  115.3    0.13
  154 N           2112   1 112  32   0   0    7.73    0.76    5.3    9.4    0.94
  155 DELTABR0   -2114 197 112  32 273 274    3.46    1.06    2.3    4.5    1.23
  156 ETA          221 197 113  32 275 276   -0.52   -0.79    3.8    3.9    0.55
  157 RHO-        -213 197 113  32 277 278    0.09    1.09    2.4    2.8    0.77
  158 PI+          211   1 114  39   0   0    0.30   -0.60   -3.5    3.6    0.14
  159 B_1-      -10213 197 114  39 279 280    1.17   -4.50  -16.8   17.4    1.23
  160 ETAP         331 197 115  39 281 283   -0.45   -0.15   -6.8    6.9    0.96
  161 RHO+         213 197 115  39 284 285   -0.13   -0.34   -7.6    7.7    0.77
  162 PI-         -211   1 116  11   0   0    0.04   -0.31 1221.3 1221.3    0.14
  163 P           2212   1 116  11   0   0   -0.11    0.16 2126.3 2126.3    0.94
  164 RHO+         213 197 117  20 286 287   -0.48    0.34-1990.0 1990.0    0.77
  165 P           2212   1 117  20   0   0    0.45   -0.32-2863.2 2863.2    0.94
  166 PHI          333 197 118  28 288 289    1.94   -4.49  -24.3   24.8    1.02
  167 K-          -321   1 118  28   0   0    0.91   -2.83  -11.8   12.2    0.49
  168 SIGMA*0     3214 197 119  32 290 291    5.69   -3.73   13.8   15.4    1.38
  169 SIGMABR0   -3212 197 119  32 292 293    9.41   -8.17   22.7   25.9    1.19
  170 B_10       10113 197 120  32 294 295   16.18  -13.33   40.5   45.6    1.23
  171 PI+          211   1 120  32   0   0    2.02   -1.69    5.4    6.0    0.14
  172 KBAR0       -311 197 121  32 296 296    2.07    0.34    1.3    2.5    0.50
  173 HL_10      10223 197 121  32 297 298    4.40   -0.15    3.5    5.7    1.17
  174 PI-         -211   1 122  39   0   0   -0.14    0.55  -16.7   16.7    0.14
  175 B_1+       10213 197 122  39 299 300   -1.00   -0.43  -32.4   32.5    1.23
  176 PI-         -211   1 123  32   0   0    2.71    0.28    1.6    3.2    0.14
  177 A_1+       20213 197 123  32 301 302   26.54    3.07   16.9   31.6    1.23

                            ---H/W/Z BOSON DECAYS---  

 IHEP    ID      IDPDG IST MO1 MO2 DA1 DA2   P-X     P-Y     P-Z  ENERGY    MASS
  178 BQRK           5 123  27 179 180 179 -137.43    9.50  151.1  204.6    4.95
  179 BBAR          -5 124  27 178 189 178  -90.94   96.76  283.7  313.2    4.95

                              ---PARTON SHOWERS---    

 IHEP    ID      IDPDG IST MO1 MO2 DA1 DA2   P-X     P-Y     P-Z  ENERGY    MASS
  180 BQRK          94 143 178  27 182 188 -144.68   17.24  173.8  229.6   35.65
  181 CONE           0 100 178 179   0   0   -0.08    0.65    1.4    1.5    0.00
  182 BQRK           5   2 180 183 191 190  -19.19    5.79   40.1   45.1    4.95
  183 GLUON         21   2 180 184 192 193   -2.14   -0.37    3.1    3.9    0.75
  184 GLUON         21   2 180 185 194 195   -6.69    0.89    4.3    8.0    0.75
  185 GLUON         21   2 180 186 196 197   -4.61   -0.42    4.2    6.3    0.75
  186 GLUON         21   2 180 187 198 199   -7.20    1.44    7.0   10.2    0.75
  187 GLUON         21   2 180 188 200 201  -91.76    7.26  101.7  137.1    0.75
  188 GLUON         21   2 180 190 202 203  -13.09    2.66   13.5   19.0    0.75
  189 BBAR          94 144 179  27 190 190  -83.70   89.01  261.0  288.2    4.95
  190 BBAR          -5   2 189 191 204 203  -83.70   89.01  261.0  288.2    4.95

                              ---GLUON SPLITTING---   

 IHEP    ID      IDPDG IST MO1 MO2 DA1 DA2   P-X     P-Y     P-Z  ENERGY    MASS
  191 BQRK           5 158 180 192 213 204  -19.19    5.79   40.1   45.1    4.95
  192 UBAR          -2 158 180 193 213 191   -0.72    0.03    1.1    1.4    0.32
  193 UQRK           2 158 180 194 214 192   -1.42   -0.40    2.0    2.5    0.32
  194 DBAR          -1 158 180 195 214 193   -5.10    0.68    3.2    6.1    0.32
  195 DQRK           1 158 180 196 215 194   -1.59    0.21    1.0    1.9    0.32
  196 DBAR          -1 158 180 197 215 195   -2.78   -0.26    2.3    3.6    0.32
  197 DQRK           1 158 180 198 216 196   -1.83   -0.16    1.9    2.7    0.32
  198 DBAR          -1 158 180 199 216 197   -1.96    0.30    1.9    2.8    0.32
  199 DQRK           1 158 180 200 217 198   -5.24    1.14    5.1    7.4    0.32
  200 UBAR          -2 158 180 201 217 199  -43.70    3.34   48.6   65.5    0.32
  201 UQRK           2 158 180 202 218 200  -48.05    3.92   53.0   71.7    0.32
  202 DBAR          -1 158 180 203 218 201   -6.35    1.25    6.8    9.4    0.32
  203 DQRK           1 158 180 207 219 202   -2.81    0.61    2.8    4.0    0.32
  204 BBAR          -5 158 189 191 222 210  -70.54   74.95  219.8  242.8    4.95
  205 UBAR          -2 159 189 206 223 212   -2.78    2.94    8.6    9.5    0.32
  206 UQRK           2 159 180 209 220 205   -0.61    0.47    1.5    1.7    0.32
  207 SBAR          -3 159 189 208 219 203   -1.02    0.83    2.6    2.9    0.50
  208 SQRK           3 159 180 211 221 207   -3.07    0.69    3.2    4.5    0.50
  209 SBAR          -3 159 189 210 220 206   -4.63    4.90   14.4   15.9    0.50
  210 SQRK           3 159 180 204 222 209   -3.40    3.57   10.5   11.6    0.50
  211 UBAR          -2 159 189 212 221 208   -0.78    0.71    2.1    2.4    0.32
  212 UQRK           2 159 180 205 223 211   -0.79    0.73    2.2    2.5    0.32

                             ---CLUSTER FORMATION---  

 IHEP    ID      IDPDG IST MO1 MO2 DA1 DA2   P-X     P-Y     P-Z  ENERGY    MASS
  213 CLUS          91 183 191 192 224 225  -19.91    5.81   41.2   46.5    5.52
  214 CLUS          91 183 193 194 226 227   -6.52    0.29    5.2    8.6    1.94
  215 CLUS          91 183 195 196 228 229   -4.38   -0.05    3.3    5.5    0.87
  216 CLUS          91 183 197 198 230 231   -3.79    0.14    3.8    5.4    0.79
  217 CLUS          91 183 199 200 232 233  -48.94    4.48   53.7   72.9    2.94
  218 CLUS          91 183 201 202 234 235  -54.40    5.18   59.8   81.1    2.31
  219 CLUS          91 183 203 207 236 237   -3.82    1.44    5.4    7.0    1.66
  220 CLUS          91 183 206 209 238 239   -5.25    5.37   15.8   17.6    1.25
  221 CLUS          91 183 208 211 240 241   -3.86    1.41    5.3    6.9    1.63
  222 CLUS          91 183 210 204 242 242  -73.93   78.53  230.3  254.4    5.37
  223 CLUS          91 183 212 205 243 244   -3.58    3.68   10.8   12.0    0.81

                              ---CLUSTER DECAYS---    

 IHEP    ID      IDPDG IST MO1 MO2 DA1 DA2   P-X     P-Y     P-Z  ENERGY    MASS
  224 B*-         -523 197 213 180 303 304  -19.60    5.78   40.7   45.9    5.32
  225 PI0          111   1 213 180   0   0   -0.31    0.03    0.5    0.6    0.13
  226 K+           321   1 214 180   0   0   -3.82    0.69    3.4    5.2    0.49
  227 K*BAR0      -313 197 214 180 305 306   -2.70   -0.40    1.9    3.4    0.90
  228 PI-         -211   1 215 180   0   0   -3.36   -0.37    2.4    4.1    0.14
  229 PI+          211   1 215 180   0   0   -1.02    0.32    0.9    1.4    0.14
  230 PI-         -211   1 216 180   0   0   -2.67    0.03    3.1    4.1    0.14
  231 PI+          211   1 216 180   0   0   -1.12    0.11    0.7    1.3    0.14
  232 N           2112   1 217 180   0   0  -15.55    1.89   18.3   24.1    0.94
  233 DELTABR-   -2214 197 217 180 307 308  -33.40    2.59   35.5   48.8    1.23
  234 N           2112   1 218 180   0   0  -18.47    1.59   20.7   27.8    0.94
  235 DELTABR+   -1114 197 218 180 309 310  -35.93    3.59   39.1   53.3    1.23
  236 PI-         -211   1 219 180   0   0   -0.45    0.15    0.9    1.0    0.14
  237 K*_0+      10321 197 219 180 311 312   -3.38    1.29    4.5    5.9    1.43
  238 PI+          211   1 220 180   0   0   -0.75    1.34    3.6    3.9    0.14
  239 K0           311 197 220 180 313 313   -4.50    4.03   12.3   13.7    0.50
  240 K*BAR0      -313 197 221 180 314 315   -1.26    0.62    2.4    3.0    0.90
  241 PI-         -211   1 221 180   0   0   -2.60    0.78    2.9    4.0    0.14
  242 B_S0         531 200 222 180 316 316  -73.93   78.53  230.3  254.4    5.37
  243 PI0          111   1 223 180   0   0   -3.11    2.87    8.5    9.5    0.13
  244 PI0          111   1 223 180   0   0   -0.47    0.81    2.4    2.5    0.13

                           ---STRONG HADRON DECAYS--- 

 IHEP    ID      IDPDG IST MO1 MO2 DA1 DA2   P-X     P-Y     P-Z  ENERGY    MASS
  245 RHO+         213 198 126  11 319 320   -0.06    0.34   58.1   58.1    0.77
  246 PI-         -211   1 126  11   0   0    0.08    0.08    1.6    1.6    0.14
  247 GAMMA         22   1 127  11   0   0   -0.14    0.14   27.0   27.0    0.00
  248 GAMMA         22   1 127  11   0   0   -0.42   -0.22   18.6   18.6    0.00
  249 PI+          211   1 130  11   0   0    0.23   -0.13  160.0  160.0    0.14
  250 PI-         -211   1 130  11   0   0   -0.08    0.46  107.3  107.3    0.14
  251 PI+          211   1 131  11   0   0   -0.03    0.39  103.0  103.0    0.14
  252 PI-         -211   1 131  11   0   0    0.22    0.02   13.4   13.4    0.14
  253 K_L0         130   1 133  11   0   0    0.08   -0.43  262.6  262.6    0.50
  254 RHO-        -213 198 136  20 321 322   -4.18    0.99 -216.1  216.2    0.77
  255 PI+          211   1 136  20   0   0   -2.62    1.08 -147.6  147.6    0.14
  256 K0           311 198 138  20 323 323   -1.42    0.39  -67.7   67.7    0.50
  257 KBAR0       -311 198 138  20 324 324   -4.38    0.13 -172.3  172.3    0.50
  258 PI+          211   1 139  20   0   0   -0.93    0.61  -40.8   40.8    0.14
  259 PI-         -211   1 139  20   0   0   -0.81   -0.02  -47.2   47.2    0.14
  260 PI+          211   1 141  20   0   0   -0.31    0.26  -11.6   11.6    0.14
  261 PI-         -211   1 141  20   0   0   -1.53    0.25  -81.3   81.3    0.14
  262 OMEGA        223 198 142  20 325 327   -1.00    0.66 -102.8  102.8    0.78
  263 PI-         -211   1 142  20   0   0    0.00    0.12  -48.4   48.4    0.14
  264 PI+          211   1 144  28   0   0    0.25   -1.41   -8.5    8.6    0.14
  265 PI0          111   1 144  28   0   0    5.85  -22.12 -135.7  137.6    0.13
  266 RHO-        -213 198 145  28 328 329    4.68  -17.37 -106.4  107.9    0.77
  267 PI+          211   1 145  28   0   0    0.66   -2.70  -18.5   18.7    0.14
  268 PBAR       -2212   1 149  32   0   0   13.86  -11.75   35.4   39.8    0.94
  269 PI-         -211   1 149  32   0   0    5.46   -4.24   13.4   15.0    0.14
  270 K_L0         130   1 151  32   0   0    1.70    0.17    1.9    2.6    0.50
  271 PI0          111   1 152  32   0   0    8.98    0.97    5.6   10.6    0.13
  272 GAMMA         22   1 152  32   0   0    1.75    0.32    1.5    2.3    0.00
  273 PBAR       -2212   1 155  32   0   0    2.57    0.80    2.0    3.5    0.94
  274 PI+          211   1 155  32   0   0    0.89    0.26    0.3    1.0    0.14
  275 GAMMA         22   1 156  32   0   0   -0.06   -0.35    2.3    2.3    0.00
  276 GAMMA         22   1 156  32   0   0   -0.46   -0.44    1.5    1.6    0.00
  277 PI-         -211   1 157  32   0   0    0.22    0.80    1.0    1.3    0.14
  278 PI0          111   1 157  32   0   0   -0.13    0.29    1.4    1.5    0.13
  279 OMEGA        223 198 159  39 330 332    1.26   -3.61  -13.8   14.4    0.78
  280 PI-         -211   1 159  39   0   0   -0.08   -0.89   -2.9    3.0    0.14
  281 PI0          111   1 160  39   0   0   -0.05   -0.05   -1.3    1.3    0.13
  282 PI0          111   1 160  39   0   0    0.09    0.02   -0.9    0.9    0.13
  283 ETA          221 198 160  39 333 335   -0.49   -0.12   -4.6    4.7    0.55
  284 PI+          211   1 161  39   0   0   -0.09   -0.54   -6.3    6.4    0.14
  285 PI0          111   1 161  39   0   0   -0.04    0.20   -1.3    1.3    0.13
  286 PI+          211   1 164  20   0   0    0.00    0.06-1264.6 1264.6    0.14
  287 PI0          111   1 164  20   0   0   -0.48    0.28 -725.4  725.4    0.13
  288 K_L0         130   1 166  28   0   0    1.13   -2.40  -13.4   13.6    0.50
  289 K_S0         310 198 166  28 336 337    0.81   -2.09  -10.9   11.1    0.50
  290 LAMBDA      3122 198 168  32 338 339    5.35   -3.45   12.6   14.1    1.12
  291 PI0          111   1 168  32   0   0    0.34   -0.27    1.2    1.3    0.13
  292 LAMBDABR   -3122 198 169  32 340 341    8.48   -7.43   20.5   23.4    1.12
  293 GAMMA         22   1 169  32   0   0    0.93   -0.74    2.2    2.5    0.00
  294 OMEGA        223 198 170  32 342 344    7.58   -6.45   19.6   22.0    0.78
  295 PI0          111   1 170  32   0   0    8.60   -6.88   20.9   23.6    0.13
  296 K_L0         130   1 172  32   0   0    2.07    0.34    1.3    2.5    0.50
  297 RHO+         213 198 173  32 345 346    4.28   -0.18    3.4    5.5    0.77
  298 PI-         -211   1 173  32   0   0    0.12    0.03    0.1    0.2    0.14
  299 OMEGA        223 198 175  39 347 349   -0.59   -0.20  -27.4   27.4    0.78
  300 PI+          211   1 175  39   0   0   -0.40   -0.23   -5.0    5.1    0.14
  301 RHO+         213 198 177  32 350 351   11.63    1.21    7.5   13.9    0.77
  302 PI0          111   1 177  32   0   0   14.91    1.86    9.3   17.7    0.13
  303 B-          -521 199 224 180 379 380  -19.55    5.74   40.5   45.7    5.28
  304 GAMMA         22   1 224 180   0   0   -0.05    0.04    0.2    0.2    0.00
  305 K-          -321   1 227 180   0   0   -2.24   -0.23    1.8    2.9    0.49
  306 PI+          211   1 227 180   0   0   -0.45   -0.17    0.1    0.5    0.14
  307 NBAR       -2112   1 233 180   0   0  -28.89    2.04   30.6   42.1    0.94
  308 PI-         -211   1 233 180   0   0   -4.51    0.55    4.9    6.7    0.14
  309 NBAR       -2112   1 235 180   0   0  -26.53    2.62   29.2   39.6    0.94
  310 PI+          211   1 235 180   0   0   -9.40    0.97    9.9   13.7    0.14
  311 K+           321   1 237 180   0   0   -3.20    0.87    4.2    5.4    0.49
  312 PI0          111   1 237 180   0   0   -0.18    0.42    0.3    0.5    0.13
  313 K_S0         310 198 239 180 352 353   -4.50    4.03   12.3   13.7    0.50
  314 K-          -321   1 240 180   0   0   -0.91    0.13    1.6    1.9    0.49
  315 PI+          211   1 240 180   0   0   -0.35    0.50    0.9    1.1    0.14
  316 B_S0         531 196 242 180 317 318  -73.93   78.53  230.3  254.4    5.37
  317 D*_S-       -433 198 316 180 354 355  -31.38   31.05   93.8  103.7    2.11
  318 D*_S+        433 198 316 180 356 357  -42.54   47.48  136.5  150.7    2.11
  319 PI+          211   1 245  11   0   0    0.08   -0.09   39.1   39.1    0.14
  320 PI0          111   1 245  11   0   0   -0.13    0.42   19.0   19.0    0.13
  321 PI-         -211   1 254  20   0   0   -1.51    0.19  -92.2   92.2    0.14
  322 PI0          111   1 254  20   0   0   -2.67    0.80 -124.0  124.0    0.13
  323 K_S0         310 198 256  20 358 359   -1.42    0.39  -67.7   67.7    0.50
  324 K_S0         310 198 257  20 360 361   -4.38    0.13 -172.3  172.3    0.50
  325 PI+          211   1 262  20   0   0    0.00    0.04  -19.1   19.1    0.14
  326 PI-         -211   1 262  20   0   0   -0.12    0.05  -14.7   14.7    0.14
  327 PI0          111   1 262  20   0   0   -0.88    0.58  -69.1   69.1    0.13
  328 PI-         -211   1 266  28   0   0    0.75   -3.30  -18.7   19.0    0.14
  329 PI0          111   1 266  28   0   0    3.93  -14.07  -87.7   88.9    0.13
  330 PI+          211   1 279  39   0   0    0.06   -0.84   -3.5    3.6    0.14
  331 PI-         -211   1 279  39   0   0    0.97   -2.28   -8.6    9.0    0.14
  332 PI0          111   1 279  39   0   0    0.22   -0.48   -1.7    1.8    0.13
  333 PI+          211   1 283  39   0   0    0.02   -0.04   -0.5    0.5    0.14
  334 PI-         -211   1 283  39   0   0   -0.48   -0.10   -3.4    3.5    0.14
  335 GAMMA         22   1 283  39   0   0   -0.02    0.02   -0.7    0.7    0.00
  336 PI+          211   1 289  28   0   0    0.48   -1.34   -7.8    7.9    0.14
  337 PI-         -211   1 289  28   0   0    0.33   -0.75   -3.1    3.2    0.14
  338 P           2212   1 290  32   0   0    4.31   -2.84   10.0   11.3    0.94
  339 PI-         -211   1 290  32   0   0    1.03   -0.62    2.5    2.8    0.14
  340 PBAR       -2212   1 292  32   0   0    7.59   -6.76   18.4   21.1    0.94
  341 PI+          211   1 292  32   0   0    0.89   -0.67    2.0    2.3    0.14
  342 PI+          211   1 294  32   0   0    1.26   -1.37    3.5    4.0    0.14
  343 PI-         -211   1 294  32   0   0    2.57   -1.94    6.5    7.2    0.14
  344 PI0          111   1 294  32   0   0    3.74   -3.14    9.6   10.7    0.13
  345 PI+          211   1 297  32   0   0    2.34   -0.01    2.3    3.3    0.14
  346 PI0          111   1 297  32   0   0    1.95   -0.17    1.1    2.3    0.13
  347 PI+          211   1 299  39   0   0   -0.33   -0.16   -8.4    8.4    0.14
  348 PI-         -211   1 299  39   0   0   -0.30   -0.12  -16.6   16.6    0.14
  349 PI0          111   1 299  39   0   0    0.03    0.09   -2.4    2.4    0.13
  350 PI+          211   1 301  32   0   0    4.17    0.18    3.0    5.1    0.14
  351 PI0          111   1 301  32   0   0    7.46    1.02    4.6    8.8    0.13
  352 PI+          211   1 313 180   0   0   -1.74    1.40    4.2    4.8    0.14
  353 PI-         -211   1 313 180   0   0   -2.76    2.63    8.1    8.9    0.14
  354 D_S-        -431 198 317 180 362 364  -29.57   29.44   88.7   98.0    1.97
  355 GAMMA         22   1 317 180   0   0   -1.81    1.61    5.1    5.6    0.00
  356 D_S+         431 198 318 180 365 366  -37.98   42.31  122.0  134.6    1.97
  357 GAMMA         22   1 318 180   0   0   -4.57    5.17   14.5   16.1    0.00
  358 PI+          211   1 323  20   0   0   -0.09    0.07   -7.3    7.3    0.14
  359 PI-         -211   1 323  20   0   0   -1.33    0.32  -60.4   60.4    0.14
  360 PI0          111   1 324  20   0   0   -3.90    0.05 -154.4  154.4    0.13
  361 PI0          111   1 324  20   0   0   -0.48    0.08  -17.9   17.9    0.13
  362 ETAP         331 198 354 180 367 369  -16.82   16.60   48.8   54.3    0.96
  363 PI-         -211   1 354 180   0   0   -9.24    9.62   29.4   32.3    0.14
  364 PI0          111   1 354 180   0   0   -3.52    3.23   10.4   11.5    0.13
  365 PHI          333 198 356 180 370 371  -17.26   19.13   56.1   61.8    1.02
  366 RHO+         213 198 356 180 372 373  -20.71   23.18   65.9   72.8    0.77
  367 PI0          111   1 362 180   0   0   -7.22    7.13   20.8   23.1    0.13
  368 PI0          111   1 362 180   0   0   -1.73    1.65    5.1    5.6    0.13
  369 ETA          221 198 362 180 374 376   -7.86    7.81   23.0   25.5    0.55
  370 K_L0         130   1 365 180   0   0   -8.75    9.70   28.2   31.1    0.50
  371 K_S0         310 198 365 180 377 378   -8.51    9.43   27.9   30.7    0.50
  372 PI+          211   1 366 180   0   0  -18.61   21.07   59.7   66.0    0.14
  373 PI0          111   1 366 180   0   0   -2.11    2.11    6.1    6.8    0.13
  374 PI+          211   1 369 180   0   0   -1.35    1.35    3.9    4.3    0.14
  375 PI-         -211   1 369 180   0   0   -1.35    1.36    3.8    4.3    0.14
  376 PI0          111   1 369 180   0   0   -5.17    5.10   15.2   16.9    0.13
  377 PI+          211   1 371 180   0   0   -1.63    1.77    5.0    5.5    0.14
  378 PI-         -211   1 371 180   0   0   -6.88    7.66   23.0   25.2    0.14

                           ---HEAVY PARTICLE DECAYS---

 IHEP    ID      IDPDG IST MO1 MO2 DA1 DA2   P-X     P-Y     P-Z  ENERGY    MASS
  379 BQRK           5 155 303 380 381 383  -18.37    5.39   38.1   42.9    4.96
  380 UBAR          -2 125 303 383 384 383   -1.19    0.35    2.5    2.8    0.32
  381 DQRK           1 123 379 382 385 382   -2.41    0.56    6.6    7.0    0.32
  382 UBAR          -2 124 379 381 387 381   -8.13    3.86   18.7   20.8    0.32
  383 CQRK           4 124 379 379 389 379   -7.83    0.98   12.8   15.1    1.55
  384 UBAR          -2 160 380 393 395 393   -1.19    0.35    2.5    2.8    0.32

                              ---PARTON SHOWERS---    

 IHEP    ID      IDPDG IST MO1 MO2 DA1 DA2   P-X     P-Y     P-Z  ENERGY    MASS
  385 DQRK          94 143 381 379 386 386   -2.41    0.56    6.6    7.0    0.32
  386 DQRK           1   2 385 388 391 388   -2.41    0.56    6.6    7.0    0.32
  387 UBAR          94 144 382 379 388 388   -8.13    3.86   18.7   20.8    0.32
  388 UBAR          -2   2 387 391 392 391   -8.13    3.86   18.7   20.8    0.32
  389 CQRK          94 144 383 379 390 390   -7.83    0.98   12.8   15.1    1.55
  390 CQRK           4   2 389 384 393 384   -7.83    0.98   12.8   15.1    1.55

                              ---GLUON SPLITTING---   

 IHEP    ID      IDPDG IST MO1 MO2 DA1 DA2   P-X     P-Y     P-Z  ENERGY    MASS
  391 DQRK           1 158 385 392 394 392   -2.41    0.56    6.6    7.0    0.32
  392 UBAR          -2 158 387 391 394 391   -8.13    3.86   18.7   20.8    0.32
  393 CQRK           4 158 389 384 395 384   -7.83    0.98   12.8   15.1    1.55

                             ---CLUSTER FORMATION---  

 IHEP    ID      IDPDG IST MO1 MO2 DA1 DA2   P-X     P-Y     P-Z  ENERGY    MASS
  394 CLUS          91 183 391 392 396 397  -10.53    4.41   25.3   27.8    1.64
  395 CLUS          91 183 393 384 398 399   -9.02    1.33   15.2   17.9    2.02

                              ---CLUSTER DECAYS---    

 IHEP    ID      IDPDG IST MO1 MO2 DA1 DA2   P-X     P-Y     P-Z  ENERGY    MASS
  396 RHO-        -213 197 394 385 400 401   -4.00    1.30   10.3   11.1    0.77
  397 PI0          111   1 394 385   0   0   -6.53    3.11   15.0   16.7    0.13
  398 D+           411 197 395 389 402 404   -8.48    1.22   14.3   16.7    1.87
  399 PI-         -211   1 395 389   0   0   -0.53    0.11    1.0    1.1    0.14

                           ---STRONG HADRON DECAYS--- 

 IHEP    ID      IDPDG IST MO1 MO2 DA1 DA2   P-X     P-Y     P-Z  ENERGY    MASS
  400 PI-         -211   1 396 385   0   0   -0.39    0.33    1.1    1.2    0.14
  401 PI0          111   1 396 385   0   0   -3.62    0.97    9.1    9.9    0.13
  402 NU_E          12   1 398 389   0   0   -1.72    0.05    3.3    3.7    0.00
  403 E+           -11   1 398 389   0   0   -0.42   -0.22    0.7    0.8    0.00
  404 K*BAR0      -313 198 398 389 405 406   -6.35    1.39   10.3   12.2    0.90
  405 K-          -321   1 404 389   0   0   -2.49    0.64    3.8    4.6    0.49
  406 PI+          211   1 404 389   0   0   -3.86    0.75    6.5    7.6    0.14

 HWWARN CALLED FROM SUBPROGRAM HWDFIV: CODE = 101
 EVENT     861:   SEEDS =  817437451 & 1833953751  WEIGHT = 0.5959E-03
 EVENT KILLED.   EXECUTION CONTINUES

 HWWARN CALLED FROM SUBPROGRAM HWDFIV: CODE = 101
 EVENT    1830:   SEEDS =  531068298 &  965846561  WEIGHT = 0.5959E-03
 EVENT KILLED.   EXECUTION CONTINUES

 HWWARN CALLED FROM SUBPROGRAM HWDFIV: CODE = 101
 EVENT    4784:   SEEDS = 1495816534 & 1355750947  WEIGHT = 0.5959E-03
 EVENT KILLED.   EXECUTION CONTINUES

 HWWARN CALLED FROM SUBPROGRAM HWDFOR: CODE = 101
 EVENT    5610:   SEEDS =  824276813 & 2049905195  WEIGHT =-0.5959E-03
 EVENT KILLED.   EXECUTION CONTINUES

 HWWARN CALLED FROM SUBPROGRAM HWDFIV: CODE = 101
 EVENT    6408:   SEEDS = 1447134405 & 1199576722  WEIGHT =-0.5959E-03
 EVENT KILLED.   EXECUTION CONTINUES

 HWWARN CALLED FROM SUBPROGRAM HWDFIV: CODE = 101
 EVENT    7574:   SEEDS = 1763765704 & 1297862300  WEIGHT =-0.5959E-03
 EVENT KILLED.   EXECUTION CONTINUES

 HWWARN CALLED FROM SUBPROGRAM HWBTIM: CODE = 101
 EVENT    9275:   SEEDS =  306352755 &  591680478  WEIGHT = 0.5959E-03
 EVENT KILLED.   EXECUTION CONTINUES

          OUTPUT ON LES HOUCHES EVENTS


      PROC CODE  XSECT(pb)        XERR(pb)      Max wgt(nb) No. of events


          OUTPUT ON ELEMENTARY PROCESS

          N.B. NEGATIVE WEIGHTS ALLOWED

          NUMBER OF EVENTS   =        9993
          NEGATIVE  EVENTS   =        2549
          NUMBER OF WEIGHTS  =       10000
          NEGATIVE  WEIGHTS  =        2552
          MEAN VALUE OF WGT  =  2.9175E-04
          RMS SPREAD IN WGT  =  5.1959E-04
          MEAN ABS WEIGHT    =  5.9590E-04
          ACTUAL MAX ABS WGT =  1.0000E+00
          ASSUMED MAXABS WGT =  2.9175E-04

          PROCESS CODE IPROC =      -18000
          CROSS SECTION (PB) =  0.2918    
          ERROR IN C-S  (PB) =  5.1959E-03
          EFFICIENCY PERCENT =   100.0    
 # of events processed=        9993
