 Enter filename for events
 Enter maximum number of events to generate
 MUST coincide with the number of events on tape
 Enter 0 to use Herwig default PDFs
       1 to use PDFs from library
 Enter colliding particles (PART1, PART2)
 Enter beam momenta (PBEAM1, PBEAM2)


          HERWIG 6.521  11th Mar. 2013

          Please reference:  G. Marchesini, B.R. Webber,
          G.Abbiendi, I.G.Knowles, M.H.Seymour & L.Stanco
          Computer Physics Communications 67 (1992) 465
                             and
          G.Corcella, I.G.Knowles, G.Marchesini, S.Moretti,
          K.Odagiri, P.Richardson, M.H.Seymour & B.R.Webber,
          JHEP 0101 (2001) 010
 Enter .TRUE. for underlying event, .FALSE. otherwise

 Underlying event WILL NOT be generated

 Enter Lambda_QCD, <0 for Herwig default
 Enter Z mass, width
 Enter W mass, width
 Enter top mass, width
 Enter Higgs (SM) boson mass, width
 Enter quark (d,u,s,c,b) and gluon masses
 Enter lepton (e,mu,tau) masses
 Enter number of events to print
 Enter accepted error fraction
 Is it single-top (.TRUE. or .FALSE)?
 Is it b-bbar (.TRUE. or .FALSE)?
 Enter the two random seeds (0 0 for default)

          INPUT CONDITIONS FOR THIS RUN

          BEAM 1 (P       ) MOM. =   6500.00
          BEAM 2 (P       ) MOM. =   6500.00
          PROCESS CODE (IPROC)   =  -18000
          NUMBER OF FLAVOURS     =    6
          STRUCTURE FUNCTION SET =    8
          AZIM SPIN CORRELATIONS =    T
          AZIM SOFT CORRELATIONS =    T
          QCD LAMBDA (GEV)       =    0.1800
          DOWN     QUARK  MASS   =    0.3200
          UP       QUARK  MASS   =    0.3200
          STRANGE  QUARK  MASS   =    0.5000
          CHARMED  QUARK  MASS   =    1.5500
          BOTTOM   QUARK  MASS   =    4.9500
          TOP      QUARK  MASS   =  173.0000
          GLUON EFFECTIVE MASS   =    0.7500
          EXTRA SHOWER CUTOFF (Q)=    0.4800
          EXTRA SHOWER CUTOFF (G)=    0.1000
          PHOTON SHOWER CUTOFF   =    0.4000
          CLUSTER MASS PARAMETER =    3.3500
          SPACELIKE EVOLN CUTOFF =    2.5000
          INTRINSIC P-TRAN (RMS) =    0.0000
          DECAY SPIN CORRELATIONS=    T
          SUSY THREE BODY ME     =    T
          SUSY FOUR  BODY ME     =    F

          NO EVENTS WILL BE WRITTEN TO DISK

          B_d: Delt-M/Gam =0.7000 Delt-Gam/2*Gam =0.0000
          B_s: Delt-M/Gam = 10.00 Delt-Gam/2*Gam =0.2000

          PDFLIB NOT USED FOR BEAM 1
          PDFLIB NOT USED FOR BEAM 2


          Checking consistency of particle properties


          Checking consistency of decay tables


          WRITING SUDAKOV TABLE ON UNIT  77

          WRITING MATRIX ELEMENT TABLE ON UNIT  88

          CHECKING SUSY DECAY MATRIX ELEMENTS
 Do you want a stable Pi0 (.TRUE. or .FALSE)?
 Do you want a stable W+ (.TRUE. or .FALSE)?
 Do you want a stable W- (.TRUE. or .FALSE)?
 Do you want a stable Z0 (.TRUE. or .FALSE)?
 Do you want a stable Tau+ (.TRUE. or .FALSE)?
 Do you want a stable Tau- (.TRUE. or .FALSE)?
 Do you want a stable Mu+ (.TRUE. or .FALSE)?
 Do you want a stable Mu- (.TRUE. or .FALSE)?
 Do you want a stable Higgs (.TRUE. or .FALSE)?

          PARTICLE TYPE  21=PI0      SET STABLE
 How many decay modes do you want to set?
 How are the events normalized ("average" or "sum")?
 stdhep initialized

          SUBROUTINE TIMEL CALLED BUT NOT LINKED.
          DUMMY TIMEL WILL BE USED. DELETE DUMMY
          AND LINK CERNLIB FOR CPU TIME REMAINING.

 HWWARN CALLED FROM SUBPROGRAM HWSMRS: CODE =   5
 EVENT       1:   SEEDS = 1973774260 & 1099242306  WEIGHT =-0.5982E-03
 EVENT SURVIVES. EXECUTION CONTINUES
 WARNING: MRST98 CALLED WITH Q OUTSIDE ALLOWED RANGE!
 Q VALUE=1.430E+04, MINIMUM=1.118E+00, MAXIMUM=3.162E+03
 NO FURTHER WARNINGS WILL BE ISSUED



 EVENT       1: 6500.00 GEV/C P        ON  6500.00 GEV/C P        PROCESS:-18000
 SEEDS:  1973774260 &  1099242306   STATUS:  100 ERROR:   0  WEIGHT: -5.9819E-04


                               ---INITIAL STATE---    

 IHEP    ID      IDPDG IST MO1 MO2 DA1 DA2   P-X     P-Y     P-Z  ENERGY    MASS
    1 P           2212 101   0   0   0   0    0.00    0.00 6500.0 6500.0    0.94
    2 P           2212 102   0   0   0   0    0.00    0.00-6500.0 6500.0    0.94
    3 CMF            0 103   1   2   0   0    0.00    0.00    0.013000.013000.00

                              ---HARD SUBPROCESS---   

 IHEP    ID      IDPDG IST MO1 MO2 DA1 DA2   P-X     P-Y     P-Z  ENERGY    MASS
    4 UQRK           2 121   6   8  10   9    0.00    0.00  972.9  972.9    0.32
    5 DQRK           1 122   6   9  15   8    0.00    0.00 -281.0  281.0    0.32
    6 HARD           0 120   4   5   7   9   -8.58  -18.72  692.0 1254.1 1045.73
    7 HIGGS         25 123   6   7  27   7  283.05  -77.19  -38.3  321.2  125.00
    8 UQRK           2 124   6   5  28   4   70.49  -24.39  -36.0   82.8    0.32
    9 DQRK           1 124   6   4  32   5 -353.54  101.58  766.1  849.9    0.32

                              ---PARTON SHOWERS---    

 IHEP    ID      IDPDG IST MO1 MO2 DA1 DA2   P-X     P-Y     P-Z  ENERGY    MASS
   10 UQRK          94 141   4   6  12  14    6.45   -4.62  977.2  977.2  -14.77
   11 CONE           0 100   4   9   0   0   -0.96    0.28    1.6    1.9    0.00
   12 GLUON         21   2  10  13  37  38   -5.28    3.21  303.1  303.1    0.75
   13 GLUON         21   2  10  14  39  40   -1.17    1.41  125.7  125.7    0.75
   14 UD          2101   2  10  30  41  40    0.00    0.00 5094.0 5094.0    0.32
   15 DQRK          94 142   5   6  17  26  -15.04  -14.11 -285.2  277.0  -71.25
   16 CONE           0 100   5   8   0   0    0.95   -0.33   -0.9    1.4    0.00
   17 GLUON         21   2  15  18  42  43    1.11    0.76   -3.7    4.0    0.75
   18 GLUON         21   2  15  19  44  45    0.94   -0.51  -11.4   11.5    0.75
   19 UU          2203   2  15  20  46  45    0.00    0.00-4270.8 4270.8    0.26
   20 DQRK           1   2  15  21  47  46    2.81    1.53-1810.4 1810.5    0.32
   21 GLUON         21   2  15  22  48  49    3.33   -0.68  -29.2   29.4    0.75
   22 GLUON         21   2  15  23  50  51   -1.58   -1.21  -10.7   10.9    0.75
   23 UBAR          -2   2  15  24  52  51    2.26   -0.56   -8.1    8.5    0.32
   24 UQRK           2   2  15  25  53  52    1.54    0.24   -2.8    3.3    0.32
   25 GLUON         21   2  15  26  54  55    0.66   -7.94  -18.9   20.5    0.75
   26 DBAR          -1   2  15  34  56  55    3.96   22.49  -48.6   53.7    0.32
   27 HIGGS         25 195   7   6 247 248  274.50  -80.15  -36.8  314.2  125.00
   28 UQRK          94 144   8   6  30  31   68.16  -25.45  -20.1  108.1   77.41
   29 CONE           0 100   8   5   0   0   -0.32    0.12   -0.9    1.0    0.00
   30 UQRK           2   2  28  31  57  41   50.26   -2.66  -46.8   68.7    0.32
   31 GLUON         21   2  28  42  58  59   17.89  -22.79   26.7   39.4    0.75
   32 DQRK          94 144   9   6  34  36 -351.24   86.87  748.9  831.8    5.08
   33 CONE           0 100   9   4   0   0    0.33   -0.08    1.6    1.6    0.00
   34 DQRK           1   2  32  35  60  56 -128.09   31.20  275.3  305.2    0.32
   35 GLUON         21   2  32  36  61  62 -136.36   32.56  290.2  322.3    0.75
   36 GLUON         21   2  32  37  63  64  -86.78   23.11  183.4  204.3    0.75

                              ---GLUON SPLITTING---   

 IHEP    ID      IDPDG IST MO1 MO2 DA1 DA2   P-X     P-Y     P-Z  ENERGY    MASS
   37 DBAR          -1 158  10  38 148  92   -2.13    1.43  131.3  131.4    0.32
   38 DQRK           1 158  10  39 121  37   -2.75    1.51  146.8  146.8    0.32
   39 DBAR          -1 158  10  40 121  38   -0.29    0.46   33.7   33.7    0.32
   40 DQRK           1 158  10  69 122  39   -0.80    0.86   85.2   85.2    0.32
   41 UD          2101 161  10  57 135  66   -0.01    0.01 2176.3 2176.3    0.64
   42 UBAR          -2 158  15  43 145  86    0.36    0.33   -1.5    1.6    0.32
   43 UQRK           2 158  15  44 123  42    0.54    0.23   -1.3    1.4    0.32
   44 UBAR          -2 158  15  45 123  43    0.75   -0.27   -7.2    7.3    0.32
   45 UQRK           2 158  15  73 124  44    0.13   -0.17   -4.5    4.5    0.32
   46 UU          2203 162  15  47 136  68    0.00   -0.00-1432.2 1432.2    0.64
   47 DQRK           1 158  15  75 125  46    1.64    0.89-1057.3 1057.3    0.32
   48 UBAR          -2 158  15  49 159 114    1.12   -0.34   -9.9   10.0    0.32
   49 UQRK           2 158  15  50 126  48    1.56   -0.14  -14.2   14.3    0.32
   50 UBAR          -2 158  15  51 126  49   -0.72   -0.33   -4.1    4.2    0.32
   51 UQRK           2 158  15  52 127  50   -0.86   -0.88   -6.6    6.7    0.32
   52 UBAR          -2 158  15  53 127  51    2.26   -0.56   -8.1    8.5    0.32
   53 UQRK           2 158  15  54 128  52    1.54    0.24   -2.8    3.3    0.32
   54 DBAR          -1 158  15  55 128  53    0.32   -2.52   -5.8    6.4    0.32
   55 DQRK           1 158  15  79 129  54    0.24   -3.82   -9.2   10.0    0.32
   56 DBAR          -1 158  15  60 141  78    3.78   21.43  -46.3   51.2    0.32
   57 UQRK           2 158  28  83 130  41   22.63   -1.20  -21.1   30.9    0.32
   58 UBAR          -2 158  28  59 161 118    8.52  -10.78   12.7   18.7    0.32
   59 UQRK           2 158  28  89 131  58    3.18   -4.12    4.7    7.0    0.32
   60 DQRK           1 158  32  61 132  56 -128.09   31.20  275.3  305.2    0.32
   61 DBAR          -1 158  32  62 132  60  -34.01    8.08   72.3   80.3    0.32
   62 DQRK           1 158  32  63 133  61 -102.35   24.49  217.9  242.0    0.32
   63 UBAR          -2 158  32  64 133  62  -34.41    9.07   72.3   80.6    0.32
   64 UQRK           2 158  32  95 134  63  -11.41    3.06   24.2   27.0    0.32
   65 UBAR          -2 159  10  66 137  70   -0.00    0.00 2181.2 2181.2    0.32
   66 UQRK           2 159  10  41 135  65   -0.02    0.02  230.5  230.5    0.32
   67 UBAR          -2 159  15  68 138  72    0.00   -0.00-1752.4 1752.4    0.32
   68 UQRK           2 159  15  46 136  67    0.01   -0.01  -61.1   61.1    0.32
   69 UBAR          -2 159  10  70 122  40   -0.01    0.01  356.1  356.1    0.32
   70 UQRK           2 159  10  65 137  69   -0.03    0.03  156.8  156.8    0.32
   71 DBAR          -1 159  15  72 139  74    0.00   -0.00 -692.3  692.3    0.32
   72 DQRK           1 159  15  67 138  71    0.01   -0.01  -75.2   75.2    0.32
   73 UBAR          -2 159  15  74 124  45    0.00   -0.00 -246.9  246.9    0.32
   74 UQRK           2 159  15  71 139  73    0.04   -0.05  -10.4   10.4    0.32
   75 SBAR          -3 159  15  76 125  47    0.11    0.02  -43.4   43.4    0.50
   76 SQRK           3 159  15  97 140  75    0.50    0.27 -320.4  320.4    0.50
   77 UBAR          -2 159  15  78 142  80    0.10    0.51   -1.3    1.4    0.32
   78 UQRK           2 159  15  56 141  77    0.07    0.30   -1.0    1.1    0.32
   79 DBAR          -1 159  15  80 129  55    0.03   -0.11   -0.8    0.9    0.32
   80 DQRK           1 159  15  77 142  79    0.08   -1.24   -3.1    3.3    0.32
   81 SBAR          -3 159  28  82 155 106    0.52   -0.13   -0.3    0.8    0.50
   82 SQRK           3 159  28 103 143  81    1.69   -0.12   -1.5    2.3    0.50
   83 SBAR          -3 159  28  84 130  57    2.37   -0.14   -2.2    3.3    0.50
   84 SQRK           3 159  28 105 144  83   15.39   -0.82  -14.3   21.0    0.50
   85 SBAR          -3 159  15  86 146  88    0.18   -0.09   -0.1    0.5    0.50
   86 SQRK           3 159  28  42 145  85    0.93   -1.19    1.3    2.1    0.50
   87 DBAR          -1 159  15  88 147  90    0.11   -0.00   -0.2    0.4    0.32
   88 DQRK           1 159  28  85 146  87    0.21   -0.24    0.2    0.5    0.32
   89 SBAR          -3 159  15  90 131  59    0.20   -0.14   -0.0    0.6    0.50
   90 SQRK           3 159  28  87 147  89    0.65   -0.82    0.9    1.5    0.50
   91 DBAR          -1 159  10  92 162 120   -0.13    0.07    5.4    5.4    0.32
   92 DQRK           1 159  32  37 148  91   -0.18    0.11    9.8    9.8    0.32
   93 SBAR          -3 159  10  94 150  96   -0.28    0.09    2.8    2.9    0.50
   94 SQRK           3 159  32 111 149  93  -14.73    3.95   31.3   34.8    0.50
   95 SBAR          -3 159  10  96 134  64  -11.24    3.01   23.9   26.6    0.50
   96 SQRK           3 159  32  93 150  95   -5.45    1.46   11.7   13.0    0.50
   97 DBAR          -1 159  15  98 140  76    0.07    0.01  -22.0   22.0    0.32
   98 DQRK           1 159  15 115 151  97    0.36    0.19 -227.7  227.7    0.32
   99 DBAR          -1 159  28 100 153 102    0.62   -0.75    0.9    1.3    0.32
  100 DQRK           1 159  28 117 152  99    0.33   -0.08   -0.2    0.5    0.32
  101 DBAR          -1 159  28 102 154 104    1.07   -1.34    1.6    2.3    0.32
  102 DQRK           1 159  28  99 153 101    0.36   -0.08   -0.2    0.5    0.32
  103 UBAR          -2 159  28 104 143  82    0.54   -0.65    0.7    1.2    0.32
  104 UQRK           2 159  28 101 154 103    0.90   -0.07   -0.8    1.2    0.32
  105 DBAR          -1 159  28 106 144  84    0.52   -0.07   -0.4    0.7    0.32
  106 DQRK           1 159  28  81 155 105    5.58   -0.30   -5.2    7.6    0.32
  107 UBAR          -2 159  10 108 157 110   -0.18    0.06    1.8    1.9    0.32
  108 UQRK           2 159  32 119 156 107   -2.81    0.75    6.0    6.7    0.32
  109 UBAR          -2 159  10 110 158 112   -0.24    0.07    1.5    1.6    0.32
  110 UQRK           2 159  32 107 157 109   -2.19    0.59    4.8    5.3    0.32
  111 DBAR          -1 159  10 112 149  94   -0.32    0.09    1.4    1.5    0.32
  112 DQRK           1 159  32 109 158 111   -3.16    0.85    6.8    7.5    0.32
  113 DBAR          -1 159  15 114 160 116    0.45   -0.14   -5.5    5.5    0.32
  114 DQRK           1 159  15  48 159 113    0.09   -0.02  -10.8   10.8    0.32
  115 UBAR          -2 159  15 116 151  98    0.15    0.07  -88.7   88.7    0.32
  116 UQRK           2 159  15 113 160 115    0.08    0.03  -39.8   39.8    0.32
  117 SBAR          -3 159  28 118 152 100    1.44   -1.79    2.1    3.2    0.50
  118 SQRK           3 159  28  58 161 117    0.40   -0.34    0.3    0.8    0.50
  119 UBAR          -2 159  10 120 156 108   -0.12    0.05    3.3    3.3    0.32
  120 UQRK           2 159  32  91 162 119   -0.35    0.10    1.4    1.5    0.32

                             ---CLUSTER FORMATION---  

 IHEP    ID      IDPDG IST MO1 MO2 DA1 DA2   P-X     P-Y     P-Z  ENERGY    MASS
  121 CLUS          91 183  38  39 163 164   -3.04    1.98  180.4  180.5    1.11
  122 CLUS          91 183  40  69 165 166   -0.82    0.88  441.3  441.3    2.53
  123 CLUS          91 183  43  44 167 168    1.29   -0.03   -8.5    8.7    1.44
  124 CLUS          91 183  45  73 169 170    0.13   -0.17 -251.4  251.4    2.88
  125 CLUS          91 183  47  75 171 172    1.76    0.91-1100.7 1100.7    2.55
  126 CLUS          91 183  49  50 173 174    0.84   -0.48  -18.3   18.5    2.37
  127 CLUS          91 183  51  52 175 176    1.40   -1.44  -14.7   15.2    3.10
  128 CLUS          91 183  53  54 177 178    1.87   -2.28   -8.7    9.6    2.96
  129 CLUS          91 183  55  79 179 180    0.27   -3.93  -10.0   10.8    1.40
  130 CLUS          91 183  57  83 181 182   25.00   -1.34  -23.2   34.2    1.66
  131 CLUS          91 183  59  89 183 184    3.38   -4.25    4.7    7.6    2.43
  132 CLUS          91 183  60  61 185 186 -162.10   39.28  347.6  385.5    1.06
  133 CLUS          91 183  62  63 187 188 -136.76   33.55  290.3  322.6    1.88
  134 CLUS          91 183  64  95 189 190  -22.64    6.07   48.1   53.5    0.84
  135 CLUS          91 184  66  41 191 192   -0.03    0.03 2406.8 2406.8    1.24
  136 CLUS          91 185  68  46 193 194    0.01   -0.01-1493.3 1493.3    1.71
  137 CLUS          91 183  70  65 195 196   -0.03    0.03 2337.9 2337.9    1.29
  138 CLUS          91 183  72  67 197 198    0.01   -0.01-1827.6 1827.6    1.61
  139 CLUS          91 183  74  71 199 200    0.04   -0.05 -702.7  702.7    2.71
  140 CLUS          91 183  76  97 201 202    0.57    0.28 -342.4  342.4    1.37
  141 CLUS          91 183  78  56 203 204    3.85   21.73  -47.3   52.3    2.48
  142 CLUS          91 183  80  77 205 206    0.18   -0.73   -4.4    4.8    1.74
  143 CLUS          91 183  82 103 207 208    2.23   -0.77   -0.8    3.5    2.46
  144 CLUS          91 183  84 105 209 210   15.91   -0.88  -14.7   21.8    1.89
  145 CLUS          91 183  86  42 211 212    1.30   -0.86   -0.2    3.7    3.37
  146 CLUS          91 183  88  85 213 214    0.39   -0.33    0.1    1.1    0.91
  147 CLUS          91 183  90  87 215 216    0.76   -0.82    0.7    1.9    1.31
  148 CLUS          91 183  92  37 217 218   -2.31    1.54  141.2  141.2    1.26
  149 CLUS          91 183  94 111 219 220  -15.05    4.04   32.7   36.3    2.30
  150 CLUS          91 183  96  93 221 222   -5.73    1.55   14.5   15.9    2.47
  151 CLUS          91 183  98 115 223 224    0.50    0.26 -316.5  316.5    0.71
  152 CLUS          91 183 100 117 225 226    1.78   -1.88    1.9    3.7    1.73
  153 CLUS          91 183 102  99 227 228    0.98   -0.83    0.6    1.9    1.21
  154 CLUS          91 183 104 101 229 230    1.97   -1.41    0.8    3.6    2.54
  155 CLUS          91 183 106  81 231 232    6.11   -0.43   -5.5    8.4    1.88
  156 CLUS          91 183 108 119 233 234   -2.93    0.81    9.3   10.0    2.02
  157 CLUS          91 183 110 107 235 236   -2.37    0.65    6.6    7.1    1.29
  158 CLUS          91 183 112 109 237 238   -3.40    0.92    8.3    9.1    1.29
  159 CLUS          91 183 114  48 239 240    1.21   -0.36  -20.7   20.8    1.29
  160 CLUS          91 183 116 113 241 242    0.53   -0.11  -45.2   45.3    1.59
  161 CLUS          91 183 118  58 243 244    8.93  -11.11   13.0   19.5    2.92
  162 CLUS          91 183 120  91 245 246   -0.48    0.17    6.8    6.9    1.00

                              ---CLUSTER DECAYS---    

 IHEP    ID      IDPDG IST MO1 MO2 DA1 DA2   P-X     P-Y     P-Z  ENERGY    MASS
  163 PI-         -211   1 121  10   0   0   -2.71    1.56  165.6  165.6    0.14
  164 PI+          211   1 121  10   0   0   -0.33    0.42   14.9   14.9    0.14
  165 SIGMA0      3212 197 122  10 331 332   -0.38    0.22  149.1  149.1    1.19
  166 SIGMABR-   -3222 197 122  10 333 334   -0.43    0.66  292.2  292.2    1.19
  167 PI0          111   1 123  15   0   0    0.53   -0.27   -1.3    1.5    0.13
  168 RHO0         113 197 123  15 335 336    0.76    0.24   -7.2    7.2    0.77
  169 XI0         3322 197 124  15 337 338   -0.08   -0.21 -122.7  122.7    1.31
  170 XI*BAR     -3324 197 124  15 339 340    0.21    0.04 -128.7  128.7    1.53
  171 DELTA-      1114 197 125  15 341 342    1.14    0.61 -724.7  724.7    1.23
  172 SIGMABR+   -3112 197 125  15 343 344    0.61    0.31 -376.1  376.1    1.20
  173 PI+          211   1 126  15   0   0   -0.11   -0.84   -7.8    7.8    0.14
  174 A_2-        -215 197 126  15 345 346    0.95    0.36  -10.6   10.7    1.32
  175 SIGMA*0     3214 197 127  15 347 348   -0.19   -0.87   -7.4    7.6    1.38
  176 LAMBDABR   -3122 197 127  15 349 350    1.59   -0.57   -7.3    7.6    1.12
  177 DELTA++     2224 197 128  15 351 352    1.42   -0.27   -3.6    4.1    1.23
  178 PBAR       -2212   1 128  15   0   0    0.44   -2.01   -5.0    5.5    0.94
  179 A_1-      -20213 197 129  15 353 354    0.15   -3.46   -8.8    9.6    1.23
  180 PI+          211   1 129  15   0   0    0.12   -0.47   -1.1    1.3    0.14
  181 PI+          211   1 130  28   0   0   17.65   -0.94  -16.4   24.1    0.14
  182 K*0          313 197 130  28 355 356    7.34   -0.41   -6.8   10.1    0.90
  183 K*+          323 197 131  28 357 358    1.34   -2.51    3.1    4.3    0.89
  184 PHI          333 197 131  28 359 360    2.04   -1.75    1.6    3.3    1.02
  185 PI-         -211   1 132  32   0   0 -137.94   33.62  296.5  328.8    0.14
  186 PI+          211   1 132  32   0   0  -24.17    5.66   51.0   56.8    0.14
  187 PI0          111   1 133  32   0   0  -38.90    9.24   82.4   91.5    0.13
  188 A_0(H)-   -10211 197 133  32 361 362  -97.86   24.32  207.9  231.1    1.47
  189 PI0          111   1 134  32   0   0   -6.31    1.94   13.4   15.0    0.13
  190 K+           321   1 134  32   0   0  -16.34    4.13   34.7   38.6    0.49
  191 PI+          211   1 135  10   0   0   -0.04    0.23  415.1  415.1    0.14
  192 N           2112   1 135  10   0   0    0.01   -0.20 1991.7 1991.7    0.94
  193 PI+          211   1 136  15   0   0   -0.33    0.18 -473.4  473.4    0.14
  194 DELTA+      2214 197 136  15 363 364    0.33   -0.19-1020.0 1020.0    1.23
  195 PI+          211   1 137  10   0   0   -0.09    0.33  365.2  365.2    0.14
  196 RHO-        -213 197 137  10 365 366    0.06   -0.29 1972.8 1972.8    0.77
  197 K0           311 197 138  15 367 367   -0.20    0.25-1531.7 1531.7    0.50
  198 K-          -321   1 138  15   0   0    0.20   -0.26 -295.8  295.8    0.49
  199 DELTA++     2224 197 139  15 368 369    0.06   -0.09 -497.2  497.2    1.23
  200 DELTABR-   -2214 197 139  15 370 371   -0.01    0.03 -205.5  205.5    1.23
  201 KBAR0       -311 197 140  15 372 372   -0.00    0.13 -149.4  149.4    0.50
  202 RHO0         113 197 140  15 373 374    0.58    0.15 -193.0  193.0    0.77
  203 K+           321   1 141  15   0   0    0.35    1.94   -4.3    4.8    0.49
  204 KDL_2BR0  -10315 197 141  15 375 376    3.50   19.79  -43.0   47.5    1.77
  205 PI0          111   1 142  15   0   0   -0.11   -0.05   -0.1    0.2    0.13
  206 A_2-        -215 197 142  15 377 378    0.29   -0.68   -4.3    4.6    1.32
  207 SIGMA-      3112 197 143  28 379 380    0.62   -0.00   -0.0    1.3    1.20
  208 NBAR       -2112   1 143  28   0   0    1.62   -0.76   -0.7    2.2    0.94
  209 ETAP         331 197 144  28 381 383    8.01   -0.26   -7.4   11.0    0.96
  210 K*BAR0      -313 197 144  28 384 385    7.90   -0.63   -7.3   10.8    0.90
  211 SIGMA*-     3114 197 145  28 386 387    1.11   -0.23    0.8    2.0    1.39
  212 DELTABR0   -2114 197 145  28 388 389    0.18   -0.63   -1.0    1.7    1.23
  213 PI0          111   1 146  28   0   0    0.38   -0.35    0.1    0.6    0.13
  214 K0           311 197 146  28 390 390    0.02    0.02   -0.0    0.5    0.50
  215 K*-         -323 197 147  28 391 392    0.71   -0.30    0.5    1.3    0.89
  216 PI+          211   1 147  28   0   0    0.06   -0.53    0.2    0.6    0.14
  217 PI0          111   1 148  32   0   0    0.01    0.46   18.5   18.5    0.13
  218 PI0          111   1 148  32   0   0   -2.32    1.08  122.7  122.7    0.13
  219 PHI          333 197 149  32 393 394   -5.30    1.49   10.5   11.9    1.02
  220 K*BAR0      -313 197 149  32 395 396   -9.75    2.55   22.2   24.4    0.90
  221 SIGMA0      3212 197 150  32 397 398   -2.85    0.46    7.2    7.9    1.19
  222 SIGMABR0   -3212 197 150  32 399 400   -2.88    1.10    7.3    8.0    1.19
  223 PI-         -211   1 151  15   0   0    0.63    0.08 -221.7  221.7    0.14
  224 PI0          111   1 151  15   0   0   -0.13    0.18  -94.7   94.7    0.13
  225 OMEGA        223 197 152  28 401 402    1.06   -1.00    0.9    1.9    0.78
  226 K*0          313 197 152  28 403 404    0.72   -0.88    1.0    1.8    0.90
  227 PI-         -211   1 153  28   0   0    0.32   -0.00   -0.1    0.4    0.14
  228 RHO+         213 197 153  28 405 406    0.66   -0.82    0.7    1.5    0.77
  229 N           2112   1 154  28   0   0    0.32   -0.55    0.7    1.4    0.94
  230 DELTABR+   -1114 197 154  28 407 408    1.65   -0.86    0.0    2.2    1.23
  231 RHO-        -213 197 155  28 409 410    1.84    0.19   -2.3    3.0    0.77
  232 K+           321   1 155  28   0   0    4.27   -0.62   -3.2    5.4    0.49
  233 RHO0         113 197 156  32 411 412   -1.45    1.03    5.5    5.9    0.77
  234 OMEGA        223 197 156  32 413 415   -1.48   -0.22    3.8    4.1    0.78
  235 RHO+         213 197 157  32 416 417   -2.20    0.55    5.0    5.5    0.77
  236 PI-         -211   1 157  32   0   0   -0.18    0.10    1.6    1.6    0.14
  237 K0           311 197 158  32 418 418   -0.86   -0.03    2.3    2.5    0.50
  238 K-          -321   1 158  32   0   0   -2.53    0.95    6.0    6.6    0.49
  239 OMEGA        223 197 159  15 419 421    1.15   -0.60  -18.1   18.1    0.78
  240 PI-         -211   1 159  15   0   0    0.06    0.24   -2.6    2.6    0.14
  241 PI+          211   1 160  15   0   0    0.13    0.72  -18.6   18.6    0.14
  242 PI0          111   1 160  15   0   0    0.41   -0.83  -26.6   26.6    0.13
  243 SIGMA*+     3224 197 161  28 422 423    5.99   -7.66    9.4   13.6    1.38
  244 DLTABR--   -2224 197 161  28 424 425    2.93   -3.45    3.6    5.9    1.23
  245 PI0          111   1 162  32   0   0    0.05   -0.05    1.3    1.3    0.13
  246 RHO+         213 197 162  32 426 427   -0.52    0.22    5.5    5.6    0.77

                            ---H/W/Z BOSON DECAYS---  

 IHEP    ID      IDPDG IST MO1 MO2 DA1 DA2   P-X     P-Y     P-Z  ENERGY    MASS
  247 BQRK           5 123  27 248 249 248   35.27   16.81   27.7   48.1    4.95
  248 BBAR          -5 124  27 247 257 247  239.23  -96.96  -64.5  266.1    4.95

                              ---PARTON SHOWERS---    

 IHEP    ID      IDPDG IST MO1 MO2 DA1 DA2   P-X     P-Y     P-Z  ENERGY    MASS
  249 BQRK          94 143 247  27 251 256   50.91   10.23   23.2   65.5   32.44
  250 CONE           0 100 247 248   0   0    0.12   -0.69   -0.8    1.1    0.00
  251 BQRK           5   2 249 252 261 260   14.88   -8.88    4.4   18.6    4.95
  252 GLUON         21   2 249 253 262 263    2.95    3.77    2.1    5.3    0.75
  253 GLUON         21   2 249 254 264 265    5.98    6.64    2.3    9.3    0.75
  254 GLUON         21   2 249 255 266 267    3.18    1.81    1.1    3.9    0.75
  255 GLUON         21   2 249 256 268 269   10.42    4.08    4.4   12.1    0.75
  256 GLUON         21   2 249 259 270 271   13.50    2.81    8.9   16.4    0.75
  257 BBAR          94 144 248  27 259 260  223.59  -90.38  -60.0  248.8   11.54
  258 CONE           0 100 248 247   0   0    1.53    0.09    0.4    1.6    0.00
  259 GLUON         21   2 257 260 272 273  107.20  -42.26  -24.0  117.7    0.75
  260 BBAR          -5   2 257 261 274 273  116.39  -48.12  -36.0  131.1    4.95

                              ---GLUON SPLITTING---   

 IHEP    ID      IDPDG IST MO1 MO2 DA1 DA2   P-X     P-Y     P-Z  ENERGY    MASS
  261 BQRK           5 158 249 277 289 274   11.78   -6.61    3.6   14.8    4.95
  262 UBAR          -2 158 249 263 296 276    0.58    0.75    0.4    1.1    0.32
  263 UQRK           2 158 249 264 290 262    1.28    1.37    0.8    2.0    0.32
  264 DBAR          -1 158 249 265 290 263    2.13    2.62    0.8    3.5    0.32
  265 DQRK           1 158 249 266 291 264    3.85    4.02    1.4    5.8    0.32
  266 UBAR          -2 158 249 267 291 265    1.92    1.23    0.5    2.4    0.32
  267 UQRK           2 158 249 268 292 266    1.25    0.58    0.5    1.5    0.32
  268 UBAR          -2 158 249 269 292 267    5.57    1.99    2.4    6.4    0.32
  269 UQRK           2 158 249 270 293 268    4.84    2.09    2.0    5.7    0.32
  270 UBAR          -2 158 249 271 293 269    9.14    2.01    6.2   11.2    0.32
  271 UQRK           2 158 249 279 294 270    2.13    0.37    1.3    2.5    0.32
  272 UBAR          -2 158 257 273 300 284   35.32  -14.05   -7.8   38.8    0.32
  273 UQRK           2 158 257 281 295 272   24.67   -9.67   -5.6   27.1    0.32
  274 BBAR          -5 158 257 261 302 288  109.26  -45.05  -33.3  122.9    4.95
  275 DBAR          -1 159 249 276 297 278    0.85    1.19    0.7    1.6    0.32
  276 DQRK           1 159 249 262 296 275    0.98   -0.59    0.3    1.2    0.32
  277 UBAR          -2 159 249 278 289 261    0.31    0.09    0.2    0.5    0.32
  278 UQRK           2 159 249 275 297 277    2.04   -1.31    0.6    2.5    0.32
  279 UBAR          -2 159 257 280 294 271    0.66   -0.14    0.0    0.7    0.32
  280 UQRK           2 159 249 285 298 279    1.65    0.27    1.0    2.0    0.32
  281 SBAR          -3 159 257 282 295 273    9.79   -3.99   -2.8   11.0    0.50
  282 SQRK           3 159 257 287 299 281   18.46   -7.26   -4.3   20.3    0.50
  283 UBAR          -2 159 257 284 301 286    4.95   -1.96   -1.1    5.4    0.32
  284 UQRK           2 159 249 272 300 283    0.68   -0.15    0.0    0.8    0.32
  285 SBAR          -3 159 257 286 298 280    2.59   -0.98   -0.5    2.9    0.50
  286 SQRK           3 159 249 283 301 285    1.78   -0.62   -0.3    2.0    0.50
  287 DBAR          -1 159 257 288 299 282    8.13   -3.22   -2.0    9.0    0.32
  288 DQRK           1 159 257 274 302 287    7.89   -3.13   -1.9    8.7    0.32

                             ---CLUSTER FORMATION---  

 IHEP    ID      IDPDG IST MO1 MO2 DA1 DA2   P-X     P-Y     P-Z  ENERGY    MASS
  289 CLUS          91 183 261 277 303 304   12.09   -6.53    3.8   15.3    5.62
  290 CLUS          91 183 263 264 305 306    3.41    3.99    1.6    5.5    0.78
  291 CLUS          91 183 265 266 307 308    5.78    5.25    2.0    8.1    1.11
  292 CLUS          91 183 267 268 309 310    6.83    2.58    3.0    7.9    0.86
  293 CLUS          91 183 269 270 311 312   13.98    4.10    8.2   16.9    2.31
  294 CLUS          91 183 271 279 313 314    2.79    0.23    1.4    3.3    1.10
  295 CLUS          91 183 273 281 315 316   34.46  -13.66   -8.4   38.0    1.37
  296 CLUS          91 183 276 262 317 318    1.56    0.16    0.7    2.3    1.54
  297 CLUS          91 183 278 275 319 320    2.89   -0.12    1.2    4.1    2.69
  298 CLUS          91 183 280 285 321 322    4.24   -0.71    0.5    4.8    2.14
  299 CLUS          91 183 282 287 323 324   26.59  -10.49   -6.3   29.3    0.84
  300 CLUS          91 183 284 272 325 326   36.00  -14.20   -7.8   39.6    2.78
  301 CLUS          91 183 286 283 327 328    6.73   -2.58   -1.4    7.4    1.07
  302 CLUS          91 183 288 274 329 330  117.15  -48.18  -35.2  131.6    5.54

                              ---CLUSTER DECAYS---    

 IHEP    ID      IDPDG IST MO1 MO2 DA1 DA2   P-X     P-Y     P-Z  ENERGY    MASS
  303 B*BAR0      -513 197 289 249 428 429   11.96   -6.57    3.7   15.1    5.32
  304 PI-         -211   1 289 249   0   0    0.14    0.04    0.1    0.2    0.14
  305 PI+          211   1 290 249   0   0    2.41    2.56    1.4    3.8    0.14
  306 PI0          111   1 290 249   0   0    1.01    1.43    0.2    1.8    0.13
  307 PI-         -211   1 291 249   0   0    2.40    2.35    0.7    3.4    0.14
  308 OMEGA        223 197 291 249 430 432    3.37    2.91    1.2    4.7    0.78
  309 PI0          111   1 292 249   0   0    4.38    1.77    1.5    5.0    0.13
  310 PI0          111   1 292 249   0   0    2.45    0.81    1.5    3.0    0.13
  311 OMEGA        223 197 293 249 433 435    4.27    1.74    2.3    5.2    0.78
  312 HL_10      10223 197 293 249 436 437    9.72    2.36    5.9   11.7    1.17
  313 PI+          211   1 294 249   0   0    0.80   -0.35    0.7    1.1    0.14
  314 PI-         -211   1 294 249   0   0    1.99    0.58    0.7    2.2    0.14
  315 OMEGA        223 197 295 257 438 440   21.37   -8.44   -5.5   23.6    0.78
  316 K+           321   1 295 257   0   0   13.09   -5.22   -3.0   14.4    0.49
  317 K0           311 197 296 249 441 441    0.18   -0.08    0.1    0.6    0.50
  318 K*-         -323 197 296 249 442 443    1.38    0.25    0.6    1.8    0.89
  319 DELTA++     2224 197 297 249 444 445    1.23   -0.32    0.1    1.8    1.23
  320 DELTABR-   -2214 197 297 249 446 447    1.66    0.20    1.1    2.4    1.23
  321 A_0(H)+    10211 197 298 249 448 449    2.86   -0.12    0.2    3.2    1.47
  322 K0           311 197 298 249 450 450    1.38   -0.58    0.3    1.6    0.50
  323 K-          -321   1 299 257   0   0   17.71   -6.71   -4.1   19.4    0.49
  324 PI+          211   1 299 257   0   0    8.88   -3.77   -2.2    9.9    0.14
  325 SIGMA*+     3224 197 300 249 451 452   25.32  -10.23   -5.5   27.9    1.38
  326 SIGMABR-   -3222 197 300 249 453 454   10.68   -3.98   -2.3   11.7    1.19
  327 KBAR0       -311 197 301 249 455 455    3.34   -1.47   -0.3    3.7    0.50
  328 PI-         -211   1 301 249   0   0    3.39   -1.12   -1.0    3.7    0.14
  329 PI-         -211   1 302 257   0   0    3.52   -1.40   -0.9    3.9    0.14
  330 B+           521 197 302 257 456 457  113.63  -46.78  -34.3  127.7    5.28

                           ---STRONG HADRON DECAYS--- 

 IHEP    ID      IDPDG IST MO1 MO2 DA1 DA2   P-X     P-Y     P-Z  ENERGY    MASS
  331 LAMBDA      3122 198 165  10 458 459   -0.40    0.27  146.3  146.3    1.12
  332 GAMMA         22   1 165  10   0   0    0.01   -0.04    2.8    2.8    0.00
  333 PBAR       -2212   1 166  10   0   0   -0.15    0.46  215.6  215.6    0.94
  334 PI0          111   1 166  10   0   0   -0.28    0.19   76.6   76.6    0.13
  335 PI+          211   1 168  15   0   0    0.20    0.07   -4.9    4.9    0.14
  336 PI-         -211   1 168  15   0   0    0.57    0.17   -2.3    2.4    0.14
  337 LAMBDA      3122 198 169  15 460 461    0.05   -0.19 -110.0  110.0    1.12
  338 PI0          111   1 169  15   0   0   -0.13   -0.02  -12.7   12.7    0.13
  339 XIBAR0     -3322 198 170  15 462 463    0.34    0.06 -113.0  113.0    1.31
  340 PI0          111   1 170  15   0   0   -0.13   -0.02  -15.7   15.7    0.13
  341 N           2112   1 171  15   0   0    1.10    0.36 -630.9  630.9    0.94
  342 PI-         -211   1 171  15   0   0    0.05    0.25  -93.8   93.8    0.14
  343 NBAR       -2112   1 172  15   0   0    0.63    0.28 -359.9  359.9    0.94
  344 PI+          211   1 172  15   0   0   -0.02    0.03  -16.1   16.1    0.14
  345 RHO0         113 198 174  15 464 465    0.45    0.27   -8.9    8.9    0.77
  346 PI-         -211   1 174  15   0   0    0.51    0.09   -1.7    1.8    0.14
  347 LAMBDA      3122 198 175  15 466 467   -0.09   -0.90   -7.0    7.2    1.12
  348 PI0          111   1 175  15   0   0   -0.10    0.03   -0.4    0.4    0.13
  349 PBAR       -2212   1 176  15   0   0    1.24   -0.44   -5.6    5.8    0.94
  350 PI+          211   1 176  15   0   0    0.35   -0.13   -1.8    1.8    0.14
  351 P           2212   1 177  15   0   0    1.35   -0.37   -3.5    3.8    0.94
  352 PI+          211   1 177  15   0   0    0.07    0.09   -0.2    0.3    0.14
  353 RHO-        -213 198 179  15 468 469    0.14   -3.43   -8.2    9.0    0.77
  354 PI0          111   1 179  15   0   0    0.00   -0.04   -0.6    0.6    0.13
  355 K+           321   1 182  28   0   0    2.43   -0.22   -2.2    3.3    0.49
  356 PI-         -211   1 182  28   0   0    4.91   -0.19   -4.6    6.7    0.14
  357 K0           311 198 183  28 470 470    0.77   -1.07    1.2    1.9    0.50
  358 PI+          211   1 183  28   0   0    0.57   -1.44    1.8    2.4    0.14
  359 RHO0         113 198 184  28 471 472    1.41   -1.43    1.3    2.5    0.77
  360 PI0          111   1 184  28   0   0    0.63   -0.32    0.3    0.8    0.13
  361 PI-         -211   1 188  32   0   0  -76.50   19.37  162.9  181.0    0.14
  362 ETA          221 198 188  32 473 475  -21.37    4.95   45.0   50.1    0.55
  363 N           2112   1 194  15   0   0    0.46   -0.27 -822.9  822.9    0.94
  364 PI+          211   1 194  15   0   0   -0.13    0.08 -197.1  197.1    0.14
  365 PI-         -211   1 196  10   0   0   -0.26    0.09  664.5  664.5    0.14
  366 PI0          111   1 196  10   0   0    0.32   -0.38 1308.3 1308.3    0.13
  367 K_L0         130   1 197  15   0   0   -0.20    0.25-1531.7 1531.7    0.50
  368 P           2212   1 199  15   0   0   -0.01   -0.19 -464.2  464.2    0.94
  369 PI+          211   1 199  15   0   0    0.07    0.11  -33.0   33.0    0.14
  370 PBAR       -2212   1 200  15   0   0    0.10   -0.14 -141.0  141.0    0.94
  371 PI0          111   1 200  15   0   0   -0.11    0.17  -64.4   64.4    0.13
  372 K_S0         310 198 201  15 476 477   -0.00    0.13 -149.4  149.4    0.50
  373 PI+          211   1 202  15   0   0    0.43   -0.26  -94.9   94.9    0.14
  374 PI-         -211   1 202  15   0   0    0.15    0.40  -98.1   98.1    0.14
  375 K*_2BAR0    -315 198 204  15 478 479    3.06   18.15  -39.8   43.8    1.43
  376 PI0          111   1 204  15   0   0    0.44    1.64   -3.2    3.6    0.13
  377 ETA          221 198 206  15 480 481    0.70   -0.36   -2.5    2.6    0.55
  378 PI-         -211   1 206  15   0   0   -0.41   -0.32   -1.9    2.0    0.14
  379 N           2112   1 207  28   0   0    0.45    0.01   -0.2    1.1    0.94
  380 PI-         -211   1 207  28   0   0    0.16   -0.01    0.2    0.3    0.14
  381 PI0          111   1 209  28   0   0    1.81   -0.16   -1.5    2.3    0.13
  382 PI0          111   1 209  28   0   0    0.86   -0.00   -0.9    1.2    0.13
  383 ETA          221 198 209  28 482 484    5.33   -0.09   -5.1    7.4    0.55
  384 KBAR0       -311 198 210  28 485 485    5.48   -0.43   -4.7    7.2    0.50
  385 PI0          111   1 210  28   0   0    2.42   -0.19   -2.6    3.6    0.13
  386 LAMBDA      3122 198 211  28 486 487    1.08   -0.05    0.8    1.7    1.12
  387 PI-         -211   1 211  28   0   0    0.04   -0.18    0.0    0.2    0.14
  388 NBAR       -2112   1 212  28   0   0    0.25   -0.71   -1.0    1.6    0.94
  389 PI0          111   1 212  28   0   0   -0.06    0.07   -0.0    0.2    0.13
  390 K_L0         130   1 214  28   0   0    0.02    0.02   -0.0    0.5    0.50
  391 KBAR0       -311 198 215  28 488 488    0.66   -0.03    0.2    0.8    0.50
  392 PI-         -211   1 215  28   0   0    0.05   -0.27    0.3    0.4    0.14
  393 K+           321   1 219  32   0   0   -3.29    0.89    6.5    7.4    0.49
  394 K-          -321   1 219  32   0   0   -2.01    0.61    4.0    4.6    0.49
  395 K-          -321   1 220  32   0   0   -5.51    1.70   13.0   14.2    0.49
  396 PI+          211   1 220  32   0   0   -4.24    0.84    9.2   10.2    0.14
  397 LAMBDA      3122 198 221  32 489 490   -2.51    0.44    6.5    7.0    1.12
  398 GAMMA         22   1 221  32   0   0   -0.34    0.01    0.8    0.8    0.00
  399 LAMBDABR   -3122 198 222  32 491 492   -2.58    1.00    6.4    7.1    1.12
  400 GAMMA         22   1 222  32   0   0   -0.30    0.10    0.8    0.9    0.00
  401 PI0          111   1 225  28   0   0    0.01   -0.20   -0.1    0.3    0.13
  402 GAMMA         22   1 225  28   0   0    1.05   -0.80    0.9    1.6    0.00
  403 K+           321   1 226  28   0   0    0.52   -0.23    0.6    1.0    0.49
  404 PI-         -211   1 226  28   0   0    0.20   -0.64    0.4    0.8    0.14
  405 PI+          211   1 228  28   0   0    0.12    0.11    0.1    0.2    0.14
  406 PI0          111   1 228  28   0   0    0.54   -0.93    0.7    1.3    0.13
  407 NBAR       -2112   1 230  28   0   0    0.96   -0.66    0.1    1.5    0.94
  408 PI+          211   1 230  28   0   0    0.70   -0.20   -0.0    0.7    0.14
  409 PI-         -211   1 231  28   0   0    1.12    0.44   -1.6    2.0    0.14
  410 PI0          111   1 231  28   0   0    0.72   -0.25   -0.7    1.1    0.13
  411 PI+          211   1 233  32   0   0   -0.08   -0.05    0.8    0.8    0.14
  412 PI-         -211   1 233  32   0   0   -1.37    1.08    4.7    5.0    0.14
  413 PI+          211   1 234  32   0   0   -0.41   -0.11    1.0    1.1    0.14
  414 PI-         -211   1 234  32   0   0   -0.54    0.22    1.5    1.6    0.14
  415 PI0          111   1 234  32   0   0   -0.52   -0.33    1.3    1.5    0.13
  416 PI+          211   1 235  32   0   0   -0.72    0.13    2.5    2.6    0.14
  417 PI0          111   1 235  32   0   0   -1.48    0.42    2.5    3.0    0.13
  418 K_L0         130   1 237  32   0   0   -0.86   -0.03    2.3    2.5    0.50
  419 PI+          211   1 239  15   0   0    0.21   -0.08   -1.8    1.8    0.14
  420 PI-         -211   1 239  15   0   0    0.35   -0.04   -7.7    7.7    0.14
  421 PI0          111   1 239  15   0   0    0.60   -0.48   -8.6    8.7    0.13
  422 LAMBDA      3122 198 243  28 493 494    4.87   -6.08    7.3   10.7    1.12
  423 PI+          211   1 243  28   0   0    1.13   -1.58    2.1    2.9    0.14
  424 PBAR       -2212   1 244  28   0   0    1.86   -2.07    2.2    3.6    0.94
  425 PI-         -211   1 244  28   0   0    1.07   -1.38    1.4    2.3    0.14
  426 PI+          211   1 246  32   0   0   -0.52    0.10    5.2    5.3    0.14
  427 PI0          111   1 246  32   0   0   -0.01    0.12    0.3    0.3    0.13
  428 B_DBAR0     -511 200 303 249 495 495   11.79   -6.48    3.6   14.9    5.28
  429 GAMMA         22   1 303 249   0   0    0.17   -0.09    0.1    0.2    0.00
  430 PI+          211   1 308 249   0   0    2.32    1.96    1.0    3.2    0.14
  431 PI-         -211   1 308 249   0   0    0.42    0.49    0.2    0.7    0.14
  432 PI0          111   1 308 249   0   0    0.63    0.46    0.0    0.8    0.13
  433 PI+          211   1 311 249   0   0    1.67    1.00    0.9    2.1    0.14
  434 PI-         -211   1 311 249   0   0    0.70    0.14    0.4    0.8    0.14
  435 PI0          111   1 311 249   0   0    1.89    0.60    1.0    2.2    0.13
  436 RHO0         113 198 312 249 498 499    7.72    1.70    4.4    9.1    0.77
  437 PI0          111   1 312 249   0   0    2.00    0.66    1.5    2.6    0.13
  438 PI+          211   1 315 257   0   0    4.77   -1.95   -1.4    5.3    0.14
  439 PI-         -211   1 315 257   0   0    2.88   -1.30   -0.7    3.2    0.14
  440 PI0          111   1 315 257   0   0   13.73   -5.20   -3.4   15.1    0.13
  441 K_S0         310 198 317 249 500 501    0.18   -0.08    0.1    0.6    0.50
  442 KBAR0       -311 198 318 249 502 502    0.38    0.04    0.2    0.7    0.50
  443 PI-         -211   1 318 249   0   0    1.01    0.20    0.4    1.1    0.14
  444 P           2212   1 319 249   0   0    0.78   -0.18    0.3    1.3    0.94
  445 PI+          211   1 319 249   0   0    0.44   -0.14   -0.2    0.5    0.14
  446 PBAR       -2212   1 320 249   0   0    1.68    0.23    1.1    2.2    0.94
  447 PI0          111   1 320 249   0   0   -0.02   -0.03    0.0    0.1    0.13
  448 K+           321   1 321 249   0   0    1.49   -0.51    0.4    1.7    0.49
  449 KBAR0       -311 198 321 249 503 503    1.37    0.39   -0.2    1.5    0.50
  450 K_L0         130   1 322 249   0   0    1.38   -0.58    0.3    1.6    0.50
  451 SIGMA+      3222 198 325 249 504 505   23.35   -9.41   -5.1   25.7    1.19
  452 PI0          111   1 325 249   0   0    1.97   -0.81   -0.3    2.2    0.13
  453 PBAR       -2212   1 326 249   0   0    8.89   -3.37   -1.8    9.7    0.94
  454 PI0          111   1 326 249   0   0    1.79   -0.61   -0.6    2.0    0.13
  455 K_L0         130   1 327 249   0   0    3.34   -1.47   -0.3    3.7    0.50
  456 DBAR0       -421 198 330 257 506 508   23.51  -10.72   -7.4   26.9    1.86
  457 D*_S+        433 198 330 257 509 510   90.12  -36.06  -27.0  100.8    2.11
  458 P           2212   1 331  10   0   0   -0.38    0.22  136.4  136.4    0.94
  459 PI-         -211   1 331  10   0   0   -0.02    0.05    9.9    9.9    0.14
  460 P           2212   1 337  15   0   0    0.05   -0.06  -91.1   91.1    0.94
  461 PI-         -211   1 337  15   0   0    0.00   -0.13  -18.9   18.9    0.14
  462 LAMBDABR   -3122 198 339  15 511 512    0.39   -0.04 -100.4  100.4    1.12
  463 PI0          111   1 339  15   0   0   -0.04    0.10  -12.6   12.6    0.13
  464 PI+          211   1 345  15   0   0    0.14    0.41   -6.9    6.9    0.14
  465 PI-         -211   1 345  15   0   0    0.30   -0.14   -2.0    2.0    0.14
  466 N           2112   1 347  15   0   0    0.03   -0.75   -5.8    5.9    0.94
  467 PI0          111   1 347  15   0   0   -0.12   -0.15   -1.2    1.2    0.13
  468 PI-         -211   1 353  15   0   0    0.14   -1.79   -5.2    5.5    0.14
  469 PI0          111   1 353  15   0   0    0.00   -1.64   -3.0    3.5    0.13
  470 K_S0         310 198 357  28 513 514    0.77   -1.07    1.2    1.9    0.50
  471 PI+          211   1 359  28   0   0    0.22   -0.47    0.1    0.5    0.14
  472 PI-         -211   1 359  28   0   0    1.19   -0.96    1.2    2.0    0.14
  473 PI0          111   1 362  32   0   0  -12.07    2.92   25.7   28.5    0.13
  474 PI0          111   1 362  32   0   0   -5.00    1.11   10.5   11.6    0.13
  475 PI0          111   1 362  32   0   0   -4.30    0.92    8.9    9.9    0.13
  476 PI0          111   1 372  15   0   0    0.16    0.16  -51.6   51.6    0.13
  477 PI0          111   1 372  15   0   0   -0.16   -0.03  -97.8   97.8    0.13
  478 K-          -321   1 375  15   0   0    3.03   17.61  -38.1   42.0    0.49
  479 PI+          211   1 375  15   0   0    0.03    0.54   -1.7    1.8    0.14
  480 GAMMA         22   1 377  15   0   0    0.55   -0.31   -2.4    2.5    0.00
  481 GAMMA         22   1 377  15   0   0    0.14   -0.06   -0.1    0.2    0.00
  482 PI0          111   1 383  28   0   0    2.13    0.03   -2.0    2.9    0.13
  483 PI0          111   1 383  28   0   0    2.55   -0.16   -2.4    3.5    0.13
  484 PI0          111   1 383  28   0   0    0.65    0.03   -0.7    0.9    0.13
  485 K_S0         310 198 384  28 515 516    5.48   -0.43   -4.7    7.2    0.50
  486 P           2212   1 386  28   0   0    0.97   -0.04    0.6    1.5    0.94
  487 PI-         -211   1 386  28   0   0    0.11   -0.01    0.2    0.3    0.14
  488 K_L0         130   1 391  28   0   0    0.66   -0.03    0.2    0.8    0.50
  489 P           2212   1 397  32   0   0   -2.18    0.45    5.8    6.3    0.94
  490 PI-         -211   1 397  32   0   0   -0.33   -0.01    0.7    0.8    0.14
  491 PBAR       -2212   1 399  32   0   0   -2.06    0.88    5.4    5.9    0.94
  492 PI+          211   1 399  32   0   0   -0.51    0.12    1.0    1.2    0.14
  493 N           2112   1 422  28   0   0    3.96   -4.98    6.1    8.8    0.94
  494 PI0          111   1 422  28   0   0    0.91   -1.10    1.2    1.9    0.13
  495 B_DBAR0     -511 198 428 249 496 497   11.79   -6.48    3.6   14.9    5.28
  496 D+           411 198 495 249 517 519    9.02   -5.23    1.5   10.7    1.87
  497 D_S-        -431 198 495 249 520 521    2.77   -1.25    2.1    4.2    1.97
  498 PI+          211   1 436 249   0   0    6.87    1.69    4.0    8.1    0.14
  499 PI-         -211   1 436 249   0   0    0.85    0.01    0.4    0.9    0.14
  500 PI+          211   1 441 249   0   0    0.31   -0.05    0.1    0.4    0.14
  501 PI-         -211   1 441 249   0   0   -0.13   -0.04    0.0    0.2    0.14
  502 K_S0         310 198 442 249 522 523    0.38    0.04    0.2    0.7    0.50
  503 K_L0         130   1 449 249   0   0    1.37    0.39   -0.2    1.5    0.50
  504 P           2212   1 451 249   0   0   18.07   -7.19   -4.1   19.9    0.94
  505 PI0          111   1 451 249   0   0    5.28   -2.23   -1.0    5.8    0.13
  506 K*0          313 198 456 257 524 525   19.77   -9.00   -6.4   22.7    0.90
  507 PI-         -211   1 456 257   0   0    1.12   -0.39   -0.1    1.2    0.14
  508 PI+          211   1 456 257   0   0    2.62   -1.32   -0.9    3.1    0.14
  509 D_S+         431 198 457 257 526 530   79.47  -31.89  -23.8   88.9    1.97
  510 GAMMA         22   1 457 257   0   0   10.65   -4.17   -3.2   11.9    0.00
  511 NBAR       -2112   1 462  15   0   0    0.42   -0.03  -92.3   92.3    0.94
  512 PI0          111   1 462  15   0   0   -0.03   -0.01   -8.1    8.1    0.13
  513 PI+          211   1 470  28   0   0    0.23   -0.15    0.4    0.5    0.14
  514 PI-         -211   1 470  28   0   0    0.54   -0.92    0.8    1.3    0.14
  515 PI0          111   1 485  28   0   0    4.65   -0.47   -3.9    6.1    0.13
  516 PI0          111   1 485  28   0   0    0.83    0.04   -0.8    1.2    0.13
  517 NU_MU         14   1 496 249   0   0    2.35   -1.89    0.3    3.0    0.00
  518 MU+          -13   1 496 249   0   0    1.76   -1.46    0.3    2.3    0.11
  519 KBAR0       -311 198 496 249 531 531    4.91   -1.88    0.9    5.4    0.50
  520 K-          -321   1 497 249   0   0    1.65   -0.57    1.8    2.6    0.49
  521 K*0          313 198 497 249 532 533    1.12   -0.68    0.3    1.6    0.90
  522 PI+          211   1 502 249   0   0    0.24    0.17   -0.0    0.3    0.14
  523 PI-         -211   1 502 249   0   0    0.13   -0.13    0.2    0.3    0.14
  524 K+           321   1 506 257   0   0   10.53   -5.01   -3.7   12.2    0.49
  525 PI-         -211   1 506 257   0   0    9.24   -3.99   -2.8   10.4    0.14
  526 PI+          211   1 509 257   0   0   13.52   -5.50   -3.9   15.1    0.14
  527 PI-         -211   1 509 257   0   0   12.91   -5.38   -3.6   14.4    0.14
  528 PI-         -211   1 509 257   0   0    3.93   -1.49   -1.3    4.4    0.14
  529 PI+          211   1 509 257   0   0   18.44   -7.55   -5.6   20.7    0.14
  530 RHO+         213 198 509 257 534 535   30.67  -11.97   -9.4   34.2    0.77
  531 K_L0         130   1 519 249   0   0    4.91   -1.88    0.9    5.4    0.50
  532 K+           321   1 521 249   0   0    0.29   -0.38    0.2    0.7    0.49
  533 PI-         -211   1 521 249   0   0    0.83   -0.30    0.1    0.9    0.14
  534 PI+          211   1 530 257   0   0   22.04   -8.94   -6.7   24.7    0.14
  535 PI0          111   1 530 257   0   0    8.63   -3.03   -2.6    9.5    0.13



 EVENT       2: 6500.00 GEV/C P        ON  6500.00 GEV/C P        PROCESS:-18000
 SEEDS:  1082771297 &   598559480   STATUS:  100 ERROR:   0  WEIGHT: -5.9819E-04


                               ---INITIAL STATE---    

 IHEP    ID      IDPDG IST MO1 MO2 DA1 DA2   P-X     P-Y     P-Z  ENERGY    MASS
    1 P           2212 101   0   0   0   0    0.00    0.00 6500.0 6500.0    0.94
    2 P           2212 102   0   0   0   0    0.00    0.00-6500.0 6500.0    0.94
    3 CMF            0 103   1   2   0   0    0.00    0.00    0.013000.013000.00

                              ---HARD SUBPROCESS---   

 IHEP    ID      IDPDG IST MO1 MO2 DA1 DA2   P-X     P-Y     P-Z  ENERGY    MASS
    4 UQRK           2 121   6   8  10   9    0.00    0.00 2632.1 2632.1    0.32
    5 DQRK           1 122   6   9  12   8    0.00    0.00 -232.1  232.1    0.32
    6 HARD           0 120   4   5   7   9    1.55   -2.84 2400.0 2864.2 1563.21
    7 HIGGS         25 123   6   7  16   7   12.00 -368.01  359.9  529.8  125.00
    8 UQRK           2 124   6   5  17   4  -15.94  377.83   95.9  390.1    0.32
    9 DQRK           1 124   6   4  23   5    3.94   -9.82 1944.2 1944.2    0.32

                              ---PARTON SHOWERS---    

 IHEP    ID      IDPDG IST MO1 MO2 DA1 DA2   P-X     P-Y     P-Z  ENERGY    MASS
   10 UQRK          94 141   4   6  11  11    0.00    0.00 2632.3 2632.3    0.54
   11 UD          2101   2  10  19  25  24    0.00    0.00 3867.7 3867.7    0.32
   12 DQRK          94 142   5   6  14  15    1.55   -2.84 -232.3  231.9  -13.79
   13 CONE           0 100   5   8   0   0   -0.04    1.00    0.4    1.1    0.00
   14 GLUON         21   2  12  15  26  27   -1.55    2.84  -14.1   14.4    0.75
   15 UU          2203   2  12  24  28  27    0.00    0.00-6253.7 6253.7    0.32
   16 HIGGS         25 195   7   6 115 116   12.28 -368.22  359.6  529.8  125.00
   17 UQRK          94 144   8   6  19  22  -15.72  377.12   97.8  391.8   38.46
   18 CONE           0 100   8   5   0   0   -0.02    0.40   -0.9    1.0    0.00
   19 UQRK           2   2  17  20  29  25   -6.09  299.07   66.6  306.4    0.32
   20 GLUON         21   2  17  21  30  31   -2.06   32.40    7.8   33.4    0.75
   21 GLUON         21   2  17  22  32  33   -4.03   31.07   15.2   34.8    0.75
   22 GLUON         21   2  17  26  34  35   -3.54   14.59    8.3   17.2    0.75
   23 DQRK          94 144   9   6  24  24    4.99  -11.74 1942.6 1942.6    0.32
   24 DQRK           1   2  23  25  36  28    4.99  -11.74 1942.6 1942.6    0.32

                              ---GLUON SPLITTING---   

 IHEP    ID      IDPDG IST MO1 MO2 DA1 DA2   P-X     P-Y     P-Z  ENERGY    MASS
   25 UD          2101 161  10  29  68  40    0.01   -0.02 3075.8 3075.8    0.64
   26 DBAR          -1 158  12  27  75  54   -0.23    0.37   -1.6    1.7    0.32
   27 DQRK           1 158  12  45  61  26   -0.47    0.97   -5.2    5.4    0.32
   28 UU          2203 162  12  36  67  38   -0.00    0.00-3173.3 3173.3    0.64
   29 UQRK           2 158  17  30  62  25   -6.09  299.07   66.6  306.4    0.32
   30 DBAR          -1 158  17  31  62  29   -1.11   20.17    4.9   20.8    0.32
   31 DQRK           1 158  17  32  63  30   -0.95   12.22    3.0   12.6    0.32
   32 DBAR          -1 158  17  33  63  31   -1.42   12.29    6.0   13.8    0.32
   33 DQRK           1 158  17  34  64  32   -2.62   18.78    9.1   21.1    0.32
   34 UBAR          -2 158  17  35  64  33   -0.94    3.87    2.3    4.6    0.32
   35 UQRK           2 158  17  47  65  34   -1.65    6.79    3.8    8.0    0.32
   36 DQRK           1 158  23  49  66  28    3.51   -8.27 1368.4 1368.4    0.32
   37 UBAR          -2 159  12  38  78  60   -0.00    0.00-1121.5 1121.5    0.32
   38 UQRK           2 159  12  28  67  37   -0.00    0.00 -170.2  170.2    0.32
   39 UBAR          -2 159  10  40  73  50    0.01   -0.03  504.2  504.2    0.32
   40 UQRK           2 159  23  25  68  39    0.02   -0.05  276.7  276.7    0.32
   41 DBAR          -1 159  12  42  70  44   -0.00    0.00 -257.7  257.7    0.32
   42 DQRK           1 159  12  51  69  41   -0.07    0.15   -3.5    3.5    0.32
   43 SBAR          -3 159  12  44  71  46   -0.01    0.01  -73.2   73.2    0.50
   44 SQRK           3 159  12  41  70  43   -0.01    0.02  -59.7   59.7    0.50
   45 DBAR          -1 159  12  46  61  27   -0.01    0.01  -30.6   30.6    0.32
   46 DQRK           1 159  12  43  71  45   -0.24    0.49   -3.3    3.4    0.32
   47 SBAR          -3 159  12  48  65  35   -0.12    0.40   -0.0    0.7    0.50
   48 SQRK           3 159  17  55  72  47   -0.57    2.35    1.3    2.8    0.50
   49 UBAR          -2 159  10  50  66  36    0.29   -0.68  132.9  132.9    0.32
   50 UQRK           2 159  23  39  73  49    1.15   -2.70  452.3  452.3    0.32
   51 UBAR          -2 159  12  52  69  42   -0.00    0.00 -139.3  139.3    0.32
   52 UQRK           2 159  12  57  74  51   -0.04    0.08   -5.5    5.5    0.32
   53 SBAR          -3 159  12  54  76  56   -0.30    0.48   -2.1    2.2    0.50
   54 SQRK           3 159  17  26  75  53   -0.11    0.27   -0.4    0.7    0.50
   55 DBAR          -1 159  12  56  72  48   -0.07    0.21   -0.1    0.4    0.32
   56 DQRK           1 159  17  53  76  55   -0.21    0.86    0.4    1.0    0.32
   57 SBAR          -3 159  12  58  74  52   -0.02    0.05  -22.9   22.9    0.50
   58 SQRK           3 159  12  59  77  57   -0.02    0.03  -30.1   30.1    0.50
   59 SBAR          -3 159  12  60  77  58   -0.00    0.00 -943.8  943.8    0.50
   60 SQRK           3 159  12  37  78  59   -0.00    0.00 -223.1  223.1    0.50

                             ---CLUSTER FORMATION---  

 IHEP    ID      IDPDG IST MO1 MO2 DA1 DA2   P-X     P-Y     P-Z  ENERGY    MASS
   61 CLUS          91 183  27  45  79  80   -0.47    0.98  -35.9   36.0    2.73
   62 CLUS          91 183  29  30  81  82   -7.20  319.24   71.4  327.2    3.29
   63 CLUS          91 183  31  32  83  84   -2.36   24.51    9.0   26.4    2.90
   64 CLUS          91 183  33  34  85  86   -3.55   22.65   11.4   25.7    1.40
   65 CLUS          91 183  35  47  87  88   -1.76    7.19    3.7    8.6    2.28
   66 CLUS          91 183  36  49  89  90    3.80   -8.94 1501.3 1501.3    1.21
   67 CLUS          91 185  38  28  91  92   -0.00    0.00-3343.5 3343.5    1.56
   68 CLUS          91 184  40  25  93  94    0.03   -0.07 3352.5 3352.5    1.31
   69 CLUS          91 183  42  51  95  96   -0.07    0.15 -142.8  142.9    2.32
   70 CLUS          91 183  44  41  97  98   -0.01    0.02 -317.5  317.5    1.21
   71 CLUS          91 183  46  43  99 100   -0.24    0.51  -76.5   76.6    3.03
   72 CLUS          91 183  48  55 101 102   -0.64    2.56    1.2    3.2    1.35
   73 CLUS          91 183  50  39 103 104    1.16   -2.73  956.5  956.5    3.14
   74 CLUS          91 183  52  57 105 106   -0.06    0.13  -28.4   28.4    0.93
   75 CLUS          91 183  54  26 107 108   -0.35    0.64   -2.0    2.4    1.09
   76 CLUS          91 183  56  53 109 110   -0.51    1.34   -1.6    3.2    2.40
   77 CLUS          91 183  58  59 111 112   -0.02    0.04 -973.8  973.8    2.90
   78 CLUS          91 183  60  37 113 114   -0.00    0.00-1344.5 1344.6    1.28

                              ---CLUSTER DECAYS---    

 IHEP    ID      IDPDG IST MO1 MO2 DA1 DA2   P-X     P-Y     P-Z  ENERGY    MASS
   79 P           2212   1  61  12   0   0    0.02    1.27  -19.5   19.6    0.94
   80 DELTABR-   -2214 197  61  12 156 157   -0.50   -0.29  -16.3   16.4    1.23
   81 XI0         3322 197  62  17 158 159   -4.66  221.25   49.3  226.7    1.31
   82 XI*BAR+    -3314 197  62  17 160 161   -2.54   97.99   22.1  100.5    1.53
   83 A_2-        -215 197  63  17 162 164   -0.84    8.40    3.5    9.2    1.32
   84 A_2+         215 197  63  17 165 166   -1.52   16.11    5.5   17.1    1.32
   85 B_10       10113 197  64  17 167 168   -3.06   19.57   10.0   22.2    1.23
   86 PI-         -211   1  64  17   0   0   -0.49    3.08    1.5    3.4    0.14
   87 OMEGA_3      227 197  65  17 169 170   -1.47    5.67    2.6    6.6    1.67
   88 K+           321   1  65  17   0   0   -0.29    1.53    1.1    2.0    0.49
   89 RHO0         113 197  66  23 171 172    3.71   -8.74 1454.3 1454.4    0.77
   90 PI-         -211   1  66  23   0   0    0.09   -0.20   46.9   46.9    0.14
   91 PI+          211   1  67  12   0   0    0.07    0.18 -243.6  243.6    0.14
   92 DELTA+      2214 197  67  12 173 174   -0.07   -0.17-3099.9 3099.9    1.23
   93 PI+          211   1  68  23   0   0    0.03   -0.30  649.4  649.4    0.14
   94 N           2112   1  68  23   0   0    0.00    0.23 2703.0 2703.0    0.94
   95 PI0          111   1  69  12   0   0   -0.78    0.12  -40.0   40.0    0.13
   96 A_2-        -215 197  69  12 175 176    0.71    0.04 -102.9  102.9    1.32
   97 KBAR0       -311 197  70  12 177 177   -0.16   -0.45 -192.2  192.2    0.50
   98 PI0          111   1  70  12   0   0    0.15    0.47 -125.3  125.3    0.13
   99 DELTA-      1114 197  71  12 178 179   -0.29    0.88  -25.5   25.6    1.23
  100 SIGMABR+   -3112 197  71  12 180 181    0.05   -0.37  -51.0   51.0    1.20
  101 K*BAR0      -313 197  72  17 182 183   -0.69    2.33    0.8    2.7    0.90
  102 PI0          111   1  72  17   0   0    0.05    0.22    0.4    0.5    0.13
  103 RHO+         213 197  73  23 184 185   -0.01   -0.82  126.3  126.3    0.77
  104 RHO_3-      -217 197  73  23 186 187    1.17   -1.91  830.2  830.2    1.69
  105 PI0          111   1  74  12   0   0   -0.26    0.17  -16.4   16.4    0.13
  106 K+           321   1  74  12   0   0    0.20   -0.05  -12.0   12.0    0.49
  107 K-          -321   1  75  17   0   0   -0.50    0.21   -1.7    1.8    0.49
  108 PI+          211   1  75  17   0   0    0.15    0.43   -0.4    0.6    0.14
  109 P           2212   1  76  17   0   0    0.20    0.56   -1.1    1.5    0.94
  110 SIGMABR-   -3222 197  76  17 188 189   -0.72    0.78   -0.5    1.7    1.19
  111 XI0         3322 197  77  12 190 191    0.57    0.19 -470.3  470.3    1.31
  112 XIBAR0     -3322 197  77  12 192 193   -0.59   -0.16 -503.5  503.5    1.31
  113 K*-         -323 197  78  12 194 195   -0.28   -0.00-1125.0 1125.0    0.89
  114 PI0          111   1  78  12   0   0    0.28    0.01 -219.5  219.5    0.13

                            ---H/W/Z BOSON DECAYS---  

 IHEP    ID      IDPDG IST MO1 MO2 DA1 DA2   P-X     P-Y     P-Z  ENERGY    MASS
  115 BQRK           5 123  16 116 117 116   21.04 -305.22  221.8  377.9    4.95
  116 BBAR          -5 124  16 115 122 115   -8.77  -63.00  137.9  151.9    4.95

                              ---PARTON SHOWERS---    

 IHEP    ID      IDPDG IST MO1 MO2 DA1 DA2   P-X     P-Y     P-Z  ENERGY    MASS
  117 BQRK          94 143 115  16 119 121   20.66 -302.76  221.5  376.1   16.56
  118 CONE           0 100 115 116   0   0   -0.10   -1.07    2.0    2.3    0.00
  119 BQRK           5   2 117 120 127 126   13.27 -233.74  170.4  289.6    4.95
  120 GLUON         21   2 117 121 128 129    5.73  -53.55   42.9   68.8    0.75
  121 GLUON         21   2 117 124 130 131    1.66  -15.47    8.2   17.6    0.75
  122 BBAR          94 144 116  16 124 126   -8.38  -65.46  138.2  153.8   14.10
  123 CONE           0 100 116 115   0   0    0.18   -1.14    0.1    1.2    0.00
  124 GLUON         21   2 122 125 132 133    1.09   -4.37    4.8    6.7    0.75
  125 GLUON         21   2 122 126 134 135   -0.23   -5.04    9.3   10.6    0.75
  126 BBAR          -5   2 122 127 136 135   -9.25  -56.05  124.0  136.5    4.95

                              ---GLUON SPLITTING---   

 IHEP    ID      IDPDG IST MO1 MO2 DA1 DA2   P-X     P-Y     P-Z  ENERGY    MASS
  127 BQRK           5 158 117 137 139 136   11.38 -193.42  141.7  240.1    4.95
  128 DBAR          -1 158 117 129 144 138    2.66  -26.18   20.9   33.6    0.32
  129 DQRK           1 158 117 130 140 128    2.24  -19.40   15.5   25.0    0.32
  130 UBAR          -2 158 117 131 140 129    0.42   -3.75    2.0    4.3    0.32
  131 UQRK           2 158 117 132 141 130    1.25  -11.72    6.2   13.3    0.32
  132 DBAR          -1 158 122 133 141 131    0.81   -3.22    3.7    5.0    0.32
  133 DQRK           1 158 122 134 142 132    0.28   -1.15    1.2    1.7    0.32
  134 UBAR          -2 158 122 135 142 133   -0.26   -1.92    3.7    4.1    0.32
  135 UQRK           2 158 122 136 143 134    0.03   -3.12    5.7    6.5    0.32
  136 BBAR          -5 158 122 127 143 135   -9.25  -56.05  124.0  136.5    4.95
  137 DBAR          -1 159 117 138 139 127    0.60   -8.74    6.5   10.9    0.32
  138 DQRK           1 159 117 128 144 137    2.11  -39.55   28.6   48.9    0.32

                             ---CLUSTER FORMATION---  

 IHEP    ID      IDPDG IST MO1 MO2 DA1 DA2   P-X     P-Y     P-Z  ENERGY    MASS
  139 CLUS          91 183 127 137 145 145   11.97 -202.46  148.4  251.3    5.28
  140 CLUS          91 183 129 130 146 147    2.66  -23.14   17.6   29.2    2.07
  141 CLUS          91 183 131 132 148 149    2.05  -14.94    9.8   18.3    3.07
  142 CLUS          91 183 133 134 150 151    0.02   -3.07    4.8    5.9    1.20
  143 CLUS          91 183 135 136 152 153   -9.22  -59.17  129.7  143.0    6.16
  144 CLUS          91 183 138 128 154 155    4.78  -65.43   49.4   82.2    2.52

                              ---CLUSTER DECAYS---    

 IHEP    ID      IDPDG IST MO1 MO2 DA1 DA2   P-X     P-Y     P-Z  ENERGY    MASS
  145 B_DBAR0     -511 200 139 117 196 196   11.97 -202.46  148.4  251.3    5.28
  146 K0           311 197 140 117 197 197    0.99   -9.39    7.4   12.0    0.50
  147 K*_2-       -325 197 140 117 198 199    1.66  -13.76   10.2   17.2    1.43
  148 B_10       10113 197 141 117 200 201    0.44   -5.25    3.8    6.6    1.23
  149 RHOD+      30213 197 141 117 202 203    1.61   -9.69    6.1   11.7    1.70
  150 PI-         -211   1 142 122   0   0   -0.25   -0.41    0.6    0.7    0.14
  151 RHO0         113 197 142 122 204 205    0.27   -2.67    4.3    5.1    0.77
  152 OMEGA        223 197 143 122 206 208   -0.80   -6.02   12.9   14.3    0.78
  153 B*+          523 197 143 122 209 210   -8.41  -53.15  116.8  128.7    5.32
  154 P           2212   1 144 117   0   0    2.69  -25.75   19.5   32.4    0.94
  155 PBAR       -2212   1 144 117   0   0    2.10  -39.68   29.9   49.7    0.94

                           ---STRONG HADRON DECAYS--- 

 IHEP    ID      IDPDG IST MO1 MO2 DA1 DA2   P-X     P-Y     P-Z  ENERGY    MASS
  156 NBAR       -2112   1  80  12   0   0   -0.36   -0.32  -10.5   10.5    0.94
  157 PI-         -211   1  80  12   0   0   -0.14    0.03   -5.9    5.9    0.14
  158 LAMBDA      3122 198  81  17 211 212   -3.81  182.14   40.7  186.7    1.12
  159 PI0          111   1  81  17   0   0   -0.84   39.11    8.6   40.1    0.13
  160 XIBAR+     -3312 198  82  17 213 214   -2.06   84.55   19.0   86.7    1.32
  161 PI0          111   1  82  17   0   0   -0.48   13.44    3.1   13.8    0.13
  162 OMEGA        223 198  83  17 215 217   -0.53    4.35    1.7    4.8    0.78
  163 PI-         -211   1  83  17   0   0   -0.29    1.46    0.7    1.7    0.14
  164 PI0          111   1  83  17   0   0   -0.02    2.60    1.1    2.8    0.13
  165 RHO0         113 198  84  17 218 219   -0.43    6.30    2.3    6.8    0.77
  166 PI+          211   1  84  17   0   0   -1.09    9.81    3.2   10.4    0.14
  167 OMEGA        223 198  85  17 220 222   -2.45   15.48    7.5   17.4    0.78
  168 PI0          111   1  85  17   0   0   -0.61    4.09    2.5    4.8    0.13
  169 RHO0         113 198  87  17 223 224   -1.52    3.54    2.0    4.4    0.77
  170 PI0          111   1  87  17   0   0    0.05    2.13    0.6    2.2    0.13
  171 PI+          211   1  89  23   0   0    0.65   -0.98  179.5  179.5    0.14
  172 PI-         -211   1  89  23   0   0    3.07   -7.76 1274.8 1274.9    0.14
  173 P           2212   1  92  12   0   0    0.12   -0.28-2470.0 2470.0    0.94
  174 PI0          111   1  92  12   0   0   -0.19    0.11 -629.9  629.9    0.13
  175 RHO0         113 198  96  12 225 226    0.11   -0.25  -57.6   57.7    0.77
  176 PI-         -211   1  96  12   0   0    0.59    0.29  -45.2   45.2    0.14
  177 K_L0         130   1  97  12   0   0   -0.16   -0.45 -192.2  192.2    0.50
  178 N           2112   1  99  12   0   0   -0.34    0.47  -17.3   17.3    0.94
  179 PI-         -211   1  99  12   0   0    0.04    0.40   -8.2    8.2    0.14
  180 NBAR       -2112   1 100  12   0   0    0.14   -0.33  -34.7   34.7    0.94
  181 PI+          211   1 100  12   0   0   -0.09   -0.05  -16.3   16.3    0.14
  182 K-          -321   1 101  17   0   0   -0.70    1.39    0.4    1.7    0.49
  183 PI+          211   1 101  17   0   0    0.01    0.94    0.4    1.0    0.14
  184 PI+          211   1 103  23   0   0   -0.30   -0.34   79.8   79.8    0.14
  185 PI0          111   1 103  23   0   0    0.29   -0.48   46.5   46.5    0.13
  186 OMEGA        223 198 104  23 227 229    1.44   -1.85  772.1  772.1    0.78
  187 PI-         -211   1 104  23   0   0   -0.26   -0.06   58.0   58.0    0.14
  188 NBAR       -2112   1 110  17   0   0   -0.76    0.76   -0.4    1.5    0.94
  189 PI-         -211   1 110  17   0   0    0.04    0.02   -0.1    0.2    0.14
  190 LAMBDA      3122 198 111  12 230 231    0.36    0.22 -378.4  378.4    1.12
  191 PI0          111   1 111  12   0   0    0.21   -0.03  -91.9   91.9    0.13
  192 LAMBDABR   -3122 198 112  12 232 233   -0.56   -0.19 -400.3  400.3    1.12
  193 PI0          111   1 112  12   0   0   -0.03    0.03 -103.2  103.2    0.13
  194 KBAR0       -311 198 113  12 234 234    0.02    0.15 -821.5  821.5    0.50
  195 PI-         -211   1 113  12   0   0   -0.30   -0.16 -303.5  303.5    0.14
  196 B_DBAR0     -511 199 145 117 245 246   11.97 -202.46  148.4  251.3    5.28
  197 K_S0         310 198 146 117 235 236    0.99   -9.39    7.4   12.0    0.50
  198 K-          -321   1 147 117   0   0    0.22   -4.52    2.8    5.4    0.49
  199 PI0          111   1 147 117   0   0    1.44   -9.24    7.3   11.9    0.13
  200 OMEGA        223 198 148 117 237 238    0.05   -2.30    1.8    3.0    0.78
  201 PI0          111   1 148 117   0   0    0.39   -2.95    2.0    3.6    0.13
  202 K+           321   1 149 117   0   0    0.99   -4.97    3.6    6.2    0.49
  203 K*BAR0      -313 198 149 117 239 240    0.62   -4.72    2.5    5.4    0.90
  204 PI+          211   1 151 122   0   0   -0.17   -1.50    2.6    3.0    0.14
  205 PI-         -211   1 151 122   0   0    0.44   -1.17    1.6    2.1    0.14
  206 PI+          211   1 152 122   0   0   -0.20   -2.85    5.6    6.3    0.14
  207 PI-         -211   1 152 122   0   0   -0.52   -2.11    5.0    5.5    0.14
  208 PI0          111   1 152 122   0   0   -0.09   -1.06    2.2    2.5    0.13
  209 B+           521 199 153 122 274 275   -8.38  -52.65  115.7  127.5    5.28
  210 GAMMA         22   1 153 122   0   0   -0.03   -0.50    1.1    1.2    0.00
  211 P           2212   1 158  17   0   0   -2.95  143.76   32.2  147.4    0.94
  212 PI-         -211   1 158  17   0   0   -0.86   38.38    8.5   39.3    0.14
  213 LAMBDABR   -3122 198 160  17 241 242   -1.96   76.07   17.1   78.0    1.12
  214 PI+          211   1 160  17   0   0   -0.10    8.48    1.8    8.7    0.14
  215 PI+          211   1 162  17   0   0   -0.06    1.19    0.7    1.4    0.14
  216 PI-         -211   1 162  17   0   0   -0.37    2.77    0.8    2.9    0.14
  217 PI0          111   1 162  17   0   0   -0.10    0.39    0.2    0.5    0.13
  218 PI+          211   1 165  17   0   0   -0.47    3.70    1.6    4.1    0.14
  219 PI-         -211   1 165  17   0   0    0.04    2.60    0.6    2.7    0.14
  220 PI+          211   1 167  17   0   0   -1.04    5.94    2.8    6.7    0.14
  221 PI-         -211   1 167  17   0   0   -0.84    6.76    3.2    7.5    0.14
  222 PI0          111   1 167  17   0   0   -0.58    2.77    1.5    3.2    0.13
  223 PI+          211   1 169  17   0   0   -0.67    1.24    1.1    1.8    0.14
  224 PI-         -211   1 169  17   0   0   -0.85    2.29    0.9    2.6    0.14
  225 PI+          211   1 175  12   0   0   -0.11   -0.42  -24.1   24.1    0.14
  226 PI-         -211   1 175  12   0   0    0.22    0.17  -33.5   33.5    0.14
  227 PI+          211   1 186  23   0   0    0.61   -0.44  201.1  201.1    0.14
  228 PI-         -211   1 186  23   0   0    0.14   -0.47  149.8  149.8    0.14
  229 PI0          111   1 186  23   0   0    0.69   -0.94  421.1  421.1    0.13
  230 P           2212   1 190  12   0   0    0.25    0.23 -293.7  293.7    0.94
  231 PI-         -211   1 190  12   0   0    0.11   -0.01  -84.8   84.8    0.14
  232 NBAR       -2112   1 192  12   0   0   -0.43   -0.16 -362.8  362.8    0.94
  233 PI0          111   1 192  12   0   0   -0.13   -0.03  -37.5   37.5    0.13
  234 K_S0         310 198 194  12 243 244    0.02    0.15 -821.5  821.5    0.50
  235 PI+          211   1 197 117   0   0    0.91   -7.50    5.8    9.5    0.14
  236 PI-         -211   1 197 117   0   0    0.08   -1.89    1.6    2.5    0.14
  237 PI0          111   1 200 117   0   0    0.09   -2.24    1.4    2.7    0.13
  238 GAMMA         22   1 200 117   0   0   -0.05   -0.06    0.3    0.3    0.00
  239 K-          -321   1 203 117   0   0    0.29   -3.25    2.0    3.9    0.49
  240 PI+          211   1 203 117   0   0    0.33   -1.47    0.5    1.6    0.14
  241 PBAR       -2212   1 213  17   0   0   -1.65   63.63   14.4   65.3    0.94
  242 PI+          211   1 213  17   0   0   -0.32   12.43    2.7   12.7    0.14
  243 PI0          111   1 234  12   0   0    0.13   -0.08 -222.7  222.7    0.13
  244 PI0          111   1 234  12   0   0   -0.11    0.24 -598.9  598.9    0.13

                           ---HEAVY PARTICLE DECAYS---

 IHEP    ID      IDPDG IST MO1 MO2 DA1 DA2   P-X     P-Y     P-Z  ENERGY    MASS
  245 BQRK           5 155 196 246 247 249   11.25 -190.19  139.4  236.1    4.96
  246 DBAR          -1 125 196 249 250 249    0.73  -12.27    9.0   15.2    0.32
  247 DQRK           1 123 245 248 251 248    3.61  -56.94   43.1   71.5    0.32
  248 UBAR          -2 124 245 247 253 247    5.83  -83.54   59.7  102.8    0.32
  249 CQRK           4 124 245 245 255 245    1.81  -49.72   36.5   61.7    1.55
  250 DBAR          -1 160 246 259 261 259    0.73  -12.27    9.0   15.2    0.32

                              ---PARTON SHOWERS---    

 IHEP    ID      IDPDG IST MO1 MO2 DA1 DA2   P-X     P-Y     P-Z  ENERGY    MASS
  251 DQRK          94 143 247 245 252 252    3.61  -56.94   43.1   71.5    0.32
  252 DQRK           1   2 251 254 257 254    3.61  -56.94   43.1   71.5    0.32
  253 UBAR          94 144 248 245 254 254    5.83  -83.54   59.7  102.8    0.32
  254 UBAR          -2   2 253 257 258 257    5.83  -83.54   59.7  102.8    0.32
  255 CQRK          94 144 249 245 256 256    1.81  -49.72   36.5   61.7    1.55
  256 CQRK           4   2 255 250 259 250    1.81  -49.72   36.5   61.7    1.55

                              ---GLUON SPLITTING---   

 IHEP    ID      IDPDG IST MO1 MO2 DA1 DA2   P-X     P-Y     P-Z  ENERGY    MASS
  257 DQRK           1 158 251 258 260 258    3.61  -56.94   43.1   71.5    0.32
  258 UBAR          -2 158 253 257 260 257    5.83  -83.54   59.7  102.8    0.32
  259 CQRK           4 158 255 250 261 250    1.81  -49.72   36.5   61.7    1.55

                             ---CLUSTER FORMATION---  

 IHEP    ID      IDPDG IST MO1 MO2 DA1 DA2   P-X     P-Y     P-Z  ENERGY    MASS
  260 CLUS          91 183 257 258 262 263    9.65 -143.13  104.8  177.7    2.53
  261 CLUS          91 183 259 250 264 264    2.32  -59.33   43.6   73.7    1.87

                              ---CLUSTER DECAYS---    

 IHEP    ID      IDPDG IST MO1 MO2 DA1 DA2   P-X     P-Y     P-Z  ENERGY    MASS
  262 DELTA-      1114 197 260 251 265 266    4.53  -67.99   50.1   84.6    1.23
  263 DELTABR0   -2114 197 260 251 267 268    5.12  -75.14   54.7   93.1    1.23
  264 D+           411 196 261 255 269 271    2.32  -59.33   43.6   73.7    1.87

                           ---STRONG HADRON DECAYS--- 

 IHEP    ID      IDPDG IST MO1 MO2 DA1 DA2   P-X     P-Y     P-Z  ENERGY    MASS
  265 N           2112   1 262 251   0   0    3.03  -45.70   33.9   57.0    0.94
  266 PI-         -211   1 262 251   0   0    1.51  -22.29   16.2   27.6    0.14
  267 NBAR       -2112   1 263 251   0   0    3.64  -52.83   38.7   65.6    0.94
  268 PI0          111   1 263 251   0   0    1.48  -22.31   16.0   27.5    0.13
  269 NU_MU         14   1 264 255   0   0    0.41  -21.46   16.3   26.9    0.00
  270 MU+          -13   1 264 255   0   0    0.12   -4.10    3.1    5.1    0.11
  271 K*BAR0      -313 198 264 255 272 273    1.80  -33.77   24.2   41.6    0.90
  272 K-          -321   1 271 255   0   0    1.52  -23.75   16.9   29.2    0.49
  273 PI+          211   1 271 255   0   0    0.27  -10.02    7.3   12.4    0.14

                           ---HEAVY PARTICLE DECAYS---

 IHEP    ID      IDPDG IST MO1 MO2 DA1 DA2   P-X     P-Y     P-Z  ENERGY    MASS
  274 UQRK           2 125 209 278 279 278   -0.51   -3.19    7.0    7.7    0.32
  275 BBAR          -5 155 209 274 276 278   -7.87  -49.46  108.7  119.7    4.96
  276 DBAR          -1 123 275 277 280 277   -3.30  -27.46   57.9   64.2    0.32
  277 UQRK           2 124 275 276 282 276   -1.35   -8.66   21.7   23.4    0.32
  278 CBAR          -4 124 275 275 284 275   -3.23  -13.34   29.0   32.1    1.55
  279 UQRK           2 160 274 288 289 288   -0.51   -3.19    7.0    7.7    0.32

                              ---PARTON SHOWERS---    

 IHEP    ID      IDPDG IST MO1 MO2 DA1 DA2   P-X     P-Y     P-Z  ENERGY    MASS
  280 DBAR          94 143 276 275 281 281   -3.30  -27.46   57.9   64.2    0.32
  281 DBAR          -1   2 280 283 286 283   -3.30  -27.46   57.9   64.2    0.32
  282 UQRK          94 144 277 275 283 283   -1.35   -8.66   21.7   23.4    0.32
  283 UQRK           2   2 282 286 287 286   -1.35   -8.66   21.7   23.4    0.32
  284 CBAR          94 144 278 275 285 285   -3.23  -13.34   29.0   32.1    1.55
  285 CBAR          -4   2 284 279 288 279   -3.23  -13.34   29.0   32.1    1.55

                              ---GLUON SPLITTING---   

 IHEP    ID      IDPDG IST MO1 MO2 DA1 DA2   P-X     P-Y     P-Z  ENERGY    MASS
  286 DBAR          -1 158 280 287 290 287   -3.30  -27.46   57.9   64.2    0.32
  287 UQRK           2 158 282 286 290 286   -1.35   -8.66   21.7   23.4    0.32
  288 CBAR          -4 158 284 279 289 279   -3.23  -13.34   29.0   32.1    1.55

                             ---CLUSTER FORMATION---  

 IHEP    ID      IDPDG IST MO1 MO2 DA1 DA2   P-X     P-Y     P-Z  ENERGY    MASS
  289 CLUS          91 183 279 288 291 291   -3.68  -15.85   34.5   38.2    1.86
  290 CLUS          91 183 287 286 292 293   -4.69  -36.80   81.1   89.3    2.59

                              ---CLUSTER DECAYS---    

 IHEP    ID      IDPDG IST MO1 MO2 DA1 DA2   P-X     P-Y     P-Z  ENERGY    MASS
  291 DBAR0       -421 196 289 274 294 296   -3.68  -15.85   34.5   38.2    1.86
  292 DELTA++     2224 197 290 282 297 298   -2.03  -15.28   34.5   37.8    1.23
  293 DELTABR-   -2214 197 290 282 299 300   -2.67  -21.53   46.6   51.4    1.23

                           ---STRONG HADRON DECAYS--- 

 IHEP    ID      IDPDG IST MO1 MO2 DA1 DA2   P-X     P-Y     P-Z  ENERGY    MASS
  294 K+           321   1 291 274   0   0   -1.40   -3.95    8.8    9.7    0.49
  295 PI-         -211   1 291 274   0   0   -0.43   -2.70    5.4    6.1    0.14
  296 RHO0         113 198 291 274 301 302   -1.86   -9.21   20.3   22.4    0.77
  297 P           2212   1 292 282   0   0   -1.74  -13.68   31.3   34.2    0.94
  298 PI+          211   1 292 282   0   0   -0.29   -1.60    3.3    3.6    0.14
  299 PBAR       -2212   1 293 282   0   0   -1.88  -13.97   30.5   33.6    0.94
  300 PI0          111   1 293 282   0   0   -0.79   -7.55   16.2   17.9    0.13
  301 PI+          211   1 296 274   0   0   -1.73   -7.25   16.3   17.9    0.14
  302 PI-         -211   1 296 274   0   0   -0.13   -1.95    4.0    4.5    0.14

 HWWARN CALLED FROM SUBPROGRAM HWDFIV: CODE = 101
 EVENT    1126:   SEEDS = 1490071441 & 1991908163  WEIGHT =-0.5982E-03
 EVENT KILLED.   EXECUTION CONTINUES

 HWWARN CALLED FROM SUBPROGRAM HWBTIM: CODE = 101
 EVENT    1749:   SEEDS =   93166958 & 1350807449  WEIGHT = 0.5982E-03
 EVENT KILLED.   EXECUTION CONTINUES

 HWWARN CALLED FROM SUBPROGRAM HWDFIV: CODE = 101
 EVENT    5519:   SEEDS =  845723718 &  119077513  WEIGHT =-0.5982E-03
 EVENT KILLED.   EXECUTION CONTINUES

 HWWARN CALLED FROM SUBPROGRAM HWDFOR: CODE = 101
 EVENT    9311:   SEEDS = 1824502486 & 1652473087  WEIGHT = 0.5982E-03
 EVENT KILLED.   EXECUTION CONTINUES

          OUTPUT ON LES HOUCHES EVENTS


      PROC CODE  XSECT(pb)        XERR(pb)      Max wgt(nb) No. of events


          OUTPUT ON ELEMENTARY PROCESS

          N.B. NEGATIVE WEIGHTS ALLOWED

          NUMBER OF EVENTS   =        9996
          NEGATIVE  EVENTS   =        2644
          NUMBER OF WEIGHTS  =       10000
          NEGATIVE  WEIGHTS  =        2646
          MEAN VALUE OF WGT  =  2.8163E-04
          RMS SPREAD IN WGT  =  5.2774E-04
          MEAN ABS WEIGHT    =  5.9819E-04
          ACTUAL MAX ABS WGT =  1.0000E+00
          ASSUMED MAXABS WGT =  2.8163E-04

          PROCESS CODE IPROC =      -18000
          CROSS SECTION (PB) =  0.2816    
          ERROR IN C-S  (PB) =  5.2774E-03
          EFFICIENCY PERCENT =   100.0    
 # of events processed=        9996
