 Enter filename for events
 Enter maximum number of events to generate
 MUST coincide with the number of events on tape
 Enter 0 to use Herwig default PDFs
       1 to use PDFs from library
 Enter colliding particles (PART1, PART2)
 Enter beam momenta (PBEAM1, PBEAM2)


          HERWIG 6.521  11th Mar. 2013

          Please reference:  G. Marchesini, B.R. Webber,
          G.Abbiendi, I.G.Knowles, M.H.Seymour & L.Stanco
          Computer Physics Communications 67 (1992) 465
                             and
          G.Corcella, I.G.Knowles, G.Marchesini, S.Moretti,
          K.Odagiri, P.Richardson, M.H.Seymour & B.R.Webber,
          JHEP 0101 (2001) 010
 Enter .TRUE. for underlying event, .FALSE. otherwise

 Underlying event WILL NOT be generated

 Enter Lambda_QCD, <0 for Herwig default
 Enter Z mass, width
 Enter W mass, width
 Enter top mass, width
 Enter Higgs (SM) boson mass, width
 Enter quark (d,u,s,c,b) and gluon masses
 Enter lepton (e,mu,tau) masses
 Enter number of events to print
 Enter accepted error fraction
 Is it single-top (.TRUE. or .FALSE)?
 Is it b-bbar (.TRUE. or .FALSE)?
 Enter the two random seeds (0 0 for default)

          INPUT CONDITIONS FOR THIS RUN

          BEAM 1 (P       ) MOM. =   6500.00
          BEAM 2 (P       ) MOM. =   6500.00
          PROCESS CODE (IPROC)   =  -18000
          NUMBER OF FLAVOURS     =    6
          STRUCTURE FUNCTION SET =    8
          AZIM SPIN CORRELATIONS =    T
          AZIM SOFT CORRELATIONS =    T
          QCD LAMBDA (GEV)       =    0.1800
          DOWN     QUARK  MASS   =    0.3200
          UP       QUARK  MASS   =    0.3200
          STRANGE  QUARK  MASS   =    0.5000
          CHARMED  QUARK  MASS   =    1.5500
          BOTTOM   QUARK  MASS   =    4.9500
          TOP      QUARK  MASS   =  173.0000
          GLUON EFFECTIVE MASS   =    0.7500
          EXTRA SHOWER CUTOFF (Q)=    0.4800
          EXTRA SHOWER CUTOFF (G)=    0.1000
          PHOTON SHOWER CUTOFF   =    0.4000
          CLUSTER MASS PARAMETER =    3.3500
          SPACELIKE EVOLN CUTOFF =    2.5000
          INTRINSIC P-TRAN (RMS) =    0.0000
          DECAY SPIN CORRELATIONS=    T
          SUSY THREE BODY ME     =    T
          SUSY FOUR  BODY ME     =    F

          NO EVENTS WILL BE WRITTEN TO DISK

          B_d: Delt-M/Gam =0.7000 Delt-Gam/2*Gam =0.0000
          B_s: Delt-M/Gam = 10.00 Delt-Gam/2*Gam =0.2000

          PDFLIB NOT USED FOR BEAM 1
          PDFLIB NOT USED FOR BEAM 2


          Checking consistency of particle properties


          Checking consistency of decay tables


          WRITING SUDAKOV TABLE ON UNIT  77

          WRITING MATRIX ELEMENT TABLE ON UNIT  88

          CHECKING SUSY DECAY MATRIX ELEMENTS
 Do you want a stable Pi0 (.TRUE. or .FALSE)?
 Do you want a stable W+ (.TRUE. or .FALSE)?
 Do you want a stable W- (.TRUE. or .FALSE)?
 Do you want a stable Z0 (.TRUE. or .FALSE)?
 Do you want a stable Tau+ (.TRUE. or .FALSE)?
 Do you want a stable Tau- (.TRUE. or .FALSE)?
 Do you want a stable Mu+ (.TRUE. or .FALSE)?
 Do you want a stable Mu- (.TRUE. or .FALSE)?
 Do you want a stable Higgs (.TRUE. or .FALSE)?

          PARTICLE TYPE  21=PI0      SET STABLE
 How many decay modes do you want to set?
 How are the events normalized ("average" or "sum")?
 stdhep initialized

          SUBROUTINE TIMEL CALLED BUT NOT LINKED.
          DUMMY TIMEL WILL BE USED. DELETE DUMMY
          AND LINK CERNLIB FOR CPU TIME REMAINING.

 HWWARN CALLED FROM SUBPROGRAM HWSMRS: CODE =   5
 EVENT       1:   SEEDS = 1973774260 & 1099242306  WEIGHT = 0.5904E-03
 EVENT SURVIVES. EXECUTION CONTINUES
 WARNING: MRST98 CALLED WITH Q OUTSIDE ALLOWED RANGE!
 Q VALUE=1.430E+04, MINIMUM=1.118E+00, MAXIMUM=3.162E+03
 NO FURTHER WARNINGS WILL BE ISSUED



 EVENT       1: 6500.00 GEV/C P        ON  6500.00 GEV/C P        PROCESS:-18000
 SEEDS:  1973774260 &  1099242306   STATUS:  100 ERROR:   0  WEIGHT:  5.9036E-04


                               ---INITIAL STATE---    

 IHEP    ID      IDPDG IST MO1 MO2 DA1 DA2   P-X     P-Y     P-Z  ENERGY    MASS
    1 P           2212 101   0   0   0   0    0.00    0.00 6500.0 6500.0    0.94
    2 P           2212 102   0   0   0   0    0.00    0.00-6500.0 6500.0    0.94
    3 CMF            0 103   1   2   0   0    0.00    0.00    0.013000.013000.00

                              ---HARD SUBPROCESS---   

 IHEP    ID      IDPDG IST MO1 MO2 DA1 DA2   P-X     P-Y     P-Z  ENERGY    MASS
    4 DQRK           1 121   6   8  10   9    0.00    0.00  830.0  830.0    0.32
    5 UQRK           2 122   6   9  15   8    0.00    0.00 -874.5  874.5    0.32
    6 HARD           0 120   4   5   7   9   -5.34   12.02  -44.5 1704.5 1703.92
    7 HIGGS         25 123   6   7  21   7 -358.69   64.58 -183.6  426.8  125.00
    8 DQRK           1 124   6   5  22   4   59.80  -25.23 -535.2  539.1    0.32
    9 UQRK           2 124   6   4  28   5  298.89  -39.35  674.3  738.6    0.32

                              ---PARTON SHOWERS---    

 IHEP    ID      IDPDG IST MO1 MO2 DA1 DA2   P-X     P-Y     P-Z  ENERGY    MASS
   10 DQRK          94 141   4   6  12  14   -6.32   -0.70  830.2  830.1  -11.20
   11 CONE           0 100   4   9   0   0    0.99   -0.13    1.7    1.9    0.00
   12 GLUON         21   2  10  13  32  33    4.14   -0.10  270.5  270.6    0.75
   13 GLUON         21   2  10  14  34  35    2.18    0.80  160.0  160.0    0.75
   14 UU          2203   2  10  24  36  35    0.00    0.00 5239.3 5239.3    0.32
   15 UQRK          94 142   5   6  17  20    0.98   12.72 -874.7  874.4  -26.65
   16 CONE           0 100   5   8   0   0    0.92   -0.39   -7.2    7.2    0.00
   17 DBAR          -1   2  15  18  37  27    0.52   -5.64 -124.0  124.1    0.32
   18 DQRK           1   2  15  19  38  37    1.27   -6.47 -121.2  121.4    0.32
   19 GLUON         21   2  15  20  39  40   -2.78   -0.61-1246.1 1246.1    0.75
   20 UD          2101   2  15  30  41  40    0.00    0.00-4133.9 4133.9    0.30
   21 HIGGS         25 195   7   6 192 193 -358.12   67.23 -182.7  426.3  125.00
   22 DQRK          94 144   8   6  24  27   57.80  -21.31 -532.3  536.0   12.65
   23 CONE           0 100   8   5   0   0   -0.44    0.16   -4.7    4.7    0.00
   24 DQRK           1   2  22  25  42  36   40.98  -16.38 -414.3  416.6    0.32
   25 GLUON         21   2  22  26  43  44   10.80   -4.06  -76.9   77.8    0.75
   26 GLUON         21   2  22  27  45  46    3.07   -0.16  -24.5   24.7    0.75
   27 GLUON         21   2  22  37  47  48    2.95   -0.72  -16.7   17.0    0.75
   28 UQRK          94 144   9   6  30  31  294.98  -33.90  670.5  742.2  114.75
   29 CONE           0 100   9   4   0   0   -0.28    0.03    1.8    1.9    0.00
   30 UQRK           2   2  28  31  49  41  251.64   -3.46  451.4  516.8    0.32
   31 GLUON         21   2  28  32  50  51   43.34  -30.44  219.1  225.4    0.75

                              ---GLUON SPLITTING---   

 IHEP    ID      IDPDG IST MO1 MO2 DA1 DA2   P-X     P-Y     P-Z  ENERGY    MASS
   32 DBAR          -1 158  10  33 120  81    1.00   -0.02   72.9   72.9    0.32
   33 DQRK           1 158  10  34  96  32    2.95   -0.08  183.4  183.4    0.32
   34 UBAR          -2 158  10  35  96  33    0.84    0.13   61.2   61.2    0.32
   35 UQRK           2 158  10  56  97  34    0.18    0.09   44.3   44.3    0.32
   36 UU          2203 161  10  42 106  53    0.01    0.00 2949.1 2949.1    0.64
   37 DBAR          -1 158  15  38 111  63    0.30   -3.12  -68.7   68.8    0.32
   38 DQRK           1 158  15  58  98  37    1.02   -5.18  -97.1   97.2    0.32
   39 DBAR          -1 158  15  40 117  75   -0.54   -0.21 -235.6  235.6    0.32
   40 DQRK           1 158  15  54  99  39   -1.25   -0.17 -588.1  588.1    0.32
   41 UD          2101 162  15  49 107  55   -0.06   -0.01-2840.8 2840.8    0.64
   42 DQRK           1 158  22  60 100  36   35.24  -14.08 -356.2  358.2    0.32
   43 DBAR          -1 158  22  44 110  61    5.81   -2.02  -40.5   41.0    0.32
   44 DQRK           1 158  22  45 101  43    4.51   -1.87  -33.2   33.5    0.32
   45 UBAR          -2 158  22  46 101  44    1.36    0.11  -10.5   10.6    0.32
   46 UQRK           2 158  22  47 102  45    1.71   -0.27  -14.0   14.1    0.32
   47 DBAR          -1 158  22  48 102  46    2.00   -0.63  -11.2   11.4    0.32
   48 DQRK           1 158  22  62 103  47    0.71   -0.09   -4.5    4.6    0.32
   49 UQRK           2 158  28  66 104  41  170.83   -2.35  306.4  350.8    0.32
   50 DBAR          -1 158  28  51 127  95    7.92   -5.49   39.7   40.8    0.32
   51 DQRK           1 158  28  70 105  50   12.70   -9.02   64.8   66.6    0.32
   52 UBAR          -2 159  10  53 116  73    0.00    0.00 1615.9 1615.9    0.32
   53 UQRK           2 159  10  36 106  52    0.06    0.03  100.2  100.2    0.32
   54 DBAR          -1 159  15  55  99  40   -0.03   -0.00-1220.4 1220.4    0.32
   55 DQRK           1 159  15  41 107  54   -0.43   -0.06 -294.2  294.2    0.32
   56 DBAR          -1 159  10  57  97  35    0.05    0.02  129.1  129.1    0.32
   57 DQRK           1 159  10  72 108  56    0.98    0.49   74.9   74.9    0.32
   58 UBAR          -2 159  15  59  98  38    0.02   -0.22  -12.9   12.9    0.32
   59 UQRK           2 159  15  74 109  58    0.20   -1.03  -21.0   21.1    0.32
   60 UBAR          -2 159  22  61 100  42    3.56   -1.41  -35.3   35.5    0.32
   61 UQRK           2 159  22  43 110  60    2.66   -1.05  -26.0   26.1    0.32
   62 UBAR          -2 159  15  63 103  48    0.23   -2.39  -52.7   52.7    0.32
   63 UQRK           2 159  22  37 111  62    0.23   -0.13   -3.7    3.7    0.32
   64 DBAR          -1 159  28  65 113  67    1.37   -0.06    2.7    3.0    0.32
   65 DQRK           1 159  28  78 112  64   17.30   -0.24   31.0   35.5    0.32
   66 DBAR          -1 159  28  67 104  49   18.44   -0.26   33.1   37.9    0.32
   67 DQRK           1 159  28  64 113  66   21.16   -0.29   38.0   43.5    0.32
   68 SBAR          -3 159  10  69 115  71    0.24   -0.11    7.1    7.1    0.50
   69 SQRK           3 159  28  80 114  68    7.70   -5.47   39.4   40.5    0.50
   70 UBAR          -2 159  10  71 105  51    0.75   -0.53    4.3    4.4    0.32
   71 UQRK           2 159  28  68 115  70    0.45   -0.31    3.1    3.2    0.32
   72 UBAR          -2 159  10  73 108  57    0.02    0.01  272.7  272.7    0.32
   73 UQRK           2 159  10  52 116  72    0.04    0.02  151.9  151.9    0.32
   74 DBAR          -1 159  15  75 109  59   -0.33   -0.13 -143.9  143.9    0.32
   75 DQRK           1 159  15  39 117  74   -0.10   -0.08  -47.4   47.4    0.32
   76 UBAR          -2 159  28  77 123  87    3.22   -2.21   16.0   16.5    0.32
   77 UQRK           2 159  28  84 118  76    3.19   -0.06    5.8    6.6    0.32
   78 SBAR          -3 159  28  79 112  65    1.58   -0.12    3.3    3.7    0.50
   79 SQRK           3 159  28  90 119  78    7.20   -0.12   13.0   14.9    0.50
   80 UBAR          -2 159  10  81 114  69    0.17   -0.10    3.6    3.6    0.32
   81 UQRK           2 159  28  32 120  80    0.16   -0.08    4.1    4.1    0.32
   82 DBAR          -1 159  28  83 122  85    2.08   -1.41   10.3   10.6    0.32
   83 DQRK           1 159  28  92 121  82    1.14   -0.07    2.3    2.6    0.32
   84 SBAR          -3 159  28  85 118  77    1.01   -0.22    2.8    3.0    0.50
   85 SQRK           3 159  28  82 122  84    3.20   -0.09    6.0    6.8    0.50
   86 SBAR          -3 159  28  87 124  89    0.93   -0.37    3.3    3.5    0.50
   87 SQRK           3 159  28  76 123  86    2.18   -0.10    4.2    4.8    0.50
   88 DBAR          -1 159  28  89 125  91    0.69   -0.36    2.9    3.0    0.32
   89 DQRK           1 159  28  86 124  88    0.61   -0.16    1.8    2.0    0.32
   90 SBAR          -3 159  28  91 119  79    0.92   -0.35    3.3    3.4    0.50
   91 SQRK           3 159  28  88 125  90    1.53   -0.13    3.2    3.6    0.50
   92 SBAR          -3 159  28  93 121  83    2.44   -1.63   11.9   12.3    0.50
   93 SQRK           3 159  28  94 126  92    1.05   -0.20    2.8    3.0    0.50
   94 DBAR          -1 159  28  95 126  93    2.24   -1.53   11.1   11.4    0.32
   95 DQRK           1 159  28  50 127  94    0.78   -0.45    3.5    3.6    0.32

                             ---CLUSTER FORMATION---  

 IHEP    ID      IDPDG IST MO1 MO2 DA1 DA2   P-X     P-Y     P-Z  ENERGY    MASS
   96 CLUS          91 183  33  34 128 129    3.79    0.06  244.6  244.6    0.83
   97 CLUS          91 183  35  56 130 131    0.23    0.12  173.4  173.4    0.80
   98 CLUS          91 183  38  58 132 133    1.04   -5.40 -109.9  110.1    1.66
   99 CLUS          91 183  40  54 134 135   -1.28   -0.17-1808.4 1808.4    1.92
  100 CLUS          91 183  42  60 136 137   38.80  -15.49 -391.5  393.7    1.14
  101 CLUS          91 183  44  45 138 139    5.88   -1.75  -43.6   44.1    1.46
  102 CLUS          91 183  46  47 140 141    3.71   -0.90  -25.1   25.4    1.06
  103 CLUS          91 183  48  62 142 143    0.94   -2.48  -57.2   57.3    2.66
  104 CLUS          91 183  49  66 144 145  189.27   -2.61  339.5  388.7    1.08
  105 CLUS          91 183  51  70 146 147   13.44   -9.55   69.1   71.0    1.40
  106 CLUS          91 184  53  36 148 149    0.07    0.03 3049.3 3049.3    1.92
  107 CLUS          91 185  55  41 150 151   -0.49   -0.07-3135.0 3135.0    1.83
  108 CLUS          91 183  57  72 152 153    1.00    0.50  347.5  347.6    2.22
  109 CLUS          91 183  59  74 154 155   -0.13   -1.16 -164.9  165.0    2.89
  110 CLUS          91 183  61  43 156 157    8.47   -3.07  -66.5   67.1    1.51
  111 CLUS          91 183  63  37 158 159    0.52   -3.25  -72.4   72.5    1.73
  112 CLUS          91 183  65  78 160 161   18.88   -0.36   34.4   39.2    1.84
  113 CLUS          91 183  67  64 162 163   22.53   -0.36   40.6   46.5    1.37
  114 CLUS          91 183  69  80 164 165    7.87   -5.57   42.9   44.1    2.49
  115 CLUS          91 183  71  68 166 167    0.69   -0.42   10.2   10.3    1.06
  116 CLUS          91 183  73  52 168 169    0.04    0.02 1767.8 1767.8    1.15
  117 CLUS          91 183  75  39 170 171   -0.64   -0.28 -282.9  282.9    0.86
  118 CLUS          91 183  77  84 172 173    4.19   -0.28    8.6    9.6    1.22
  119 CLUS          91 183  79  90 174 175    8.12   -0.47   16.3   18.3    2.19
  120 CLUS          91 183  81  32 176 177    1.16   -0.10   76.9   77.0    1.53
  121 CLUS          91 183  83  92 178 179    3.59   -1.70   14.3   14.9    1.82
  122 CLUS          91 183  85  82 180 181    5.28   -1.50   16.2   17.4    2.81
  123 CLUS          91 183  87  76 182 183    5.40   -2.31   20.3   21.3    2.87
  124 CLUS          91 183  89  86 184 185    1.53   -0.53    5.2    5.5    0.84
  125 CLUS          91 183  91  88 186 187    2.22   -0.49    6.1    6.6    1.11
  126 CLUS          91 183  93  94 188 189    3.28   -1.72   13.8   14.4    1.54
  127 CLUS          91 183  95  50 190 191    8.71   -5.94   43.2   44.4    1.21

                              ---CLUSTER DECAYS---    

 IHEP    ID      IDPDG IST MO1 MO2 DA1 DA2   P-X     P-Y     P-Z  ENERGY    MASS
  128 PI0          111   1  96  10   0   0    0.93    0.30   52.8   52.8    0.13
  129 PI-         -211   1  96  10   0   0    2.86   -0.25  191.8  191.8    0.14
  130 PI+          211   1  97  10   0   0    0.03    0.42   74.3   74.3    0.14
  131 PI0          111   1  97  10   0   0    0.20   -0.30   99.1   99.1    0.13
  132 PI-         -211   1  98  15   0   0    0.53   -2.68  -50.1   50.2    0.14
  133 HL_10      10223 197  98  15 301 302    0.51   -2.72  -59.8   59.9    1.17
  134 P           2212   1  99  15   0   0   -0.50   -0.07 -966.3  966.3    0.94
  135 PBAR       -2212   1  99  15   0   0   -0.78   -0.10 -842.2  842.2    0.94
  136 K0           311 197 100  22 303 303   28.81  -11.51 -291.0  292.7    0.50
  137 K-          -321   1 100  22   0   0    9.99   -3.98 -100.5  101.1    0.49
  138 PI0          111   1 101  22   0   0    0.36   -0.11   -2.8    2.8    0.13
  139 A_2-        -215 197 101  22 304 305    5.51   -1.64  -40.9   41.3    1.32
  140 ETA          221 197 102  22 306 308    2.69   -0.28  -17.1   17.4    0.55
  141 PI+          211   1 102  22   0   0    1.02   -0.62   -8.0    8.1    0.14
  142 DELTA-      1114 197 103  22 309 310    0.27   -2.19  -34.8   34.9    1.23
  143 NBAR       -2112   1 103  22   0   0    0.67   -0.29  -22.4   22.4    0.94
  144 OMEGA        223 197 104  28 311 313  182.31   -2.51  327.0  374.4    0.78
  145 PI+          211   1 104  28   0   0    6.96   -0.10   12.5   14.3    0.14
  146 PI0          111   1 105  28   0   0    5.66   -4.57   29.9   30.8    0.13
  147 RHO-        -213 197 105  28 314 315    7.79   -4.98   39.1   40.2    0.77
  148 RHO+         213 197 106  10 316 317   -0.23    0.10 1920.0 1920.0    0.77
  149 P           2212   1 106  10   0   0    0.30   -0.07 1129.3 1129.3    0.94
  150 OMEGA        223 197 107  15 318 320   -0.48    0.12-1362.4 1362.4    0.78
  151 N           2112   1 107  15   0   0   -0.02   -0.19-1772.6 1772.6    0.94
  152 P           2212   1 108  10   0   0    0.21    0.11  134.2  134.2    0.94
  153 DLTABR--   -2224 197 108  10 321 322    0.79    0.39  213.4  213.4    1.23
  154 DELTA0      2114 197 109  15 323 324    0.39    0.00  -84.4   84.4    1.23
  155 DELTABR+   -1114 197 109  15 325 326   -0.52   -1.17  -80.5   80.5    1.23
  156 B_1+       10213 197 110  22 327 328    6.23   -2.09  -48.3   48.7    1.23
  157 PI0          111   1 110  22   0   0    2.24   -0.98  -18.2   18.4    0.13
  158 PI+          211   1 111  22   0   0    0.11   -0.05   -1.5    1.5    0.14
  159 A_10       20113 197 111  22 329 330    0.41   -3.20  -70.8   70.9    1.23
  160 PI-         -211   1 112  28   0   0   11.42   -0.13   19.6   22.6    0.14
  161 K*+          323 197 112  28 331 332    7.46   -0.23   14.8   16.6    0.89
  162 RHO0         113 197 113  28 333 334   16.29    0.13   28.9   33.2    0.77
  163 PI0          111   1 113  28   0   0    6.25   -0.49   11.7   13.3    0.13
  164 SIGMA-      3112 197 114  28 335 336    3.86   -3.29   20.6   21.2    1.20
  165 NBAR       -2112   1 114  28   0   0    4.01   -2.28   22.3   22.8    0.94
  166 PI+          211   1 115  28   0   0    0.45   -0.45    7.7    7.7    0.14
  167 K0           311 197 115  28 337 337    0.24    0.03    2.6    2.6    0.50
  168 PI+          211   1 116  10   0   0   -0.20   -0.16 1607.7 1607.7    0.14
  169 PI-         -211   1 116  10   0   0    0.24    0.18  160.1  160.1    0.14
  170 PI-         -211   1 117  15   0   0   -0.04    0.01 -174.0  174.0    0.14
  171 PI+          211   1 117  15   0   0   -0.60   -0.29 -108.9  108.9    0.14
  172 ETA          221 197 118  28 338 339    2.49    0.13    4.8    5.5    0.55
  173 K+           321   1 118  28   0   0    1.70   -0.41    3.8    4.2    0.49
  174 K*-         -323 197 119  28 340 341    2.65    0.20    6.3    6.9    0.89
  175 K*+          323 197 119  28 342 343    5.47   -0.68   10.0   11.5    0.89
  176 PI+          211   1 120  28   0   0    0.58    0.68   45.0   45.0    0.14
  177 PI0          111   1 120  28   0   0    0.57   -0.78   31.9   31.9    0.13
  178 RHO-        -213 197 121  28 344 345    1.05   -0.42    3.8    4.1    0.77
  179 K*+          323 197 121  28 346 347    2.54   -1.29   10.4   10.9    0.89
  180 SIGMA*-     3114 197 122  28 348 349    2.19   -0.53    8.2    8.7    1.39
  181 DELTABR+   -1114 197 122  28 350 351    3.09   -0.97    8.0    8.7    1.23
  182 SIGMA*-     3114 197 123  28 352 353    1.78   -1.35    7.0    7.5    1.39
  183 NBAR       -2112   1 123  28   0   0    3.62   -0.96   13.2   13.8    0.94
  184 PI0          111   1 124  28   0   0    0.66   -0.34    1.6    1.8    0.13
  185 K0           311 197 124  28 354 354    0.88   -0.19    3.6    3.7    0.50
  186 K-          -321   1 125  28   0   0    2.22   -0.35    5.3    5.8    0.49
  187 PI+          211   1 125  28   0   0   -0.00   -0.14    0.8    0.8    0.14
  188 K-          -321   1 126  28   0   0    3.23   -1.75   13.7   14.2    0.49
  189 PI+          211   1 126  28   0   0    0.05    0.03    0.1    0.2    0.14
  190 PI-         -211   1 127  28   0   0    0.81   -0.71    5.3    5.4    0.14
  191 RHO+         213 197 127  28 355 356    7.90   -5.23   37.9   39.0    0.77

                            ---H/W/Z BOSON DECAYS---  

 IHEP    ID      IDPDG IST MO1 MO2 DA1 DA2   P-X     P-Y     P-Z  ENERGY    MASS
  192 BQRK           5 123  21 193 194 193  -79.81  -31.65  -17.0   87.7    4.95
  193 BBAR          -5 124  21 192 196 192 -278.31   98.89 -165.6  338.7    4.95

                              ---PARTON SHOWERS---    

 IHEP    ID      IDPDG IST MO1 MO2 DA1 DA2   P-X     P-Y     P-Z  ENERGY    MASS
  194 BQRK          94 143 192  21 195 195  -79.81  -31.65  -17.0   87.7    4.95
  195 BQRK           5   2 194 197 198 197  -79.81  -31.65  -17.0   87.7    4.95
  196 BBAR          94 144 193  21 197 197 -278.31   98.89 -165.6  338.7    4.95
  197 BBAR          -5   2 196 198 199 198 -278.31   98.89 -165.6  338.7    4.95

                              ---GLUON SPLITTING---   

 IHEP    ID      IDPDG IST MO1 MO2 DA1 DA2   P-X     P-Y     P-Z  ENERGY    MASS
  198 BQRK           5 158 194 212 240 199  -38.45  -14.71   -8.5   42.3    4.95
  199 BBAR          -5 158 196 198 256 231 -100.60   35.52  -59.8  122.4    4.95
  200 SBAR          -3 159 196 201 257 233  -37.31   13.26  -22.2   45.4    0.50
  201 SQRK           3 159 194 214 241 200   -4.86   -1.89   -1.1    5.3    0.50
  202 UBAR          -2 159 196 203 252 223  -47.31   16.82  -28.2   57.6    0.32
  203 UQRK           2 159 194 220 242 202  -13.42   -5.37   -2.8   14.7    0.32
  204 SBAR          -3 159 196 205 259 237   -8.74    3.08   -5.2   10.6    0.50
  205 SQRK           3 159 194 222 243 204   -1.56    0.35   -0.8    1.9    0.50
  206 DBAR          -1 159 196 207 245 209   -1.82    0.58   -1.1    2.2    0.32
  207 DQRK           1 159 194 228 244 206   -1.59   -0.56   -0.4    1.8    0.32
  208 SBAR          -3 159 196 209 246 211   -1.70    0.42   -0.9    2.0    0.50
  209 SQRK           3 159 194 206 245 208   -3.54   -1.34   -0.8    3.9    0.50
  210 SBAR          -3 159 196 211 247 213   -1.19   -0.01   -0.5    1.4    0.50
  211 SQRK           3 159 194 208 246 210   -1.23    0.09   -0.6    1.4    0.50
  212 DBAR          -1 159 196 213 240 198   -1.77   -0.64   -0.4    1.9    0.32
  213 DQRK           1 159 194 210 247 212   -2.44   -0.93   -0.5    2.7    0.32
  214 DBAR          -1 159 196 215 241 201   -1.62    0.50   -0.9    2.0    0.32
  215 DQRK           1 159 194 230 248 214   -1.38    0.40   -0.8    1.7    0.32
  216 DBAR          -1 159 196 217 250 219  -28.51   10.14  -17.0   34.7    0.32
  217 DQRK           1 159 194 232 249 216   -2.62   -1.01   -0.6    2.9    0.32
  218 DBAR          -1 159 196 219 260 239   -7.52    2.66   -4.5    9.1    0.32
  219 DQRK           1 159 194 216 250 218   -0.76   -0.03   -0.3    0.9    0.32
  220 UBAR          -2 159 196 221 242 203   -0.78    0.04   -0.3    0.9    0.32
  221 UQRK           2 159 194 234 251 220   -1.37   -0.46   -0.3    1.5    0.32
  222 DBAR          -1 159 196 223 243 205   -6.83    2.41   -4.1    8.3    0.32
  223 DQRK           1 159 194 202 252 222   -1.01    0.23   -0.5    1.2    0.32
  224 SBAR          -3 159 196 225 254 227   -1.82    0.48   -1.0    2.2    0.50
  225 SQRK           3 159 194 236 253 224   -1.63   -0.46   -0.4    1.8    0.50
  226 UBAR          -2 159 196 227 255 229   -6.26    2.21   -3.7    7.6    0.32
  227 UQRK           2 159 194 224 254 226   -0.76   -0.01   -0.3    0.9    0.32
  228 UBAR          -2 159 196 229 244 207   -3.33    1.15   -2.0    4.0    0.32
  229 UQRK           2 159 194 226 255 228   -2.41   -0.92   -0.5    2.7    0.32
  230 UBAR          -2 159 196 231 248 215   -4.19    1.47   -2.5    5.1    0.32
  231 UQRK           2 159 194 199 256 230   -4.10    1.43   -2.4    5.0    0.32
  232 UBAR          -2 159 196 233 249 217   -0.79   -0.09   -0.3    0.9    0.32
  233 UQRK           2 159 194 200 257 232   -0.96    0.20   -0.5    1.1    0.32
  234 UBAR          -2 159 196 235 251 221   -0.87    0.14   -0.4    1.0    0.32
  235 UQRK           2 159 194 238 258 234   -1.80   -0.66   -0.4    2.0    0.32
  236 DBAR          -1 159 196 237 253 225   -2.04    0.67   -1.2    2.5    0.32
  237 DQRK           1 159 194 204 259 236   -0.78    0.04   -0.3    0.9    0.32
  238 UBAR          -2 159 196 239 258 235   -5.67    2.00   -3.4    6.9    0.32
  239 UQRK           2 159 194 218 260 238   -0.78    0.04   -0.3    0.9    0.32

                             ---CLUSTER FORMATION---  

 IHEP    ID      IDPDG IST MO1 MO2 DA1 DA2   P-X     P-Y     P-Z  ENERGY    MASS
  240 CLUS          91 183 198 212 261 261  -40.21  -15.35   -8.9   44.3    5.28
  241 CLUS          91 183 201 214 262 263   -6.48   -1.39   -2.0    7.3    2.34
  242 CLUS          91 183 203 220 264 265  -14.20   -5.33   -3.2   15.6    2.14
  243 CLUS          91 183 205 222 266 267   -8.39    2.76   -4.9   10.2    1.30
  244 CLUS          91 183 207 228 268 269   -4.92    0.59   -2.3    5.8    1.92
  245 CLUS          91 183 209 206 270 271   -5.36   -0.75   -1.8    6.1    2.14
  246 CLUS          91 183 211 208 272 273   -2.93    0.51   -1.5    3.5    1.05
  247 CLUS          91 183 213 210 274 275   -3.63   -0.94   -1.0    4.1    1.19
  248 CLUS          91 183 215 230 276 277   -5.57    1.87   -3.3    6.8    0.76
  249 CLUS          91 183 217 232 278 279   -3.41   -1.10   -0.9    3.8    0.87
  250 CLUS          91 183 219 216 280 281  -29.28   10.11  -17.3   35.6    2.85
  251 CLUS          91 183 221 234 282 283   -2.25   -0.32   -0.8    2.6    0.89
  252 CLUS          91 183 223 202 284 285  -48.32   17.05  -28.7   58.8    2.45
  253 CLUS          91 183 225 236 286 287   -3.68    0.21   -1.6    4.3    1.51
  254 CLUS          91 183 227 224 288 289   -2.58    0.47   -1.3    3.1    0.91
  255 CLUS          91 183 229 226 290 291   -8.68    1.29   -4.3   10.3    3.25
  256 CLUS          91 183 231 199 292 292 -106.53   37.61  -63.3  129.6    5.28
  257 CLUS          91 183 233 200 293 294  -36.44   12.80  -21.6   44.3    2.31
  258 CLUS          91 183 235 238 295 296   -7.47    1.34   -3.8    8.9    2.65
  259 CLUS          91 183 237 204 297 298   -9.51    3.12   -5.5   11.5    1.51
  260 CLUS          91 183 239 218 299 300   -8.30    2.70   -4.8   10.1    1.37

                              ---CLUSTER DECAYS---    

 IHEP    ID      IDPDG IST MO1 MO2 DA1 DA2   P-X     P-Y     P-Z  ENERGY    MASS
  261 B_DBAR0     -511 200 240 194 357 357  -40.21  -15.35   -8.9   44.3    5.28
  262 SIGMA+      3222 197 241 194 358 359   -2.37   -0.34   -1.0    2.8    1.19
  263 PBAR       -2212   1 241 194   0   0   -4.11   -1.04   -1.0    4.5    0.94
  264 PI+          211   1 242 194   0   0   -3.87   -1.27   -0.0    4.1    0.14
  265 RHO-        -213 197 242 194 360 361  -10.33   -4.06   -3.2   11.6    0.77
  266 KBAR0       -311 197 243 194 362 362   -7.73    2.49   -4.1    9.1    0.50
  267 PI0          111   1 243 194   0   0   -0.66    0.26   -0.8    1.1    0.13
  268 B_10       10113 197 244 194 363 364   -2.47   -0.10   -1.3    3.1    1.23
  269 PI-         -211   1 244 194   0   0   -2.45    0.69   -1.0    2.7    0.14
  270 K*BAR0      -313 197 245 194 365 366   -2.09   -0.14   -0.5    2.3    0.90
  271 HL_10      10223 197 245 194 367 368   -3.27   -0.62   -1.3    3.8    1.17
  272 KBAR0       -311 197 246 194 369 369   -1.57    0.41   -0.7    1.8    0.50
  273 K0           311 197 246 194 370 370   -1.36    0.10   -0.8    1.7    0.50
  274 PI-         -211   1 247 194   0   0   -0.65   -0.25    0.0    0.7    0.14
  275 K*+          323 197 247 194 371 372   -2.98   -0.69   -1.1    3.4    0.89
  276 PI-         -211   1 248 194   0   0   -2.10    0.83   -0.9    2.4    0.14
  277 PI0          111   1 248 194   0   0   -3.47    1.04   -2.4    4.3    0.13
  278 PI-         -211   1 249 194   0   0   -2.44   -0.47   -0.3    2.5    0.14
  279 PI0          111   1 249 194   0   0   -0.97   -0.63   -0.5    1.3    0.13
  280 DELTA-      1114 197 250 194 373 374  -15.12    5.30   -8.1   18.0    1.23
  281 DELTABR+   -1114 197 250 194 375 376  -14.15    4.81   -9.2   17.6    1.23
  282 PI+          211   1 251 194   0   0   -1.11   -0.34    0.0    1.2    0.14
  283 PI-         -211   1 251 194   0   0   -1.13    0.02   -0.8    1.4    0.14
  284 DELTA-      1114 197 252 194 377 378  -29.26   10.90  -17.5   35.8    1.23
  285 NBAR       -2112   1 252 194   0   0  -19.06    6.15  -11.2   23.0    0.94
  286 K-          -321   1 253 194   0   0   -3.20    0.51   -1.0    3.4    0.49
  287 PI+          211   1 253 194   0   0   -0.47   -0.30   -0.7    0.9    0.14
  288 PI0          111   1 254 194   0   0   -0.73    0.44   -0.4    0.9    0.13
  289 K+           321   1 254 194   0   0   -1.85    0.03   -0.9    2.1    0.49
  290 SIGMA*+     3224 197 255 194 379 380   -3.89    1.36   -2.4    4.9    1.38
  291 SGMA*BR-   -3224 197 255 194 381 382   -4.78   -0.07   -1.9    5.3    1.38
  292 B+           521 199 256 194 459 460 -106.53   37.61  -63.3  129.6    5.28
  293 PI+          211   1 257 194   0   0  -16.79    6.44  -10.4   20.8    0.14
  294 K*_20        315 197 257 194 383 384  -19.65    6.36  -11.2   23.5    1.43
  295 DELTA+      2214 197 258 194 385 386   -4.88    1.15   -2.5    5.7    1.23
  296 DELTABR-   -2214 197 258 194 387 388   -2.59    0.19   -1.3    3.1    1.23
  297 PI-         -211   1 259 194   0   0   -1.64    0.78   -0.5    1.9    0.14
  298 K+           321   1 259 194   0   0   -7.87    2.33   -5.0    9.6    0.49
  299 PI0          111   1 260 194   0   0   -4.51    1.49   -2.2    5.2    0.13
  300 RHO+         213 197 260 194 389 390   -3.79    1.20   -2.6    4.8    0.77

                           ---STRONG HADRON DECAYS--- 

 IHEP    ID      IDPDG IST MO1 MO2 DA1 DA2   P-X     P-Y     P-Z  ENERGY    MASS
  301 RHO-        -213 198 133  15 391 392    0.40   -1.65  -32.0   32.1    0.77
  302 PI+          211   1 133  15   0   0    0.11   -1.07  -27.8   27.9    0.14
  303 K_S0         310 198 136  22 393 394   28.81  -11.51 -291.0  292.7    0.50
  304 RHO-        -213 198 139  22 395 396    4.23   -0.87  -31.6   31.9    0.77
  305 PI0          111   1 139  22   0   0    1.28   -0.77   -9.3    9.4    0.13
  306 PI0          111   1 140  22   0   0    0.92   -0.17   -6.5    6.6    0.13
  307 PI0          111   1 140  22   0   0    0.91   -0.15   -5.8    5.9    0.13
  308 PI0          111   1 140  22   0   0    0.86    0.04   -4.8    4.9    0.13
  309 N           2112   1 142  22   0   0    0.17   -1.69  -30.0   30.0    0.94
  310 PI-         -211   1 142  22   0   0    0.10   -0.50   -4.9    4.9    0.14
  311 PI+          211   1 144  28   0   0   93.48   -1.41  168.2  192.4    0.14
  312 PI-         -211   1 144  28   0   0   67.09   -0.78  120.0  137.5    0.14
  313 PI0          111   1 144  28   0   0   21.74   -0.32   38.8   44.5    0.13
  314 PI-         -211   1 147  28   0   0    3.23   -1.67   14.9   15.3    0.14
  315 PI0          111   1 147  28   0   0    4.56   -3.31   24.3   24.9    0.13
  316 PI+          211   1 148  10   0   0   -0.33   -0.19 1428.4 1428.4    0.14
  317 PI0          111   1 148  10   0   0    0.09    0.29  491.6  491.6    0.13
  318 PI+          211   1 150  15   0   0   -0.05    0.12 -524.6  524.6    0.14
  319 PI-         -211   1 150  15   0   0   -0.20   -0.13 -636.3  636.3    0.14
  320 PI0          111   1 150  15   0   0   -0.23    0.14 -201.5  201.5    0.13
  321 PBAR       -2212   1 153  10   0   0    0.78    0.14  177.3  177.3    0.94
  322 PI-         -211   1 153  10   0   0    0.01    0.24   36.1   36.1    0.14
  323 N           2112   1 154  15   0   0    0.10   -0.08  -56.4   56.4    0.94
  324 PI0          111   1 154  15   0   0    0.29    0.08  -28.0   28.0    0.13
  325 NBAR       -2112   1 155  15   0   0   -0.42   -0.84  -51.4   51.4    0.94
  326 PI+          211   1 155  15   0   0   -0.09   -0.32  -29.1   29.1    0.14
  327 OMEGA        223 198 156  22 397 399    4.88   -1.86  -39.9   40.3    0.78
  328 PI+          211   1 156  22   0   0    1.35   -0.23   -8.3    8.4    0.14
  329 RHO-        -213 198 159  22 400 401    0.38   -3.02  -68.7   68.8    0.77
  330 PI+          211   1 159  22   0   0    0.03   -0.18   -2.1    2.1    0.14
  331 K+           321   1 161  28   0   0    3.19    0.12    6.4    7.2    0.49
  332 PI0          111   1 161  28   0   0    4.27   -0.35    8.4    9.4    0.13
  333 PI+          211   1 162  28   0   0    9.01   -0.25   15.7   18.1    0.14
  334 PI-         -211   1 162  28   0   0    7.28    0.37   13.3   15.1    0.14
  335 N           2112   1 164  28   0   0    3.05   -2.37   15.9   16.4    0.94
  336 PI-         -211   1 164  28   0   0    0.81   -0.92    4.6    4.8    0.14
  337 K_S0         310 198 167  28 402 403    0.24    0.03    2.6    2.6    0.50
  338 GAMMA         22   1 172  28   0   0    0.01    0.06    0.2    0.2    0.00
  339 GAMMA         22   1 172  28   0   0    2.49    0.07    4.7    5.3    0.00
  340 K-          -321   1 174  28   0   0    1.28   -0.10    2.7    3.0    0.49
  341 PI0          111   1 174  28   0   0    1.37    0.31    3.6    3.8    0.13
  342 K0           311 198 175  28 404 404    4.67   -0.41    8.8   10.0    0.50
  343 PI+          211   1 175  28   0   0    0.80   -0.26    1.3    1.5    0.14
  344 PI-         -211   1 178  28   0   0    0.13    0.01    0.1    0.2    0.14
  345 PI0          111   1 178  28   0   0    0.92   -0.43    3.7    3.8    0.13
  346 K0           311 198 179  28 405 405    0.96   -0.55    3.6    3.8    0.50
  347 PI+          211   1 179  28   0   0    1.59   -0.74    6.8    7.0    0.14
  348 LAMBDA      3122 198 180  28 406 407    1.91   -0.60    6.7    7.0    1.12
  349 PI-         -211   1 180  28   0   0    0.28    0.06    1.6    1.6    0.14
  350 NBAR       -2112   1 181  28   0   0    2.51   -0.58    6.1    6.7    0.94
  351 PI+          211   1 181  28   0   0    0.58   -0.39    1.9    2.1    0.14
  352 LAMBDA      3122 198 182  28 408 409    1.47   -1.36    6.2    6.6    1.12
  353 PI-         -211   1 182  28   0   0    0.31    0.01    0.9    0.9    0.14
  354 K_S0         310 198 185  28 410 411    0.88   -0.19    3.6    3.7    0.50
  355 PI+          211   1 191  28   0   0    3.18   -2.47   15.3   15.8    0.14
  356 PI0          111   1 191  28   0   0    4.72   -2.76   22.6   23.2    0.13
  357 B_DBAR0     -511 199 261 194 429 430  -40.21  -15.35   -8.9   44.3    5.28
  358 P           2212   1 262 194   0   0   -2.30   -0.30   -0.8    2.6    0.94
  359 PI0          111   1 262 194   0   0   -0.07   -0.04   -0.1    0.2    0.13
  360 PI-         -211   1 265 194   0   0   -2.97   -1.18   -1.2    3.4    0.14
  361 PI0          111   1 265 194   0   0   -7.36   -2.88   -1.9    8.1    0.13
  362 K_L0         130   1 266 194   0   0   -7.73    2.49   -4.1    9.1    0.50
  363 OMEGA        223 198 268 194 412 414   -2.27   -0.34   -1.2    2.7    0.78
  364 PI0          111   1 268 194   0   0   -0.21    0.24   -0.2    0.4    0.13
  365 K-          -321   1 270 194   0   0   -1.72   -0.36   -0.4    1.9    0.49
  366 PI+          211   1 270 194   0   0   -0.37    0.22   -0.1    0.5    0.14
  367 RHO0         113 198 271 194 415 416   -1.89   -0.46   -1.1    2.3    0.77
  368 PI0          111   1 271 194   0   0   -1.38   -0.16   -0.3    1.4    0.13
  369 K_L0         130   1 272 194   0   0   -1.57    0.41   -0.7    1.8    0.50
  370 K_L0         130   1 273 194   0   0   -1.36    0.10   -0.8    1.7    0.50
  371 K0           311 198 275 194 417 417   -1.75   -0.41   -0.9    2.1    0.50
  372 PI+          211   1 275 194   0   0   -1.22   -0.27   -0.1    1.3    0.14
  373 N           2112   1 280 194   0   0  -11.10    3.67   -5.9   13.1    0.94
  374 PI-         -211   1 280 194   0   0   -4.02    1.64   -2.2    4.9    0.14
  375 NBAR       -2112   1 281 194   0   0  -12.71    4.16   -8.3   15.8    0.94
  376 PI+          211   1 281 194   0   0   -1.44    0.65   -0.9    1.8    0.14
  377 N           2112   1 284 194   0   0  -27.10   10.02  -16.1   33.1    0.94
  378 PI-         -211   1 284 194   0   0   -2.16    0.88   -1.5    2.8    0.14
  379 LAMBDA      3122 198 290 194 418 419   -3.49    1.08   -1.9    4.3    1.12
  380 PI+          211   1 290 194   0   0   -0.41    0.28   -0.4    0.7    0.14
  381 LAMBDABR   -3122 198 291 194 420 421   -4.41   -0.10   -1.9    4.9    1.12
  382 PI-         -211   1 291 194   0   0   -0.37    0.03   -0.0    0.4    0.14
  383 K0           311 198 294 194 422 422  -11.42    4.34   -6.5   13.8    0.50
  384 PI0          111   1 294 194   0   0   -8.23    2.02   -4.7    9.7    0.13
  385 P           2212   1 295 194   0   0   -3.43    1.03   -1.8    4.1    0.94
  386 PI0          111   1 295 194   0   0   -1.45    0.13   -0.7    1.6    0.13
  387 PBAR       -2212   1 296 194   0   0   -1.75    0.02   -1.1    2.2    0.94
  388 PI0          111   1 296 194   0   0   -0.84    0.17   -0.2    0.9    0.13
  389 PI+          211   1 300 194   0   0   -0.22    0.23   -0.2    0.4    0.14
  390 PI0          111   1 300 194   0   0   -3.57    0.97   -2.4    4.4    0.13
  391 PI-         -211   1 301  15   0   0   -0.19   -0.37   -9.0    9.0    0.14
  392 PI0          111   1 301  15   0   0    0.59   -1.28  -23.0   23.1    0.13
  393 PI0          111   1 303  22   0   0    7.28   -2.91  -71.9   72.4    0.13
  394 PI0          111   1 303  22   0   0   21.53   -8.60 -219.1  220.3    0.13
  395 PI-         -211   1 304  22   0   0    0.45   -0.31   -4.0    4.1    0.14
  396 PI0          111   1 304  22   0   0    3.79   -0.57  -27.5   27.8    0.13
  397 PI+          211   1 327  22   0   0    0.50   -0.19   -5.2    5.2    0.14
  398 PI-         -211   1 327  22   0   0    3.06   -1.19  -25.7   25.9    0.14
  399 PI0          111   1 327  22   0   0    1.31   -0.48   -9.1    9.2    0.13
  400 PI-         -211   1 329  22   0   0    0.02   -2.43  -54.0   54.1    0.14
  401 PI0          111   1 329  22   0   0    0.36   -0.59  -14.7   14.7    0.13
  402 PI+          211   1 337  28   0   0    0.20   -0.10    0.7    0.7    0.14
  403 PI-         -211   1 337  28   0   0    0.04    0.13    1.9    1.9    0.14
  404 K_S0         310 198 342  28 423 424    4.67   -0.41    8.8   10.0    0.50
  405 K_S0         310 198 346  28 425 426    0.96   -0.55    3.6    3.8    0.50
  406 P           2212   1 348  28   0   0    1.75   -0.46    5.9    6.2    0.94
  407 PI-         -211   1 348  28   0   0    0.16   -0.14    0.8    0.8    0.14
  408 P           2212   1 352  28   0   0    1.40   -1.28    5.8    6.2    0.94
  409 PI-         -211   1 352  28   0   0    0.08   -0.08    0.4    0.5    0.14
  410 PI+          211   1 354  28   0   0    0.36   -0.18    2.2    2.3    0.14
  411 PI-         -211   1 354  28   0   0    0.52   -0.01    1.3    1.4    0.14
  412 PI+          211   1 363 194   0   0   -0.41   -0.13   -0.2    0.5    0.14
  413 PI-         -211   1 363 194   0   0   -0.24   -0.10   -0.3    0.4    0.14
  414 PI0          111   1 363 194   0   0   -1.62   -0.11   -0.6    1.8    0.13
  415 PI+          211   1 367 194   0   0   -1.43   -0.57   -1.0    1.9    0.14
  416 PI-         -211   1 367 194   0   0   -0.45    0.11   -0.0    0.5    0.14
  417 K_S0         310 198 371 194 427 428   -1.75   -0.41   -0.9    2.1    0.50
  418 N           2112   1 379 194   0   0   -3.26    0.95   -1.8    3.9    0.94
  419 PI0          111   1 379 194   0   0   -0.23    0.12   -0.2    0.3    0.13
  420 PBAR       -2212   1 381 194   0   0   -3.57   -0.03   -1.5    4.0    0.94
  421 PI+          211   1 381 194   0   0   -0.85   -0.07   -0.4    1.0    0.14
  422 K_L0         130   1 383 194   0   0  -11.42    4.34   -6.5   13.8    0.50
  423 PI+          211   1 404  28   0   0    1.61   -0.01    3.3    3.7    0.14
  424 PI-         -211   1 404  28   0   0    3.06   -0.40    5.5    6.3    0.14
  425 PI+          211   1 405  28   0   0    0.08   -0.15    0.5    0.5    0.14
  426 PI-         -211   1 405  28   0   0    0.87   -0.40    3.2    3.3    0.14
  427 PI+          211   1 417 194   0   0   -0.98   -0.15   -0.3    1.0    0.14
  428 PI-         -211   1 417 194   0   0   -0.77   -0.26   -0.6    1.0    0.14

                           ---HEAVY PARTICLE DECAYS---

 IHEP    ID      IDPDG IST MO1 MO2 DA1 DA2   P-X     P-Y     P-Z  ENERGY    MASS
  429 BQRK           5 155 357 430 431 433  -37.77  -14.42   -8.3   41.6    4.96
  430 DBAR          -1 125 357 433 434 433   -2.44   -0.93   -0.5    2.7    0.32
  431 CQRK           4 123 429 432 435 432  -10.95   -4.62   -3.3   12.4    1.55
  432 UBAR          -2 124 429 431 437 431   -1.19   -0.28    0.3    1.3    0.32
  433 DQRK           1 124 429 429 439 429  -25.63   -9.52   -5.3   27.9    0.32
  434 DBAR          -1 160 430 443 445 443   -2.44   -0.93   -0.5    2.7    0.32

                              ---PARTON SHOWERS---    

 IHEP    ID      IDPDG IST MO1 MO2 DA1 DA2   P-X     P-Y     P-Z  ENERGY    MASS
  435 CQRK          94 143 431 429 436 436  -10.95   -4.62   -3.3   12.4    1.55
  436 CQRK           4   2 435 438 441 438  -10.95   -4.62   -3.3   12.4    1.55
  437 UBAR          94 144 432 429 438 438   -1.19   -0.28    0.3    1.3    0.32
  438 UBAR          -2   2 437 441 442 441   -1.19   -0.28    0.3    1.3    0.32
  439 DQRK          94 144 433 429 440 440  -25.63   -9.52   -5.3   27.9    0.32
  440 DQRK           1   2 439 434 443 434  -25.63   -9.52   -5.3   27.9    0.32

                              ---GLUON SPLITTING---   

 IHEP    ID      IDPDG IST MO1 MO2 DA1 DA2   P-X     P-Y     P-Z  ENERGY    MASS
  441 CQRK           4 158 435 442 444 442  -10.95   -4.62   -3.3   12.4    1.55
  442 UBAR          -2 158 437 441 444 441   -1.19   -0.28    0.3    1.3    0.32
  443 DQRK           1 158 439 434 445 434  -25.63   -9.52   -5.3   27.9    0.32

                             ---CLUSTER FORMATION---  

 IHEP    ID      IDPDG IST MO1 MO2 DA1 DA2   P-X     P-Y     P-Z  ENERGY    MASS
  444 CLUS          91 183 441 442 446 447  -12.14   -4.90   -3.0   13.7    2.78
  445 CLUS          91 183 443 434 448 449  -28.07  -10.45   -5.8   30.5    1.14

                              ---CLUSTER DECAYS---    

 IHEP    ID      IDPDG IST MO1 MO2 DA1 DA2   P-X     P-Y     P-Z  ENERGY    MASS
  446 DL_10      10423 197 444 435 450 451  -11.69   -4.79   -3.1   13.2    2.42
  447 PI0          111   1 444 435   0   0   -0.45   -0.11    0.1    0.5    0.13
  448 PI0          111   1 445 439   0   0  -27.65  -10.27   -5.7   30.0    0.13
  449 PI0          111   1 445 439   0   0   -0.42   -0.18   -0.1    0.5    0.13

                           ---STRONG HADRON DECAYS--- 

 IHEP    ID      IDPDG IST MO1 MO2 DA1 DA2   P-X     P-Y     P-Z  ENERGY    MASS
  450 D+           411 198 446 435 452 453   -7.25   -3.25   -2.0    8.4    1.87
  451 PI-         -211   1 446 435   0   0   -4.44   -1.54   -1.2    4.8    0.14
  452 KBAR0       -311 198 450 435 454 454   -0.99   -0.85   -0.5    1.5    0.50
  453 RHO+         213 198 450 435 455 456   -6.26   -2.39   -1.4    6.9    0.77
  454 K_S0         310 198 452 435 457 458   -0.99   -0.85   -0.5    1.5    0.50
  455 PI+          211   1 453 435   0   0   -2.40   -1.23   -0.4    2.7    0.14
  456 PI0          111   1 453 435   0   0   -3.87   -1.17   -1.1    4.2    0.13
  457 PI0          111   1 454 435   0   0   -0.87   -0.82   -0.4    1.3    0.13
  458 PI0          111   1 454 435   0   0   -0.12   -0.03   -0.1    0.2    0.13

                           ---HEAVY PARTICLE DECAYS---

 IHEP    ID      IDPDG IST MO1 MO2 DA1 DA2   P-X     P-Y     P-Z  ENERGY    MASS
  459 UQRK           2 125 292 463 464 463   -6.46    2.28   -3.8    7.9    0.32
  460 BBAR          -5 155 292 459 461 463 -100.07   35.33  -59.4  121.7    4.96
  461 CBAR          -4 123 460 462 465 462  -60.82   22.05  -36.3   74.2    1.55
  462 CQRK           4 124 460 461 467 461  -30.39    9.50  -18.0   36.6    1.55
  463 SBAR          -3 124 460 460 469 460   -8.87    3.77   -5.1   10.9    0.50
  464 UQRK           2 160 459 473 474 473   -6.46    2.28   -3.8    7.9    0.32

                              ---PARTON SHOWERS---    

 IHEP    ID      IDPDG IST MO1 MO2 DA1 DA2   P-X     P-Y     P-Z  ENERGY    MASS
  465 CBAR          94 143 461 460 466 466  -60.82   22.05  -36.3   74.2    1.55
  466 CBAR          -4   2 465 468 471 468  -60.82   22.05  -36.3   74.2    1.55
  467 CQRK          94 144 462 460 468 468  -30.39    9.50  -18.0   36.6    1.55
  468 CQRK           4   2 467 471 472 471  -30.39    9.50  -18.0   36.6    1.55
  469 SBAR          94 144 463 460 470 470   -8.87    3.77   -5.1   10.9    0.50
  470 SBAR          -3   2 469 464 473 464   -8.87    3.77   -5.1   10.9    0.50

                              ---GLUON SPLITTING---   

 IHEP    ID      IDPDG IST MO1 MO2 DA1 DA2   P-X     P-Y     P-Z  ENERGY    MASS
  471 CBAR          -4 158 465 472 475 472  -60.82   22.05  -36.3   74.2    1.55
  472 CQRK           4 158 467 471 475 471  -30.39    9.50  -18.0   36.6    1.55
  473 SBAR          -3 158 469 464 474 464   -8.87    3.77   -5.1   10.9    0.50

                             ---CLUSTER FORMATION---  

 IHEP    ID      IDPDG IST MO1 MO2 DA1 DA2   P-X     P-Y     P-Z  ENERGY    MASS
  474 CLUS          91 183 464 473 476 477  -15.33    6.05   -8.9   18.8    0.99
  475 CLUS          91 183 472 471 478 479  -91.20   31.55  -54.3  110.8    3.88

                              ---CLUSTER DECAYS---    

 IHEP    ID      IDPDG IST MO1 MO2 DA1 DA2   P-X     P-Y     P-Z  ENERGY    MASS
  476 PI+          211   1 474 459   0   0   -5.81    1.95   -3.5    7.1    0.14
  477 K0           311 197 474 459 480 480   -9.52    4.11   -5.5   11.7    0.50
  478 D0           421 197 475 467 481 485  -38.60   12.89  -23.0   46.8    1.86
  479 DBAR0       -421 197 475 467 486 488  -52.60   18.66  -31.4   64.0    1.86

                           ---STRONG HADRON DECAYS--- 

 IHEP    ID      IDPDG IST MO1 MO2 DA1 DA2   P-X     P-Y     P-Z  ENERGY    MASS
  480 K_L0         130   1 477 459   0   0   -9.52    4.11   -5.5   11.7    0.50
  481 PI+          211   1 478 467   0   0  -13.83    4.46   -7.9   16.5    0.14
  482 PI+          211   1 478 467   0   0   -8.48    2.85   -5.2   10.3    0.14
  483 PI-         -211   1 478 467   0   0   -4.07    1.62   -2.2    4.9    0.14
  484 PI-         -211   1 478 467   0   0   -5.79    2.16   -3.6    7.2    0.14
  485 PI0          111   1 478 467   0   0   -6.44    1.80   -4.1    7.8    0.13
  486 NU_EBAR      -12   1 479 467   0   0  -42.88   15.42  -25.2   52.1    0.00
  487 E-            11   1 479 467   0   0   -0.57    0.09   -0.4    0.7    0.00
  488 K+           321   1 479 467   0   0   -9.15    3.15   -5.8   11.3    0.49



 EVENT       2: 6500.00 GEV/C P        ON  6500.00 GEV/C P        PROCESS:-18000
 SEEDS:   230047618 &   138268662   STATUS:  100 ERROR:   0  WEIGHT:  5.9036E-04


                               ---INITIAL STATE---    

 IHEP    ID      IDPDG IST MO1 MO2 DA1 DA2   P-X     P-Y     P-Z  ENERGY    MASS
    1 P           2212 101   0   0   0   0    0.00    0.00 6500.0 6500.0    0.94
    2 P           2212 102   0   0   0   0    0.00    0.00-6500.0 6500.0    0.94
    3 CMF            0 103   1   2   0   0    0.00    0.00    0.013000.013000.00

                              ---HARD SUBPROCESS---   

 IHEP    ID      IDPDG IST MO1 MO2 DA1 DA2   P-X     P-Y     P-Z  ENERGY    MASS
    4 DQRK           1 121   6   8  10   9    0.00    0.00 2725.2 2725.2    0.32
    5 UQRK           2 122   6   9  14   8    0.00    0.00 -506.2  506.2    0.32
    6 HARD           0 120   4   5   7   9   -3.06   -9.09 2219.1 3231.4 2349.02
    7 HIGGS         25 123   6   7  20   7 -195.91   83.10  224.3  333.5  125.00
    8 DQRK           1 124   6   5  21   4  165.86  -32.96 -435.4  467.1    0.32
    9 UQRK           2 124   6   4  25   5   30.05  -50.15 2430.1 2430.8    0.32

                              ---PARTON SHOWERS---    

 IHEP    ID      IDPDG IST MO1 MO2 DA1 DA2   P-X     P-Y     P-Z  ENERGY    MASS
   10 DQRK          94 141   4   6  12  13   -0.45   -0.84 2726.0 2726.0   -4.98
   11 CONE           0 100   4   9   0   0    0.51   -0.86   31.0   31.0    0.00
   12 GLUON         21   2  10  13  30  31    0.45    0.84  165.8  165.8    0.75
   13 UU          2203   2  10  23  32  31    0.00    0.00 3608.3 3608.3    0.32
   14 UQRK          94 142   5   6  16  19   -2.61   -8.25 -506.9  505.5  -39.23
   15 CONE           0 100   5   8   0   0    0.98   -0.19   -1.8    2.1    0.00
   16 GLUON         21   2  14  17  33  34    2.59   -1.44   -9.1    9.6    0.75
   17 GLUON         21   2  14  18  35  36   -1.69    6.35  -36.1   36.7    0.75
   18 GLUON         21   2  14  19  37  38    1.70    3.34  -21.0   21.4    0.75
   19 UD          2101   2  14  27  39  38    0.00    0.00-5926.9 5926.9    0.29
   20 HIGGS         25 195   7   6 140 141 -196.22   82.16  224.3  333.5  125.00
   21 DQRK          94 144   8   6  23  24  165.41  -34.27 -435.3  467.1    9.81
   22 CONE           0 100   8   5   0   0   -0.31    0.06   -2.0    2.0    0.00
   23 DQRK           1   2  21  24  40  32   53.16  -10.32 -127.4  138.4    0.32
   24 GLUON         21   2  21  33  41  42  112.25  -23.95 -307.9  328.6    0.75
   25 UQRK          94 144   9   6  27  29   27.75  -56.99 2430.1 2430.9    8.53
   26 CONE           0 100   9   4   0   0   -0.12    0.24   28.0   28.0    0.00
   27 UQRK           2   2  25  28  43  39    9.36  -17.82  635.5  635.9    0.32
   28 GLUON         21   2  25  29  44  45    8.67  -16.91  790.9  791.2    0.75
   29 GLUON         21   2  25  30  46  47    9.72  -22.25 1003.6 1003.9    0.75

                              ---GLUON SPLITTING---   

 IHEP    ID      IDPDG IST MO1 MO2 DA1 DA2   P-X     P-Y     P-Z  ENERGY    MASS
   30 UBAR          -2 158  10  31  91  65    0.16    0.07   36.3   36.3    0.32
   31 UQRK           2 158  10  48  74  30    0.02    0.24   51.0   51.1    0.32
   32 UU          2203 161  10  40  83  49    0.00    0.02 1527.7 1527.7    0.64
   33 UBAR          -2 158  14  34  89  61    1.51   -0.40   -4.3    4.6    0.32
   34 UQRK           2 158  14  52  75  33    1.60   -0.82   -5.6    5.9    0.32
   35 UBAR          -2 158  14  36  85  53   -1.11    4.22  -24.3   24.7    0.32
   36 UQRK           2 158  14  37  76  35   -0.45    1.66   -9.1    9.3    0.32
   37 DBAR          -1 158  14  38  76  36    0.55    0.91   -6.5    6.6    0.32
   38 DQRK           1 158  14  54  77  37    0.88    1.86  -11.2   11.4    0.32
   39 UD          2101 162  14  43  84  51    0.00    0.00-4881.6 4881.6    0.64
   40 DQRK           1 158  21  58  78  32   20.59   -4.00  -49.4   53.7    0.32
   41 UBAR          -2 158  21  42  87  57    8.26   -1.75  -22.4   24.0    0.32
   42 UQRK           2 158  21  60  79  41   74.67  -15.94 -204.7  218.5    0.32
   43 UQRK           2 158  25  62  80  39    7.39  -14.07  502.1  502.3    0.32
   44 DBAR          -1 158  25  45  90  63    1.69   -3.48  157.4  157.4    0.32
   45 DQRK           1 158  25  46  81  44    5.11   -9.56  452.3  452.4    0.32
   46 DBAR          -1 158  25  47  81  45    6.69  -15.61  703.9  704.1    0.32
   47 DQRK           1 158  25  66  82  46    1.54   -3.38  153.0  153.1    0.32
   48 DBAR          -1 159  10  49  74  31    0.00    0.00 1852.4 1852.4    0.32
   49 DQRK           1 159  10  32  83  48    0.00    0.03  226.2  226.2    0.32
   50 DBAR          -1 159  14  51  93  69    0.00    0.00 -391.8  391.8    0.32
   51 DQRK           1 159  14  39  84  50    0.00    0.00 -127.6  127.6    0.32
   52 UBAR          -2 159  14  53  75  34   -0.04    0.35   -2.4    2.5    0.32
   53 UQRK           2 159  14  35  85  52    0.28   -0.08   -1.5    1.5    0.32
   54 SBAR          -3 159  14  55  77  38    0.02    0.05  -23.4   23.4    0.50
   55 SQRK           3 159  14  70  86  54    0.08    0.16   -8.5    8.5    0.50
   56 SBAR          -3 159  21  57  88  59   15.25   -3.23  -41.6   44.4    0.50
   57 SQRK           3 159  21  41  87  56    7.85   -1.61  -20.4   22.0    0.50
   58 DBAR          -1 159  21  59  78  40    8.84   -1.73  -21.4   23.3    0.32
   59 DQRK           1 159  21  56  88  58   20.06   -3.90  -48.2   52.3    0.32
   60 SBAR          -3 159  14  61  79  42    1.99   -0.58   -5.8    6.1    0.50
   61 SQRK           3 159  21  33  89  60    7.03   -1.54  -19.4   20.7    0.50
   62 SBAR          -3 159  25  63  80  43    1.94   -3.94  173.8  173.8    0.50
   63 SQRK           3 159  25  44  90  62    1.90   -3.68  140.9  141.0    0.50
   64 SBAR          -3 159  10  65  92  67    0.22   -0.04   43.7   43.7    0.50
   65 SQRK           3 159  25  30  91  64    0.22   -0.19   37.2   37.2    0.50
   66 DBAR          -1 159  10  67  82  47    0.14   -0.00   29.4   29.4    0.32
   67 DQRK           1 159  25  64  92  66    1.17   -2.57  116.9  116.9    0.32
   68 DBAR          -1 159  14  69  95  73    0.00    0.00 -304.3  304.3    0.32
   69 DQRK           1 159  14  50  93  68    0.03    0.06   -8.4    8.4    0.32
   70 UBAR          -2 159  14  71  86  55    0.02    0.05   -9.9    9.9    0.32
   71 UQRK           2 159  14  72  94  70    0.10    0.21   -3.6    3.6    0.32
   72 SBAR          -3 159  14  73  94  71    0.01    0.02  -71.1   71.1    0.50
   73 SQRK           3 159  14  68  95  72    0.01    0.01 -100.0  100.0    0.50

                             ---CLUSTER FORMATION---  

 IHEP    ID      IDPDG IST MO1 MO2 DA1 DA2   P-X     P-Y     P-Z  ENERGY    MASS
   74 CLUS          91 183  31  48  96  97    0.02    0.24 1903.4 1903.4    2.45
   75 CLUS          91 183  34  52  98  99    1.56   -0.47   -8.0    8.3    1.69
   76 CLUS          91 183  36  37 100 101    0.09    2.57  -15.7   15.9    1.26
   77 CLUS          91 183  38  54 102 103    0.90    1.92  -34.5   34.7    3.04
   78 CLUS          91 183  40  58 104 105   29.43   -5.73  -70.9   77.0    0.71
   79 CLUS          91 183  42  60 106 107   76.66  -16.52 -210.5  224.6    3.21
   80 CLUS          91 183  43  62 108 109    9.33  -18.01  675.9  676.2    2.17
   81 CLUS          91 183  45  46 110 111   11.80  -25.17 1156.2 1156.5    1.34
   82 CLUS          91 183  47  66 112 113    1.68   -3.38  182.4  182.5    1.74
   83 CLUS          91 184  49  32 114 115    0.00    0.05 1753.9 1753.9    1.13
   84 CLUS          91 185  51  39 116 117    0.00    0.00-5009.2 5009.2    2.11
   85 CLUS          91 183  53  35 118 119   -0.83    4.14  -25.8   26.2    2.39
   86 CLUS          91 183  55  70 120 121    0.10    0.21  -18.4   18.5    0.87
   87 CLUS          91 183  57  41 122 123   16.12   -3.36  -42.9   45.9    0.91
   88 CLUS          91 183  59  56 124 125   35.31   -7.13  -89.7   96.7    2.24
   89 CLUS          91 183  61  33 126 127    8.54   -1.95  -23.6   25.2    0.95
   90 CLUS          91 183  63  44 128 129    3.59   -7.16  298.3  298.4    1.12
   91 CLUS          91 183  65  30 130 131    0.38   -0.12   73.5   73.5    0.88
   92 CLUS          91 183  67  64 132 133    1.39   -2.60  160.6  160.6    1.86
   93 CLUS          91 183  69  50 134 135    0.03    0.06 -400.3  400.3    2.27
   94 CLUS          91 183  71  72 136 137    0.11    0.23  -74.6   74.7    1.87
   95 CLUS          91 183  73  68 138 139    0.01    0.01 -404.3  404.3    1.07

                              ---CLUSTER DECAYS---    

 IHEP    ID      IDPDG IST MO1 MO2 DA1 DA2   P-X     P-Y     P-Z  ENERGY    MASS
   96 RHO0         113 197  74  10 229 230   -0.27   -0.53  852.8  852.8    0.77
   97 A_1+       20213 197  74  10 231 232    0.28    0.77 1050.6 1050.6    1.23
   98 F_2          225 197  75  14 233 234    0.87   -0.52   -6.0    6.2    1.27
   99 PI0          111   1  75  14   0   0    0.69    0.05   -2.0    2.1    0.13
  100 PI+          211   1  76  14   0   0   -0.07    1.01   -7.8    7.9    0.14
  101 OMEGA        223 197  76  14 235 237    0.16    1.56   -7.8    8.0    0.78
  102 K*0          313 197  77  14 238 239   -0.19    0.38   -4.6    4.7    0.90
  103 HH_10      10333 197  77  14 240 241    1.10    1.54  -30.0   30.1    1.40
  104 PI-         -211   1  78  21   0   0   27.26   -5.29  -65.3   71.0    0.14
  105 PI+          211   1  78  21   0   0    2.17   -0.44   -5.6    6.0    0.14
  106 P           2212   1  79  21   0   0   38.77   -7.66 -103.3  110.6    0.94
  107 SIGMABR0   -3212 197  79  21 242 243   37.88   -8.86 -107.2  114.1    1.19
  108 RHO0         113 197  80  25 244 245    6.47  -12.35  445.3  445.5    0.77
  109 K*+          323 197  80  25 246 247    2.86   -5.66  230.6  230.7    0.89
  110 RHO0         113 197  81  25 248 249    6.97  -15.80  725.3  725.5    0.77
  111 PI0          111   1  81  25   0   0    4.83   -9.37  430.9  431.0    0.13
  112 PI-         -211   1  82  25   0   0    1.60   -1.93  114.6  114.7    0.14
  113 RHO+         213 197  82  25 250 251    0.09   -1.45   67.8   67.8    0.77
  114 PI0          111   1  83  10   0   0   -0.10    0.05  195.8  195.8    0.13
  115 P           2212   1  83  10   0   0    0.10    0.00 1558.1 1558.1    0.94
  116 OMEGA        223 197  84  14 252 254   -0.14    0.19-3679.4 3679.4    0.78
  117 N           2112   1  84  14   0   0    0.14   -0.19-1329.7 1329.7    0.94
  118 PI0          111   1  85  14   0   0   -0.09    0.92   -2.7    2.9    0.13
  119 RHOD0      30113 197  85  14 255 257   -0.74    3.22  -23.0   23.3    1.70
  120 K-          -321   1  86  14   0   0    0.05    0.41  -13.6   13.6    0.49
  121 PI0          111   1  86  14   0   0    0.05   -0.20   -4.9    4.9    0.13
  122 KBAR0       -311 197  87  21 258 258   13.50   -2.91  -36.5   39.1    0.50
  123 PI-         -211   1  87  21   0   0    2.62   -0.45   -6.3    6.9    0.14
  124 N           2112   1  88  21   0   0   17.27   -3.61  -45.1   48.4    0.94
  125 LAMBDABR   -3122 197  88  21 259 260   18.03   -3.52  -44.6   48.3    1.12
  126 KBAR0       -311 197  89  21 261 261    7.46   -1.50  -20.1   21.5    0.50
  127 PI-         -211   1  89  21   0   0    1.07   -0.44   -3.5    3.7    0.14
  128 KBAR0       -311 197  90  25 262 262    1.53   -2.38  112.0  112.0    0.50
  129 PI0          111   1  90  25   0   0    2.06   -4.78  186.3  186.4    0.13
  130 KBAR0       -311 197  91  25 263 263    0.19    0.17   53.6   53.6    0.50
  131 PI-         -211   1  91  25   0   0    0.19   -0.28   19.8   19.8    0.14
  132 RHO-        -213 197  92  25 264 265    0.03   -1.38   80.6   80.6    0.77
  133 K+           321   1  92  25   0   0    1.36   -1.23   80.0   80.0    0.49
  134 N           2112   1  93  14   0   0    0.30    0.19 -163.5  163.5    0.94
  135 DELTABR0   -2114 197  93  14 266 267   -0.27   -0.13 -236.7  236.7    1.23
  136 RHO+         213 197  94  14 268 269    0.58    0.57  -47.6   47.6    0.77
  137 K0           311 197  94  14 270 270   -0.47   -0.34  -27.1   27.1    0.50
  138 KBAR0       -311 197  95  14 271 271    0.22   -0.30 -181.3  181.3    0.50
  139 PI0          111   1  95  14   0   0   -0.21    0.31 -223.0  223.0    0.13

                            ---H/W/Z BOSON DECAYS---  

 IHEP    ID      IDPDG IST MO1 MO2 DA1 DA2   P-X     P-Y     P-Z  ENERGY    MASS
  140 BQRK           5 123  20 141 142 141  -49.56   79.06  125.7  156.6    4.95
  141 BBAR          -5 124  20 140 148 140 -146.66    3.10   98.6  176.8    4.95

                              ---PARTON SHOWERS---    

 IHEP    ID      IDPDG IST MO1 MO2 DA1 DA2   P-X     P-Y     P-Z  ENERGY    MASS
  142 BQRK          94 143 140  20 144 147  -55.10   71.77  120.7  154.1   31.70
  143 CONE           0 100 140 141   0   0   -1.07   -0.23    0.4    1.2    0.00
  144 BQRK           5   2 142 145 154 153  -43.79   52.80   78.8  104.6    4.95
  145 GLUON         21   2 142 146 155 156   -8.35    3.12    8.3   12.2    0.75
  146 GLUON         21   2 142 147 157 158   -2.39    7.18   14.7   16.6    0.75
  147 GLUON         21   2 142 150 159 160   -0.57    8.66   18.8   20.7    0.75
  148 BBAR          94 144 141  20 150 153 -141.13   10.39  103.7  179.4   37.39
  149 CONE           0 100 141 140   0   0   -0.21    0.76    1.0    1.3    0.00
  150 GLUON         21   2 148 151 161 162  -19.90    1.25   16.3   25.8    0.75
  151 GLUON         21   2 148 152 163 164  -43.38   -1.76   36.1   56.4    0.75
  152 GLUON         21   2 148 153 165 166  -44.12   -3.21   36.6   57.4    0.75
  153 BBAR          -5   2 148 154 167 166  -33.73   14.12   14.7   39.7    4.95

                              ---GLUON SPLITTING---   

 IHEP    ID      IDPDG IST MO1 MO2 DA1 DA2   P-X     P-Y     P-Z  ENERGY    MASS
  154 BQRK           5 158 142 170 184 167  -38.36   46.00   68.8   91.4    4.95
  155 DBAR          -1 158 142 156 191 169   -2.29    0.96    2.2    3.3    0.32
  156 DQRK           1 158 142 172 185 155   -3.91    1.40    4.1    5.8    0.32
  157 UBAR          -2 158 142 158 193 173   -0.59    1.72    3.4    3.8    0.32
  158 UQRK           2 158 142 159 186 157   -1.69    5.09   10.7   11.9    0.32
  159 DBAR          -1 158 142 160 186 158   -0.23    2.63    6.0    6.6    0.32
  160 DQRK           1 158 142 176 187 159   -0.21    3.54    7.5    8.3    0.32
  161 UBAR          -2 158 148 162 194 175   -3.53    0.27    3.0    4.6    0.32
  162 UQRK           2 158 148 163 188 161   -8.38    0.39    6.7   10.7    0.32
  163 DBAR          -1 158 148 164 188 162  -28.18   -1.00   23.3   36.6    0.32
  164 DQRK           1 158 148 165 189 163  -15.20   -0.77   12.7   19.8    0.32
  165 DBAR          -1 158 148 166 189 164  -24.69   -1.67   20.7   32.3    0.32
  166 DQRK           1 158 148 178 190 165  -13.15   -1.04   10.8   17.1    0.32
  167 BBAR          -5 158 148 154 198 183  -27.89   11.28   12.4   32.9    4.95
  168 UBAR          -2 159 142 169 192 171   -0.90    0.67    1.2    1.7    0.32
  169 UQRK           2 159 142 155 191 168   -3.36    4.07    6.1    8.1    0.32
  170 UBAR          -2 159 142 171 184 154   -0.96    0.93    1.5    2.0    0.32
  171 UQRK           2 159 142 168 192 170   -1.37    1.55    2.4    3.2    0.32
  172 DBAR          -1 159 142 173 185 156   -0.61    0.35    0.9    1.2    0.32
  173 DQRK           1 159 142 157 193 172   -0.47    0.36    0.8    1.1    0.32
  174 DBAR          -1 159 148 175 197 181   -5.55    0.42    4.6    7.3    0.32
  175 DQRK           1 159 142 161 194 174   -0.28    0.18    0.6    0.7    0.32
  176 SBAR          -3 159 148 177 187 160   -0.16    1.01    2.2    2.5    0.50
  177 SQRK           3 159 142 180 195 176   -0.18    0.85    1.9    2.1    0.50
  178 SBAR          -3 159 148 179 190 166   -1.53    0.26    1.0    1.9    0.50
  179 SQRK           3 159 148 182 196 178   -4.60   -0.30    3.7    5.9    0.50
  180 UBAR          -2 159 148 181 195 177   -1.82    0.16    1.6    2.4    0.32
  181 UQRK           2 159 142 174 197 180   -0.12    0.46    1.0    1.2    0.32
  182 DBAR          -1 159 148 183 196 179   -5.00    2.21    2.1    5.9    0.32
  183 DQRK           1 159 148 167 198 182   -0.98    0.16    0.6    1.2    0.32

                             ---CLUSTER FORMATION---  

 IHEP    ID      IDPDG IST MO1 MO2 DA1 DA2   P-X     P-Y     P-Z  ENERGY    MASS
  184 CLUS          91 183 154 170 199 200  -39.33   46.93   70.3   93.4    5.55
  185 CLUS          91 183 156 172 201 202   -4.52    1.75    4.9    7.0    0.96
  186 CLUS          91 183 158 159 203 204   -1.91    7.72   16.7   18.5    1.20
  187 CLUS          91 183 160 176 205 206   -0.37    4.55    9.7   10.8    1.12
  188 CLUS          91 183 162 163 207 208  -36.56   -0.60   30.0   47.3    1.52
  189 CLUS          91 183 164 165 209 210  -39.90   -2.44   33.4   52.1    0.74
  190 CLUS          91 183 166 178 211 212  -14.68   -0.77   11.8   18.9    2.11
  191 CLUS          91 183 169 155 213 214   -5.65    5.03    8.3   11.4    1.99
  192 CLUS          91 183 171 168 215 216   -2.27    2.22    3.5    4.8    0.75
  193 CLUS          91 183 173 157 217 218   -1.07    2.08    4.2    4.9    1.02
  194 CLUS          91 183 175 161 219 220   -3.81    0.46    3.5    5.4    1.25
  195 CLUS          91 183 177 180 221 222   -2.00    1.00    3.4    4.6    1.97
  196 CLUS          91 183 179 182 223 224   -9.60    1.91    5.8   11.8    3.13
  197 CLUS          91 183 181 174 225 226   -5.67    0.87    5.7    8.4    2.44
  198 CLUS          91 183 183 167 227 228  -28.87   11.45   13.1   34.1    5.55

                              ---CLUSTER DECAYS---    

 IHEP    ID      IDPDG IST MO1 MO2 DA1 DA2   P-X     P-Y     P-Z  ENERGY    MASS
  199 B*BAR0      -513 197 184 142 272 273  -38.87   46.47   69.6   92.4    5.32
  200 PI-         -211   1 184 142   0   0   -0.45    0.46    0.7    1.0    0.14
  201 PI-         -211   1 185 142   0   0   -0.93    0.72    1.5    1.9    0.14
  202 PI+          211   1 185 142   0   0   -3.59    1.03    3.5    5.1    0.14
  203 K+           321   1 186 142   0   0   -1.00    5.19   11.0   12.2    0.49
  204 KBAR0       -311 197 186 142 274 274   -0.91    2.53    5.7    6.3    0.50
  205 PI0          111   1 187 142   0   0    0.10    0.80    1.7    1.9    0.13
  206 K*0          313 197 187 142 275 276   -0.47    3.75    8.0    8.9    0.90
  207 ETA          221 197 188 148 277 279  -11.92   -0.42    9.5   15.2    0.55
  208 RHO+         213 197 188 148 280 281  -24.64   -0.18   20.6   32.1    0.77
  209 PI0          111   1 189 148   0   0  -12.57   -1.08   10.6   16.5    0.13
  210 PI0          111   1 189 148   0   0  -27.33   -1.36   22.8   35.6    0.13
  211 PI0          111   1 190 148   0   0   -9.69   -0.11    7.0   11.9    0.13
  212 K*0          313 197 190 148 282 283   -4.99   -0.67    4.8    7.0    0.90
  213 PI0          111   1 191 142   0   0   -0.12    0.22    0.2    0.3    0.13
  214 RHOD+      30213 197 191 142 284 285   -5.53    4.82    8.1   11.1    1.70
  215 PI+          211   1 192 142   0   0   -1.85    1.63    3.1    3.9    0.14
  216 PI-         -211   1 192 142   0   0   -0.42    0.59    0.5    0.9    0.14
  217 RHO-        -213 197 193 142 286 287   -0.96    1.82    3.9    4.5    0.77
  218 PI0          111   1 193 142   0   0   -0.11    0.26    0.3    0.4    0.13
  219 ETAP         331 197 194 142 288 290   -3.56    0.28    3.2    4.9    0.96
  220 PI-         -211   1 194 142   0   0   -0.26    0.18    0.3    0.5    0.14
  221 ETAP         331 197 195 142 291 293   -0.80   -0.13    1.6    2.1    0.96
  222 K-          -321   1 195 142   0   0   -1.19    1.13    1.8    2.5    0.49
  223 SIGMA*+     3224 197 196 148 294 295   -5.81    0.64    4.2    7.3    1.38
  224 DELTABR-   -2214 197 196 148 296 297   -3.79    1.27    1.6    4.5    1.23
  225 A_2+         215 197 197 142 298 299   -2.90    0.90    3.5    4.8    1.32
  226 OMEGA        223 197 197 142 300 302   -2.77   -0.03    2.1    3.6    0.78
  227 PI0          111   1 198 148   0   0   -0.42    0.06    0.3    0.5    0.13
  228 B_D0         511 200 198 148 303 303  -28.46   11.39   12.8   33.6    5.28

                           ---STRONG HADRON DECAYS--- 

 IHEP    ID      IDPDG IST MO1 MO2 DA1 DA2   P-X     P-Y     P-Z  ENERGY    MASS
  229 PI+          211   1  96  10   0   0   -0.24   -0.08  629.8  629.8    0.14
  230 PI-         -211   1  96  10   0   0   -0.03   -0.44  223.0  223.0    0.14
  231 RHO+         213 198  97  10 304 305   -0.10    0.73  809.9  809.9    0.77
  232 PI0          111   1  97  10   0   0    0.38    0.04  240.7  240.7    0.13
  233 PI+          211   1  98  14   0   0   -0.01   -0.45   -0.7    0.9    0.14
  234 PI-         -211   1  98  14   0   0    0.88   -0.07   -5.3    5.4    0.14
  235 PI+          211   1 101  14   0   0    0.02    0.60   -4.1    4.1    0.14
  236 PI-         -211   1 101  14   0   0    0.10    0.16   -1.1    1.1    0.14
  237 PI0          111   1 101  14   0   0    0.04    0.81   -2.7    2.8    0.13
  238 K0           311 198 102  14 306 306   -0.11    0.51   -4.1    4.2    0.50
  239 PI0          111   1 102  14   0   0   -0.09   -0.13   -0.5    0.5    0.13
  240 K0           311 198 103  14 307 307    0.42    0.53  -10.8   10.9    0.50
  241 K*BAR0      -313 198 103  14 308 309    0.68    1.00  -19.1   19.2    0.90
  242 LAMBDABR   -3122 198 107  21 310 311   37.29   -8.72 -105.4  112.2    1.12
  243 GAMMA         22   1 107  21   0   0    0.59   -0.14   -1.8    1.9    0.00
  244 PI+          211   1 108  25   0   0    1.52   -2.90  114.3  114.4    0.14
  245 PI-         -211   1 108  25   0   0    4.95   -9.45  330.9  331.1    0.14
  246 K+           321   1 109  25   0   0    1.76   -4.10  160.5  160.6    0.49
  247 PI0          111   1 109  25   0   0    1.11   -1.56   70.1   70.1    0.13
  248 PI+          211   1 110  25   0   0    4.00   -9.90  451.9  452.1    0.14
  249 PI-         -211   1 110  25   0   0    2.97   -5.90  273.3  273.4    0.14
  250 PI+          211   1 113  25   0   0   -0.16   -0.26   25.8   25.8    0.14
  251 PI0          111   1 113  25   0   0    0.24   -1.19   42.0   42.0    0.13
  252 PI+          211   1 116  14   0   0   -0.12    0.22-2074.0 2074.0    0.14
  253 PI-         -211   1 116  14   0   0   -0.03   -0.12 -292.7  292.7    0.14
  254 PI0          111   1 116  14   0   0    0.00    0.10-1312.7 1312.7    0.13
  255 RHO+         213 198 119  14 312 313   -0.60    3.07  -20.8   21.0    0.77
  256 PI-         -211   1 119  14   0   0   -0.23    0.06   -1.5    1.6    0.14
  257 PI0          111   1 119  14   0   0    0.09    0.10   -0.7    0.7    0.13
  258 K_L0         130   1 122  21   0   0   13.50   -2.91  -36.5   39.1    0.50
  259 PBAR       -2212   1 125  21   0   0   15.94   -3.20  -39.4   42.6    0.94
  260 PI+          211   1 125  21   0   0    2.09   -0.32   -5.2    5.6    0.14
  261 K_L0         130   1 126  21   0   0    7.46   -1.50  -20.1   21.5    0.50
  262 K_L0         130   1 128  25   0   0    1.53   -2.38  112.0  112.0    0.50
  263 K_S0         310 198 130  25 314 315    0.19    0.17   53.6   53.6    0.50
  264 PI-         -211   1 132  25   0   0   -0.17   -1.10   47.1   47.1    0.14
  265 PI0          111   1 132  25   0   0    0.20   -0.27   33.4   33.4    0.13
  266 PBAR       -2212   1 135  14   0   0   -0.13   -0.06 -220.5  220.5    0.94
  267 PI+          211   1 135  14   0   0   -0.14   -0.07  -16.2   16.2    0.14
  268 PI+          211   1 136  14   0   0    0.68    0.47  -29.0   29.0    0.14
  269 PI0          111   1 136  14   0   0   -0.10    0.10  -18.6   18.6    0.13
  270 K_S0         310 198 137  14 316 317   -0.47   -0.34  -27.1   27.1    0.50
  271 K_L0         130   1 138  14   0   0    0.22   -0.30 -181.3  181.3    0.50
  272 B_DBAR0     -511 200 199 142 318 318  -38.42   45.87   68.7   91.3    5.28
  273 GAMMA         22   1 199 142   0   0   -0.45    0.60    0.8    1.1    0.00
  274 K_S0         310 198 204 142 319 320   -0.91    2.53    5.7    6.3    0.50
  275 K+           321   1 206 142   0   0   -0.00    2.34    4.8    5.4    0.49
  276 PI-         -211   1 206 142   0   0   -0.47    1.41    3.2    3.5    0.14
  277 PI+          211   1 207 148   0   0   -2.66   -0.09    2.3    3.5    0.14
  278 PI-         -211   1 207 148   0   0   -5.81   -0.14    4.6    7.4    0.14
  279 PI0          111   1 207 148   0   0   -3.44   -0.19    2.7    4.4    0.13
  280 PI+          211   1 208 148   0   0  -18.48    0.11   15.6   24.2    0.14
  281 PI0          111   1 208 148   0   0   -6.16   -0.29    4.9    7.9    0.13
  282 K+           321   1 212 148   0   0   -1.72   -0.21    1.5    2.4    0.49
  283 PI-         -211   1 212 148   0   0   -3.27   -0.46    3.3    4.6    0.14
  284 ETA          221 198 214 142 321 323   -3.23    2.23    3.9    5.5    0.55
  285 RHO+         213 198 214 142 324 325   -2.30    2.58    4.2    5.5    0.77
  286 PI-         -211   1 217 142   0   0   -0.07    0.66    1.7    1.9    0.14
  287 PI0          111   1 217 142   0   0   -0.88    1.16    2.2    2.6    0.13
  288 PI+          211   1 219 142   0   0   -0.54    0.02    0.4    0.7    0.14
  289 PI-         -211   1 219 142   0   0   -0.64   -0.01    0.8    1.0    0.14
  290 ETA          221 198 219 142 326 328   -2.38    0.27    2.0    3.1    0.55
  291 PI+          211   1 221 142   0   0   -0.11    0.05    0.3    0.3    0.14
  292 PI-         -211   1 221 142   0   0   -0.19   -0.01    0.6    0.7    0.14
  293 ETA          221 198 221 142 329 330   -0.51   -0.16    0.7    1.0    0.55
  294 LAMBDA      3122 198 223 148 331 332   -4.44    0.39    3.0    5.5    1.12
  295 PI+          211   1 223 148   0   0   -1.37    0.26    1.2    1.8    0.14
  296 PBAR       -2212   1 224 148   0   0   -2.71    0.97    1.4    3.3    0.94
  297 PI0          111   1 224 148   0   0   -1.08    0.30    0.2    1.2    0.13
  298 RHO+         213 198 225 142 333 334   -2.33    0.71    2.2    3.4    0.77
  299 PI0          111   1 225 142   0   0   -0.57    0.20    1.3    1.5    0.13
  300 PI+          211   1 226 142   0   0   -0.31   -0.09    0.2    0.4    0.14
  301 PI-         -211   1 226 142   0   0   -2.21   -0.07    1.7    2.8    0.14
  302 PI0          111   1 226 142   0   0   -0.26    0.12    0.2    0.4    0.13
  303 B_D0         511 199 228 148 339 340  -28.46   11.39   12.8   33.6    5.28
  304 PI+          211   1 231  10   0   0   -0.07   -0.07   54.4   54.4    0.14
  305 PI0          111   1 231  10   0   0   -0.02    0.80  755.5  755.5    0.13
  306 K_S0         310 198 238  14 335 336   -0.11    0.51   -4.1    4.2    0.50
  307 K_S0         310 198 240  14 337 338    0.42    0.53  -10.8   10.9    0.50
  308 K-          -321   1 241  14   0   0    0.17    0.56  -12.4   12.4    0.49
  309 PI+          211   1 241  14   0   0    0.52    0.44   -6.7    6.8    0.14
  310 NBAR       -2112   1 242  21   0   0   30.43   -7.04  -86.1   91.6    0.94
  311 PI0          111   1 242  21   0   0    6.86   -1.68  -19.3   20.5    0.13
  312 PI+          211   1 255  14   0   0   -0.37    0.66   -6.3    6.3    0.14
  313 PI0          111   1 255  14   0   0   -0.23    2.41  -14.5   14.7    0.13
  314 PI+          211   1 263  25   0   0    0.14    0.11   48.4   48.4    0.14
  315 PI-         -211   1 263  25   0   0    0.05    0.05    5.2    5.3    0.14
  316 PI+          211   1 270  14   0   0   -0.30   -0.31  -23.3   23.3    0.14
  317 PI-         -211   1 270  14   0   0   -0.17   -0.03   -3.8    3.8    0.14
  318 B_DBAR0     -511 199 272 142 373 374  -38.42   45.87   68.7   91.3    5.28
  319 PI+          211   1 274 142   0   0   -0.20    0.40    1.3    1.3    0.14
  320 PI-         -211   1 274 142   0   0   -0.71    2.13    4.4    5.0    0.14
  321 PI0          111   1 284 142   0   0   -1.18    0.84    1.6    2.2    0.13
  322 PI0          111   1 284 142   0   0   -1.18    0.89    1.4    2.0    0.13
  323 PI0          111   1 284 142   0   0   -0.87    0.50    0.9    1.3    0.13
  324 PI+          211   1 285 142   0   0   -2.12    2.51    4.1    5.2    0.14
  325 PI0          111   1 285 142   0   0   -0.18    0.08    0.2    0.3    0.13
  326 PI+          211   1 290 142   0   0   -0.90    0.20    0.8    1.2    0.14
  327 PI-         -211   1 290 142   0   0   -0.66   -0.06    0.6    0.9    0.14
  328 PI0          111   1 290 142   0   0   -0.81    0.13    0.6    1.0    0.13
  329 GAMMA         22   1 293 142   0   0   -0.08   -0.29    0.4    0.5    0.00
  330 GAMMA         22   1 293 142   0   0   -0.43    0.13    0.3    0.5    0.00
  331 N           2112   1 294 148   0   0   -3.44    0.27    2.3    4.2    0.94
  332 PI0          111   1 294 148   0   0   -1.00    0.11    0.7    1.3    0.13
  333 PI+          211   1 298 142   0   0   -1.15    0.03    1.3    1.7    0.14
  334 PI0          111   1 298 142   0   0   -1.18    0.68    0.9    1.7    0.13
  335 PI0          111   1 306  14   0   0    0.13    0.07   -1.1    1.2    0.13
  336 PI0          111   1 306  14   0   0   -0.24    0.44   -3.0    3.0    0.13
  337 PI+          211   1 307  14   0   0    0.22    0.35   -8.7    8.7    0.14
  338 PI-         -211   1 307  14   0   0    0.20    0.19   -2.1    2.1    0.14

                           ---HEAVY PARTICLE DECAYS---

 IHEP    ID      IDPDG IST MO1 MO2 DA1 DA2   P-X     P-Y     P-Z  ENERGY    MASS
  339 DQRK           1 125 303 343 344 343   -1.72    0.69    0.8    2.0    0.32
  340 BBAR          -5 155 303 339 341 343  -26.73   10.70   12.0   31.6    4.96
  341 CBAR          -4 123 340 342 345 342  -11.28    4.97    3.0   12.8    1.55
  342 UQRK           2 124 340 341 347 341   -8.12    2.60    4.2    9.5    0.32
  343 DBAR          -1 124 340 340 349 340   -7.33    3.12    4.7    9.3    0.32
  344 DQRK           1 160 339 353 354 353   -1.72    0.69    0.8    2.0    0.32

                              ---PARTON SHOWERS---    

 IHEP    ID      IDPDG IST MO1 MO2 DA1 DA2   P-X     P-Y     P-Z  ENERGY    MASS
  345 CBAR          94 143 341 340 346 346  -11.28    4.97    3.0   12.8    1.55
  346 CBAR          -4   2 345 348 351 348  -11.28    4.97    3.0   12.8    1.55
  347 UQRK          94 144 342 340 348 348   -8.12    2.60    4.2    9.5    0.32
  348 UQRK           2   2 347 351 352 351   -8.12    2.60    4.2    9.5    0.32
  349 DBAR          94 144 343 340 350 350   -7.33    3.12    4.7    9.3    0.32
  350 DBAR          -1   2 349 344 353 344   -7.33    3.12    4.7    9.3    0.32

                              ---GLUON SPLITTING---   

 IHEP    ID      IDPDG IST MO1 MO2 DA1 DA2   P-X     P-Y     P-Z  ENERGY    MASS
  351 CBAR          -4 158 345 352 355 352  -11.28    4.97    3.0   12.8    1.55
  352 UQRK           2 158 347 351 355 351   -8.12    2.60    4.2    9.5    0.32
  353 DBAR          -1 158 349 344 354 344   -7.33    3.12    4.7    9.3    0.32

                             ---CLUSTER FORMATION---  

 IHEP    ID      IDPDG IST MO1 MO2 DA1 DA2   P-X     P-Y     P-Z  ENERGY    MASS
  354 CLUS          91 183 344 353 356 357   -9.06    3.81    5.5   11.3    1.03
  355 CLUS          91 183 352 351 358 359  -19.40    7.58    7.3   22.3    3.38

                              ---CLUSTER DECAYS---    

 IHEP    ID      IDPDG IST MO1 MO2 DA1 DA2   P-X     P-Y     P-Z  ENERGY    MASS
  356 PI-         -211   1 354 339   0   0   -1.08    0.41    0.3    1.2    0.14
  357 PI+          211   1 354 339   0   0   -7.97    3.40    5.2   10.1    0.14
  358 ETA          221 197 355 347 360 362   -6.82    2.23    3.5    8.0    0.55
  359 D*BAR0      -423 197 355 347 363 364  -12.58    5.35    3.8   14.3    2.01

                           ---STRONG HADRON DECAYS--- 

 IHEP    ID      IDPDG IST MO1 MO2 DA1 DA2   P-X     P-Y     P-Z  ENERGY    MASS
  360 PI0          111   1 358 347   0   0   -1.37    0.56    0.6    1.6    0.13
  361 PI0          111   1 358 347   0   0   -1.66    0.55    0.9    2.0    0.13
  362 PI0          111   1 358 347   0   0   -3.79    1.12    2.0    4.4    0.13
  363 DBAR0       -421 198 359 347 365 369  -11.56    4.94    3.5   13.2    1.86
  364 PI0          111   1 359 347   0   0   -1.02    0.41    0.3    1.1    0.13
  365 K0           311 198 363 347 370 370   -3.80    1.97    1.4    4.5    0.50
  366 PI-         -211   1 363 347   0   0   -2.47    1.05    0.8    2.8    0.14
  367 PI+          211   1 363 347   0   0   -0.27    0.13    0.0    0.3    0.14
  368 PI0          111   1 363 347   0   0   -3.01    0.78    0.8    3.2    0.13
  369 PI0          111   1 363 347   0   0   -2.01    1.01    0.5    2.3    0.13
  370 K_S0         310 198 365 347 371 372   -3.80    1.97    1.4    4.5    0.50
  371 PI+          211   1 370 347   0   0   -2.75    1.28    0.9    3.2    0.14
  372 PI-         -211   1 370 347   0   0   -1.06    0.69    0.6    1.4    0.14

                           ---HEAVY PARTICLE DECAYS---

 IHEP    ID      IDPDG IST MO1 MO2 DA1 DA2   P-X     P-Y     P-Z  ENERGY    MASS
  373 BQRK           5 155 318 374 375 377  -36.09   43.09   64.5   85.7    4.96
  374 DBAR          -1 125 318 377 378 377   -2.33    2.78    4.2    5.5    0.32
  375 SQRK           3 123 373 376 379 376   -6.73    8.42   14.4   18.0    0.50
  376 CBAR          -4 124 373 375 381 375  -16.14   19.22   27.6   37.3    1.55
  377 CQRK           4 124 373 373 383 373  -13.22   15.45   22.5   30.4    1.55
  378 DBAR          -1 160 374 387 389 387   -2.33    2.78    4.2    5.5    0.32

                              ---PARTON SHOWERS---    

 IHEP    ID      IDPDG IST MO1 MO2 DA1 DA2   P-X     P-Y     P-Z  ENERGY    MASS
  379 SQRK          94 143 375 373 380 380   -6.73    8.42   14.4   18.0    0.50
  380 SQRK           3   2 379 382 385 382   -6.73    8.42   14.4   18.0    0.50
  381 CBAR          94 144 376 373 382 382  -16.14   19.22   27.6   37.3    1.55
  382 CBAR          -4   2 381 385 386 385  -16.14   19.22   27.6   37.3    1.55
  383 CQRK          94 144 377 373 384 384  -13.22   15.45   22.5   30.4    1.55
  384 CQRK           4   2 383 378 387 378  -13.22   15.45   22.5   30.4    1.55

                              ---GLUON SPLITTING---   

 IHEP    ID      IDPDG IST MO1 MO2 DA1 DA2   P-X     P-Y     P-Z  ENERGY    MASS
  385 SQRK           3 158 379 386 388 386   -6.73    8.42   14.4   18.0    0.50
  386 CBAR          -4 158 381 385 388 385  -16.14   19.22   27.6   37.3    1.55
  387 CQRK           4 158 383 378 389 378  -13.22   15.45   22.5   30.4    1.55

                             ---CLUSTER FORMATION---  

 IHEP    ID      IDPDG IST MO1 MO2 DA1 DA2   P-X     P-Y     P-Z  ENERGY    MASS
  388 CLUS          91 183 385 386 390 391  -22.84   27.63   42.0   55.3    3.25
  389 CLUS          91 183 387 378 392 392  -15.57   18.24   26.7   35.9    1.87

                              ---CLUSTER DECAYS---    

 IHEP    ID      IDPDG IST MO1 MO2 DA1 DA2   P-X     P-Y     P-Z  ENERGY    MASS
  390 KBAR0       -311 197 388 379 393 393   -4.23    5.24    8.8   11.1    0.50
  391 DH_1-     -20413 197 388 379 394 395  -18.62   22.39   33.3   44.3    2.43
  392 D+           411 196 389 383 396 400  -15.57   18.24   26.7   35.9    1.87

                           ---STRONG HADRON DECAYS--- 

 IHEP    ID      IDPDG IST MO1 MO2 DA1 DA2   P-X     P-Y     P-Z  ENERGY    MASS
  393 K_S0         310 198 390 379 401 402   -4.23    5.24    8.8   11.1    0.50
  394 D*-         -413 198 391 379 403 404  -13.32   15.77   23.7   31.5    2.01
  395 PI0          111   1 391 379   0   0   -5.30    6.62    9.6   12.8    0.13
  396 K-          -321   1 392 383   0   0   -2.38    2.82    4.0    5.4    0.49
  397 PI+          211   1 392 383   0   0   -0.66    0.93    1.4    1.8    0.14
  398 PI+          211   1 392 383   0   0   -2.49    2.59    4.3    5.6    0.14
  399 PI0          111   1 392 383   0   0   -5.99    6.83   10.0   13.5    0.13
  400 PI0          111   1 392 383   0   0   -4.05    5.07    7.0    9.6    0.13
  401 PI+          211   1 393 379   0   0   -1.41    1.92    3.4    4.1    0.14
  402 PI-         -211   1 393 379   0   0   -2.81    3.33    5.4    6.9    0.14
  403 D-          -411 198 394 379 405 409  -12.28   14.58   21.9   29.1    1.87
  404 PI0          111   1 394 379   0   0   -1.04    1.19    1.8    2.4    0.13
  405 K0           311 198 403 379 410 410   -6.54    8.21   11.6   15.6    0.50
  406 PI-         -211   1 403 379   0   0   -2.12    2.31    3.6    4.8    0.14
  407 PI-         -211   1 403 379   0   0   -0.66    0.97    1.2    1.7    0.14
  408 PI+          211   1 403 379   0   0   -0.59    0.50    0.9    1.2    0.14
  409 PI0          111   1 403 379   0   0   -2.37    2.58    4.6    5.8    0.13
  410 K_L0         130   1 405 379   0   0   -6.54    8.21   11.6   15.6    0.50

 HWWARN CALLED FROM SUBPROGRAM HWBGEN: CODE = 100
 EVENT     377:   SEEDS = 1795620334 &  274919722  WEIGHT = 0.5904E-03
 EVENT KILLED.   EXECUTION CONTINUES

 HWWARN CALLED FROM SUBPROGRAM HWDFIV: CODE = 101
 EVENT    2561:   SEEDS = 2114557650 &  624297266  WEIGHT = 0.5904E-03
 EVENT KILLED.   EXECUTION CONTINUES

 HWWARN CALLED FROM SUBPROGRAM HWBTIM: CODE = 101
 EVENT    5949:   SEEDS =  803019941 & 1220428804  WEIGHT = 0.5904E-03
 EVENT KILLED.   EXECUTION CONTINUES

 HWWARN CALLED FROM SUBPROGRAM HWDFIV: CODE = 101
 EVENT    8066:   SEEDS =  604533658 & 1158668425  WEIGHT =-0.5904E-03
 EVENT KILLED.   EXECUTION CONTINUES

          OUTPUT ON LES HOUCHES EVENTS


      PROC CODE  XSECT(pb)        XERR(pb)      Max wgt(nb) No. of events


          OUTPUT ON ELEMENTARY PROCESS

          N.B. NEGATIVE WEIGHTS ALLOWED

          NUMBER OF EVENTS   =        9996
          NEGATIVE  EVENTS   =        2660
          NUMBER OF WEIGHTS  =       10000
          NEGATIVE  WEIGHTS  =        2662
          MEAN VALUE OF WGT  =  2.7605E-04
          RMS SPREAD IN WGT  =  5.2185E-04
          MEAN ABS WEIGHT    =  5.9036E-04
          ACTUAL MAX ABS WGT =  1.0000E+00
          ASSUMED MAXABS WGT =  2.7605E-04

          PROCESS CODE IPROC =      -18000
          CROSS SECTION (PB) =  0.2761    
          ERROR IN C-S  (PB) =  5.2185E-03
          EFFICIENCY PERCENT =   100.0    
 # of events processed=        9996
