 A PDF is used, so alpha_s(MZ) is going to be modified
 Old value of alpha_s from param_card:   0.11799999999999999     
  ****************************************
 
       NNPDFDriver version 1.0.3
   Grid: NNPDF23_lo_as_0130_qed_mem0.grid
  ****************************************
 New value of alpha_s from PDF nn23lo1:  0.13000000000000000     
 *****************************************************
 *               MadGraph/MadEvent                   *
 *        --------------------------------           *
 *          http://madgraph.hep.uiuc.edu             *
 *          http://madgraph.phys.ucl.ac.be           *
 *          http://madgraph.roma2.infn.it            *
 *        --------------------------------           *
 *                                                   *
 *          PARAMETER AND COUPLING VALUES            *
 *                                                   *
 *****************************************************

  External Params
  ---------------------------------
  
 MU_R =    91.188000000000002     
 aEWM1 =    132.50700000000001     
 mdl_Gf =    1.1663900000000000E-005
 aS =   0.11799999999999999     
 mdl_ymb =    4.7000000000000002     
 mdl_ymt =    173.00000000000000     
 mdl_ymtau =    1.7769999999999999     
 mdl_MT =    173.00000000000000     
 mdl_MB =    4.7000000000000002     
 mdl_MZ =    91.188000000000002     
 mdl_MH =    125.00000000000000     
 mdl_MTA =    1.7769999999999999     
 mdl_WT =    1.4915000000000000     
 mdl_WZ =    2.4414039999999999     
 mdl_WW =    2.0476000000000001     
 mdl_WH =    6.3823389999999999E-003
  Internal Params
  ---------------------------------
  
 mdl_conjg__CKM3x3 =    1.0000000000000000     
 mdl_CKM22 =    1.0000000000000000     
 mdl_lhv =    1.0000000000000000     
 mdl_CKM3x3 =    1.0000000000000000     
 mdl_conjg__CKM22 =    1.0000000000000000     
 mdl_conjg__CKM33 =    1.0000000000000000     
 mdl_Ncol =    3.0000000000000000     
 mdl_CA =    3.0000000000000000     
 mdl_TF =   0.50000000000000000     
 mdl_CF =    1.3333333333333333     
 mdl_complexi =                (0.0000000000000000,1.0000000000000000)
 mdl_MZ__exp__2 =    8315.2513440000002     
 mdl_MZ__exp__4 =    69143404.913893804     
 mdl_sqrt__2 =    1.4142135623730951     
 mdl_MH__exp__2 =    15625.000000000000     
 mdl_Ncol__exp__2 =    9.0000000000000000     
 mdl_MB__exp__2 =    22.090000000000003     
 mdl_MT__exp__2 =    29929.000000000000     
 mdl_aEW =    7.5467711139788835E-003
 mdl_MW =    80.419002445756163     
 mdl_sqrt__aEW =    8.6872153846781555E-002
 mdl_ee =   0.30795376724436879     
 mdl_MW__exp__2 =    6467.2159543705357     
 mdl_sw2 =   0.22224648578577766     
 mdl_cw =   0.88190334743339216     
 mdl_sqrt__sw2 =   0.47143025548407230     
 mdl_sw =   0.47143025548407230     
 mdl_g1 =   0.34919219678733299     
 mdl_gw =   0.65323293034757990     
 mdl_v =    246.21845810181637     
 mdl_v__exp__2 =    60623.529110035903     
 mdl_lam =   0.12886910601690263     
 mdl_yb =    2.6995554250465490E-002
 mdl_yt =   0.99366614581500623     
 mdl_ytau =    1.0206617000654717E-002
 mdl_muH =    88.388347648318430     
 mdl_AxialZUp =  -0.18517701861793787     
 mdl_AxialZDown =   0.18517701861793787     
 mdl_VectorZUp =    7.5430507588273299E-002
 mdl_VectorZDown =  -0.13030376310310560     
 mdl_VectorAUp =   0.20530251149624587     
 mdl_VectorADown =  -0.10265125574812294     
 mdl_VectorWmDxU =   0.23095271737156670     
 mdl_AxialWmDxU =  -0.23095271737156670     
 mdl_VectorWpUxD =   0.23095271737156670     
 mdl_AxialWpUxD =  -0.23095271737156670     
 mdl_I1x33 =          (2.69955542504654901E-002,0.0000000000000000)
 mdl_I2x33 =               (0.99366614581500623,0.0000000000000000)
 mdl_I3x33 =               (0.99366614581500623,0.0000000000000000)
 mdl_I4x33 =          (2.69955542504654901E-002,0.0000000000000000)
 mdl_Vector_tbGp =              (-0.96667059156454072,0.0000000000000000)
 mdl_Axial_tbGp =              (-1.0206617000654716,-0.0000000000000000)
 mdl_Vector_tbGm =               (0.96667059156454072,0.0000000000000000)
 mdl_Axial_tbGm =              (-1.0206617000654716,-0.0000000000000000)
 mdl_gw__exp__2 =   0.42671326129048615     
 mdl_cw__exp__2 =   0.77775351421422245     
 mdl_ee__exp__2 =    9.4835522759998875E-002
 mdl_sw__exp__2 =   0.22224648578577769     
 mdl_yb__exp__2 =    7.2875994928982540E-004
 mdl_yt__exp__2 =   0.98737240933884918     
  Internal Params evaluated point by point
  ----------------------------------------
  
 mdl_sqrt__aS =   0.34351128074635334     
 mdl_G__exp__4 =    2.1987899468922913     
 mdl_G__exp__2 =    1.4828317324943823     
 mdl_R2MixedFactor_FIN_ =   -2.5040377713124864E-002
 mdl_G_UVg_1EPS_ =   -5.1645779033320030E-002
 mdl_G_UVq_1EPS_ =    3.1300472141406080E-003
 mdl_GWcft_UV_b_1EPS_ =   -3.1300472141406080E-003
 mdl_GWcft_UV_t_1EPS_ =   -3.1300472141406080E-003
 mdl_bWcft_UV_1EPS_ =   -1.8780283284843650E-002
 mdl_tWcft_UV_1EPS_ =   -1.8780283284843650E-002
 mdl_G__exp__3 =    1.8056676068262196     
 mdl_MU_R__exp__2 =    8315.2513440000002     
 mdl_G_UVb_FIN_ =    1.8563438626678915E-002
 mdl_G_UVt_FIN_ =   -4.0087659331150384E-003
 mdl_GWcft_UV_b_FIN_ =   -1.8563438626678915E-002
 mdl_GWcft_UV_t_FIN_ =    4.0087659331150384E-003
 mdl_bWcft_UV_FIN_ =  -0.13642100947319838     
 mdl_tWcft_UV_FIN_ =   -9.8778211443463623E-004
  Couplings of loop_sm
  ---------------------------------
  
      UV_GQQb =   0.00000E+00   0.22605E-01
      UV_GQQt =   0.00000E+00  -0.48815E-02
   UVWfct_G_2 =   0.40088E-02   0.00000E+00
   UVWfct_G_1 =  -0.18563E-01   0.00000E+00
    R2_UUZ_V2 =  -0.00000E+00  -0.72127E-02
    R2_UUZ_V5 =   0.00000E+00   0.68702E-03
      R2_sxcW =  -0.00000E+00  -0.11566E-01
      R2_GGHb =   0.00000E+00  -0.33698E-02
      R2_GGHt =   0.00000E+00  -0.45657E+01
     R2_GGZup =  -0.46369E-02   0.00000E+00
         GC_4 =  -0.12177E+01   0.00000E+00
         GC_5 =   0.00000E+00   0.12177E+01
       R2_GQQ =  -0.00000E+00  -0.30492E-01
       R2_QQq =   0.00000E+00   0.12520E-01
 UV_GQQg_1eps =   0.00000E+00  -0.62890E-01
 UV_GQQq_1eps =   0.00000E+00   0.38115E-02
 UVWfct_G_2_1eps -0.31300E-02   0.00000E+00
        GC_22 =   0.00000E+00   0.28804E+00
        GC_23 =  -0.00000E+00  -0.27437E-01
        GC_31 =   0.00000E+00   0.52532E+02
        GC_32 =   0.00000E+00   0.67544E+02
        GC_33 =  -0.00000E+00  -0.19089E-01
        GC_37 =  -0.00000E+00  -0.70263E+00
        GC_47 =   0.00000E+00   0.46191E+00

 Collider parameters:
 --------------------

 Running at P P   machine @    13000.000000000000       GeV
 PDF set = nn23lo1
 alpha_s(Mz)= 0.1300 running at 2 loops.
 alpha_s(Mz)= 0.1300 running at 2 loops.
 Renormalization scale set on event-by-event basis
 Factorization   scale set on event-by-event basis


 ===============================================================
 INFO: MadFKS read these parameters from FKS_params.dat
 ===============================================================
  > IRPoleCheckThreshold      =    1.0000000000000001E-005
  > PrecisionVirtualAtRunTime =    1.0000000000000000E-003
  > NHelForMCoverHels         =            4
  > VirtualFraction           =    1.0000000000000000     
  > MinVirtualFraction        =    5.0000000000000001E-003
 ===============================================================
  Insert the number of points to test
 Insert the relative tolerance
  A negative number will mean use the default one:    1.0000000000000001E-005
Using random seed offsets:     1 ,     21 ,      0
  with seed                26142
 Ranmar initialization seeds       13122        6514
  ========================================================================================== 
 {                                                                                          }
 {       [32m                                                                            [0m       }
 {       [32m                               ,,                                           [0m       }
 {       [32m`7MMM.     ,MMF'             `7MM  `7MMF'                                   [0m       }
 {       [32m  MMMb    dPMM                 MM    MM                                     [0m       }
 {       [32m  M YM   ,M MM   ,6"Yb.   ,M""bMM    MM         ,pW"Wq.   ,pW"Wq.`7MMpdMAo. [0m       }
 {       [32m  M  Mb  M' MM  8)   MM ,AP    MM    MM        6W'   `Wb 6W'   `Wb MM   `Wb [0m       }
 {       [32m  M  YM.P'  MM   ,pm9MM 8MI    MM    MM      , 8M     M8 8M     M8 MM    M8 [0m       }
 {       [32m  M  `YM'   MM  8M   MM `Mb    MM    MM     ,M YA.   ,A9 YA.   ,A9 MM   ,AP [0m       }
 {       [32m.JML. `'  .JMML.`Moo9^Yo.`Wbmd"MML..JMMmmmmMMM  `Ybmd9'   `Ybmd9'  MMbmmd'  [0m       }
 {       [32m                                                                   MM       [0m       }
 {       [32m                                                                 .JMML.     [0m       }
 {       [32m[0mv2.6.7 (2019-10-16), Ref: arXiv:1103.0621v2, arXiv:1405.0301[32m                [0m       }
 {       [32m                                                                            [0m       }
 {                                                                                          }
  ========================================================================================== 
 ===============================================================
 INFO: MadLoop read these parameters from ./MadLoop5_resources/MadLoopParams.dat                                                                                                                                                                                                                                                                                                                                                                                                                                                                                          
 ===============================================================
  > MLReductionLib            = 6|7|1
  > CTModeRun                 =           -1
  > MLStabThres               =    1.0000000000000000E-003
  > NRotations_DP             =            0
  > NRotations_QP             =            0
  > CTStabThres               =    1.0000000000000000E-002
  > CTLoopLibrary             =            2
  > CTModeInit                =            1
  > CheckCycle                =            3
  > MaxAttempts               =           10
  > UseLoopFilter             =  F
  > HelicityFilterLevel       =            2
  > ImprovePSPoint            =            2
  > DoubleCheckHelicityFilter =  T
  > LoopInitStartOver         =  F
  > HelInitStartOver          =  F
  > ZeroThres                 =    1.0000000000000001E-009
  > OSThres                   =    1.0000000000000000E-008
  > WriteOutFilters           =  T
  > UseQPIntegrandForNinja    =  T
  > UseQPIntegrandForCutTools =  T
  > IREGIMODE                 =            2
  > IREGIRECY                 =  T
  > COLLIERMode               =            1
  > COLLIERRequiredAccuracy   =    1.0000000000000000E-008
  > COLLIERCanOutput          =  F
  > COLLIERComputeUVpoles     =  T
  > COLLIERComputeIRpoles     =  T
  > COLLIERGlobalCache        =           -1
  > COLLIERUseCacheForPoles   =  F
  > COLLIERUseInternalStabilityTest =  T
 ===============================================================
  
------------------------------------------------------------------------
|              You are using CutTools - Version 1.9.3                  |
|              Authors: G. Ossola, C. Papadopoulos, R. Pittau          |
|              Published in JHEP 0803:042,2008                         |
|              http://www.ugr.es/~pittau/CutTools                      |
|                                                                      |
|              Compiler with  34  significant digits detetected        |
 ---------------------------------------------------------------------- 
   
########################################################################
#                                                                      #
#                      You are using OneLOop-3.6                       #
#                                                                      #
# for the evaluation of 1-loop scalar 1-, 2-, 3- and 4-point functions #

  +----------------------------------------------------------------+
  |                                                                |
  |  Ninja - version 1.2.0                                         |
  |                                                                |
  |  Author: Tiziano Peraro                                        |
  |                                                                |
  |  Based on:                                                     |
  |                                                                |
  |      P. Mastrolia, E. Mirabella and T. Peraro,                 |
  |      "Integrand reduction of one-loop scattering amplitudes    |
  |      through Laurent series expansion,"                        |
  |      JHEP 1206 (2012) 095  [arXiv:1203.0291 [hep-ph]].         |
  |                                                                |
  |      T. Peraro,                                                |
  |      "Ninja: Automated Integrand Reduction via Laurent         |
  |      Expansion for One-Loop Amplitudes,"                       |
  |      Comput.Phys.Commun. 185 (2014) [arXiv:1403.1229 [hep-ph]] |
  |                                                                |
  +----------------------------------------------------------------+


#                                                                      #
# author: Andreas van Hameren <hamerenREMOVETHIS@ifj.edu.pl>           #
#   date: 18-02-2015                                                   #
#                                                                      #
# Please cite                                                          #
#    A. van Hameren,                                                   #
#      Comput.Phys.Commun. 182 (2011) 2427-2438, arXiv:1007.4716       #
#    A. van Hameren, C.G. Papadopoulos and R. Pittau,                  #
#      JHEP 0909:106,2009, arXiv:0903.4665                             #
# in publications with results obtained with the help of this program. #
#                                                                      #
########################################################################
########################################################################
#                                                                      #
#                      You are using OneLOop-3.6                       #
#                                                                      #
# for the evaluation of 1-loop scalar 1-, 2-, 3- and 4-point functions #
#                                                                      #
# author: Andreas van Hameren <hamerenREMOVETHIS@ifj.edu.pl>           #
#   date: 18-02-2015                                                   #
#                                                                      #
# Please cite                                                          #
#    A. van Hameren,                                                   #
#      Comput.Phys.Commun. 182 (2011) 2427-2438, arXiv:1007.4716       #
#    A. van Hameren, C.G. Papadopoulos and R. Pittau,                  #
#      JHEP 0909:106,2009, arXiv:0903.4665                             #
# in publications with results obtained with the help of this program. #
#                                                                      #
########################################################################
 PASSED   1.0000000000000001E-005
 MU_R    =    325.00000000000000     
 ALPHA_S =   0.11799999999999999     
 BORN                    2.6985511579354747E-008
 SINGLE POLE (MadFKS)   -4.3946153769258328E-010
 DOUBLE POLE (MadFKS)   -2.8718414615980275E-009
 SINGLE POLE (MadLoop)  -4.3946153769254306E-010
 DOUBLE POLE (MadLoop)  -2.8718414615980263E-009
 FINITE PART (MadLoop)   1.1211314733152568E-008
   325.00000000000000        0.0000000000000000        0.0000000000000000        325.00000000000000        0.0000000000000000     
   325.00000000000000        0.0000000000000000        0.0000000000000000       -325.00000000000000        0.0000000000000000     
   128.18733413576766        12.145699305343634        4.3484872917810975        25.309391132390754        125.00000000000000     
   278.17070696465271        45.427882616927626       -162.47163781273892       -201.50177482246522        91.188000000000002     
   243.64195889957955       -57.573581922271231        158.12315052095798        176.19238369007434        0.0000000000000000     

 PASSED   1.0000000000000001E-005
 MU_R    =    325.00000000000000     
 ALPHA_S =   0.11799999999999999     
 BORN                    2.3793918639981261E-007
 SINGLE POLE (MadFKS)   -5.4637445518684716E-008
 DOUBLE POLE (MadFKS)   -2.5321870175870955E-008
 SINGLE POLE (MadLoop)  -5.4637445518685020E-008
 DOUBLE POLE (MadLoop)  -2.5321870175871077E-008
 FINITE PART (MadLoop)   9.8115542322575199E-009
   325.00000000000000        0.0000000000000000        0.0000000000000000        325.00000000000000        0.0000000000000000     
   325.00000000000000        0.0000000000000000        0.0000000000000000       -325.00000000000000        0.0000000000000000     
   299.16812987662576        164.08089293627015        133.86122646782343        170.39719057438711        125.00000000000000     
   187.13076395908965       -105.17287900744714       -123.76372330276919       -17.996604997416028        91.188000000000002     
   163.70110616428462       -58.908013928822989       -10.097503165054269       -152.40058557697108        0.0000000000000000     

 PASSED   1.0000000000000001E-005
 MU_R    =    325.00000000000000     
 ALPHA_S =   0.11799999999999999     
 BORN                    6.3477216354943157E-008
 SINGLE POLE (MadFKS)   -4.9188471429749372E-009
 DOUBLE POLE (MadFKS)   -6.7553472632484760E-009
 SINGLE POLE (MadLoop)  -4.9188471429749761E-009
 DOUBLE POLE (MadLoop)  -6.7553472632484860E-009
 FINITE PART (MadLoop)   1.1196766088723276E-008
   325.00000000000000        0.0000000000000000        0.0000000000000000        325.00000000000000        0.0000000000000000     
   325.00000000000000        0.0000000000000000        0.0000000000000000       -325.00000000000000        0.0000000000000000     
   164.34356896199390        24.650891109252196        100.16175885740586        27.272042264493368        125.00000000000000     
   241.99816395503586        205.71292824779860       -74.995730405320259        48.017617457522768        91.188000000000002     
   243.65826708297027       -230.36381935705077       -25.166028452085605       -75.289659722016154        0.0000000000000000     

 PASSED   1.0000000000000001E-005
 MU_R    =    325.00000000000000     
 ALPHA_S =   0.11799999999999999     
 BORN                    2.0235286393928240E-007
 SINGLE POLE (MadFKS)   -2.1585118679561615E-008
 DOUBLE POLE (MadFKS)   -2.1534716613581829E-008
 SINGLE POLE (MadLoop)  -2.1585118679561605E-008
 DOUBLE POLE (MadLoop)  -2.1534716613581912E-008
 FINITE PART (MadLoop)   3.2408867609651265E-008
   325.00000000000000        0.0000000000000000        0.0000000000000000        325.00000000000000        0.0000000000000000     
   325.00000000000000        0.0000000000000000        0.0000000000000000       -325.00000000000000        0.0000000000000000     
   244.44590892423992       -114.55157443300581        123.28382571311737        125.72922294460821        125.00000000000000     
   133.30056672256481        40.460306856627192        77.498009407034701        42.553634998336797        91.188000000000002     
   272.25352435319530        74.091267576378741       -200.78183512015210       -168.28285794294507        0.0000000000000000     

 PASSED   1.0000000000000001E-005
 MU_R    =    325.00000000000000     
 ALPHA_S =   0.11799999999999999     
 BORN                    9.7605052100345687E-008
 SINGLE POLE (MadFKS)   -1.5435531719627558E-008
 DOUBLE POLE (MadFKS)   -1.0387286328033021E-008
 SINGLE POLE (MadLoop)  -1.5435531719627472E-008
 DOUBLE POLE (MadLoop)  -1.0387286328033145E-008
 FINITE PART (MadLoop)   2.1880965890172069E-008
   325.00000000000000        0.0000000000000000        0.0000000000000000        325.00000000000000        0.0000000000000000     
   325.00000000000000        0.0000000000000000        0.0000000000000000       -325.00000000000000        0.0000000000000000     
   171.52439498074079       -106.96291154354067       -20.963864878032389        43.761512736804072        125.00000000000000     
   275.26700575576859        228.18897957696510        36.333947691436201        118.60146271663662        91.188000000000002     
   203.20859926349061       -121.22606803342445       -15.370082813403817       -162.36297545344064        0.0000000000000000     

 PASSED   1.0000000000000001E-005
 MU_R    =    325.00000000000000     
 ALPHA_S =   0.11799999999999999     
 BORN                    4.5427463793908529E-008
 SINGLE POLE (MadFKS)   -2.7601324182117692E-009
 DOUBLE POLE (MadFKS)   -4.8344636207822886E-009
 SINGLE POLE (MadLoop)  -2.7601324182122514E-009
 DOUBLE POLE (MadLoop)  -4.8344636207822952E-009
 FINITE PART (MadLoop)   1.3380399191016525E-008
   325.00000000000000        0.0000000000000000        0.0000000000000000        325.00000000000000        0.0000000000000000     
   325.00000000000000        0.0000000000000000        0.0000000000000000       -325.00000000000000        0.0000000000000000     
   180.58606162098550       -68.895744095409881        86.836608903589166        68.550021527664384        125.00000000000000     
   234.31239874081919        166.22120973675766        126.67546046132126       -53.952627463708126        91.188000000000002     
   235.10153963819539       -97.325465641347833       -213.51206936491045       -14.597394063956266        0.0000000000000000     

 PASSED   1.0000000000000001E-005
 MU_R    =    325.00000000000000     
 ALPHA_S =   0.11799999999999999     
 BORN                    5.6300720043205211E-008
 SINGLE POLE (MadFKS)   -1.0148653370740760E-009
 DOUBLE POLE (MadFKS)   -5.9916130054617221E-009
 SINGLE POLE (MadLoop)  -1.0148653370730567E-009
 DOUBLE POLE (MadLoop)  -5.9916130054617031E-009
 FINITE PART (MadLoop)   1.2115764613609394E-008
   325.00000000000000        0.0000000000000000        0.0000000000000000        325.00000000000000        0.0000000000000000     
   325.00000000000000        0.0000000000000000        0.0000000000000000       -325.00000000000000        0.0000000000000000     
   282.78872552222833       -56.054774807081124       -216.53116387254235       -119.65191421709807        125.00000000000000     
   105.13398050573829        26.373495889179026        13.333833246057976       -43.180436757063205        91.188000000000002     
   262.07729397203332        29.681278917902059        203.19733062648436        162.83235097416141        0.0000000000000000     

 PASSED   1.0000000000000001E-005
 MU_R    =    325.00000000000000     
 ALPHA_S =   0.11799999999999999     
 BORN                    4.2446918190336902E-008
 SINGLE POLE (MadFKS)   -5.0691471137543819E-009
 DOUBLE POLE (MadFKS)   -4.5172691730376234E-009
 SINGLE POLE (MadLoop)  -5.0691471137543554E-009
 DOUBLE POLE (MadLoop)  -4.5172691730376242E-009
 FINITE PART (MadLoop)   5.0017874655511378E-009
   325.00000000000000        0.0000000000000000        0.0000000000000000        325.00000000000000        0.0000000000000000     
   325.00000000000000        0.0000000000000000        0.0000000000000000       -325.00000000000000        0.0000000000000000     
   260.90545353707182        107.55489640502135       -183.78257282509392       -84.276721996523719        125.00000000000000     
   314.11125396334995       -132.14703934767695        254.34038086733025        90.546999808569566        91.188000000000002     
   74.983292499578241        24.592142942655531       -70.557808042236346       -6.2702778120458698        0.0000000000000000     

 PASSED   1.0000000000000001E-005
 MU_R    =    325.00000000000000     
 ALPHA_S =   0.11799999999999999     
 BORN                    4.2798637847363308E-008
 SINGLE POLE (MadFKS)   -4.2852109405258796E-009
 DOUBLE POLE (MadFKS)   -4.5546997435471793E-009
 SINGLE POLE (MadLoop)  -4.2852109405258548E-009
 DOUBLE POLE (MadLoop)  -4.5546997435471966E-009
 FINITE PART (MadLoop)   1.1197150432654335E-008
   325.00000000000000        0.0000000000000000        0.0000000000000000        325.00000000000000        0.0000000000000000     
   325.00000000000000        0.0000000000000000        0.0000000000000000       -325.00000000000000        0.0000000000000000     
   200.79854107530377       -82.133303028572072       -133.26532372701755       -13.766921352300631        125.00000000000000     
   264.02024140686575       -61.420533591350711        223.00866521027203        88.803658838058354        91.188000000000002     
   185.18121751783048        143.55383661992286       -89.743341483254497       -75.036737485757655        0.0000000000000000     

 PASSED   1.0000000000000001E-005
 MU_R    =    325.00000000000000     
 ALPHA_S =   0.11799999999999999     
 BORN                    8.5574433924900334E-008
 SINGLE POLE (MadFKS)   -8.4155657758495269E-009
 DOUBLE POLE (MadFKS)   -9.1069686292819902E-009
 SINGLE POLE (MadLoop)  -8.4155657758480181E-009
 DOUBLE POLE (MadLoop)  -9.1069686292820001E-009
 FINITE PART (MadLoop)   1.5079302105593581E-008
   325.00000000000000        0.0000000000000000        0.0000000000000000        325.00000000000000        0.0000000000000000     
   325.00000000000000        0.0000000000000000        0.0000000000000000       -325.00000000000000        0.0000000000000000     
   133.31708067917108        26.174355272781760        27.481593045615771        26.610320752406825        125.00000000000000     
   262.09757755772375        123.90676242003153       -182.02862201230499        109.05312380906047        91.188000000000002     
   254.58534176310522       -150.08111769281325        154.54702896668920       -135.66344456146729        0.0000000000000000     

 PASSED   1.0000000000000001E-005
 MU_R    =    325.00000000000000     
 ALPHA_S =   0.11799999999999999     
 BORN                    6.5275748384728804E-008
 SINGLE POLE (MadFKS)   -3.8235414209050894E-009
 DOUBLE POLE (MadFKS)   -6.9467499290071658E-009
 SINGLE POLE (MadLoop)  -3.8235414209052275E-009
 DOUBLE POLE (MadLoop)  -6.9467499290071121E-009
 FINITE PART (MadLoop)   9.9808494368859606E-009
   325.00000000000000        0.0000000000000000        0.0000000000000000        325.00000000000000        0.0000000000000000     
   325.00000000000000        0.0000000000000000        0.0000000000000000       -325.00000000000000        0.0000000000000000     
   225.05406059345145        114.84380383523657        120.41936201102818       -85.641159281688701        125.00000000000000     
   170.77218368251539        92.605185678850191        24.735943943879942        107.98286918898610        91.188000000000002     
   254.17375572403310       -207.44898951408675       -145.15530595490810       -22.341709907297417        0.0000000000000000     

 PASSED   1.0000000000000001E-005
 MU_R    =    325.00000000000000     
 ALPHA_S =   0.11799999999999999     
 BORN                    1.6805760520590352E-008
 SINGLE POLE (MadFKS)   -1.1266310683885662E-009
 DOUBLE POLE (MadFKS)   -1.7884960125655935E-009
 SINGLE POLE (MadLoop)  -1.1266310683885263E-009
 DOUBLE POLE (MadLoop)  -1.7884960125655863E-009
 FINITE PART (MadLoop)   3.0479801953732973E-009
   325.00000000000000        0.0000000000000000        0.0000000000000000        325.00000000000000        0.0000000000000000     
   325.00000000000000        0.0000000000000000        0.0000000000000000       -325.00000000000000        0.0000000000000000     
   190.09712300401679        34.687307490193298       -90.651182164529104        105.31414931365313        125.00000000000000     
   291.45119495634282        27.016897516092083        246.35778457328755       -123.31454466617777        91.188000000000002     
   168.45168203964033       -61.704205006285299       -155.70660240875844        18.000395352524620        0.0000000000000000     

 PASSED   1.0000000000000001E-005
 MU_R    =    325.00000000000000     
 ALPHA_S =   0.11799999999999999     
 BORN                    2.0618253452601783E-008
 SINGLE POLE (MadFKS)   -6.0265156639729916E-010
 DOUBLE POLE (MadFKS)   -2.1942276305118802E-009
 SINGLE POLE (MadLoop)  -6.0265156639727889E-010
 DOUBLE POLE (MadLoop)  -2.1942276305118860E-009
 FINITE PART (MadLoop)   1.6575587251017823E-008
   325.00000000000000        0.0000000000000000        0.0000000000000000        325.00000000000000        0.0000000000000000     
   325.00000000000000        0.0000000000000000        0.0000000000000000       -325.00000000000000        0.0000000000000000     
   150.27595465955534       -54.406575675879751       -1.2481303979496448        63.215735719638786        125.00000000000000     
   277.86450557963337        21.472891301502511        181.31674153102654       -188.56454146190595        91.188000000000002     
   221.85953976081129        32.933684374377236       -180.06861113307684        125.34880574226717        0.0000000000000000     

 PASSED   1.0000000000000001E-005
 MU_R    =    325.00000000000000     
 ALPHA_S =   0.11799999999999999     
 BORN                    2.5840684502695146E-008
 SINGLE POLE (MadFKS)   -1.8667787048516335E-009
 DOUBLE POLE (MadFKS)   -2.7500071263310089E-009
 SINGLE POLE (MadLoop)  -1.8667787048517659E-009
 DOUBLE POLE (MadLoop)  -2.7500071263309990E-009
 FINITE PART (MadLoop)   6.1650636199056115E-009
   325.00000000000000        0.0000000000000000        0.0000000000000000        325.00000000000000        0.0000000000000000     
   325.00000000000000        0.0000000000000000        0.0000000000000000       -325.00000000000000        0.0000000000000000     
   272.57099723945214       -77.934981798646220        196.18394357959139       -118.77688087213710        125.00000000000000     
   172.26787006278028       -6.8173156063548941       -11.276204730947695        145.55871367512168        91.188000000000002     
   205.16113269776758        84.752297405001102       -184.90773884864370       -26.781832802984592        0.0000000000000000     

 PASSED   1.0000000000000001E-005
 MU_R    =    325.00000000000000     
 ALPHA_S =   0.11799999999999999     
 BORN                    5.9084587889324263E-008
 SINGLE POLE (MadFKS)    1.6781043569694397E-011
 DOUBLE POLE (MadFKS)   -6.2878766905352607E-009
 SINGLE POLE (MadLoop)   1.6781043569032556E-011
 DOUBLE POLE (MadLoop)  -6.2878766905352888E-009
 FINITE PART (MadLoop)   1.3247965703586097E-008
   325.00000000000000        0.0000000000000000        0.0000000000000000        325.00000000000000        0.0000000000000000     
   325.00000000000000        0.0000000000000000        0.0000000000000000       -325.00000000000000        0.0000000000000000     
   164.24360650451098       -15.957790913444301       -92.778184782921144       -49.885064048847021        125.00000000000000     
   223.33062502864652       -71.252577121395319        27.873179502707170       -188.96421049938368        91.188000000000002     
   262.42576846684250        87.210368034839647        64.905005280214155        238.84927454823068        0.0000000000000000     

 PASSED   1.0000000000000001E-005
 MU_R    =    325.00000000000000     
 ALPHA_S =   0.11799999999999999     
 BORN                    4.3045027818217910E-008
 SINGLE POLE (MadFKS)   -3.6203551960941675E-009
 DOUBLE POLE (MadFKS)   -4.5809209597706105E-009
 SINGLE POLE (MadLoop)  -3.6203551960941129E-009
 DOUBLE POLE (MadLoop)  -4.5809209597706097E-009
 FINITE PART (MadLoop)   2.8514956087594549E-009
   325.00000000000000        0.0000000000000000        0.0000000000000000        325.00000000000000        0.0000000000000000     
   325.00000000000000        0.0000000000000000        0.0000000000000000       -325.00000000000000        0.0000000000000000     
   299.99693350870348        237.95518521036192       -95.405002623338831        92.996641985442281        125.00000000000000     
   126.97283450720809       -28.174409972689496        81.669018571079192       -18.526289081259268        91.188000000000002     
   223.03023198408846       -209.78077523767240        13.735984052259639       -74.470352904183031        0.0000000000000000     

 PASSED   1.0000000000000001E-005
 MU_R    =    325.00000000000000     
 ALPHA_S =   0.11799999999999999     
 BORN                    1.1361916020140067E-007
 SINGLE POLE (MadFKS)   -2.2598544570680477E-008
 DOUBLE POLE (MadFKS)   -1.2091533419287246E-008
 SINGLE POLE (MadLoop)  -2.2598544570686506E-008
 DOUBLE POLE (MadLoop)  -1.2091533419286834E-008
 FINITE PART (MadLoop)   5.9264929590840714E-010
   325.00000000000000        0.0000000000000000        0.0000000000000000        325.00000000000000        0.0000000000000000     
   325.00000000000000        0.0000000000000000        0.0000000000000000       -325.00000000000000        0.0000000000000000     
   295.39905795433259       -26.172693489280295        245.32765351452068       -103.75420944175046        125.00000000000000     
   278.12440637457854       -3.6190039410152082       -206.45147331527875        162.48884901320875        91.188000000000002     
   76.476535671088868        29.791697430295489       -38.876180199241958       -58.734639571458331        0.0000000000000000     

 PASSED   1.0000000000000001E-005
 MU_R    =    325.00000000000000     
 ALPHA_S =   0.11799999999999999     
 BORN                    2.4116610437878624E-008
 SINGLE POLE (MadFKS)   -5.8378287497077241E-010
 DOUBLE POLE (MadFKS)   -2.5665283967302739E-009
 SINGLE POLE (MadLoop)  -5.8378287497124411E-010
 DOUBLE POLE (MadLoop)  -2.5665283967300468E-009
 FINITE PART (MadLoop)  -1.5344488670234561E-008
   325.00000000000000        0.0000000000000000        0.0000000000000000        325.00000000000000        0.0000000000000000     
   325.00000000000000        0.0000000000000000        0.0000000000000000       -325.00000000000000        0.0000000000000000     
   276.34961217362860       -161.99325184897648       -170.54707962323340       -73.593397366173505        125.00000000000000     
   210.06526365004731        140.37906359686983        103.17420306856118       -73.898348920643414        91.188000000000002     
   163.58512417632411        21.614188252106693        67.372876554672203        147.49174628681692        0.0000000000000000     

 PASSED   1.0000000000000001E-005
 MU_R    =    325.00000000000000     
 ALPHA_S =   0.11799999999999999     
 BORN                    1.8075168262875979E-008
 SINGLE POLE (MadFKS)   -6.4892821130541233E-010
 DOUBLE POLE (MadFKS)   -1.9235884222554816E-009
 SINGLE POLE (MadLoop)  -6.4892821130818804E-010
 DOUBLE POLE (MadLoop)  -1.9235884222554431E-009
 FINITE PART (MadLoop)   1.3391081122340168E-008
   325.00000000000000        0.0000000000000000        0.0000000000000000        325.00000000000000        0.0000000000000000     
   325.00000000000000        0.0000000000000000        0.0000000000000000       -325.00000000000000        0.0000000000000000     
   218.60540254928850       -133.63118068364102        36.449907816006039        113.91854016373809        125.00000000000000     
   253.36195223809057        28.213591088468249        48.315700785214979       -229.66630974834504        91.188000000000002     
   178.03264521262085        105.41758959517276       -84.765608601221004        115.74776958460693        0.0000000000000000     

 PASSED   1.0000000000000001E-005
 MU_R    =    325.00000000000000     
 ALPHA_S =   0.11799999999999999     
 BORN                    1.9673800217370433E-008
 SINGLE POLE (MadFKS)   -1.1872854378248412E-009
 DOUBLE POLE (MadFKS)   -2.0937174011059331E-009
 SINGLE POLE (MadLoop)  -1.1872854378311228E-009
 DOUBLE POLE (MadLoop)  -2.0937174011059178E-009
 FINITE PART (MadLoop)   1.1886035886139654E-008
   325.00000000000000        0.0000000000000000        0.0000000000000000        325.00000000000000        0.0000000000000000     
   325.00000000000000        0.0000000000000000        0.0000000000000000       -325.00000000000000        0.0000000000000000     
   274.22382545942111       -2.5248344762996142       -213.88558516549978        117.55972149881156        125.00000000000000     
   268.31763650215680       -54.743461178549644        157.81933929849473       -189.14362880013374        91.188000000000002     
   107.45853803842205        57.268295654849318        56.066245867005058        71.583907301322213        0.0000000000000000     

 NUMBER OF POINTS PASSING THE CHECK          20
 NUMBER OF POINTS FAILING THE CHECK           0
 TOLERANCE    1.0000000000000001E-005
