 A PDF is used, so alpha_s(MZ) is going to be modified
 Old value of alpha_s from param_card:   0.11799999999999999     
  ****************************************
 
       NNPDFDriver version 1.0.3
   Grid: NNPDF23nlo_as_0119_qed_mem0.grid
  ****************************************
 New value of alpha_s from PDF nn23nlo:  0.11899999999999999     
 *****************************************************
 *               MadGraph/MadEvent                   *
 *        --------------------------------           *
 *          http://madgraph.hep.uiuc.edu             *
 *          http://madgraph.phys.ucl.ac.be           *
 *          http://madgraph.roma2.infn.it            *
 *        --------------------------------           *
 *                                                   *
 *          PARAMETER AND COUPLING VALUES            *
 *                                                   *
 *****************************************************

  External Params
  ---------------------------------
  
 MU_R =    91.188000000000002     
 aEWM1 =    132.50700000000001     
 mdl_Gf =    1.1663900000000000E-005
 aS =   0.11799999999999999     
 mdl_ymb =    4.7000000000000002     
 mdl_ymt =    173.00000000000000     
 mdl_ymtau =    1.7769999999999999     
 mdl_MT =    173.00000000000000     
 mdl_MB =    4.7000000000000002     
 mdl_MZ =    91.188000000000002     
 mdl_MH =    125.00000000000000     
 mdl_MTA =    1.7769999999999999     
 mdl_WT =    1.4915000000000000     
 mdl_WZ =    2.4414039999999999     
 mdl_WW =    2.0476000000000001     
 mdl_WH =    6.3823389999999999E-003
  Internal Params
  ---------------------------------
  
 mdl_conjg__CKM3x3 =    1.0000000000000000     
 mdl_CKM22 =    1.0000000000000000     
 mdl_lhv =    1.0000000000000000     
 mdl_CKM3x3 =    1.0000000000000000     
 mdl_conjg__CKM22 =    1.0000000000000000     
 mdl_conjg__CKM33 =    1.0000000000000000     
 mdl_Ncol =    3.0000000000000000     
 mdl_CA =    3.0000000000000000     
 mdl_TF =   0.50000000000000000     
 mdl_CF =    1.3333333333333333     
 mdl_complexi =                (0.0000000000000000,1.0000000000000000)
 mdl_MZ__exp__2 =    8315.2513440000002     
 mdl_MZ__exp__4 =    69143404.913893804     
 mdl_sqrt__2 =    1.4142135623730951     
 mdl_MH__exp__2 =    15625.000000000000     
 mdl_Ncol__exp__2 =    9.0000000000000000     
 mdl_MB__exp__2 =    22.090000000000003     
 mdl_MT__exp__2 =    29929.000000000000     
 mdl_aEW =    7.5467711139788835E-003
 mdl_MW =    80.419002445756163     
 mdl_sqrt__aEW =    8.6872153846781555E-002
 mdl_ee =   0.30795376724436879     
 mdl_MW__exp__2 =    6467.2159543705357     
 mdl_sw2 =   0.22224648578577766     
 mdl_cw =   0.88190334743339216     
 mdl_sqrt__sw2 =   0.47143025548407230     
 mdl_sw =   0.47143025548407230     
 mdl_g1 =   0.34919219678733299     
 mdl_gw =   0.65323293034757990     
 mdl_v =    246.21845810181637     
 mdl_v__exp__2 =    60623.529110035903     
 mdl_lam =   0.12886910601690263     
 mdl_yb =    2.6995554250465490E-002
 mdl_yt =   0.99366614581500623     
 mdl_ytau =    1.0206617000654717E-002
 mdl_muH =    88.388347648318430     
 mdl_AxialZUp =  -0.18517701861793787     
 mdl_AxialZDown =   0.18517701861793787     
 mdl_VectorZUp =    7.5430507588273299E-002
 mdl_VectorZDown =  -0.13030376310310560     
 mdl_VectorAUp =   0.20530251149624587     
 mdl_VectorADown =  -0.10265125574812294     
 mdl_VectorWmDxU =   0.23095271737156670     
 mdl_AxialWmDxU =  -0.23095271737156670     
 mdl_VectorWpUxD =   0.23095271737156670     
 mdl_AxialWpUxD =  -0.23095271737156670     
 mdl_I1x33 =          (2.69955542504654901E-002,0.0000000000000000)
 mdl_I2x33 =               (0.99366614581500623,0.0000000000000000)
 mdl_I3x33 =               (0.99366614581500623,0.0000000000000000)
 mdl_I4x33 =          (2.69955542504654901E-002,0.0000000000000000)
 mdl_Vector_tbGp =              (-0.96667059156454072,0.0000000000000000)
 mdl_Axial_tbGp =              (-1.0206617000654716,-0.0000000000000000)
 mdl_Vector_tbGm =               (0.96667059156454072,0.0000000000000000)
 mdl_Axial_tbGm =              (-1.0206617000654716,-0.0000000000000000)
 mdl_gw__exp__2 =   0.42671326129048615     
 mdl_cw__exp__2 =   0.77775351421422245     
 mdl_ee__exp__2 =    9.4835522759998875E-002
 mdl_sw__exp__2 =   0.22224648578577769     
 mdl_yb__exp__2 =    7.2875994928982540E-004
 mdl_yt__exp__2 =   0.98737240933884918     
  Internal Params evaluated point by point
  ----------------------------------------
  
 mdl_sqrt__aS =   0.34351128074635334     
 mdl_G__exp__4 =    2.1987899468922913     
 mdl_G__exp__2 =    1.4828317324943823     
 mdl_R2MixedFactor_FIN_ =   -2.5040377713124864E-002
 mdl_GWcft_UV_b_1EPS_ =   -3.1300472141406080E-003
 mdl_GWcft_UV_t_1EPS_ =   -3.1300472141406080E-003
 mdl_bWcft_UV_1EPS_ =   -1.8780283284843650E-002
 mdl_tWcft_UV_1EPS_ =   -1.8780283284843650E-002
 mdl_G__exp__3 =    1.8056676068262196     
 mdl_MU_R__exp__2 =    8315.2513440000002     
 mdl_GWcft_UV_b_FIN_ =   -1.8563438626678915E-002
 mdl_GWcft_UV_t_FIN_ =    4.0087659331150384E-003
 mdl_bWcft_UV_FIN_ =  -0.13642100947319838     
 mdl_tWcft_UV_FIN_ =   -9.8778211443463623E-004
  Couplings of loop_sm
  ---------------------------------
  
    R2_UUZ_V2 =  -0.00000E+00  -0.72127E-02
    R2_UUZ_V5 =   0.00000E+00   0.68702E-03
      R2_sxcW =  -0.00000E+00  -0.11566E-01
         GC_5 =   0.00000E+00   0.12177E+01
        GC_22 =   0.00000E+00   0.28804E+00
        GC_23 =  -0.00000E+00  -0.27437E-01
        GC_31 =   0.00000E+00   0.52532E+02
        GC_32 =   0.00000E+00   0.67544E+02
        GC_47 =   0.00000E+00   0.46191E+00

 Collider parameters:
 --------------------

 Running at P P   machine @    13000.000000000000       GeV
 PDF set = nn23nlo
 alpha_s(Mz)= 0.1190 running at 2 loops.
 alpha_s(Mz)= 0.1190 running at 2 loops.
 Renormalization scale set on event-by-event basis
 Factorization   scale set on event-by-event basis


 ===============================================================
 INFO: MadFKS read these parameters from FKS_params.dat
 ===============================================================
  > IRPoleCheckThreshold      =   -1.0000000000000000     
  > PrecisionVirtualAtRunTime =   -1.0000000000000000     
  > NHelForMCoverHels         =            4
  > VirtualFraction           =    1.0000000000000000     
  > MinVirtualFraction        =    5.0000000000000001E-003
 ===============================================================
  Insert the number of points to test
 Insert the relative tolerance
  A negative number will mean use the default one:   -1.0000000000000000     
Using random seed offsets:     1 ,      7 ,      0
  with seed                15455
 Ranmar initialization seeds       10742       25461
  ========================================================================================== 
 {                                                                                          }
 {       [32m                                                                            [0m       }
 {       [32m                               ,,                                           [0m       }
 {       [32m`7MMM.     ,MMF'             `7MM  `7MMF'                                   [0m       }
 {       [32m  MMMb    dPMM                 MM    MM                                     [0m       }
 {       [32m  M YM   ,M MM   ,6"Yb.   ,M""bMM    MM         ,pW"Wq.   ,pW"Wq.`7MMpdMAo. [0m       }
 {       [32m  M  Mb  M' MM  8)   MM ,AP    MM    MM        6W'   `Wb 6W'   `Wb MM   `Wb [0m       }
 {       [32m  M  YM.P'  MM   ,pm9MM 8MI    MM    MM      , 8M     M8 8M     M8 MM    M8 [0m       }
 {       [32m  M  `YM'   MM  8M   MM `Mb    MM    MM     ,M YA.   ,A9 YA.   ,A9 MM   ,AP [0m       }
 {       [32m.JML. `'  .JMML.`Moo9^Yo.`Wbmd"MML..JMMmmmmMMM  `Ybmd9'   `Ybmd9'  MMbmmd'  [0m       }
 {       [32m                                                                   MM       [0m       }
 {       [32m                                                                 .JMML.     [0m       }
 {       [32m[0mv2.6.7 (2019-10-16), Ref: arXiv:1103.0621v2, arXiv:1405.0301[32m                [0m       }
 {       [32m                                                                            [0m       }
 {                                                                                          }
  ========================================================================================== 
 ===============================================================
 INFO: MadLoop read these parameters from ./MadLoop5_resources/MadLoopParams.dat                                                                                                                                                                                                                                                                                                                                                                                                                                                                                          
 ===============================================================
  > MLReductionLib            = 6|7|1
  > CTModeRun                 =           -1
  > MLStabThres               =    1.0000000000000000E-003
  > NRotations_DP             =            0
  > NRotations_QP             =            0
  > CTStabThres               =    1.0000000000000000E-002
  > CTLoopLibrary             =            2
  > CTModeInit                =            1
  > CheckCycle                =            3
  > MaxAttempts               =           10
  > UseLoopFilter             =  F
  > HelicityFilterLevel       =            2
  > ImprovePSPoint            =            2
  > DoubleCheckHelicityFilter =  T
  > LoopInitStartOver         =  F
  > HelInitStartOver          =  F
  > ZeroThres                 =    1.0000000000000001E-009
  > OSThres                   =    1.0000000000000000E-008
  > WriteOutFilters           =  T
  > UseQPIntegrandForNinja    =  T
  > UseQPIntegrandForCutTools =  T
  > IREGIMODE                 =            2
  > IREGIRECY                 =  T
  > COLLIERMode               =            1
  > COLLIERRequiredAccuracy   =    1.0000000000000000E-008
  > COLLIERCanOutput          =  F
  > COLLIERComputeUVpoles     =  T
  > COLLIERComputeIRpoles     =  T
  > COLLIERGlobalCache        =           -1
  > COLLIERUseCacheForPoles   =  F
  > COLLIERUseInternalStabilityTest =  T
 ===============================================================
  
------------------------------------------------------------------------
|              You are using CutTools - Version 1.9.3                  |
|              Authors: G. Ossola, C. Papadopoulos, R. Pittau          |
|              Published in JHEP 0803:042,2008                         |
|              http://www.ugr.es/~pittau/CutTools                      |
|                                                                      |
|              Compiler with  34  significant digits detetected        |
 ---------------------------------------------------------------------- 
   
########################################################################
#                                                                      #
#                      You are using OneLOop-3.6                       #
#                                                                      #
# for the evaluation of 1-loop scalar 1-, 2-, 3- and 4-point functions #
#                                                                      #
# author: Andreas van Hameren <hamerenREMOVETHIS@ifj.edu.pl>           #
#   date: 18-02-2015                                                   #
#                                                                      #
# Please cite                                                          #
#    A. van Hameren,                                                   #
#      Comput.Phys.Commun. 182 (2011) 2427-2438, arXiv:1007.4716       #
#    A. van Hameren, C.G. Papadopoulos and R. Pittau,                  #
#      JHEP 0909:106,2009, arXiv:0903.4665                             #
# in publications with results obtained with the help of this program. #
#                                                                      #

  +----------------------------------------------------------------+
  |                                                                |
  |  Ninja - version 1.2.0                                         |
  |                                                                |
  |  Author: Tiziano Peraro                                        |
  |                                                                |
  |  Based on:                                                     |
  |                                                                |
  |      P. Mastrolia, E. Mirabella and T. Peraro,                 |
  |      "Integrand reduction of one-loop scattering amplitudes    |
  |      through Laurent series expansion,"                        |
  |      JHEP 1206 (2012) 095  [arXiv:1203.0291 [hep-ph]].         |
  |                                                                |
  |      T. Peraro,                                                |
  |      "Ninja: Automated Integrand Reduction via Laurent         |
  |      Expansion for One-Loop Amplitudes,"                       |
  |      Comput.Phys.Commun. 185 (2014) [arXiv:1403.1229 [hep-ph]] |
  |                                                                |
  +----------------------------------------------------------------+


########################################################################
########################################################################
#                                                                      #
#                      You are using OneLOop-3.6                       #
#                                                                      #
# for the evaluation of 1-loop scalar 1-, 2-, 3- and 4-point functions #
#                                                                      #
# author: Andreas van Hameren <hamerenREMOVETHIS@ifj.edu.pl>           #
#   date: 18-02-2015                                                   #
#                                                                      #
# Please cite                                                          #
#    A. van Hameren,                                                   #
#      Comput.Phys.Commun. 182 (2011) 2427-2438, arXiv:1007.4716       #
#    A. van Hameren, C.G. Papadopoulos and R. Pittau,                  #
#      JHEP 0909:106,2009, arXiv:0903.4665                             #
# in publications with results obtained with the help of this program. #
#                                                                      #
########################################################################
 PASSED  -1.0000000000000000     
 MU_R    =    325.00000000000000     
 ALPHA_S =   0.11799999999999999     
 BORN                    7.7056073891883178E-010
 SINGLE POLE (MadFKS)   -9.4785440774380298E-011
 DOUBLE POLE (MadFKS)   -7.7180527813728574E-011
 SINGLE POLE (MadLoop)  -9.4785440774379109E-011
 DOUBLE POLE (MadLoop)  -7.7180527813728212E-011
 FINITE PART (MadLoop)   5.2849285410138389E-011
   325.00000000000000        0.0000000000000000        0.0000000000000000        325.00000000000000        0.0000000000000000     
   325.00000000000000        0.0000000000000000        0.0000000000000000       -325.00000000000000        0.0000000000000000     
   302.03016645988083       -202.25128169012658        74.191235938267184        170.84291327543198        125.00000000000000     
   161.46250624463741        18.925266720886114       -44.239586591303130       -154.12603342905277        0.0000000000000000     
   186.50732729548176        183.32601496924050       -29.951649346964071       -16.716879846379214        0.0000000000000000     

 PASSED  -1.0000000000000000     
 MU_R    =    325.00000000000000     
 ALPHA_S =   0.11799999999999999     
 BORN                    1.7922825851330222E-010
 SINGLE POLE (MadFKS)   -1.1209757695917925E-011
 DOUBLE POLE (MadFKS)   -1.7951773160154700E-011
 SINGLE POLE (MadLoop)  -1.1209757695917917E-011
 DOUBLE POLE (MadLoop)  -1.7951773160154680E-011
 FINITE PART (MadLoop)   3.1135874118137035E-011
   325.00000000000000        0.0000000000000000        0.0000000000000000        325.00000000000000        0.0000000000000000     
   325.00000000000000        0.0000000000000000        0.0000000000000000       -325.00000000000000        0.0000000000000000     
   219.99725361534362       -93.467227829506029        30.192790744031800        152.07256263786752        125.00000000000000     
   150.27885816468702       -91.119910688747993        119.41942142214570       -4.4608154587100408        0.0000000000000000     
   279.72388821996935        184.58713851825399       -149.61221216617744       -147.61174717915756        0.0000000000000000     

 PASSED  -1.0000000000000000     
 MU_R    =    325.00000000000000     
 ALPHA_S =   0.11799999999999999     
 BORN                    8.7147576563653510E-011
 SINGLE POLE (MadFKS)   -4.2661618943988826E-012
 DOUBLE POLE (MadFKS)   -8.7288329357494101E-012
 SINGLE POLE (MadLoop)  -4.2661618943988769E-012
 DOUBLE POLE (MadLoop)  -8.7288329357493649E-012
 FINITE PART (MadLoop)   1.6323268887540490E-011
   325.00000000000000        0.0000000000000000        0.0000000000000000        325.00000000000000        0.0000000000000000     
   325.00000000000000        0.0000000000000000        0.0000000000000000       -325.00000000000000        0.0000000000000000     
   183.51177947162924        49.969555215032074       -62.934446738494771        107.67484464894900        125.00000000000000     
   258.71799266333420        98.026197593639509       0.42941641639723838       -239.42781775436870        0.0000000000000000     
   207.77022786503656       -147.99575280867163        62.505030322097632        131.75297310541967        0.0000000000000000     

 PASSED  -1.0000000000000000     
 MU_R    =    325.00000000000000     
 ALPHA_S =   0.11799999999999999     
 BORN                    7.8188933194202084E-009
 SINGLE POLE (MadFKS)   -1.1952726193022399E-009
 DOUBLE POLE (MadFKS)   -7.8315216806764268E-010
 SINGLE POLE (MadLoop)  -1.1952726193021925E-009
 DOUBLE POLE (MadLoop)  -7.8315216806761673E-010
 FINITE PART (MadLoop)  -8.0279298858436461E-011
   325.00000000000000        0.0000000000000000        0.0000000000000000        325.00000000000000        0.0000000000000000     
   325.00000000000000        0.0000000000000000        0.0000000000000000       -325.00000000000000        0.0000000000000000     
   317.74496892740490        14.940021938148174       -286.57439491330035        54.669710107526058        125.00000000000000     
   135.96302716333497       -80.024077597023549        109.91502353427703       0.88281460264114542        0.0000000000000000     
   196.29200390926016        65.084055658875371        176.65937137902327       -55.552524710167269        0.0000000000000000     

 PASSED  -1.0000000000000000     
 MU_R    =    325.00000000000000     
 ALPHA_S =   0.11799999999999999     
 BORN                    9.4281409534862961E-011
 SINGLE POLE (MadFKS)   -5.1307259323650950E-012
 DOUBLE POLE (MadFKS)   -9.4433684243151222E-012
 SINGLE POLE (MadLoop)  -5.1307259323650796E-012
 DOUBLE POLE (MadLoop)  -9.4433684243151109E-012
 FINITE PART (MadLoop)   1.7186215442143412E-011
   325.00000000000000        0.0000000000000000        0.0000000000000000        325.00000000000000        0.0000000000000000     
   325.00000000000000        0.0000000000000000        0.0000000000000000       -325.00000000000000        0.0000000000000000     
   199.38412933862548       -129.50065739538843       -17.899030532464714        83.894192124853689        125.00000000000000     
   297.20284459226843        208.48049450066668       -14.738323508709925       -211.30119750405149        0.0000000000000000     
   153.41302606910600       -78.979837105278264        32.637354041174675        127.40700537919776        0.0000000000000000     

 PASSED  -1.0000000000000000     
 MU_R    =    325.00000000000000     
 ALPHA_S =   0.11799999999999999     
 BORN                    7.2337505529534552E-011
 SINGLE POLE (MadFKS)   -2.6876439600639118E-012
 DOUBLE POLE (MadFKS)   -7.2454338451392153E-012
 SINGLE POLE (MadLoop)  -2.6876439600638900E-012
 DOUBLE POLE (MadLoop)  -7.2454338451391902E-012
 FINITE PART (MadLoop)   1.4185959762973786E-011
   325.00000000000000        0.0000000000000000        0.0000000000000000        325.00000000000000        0.0000000000000000     
   325.00000000000000        0.0000000000000000        0.0000000000000000       -325.00000000000000        0.0000000000000000     
   142.72956151595815       -26.003672380809761       -59.208022512379387        23.768610043979645        125.00000000000000     
   286.52816879659025        102.21456787324668        266.35882233560733       -26.524543208151091        0.0000000000000000     
   220.74226968745157       -76.210895492436990       -207.15079982322797        2.7559331641713740        0.0000000000000000     

 PASSED  -1.0000000000000000     
 MU_R    =    325.00000000000000     
 ALPHA_S =   0.11799999999999999     
 BORN                    3.2622285905412637E-010
 SINGLE POLE (MadFKS)   -3.2704727064874285E-011
 DOUBLE POLE (MadFKS)   -3.2674974437483280E-011
 SINGLE POLE (MadLoop)  -3.2704727064874647E-011
 DOUBLE POLE (MadLoop)  -3.2674974437483274E-011
 FINITE PART (MadLoop)   3.8076962430551493E-011
   325.00000000000000        0.0000000000000000        0.0000000000000000        325.00000000000000        0.0000000000000000     
   325.00000000000000        0.0000000000000000        0.0000000000000000       -325.00000000000000        0.0000000000000000     
   281.90459329298454       -226.27494524052923        83.182485854423618        75.667185246691645        125.00000000000000     
   294.89190490554148        280.93667859104102       -34.978189181747233       -82.536927993589430        0.0000000000000000     
   73.203501801473976       -54.661733350511788       -48.204296672676350        6.8697427468977814        0.0000000000000000     

 PASSED  -1.0000000000000000     
 MU_R    =    325.00000000000000     
 ALPHA_S =   0.11799999999999999     
 BORN                    7.0491787409232859E-011
 SINGLE POLE (MadFKS)   -2.9877712796334553E-012
 DOUBLE POLE (MadFKS)   -7.0605639296019622E-012
 SINGLE POLE (MadLoop)  -2.9877712796334549E-012
 DOUBLE POLE (MadLoop)  -7.0605639296019792E-012
 FINITE PART (MadLoop)   1.3573133596267547E-011
   325.00000000000000        0.0000000000000000        0.0000000000000000        325.00000000000000        0.0000000000000000     
   325.00000000000000        0.0000000000000000        0.0000000000000000       -325.00000000000000        0.0000000000000000     
   161.99753682004135       -72.231970876919988       -63.771799424267094        36.522621992232075        125.00000000000000     
   234.08488289325501        33.454166643434554       -137.37030203023070       -186.56353141347151        0.0000000000000000     
   253.91758028670370        38.777804233485440        201.14210145449783        150.04090942123938        0.0000000000000000     

 PASSED  -1.0000000000000000     
 MU_R    =    325.00000000000000     
 ALPHA_S =   0.11799999999999999     
 BORN                    4.8021854533733362E-010
 SINGLE POLE (MadFKS)   -4.8268619639193552E-011
 DOUBLE POLE (MadFKS)   -4.8099415040376843E-011
 SINGLE POLE (MadLoop)  -4.8268619639193494E-011
 DOUBLE POLE (MadLoop)  -4.8099415040376824E-011
 FINITE PART (MadLoop)   5.5814337708723982E-011
   325.00000000000000        0.0000000000000000        0.0000000000000000        325.00000000000000        0.0000000000000000     
   325.00000000000000        0.0000000000000000        0.0000000000000000       -325.00000000000000        0.0000000000000000     
   282.19124020490693        100.60229545293976        145.79735071484427        180.63556328285841        125.00000000000000     
   252.35937162327619       -175.38679556875041       -155.66485484370588       -93.237210129369004        0.0000000000000000     
   115.44938817181685        74.784500115810701        9.8675041288615191       -87.398353153489396        0.0000000000000000     

 PASSED  -1.0000000000000000     
 MU_R    =    325.00000000000000     
 ALPHA_S =   0.11799999999999999     
 BORN                    2.6066340002222361E-010
 SINGLE POLE (MadFKS)   -1.4890953984391303E-011
 DOUBLE POLE (MadFKS)   -2.6108439970175359E-011
 SINGLE POLE (MadLoop)  -1.4890953984391290E-011
 DOUBLE POLE (MadLoop)  -2.6108439970175407E-011
 FINITE PART (MadLoop)   4.6809571293074442E-011
   325.00000000000000        0.0000000000000000        0.0000000000000000        325.00000000000000        0.0000000000000000     
   325.00000000000000        0.0000000000000000        0.0000000000000000       -325.00000000000000        0.0000000000000000     
   206.62843555929393        72.879848110961959        78.120137664715699        125.12426707977258        125.00000000000000     
   210.56726256354534       -47.044203519559460       -190.12129748909859        77.325980238060879        0.0000000000000000     
   232.80430187716075       -25.835644591402499        112.00115982438290       -202.45024731783346        0.0000000000000000     

 PASSED  -1.0000000000000000     
 MU_R    =    325.00000000000000     
 ALPHA_S =   0.11799999999999999     
 BORN                    1.4125410597770677E-010
 SINGLE POLE (MadFKS)   -1.0589586604385895E-011
 DOUBLE POLE (MadFKS)   -1.4148224668846186E-011
 SINGLE POLE (MadLoop)  -1.0589586604385853E-011
 DOUBLE POLE (MadLoop)  -1.4148224668846206E-011
 FINITE PART (MadLoop)   2.2329142562829325E-011
   325.00000000000000        0.0000000000000000        0.0000000000000000        325.00000000000000        0.0000000000000000     
   325.00000000000000        0.0000000000000000        0.0000000000000000       -325.00000000000000        0.0000000000000000     
   245.70676745929453        37.154538550128812       -76.054283973564765        193.86103716242519        125.00000000000000     
   257.43875834094848       -157.82012690925794       -7.1178792068886354       -203.26548559475393        0.0000000000000000     
   146.85447419975699        120.66558835912910        83.172163180453410        9.4044484323287296        0.0000000000000000     

 PASSED  -1.0000000000000000     
 MU_R    =    325.00000000000000     
 ALPHA_S =   0.11799999999999999     
 BORN                    6.5881927524103708E-011
 SINGLE POLE (MadFKS)   -2.7721476695837752E-012
 DOUBLE POLE (MadFKS)   -6.5988333986890960E-012
 SINGLE POLE (MadLoop)  -2.7721476695838010E-012
 DOUBLE POLE (MadLoop)  -6.5988333986890936E-012
 FINITE PART (MadLoop)   1.2700272417795546E-011
   325.00000000000000        0.0000000000000000        0.0000000000000000        325.00000000000000        0.0000000000000000     
   325.00000000000000        0.0000000000000000        0.0000000000000000       -325.00000000000000        0.0000000000000000     
   160.92078298904963        87.205900932323516        16.026198648079006       -49.079427434342506        125.00000000000000     
   272.57194065081023       -260.23190287696406        53.476932873624136       -60.951105040131132        0.0000000000000000     
   216.50727636014011        173.02600194464046       -69.503131521703040        110.03053247447365        0.0000000000000000     

 PASSED  -1.0000000000000000     
 MU_R    =    325.00000000000000     
 ALPHA_S =   0.11799999999999999     
 BORN                    2.9513053240125246E-010
 SINGLE POLE (MadFKS)   -3.1025300306571452E-011
 DOUBLE POLE (MadFKS)   -2.9560720024011995E-011
 SINGLE POLE (MadLoop)  -3.1025300306571426E-011
 DOUBLE POLE (MadLoop)  -2.9560720024012020E-011
 FINITE PART (MadLoop)   3.1663449940354085E-011
   325.00000000000000        0.0000000000000000        0.0000000000000000        325.00000000000000        0.0000000000000000     
   325.00000000000000        0.0000000000000000        0.0000000000000000       -325.00000000000000        0.0000000000000000     
   287.01303873904487       -196.40834592215978        167.85464951936683       0.25038584664342062        125.00000000000000     
   55.926473322356387       -45.181266848297604        19.874636830799645       -26.294911201656209        0.0000000000000000     
   307.06048793859867        241.58961277045739       -187.72928635016640        26.044525355012770        0.0000000000000000     

 PASSED  -1.0000000000000000     
 MU_R    =    325.00000000000000     
 ALPHA_S =   0.11799999999999999     
 BORN                    9.2631620851431128E-010
 SINGLE POLE (MadFKS)   -1.1952001139994380E-010
 DOUBLE POLE (MadFKS)   -9.2781230971952343E-011
 SINGLE POLE (MadLoop)  -1.1952001139991588E-010
 DOUBLE POLE (MadLoop)  -9.2781230971930823E-011
 FINITE PART (MadLoop)   5.0136613655011347E-011
   325.00000000000000        0.0000000000000000        0.0000000000000000        325.00000000000000        0.0000000000000000     
   325.00000000000000        0.0000000000000000        0.0000000000000000       -325.00000000000000        0.0000000000000000     
   305.99237745186701        74.221681264401994       -125.33908446852070        238.30147081695580        125.00000000000000     
   260.78146508646648       -41.879154579387446        49.979817115669505       -252.49777588217347        0.0000000000000000     
   83.226157461666503       -32.342526685014612        75.359267352851191        14.196305065217134        0.0000000000000000     

 PASSED  -1.0000000000000000     
 MU_R    =    325.00000000000000     
 ALPHA_S =   0.11799999999999999     
 BORN                    7.3450144029954526E-010
 SINGLE POLE (MadFKS)   -8.7153520095130430E-011
 DOUBLE POLE (MadFKS)   -7.3568773983739388E-011
 SINGLE POLE (MadLoop)  -8.7153520095128479E-011
 DOUBLE POLE (MadLoop)  -7.3568773983738031E-011
 FINITE PART (MadLoop)   5.7724645104247202E-011
   325.00000000000000        0.0000000000000000        0.0000000000000000        325.00000000000000        0.0000000000000000     
   325.00000000000000        0.0000000000000000        0.0000000000000000       -325.00000000000000        0.0000000000000000     
   298.85384146417402       -223.00803895297196       -140.05704034644637       -65.879120893020868        125.00000000000000     
   259.96866302589461        169.98956636129645        195.94552994466548        17.105624176678862        0.0000000000000000     
   91.177495509931305        53.018472591675454       -55.888489598219294        48.773496716342152        0.0000000000000000     

 PASSED  -1.0000000000000000     
 MU_R    =    325.00000000000000     
 ALPHA_S =   0.11799999999999999     
 BORN                    1.4458958498762732E-010
 SINGLE POLE (MadFKS)   -9.7910520922810066E-012
 DOUBLE POLE (MadFKS)   -1.4482311285896628E-011
 SINGLE POLE (MadLoop)  -9.7910520922810599E-012
 DOUBLE POLE (MadLoop)  -1.4482311285896678E-011
 FINITE PART (MadLoop)   2.4230939971330731E-011
   325.00000000000000        0.0000000000000000        0.0000000000000000        325.00000000000000        0.0000000000000000     
   325.00000000000000        0.0000000000000000        0.0000000000000000       -325.00000000000000        0.0000000000000000     
   231.47849218176401        7.5404427688087754       -191.80136900442170        33.356692186470035        125.00000000000000     
   235.77542508940195       -137.42239678503722        126.35834588551761       -144.00938984323162        0.0000000000000000     
   182.74608272883395        129.88195401622858        65.443023118904108        110.65269765676157        0.0000000000000000     

 PASSED  -1.0000000000000000     
 MU_R    =    325.00000000000000     
 ALPHA_S =   0.11799999999999999     
 BORN                    1.0581616909701966E-010
 SINGLE POLE (MadFKS)   -6.3440592430536384E-012
 DOUBLE POLE (MadFKS)   -1.0598707369381053E-011
 SINGLE POLE (MadLoop)  -6.3440592430536408E-012
 DOUBLE POLE (MadLoop)  -1.0598707369381058E-011
 FINITE PART (MadLoop)   1.8686722736829080E-011
   325.00000000000000        0.0000000000000000        0.0000000000000000        325.00000000000000        0.0000000000000000     
   325.00000000000000        0.0000000000000000        0.0000000000000000       -325.00000000000000        0.0000000000000000     
   213.78360697058690        75.801862693729703       -147.73590332458048        50.066067255033452        125.00000000000000     
   273.28823939646048        35.811478957993245        241.44949245604022       -122.90704764161764        0.0000000000000000     
   162.92815363295256       -111.61334165172283       -93.713589131459727        72.840980386584135        0.0000000000000000     

 PASSED  -1.0000000000000000     
 MU_R    =    325.00000000000000     
 ALPHA_S =   0.11799999999999999     
 BORN                    2.9588618549250850E-008
 SINGLE POLE (MadFKS)   -8.1445597517261330E-009
 DOUBLE POLE (MadFKS)   -2.9636407379312559E-009
 SINGLE POLE (MadLoop)  -8.1445597517259361E-009
 DOUBLE POLE (MadLoop)  -2.9636407379312452E-009
 FINITE PART (MadLoop)  -1.5371117915508858E-008
   325.00000000000000        0.0000000000000000        0.0000000000000000        325.00000000000000        0.0000000000000000     
   325.00000000000000        0.0000000000000000        0.0000000000000000       -325.00000000000000        0.0000000000000000     
   335.34573300482316       -176.75526187870349        246.78647271395184       -68.452720385233889        125.00000000000000     
   55.983475209477639        35.857657049105292       -33.985444470775349        26.331872162890217        0.0000000000000000     
   258.67079178569918        140.89760482959818       -212.80102824317652        42.120848222343675        0.0000000000000000     

 PASSED  -1.0000000000000000     
 MU_R    =    325.00000000000000     
 ALPHA_S =   0.11799999999999999     
 BORN                    2.0070810526471585E-010
 SINGLE POLE (MadFKS)   -1.5333224634275228E-011
 DOUBLE POLE (MadFKS)   -2.0103227063656442E-011
 SINGLE POLE (MadLoop)  -1.5333224634275250E-011
 DOUBLE POLE (MadLoop)  -2.0103227063656403E-011
 FINITE PART (MadLoop)   3.1327161692977685E-011
   325.00000000000000        0.0000000000000000        0.0000000000000000        325.00000000000000        0.0000000000000000     
   325.00000000000000        0.0000000000000000        0.0000000000000000       -325.00000000000000        0.0000000000000000     
   248.27243016847223        212.40719441889041       -28.846741869892440        8.0776744392448894        125.00000000000000     
   261.34514293944346       -235.99692605179274       -107.21203191491901       -33.351384451282044        0.0000000000000000     
   140.38242689208428        23.589731632902289        136.05877378481145        25.273710012037174        0.0000000000000000     

 PASSED  -1.0000000000000000     
 MU_R    =    325.00000000000000     
 ALPHA_S =   0.11799999999999999     
 BORN                    6.3992672135944833E-010
 SINGLE POLE (MadFKS)   -5.7714006718053711E-011
 DOUBLE POLE (MadFKS)   -6.4096027246248790E-011
 SINGLE POLE (MadLoop)  -5.7714006718053569E-011
 DOUBLE POLE (MadLoop)  -6.4096027246248648E-011
 FINITE PART (MadLoop)   8.6205756201002664E-011
   325.00000000000000        0.0000000000000000        0.0000000000000000        325.00000000000000        0.0000000000000000     
   325.00000000000000        0.0000000000000000        0.0000000000000000       -325.00000000000000        0.0000000000000000     
   269.63737308928893       -19.725204870953437        204.96146389051208        121.16529032338303        125.00000000000000     
   215.77182274697955       -59.034429993806675       -206.22091121680506        23.352758804280604        0.0000000000000000     
   164.59080416373152        78.759634864760116        1.2594473262930650       -144.51804912766360        0.0000000000000000     

 NUMBER OF POINTS PASSING THE CHECK          20
 NUMBER OF POINTS FAILING THE CHECK           0
 TOLERANCE   -1.0000000000000000     
