 A PDF is used, so alpha_s(MZ) is going to be modified
 Old value of alpha_s from param_card:   0.11799999999999999     
  ****************************************
 
       NNPDFDriver version 1.0.3
   Grid: NNPDF23_lo_as_0130_qed_mem0.grid
  ****************************************
 New value of alpha_s from PDF nn23lo1:  0.13000000000000000     
 *****************************************************
 *               MadGraph/MadEvent                   *
 *        --------------------------------           *
 *          http://madgraph.hep.uiuc.edu             *
 *          http://madgraph.phys.ucl.ac.be           *
 *          http://madgraph.roma2.infn.it            *
 *        --------------------------------           *
 *                                                   *
 *          PARAMETER AND COUPLING VALUES            *
 *                                                   *
 *****************************************************

  External Params
  ---------------------------------
  
 MU_R =    91.188000000000002     
 aEWM1 =    132.50700000000001     
 mdl_Gf =    1.1663900000000000E-005
 aS =   0.11799999999999999     
 mdl_ymb =    4.7000000000000002     
 mdl_ymt =    173.00000000000000     
 mdl_ymtau =    1.7769999999999999     
 mdl_MT =    173.00000000000000     
 mdl_MB =    4.7000000000000002     
 mdl_MZ =    91.188000000000002     
 mdl_MH =    125.00000000000000     
 mdl_MTA =    1.7769999999999999     
 mdl_WT =    1.4915000000000000     
 mdl_WZ =    2.4414039999999999     
 mdl_WW =    2.0476000000000001     
 mdl_WH =    6.3823389999999999E-003
  Internal Params
  ---------------------------------
  
 mdl_conjg__CKM3x3 =    1.0000000000000000     
 mdl_CKM22 =    1.0000000000000000     
 mdl_lhv =    1.0000000000000000     
 mdl_CKM3x3 =    1.0000000000000000     
 mdl_conjg__CKM22 =    1.0000000000000000     
 mdl_conjg__CKM33 =    1.0000000000000000     
 mdl_Ncol =    3.0000000000000000     
 mdl_CA =    3.0000000000000000     
 mdl_TF =   0.50000000000000000     
 mdl_CF =    1.3333333333333333     
 mdl_complexi =                (0.0000000000000000,1.0000000000000000)
 mdl_MZ__exp__2 =    8315.2513440000002     
 mdl_MZ__exp__4 =    69143404.913893804     
 mdl_sqrt__2 =    1.4142135623730951     
 mdl_MH__exp__2 =    15625.000000000000     
 mdl_Ncol__exp__2 =    9.0000000000000000     
 mdl_MB__exp__2 =    22.090000000000003     
 mdl_MT__exp__2 =    29929.000000000000     
 mdl_aEW =    7.5467711139788835E-003
 mdl_MW =    80.419002445756163     
 mdl_sqrt__aEW =    8.6872153846781555E-002
 mdl_ee =   0.30795376724436879     
 mdl_MW__exp__2 =    6467.2159543705357     
 mdl_sw2 =   0.22224648578577766     
 mdl_cw =   0.88190334743339216     
 mdl_sqrt__sw2 =   0.47143025548407230     
 mdl_sw =   0.47143025548407230     
 mdl_g1 =   0.34919219678733299     
 mdl_gw =   0.65323293034757990     
 mdl_v =    246.21845810181637     
 mdl_v__exp__2 =    60623.529110035903     
 mdl_lam =   0.12886910601690263     
 mdl_yb =    2.6995554250465490E-002
 mdl_yt =   0.99366614581500623     
 mdl_ytau =    1.0206617000654717E-002
 mdl_muH =    88.388347648318430     
 mdl_AxialZUp =  -0.18517701861793787     
 mdl_AxialZDown =   0.18517701861793787     
 mdl_VectorZUp =    7.5430507588273299E-002
 mdl_VectorZDown =  -0.13030376310310560     
 mdl_VectorAUp =   0.20530251149624587     
 mdl_VectorADown =  -0.10265125574812294     
 mdl_VectorWmDxU =   0.23095271737156670     
 mdl_AxialWmDxU =  -0.23095271737156670     
 mdl_VectorWpUxD =   0.23095271737156670     
 mdl_AxialWpUxD =  -0.23095271737156670     
 mdl_I1x33 =          (2.69955542504654901E-002,0.0000000000000000)
 mdl_I2x33 =               (0.99366614581500623,0.0000000000000000)
 mdl_I3x33 =               (0.99366614581500623,0.0000000000000000)
 mdl_I4x33 =          (2.69955542504654901E-002,0.0000000000000000)
 mdl_Vector_tbGp =              (-0.96667059156454072,0.0000000000000000)
 mdl_Axial_tbGp =              (-1.0206617000654716,-0.0000000000000000)
 mdl_Vector_tbGm =               (0.96667059156454072,0.0000000000000000)
 mdl_Axial_tbGm =              (-1.0206617000654716,-0.0000000000000000)
 mdl_gw__exp__2 =   0.42671326129048615     
 mdl_cw__exp__2 =   0.77775351421422245     
 mdl_ee__exp__2 =    9.4835522759998875E-002
 mdl_sw__exp__2 =   0.22224648578577769     
 mdl_yb__exp__2 =    7.2875994928982540E-004
 mdl_yt__exp__2 =   0.98737240933884918     
  Internal Params evaluated point by point
  ----------------------------------------
  
 mdl_sqrt__aS =   0.34351128074635334     
 mdl_G__exp__4 =    2.1987899468922913     
 mdl_G__exp__2 =    1.4828317324943823     
 mdl_R2MixedFactor_FIN_ =   -2.5040377713124864E-002
 mdl_G_UVg_1EPS_ =   -5.1645779033320030E-002
 mdl_G_UVq_1EPS_ =    3.1300472141406080E-003
 mdl_GWcft_UV_b_1EPS_ =   -3.1300472141406080E-003
 mdl_GWcft_UV_t_1EPS_ =   -3.1300472141406080E-003
 mdl_bWcft_UV_1EPS_ =   -1.8780283284843650E-002
 mdl_tWcft_UV_1EPS_ =   -1.8780283284843650E-002
 mdl_G__exp__3 =    1.8056676068262196     
 mdl_MU_R__exp__2 =    8315.2513440000002     
 mdl_G_UVb_FIN_ =    1.8563438626678915E-002
 mdl_G_UVt_FIN_ =   -4.0087659331150384E-003
 mdl_GWcft_UV_b_FIN_ =   -1.8563438626678915E-002
 mdl_GWcft_UV_t_FIN_ =    4.0087659331150384E-003
 mdl_bWcft_UV_FIN_ =  -0.13642100947319838     
 mdl_tWcft_UV_FIN_ =   -9.8778211443463623E-004
  Couplings of loop_sm
  ---------------------------------
  
      UV_GQQb =   0.00000E+00   0.22605E-01
      UV_GQQt =   0.00000E+00  -0.48815E-02
   UVWfct_G_2 =   0.40088E-02   0.00000E+00
   UVWfct_G_1 =  -0.18563E-01   0.00000E+00
    R2_UUZ_V2 =  -0.00000E+00  -0.72127E-02
    R2_UUZ_V5 =   0.00000E+00   0.68702E-03
      R2_sxcW =  -0.00000E+00  -0.11566E-01
      R2_GGHb =   0.00000E+00  -0.33698E-02
      R2_GGHt =   0.00000E+00  -0.45657E+01
     R2_GGZup =  -0.46369E-02   0.00000E+00
         GC_4 =  -0.12177E+01   0.00000E+00
         GC_5 =   0.00000E+00   0.12177E+01
       R2_GQQ =  -0.00000E+00  -0.30492E-01
       R2_QQq =   0.00000E+00   0.12520E-01
 UV_GQQg_1eps =   0.00000E+00  -0.62890E-01
 UV_GQQq_1eps =   0.00000E+00   0.38115E-02
 UVWfct_G_2_1eps -0.31300E-02   0.00000E+00
        GC_22 =   0.00000E+00   0.28804E+00
        GC_23 =  -0.00000E+00  -0.27437E-01
        GC_31 =   0.00000E+00   0.52532E+02
        GC_32 =   0.00000E+00   0.67544E+02
        GC_33 =  -0.00000E+00  -0.19089E-01
        GC_37 =  -0.00000E+00  -0.70263E+00
        GC_47 =   0.00000E+00   0.46191E+00

 Collider parameters:
 --------------------

 Running at P P   machine @    13000.000000000000       GeV
 PDF set = nn23lo1
 alpha_s(Mz)= 0.1300 running at 2 loops.
 alpha_s(Mz)= 0.1300 running at 2 loops.
 Renormalization scale set on event-by-event basis
 Factorization   scale set on event-by-event basis


 ===============================================================
 INFO: MadFKS read these parameters from FKS_params.dat
 ===============================================================
  > IRPoleCheckThreshold      =    1.0000000000000001E-005
  > PrecisionVirtualAtRunTime =    1.0000000000000000E-003
  > NHelForMCoverHels         =            4
  > VirtualFraction           =    1.0000000000000000     
  > MinVirtualFraction        =    5.0000000000000001E-003
 ===============================================================
  Insert the number of points to test
 Insert the relative tolerance
  A negative number will mean use the default one:    1.0000000000000001E-005
Using random seed offsets:     1 ,      3 ,      0
  with seed                26142
 Ranmar initialization seeds       13122        6496
  ========================================================================================== 
 {                                                                                          }
 {       [32m                                                                            [0m       }
 {       [32m                               ,,                                           [0m       }
 {       [32m`7MMM.     ,MMF'             `7MM  `7MMF'                                   [0m       }
 {       [32m  MMMb    dPMM                 MM    MM                                     [0m       }
 {       [32m  M YM   ,M MM   ,6"Yb.   ,M""bMM    MM         ,pW"Wq.   ,pW"Wq.`7MMpdMAo. [0m       }
 {       [32m  M  Mb  M' MM  8)   MM ,AP    MM    MM        6W'   `Wb 6W'   `Wb MM   `Wb [0m       }
 {       [32m  M  YM.P'  MM   ,pm9MM 8MI    MM    MM      , 8M     M8 8M     M8 MM    M8 [0m       }
 {       [32m  M  `YM'   MM  8M   MM `Mb    MM    MM     ,M YA.   ,A9 YA.   ,A9 MM   ,AP [0m       }
 {       [32m.JML. `'  .JMML.`Moo9^Yo.`Wbmd"MML..JMMmmmmMMM  `Ybmd9'   `Ybmd9'  MMbmmd'  [0m       }
 {       [32m                                                                   MM       [0m       }
 {       [32m                                                                 .JMML.     [0m       }
 {       [32m[0mv2.6.7 (2019-10-16), Ref: arXiv:1103.0621v2, arXiv:1405.0301[32m                [0m       }
 {       [32m                                                                            [0m       }
 {                                                                                          }
  ========================================================================================== 
 ===============================================================
 INFO: MadLoop read these parameters from ./MadLoop5_resources/MadLoopParams.dat                                                                                                                                                                                                                                                                                                                                                                                                                                                                                          
 ===============================================================
  > MLReductionLib            = 6|7|1
  > CTModeRun                 =           -1
  > MLStabThres               =    1.0000000000000000E-003
  > NRotations_DP             =            0
  > NRotations_QP             =            0
  > CTStabThres               =    1.0000000000000000E-002
  > CTLoopLibrary             =            2
  > CTModeInit                =            1
  > CheckCycle                =            3
  > MaxAttempts               =           10
  > UseLoopFilter             =  F
  > HelicityFilterLevel       =            2
  > ImprovePSPoint            =            2
  > DoubleCheckHelicityFilter =  T
  > LoopInitStartOver         =  F
  > HelInitStartOver          =  F
  > ZeroThres                 =    1.0000000000000001E-009
  > OSThres                   =    1.0000000000000000E-008
  > WriteOutFilters           =  T
  > UseQPIntegrandForNinja    =  T
  > UseQPIntegrandForCutTools =  T
  > IREGIMODE                 =            2
  > IREGIRECY                 =  T
  > COLLIERMode               =            1
  > COLLIERRequiredAccuracy   =    1.0000000000000000E-008
  > COLLIERCanOutput          =  F
  > COLLIERComputeUVpoles     =  T
  > COLLIERComputeIRpoles     =  T
  > COLLIERGlobalCache        =           -1
  > COLLIERUseCacheForPoles   =  F
  > COLLIERUseInternalStabilityTest =  T
 ===============================================================
  
------------------------------------------------------------------------
|              You are using CutTools - Version 1.9.3                  |
|              Authors: G. Ossola, C. Papadopoulos, R. Pittau          |
|              Published in JHEP 0803:042,2008                         |
|              http://www.ugr.es/~pittau/CutTools                      |
|                                                                      |
|              Compiler with  34  significant digits detetected        |
 ---------------------------------------------------------------------- 
   
########################################################################
#                                                                      #
#                      You are using OneLOop-3.6                       #
#                                                                      #
# for the evaluation of 1-loop scalar 1-, 2-, 3- and 4-point functions #

  +----------------------------------------------------------------+
  |                                                                |
  |  Ninja - version 1.2.0                                         |
  |                                                                |
  |  Author: Tiziano Peraro                                        |
  |                                                                |
  |  Based on:                                                     |
  |                                                                |
  |      P. Mastrolia, E. Mirabella and T. Peraro,                 |
  |      "Integrand reduction of one-loop scattering amplitudes    |
  |      through Laurent series expansion,"                        |
  |      JHEP 1206 (2012) 095  [arXiv:1203.0291 [hep-ph]].         |
  |                                                                |
  |      T. Peraro,                                                |
  |      "Ninja: Automated Integrand Reduction via Laurent         |
  |      Expansion for One-Loop Amplitudes,"                       |
  |      Comput.Phys.Commun. 185 (2014) [arXiv:1403.1229 [hep-ph]] |
  |                                                                |
  +----------------------------------------------------------------+


#                                                                      #
# author: Andreas van Hameren <hamerenREMOVETHIS@ifj.edu.pl>           #
#   date: 18-02-2015                                                   #
#                                                                      #
# Please cite                                                          #
#    A. van Hameren,                                                   #
#      Comput.Phys.Commun. 182 (2011) 2427-2438, arXiv:1007.4716       #
#    A. van Hameren, C.G. Papadopoulos and R. Pittau,                  #
#      JHEP 0909:106,2009, arXiv:0903.4665                             #
# in publications with results obtained with the help of this program. #
#                                                                      #
########################################################################
########################################################################
#                                                                      #
#                      You are using OneLOop-3.6                       #
#                                                                      #
# for the evaluation of 1-loop scalar 1-, 2-, 3- and 4-point functions #
#                                                                      #
# author: Andreas van Hameren <hamerenREMOVETHIS@ifj.edu.pl>           #
#   date: 18-02-2015                                                   #
#                                                                      #
# Please cite                                                          #
#    A. van Hameren,                                                   #
#      Comput.Phys.Commun. 182 (2011) 2427-2438, arXiv:1007.4716       #
#    A. van Hameren, C.G. Papadopoulos and R. Pittau,                  #
#      JHEP 0909:106,2009, arXiv:0903.4665                             #
# in publications with results obtained with the help of this program. #
#                                                                      #
########################################################################
 PASSED   1.0000000000000001E-005
 MU_R    =    325.00000000000000     
 ALPHA_S =   0.11799999999999999     
 BORN                    8.9957061025565832E-004
 SINGLE POLE (MadFKS)   -5.1225727176399850E-006
 DOUBLE POLE (MadFKS)   -4.5051175720855841E-005
 SINGLE POLE (MadLoop)  -5.1225727176404170E-006
 DOUBLE POLE (MadLoop)  -4.5051175720855496E-005
 FINITE PART (MadLoop)   9.2505278185163052E-005
   325.00000000000000        0.0000000000000000        0.0000000000000000        325.00000000000000        0.0000000000000000     
   325.00000000000000        0.0000000000000000        0.0000000000000000       -325.00000000000000        0.0000000000000000     
   332.04444926587001        79.159992111594832       -171.38591354341870        242.87667771125126        125.00000000000000     
   317.95555073413243       -79.159992111594946        171.38591354341867       -242.87667771125120        80.419002445756163     

 PASSED   1.0000000000000001E-005
 MU_R    =    325.00000000000000     
 ALPHA_S =   0.11799999999999999     
 BORN                    1.8141208014777774E-003
 SINGLE POLE (MadFKS)   -1.0330446124192743E-005
 DOUBLE POLE (MadFKS)   -9.0852540172480710E-005
 SINGLE POLE (MadLoop)  -1.0330446124203761E-005
 DOUBLE POLE (MadLoop)  -9.0852540172486266E-005
 FINITE PART (MadLoop)   1.8655094718420014E-004
   325.00000000000000        0.0000000000000000        0.0000000000000000        325.00000000000000        0.0000000000000000     
   325.00000000000000        0.0000000000000000        0.0000000000000000       -325.00000000000000        0.0000000000000000     
   332.04444926587001        248.62693700194077        152.33777554156677        98.012063687911905        125.00000000000000     
   317.95555073413243       -248.62693700192690       -152.33777554158792       -98.012063687910384        80.419002445756163     

 PASSED   1.0000000000000001E-005
 MU_R    =    325.00000000000000     
 ALPHA_S =   0.11799999999999999     
 BORN                    5.8998745231283935E-004
 SINGLE POLE (MadFKS)   -3.3596624795342598E-006
 DOUBLE POLE (MadFKS)   -2.9547017303835485E-005
 SINGLE POLE (MadLoop)  -3.3596624795332599E-006
 DOUBLE POLE (MadLoop)  -2.9547017303835285E-005
 FINITE PART (MadLoop)   6.0670004977636847E-005
   325.00000000000000        0.0000000000000000        0.0000000000000000        325.00000000000000        0.0000000000000000     
   325.00000000000000        0.0000000000000000        0.0000000000000000       -325.00000000000000        0.0000000000000000     
   332.04444926587030        131.37336790835857        40.792119468144215        275.14642916452016        125.00000000000000     
   317.95555073413209       -131.37336790835860       -40.792119468144165       -275.14642916452038        80.419002445756163     

 PASSED   1.0000000000000001E-005
 MU_R    =    325.00000000000000     
 ALPHA_S =   0.11799999999999999     
 BORN                    1.8011824737033265E-003
 SINGLE POLE (MadFKS)   -1.0256769278691443E-005
 DOUBLE POLE (MadFKS)   -9.0204578943583794E-005
 SINGLE POLE (MadLoop)  -1.0256769278691483E-005
 DOUBLE POLE (MadLoop)  -9.0204578943583197E-005
 FINITE PART (MadLoop)   1.8522046395535969E-004
   325.00000000000000        0.0000000000000000        0.0000000000000000        325.00000000000000        0.0000000000000000     
   325.00000000000000        0.0000000000000000        0.0000000000000000       -325.00000000000000        0.0000000000000000     
   332.04444926587007       -167.58077981175521        237.15017722923164       -101.51350632355761        125.00000000000000     
   317.95555073413232        167.58077981175521       -237.15017722923156        101.51350632355765        80.419002445756163     

 PASSED   1.0000000000000001E-005
 MU_R    =    325.00000000000000     
 ALPHA_S =   0.11799999999999999     
 BORN                    1.4005805387127901E-003
 SINGLE POLE (MadFKS)   -7.9755558648460626E-006
 DOUBLE POLE (MadFKS)   -7.0142131414040328E-005
 SINGLE POLE (MadLoop)  -7.9755558648455239E-006
 DOUBLE POLE (MadLoop)  -7.0142131414040003E-005
 FINITE PART (MadLoop)   1.4402548380001886E-004
   325.00000000000000        0.0000000000000000        0.0000000000000000        325.00000000000000        0.0000000000000000     
   325.00000000000000        0.0000000000000000        0.0000000000000000       -325.00000000000000        0.0000000000000000     
   332.04444926587018        168.87954530143762       -184.85678414369769       -178.70698034241701        125.00000000000000     
   317.95555073413220       -168.87954530143764        184.85678414369769        178.70698034241698        80.419002445756163     

 PASSED   1.0000000000000001E-005
 MU_R    =    325.00000000000000     
 ALPHA_S =   0.11799999999999999     
 BORN                    1.8569689131379585E-003
 SINGLE POLE (MadFKS)   -1.0574443165992998E-005
 DOUBLE POLE (MadFKS)   -9.2998405973010884E-005
 SINGLE POLE (MadLoop)  -1.0574443165995180E-005
 DOUBLE POLE (MadLoop)  -9.2998405973010126E-005
 FINITE PART (MadLoop)   1.9095713436233726E-004
   325.00000000000000        0.0000000000000000        0.0000000000000000        325.00000000000000        0.0000000000000000     
   325.00000000000000        0.0000000000000000        0.0000000000000000       -325.00000000000000        0.0000000000000000     
   332.04444926586984       -198.30957680007793       -219.10983808951588       -85.397347090147392        125.00000000000000     
   317.95555073413254        198.30957680007813        219.10983808951588        85.397347090147335        80.419002445756163     

 PASSED   1.0000000000000001E-005
 MU_R    =    325.00000000000000     
 ALPHA_S =   0.11799999999999999     
 BORN                    1.9815946258912942E-003
 SINGLE POLE (MadFKS)   -1.1284119837049693E-005
 DOUBLE POLE (MadFKS)   -9.9239755813232736E-005
 SINGLE POLE (MadLoop)  -1.1284119837045044E-005
 DOUBLE POLE (MadLoop)  -9.9239755813232804E-005
 FINITE PART (MadLoop)   2.0377273337799002E-004
   325.00000000000000        0.0000000000000000        0.0000000000000000        325.00000000000000        0.0000000000000000     
   325.00000000000000        0.0000000000000000        0.0000000000000000       -325.00000000000000        0.0000000000000000     
   332.04444926587007        163.11680632781045        259.72696690282567       -23.734499049886541        125.00000000000000     
   317.95555073413232       -163.11680632781093       -259.72696690282822        23.734499049887834        80.419002445756163     

 PASSED   1.0000000000000001E-005
 MU_R    =    325.00000000000000     
 ALPHA_S =   0.11799999999999999     
 BORN                    1.9917805093135873E-003
 SINGLE POLE (MadFKS)   -1.1342122986473693E-005
 DOUBLE POLE (MadFKS)   -9.9749872549704889E-005
 SINGLE POLE (MadLoop)  -1.1342122986471868E-005
 DOUBLE POLE (MadLoop)  -9.9749872549703968E-005
 FINITE PART (MadLoop)   2.0482017531171321E-004
   325.00000000000000        0.0000000000000000        0.0000000000000000        325.00000000000000        0.0000000000000000     
   325.00000000000000        0.0000000000000000        0.0000000000000000       -325.00000000000000        0.0000000000000000     
   332.04444926587001       -160.14303700716812        262.62026177714819        3.6499439033788814        125.00000000000000     
   317.95555073413243        160.14303700716809       -262.62026177714819       -3.6499439033789152        80.419002445756163     

 PASSED   1.0000000000000001E-005
 MU_R    =    325.00000000000000     
 ALPHA_S =   0.11799999999999999     
 BORN                    8.9334387531853597E-004
 SINGLE POLE (MadFKS)   -5.0871147978889206E-006
 DOUBLE POLE (MadFKS)   -4.4739336131365736E-005
 SINGLE POLE (MadLoop)  -5.0871147978882946E-006
 DOUBLE POLE (MadLoop)  -4.4739336131365417E-005
 FINITE PART (MadLoop)   9.1864966195219386E-005
   325.00000000000000        0.0000000000000000        0.0000000000000000        325.00000000000000        0.0000000000000000     
   325.00000000000000        0.0000000000000000        0.0000000000000000       -325.00000000000000        0.0000000000000000     
   332.04444926586996       -57.150384423532437        178.98895489148995        243.56786297738370        125.00000000000000     
   317.95555073413243        57.150384423532437       -178.98895489148995       -243.56786297738375        80.419002445756163     

 PASSED   1.0000000000000001E-005
 MU_R    =    325.00000000000000     
 ALPHA_S =   0.11799999999999999     
 BORN                    1.3567061502086158E-003
 SINGLE POLE (MadFKS)   -7.7257147262046371E-006
 DOUBLE POLE (MadFKS)   -6.7944868893886513E-005
 SINGLE POLE (MadLoop)  -7.7257147262019520E-006
 DOUBLE POLE (MadLoop)  -6.7944868893885971E-005
 FINITE PART (MadLoop)   1.3951376179897266E-004
   325.00000000000000        0.0000000000000000        0.0000000000000000        325.00000000000000        0.0000000000000000     
   325.00000000000000        0.0000000000000000        0.0000000000000000       -325.00000000000000        0.0000000000000000     
   332.04444926587036        188.16070184410975        157.85692388675113       -185.21678690340022        125.00000000000000     
   317.95555073413209       -188.16070184410975       -157.85692388675142        185.21678690339925        80.419002445756163     

 PASSED   1.0000000000000001E-005
 MU_R    =    325.00000000000000     
 ALPHA_S =   0.11799999999999999     
 BORN                    1.5538844564066945E-003
 SINGLE POLE (MadFKS)   -8.8485395498765693E-006
 DOUBLE POLE (MadFKS)   -7.7819707421954669E-005
 SINGLE POLE (MadLoop)  -8.8485395498810111E-006
 DOUBLE POLE (MadLoop)  -7.7819707421954140E-005
 FINITE PART (MadLoop)   1.5979014017213262E-004
   325.00000000000000        0.0000000000000000        0.0000000000000000        325.00000000000000        0.0000000000000000     
   325.00000000000000        0.0000000000000000        0.0000000000000000       -325.00000000000000        0.0000000000000000     
   332.04444926587013        263.42342827598696        39.728308739597004        153.81246766206013        125.00000000000000     
   317.95555073413226       -263.42342827598691       -39.728308739596827       -153.81246766205956        80.419002445756163     

 PASSED   1.0000000000000001E-005
 MU_R    =    325.00000000000000     
 ALPHA_S =   0.11799999999999999     
 BORN                    1.4941337439808966E-003
 SINGLE POLE (MadFKS)   -8.5082912515856751E-006
 DOUBLE POLE (MadFKS)   -7.4827346606414123E-005
 SINGLE POLE (MadLoop)  -8.5082912515819752E-006
 DOUBLE POLE (MadLoop)  -7.4827346606413608E-005
 FINITE PART (MadLoop)   1.5364581285454897E-004
   325.00000000000000        0.0000000000000000        0.0000000000000000        325.00000000000000        0.0000000000000000     
   325.00000000000000        0.0000000000000000        0.0000000000000000       -325.00000000000000        0.0000000000000000     
   332.04444926586996       -202.38992118321778        163.65273613809032        163.96529524945916        125.00000000000000     
   317.95555073413243        202.38992118321784       -163.65273613809052       -163.96529524945916        80.419002445756163     

 PASSED   1.0000000000000001E-005
 MU_R    =    325.00000000000000     
 ALPHA_S =   0.11799999999999999     
 BORN                    7.8966715326692636E-004
 SINGLE POLE (MadFKS)   -4.4967314063228079E-006
 DOUBLE POLE (MadFKS)   -3.9547127570903805E-005
 SINGLE POLE (MadLoop)  -4.4967314063254117E-006
 DOUBLE POLE (MadLoop)  -3.9547127570903500E-005
 FINITE PART (MadLoop)   8.1203608537055356E-005
   325.00000000000000        0.0000000000000000        0.0000000000000000        325.00000000000000        0.0000000000000000     
   325.00000000000000        0.0000000000000000        0.0000000000000000       -325.00000000000000        0.0000000000000000     
   332.04444926587007        149.84730025240120       -85.151602937083126        254.80091721300178        125.00000000000000     
   317.95555073413232       -149.84730025240117        85.151602937083112       -254.80091721300172        80.419002445756163     

 PASSED   1.0000000000000001E-005
 MU_R    =    325.00000000000000     
 ALPHA_S =   0.11799999999999999     
 BORN                    1.9121617168937196E-003
 SINGLE POLE (MadFKS)   -1.0888736616119121E-005
 DOUBLE POLE (MadFKS)   -9.5762503279192147E-005
 SINGLE POLE (MadLoop)  -1.0888736616117947E-005
 DOUBLE POLE (MadLoop)  -9.5762503279191375E-005
 FINITE PART (MadLoop)   1.9663275960738198E-004
   325.00000000000000        0.0000000000000000        0.0000000000000000        325.00000000000000        0.0000000000000000     
   325.00000000000000        0.0000000000000000        0.0000000000000000       -325.00000000000000        0.0000000000000000     
   332.04444926586996        271.64296394813579       -128.55403622125391        65.669446449404660        125.00000000000000     
   317.95555073413243       -271.64296394813579        128.55403622125382       -65.669446449404603        80.419002445756163     

 PASSED   1.0000000000000001E-005
 MU_R    =    325.00000000000000     
 ALPHA_S =   0.11799999999999999     
 BORN                    1.8791840300236068E-003
 SINGLE POLE (MadFKS)   -1.0700946355826185E-005
 DOUBLE POLE (MadFKS)   -9.4110955808526583E-005
 SINGLE POLE (MadLoop)  -1.0700946355817972E-005
 DOUBLE POLE (MadLoop)  -9.4110955808525851E-005
 FINITE PART (MadLoop)   1.9324157489875569E-004
   325.00000000000000        0.0000000000000000        0.0000000000000000        325.00000000000000        0.0000000000000000     
   325.00000000000000        0.0000000000000000        0.0000000000000000       -325.00000000000000        0.0000000000000000     
   332.04444926586996        219.31603655406636        201.08662084923310       -78.058717091219677        125.00000000000000     
   317.95555073413249       -219.31603655406636       -201.08662084923321        78.058717091219663        80.419002445756163     

 PASSED   1.0000000000000001E-005
 MU_R    =    325.00000000000000     
 ALPHA_S =   0.11799999999999999     
 BORN                    1.5886712934030354E-003
 SINGLE POLE (MadFKS)   -9.0466319509608919E-006
 DOUBLE POLE (MadFKS)   -7.9561858497621251E-005
 SINGLE POLE (MadLoop)  -9.0466319509613629E-006
 DOUBLE POLE (MadLoop)  -7.9561858497620696E-005
 FINITE PART (MadLoop)   1.6336736467997641E-004
   325.00000000000000        0.0000000000000000        0.0000000000000000        325.00000000000000        0.0000000000000000     
   325.00000000000000        0.0000000000000000        0.0000000000000000       -325.00000000000000        0.0000000000000000     
   332.04444926587001        214.20866044086949       -164.20495172937632        147.58014740457583        125.00000000000000     
   317.95555073413232       -214.20866044086947        164.20495172937632       -147.58014740457583        80.419002445756163     

 PASSED   1.0000000000000001E-005
 MU_R    =    325.00000000000000     
 ALPHA_S =   0.11799999999999999     
 BORN                    1.9864234394365104E-003
 SINGLE POLE (MadFKS)   -1.1311617343352449E-005
 DOUBLE POLE (MadFKS)   -9.9481586443389677E-005
 SINGLE POLE (MadLoop)  -1.1311617343353430E-005
 DOUBLE POLE (MadLoop)  -9.9481586443388932E-005
 FINITE PART (MadLoop)   2.0426929333137038E-004
   325.00000000000000        0.0000000000000000        0.0000000000000000        325.00000000000000        0.0000000000000000     
   325.00000000000000        0.0000000000000000        0.0000000000000000       -325.00000000000000        0.0000000000000000     
   332.04444926587001       -261.44486987223655       -161.15988949418193        17.395008594057085        125.00000000000000     
   317.95555073413243        261.44486987223655        161.15988949418190       -17.395008594057074        80.419002445756163     

 PASSED   1.0000000000000001E-005
 MU_R    =    325.00000000000000     
 ALPHA_S =   0.11799999999999999     
 BORN                    8.5705670330987575E-004
 SINGLE POLE (MadFKS)   -4.8804787926518675E-006
 DOUBLE POLE (MadFKS)   -4.2922047144889772E-005
 SINGLE POLE (MadLoop)  -4.8804787926522741E-006
 DOUBLE POLE (MadLoop)  -4.2922047144889399E-005
 FINITE PART (MadLoop)   8.8133458181347996E-005
   325.00000000000000        0.0000000000000000        0.0000000000000000        325.00000000000000        0.0000000000000000     
   325.00000000000000        0.0000000000000000        0.0000000000000000       -325.00000000000000        0.0000000000000000     
   332.04444926586984        25.498246325225608       -180.81389152543156        247.55745263280329        125.00000000000000     
   317.95555073413260       -25.498246325225640        180.81389152543156       -247.55745263280329        80.419002445756163     

 PASSED   1.0000000000000001E-005
 MU_R    =    325.00000000000000     
 ALPHA_S =   0.11799999999999999     
 BORN                    1.9918233952074620E-003
 SINGLE POLE (MadFKS)   -1.1342367198664971E-005
 DOUBLE POLE (MadFKS)   -9.9752020307667267E-005
 SINGLE POLE (MadLoop)  -1.1342367198665687E-005
 DOUBLE POLE (MadLoop)  -9.9752020307666318E-005
 FINITE PART (MadLoop)   2.0482458538413417E-004
   325.00000000000000        0.0000000000000000        0.0000000000000000        325.00000000000000        0.0000000000000000     
   325.00000000000000        0.0000000000000000        0.0000000000000000       -325.00000000000000        0.0000000000000000     
   332.04444926586984        273.73046748983137        140.31799978416720        3.3175883776640092        125.00000000000000     
   317.95555073413254       -273.73046748983120       -140.31799978416706       -3.3175883776641317        80.419002445756163     

 PASSED   1.0000000000000001E-005
 MU_R    =    325.00000000000000     
 ALPHA_S =   0.11799999999999999     
 BORN                    1.7920241583771553E-003
 SINGLE POLE (MadFKS)   -1.0204617579097776E-005
 DOUBLE POLE (MadFKS)   -8.9745923593617319E-005
 SINGLE POLE (MadLoop)  -1.0204617579097961E-005
 DOUBLE POLE (MadLoop)  -8.9745923593615286E-005
 FINITE PART (MadLoop)   1.8427868962735158E-004
   325.00000000000000        0.0000000000000000        0.0000000000000000        325.00000000000000        0.0000000000000000     
   325.00000000000000        0.0000000000000000        0.0000000000000000       -325.00000000000000        0.0000000000000000     
   332.04444926586910        282.09442485254561       -65.205373608354108        103.92069576355226        125.00000000000000     
   317.95555073413334       -282.09442485254493        65.205373608354250       -103.92069576355141        80.419002445756163     

 NUMBER OF POINTS PASSING THE CHECK          20
 NUMBER OF POINTS FAILING THE CHECK           0
 TOLERANCE    1.0000000000000001E-005
