 Enter filename for events
 Enter maximum number of events to generate
 MUST coincide with the number of events on tape
 Enter 0 to use Herwig default PDFs
       1 to use PDFs from library
 Enter colliding particles (PART1, PART2)
 Enter beam momenta (PBEAM1, PBEAM2)


          HERWIG 6.521  11th Mar. 2013

          Please reference:  G. Marchesini, B.R. Webber,
          G.Abbiendi, I.G.Knowles, M.H.Seymour & L.Stanco
          Computer Physics Communications 67 (1992) 465
                             and
          G.Corcella, I.G.Knowles, G.Marchesini, S.Moretti,
          K.Odagiri, P.Richardson, M.H.Seymour & B.R.Webber,
          JHEP 0101 (2001) 010
 Enter .TRUE. for underlying event, .FALSE. otherwise

 Underlying event WILL NOT be generated

 Enter Lambda_QCD, <0 for Herwig default
 Enter Z mass, width
 Enter W mass, width
 Enter top mass, width
 Enter Higgs (SM) boson mass, width
 Enter quark (d,u,s,c,b) and gluon masses
 Enter lepton (e,mu,tau) masses
 Enter number of events to print
 Enter accepted error fraction
 Is it single-top (.TRUE. or .FALSE)?
 Is it b-bbar (.TRUE. or .FALSE)?
 Enter the two random seeds (0 0 for default)

          INPUT CONDITIONS FOR THIS RUN

          BEAM 1 (P       ) MOM. =   6500.00
          BEAM 2 (P       ) MOM. =   6500.00
          PROCESS CODE (IPROC)   =  -18000
          NUMBER OF FLAVOURS     =    6
          STRUCTURE FUNCTION SET =    8
          AZIM SPIN CORRELATIONS =    T
          AZIM SOFT CORRELATIONS =    T
          QCD LAMBDA (GEV)       =    0.1800
          DOWN     QUARK  MASS   =    0.3200
          UP       QUARK  MASS   =    0.3200
          STRANGE  QUARK  MASS   =    0.5000
          CHARMED  QUARK  MASS   =    1.5500
          BOTTOM   QUARK  MASS   =    4.9500
          TOP      QUARK  MASS   =  173.0000
          GLUON EFFECTIVE MASS   =    0.7500
          EXTRA SHOWER CUTOFF (Q)=    0.4800
          EXTRA SHOWER CUTOFF (G)=    0.1000
          PHOTON SHOWER CUTOFF   =    0.4000
          CLUSTER MASS PARAMETER =    3.3500
          SPACELIKE EVOLN CUTOFF =    2.5000
          INTRINSIC P-TRAN (RMS) =    0.0000
          DECAY SPIN CORRELATIONS=    T
          SUSY THREE BODY ME     =    T
          SUSY FOUR  BODY ME     =    F

          NO EVENTS WILL BE WRITTEN TO DISK

          B_d: Delt-M/Gam =0.7000 Delt-Gam/2*Gam =0.0000
          B_s: Delt-M/Gam = 10.00 Delt-Gam/2*Gam =0.2000

          PDFLIB NOT USED FOR BEAM 1
          PDFLIB NOT USED FOR BEAM 2


          Checking consistency of particle properties


          Checking consistency of decay tables


          WRITING SUDAKOV TABLE ON UNIT  77

          WRITING MATRIX ELEMENT TABLE ON UNIT  88

          CHECKING SUSY DECAY MATRIX ELEMENTS
 Do you want a stable Pi0 (.TRUE. or .FALSE)?
 Do you want a stable W+ (.TRUE. or .FALSE)?
 Do you want a stable W- (.TRUE. or .FALSE)?
 Do you want a stable Z0 (.TRUE. or .FALSE)?
 Do you want a stable Tau+ (.TRUE. or .FALSE)?
 Do you want a stable Tau- (.TRUE. or .FALSE)?
 Do you want a stable Mu+ (.TRUE. or .FALSE)?
 Do you want a stable Mu- (.TRUE. or .FALSE)?
 Do you want a stable Higgs (.TRUE. or .FALSE)?

          PARTICLE TYPE  21=PI0      SET STABLE
 How many decay modes do you want to set?
 How are the events normalized ("average" or "sum")?
 stdhep initialized

          SUBROUTINE TIMEL CALLED BUT NOT LINKED.
          DUMMY TIMEL WILL BE USED. DELETE DUMMY
          AND LINK CERNLIB FOR CPU TIME REMAINING.

 HWWARN CALLED FROM SUBPROGRAM HWSMRS: CODE =   5
 EVENT       1:   SEEDS = 1973774260 & 1099242306  WEIGHT =-0.5849E-03
 EVENT SURVIVES. EXECUTION CONTINUES
 WARNING: MRST98 CALLED WITH Q OUTSIDE ALLOWED RANGE!
 Q VALUE=1.430E+04, MINIMUM=1.118E+00, MAXIMUM=3.162E+03
 NO FURTHER WARNINGS WILL BE ISSUED



 EVENT       1: 6500.00 GEV/C P        ON  6500.00 GEV/C P        PROCESS:-18000
 SEEDS:  1973774260 &  1099242306   STATUS:  100 ERROR:   0  WEIGHT: -5.8486E-04


                               ---INITIAL STATE---    

 IHEP    ID      IDPDG IST MO1 MO2 DA1 DA2   P-X     P-Y     P-Z  ENERGY    MASS
    1 P           2212 101   0   0   0   0    0.00    0.00 6500.0 6500.0    0.94
    2 P           2212 102   0   0   0   0    0.00    0.00-6500.0 6500.0    0.94
    3 CMF            0 103   1   2   0   0    0.00    0.00    0.013000.013000.00

                              ---HARD SUBPROCESS---   

 IHEP    ID      IDPDG IST MO1 MO2 DA1 DA2   P-X     P-Y     P-Z  ENERGY    MASS
    4 UQRK           2 121   6   8  11   9    0.00    0.00  676.5  676.5    0.32
    5 DQRK           1 122   6   9  15  10   -0.00   -0.00-1244.1 1244.1    0.32
    6 HARD           0 120   4   5   7  10   -0.13    0.58 -567.5 1920.6 1834.83
    7 HIGGS         25 123   6   7  20   7 -305.04  -74.92   11.5  338.3  125.00
    8 UQRK           2 124   6  10  21   4  111.51   30.91 -765.6  774.3    0.32
    9 DQRK           1 124   6   4  23   5  100.00   13.63  484.2  494.6    0.32
   10 GLUON         21 124   6   5  33   8   93.52   30.37 -297.6  313.4    0.75

                              ---PARTON SHOWERS---    

 IHEP    ID      IDPDG IST MO1 MO2 DA1 DA2   P-X     P-Y     P-Z  ENERGY    MASS
   11 UQRK          94 141   4   6  13  14   -0.77    2.53  676.6  676.6   -3.46
   12 CONE           0 100   4   9   0   0    0.99    0.14    4.0    4.1    0.00
   13 GLUON         21   2  11  14  38  39    0.77   -2.53 1002.1 1002.1    0.75
   14 UD          2101   2  11  22  40  39    0.00    0.00 4821.3 4821.3    0.32
   15 DQRK          94 142   5   6  17  19    0.63   -1.95-1244.1 1244.0  -17.40
   16 CONE           0 100   5  10   0   0    0.95    0.31   -4.4    4.5    0.00
   17 GLUON         21   2  15  18  41  42    1.45    1.11  -30.3   30.4    0.75
   18 GLUON         21   2  15  19  43  44   -2.09    0.83  -50.4   50.4    0.75
   19 UU          2203   2  15  25  45  44    0.00    0.00-5175.2 5175.2    0.32
   20 HIGGS         25 195   7   6 188 189 -304.56  -74.69   11.5  337.8  125.00
   21 UQRK          94 144   8   6  22  22  111.28   31.10 -764.4  773.1    0.32
   22 UQRK           2   2  21  35  46  40  111.28   31.10 -764.4  773.1    0.32
   23 DQRK          94 144   9   6  25  32   99.80   13.76  482.6  496.6   59.95
   24 CONE           0 100   9   4   0   0   -0.28   -0.04    3.5    3.5    0.00
   25 DQRK           1   2  23  26  47  45   32.73   -0.24  216.2  218.7    0.32
   26 GLUON         21   2  23  27  48  49   11.03    1.41   90.4   91.1    0.75
   27 GLUON         21   2  23  28  50  51   17.13    4.62   45.0   48.4    0.75
   28 UBAR          -2   2  23  29  52  51   12.08    3.02   34.7   36.9    0.32
   29 UQRK           2   2  23  30  53  52   17.73    8.33   49.0   52.8    0.32
   30 GLUON         21   2  23  31  54  55    5.66    0.73   19.0   19.8    0.75
   31 GLUON         21   2  23  32  56  57    1.72   -0.02    7.0    7.3    0.75
   32 GLUON         21   2  23  38  58  59    1.72   -4.10   21.1   21.6    0.75
   33 GLUON         94 144  10   6  35  37   93.34   30.42 -297.2  313.2   10.85
   34 CONE           0 100  10   8   0   0   -0.12   -0.08   -2.8    2.8    0.00
   35 GLUON         21   2  33  36  60  61   16.33    6.38  -44.2   47.6    0.75
   36 GLUON         21   2  33  37  62  63   54.57   15.48 -185.3  193.8    0.75
   37 GLUON         21   2  33  41  64  65   22.44    8.56  -67.7   71.8    0.75

                              ---GLUON SPLITTING---   

 IHEP    ID      IDPDG IST MO1 MO2 DA1 DA2   P-X     P-Y     P-Z  ENERGY    MASS
   38 UBAR          -2 158  11  39 127  97    0.12   -0.83  321.1  321.1    0.32
   39 UQRK           2 158  11  66  98  38    0.44   -0.94  396.6  396.6    0.32
   40 UD          2101 161  11  46 112  67    0.03   -0.06 2241.0 2241.0    0.64
   41 UBAR          -2 158  15  42 121  85    0.42    0.36   -9.7    9.7    0.32
   42 UQRK           2 158  15  43  99  41    0.62    0.37  -10.0   10.0    0.32
   43 DBAR          -1 158  15  44  99  42   -0.71    0.19  -14.7   14.7    0.32
   44 DQRK           1 158  15  70 100  43   -0.85    0.40  -23.7   23.7    0.32
   45 UU          2203 162  15  47 113  69   -0.00    0.00-4435.9 4435.9    0.64
   46 UQRK           2 158  21  74 101  40   38.55   10.77 -264.8  267.8    0.32
   47 DQRK           1 158  23  48 102  45   32.73   -0.24  216.2  218.7    0.32
   48 UBAR          -2 158  23  49 102  47    4.11    0.38   32.8   33.1    0.32
   49 UQRK           2 158  23  78 103  48    4.82    0.72   40.1   40.4    0.32
   50 UBAR          -2 158  23  51 117  77    6.80    1.68   17.6   19.0    0.32
   51 UQRK           2 158  23  52 104  50    8.67    2.53   23.1   24.8    0.32
   52 UBAR          -2 158  23  53 104  51   12.08    3.02   34.7   36.9    0.32
   53 UQRK           2 158  23  54 105  52   17.73    8.33   49.0   52.8    0.32
   54 UBAR          -2 158  23  55 105  53    2.76    0.20    8.8    9.2    0.32
   55 UQRK           2 158  23  56 106  54    2.90    0.53   10.2   10.6    0.32
   56 DBAR          -1 158  23  57 106  55    0.75   -0.20    3.1    3.2    0.32
   57 DQRK           1 158  23  58 107  56    0.98    0.18    3.9    4.1    0.32
   58 UBAR          -2 158  23  59 107  57    0.54   -1.73    8.4    8.6    0.32
   59 UQRK           2 158  23  80 108  58    0.66   -1.33    7.4    7.5    0.32
   60 UBAR          -2 158  33  61 126  95    3.44    1.25   -9.4   10.1    0.32
   61 UQRK           2 158  33  82 109  60    6.96    2.80  -18.9   20.4    0.32
   62 UBAR          -2 158  33  63 120  83   11.23    3.13  -37.9   39.6    0.32
   63 UQRK           2 158  33  64 110  62   39.67   11.33 -135.0  141.1    0.32
   64 UBAR          -2 158  33  65 110  63    6.22    2.32  -18.5   19.6    0.32
   65 UQRK           2 158  33  86 111  64   12.20    4.70  -37.0   39.3    0.32
   66 DBAR          -1 159  11  67  98  39    0.00   -0.01 2456.8 2456.8    0.32
   67 DQRK           1 159  11  40 112  66    0.11   -0.23  228.8  228.8    0.32
   68 DBAR          -1 159  15  69 114  71   -0.00    0.00 -544.8  544.8    0.32
   69 DQRK           1 159  15  45 113  68   -0.02    0.01 -133.5  133.5    0.32
   70 SBAR          -3 159  15  71 100  44   -0.11    0.05  -50.3   50.3    0.50
   71 SQRK           3 159  15  68 114  70   -0.39    0.18  -22.8   22.8    0.50
   72 UBAR          -2 159  33  73 116  75    0.88    0.31   -2.9    3.1    0.32
   73 UQRK           2 159  21  88 115  72   54.33   15.18 -373.2  377.5    0.32
   74 DBAR          -1 159  33  75 101  46    8.28    2.32  -56.8   57.5    0.32
   75 DQRK           1 159  21  72 116  74    5.48    1.53  -37.5   38.0    0.32
   76 DBAR          -1 159  23  77 118  79    0.92    0.22    2.8    3.0    0.32
   77 DQRK           1 159  23  50 117  76    0.95    0.15    7.5    7.6    0.32
   78 UBAR          -2 159  23  79 103  49    0.77    0.18    2.6    2.7    0.32
   79 UQRK           2 159  23  76 118  78    1.11    0.17    8.9    9.0    0.32
   80 SBAR          -3 159  11  81 108  59    0.08   -0.16    8.4    8.4    0.50
   81 SQRK           3 159  23  92 119  80    0.31   -0.63    5.1    5.2    0.50
   82 SBAR          -3 159  33  83 109  61    3.76    1.19  -11.9   12.6    0.50
   83 SQRK           3 159  33  62 120  82    3.94    1.47  -11.3   12.1    0.50
   84 SBAR          -3 159  15  85 122  87    0.39    0.27   -6.1    6.2    0.50
   85 SQRK           3 159  33  41 121  84    0.39    0.24   -5.0    5.1    0.50
   86 DBAR          -1 159  15  87 111  65    0.71    0.29   -2.6    2.8    0.32
   87 DQRK           1 159  33  84 122  86    2.94    1.13   -9.0    9.6    0.32
   88 SBAR          -3 159  33  89 115  73    1.99    0.57  -13.1   13.3    0.50
   89 SQRK           3 159  21  94 123  88    1.93    0.55  -12.7   12.8    0.50
   90 UBAR          -2 159  11  91 125  93    0.03   -0.21   80.8   80.8    0.32
   91 UQRK           2 159  23  96 124  90    0.06   -0.13    4.4    4.4    0.32
   92 DBAR          -1 159  11  93 119  81    0.02   -0.09   27.3   27.3    0.32
   93 DQRK           1 159  23  90 125  92    0.02   -0.07   20.3   20.3    0.32
   94 UBAR          -2 159  33  95 123  89    0.88    0.31   -2.9    3.1    0.32
   95 UQRK           2 159  21  60 126  94    0.87    0.25   -5.4    5.5    0.32
   96 UBAR          -2 159  11  97 124  91    0.02   -0.10   33.1   33.1    0.32
   97 UQRK           2 159  23  38 127  96    0.05   -0.11    5.3    5.3    0.32

                             ---CLUSTER FORMATION---  

 IHEP    ID      IDPDG IST MO1 MO2 DA1 DA2   P-X     P-Y     P-Z  ENERGY    MASS
   98 CLUS          91 183  39  66 128 129    0.45   -0.95 2853.3 2853.3    2.74
   99 CLUS          91 183  42  43 130 131   -0.09    0.56  -24.6   24.7    1.52
  100 CLUS          91 183  44  70 132 133   -0.96    0.45  -73.9   74.0    1.53
  101 CLUS          91 183  46  74 134 135   46.83   13.09 -321.6  325.3    0.84
  102 CLUS          91 183  47  48 136 137   36.85    0.14  249.1  251.8    2.61
  103 CLUS          91 183  49  78 138 139    5.59    0.90   42.6   43.1    2.30
  104 CLUS          91 183  51  52 140 141   20.75    5.54   57.8   61.7    1.17
  105 CLUS          91 183  53  54 142 143   20.49    8.53   57.8   62.0    3.29
  106 CLUS          91 183  55  56 144 145    3.65    0.33   13.3   13.8    1.03
  107 CLUS          91 183  57  58 146 147    1.51   -1.55   12.3   12.6    1.92
  108 CLUS          91 183  59  80 148 149    0.74   -1.49   15.8   16.0    1.63
  109 CLUS          91 183  61  82 150 151   10.71    3.99  -30.9   32.9    1.36
  110 CLUS          91 183  63  64 152 153   45.89   13.65 -153.4  160.7    3.03
  111 CLUS          91 183  65  86 154 155   12.91    4.98  -39.7   42.0    1.42
  112 CLUS          91 184  67  40 156 157    0.13   -0.29 2469.8 2469.8    1.47
  113 CLUS          91 185  69  45 158 159   -0.02    0.01-4569.4 4569.4    1.98
  114 CLUS          91 183  71  68 160 161   -0.40    0.18 -567.6  567.6    3.29
  115 CLUS          91 183  73  88 162 163   56.32   15.75 -386.4  390.8    2.77
  116 CLUS          91 183  75  72 164 165    6.36    1.84  -40.5   41.1    2.11
  117 CLUS          91 183  77  50 166 167    7.75    1.83   25.1   26.5    3.08
  118 CLUS          91 183  79  76 168 169    2.03    0.39   11.7   12.0    1.26
  119 CLUS          91 183  81  92 170 171    0.33   -0.71   32.4   32.5    2.05
  120 CLUS          91 183  83  62 172 173   15.16    4.60  -49.2   51.7    1.75
  121 CLUS          91 183  85  41 174 175    0.81    0.61  -14.7   14.8    0.97
  122 CLUS          91 183  87  84 176 177    3.32    1.40  -15.1   15.7    2.19
  123 CLUS          91 183  89  94 178 179    2.81    0.86  -15.6   15.9    1.33
  124 CLUS          91 183  91  96 180 181    0.08   -0.23   37.4   37.4    1.06
  125 CLUS          91 183  93  90 182 183    0.05   -0.29  101.1  101.1    0.80
  126 CLUS          91 183  95  60 184 185    4.31    1.50  -14.8   15.6    1.68
  127 CLUS          91 183  97  38 186 187    0.17   -0.94  326.4  326.4    2.67

                              ---CLUSTER DECAYS---    

 IHEP    ID      IDPDG IST MO1 MO2 DA1 DA2   P-X     P-Y     P-Z  ENERGY    MASS
  128 DELTA+      2214 197  98  11 229 230   -0.31   -1.15 1600.1 1600.1    1.23
  129 NBAR       -2112   1  98  11   0   0    0.76    0.19 1253.2 1253.2    0.94
  130 PI0          111   1  99  15   0   0   -0.18    0.05   -1.8    1.8    0.13
  131 B_1+       10213 197  99  15 231 232    0.09    0.51  -22.9   22.9    1.23
  132 PI-         -211   1 100  15   0   0    0.03    0.42  -10.2   10.2    0.14
  133 K*+          323 197 100  15 233 234   -0.99    0.03  -63.7   63.8    0.89
  134 PI0          111   1 101  21   0   0   45.49   12.71 -312.5  316.0    0.13
  135 PI+          211   1 101  21   0   0    1.34    0.38   -9.2    9.3    0.14
  136 DELTA-      1114 197 102  23 235 236   28.30   -0.10  188.4  190.6    1.23
  137 NBAR       -2112   1 102  23   0   0    8.55    0.24   60.7   61.3    0.94
  138 RHO_30       117 197 103  23 237 238    5.29    0.60   37.1   37.5    1.69
  139 PI0          111   1 103  23   0   0    0.30    0.30    5.5    5.5    0.13
  140 PI0          111   1 104  23   0   0    4.92    1.45   13.0   14.0    0.13
  141 RHO0         113 197 104  23 239 240   15.84    4.10   44.8   47.7    0.77
  142 DELTA++     2224 197 105  23 241 242   15.30    7.01   42.5   45.7    1.23
  143 DLTABR--   -2224 197 105  23 243 244    5.18    1.52   15.3   16.3    1.23
  144 PI0          111   1 106  23   0   0    0.78    0.17    3.5    3.6    0.13
  145 RHO+         213 197 106  23 245 246    2.87    0.17    9.8   10.3    0.77
  146 PI-         -211   1 107  23   0   0    0.00   -0.70    2.9    3.0    0.14
  147 A_20         115 197 107  23 247 248    1.51   -0.85    9.4    9.7    1.32
  148 PI0          111   1 108  23   0   0    0.11   -0.62    1.6    1.8    0.13
  149 K+           321   1 108  23   0   0    0.62   -0.87   14.1   14.2    0.49
  150 OMEGA        223 197 109  33 249 251    7.16    2.88  -20.6   22.0    0.78
  151 K+           321   1 109  33   0   0    3.55    1.11  -10.3   10.9    0.49
  152 P           2212   1 110  33   0   0    8.21    3.10  -29.3   30.6    0.94
  153 PBAR       -2212   1 110  33   0   0   37.68   10.54 -124.1  130.2    0.94
  154 RHO+         213 197 111  33 252 253    9.21    3.85  -29.7   31.4    0.77
  155 PI0          111   1 111  33   0   0    3.71    1.13   -9.9   10.7    0.13
  156 PI-         -211   1 112  11   0   0   -0.01   -0.46  520.7  520.7    0.14
  157 P           2212   1 112  11   0   0    0.15    0.17 1949.1 1949.1    0.94
  158 PI-         -211   1 113  15   0   0   -0.17    0.49 -717.4  717.4    0.14
  159 DELTA++     2224 197 113  15 254 255    0.15   -0.48-3852.0 3852.0    1.23
  160 XI*0        3324 197 114  15 256 257    0.40   -0.19 -340.9  340.9    1.53
  161 SGMA*BR0   -3214 197 114  15 258 259   -0.80    0.38 -226.6  226.6    1.38
  162 DELTA0      2114 197 115  21 260 261   22.57    6.10 -152.2  154.0    1.23
  163 SGMA*BR+   -3114 197 115  21 262 263   33.76    9.65 -234.1  236.7    1.39
  164 A_1-      -20213 197 116  21 264 265    2.37    1.06  -15.9   16.2    1.23
  165 PI0          111   1 116  21   0   0    3.99    0.78  -24.6   24.9    0.13
  166 LAMBDA      3122 197 117  23 266 267    3.96    1.65   14.8   15.5    1.12
  167 SGMA*BR-   -3224 197 117  23 268 269    3.79    0.18   10.3   11.1    1.38
  168 RHO+         213 197 118  23 270 271    1.61    0.59    8.1    8.3    0.77
  169 PI0          111   1 118  23   0   0    0.43   -0.20    3.7    3.7    0.13
  170 FP_2         335 197 119  23 272 273    0.34   -0.50   25.7   25.8    1.52
  171 KBAR0       -311 197 119  23 274 274   -0.01   -0.21    6.7    6.7    0.50
  172 K*_2BAR0    -315 197 120  33 275 276   10.82    3.27  -35.7   37.5    1.43
  173 PI-         -211   1 120  33   0   0    4.34    1.32  -13.5   14.3    0.14
  174 K-          -321   1 121  33   0   0    0.93    0.55  -13.4   13.4    0.49
  175 PI0          111   1 121  33   0   0   -0.12    0.06   -1.3    1.4    0.13
  176 P           2212   1 122  33   0   0    1.81    0.89   -8.3    8.6    0.94
  177 SIGMABR-   -3222 197 122  33 277 278    1.51    0.51   -6.8    7.1    1.19
  178 K-          -321   1 123  21   0   0    1.22    0.95   -8.0    8.1    0.49
  179 PI0          111   1 123  21   0   0    1.59   -0.10   -7.6    7.8    0.13
  180 RHO+         213 197 124  23 279 280   -0.16   -0.14   28.2   28.2    0.77
  181 PI-         -211   1 124  23   0   0    0.24   -0.09    9.2    9.3    0.14
  182 PI-         -211   1 125  23   0   0    0.10   -0.13   94.4   94.4    0.14
  183 PI0          111   1 125  23   0   0   -0.05   -0.15    6.7    6.7    0.13
  184 A_0(H)+    10211 197 126  21 281 282    3.48    1.30  -12.2   12.9    1.47
  185 PI-         -211   1 126  21   0   0    0.84    0.20   -2.6    2.7    0.14
  186 P           2212   1 127  23   0   0   -0.79   -0.44  198.0  198.0    0.94
  187 PBAR       -2212   1 127  23   0   0    0.96   -0.49  128.4  128.4    0.94

                            ---H/W/Z BOSON DECAYS---  

 IHEP    ID      IDPDG IST MO1 MO2 DA1 DA2   P-X     P-Y     P-Z  ENERGY    MASS
  188 BQRK           5 123  20 189 190 189 -140.21  -89.89   37.0  170.7    4.95
  189 BBAR          -5 124  20 188 195 188 -164.35   15.20  -25.5  167.1    4.95

                              ---PARTON SHOWERS---    

 IHEP    ID      IDPDG IST MO1 MO2 DA1 DA2   P-X     P-Y     P-Z  ENERGY    MASS
  190 BQRK          94 143 188  20 192 194 -147.61  -88.18   35.3  177.9   29.15
  191 CONE           0 100 188 189   0   0   -1.20    0.31   -0.3    1.3    0.00
  192 BQRK           5   2 190 193 199 198 -129.79  -80.32   38.6  157.5    4.95
  193 GLUON         21   2 190 194 200 201   -7.78   -5.22    0.2    9.4    0.75
  194 GLUON         21   2 190 197 202 203  -10.03   -2.64   -3.6   11.0    0.75
  195 BBAR          94 144 189  20 197 198 -156.95   13.49  -23.8  159.8   13.01
  196 CONE           0 100 189 188   0   0   -0.77   -0.81    0.4    1.2    0.00
  197 GLUON         21   2 195 198 204 205   -1.76   -0.90   -0.0    2.1    0.75
  198 BBAR          -5   2 195 199 206 205 -155.20   14.39  -23.7  157.7    4.95

                              ---GLUON SPLITTING---   

 IHEP    ID      IDPDG IST MO1 MO2 DA1 DA2   P-X     P-Y     P-Z  ENERGY    MASS
  199 BQRK           5 158 190 207 211 206 -121.79  -75.38   36.2  147.8    4.95
  200 UBAR          -2 158 190 201 215 208   -2.52   -1.58    0.5    3.0    0.32
  201 UQRK           2 158 190 202 212 200   -4.80   -3.30   -0.0    5.8    0.32
  202 UBAR          -2 158 190 203 212 201   -6.56   -1.87   -2.4    7.2    0.32
  203 UQRK           2 158 190 204 213 202   -3.47   -0.77   -1.1    3.7    0.32
  204 UBAR          -2 158 195 205 213 203   -0.82   -0.46   -0.2    1.0    0.32
  205 UQRK           2 158 195 209 214 204   -0.82   -0.31    0.1    0.9    0.32
  206 BBAR          -5 158 195 199 216 210 -134.73   12.44  -20.6  137.0    4.95
  207 DBAR          -1 159 190 208 211 199   -2.34   -1.48    0.4    2.8    0.32
  208 DQRK           1 159 190 200 215 207   -6.12   -3.79    1.8    7.4    0.32
  209 UBAR          -2 159 195 210 214 205  -19.36    1.81   -3.0   19.7    0.32
  210 UQRK           2 159 195 206 216 209   -1.21    0.01   -0.1    1.3    0.32

                             ---CLUSTER FORMATION---  

 IHEP    ID      IDPDG IST MO1 MO2 DA1 DA2   P-X     P-Y     P-Z  ENERGY    MASS
  211 CLUS          91 183 199 207 217 218 -124.13  -76.86   36.5  150.6    5.97
  212 CLUS          91 183 201 202 219 220  -11.36   -5.17   -2.4   13.1    3.07
  213 CLUS          91 183 203 204 221 222   -4.29   -1.23   -1.4    4.8    0.96
  214 CLUS          91 183 205 209 223 224  -20.19    1.50   -2.9   20.6    2.68
  215 CLUS          91 183 208 200 225 226   -8.65   -5.38    2.3   10.5    0.76
  216 CLUS          91 183 210 206 227 228 -135.94   12.45  -20.7  138.2    6.14

                              ---CLUSTER DECAYS---    

 IHEP    ID      IDPDG IST MO1 MO2 DA1 DA2   P-X     P-Y     P-Z  ENERGY    MASS
  217 BL_1BAR0  -10513 197 211 190 283 284 -122.91  -76.10   36.2  149.1    5.76
  218 PI0          111   1 211 190   0   0   -1.23   -0.77    0.3    1.5    0.13
  219 DELTA++     2224 197 212 190 285 286   -5.90   -3.61   -1.0    7.1    1.23
  220 DLTABR--   -2224 197 212 190 287 288   -5.46   -1.56   -1.5    6.0    1.23
  221 PI0          111   1 213 190   0   0   -0.80    0.12   -0.2    0.8    0.13
  222 PI0          111   1 213 190   0   0   -3.49   -1.35   -1.1    3.9    0.13
  223 N           2112   1 214 195   0   0   -9.79    1.66   -1.6   10.1    0.94
  224 NBAR       -2112   1 214 195   0   0  -10.39   -0.16   -1.2   10.5    0.94
  225 PI-         -211   1 215 190   0   0   -0.85   -0.66    0.1    1.1    0.14
  226 PI0          111   1 215 190   0   0   -7.79   -4.71    2.2    9.4    0.13
  227 ETA          221 197 216 195 289 291   -5.00    0.40   -0.7    5.1    0.55
  228 B*+          523 197 216 195 292 293 -130.95   12.05  -20.0  133.1    5.32

                           ---STRONG HADRON DECAYS--- 

 IHEP    ID      IDPDG IST MO1 MO2 DA1 DA2   P-X     P-Y     P-Z  ENERGY    MASS
  229 N           2112   1 128  11   0   0   -0.11   -1.02 1174.9 1174.9    0.94
  230 PI+          211   1 128  11   0   0   -0.21   -0.13  425.2  425.2    0.14
  231 OMEGA        223 198 131  15 294 296    0.25    0.20  -19.4   19.5    0.78
  232 PI+          211   1 131  15   0   0   -0.16    0.31   -3.4    3.4    0.14
  233 K0           311 198 133  15 297 297   -0.73   -0.14  -33.1   33.1    0.50
  234 PI+          211   1 133  15   0   0   -0.26    0.17  -30.6   30.6    0.14
  235 N           2112   1 136  23   0   0   22.52    0.01  151.3  153.0    0.94
  236 PI-         -211   1 136  23   0   0    5.78   -0.12   37.1   37.6    0.14
  237 A_2+         215 198 138  23 298 299    4.14    0.24   30.2   30.5    1.32
  238 PI-         -211   1 138  23   0   0    1.15    0.37    6.9    7.0    0.14
  239 PI+          211   1 141  23   0   0    8.74    2.35   23.8   25.4    0.14
  240 PI-         -211   1 141  23   0   0    7.09    1.75   21.0   22.3    0.14
  241 P           2212   1 142  23   0   0   12.44    5.46   34.4   37.0    0.94
  242 PI+          211   1 142  23   0   0    2.87    1.56    8.1    8.7    0.14
  243 PBAR       -2212   1 143  23   0   0    4.83    1.42   14.6   15.4    0.94
  244 PI-         -211   1 143  23   0   0    0.35    0.09    0.7    0.8    0.14
  245 PI+          211   1 145  23   0   0    1.36    0.15    5.9    6.1    0.14
  246 PI0          111   1 145  23   0   0    1.51    0.02    3.9    4.2    0.13
  247 RHO-        -213 198 147  23 300 301    0.85   -0.34    7.1    7.2    0.77
  248 PI+          211   1 147  23   0   0    0.67   -0.50    2.3    2.5    0.14
  249 PI+          211   1 150  33   0   0    2.72    0.92   -7.0    7.6    0.14
  250 PI-         -211   1 150  33   0   0    3.08    1.47   -9.7   10.3    0.14
  251 PI0          111   1 150  33   0   0    1.36    0.48   -3.9    4.2    0.13
  252 PI+          211   1 154  33   0   0    5.97    2.86  -19.5   20.6    0.14
  253 PI0          111   1 154  33   0   0    3.24    0.99  -10.2   10.7    0.13
  254 P           2212   1 159  15   0   0    0.13   -0.32-3603.4 3603.4    0.94
  255 PI+          211   1 159  15   0   0    0.02   -0.16 -248.6  248.6    0.14
  256 XI-         3312 198 160  15 302 303    0.43   -0.26 -283.5  283.5    1.32
  257 PI+          211   1 160  15   0   0   -0.02    0.07  -57.4   57.4    0.14
  258 LAMBDABR   -3122 198 161  15 304 305   -0.62    0.40 -161.0  161.0    1.12
  259 PI0          111   1 161  15   0   0   -0.18   -0.02  -65.6   65.6    0.13
  260 P           2212   1 162  21   0   0   18.34    4.96 -122.3  123.7    0.94
  261 PI-         -211   1 162  21   0   0    4.23    1.13  -30.0   30.3    0.14
  262 LAMBDABR   -3122 198 163  21 306 307   26.37    7.75 -183.2  185.3    1.12
  263 PI+          211   1 163  21   0   0    7.38    1.90  -50.9   51.4    0.14
  264 RHO0         113 198 164  21 308 309    1.68    0.79   -9.3    9.5    0.77
  265 PI-         -211   1 164  21   0   0    0.68    0.28   -6.6    6.6    0.14
  266 P           2212   1 166  23   0   0    3.09    1.31   11.9   12.4    0.94
  267 PI-         -211   1 166  23   0   0    0.87    0.34    2.9    3.1    0.14
  268 LAMBDABR   -3122 198 167  23 310 311    2.73    0.24    7.2    7.8    1.12
  269 PI-         -211   1 167  23   0   0    1.06   -0.06    3.1    3.2    0.14
  270 PI+          211   1 168  23   0   0    0.92    0.09    5.4    5.5    0.14
  271 PI0          111   1 168  23   0   0    0.69    0.50    2.7    2.8    0.13
  272 K0           311 198 170  23 312 312    0.50   -0.41   21.9   21.9    0.50
  273 KBAR0       -311 198 170  23 313 313   -0.16   -0.09    3.8    3.8    0.50
  274 K_S0         310 198 171  23 314 315   -0.01   -0.21    6.7    6.7    0.50
  275 K*-         -323 198 172  33 316 317    9.55    3.15  -31.0   32.6    0.89
  276 PI+          211   1 172  33   0   0    1.27    0.13   -4.7    4.9    0.14
  277 NBAR       -2112   1 177  33   0   0    0.94    0.31   -4.5    4.7    0.94
  278 PI-         -211   1 177  33   0   0    0.57    0.21   -2.3    2.4    0.14
  279 PI+          211   1 180  23   0   0   -0.31   -0.36   15.9   15.9    0.14
  280 PI0          111   1 180  23   0   0    0.15    0.22   12.2   12.2    0.13
  281 PI+          211   1 184  21   0   0    2.49    1.36   -8.2    8.6    0.14
  282 ETA          221 198 184  21 318 320    0.98   -0.07   -4.1    4.2    0.55
  283 B*-         -523 198 217 190 321 322 -118.19  -73.32   35.2  143.6    5.32
  284 PI+          211   1 217 190   0   0   -4.71   -2.77    1.0    5.6    0.14
  285 P           2212   1 219 190   0   0   -4.21   -2.49   -0.9    5.1    0.94
  286 PI+          211   1 219 190   0   0   -1.69   -1.12   -0.1    2.0    0.14
  287 PBAR       -2212   1 220 190   0   0   -4.53   -1.07   -1.1    4.9    0.94
  288 PI-         -211   1 220 190   0   0   -0.93   -0.49   -0.3    1.1    0.14
  289 PI+          211   1 227 195   0   0   -1.89    0.22   -0.3    1.9    0.14
  290 PI-         -211   1 227 195   0   0   -0.89    0.11   -0.0    0.9    0.14
  291 PI0          111   1 227 195   0   0   -2.22    0.08   -0.4    2.3    0.13
  292 B+           521 199 228 195 331 332 -129.96   12.00  -19.8  132.1    5.28
  293 GAMMA         22   1 228 195   0   0   -0.99    0.05   -0.1    1.0    0.00
  294 PI+          211   1 231  15   0   0   -0.10    0.10   -3.3    3.3    0.14
  295 PI-         -211   1 231  15   0   0    0.43    0.02  -11.8   11.8    0.14
  296 PI0          111   1 231  15   0   0   -0.08    0.07   -4.3    4.3    0.13
  297 K_S0         310 198 233  15 323 324   -0.73   -0.14  -33.1   33.1    0.50
  298 RHO+         213 198 237  23 325 326    1.48   -0.01   12.5   12.6    0.77
  299 PI0          111   1 237  23   0   0    2.66    0.25   17.7   17.9    0.13
  300 PI-         -211   1 247  23   0   0   -0.03    0.08    0.5    0.5    0.14
  301 PI0          111   1 247  23   0   0    0.88   -0.42    6.6    6.7    0.13
  302 LAMBDA      3122 198 256  15 327 328    0.30   -0.20 -261.8  261.8    1.12
  303 PI-         -211   1 256  15   0   0    0.12   -0.06  -21.7   21.7    0.14
  304 PBAR       -2212   1 258  15   0   0   -0.47    0.30 -121.6  121.7    0.94
  305 PI+          211   1 258  15   0   0   -0.15    0.10  -39.3   39.3    0.14
  306 NBAR       -2112   1 262  21   0   0   22.24    6.59 -155.3  157.0    0.94
  307 PI0          111   1 262  21   0   0    4.13    1.16  -28.0   28.3    0.13
  308 PI+          211   1 264  21   0   0    1.50    0.81   -8.8    9.0    0.14
  309 PI-         -211   1 264  21   0   0    0.18   -0.03   -0.5    0.6    0.14
  310 PBAR       -2212   1 268  23   0   0    2.44    0.30    6.4    7.0    0.94
  311 PI+          211   1 268  23   0   0    0.29   -0.06    0.8    0.9    0.14
  312 K_S0         310 198 272  23 329 330    0.50   -0.41   21.9   21.9    0.50
  313 K_L0         130   1 273  23   0   0   -0.16   -0.09    3.8    3.8    0.50
  314 PI+          211   1 274  23   0   0    0.04   -0.30    3.2    3.2    0.14
  315 PI-         -211   1 274  23   0   0   -0.05    0.09    3.5    3.5    0.14
  316 K-          -321   1 275  33   0   0    6.93    2.00  -22.0   23.1    0.49
  317 PI0          111   1 275  33   0   0    2.62    1.15   -9.0    9.5    0.13
  318 PI0          111   1 282  21   0   0    0.28   -0.07   -1.5    1.5    0.13
  319 PI0          111   1 282  21   0   0    0.09    0.03   -0.5    0.5    0.13
  320 PI0          111   1 282  21   0   0    0.61   -0.03   -2.1    2.2    0.13
  321 B-          -521 199 283 190 362 363 -116.37  -72.19   34.7  141.4    5.28
  322 GAMMA         22   1 283 190   0   0   -1.82   -1.14    0.5    2.2    0.00
  323 PI0          111   1 297  15   0   0   -0.51   -0.12  -28.2   28.2    0.13
  324 PI0          111   1 297  15   0   0   -0.22   -0.02   -4.9    4.9    0.13
  325 PI+          211   1 298  23   0   0    0.63   -0.28    7.2    7.3    0.14
  326 PI0          111   1 298  23   0   0    0.85    0.27    5.3    5.3    0.13
  327 N           2112   1 302  15   0   0    0.32   -0.15 -242.6  242.6    0.94
  328 PI0          111   1 302  15   0   0   -0.02   -0.05  -19.2   19.2    0.13
  329 PI+          211   1 312  23   0   0    0.48   -0.39   19.9   19.9    0.14
  330 PI-         -211   1 312  23   0   0    0.01   -0.02    2.0    2.0    0.14

                           ---HEAVY PARTICLE DECAYS---

 IHEP    ID      IDPDG IST MO1 MO2 DA1 DA2   P-X     P-Y     P-Z  ENERGY    MASS
  331 UQRK           2 125 292 335 336 335   -7.88    0.73   -1.2    8.0    0.32
  332 BBAR          -5 155 292 331 333 335 -122.08   11.27  -18.6  124.1    4.96
  333 SBAR          -3 123 332 334 337 334  -27.73    2.02   -5.1   28.3    0.50
  334 CQRK           4 124 332 333 339 333  -40.18    4.16   -6.6   41.0    1.55
  335 CBAR          -4 124 332 332 341 332  -54.17    5.10   -6.8   54.9    1.55
  336 UQRK           2 160 331 345 346 345   -7.88    0.73   -1.2    8.0    0.32

                              ---PARTON SHOWERS---    

 IHEP    ID      IDPDG IST MO1 MO2 DA1 DA2   P-X     P-Y     P-Z  ENERGY    MASS
  337 SBAR          94 143 333 332 338 338  -27.73    2.02   -5.1   28.3    0.50
  338 SBAR          -3   2 337 340 343 340  -27.73    2.02   -5.1   28.3    0.50
  339 CQRK          94 144 334 332 340 340  -40.18    4.16   -6.6   41.0    1.55
  340 CQRK           4   2 339 343 344 343  -40.18    4.16   -6.6   41.0    1.55
  341 CBAR          94 144 335 332 342 342  -54.17    5.10   -6.8   54.9    1.55
  342 CBAR          -4   2 341 336 345 336  -54.17    5.10   -6.8   54.9    1.55

                              ---GLUON SPLITTING---   

 IHEP    ID      IDPDG IST MO1 MO2 DA1 DA2   P-X     P-Y     P-Z  ENERGY    MASS
  343 SBAR          -3 158 337 344 347 344  -27.73    2.02   -5.1   28.3    0.50
  344 CQRK           4 158 339 343 347 343  -40.18    4.16   -6.6   41.0    1.55
  345 CBAR          -4 158 341 336 346 336  -54.17    5.10   -6.8   54.9    1.55

                             ---CLUSTER FORMATION---  

 IHEP    ID      IDPDG IST MO1 MO2 DA1 DA2   P-X     P-Y     P-Z  ENERGY    MASS
  346 CLUS          91 183 336 345 348 348  -61.31    5.76   -7.9   62.1    1.86
  347 CLUS          91 183 344 343 349 350  -68.65    6.24  -12.0   70.0    2.49

                              ---CLUSTER DECAYS---    

 IHEP    ID      IDPDG IST MO1 MO2 DA1 DA2   P-X     P-Y     P-Z  ENERGY    MASS
  348 DBAR0       -421 196 346 331 351 353  -61.31    5.76   -7.9   62.1    1.86
  349 D+           411 197 347 339 354 355  -49.31    4.72   -8.4   50.3    1.87
  350 K0           311 197 347 339 356 356  -19.34    1.52   -3.5   19.7    0.50

                           ---STRONG HADRON DECAYS--- 

 IHEP    ID      IDPDG IST MO1 MO2 DA1 DA2   P-X     P-Y     P-Z  ENERGY    MASS
  351 NU_MUBAR     -14   1 348 331   0   0   -6.31    0.93   -0.6    6.4    0.00
  352 MU-           13   1 348 331   0   0  -26.31    2.71   -3.8   26.7    0.11
  353 K+           321   1 348 331   0   0  -28.69    2.13   -3.4   29.0    0.49
  354 PI+          211   1 349 339   0   0  -33.11    2.76   -6.3   33.8    0.14
  355 ETA          221 198 349 339 357 359  -16.19    1.97   -2.1   16.5    0.55
  356 K_S0         310 198 350 339 360 361  -19.34    1.52   -3.5   19.7    0.50
  357 PI0          111   1 355 339   0   0   -6.64    0.69   -0.9    6.7    0.13
  358 PI0          111   1 355 339   0   0   -7.72    1.03   -1.0    7.9    0.13
  359 PI0          111   1 355 339   0   0   -1.83    0.24   -0.2    1.9    0.13
  360 PI0          111   1 356 339   0   0   -4.33    0.32   -0.6    4.4    0.13
  361 PI0          111   1 356 339   0   0  -15.01    1.20   -2.9   15.3    0.13

                           ---HEAVY PARTICLE DECAYS---

 IHEP    ID      IDPDG IST MO1 MO2 DA1 DA2   P-X     P-Y     P-Z  ENERGY    MASS
  362 BQRK           5 155 321 363 364 366 -109.32  -67.81   32.6  132.8    4.96
  363 UBAR          -2 125 321 366 367 366   -7.05   -4.38    2.1    8.6    0.32
  364 DQRK           1 123 362 365 368 365  -23.17  -13.40    8.0   27.9    0.32
  365 UBAR          -2 124 362 364 370 364  -36.88  -24.33   10.1   45.3    0.32
  366 CQRK           4 124 362 362 372 362  -49.27  -30.08   14.5   59.5    1.55
  367 UBAR          -2 160 363 376 378 376   -7.05   -4.38    2.1    8.6    0.32

                              ---PARTON SHOWERS---    

 IHEP    ID      IDPDG IST MO1 MO2 DA1 DA2   P-X     P-Y     P-Z  ENERGY    MASS
  368 DQRK          94 143 364 362 369 369  -23.17  -13.40    8.0   27.9    0.32
  369 DQRK           1   2 368 371 374 371  -23.17  -13.40    8.0   27.9    0.32
  370 UBAR          94 144 365 362 371 371  -36.88  -24.33   10.1   45.3    0.32
  371 UBAR          -2   2 370 374 375 374  -36.88  -24.33   10.1   45.3    0.32
  372 CQRK          94 144 366 362 373 373  -49.27  -30.08   14.5   59.5    1.55
  373 CQRK           4   2 372 367 376 367  -49.27  -30.08   14.5   59.5    1.55

                              ---GLUON SPLITTING---   

 IHEP    ID      IDPDG IST MO1 MO2 DA1 DA2   P-X     P-Y     P-Z  ENERGY    MASS
  374 DQRK           1 158 368 375 377 375  -23.17  -13.40    8.0   27.9    0.32
  375 UBAR          -2 158 370 374 377 374  -36.88  -24.33   10.1   45.3    0.32
  376 CQRK           4 158 372 367 378 367  -49.27  -30.08   14.5   59.5    1.55

                             ---CLUSTER FORMATION---  

 IHEP    ID      IDPDG IST MO1 MO2 DA1 DA2   P-X     P-Y     P-Z  ENERGY    MASS
  377 CLUS          91 183 374 375 379 380  -59.42  -37.38   17.9   72.5    3.19
  378 CLUS          91 183 376 367 381 381  -56.95  -34.81   16.8   68.8    1.86

                              ---CLUSTER DECAYS---    

 IHEP    ID      IDPDG IST MO1 MO2 DA1 DA2   P-X     P-Y     P-Z  ENERGY    MASS
  379 PI_20      10115 197 377 368 382 383  -30.42  -18.72    9.5   37.0    1.67
  380 A_2-        -215 197 377 368 384 385  -29.00  -18.67    8.4   35.5    1.32
  381 D0           421 196 378 372 386 388  -56.95  -34.81   16.8   68.8    1.86

                           ---STRONG HADRON DECAYS--- 

 IHEP    ID      IDPDG IST MO1 MO2 DA1 DA2   P-X     P-Y     P-Z  ENERGY    MASS
  382 F0P0     9010221 198 379 368 389 390  -12.32   -7.92    4.0   15.2    1.00
  383 PI0          111   1 379 368   0   0  -18.09  -10.80    5.6   21.8    0.13
  384 ETA          221 198 380 368 391 392  -14.17   -8.51    3.9   17.0    0.55
  385 PI-         -211   1 380 368   0   0  -14.84  -10.15    4.5   18.5    0.14
  386 K-          -321   1 381 372   0   0  -12.71   -7.84    3.5   15.3    0.49
  387 PI+          211   1 381 372   0   0   -8.73   -5.47    2.3   10.6    0.14
  388 RHO0         113 198 381 372 393 394  -35.51  -21.50   11.0   42.9    0.77
  389 PI+          211   1 382 368   0   0   -6.25   -4.01    1.5    7.6    0.14
  390 PI-         -211   1 382 368   0   0   -6.07   -3.91    2.5    7.6    0.14
  391 GAMMA         22   1 384 368   0   0   -8.04   -5.11    2.4    9.8    0.00
  392 GAMMA         22   1 384 368   0   0   -6.13   -3.40    1.5    7.2    0.00
  393 PI+          211   1 388 372   0   0  -26.72  -16.32    8.0   32.3    0.14
  394 PI-         -211   1 388 372   0   0   -8.79   -5.18    3.0   10.6    0.14



 EVENT       2: 6500.00 GEV/C P        ON  6500.00 GEV/C P        PROCESS:-18000
 SEEDS:    74878589 &   664629736   STATUS:  100 ERROR:   0  WEIGHT:  5.8486E-04


                               ---INITIAL STATE---    

 IHEP    ID      IDPDG IST MO1 MO2 DA1 DA2   P-X     P-Y     P-Z  ENERGY    MASS
    1 P           2212 101   0   0   0   0    0.00    0.00 6500.0 6500.0    0.94
    2 P           2212 102   0   0   0   0    0.00    0.00-6500.0 6500.0    0.94
    3 CMF            0 103   1   2   0   0    0.00    0.00    0.013000.013000.00

                              ---HARD SUBPROCESS---   

 IHEP    ID      IDPDG IST MO1 MO2 DA1 DA2   P-X     P-Y     P-Z  ENERGY    MASS
    4 UQRK           2 121   6   8  10   9    0.00    0.00 1330.1 1330.1    0.32
    5 DQRK           1 122   6   9  15   8    0.00    0.00 -963.2  963.2    0.32
    6 HARD           0 120   4   5   7   9    0.35   -2.02  366.9 2293.3 2263.72
    7 HIGGS         25 123   6   7  17   7  198.75  259.12 -505.0  614.2  125.00
    8 UQRK           2 124   6   5  18   4   26.07   27.02 -376.7  378.5    0.32
    9 DQRK           1 124   6   4  23   5 -224.82 -286.14 1248.5 1300.5    0.32

                              ---PARTON SHOWERS---    

 IHEP    ID      IDPDG IST MO1 MO2 DA1 DA2   P-X     P-Y     P-Z  ENERGY    MASS
   10 UQRK          94 141   4   6  12  14    0.35   -2.02 1330.1 1330.0  -15.19
   11 CONE           0 100   4   9   0   0   -0.62   -0.79    2.4    2.6    0.00
   12 GLUON         21   2  10  13  35  36   -0.91    0.54   10.4   10.5    0.75
   13 GLUON         21   2  10  14  37  38    0.56    1.49  321.9  321.9    0.75
   14 UD          2101   2  10  20  39  38    0.00    0.00 4837.6 4837.6    0.32
   15 DQRK          94 142   5   6  16  16   -0.00    0.00 -963.2  963.2    0.34
   16 UU          2203   2  15  25  40  22    0.00    0.00-5536.8 5536.8    0.32
   17 HIGGS         25 195   7   6 170 171  198.59  258.25 -504.4  613.3  125.00
   18 UQRK          94 144   8   6  20  22   26.09   26.65 -376.2  378.1    9.27
   19 CONE           0 100   8   5   0   0   -0.39   -0.40   -4.5    4.6    0.00
   20 UQRK           2   2  18  21  41  39   12.39   11.59 -181.9  182.7    0.32
   21 GLUON         21   2  18  22  42  43   12.50   13.53 -185.9  186.9    0.75
   22 GLUON         21   2  18  40  44  45    1.20    1.53   -8.3    8.6    0.75
   23 DQRK          94 144   9   6  25  34 -224.34 -286.92 1247.4 1301.8   78.28
   24 CONE           0 100   9   4   0   0    0.17    0.22    2.6    2.6    0.00
   25 DQRK           1   2  23  26  46  40 -144.86 -197.45  846.8  881.5    0.32
   26 DBAR          -1   2  23  27  47  46   -5.20   -3.49   29.7   30.4    0.32
   27 DQRK           1   2  23  28  48  47   -9.27   -6.18   60.8   61.8    0.32
   28 GLUON         21   2  23  29  49  50   -4.11   -7.61   38.6   39.5    0.75
   29 GLUON         21   2  23  30  51  52   -3.70   -7.93   42.5   43.4    0.75
   30 GLUON         21   2  23  31  53  54   -4.11   -4.64   25.2   26.0    0.75
   31 GLUON         21   2  23  32  55  56   -5.25  -10.97   32.0   34.2    0.75
   32 GLUON         21   2  23  33  57  58  -16.46  -14.52   56.2   60.4    0.75
   33 GLUON         21   2  23  34  59  60  -25.61  -28.87  100.3  107.5    0.75
   34 GLUON         21   2  23  35  61  62   -5.77   -5.26   15.2   17.1    0.75

                              ---GLUON SPLITTING---   

 IHEP    ID      IDPDG IST MO1 MO2 DA1 DA2   P-X     P-Y     P-Z  ENERGY    MASS
   35 UBAR          -2 158  10  36 111  80   -0.31    0.11    4.3    4.3    0.32
   36 UQRK           2 158  10  37  89  35   -0.48    0.34    4.1    4.1    0.32
   37 UBAR          -2 158  10  38  89  36    0.04    0.46  103.4  103.4    0.32
   38 UQRK           2 158  10  63  90  37    0.46    0.91  197.1  197.1    0.32
   39 UD          2101 161  10  41 103  64    0.01    0.01 4123.9 4123.9    0.64
   40 UU          2203 162  15  46 104  66    0.00    0.00-4631.8 4631.8    0.64
   41 UQRK           2 158  18  42  91  39   12.39   11.59 -181.9  182.7    0.32
   42 DBAR          -1 158  18  43  91  41    6.59    7.19  -96.5   97.0    0.32
   43 DQRK           1 158  18  44  92  42    5.91    6.35  -89.5   89.9    0.32
   44 DBAR          -1 158  18  45  92  43    0.30    0.44   -2.1    2.2    0.32
   45 DQRK           1 158  18  71  93  44    0.50    0.61   -3.9    4.0    0.32
   46 DQRK           1 158  23  75  94  40  -59.65  -81.30  348.7  363.0    0.32
   47 DBAR          -1 158  23  48 115  88   -2.94   -2.01   16.8   17.2    0.32
   48 DQRK           1 158  23  77  95  47   -3.58   -2.43   23.5   23.9    0.32
   49 UBAR          -2 158  23  50 110  78   -1.69   -2.88   15.4   15.7    0.32
   50 UQRK           2 158  23  51  96  49   -1.54   -3.14   15.1   15.5    0.32
   51 DBAR          -1 158  23  52  96  50   -2.20   -4.27   23.3   23.7    0.32
   52 DQRK           1 158  23  53  97  51   -1.50   -3.66   19.2   19.6    0.32
   53 DBAR          -1 158  23  54  97  52   -2.13   -2.68   13.7   14.1    0.32
   54 DQRK           1 158  23  55  98  53   -1.98   -1.96   11.6   11.9    0.32
   55 UBAR          -2 158  23  56  98  54   -3.70   -7.96   23.0   24.6    0.32
   56 UQRK           2 158  23  57  99  55   -1.55   -3.01    9.0    9.6    0.32
   57 UBAR          -2 158  23  58  99  56  -11.68  -10.46   40.2   43.1    0.32
   58 UQRK           2 158  23  59 100  57   -4.78   -4.07   16.1   17.2    0.32
   59 DBAR          -1 158  23  60 100  58  -16.49  -18.80   64.7   69.4    0.32
   60 DQRK           1 158  23  61 101  59   -9.12  -10.07   35.5   38.1    0.32
   61 UBAR          -2 158  23  62 101  60   -1.74   -1.56    4.9    5.4    0.32
   62 UQRK           2 158  23  79 102  61   -3.61   -3.32    9.3   10.5    0.32
   63 DBAR          -1 159  10  64  90  38    0.02    0.03  504.2  504.2    0.32
   64 DQRK           1 159  10  39 103  63    0.04    0.07  231.0  231.0    0.32
   65 UBAR          -2 159  15  66 112  82    0.00    0.00 -214.4  214.4    0.32
   66 UQRK           2 159  18  40 104  65    0.00    0.00 -347.5  347.5    0.32
   67 DBAR          -1 159  15  68 106  70    0.00    0.00 -182.6  182.6    0.32
   68 DQRK           1 159  18  81 105  67    0.07    0.08   -4.6    4.6    0.32
   69 DBAR          -1 159  15  70 107  72    0.00    0.00  -94.4   94.4    0.32
   70 DQRK           1 159  18  67 106  69    0.02    0.02  -13.8   13.8    0.32
   71 UBAR          -2 159  15  72  93  45    0.07    0.09   -4.3    4.3    0.32
   72 UQRK           2 159  18  69 107  71    0.15    0.18   -2.8    2.9    0.32
   73 DBAR          -1 159  23  74 109  76   -1.29   -1.60    7.5    7.8    0.32
   74 DQRK           1 159  23  85 108  73  -42.55  -57.99  248.7  258.9    0.32
   75 SBAR          -3 159  23  76  94  46   -2.54   -3.30   14.8   15.4    0.50
   76 SQRK           3 159  23  73 109  75  -24.14  -32.89  141.1  146.9    0.50
   77 UBAR          -2 159  23  78  95  48   -1.05   -1.64    9.1    9.3    0.32
   78 UQRK           2 159  23  49 110  77   -5.52   -3.70   36.2   36.8    0.32
   79 DBAR          -1 159  10  80 102  62   -0.20   -0.04    1.8    1.8    0.32
   80 DQRK           1 159  23  35 111  79   -0.33   -0.25    1.3    1.4    0.32
   81 UBAR          -2 159  15  82 105  68    0.01    0.01  -38.2   38.2    0.32
   82 UQRK           2 159  18  65 112  81    0.07    0.08   -4.7    4.7    0.32
   83 SBAR          -3 159  23  84 114  86   -1.62   -1.85    9.4    9.7    0.50
   84 SQRK           3 159  23  87 113  83   -8.53  -11.58   49.9   51.9    0.50
   85 UBAR          -2 159  23  86 108  74   -1.19   -1.44    6.9    7.2    0.32
   86 UQRK           2 159  23  83 114  85   -3.13   -4.21   18.3   19.0    0.32
   87 UBAR          -2 159  23  88 113  84   -1.05   -0.92    6.0    6.2    0.32
   88 UQRK           2 159  23  47 115  87   -1.45   -1.84    8.4    8.8    0.32

                             ---CLUSTER FORMATION---  

 IHEP    ID      IDPDG IST MO1 MO2 DA1 DA2   P-X     P-Y     P-Z  ENERGY    MASS
   89 CLUS          91 183  36  37 116 117   -0.44    0.79  107.5  107.6    3.36
   90 CLUS          91 183  38  63 118 119    0.48    0.94  701.2  701.2    1.76
   91 CLUS          91 183  41  42 120 121   18.98   18.78 -278.4  279.7    1.58
   92 CLUS          91 183  43  44 122 123    6.22    6.79  -91.5   92.1    3.05
   93 CLUS          91 183  45  71 124 125    0.57    0.69   -8.2    8.3    0.96
   94 CLUS          91 183  46  75 126 127  -62.20  -84.60  363.5  378.4    2.62
   95 CLUS          91 183  48  77 128 129   -4.62   -4.06   32.7   33.3    1.43
   96 CLUS          91 183  50  51 130 131   -3.75   -7.41   38.3   39.2    0.81
   97 CLUS          91 183  52  53 132 133   -3.63   -6.34   32.9   33.7    1.41
   98 CLUS          91 183  54  55 134 135   -5.68   -9.92   34.6   36.5    2.89
   99 CLUS          91 183  56  57 136 137  -13.23  -13.47   49.2   52.8    2.78
  100 CLUS          91 183  58  59 138 139  -21.27  -22.86   80.8   86.6    1.99
  101 CLUS          91 183  60  61 140 141  -10.86  -11.63   40.4   43.5    1.65
  102 CLUS          91 183  62  79 142 143   -3.82   -3.36   11.1   12.4    1.92
  103 CLUS          91 184  64  39 144 145    0.04    0.09 4354.9 4354.9    1.58
  104 CLUS          91 185  66  40 146 147    0.00    0.00-4979.3 4979.3    1.38
  105 CLUS          91 183  68  81 148 149    0.07    0.09  -42.7   42.8    1.08
  106 CLUS          91 183  70  67 150 151    0.02    0.03 -196.4  196.4    1.26
  107 CLUS          91 183  72  69 152 153    0.15    0.19  -97.3   97.3    2.34
  108 CLUS          91 183  74  85 154 155  -43.73  -59.43  255.6  266.1    2.20
  109 CLUS          91 183  76  73 156 157  -25.43  -34.49  148.6  154.7    1.63
  110 CLUS          91 183  78  49 158 159   -7.21   -6.59   51.6   52.6    2.35
  111 CLUS          91 183  80  35 160 161   -0.64   -0.14    5.6    5.7    1.00
  112 CLUS          91 183  82  65 162 163    0.07    0.08 -219.1  219.1    2.32
  113 CLUS          91 183  84  87 164 165   -9.58  -12.50   55.9   58.1    1.77
  114 CLUS          91 183  86  83 166 167   -4.75   -6.06   27.7   28.7    1.04
  115 CLUS          91 183  88  47 168 169   -4.38   -3.85   25.2   25.9    1.35

                              ---CLUSTER DECAYS---    

 IHEP    ID      IDPDG IST MO1 MO2 DA1 DA2   P-X     P-Y     P-Z  ENERGY    MASS
  116 SIGMA*0     3214 197  89  10 243 244    0.62    0.31   36.0   36.1    1.38
  117 SGMA*BR0   -3214 197  89  10 245 246   -1.07    0.48   71.5   71.5    1.38
  118 RHO+         213 197  90  10 247 248    0.63   -0.09  366.2  366.2    0.77
  119 PI0          111   1  90  10   0   0   -0.15    1.03  335.0  335.0    0.13
  120 PI0          111   1  91  18   0   0   12.61   11.75 -185.1  185.9    0.13
  121 PI+          211   1  91  18   0   0    6.37    7.02  -93.2   93.7    0.14
  122 DELTA-      1114 197  92  18 249 250    1.79    2.14  -23.0   23.2    1.23
  123 DELTABR+   -1114 197  92  18 251 252    4.43    4.65  -68.5   68.8    1.23
  124 PI0          111   1  93  18   0   0    0.28    0.46   -1.6    1.7    0.13
  125 PI-         -211   1  93  18   0   0    0.30    0.24   -6.6    6.6    0.14
  126 DELTA0      2114 197  94  23 253 254  -43.10  -58.70  252.0  262.3    1.23
  127 SIGMABR0   -3212 197  94  23 255 256  -19.09  -25.90  111.6  116.1    1.19
  128 PI-         -211   1  95  23   0   0   -1.17   -0.81    7.7    7.9    0.14
  129 HL_10      10223 197  95  23 257 258   -3.45   -3.25   24.9   25.4    1.17
  130 PI+          211   1  96  23   0   0   -2.91   -5.70   28.0   28.7    0.14
  131 PI0          111   1  96  23   0   0   -0.84   -1.71   10.4   10.5    0.13
  132 OMEGA        223 197  97  23 259 261   -1.21   -2.02   10.4   10.7    0.78
  133 PI0          111   1  97  23   0   0   -2.41   -4.33   22.5   23.1    0.13
  134 DELTA0      2114 197  98  23 262 263   -2.61   -3.48   15.4   16.0    1.23
  135 PBAR       -2212   1  98  23   0   0   -3.07   -6.44   19.2   20.5    0.94
  136 RHO+         213 197  99  23 264 265   -9.91  -10.40   34.7   37.6    0.77
  137 RHO-        -213 197  99  23 266 267   -3.33   -3.07   14.5   15.2    0.77
  138 PI+          211   1 100  23   0   0   -9.27  -10.94   35.6   38.4    0.14
  139 RHO0         113 197 100  23 268 269  -11.99  -11.92   45.2   48.2    0.77
  140 RHO-        -213 197 101  23 270 271   -4.97   -5.53   19.6   21.0    0.77
  141 RHO0         113 197 101  23 272 273   -5.89   -6.11   20.8   22.5    0.77
  142 K*+          323 197 102  23 274 275   -1.68   -1.93    5.4    6.0    0.89
  143 K*BAR0      -313 197 102  23 276 277   -2.14   -1.43    5.7    6.3    0.90
  144 PI-         -211   1 103  10   0   0    0.14    0.08 1537.6 1537.6    0.14
  145 DELTA+      2214 197 103  10 278 279   -0.10    0.01 2817.3 2817.3    1.23
  146 PI+          211   1 104  18   0   0   -0.13    0.28 -723.2  723.2    0.14
  147 P           2212   1 104  18   0   0    0.13   -0.28-4256.1 4256.1    0.94
  148 OMEGA        223 197 105  18 280 282    0.27    0.07  -30.8   30.8    0.78
  149 PI-         -211   1 105  18   0   0   -0.20    0.03  -11.9   11.9    0.14
  150 K0           311 197 106  18 283 283    0.07    0.38  -82.9   82.9    0.50
  151 KBAR0       -311 197 106  18 284 284   -0.05   -0.35 -113.5  113.5    0.50
  152 N           2112   1 107  18   0   0   -0.28    0.02  -32.1   32.2    0.94
  153 DELTABR+   -1114 197 107  18 285 286    0.44    0.17  -65.1   65.1    1.23
  154 RHO0         113 197 108  23 287 288  -10.36  -14.64   60.6   63.2    0.77
  155 RHO-        -213 197 108  23 289 290  -33.37  -44.80  195.0  202.9    0.77
  156 K-          -321   1 109  23   0   0  -10.75  -15.43   65.5   68.2    0.49
  157 RHO+         213 197 109  23 291 292  -14.68  -19.06   83.1   86.5    0.77
  158 RHO+         213 197 110  23 293 294   -3.10   -3.44   25.2   25.6    0.77
  159 A_2-        -215 197 110  23 295 296   -4.12   -3.14   26.4   27.0    1.32
  160 PI0          111   1 111  23   0   0   -0.16    0.06    1.8    1.8    0.13
  161 RHO-        -213 197 111  23 297 298   -0.48   -0.20    3.8    3.9    0.77
  162 ETA          221 197 112  18 299 301    0.56   -0.28  -51.8   51.8    0.55
  163 A_10       20113 197 112  18 302 303   -0.49    0.36 -167.3  167.3    1.23
  164 KBAR0       -311 197 113  23 304 304   -2.51   -3.75   18.4   19.0    0.50
  165 PI-         -211   1 113  23   0   0   -7.07   -8.75   37.5   39.1    0.14
  166 PI0          111   1 114  23   0   0   -0.82   -1.06    4.9    5.1    0.13
  167 K*+          323 197 114  23 305 306   -3.93   -5.00   22.8   23.6    0.89
  168 RHO+         213 197 115  23 307 308   -2.33   -2.47   13.5   13.9    0.77
  169 PI0          111   1 115  23   0   0   -2.05   -1.38   11.7   12.0    0.13

                            ---H/W/Z BOSON DECAYS---  

 IHEP    ID      IDPDG IST MO1 MO2 DA1 DA2   P-X     P-Y     P-Z  ENERGY    MASS
  170 BQRK           5 123  17 171 172 171  148.50  105.97 -211.1  279.1    4.95
  171 BBAR          -5 124  17 170 177 170   50.10  152.28 -293.2  334.2    4.95

                              ---PARTON SHOWERS---    

 IHEP    ID      IDPDG IST MO1 MO2 DA1 DA2   P-X     P-Y     P-Z  ENERGY    MASS
  172 BQRK          94 143 170  17 174 176  151.19  114.20 -227.0  297.1   29.46
  173 CONE           0 100 170 171   0   0   -0.05    0.87   -1.7    1.9    0.00
  174 BQRK           5   2 172 175 179 178  112.84   85.23 -181.5  230.2    4.95
  175 GLUON         21   2 172 176 180 181   10.76    7.59  -19.2   23.3    0.75
  176 GLUON         21   2 172 178 182 183   27.59   21.38  -26.3   43.7    0.75
  177 BBAR          94 144 171  17 178 178   47.41  144.05 -277.4  316.2    4.95
  178 BBAR          -5   2 177 179 184 183   47.41  144.05 -277.4  316.2    4.95

                              ---GLUON SPLITTING---   

 IHEP    ID      IDPDG IST MO1 MO2 DA1 DA2   P-X     P-Y     P-Z  ENERGY    MASS
  179 BQRK           5 158 172 185 205 184  103.80   78.26 -167.2  211.9    4.95
  180 UBAR          -2 158 172 181 208 186    4.03    2.75   -7.0    8.5    0.32
  181 UQRK           2 158 172 187 206 180    3.16    2.39   -5.7    7.0    0.32
  182 DBAR          -1 158 172 183 209 188    6.64    5.24   -6.5   10.7    0.32
  183 DQRK           1 158 172 193 207 182    7.78    5.96   -7.3   12.2    0.32
  184 BBAR          -5 158 177 179 217 204   30.44   92.16 -177.4  202.3    4.95
  185 UBAR          -2 159 172 186 205 179    6.51    4.91  -10.5   13.3    0.32
  186 UQRK           2 159 172 180 208 185    4.30    3.18   -7.0    8.9    0.32
  187 SBAR          -3 159 172 188 206 181    4.18    3.30   -4.2    6.8    0.50
  188 SQRK           3 159 172 182 209 187    2.05    1.56   -3.4    4.3    0.50
  189 DBAR          -1 159 177 190 211 192    5.50   16.74  -32.2   36.7    0.32
  190 DQRK           1 159 172 197 210 189    2.56    1.99   -2.5    4.1    0.32
  191 DBAR          -1 159 177 192 215 200    0.94    2.79   -5.4    6.1    0.32
  192 DQRK           1 159 172 189 211 191    0.67    0.62   -0.9    1.3    0.32
  193 SBAR          -3 159 177 194 207 183    0.60    1.45   -2.7    3.2    0.50
  194 SQRK           3 159 172 199 212 193    2.81    2.21   -2.8    4.5    0.50
  195 UBAR          -2 159 177 196 214 198    3.79   11.52  -22.2   25.3    0.32
  196 UQRK           2 159 172 201 213 195    0.91    0.77   -1.0    1.6    0.32
  197 DBAR          -1 159 177 198 210 190    0.86    2.55   -4.9    5.6    0.32
  198 DQRK           1 159 172 195 214 197    0.39    0.55   -0.9    1.2    0.32
  199 SBAR          -3 159 177 200 212 194    0.58    1.33   -2.5    2.9    0.50
  200 SQRK           3 159 172 191 215 199    0.69    0.84   -1.3    1.8    0.50
  201 DBAR          -1 159 177 202 213 196    3.79   11.52  -22.2   25.3    0.32
  202 DQRK           1 159 172 203 216 201    0.44    0.54   -0.8    1.1    0.32
  203 UBAR          -2 159 177 204 216 202    0.75    2.18   -4.2    4.8    0.32
  204 UQRK           2 159 172 184 217 203    0.39    0.96   -1.8    2.1    0.32

                             ---CLUSTER FORMATION---  

 IHEP    ID      IDPDG IST MO1 MO2 DA1 DA2   P-X     P-Y     P-Z  ENERGY    MASS
  205 CLUS          91 183 179 185 218 218  110.31   83.17 -177.7  225.2    5.28
  206 CLUS          91 183 181 187 219 220    7.35    5.69   -9.9   13.8    2.19
  207 CLUS          91 183 183 193 221 222    8.39    7.40  -10.0   15.4    3.39
  208 CLUS          91 183 186 180 223 224    8.34    5.93  -14.0   17.4    0.74
  209 CLUS          91 183 188 182 225 226    8.69    6.80   -9.9   14.9    2.06
  210 CLUS          91 183 190 197 227 228    3.43    4.53   -7.3    9.7    2.69
  211 CLUS          91 183 192 189 229 230    6.17   17.36  -33.1   38.0    3.39
  212 CLUS          91 183 194 199 231 232    3.39    3.54   -5.2    7.4    2.03
  213 CLUS          91 183 196 201 233 234    4.70   12.29  -23.2   26.9    3.34
  214 CLUS          91 183 198 195 235 236    4.18   12.07  -23.1   26.5    1.95
  215 CLUS          91 183 200 191 237 238    1.63    3.63   -6.7    7.9    1.43
  216 CLUS          91 183 202 203 239 240    1.19    2.72   -5.0    5.9    1.02
  217 CLUS          91 183 204 184 241 242   30.83   93.12 -179.2  204.4    5.96

                              ---CLUSTER DECAYS---    

 IHEP    ID      IDPDG IST MO1 MO2 DA1 DA2   P-X     P-Y     P-Z  ENERGY    MASS
  218 B-          -521 196 205 172 309 311  110.31   83.17 -177.7  225.2    5.28
  219 PI+          211   1 206 172   0   0    3.48    2.72   -6.0    7.4    0.14
  220 K*0          313 197 206 172 312 313    3.87    2.97   -3.9    6.3    0.90
  221 DELTA-      1114 197 207 172 314 315    4.07    2.59   -3.3    6.0    1.23
  222 SGMA*BR+   -3114 197 207 172 316 317    4.32    4.82   -6.7    9.4    1.39
  223 PI0          111   1 208 172   0   0    6.75    4.51  -11.3   13.9    0.13
  224 PI0          111   1 208 172   0   0    1.59    1.42   -2.7    3.5    0.13
  225 K*_2BAR0    -315 197 209 172 318 319    5.93    5.28   -7.0   10.7    1.43
  226 PI0          111   1 209 172   0   0    2.75    1.52   -2.9    4.3    0.13
  227 DELTA-      1114 197 210 172 320 321    2.26    3.20   -4.4    6.0    1.23
  228 DELTABR+   -1114 197 210 172 322 323    1.17    1.33   -2.9    3.6    1.23
  229 PI-         -211   1 211 172   0   0    1.56    5.07  -12.1   13.2    0.14
  230 RHO_3+       217 197 211 172 324 325    4.61   12.29  -21.0   24.8    1.69
  231 K*-         -323 197 212 172 326 327    0.97    0.91   -1.3    2.1    0.89
  232 K*+          323 197 212 172 328 329    2.42    2.63   -3.9    5.4    0.89
  233 DELTA0      2114 197 213 172 330 331    4.28    9.80  -18.3   21.2    1.23
  234 DELTABR+   -1114 197 213 172 332 333    0.42    2.49   -4.9    5.7    1.23
  235 PI0          111   1 214 172   0   0    2.14    5.36   -9.5   11.1    0.13
  236 A_1-      -20213 197 214 172 334 335    2.04    6.71  -13.6   15.4    1.23
  237 K-          -321   1 215 172   0   0    1.26    1.78   -2.7    3.5    0.49
  238 PI+          211   1 215 172   0   0    0.37    1.85   -3.9    4.4    0.14
  239 RHO-        -213 197 216 172 336 337    1.14    2.48   -4.7    5.5    0.77
  240 PI0          111   1 216 172   0   0    0.05    0.24   -0.3    0.4    0.13
  241 PI0          111   1 217 172   0   0    0.15    0.29   -0.5    0.6    0.13
  242 B*+          523 197 217 172 338 339   30.69   92.82 -178.7  203.7    5.32

                           ---STRONG HADRON DECAYS--- 

 IHEP    ID      IDPDG IST MO1 MO2 DA1 DA2   P-X     P-Y     P-Z  ENERGY    MASS
  243 LAMBDA      3122 198 116  10 340 341    0.71    0.37   31.6   31.6    1.12
  244 PI0          111   1 116  10   0   0   -0.09   -0.06    4.5    4.5    0.13
  245 LAMBDABR   -3122 198 117  10 342 343   -1.00    0.23   58.2   58.2    1.12
  246 PI0          111   1 117  10   0   0   -0.06    0.25   13.3   13.3    0.13
  247 PI+          211   1 118  10   0   0    0.71   -0.26  273.4  273.4    0.14
  248 PI0          111   1 118  10   0   0   -0.08    0.17   92.9   92.9    0.13
  249 N           2112   1 122  18   0   0    1.29    1.46  -14.9   15.0    0.94
  250 PI-         -211   1 122  18   0   0    0.50    0.69   -8.2    8.2    0.14
  251 NBAR       -2112   1 123  18   0   0    2.99    2.91  -44.6   44.8    0.94
  252 PI+          211   1 123  18   0   0    1.44    1.73  -23.9   24.0    0.14
  253 N           2112   1 126  23   0   0  -38.71  -52.98  227.3  236.6    0.94
  254 PI0          111   1 126  23   0   0   -4.40   -5.72   24.7   25.7    0.13
  255 LAMBDABR   -3122 198 127  23 344 345  -16.83  -22.81   98.4  102.4    1.12
  256 GAMMA         22   1 127  23   0   0   -2.26   -3.09   13.2   13.7    0.00
  257 RHO-        -213 198 129  23 346 347   -3.17   -3.19   23.5   23.9    0.77
  258 PI+          211   1 129  23   0   0   -0.29   -0.07    1.4    1.5    0.14
  259 PI+          211   1 132  23   0   0   -0.20   -0.62    2.8    2.9    0.14
  260 PI-         -211   1 132  23   0   0   -0.15   -0.41    2.7    2.7    0.14
  261 PI0          111   1 132  23   0   0   -0.86   -0.99    4.9    5.0    0.13
  262 N           2112   1 134  23   0   0   -1.59   -2.27    9.6   10.0    0.94
  263 PI0          111   1 134  23   0   0   -1.03   -1.22    5.8    6.1    0.13
  264 PI+          211   1 136  23   0   0   -5.77   -6.45   20.3   22.1    0.14
  265 PI0          111   1 136  23   0   0   -4.14   -3.95   14.4   15.5    0.13
  266 PI-         -211   1 137  23   0   0   -0.92   -0.64    4.5    4.7    0.14
  267 PI0          111   1 137  23   0   0   -2.41   -2.42    9.9   10.5    0.13
  268 PI+          211   1 139  23   0   0  -10.51  -10.18   39.4   42.0    0.14
  269 PI-         -211   1 139  23   0   0   -1.48   -1.75    5.8    6.2    0.14
  270 PI-         -211   1 140  23   0   0   -0.80   -1.21    4.3    4.6    0.14
  271 PI0          111   1 140  23   0   0   -4.17   -4.32   15.3   16.4    0.13
  272 PI+          211   1 141  23   0   0   -1.16   -0.91    4.1    4.3    0.14
  273 PI-         -211   1 141  23   0   0   -4.73   -5.19   16.8   18.2    0.14
  274 K+           321   1 142  23   0   0   -1.64   -1.71    4.5    5.2    0.49
  275 PI0          111   1 142  23   0   0   -0.04   -0.22    0.8    0.9    0.13
  276 K-          -321   1 143  23   0   0   -1.67   -0.87    4.6    5.0    0.49
  277 PI+          211   1 143  23   0   0   -0.48   -0.56    1.2    1.4    0.14
  278 P           2212   1 145  10   0   0   -0.19    0.21 2220.4 2220.4    0.94
  279 PI0          111   1 145  10   0   0    0.09   -0.20  596.8  596.8    0.13
  280 PI+          211   1 148  18   0   0    0.23    0.15  -22.5   22.5    0.14
  281 PI-         -211   1 148  18   0   0    0.07    0.02   -1.9    1.9    0.14
  282 PI0          111   1 148  18   0   0   -0.03   -0.11   -6.5    6.5    0.13
  283 K_S0         310 198 150  18 348 349    0.07    0.38  -82.9   82.9    0.50
  284 K_L0         130   1 151  18   0   0   -0.05   -0.35 -113.5  113.5    0.50
  285 NBAR       -2112   1 153  18   0   0    0.30    0.03  -59.3   59.3    0.94
  286 PI+          211   1 153  18   0   0    0.14    0.14   -5.8    5.8    0.14
  287 PI+          211   1 154  23   0   0   -3.84   -5.19   20.7   21.7    0.14
  288 PI-         -211   1 154  23   0   0   -6.53   -9.45   39.9   41.5    0.14
  289 PI-         -211   1 155  23   0   0   -8.13  -11.14   49.1   51.0    0.14
  290 PI0          111   1 155  23   0   0  -25.24  -33.66  145.9  151.8    0.13
  291 PI+          211   1 157  23   0   0   -2.58   -3.48   15.9   16.5    0.14
  292 PI0          111   1 157  23   0   0  -12.09  -15.58   67.2   70.0    0.13
  293 PI+          211   1 158  23   0   0   -0.51   -0.51    2.8    2.9    0.14
  294 PI0          111   1 158  23   0   0   -2.59   -2.94   22.4   22.7    0.13
  295 K0           311 198 159  23 350 350   -2.34   -2.20   14.9   15.3    0.50
  296 K-          -321   1 159  23   0   0   -1.78   -0.94   11.5   11.7    0.49
  297 PI-         -211   1 161  23   0   0   -0.22    0.18    0.6    0.7    0.14
  298 PI0          111   1 161  23   0   0   -0.26   -0.39    3.2    3.2    0.13
  299 PI0          111   1 162  18   0   0    0.08    0.01  -11.5   11.5    0.13
  300 PI0          111   1 162  18   0   0    0.08   -0.17  -13.8   13.8    0.13
  301 PI0          111   1 162  18   0   0    0.40   -0.11  -26.4   26.5    0.13
  302 RHO-        -213 198 163  18 351 352   -0.62    0.24  -98.4   98.4    0.77
  303 PI+          211   1 163  18   0   0    0.13    0.12  -68.9   68.9    0.14
  304 K_S0         310 198 164  23 353 354   -2.51   -3.75   18.4   19.0    0.50
  305 K+           321   1 167  23   0   0   -3.55   -4.28   20.3   21.1    0.49
  306 PI0          111   1 167  23   0   0   -0.38   -0.72    2.5    2.6    0.13
  307 PI+          211   1 168  23   0   0   -0.13   -0.03    0.7    0.7    0.14
  308 PI0          111   1 168  23   0   0   -2.20   -2.44   12.8   13.2    0.13
  309 MU-           13   1 218 172   0   0   10.74    7.17  -15.8   20.4    0.11
  310 NU_MUBAR     -14   1 218 172   0   0   51.99   39.14  -81.9  104.6    0.00
  311 D*0          423 198 218 172 355 356   47.59   36.86  -80.0  100.2    2.01
  312 K0           311 198 220 172 357 357    2.63    1.65   -2.5    4.0    0.50
  313 PI0          111   1 220 172   0   0    1.24    1.32   -1.4    2.3    0.13
  314 N           2112   1 221 172   0   0    3.42    2.16   -3.0    5.1    0.94
  315 PI-         -211   1 221 172   0   0    0.64    0.43   -0.3    0.8    0.14
  316 LAMBDABR   -3122 198 222 172 358 359    3.24    3.63   -5.3    7.3    1.12
  317 PI+          211   1 222 172   0   0    1.09    1.18   -1.4    2.1    0.14
  318 KBAR0       -311 198 225 172 360 360    1.79    2.27   -2.8    4.1    0.50
  319 PI0          111   1 225 172   0   0    4.14    3.01   -4.1    6.6    0.13
  320 N           2112   1 227 172   0   0    1.76    2.78   -3.5    4.9    0.94
  321 PI-         -211   1 227 172   0   0    0.49    0.42   -0.9    1.2    0.14
  322 NBAR       -2112   1 228 172   0   0    0.93    1.34   -2.6    3.2    0.94
  323 PI+          211   1 228 172   0   0    0.24   -0.01   -0.4    0.5    0.14
  324 OMEGA        223 198 230 172 361 363    1.07    4.12   -6.7    8.0    0.78
  325 PI+          211   1 230 172   0   0    3.54    8.17  -14.3   16.9    0.14
  326 KBAR0       -311 198 231 172 364 364    0.76    0.38   -0.6    1.2    0.50
  327 PI-         -211   1 231 172   0   0    0.21    0.54   -0.7    0.9    0.14
  328 K+           321   1 232 172   0   0    2.09    2.39   -3.7    4.9    0.49
  329 PI0          111   1 232 172   0   0    0.34    0.24   -0.2    0.5    0.13
  330 N           2112   1 233 172   0   0    4.18    9.44  -17.6   20.5    0.94
  331 PI0          111   1 233 172   0   0    0.10    0.36   -0.6    0.7    0.13
  332 NBAR       -2112   1 234 172   0   0    0.56    2.14   -4.1    4.8    0.94
  333 PI+          211   1 234 172   0   0   -0.14    0.35   -0.8    0.9    0.14
  334 RHO-        -213 198 236 172 365 366    0.78    3.57   -7.1    8.0    0.77
  335 PI0          111   1 236 172   0   0    1.26    3.13   -6.5    7.3    0.13
  336 PI-         -211   1 239 172   0   0   -0.06    0.36   -0.7    0.8    0.14
  337 PI0          111   1 239 172   0   0    1.20    2.12   -4.0    4.7    0.13
  338 B+           521 198 242 172 367 368   30.67   92.80 -178.6  203.6    5.28
  339 GAMMA         22   1 242 172   0   0    0.02    0.02   -0.1    0.1    0.00
  340 P           2212   1 243  10   0   0    0.59    0.22   24.9   24.9    0.94
  341 PI-         -211   1 243  10   0   0    0.12    0.15    6.7    6.7    0.14
  342 PBAR       -2212   1 245  10   0   0   -0.82    0.10   48.4   48.5    0.94
  343 PI+          211   1 245  10   0   0   -0.19    0.14    9.7    9.7    0.14
  344 NBAR       -2112   1 255  23   0   0  -13.10  -17.87   76.9   80.0    0.94
  345 PI0          111   1 255  23   0   0   -3.74   -4.94   21.5   22.4    0.13
  346 PI-         -211   1 257  23   0   0   -1.04   -0.61    6.0    6.1    0.14
  347 PI0          111   1 257  23   0   0   -2.13   -2.58   17.5   17.8    0.13
  348 PI0          111   1 283  18   0   0    0.02   -0.03  -39.0   39.0    0.13
  349 PI0          111   1 283  18   0   0    0.05    0.41  -44.0   44.0    0.13
  350 K_L0         130   1 295  23   0   0   -2.34   -2.20   14.9   15.3    0.50
  351 PI-         -211   1 302  18   0   0    0.11    0.06   -8.9    8.9    0.14
  352 PI0          111   1 302  18   0   0   -0.73    0.18  -89.4   89.5    0.13
  353 PI0          111   1 304  23   0   0   -0.71   -1.00    5.8    5.9    0.13
  354 PI0          111   1 304  23   0   0   -1.80   -2.75   12.6   13.1    0.13
  355 D0           421 198 311 172 369 372   44.84   34.77  -75.5   94.5    1.86
  356 PI0          111   1 311 172   0   0    2.74    2.09   -4.6    5.7    0.13
  357 K_S0         310 198 312 172 373 374    2.63    1.65   -2.5    4.0    0.50
  358 NBAR       -2112   1 316 172   0   0    2.50    2.76   -4.0    5.6    0.94
  359 PI0          111   1 316 172   0   0    0.73    0.87   -1.3    1.7    0.13
  360 K_L0         130   1 318 172   0   0    1.79    2.27   -2.8    4.1    0.50
  361 PI+          211   1 324 172   0   0    0.09    0.86   -1.7    1.9    0.14
  362 PI-         -211   1 324 172   0   0    0.09    0.48   -0.7    0.9    0.14
  363 PI0          111   1 324 172   0   0    0.88    2.79   -4.3    5.2    0.13
  364 K_L0         130   1 326 172   0   0    0.76    0.38   -0.6    1.2    0.50
  365 PI-         -211   1 334 172   0   0    0.65    2.81   -4.9    5.7    0.14
  366 PI0          111   1 334 172   0   0    0.14    0.77   -2.2    2.3    0.13
  367 D*BAR0      -423 198 338 172 375 376    7.07   26.37  -50.6   57.6    2.01
  368 RHO+         213 198 338 172 377 378   23.60   66.43 -127.9  146.1    0.77
  369 K-          -321   1 355 172   0   0   17.61   14.25  -30.5   38.0    0.49
  370 PI+          211   1 355 172   0   0   14.38   10.31  -23.6   29.5    0.14
  371 PI0          111   1 355 172   0   0    5.02    4.00   -8.5   10.7    0.13
  372 PI0          111   1 355 172   0   0    7.84    6.21  -12.9   16.3    0.13
  373 PI+          211   1 357 172   0   0    1.91    1.09   -1.6    2.7    0.14
  374 PI-         -211   1 357 172   0   0    0.72    0.57   -0.9    1.3    0.14
  375 DBAR0       -421 198 367 172 379 380    6.51   24.28  -46.6   52.9    1.86
  376 PI0          111   1 367 172   0   0    0.56    2.08   -4.1    4.6    0.13
  377 PI+          211   1 368 172   0   0   11.16   32.48  -62.2   71.0    0.14
  378 PI0          111   1 368 172   0   0   12.44   33.96  -65.7   75.0    0.13
  379 K*_0+      10321 198 375 172 381 382    4.68   16.61  -31.5   36.0    1.43
  380 PI-         -211   1 375 172   0   0    1.83    7.67  -15.0   17.0    0.14
  381 K+           321   1 379 172   0   0    3.84   14.57  -28.2   31.9    0.49
  382 PI0          111   1 379 172   0   0    0.84    2.04   -3.4    4.0    0.13

 HWWARN CALLED FROM SUBPROGRAM HWDFOR: CODE = 101
 EVENT    3127:   SEEDS =  896364649 & 2023087017  WEIGHT = 0.5849E-03
 EVENT KILLED.   EXECUTION CONTINUES

 HWWARN CALLED FROM SUBPROGRAM HWDFIV: CODE = 101
 EVENT    4400:   SEEDS = 1570286072 &  508856758  WEIGHT = 0.5849E-03
 EVENT KILLED.   EXECUTION CONTINUES

 HWWARN CALLED FROM SUBPROGRAM HWDFIV: CODE = 101
 EVENT    8255:   SEEDS =  888033857 &  639970938  WEIGHT =-0.5849E-03
 EVENT KILLED.   EXECUTION CONTINUES

          OUTPUT ON LES HOUCHES EVENTS


      PROC CODE  XSECT(pb)        XERR(pb)      Max wgt(nb) No. of events


          OUTPUT ON ELEMENTARY PROCESS

          N.B. NEGATIVE WEIGHTS ALLOWED

          NUMBER OF EVENTS   =        9997
          NEGATIVE  EVENTS   =        2550
          NUMBER OF WEIGHTS  =       10000
          NEGATIVE  WEIGHTS  =        2552
          MEAN VALUE OF WGT  =  2.8635E-04
          RMS SPREAD IN WGT  =  5.0997E-04
          MEAN ABS WEIGHT    =  5.8486E-04
          ACTUAL MAX ABS WGT =  1.0000E+00
          ASSUMED MAXABS WGT =  2.8635E-04

          PROCESS CODE IPROC =      -18000
          CROSS SECTION (PB) =  0.2863    
          ERROR IN C-S  (PB) =  5.0997E-03
          EFFICIENCY PERCENT =   100.0    
 # of events processed=        9997
