 A PDF is used, so alpha_s(MZ) is going to be modified
 Old value of alpha_s from param_card:   0.11799999999999999     
  ****************************************
 
       NNPDFDriver version 1.0.3
   Grid: NNPDF23nlo_as_0119_qed_mem0.grid
  ****************************************
 New value of alpha_s from PDF nn23nlo:  0.11899999999999999     
 *****************************************************
 *               MadGraph/MadEvent                   *
 *        --------------------------------           *
 *          http://madgraph.hep.uiuc.edu             *
 *          http://madgraph.phys.ucl.ac.be           *
 *          http://madgraph.roma2.infn.it            *
 *        --------------------------------           *
 *                                                   *
 *          PARAMETER AND COUPLING VALUES            *
 *                                                   *
 *****************************************************

  External Params
  ---------------------------------
  
 MU_R =    91.188000000000002     
 aEWM1 =    132.50700000000001     
 mdl_Gf =    1.1663900000000000E-005
 aS =   0.11799999999999999     
 mdl_ymb =    4.7000000000000002     
 mdl_ymt =    173.00000000000000     
 mdl_ymtau =    1.7769999999999999     
 mdl_MT =    173.00000000000000     
 mdl_MB =    4.7000000000000002     
 mdl_MZ =    91.188000000000002     
 mdl_MH =    125.00000000000000     
 mdl_MTA =    1.7769999999999999     
 mdl_WT =    1.4915000000000000     
 mdl_WZ =    2.4414039999999999     
 mdl_WW =    2.0476000000000001     
 mdl_WH =    6.3823389999999999E-003
  Internal Params
  ---------------------------------
  
 mdl_conjg__CKM3x3 =    1.0000000000000000     
 mdl_CKM22 =    1.0000000000000000     
 mdl_lhv =    1.0000000000000000     
 mdl_CKM3x3 =    1.0000000000000000     
 mdl_conjg__CKM22 =    1.0000000000000000     
 mdl_conjg__CKM33 =    1.0000000000000000     
 mdl_Ncol =    3.0000000000000000     
 mdl_CA =    3.0000000000000000     
 mdl_TF =   0.50000000000000000     
 mdl_CF =    1.3333333333333333     
 mdl_complexi =                (0.0000000000000000,1.0000000000000000)
 mdl_MZ__exp__2 =    8315.2513440000002     
 mdl_MZ__exp__4 =    69143404.913893804     
 mdl_sqrt__2 =    1.4142135623730951     
 mdl_MH__exp__2 =    15625.000000000000     
 mdl_Ncol__exp__2 =    9.0000000000000000     
 mdl_MB__exp__2 =    22.090000000000003     
 mdl_MT__exp__2 =    29929.000000000000     
 mdl_aEW =    7.5467711139788835E-003
 mdl_MW =    80.419002445756163     
 mdl_sqrt__aEW =    8.6872153846781555E-002
 mdl_ee =   0.30795376724436879     
 mdl_MW__exp__2 =    6467.2159543705357     
 mdl_sw2 =   0.22224648578577766     
 mdl_cw =   0.88190334743339216     
 mdl_sqrt__sw2 =   0.47143025548407230     
 mdl_sw =   0.47143025548407230     
 mdl_g1 =   0.34919219678733299     
 mdl_gw =   0.65323293034757990     
 mdl_v =    246.21845810181637     
 mdl_v__exp__2 =    60623.529110035903     
 mdl_lam =   0.12886910601690263     
 mdl_yb =    2.6995554250465490E-002
 mdl_yt =   0.99366614581500623     
 mdl_ytau =    1.0206617000654717E-002
 mdl_muH =    88.388347648318430     
 mdl_AxialZUp =  -0.18517701861793787     
 mdl_AxialZDown =   0.18517701861793787     
 mdl_VectorZUp =    7.5430507588273299E-002
 mdl_VectorZDown =  -0.13030376310310560     
 mdl_VectorAUp =   0.20530251149624587     
 mdl_VectorADown =  -0.10265125574812294     
 mdl_VectorWmDxU =   0.23095271737156670     
 mdl_AxialWmDxU =  -0.23095271737156670     
 mdl_VectorWpUxD =   0.23095271737156670     
 mdl_AxialWpUxD =  -0.23095271737156670     
 mdl_I1x33 =          (2.69955542504654901E-002,0.0000000000000000)
 mdl_I2x33 =               (0.99366614581500623,0.0000000000000000)
 mdl_I3x33 =               (0.99366614581500623,0.0000000000000000)
 mdl_I4x33 =          (2.69955542504654901E-002,0.0000000000000000)
 mdl_Vector_tbGp =              (-0.96667059156454072,0.0000000000000000)
 mdl_Axial_tbGp =              (-1.0206617000654716,-0.0000000000000000)
 mdl_Vector_tbGm =               (0.96667059156454072,0.0000000000000000)
 mdl_Axial_tbGm =              (-1.0206617000654716,-0.0000000000000000)
 mdl_gw__exp__2 =   0.42671326129048615     
 mdl_cw__exp__2 =   0.77775351421422245     
 mdl_ee__exp__2 =    9.4835522759998875E-002
 mdl_sw__exp__2 =   0.22224648578577769     
 mdl_yb__exp__2 =    7.2875994928982540E-004
 mdl_yt__exp__2 =   0.98737240933884918     
  Internal Params evaluated point by point
  ----------------------------------------
  
 mdl_sqrt__aS =   0.34351128074635334     
 mdl_G__exp__4 =    2.1987899468922913     
 mdl_G__exp__2 =    1.4828317324943823     
 mdl_R2MixedFactor_FIN_ =   -2.5040377713124864E-002
 mdl_GWcft_UV_b_1EPS_ =   -3.1300472141406080E-003
 mdl_GWcft_UV_t_1EPS_ =   -3.1300472141406080E-003
 mdl_bWcft_UV_1EPS_ =   -1.8780283284843650E-002
 mdl_tWcft_UV_1EPS_ =   -1.8780283284843650E-002
 mdl_G__exp__3 =    1.8056676068262196     
 mdl_MU_R__exp__2 =    8315.2513440000002     
 mdl_GWcft_UV_b_FIN_ =   -1.8563438626678915E-002
 mdl_GWcft_UV_t_FIN_ =    4.0087659331150384E-003
 mdl_bWcft_UV_FIN_ =  -0.13642100947319838     
 mdl_tWcft_UV_FIN_ =   -9.8778211443463623E-004
  Couplings of loop_sm
  ---------------------------------
  
    R2_UUZ_V2 =  -0.00000E+00  -0.72127E-02
    R2_UUZ_V5 =   0.00000E+00   0.68702E-03
      R2_sxcW =  -0.00000E+00  -0.11566E-01
         GC_5 =   0.00000E+00   0.12177E+01
        GC_22 =   0.00000E+00   0.28804E+00
        GC_23 =  -0.00000E+00  -0.27437E-01
        GC_31 =   0.00000E+00   0.52532E+02
        GC_32 =   0.00000E+00   0.67544E+02
        GC_47 =   0.00000E+00   0.46191E+00

 Collider parameters:
 --------------------

 Running at P P   machine @    13000.000000000000       GeV
 PDF set = nn23nlo
 alpha_s(Mz)= 0.1190 running at 2 loops.
 alpha_s(Mz)= 0.1190 running at 2 loops.
 Renormalization scale set on event-by-event basis
 Factorization   scale set on event-by-event basis


 ===============================================================
 INFO: MadFKS read these parameters from FKS_params.dat
 ===============================================================
  > IRPoleCheckThreshold      =   -1.0000000000000000     
  > PrecisionVirtualAtRunTime =   -1.0000000000000000     
  > NHelForMCoverHels         =            4
  > VirtualFraction           =    1.0000000000000000     
  > MinVirtualFraction        =    5.0000000000000001E-003
 ===============================================================
  Insert the number of points to test
 Insert the relative tolerance
  A negative number will mean use the default one:   -1.0000000000000000     
Using random seed offsets:     1 ,     23 ,      0
  with seed                15455
 Ranmar initialization seeds       10742       25477
  ========================================================================================== 
 {                                                                                          }
 {       [32m                                                                            [0m       }
 {       [32m                               ,,                                           [0m       }
 {       [32m`7MMM.     ,MMF'             `7MM  `7MMF'                                   [0m       }
 {       [32m  MMMb    dPMM                 MM    MM                                     [0m       }
 {       [32m  M YM   ,M MM   ,6"Yb.   ,M""bMM    MM         ,pW"Wq.   ,pW"Wq.`7MMpdMAo. [0m       }
 {       [32m  M  Mb  M' MM  8)   MM ,AP    MM    MM        6W'   `Wb 6W'   `Wb MM   `Wb [0m       }
 {       [32m  M  YM.P'  MM   ,pm9MM 8MI    MM    MM      , 8M     M8 8M     M8 MM    M8 [0m       }
 {       [32m  M  `YM'   MM  8M   MM `Mb    MM    MM     ,M YA.   ,A9 YA.   ,A9 MM   ,AP [0m       }
 {       [32m.JML. `'  .JMML.`Moo9^Yo.`Wbmd"MML..JMMmmmmMMM  `Ybmd9'   `Ybmd9'  MMbmmd'  [0m       }
 {       [32m                                                                   MM       [0m       }
 {       [32m                                                                 .JMML.     [0m       }
 {       [32m[0mv2.6.7 (2019-10-16), Ref: arXiv:1103.0621v2, arXiv:1405.0301[32m                [0m       }
 {       [32m                                                                            [0m       }
 {                                                                                          }
  ========================================================================================== 
 ===============================================================
 INFO: MadLoop read these parameters from ./MadLoop5_resources/MadLoopParams.dat                                                                                                                                                                                                                                                                                                                                                                                                                                                                                          
 ===============================================================
  > MLReductionLib            = 6|7|1
  > CTModeRun                 =           -1
  > MLStabThres               =    1.0000000000000000E-003
  > NRotations_DP             =            0
  > NRotations_QP             =            0
  > CTStabThres               =    1.0000000000000000E-002
  > CTLoopLibrary             =            2
  > CTModeInit                =            1
  > CheckCycle                =            3
  > MaxAttempts               =           10
  > UseLoopFilter             =  F
  > HelicityFilterLevel       =            2
  > ImprovePSPoint            =            2
  > DoubleCheckHelicityFilter =  T
  > LoopInitStartOver         =  F
  > HelInitStartOver          =  F
  > ZeroThres                 =    1.0000000000000001E-009
  > OSThres                   =    1.0000000000000000E-008
  > WriteOutFilters           =  T
  > UseQPIntegrandForNinja    =  T
  > UseQPIntegrandForCutTools =  T
  > IREGIMODE                 =            2
  > IREGIRECY                 =  T
  > COLLIERMode               =            1
  > COLLIERRequiredAccuracy   =    1.0000000000000000E-008
  > COLLIERCanOutput          =  F
  > COLLIERComputeUVpoles     =  T
  > COLLIERComputeIRpoles     =  T
  > COLLIERGlobalCache        =           -1
  > COLLIERUseCacheForPoles   =  F
  > COLLIERUseInternalStabilityTest =  T
 ===============================================================
  
------------------------------------------------------------------------
|              You are using CutTools - Version 1.9.3                  |
|              Authors: G. Ossola, C. Papadopoulos, R. Pittau          |
|              Published in JHEP 0803:042,2008                         |
|              http://www.ugr.es/~pittau/CutTools                      |
|                                                                      |
|              Compiler with  34  significant digits detetected        |
 ---------------------------------------------------------------------- 
   
########################################################################
#                                                                      #
#                      You are using OneLOop-3.6                       #
#                                                                      #
# for the evaluation of 1-loop scalar 1-, 2-, 3- and 4-point functions #
#                                                                      #
# author: Andreas van Hameren <hamerenREMOVETHIS@ifj.edu.pl>           #
#   date: 18-02-2015                                                   #
#                                                                      #
# Please cite                                                          #
#    A. van Hameren,                                                   #
#      Comput.Phys.Commun. 182 (2011) 2427-2438, arXiv:1007.4716       #
#    A. van Hameren, C.G. Papadopoulos and R. Pittau,                  #
#      JHEP 0909:106,2009, arXiv:0903.4665                             #
# in publications with results obtained with the help of this program. #
#                                                                      #

  +----------------------------------------------------------------+
  |                                                                |
  |  Ninja - version 1.2.0                                         |
  |                                                                |
  |  Author: Tiziano Peraro                                        |
  |                                                                |
  |  Based on:                                                     |
  |                                                                |
  |      P. Mastrolia, E. Mirabella and T. Peraro,                 |
  |      "Integrand reduction of one-loop scattering amplitudes    |
  |      through Laurent series expansion,"                        |
  |      JHEP 1206 (2012) 095  [arXiv:1203.0291 [hep-ph]].         |
  |                                                                |
  |      T. Peraro,                                                |
  |      "Ninja: Automated Integrand Reduction via Laurent         |
  |      Expansion for One-Loop Amplitudes,"                       |
  |      Comput.Phys.Commun. 185 (2014) [arXiv:1403.1229 [hep-ph]] |
  |                                                                |
  +----------------------------------------------------------------+


########################################################################
########################################################################
#                                                                      #
#                      You are using OneLOop-3.6                       #
#                                                                      #
# for the evaluation of 1-loop scalar 1-, 2-, 3- and 4-point functions #
#                                                                      #
# author: Andreas van Hameren <hamerenREMOVETHIS@ifj.edu.pl>           #
#   date: 18-02-2015                                                   #
#                                                                      #
# Please cite                                                          #
#    A. van Hameren,                                                   #
#      Comput.Phys.Commun. 182 (2011) 2427-2438, arXiv:1007.4716       #
#    A. van Hameren, C.G. Papadopoulos and R. Pittau,                  #
#      JHEP 0909:106,2009, arXiv:0903.4665                             #
# in publications with results obtained with the help of this program. #
#                                                                      #
########################################################################
 PASSED  -1.0000000000000000     
 MU_R    =    325.00000000000000     
 ALPHA_S =   0.11799999999999999     
 BORN                    3.3143380641045943E-009
 SINGLE POLE (MadFKS)   -3.9838294293764808E-010
 DOUBLE POLE (MadFKS)   -3.3196910797666438E-010
 SINGLE POLE (MadLoop)  -3.9838294293765604E-010
 DOUBLE POLE (MadLoop)  -3.3196910797666929E-010
 FINITE PART (MadLoop)  -1.1983715806557456E-009
   325.00000000000000        0.0000000000000000        0.0000000000000000        325.00000000000000        0.0000000000000000     
   325.00000000000000        0.0000000000000000        0.0000000000000000       -325.00000000000000        0.0000000000000000     
   143.66102420409484        21.024776042222769       -6.2737661942005234       -67.320788211995890        125.00000000000000     
   248.88561601831893        129.07610618735160       -202.87313027629841        64.233182111940110        0.0000000000000000     
   257.45335977758623       -150.10088222957438        209.14689647049894        3.0876061000557944        0.0000000000000000     

 PASSED  -1.0000000000000000     
 MU_R    =    325.00000000000000     
 ALPHA_S =   0.11799999999999999     
 BORN                    2.1117581447200186E-010
 SINGLE POLE (MadFKS)   -1.8898047642162228E-011
 DOUBLE POLE (MadFKS)   -2.1151688633022829E-011
 SINGLE POLE (MadLoop)  -1.8898047642162169E-011
 DOUBLE POLE (MadLoop)  -2.1151688633023006E-011
 FINITE PART (MadLoop)  -6.9657050248973026E-011
   325.00000000000000        0.0000000000000000        0.0000000000000000        325.00000000000000        0.0000000000000000     
   325.00000000000000        0.0000000000000000        0.0000000000000000       -325.00000000000000        0.0000000000000000     
   255.99025730041473       -76.700761804462317        176.82089248270242        112.94855887955478        125.00000000000000     
   199.13028937057001        113.81319969350369        7.7704957899918030       -163.21472701785012        0.0000000000000000     
   194.87945332901529       -37.112437889041374       -184.59138827269419        50.266168138295377        0.0000000000000000     

 PASSED  -1.0000000000000000     
 MU_R    =    325.00000000000000     
 ALPHA_S =   0.11799999999999999     
 BORN                    2.1302889240973154E-007
 SINGLE POLE (MadFKS)   -4.8054644715380563E-008
 DOUBLE POLE (MadFKS)   -2.1337295718993266E-008
 SINGLE POLE (MadLoop)  -4.8054644715380610E-008
 DOUBLE POLE (MadLoop)  -2.1337295718993299E-008
 FINITE PART (MadLoop)  -1.1558305234303795E-007
   325.00000000000000        0.0000000000000000        0.0000000000000000        325.00000000000000        0.0000000000000000     
   325.00000000000000        0.0000000000000000        0.0000000000000000       -325.00000000000000        0.0000000000000000     
   177.81778992527697        38.575170249330959       -57.838930014465404       -105.64459678055867        125.00000000000000     
   297.23242166044037       -109.47766083265623        177.40862164025438        211.86773051232862        0.0000000000000000     
   174.94978841428266        70.902490583325218       -119.56969162578898       -106.22313373176995        0.0000000000000000     

 PASSED  -1.0000000000000000     
 MU_R    =    325.00000000000000     
 ALPHA_S =   0.11799999999999999     
 BORN                    1.8630098196404766E-010
 SINGLE POLE (MadFKS)   -1.8908322237622617E-011
 DOUBLE POLE (MadFKS)   -1.8660187826823265E-011
 SINGLE POLE (MadLoop)  -1.8908322237624326E-011
 DOUBLE POLE (MadLoop)  -1.8660187826823220E-011
 FINITE PART (MadLoop)  -6.4249768372037773E-011
   325.00000000000000        0.0000000000000000        0.0000000000000000        325.00000000000000        0.0000000000000000     
   325.00000000000000        0.0000000000000000        0.0000000000000000       -325.00000000000000        0.0000000000000000     
   293.12533755633308        246.55606546647809        90.231791811914576       -36.956648192379561        125.00000000000000     
   107.81622910826977       -63.415926662330008        29.441938396318889       -82.072722436582140        0.0000000000000000     
   249.05843333539715       -183.14013880414811       -119.67373020823358        119.02937062896174        0.0000000000000000     

 PASSED  -1.0000000000000000     
 MU_R    =    325.00000000000000     
 ALPHA_S =   0.11799999999999999     
 BORN                    1.3571908546860014E-007
 SINGLE POLE (MadFKS)   -3.0060017566169390E-008
 DOUBLE POLE (MadFKS)   -1.3593828652054495E-008
 SINGLE POLE (MadLoop)  -3.0060017566169052E-008
 DOUBLE POLE (MadLoop)  -1.3593828652054412E-008
 FINITE PART (MadLoop)  -7.2360153482634549E-008
   325.00000000000000        0.0000000000000000        0.0000000000000000        325.00000000000000        0.0000000000000000     
   325.00000000000000        0.0000000000000000        0.0000000000000000       -325.00000000000000        0.0000000000000000     
   229.21430226763826        85.889359781834969        139.06755506924961       -100.98232205375353        125.00000000000000     
   254.60138251351086        56.510601747786808       -170.06532362597804        180.84855976171190        0.0000000000000000     
   166.18431521885086       -142.39996152962175        30.997768556728570       -79.866237707958490        0.0000000000000000     

 PASSED  -1.0000000000000000     
 MU_R    =    325.00000000000000     
 ALPHA_S =   0.11799999999999999     
 BORN                    1.3654645165542595E-007
 SINGLE POLE (MadFKS)   -4.2448208456673768E-008
 DOUBLE POLE (MadFKS)   -1.3676698899355238E-008
 SINGLE POLE (MadLoop)  -4.2448208456623402E-008
 DOUBLE POLE (MadLoop)  -1.3676698899355172E-008
 FINITE PART (MadLoop)  -1.0670082324351075E-007
   325.00000000000000        0.0000000000000000        0.0000000000000000        325.00000000000000        0.0000000000000000     
   325.00000000000000        0.0000000000000000        0.0000000000000000       -325.00000000000000        0.0000000000000000     
   330.89803785250427        22.611550922252377       -107.81073095671171        285.89171990476962        125.00000000000000     
   32.521544024314949        22.985917908949158        11.797428820567434       -19.751432272930245        0.0000000000000000     
   286.58041812318078       -45.597468831201532        96.013302136144262       -266.14028763183939        0.0000000000000000     

 PASSED  -1.0000000000000000     
 MU_R    =    325.00000000000000     
 ALPHA_S =   0.11799999999999999     
 BORN                    5.4084684808160801E-009
 SINGLE POLE (MadFKS)   -1.2248493535623434E-009
 DOUBLE POLE (MadFKS)   -5.4172037443666114E-010
 SINGLE POLE (MadLoop)  -1.2248493535622721E-009
 DOUBLE POLE (MadLoop)  -5.4172037443666837E-010
 FINITE PART (MadLoop)  -3.7108408767500886E-009
   325.00000000000000        0.0000000000000000        0.0000000000000000        325.00000000000000        0.0000000000000000     
   325.00000000000000        0.0000000000000000        0.0000000000000000       -325.00000000000000        0.0000000000000000     
   325.41883267530255        238.13165987831596       -140.42476325166618        117.67164097210541        125.00000000000000     
   301.02338676146491       -230.47644630628110        160.58936594912925       -108.19770154410422        0.0000000000000000     
   23.557780563232527       -7.6552135720354819       -20.164602697462541       -9.4739394280006692        0.0000000000000000     

 PASSED  -1.0000000000000000     
 MU_R    =    325.00000000000000     
 ALPHA_S =   0.11799999999999999     
 BORN                    2.3214456435362150E-009
 SINGLE POLE (MadFKS)   -2.8595390558088935E-010
 DOUBLE POLE (MadFKS)   -2.3251950301854019E-010
 SINGLE POLE (MadLoop)  -2.8595390558085228E-010
 DOUBLE POLE (MadLoop)  -2.3251950301851485E-010
 FINITE PART (MadLoop)  -8.5348482303130572E-010
   325.00000000000000        0.0000000000000000        0.0000000000000000        325.00000000000000        0.0000000000000000     
   325.00000000000000        0.0000000000000000        0.0000000000000000       -325.00000000000000        0.0000000000000000     
   205.47488169053719       -130.23178186550771        97.377267372893215       -12.340089013579400        125.00000000000000     
   167.89112790529967        38.008971789004008        163.37868938024633        7.0818605782220345        0.0000000000000000     
   276.63399040416311        92.222810076503748       -260.75595675313957        5.2582284353574344        0.0000000000000000     

 PASSED  -1.0000000000000000     
 MU_R    =    325.00000000000000     
 ALPHA_S =   0.11799999999999999     
 BORN                    2.2406186991495969E-010
 SINGLE POLE (MadFKS)   -1.8874996525269664E-011
 DOUBLE POLE (MadFKS)   -2.2442375415118558E-011
 SINGLE POLE (MadLoop)  -1.8874996525269851E-011
 DOUBLE POLE (MadLoop)  -2.2442375415118610E-011
 FINITE PART (MadLoop)  -7.2954152746229406E-011
   325.00000000000000        0.0000000000000000        0.0000000000000000        325.00000000000000        0.0000000000000000     
   325.00000000000000        0.0000000000000000        0.0000000000000000       -325.00000000000000        0.0000000000000000     
   234.20418521804194       -156.41238611155327        58.394741891862232       -106.54491993483343        125.00000000000000     
   194.71970013522605        163.60875498609212        86.976472171978813       -59.858417964144699        0.0000000000000000     
   221.07611464673204       -7.1963688745388597       -145.37121406384105        166.40333789897812        0.0000000000000000     

 PASSED  -1.0000000000000000     
 MU_R    =    325.00000000000000     
 ALPHA_S =   0.11799999999999999     
 BORN                    5.2722051729092058E-006
 SINGLE POLE (MadFKS)   -1.8217721667795872E-006
 DOUBLE POLE (MadFKS)   -5.2807203564294921E-007
 SINGLE POLE (MadLoop)  -1.8217721667795946E-006
 DOUBLE POLE (MadLoop)  -5.2807203564294921E-007
 FINITE PART (MadLoop)  -4.7141580608287205E-006
   325.00000000000000        0.0000000000000000        0.0000000000000000        325.00000000000000        0.0000000000000000     
   325.00000000000000        0.0000000000000000        0.0000000000000000       -325.00000000000000        0.0000000000000000     
   262.65563113891938        171.92218217652453       -30.338307642923453       -151.27898378165199        125.00000000000000     
   258.54536391053358       -85.886129415530235        5.3206493586527728        243.80518588424493        0.0000000000000000     
   128.79900495054702       -86.036052760994352        25.017658284270592       -92.526202102593047        0.0000000000000000     

 PASSED  -1.0000000000000000     
 MU_R    =    325.00000000000000     
 ALPHA_S =   0.11799999999999999     
 BORN                    1.0858156591308901E-007
 SINGLE POLE (MadFKS)   -2.5530803945896726E-008
 DOUBLE POLE (MadFKS)   -1.0875693692585251E-008
 SINGLE POLE (MadLoop)  -2.5530803945896759E-008
 DOUBLE POLE (MadLoop)  -1.0875693692585270E-008
 FINITE PART (MadLoop)  -6.2342389816837703E-008
   325.00000000000000        0.0000000000000000        0.0000000000000000        325.00000000000000        0.0000000000000000     
   325.00000000000000        0.0000000000000000        0.0000000000000000       -325.00000000000000        0.0000000000000000     
   308.61390854092349        211.45609707293426        153.09611770426434       -107.07680560919525        125.00000000000000     
   191.72569482758979       -80.816342468006610       -92.216085498276811        147.38946510042862        0.0000000000000000     
   149.66039663148672       -130.63975460492765       -60.880032205987561       -40.312659491233447        0.0000000000000000     

 PASSED  -1.0000000000000000     
 MU_R    =    325.00000000000000     
 ALPHA_S =   0.11799999999999999     
 BORN                    8.5608843745352788E-009
 SINGLE POLE (MadFKS)   -1.7275362689295345E-009
 DOUBLE POLE (MadFKS)   -8.5747111318700843E-010
 SINGLE POLE (MadLoop)  -1.7275362689294740E-009
 DOUBLE POLE (MadLoop)  -8.5747111318698434E-010
 FINITE PART (MadLoop)  -4.9000925014863035E-009
   325.00000000000000        0.0000000000000000        0.0000000000000000        325.00000000000000        0.0000000000000000     
   325.00000000000000        0.0000000000000000        0.0000000000000000       -325.00000000000000        0.0000000000000000     
   301.21714038519104        11.807397998700814       -268.83727127369758       -51.902529692149855        125.00000000000000     
   40.521262492265933       -9.7917730331304007       -36.994128097037589        13.323977678409415        0.0000000000000000     
   308.26159712254298       -2.0156249655704133        305.83139937073514        38.578552013740470        0.0000000000000000     

 PASSED  -1.0000000000000000     
 MU_R    =    325.00000000000000     
 ALPHA_S =   0.11799999999999999     
 BORN                    9.8009701494262878E-007
 SINGLE POLE (MadFKS)   -3.1130125176231904E-007
 DOUBLE POLE (MadFKS)   -9.8167997798678442E-008
 SINGLE POLE (MadLoop)  -3.1130125176231523E-007
 DOUBLE POLE (MadLoop)  -9.8167997798676920E-008
 FINITE PART (MadLoop)  -8.6812809196809973E-007
   325.00000000000000        0.0000000000000000        0.0000000000000000        325.00000000000000        0.0000000000000000     
   325.00000000000000        0.0000000000000000        0.0000000000000000       -325.00000000000000        0.0000000000000000     
   277.13061851385686        68.710298170056234        232.24341632794213        50.182369569213549        125.00000000000000     
   105.01309932855361       -38.124528624276152       -10.720301306566066        97.259171740570835        0.0000000000000000     
   267.85628215758959       -30.585769545780064       -221.52311502137616       -147.44154130978441        0.0000000000000000     

 PASSED  -1.0000000000000000     
 MU_R    =    325.00000000000000     
 ALPHA_S =   0.11799999999999999     
 BORN                    9.1867815142056521E-009
 SINGLE POLE (MadFKS)   -1.4634254010742749E-009
 DOUBLE POLE (MadFKS)   -9.2016191633465086E-010
 SINGLE POLE (MadLoop)  -1.4634254010742656E-009
 DOUBLE POLE (MadLoop)  -9.2016191633464765E-010
 FINITE PART (MadLoop)  -3.9590878876119653E-009
   325.00000000000000        0.0000000000000000        0.0000000000000000        325.00000000000000        0.0000000000000000     
   325.00000000000000        0.0000000000000000        0.0000000000000000       -325.00000000000000        0.0000000000000000     
   227.97502099323606       -2.2547095822674477       -186.09405920894852        41.370612863510040        125.00000000000000     
   279.74407404082081        111.58210282929056        255.96166776216992        17.023687190453707        0.0000000000000000     
   142.28090496594319       -109.32739324702312       -69.867608553221388       -58.394300053963747        0.0000000000000000     

 PASSED  -1.0000000000000000     
 MU_R    =    325.00000000000000     
 ALPHA_S =   0.11799999999999999     
 BORN                    3.1399550040163586E-006
 SINGLE POLE (MadFKS)   -1.0684439180568891E-006
 DOUBLE POLE (MadFKS)   -3.1450263721114451E-007
 SINGLE POLE (MadLoop)  -1.0684439180568737E-006
 DOUBLE POLE (MadLoop)  -3.1450263721113974E-007
 FINITE PART (MadLoop)  -2.9253290969490693E-006
   325.00000000000000        0.0000000000000000        0.0000000000000000        325.00000000000000        0.0000000000000000     
   325.00000000000000        0.0000000000000000        0.0000000000000000       -325.00000000000000        0.0000000000000000     
   254.01326000514118       -107.13153693402114       -171.41642676091092       -89.649197927896680        125.00000000000000     
   208.39193064665497        45.370317988321979        33.362736152962498        200.63812907986028        0.0000000000000000     
   187.59480934820377        61.761218945698985        138.05369060794834       -110.98893115196357        0.0000000000000000     

 PASSED  -1.0000000000000000     
 MU_R    =    325.00000000000000     
 ALPHA_S =   0.11799999999999999     
 BORN                    3.9070004092045462E-008
 SINGLE POLE (MadFKS)   -8.5934469494747078E-009
 DOUBLE POLE (MadFKS)   -3.9133106388726099E-009
 SINGLE POLE (MadLoop)  -8.5934469494746235E-009
 DOUBLE POLE (MadLoop)  -3.9133106388726281E-009
 FINITE PART (MadLoop)  -2.0747532825329145E-008
   325.00000000000000        0.0000000000000000        0.0000000000000000        325.00000000000000        0.0000000000000000     
   325.00000000000000        0.0000000000000000        0.0000000000000000       -325.00000000000000        0.0000000000000000     
   298.72164762766113        159.08320232738430        34.138107775110456        217.10998847631123        125.00000000000000     
   81.507390668188506       -19.409906928652497        77.687244467223152       -15.211912885881841        0.0000000000000000     
   269.77096170415035       -139.67329539873180       -111.82535224233362       -201.89807559042947        0.0000000000000000     

 PASSED  -1.0000000000000000     
 MU_R    =    325.00000000000000     
 ALPHA_S =   0.11799999999999999     
 BORN                    6.1253227355569173E-010
 SINGLE POLE (MadFKS)   -5.6982231464921518E-011
 DOUBLE POLE (MadFKS)   -6.1352157965254581E-011
 SINGLE POLE (MadLoop)  -5.6982231464917078E-011
 DOUBLE POLE (MadLoop)  -6.1352157965250199E-011
 FINITE PART (MadLoop)  -2.0435668235311931E-010
   325.00000000000000        0.0000000000000000        0.0000000000000000        325.00000000000000        0.0000000000000000     
   325.00000000000000        0.0000000000000000        0.0000000000000000       -325.00000000000000        0.0000000000000000     
   182.46466799532888       -58.071943548719595       -11.025717579432678        119.05644875847135        125.00000000000000     
   238.53875959771446       -17.683109216818409       -205.07231088491841       -120.55453034689999        0.0000000000000000     
   228.99657240695663        75.755052765537997        216.09802846435105        1.4980815884286189        0.0000000000000000     

 PASSED  -1.0000000000000000     
 MU_R    =    325.00000000000000     
 ALPHA_S =   0.11799999999999999     
 BORN                    1.1800404082297508E-010
 SINGLE POLE (MadFKS)   -7.6547914316859247E-012
 DOUBLE POLE (MadFKS)   -1.1819463015529207E-011
 SINGLE POLE (MadLoop)  -7.6547914316853868E-012
 DOUBLE POLE (MadLoop)  -1.1819463015529262E-011
 FINITE PART (MadLoop)  -3.6475671315660680E-011
   325.00000000000000        0.0000000000000000        0.0000000000000000        325.00000000000000        0.0000000000000000     
   325.00000000000000        0.0000000000000000        0.0000000000000000       -325.00000000000000        0.0000000000000000     
   205.35298135512039        84.347908946907097        132.13275416543564        44.398338756953969        125.00000000000000     
   219.91858134051537        88.070691149716595       -87.595866259149417       -181.47919989228890        0.0000000000000000     
   224.72843730436421       -172.41860009662369       -44.536887906286275        137.08086113533494        0.0000000000000000     

 PASSED  -1.0000000000000000     
 MU_R    =    325.00000000000000     
 ALPHA_S =   0.11799999999999999     
 BORN                    8.3057248250157973E-007
 SINGLE POLE (MadFKS)   -2.2233619017700962E-007
 DOUBLE POLE (MadFKS)   -8.3191394719869393E-008
 SINGLE POLE (MadLoop)  -2.2233619017701058E-007
 DOUBLE POLE (MadLoop)  -8.3191394719869711E-008
 FINITE PART (MadLoop)  -5.4971138375693268E-007
   325.00000000000000        0.0000000000000000        0.0000000000000000        325.00000000000000        0.0000000000000000     
   325.00000000000000        0.0000000000000000        0.0000000000000000       -325.00000000000000        0.0000000000000000     
   185.93419870647162       -126.18040570395591       -30.597722123809795       -45.703510432316534        125.00000000000000     
   285.03131150500496        170.60954180729584        116.72877674492506        196.23869511949263        0.0000000000000000     
   179.03448978852336       -44.429136103339921       -86.131054621115268       -150.53518468717610        0.0000000000000000     

 PASSED  -1.0000000000000000     
 MU_R    =    325.00000000000000     
 ALPHA_S =   0.11799999999999999     
 BORN                    6.5554690522674684E-008
 SINGLE POLE (MadFKS)   -1.2670959931546814E-008
 DOUBLE POLE (MadFKS)   -6.5660568462191243E-009
 SINGLE POLE (MadLoop)  -1.2670959931546839E-008
 DOUBLE POLE (MadLoop)  -6.5660568462191392E-009
 FINITE PART (MadLoop)  -3.1530191071430841E-008
   325.00000000000000        0.0000000000000000        0.0000000000000000        325.00000000000000        0.0000000000000000     
   325.00000000000000        0.0000000000000000        0.0000000000000000       -325.00000000000000        0.0000000000000000     
   168.10712359196336       -64.319939394061976        91.688148286770925       -9.5516418720000917        125.00000000000000     
   206.76932253810270        40.517159466661823        153.00826390494458        133.04278901321146        0.0000000000000000     
   275.12355386993403        23.802779927400131       -244.69641219171552       -123.49114714121129        0.0000000000000000     

 NUMBER OF POINTS PASSING THE CHECK          20
 NUMBER OF POINTS FAILING THE CHECK           0
 TOLERANCE   -1.0000000000000000     
