 Enter filename for events
 Enter maximum number of events to generate
 MUST coincide with the number of events on tape
 Enter 0 to use Herwig default PDFs
       1 to use PDFs from library
 Enter colliding particles (PART1, PART2)
 Enter beam momenta (PBEAM1, PBEAM2)


          HERWIG 6.521  11th Mar. 2013

          Please reference:  G. Marchesini, B.R. Webber,
          G.Abbiendi, I.G.Knowles, M.H.Seymour & L.Stanco
          Computer Physics Communications 67 (1992) 465
                             and
          G.Corcella, I.G.Knowles, G.Marchesini, S.Moretti,
          K.Odagiri, P.Richardson, M.H.Seymour & B.R.Webber,
          JHEP 0101 (2001) 010
 Enter .TRUE. for underlying event, .FALSE. otherwise

 Underlying event WILL NOT be generated

 Enter Lambda_QCD, <0 for Herwig default
 Enter Z mass, width
 Enter W mass, width
 Enter top mass, width
 Enter Higgs (SM) boson mass, width
 Enter quark (d,u,s,c,b) and gluon masses
 Enter lepton (e,mu,tau) masses
 Enter number of events to print
 Enter accepted error fraction
 Is it single-top (.TRUE. or .FALSE)?
 Is it b-bbar (.TRUE. or .FALSE)?
 Enter the two random seeds (0 0 for default)

          INPUT CONDITIONS FOR THIS RUN

          BEAM 1 (P       ) MOM. =   6500.00
          BEAM 2 (P       ) MOM. =   6500.00
          PROCESS CODE (IPROC)   =  -18000
          NUMBER OF FLAVOURS     =    6
          STRUCTURE FUNCTION SET =    8
          AZIM SPIN CORRELATIONS =    T
          AZIM SOFT CORRELATIONS =    T
          QCD LAMBDA (GEV)       =    0.1800
          DOWN     QUARK  MASS   =    0.3200
          UP       QUARK  MASS   =    0.3200
          STRANGE  QUARK  MASS   =    0.5000
          CHARMED  QUARK  MASS   =    1.5500
          BOTTOM   QUARK  MASS   =    4.9500
          TOP      QUARK  MASS   =  173.0000
          GLUON EFFECTIVE MASS   =    0.7500
          EXTRA SHOWER CUTOFF (Q)=    0.4800
          EXTRA SHOWER CUTOFF (G)=    0.1000
          PHOTON SHOWER CUTOFF   =    0.4000
          CLUSTER MASS PARAMETER =    3.3500
          SPACELIKE EVOLN CUTOFF =    2.5000
          INTRINSIC P-TRAN (RMS) =    0.0000
          DECAY SPIN CORRELATIONS=    T
          SUSY THREE BODY ME     =    T
          SUSY FOUR  BODY ME     =    F

          NO EVENTS WILL BE WRITTEN TO DISK

          B_d: Delt-M/Gam =0.7000 Delt-Gam/2*Gam =0.0000
          B_s: Delt-M/Gam = 10.00 Delt-Gam/2*Gam =0.2000

          PDFLIB NOT USED FOR BEAM 1
          PDFLIB NOT USED FOR BEAM 2


          Checking consistency of particle properties


          Checking consistency of decay tables


          WRITING SUDAKOV TABLE ON UNIT  77

          WRITING MATRIX ELEMENT TABLE ON UNIT  88

          CHECKING SUSY DECAY MATRIX ELEMENTS
 Do you want a stable Pi0 (.TRUE. or .FALSE)?
 Do you want a stable W+ (.TRUE. or .FALSE)?
 Do you want a stable W- (.TRUE. or .FALSE)?
 Do you want a stable Z0 (.TRUE. or .FALSE)?
 Do you want a stable Tau+ (.TRUE. or .FALSE)?
 Do you want a stable Tau- (.TRUE. or .FALSE)?
 Do you want a stable Mu+ (.TRUE. or .FALSE)?
 Do you want a stable Mu- (.TRUE. or .FALSE)?
 Do you want a stable Higgs (.TRUE. or .FALSE)?

          PARTICLE TYPE  21=PI0      SET STABLE
 How many decay modes do you want to set?
 How are the events normalized ("average" or "sum")?
 stdhep initialized

          SUBROUTINE TIMEL CALLED BUT NOT LINKED.
          DUMMY TIMEL WILL BE USED. DELETE DUMMY
          AND LINK CERNLIB FOR CPU TIME REMAINING.

 HWWARN CALLED FROM SUBPROGRAM HWSMRS: CODE =   5
 EVENT       1:   SEEDS = 1973774260 & 1099242306  WEIGHT = 0.5936E-03
 EVENT SURVIVES. EXECUTION CONTINUES
 WARNING: MRST98 CALLED WITH Q OUTSIDE ALLOWED RANGE!
 Q VALUE=1.430E+04, MINIMUM=1.118E+00, MAXIMUM=3.162E+03
 NO FURTHER WARNINGS WILL BE ISSUED



 EVENT       1: 6500.00 GEV/C P        ON  6500.00 GEV/C P        PROCESS:-18000
 SEEDS:  1973774260 &  1099242306   STATUS:  100 ERROR:   0  WEIGHT:  5.9363E-04


                               ---INITIAL STATE---    

 IHEP    ID      IDPDG IST MO1 MO2 DA1 DA2   P-X     P-Y     P-Z  ENERGY    MASS
    1 P           2212 101   0   0   0   0    0.00    0.00 6500.0 6500.0    0.94
    2 P           2212 102   0   0   0   0    0.00    0.00-6500.0 6500.0    0.94
    3 CMF            0 103   1   2   0   0    0.00    0.00    0.013000.013000.00

                              ---HARD SUBPROCESS---   

 IHEP    ID      IDPDG IST MO1 MO2 DA1 DA2   P-X     P-Y     P-Z  ENERGY    MASS
    4 DQRK           1 121   6   8  10   9    0.00    0.00 2000.6 2000.6    0.32
    5 UQRK           2 122   6   9  14   8    0.00    0.00-1114.2 1114.2    0.32
    6 HARD           0 120   4   5   7   9    0.65   -1.24  886.3 3114.8 2986.04
    7 HIGGS         25 123   6   7  20   7  -44.98 -346.83   36.8  373.2  125.00
    8 DQRK           1 124   6   5  21   4  -78.11   39.37 -928.7  932.8    0.32
    9 UQRK           2 124   6   4  23   5  123.09  307.47 1778.2 1808.8    0.32

                              ---PARTON SHOWERS---    

 IHEP    ID      IDPDG IST MO1 MO2 DA1 DA2   P-X     P-Y     P-Z  ENERGY    MASS
   10 DQRK          94 141   4   6  12  13    2.91    2.78 2000.6 2000.6   -8.20
   11 CONE           0 100   4   9   0   0    0.37    0.93    4.0    4.1    0.00
   12 GLUON         21   2  10  13  37  38   -2.91   -2.78  651.5  651.5    0.75
   13 UU          2203   2  10  22  39  38    0.00    0.00 3847.9 3847.9    0.32
   14 UQRK          94 142   5   6  16  19   -2.26   -4.02-1114.3 1114.2  -17.46
   15 CONE           0 100   5   8   0   0   -0.89    0.45   -8.1    8.1    0.00
   16 GLUON         21   2  14  17  40  41    1.79    1.56  -32.5   32.6    0.75
   17 GLUON         21   2  14  18  42  43   -0.17    1.00  -33.6   33.6    0.75
   18 GLUON         21   2  14  19  44  45    0.64    1.46 -183.8  183.8    0.75
   19 UD          2101   2  14  25  46  45    0.00    0.00-5135.8 5135.8    0.31
   20 HIGGS         25 195   7   6 172 173  -44.74 -345.78   36.7  372.2  125.00
   21 DQRK          94 144   8   6  22  22  -77.65   38.86 -925.5  929.5    0.32
   22 DQRK           1   2  21  40  47  39  -77.65   38.86 -925.5  929.5    0.32
   23 UQRK          94 144   9   6  25  36  123.04  305.68 1775.1 1813.1  166.47
   24 CONE           0 100   9   4   0   0   -0.08   -0.21    4.3    4.3    0.00
   25 UQRK           2   2  23  26  48  46   80.68   96.19  770.1  780.3    0.32
   26 GLUON         21   2  23  27  49  50   39.21   46.48  363.4  368.4    0.75
   27 GLUON         21   2  23  28  51  52    2.50    4.35   34.3   34.6    0.75
   28 GLUON         21   2  23  29  53  54    3.02    6.13   37.7   38.3    0.75
   29 GLUON         21   2  23  30  55  56    4.81   17.40   91.9   93.6    0.75
   30 GLUON         21   2  23  31  57  58    1.82    6.05   37.8   38.3    0.75
   31 GLUON         21   2  23  32  59  60  -12.02   47.98  153.5  161.3    0.75
   32 GLUON         21   2  23  33  61  62   -1.82   16.98   45.5   48.6    0.75
   33 GLUON         21   2  23  34  63  64    1.88   13.07   49.8   51.5    0.75
   34 GLUON         21   2  23  35  65  66    2.48   36.86  141.9  146.6    0.75
   35 GLUON         21   2  23  36  67  68   -0.34   12.14   44.0   45.6    0.75
   36 GLUON         21   2  23  37  69  70    0.82    2.05    5.4    5.8    0.75

                              ---GLUON SPLITTING---   

 IHEP    ID      IDPDG IST MO1 MO2 DA1 DA2   P-X     P-Y     P-Z  ENERGY    MASS
   37 DBAR          -1 158  10  38 114  84   -1.15   -1.16  244.2  244.2    0.32
   38 DQRK           1 158  10  71  91  37   -1.14   -1.02  277.1  277.1    0.32
   39 UU          2203 161  10  47 108  72   -0.02   -0.02 2396.8 2396.8    0.64
   40 UBAR          -2 158  14  41 117  90    0.24    0.39   -7.3    7.3    0.32
   41 UQRK           2 158  14  42  92  40    0.97    0.59  -14.7   14.8    0.32
   42 DBAR          -1 158  14  43  92  41   -0.06    0.58  -23.4   23.4    0.32
   43 DQRK           1 158  14  44  93  42   -0.11    0.42  -10.2   10.2    0.32
   44 DBAR          -1 158  14  45  93  43    0.10    0.67  -84.5   84.5    0.32
   45 DQRK           1 158  14  73  94  44    0.50    0.72  -93.2   93.2    0.32
   46 UD          2101 162  14  48 109  74    0.00    0.01-3995.9 3995.9    0.64
   47 DQRK           1 158  21  77  95  39  -34.78   17.41 -414.6  416.4    0.32
   48 UQRK           2 158  23  49  96  46   80.68   96.19  770.1  780.3    0.32
   49 DBAR          -1 158  23  50  96  48   24.53   29.05  226.1  229.3    0.32
   50 DQRK           1 158  23  51  97  49   14.68   17.43  137.2  139.1    0.32
   51 UBAR          -2 158  23  52  97  50    1.19    1.70   14.1   14.3    0.32
   52 UQRK           2 158  23  53  98  51    1.31    2.65   20.1   20.3    0.32
   53 UBAR          -2 158  23  54  98  52    2.15    4.01   24.9   25.4    0.32
   54 UQRK           2 158  23  55  99  53    0.88    2.12   12.7   12.9    0.32
   55 UBAR          -2 158  23  56  99  54    3.46   12.01   63.6   64.8    0.32
   56 UQRK           2 158  23  57 100  55    1.35    5.38   28.2   28.8    0.32
   57 UBAR          -2 158  23  58 100  56    0.98    3.76   22.5   22.9    0.32
   58 UQRK           2 158  23  81 101  57    0.60    1.69   11.1   11.2    0.32
   59 DBAR          -1 158  23  60 112  80   -3.11   12.76   40.8   42.9    0.32
   60 DQRK           1 158  23  61 102  59   -5.05   19.40   62.2   65.3    0.32
   61 UBAR          -2 158  23  62 102  60   -0.94   10.10   26.7   28.5    0.32
   62 UQRK           2 158  23  63 103  61   -0.88    6.88   18.8   20.1    0.32
   63 UBAR          -2 158  23  64 103  62    0.71    5.90   21.9   22.7    0.32
   64 UQRK           2 158  23  65 104  63    1.17    7.17   27.9   28.8    0.32
   65 UBAR          -2 158  23  66 104  64    1.25   16.68   63.7   65.8    0.32
   66 UQRK           2 158  23  67 105  65    1.24   20.18   78.2   80.8    0.32
   67 DBAR          -1 158  23  68 105  66   -0.12    8.05   28.7   29.8    0.32
   68 DQRK           1 158  23  69 106  67   -0.22    4.10   15.3   15.8    0.32
   69 UBAR          -2 158  23  70 106  68    0.61    1.01    2.9    3.2    0.32
   70 UQRK           2 158  23  85 107  69    0.16    0.78    1.9    2.1    0.32
   71 DBAR          -1 159  10  72  91  38   -0.01   -0.01 1242.2 1242.2    0.32
   72 DQRK           1 159  10  39 108  71   -0.06   -0.05  229.3  229.3    0.32
   73 UBAR          -2 159  14  74  94  45    0.01    0.01 -972.3  972.3    0.32
   74 UQRK           2 159  14  46 109  73    0.03    0.05 -173.7  173.7    0.32
   75 UBAR          -2 159  14  76 111  78    0.04    0.26   -5.2    5.2    0.32
   76 UQRK           2 159  21  87 110  75  -24.05   12.04 -286.7  287.9    0.32
   77 UBAR          -2 159  14  78  95  47   -0.29    0.25   -5.6    5.6    0.32
   78 UQRK           2 159  21  75 111  77   -5.87    2.94  -70.0   70.4    0.32
   79 UBAR          -2 159  23  80 113  82   -2.20    9.06   29.0   30.5    0.32
   80 UQRK           2 159  23  59 112  79   -0.03    0.70    3.1    3.2    0.32
   81 DBAR          -1 159  23  82 101  58   -1.45    5.99   19.2   20.2    0.32
   82 DQRK           1 159  23  79 113  81    0.06    0.67    3.4    3.5    0.32
   83 DBAR          -1 159  10  84 115  86   -0.46   -0.46   97.8   97.8    0.32
   84 DQRK           1 159  23  37 114  83   -0.03   -0.01    8.3    8.3    0.32
   85 UBAR          -2 159  10  86 107  70    0.02    0.12    2.0    2.0    0.32
   86 UQRK           2 159  23  83 115  85    0.01    0.10    2.2    2.2    0.32
   87 SBAR          -3 159  14  88 110  76   -0.64    0.45  -10.2   10.3    0.50
   88 SQRK           3 159  21  89 116  87  -10.44    5.23 -124.6  125.2    0.50
   89 UBAR          -2 159  14  90 116  88    0.06    0.27   -5.3    5.4    0.32
   90 UQRK           2 159  21  40 117  89   -1.09    0.58  -13.7   13.7    0.32

                             ---CLUSTER FORMATION---  

 IHEP    ID      IDPDG IST MO1 MO2 DA1 DA2   P-X     P-Y     P-Z  ENERGY    MASS
   91 CLUS          91 183  38  71 118 119   -1.15   -1.03 1519.2 1519.2    3.34
   92 CLUS          91 183  41  42 120 121    0.90    1.18  -38.1   38.2    1.46
   93 CLUS          91 183  43  44 122 123   -0.01    1.09  -94.6   94.7    1.46
   94 CLUS          91 183  45  73 124 125    0.50    0.73-1065.5 1065.5    3.06
   95 CLUS          91 183  47  77 126 127  -35.07   17.66 -420.2  422.0    3.18
   96 CLUS          91 183  48  49 128 129  105.21  125.23  996.2 1009.6    2.25
   97 CLUS          91 183  50  51 130 131   15.87   19.14  151.4  153.4    1.51
   98 CLUS          91 183  52  53 132 133    3.45    6.66   45.1   45.7    1.02
   99 CLUS          91 183  54  55 134 135    4.34   14.13   76.3   77.8    1.14
  100 CLUS          91 183  56  57 136 137    2.33    9.14   50.8   51.6    0.88
  101 CLUS          91 183  58  81 138 139   -0.85    7.68   30.3   31.4    3.03
  102 CLUS          91 183  60  61 140 141   -5.99   29.50   88.9   93.9    3.28
  103 CLUS          91 183  62  63 142 143   -0.17   12.78   40.7   42.8    2.54
  104 CLUS          91 183  64  65 144 145    2.42   23.85   91.6   94.7    1.19
  105 CLUS          91 183  66  67 146 147    1.12   28.22  106.9  110.6    1.59
  106 CLUS          91 183  68  69 148 149    0.39    5.10   18.2   19.0    1.76
  107 CLUS          91 183  70  85 150 151    0.18    0.89    4.0    4.2    0.93
  108 CLUS          91 184  72  39 152 153   -0.08   -0.07 2626.0 2626.0    1.30
  109 CLUS          91 185  74  46 154 155    0.04    0.05-4169.6 4169.6    1.72
  110 CLUS          91 183  76  87 156 157  -24.69   12.49 -296.9  298.2    2.95
  111 CLUS          91 183  78  75 158 159   -5.83    3.20  -75.2   75.6    2.16
  112 CLUS          91 183  80  59 160 161   -3.14   13.47   43.9   46.1    1.73
  113 CLUS          91 183  82  79 162 163   -2.15    9.73   32.4   33.9    1.79
  114 CLUS          91 183  84  37 164 165   -1.19   -1.17  252.5  252.6    1.80
  115 CLUS          91 183  86  83 166 167   -0.45   -0.36  100.0  100.1    2.29
  116 CLUS          91 183  88  89 168 169  -10.38    5.51 -130.0  130.5    2.97
  117 CLUS          91 183  90  40 170 171   -0.86    0.97  -21.0   21.1    1.31

                              ---CLUSTER DECAYS---    

 IHEP    ID      IDPDG IST MO1 MO2 DA1 DA2   P-X     P-Y     P-Z  ENERGY    MASS
  118 DELTA0      2114 197  91  10 216 217   -0.08   -0.49 1207.5 1207.5    1.23
  119 NBAR       -2112   1  91  10   0   0   -1.07   -0.53  311.7  311.7    0.94
  120 PI0          111   1  92  14   0   0   -0.06    0.09   -2.5    2.6    0.13
  121 B_1+       10213 197  92  14 218 219    0.96    1.09  -35.6   35.6    1.23
  122 A_1-      -20213 197  93  14 220 221   -0.17    0.97  -82.1   82.1    1.23
  123 PI+          211   1  93  14   0   0    0.16    0.12  -12.5   12.5    0.14
  124 XI-         3312 197  94  14 222 223    0.01    0.82 -471.4  471.4    1.32
  125 XI*BAR     -3324 197  94  14 224 225    0.49   -0.09 -594.1  594.1    1.53
  126 DELTA-      1114 197  95  21 226 227  -28.69   14.38 -342.3  343.8    1.23
  127 DELTABR0   -2114 197  95  21 228 229   -6.39    3.28  -77.9   78.2    1.23
  128 P           2212   1  96  23   0   0   68.71   81.88  654.2  662.9    0.94
  129 NBAR       -2112   1  96  23   0   0   36.50   43.35  342.1  346.7    0.94
  130 PI-         -211   1  97  23   0   0    1.09    1.26   10.4   10.5    0.14
  131 FH_00      10221 197  97  23 230 231   14.79   17.88  141.0  142.9    1.35
  132 PI0          111   1  98  23   0   0    0.48    0.63    4.6    4.7    0.13
  133 RHO0         113 197  98  23 232 233    2.97    6.02   40.5   41.0    0.77
  134 OMEGA        223 197  99  23 234 235    2.67    8.18   43.6   44.5    0.78
  135 PI0          111   1  99  23   0   0    1.67    5.95   32.7   33.3    0.13
  136 PI+          211   1 100  23   0   0    1.33    6.15   32.0   32.6    0.14
  137 PI-         -211   1 100  23   0   0    1.00    2.99   18.8   19.0    0.14
  138 RHO+         213 197 101  23 236 237   -0.25    4.45   18.8   19.3    0.77
  139 RHOD0      30113 197 101  23 238 240   -0.60    3.23   11.5   12.1    1.70
  140 DELTA+      2214 197 102  23 241 242   -5.08   23.73   72.3   76.3    1.23
  141 DLTABR--   -2224 197 102  23 243 244   -0.91    5.76   16.5   17.6    1.23
  142 DELTA++     2224 197 103  23 245 246   -0.38    6.54   20.6   21.7    1.23
  143 DLTABR--   -2224 197 103  23 247 248    0.22    6.24   20.1   21.1    1.23
  144 PI+          211   1 104  23   0   0    0.57    6.35   25.6   26.4    0.14
  145 RHO-        -213 197 104  23 249 250    1.85   17.50   65.9   68.3    0.77
  146 B_1+       10213 197 105  23 251 252    1.14   27.02  101.8  105.4    1.23
  147 PI0          111   1 105  23   0   0   -0.03    1.20    5.1    5.2    0.13
  148 RHO-        -213 197 106  23 253 254   -0.24    2.44    8.6    8.9    0.77
  149 RHO0         113 197 106  23 255 256    0.63    2.66    9.7   10.1    0.77
  150 RHO+         213 197 107  23 257 258    0.19    0.81    3.3    3.5    0.77
  151 PI-         -211   1 107  23   0   0   -0.01    0.08    0.6    0.7    0.14
  152 PI0          111   1 108  10   0   0   -0.22   -0.06 1082.1 1082.1    0.13
  153 P           2212   1 108  10   0   0    0.14   -0.01 1543.9 1543.9    0.94
  154 PI+          211   1 109  14   0   0    0.37    0.10-1413.3 1413.3    0.14
  155 DELTA0      2114 197 109  14 259 260   -0.33   -0.05-2756.3 2756.3    1.23
  156 DELTA++     2224 197 110  21 261 262  -16.29    8.38 -191.8  192.7    1.23
  157 SGMA*BR-   -3224 197 110  21 263 264   -8.40    4.10 -105.1  105.5    1.38
  158 A_1+       20213 197 111  21 265 266   -2.86    1.93  -37.6   37.8    1.23
  159 RHO-        -213 197 111  21 267 268   -2.96    1.28  -37.6   37.8    0.77
  160 PI0          111   1 112  23   0   0   -2.19    8.86   30.5   31.8    0.13
  161 RHO+         213 197 112  23 269 270   -0.94    4.61   13.4   14.2    0.77
  162 K*0          313 197 113  23 271 272   -1.61    6.34   22.8   23.8    0.90
  163 K-          -321   1 113  23   0   0   -0.54    3.39    9.6   10.2    0.49
  164 RHO-        -213 197 114  23 273 274   -1.08   -0.95  156.4  156.4    0.77
  165 RHO+         213 197 114  23 275 276   -0.11   -0.22   96.1   96.1    0.77
  166 DELTA++     2224 197 115  23 277 278   -0.08    0.12   49.9   49.9    1.23
  167 PBAR       -2212   1 115  23   0   0   -0.37   -0.48   50.1   50.1    0.94
  168 LAMBDA      3122 197 116  21 279 280   -6.53    3.05  -86.7   87.0    1.12
  169 DELTABR-   -2214 197 116  21 281 282   -3.85    2.45  -43.3   43.5    1.23
  170 PI+          211   1 117  21   0   0   -0.14    0.79   -5.3    5.3    0.14
  171 PI-         -211   1 117  21   0   0   -0.72    0.18  -15.7   15.7    0.14

                            ---H/W/Z BOSON DECAYS---  

 IHEP    ID      IDPDG IST MO1 MO2 DA1 DA2   P-X     P-Y     P-Z  ENERGY    MASS
  172 BQRK           5 123  20 173 174 173  -41.81  -88.48  -36.6  104.6    4.95
  173 BBAR          -5 124  20 172 179 172   -2.93 -257.30   73.3  267.6    4.95

                              ---PARTON SHOWERS---    

 IHEP    ID      IDPDG IST MO1 MO2 DA1 DA2   P-X     P-Y     P-Z  ENERGY    MASS
  174 BQRK          94 143 172  20 176 178  -41.82  -89.21  -36.4  105.4    8.28
  175 CONE           0 100 172 173   0   0    0.33   -0.65    0.7    1.0    0.00
  176 BQRK           5   2 174 177 181 180  -28.09  -56.23  -24.4   67.6    4.95
  177 GLUON         21   2 174 178 182 183   -8.93  -22.55   -8.8   25.8    0.75
  178 GLUON         21   2 174 180 184 185   -4.80  -10.43   -3.2   11.9    0.75
  179 BBAR          94 144 173  20 180 180   -2.92 -256.57   73.1  266.8    4.95
  180 BBAR          -5   2 179 181 186 185   -2.92 -256.57   73.1  266.8    4.95

                              ---GLUON SPLITTING---   

 IHEP    ID      IDPDG IST MO1 MO2 DA1 DA2   P-X     P-Y     P-Z  ENERGY    MASS
  181 BQRK           5 158 174 187 195 186  -27.68  -56.14  -24.2   67.3    4.95
  182 UBAR          -2 158 174 183 198 188   -2.38   -5.67   -2.3    6.6    0.32
  183 UQRK           2 158 174 184 196 182   -2.29   -5.98   -2.3    6.8    0.32
  184 DBAR          -1 158 174 185 196 183   -2.78   -6.25   -2.1    7.2    0.32
  185 DQRK           1 158 174 191 197 184   -0.92   -1.98   -0.5    2.3    0.32
  186 BBAR          -5 158 179 181 201 194   -2.57 -223.51   63.7  232.5    4.95
  187 UBAR          -2 159 174 188 195 181   -2.69   -6.48   -2.6    7.5    0.32
  188 UQRK           2 159 174 182 198 187   -1.97   -4.51   -1.8    5.3    0.32
  189 UBAR          -2 159 179 190 200 192   -0.13  -10.97    3.1   11.4    0.32
  190 UQRK           2 159 174 193 199 189   -0.69   -1.55   -0.4    1.8    0.32
  191 SBAR          -3 159 179 192 197 185   -0.10   -4.89    1.3    5.1    0.50
  192 SQRK           3 159 174 189 200 191   -0.31   -1.38    0.1    1.5    0.50
  193 UBAR          -2 159 179 194 199 190   -0.16  -13.85    3.9   14.4    0.32
  194 UQRK           2 159 174 186 201 193   -0.07   -2.62    0.7    2.7    0.32

                             ---CLUSTER FORMATION---  

 IHEP    ID      IDPDG IST MO1 MO2 DA1 DA2   P-X     P-Y     P-Z  ENERGY    MASS
  195 CLUS          91 183 181 187 202 203  -30.37  -62.62  -26.8   74.8    5.50
  196 CLUS          91 183 183 184 204 205   -5.08  -12.23   -4.4   14.0    0.81
  197 CLUS          91 183 185 191 206 207   -1.02   -6.87    0.9    7.4    2.27
  198 CLUS          91 183 188 182 208 209   -4.35  -10.18   -4.1   11.8    0.65
  199 CLUS          91 183 190 193 210 211   -0.85  -15.41    3.6   16.2    3.26
  200 CLUS          91 183 192 189 212 213   -0.43  -12.35    3.2   12.9    1.97
  201 CLUS          91 183 194 186 214 215   -2.63 -226.13   64.4  235.2    5.82

                              ---CLUSTER DECAYS---    

 IHEP    ID      IDPDG IST MO1 MO2 DA1 DA2   P-X     P-Y     P-Z  ENERGY    MASS
  202 B*-         -523 197 195 174 283 284  -29.48  -60.56  -25.9   72.4    5.32
  203 PI0          111   1 195 174   0   0   -0.89   -2.06   -0.8    2.4    0.13
  204 PI+          211   1 196 174   0   0   -2.23   -6.11   -1.9    6.8    0.14
  205 PI0          111   1 196 174   0   0   -2.85   -6.11   -2.5    7.2    0.13
  206 PI-         -211   1 197 174   0   0    0.25   -4.21    0.4    4.2    0.14
  207 K*+          323 197 197 174 285 286   -1.27   -2.65    0.5    3.1    0.89
  208 PI+          211   1 198 174   0   0   -1.49   -3.82   -1.3    4.3    0.14
  209 PI-         -211   1 198 174   0   0   -2.86   -6.36   -2.9    7.5    0.14
  210 A_2+         215 197 199 174 287 288   -1.64   -8.34    2.4    8.9    1.32
  211 RHO-        -213 197 199 174 289 290    0.78   -7.07    1.2    7.3    0.77
  212 K*BAR0      -313 197 200 174 291 292    0.10   -4.69    1.6    5.0    0.90
  213 RHO-        -213 197 200 174 293 294   -0.53   -7.66    1.6    7.9    0.77
  214 PI0          111   1 201 174   0   0   -0.03   -0.75    0.2    0.8    0.13
  215 B+           521 199 201 174 318 319   -2.60 -225.39   64.2  234.4    5.28

                           ---STRONG HADRON DECAYS--- 

 IHEP    ID      IDPDG IST MO1 MO2 DA1 DA2   P-X     P-Y     P-Z  ENERGY    MASS
  216 N           2112   1 118  10   0   0   -0.19   -0.23  791.1  791.1    0.94
  217 PI0          111   1 118  10   0   0    0.11   -0.26  416.5  416.5    0.13
  218 OMEGA        223 198 121  14 295 297    1.07    0.77  -27.1   27.2    0.78
  219 PI+          211   1 121  14   0   0   -0.10    0.32   -8.5    8.5    0.14
  220 RHO-        -213 198 122  14 298 299   -0.26    0.30  -52.6   52.6    0.77
  221 PI0          111   1 122  14   0   0    0.09    0.67  -29.5   29.5    0.13
  222 LAMBDA      3122 198 124  14 300 301   -0.02    0.63 -352.6  352.6    1.12
  223 PI-         -211   1 124  14   0   0    0.03    0.19 -118.8  118.8    0.14
  224 XIBAR+     -3312 198 125  14 302 303    0.49   -0.20 -546.2  546.2    1.32
  225 PI-         -211   1 125  14   0   0    0.00    0.11  -48.0   48.0    0.14
  226 N           2112   1 126  21   0   0  -27.74   13.92 -331.0  332.4    0.94
  227 PI-         -211   1 126  21   0   0   -0.95    0.45  -11.3   11.4    0.14
  228 NBAR       -2112   1 127  21   0   0   -5.18    2.73  -65.8   66.1    0.94
  229 PI0          111   1 127  21   0   0   -1.20    0.55  -12.1   12.2    0.13
  230 PI0          111   1 131  23   0   0    0.91    1.58   10.3   10.5    0.13
  231 PI0          111   1 131  23   0   0   13.88   16.30  130.7  132.4    0.13
  232 PI+          211   1 133  23   0   0    1.77    4.04   24.8   25.2    0.14
  233 PI-         -211   1 133  23   0   0    1.20    1.98   15.6   15.8    0.14
  234 PI+          211   1 134  23   0   0    1.86    5.23   29.7   30.2    0.14
  235 PI-         -211   1 134  23   0   0    0.81    2.95   13.9   14.3    0.14
  236 PI+          211   1 138  23   0   0   -0.21    4.25   18.1   18.6    0.14
  237 PI0          111   1 138  23   0   0   -0.05    0.20    0.7    0.7    0.13
  238 RHO-        -213 198 139  23 304 305    0.03    1.69    4.9    5.2    0.77
  239 PI+          211   1 139  23   0   0   -0.25    0.87    2.4    2.6    0.14
  240 PI0          111   1 139  23   0   0   -0.38    0.67    4.2    4.3    0.13
  241 P           2212   1 140  23   0   0   -4.68   20.94   64.1   67.6    0.94
  242 PI0          111   1 140  23   0   0   -0.41    2.79    8.3    8.7    0.13
  243 PBAR       -2212   1 141  23   0   0   -0.87    5.50   15.9   16.9    0.94
  244 PI-         -211   1 141  23   0   0   -0.04    0.27    0.6    0.7    0.14
  245 P           2212   1 142  23   0   0   -0.26    3.93   12.7   13.3    0.94
  246 PI+          211   1 142  23   0   0   -0.12    2.61    7.9    8.4    0.14
  247 PBAR       -2212   1 143  23   0   0    0.05    5.56   17.4   18.3    0.94
  248 PI-         -211   1 143  23   0   0    0.16    0.68    2.7    2.8    0.14
  249 PI-         -211   1 145  23   0   0    1.35   14.95   56.5   58.5    0.14
  250 PI0          111   1 145  23   0   0    0.50    2.55    9.5    9.8    0.13
  251 OMEGA        223 198 146  23 306 308    0.70   16.05   59.2   61.4    0.78
  252 PI+          211   1 146  23   0   0    0.45   10.98   42.6   44.0    0.14
  253 PI-         -211   1 148  23   0   0    0.18    0.55    2.7    2.8    0.14
  254 PI0          111   1 148  23   0   0   -0.42    1.89    5.9    6.2    0.13
  255 PI+          211   1 149  23   0   0    0.42    1.00    4.9    5.0    0.14
  256 PI-         -211   1 149  23   0   0    0.21    1.66    4.7    5.0    0.14
  257 PI+          211   1 150  23   0   0    0.44    0.32    1.8    1.9    0.14
  258 PI0          111   1 150  23   0   0   -0.25    0.49    1.5    1.6    0.13
  259 P           2212   1 155  14   0   0   -0.32   -0.03-2666.3 2666.3    0.94
  260 PI-         -211   1 155  14   0   0   -0.01   -0.02  -90.1   90.1    0.14
  261 P           2212   1 156  21   0   0  -13.30    7.09 -158.2  158.9    0.94
  262 PI+          211   1 156  21   0   0   -2.99    1.30  -33.6   33.8    0.14
  263 LAMBDABR   -3122 198 157  21 309 310   -5.83    2.99  -74.0   74.3    1.12
  264 PI-         -211   1 157  21   0   0   -2.56    1.11  -31.1   31.2    0.14
  265 RHO+         213 198 158  21 311 312   -1.83    0.91  -20.4   20.5    0.77
  266 PI0          111   1 158  21   0   0   -1.04    1.02  -17.2   17.2    0.13
  267 PI-         -211   1 159  21   0   0   -1.91    0.75  -19.8   19.9    0.14
  268 PI0          111   1 159  21   0   0   -1.06    0.53  -17.9   17.9    0.13
  269 PI+          211   1 161  23   0   0    0.05    1.23    3.7    3.9    0.14
  270 PI0          111   1 161  23   0   0   -1.00    3.39    9.7   10.4    0.13
  271 K+           321   1 162  23   0   0   -1.47    5.89   20.6   21.5    0.49
  272 PI-         -211   1 162  23   0   0   -0.13    0.45    2.2    2.3    0.14
  273 PI-         -211   1 164  23   0   0   -0.51   -0.02   51.8   51.8    0.14
  274 PI0          111   1 164  23   0   0   -0.57   -0.93  104.6  104.6    0.13
  275 PI+          211   1 165  23   0   0   -0.28    0.09   21.6   21.6    0.14
  276 PI0          111   1 165  23   0   0    0.17   -0.31   74.6   74.6    0.13
  277 P           2212   1 166  23   0   0    0.10    0.11   45.1   45.1    0.94
  278 PI+          211   1 166  23   0   0   -0.18    0.01    4.8    4.8    0.14
  279 P           2212   1 168  21   0   0   -5.67    2.57  -75.7   75.9    0.94
  280 PI-         -211   1 168  21   0   0   -0.86    0.48  -11.0   11.1    0.14
  281 NBAR       -2112   1 169  21   0   0   -2.59    1.49  -27.8   28.0    0.94
  282 PI-         -211   1 169  21   0   0   -1.26    0.97  -15.5   15.5    0.14
  283 B-          -521 199 202 174 352 353  -29.02  -59.64  -25.6   71.3    5.28
  284 GAMMA         22   1 202 174   0   0   -0.46   -0.92   -0.4    1.1    0.00
  285 K+           321   1 207 174   0   0   -0.79   -2.09    0.6    2.4    0.49
  286 PI0          111   1 207 174   0   0   -0.48   -0.56   -0.1    0.8    0.13
  287 RHO+         213 198 210 174 313 314   -0.63   -4.96    1.1    5.2    0.77
  288 PI0          111   1 210 174   0   0   -1.00   -3.37    1.2    3.7    0.13
  289 PI-         -211   1 211 174   0   0    0.77   -5.54    1.2    5.7    0.14
  290 PI0          111   1 211 174   0   0    0.01   -1.53    0.0    1.5    0.13
  291 KBAR0       -311 198 212 174 315 315   -0.03   -4.18    1.2    4.4    0.50
  292 PI0          111   1 212 174   0   0    0.12   -0.51    0.3    0.6    0.13
  293 PI-         -211   1 213 174   0   0    0.02   -3.10    0.4    3.1    0.14
  294 PI0          111   1 213 174   0   0   -0.55   -4.56    1.2    4.7    0.13
  295 PI+          211   1 218  14   0   0    0.16   -0.02   -4.5    4.5    0.14
  296 PI-         -211   1 218  14   0   0    0.74    0.80  -18.3   18.4    0.14
  297 PI0          111   1 218  14   0   0    0.16   -0.00   -4.2    4.2    0.13
  298 PI-         -211   1 220  14   0   0   -0.33    0.29  -50.2   50.2    0.14
  299 PI0          111   1 220  14   0   0    0.08    0.01   -2.4    2.5    0.13
  300 N           2112   1 222  14   0   0   -0.10    0.48 -280.6  280.6    0.94
  301 PI0          111   1 222  14   0   0    0.08    0.15  -72.0   72.0    0.13
  302 LAMBDABR   -3122 198 224  14 316 317    0.48   -0.18 -521.7  521.7    1.12
  303 PI+          211   1 224  14   0   0    0.01   -0.02  -24.5   24.5    0.14
  304 PI-         -211   1 238  23   0   0   -0.00    0.73    3.2    3.3    0.14
  305 PI0          111   1 238  23   0   0    0.03    0.96    1.7    2.0    0.13
  306 PI+          211   1 251  23   0   0    0.20    3.07   11.4   11.9    0.14
  307 PI-         -211   1 251  23   0   0    0.07    2.56    8.7    9.1    0.14
  308 PI0          111   1 251  23   0   0    0.43   10.41   39.1   40.5    0.13
  309 PBAR       -2212   1 263  21   0   0   -4.71    2.39  -60.6   60.9    0.94
  310 PI+          211   1 263  21   0   0   -1.13    0.60  -13.4   13.4    0.14
  311 PI+          211   1 265  21   0   0   -1.15    0.37   -8.8    8.9    0.14
  312 PI0          111   1 265  21   0   0   -0.68    0.54  -11.6   11.6    0.13
  313 PI+          211   1 287 174   0   0   -0.76   -3.62    0.7    3.8    0.14
  314 PI0          111   1 287 174   0   0    0.12   -1.34    0.4    1.4    0.13
  315 K_L0         130   1 291 174   0   0   -0.03   -4.18    1.2    4.4    0.50
  316 PBAR       -2212   1 302  14   0   0    0.34   -0.19 -462.7  462.7    0.94
  317 PI+          211   1 302  14   0   0    0.14    0.02  -58.9   58.9    0.14

                           ---HEAVY PARTICLE DECAYS---

 IHEP    ID      IDPDG IST MO1 MO2 DA1 DA2   P-X     P-Y     P-Z  ENERGY    MASS
  318 UQRK           2 125 215 322 323 322   -0.16  -13.66    3.9   14.2    0.32
  319 BBAR          -5 155 215 318 320 322   -2.44 -211.72   60.3  220.2    4.96
  320 CBAR          -4 123 319 321 324 321   -2.09 -190.76   53.5  198.1    1.55
  321 UQRK           2 124 319 320 326 320    0.09  -11.65    4.2   12.4    0.32
  322 DBAR          -1 124 319 319 328 319   -0.45   -9.31    2.6    9.7    0.32
  323 UQRK           2 160 318 332 335 332   -0.16  -13.66    3.9   14.2    0.32

                              ---PARTON SHOWERS---    

 IHEP    ID      IDPDG IST MO1 MO2 DA1 DA2   P-X     P-Y     P-Z  ENERGY    MASS
  324 CBAR          94 143 320 319 325 325   -2.09 -190.76   53.5  198.1    1.55
  325 CBAR          -4   2 324 327 330 327   -2.09 -190.76   53.5  198.1    1.55
  326 UQRK          94 144 321 319 327 327    0.09  -11.65    4.2   12.4    0.32
  327 UQRK           2   2 326 330 331 330    0.09  -11.65    4.2   12.4    0.32
  328 DBAR          94 144 322 319 329 329   -0.45   -9.31    2.6    9.7    0.32
  329 DBAR          -1   2 328 323 332 323   -0.45   -9.31    2.6    9.7    0.32

                              ---GLUON SPLITTING---   

 IHEP    ID      IDPDG IST MO1 MO2 DA1 DA2   P-X     P-Y     P-Z  ENERGY    MASS
  330 CBAR          -4 158 324 331 337 334   -1.86 -170.61   47.9  177.2    1.55
  331 UQRK           2 158 326 333 336 330   -0.04   -7.99    2.4    8.4    0.32
  332 DBAR          -1 158 328 323 335 323   -0.45   -9.31    2.6    9.7    0.32
  333 DBAR          -1 159 324 334 336 331   -0.15  -14.88    4.2   15.5    0.32
  334 DQRK           1 159 326 330 337 333    0.05   -8.93    3.2    9.5    0.32

                             ---CLUSTER FORMATION---  

 IHEP    ID      IDPDG IST MO1 MO2 DA1 DA2   P-X     P-Y     P-Z  ENERGY    MASS
  335 CLUS          91 183 323 332 338 339   -0.60  -22.97    6.4   23.9    0.78
  336 CLUS          91 183 331 333 340 341   -0.19  -22.88    6.7   23.8    0.70
  337 CLUS          91 183 334 330 342 343   -1.81 -179.54   51.1  186.7    3.50

                              ---CLUSTER DECAYS---    

 IHEP    ID      IDPDG IST MO1 MO2 DA1 DA2   P-X     P-Y     P-Z  ENERGY    MASS
  338 PI+          211   1 335 318   0   0   -0.07  -15.08    4.3   15.7    0.14
  339 PI0          111   1 335 318   0   0   -0.54   -7.89    2.1    8.2    0.13
  340 PI+          211   1 336 326   0   0    0.02   -3.78    1.3    4.0    0.14
  341 PI0          111   1 336 326   0   0   -0.21  -19.09    5.4   19.8    0.13
  342 F_2          225 197 337 326 344 345   -0.39  -44.56   12.9   46.4    1.27
  343 D*-         -413 197 337 326 346 347   -1.42 -134.97   38.1  140.3    2.01

                           ---STRONG HADRON DECAYS--- 

 IHEP    ID      IDPDG IST MO1 MO2 DA1 DA2   P-X     P-Y     P-Z  ENERGY    MASS
  344 K+           321   1 342 326   0   0   -0.55  -21.52    6.4   22.5    0.49
  345 K-          -321   1 342 326   0   0    0.17  -23.04    6.5   24.0    0.49
  346 D-          -411 198 343 326 348 350   -1.35 -124.90   35.3  129.8    1.87
  347 PI0          111   1 343 326   0   0   -0.07  -10.07    2.9   10.5    0.13
  348 NU_MUBAR     -14   1 346 326   0   0   -1.25  -81.67   23.1   84.9    0.00
  349 MU-           13   1 346 326   0   0   -0.19  -26.53    7.2   27.5    0.11
  350 K0           311 198 346 326 351 351    0.09  -16.70    5.0   17.4    0.50
  351 K_L0         130   1 350 326   0   0    0.09  -16.70    5.0   17.4    0.50

                           ---HEAVY PARTICLE DECAYS---

 IHEP    ID      IDPDG IST MO1 MO2 DA1 DA2   P-X     P-Y     P-Z  ENERGY    MASS
  352 BQRK           5 155 283 353 354 356  -27.27  -56.02  -24.0   67.0    4.96
  353 UBAR          -2 125 283 356 357 356   -1.76   -3.62   -1.6    4.3    0.32
  354 SQRK           3 123 352 355 358 355   -3.41   -8.76   -2.9    9.9    0.50
  355 CBAR          -4 124 352 354 360 354   -6.95  -13.93   -5.7   16.6    1.55
  356 CQRK           4 124 352 352 362 352  -16.91  -33.33  -15.4   40.5    1.55
  357 UBAR          -2 160 353 366 368 366   -1.76   -3.62   -1.6    4.3    0.32

                              ---PARTON SHOWERS---    

 IHEP    ID      IDPDG IST MO1 MO2 DA1 DA2   P-X     P-Y     P-Z  ENERGY    MASS
  358 SQRK          94 143 354 352 359 359   -3.41   -8.76   -2.9    9.9    0.50
  359 SQRK           3   2 358 361 364 361   -3.41   -8.76   -2.9    9.9    0.50
  360 CBAR          94 144 355 352 361 361   -6.95  -13.93   -5.7   16.6    1.55
  361 CBAR          -4   2 360 364 365 364   -6.95  -13.93   -5.7   16.6    1.55
  362 CQRK          94 144 356 352 363 363  -16.91  -33.33  -15.4   40.5    1.55
  363 CQRK           4   2 362 357 366 357  -16.91  -33.33  -15.4   40.5    1.55

                              ---GLUON SPLITTING---   

 IHEP    ID      IDPDG IST MO1 MO2 DA1 DA2   P-X     P-Y     P-Z  ENERGY    MASS
  364 SQRK           3 158 358 365 367 365   -3.41   -8.76   -2.9    9.9    0.50
  365 CBAR          -4 158 360 364 367 364   -6.95  -13.93   -5.7   16.6    1.55
  366 CQRK           4 158 362 357 368 357  -16.91  -33.33  -15.4   40.5    1.55

                             ---CLUSTER FORMATION---  

 IHEP    ID      IDPDG IST MO1 MO2 DA1 DA2   P-X     P-Y     P-Z  ENERGY    MASS
  367 CLUS          91 183 364 365 369 370  -10.29  -22.63   -8.5   26.4    2.47
  368 CLUS          91 183 366 357 371 371  -18.73  -37.01  -17.0   44.9    1.86

                              ---CLUSTER DECAYS---    

 IHEP    ID      IDPDG IST MO1 MO2 DA1 DA2   P-X     P-Y     P-Z  ENERGY    MASS
  369 K-          -321   1 367 358   0   0   -2.48   -6.10   -2.1    6.9    0.49
  370 DBAR0       -421 197 367 358 372 375   -7.81  -16.53   -6.4   19.5    1.86
  371 D0           421 196 368 362 376 379  -18.73  -37.01  -17.0   44.9    1.86

                           ---STRONG HADRON DECAYS--- 

 IHEP    ID      IDPDG IST MO1 MO2 DA1 DA2   P-X     P-Y     P-Z  ENERGY    MASS
  372 K0           311 198 370 358 380 380   -1.68   -3.31   -1.0    3.9    0.50
  373 PI-         -211   1 370 358   0   0   -3.30   -7.68   -3.3    9.0    0.14
  374 PI+          211   1 370 358   0   0   -1.57   -2.47   -0.9    3.1    0.14
  375 PI0          111   1 370 358   0   0   -1.26   -3.07   -1.2    3.5    0.13
  376 K-          -321   1 371 362   0   0   -4.26   -8.06   -3.3    9.7    0.49
  377 PI0          111   1 371 362   0   0   -6.17  -11.73   -6.0   14.5    0.13
  378 NU_MU         14   1 371 362   0   0   -4.58   -9.37   -4.1   11.2    0.00
  379 MU+          -13   1 371 362   0   0   -3.72   -7.86   -3.7    9.4    0.11
  380 K_S0         310 198 372 358 381 382   -1.68   -3.31   -1.0    3.9    0.50
  381 PI+          211   1 380 358   0   0   -0.88   -1.40   -0.6    1.8    0.14
  382 PI-         -211   1 380 358   0   0   -0.80   -1.90   -0.4    2.1    0.14



 EVENT       2: 6500.00 GEV/C P        ON  6500.00 GEV/C P        PROCESS:-18000
 SEEDS:    74054271 &   975362665   STATUS:  100 ERROR:   0  WEIGHT:  5.9363E-04


                               ---INITIAL STATE---    

 IHEP    ID      IDPDG IST MO1 MO2 DA1 DA2   P-X     P-Y     P-Z  ENERGY    MASS
    1 P           2212 101   0   0   0   0    0.00    0.00 6500.0 6500.0    0.94
    2 P           2212 102   0   0   0   0    0.00    0.00-6500.0 6500.0    0.94
    3 CMF            0 103   1   2   0   0    0.00    0.00    0.013000.013000.00

                              ---HARD SUBPROCESS---   

 IHEP    ID      IDPDG IST MO1 MO2 DA1 DA2   P-X     P-Y     P-Z  ENERGY    MASS
    4 DQRK           1 121   6   8  10   9    0.00    0.00  927.7  927.7    0.32
    5 UQRK           2 122   6   9  12   8    0.00    0.00 -758.5  758.5    0.32
    6 HARD           0 120   4   5   7   9    2.98    8.47  169.2 1686.3 1677.75
    7 HIGGS         25 123   6   7  22   7  130.24  220.67  -30.4  286.7  125.00
    8 DQRK           1 124   6   5  23   4   -5.42  -70.09 -585.9  590.1    0.32
    9 UQRK           2 124   6   4  29   5 -124.83 -150.58  785.5  809.5    0.32

                              ---PARTON SHOWERS---    

 IHEP    ID      IDPDG IST MO1 MO2 DA1 DA2   P-X     P-Y     P-Z  ENERGY    MASS
   10 DQRK          94 141   4   6  11  11    0.00    0.00  927.9  927.9    0.33
   11 UU          2203   2  10  25  39  38    0.00    0.00 5572.1 5572.1    0.32
   12 UQRK          94 142   5   6  14  21    2.98    8.47 -758.7  758.4  -24.05
   13 CONE           0 100   5   8   0   0   -0.08   -1.00   -6.4    6.5    0.00
   14 GLUON         21   2  12  15  40  41    0.89    1.85  -63.7   63.7    0.75
   15 GLUON         21   2  12  16  42  43    0.16    4.00  -74.2   74.3    0.75
   16 GLUON         21   2  12  17  44  45    1.17   -0.70 -487.6  487.7    0.75
   17 UD          2101   2  12  18  46  45    0.00    0.00-3790.9 3790.9    0.30
   18 UQRK           2   2  12  19  47  46    0.70    1.66 -223.2  223.2    0.32
   19 GLUON         21   2  12  20  48  49   -0.22    0.99 -100.1  100.1    0.75
   20 GLUON         21   2  12  21  50  51    0.58   -1.53 -146.4  146.4    0.75
   21 UBAR          -2   2  12  31  52  51   -6.26  -14.73 -855.2  855.4    0.32
   22 HIGGS         25 195   7   6 214 215  130.27  221.29  -30.3  287.2  125.00
   23 DQRK          94 144   8   6  25  28   -4.36  -66.88 -583.7  587.8   17.91
   24 CONE           0 100   8   5   0   0    0.03    0.39   -5.4    5.4    0.00
   25 DQRK           1   2  23  26  53  39    0.63   -4.30  -40.9   41.1    0.32
   26 GLUON         21   2  23  27  54  55   -6.19  -61.87 -509.1  512.8    0.75
   27 GLUON         21   2  23  28  56  57    0.60   -1.06  -22.9   22.9    0.75
   28 GLUON         21   2  23  40  58  59    0.60    0.35  -10.9   10.9    0.75
   29 UQRK          94 144   9   6  31  38 -122.93 -145.94  783.2  811.3   92.11
   30 CONE           0 100   9   4   0   0    0.18    0.21    3.1    3.1    0.00
   31 UQRK           2   2  29  32  60  52  -66.63  -40.63  234.7  247.3    0.32
   32 GLUON         21   2  29  33  61  62  -31.54  -18.32  114.6  120.2    0.75
   33 GLUON         21   2  29  34  63  64   -3.32  -15.46   51.9   54.2    0.75
   34 GLUON         21   2  29  35  65  66   -3.58  -11.26   39.9   41.6    0.75
   35 GLUON         21   2  29  36  67  68   -3.12  -10.79   67.8   68.7    0.75
   36 GLUON         21   2  29  37  69  70   -7.09  -23.63  124.5  126.9    0.75
   37 GLUON         21   2  29  38  71  72   -2.48  -10.20   60.5   61.4    0.75
   38 GLUON         21   2  29  39  73  74   -5.16  -15.66   89.4   90.9    0.75

                              ---GLUON SPLITTING---   

 IHEP    ID      IDPDG IST MO1 MO2 DA1 DA2   P-X     P-Y     P-Z  ENERGY    MASS
   39 UU          2203 161  10  53 128  78   -0.00   -0.00 1756.8 1756.8    0.64
   40 UBAR          -2 158  12  41 118  59    0.28    0.44  -16.2   16.2    0.32
   41 UQRK           2 158  12  42 109  40    0.61    1.41  -47.4   47.5    0.32
   42 DBAR          -1 158  12  43 109  41    0.19    1.57  -27.1   27.2    0.32
   43 DQRK           1 158  12  79 110  42   -0.02    1.93  -37.8   37.8    0.32
   44 DBAR          -1 158  12  45 129  80    0.36   -0.34 -217.6  217.6    0.32
   45 DQRK           1 158  12  75 111  44    0.59   -0.24 -199.7  199.7    0.32
   46 UD          2101 162  12  47 127  76    0.04   -0.02-2065.0 2065.0    0.64
   47 UQRK           2 158  12  48 112  46    0.70    1.66 -223.2  223.2    0.32
   48 UBAR          -2 158  12  49 112  47   -0.15    0.65  -46.9   46.9    0.32
   49 UQRK           2 158  12  50 113  48   -0.06    0.34  -53.2   53.2    0.32
   50 DBAR          -1 158  12  51 113  49    0.12   -0.34  -35.9   35.9    0.32
   51 DQRK           1 158  12  81 114  50    0.41   -1.11 -102.3  102.3    0.32
   52 UBAR          -2 158  12  60 130  82   -3.27   -7.70 -447.7  447.8    0.32
   53 DQRK           1 158  23  54 115  39    0.63   -4.30  -40.9   41.1    0.32
   54 UBAR          -2 158  23  55 115  53   -2.98  -27.92 -230.4  232.1    0.32
   55 UQRK           2 158  23  83 116  54   -2.84  -30.06 -246.8  248.6    0.32
   56 DBAR          -1 158  23  57 131  84    0.14   -0.24   -7.3    7.3    0.32
   57 DQRK           1 158  23  58 117  56    0.42   -0.83  -14.3   14.3    0.32
   58 UBAR          -2 158  23  59 117  57    0.22   -0.04   -4.1    4.1    0.32
   59 UQRK           2 158  23  40 118  58    0.39    0.39   -6.7    6.8    0.32
   60 UQRK           2 158  29  61 119  52  -66.63  -40.63  234.7  247.3    0.32
   61 DBAR          -1 158  29  62 119  60  -11.89   -6.77   43.4   45.5    0.32
   62 DQRK           1 158  29  87 120  61   -9.18   -5.40   33.3   34.9    0.32
   63 UBAR          -2 158  29  64 139 100   -1.40   -6.49   21.3   22.3    0.32
   64 UQRK           2 158  29  65 121  63   -1.39   -6.43   22.2   23.2    0.32
   65 UBAR          -2 158  29  66 121  64   -2.66   -8.03   28.3   29.6    0.32
   66 UQRK           2 158  29  67 122  65   -0.93   -3.23   11.6   12.1    0.32
   67 DBAR          -1 158  29  68 122  66   -2.07   -6.57   41.1   41.7    0.32
   68 DQRK           1 158  29  69 123  67   -1.05   -4.22   26.6   27.0    0.32
   69 DBAR          -1 158  29  70 123  68   -5.09  -17.20   90.2   91.9    0.32
   70 DQRK           1 158  29  71 124  69   -2.01   -6.43   34.3   35.0    0.32
   71 UBAR          -2 158  29  72 124  70   -1.21   -4.20   24.9   25.3    0.32
   72 UQRK           2 158  29  73 125  71   -1.28   -6.00   35.6   36.1    0.32
   73 DBAR          -1 158  29  74 125  72   -2.86   -9.27   52.4   53.3    0.32
   74 DQRK           1 158  29  97 126  73   -1.49   -4.14   24.0   24.4    0.32
   75 DBAR          -1 159  12  76 111  45    0.01   -0.01-1489.6 1489.6    0.32
   76 DQRK           1 159  12  46 127  75    0.10   -0.04 -269.6  269.6    0.32
   77 DBAR          -1 159  10  78 143 108   -0.00   -0.00  882.8  882.8    0.32
   78 DQRK           1 159  29  39 128  77   -0.00   -0.01   48.4   48.4    0.32
   79 SBAR          -3 159  12  80 110  43    0.02    0.26  -21.3   21.3    0.50
   80 SQRK           3 159  12  44 129  79    0.03    0.18  -25.0   25.0    0.50
   81 DBAR          -1 159  12  82 114  51   -2.36   -5.57 -324.3  324.3    0.32
   82 DQRK           1 159  12  52 130  81   -0.59   -1.53  -91.4   91.4    0.32
   83 UBAR          -2 159  23  84 116  55   -0.04   -0.81   -7.7    7.8    0.32
   84 UQRK           2 159  23  56 131  83   -0.28   -3.06  -25.4   25.6    0.32
   85 SBAR          -3 159  29  86 133  88   -0.54   -1.73    6.0    6.3    0.50
   86 SQRK           3 159  29  99 132  85   -4.10   -2.48   15.0   15.8    0.50
   87 UBAR          -2 159  29  88 120  62   -1.39   -0.90    5.3    5.5    0.32
   88 UQRK           2 159  29  85 133  87   -1.97   -1.22    7.3    7.7    0.32
   89 UBAR          -2 159  10  90 142 106   -0.00   -0.00  644.5  644.5    0.32
   90 UQRK           2 159  29 103 134  89   -0.02   -0.07    8.2    8.2    0.32
   91 SBAR          -3 159  10  92 136  94   -0.00   -0.00  331.6  331.6    0.50
   92 SQRK           3 159  29 105 135  91   -0.11   -0.31    5.9    5.9    0.50
   93 UBAR          -2 159  10  94 137  96   -0.00   -0.01   80.0   80.0    0.32
   94 UQRK           2 159  29  91 136  93   -0.01   -0.04   15.2   15.2    0.32
   95 DBAR          -1 159  10  96 138  98   -0.01   -0.02   22.2   22.2    0.32
   96 DQRK           1 159  29  93 137  95   -0.21   -0.59    4.3    4.4    0.32
   97 DBAR          -1 159  10  98 126  74   -0.08   -0.23    3.6    3.6    0.32
   98 DQRK           1 159  29  95 138  97   -0.33   -0.91    5.8    5.9    0.32
   99 SBAR          -3 159  29 100 132  86   -0.71   -0.89    3.9    4.1    0.50
  100 SQRK           3 159  29  63 139  99   -2.30   -1.48    8.7    9.1    0.50
  101 UBAR          -2 159  10 102 141 104   -0.00   -0.00  276.8  276.8    0.32
  102 UQRK           2 159  29 107 140 101   -0.01   -0.04   14.0   14.0    0.32
  103 DBAR          -1 159  10 104 134  90   -0.00   -0.00  487.0  487.0    0.32
  104 DQRK           1 159  29 101 141 103   -0.00   -0.01   46.4   46.4    0.32
  105 UBAR          -2 159  10 106 135  92   -0.00   -0.00  150.1  150.1    0.32
  106 UQRK           2 159  29  89 142 105   -0.00   -0.00  310.6  310.6    0.32
  107 DBAR          -1 159  10 108 140 102   -0.00   -0.00  413.8  413.8    0.32
  108 DQRK           1 159  29  77 143 107   -0.00   -0.01   76.8   76.8    0.32

                             ---CLUSTER FORMATION---  

 IHEP    ID      IDPDG IST MO1 MO2 DA1 DA2   P-X     P-Y     P-Z  ENERGY    MASS
  109 CLUS          91 183  41  42 144 145    0.79    2.98  -74.6   74.7    1.23
  110 CLUS          91 183  43  79 146 147    0.00    2.19  -59.1   59.1    1.45
  111 CLUS          91 183  45  75 148 149    0.61   -0.24-1689.3 1689.3    2.00
  112 CLUS          91 183  47  48 150 151    0.55    2.31 -270.1  270.1    1.25
  113 CLUS          91 183  49  50 152 153    0.05   -0.00  -89.2   89.2    0.97
  114 CLUS          91 183  51  81 154 155   -1.94   -6.68 -426.6  426.6    2.48
  115 CLUS          91 183  53  54 156 157   -2.35  -32.22 -271.2  273.2    3.28
  116 CLUS          91 183  55  83 158 159   -2.89  -30.87 -254.5  256.4    2.02
  117 CLUS          91 183  57  58 160 161    0.63   -0.87  -18.4   18.5    0.87
  118 CLUS          91 183  59  40 162 163    0.67    0.83  -23.0   23.0    0.88
  119 CLUS          91 183  60  61 164 165  -78.52  -47.40  278.1  292.8    2.11
  120 CLUS          91 183  62  87 166 167  -10.57   -6.31   38.5   40.5    0.95
  121 CLUS          91 183  64  65 168 169   -4.04  -14.45   50.5   52.7    1.03
  122 CLUS          91 183  66  67 170 171   -3.00   -9.80   52.7   53.8    2.73
  123 CLUS          91 183  68  69 172 173   -6.13  -21.42  116.8  118.9    1.93
  124 CLUS          91 183  70  71 174 175   -3.21  -10.63   59.2   60.3    0.89
  125 CLUS          91 183  72  73 176 177   -4.14  -15.27   88.0   89.4    1.09
  126 CLUS          91 183  74  97 178 179   -1.57   -4.36   27.6   28.0    1.44
  127 CLUS          91 185  76  46 180 181    0.14   -0.06-2334.6 2334.6    1.19
  128 CLUS          91 184  78  39 182 183   -0.00   -0.01 1805.2 1805.2    2.06
  129 CLUS          91 183  80  44 184 185    0.39   -0.16 -242.7  242.7    1.72
  130 CLUS          91 183  82  52 186 187   -3.86   -9.24 -539.1  539.2    0.87
  131 CLUS          91 183  84  56 188 189   -0.14   -3.30  -32.7   32.9    1.48
  132 CLUS          91 183  86  99 190 191   -4.81   -3.37   19.0   19.9    1.50
  133 CLUS          91 183  88  85 192 193   -2.51   -2.95   13.3   14.0    1.67
  134 CLUS          91 183  90 103 194 195   -0.02   -0.07  495.2  495.2    2.56
  135 CLUS          91 183  92 105 196 197   -0.11   -0.32  156.0  156.0    3.08
  136 CLUS          91 183  94  91 198 199   -0.01   -0.04  346.9  346.9    1.62
  137 CLUS          91 183  96  93 200 201   -0.22   -0.60   84.3   84.4    3.07
  138 CLUS          91 183  98  95 202 203   -0.34   -0.93   28.1   28.2    2.03
  139 CLUS          91 183 100  63 204 205   -3.70   -7.96   30.0   31.5    3.42
  140 CLUS          91 183 102 107 206 207   -0.01   -0.04  427.9  427.9    1.81
  141 CLUS          91 183 104 101 208 209   -0.00   -0.01  323.2  323.2    0.91
  142 CLUS          91 183 106  89 210 211   -0.00   -0.00  955.1  955.1    0.68
  143 CLUS          91 183 108  77 212 213   -0.00   -0.01  959.7  959.7    1.18

                              ---CLUSTER DECAYS---    

 IHEP    ID      IDPDG IST MO1 MO2 DA1 DA2   P-X     P-Y     P-Z  ENERGY    MASS
  144 PI+          211   1 109  12   0   0    0.34    0.71  -26.4   26.4    0.14
  145 RHO0         113 197 109  12 262 263    0.45    2.27  -48.2   48.3    0.77
  146 PI-         -211   1 110  12   0   0    0.05   -0.06   -1.7    1.7    0.14
  147 K*+          323 197 110  12 264 265   -0.05    2.25  -57.3   57.4    0.89
  148 PI-         -211   1 111  12   0   0   -0.15    0.27 -405.1  405.1    0.14
  149 A_0(H)+    10211 197 111  12 266 267    0.76   -0.51-1284.1 1284.1    1.47
  150 RHO+         213 197 112  12 268 269    0.67    1.92 -245.3  245.3    0.77
  151 PI-         -211   1 112  12   0   0   -0.12    0.38  -24.7   24.7    0.14
  152 OMEGA        223 197 113  12 270 272   -0.07    0.02  -73.1   73.1    0.78
  153 PI+          211   1 113  12   0   0    0.12   -0.02  -16.1   16.1    0.14
  154 A_2-        -215 197 114  12 273 274   -1.45   -3.63 -209.8  209.8    1.32
  155 RHO+         213 197 114  12 275 276   -0.49   -3.05 -216.8  216.8    0.77
  156 DELTA0      2114 197 115  23 277 278    0.04   -8.16  -71.8   72.3    1.23
  157 DELTABR-   -2214 197 115  23 279 280   -2.39  -24.06 -199.4  200.9    1.23
  158 A_10       20113 197 116  23 281 282   -1.27  -12.49 -105.4  106.2    1.23
  159 PI0          111   1 116  23   0   0   -1.62  -18.38 -149.1  150.3    0.13
  160 PI0          111   1 117  23   0   0    0.23   -0.35  -13.4   13.4    0.13
  161 PI-         -211   1 117  23   0   0    0.40   -0.51   -5.0    5.1    0.14
  162 PI+          211   1 118  23   0   0    0.79    0.51  -13.0   13.0    0.14
  163 PI-         -211   1 118  23   0   0   -0.12    0.31  -10.0   10.0    0.14
  164 A_1+       20213 197 119  29 283 284  -55.77  -33.79  197.1  207.6    1.23
  165 OMEGA        223 197 119  29 285 287  -22.75  -13.61   81.0   85.2    0.78
  166 PI-         -211   1 120  29   0   0   -7.80   -4.89   27.7   29.2    0.14
  167 PI0          111   1 120  29   0   0   -2.77   -1.41   10.9   11.3    0.13
  168 PI+          211   1 121  29   0   0   -0.61   -2.10    6.8    7.1    0.14
  169 RHO-        -213 197 121  29 288 289   -3.44  -12.35   43.7   45.6    0.77
  170 OMEGA_3      227 197 122  29 290 291   -1.82   -4.86   28.6   29.2    1.67
  171 RHO+         213 197 122  29 292 293   -1.17   -4.95   24.1   24.6    0.77
  172 B_10       10113 197 123  29 294 295   -3.33  -12.37   68.5   69.7    1.23
  173 ETA          221 197 123  29 296 298   -2.80   -9.04   48.3   49.3    0.55
  174 PI0          111   1 124  29   0   0   -2.36   -6.44   35.8   36.5    0.13
  175 PI-         -211   1 124  29   0   0   -0.86   -4.19   23.4   23.8    0.14
  176 PI+          211   1 125  29   0   0   -0.05   -0.85    5.4    5.5    0.14
  177 PI0          111   1 125  29   0   0   -4.09  -14.42   82.6   83.9    0.13
  178 PI-         -211   1 126  29   0   0   -0.40   -0.95    5.6    5.7    0.14
  179 B_1+       10213 197 126  29 299 300   -1.17   -3.41   22.0   22.4    1.23
  180 PI0          111   1 127  12   0   0   -0.15   -0.06 -551.0  551.0    0.13
  181 N           2112   1 127  12   0   0    0.29    0.00-1783.6 1783.6    0.94
  182 RHO-        -213 197 128  29 301 302    0.19   -0.15  736.9  736.9    0.77
  183 DELTA++     2224 197 128  29 303 304   -0.19    0.13 1068.3 1068.3    1.23
  184 K*-         -323 197 129  12 305 306   -0.36   -0.07 -158.3  158.3    0.89
  185 PI+          211   1 129  12   0   0    0.75   -0.10  -84.4   84.4    0.14
  186 PI0          111   1 130  12   0   0   -0.06   -0.30  -20.4   20.4    0.13
  187 PI-         -211   1 130  12   0   0   -3.80   -8.93 -518.7  518.8    0.14
  188 PI+          211   1 131  23   0   0    0.26   -0.97   -6.1    6.2    0.14
  189 OMEGA        223 197 131  23 307 308   -0.40   -2.34  -26.6   26.7    0.78
  190 K-          -321   1 132  29   0   0   -2.16   -1.28    8.6    9.0    0.49
  191 K*+          323 197 132  29 309 310   -2.64   -2.09   10.4   10.9    0.89
  192 RHO0         113 197 133  29 311 312   -0.98   -1.45    7.8    8.0    0.77
  193 K+           321   1 133  29   0   0   -1.53   -1.49    5.5    5.9    0.49
  194 A_1+       20213 197 134  29 313 314    0.02    0.56  181.6  181.6    1.23
  195 RHO0         113 197 134  29 315 316   -0.04   -0.63  313.6  313.6    0.77
  196 KL_1-     -10323 197 135  29 317 318    0.24    0.34   81.2   81.2    1.57
  197 F_2          225 197 135  29 319 320   -0.35   -0.65   74.8   74.8    1.27
  198 PI+          211   1 136  29   0   0    0.58    0.36  113.4  113.4    0.14
  199 K0           311 197 136  29 321 321   -0.60   -0.40  233.5  233.5    0.50
  200 DELTA+      2214 197 137  29 322 323   -0.83    0.26   39.6   39.6    1.23
  201 DLTABR--   -2224 197 137  29 324 325    0.61   -0.86   44.7   44.7    1.23
  202 P           2212   1 138  29   0   0   -0.31   -0.22    9.7    9.7    0.94
  203 PBAR       -2212   1 138  29   0   0   -0.02   -0.71   18.4   18.4    0.94
  204 KL_1-     -10323 197 139  29 326 327   -1.16   -4.75   16.3   17.1    1.57
  205 F_2          225 197 139  29 328 331   -2.53   -3.21   13.7   14.4    1.27
  206 RHO0         113 197 140  29 332 333   -0.06   -0.03  102.5  102.5    0.77
  207 RHO+         213 197 140  29 334 335    0.05   -0.01  325.4  325.4    0.77
  208 PI-         -211   1 141  29   0   0    0.10    0.09  306.7  306.7    0.14
  209 PI0          111   1 141  29   0   0   -0.11   -0.10   16.5   16.5    0.13
  210 PI+          211   1 142  29   0   0   -0.14   -0.27  550.9  550.9    0.14
  211 PI-         -211   1 142  29   0   0    0.14    0.27  404.2  404.2    0.14
  212 PI0          111   1 143  29   0   0   -0.01   -0.05   26.5   26.5    0.13
  213 OMEGA        223 197 143  29 336 338    0.01    0.04  933.2  933.2    0.78

                            ---H/W/Z BOSON DECAYS---  

 IHEP    ID      IDPDG IST MO1 MO2 DA1 DA2   P-X     P-Y     P-Z  ENERGY    MASS
  214 BQRK           5 123  22 215 216 215   79.17  174.50  -73.6  205.3    4.95
  215 BBAR          -5 124  22 214 222 214   51.09   46.79   43.3   81.9    4.95

                              ---PARTON SHOWERS---    

 IHEP    ID      IDPDG IST MO1 MO2 DA1 DA2   P-X     P-Y     P-Z  ENERGY    MASS
  216 BQRK          94 143 214  22 218 221   81.52  176.63  -71.6  209.1   27.24
  217 CONE           0 100 214 215   0   0    0.88    0.98    0.5    1.4    0.00
  218 BQRK           5   2 216 219 224 223   71.04  134.30  -60.0  163.4    4.95
  219 GLUON         21   2 216 220 225 226    1.73    8.34   -1.8    8.7    0.75
  220 GLUON         21   2 216 221 227 228    7.83   19.27   -6.2   21.7    0.75
  221 GLUON         21   2 216 223 229 230    0.91   14.71   -3.7   15.2    0.75
  222 BBAR          94 144 215  22 223 223   48.75   44.66   41.3   78.1    4.95
  223 BBAR          -5   2 222 224 231 230   48.75   44.66   41.3   78.1    4.95

                              ---GLUON SPLITTING---   

 IHEP    ID      IDPDG IST MO1 MO2 DA1 DA2   P-X     P-Y     P-Z  ENERGY    MASS
  224 BQRK           5 158 216 234 240 231   62.37  118.09  -52.6  143.6    4.95
  225 DBAR          -1 158 216 226 244 233    0.52    2.65   -0.5    2.8    0.32
  226 DQRK           1 158 216 227 241 225    1.06    4.60   -1.2    4.9    0.32
  227 DBAR          -1 158 216 228 241 226    5.23   12.70   -3.9   14.3    0.32
  228 DQRK           1 158 216 229 242 227    2.60    6.57   -2.2    7.4    0.32
  229 UBAR          -2 158 216 230 242 228    0.18    4.64   -1.1    4.8    0.32
  230 UQRK           2 158 216 236 243 229    0.70    9.62   -2.5   10.0    0.32
  231 BBAR          -5 158 222 224 247 239   45.51   41.72   38.6   73.0    4.95
  232 SBAR          -3 159 216 233 245 235    2.05    4.11   -1.7    4.9    0.50
  233 SQRK           3 159 216 225 244 232    1.90    3.85   -1.6    4.6    0.50
  234 DBAR          -1 159 216 235 240 224    1.79    3.48   -1.5    4.2    0.32
  235 DQRK           1 159 216 232 245 234    3.08    5.87   -2.6    7.1    0.32
  236 UBAR          -2 159 222 237 243 230    0.58    0.62    0.5    1.0    0.32
  237 UQRK           2 159 216 238 246 236    0.26    0.46    0.1    0.6    0.32
  238 DBAR          -1 159 222 239 246 237    1.15    1.09    1.0    1.9    0.32
  239 DQRK           1 159 216 231 247 238    1.29    1.21    1.1    2.1    0.32

                             ---CLUSTER FORMATION---  

 IHEP    ID      IDPDG IST MO1 MO2 DA1 DA2   P-X     P-Y     P-Z  ENERGY    MASS
  240 CLUS          91 183 224 234 248 248   64.12  121.45  -54.1  147.7    5.28
  241 CLUS          91 183 226 227 249 250    6.33   17.42   -5.1   19.3    1.54
  242 CLUS          91 183 228 229 251 252    2.78   11.21   -3.3   12.2    2.08
  243 CLUS          91 183 230 236 253 254    1.28   10.25   -2.0   11.0    3.17
  244 CLUS          91 183 233 225 255 256    2.42    6.50   -2.1    7.4    1.38
  245 CLUS          91 183 235 232 257 258    5.13    9.97   -4.3   12.1    0.90
  246 CLUS          91 183 237 238 259 260    1.35    1.51    1.0    2.4    0.84
  247 CLUS          91 183 239 231 261 261   46.85   42.98   39.7   75.1    5.28

                              ---CLUSTER DECAYS---    

 IHEP    ID      IDPDG IST MO1 MO2 DA1 DA2   P-X     P-Y     P-Z  ENERGY    MASS
  248 B_DBAR0     -511 200 240 216 339 339   64.12  121.45  -54.1  147.7    5.28
  249 HL_10      10223 197 241 216 340 341    5.78   16.44   -4.7   18.1    1.17
  250 PI0          111   1 241 216   0   0    0.55    0.98   -0.4    1.2    0.13
  251 B_1-      -10213 197 242 216 342 343    1.45    6.36   -1.6    6.8    1.23
  252 RHO0         113 197 242 216 344 345    1.33    4.85   -1.7    5.4    0.77
  253 XI0         3322 197 243 216 346 347    0.87    3.77   -1.3    4.3    1.31
  254 XI*BAR     -3324 197 243 216 348 349    0.41    6.47   -0.7    6.7    1.53
  255 K-          -321   1 244 216   0   0    0.80    1.22   -0.6    1.6    0.49
  256 PI+          211   1 244 216   0   0    1.62    5.29   -1.5    5.7    0.14
  257 PI-         -211   1 245 216   0   0    1.75    2.81   -1.4    3.6    0.14
  258 K+           321   1 245 216   0   0    3.38    7.16   -3.0    8.5    0.49
  259 PI+          211   1 246 216   0   0    0.48    0.13    0.1    0.5    0.14
  260 PI0          111   1 246 216   0   0    0.87    1.38    1.0    1.9    0.13
  261 B_D0         511 200 247 216 350 350   46.85   42.98   39.7   75.1    5.28

                           ---STRONG HADRON DECAYS--- 

 IHEP    ID      IDPDG IST MO1 MO2 DA1 DA2   P-X     P-Y     P-Z  ENERGY    MASS
  262 PI+          211   1 145  12   0   0    0.61    2.01  -40.4   40.5    0.14
  263 PI-         -211   1 145  12   0   0   -0.15    0.27   -7.8    7.8    0.14
  264 K0           311 198 147  12 351 351   -0.30    1.20  -31.2   31.2    0.50
  265 PI+          211   1 147  12   0   0    0.25    1.05  -26.2   26.2    0.14
  266 PI+          211   1 149  12   0   0    0.30   -0.87 -736.1  736.1    0.14
  267 ETA          221 198 149  12 352 354    0.46    0.36 -548.0  548.0    0.55
  268 PI+          211   1 150  12   0   0   -0.00    0.88  -79.8   79.8    0.14
  269 PI0          111   1 150  12   0   0    0.67    1.05 -165.6  165.6    0.13
  270 PI+          211   1 152  12   0   0    0.04    0.01  -18.4   18.4    0.14
  271 PI-         -211   1 152  12   0   0   -0.16   -0.24  -21.7   21.7    0.14
  272 PI0          111   1 152  12   0   0    0.05    0.25  -33.0   33.0    0.13
  273 RHO-        -213 198 154  12 355 356   -0.74   -2.93 -160.2  160.2    0.77
  274 PI0          111   1 154  12   0   0   -0.71   -0.70  -49.6   49.6    0.13
  275 PI+          211   1 155  12   0   0   -0.07   -0.30  -40.2   40.2    0.14
  276 PI0          111   1 155  12   0   0   -0.43   -2.75 -176.5  176.6    0.13
  277 N           2112   1 156  23   0   0   -0.02   -4.93  -43.3   43.6    0.94
  278 PI0          111   1 156  23   0   0    0.06   -3.23  -28.5   28.7    0.13
  279 PBAR       -2212   1 157  23   0   0   -2.12  -20.55 -171.9  173.2    0.94
  280 PI0          111   1 157  23   0   0   -0.27   -3.52  -27.5   27.7    0.13
  281 RHO+         213 198 158  23 357 358   -1.05  -11.86  -99.6  100.3    0.77
  282 PI-         -211   1 158  23   0   0   -0.23   -0.63   -5.8    5.8    0.14
  283 RHO+         213 198 164  29 359 360  -36.47  -22.42  130.1  137.0    0.77
  284 PI0          111   1 164  29   0   0  -19.30  -11.37   67.0   70.6    0.13
  285 PI+          211   1 165  29   0   0   -9.62   -5.65   33.5   35.3    0.14
  286 PI-         -211   1 165  29   0   0   -5.49   -3.43   20.6   21.6    0.14
  287 PI0          111   1 165  29   0   0   -7.65   -4.52   27.0   28.4    0.13
  288 PI-         -211   1 169  29   0   0   -1.19   -3.61   12.0   12.6    0.14
  289 PI0          111   1 169  29   0   0   -2.25   -8.74   31.7   33.0    0.13
  290 RHO0         113 198 170  29 361 362   -1.61   -2.91   15.8   16.2    0.77
  291 PI0          111   1 170  29   0   0   -0.21   -1.95   12.8   13.0    0.13
  292 PI+          211   1 171  29   0   0   -0.49   -0.93    5.4    5.5    0.14
  293 PI0          111   1 171  29   0   0   -0.68   -4.01   18.6   19.1    0.13
  294 OMEGA        223 198 172  29 363 365   -2.53  -10.40   56.3   57.3    0.78
  295 PI0          111   1 172  29   0   0   -0.80   -1.97   12.2   12.4    0.13
  296 PI0          111   1 173  29   0   0   -0.46   -1.65    8.6    8.7    0.13
  297 PI0          111   1 173  29   0   0   -1.94   -6.14   33.2   33.9    0.13
  298 PI0          111   1 173  29   0   0   -0.40   -1.25    6.5    6.7    0.13
  299 OMEGA        223 198 179  29 366 368   -0.78   -3.01   17.6   17.9    0.78
  300 PI+          211   1 179  29   0   0   -0.39   -0.40    4.4    4.5    0.14
  301 PI-         -211   1 182  29   0   0   -0.21    0.00  114.2  114.2    0.14
  302 PI0          111   1 182  29   0   0    0.40   -0.15  622.7  622.7    0.13
  303 P           2212   1 183  29   0   0   -0.30    0.28  861.4  861.4    0.94
  304 PI+          211   1 183  29   0   0    0.11   -0.15  207.0  207.0    0.14
  305 KBAR0       -311 198 184  12 369 369   -0.10    0.09 -127.9  127.9    0.50
  306 PI-         -211   1 184  12   0   0   -0.27   -0.16  -30.4   30.4    0.14
  307 PI+          211   1 189  23   0   0   -0.61   -1.78  -20.2   20.3    0.14
  308 PI-         -211   1 189  23   0   0    0.21   -0.56   -6.4    6.5    0.14
  309 K0           311 198 191  29 370 370   -1.28   -1.24    4.9    5.2    0.50
  310 PI+          211   1 191  29   0   0   -1.37   -0.86    5.5    5.7    0.14
  311 PI+          211   1 192  29   0   0   -0.57   -1.30    5.2    5.4    0.14
  312 PI-         -211   1 192  29   0   0   -0.41   -0.16    2.6    2.6    0.14
  313 RHO0         113 198 194  29 371 372   -0.20    0.66  122.4  122.5    0.77
  314 PI+          211   1 194  29   0   0    0.22   -0.10   59.2   59.2    0.14
  315 PI+          211   1 195  29   0   0   -0.11   -0.15   24.4   24.4    0.14
  316 PI-         -211   1 195  29   0   0    0.07   -0.48  289.2  289.2    0.14
  317 K*BAR0      -313 198 196  29 373 374   -0.00    0.10   75.0   75.0    0.90
  318 PI-         -211   1 196  29   0   0    0.24    0.24    6.2    6.2    0.14
  319 PI+          211   1 197  29   0   0   -0.80   -0.56   51.7   51.7    0.14
  320 PI-         -211   1 197  29   0   0    0.45   -0.09   23.1   23.1    0.14
  321 K_L0         130   1 199  29   0   0   -0.60   -0.40  233.5  233.5    0.50
  322 P           2212   1 200  29   0   0   -0.46    0.21   24.0   24.0    0.94
  323 PI0          111   1 200  29   0   0   -0.37    0.05   15.6   15.6    0.13
  324 PBAR       -2212   1 201  29   0   0    0.64   -0.74   42.6   42.6    0.94
  325 PI-         -211   1 201  29   0   0   -0.02   -0.12    2.1    2.1    0.14
  326 K*-         -323 198 204  29 375 376   -0.95   -3.89   14.6   15.2    0.89
  327 PI0          111   1 204  29   0   0   -0.21   -0.86    1.7    1.9    0.13
  328 PI+          211   1 205  29   0   0   -0.18   -0.13    0.7    0.7    0.14
  329 PI-         -211   1 205  29   0   0   -0.87   -1.76    6.5    6.7    0.14
  330 PI0          111   1 205  29   0   0   -1.18   -0.85    5.0    5.2    0.13
  331 PI0          111   1 205  29   0   0   -0.31   -0.48    1.5    1.7    0.13
  332 PI+          211   1 206  29   0   0    0.30    0.07   34.3   34.3    0.14
  333 PI-         -211   1 206  29   0   0   -0.37   -0.10   68.1   68.1    0.14
  334 PI+          211   1 207  29   0   0    0.06   -0.12  307.6  307.6    0.14
  335 PI0          111   1 207  29   0   0   -0.02    0.11   17.8   17.8    0.13
  336 PI+          211   1 213  29   0   0   -0.22    0.13  237.1  237.1    0.14
  337 PI-         -211   1 213  29   0   0    0.03   -0.15  310.3  310.3    0.14
  338 PI0          111   1 213  29   0   0    0.20    0.06  385.8  385.8    0.13
  339 B_DBAR0     -511 199 248 216 394 395   64.12  121.45  -54.1  147.7    5.28
  340 RHO0         113 198 249 216 377 378    4.19   11.29   -3.5   12.6    0.77
  341 PI0          111   1 249 216   0   0    1.59    5.15   -1.2    5.5    0.13
  342 OMEGA        223 198 251 216 379 381    1.29    4.30   -0.9    4.7    0.78
  343 PI-         -211   1 251 216   0   0    0.16    2.05   -0.7    2.2    0.14
  344 PI+          211   1 252 216   0   0    0.34    0.87   -0.6    1.1    0.14
  345 PI-         -211   1 252 216   0   0    0.99    3.98   -1.1    4.2    0.14
  346 LAMBDA      3122 198 253 216 382 383    0.79    3.59   -1.3    4.0    1.12
  347 PI0          111   1 253 216   0   0    0.08    0.18   -0.0    0.2    0.13
  348 XIBAR+     -3312 198 254 216 384 385    0.25    5.86   -0.6    6.0    1.32
  349 PI-         -211   1 254 216   0   0    0.16    0.61   -0.1    0.7    0.14
  350 B_D0         511 199 261 216 425 426   46.85   42.98   39.7   75.1    5.28
  351 K_L0         130   1 264  12   0   0   -0.30    1.20  -31.2   31.2    0.50
  352 PI0          111   1 267  12   0   0    0.32    0.10 -322.1  322.1    0.13
  353 PI0          111   1 267  12   0   0    0.11    0.15 -107.3  107.3    0.13
  354 PI0          111   1 267  12   0   0    0.02    0.11 -118.6  118.6    0.13
  355 PI-         -211   1 273  12   0   0   -0.77   -1.92  -97.0   97.0    0.14
  356 PI0          111   1 273  12   0   0    0.03   -1.02  -63.2   63.2    0.13
  357 PI+          211   1 281  23   0   0   -0.02   -0.49   -3.7    3.8    0.14
  358 PI0          111   1 281  23   0   0   -1.03  -11.37  -95.9   96.5    0.13
  359 PI+          211   1 283  29   0   0  -11.26   -7.20   39.9   42.1    0.14
  360 PI0          111   1 283  29   0   0  -25.21  -15.22   90.2   94.9    0.13
  361 PI+          211   1 290  29   0   0   -1.39   -2.06   10.5   10.8    0.14
  362 PI-         -211   1 290  29   0   0   -0.23   -0.85    5.3    5.4    0.14
  363 PI+          211   1 294  29   0   0   -1.24   -5.29   27.7   28.3    0.14
  364 PI-         -211   1 294  29   0   0   -0.87   -2.98   15.9   16.2    0.14
  365 PI0          111   1 294  29   0   0   -0.42   -2.14   12.7   12.8    0.13
  366 PI+          211   1 299  29   0   0   -0.04   -0.80    3.4    3.5    0.14
  367 PI-         -211   1 299  29   0   0   -0.62   -1.86   11.6   11.8    0.14
  368 PI0          111   1 299  29   0   0   -0.12   -0.35    2.5    2.6    0.13
  369 K_L0         130   1 305  12   0   0   -0.10    0.09 -127.9  127.9    0.50
  370 K_S0         310 198 309  29 386 387   -1.28   -1.24    4.9    5.2    0.50
  371 PI+          211   1 313  29   0   0   -0.29    0.58   53.9   53.9    0.14
  372 PI-         -211   1 313  29   0   0    0.09    0.08   68.6   68.6    0.14
  373 K-          -321   1 317  29   0   0   -0.09   -0.20   37.2   37.2    0.49
  374 PI+          211   1 317  29   0   0    0.09    0.30   37.7   37.8    0.14
  375 KBAR0       -311 198 326  29 388 388   -0.79   -2.92   11.9   12.3    0.50
  376 PI-         -211   1 326  29   0   0   -0.16   -0.97    2.7    2.9    0.14
  377 PI+          211   1 340 216   0   0    3.72    9.39   -2.8   10.5    0.14
  378 PI-         -211   1 340 216   0   0    0.47    1.90   -0.7    2.1    0.14
  379 PI+          211   1 342 216   0   0    0.61    2.01   -0.6    2.2    0.14
  380 PI-         -211   1 342 216   0   0    0.62    1.83   -0.1    1.9    0.14
  381 PI0          111   1 342 216   0   0    0.06    0.47   -0.2    0.5    0.13
  382 N           2112   1 346 216   0   0    0.71    3.22   -1.0    3.6    0.94
  383 PI0          111   1 346 216   0   0    0.08    0.38   -0.2    0.5    0.13
  384 LAMBDABR   -3122 198 348 216 389 391    0.11    4.86   -0.4    5.0    1.12
  385 PI+          211   1 348 216   0   0    0.15    1.00   -0.2    1.0    0.14
  386 PI+          211   1 370  29   0   0   -0.45   -0.66    1.8    2.0    0.14
  387 PI-         -211   1 370  29   0   0   -0.83   -0.57    3.1    3.2    0.14
  388 K_S0         310 198 375  29 392 393   -0.79   -2.92   11.9   12.3    0.50
  389 E+           -11   1 384 216   0   0    0.10    0.24    0.0    0.3    0.00
  390 NU_E          12   1 384 216   0   0    0.02    0.38   -0.0    0.4    0.00
  391 PBAR       -2212   1 384 216   0   0   -0.02    4.24   -0.4    4.4    0.94
  392 PI+          211   1 388  29   0   0   -0.55   -1.82    8.2    8.4    0.14
  393 PI-         -211   1 388  29   0   0   -0.24   -1.10    3.7    3.9    0.14

                           ---HEAVY PARTICLE DECAYS---

 IHEP    ID      IDPDG IST MO1 MO2 DA1 DA2   P-X     P-Y     P-Z  ENERGY    MASS
  394 BQRK           5 155 339 395 396 398   60.24  114.09  -50.8  138.8    4.96
  395 DBAR          -1 125 339 398 399 398    3.89    7.36   -3.3    9.0    0.32
  396 CQRK           4 123 394 397 400 397   19.57   34.76  -16.3   43.1    1.55
  397 UBAR          -2 124 394 396 402 396   36.19   70.40  -29.9   84.6    0.32
  398 DQRK           1 124 394 394 404 394    4.47    8.94   -4.7   11.0    0.32
  399 DBAR          -1 160 395 408 410 408    3.89    7.36   -3.3    9.0    0.32

                              ---PARTON SHOWERS---    

 IHEP    ID      IDPDG IST MO1 MO2 DA1 DA2   P-X     P-Y     P-Z  ENERGY    MASS
  400 CQRK          94 143 396 394 401 401   19.57   34.76  -16.3   43.1    1.55
  401 CQRK           4   2 400 403 406 403   19.57   34.76  -16.3   43.1    1.55
  402 UBAR          94 144 397 394 403 403   36.19   70.40  -29.9   84.6    0.32
  403 UBAR          -2   2 402 406 407 406   36.19   70.40  -29.9   84.6    0.32
  404 DQRK          94 144 398 394 405 405    4.47    8.94   -4.7   11.0    0.32
  405 DQRK           1   2 404 399 408 399    4.47    8.94   -4.7   11.0    0.32

                              ---GLUON SPLITTING---   

 IHEP    ID      IDPDG IST MO1 MO2 DA1 DA2   P-X     P-Y     P-Z  ENERGY    MASS
  406 CQRK           4 158 400 407 409 407   19.57   34.76  -16.3   43.1    1.55
  407 UBAR          -2 158 402 406 409 406   36.19   70.40  -29.9   84.6    0.32
  408 DQRK           1 158 404 399 410 399    4.47    8.94   -4.7   11.0    0.32

                             ---CLUSTER FORMATION---  

 IHEP    ID      IDPDG IST MO1 MO2 DA1 DA2   P-X     P-Y     P-Z  ENERGY    MASS
  409 CLUS          91 183 406 407 411 412   55.77  105.15  -46.1  127.7    3.80
  410 CLUS          91 183 408 399 413 414    8.36   16.30   -8.0   20.0    0.93

                              ---CLUSTER DECAYS---    

 IHEP    ID      IDPDG IST MO1 MO2 DA1 DA2   P-X     P-Y     P-Z  ENERGY    MASS
  411 D*0          423 197 409 400 415 416   24.86   45.59  -20.6   55.9    2.01
  412 F_2          225 197 409 400 417 418   30.90   59.56  -25.5   71.8    1.27
  413 PI0          111   1 410 404   0   0    1.48    2.93   -1.5    3.6    0.13
  414 RHO0         113 197 410 404 419 420    6.88   13.37   -6.5   16.4    0.77

                           ---STRONG HADRON DECAYS--- 

 IHEP    ID      IDPDG IST MO1 MO2 DA1 DA2   P-X     P-Y     P-Z  ENERGY    MASS
  415 D0           421 198 411 400 421 424   22.66   41.54  -18.8   51.0    1.86
  416 PI0          111   1 411 400   0   0    2.20    4.05   -1.8    4.9    0.13
  417 PI0          111   1 412 400   0   0   10.39   20.27   -8.0   24.2    0.13
  418 PI0          111   1 412 400   0   0   20.51   39.30  -17.5   47.7    0.13
  419 PI+          211   1 414 404   0   0    1.44    3.44   -1.7    4.1    0.14
  420 PI-         -211   1 414 404   0   0    5.44    9.93   -4.8   12.3    0.14
  421 K-          -321   1 415 400   0   0    2.30    4.32   -1.9    5.3    0.49
  422 PI+          211   1 415 400   0   0    7.50   14.31   -6.6   17.5    0.14
  423 PI0          111   1 415 400   0   0   10.49   18.95   -8.4   23.2    0.13
  424 PI0          111   1 415 400   0   0    2.37    3.96   -1.8    5.0    0.13

                           ---HEAVY PARTICLE DECAYS---

 IHEP    ID      IDPDG IST MO1 MO2 DA1 DA2   P-X     P-Y     P-Z  ENERGY    MASS
  425 DQRK           1 125 350 429 430 429    2.84    2.61    2.4    4.6    0.32
  426 BBAR          -5 155 350 425 427 429   44.01   40.37   37.3   70.6    4.96
  427 SBAR          -3 123 426 428 431 428   14.95   14.47   12.1   24.1    0.50
  428 CQRK           4 124 426 427 433 427   13.25   10.71   10.5   20.1    1.55
  429 CBAR          -4 124 426 426 435 426   15.81   15.19   14.7   26.4    1.55
  430 DQRK           1 160 425 439 440 439    2.84    2.61    2.4    4.6    0.32

                              ---PARTON SHOWERS---    

 IHEP    ID      IDPDG IST MO1 MO2 DA1 DA2   P-X     P-Y     P-Z  ENERGY    MASS
  431 SBAR          94 143 427 426 432 432   14.95   14.47   12.1   24.1    0.50
  432 SBAR          -3   2 431 434 437 434   14.95   14.47   12.1   24.1    0.50
  433 CQRK          94 144 428 426 434 434   13.25   10.71   10.5   20.1    1.55
  434 CQRK           4   2 433 437 438 437   13.25   10.71   10.5   20.1    1.55
  435 CBAR          94 144 429 426 436 436   15.81   15.19   14.7   26.4    1.55
  436 CBAR          -4   2 435 430 439 430   15.81   15.19   14.7   26.4    1.55

                              ---GLUON SPLITTING---   

 IHEP    ID      IDPDG IST MO1 MO2 DA1 DA2   P-X     P-Y     P-Z  ENERGY    MASS
  437 SBAR          -3 158 431 438 441 438   14.95   14.47   12.1   24.1    0.50
  438 CQRK           4 158 433 437 441 437   13.25   10.71   10.5   20.1    1.55
  439 CBAR          -4 158 435 430 440 430   15.81   15.19   14.7   26.4    1.55

                             ---CLUSTER FORMATION---  

 IHEP    ID      IDPDG IST MO1 MO2 DA1 DA2   P-X     P-Y     P-Z  ENERGY    MASS
  440 CLUS          91 183 430 439 442 442   18.47   17.67   17.0   30.8    1.87
  441 CLUS          91 183 438 437 443 444   28.38   25.31   22.7   44.4    2.98

                              ---CLUSTER DECAYS---    

 IHEP    ID      IDPDG IST MO1 MO2 DA1 DA2   P-X     P-Y     P-Z  ENERGY    MASS
  442 D-          -411 196 440 425 445 447   18.47   17.67   17.0   30.8    1.87
  443 DH_10      20423 197 441 433 448 449   22.22   19.57   17.8   34.6    2.42
  444 K+           321   1 441 433   0   0    6.16    5.74    4.9    9.8    0.49

                           ---STRONG HADRON DECAYS--- 

 IHEP    ID      IDPDG IST MO1 MO2 DA1 DA2   P-X     P-Y     P-Z  ENERGY    MASS
  445 K+           321   1 442 425   0   0    2.32    1.90    2.0    3.6    0.49
  446 PI-         -211   1 442 425   0   0   12.16   11.38   11.2   20.0    0.14
  447 PI-         -211   1 442 425   0   0    4.00    4.40    3.9    7.1    0.14
  448 D*0          423 198 443 433 450 451   21.96   19.22   17.5   34.1    2.01
  449 PI0          111   1 443 433   0   0    0.26    0.35    0.3    0.5    0.13
  450 D0           421 198 448 433 452 455   20.17   17.70   16.1   31.3    1.86
  451 PI0          111   1 448 433   0   0    1.79    1.52    1.4    2.8    0.13
  452 KBAR0       -311 198 450 433 456 456   11.17   10.20    8.3   17.3    0.50
  453 PI-         -211   1 450 433   0   0    1.77    1.29    1.3    2.5    0.14
  454 NU_E          12   1 450 433   0   0    0.88    0.82    0.7    1.4    0.00
  455 E+           -11   1 450 433   0   0    6.35    5.39    5.8   10.1    0.00
  456 K_L0         130   1 452 433   0   0   11.17   10.20    8.3   17.3    0.50

 HWWARN CALLED FROM SUBPROGRAM HWDFIV: CODE = 101
 EVENT     687:   SEEDS =  579398290 & 1120620865  WEIGHT =-0.5936E-03
 EVENT KILLED.   EXECUTION CONTINUES

 HWWARN CALLED FROM SUBPROGRAM HWDFOR: CODE = 101
 EVENT    3178:   SEEDS =  852402760 &  415339623  WEIGHT = 0.5936E-03
 EVENT KILLED.   EXECUTION CONTINUES

 HWWARN CALLED FROM SUBPROGRAM HWDFOR: CODE = 101
 EVENT    3904:   SEEDS =  838513405 & 1956555217  WEIGHT = 0.5936E-03
 EVENT KILLED.   EXECUTION CONTINUES

 HWWARN CALLED FROM SUBPROGRAM HWBTIM: CODE = 101
 EVENT    4536:   SEEDS =  174596979 & 1278831766  WEIGHT = 0.5936E-03
 EVENT KILLED.   EXECUTION CONTINUES

 HWWARN CALLED FROM SUBPROGRAM HWSBRN: CODE = 105
 EVENT    4570:   SEEDS = 1642836235 &  752059204  WEIGHT = 0.5936E-03
 EVENT KILLED.   EXECUTION CONTINUES

          OUTPUT ON LES HOUCHES EVENTS


      PROC CODE  XSECT(pb)        XERR(pb)      Max wgt(nb) No. of events


          OUTPUT ON ELEMENTARY PROCESS

          N.B. NEGATIVE WEIGHTS ALLOWED

          NUMBER OF EVENTS   =        9995
          NEGATIVE  EVENTS   =        2674
          NUMBER OF WEIGHTS  =       10000
          NEGATIVE  WEIGHTS  =        2675
          MEAN VALUE OF WGT  =  2.7604E-04
          RMS SPREAD IN WGT  =  5.2555E-04
          MEAN ABS WEIGHT    =  5.9363E-04
          ACTUAL MAX ABS WGT =  1.0000E+00
          ASSUMED MAXABS WGT =  2.7604E-04

          PROCESS CODE IPROC =      -18000
          CROSS SECTION (PB) =  0.2760    
          ERROR IN C-S  (PB) =  5.2555E-03
          EFFICIENCY PERCENT =   100.0    
 # of events processed=        9995
