 Enter filename for events
 Enter maximum number of events to generate
 MUST coincide with the number of events on tape
 Enter 0 to use Herwig default PDFs
       1 to use PDFs from library
 Enter colliding particles (PART1, PART2)
 Enter beam momenta (PBEAM1, PBEAM2)


          HERWIG 6.521  11th Mar. 2013

          Please reference:  G. Marchesini, B.R. Webber,
          G.Abbiendi, I.G.Knowles, M.H.Seymour & L.Stanco
          Computer Physics Communications 67 (1992) 465
                             and
          G.Corcella, I.G.Knowles, G.Marchesini, S.Moretti,
          K.Odagiri, P.Richardson, M.H.Seymour & B.R.Webber,
          JHEP 0101 (2001) 010
 Enter .TRUE. for underlying event, .FALSE. otherwise

 Underlying event WILL NOT be generated

 Enter Lambda_QCD, <0 for Herwig default
 Enter Z mass, width
 Enter W mass, width
 Enter top mass, width
 Enter Higgs (SM) boson mass, width
 Enter quark (d,u,s,c,b) and gluon masses
 Enter lepton (e,mu,tau) masses
 Enter number of events to print
 Enter accepted error fraction
 Is it single-top (.TRUE. or .FALSE)?
 Is it b-bbar (.TRUE. or .FALSE)?
 Enter the two random seeds (0 0 for default)

          INPUT CONDITIONS FOR THIS RUN

          BEAM 1 (P       ) MOM. =   6500.00
          BEAM 2 (P       ) MOM. =   6500.00
          PROCESS CODE (IPROC)   =  -18000
          NUMBER OF FLAVOURS     =    6
          STRUCTURE FUNCTION SET =    8
          AZIM SPIN CORRELATIONS =    T
          AZIM SOFT CORRELATIONS =    T
          QCD LAMBDA (GEV)       =    0.1800
          DOWN     QUARK  MASS   =    0.3200
          UP       QUARK  MASS   =    0.3200
          STRANGE  QUARK  MASS   =    0.5000
          CHARMED  QUARK  MASS   =    1.5500
          BOTTOM   QUARK  MASS   =    4.9500
          TOP      QUARK  MASS   =  173.0000
          GLUON EFFECTIVE MASS   =    0.7500
          EXTRA SHOWER CUTOFF (Q)=    0.4800
          EXTRA SHOWER CUTOFF (G)=    0.1000
          PHOTON SHOWER CUTOFF   =    0.4000
          CLUSTER MASS PARAMETER =    3.3500
          SPACELIKE EVOLN CUTOFF =    2.5000
          INTRINSIC P-TRAN (RMS) =    0.0000
          DECAY SPIN CORRELATIONS=    T
          SUSY THREE BODY ME     =    T
          SUSY FOUR  BODY ME     =    F

          NO EVENTS WILL BE WRITTEN TO DISK

          B_d: Delt-M/Gam =0.7000 Delt-Gam/2*Gam =0.0000
          B_s: Delt-M/Gam = 10.00 Delt-Gam/2*Gam =0.2000

          PDFLIB NOT USED FOR BEAM 1
          PDFLIB NOT USED FOR BEAM 2


          Checking consistency of particle properties


          Checking consistency of decay tables


          WRITING SUDAKOV TABLE ON UNIT  77

          WRITING MATRIX ELEMENT TABLE ON UNIT  88

          CHECKING SUSY DECAY MATRIX ELEMENTS
 Do you want a stable Pi0 (.TRUE. or .FALSE)?
 Do you want a stable W+ (.TRUE. or .FALSE)?
 Do you want a stable W- (.TRUE. or .FALSE)?
 Do you want a stable Z0 (.TRUE. or .FALSE)?
 Do you want a stable Tau+ (.TRUE. or .FALSE)?
 Do you want a stable Tau- (.TRUE. or .FALSE)?
 Do you want a stable Mu+ (.TRUE. or .FALSE)?
 Do you want a stable Mu- (.TRUE. or .FALSE)?
 Do you want a stable Higgs (.TRUE. or .FALSE)?

          PARTICLE TYPE  21=PI0      SET STABLE
 How many decay modes do you want to set?
 How are the events normalized ("average" or "sum")?
 stdhep initialized

          SUBROUTINE TIMEL CALLED BUT NOT LINKED.
          DUMMY TIMEL WILL BE USED. DELETE DUMMY
          AND LINK CERNLIB FOR CPU TIME REMAINING.

 HWWARN CALLED FROM SUBPROGRAM HWSMRS: CODE =   5
 EVENT       1:   SEEDS = 1973774260 & 1099242306  WEIGHT =-0.5939E-03
 EVENT SURVIVES. EXECUTION CONTINUES
 WARNING: MRST98 CALLED WITH Q OUTSIDE ALLOWED RANGE!
 Q VALUE=1.430E+04, MINIMUM=1.118E+00, MAXIMUM=3.162E+03
 NO FURTHER WARNINGS WILL BE ISSUED



 EVENT       1: 6500.00 GEV/C P        ON  6500.00 GEV/C P        PROCESS:-18000
 SEEDS:  1973774260 &  1099242306   STATUS:  100 ERROR:   0  WEIGHT: -5.9391E-04


                               ---INITIAL STATE---    

 IHEP    ID      IDPDG IST MO1 MO2 DA1 DA2   P-X     P-Y     P-Z  ENERGY    MASS
    1 P           2212 101   0   0   0   0    0.00    0.00 6500.0 6500.0    0.94
    2 P           2212 102   0   0   0   0    0.00    0.00-6500.0 6500.0    0.94
    3 CMF            0 103   1   2   0   0    0.00    0.00    0.013000.013000.00

                              ---HARD SUBPROCESS---   

 IHEP    ID      IDPDG IST MO1 MO2 DA1 DA2   P-X     P-Y     P-Z  ENERGY    MASS
    4 DQRK           1 121   6   8  10   9    0.00    0.00  743.2  743.2    0.32
    5 UQRK           2 122   6   9  12   8    0.00    0.00 -717.0  717.0    0.32
    6 HARD           0 120   4   5   7   9   -1.49    1.97   26.2 1460.2 1459.91
    7 HIGGS         25 123   6   7  20   7   36.24  296.49  469.9  570.7  125.00
    8 DQRK           1 124   6   5  21   4  -25.64 -294.30 -633.7  699.2    0.32
    9 UQRK           2 124   6   4  23   5  -10.61   -2.20  190.0  190.3    0.32

                              ---PARTON SHOWERS---    

 IHEP    ID      IDPDG IST MO1 MO2 DA1 DA2   P-X     P-Y     P-Z  ENERGY    MASS
   10 DQRK          94 141   4   6  11  11    0.00    0.00  744.1  744.1    0.30
   11 UU          2203   2  10  22  27  26    0.00    0.00 5755.9 5755.9    0.32
   12 UQRK          94 142   5   6  14  19   -1.49    1.97 -718.0  716.0  -52.92
   13 CONE           0 100   5   8   0   0   -0.09   -1.00   -1.5    1.8    0.00
   14 GLUON         21   2  12  15  28  29    0.37   -5.64  -10.0   11.5    0.75
   15 GLUON         21   2  12  16  30  31   -1.56    2.20  -12.7   13.0    0.75
   16 GLUON         21   2  12  17  32  33    0.49    0.94  -10.3   10.4    0.75
   17 GLUON         21   2  12  18  34  35    2.03   -0.60  -52.6   52.7    0.75
   18 GLUON         21   2  12  19  36  37    0.16    1.13 -127.0  127.0    0.75
   19 UD          2101   2  12  25  38  37    0.00    0.00-5569.4 5569.4    0.31
   20 HIGGS         25 195   7   6  92  93   35.66  297.26  469.9  571.0  125.00
   21 DQRK          94 144   8   6  22  22  -26.35 -293.35 -633.7  698.8    0.32
   22 DQRK           1   2  21  28  39  27  -26.35 -293.35 -633.7  698.8    0.32
   23 UQRK          94 144   9   6  25  26  -10.80   -1.94  190.0  190.3    3.29
   24 CONE           0 100   9   4   0   0    0.62    0.11    6.4    6.4    0.00
   25 UQRK           2   2  23  26  40  38   -6.61    0.22  119.8  120.0    0.32
   26 GLUON         21   2  23  27  41  42   -4.20   -2.16   70.2   70.4    0.75

                              ---GLUON SPLITTING---   

 IHEP    ID      IDPDG IST MO1 MO2 DA1 DA2   P-X     P-Y     P-Z  ENERGY    MASS
   27 UU          2203 161  10  39  62  46   -0.00   -0.00 5371.2 5371.2    0.64
   28 DBAR          -1 158  12  29  64  50   -0.00   -2.36   -4.7    5.3    0.32
   29 DQRK           1 158  12  47  53  28    0.20   -2.34   -3.9    4.6    0.32
   30 UBAR          -2 158  12  31  63  48   -0.50    0.64   -3.3    3.4    0.32
   31 UQRK           2 158  12  32  54  30   -0.97    1.44   -8.8    9.0    0.32
   32 DBAR          -1 158  12  33  54  31    0.17    0.25   -4.8    4.9    0.32
   33 DQRK           1 158  12  34  55  32    0.32    0.68   -5.5    5.5    0.32
   34 DBAR          -1 158  12  35  55  33    0.89   -0.19  -27.2   27.2    0.32
   35 DQRK           1 158  12  36  56  34    1.14   -0.41  -25.5   25.5    0.32
   36 DBAR          -1 158  12  37  56  35   -0.09    0.40  -57.0   57.0    0.32
   37 DQRK           1 158  12  43  57  36    0.23    0.67  -66.4   66.4    0.32
   38 UD          2101 162  12  40  61  44    0.00    0.01-4369.0 4369.0    0.64
   39 DQRK           1 158  21  49  58  27  -17.70 -197.05 -425.7  469.4    0.32
   40 UQRK           2 158  23  41  59  38   -6.61    0.22  119.8  120.0    0.32
   41 UBAR          -2 158  23  42  59  40   -2.91   -1.62   49.8   49.9    0.32
   42 UQRK           2 158  23  51  60  41   -0.94   -0.39   15.5   15.5    0.32
   43 UBAR          -2 159  12  44  57  37    0.00    0.01-1011.6 1011.6    0.32
   44 UQRK           2 159  12  38  61  43    0.01    0.04 -192.2  192.2    0.32
   45 DBAR          -1 159  10  46  65  52   -0.01   -0.01   91.3   91.3    0.32
   46 DQRK           1 159  23  27  62  45   -0.01   -0.00  254.3  254.3    0.32
   47 UBAR          -2 159  12  48  53  29   -0.05   -0.10   -0.8    0.9    0.32
   48 UQRK           2 159  12  30  63  47    0.04   -0.69   -1.3    1.5    0.32
   49 DBAR          -1 159  12  50  58  39   -0.24   -3.67   -7.8    8.6    0.32
   50 DQRK           1 159  21  28  64  49   -8.32  -92.65 -200.1  220.7    0.32
   51 SBAR          -3 159  10  52  60  42   -0.18   -0.07   20.6   20.6    0.50
   52 SQRK           3 159  23  45  65  51   -0.15   -0.06   23.4   23.4    0.50

                             ---CLUSTER FORMATION---  

 IHEP    ID      IDPDG IST MO1 MO2 DA1 DA2   P-X     P-Y     P-Z  ENERGY    MASS
   53 CLUS          91 183  29  47  66  67    0.15   -2.44   -4.7    5.4    1.20
   54 CLUS          91 183  31  32  68  69   -0.79    1.69  -13.6   13.8    1.37
   55 CLUS          91 183  33  34  70  71    1.21    0.49  -32.6   32.7    1.85
   56 CLUS          91 183  35  36  72  73    1.05   -0.00  -82.5   82.5    2.09
   57 CLUS          91 183  37  43  74  75    0.23    0.68-1078.1 1078.1    3.08
   58 CLUS          91 183  39  49  76  77  -17.94 -200.72 -433.5  478.0    2.53
   59 CLUS          91 183  40  41  78  79   -9.51   -1.40  169.6  169.9    2.76
   60 CLUS          91 183  42  51  80  81   -1.12   -0.46   36.1   36.1    1.30
   61 CLUS          91 185  44  38  82  83    0.02    0.05-4561.3 4561.3    1.70
   62 CLUS          91 184  46  27  84  85   -0.01   -0.00 5625.4 5625.4    1.64
   63 CLUS          91 183  48  30  86  87   -0.45   -0.05   -4.7    5.0    1.68
   64 CLUS          91 183  50  28  88  89   -8.32  -95.01 -204.8  226.0    2.69
   65 CLUS          91 183  52  45  90  91   -0.17   -0.07  114.7  114.8    1.21

                              ---CLUSTER DECAYS---    

 IHEP    ID      IDPDG IST MO1 MO2 DA1 DA2   P-X     P-Y     P-Z  ENERGY    MASS
   66 PI-         -211   1  53  12   0   0   -0.11   -1.28   -2.0    2.4    0.14
   67 OMEGA        223 197  53  12 154 156    0.26   -1.16   -2.7    3.0    0.78
   68 PI0          111   1  54  12   0   0   -0.29    1.30  -11.9   12.0    0.13
   69 PI+          211   1  54  12   0   0   -0.50    0.39   -1.7    1.8    0.14
   70 PI-         -211   1  55  12   0   0    0.19    0.89  -13.2   13.3    0.14
   71 RHO+         213 197  55  12 157 158    1.02   -0.40  -19.4   19.4    0.77
   72 P           2212   1  56  12   0   0    0.80   -0.21  -57.0   57.0    0.94
   73 PBAR       -2212   1  56  12   0   0    0.26    0.21  -25.5   25.5    0.94
   74 DELTA0      2114 197  57  12 159 160    0.89    1.17 -678.1  678.1    1.23
   75 PBAR       -2212   1  57  12   0   0   -0.65   -0.49 -400.0  400.0    0.94
   76 PI-         -211   1  58  21   0   0  -13.09 -145.73 -314.8  347.2    0.14
   77 A_2+         215 197  58  21 161 162   -4.85  -54.99 -118.6  130.9    1.32
   78 N           2112   1  59  23   0   0   -5.53   -0.06   99.9  100.0    0.94
   79 DELTABR0   -2114 197  59  23 163 164   -3.98   -1.34   69.7   69.8    1.23
   80 PI+          211   1  60  23   0   0   -0.88   -0.43   13.3   13.4    0.14
   81 K0           311 197  60  23 165 165   -0.24   -0.03   22.8   22.8    0.50
   82 K+           321   1  61  12   0   0   -0.08    0.13-2083.9 2083.9    0.49
   83 LAMBDA      3122 197  61  12 166 167    0.09   -0.08-2477.3 2477.3    1.12
   84 PI-         -211   1  62  23   0   0   -0.04   -0.33 1457.6 1457.6    0.14
   85 DELTA++     2224 197  62  23 168 169    0.04    0.33 4167.9 4167.9    1.23
   86 RHO0         113 197  63  12 170 171    0.35    0.23   -2.2    2.4    0.77
   87 PI0          111   1  63  12   0   0   -0.81   -0.28   -2.4    2.6    0.13
   88 P           2212   1  64  21   0   0   -1.43  -21.35  -46.5   51.2    0.94
   89 DELTABR-   -2214 197  64  21 172 173   -6.90  -73.65 -158.4  174.8    1.23
   90 K-          -321   1  65  23   0   0    0.11    0.41   61.6   61.6    0.49
   91 PI+          211   1  65  23   0   0   -0.28   -0.48   53.1   53.1    0.14

                            ---H/W/Z BOSON DECAYS---  

 IHEP    ID      IDPDG IST MO1 MO2 DA1 DA2   P-X     P-Y     P-Z  ENERGY    MASS
   92 BQRK           5 123  20  93  94  93   -8.31   -9.54   12.4   18.4    4.95
   93 BBAR          -5 124  20  92  98  92   43.97  306.80  457.5  552.6    4.95

                              ---PARTON SHOWERS---    

 IHEP    ID      IDPDG IST MO1 MO2 DA1 DA2   P-X     P-Y     P-Z  ENERGY    MASS
   94 BQRK          94 143  92  20  96  97   -7.22   -7.79   11.8   17.3    6.78
   95 CONE           0 100  92  93   0   0    1.40    2.00   -1.3    2.8    0.00
   96 BQRK           5   2  94  97 105 104   -6.25   -5.50   10.7   14.4    4.95
   97 GLUON         21   2  94 100 106 107   -0.98   -2.30    1.1    2.8    0.75
   98 BBAR          94 144  93  20 100 104   42.88  305.05  458.1  553.8   43.50
   99 CONE           0 100  93  92   0   0   -0.25    1.11    3.2    3.4    0.00
  100 GLUON         21   2  98 101 108 109   -3.27   39.36   77.6   87.1    0.75
  101 GLUON         21   2  98 102 110 111    8.72   33.99   54.5   64.8    0.75
  102 GLUON         21   2  98 103 112 113    4.01   17.68   23.5   29.7    0.75
  103 GLUON         21   2  98 104 114 115    6.92   29.51   42.4   52.1    0.75
  104 BBAR          -5   2  98 105 116 115   26.50  184.52  260.1  320.0    4.95

                              ---GLUON SPLITTING---   

 IHEP    ID      IDPDG IST MO1 MO2 DA1 DA2   P-X     P-Y     P-Z  ENERGY    MASS
  105 BQRK           5 158  94 106 125 116   -6.25   -5.50   10.7   14.4    4.95
  106 UBAR          -2 158  94 107 125 105   -0.31   -0.63    0.2    0.8    0.32
  107 UQRK           2 158  94 117 126 106   -0.59   -1.45    0.8    1.8    0.32
  108 UBAR          -2 158  98 109 131 118   -1.42   16.24   31.7   35.6    0.32
  109 UQRK           2 158  98 121 127 108   -1.36   17.10   34.0   38.1    0.32
  110 UBAR          -2 158  98 111 132 120    2.83   11.34   18.0   21.5    0.32
  111 UQRK           2 158  98 112 128 110    3.43   12.93   21.0   24.9    0.32
  112 DBAR          -1 158  98 113 128 111    1.85    8.96   11.7   14.9    0.32
  113 DQRK           1 158  98 114 129 112    2.16    8.72   11.8   14.8    0.32
  114 DBAR          -1 158  98 115 129 113    3.27   13.19   18.8   23.2    0.32
  115 DQRK           1 158  98 123 130 114    1.99    9.37   13.5   16.5    0.32
  116 BBAR          -5 158  98 105 134 124   25.55  176.77  249.2  306.7    4.95
  117 DBAR          -1 159  98 118 126 107   -0.05    0.14    0.5    0.6    0.32
  118 DQRK           1 159  94 108 131 117   -0.06    0.03    0.4    0.5    0.32
  119 DBAR          -1 159  98 120 133 122    1.67    6.76   10.8   12.8    0.32
  120 DQRK           1 159  98 110 132 119   -0.19    3.26    6.4    7.2    0.32
  121 UBAR          -2 159  98 122 127 109    0.63    2.82    4.6    5.4    0.32
  122 UQRK           2 159  98 119 133 121   -0.11    2.51    4.9    5.5    0.32
  123 DBAR          -1 159  98 124 130 115    1.38    7.17   10.2   12.6    0.32
  124 DQRK           1 159  98 116 134 123    1.23    7.53   10.7   13.1    0.32

                             ---CLUSTER FORMATION---  

 IHEP    ID      IDPDG IST MO1 MO2 DA1 DA2   P-X     P-Y     P-Z  ENERGY    MASS
  125 CLUS          91 183 105 106 135 136   -6.55   -6.12   10.9   15.2    5.70
  126 CLUS          91 183 107 117 137 138   -0.64   -1.31    1.3    2.4    1.40
  127 CLUS          91 183 109 121 139 140   -0.73   19.93   38.6   43.5    2.68
  128 CLUS          91 183 111 112 141 142    5.28   21.89   32.7   39.8    2.05
  129 CLUS          91 183 113 114 143 144    5.43   21.91   30.6   38.0    0.82
  130 CLUS          91 183 115 123 145 146    3.38   16.53   23.7   29.1    0.67
  131 CLUS          91 183 118 108 147 148   -1.48   16.27   32.0   36.1    3.32
  132 CLUS          91 183 120 110 149 150    2.64   14.59   24.4   28.7    2.38
  133 CLUS          91 183 122 119 151 152    1.56    9.27   15.7   18.3    1.60
  134 CLUS          91 183 124 116 153 153   26.78  184.30  259.9  319.8    5.28

                              ---CLUSTER DECAYS---    

 IHEP    ID      IDPDG IST MO1 MO2 DA1 DA2   P-X     P-Y     P-Z  ENERGY    MASS
  135 B*-         -523 197 125  94 174 175   -6.41   -5.81   10.8   14.9    5.32
  136 PI0          111   1 125  94   0   0   -0.15   -0.32    0.1    0.4    0.13
  137 A_10       20113 197 126  94 176 177   -0.66   -1.22    1.2    2.2    1.23
  138 PI+          211   1 126  94   0   0    0.02   -0.09    0.1    0.2    0.14
  139 DELTA+      2214 197 127  98 178 179   -0.04    9.31   17.1   19.5    1.23
  140 DELTABR-   -2214 197 127  98 180 181   -0.69   10.62   21.5   24.0    1.23
  141 RHO+         213 197 128  98 182 183    3.39   10.38   16.0   19.4    0.77
  142 PI0          111   1 128  98   0   0    1.90   11.50   16.8   20.4    0.13
  143 PI0          111   1 129  98   0   0    1.24    6.28    8.9   11.0    0.13
  144 PI0          111   1 129  98   0   0    4.18   15.63   21.7   27.0    0.13
  145 PI0          111   1 130  98   0   0    2.11   10.95   15.2   18.9    0.13
  146 PI0          111   1 130  98   0   0    1.27    5.59    8.5   10.2    0.13
  147 P           2212   1 131  94   0   0   -0.83    2.46    6.2    6.8    0.94
  148 DLTABR--   -2224 197 131  94 184 185   -0.65   13.81   25.9   29.4    1.23
  149 RHO-        -213 197 132  98 186 187    0.27    5.67    8.5   10.3    0.77
  150 RHO0         113 197 132  98 188 189    2.37    8.92   15.9   18.4    0.77
  151 PI+          211   1 133  98   0   0    0.61    2.41    4.3    5.0    0.14
  152 FL_1       20223 197 133  98 190 191    0.96    6.86   11.4   13.4    1.28
  153 B_D0         511 200 134  98 192 192   26.78  184.30  259.9  319.8    5.28

                           ---STRONG HADRON DECAYS--- 

 IHEP    ID      IDPDG IST MO1 MO2 DA1 DA2   P-X     P-Y     P-Z  ENERGY    MASS
  154 PI+          211   1  67  12   0   0   -0.13   -0.14   -0.4    0.5    0.14
  155 PI-         -211   1  67  12   0   0    0.29   -0.71   -1.9    2.0    0.14
  156 PI0          111   1  67  12   0   0    0.10   -0.31   -0.4    0.5    0.13
  157 PI+          211   1  71  12   0   0    0.10    0.10   -6.5    6.5    0.14
  158 PI0          111   1  71  12   0   0    0.92   -0.50  -12.9   12.9    0.13
  159 N           2112   1  74  12   0   0    0.76    1.23 -602.8  602.8    0.94
  160 PI0          111   1  74  12   0   0    0.12   -0.06  -75.3   75.3    0.13
  161 RHO0         113 198  77  21 193 194   -4.60  -48.77 -105.2  116.1    0.77
  162 PI+          211   1  77  21   0   0   -0.25   -6.22  -13.4   14.8    0.14
  163 NBAR       -2112   1  79  23   0   0   -2.80   -1.17   50.7   50.8    0.94
  164 PI0          111   1  79  23   0   0   -1.18   -0.17   19.1   19.1    0.13
  165 K_L0         130   1  81  23   0   0   -0.24   -0.03   22.8   22.8    0.50
  166 P           2212   1  83  12   0   0    0.01    0.00-2115.7 2115.7    0.94
  167 PI-         -211   1  83  12   0   0    0.09   -0.08 -361.6  361.6    0.14
  168 P           2212   1  85  23   0   0    0.04    0.23 3981.0 3981.0    0.94
  169 PI+          211   1  85  23   0   0    0.00    0.10  186.8  186.8    0.14
  170 PI+          211   1  86  12   0   0    0.43    0.05   -2.0    2.1    0.14
  171 PI-         -211   1  86  12   0   0   -0.07    0.18   -0.2    0.3    0.14
  172 PBAR       -2212   1  89  21   0   0   -4.38  -48.53 -104.2  115.0    0.94
  173 PI0          111   1  89  21   0   0   -2.51  -25.13  -54.2   59.8    0.13
  174 B-          -521 199 135  94 223 224   -6.37   -5.71   10.7   14.7    5.28
  175 GAMMA         22   1 135  94   0   0   -0.04   -0.10    0.1    0.2    0.00
  176 RHO-        -213 198 137  94 195 196   -0.37   -0.61    0.3    1.1    0.77
  177 PI+          211   1 137  94   0   0   -0.29   -0.61    0.8    1.1    0.14
  178 N           2112   1 139  98   0   0   -0.00    7.43   13.2   15.2    0.94
  179 PI+          211   1 139  98   0   0   -0.04    1.87    3.9    4.3    0.14
  180 PBAR       -2212   1 140  98   0   0   -0.47    7.01   13.8   15.5    0.94
  181 PI0          111   1 140  98   0   0   -0.22    3.61    7.7    8.5    0.13
  182 PI+          211   1 141  98   0   0    0.40    0.84    1.2    1.5    0.14
  183 PI0          111   1 141  98   0   0    2.98    9.55   14.8   17.9    0.13
  184 PBAR       -2212   1 148  94   0   0   -0.51   12.98   24.4   27.7    0.94
  185 PI-         -211   1 148  94   0   0   -0.15    0.82    1.5    1.7    0.14
  186 PI-         -211   1 149  98   0   0    0.33    3.71    6.1    7.1    0.14
  187 PI0          111   1 149  98   0   0   -0.06    1.97    2.4    3.1    0.13
  188 PI+          211   1 150  98   0   0    0.19    0.41    0.9    1.0    0.14
  189 PI-         -211   1 150  98   0   0    2.18    8.52   15.0   17.4    0.14
  190 A_0-    -9000211 198 152  98 197 198    0.91    6.42   10.8   12.7    1.00
  191 PI+          211   1 152  98   0   0    0.05    0.44    0.5    0.7    0.14
  192 B_D0         511 199 153  98 202 203   26.78  184.30  259.9  319.8    5.28
  193 PI+          211   1 161  21   0   0   -2.44  -28.83  -61.6   68.1    0.14
  194 PI-         -211   1 161  21   0   0   -2.16  -19.95  -43.6   48.0    0.14
  195 PI-         -211   1 176  94   0   0   -0.06   -0.31    0.5    0.6    0.14
  196 PI0          111   1 176  94   0   0   -0.31   -0.31   -0.2    0.5    0.13
  197 ETA          221 198 190  98 199 201    0.27    1.97    3.4    4.0    0.55
  198 PI-         -211   1 190  98   0   0    0.63    4.45    7.4    8.7    0.14
  199 PI0          111   1 197  98   0   0    0.05    0.17    0.3    0.4    0.13
  200 PI0          111   1 197  98   0   0    0.12    1.03    1.9    2.2    0.13
  201 PI0          111   1 197  98   0   0    0.10    0.77    1.2    1.4    0.13

                           ---HEAVY PARTICLE DECAYS---

 IHEP    ID      IDPDG IST MO1 MO2 DA1 DA2   P-X     P-Y     P-Z  ENERGY    MASS
  202 DQRK           1 125 192 206 207 206    1.62   11.17   15.8   19.4    0.32
  203 BBAR          -5 155 192 202 204 206   25.16  173.13  244.2  300.4    4.96
  204 CBAR          -4 123 203 205 208 205    6.98   54.14   74.7   92.5    1.55
  205 CQRK           4 124 203 204 210 204   11.72   76.47  107.7  132.6    1.55
  206 SBAR          -3 124 203 203 212 203    6.46   42.52   61.8   75.3    0.50
  207 DQRK           1 160 202 216 217 216    1.62   11.17   15.8   19.4    0.32

                              ---PARTON SHOWERS---    

 IHEP    ID      IDPDG IST MO1 MO2 DA1 DA2   P-X     P-Y     P-Z  ENERGY    MASS
  208 CBAR          94 143 204 203 209 209    6.98   54.14   74.7   92.5    1.55
  209 CBAR          -4   2 208 211 214 211    6.98   54.14   74.7   92.5    1.55
  210 CQRK          94 144 205 203 211 211   11.72   76.47  107.7  132.6    1.55
  211 CQRK           4   2 210 214 215 214   11.72   76.47  107.7  132.6    1.55
  212 SBAR          94 144 206 203 213 213    6.46   42.52   61.8   75.3    0.50
  213 SBAR          -3   2 212 207 216 207    6.46   42.52   61.8   75.3    0.50

                              ---GLUON SPLITTING---   

 IHEP    ID      IDPDG IST MO1 MO2 DA1 DA2   P-X     P-Y     P-Z  ENERGY    MASS
  214 CBAR          -4 158 208 215 218 215    6.98   54.14   74.7   92.5    1.55
  215 CQRK           4 158 210 214 218 214   11.72   76.47  107.7  132.6    1.55
  216 SBAR          -3 158 212 207 217 207    6.46   42.52   61.8   75.3    0.50

                             ---CLUSTER FORMATION---  

 IHEP    ID      IDPDG IST MO1 MO2 DA1 DA2   P-X     P-Y     P-Z  ENERGY    MASS
  217 CLUS          91 183 207 216 219 220   10.46   69.10  100.2  122.1    1.05
  218 CLUS          91 183 215 214 221 221   16.32  115.21  159.8  197.7    2.98

                              ---CLUSTER DECAYS---    

 IHEP    ID      IDPDG IST MO1 MO2 DA1 DA2   P-X     P-Y     P-Z  ENERGY    MASS
  219 PI0          111   1 217 202   0   0    0.76    5.40    7.5    9.3    0.13
  220 K0           311 197 217 202 222 222    9.70   63.69   92.7  112.9    0.50
  221 ETA_C        441 199 218 210 260 261   16.32  115.21  159.8  197.7    2.98

                           ---STRONG HADRON DECAYS--- 

 IHEP    ID      IDPDG IST MO1 MO2 DA1 DA2   P-X     P-Y     P-Z  ENERGY    MASS
  222 K_L0         130   1 220 202   0   0    9.70   63.69   92.7  112.9    0.50

                           ---HEAVY PARTICLE DECAYS---

 IHEP    ID      IDPDG IST MO1 MO2 DA1 DA2   P-X     P-Y     P-Z  ENERGY    MASS
  223 BQRK           5 155 174 224 225 227   -5.98   -5.36   10.1   13.8    4.96
  224 UBAR          -2 125 174 227 228 227   -0.39   -0.35    0.6    0.9    0.32
  225 DQRK           1 123 223 226 229 226    0.17    0.16   -0.0    0.4    0.32
  226 UBAR          -2 124 223 225 231 225   -4.40   -4.00    7.7    9.8    0.32
  227 CQRK           4 124 223 223 233 223   -1.76   -1.53    2.3    3.6    1.55
  228 UBAR          -2 160 224 237 239 237   -0.39   -0.35    0.6    0.9    0.32

                              ---PARTON SHOWERS---    

 IHEP    ID      IDPDG IST MO1 MO2 DA1 DA2   P-X     P-Y     P-Z  ENERGY    MASS
  229 DQRK          94 143 225 223 230 230    0.17    0.16   -0.0    0.4    0.32
  230 DQRK           1   2 229 232 235 232    0.17    0.16   -0.0    0.4    0.32
  231 UBAR          94 144 226 223 232 232   -4.40   -4.00    7.7    9.8    0.32
  232 UBAR          -2   2 231 235 236 235   -4.40   -4.00    7.7    9.8    0.32
  233 CQRK          94 144 227 223 234 234   -1.76   -1.53    2.3    3.6    1.55
  234 CQRK           4   2 233 228 237 228   -1.76   -1.53    2.3    3.6    1.55

                              ---GLUON SPLITTING---   

 IHEP    ID      IDPDG IST MO1 MO2 DA1 DA2   P-X     P-Y     P-Z  ENERGY    MASS
  235 DQRK           1 158 229 236 238 236    0.17    0.16   -0.0    0.4    0.32
  236 UBAR          -2 158 231 235 238 235   -4.40   -4.00    7.7    9.8    0.32
  237 CQRK           4 158 233 228 239 228   -1.76   -1.53    2.3    3.6    1.55

                             ---CLUSTER FORMATION---  

 IHEP    ID      IDPDG IST MO1 MO2 DA1 DA2   P-X     P-Y     P-Z  ENERGY    MASS
  238 CLUS          91 183 235 236 240 241   -4.25   -3.87    7.8   10.3    3.29
  239 CLUS          91 183 237 228 242 242   -2.12   -1.84    2.9    4.4    1.86

                              ---CLUSTER DECAYS---    

 IHEP    ID      IDPDG IST MO1 MO2 DA1 DA2   P-X     P-Y     P-Z  ENERGY    MASS
  240 ETA_2(H)   10335 197 238 229 243 244   -1.85   -1.69    3.5    4.7    1.85
  241 A_2-        -215 197 238 229 245 246   -2.40   -2.18    4.3    5.6    1.32
  242 D0           421 196 239 233 247 248   -2.12   -1.84    2.9    4.4    1.86

                           ---STRONG HADRON DECAYS--- 

 IHEP    ID      IDPDG IST MO1 MO2 DA1 DA2   P-X     P-Y     P-Z  ENERGY    MASS
  243 F_2          225 198 240 229 249 250   -1.31   -1.08    2.6    3.4    1.27
  244 ETA          221 198 240 229 251 252   -0.54   -0.60    0.9    1.3    0.55
  245 RHO-        -213 198 241 229 253 254   -2.29   -1.97    4.3    5.3    0.77
  246 PI0          111   1 241 229   0   0   -0.11   -0.21    0.1    0.3    0.13
  247 K*-         -323 198 242 233 255 256   -1.62   -1.59    3.0    3.8    0.89
  248 PI+          211   1 242 233   0   0   -0.49   -0.25   -0.1    0.6    0.14
  249 PI+          211   1 243 229   0   0   -0.07    0.12   -0.0    0.2    0.14
  250 PI-         -211   1 243 229   0   0   -1.25   -1.20    2.6    3.2    0.14
  251 GAMMA         22   1 244 229   0   0   -0.57   -0.26    0.6    0.8    0.00
  252 GAMMA         22   1 244 229   0   0    0.03   -0.34    0.3    0.5    0.00
  253 PI-         -211   1 245 229   0   0   -1.77   -1.58    3.8    4.5    0.14
  254 PI0          111   1 245 229   0   0   -0.52   -0.39    0.5    0.8    0.13
  255 KBAR0       -311 198 247 233 257 257   -1.08   -1.36    2.5    3.1    0.50
  256 PI-         -211   1 247 233   0   0   -0.54   -0.23    0.5    0.8    0.14
  257 K_S0         310 198 255 233 258 259   -1.08   -1.36    2.5    3.1    0.50
  258 PI+          211   1 257 233   0   0   -0.84   -0.79    1.4    1.8    0.14
  259 PI-         -211   1 257 233   0   0   -0.25   -0.57    1.1    1.2    0.14

                           ---HEAVY PARTICLE DECAYS---

 IHEP    ID      IDPDG IST MO1 MO2 DA1 DA2   P-X     P-Y     P-Z  ENERGY    MASS
  260 GLUON         21 123 221 261 262 261    6.93   45.60   61.4   76.8    0.75
  261 GLUON         21 124 221 260 264 260    9.39   69.60   98.4  120.9    0.75

                              ---PARTON SHOWERS---    

 IHEP    ID      IDPDG IST MO1 MO2 DA1 DA2   P-X     P-Y     P-Z  ENERGY    MASS
  262 GLUON         94 143 260 221 263 263    6.93   45.60   61.4   76.8    0.75
  263 GLUON         21   2 262 265 266 267    6.93   45.60   61.4   76.8    0.75
  264 GLUON         94 144 261 221 265 265    9.39   69.60   98.4  120.9    0.75
  265 GLUON         21   2 264 266 268 269    9.39   69.60   98.4  120.9    0.75

                              ---GLUON SPLITTING---   

 IHEP    ID      IDPDG IST MO1 MO2 DA1 DA2   P-X     P-Y     P-Z  ENERGY    MASS
  266 UBAR          -2 158 262 267 271 269    2.87   17.73   23.9   29.9    0.32
  267 UQRK           2 158 262 268 270 266    4.06   27.88   37.4   46.9    0.32
  268 UBAR          -2 158 264 269 270 267    5.26   39.17   55.0   67.8    0.32
  269 UQRK           2 158 264 266 271 268    4.13   30.43   43.4   53.1    0.32

                             ---CLUSTER FORMATION---  

 IHEP    ID      IDPDG IST MO1 MO2 DA1 DA2   P-X     P-Y     P-Z  ENERGY    MASS
  270 CLUS          91 183 267 268 272 273    9.32   67.05   92.5  114.6    1.46
  271 CLUS          91 183 269 266 274 275    7.00   48.16   67.3   83.0    1.42

                              ---CLUSTER DECAYS---    

 IHEP    ID      IDPDG IST MO1 MO2 DA1 DA2   P-X     P-Y     P-Z  ENERGY    MASS
  272 OMEGA        223 197 270 262 276 278    5.23   38.94   54.1   66.8    0.78
  273 ETA          221 197 270 262 279 281    4.09   28.11   38.4   47.8    0.55
  274 K*+          323 197 271 264 282 283    4.42   31.15   43.7   53.8    0.89
  275 K-          -321   1 271 264   0   0    2.58   17.01   23.6   29.2    0.49

                           ---STRONG HADRON DECAYS--- 

 IHEP    ID      IDPDG IST MO1 MO2 DA1 DA2   P-X     P-Y     P-Z  ENERGY    MASS
  276 PI+          211   1 272 262   0   0    2.06   17.16   23.7   29.4    0.14
  277 PI-         -211   1 272 262   0   0    2.70   18.76   26.2   32.4    0.14
  278 PI0          111   1 272 262   0   0    0.47    3.02    4.1    5.1    0.13
  279 PI0          111   1 273 262   0   0    0.97    6.05    8.4   10.4    0.13
  280 PI0          111   1 273 262   0   0    2.34   16.13   22.0   27.3    0.13
  281 PI0          111   1 273 262   0   0    0.78    5.93    8.1   10.0    0.13
  282 K0           311 198 274 264 284 284    3.49   22.88   31.9   39.4    0.50
  283 PI+          211   1 274 264   0   0    0.93    8.26   11.8   14.4    0.14
  284 K_L0         130   1 282 264   0   0    3.49   22.88   31.9   39.4    0.50



 EVENT       2: 6500.00 GEV/C P        ON  6500.00 GEV/C P        PROCESS:-18000
 SEEDS:   359934634 &   209936806   STATUS:  100 ERROR:   0  WEIGHT:  5.9391E-04


                               ---INITIAL STATE---    

 IHEP    ID      IDPDG IST MO1 MO2 DA1 DA2   P-X     P-Y     P-Z  ENERGY    MASS
    1 P           2212 101   0   0   0   0    0.00    0.00 6500.0 6500.0    0.94
    2 P           2212 102   0   0   0   0    0.00    0.00-6500.0 6500.0    0.94
    3 CMF            0 103   1   2   0   0    0.00    0.00    0.013000.013000.00

                              ---HARD SUBPROCESS---   

 IHEP    ID      IDPDG IST MO1 MO2 DA1 DA2   P-X     P-Y     P-Z  ENERGY    MASS
    4 DQRK           1 121   6   8  10   9    0.00    0.00  288.2  288.2    0.32
    5 UQRK           2 122   6   9  12   8   -0.00   -0.00-1780.7 1780.7    0.32
    6 HARD           0 120   4   5   7   9   -4.45    2.21-1492.5 2069.0 1432.82
    7 HIGGS         25 123   6   7  20   7  237.48 -160.37  -93.9  326.4  125.00
    8 DQRK           1 124   6   5  21   4 -163.60   61.01-1542.7 1552.5    0.32
    9 UQRK           2 124   6   4  27   5  -73.88   99.36  144.1  190.0    0.32

                              ---PARTON SHOWERS---    

 IHEP    ID      IDPDG IST MO1 MO2 DA1 DA2   P-X     P-Y     P-Z  ENERGY    MASS
   10 DQRK          94 141   4   6  11  11    0.00    0.00  288.3  288.3    0.19
   11 UU          2203   2  10  23  38  37    0.00    0.00 6211.7 6211.7    0.32
   12 UQRK          94 142   5   6  14  19   -4.45    2.21-1780.8 1780.6  -24.68
   13 CONE           0 100   5   8   0   0   -0.94    0.35   -6.6    6.7    0.00
   14 GLUON         21   2  12  15  39  40    0.24    1.62  -34.7   34.8    0.75
   15 GLUON         21   2  12  16  41  42   -2.40   -1.76  -98.0   98.0    0.75
   16 GLUON         21   2  12  17  43  44    4.31    0.95 -188.3  188.4    0.75
   17 GLUON         21   2  12  18  45  46    1.38   -3.42 -475.0  475.0    0.75
   18 GLUON         21   2  12  19  47  48    0.92    0.40 -703.5  703.5    0.75
   19 UD          2101   2  12  29  49  48    0.00    0.00-3219.7 3219.7    0.32
   20 HIGGS         25 195   7   6 177 178  236.38 -159.75  -93.8  325.3  125.00
   21 DQRK          94 144   8   6  23  26 -166.67   62.57-1541.5 1552.3   41.56
   22 CONE           0 100   8   5   0   0    0.29   -0.11   -6.0    6.1    0.00
   23 DQRK           1   2  21  24  50  38 -158.47   55.03-1480.7 1490.2    0.32
   24 GLUON         21   2  21  25  51  52   -2.29    1.86  -14.3   14.6    0.75
   25 GLUON         21   2  21  26  53  54    0.10    0.96  -16.5   16.5    0.75
   26 GLUON         21   2  21  39  55  56   -6.01    4.72  -30.1   31.0    0.75
   27 UQRK          94 144   9   6  29  37  -74.17   99.40  142.9  191.3   28.57
   28 CONE           0 100   9   4   0   0    0.24   -0.32    1.1    1.1    0.00
   29 UQRK           2   2  27  30  57  49  -12.24   17.52   28.3   35.5    0.32
   30 GLUON         21   2  27  31  58  59  -17.04   25.55   43.1   52.9    0.75
   31 DBAR          -1   2  27  32  60  59   -9.44   17.07   21.8   29.3    0.32
   32 DQRK           1   2  27  33  61  60   -0.83    1.73    2.8    3.4    0.32
   33 GLUON         21   2  27  34  62  63  -12.26   16.89   18.8   28.1    0.75
   34 GLUON         21   2  27  35  64  65   -5.54    6.01    6.7   10.6    0.75
   35 GLUON         21   2  27  36  66  67  -12.72   12.05   18.9   25.8    0.75
   36 GLUON         21   2  27  37  68  69   -2.71    1.54    2.2    3.9    0.75
   37 GLUON         21   2  27  38  70  71   -1.38    1.03    0.3    1.9    0.75

                              ---GLUON SPLITTING---   

 IHEP    ID      IDPDG IST MO1 MO2 DA1 DA2   P-X     P-Y     P-Z  ENERGY    MASS
   38 UU          2203 161  10  50 117  85   -0.00    0.00 2056.7 2056.7    0.64
   39 UBAR          -2 158  12  40 102  56   -0.07    0.84  -17.1   17.1    0.32
   40 UQRK           2 158  12  41  94  39    0.31    0.78  -17.6   17.6    0.32
   41 DBAR          -1 158  12  42  94  40   -1.81   -1.27  -73.6   73.7    0.32
   42 DQRK           1 158  12  43  95  41   -0.59   -0.49  -24.3   24.3    0.32
   43 DBAR          -1 158  12  44  95  42    2.47    0.72 -111.7  111.7    0.32
   44 DQRK           1 158  12  45  96  43    1.84    0.22  -76.7   76.7    0.32
   45 DBAR          -1 158  12  46  96  44    0.79   -1.48 -223.8  223.8    0.32
   46 DQRK           1 158  12  47  97  45    0.59   -1.95 -251.2  251.2    0.32
   47 UBAR          -2 158  12  48  97  46    0.60    0.33 -348.2  348.2    0.32
   48 UQRK           2 158  12  49  98  47    0.32    0.07 -355.2  355.2    0.32
   49 UD          2101 162  12  57  98  48    0.00    0.00-3219.7 3219.7    0.32
   50 DQRK           1 158  21  76  99  38  -96.75   33.60 -904.0  909.8    0.32
   51 DBAR          -1 158  21  52 118  87   -0.59    0.33   -4.9    5.0    0.32
   52 DQRK           1 158  21  53 100  51   -1.44    1.03   -9.2    9.3    0.32
   53 UBAR          -2 158  21  54 100  52   -0.03    0.28   -4.2    4.2    0.32
   54 UQRK           2 158  21  78 101  53   -0.07    0.26   -3.8    3.8    0.32
   55 UBAR          -2 158  21  56 114  79   -3.10    2.49  -15.0   15.5    0.32
   56 UQRK           2 158  21  39 102  55   -2.49    1.90  -13.1   13.4    0.32
   57 UQRK           2 158  27  58 103  49  -12.24   17.52   28.3   35.5    0.32
   58 UBAR          -2 158  27  59 103  57  -11.04   16.82   28.1   34.6    0.32
   59 UQRK           2 158  27  60 104  58   -6.00    8.72   14.9   18.3    0.32
   60 DBAR          -1 158  27  61 104  59   -9.44   17.07   21.8   29.3    0.32
   61 DQRK           1 158  27  62 105  60   -0.83    1.73    2.8    3.4    0.32
   62 UBAR          -2 158  27  63 105  61   -8.52   11.50   12.8   19.2    0.32
   63 UQRK           2 158  27  64 106  62   -3.74    5.39    5.9    8.8    0.32
   64 DBAR          -1 158  27  65 106  63   -2.92    3.44    3.8    5.9    0.32
   65 DQRK           1 158  27  66 107  64   -2.62    2.57    3.0    4.7    0.32
   66 DBAR          -1 158  27  67 107  65   -3.32    3.09    5.0    6.8    0.32
   67 DQRK           1 158  27  68 108  66   -9.39    8.96   13.9   19.0    0.32
   68 UBAR          -2 158  27  69 108  67   -1.19    0.65    0.7    1.6    0.32
   69 UQRK           2 158  27  70 109  68   -1.52    0.89    1.4    2.3    0.32
   70 UBAR          -2 158  27  71 109  69   -0.62    0.57   -0.0    0.9    0.32
   71 UQRK           2 158  27  82 110  70   -0.32    0.19    0.3    0.6    0.32
   72 DBAR          -1 159  10  73 115  81   -0.00    0.00 1403.0 1403.0    0.32
   73 DQRK           1 159  27  84 111  72   -0.00    0.00   26.4   26.4    0.32
   74 SBAR          -3 159  21  75 119  89   -1.02    0.51   -8.7    8.8    0.50
   75 SQRK           3 159  21  86 112  74  -19.51    6.78 -182.3  183.5    0.50
   76 SBAR          -3 159  21  77  99  50   -4.08    1.45  -37.9   38.2    0.50
   77 SQRK           3 159  21  88 113  76  -28.63    9.95 -267.5  269.2    0.50
   78 DBAR          -1 159  21  79 101  54   -0.28    0.30   -2.6    2.7    0.32
   79 DQRK           1 159  21  55 114  78    0.06    0.45   -7.9    7.9    0.32
   80 DBAR          -1 159  10  81 120  91   -0.00    0.00   63.0   63.0    0.32
   81 DQRK           1 159  27  72 115  80   -0.00    0.00   16.6   16.6    0.32
   82 DBAR          -1 159  10  83 110  71   -0.06    0.04    0.9    1.0    0.32
   83 DQRK           1 159  27  92 116  82   -0.29    0.17    0.3    0.5    0.32
   84 SBAR          -3 159  10  85 111  73   -0.00    0.00 1844.7 1844.7    0.50
   85 SQRK           3 159  27  38 117  84   -0.00    0.00  768.8  768.8    0.50
   86 UBAR          -2 159  21  87 112  75   -0.55    0.34   -4.3    4.4    0.32
   87 UQRK           2 159  21  51 118  86   -2.24    0.80  -20.8   21.0    0.32
   88 DBAR          -1 159  21  89 113  77   -1.57    0.58  -14.5   14.6    0.32
   89 DQRK           1 159  21  74 119  88   -4.37    1.53  -40.8   41.1    0.32
   90 SBAR          -3 159  10  91 121  93   -0.01    0.00   17.4   17.4    0.50
   91 SQRK           3 159  27  80 120  90   -0.01    0.01    9.7    9.7    0.50
   92 DBAR          -1 159  10  93 116  83   -0.02    0.01    2.3    2.3    0.32
   93 DQRK           1 159  27  90 121  92   -0.03    0.02    2.0    2.0    0.32

                             ---CLUSTER FORMATION---  

 IHEP    ID      IDPDG IST MO1 MO2 DA1 DA2   P-X     P-Y     P-Z  ENERGY    MASS
   94 CLUS          91 183  40  41 122 123   -1.49   -0.49  -91.3   91.3    2.81
   95 CLUS          91 183  42  43 124 125    1.88    0.23 -136.0  136.0    2.91
   96 CLUS          91 183  44  45 126 127    2.63   -1.25 -300.5  300.5    3.05
   97 CLUS          91 183  46  47 128 129    1.19   -1.62 -599.4  599.4    2.66
   98 CLUS          91 185  48  49 130 131    0.32    0.07-3574.9 3574.9    1.46
   99 CLUS          91 183  50  76 132 133 -100.83   35.05 -941.9  948.0    2.52
  100 CLUS          91 183  52  53 134 135   -1.47    1.31  -13.4   13.6    1.19
  101 CLUS          91 183  54  78 136 137   -0.35    0.56   -6.4    6.4    0.72
  102 CLUS          91 183  56  39 138 139   -2.56    2.74  -30.2   30.6    3.17
  103 CLUS          91 183  57  58 140 141  -23.28   34.35   56.5   70.1    1.26
  104 CLUS          91 183  59  60 142 143  -15.44   25.80   36.8   47.6    3.03
  105 CLUS          91 183  61  62 144 145   -9.35   13.23   15.6   22.6    2.33
  106 CLUS          91 183  63  64 146 147   -6.66    8.83    9.7   14.7    0.88
  107 CLUS          91 183  65  66 148 149   -5.95    5.66    8.0   11.5    1.08
  108 CLUS          91 183  67  68 150 151  -10.58    9.61   14.6   20.6    2.40
  109 CLUS          91 183  69  70 152 153   -2.14    1.46    1.4    3.2    1.26
  110 CLUS          91 183  71  82 154 155   -0.39    0.23    1.2    1.5    0.86
  111 CLUS          91 183  73  84 156 157   -0.00    0.00 1871.0 1871.0    2.74
  112 CLUS          91 183  75  86 158 159  -20.06    7.13 -186.6  187.8    2.52
  113 CLUS          91 183  77  88 160 161  -30.20   10.53 -282.0  283.8    1.51
  114 CLUS          91 183  79  55 162 163   -3.04    2.93  -22.9   23.4    2.67
  115 CLUS          91 183  81  72 164 165   -0.00    0.00 1419.6 1419.6    2.98
  116 CLUS          91 183  83  92 166 167   -0.32    0.19    2.6    2.9    1.19
  117 CLUS          91 184  85  38 168 168   -0.00    0.00 2825.6 2825.6    1.19
  118 CLUS          91 183  87  51 169 170   -2.83    1.13  -25.7   25.9    0.87
  119 CLUS          91 183  89  74 171 172   -5.39    2.04  -49.5   49.9    1.32
  120 CLUS          91 183  91  80 173 174   -0.02    0.01   72.6   72.7    1.41
  121 CLUS          91 183  93  90 175 176   -0.04    0.02   19.4   19.4    1.14

                              ---CLUSTER DECAYS---    

 IHEP    ID      IDPDG IST MO1 MO2 DA1 DA2   P-X     P-Y     P-Z  ENERGY    MASS
  122 SIGMA+      3222 197  94  12 234 235   -1.49   -0.61  -61.9   61.9    1.19
  123 SIGMABR0   -3212 197  94  12 236 237   -0.00    0.12  -29.4   29.4    1.19
  124 K*_20        315 197  95  12 238 239    0.94    0.37  -43.9   44.0    1.43
  125 K*BAR0      -313 197  95  12 240 241    0.94   -0.14  -92.0   92.0    0.90
  126 SIGMA0      3212 197  96  12 242 243    1.94   -0.87 -136.1  136.1    1.19
  127 SGMA*BR0   -3214 197  96  12 244 245    0.68   -0.38 -164.4  164.4    1.38
  128 P           2212   1  97  12   0   0   -0.11   -0.08 -144.7  144.7    0.94
  129 DLTABR--   -2224 197  97  12 246 247    1.30   -1.54 -454.7  454.7    1.23
  130 PI+          211   1  98  12   0   0    0.36   -0.26-1466.6 1466.6    0.14
  131 N           2112   1  98  12   0   0   -0.04    0.34-2108.4 2108.4    0.94
  132 DELTA-      1114 197  99  21 248 249  -64.52   22.42 -602.8  606.7    1.23
  133 SIGMABR+   -3112 197  99  21 250 251  -36.31   12.63 -339.1  341.3    1.20
  134 PI0          111   1 100  21   0   0   -0.98    0.93   -5.3    5.5    0.13
  135 PI-         -211   1 100  21   0   0   -0.50    0.38   -8.1    8.1    0.14
  136 PI0          111   1 101  21   0   0    0.01    0.23   -0.7    0.7    0.13
  137 PI+          211   1 101  21   0   0   -0.36    0.33   -5.7    5.7    0.14
  138 DELTA+      2214 197 102  21 252 253    0.11    0.77   -8.2    8.4    1.23
  139 PBAR       -2212   1 102  21   0   0   -2.67    1.96  -21.9   22.2    0.94
  140 RHO+         213 197 103  27 254 255  -16.27   23.63   38.5   48.0    0.77
  141 PI-         -211   1 103  27   0   0   -7.01   10.72   18.0   22.1    0.14
  142 ETA          221 197 104  27 256 258   -4.51    6.69   11.2   13.8    0.55
  143 PI_2+      10215 197 104  27 259 260  -10.93   19.10   25.6   33.8    1.67
  144 DELTA-      1114 197 105  27 261 262   -3.81    5.59    6.9    9.7    1.23
  145 NBAR       -2112   1 105  27   0   0   -5.54    7.64    8.8   12.9    0.94
  146 PI0          111   1 106  27   0   0   -0.86    1.19    1.0    1.8    0.13
  147 PI+          211   1 106  27   0   0   -5.80    7.65    8.7   13.0    0.14
  148 OMEGA        223 197 107  27 263 265   -3.71    3.67    4.9    7.2    0.78
  149 PI0          111   1 107  27   0   0   -2.24    2.00    3.1    4.3    0.13
  150 SIGMA-      3112 197 108  27 266 267   -5.66    4.72    7.6   10.7    1.20
  151 LAMBDABR   -3122 197 108  27 268 269   -4.92    4.89    7.0    9.9    1.12
  152 OMEGA        223 197 109  27 270 272   -1.09    1.12    0.7    1.9    0.78
  153 PI0          111   1 109  27   0   0   -1.05    0.34    0.7    1.3    0.13
  154 PI0          111   1 110  27   0   0   -0.48   -0.18    0.6    0.8    0.13
  155 PI+          211   1 110  27   0   0    0.10    0.41    0.6    0.7    0.14
  156 DELTA-      1114 197 111  27 273 274    0.37   -0.15  609.6  609.6    1.23
  157 SIGMABR+   -3112 197 111  27 275 276   -0.38    0.15 1261.4 1261.4    1.20
  158 KBAR0       -311 197 112  21 277 277   -5.19    0.89  -47.5   47.8    0.50
  159 RHO-        -213 197 112  21 278 279  -14.87    6.24 -139.1  140.0    0.77
  160 K-          -321   1 113  21   0   0  -11.02    3.78 -106.3  106.9    0.49
  161 RHO+         213 197 113  21 280 281  -19.18    6.75 -175.7  176.9    0.77
  162 SIGMA0      3212 197 114  21 282 283   -1.85    1.81  -13.6   13.9    1.19
  163 SGMA*BR-   -3224 197 114  21 284 285   -1.19    1.13   -9.3    9.5    1.38
  164 DELTA0      2114 197 115  27 286 287    0.74    0.56  563.0  563.0    1.23
  165 NBAR       -2112   1 115  27   0   0   -0.74   -0.55  856.6  856.6    0.94
  166 PI0          111   1 116  27   0   0   -0.07    0.30    1.3    1.4    0.13
  167 RHO0         113 197 116  27 288 289   -0.25   -0.11    1.2    1.5    0.77
  168 SIGMA+      3222 196 117  27 290 291   -0.00    0.00 2825.6 2825.6    1.19
  169 PI+          211   1 118  21   0   0   -0.46    0.01   -6.3    6.3    0.14
  170 PI0          111   1 118  21   0   0   -2.37    1.12  -19.5   19.6    0.13
  171 RHO-        -213 197 119  21 292 293   -2.80    0.94  -24.9   25.0    0.77
  172 K+           321   1 119  21   0   0   -2.59    1.10  -24.6   24.8    0.49
  173 K*BAR0      -313 197 120  27 294 295   -0.01   -0.14   70.2   70.2    0.90
  174 PI0          111   1 120  27   0   0   -0.00    0.14    2.5    2.5    0.13
  175 PI0          111   1 121  27   0   0   -0.45    0.02    6.6    6.7    0.13
  176 K0           311 197 121  27 296 296    0.42    0.00   12.8   12.8    0.50

                            ---H/W/Z BOSON DECAYS---  

 IHEP    ID      IDPDG IST MO1 MO2 DA1 DA2   P-X     P-Y     P-Z  ENERGY    MASS
  177 BQRK           5 123  20 178 179 178   84.54  -30.55   24.6   93.3    4.95
  178 BBAR          -5 124  20 177 181 177  151.84 -129.20 -118.5  232.0    4.95

                              ---PARTON SHOWERS---    

 IHEP    ID      IDPDG IST MO1 MO2 DA1 DA2   P-X     P-Y     P-Z  ENERGY    MASS
  179 BQRK          94 143 177  20 180 180   84.25  -30.44   24.6   93.0    4.95
  180 BQRK           5   2 179 183 185 184   84.25  -30.44   24.6   93.0    4.95
  181 BBAR          94 144 178  20 183 184  152.13 -129.31 -118.4  232.3    8.86
  182 CONE           0 100 178 177   0   0    1.37   -0.59    0.2    1.5    0.00
  183 GLUON         21   2 181 184 186 187   43.99  -36.54  -30.6   64.9    0.75
  184 BBAR          -5   2 181 185 188 187  108.14  -92.77  -87.8  167.4    4.95

                              ---GLUON SPLITTING---   

 IHEP    ID      IDPDG IST MO1 MO2 DA1 DA2   P-X     P-Y     P-Z  ENERGY    MASS
  185 BQRK           5 158 179 191 205 188   68.18  -24.69   19.8   75.3    4.95
  186 DBAR          -1 158 181 187 214 204   11.29   -9.28   -7.7   16.5    0.32
  187 DQRK           1 158 181 193 206 186    9.55   -8.03   -6.8   14.2    0.32
  188 BBAR          -5 158 181 185 209 194  100.22  -85.85  -80.7  154.7    4.95
  189 SBAR          -3 159 181 190 208 192    1.57   -0.64    0.3    1.8    0.50
  190 SQRK           3 159 179 195 207 189    1.23   -0.55    0.1    1.4    0.50
  191 DBAR          -1 159 181 192 205 185    2.97   -1.08    0.8    3.3    0.32
  192 DQRK           1 159 179 189 208 191    5.56   -2.01    1.6    6.1    0.32
  193 DBAR          -1 159 181 194 206 187   10.66   -9.18   -8.8   16.6    0.32
  194 DQRK           1 159 181 188 209 193    8.62   -7.26   -6.2   12.9    0.32
  195 UBAR          -2 159 181 196 207 190    1.70   -1.37   -1.1    2.5    0.32
  196 UQRK           2 159 179 199 210 195    1.38   -0.53    0.3    1.6    0.32
  197 DBAR          -1 159 181 198 212 200    4.02   -3.30   -2.7    5.9    0.32
  198 DQRK           1 159 179 201 211 197    1.68   -0.63    0.4    1.9    0.32
  199 UBAR          -2 159 181 200 210 196    0.64   -0.35   -0.1    0.8    0.32
  200 UQRK           2 159 179 197 212 199    0.97   -0.40    0.2    1.1    0.32
  201 UBAR          -2 159 181 202 211 198    1.00   -0.77   -0.6    1.4    0.32
  202 UQRK           2 159 179 203 213 201    0.88   -0.38    0.1    1.0    0.32
  203 UBAR          -2 159 181 204 213 202    3.40   -2.78   -2.3    5.0    0.32
  204 UQRK           2 159 179 186 214 203    0.88   -0.67   -0.5    1.2    0.32

                             ---CLUSTER FORMATION---  

 IHEP    ID      IDPDG IST MO1 MO2 DA1 DA2   P-X     P-Y     P-Z  ENERGY    MASS
  205 CLUS          91 183 185 191 215 215   71.14  -25.77   20.6   78.6    5.28
  206 CLUS          91 183 187 193 216 217   20.20  -17.21  -15.7   30.9    1.13
  207 CLUS          91 183 190 195 218 219    2.93   -1.93   -1.0    3.9    1.43
  208 CLUS          91 183 192 189 220 221    7.13   -2.65    1.9    7.9    1.17
  209 CLUS          91 183 194 188 222 223  108.84  -93.11  -86.9  167.6    5.65
  210 CLUS          91 183 196 199 224 225    2.03   -0.88    0.3    2.4    0.76
  211 CLUS          91 183 198 201 226 227    2.68   -1.40   -0.1    3.3    1.31
  212 CLUS          91 183 200 197 228 229    4.99   -3.70   -2.6    7.0    1.94
  213 CLUS          91 183 202 203 230 231    4.28   -3.16   -2.2    6.0    1.69
  214 CLUS          91 183 204 186 232 233   12.17   -9.95   -8.2   17.8    1.32

                              ---CLUSTER DECAYS---    

 IHEP    ID      IDPDG IST MO1 MO2 DA1 DA2   P-X     P-Y     P-Z  ENERGY    MASS
  215 B_DBAR0     -511 200 205 179 297 297   71.14  -25.77   20.6   78.6    5.28
  216 OMEGA        223 197 206 181 300 302   12.57  -10.90  -10.1   19.5    0.78
  217 PI0          111   1 206 181   0   0    7.63   -6.31   -5.6   11.4    0.13
  218 K-          -321   1 207 179   0   0    0.38   -0.74   -0.2    1.0    0.49
  219 PI0          111   1 207 179   0   0    2.55   -1.19   -0.8    2.9    0.13
  220 PI0          111   1 208 179   0   0    4.27   -1.94    0.9    4.8    0.13
  221 K0           311 197 208 179 303 303    2.86   -0.72    1.0    3.2    0.50
  222 PI0          111   1 209 181   0   0    4.07   -3.42   -2.9    6.1    0.13
  223 B*0          513 197 209 181 304 305  104.77  -89.68  -83.9  161.5    5.32
  224 PI+          211   1 210 179   0   0    0.62    0.05   -0.0    0.6    0.14
  225 PI-         -211   1 210 179   0   0    1.41   -0.93    0.3    1.7    0.14
  226 PI-         -211   1 211 179   0   0    1.53   -0.88    0.2    1.8    0.14
  227 RHO0         113 197 211 179 306 307    1.15   -0.52   -0.3    1.5    0.77
  228 K*+          323 197 212 179 308 309    2.59   -1.71   -1.6    3.6    0.89
  229 K*BAR0      -313 197 212 179 310 311    2.40   -1.99   -0.9    3.4    0.90
  230 PI+          211   1 213 179   0   0    1.21   -0.68   -0.8    1.6    0.14
  231 A_2-        -215 197 213 179 312 313    3.07   -2.48   -1.4    4.4    1.32
  232 PI+          211   1 214 179   0   0    5.90   -4.89   -3.6    8.5    0.14
  233 OMEGA        223 197 214 179 314 316    6.27   -5.06   -4.6    9.3    0.78

                           ---STRONG HADRON DECAYS--- 

 IHEP    ID      IDPDG IST MO1 MO2 DA1 DA2   P-X     P-Y     P-Z  ENERGY    MASS
  234 P           2212   1 122  12   0   0   -1.13   -0.31  -49.3   49.3    0.94
  235 PI0          111   1 122  12   0   0   -0.36   -0.30  -12.5   12.6    0.13
  236 LAMBDABR   -3122 198 123  12 317 318    0.06    0.11  -28.3   28.3    1.12
  237 GAMMA         22   1 123  12   0   0   -0.07    0.01   -1.1    1.1    0.00
  238 K0           311 198 124  12 319 319    0.33    0.42  -14.9   14.9    0.50
  239 OMEGA        223 198 124  12 320 322    0.61   -0.05  -29.1   29.1    0.78
  240 KBAR0       -311 198 125  12 323 323    0.37   -0.16  -32.1   32.1    0.50
  241 PI0          111   1 125  12   0   0    0.57    0.02  -59.9   59.9    0.13
  242 LAMBDA      3122 198 126  12 324 325    1.88   -0.78 -132.1  132.2    1.12
  243 GAMMA         22   1 126  12   0   0    0.06   -0.09   -4.0    4.0    0.00
  244 LAMBDABR   -3122 198 127  12 326 327    0.68   -0.31 -121.3  121.3    1.12
  245 PI0          111   1 127  12   0   0    0.01   -0.07  -43.1   43.1    0.13
  246 PBAR       -2212   1 129  12   0   0    0.87   -1.23 -376.9  376.9    0.94
  247 PI-         -211   1 129  12   0   0    0.44   -0.31  -77.8   77.8    0.14
  248 N           2112   1 132  21   0   0  -44.23   15.43 -411.8  414.5    0.94
  249 PI-         -211   1 132  21   0   0  -20.29    6.98 -191.0  192.2    0.14
  250 NBAR       -2112   1 133  21   0   0  -30.35   10.41 -284.2  286.0    0.94
  251 PI+          211   1 133  21   0   0   -5.95    2.22  -54.9   55.3    0.14
  252 P           2212   1 138  21   0   0    0.10    0.45   -4.9    5.0    0.94
  253 PI0          111   1 138  21   0   0    0.01    0.32   -3.3    3.3    0.13
  254 PI+          211   1 140  27   0   0   -8.24   12.24   19.3   24.3    0.14
  255 PI0          111   1 140  27   0   0   -8.03   11.38   19.2   23.8    0.13
  256 PI+          211   1 142  27   0   0   -1.51    2.29    3.9    4.8    0.14
  257 PI-         -211   1 142  27   0   0   -1.86    2.60    4.5    5.5    0.14
  258 PI0          111   1 142  27   0   0   -1.14    1.80    2.7    3.5    0.13
  259 F_2          225 198 143  27 328 329   -9.73   16.64   22.1   29.3    1.27
  260 PI+          211   1 143  27   0   0   -1.20    2.46    3.5    4.5    0.14
  261 N           2112   1 144  27   0   0   -2.63    4.18    5.2    7.2    0.94
  262 PI-         -211   1 144  27   0   0   -1.18    1.41    1.7    2.5    0.14
  263 PI+          211   1 148  27   0   0   -1.85    1.57    2.5    3.5    0.14
  264 PI-         -211   1 148  27   0   0   -0.60    0.82    0.8    1.3    0.14
  265 PI0          111   1 148  27   0   0   -1.26    1.27    1.6    2.4    0.13
  266 N           2112   1 150  27   0   0   -4.31    3.38    5.8    8.0    0.94
  267 PI-         -211   1 150  27   0   0   -1.35    1.33    1.8    2.6    0.14
  268 PBAR       -2212   1 151  27   0   0   -4.01    3.95    5.5    8.0    0.94
  269 PI+          211   1 151  27   0   0   -0.92    0.94    1.4    2.0    0.14
  270 PI+          211   1 152  27   0   0   -0.33    0.60    0.2    0.7    0.14
  271 PI-         -211   1 152  27   0   0   -0.39    0.29    0.5    0.7    0.14
  272 PI0          111   1 152  27   0   0   -0.36    0.23   -0.0    0.5    0.13
  273 N           2112   1 156  27   0   0    0.46   -0.22  449.4  449.4    0.94
  274 PI-         -211   1 156  27   0   0   -0.09    0.07  160.2  160.2    0.14
  275 NBAR       -2112   1 157  27   0   0   -0.44    0.24 1147.3 1147.3    0.94
  276 PI+          211   1 157  27   0   0    0.07   -0.08  114.1  114.1    0.14
  277 K_L0         130   1 158  21   0   0   -5.19    0.89  -47.5   47.8    0.50
  278 PI-         -211   1 159  21   0   0  -12.76    5.43 -121.4  122.1    0.14
  279 PI0          111   1 159  21   0   0   -2.12    0.81  -17.7   17.9    0.13
  280 PI+          211   1 161  21   0   0   -8.99    3.52  -84.4   85.0    0.14
  281 PI0          111   1 161  21   0   0  -10.19    3.23  -91.3   91.9    0.13
  282 LAMBDA      3122 198 162  21 330 331   -1.80    1.69  -12.7   13.0    1.12
  283 GAMMA         22   1 162  21   0   0   -0.05    0.12   -0.9    0.9    0.00
  284 LAMBDABR   -3122 198 163  21 332 333   -1.16    0.82   -7.8    8.0    1.12
  285 PI-         -211   1 163  21   0   0   -0.03    0.31   -1.5    1.5    0.14
  286 N           2112   1 164  27   0   0    0.42    0.32  457.1  457.1    0.94
  287 PI0          111   1 164  27   0   0    0.32    0.24  105.8  105.8    0.13
  288 PI+          211   1 167  27   0   0   -0.48   -0.00    0.6    0.8    0.14
  289 PI-         -211   1 167  27   0   0    0.23   -0.10    0.6    0.7    0.14
  290 N           2112   1 168  27   0   0   -0.13    0.11 2435.3 2435.3    0.94
  291 PI+          211   1 168  27   0   0    0.13   -0.11  390.2  390.2    0.14
  292 PI-         -211   1 171  21   0   0   -2.46    0.98  -22.8   23.0    0.14
  293 PI0          111   1 171  21   0   0   -0.34   -0.04   -2.0    2.1    0.13
  294 KBAR0       -311 198 173  27 334 334    0.17   -0.12   27.7   27.7    0.50
  295 PI0          111   1 173  27   0   0   -0.18   -0.02   42.5   42.5    0.13
  296 K_S0         310 198 176  27 335 336    0.42    0.00   12.8   12.8    0.50
  297 B_DBAR0     -511 196 215 179 298 299   71.14  -25.77   20.6   78.6    5.28
  298 D+           411 198 297 179 337 339   48.16  -17.56   12.5   52.8    1.87
  299 D*_S-       -433 198 297 179 340 341   22.98   -8.21    8.1   25.8    2.11
  300 PI+          211   1 216 181   0   0    2.02   -1.57   -1.5    3.0    0.14
  301 PI-         -211   1 216 181   0   0    1.73   -1.37   -1.3    2.6    0.14
  302 PI0          111   1 216 181   0   0    8.83   -7.96   -7.3   13.9    0.13
  303 K_L0         130   1 221 179   0   0    2.86   -0.72    1.0    3.2    0.50
  304 B_D0         511 200 223 181 342 342  103.12  -88.28  -82.7  159.0    5.28
  305 GAMMA         22   1 223 181   0   0    1.65   -1.40   -1.3    2.5    0.00
  306 PI+          211   1 227 179   0   0    0.23    0.10    0.1    0.3    0.14
  307 PI-         -211   1 227 179   0   0    0.92   -0.62   -0.5    1.2    0.14
  308 K0           311 198 228 179 343 343    0.85   -0.50   -0.6    1.2    0.50
  309 PI+          211   1 228 179   0   0    1.74   -1.21   -1.1    2.4    0.14
  310 K-          -321   1 229 179   0   0    1.33   -1.48   -0.6    2.1    0.49
  311 PI+          211   1 229 179   0   0    1.06   -0.51   -0.3    1.2    0.14
  312 ETA          221 198 231 179 344 346    1.12   -1.00   -0.1    1.6    0.55
  313 PI-         -211   1 231 179   0   0    1.95   -1.48   -1.3    2.8    0.14
  314 PI+          211   1 233 179   0   0    1.09   -0.92   -0.7    1.6    0.14
  315 PI-         -211   1 233 179   0   0    4.53   -3.78   -3.4    6.8    0.14
  316 PI0          111   1 233 179   0   0    0.65   -0.36   -0.5    0.9    0.13
  317 NBAR       -2112   1 236  12   0   0    0.02   -0.00  -23.5   23.5    0.94
  318 PI0          111   1 236  12   0   0    0.05    0.12   -4.8    4.8    0.13
  319 K_S0         310 198 238  12 347 348    0.33    0.42  -14.9   14.9    0.50
  320 PI+          211   1 239  12   0   0    0.14    0.07  -10.1   10.1    0.14
  321 PI-         -211   1 239  12   0   0    0.41   -0.29  -11.9   12.0    0.14
  322 PI0          111   1 239  12   0   0    0.06    0.17   -7.0    7.0    0.13
  323 K_L0         130   1 240  12   0   0    0.37   -0.16  -32.1   32.1    0.50
  324 N           2112   1 242  12   0   0    1.62   -0.78 -115.8  115.8    0.94
  325 PI0          111   1 242  12   0   0    0.26   -0.00  -16.4   16.4    0.13
  326 NBAR       -2112   1 244  12   0   0    0.49   -0.27  -92.4   92.4    0.94
  327 PI0          111   1 244  12   0   0    0.19   -0.04  -28.9   28.9    0.13
  328 PI+          211   1 259  27   0   0   -2.81    5.92    7.7   10.2    0.14
  329 PI-         -211   1 259  27   0   0   -6.92   10.72   14.3   19.2    0.14
  330 P           2212   1 282  21   0   0   -1.34    1.31   -9.7   10.0    0.94
  331 PI-         -211   1 282  21   0   0   -0.47    0.38   -3.0    3.1    0.14
  332 PBAR       -2212   1 284  21   0   0   -0.98    0.70   -7.0    7.2    0.94
  333 PI+          211   1 284  21   0   0   -0.18    0.12   -0.7    0.8    0.14
  334 K_L0         130   1 294  27   0   0    0.17   -0.12   27.7   27.7    0.50
  335 PI+          211   1 296  27   0   0    0.14   -0.09    9.0    9.0    0.14
  336 PI-         -211   1 296  27   0   0    0.28    0.09    3.7    3.7    0.14
  337 NU_E          12   1 298 179   0   0    4.11   -1.25    1.2    4.5    0.00
  338 E+           -11   1 298 179   0   0   16.71   -5.93    4.9   18.4    0.00
  339 KBAR0       -311 198 298 179 349 349   27.34  -10.38    6.4   29.9    0.50
  340 D_S-        -431 198 299 179 350 353   20.27   -7.33    7.1   22.8    1.97
  341 GAMMA         22   1 299 179   0   0    2.71   -0.88    1.0    3.0    0.00
  342 B_D0         511 199 304 181 354 355  103.12  -88.28  -82.7  159.0    5.28
  343 K_L0         130   1 308 179   0   0    0.85   -0.50   -0.6    1.2    0.50
  344 PI+          211   1 312 179   0   0    0.36   -0.20   -0.0    0.4    0.14
  345 PI-         -211   1 312 179   0   0    0.40   -0.24   -0.0    0.5    0.14
  346 PI0          111   1 312 179   0   0    0.37   -0.56    0.0    0.7    0.13
  347 PI+          211   1 319  12   0   0    0.25    0.30  -13.1   13.1    0.14
  348 PI-         -211   1 319  12   0   0    0.07    0.13   -1.8    1.8    0.14
  349 K_L0         130   1 339 179   0   0   27.34  -10.38    6.4   29.9    0.50
  350 PI-         -211   1 340 179   0   0    2.27   -0.83    0.9    2.6    0.14
  351 PI+          211   1 340 179   0   0   11.51   -3.67    4.4   12.9    0.14
  352 PI-         -211   1 340 179   0   0    1.78   -0.49    0.5    1.9    0.14
  353 PI0          111   1 340 179   0   0    4.71   -2.33    1.3    5.4    0.13

                           ---HEAVY PARTICLE DECAYS---

 IHEP    ID      IDPDG IST MO1 MO2 DA1 DA2   P-X     P-Y     P-Z  ENERGY    MASS
  354 DQRK           1 125 342 358 359 358    6.25   -5.35   -5.0    9.6    0.32
  355 BBAR          -5 155 342 354 356 358   96.87  -82.93  -77.6  149.4    4.96
  356 SBAR          -3 123 355 357 360 357   24.28  -22.35  -21.0   39.1    0.50
  357 CQRK           4 124 355 356 362 356   33.67  -27.84  -26.2   51.0    1.55
  358 CBAR          -4 124 355 355 364 355   38.92  -32.73  -30.4   59.3    1.55
  359 DQRK           1 160 354 368 369 368    6.25   -5.35   -5.0    9.6    0.32

                              ---PARTON SHOWERS---    

 IHEP    ID      IDPDG IST MO1 MO2 DA1 DA2   P-X     P-Y     P-Z  ENERGY    MASS
  360 SBAR          94 143 356 355 361 361   24.28  -22.35  -21.0   39.1    0.50
  361 SBAR          -3   2 360 363 366 363   24.28  -22.35  -21.0   39.1    0.50
  362 CQRK          94 144 357 355 363 363   33.67  -27.84  -26.2   51.0    1.55
  363 CQRK           4   2 362 366 367 366   33.67  -27.84  -26.2   51.0    1.55
  364 CBAR          94 144 358 355 365 365   38.92  -32.73  -30.4   59.3    1.55
  365 CBAR          -4   2 364 359 368 359   38.92  -32.73  -30.4   59.3    1.55

                              ---GLUON SPLITTING---   

 IHEP    ID      IDPDG IST MO1 MO2 DA1 DA2   P-X     P-Y     P-Z  ENERGY    MASS
  366 SBAR          -3 158 360 367 370 367   24.28  -22.35  -21.0   39.1    0.50
  367 CQRK           4 158 362 366 370 366   33.67  -27.84  -26.2   51.0    1.55
  368 CBAR          -4 158 364 359 369 359   38.92  -32.73  -30.4   59.3    1.55

                             ---CLUSTER FORMATION---  

 IHEP    ID      IDPDG IST MO1 MO2 DA1 DA2   P-X     P-Y     P-Z  ENERGY    MASS
  369 CLUS          91 183 359 368 371 371   45.34  -38.20  -35.5   69.2    1.87
  370 CLUS          91 183 367 366 372 373   57.77  -50.08  -47.1   89.9    3.19

                              ---CLUSTER DECAYS---    

 IHEP    ID      IDPDG IST MO1 MO2 DA1 DA2   P-X     P-Y     P-Z  ENERGY    MASS
  371 D-          -411 196 369 354 374 376   45.34  -38.20  -35.5   69.2    1.87
  372 DH_1+      20413 197 370 362 377 378   44.22  -37.75  -35.5   68.2    2.43
  373 K0           311 197 370 362 379 379   13.56  -12.33  -11.6   21.7    0.50

                           ---STRONG HADRON DECAYS--- 

 IHEP    ID      IDPDG IST MO1 MO2 DA1 DA2   P-X     P-Y     P-Z  ENERGY    MASS
  374 NU_EBAR      -12   1 371 354   0   0   20.11  -16.58  -15.3   30.2    0.00
  375 E-            11   1 371 354   0   0    7.88   -7.10   -6.2   12.3    0.00
  376 K*0          313 198 371 354 380 381   17.35  -14.52  -14.0   26.6    0.90
  377 D*0          423 198 372 362 382 383   39.05  -33.02  -31.0   59.8    2.01
  378 PI+          211   1 372 362   0   0    5.17   -4.73   -4.6    8.4    0.14
  379 K_L0         130   1 373 362   0   0   13.56  -12.33  -11.6   21.7    0.50
  380 K+           321   1 376 354   0   0    8.56   -6.94   -7.0   13.1    0.49
  381 PI-         -211   1 376 354   0   0    8.79   -7.58   -6.9   13.5    0.14
  382 D0           421 198 377 362 384 386   36.62  -30.94  -29.1   56.1    1.86
  383 PI0          111   1 377 362   0   0    2.43   -2.08   -1.9    3.7    0.13
  384 NU_MU         14   1 382 362   0   0   15.11  -12.90  -11.9   23.2    0.00
  385 MU+          -13   1 382 362   0   0   11.76   -9.59   -9.1   17.7    0.11
  386 K*-         -323 198 382 362 387 388    9.74   -8.45   -8.0   15.2    0.89
  387 KBAR0       -311 198 386 362 389 389    8.00   -7.19   -6.8   12.8    0.50
  388 PI-         -211   1 386 362   0   0    1.74   -1.26   -1.2    2.5    0.14
  389 K_L0         130   1 387 362   0   0    8.00   -7.19   -6.8   12.8    0.50

 HWWARN CALLED FROM SUBPROGRAM HWBGEN: CODE = 100
 EVENT    6183:   SEEDS = 1653739001 &  997727858  WEIGHT = 0.5939E-03
 EVENT KILLED.   EXECUTION CONTINUES

 HWWARN CALLED FROM SUBPROGRAM HWBTIM: CODE = 101
 EVENT    6808:   SEEDS = 2011993895 &  737033416  WEIGHT = 0.5939E-03
 EVENT KILLED.   EXECUTION CONTINUES

 HWWARN CALLED FROM SUBPROGRAM HWDFIV: CODE = 101
 EVENT    7863:   SEEDS = 1253218143 & 1292245093  WEIGHT = 0.5939E-03
 EVENT KILLED.   EXECUTION CONTINUES

 HWWARN CALLED FROM SUBPROGRAM HWSBRN: CODE = 105
 EVENT    8818:   SEEDS =  443774328 & 1836263321  WEIGHT = 0.5939E-03
 EVENT KILLED.   EXECUTION CONTINUES

          OUTPUT ON LES HOUCHES EVENTS


      PROC CODE  XSECT(pb)        XERR(pb)      Max wgt(nb) No. of events


          OUTPUT ON ELEMENTARY PROCESS

          N.B. NEGATIVE WEIGHTS ALLOWED

          NUMBER OF EVENTS   =        9996
          NEGATIVE  EVENTS   =        2566
          NUMBER OF WEIGHTS  =       10000
          NEGATIVE  WEIGHTS  =        2566
          MEAN VALUE OF WGT  =  2.8911E-04
          RMS SPREAD IN WGT  =  5.1879E-04
          MEAN ABS WEIGHT    =  5.9391E-04
          ACTUAL MAX ABS WGT =  1.0000E+00
          ASSUMED MAXABS WGT =  2.8911E-04

          PROCESS CODE IPROC =      -18000
          CROSS SECTION (PB) =  0.2891    
          ERROR IN C-S  (PB) =  5.1879E-03
          EFFICIENCY PERCENT =   100.0    
 # of events processed=        9996
