 A PDF is used, so alpha_s(MZ) is going to be modified
 Old value of alpha_s from param_card:   0.11799999999999999     
  ****************************************
 
       NNPDFDriver version 1.0.3
   Grid: NNPDF23nlo_as_0119_qed_mem0.grid
  ****************************************
 New value of alpha_s from PDF nn23nlo:  0.11899999999999999     
 *****************************************************
 *               MadGraph/MadEvent                   *
 *        --------------------------------           *
 *          http://madgraph.hep.uiuc.edu             *
 *          http://madgraph.phys.ucl.ac.be           *
 *          http://madgraph.roma2.infn.it            *
 *        --------------------------------           *
 *                                                   *
 *          PARAMETER AND COUPLING VALUES            *
 *                                                   *
 *****************************************************

  External Params
  ---------------------------------
  
 MU_R =    91.188000000000002     
 aEWM1 =    132.50700000000001     
 mdl_Gf =    1.1663900000000000E-005
 aS =   0.11799999999999999     
 mdl_ymb =    4.7000000000000002     
 mdl_ymt =    173.00000000000000     
 mdl_ymtau =    1.7769999999999999     
 mdl_MT =    173.00000000000000     
 mdl_MB =    4.7000000000000002     
 mdl_MZ =    91.188000000000002     
 mdl_MH =    125.00000000000000     
 mdl_MTA =    1.7769999999999999     
 mdl_WT =    1.4915000000000000     
 mdl_WZ =    2.4414039999999999     
 mdl_WW =    2.0476000000000001     
 mdl_WH =    6.3823389999999999E-003
  Internal Params
  ---------------------------------
  
 mdl_conjg__CKM3x3 =    1.0000000000000000     
 mdl_CKM22 =    1.0000000000000000     
 mdl_lhv =    1.0000000000000000     
 mdl_CKM3x3 =    1.0000000000000000     
 mdl_conjg__CKM22 =    1.0000000000000000     
 mdl_conjg__CKM33 =    1.0000000000000000     
 mdl_Ncol =    3.0000000000000000     
 mdl_CA =    3.0000000000000000     
 mdl_TF =   0.50000000000000000     
 mdl_CF =    1.3333333333333333     
 mdl_complexi =                (0.0000000000000000,1.0000000000000000)
 mdl_MZ__exp__2 =    8315.2513440000002     
 mdl_MZ__exp__4 =    69143404.913893804     
 mdl_sqrt__2 =    1.4142135623730951     
 mdl_MH__exp__2 =    15625.000000000000     
 mdl_Ncol__exp__2 =    9.0000000000000000     
 mdl_MB__exp__2 =    22.090000000000003     
 mdl_MT__exp__2 =    29929.000000000000     
 mdl_aEW =    7.5467711139788835E-003
 mdl_MW =    80.419002445756163     
 mdl_sqrt__aEW =    8.6872153846781555E-002
 mdl_ee =   0.30795376724436879     
 mdl_MW__exp__2 =    6467.2159543705357     
 mdl_sw2 =   0.22224648578577766     
 mdl_cw =   0.88190334743339216     
 mdl_sqrt__sw2 =   0.47143025548407230     
 mdl_sw =   0.47143025548407230     
 mdl_g1 =   0.34919219678733299     
 mdl_gw =   0.65323293034757990     
 mdl_v =    246.21845810181637     
 mdl_v__exp__2 =    60623.529110035903     
 mdl_lam =   0.12886910601690263     
 mdl_yb =    2.6995554250465490E-002
 mdl_yt =   0.99366614581500623     
 mdl_ytau =    1.0206617000654717E-002
 mdl_muH =    88.388347648318430     
 mdl_AxialZUp =  -0.18517701861793787     
 mdl_AxialZDown =   0.18517701861793787     
 mdl_VectorZUp =    7.5430507588273299E-002
 mdl_VectorZDown =  -0.13030376310310560     
 mdl_VectorAUp =   0.20530251149624587     
 mdl_VectorADown =  -0.10265125574812294     
 mdl_VectorWmDxU =   0.23095271737156670     
 mdl_AxialWmDxU =  -0.23095271737156670     
 mdl_VectorWpUxD =   0.23095271737156670     
 mdl_AxialWpUxD =  -0.23095271737156670     
 mdl_I1x33 =          (2.69955542504654901E-002,0.0000000000000000)
 mdl_I2x33 =               (0.99366614581500623,0.0000000000000000)
 mdl_I3x33 =               (0.99366614581500623,0.0000000000000000)
 mdl_I4x33 =          (2.69955542504654901E-002,0.0000000000000000)
 mdl_Vector_tbGp =              (-0.96667059156454072,0.0000000000000000)
 mdl_Axial_tbGp =              (-1.0206617000654716,-0.0000000000000000)
 mdl_Vector_tbGm =               (0.96667059156454072,0.0000000000000000)
 mdl_Axial_tbGm =              (-1.0206617000654716,-0.0000000000000000)
 mdl_gw__exp__2 =   0.42671326129048615     
 mdl_cw__exp__2 =   0.77775351421422245     
 mdl_ee__exp__2 =    9.4835522759998875E-002
 mdl_sw__exp__2 =   0.22224648578577769     
 mdl_yb__exp__2 =    7.2875994928982540E-004
 mdl_yt__exp__2 =   0.98737240933884918     
  Internal Params evaluated point by point
  ----------------------------------------
  
 mdl_sqrt__aS =   0.34351128074635334     
 mdl_G__exp__4 =    2.1987899468922913     
 mdl_G__exp__2 =    1.4828317324943823     
 mdl_R2MixedFactor_FIN_ =   -2.5040377713124864E-002
 mdl_GWcft_UV_b_1EPS_ =   -3.1300472141406080E-003
 mdl_GWcft_UV_t_1EPS_ =   -3.1300472141406080E-003
 mdl_bWcft_UV_1EPS_ =   -1.8780283284843650E-002
 mdl_tWcft_UV_1EPS_ =   -1.8780283284843650E-002
 mdl_G__exp__3 =    1.8056676068262196     
 mdl_MU_R__exp__2 =    8315.2513440000002     
 mdl_GWcft_UV_b_FIN_ =   -1.8563438626678915E-002
 mdl_GWcft_UV_t_FIN_ =    4.0087659331150384E-003
 mdl_bWcft_UV_FIN_ =  -0.13642100947319838     
 mdl_tWcft_UV_FIN_ =   -9.8778211443463623E-004
  Couplings of loop_sm
  ---------------------------------
  
    R2_UUZ_V2 =  -0.00000E+00  -0.72127E-02
    R2_UUZ_V5 =   0.00000E+00   0.68702E-03
      R2_sxcW =  -0.00000E+00  -0.11566E-01
         GC_5 =   0.00000E+00   0.12177E+01
        GC_22 =   0.00000E+00   0.28804E+00
        GC_23 =  -0.00000E+00  -0.27437E-01
        GC_31 =   0.00000E+00   0.52532E+02
        GC_32 =   0.00000E+00   0.67544E+02
        GC_47 =   0.00000E+00   0.46191E+00

 Collider parameters:
 --------------------

 Running at P P   machine @    13000.000000000000       GeV
 PDF set = nn23nlo
 alpha_s(Mz)= 0.1190 running at 2 loops.
 alpha_s(Mz)= 0.1190 running at 2 loops.
 Renormalization scale set on event-by-event basis
 Factorization   scale set on event-by-event basis


 ===============================================================
 INFO: MadFKS read these parameters from FKS_params.dat
 ===============================================================
  > IRPoleCheckThreshold      =   -1.0000000000000000     
  > PrecisionVirtualAtRunTime =   -1.0000000000000000     
  > NHelForMCoverHels         =            4
  > VirtualFraction           =    1.0000000000000000     
  > MinVirtualFraction        =    5.0000000000000001E-003
 ===============================================================
  Insert the number of points to test
 Insert the relative tolerance
  A negative number will mean use the default one:   -1.0000000000000000     
Using random seed offsets:     1 ,     42 ,      0
  with seed                15455
 Ranmar initialization seeds       10742       25496
  ========================================================================================== 
 {                                                                                          }
 {       [32m                                                                            [0m       }
 {       [32m                               ,,                                           [0m       }
 {       [32m`7MMM.     ,MMF'             `7MM  `7MMF'                                   [0m       }
 {       [32m  MMMb    dPMM                 MM    MM                                     [0m       }
 {       [32m  M YM   ,M MM   ,6"Yb.   ,M""bMM    MM         ,pW"Wq.   ,pW"Wq.`7MMpdMAo. [0m       }
 {       [32m  M  Mb  M' MM  8)   MM ,AP    MM    MM        6W'   `Wb 6W'   `Wb MM   `Wb [0m       }
 {       [32m  M  YM.P'  MM   ,pm9MM 8MI    MM    MM      , 8M     M8 8M     M8 MM    M8 [0m       }
 {       [32m  M  `YM'   MM  8M   MM `Mb    MM    MM     ,M YA.   ,A9 YA.   ,A9 MM   ,AP [0m       }
 {       [32m.JML. `'  .JMML.`Moo9^Yo.`Wbmd"MML..JMMmmmmMMM  `Ybmd9'   `Ybmd9'  MMbmmd'  [0m       }
 {       [32m                                                                   MM       [0m       }
 {       [32m                                                                 .JMML.     [0m       }
 {       [32m[0mv2.6.7 (2019-10-16), Ref: arXiv:1103.0621v2, arXiv:1405.0301[32m                [0m       }
 {       [32m                                                                            [0m       }
 {                                                                                          }
  ========================================================================================== 
 ===============================================================
 INFO: MadLoop read these parameters from ./MadLoop5_resources/MadLoopParams.dat                                                                                                                                                                                                                                                                                                                                                                                                                                                                                          
 ===============================================================
  > MLReductionLib            = 6|7|1
  > CTModeRun                 =           -1
  > MLStabThres               =    1.0000000000000000E-003
  > NRotations_DP             =            0
  > NRotations_QP             =            0
  > CTStabThres               =    1.0000000000000000E-002
  > CTLoopLibrary             =            2
  > CTModeInit                =            1
  > CheckCycle                =            3
  > MaxAttempts               =           10
  > UseLoopFilter             =  F
  > HelicityFilterLevel       =            2
  > ImprovePSPoint            =            2
  > DoubleCheckHelicityFilter =  T
  > LoopInitStartOver         =  F
  > HelInitStartOver          =  F
  > ZeroThres                 =    1.0000000000000001E-009
  > OSThres                   =    1.0000000000000000E-008
  > WriteOutFilters           =  T
  > UseQPIntegrandForNinja    =  T
  > UseQPIntegrandForCutTools =  T
  > IREGIMODE                 =            2
  > IREGIRECY                 =  T
  > COLLIERMode               =            1
  > COLLIERRequiredAccuracy   =    1.0000000000000000E-008
  > COLLIERCanOutput          =  F
  > COLLIERComputeUVpoles     =  T
  > COLLIERComputeIRpoles     =  T
  > COLLIERGlobalCache        =           -1
  > COLLIERUseCacheForPoles   =  F
  > COLLIERUseInternalStabilityTest =  T
 ===============================================================
  
------------------------------------------------------------------------
|              You are using CutTools - Version 1.9.3                  |
|              Authors: G. Ossola, C. Papadopoulos, R. Pittau          |
|              Published in JHEP 0803:042,2008                         |
|              http://www.ugr.es/~pittau/CutTools                      |
|                                                                      |
|              Compiler with  34  significant digits detetected        |
 ---------------------------------------------------------------------- 
   
########################################################################
#                                                                      #
#                      You are using OneLOop-3.6                       #
#                                                                      #
# for the evaluation of 1-loop scalar 1-, 2-, 3- and 4-point functions #
#                                                                      #
# author: Andreas van Hameren <hamerenREMOVETHIS@ifj.edu.pl>           #
#   date: 18-02-2015                                                   #
#                                                                      #
# Please cite                                                          #
#    A. van Hameren,                                                   #
#      Comput.Phys.Commun. 182 (2011) 2427-2438, arXiv:1007.4716       #
#    A. van Hameren, C.G. Papadopoulos and R. Pittau,                  #
#      JHEP 0909:106,2009, arXiv:0903.4665                             #
# in publications with results obtained with the help of this program. #
#                                                                      #

  +----------------------------------------------------------------+
  |                                                                |
  |  Ninja - version 1.2.0                                         |
  |                                                                |
  |  Author: Tiziano Peraro                                        |
  |                                                                |
  |  Based on:                                                     |
  |                                                                |
  |      P. Mastrolia, E. Mirabella and T. Peraro,                 |
  |      "Integrand reduction of one-loop scattering amplitudes    |
  |      through Laurent series expansion,"                        |
  |      JHEP 1206 (2012) 095  [arXiv:1203.0291 [hep-ph]].         |
  |                                                                |
  |      T. Peraro,                                                |
  |      "Ninja: Automated Integrand Reduction via Laurent         |
  |      Expansion for One-Loop Amplitudes,"                       |
  |      Comput.Phys.Commun. 185 (2014) [arXiv:1403.1229 [hep-ph]] |
  |                                                                |
  +----------------------------------------------------------------+


########################################################################
########################################################################
#                                                                      #
#                      You are using OneLOop-3.6                       #
#                                                                      #
# for the evaluation of 1-loop scalar 1-, 2-, 3- and 4-point functions #
#                                                                      #
# author: Andreas van Hameren <hamerenREMOVETHIS@ifj.edu.pl>           #
#   date: 18-02-2015                                                   #
#                                                                      #
# Please cite                                                          #
#    A. van Hameren,                                                   #
#      Comput.Phys.Commun. 182 (2011) 2427-2438, arXiv:1007.4716       #
#    A. van Hameren, C.G. Papadopoulos and R. Pittau,                  #
#      JHEP 0909:106,2009, arXiv:0903.4665                             #
# in publications with results obtained with the help of this program. #
#                                                                      #
########################################################################
 PASSED  -1.0000000000000000     
 MU_R    =    325.00000000000000     
 ALPHA_S =   0.11799999999999999     
 BORN                    1.2438336125165109E-008
 SINGLE POLE (MadFKS)   -1.0245139052621581E-009
 DOUBLE POLE (MadFKS)   -1.2458425387877611E-009
 SINGLE POLE (MadLoop)  -1.4366335091928266E-009
 DOUBLE POLE (MadLoop)  -1.2458425387877594E-009
 FINITE PART (MadLoop)  -4.4605516539665250E-009
   325.00000000000000        0.0000000000000000        0.0000000000000000        325.00000000000000        0.0000000000000000     
   325.00000000000000        0.0000000000000000        0.0000000000000000       -325.00000000000000        0.0000000000000000     
   145.15735329449231        55.249542331310273       -32.196959939783923       -36.830708088207636        125.00000000000000     
   226.04872373629112        207.20670503135503       -55.204822101574059        71.525062108247354        0.0000000000000000     
   278.79392296921651       -262.45624736266529        87.401782041358047       -34.694354020039704        0.0000000000000000     

 PASSED  -1.0000000000000000     
 MU_R    =    325.00000000000000     
 ALPHA_S =   0.11799999999999999     
 BORN                    5.2339260648406805E-008
 SINGLE POLE (MadFKS)   -1.3011870512936780E-008
 DOUBLE POLE (MadFKS)   -5.2423794234471964E-009
 SINGLE POLE (MadLoop)  -1.3302102006700092E-008
 DOUBLE POLE (MadLoop)  -5.2423794234472369E-009
 FINITE PART (MadLoop)  -3.6845444194857659E-008
   325.00000000000000        0.0000000000000000        0.0000000000000000        325.00000000000000        0.0000000000000000     
   325.00000000000000        0.0000000000000000        0.0000000000000000       -325.00000000000000        0.0000000000000000     
   317.20983545930653       -147.97224333137751       -216.34456511038888        127.65705645516285        125.00000000000000     
   209.68576939414041        99.100711703917540        183.76102689257488       -19.469355962023936        0.0000000000000000     
   123.10439514655309        48.871531627459866        32.583538217813945       -108.18770049313889        0.0000000000000000     

 PASSED  -1.0000000000000000     
 MU_R    =    325.00000000000000     
 ALPHA_S =   0.11799999999999999     
 BORN                    1.3649518220502581E-008
 SINGLE POLE (MadFKS)   -1.4212551862667790E-009
 DOUBLE POLE (MadFKS)   -1.3671563673742585E-009
 SINGLE POLE (MadLoop)  -1.7358240533562830E-009
 DOUBLE POLE (MadLoop)  -1.3671563673742667E-009
 FINITE PART (MadLoop)  -5.0478861607313376E-009
   325.00000000000000        0.0000000000000000        0.0000000000000000        325.00000000000000        0.0000000000000000     
   325.00000000000000        0.0000000000000000        0.0000000000000000       -325.00000000000000        0.0000000000000000     
   251.26273143919286        173.34485090412451        122.70249855030821       -49.026724598144931        125.00000000000000     
   180.62547235965380        38.994288492453293       -171.74578608248021        40.104758982274568        0.0000000000000000     
   218.11179620115328       -212.33913939657788        49.043287532171902        8.9219656158703042        0.0000000000000000     

 PASSED  -1.0000000000000000     
 MU_R    =    325.00000000000000     
 ALPHA_S =   0.11799999999999999     
 BORN                    3.2926742361358967E-009
 SINGLE POLE (MadFKS)   -7.2024127729550249E-010
 DOUBLE POLE (MadFKS)   -3.2979922623647098E-010
 SINGLE POLE (MadLoop)  -6.4040840066486872E-010
 DOUBLE POLE (MadLoop)  -3.2979922623647154E-010
 FINITE PART (MadLoop)  -1.7478606875561588E-009
   325.00000000000000        0.0000000000000000        0.0000000000000000        325.00000000000000        0.0000000000000000     
   325.00000000000000        0.0000000000000000        0.0000000000000000       -325.00000000000000        0.0000000000000000     
   335.49446013768494       -192.17051238043507       -112.08261087973578       -217.80614154081954        125.00000000000000     
   220.69345277858025        125.45289457596691        96.703086885743460        153.67395462019940        0.0000000000000000     
   93.812087083734824        66.717617804468276        15.379523993992329        64.132186920620157        0.0000000000000000     

 PASSED  -1.0000000000000000     
 MU_R    =    325.00000000000000     
 ALPHA_S =   0.11799999999999999     
 BORN                    1.0194107614234139E-006
 SINGLE POLE (MadFKS)   -2.3276645999831174E-007
 DOUBLE POLE (MadFKS)   -1.0210572204346601E-007
 SINGLE POLE (MadLoop)  -2.3431817578065163E-007
 DOUBLE POLE (MadLoop)  -1.0210572204346642E-007
 FINITE PART (MadLoop)  -5.6158813498845462E-007
   325.00000000000000        0.0000000000000000        0.0000000000000000        325.00000000000000        0.0000000000000000     
   325.00000000000000        0.0000000000000000        0.0000000000000000       -325.00000000000000        0.0000000000000000     
   202.02148896509340        55.885624050034991        137.43813787370385        56.349243881531223        125.00000000000000     
   256.57869505187347       -177.32308393748971       -52.879513365767018       -177.74393864101216        0.0000000000000000     
   191.39981598303322        121.43745988745476       -84.558624507936784        121.39469475948094        0.0000000000000000     

 PASSED  -1.0000000000000000     
 MU_R    =    325.00000000000000     
 ALPHA_S =   0.11799999999999999     
 BORN                    1.4758285730884215E-005
 SINGLE POLE (MadFKS)   -5.2052703203270952E-006
 DOUBLE POLE (MadFKS)   -1.4782121963982472E-006
 SINGLE POLE (MadLoop)  -5.2187424952545768E-006
 DOUBLE POLE (MadLoop)  -1.4782121963982426E-006
 FINITE PART (MadLoop)  -1.3521690111378297E-005
   325.00000000000000        0.0000000000000000        0.0000000000000000        325.00000000000000        0.0000000000000000     
   325.00000000000000        0.0000000000000000        0.0000000000000000       -325.00000000000000        0.0000000000000000     
   146.62901429499021       -49.035531714057811       -5.9353966480475293       -58.611906036832018        125.00000000000000     
   273.82194741001297       -10.691326290999337       -90.218609108164955        258.31135669215047        0.0000000000000000     
   229.54903829499682        59.726858005057181        96.154005756212499       -199.69945065531837        0.0000000000000000     

 PASSED  -1.0000000000000000     
 MU_R    =    325.00000000000000     
 ALPHA_S =   0.11799999999999999     
 BORN                    1.5734802312839153E-008
 SINGLE POLE (MadFKS)   -1.5898616933213252E-009
 DOUBLE POLE (MadFKS)   -1.5760215726193723E-009
 SINGLE POLE (MadLoop)  -2.0764992971283803E-009
 DOUBLE POLE (MadLoop)  -1.5760215726193744E-009
 FINITE PART (MadLoop)  -5.9633993570833512E-009
   325.00000000000000        0.0000000000000000        0.0000000000000000        325.00000000000000        0.0000000000000000     
   325.00000000000000        0.0000000000000000        0.0000000000000000       -325.00000000000000        0.0000000000000000     
   174.94339561529853       -56.064114504790851       -84.665085162140841       -68.328837899469605        125.00000000000000     
   285.97076727555088        238.78918522482502        120.32262431641368        101.39758790741855        0.0000000000000000     
   189.08583710915056       -182.72507072003418       -35.657539154272840       -33.068750007948921        0.0000000000000000     

 PASSED  -1.0000000000000000     
 MU_R    =    325.00000000000000     
 ALPHA_S =   0.11799999999999999     
 BORN                    3.0620500209606845E-008
 SINGLE POLE (MadFKS)   -6.2813289613222687E-009
 DOUBLE POLE (MadFKS)   -3.0669955640534980E-009
 SINGLE POLE (MadLoop)  -6.5368406133592297E-009
 DOUBLE POLE (MadLoop)  -3.0669955640535121E-009
 FINITE PART (MadLoop)  -1.6214009125412957E-008
   325.00000000000000        0.0000000000000000        0.0000000000000000        325.00000000000000        0.0000000000000000     
   325.00000000000000        0.0000000000000000        0.0000000000000000       -325.00000000000000        0.0000000000000000     
   311.03537592398192       -256.36702539695887       -83.316845386878114       -91.936155238659239        125.00000000000000     
   259.36935666685946        193.74958492270878        123.17980377431972        120.66605762259218        0.0000000000000000     
   79.595267409158609        62.617440474250117       -39.862958387441616       -28.729902383932863        0.0000000000000000     

 PASSED  -1.0000000000000000     
 MU_R    =    325.00000000000000     
 ALPHA_S =   0.11799999999999999     
 BORN                    8.4714772813698384E-008
 SINGLE POLE (MadFKS)   -1.9470239664925474E-008
 DOUBLE POLE (MadFKS)   -8.4851596365462779E-009
 SINGLE POLE (MadLoop)  -1.9852822134488763E-008
 DOUBLE POLE (MadLoop)  -8.4851596365462961E-009
 FINITE PART (MadLoop)  -4.7487583999525947E-008
   325.00000000000000        0.0000000000000000        0.0000000000000000        325.00000000000000        0.0000000000000000     
   325.00000000000000        0.0000000000000000        0.0000000000000000       -325.00000000000000        0.0000000000000000     
   298.91662138498862       -243.69137969525093        111.55326247994563       -43.549140433790527        125.00000000000000     
   204.53644412775574        121.71847917497497       -107.14182911831975        124.66112969542075        0.0000000000000000     
   146.54693448725570        121.97290052027594       -4.4114333616258872       -81.111989261630214        0.0000000000000000     

 PASSED  -1.0000000000000000     
 MU_R    =    325.00000000000000     
 ALPHA_S =   0.11799999999999999     
 BORN                    3.0359079873436985E-008
 SINGLE POLE (MadFKS)   -4.3085219618145542E-009
 DOUBLE POLE (MadFKS)   -3.0408113082151566E-009
 SINGLE POLE (MadLoop)  -5.3171113002691708E-009
 DOUBLE POLE (MadLoop)  -3.0408113082151918E-009
 FINITE PART (MadLoop)  -1.4857586154657556E-008
   325.00000000000000        0.0000000000000000        0.0000000000000000        325.00000000000000        0.0000000000000000     
   325.00000000000000        0.0000000000000000        0.0000000000000000       -325.00000000000000        0.0000000000000000     
   275.77586496068886       -229.35675429320389        50.596823704872357        72.544940456803062        125.00000000000000     
   297.61372830885517        292.27745626835008       -48.082272982099745       -28.912192239170295        0.0000000000000000     
   76.610406730455978       -62.920701975146173       -2.5145507227725963       -43.632748217632752        0.0000000000000000     

 PASSED  -1.0000000000000000     
 MU_R    =    325.00000000000000     
 ALPHA_S =   0.11799999999999999     
 BORN                    7.0275061570484129E-007
 SINGLE POLE (MadFKS)   -2.4111713516855322E-007
 DOUBLE POLE (MadFKS)   -7.0388563421521141E-008
 SINGLE POLE (MadLoop)  -2.4399306888210124E-007
 DOUBLE POLE (MadLoop)  -7.0388563421525879E-008
 FINITE PART (MadLoop)  -8.4515317335603255E-007
   325.00000000000000        0.0000000000000000        0.0000000000000000        325.00000000000000        0.0000000000000000     
   325.00000000000000        0.0000000000000000        0.0000000000000000       -325.00000000000000        0.0000000000000000     
   314.03517378228605        28.921949082904231       -139.60232865345216       -250.33537718079327        125.00000000000000     
   183.74877029875947       -52.564216338802154        144.87510617131062        100.05906934828717        0.0000000000000000     
   152.21605591895445        23.642267255897867       -5.2727775178584810        150.27630783250615        0.0000000000000000     

 PASSED  -1.0000000000000000     
 MU_R    =    325.00000000000000     
 ALPHA_S =   0.11799999999999999     
 BORN                    1.3084988778427506E-007
 SINGLE POLE (MadFKS)   -2.4732272831437711E-008
 DOUBLE POLE (MadFKS)   -1.3106122455353004E-008
 SINGLE POLE (MadLoop)  -2.5580138131392339E-008
 DOUBLE POLE (MadLoop)  -1.3106122455353273E-008
 FINITE PART (MadLoop)  -6.2937300920087189E-008
   325.00000000000000        0.0000000000000000        0.0000000000000000        325.00000000000000        0.0000000000000000     
   325.00000000000000        0.0000000000000000        0.0000000000000000       -325.00000000000000        0.0000000000000000     
   271.79740055368734       -147.07942707941044       -126.97499304654524       -143.15662827324391        125.00000000000000     
   88.903449310764060       -81.456569441960610        34.637570904483027       -8.2999563815446749        0.0000000000000000     
   289.29915013554859        228.53599652137106        92.337422142062110        151.45658465478860        0.0000000000000000     

 PASSED  -1.0000000000000000     
 MU_R    =    325.00000000000000     
 ALPHA_S =   0.11799999999999999     
 BORN                    9.4970272205881089E-008
 SINGLE POLE (MadFKS)   -1.4407769928671852E-008
 DOUBLE POLE (MadFKS)   -9.5123659502141863E-009
 SINGLE POLE (MadLoop)  -1.4950418485285216E-008
 DOUBLE POLE (MadLoop)  -9.5123659502141631E-009
 FINITE PART (MadLoop)  -3.9193673336480429E-008
   325.00000000000000        0.0000000000000000        0.0000000000000000        325.00000000000000        0.0000000000000000     
   325.00000000000000        0.0000000000000000        0.0000000000000000       -325.00000000000000        0.0000000000000000     
   146.06624450967760       -39.322411100336709        64.294903331528118        5.5010159067660540        125.00000000000000     
   284.34211522993110        42.810008838697684       -263.63079991628967       -97.552770192134005        0.0000000000000000     
   219.59164026039136       -3.4875977383609778        199.33589658476154        92.051754285367906        0.0000000000000000     

 PASSED  -1.0000000000000000     
 MU_R    =    325.00000000000000     
 ALPHA_S =   0.11799999999999999     
 BORN                    2.5870147063650036E-007
 SINGLE POLE (MadFKS)   -6.2720811466602180E-008
 DOUBLE POLE (MadFKS)   -2.5911930158715404E-008
 SINGLE POLE (MadLoop)  -6.3189117210349831E-008
 DOUBLE POLE (MadLoop)  -2.5911930158715278E-008
 FINITE PART (MadLoop)  -1.5305160933236268E-007
   325.00000000000000        0.0000000000000000        0.0000000000000000        325.00000000000000        0.0000000000000000     
   325.00000000000000        0.0000000000000000        0.0000000000000000       -325.00000000000000        0.0000000000000000     
   314.55459354641226        19.511162314998945       -242.84806250969058       -154.80221381348474        125.00000000000000     
   64.837009587030352       -47.654220743692960        38.791691521391833       -20.691005930336654        0.0000000000000000     
   270.60839686655743        28.143058428694015        204.05637098829874        175.49321974382138        0.0000000000000000     

 PASSED  -1.0000000000000000     
 MU_R    =    325.00000000000000     
 ALPHA_S =   0.11799999999999999     
 BORN                    1.8238125083235294E-007
 SINGLE POLE (MadFKS)   -3.1294212097643275E-008
 DOUBLE POLE (MadFKS)   -1.8267581634537147E-008
 SINGLE POLE (MadLoop)  -3.2012861094785272E-008
 DOUBLE POLE (MadLoop)  -1.8267581634537160E-008
 FINITE PART (MadLoop)  -8.0726439227308950E-008
   325.00000000000000        0.0000000000000000        0.0000000000000000        325.00000000000000        0.0000000000000000     
   325.00000000000000        0.0000000000000000        0.0000000000000000       -325.00000000000000        0.0000000000000000     
   154.13418190513329       -1.2760256183587839       -2.5878504905444744        90.133350209700964        125.00000000000000     
   267.96284621771576       -36.573297535057122       -210.39501741593401       -161.86543024086453        0.0000000000000000     
   227.90297187715092        37.849323153415909        212.98286790647850        71.732080031163633        0.0000000000000000     

 PASSED  -1.0000000000000000     
 MU_R    =    325.00000000000000     
 ALPHA_S =   0.11799999999999999     
 BORN                    7.3522996211676648E-007
 SINGLE POLE (MadFKS)   -1.9439101780425651E-007
 DOUBLE POLE (MadFKS)   -7.3641743829641269E-008
 SINGLE POLE (MadLoop)  -1.9522314168041578E-007
 DOUBLE POLE (MadLoop)  -7.3641743829640951E-008
 FINITE PART (MadLoop)  -5.0289621225250932E-007
   325.00000000000000        0.0000000000000000        0.0000000000000000        325.00000000000000        0.0000000000000000     
   325.00000000000000        0.0000000000000000        0.0000000000000000       -325.00000000000000        0.0000000000000000     
   300.33672764395988       -106.53453576332751       -229.92804222694332        101.78721952808910        125.00000000000000     
   168.69311399887800        21.476043920496632        77.165183022158075       -148.46440912663286        0.0000000000000000     
   180.97015835716215        85.058491842830762        152.76285920478520        46.677189598543762        0.0000000000000000     

 PASSED  -1.0000000000000000     
 MU_R    =    325.00000000000000     
 ALPHA_S =   0.11799999999999999     
 BORN                    1.0300124215073247E-007
 SINGLE POLE (MadFKS)   -3.0495502540693368E-008
 DOUBLE POLE (MadFKS)   -1.0316760033501515E-008
 SINGLE POLE (MadLoop)  -3.0816001132300564E-008
 DOUBLE POLE (MadLoop)  -1.0316760033502031E-008
 FINITE PART (MadLoop)  -9.9183449911040616E-008
   325.00000000000000        0.0000000000000000        0.0000000000000000        325.00000000000000        0.0000000000000000     
   325.00000000000000        0.0000000000000000        0.0000000000000000       -325.00000000000000        0.0000000000000000     
   330.64416332085335        26.349841155476255        148.91582452248224       -266.13967351001548        125.00000000000000     
   181.84595562824930       -1.8229502094331027       -123.79793564486569        133.18670940058104        0.0000000000000000     
   137.50988105089732       -24.526890946043153       -25.117888877616551        132.95296410943439        0.0000000000000000     

 PASSED  -1.0000000000000000     
 MU_R    =    325.00000000000000     
 ALPHA_S =   0.11799999999999999     
 BORN                    5.2524944860708305E-008
 SINGLE POLE (MadFKS)   -1.0820575199649300E-008
 DOUBLE POLE (MadFKS)   -5.2609778346927708E-009
 SINGLE POLE (MadLoop)  -1.1552694738781071E-008
 DOUBLE POLE (MadLoop)  -5.2609778346927939E-009
 FINITE PART (MadLoop)  -3.0804366213558493E-008
   325.00000000000000        0.0000000000000000        0.0000000000000000        325.00000000000000        0.0000000000000000     
   325.00000000000000        0.0000000000000000        0.0000000000000000       -325.00000000000000        0.0000000000000000     
   284.26183515578333       -141.93635776176993        170.75641922201541        126.00042287997240        125.00000000000000     
   223.36226824477117        196.26102656370759       -106.02843761337337       -11.414146699414681        0.0000000000000000     
   142.37589659944547       -54.324668801937662       -64.727981608642054       -114.58627618055773        0.0000000000000000     

 PASSED  -1.0000000000000000     
 MU_R    =    325.00000000000000     
 ALPHA_S =   0.11799999999999999     
 BORN                    2.6762218665750448E-008
 SINGLE POLE (MadFKS)   -3.7370807543718389E-009
 DOUBLE POLE (MadFKS)   -2.6805442553265270E-009
 SINGLE POLE (MadLoop)  -4.0226996842398594E-009
 DOUBLE POLE (MadLoop)  -2.6805442553265274E-009
 FINITE PART (MadLoop)  -1.0862435294952547E-008
   325.00000000000000        0.0000000000000000        0.0000000000000000        325.00000000000000        0.0000000000000000     
   325.00000000000000        0.0000000000000000        0.0000000000000000       -325.00000000000000        0.0000000000000000     
   267.71399392908836       -59.094670209506091       -219.62370091221976       -65.719346435532245        125.00000000000000     
   211.20710078543988       -99.977179949105931        185.60920606051596        12.736778917763415        0.0000000000000000     
   171.07890528547179        159.07185015861202        34.014494851703802        52.982567517768786        0.0000000000000000     

 PASSED  -1.0000000000000000     
 MU_R    =    325.00000000000000     
 ALPHA_S =   0.11799999999999999     
 BORN                    5.8108224804087436E-008
 SINGLE POLE (MadFKS)   -1.1270699898597150E-008
 DOUBLE POLE (MadFKS)   -5.8202075893340819E-009
 SINGLE POLE (MadLoop)  -1.2375931289532973E-008
 DOUBLE POLE (MadLoop)  -5.8202075893336683E-009
 FINITE PART (MadLoop)  -3.3980097383938752E-008
   325.00000000000000        0.0000000000000000        0.0000000000000000        325.00000000000000        0.0000000000000000     
   325.00000000000000        0.0000000000000000        0.0000000000000000       -325.00000000000000        0.0000000000000000     
   318.11536655600588       -43.199738902232177        61.207153306356815        282.77173370401272        125.00000000000000     
   180.36928829504535        94.752885150212123       -1.3717516318071579       -153.47015740277504        0.0000000000000000     
   151.51534514894871       -51.553146247979896       -59.835401674549381       -129.30157630123753        0.0000000000000000     

 NUMBER OF POINTS PASSING THE CHECK          20
 NUMBER OF POINTS FAILING THE CHECK           0
 TOLERANCE   -1.0000000000000000     
