 A PDF is used, so alpha_s(MZ) is going to be modified
 Old value of alpha_s from param_card:   0.11799999999999999     
  ****************************************
 
       NNPDFDriver version 1.0.3
   Grid: NNPDF23nlo_as_0119_qed_mem0.grid
  ****************************************
 New value of alpha_s from PDF nn23nlo:  0.11899999999999999     
 *****************************************************
 *               MadGraph/MadEvent                   *
 *        --------------------------------           *
 *          http://madgraph.hep.uiuc.edu             *
 *          http://madgraph.phys.ucl.ac.be           *
 *          http://madgraph.roma2.infn.it            *
 *        --------------------------------           *
 *                                                   *
 *          PARAMETER AND COUPLING VALUES            *
 *                                                   *
 *****************************************************

  External Params
  ---------------------------------
  
 MU_R =    91.188000000000002     
 aEWM1 =    132.50700000000001     
 mdl_Gf =    1.1663900000000000E-005
 aS =   0.11799999999999999     
 mdl_ymb =    4.7000000000000002     
 mdl_ymt =    173.00000000000000     
 mdl_ymtau =    1.7769999999999999     
 mdl_MT =    173.00000000000000     
 mdl_MB =    4.7000000000000002     
 mdl_MZ =    91.188000000000002     
 mdl_MH =    125.00000000000000     
 mdl_MTA =    1.7769999999999999     
 mdl_WT =    1.4915000000000000     
 mdl_WZ =    2.4414039999999999     
 mdl_WW =    2.0476000000000001     
 mdl_WH =    6.3823389999999999E-003
  Internal Params
  ---------------------------------
  
 mdl_conjg__CKM3x3 =    1.0000000000000000     
 mdl_CKM22 =    1.0000000000000000     
 mdl_lhv =    1.0000000000000000     
 mdl_CKM3x3 =    1.0000000000000000     
 mdl_conjg__CKM22 =    1.0000000000000000     
 mdl_conjg__CKM33 =    1.0000000000000000     
 mdl_Ncol =    3.0000000000000000     
 mdl_CA =    3.0000000000000000     
 mdl_TF =   0.50000000000000000     
 mdl_CF =    1.3333333333333333     
 mdl_complexi =                (0.0000000000000000,1.0000000000000000)
 mdl_MZ__exp__2 =    8315.2513440000002     
 mdl_MZ__exp__4 =    69143404.913893804     
 mdl_sqrt__2 =    1.4142135623730951     
 mdl_MH__exp__2 =    15625.000000000000     
 mdl_Ncol__exp__2 =    9.0000000000000000     
 mdl_MB__exp__2 =    22.090000000000003     
 mdl_MT__exp__2 =    29929.000000000000     
 mdl_aEW =    7.5467711139788835E-003
 mdl_MW =    80.419002445756163     
 mdl_sqrt__aEW =    8.6872153846781555E-002
 mdl_ee =   0.30795376724436879     
 mdl_MW__exp__2 =    6467.2159543705357     
 mdl_sw2 =   0.22224648578577766     
 mdl_cw =   0.88190334743339216     
 mdl_sqrt__sw2 =   0.47143025548407230     
 mdl_sw =   0.47143025548407230     
 mdl_g1 =   0.34919219678733299     
 mdl_gw =   0.65323293034757990     
 mdl_v =    246.21845810181637     
 mdl_v__exp__2 =    60623.529110035903     
 mdl_lam =   0.12886910601690263     
 mdl_yb =    2.6995554250465490E-002
 mdl_yt =   0.99366614581500623     
 mdl_ytau =    1.0206617000654717E-002
 mdl_muH =    88.388347648318430     
 mdl_AxialZUp =  -0.18517701861793787     
 mdl_AxialZDown =   0.18517701861793787     
 mdl_VectorZUp =    7.5430507588273299E-002
 mdl_VectorZDown =  -0.13030376310310560     
 mdl_VectorAUp =   0.20530251149624587     
 mdl_VectorADown =  -0.10265125574812294     
 mdl_VectorWmDxU =   0.23095271737156670     
 mdl_AxialWmDxU =  -0.23095271737156670     
 mdl_VectorWpUxD =   0.23095271737156670     
 mdl_AxialWpUxD =  -0.23095271737156670     
 mdl_I1x33 =          (2.69955542504654901E-002,0.0000000000000000)
 mdl_I2x33 =               (0.99366614581500623,0.0000000000000000)
 mdl_I3x33 =               (0.99366614581500623,0.0000000000000000)
 mdl_I4x33 =          (2.69955542504654901E-002,0.0000000000000000)
 mdl_Vector_tbGp =              (-0.96667059156454072,0.0000000000000000)
 mdl_Axial_tbGp =              (-1.0206617000654716,-0.0000000000000000)
 mdl_Vector_tbGm =               (0.96667059156454072,0.0000000000000000)
 mdl_Axial_tbGm =              (-1.0206617000654716,-0.0000000000000000)
 mdl_gw__exp__2 =   0.42671326129048615     
 mdl_cw__exp__2 =   0.77775351421422245     
 mdl_ee__exp__2 =    9.4835522759998875E-002
 mdl_sw__exp__2 =   0.22224648578577769     
 mdl_yb__exp__2 =    7.2875994928982540E-004
 mdl_yt__exp__2 =   0.98737240933884918     
  Internal Params evaluated point by point
  ----------------------------------------
  
 mdl_sqrt__aS =   0.34351128074635334     
 mdl_G__exp__4 =    2.1987899468922913     
 mdl_G__exp__2 =    1.4828317324943823     
 mdl_R2MixedFactor_FIN_ =   -2.5040377713124864E-002
 mdl_GWcft_UV_b_1EPS_ =   -3.1300472141406080E-003
 mdl_GWcft_UV_t_1EPS_ =   -3.1300472141406080E-003
 mdl_bWcft_UV_1EPS_ =   -1.8780283284843650E-002
 mdl_tWcft_UV_1EPS_ =   -1.8780283284843650E-002
 mdl_G__exp__3 =    1.8056676068262196     
 mdl_MU_R__exp__2 =    8315.2513440000002     
 mdl_GWcft_UV_b_FIN_ =   -1.8563438626678915E-002
 mdl_GWcft_UV_t_FIN_ =    4.0087659331150384E-003
 mdl_bWcft_UV_FIN_ =  -0.13642100947319838     
 mdl_tWcft_UV_FIN_ =   -9.8778211443463623E-004
  Couplings of loop_sm
  ---------------------------------
  
    R2_UUZ_V2 =  -0.00000E+00  -0.72127E-02
    R2_UUZ_V5 =   0.00000E+00   0.68702E-03
      R2_sxcW =  -0.00000E+00  -0.11566E-01
         GC_5 =   0.00000E+00   0.12177E+01
        GC_22 =   0.00000E+00   0.28804E+00
        GC_23 =  -0.00000E+00  -0.27437E-01
        GC_31 =   0.00000E+00   0.52532E+02
        GC_32 =   0.00000E+00   0.67544E+02
        GC_47 =   0.00000E+00   0.46191E+00

 Collider parameters:
 --------------------

 Running at P P   machine @    13000.000000000000       GeV
 PDF set = nn23nlo
 alpha_s(Mz)= 0.1190 running at 2 loops.
 alpha_s(Mz)= 0.1190 running at 2 loops.
 Renormalization scale set on event-by-event basis
 Factorization   scale set on event-by-event basis


 ===============================================================
 INFO: MadFKS read these parameters from FKS_params.dat
 ===============================================================
  > IRPoleCheckThreshold      =   -1.0000000000000000     
  > PrecisionVirtualAtRunTime =   -1.0000000000000000     
  > NHelForMCoverHels         =            4
  > VirtualFraction           =    1.0000000000000000     
  > MinVirtualFraction        =    5.0000000000000001E-003
 ===============================================================
  Insert the number of points to test
 Insert the relative tolerance
  A negative number will mean use the default one:   -1.0000000000000000     
Using random seed offsets:     1 ,     55 ,      0
  with seed                15455
 Ranmar initialization seeds       10742       25509
  ========================================================================================== 
 {                                                                                          }
 {       [32m                                                                            [0m       }
 {       [32m                               ,,                                           [0m       }
 {       [32m`7MMM.     ,MMF'             `7MM  `7MMF'                                   [0m       }
 {       [32m  MMMb    dPMM                 MM    MM                                     [0m       }
 {       [32m  M YM   ,M MM   ,6"Yb.   ,M""bMM    MM         ,pW"Wq.   ,pW"Wq.`7MMpdMAo. [0m       }
 {       [32m  M  Mb  M' MM  8)   MM ,AP    MM    MM        6W'   `Wb 6W'   `Wb MM   `Wb [0m       }
 {       [32m  M  YM.P'  MM   ,pm9MM 8MI    MM    MM      , 8M     M8 8M     M8 MM    M8 [0m       }
 {       [32m  M  `YM'   MM  8M   MM `Mb    MM    MM     ,M YA.   ,A9 YA.   ,A9 MM   ,AP [0m       }
 {       [32m.JML. `'  .JMML.`Moo9^Yo.`Wbmd"MML..JMMmmmmMMM  `Ybmd9'   `Ybmd9'  MMbmmd'  [0m       }
 {       [32m                                                                   MM       [0m       }
 {       [32m                                                                 .JMML.     [0m       }
 {       [32m[0mv2.6.7 (2019-10-16), Ref: arXiv:1103.0621v2, arXiv:1405.0301[32m                [0m       }
 {       [32m                                                                            [0m       }
 {                                                                                          }
  ========================================================================================== 
 ===============================================================
 INFO: MadLoop read these parameters from ./MadLoop5_resources/MadLoopParams.dat                                                                                                                                                                                                                                                                                                                                                                                                                                                                                          
 ===============================================================
  > MLReductionLib            = 6|7|1
  > CTModeRun                 =           -1
  > MLStabThres               =    1.0000000000000000E-003
  > NRotations_DP             =            0
  > NRotations_QP             =            0
  > CTStabThres               =    1.0000000000000000E-002
  > CTLoopLibrary             =            2
  > CTModeInit                =            1
  > CheckCycle                =            3
  > MaxAttempts               =           10
  > UseLoopFilter             =  F
  > HelicityFilterLevel       =            2
  > ImprovePSPoint            =            2
  > DoubleCheckHelicityFilter =  T
  > LoopInitStartOver         =  F
  > HelInitStartOver          =  F
  > ZeroThres                 =    1.0000000000000001E-009
  > OSThres                   =    1.0000000000000000E-008
  > WriteOutFilters           =  T
  > UseQPIntegrandForNinja    =  T
  > UseQPIntegrandForCutTools =  T
  > IREGIMODE                 =            2
  > IREGIRECY                 =  T
  > COLLIERMode               =            1
  > COLLIERRequiredAccuracy   =    1.0000000000000000E-008
  > COLLIERCanOutput          =  F
  > COLLIERComputeUVpoles     =  T
  > COLLIERComputeIRpoles     =  T
  > COLLIERGlobalCache        =           -1
  > COLLIERUseCacheForPoles   =  F
  > COLLIERUseInternalStabilityTest =  T
 ===============================================================
  
------------------------------------------------------------------------
|              You are using CutTools - Version 1.9.3                  |
|              Authors: G. Ossola, C. Papadopoulos, R. Pittau          |
|              Published in JHEP 0803:042,2008                         |
|              http://www.ugr.es/~pittau/CutTools                      |
|                                                                      |
|              Compiler with  34  significant digits detetected        |
 ---------------------------------------------------------------------- 
   
########################################################################
#                                                                      #
#                      You are using OneLOop-3.6                       #
#                                                                      #
# for the evaluation of 1-loop scalar 1-, 2-, 3- and 4-point functions #
#                                                                      #
# author: Andreas van Hameren <hamerenREMOVETHIS@ifj.edu.pl>           #
#   date: 18-02-2015                                                   #
#                                                                      #
# Please cite                                                          #
#    A. van Hameren,                                                   #
#      Comput.Phys.Commun. 182 (2011) 2427-2438, arXiv:1007.4716       #
#    A. van Hameren, C.G. Papadopoulos and R. Pittau,                  #
#      JHEP 0909:106,2009, arXiv:0903.4665                             #
# in publications with results obtained with the help of this program. #
#                                                                      #

  +----------------------------------------------------------------+
  |                                                                |
  |  Ninja - version 1.2.0                                         |
  |                                                                |
  |  Author: Tiziano Peraro                                        |
  |                                                                |
  |  Based on:                                                     |
  |                                                                |
  |      P. Mastrolia, E. Mirabella and T. Peraro,                 |
  |      "Integrand reduction of one-loop scattering amplitudes    |
  |      through Laurent series expansion,"                        |
  |      JHEP 1206 (2012) 095  [arXiv:1203.0291 [hep-ph]].         |
  |                                                                |
  |      T. Peraro,                                                |
  |      "Ninja: Automated Integrand Reduction via Laurent         |
  |      Expansion for One-Loop Amplitudes,"                       |
  |      Comput.Phys.Commun. 185 (2014) [arXiv:1403.1229 [hep-ph]] |
  |                                                                |
  +----------------------------------------------------------------+


########################################################################
########################################################################
#                                                                      #
#                      You are using OneLOop-3.6                       #
#                                                                      #
# for the evaluation of 1-loop scalar 1-, 2-, 3- and 4-point functions #
#                                                                      #
# author: Andreas van Hameren <hamerenREMOVETHIS@ifj.edu.pl>           #
#   date: 18-02-2015                                                   #
#                                                                      #
# Please cite                                                          #
#    A. van Hameren,                                                   #
#      Comput.Phys.Commun. 182 (2011) 2427-2438, arXiv:1007.4716       #
#    A. van Hameren, C.G. Papadopoulos and R. Pittau,                  #
#      JHEP 0909:106,2009, arXiv:0903.4665                             #
# in publications with results obtained with the help of this program. #
#                                                                      #
########################################################################
 PASSED  -1.0000000000000000     
 MU_R    =    325.00000000000000     
 ALPHA_S =   0.11799999999999999     
 BORN                    5.7702332712572993E-006
 SINGLE POLE (MadFKS)   -1.7262859989003206E-006
 DOUBLE POLE (MadFKS)   -5.7795528242049141E-007
 SINGLE POLE (MadLoop)  -1.7311348854231970E-006
 DOUBLE POLE (MadLoop)  -5.7795528242049088E-007
 FINITE PART (MadLoop)  -4.7121715020899055E-006
   325.00000000000000        0.0000000000000000        0.0000000000000000        325.00000000000000        0.0000000000000000     
   325.00000000000000        0.0000000000000000        0.0000000000000000       -325.00000000000000        0.0000000000000000     
   215.65821150127454        92.838508409398344        100.04072886981311       -110.70830190840739        125.00000000000000     
   221.56316170689732       -143.60622753051553       -141.63071610959128       -91.696381031613825        0.0000000000000000     
   212.77862679182809        50.767719121117210        41.589987239778132        202.40468294002119        0.0000000000000000     

 PASSED  -1.0000000000000000     
 MU_R    =    325.00000000000000     
 ALPHA_S =   0.11799999999999999     
 BORN                    2.9977340669363638E-008
 SINGLE POLE (MadFKS)   -4.3407208420701000E-009
 DOUBLE POLE (MadFKS)   -3.0025757327835397E-009
 SINGLE POLE (MadLoop)  -5.2846453102290082E-009
 DOUBLE POLE (MadLoop)  -3.0025757327835219E-009
 FINITE PART (MadLoop)  -1.4810805320630661E-008
   325.00000000000000        0.0000000000000000        0.0000000000000000        325.00000000000000        0.0000000000000000     
   325.00000000000000        0.0000000000000000        0.0000000000000000       -325.00000000000000        0.0000000000000000     
   264.38904896247976       -72.644019201744413        126.02523430447518        181.98092208801233        125.00000000000000     
   247.36070776968552        91.333072260313131       -215.99472515419183       -78.688425866688320        0.0000000000000000     
   138.25024326783472       -18.689053058568721        89.969490849716635       -103.29249622132401        0.0000000000000000     

 PASSED  -1.0000000000000000     
 MU_R    =    325.00000000000000     
 ALPHA_S =   0.11799999999999999     
 BORN                    8.2302911926760070E-008
 SINGLE POLE (MadFKS)   -1.6869249156736244E-008
 DOUBLE POLE (MadFKS)   -8.2435840061444868E-009
 SINGLE POLE (MadLoop)  -1.7651813646943841E-008
 DOUBLE POLE (MadLoop)  -8.2435840061444670E-009
 FINITE PART (MadLoop)  -4.2511254203981704E-008
   325.00000000000000        0.0000000000000000        0.0000000000000000        325.00000000000000        0.0000000000000000     
   325.00000000000000        0.0000000000000000        0.0000000000000000       -325.00000000000000        0.0000000000000000     
   253.46908068651911        33.500136481039362        199.66324965053536       -87.372206443518792        125.00000000000000     
   230.92055918547811       -144.05729310495434       -95.401340461488971        153.20047387641537        0.0000000000000000     
   165.61036012800275        110.55715662391496       -104.26190918904638       -65.828267432896610        0.0000000000000000     

 PASSED  -1.0000000000000000     
 MU_R    =    325.00000000000000     
 ALPHA_S =   0.11799999999999999     
 BORN                    2.7742757706684152E-008
 SINGLE POLE (MadFKS)   -3.8397156708035216E-009
 DOUBLE POLE (MadFKS)   -2.7787565271163078E-009
 SINGLE POLE (MadLoop)  -4.7148576534779227E-009
 DOUBLE POLE (MadLoop)  -2.7787565271163145E-009
 FINITE PART (MadLoop)  -1.3177841982734206E-008
   325.00000000000000        0.0000000000000000        0.0000000000000000        325.00000000000000        0.0000000000000000     
   325.00000000000000        0.0000000000000000        0.0000000000000000       -325.00000000000000        0.0000000000000000     
   256.80318442819629        108.01874704489575        80.338339481480219       -179.44519226959372        125.00000000000000     
   148.68372965462430        56.802276397473612        85.391121680012120        107.65086715072849        0.0000000000000000     
   244.51308591717944       -164.82102344236935       -165.72946116149231        71.794325118865174        0.0000000000000000     

 PASSED  -1.0000000000000000     
 MU_R    =    325.00000000000000     
 ALPHA_S =   0.11799999999999999     
 BORN                    1.3159594402749145E-006
 SINGLE POLE (MadFKS)   -3.4152973389038902E-007
 DOUBLE POLE (MadFKS)   -1.3180848575854497E-007
 SINGLE POLE (MadLoop)  -3.4428705118719890E-007
 DOUBLE POLE (MadLoop)  -1.3180848575854524E-007
 FINITE PART (MadLoop)  -8.2861485631998755E-007
   325.00000000000000        0.0000000000000000        0.0000000000000000        325.00000000000000        0.0000000000000000     
   325.00000000000000        0.0000000000000000        0.0000000000000000       -325.00000000000000        0.0000000000000000     
   277.49846755100941        68.009560723602888        112.40541511602447       -210.04790357424520        125.00000000000000     
   71.933464412850682       -14.226050047435754        65.467287277648325       -26.193073492596703        0.0000000000000000     
   300.56806803613983       -53.783510676167104       -177.87270239367280        236.24097706684191        0.0000000000000000     

 PASSED  -1.0000000000000000     
 MU_R    =    325.00000000000000     
 ALPHA_S =   0.11799999999999999     
 BORN                    1.4432022764757884E-008
 SINGLE POLE (MadFKS)   -1.2287439172847796E-009
 DOUBLE POLE (MadFKS)   -1.4455332047758162E-009
 SINGLE POLE (MadLoop)  -1.5848472489208479E-009
 DOUBLE POLE (MadLoop)  -1.4455332047759356E-009
 FINITE PART (MadLoop)  -5.0249969718938249E-009
   325.00000000000000        0.0000000000000000        0.0000000000000000        325.00000000000000        0.0000000000000000     
   325.00000000000000        0.0000000000000000        0.0000000000000000       -325.00000000000000        0.0000000000000000     
   170.79146238283303       -95.184660018773030        66.302217183822037       -9.4138258156047723        125.00000000000000     
   234.72982262116059        163.06480855705547        168.56379178682914        9.7059742663403341        0.0000000000000000     
   244.47871499600643       -67.880148538282441       -234.86600897065117      -0.29214845073550005        0.0000000000000000     

 PASSED  -1.0000000000000000     
 MU_R    =    325.00000000000000     
 ALPHA_S =   0.11799999999999999     
 BORN                    1.6010402501211445E-005
 SINGLE POLE (MadFKS)   -5.1175685824802928E-006
 DOUBLE POLE (MadFKS)   -1.6036261038779748E-006
 SINGLE POLE (MadLoop)  -5.1251578062363138E-006
 DOUBLE POLE (MadLoop)  -1.6036261038779883E-006
 FINITE PART (MadLoop)  -1.3656008387782523E-005
   325.00000000000000        0.0000000000000000        0.0000000000000000        325.00000000000000        0.0000000000000000     
   325.00000000000000        0.0000000000000000        0.0000000000000000       -325.00000000000000        0.0000000000000000     
   180.30121573609856        27.444063278935360       -117.54018889986466       -48.110869666231032        125.00000000000000     
   247.74994613784671       -21.812782752796622        185.09238614337806       -163.23310605277311        0.0000000000000000     
   221.94883812605471       -5.6312805261387355       -67.552197243513461        211.34397571900416        0.0000000000000000     

 PASSED  -1.0000000000000000     
 MU_R    =    325.00000000000000     
 ALPHA_S =   0.11799999999999999     
 BORN                    1.8523318265080971E-008
 SINGLE POLE (MadFKS)   -2.4443551642922993E-009
 DOUBLE POLE (MadFKS)   -1.8553235434322092E-009
 SINGLE POLE (MadLoop)  -2.8973399983758336E-009
 DOUBLE POLE (MadLoop)  -1.8553235434322199E-009
 FINITE PART (MadLoop)  -7.9777987731146191E-009
   325.00000000000000        0.0000000000000000        0.0000000000000000        325.00000000000000        0.0000000000000000     
   325.00000000000000        0.0000000000000000        0.0000000000000000       -325.00000000000000        0.0000000000000000     
   286.13735748919311       -130.20153022485871        124.56858657212618        183.79286198714632        125.00000000000000     
   197.90891587068495        182.65076200856470       -10.272414109786762       -75.505732412563219        0.0000000000000000     
   165.95372664012191       -52.449231783705962       -114.29617246233936       -108.28712957458318        0.0000000000000000     

 PASSED  -1.0000000000000000     
 MU_R    =    325.00000000000000     
 ALPHA_S =   0.11799999999999999     
 BORN                    2.3036010108672867E-006
 SINGLE POLE (MadFKS)   -5.8468465771016992E-007
 DOUBLE POLE (MadFKS)   -2.3073215764981246E-007
 SINGLE POLE (MadLoop)  -5.8751968851561113E-007
 DOUBLE POLE (MadLoop)  -2.3073215764981021E-007
 FINITE PART (MadLoop)  -1.4121435973375740E-006
   325.00000000000000        0.0000000000000000        0.0000000000000000        325.00000000000000        0.0000000000000000     
   325.00000000000000        0.0000000000000000        0.0000000000000000       -325.00000000000000        0.0000000000000000     
   210.37485539120340       -45.743758831251107        72.173670309182441       -146.05153071077169        125.00000000000000     
   137.51633823911422       -46.821085797421354        94.359560920891951       -88.401371427492535        0.0000000000000000     
   302.10880636968227        92.564844628672446       -166.53323123007434        234.45290213826422        0.0000000000000000     

 PASSED  -1.0000000000000000     
 MU_R    =    325.00000000000000     
 ALPHA_S =   0.11799999999999999     
 BORN                    2.8907814138880114E-008
 SINGLE POLE (MadFKS)   -3.9886386737260984E-009
 DOUBLE POLE (MadFKS)   -2.8954503395934782E-009
 SINGLE POLE (MadLoop)  -4.5419441756638640E-009
 DOUBLE POLE (MadLoop)  -2.8954503395933822E-009
 FINITE PART (MadLoop)  -1.2128457590714232E-008
   325.00000000000000        0.0000000000000000        0.0000000000000000        325.00000000000000        0.0000000000000000     
   325.00000000000000        0.0000000000000000        0.0000000000000000       -325.00000000000000        0.0000000000000000     
   280.63383141832611       -32.207428065791966        153.16291118170483        196.55572124021614        125.00000000000000     
   228.65861228039194        147.98474678317061       -124.65458530412043       -121.84625579874512        0.0000000000000000     
   140.70755630128190       -115.77731871737866       -28.508325877584355       -74.709465441470911        0.0000000000000000     

 PASSED  -1.0000000000000000     
 MU_R    =    325.00000000000000     
 ALPHA_S =   0.11799999999999999     
 BORN                    1.7332150960928932E-008
 SINGLE POLE (MadFKS)   -3.5173583101171776E-009
 DOUBLE POLE (MadFKS)   -1.7360144265702422E-009
 SINGLE POLE (MadLoop)  -3.5212296182842208E-009
 DOUBLE POLE (MadLoop)  -1.7360144265702358E-009
 FINITE PART (MadLoop)  -8.5766064632271465E-009
   325.00000000000000        0.0000000000000000        0.0000000000000000        325.00000000000000        0.0000000000000000     
   325.00000000000000        0.0000000000000000        0.0000000000000000       -325.00000000000000        0.0000000000000000     
   319.81027005257744        10.553361576748006        290.25812346984037        47.879611008234519        125.00000000000000     
   145.35248509497927       -34.304490244826340       -133.27893336930902        46.768288318775106        0.0000000000000000     
   184.83724485244332        23.751128668078351       -156.97919010053127       -94.647899327009597        0.0000000000000000     

 PASSED  -1.0000000000000000     
 MU_R    =    325.00000000000000     
 ALPHA_S =   0.11799999999999999     
 BORN                    5.5107998346368864E-008
 SINGLE POLE (MadFKS)   -1.0836139584641506E-008
 DOUBLE POLE (MadFKS)   -5.5197003744293471E-009
 SINGLE POLE (MadLoop)  -1.2463411903739390E-008
 DOUBLE POLE (MadLoop)  -5.5197003744290659E-009
 FINITE PART (MadLoop)  -3.2595394679871612E-008
   325.00000000000000        0.0000000000000000        0.0000000000000000        325.00000000000000        0.0000000000000000     
   325.00000000000000        0.0000000000000000        0.0000000000000000       -325.00000000000000        0.0000000000000000     
   317.82162778616816       -102.05254222672228        69.227780166742036        264.91202344721518        125.00000000000000     
   57.027524754549546       -41.331553179935867       -14.361477529527248       -36.573067338326673        0.0000000000000000     
   275.15084745928226        143.38409540665793       -54.866302637214858       -228.33895610888851        0.0000000000000000     

 PASSED  -1.0000000000000000     
 MU_R    =    325.00000000000000     
 ALPHA_S =   0.11799999999999999     
 BORN                    2.4053997283779917E-008
 SINGLE POLE (MadFKS)   -2.9259292142865889E-009
 DOUBLE POLE (MadFKS)   -2.4092847099853149E-009
 SINGLE POLE (MadLoop)  -3.3433781204303796E-009
 DOUBLE POLE (MadLoop)  -2.4092847099853257E-009
 FINITE PART (MadLoop)  -9.2775763026096169E-009
   325.00000000000000        0.0000000000000000        0.0000000000000000        325.00000000000000        0.0000000000000000     
   325.00000000000000        0.0000000000000000        0.0000000000000000       -325.00000000000000        0.0000000000000000     
   244.87822171648253       -148.31883590786205        131.31893935688839       -71.394695546275429        125.00000000000000     
   142.30026755950453       -105.82707351498753       -93.788429776353709        15.928813478912714        0.0000000000000000     
   262.82151072401285        254.14590942284951       -37.530509580534691        55.465882067362671        0.0000000000000000     

 PASSED  -1.0000000000000000     
 MU_R    =    325.00000000000000     
 ALPHA_S =   0.11799999999999999     
 BORN                    5.7932283656952824E-008
 SINGLE POLE (MadFKS)   -1.1180761087184474E-008
 DOUBLE POLE (MadFKS)   -5.8025850582159582E-009
 SINGLE POLE (MadLoop)  -1.1973773554413100E-008
 DOUBLE POLE (MadLoop)  -5.8025850582159582E-009
 FINITE PART (MadLoop)  -3.0611852761659387E-008
   325.00000000000000        0.0000000000000000        0.0000000000000000        325.00000000000000        0.0000000000000000     
   325.00000000000000        0.0000000000000000        0.0000000000000000       -325.00000000000000        0.0000000000000000     
   252.39398275989157       -55.560338031951588       -202.84841990995639        61.994273213013138        125.00000000000000     
   243.75398783387226       -48.100913310233359        234.23815183202890        47.273639059758651        0.0000000000000000     
   153.85202940623623        103.66125134218493       -31.389731922072500       -109.26791227277181        0.0000000000000000     

 PASSED  -1.0000000000000000     
 MU_R    =    325.00000000000000     
 ALPHA_S =   0.11799999999999999     
 BORN                    5.8472684418477146E-008
 SINGLE POLE (MadFKS)   -8.5029982814977742E-009
 DOUBLE POLE (MadFKS)   -5.8567124149560749E-009
 SINGLE POLE (MadLoop)  -9.0912567514365035E-009
 DOUBLE POLE (MadLoop)  -5.8567124149559549E-009
 FINITE PART (MadLoop)  -2.4998755342670493E-008
   325.00000000000000        0.0000000000000000        0.0000000000000000        325.00000000000000        0.0000000000000000     
   325.00000000000000        0.0000000000000000        0.0000000000000000       -325.00000000000000        0.0000000000000000     
   204.06179888557693        13.478190624226684        124.57271358399315       -101.56867219883807        125.00000000000000     
   273.95230385223101       -25.348289187486266       -272.39334787797787        14.463507632643505        0.0000000000000000     
   171.98589726219205        11.870098563259496        147.82063429398468        87.105164566194603        0.0000000000000000     

 PASSED  -1.0000000000000000     
 MU_R    =    325.00000000000000     
 ALPHA_S =   0.11799999999999999     
 BORN                    2.0387265397763370E-007
 SINGLE POLE (MadFKS)   -3.9491193402937231E-008
 DOUBLE POLE (MadFKS)   -2.0420193043908625E-008
 SINGLE POLE (MadLoop)  -4.0220882663814475E-008
 DOUBLE POLE (MadLoop)  -2.0420193043908599E-008
 FINITE PART (MadLoop)  -1.0096923281388318E-007
   325.00000000000000        0.0000000000000000        0.0000000000000000        325.00000000000000        0.0000000000000000     
   325.00000000000000        0.0000000000000000        0.0000000000000000       -325.00000000000000        0.0000000000000000     
   241.09696017325169        60.766161404226388       -195.66217252634948       -22.946286742021147        125.00000000000000     
   249.89678016722559       -179.95346303328523        156.46245615986612       -74.730527180642028        0.0000000000000000     
   159.00625965952275        119.18730162905884        39.199716366483386        97.676813922663186        0.0000000000000000     

 PASSED  -1.0000000000000000     
 MU_R    =    325.00000000000000     
 ALPHA_S =   0.11799999999999999     
 BORN                    3.3205428196926421E-008
 SINGLE POLE (MadFKS)   -4.3963428839887722E-009
 DOUBLE POLE (MadFKS)   -3.3259058567083376E-009
 SINGLE POLE (MadLoop)  -4.9382385025604781E-009
 DOUBLE POLE (MadLoop)  -3.3259058567083550E-009
 FINITE PART (MadLoop)  -1.3236437010678358E-008
   325.00000000000000        0.0000000000000000        0.0000000000000000        325.00000000000000        0.0000000000000000     
   325.00000000000000        0.0000000000000000        0.0000000000000000       -325.00000000000000        0.0000000000000000     
   247.69377432531601        56.821628225383080       -151.81103357825347       -139.47013475737143        125.00000000000000     
   135.58016903442856       -96.003037916157467       -89.738986480149180        33.351360568778368        0.0000000000000000     
   266.72605664025542        39.181409690774366        241.55002005840262        106.11877418859304        0.0000000000000000     

 PASSED  -1.0000000000000000     
 MU_R    =    325.00000000000000     
 ALPHA_S =   0.11799999999999999     
 BORN                    4.0439000815722357E-008
 SINGLE POLE (MadFKS)   -7.9385572706125347E-009
 DOUBLE POLE (MadFKS)   -4.0504314190682097E-009
 SINGLE POLE (MadLoop)  -8.3414033681564130E-009
 DOUBLE POLE (MadLoop)  -4.0504314190682453E-009
 FINITE PART (MadLoop)  -2.3933603433220967E-008
   325.00000000000000        0.0000000000000000        0.0000000000000000        325.00000000000000        0.0000000000000000     
   325.00000000000000        0.0000000000000000        0.0000000000000000       -325.00000000000000        0.0000000000000000     
   318.90229008601841        164.50861016680994       -223.37848142122013        95.460158396270543        125.00000000000000     
   44.821998451563140       -33.938387397526952       -20.293976669781646       -21.103362693506227        0.0000000000000000     
   286.27571146241843       -130.57022276928305        243.67245809100180       -74.356795702764401        0.0000000000000000     

 PASSED  -1.0000000000000000     
 MU_R    =    325.00000000000000     
 ALPHA_S =   0.11799999999999999     
 BORN                    2.4774719705450591E-006
 SINGLE POLE (MadFKS)   -8.9921844960474670E-007
 DOUBLE POLE (MadFKS)   -2.4814733566451215E-007
 SINGLE POLE (MadLoop)  -9.0646229746669964E-007
 DOUBLE POLE (MadLoop)  -2.4814733566450029E-007
 FINITE PART (MadLoop)  -2.7391743857091170E-006
   325.00000000000000        0.0000000000000000        0.0000000000000000        325.00000000000000        0.0000000000000000     
   325.00000000000000        0.0000000000000000        0.0000000000000000       -325.00000000000000        0.0000000000000000     
   248.69640875926035       -173.03793240376254       -114.14488643047252       -57.041411105954467        125.00000000000000     
   282.64895741787996        198.95202155520229        103.05968584768397        172.29981834433119        0.0000000000000000     
   118.65463382285968       -25.914089151439676        11.085200582788378       -115.25840723837675        0.0000000000000000     

 PASSED  -1.0000000000000000     
 MU_R    =    325.00000000000000     
 ALPHA_S =   0.11799999999999999     
 BORN                    1.9060557313904432E-007
 SINGLE POLE (MadFKS)   -4.7066511007982849E-008
 DOUBLE POLE (MadFKS)   -1.9091342182513268E-008
 SINGLE POLE (MadLoop)  -4.7824662789368385E-008
 DOUBLE POLE (MadLoop)  -1.9091342182513252E-008
 FINITE PART (MadLoop)  -1.1456227730859936E-007
   325.00000000000000        0.0000000000000000        0.0000000000000000        325.00000000000000        0.0000000000000000     
   325.00000000000000        0.0000000000000000        0.0000000000000000       -325.00000000000000        0.0000000000000000     
   286.95415100619374        92.348978405574840        239.55066164330381        28.369551871460637        125.00000000000000     
   177.74847030132568       -90.881996758063678       -110.93645981173455        105.01468108873145        0.0000000000000000     
   185.29737869248061       -1.4669816475112121       -128.61420183156926       -133.38423296019209        0.0000000000000000     

 NUMBER OF POINTS PASSING THE CHECK          20
 NUMBER OF POINTS FAILING THE CHECK           0
 TOLERANCE   -1.0000000000000000     
