 Enter filename for events
 Enter maximum number of events to generate
 MUST coincide with the number of events on tape
 Enter 0 to use Herwig default PDFs
       1 to use PDFs from library
 Enter colliding particles (PART1, PART2)
 Enter beam momenta (PBEAM1, PBEAM2)


          HERWIG 6.521  11th Mar. 2013

          Please reference:  G. Marchesini, B.R. Webber,
          G.Abbiendi, I.G.Knowles, M.H.Seymour & L.Stanco
          Computer Physics Communications 67 (1992) 465
                             and
          G.Corcella, I.G.Knowles, G.Marchesini, S.Moretti,
          K.Odagiri, P.Richardson, M.H.Seymour & B.R.Webber,
          JHEP 0101 (2001) 010
 Enter .TRUE. for underlying event, .FALSE. otherwise

 Underlying event WILL NOT be generated

 Enter Lambda_QCD, <0 for Herwig default
 Enter Z mass, width
 Enter W mass, width
 Enter top mass, width
 Enter Higgs (SM) boson mass, width
 Enter quark (d,u,s,c,b) and gluon masses
 Enter lepton (e,mu,tau) masses
 Enter number of events to print
 Enter accepted error fraction
 Is it single-top (.TRUE. or .FALSE)?
 Is it b-bbar (.TRUE. or .FALSE)?
 Enter the two random seeds (0 0 for default)

          INPUT CONDITIONS FOR THIS RUN

          BEAM 1 (P       ) MOM. =   6500.00
          BEAM 2 (P       ) MOM. =   6500.00
          PROCESS CODE (IPROC)   =  -18000
          NUMBER OF FLAVOURS     =    6
          STRUCTURE FUNCTION SET =    8
          AZIM SPIN CORRELATIONS =    T
          AZIM SOFT CORRELATIONS =    T
          QCD LAMBDA (GEV)       =    0.1800
          DOWN     QUARK  MASS   =    0.3200
          UP       QUARK  MASS   =    0.3200
          STRANGE  QUARK  MASS   =    0.5000
          CHARMED  QUARK  MASS   =    1.5500
          BOTTOM   QUARK  MASS   =    4.9500
          TOP      QUARK  MASS   =  173.0000
          GLUON EFFECTIVE MASS   =    0.7500
          EXTRA SHOWER CUTOFF (Q)=    0.4800
          EXTRA SHOWER CUTOFF (G)=    0.1000
          PHOTON SHOWER CUTOFF   =    0.4000
          CLUSTER MASS PARAMETER =    3.3500
          SPACELIKE EVOLN CUTOFF =    2.5000
          INTRINSIC P-TRAN (RMS) =    0.0000
          DECAY SPIN CORRELATIONS=    T
          SUSY THREE BODY ME     =    T
          SUSY FOUR  BODY ME     =    F

          NO EVENTS WILL BE WRITTEN TO DISK

          B_d: Delt-M/Gam =0.7000 Delt-Gam/2*Gam =0.0000
          B_s: Delt-M/Gam = 10.00 Delt-Gam/2*Gam =0.2000

          PDFLIB NOT USED FOR BEAM 1
          PDFLIB NOT USED FOR BEAM 2


          Checking consistency of particle properties


          Checking consistency of decay tables


          WRITING SUDAKOV TABLE ON UNIT  77

          WRITING MATRIX ELEMENT TABLE ON UNIT  88

          CHECKING SUSY DECAY MATRIX ELEMENTS
 Do you want a stable Pi0 (.TRUE. or .FALSE)?
 Do you want a stable W+ (.TRUE. or .FALSE)?
 Do you want a stable W- (.TRUE. or .FALSE)?
 Do you want a stable Z0 (.TRUE. or .FALSE)?
 Do you want a stable Tau+ (.TRUE. or .FALSE)?
 Do you want a stable Tau- (.TRUE. or .FALSE)?
 Do you want a stable Mu+ (.TRUE. or .FALSE)?
 Do you want a stable Mu- (.TRUE. or .FALSE)?
 Do you want a stable Higgs (.TRUE. or .FALSE)?

          PARTICLE TYPE  21=PI0      SET STABLE
 How many decay modes do you want to set?
 How are the events normalized ("average" or "sum")?
 stdhep initialized

          SUBROUTINE TIMEL CALLED BUT NOT LINKED.
          DUMMY TIMEL WILL BE USED. DELETE DUMMY
          AND LINK CERNLIB FOR CPU TIME REMAINING.

 HWWARN CALLED FROM SUBPROGRAM HWSMRS: CODE =   5
 EVENT       1:   SEEDS = 1973774260 & 1099242306  WEIGHT =-0.5893E-03
 EVENT SURVIVES. EXECUTION CONTINUES
 WARNING: MRST98 CALLED WITH Q OUTSIDE ALLOWED RANGE!
 Q VALUE=1.430E+04, MINIMUM=1.118E+00, MAXIMUM=3.162E+03
 NO FURTHER WARNINGS WILL BE ISSUED



 EVENT       1: 6500.00 GEV/C P        ON  6500.00 GEV/C P        PROCESS:-18000
 SEEDS:  1973774260 &  1099242306   STATUS:  100 ERROR:   0  WEIGHT: -5.8931E-04


                               ---INITIAL STATE---    

 IHEP    ID      IDPDG IST MO1 MO2 DA1 DA2   P-X     P-Y     P-Z  ENERGY    MASS
    1 P           2212 101   0   0   0   0    0.00    0.00 6500.0 6500.0    0.94
    2 P           2212 102   0   0   0   0    0.00    0.00-6500.0 6500.0    0.94
    3 CMF            0 103   1   2   0   0    0.00    0.00    0.013000.013000.00

                              ---HARD SUBPROCESS---   

 IHEP    ID      IDPDG IST MO1 MO2 DA1 DA2   P-X     P-Y     P-Z  ENERGY    MASS
    4 UQRK           2 121   6   8  11  10    0.00    0.00  691.2  691.2    0.32
    5 DQRK           1 122   6   9  13   8    0.00    0.00 -746.7  746.7    0.32
    6 HARD           0 120   4   5   7  10    0.40   -3.05  -55.6 1437.9 1436.82
    7 HIGGS         25 123   6   7  17   7  220.63   42.92   33.8  259.4  125.00
    8 UQRK           2 124   6   5  18   4  -14.12  -46.28 -581.8  583.8    0.32
    9 DQRK           1 124   6  10  22   5 -232.75   -3.65  217.9  318.9    0.32
   10 GLUON         21 124   6   4  26   9   26.25    7.00  274.5  275.8    0.75

                              ---PARTON SHOWERS---    

 IHEP    ID      IDPDG IST MO1 MO2 DA1 DA2   P-X     P-Y     P-Z  ENERGY    MASS
   11 UQRK          94 141   4   6  12  12    0.00    0.00  691.2  691.2    0.29
   12 UD          2101   2  11  20  34  33    0.00    0.00 5808.8 5808.8    0.32
   13 DQRK          94 142   5   6  15  16    0.40   -3.05 -746.8  746.7  -14.31
   14 CONE           0 100   5   8   0   0   -0.29   -0.96   -9.3    9.4    0.00
   15 GLUON         21   2  13  16  35  36   -0.40    3.05  -38.3   38.4    0.75
   16 UU          2203   2  13  24  37  36    0.00    0.00-5714.9 5714.9    0.29
   17 HIGGS         25 195   7   6 169 170  220.59   42.35   33.8  259.3  125.00
   18 UQRK          94 144   8   6  20  21  -13.95  -47.49 -581.5  583.6    2.95
   19 CONE           0 100   8   5   0   0    0.10    0.34   -7.6    7.6    0.00
   20 UQRK           2   2  18  21  38  34  -11.99  -38.00 -461.3  463.0    0.32
   21 GLUON         21   2  18  35  39  40   -1.96   -9.49 -120.2  120.6    0.75
   22 DQRK          94 144   9   6  24  25 -232.54   -4.32  217.8  318.7    1.67
   23 CONE           0 100   9  10   0   0    0.27    0.03    1.1    1.2    0.00
   24 DQRK           1   2  22  25  41  37  -97.94   -1.86   90.9  133.6    0.32
   25 GLUON         21   2  22  28  42  43 -134.60   -2.46  126.9  185.0    0.75
   26 GLUON         94 144  10   6  28  33   26.31    6.41  274.3  276.4   20.50
   27 CONE           0 100  10   9   0   0   -0.96   -0.02    0.5    1.1    0.00
   28 GLUON         21   2  26  29  44  45   -0.03    0.74    7.9    7.9    0.75
   29 UBAR          -2   2  26  30  46  45    1.11   -0.02   11.0   11.0    0.32
   30 UQRK           2   2  26  31  47  46   12.85   -1.51   95.7   96.6    0.32
   31 GLUON         21   2  26  32  48  49    3.04   -1.71   26.4   26.7    0.75
   32 GLUON         21   2  26  33  50  51    1.47   -1.23   12.0   12.2    0.75
   33 GLUON         21   2  26  34  52  53    7.87   10.14  121.3  122.0    0.75

                              ---GLUON SPLITTING---   

 IHEP    ID      IDPDG IST MO1 MO2 DA1 DA2   P-X     P-Y     P-Z  ENERGY    MASS
   34 UD          2101 161  11  38  99  57    0.00    0.00 2377.6 2377.6    0.64
   35 UBAR          -2 158  13  36 102  63   -0.03    0.32   -5.9    6.0    0.32
   36 UQRK           2 158  13  60  88  35   -0.32    1.42  -16.7   16.7    0.32
   37 UU          2203 162  13  41  98  55   -0.00    0.00-1199.2 1199.2    0.64
   38 UQRK           2 158  18  39  89  34  -11.99  -38.00 -461.3  463.0    0.32
   39 UBAR          -2 158  18  40  89  38   -1.27   -6.61  -84.5   84.7    0.32
   40 UQRK           2 158  18  62  90  39   -0.60   -2.50  -31.1   31.2    0.32
   41 DQRK           1 158  22  42  91  37  -97.94   -1.86   90.9  133.6    0.32
   42 DBAR          -1 158  22  43  91  41  -43.48   -0.65   41.0   59.8    0.32
   43 DQRK           1 158  22  66  92  42  -56.94   -1.13   53.7   78.3    0.32
   44 DBAR          -1 158  26  45 108  75   -0.02    0.07    1.9    1.9    0.32
   45 DQRK           1 158  26  46  93  44   -0.03    0.64    5.5    5.5    0.32
   46 UBAR          -2 158  26  47  93  45    1.11   -0.02   11.0   11.0    0.32
   47 UQRK           2 158  26  48  94  46   12.85   -1.51   95.7   96.6    0.32
   48 DBAR          -1 158  26  49  94  47    1.62   -1.13   14.9   15.0    0.32
   49 DQRK           1 158  26  50  95  48    1.42   -0.58   11.5   11.6    0.32
   50 DBAR          -1 158  26  51  95  49    0.69   -0.52    6.6    6.7    0.32
   51 DQRK           1 158  26  68  96  50    0.65   -0.57    4.6    4.7    0.32
   52 UBAR          -2 158  26  53 105  69    3.96    4.84   58.7   59.1    0.32
   53 UQRK           2 158  26  72  97  52    1.13    1.55   18.7   18.8    0.32
   54 UBAR          -2 159  13  55 100  59   -0.00    0.00-3889.0 3889.0    0.32
   55 UQRK           2 159  13  37  98  54   -0.00    0.01  -77.6   77.6    0.32
   56 UBAR          -2 159  11  57 114  87    0.00    0.00 1304.8 1304.8    0.32
   57 UQRK           2 159  26  34  99  56    0.00    0.00  289.4  289.4    0.32
   58 UBAR          -2 159  13  59 101  61   -0.00    0.01  -76.3   76.3    0.32
   59 UQRK           2 159  13  54 100  58   -0.00    0.00 -431.0  431.0    0.32
   60 UBAR          -2 159  13  61  88  36   -0.02    0.08  -14.4   14.4    0.32
   61 UQRK           2 159  13  58 101  60   -0.01    0.04  -29.0   29.0    0.32
   62 DBAR          -1 159  13  63  90  40   -0.04    1.00  -13.9   13.9    0.32
   63 DQRK           1 159  18  35 102  62   -0.07   -0.22   -4.8    4.9    0.32
   64 DBAR          -1 159  26  65 104  67   -0.39    0.00    0.7    0.8    0.32
   65 DQRK           1 159  22  74 103  64  -12.89   -0.26   12.2   17.7    0.32
   66 SBAR          -3 159  26  67  92  43   -4.76   -0.09    4.5    6.6    0.50
   67 SQRK           3 159  22  64 104  66  -12.43   -0.25   11.7   17.1    0.50
   68 UBAR          -2 159  26  69  96  51    0.53    0.57    7.6    7.7    0.32
   69 UQRK           2 159  26  52 105  68    0.28    0.14    3.4    3.5    0.32
   70 SBAR          -3 159  11  71 107  73    0.02    0.03   76.4   76.4    0.50
   71 SQRK           3 159  26  80 106  70    0.63    0.87   12.4   12.5    0.50
   72 UBAR          -2 159  11  73  97  53    0.14    0.19    6.4    6.4    0.32
   73 UQRK           2 159  26  70 107  72    0.79    1.09   13.5   13.6    0.32
   74 DBAR          -1 159  26  75 103  65   -2.16   -0.04    2.1    3.0    0.32
   75 DQRK           1 159  22  44 108  74   -1.52   -0.03    1.5    2.2    0.32
   76 DBAR          -1 159  11  77 110  79    0.00    0.00  297.0  297.0    0.32
   77 DQRK           1 159  26  82 109  76    0.20    0.28    6.1    6.1    0.32
   78 DBAR          -1 159  11  79 111  81    0.00    0.00  397.2  397.2    0.32
   79 DQRK           1 159  26  76 110  78    0.07    0.09    9.9    9.9    0.32
   80 UBAR          -2 159  11  81 106  71    0.06    0.09   10.2   10.2    0.32
   81 UQRK           2 159  26  78 111  80    0.09    0.13    7.7    7.7    0.32
   82 SBAR          -3 159  11  83 109  77    0.01    0.01  170.3  170.3    0.50
   83 SQRK           3 159  26  84 112  82    0.04    0.06   34.5   34.5    0.50
   84 UBAR          -2 159  11  85 112  83    0.00    0.00  371.0  371.0    0.32
   85 UQRK           2 159  26  86 113  84    0.03    0.05   17.2   17.2    0.32
   86 DBAR          -1 159  11  87 113  85    0.00    0.00  342.5  342.5    0.32
   87 DQRK           1 159  26  56 114  86    0.01    0.01   98.5   98.5    0.32

                             ---CLUSTER FORMATION---  

 IHEP    ID      IDPDG IST MO1 MO2 DA1 DA2   P-X     P-Y     P-Z  ENERGY    MASS
   88 CLUS          91 183  36  60 115 116   -0.33    1.50  -31.1   31.1    1.42
   89 CLUS          91 183  38  39 117 118  -13.27  -44.61 -545.8  547.8    2.47
   90 CLUS          91 183  40  62 119 120   -0.64   -1.51  -44.9   45.1    3.26
   91 CLUS          91 183  41  42 121 122 -141.42   -2.51  131.9  193.4    1.03
   92 CLUS          91 183  43  66 123 124  -61.70   -1.22   58.2   84.9    1.83
   93 CLUS          91 183  45  46 125 126    1.08    0.62   16.4   16.5    1.41
   94 CLUS          91 183  47  48 127 128   14.47   -2.63  110.6  111.6    2.63
   95 CLUS          91 183  49  50 129 130    2.11   -1.10   18.1   18.3    0.73
   96 CLUS          91 183  51  68 131 132    1.19    0.00   12.2   12.3    1.42
   97 CLUS          91 183  53  72 133 134    1.26    1.74   25.1   25.2    1.03
   98 CLUS          91 185  55  37 135 136   -0.00    0.02-1276.8 1276.8    1.46
   99 CLUS          91 184  57  34 137 138    0.00    0.00 2667.0 2667.0    1.18
  100 CLUS          91 183  59  54 139 140   -0.00    0.00-4320.0 4320.0    1.07
  101 CLUS          91 183  61  58 141 142   -0.01    0.05 -105.3  105.3    0.72
  102 CLUS          91 183  63  35 143 144   -0.10    0.10  -10.8   10.8    0.84
  103 CLUS          91 183  65  74 145 146  -15.05   -0.30   14.3   20.7    0.91
  104 CLUS          91 183  67  64 147 148  -12.82   -0.24   12.4   17.9    1.89
  105 CLUS          91 183  69  52 149 150    4.24    4.99   62.2   62.6    1.53
  106 CLUS          91 183  71  80 151 152    0.69    0.96   22.6   22.6    1.19
  107 CLUS          91 183  73  70 153 154    0.81    1.12   89.9   90.0    3.34
  108 CLUS          91 183  75  44 155 156   -1.55    0.05    3.4    4.1    1.66
  109 CLUS          91 183  77  82 157 158    0.21    0.29  176.4  176.4    2.54
  110 CLUS          91 183  79  76 159 160    0.07    0.09  306.8  306.8    1.91
  111 CLUS          91 183  81  78 161 162    0.09    0.13  404.9  404.9    2.60
  112 CLUS          91 183  83  84 163 164    0.04    0.06  405.5  405.5    1.76
  113 CLUS          91 183  85  86 165 166    0.04    0.05  359.7  359.7    1.52
  114 CLUS          91 183  87  56 167 168    0.01    0.01 1403.3 1403.3    1.25

                              ---CLUSTER DECAYS---    

 IHEP    ID      IDPDG IST MO1 MO2 DA1 DA2   P-X     P-Y     P-Z  ENERGY    MASS
  115 PI0          111   1  88  13   0   0    0.22   -0.06   -3.8    3.8    0.13
  116 RHO0         113 197  88  13 233 234   -0.56    1.56  -27.3   27.3    0.77
  117 N           2112   1  89  18   0   0  -10.24  -32.86 -399.6  401.1    0.94
  118 NBAR       -2112   1  89  18   0   0   -3.03  -11.75 -146.2  146.7    0.94
  119 PI_2+      10215 197  90  18 235 236   -1.08   -0.69  -27.0   27.1    1.67
  120 B_10       10113 197  90  18 237 238    0.44   -0.82  -17.9   18.0    1.23
  121 PI-         -211   1  91  22   0   0 -104.19   -2.00   96.6  142.1    0.14
  122 PI+          211   1  91  22   0   0  -37.24   -0.51   35.3   51.3    0.14
  123 PI0          111   1  92  22   0   0  -19.44   -0.64   18.3   26.7    0.13
  124 K*_00      10311 197  92  22 239 240  -42.26   -0.58   39.9   58.2    1.43
  125 PI-         -211   1  93  26   0   0   -0.05    0.47    3.7    3.7    0.14
  126 OMEGA        223 197  93  26 241 243    1.13    0.15   12.7   12.8    0.78
  127 F_2          225 197  94  26 244 245   11.89   -1.63   89.3   90.1    1.27
  128 RHO+         213 197  94  26 246 247    2.59   -1.00   21.4   21.5    0.77
  129 PI-         -211   1  95  26   0   0    0.73   -0.62    5.5    5.5    0.14
  130 PI+          211   1  95  26   0   0    1.38   -0.48   12.7   12.8    0.14
  131 ETA          221 197  96  26 248 250    0.34    0.21    3.9    4.0    0.55
  132 RHO-        -213 197  96  26 251 252    0.85   -0.21    8.3    8.4    0.77
  133 K+           321   1  97  26   0   0    0.45    0.74    9.7    9.7    0.49
  134 K-          -321   1  97  26   0   0    0.82    1.01   15.4   15.5    0.49
  135 PI0          111   1  98  13   0   0    0.03   -0.13 -102.1  102.1    0.13
  136 DELTA++     2224 197  98  13 253 254   -0.04    0.15-1174.8 1174.8    1.23
  137 PI+          211   1  99  26   0   0    0.06    0.07  862.7  862.7    0.14
  138 N           2112   1  99  26   0   0   -0.05   -0.07 1804.2 1804.2    0.94
  139 PI+          211   1 100  13   0   0    0.03    0.08-1920.6 1920.6    0.14
  140 RHO-        -213 197 100  13 255 256   -0.03   -0.08-2399.4 2399.4    0.77
  141 PI+          211   1 101  13   0   0    0.24    0.06  -20.4   20.4    0.14
  142 PI-         -211   1 101  13   0   0   -0.25   -0.01  -84.8   84.8    0.14
  143 PI-         -211   1 102  18   0   0    0.04   -0.19   -1.0    1.0    0.14
  144 PI0          111   1 102  18   0   0   -0.14    0.29   -9.8    9.8    0.13
  145 RHO-        -213 197 103  22 257 258  -12.75   -0.27   12.1   17.6    0.77
  146 PI+          211   1 103  22   0   0   -2.29   -0.02    2.2    3.2    0.14
  147 KBAR0       -311 197 104  22 259 259   -8.01   -0.61    8.7   11.9    0.50
  148 PI0          111   1 104  22   0   0   -4.81    0.37    3.7    6.1    0.13
  149 PI+          211   1 105  26   0   0    1.39    1.56   18.4   18.5    0.14
  150 B_1-      -10213 197 105  26 260 261    2.85    3.42   43.8   44.1    1.23
  151 K*BAR0      -313 197 106  26 262 263    0.31    0.77   17.4   17.5    0.90
  152 PI-         -211   1 106  26   0   0    0.38    0.18    5.1    5.1    0.14
  153 DELTA++     2224 197 107  26 264 265    0.66    1.73   62.4   62.4    1.23
  154 SIGMABR-   -3222 197 107  26 266 267    0.15   -0.61   27.5   27.6    1.19
  155 RHO-        -213 197 108  22 268 269   -0.67    0.32    1.8    2.1    0.77
  156 RHO+         213 197 108  22 270 271   -0.87   -0.27    1.7    2.0    0.77
  157 PI_2-     -10215 197 109  26 272 273    0.62    0.54  123.5  123.5    1.67
  158 K+           321   1 109  26   0   0   -0.42   -0.25   52.9   52.9    0.49
  159 RHO-        -213 197 110  26 274 275   -0.49   -0.13  171.6  171.6    0.77
  160 RHO+         213 197 110  26 276 277    0.56    0.22  135.2  135.2    0.77
  161 RHO+         213 197 111  26 278 279   -0.47   -0.83  167.9  167.9    0.77
  162 OMEGA        223 197 111  26 280 282    0.57    0.96  236.9  236.9    0.78
  163 K*-         -323 197 112  26 283 284    0.09    0.48  191.3  191.3    0.89
  164 ETA          221 197 112  26 285 287   -0.05   -0.42  214.2  214.2    0.55
  165 PI0          111   1 113  26   0   0    0.48   -0.28  121.7  121.7    0.13
  166 RHO+         213 197 113  26 288 289   -0.45    0.32  238.0  238.0    0.77
  167 PI0          111   1 114  26   0   0   -0.08   -0.31  657.1  657.1    0.13
  168 RHO-        -213 197 114  26 290 291    0.09    0.31  746.2  746.2    0.77

                            ---H/W/Z BOSON DECAYS---  

 IHEP    ID      IDPDG IST MO1 MO2 DA1 DA2   P-X     P-Y     P-Z  ENERGY    MASS
  169 BQRK           5 123  17 170 171 170   11.22  -18.37  -25.1   33.4    4.95
  170 BBAR          -5 124  17 169 177 169  209.37   60.72   58.8  225.8    4.95

                              ---PARTON SHOWERS---    

 IHEP    ID      IDPDG IST MO1 MO2 DA1 DA2   P-X     P-Y     P-Z  ENERGY    MASS
  171 BQRK          94 143 169  17 173 176   20.27  -14.59  -21.0   42.0   26.48
  172 CONE           0 100 169 170   0   0    0.20    0.83    1.1    1.4    0.00
  173 BQRK           5   2 171 174 183 182   17.05  -12.70  -19.6   29.4    4.95
  174 GLUON         21   2 171 175 184 185   -0.24   -0.71   -5.7    5.8    0.75
  175 GLUON         21   2 171 176 186 187    2.60   -2.41    2.4    4.4    0.75
  176 GLUON         21   2 171 179 188 189    0.86    1.24    1.9    2.5    0.75
  177 BBAR          94 144 170  17 179 182  200.32   56.94   54.8  217.2   28.66
  178 CONE           0 100 170 169   0   0    1.35   -0.27   -0.5    1.5    0.00
  179 GLUON         21   2 177 180 190 191    6.42    2.93    0.9    7.2    0.75
  180 GLUON         21   2 177 181 192 193   75.97   33.23   27.1   87.2    0.75
  181 GLUON         21   2 177 182 194 195   14.95    2.11    3.5   15.5    0.75
  182 BBAR          -5   2 177 183 196 195  102.98   18.66   23.2  107.3    4.95

                              ---GLUON SPLITTING---   

 IHEP    ID      IDPDG IST MO1 MO2 DA1 DA2   P-X     P-Y     P-Z  ENERGY    MASS
  183 BQRK           5 158 171 197 203 196   15.32  -11.44  -17.9   26.7    4.95
  184 UBAR          -2 158 171 185 210 198    0.11   -0.16   -1.1    1.1    0.32
  185 UQRK           2 158 171 199 204 184   -0.27   -0.45   -3.3    3.3    0.32
  186 DBAR          -1 158 171 187 211 200    1.67   -1.41    1.5    2.7    0.32
  187 DQRK           1 158 171 188 205 186    0.69   -0.80    0.7    1.3    0.32
  188 DBAR          -1 158 171 189 205 187    0.51    0.41    0.8    1.1    0.32
  189 DQRK           1 158 171 190 206 188    0.35    0.82    1.1    1.5    0.32
  190 UBAR          -2 158 177 191 206 189    1.69    0.86    0.3    1.9    0.32
  191 UQRK           2 158 177 192 207 190    4.73    2.07    0.6    5.2    0.32
  192 DBAR          -1 158 177 193 207 191   41.32   17.90   14.6   47.3    0.32
  193 DQRK           1 158 177 201 208 192   19.11    8.45    6.9   22.0    0.32
  194 UBAR          -2 158 177 195 212 202    3.11    0.49    0.8    3.3    0.32
  195 UQRK           2 158 177 196 209 194   11.23    1.57    2.6   11.6    0.32
  196 BBAR          -5 158 177 183 209 195  102.98   18.66   23.2  107.3    4.95
  197 SBAR          -3 159 171 198 203 183    0.40   -0.34   -1.1    1.3    0.50
  198 SQRK           3 159 171 184 210 197    1.29   -0.97   -1.6    2.3    0.50
  199 UBAR          -2 159 171 200 204 185    0.15   -0.15    0.0    0.4    0.32
  200 UQRK           2 159 171 186 211 199    0.06   -0.10   -0.2    0.4    0.32
  201 DBAR          -1 159 177 202 208 193    2.25    0.80    0.7    2.5    0.32
  202 DQRK           1 159 177 194 212 201   13.91    6.13    5.0   16.0    0.32

                             ---CLUSTER FORMATION---  

 IHEP    ID      IDPDG IST MO1 MO2 DA1 DA2   P-X     P-Y     P-Z  ENERGY    MASS
  203 CLUS          91 183 183 197 213 214   15.72  -11.78  -19.0   28.0    5.93
  204 CLUS          91 183 185 199 215 216   -0.13   -0.61   -3.3    3.7    1.68
  205 CLUS          91 183 187 188 217 218    1.20   -0.39    1.4    2.4    1.36
  206 CLUS          91 183 189 190 219 220    2.03    1.68    1.4    3.4    1.64
  207 CLUS          91 183 191 192 221 222   46.05   19.97   15.3   52.6    3.15
  208 CLUS          91 183 193 201 223 224   21.36    9.25    7.6   24.5    1.18
  209 CLUS          91 183 195 196 225 226  114.20   20.23   25.8  118.9    5.49
  210 CLUS          91 183 198 184 227 228    1.40   -1.12   -2.6    3.4    1.28
  211 CLUS          91 183 200 186 229 230    1.73   -1.52    1.3    3.1    1.54
  212 CLUS          91 183 202 194 231 232   17.01    6.62    5.8   19.3    2.04

                              ---CLUSTER DECAYS---    

 IHEP    ID      IDPDG IST MO1 MO2 DA1 DA2   P-X     P-Y     P-Z  ENERGY    MASS
  213 B*-         -523 197 203 171 292 293   15.02  -11.24  -17.9   26.5    5.32
  214 K+           321   1 203 171   0   0    0.70   -0.54   -1.1    1.5    0.49
  215 ETA          221 197 204 171 294 296   -0.39    0.01   -0.7    1.0    0.55
  216 OMEGA        223 197 204 171 297 299    0.26   -0.62   -2.5    2.7    0.78
  217 RHO-        -213 197 205 171 300 301    0.26   -0.38    0.6    1.1    0.77
  218 PI+          211   1 205 171   0   0    0.93   -0.01    0.9    1.3    0.14
  219 PI-         -211   1 206 171   0   0    0.71    0.58    0.1    0.9    0.14
  220 HL_10      10223 197 206 171 302 303    1.33    1.10    1.4    2.5    1.17
  221 DELTA0      2114 197 207 177 304 305   36.69   15.57   12.2   41.7    1.23
  222 DELTABR+   -1114 197 207 177 306 307    9.36    4.40    3.1   10.9    1.23
  223 PI-         -211   1 208 177   0   0    7.22    3.48    3.1    8.6    0.14
  224 PI+          211   1 208 177   0   0   14.15    5.77    4.5   15.9    0.14
  225 PI+          211   1 209 177   0   0    4.52    0.64    1.0    4.7    0.14
  226 B_D0         511 200 209 177 308 308  109.68   19.59   24.7  114.2    5.28
  227 K-          -321   1 210 171   0   0    0.92   -1.03   -1.2    1.9    0.49
  228 PI0          111   1 210 171   0   0    0.48   -0.09   -1.5    1.6    0.13
  229 PI0          111   1 211 171   0   0    0.54   -0.57    0.5    1.0    0.13
  230 B_1+       10213 197 211 171 309 310    1.19   -0.95    0.8    2.1    1.23
  231 HL_10      10223 197 212 177 311 312    9.08    2.90    2.9   10.0    1.17
  232 PI-         -211   1 212 177   0   0    7.94    3.73    2.9    9.3    0.14

                           ---STRONG HADRON DECAYS--- 

 IHEP    ID      IDPDG IST MO1 MO2 DA1 DA2   P-X     P-Y     P-Z  ENERGY    MASS
  233 PI+          211   1 116  13   0   0   -0.49    0.81  -19.6   19.6    0.14
  234 PI-         -211   1 116  13   0   0   -0.07    0.74   -7.7    7.7    0.14
  235 F_2          225 198 119  18 313 316   -0.47   -0.50  -19.5   19.5    1.27
  236 PI+          211   1 119  18   0   0   -0.61   -0.19   -7.6    7.6    0.14
  237 OMEGA        223 198 120  18 317 319    0.33   -0.29   -7.9    7.9    0.78
  238 PI0          111   1 120  18   0   0    0.11   -0.53  -10.0   10.0    0.13
  239 K+           321   1 124  22   0   0  -37.07   -0.11   35.1   51.1    0.49
  240 PI-         -211   1 124  22   0   0   -5.19   -0.47    4.8    7.1    0.14
  241 PI+          211   1 126  26   0   0    0.87    0.34    8.9    8.9    0.14
  242 PI-         -211   1 126  26   0   0    0.20   -0.12    2.1    2.2    0.14
  243 PI0          111   1 126  26   0   0    0.06   -0.07    1.7    1.7    0.13
  244 PI+          211   1 127  26   0   0   10.48   -1.13   79.9   80.6    0.14
  245 PI-         -211   1 127  26   0   0    1.40   -0.50    9.3    9.5    0.14
  246 PI+          211   1 128  26   0   0    1.88   -0.57   12.6   12.8    0.14
  247 PI0          111   1 128  26   0   0    0.70   -0.43    8.7    8.8    0.13
  248 PI0          111   1 131  26   0   0    0.01    0.13    1.2    1.2    0.13
  249 PI0          111   1 131  26   0   0    0.21    0.06    2.2    2.2    0.13
  250 PI0          111   1 131  26   0   0    0.11    0.02    0.5    0.6    0.13
  251 PI-         -211   1 132  26   0   0    0.04   -0.30    2.2    2.2    0.14
  252 PI0          111   1 132  26   0   0    0.81    0.09    6.1    6.2    0.13
  253 P           2212   1 136  13   0   0    0.06    0.18-1114.2 1114.2    0.94
  254 PI+          211   1 136  13   0   0   -0.10   -0.03  -60.6   60.6    0.14
  255 PI-         -211   1 140  13   0   0    0.18    0.16 -389.1  389.1    0.14
  256 PI0          111   1 140  13   0   0   -0.21   -0.23-2010.3 2010.3    0.13
  257 PI-         -211   1 145  22   0   0   -9.00   -0.31    8.1   12.1    0.14
  258 PI0          111   1 145  22   0   0   -3.75    0.04    4.0    5.5    0.13
  259 K_L0         130   1 147  22   0   0   -8.01   -0.61    8.7   11.9    0.50
  260 OMEGA        223 198 150  26 320 322    2.54    3.34   40.6   40.8    0.78
  261 PI-         -211   1 150  26   0   0    0.31    0.08    3.3    3.3    0.14
  262 K-          -321   1 151  26   0   0    0.38    0.83   13.7   13.7    0.49
  263 PI+          211   1 151  26   0   0   -0.07   -0.06    3.7    3.7    0.14
  264 P           2212   1 153  26   0   0    0.28    1.30   47.7   47.7    0.94
  265 PI+          211   1 153  26   0   0    0.38    0.43   14.7   14.7    0.14
  266 PBAR       -2212   1 154  26   0   0    0.11   -0.70   24.3   24.4    0.94
  267 PI0          111   1 154  26   0   0    0.04    0.09    3.2    3.2    0.13
  268 PI-         -211   1 155  22   0   0   -0.40    0.45    0.6    0.9    0.14
  269 PI0          111   1 155  22   0   0   -0.27   -0.13    1.1    1.2    0.13
  270 PI+          211   1 156  22   0   0   -0.41    0.08    1.2    1.3    0.14
  271 PI0          111   1 156  22   0   0   -0.46   -0.35    0.4    0.7    0.13
  272 F_2          225 198 157  26 323 324    0.47    0.74   95.8   95.8    1.27
  273 PI-         -211   1 157  26   0   0    0.16   -0.20   27.7   27.7    0.14
  274 PI-         -211   1 159  26   0   0   -0.63   -0.24  136.0  136.0    0.14
  275 PI0          111   1 159  26   0   0    0.15    0.11   35.6   35.6    0.13
  276 PI+          211   1 160  26   0   0    0.14   -0.09    9.8    9.8    0.14
  277 PI0          111   1 160  26   0   0    0.42    0.31  125.4  125.4    0.13
  278 PI+          211   1 161  26   0   0   -0.46   -0.22   48.1   48.1    0.14
  279 PI0          111   1 161  26   0   0   -0.02   -0.61  119.8  119.8    0.13
  280 PI+          211   1 162  26   0   0    0.19    0.10   43.5   43.5    0.14
  281 PI-         -211   1 162  26   0   0    0.27    0.85  175.0  175.0    0.14
  282 PI0          111   1 162  26   0   0    0.11    0.01   18.4   18.4    0.13
  283 K-          -321   1 163  26   0   0   -0.08    0.34   75.7   75.7    0.49
  284 PI0          111   1 163  26   0   0    0.16    0.14  115.7  115.7    0.13
  285 PI0          111   1 164  26   0   0    0.04   -0.05   63.4   63.4    0.13
  286 PI0          111   1 164  26   0   0   -0.08   -0.26  123.8  123.8    0.13
  287 PI0          111   1 164  26   0   0    0.00   -0.11   26.9   26.9    0.13
  288 PI+          211   1 166  26   0   0    0.04   -0.04   11.2   11.2    0.14
  289 PI0          111   1 166  26   0   0   -0.49    0.37  226.8  226.8    0.13
  290 PI-         -211   1 168  26   0   0    0.30    0.18  635.7  635.7    0.14
  291 PI0          111   1 168  26   0   0   -0.21    0.14  110.5  110.5    0.13
  292 B-          -521 199 213 171 361 362   14.76  -11.05  -17.6   26.0    5.28
  293 GAMMA         22   1 213 171   0   0    0.27   -0.18   -0.3    0.4    0.00
  294 PI0          111   1 215 171   0   0   -0.03    0.02   -0.1    0.2    0.13
  295 PI0          111   1 215 171   0   0   -0.13   -0.01   -0.5    0.5    0.13
  296 PI0          111   1 215 171   0   0   -0.23   -0.01   -0.2    0.3    0.13
  297 PI+          211   1 216 171   0   0    0.15   -0.38   -0.5    0.7    0.14
  298 PI-         -211   1 216 171   0   0   -0.03   -0.12   -1.2    1.2    0.14
  299 PI0          111   1 216 171   0   0    0.14   -0.11   -0.8    0.9    0.13
  300 PI-         -211   1 217 171   0   0    0.44   -0.41    0.5    0.8    0.14
  301 PI0          111   1 217 171   0   0   -0.18    0.03    0.0    0.2    0.13
  302 RHO0         113 198 220 171 325 326    1.09    0.96    1.4    2.2    0.77
  303 PI0          111   1 220 171   0   0    0.24    0.14   -0.1    0.3    0.13
  304 N           2112   1 221 177   0   0   31.79   13.69   10.7   36.2    0.94
  305 PI0          111   1 221 177   0   0    4.90    1.88    1.5    5.5    0.13
  306 NBAR       -2112   1 222 177   0   0    8.57    4.17    2.7   10.0    0.94
  307 PI+          211   1 222 177   0   0    0.79    0.23    0.3    0.9    0.14
  308 B_DBAR0     -511 199 226 177 332 333  109.68   19.59   24.7  114.2    5.28
  309 OMEGA        223 198 230 171 327 329    1.28   -0.69    0.6    1.8    0.78
  310 PI+          211   1 230 171   0   0   -0.08   -0.26    0.2    0.3    0.14
  311 RHO+         213 198 231 177 330 331    7.96    2.55    2.3    8.7    0.77
  312 PI-         -211   1 231 177   0   0    1.11    0.35    0.6    1.3    0.14
  313 PI+          211   1 235  18   0   0   -0.19   -0.17   -1.7    1.7    0.14
  314 PI-         -211   1 235  18   0   0    0.12   -0.25   -4.8    4.8    0.14
  315 PI0          111   1 235  18   0   0    0.06   -0.00   -5.9    5.9    0.13
  316 PI0          111   1 235  18   0   0   -0.46   -0.07   -7.1    7.1    0.13
  317 PI+          211   1 237  18   0   0    0.19    0.08   -3.1    3.1    0.14
  318 PI-         -211   1 237  18   0   0    0.24   -0.33   -2.8    2.9    0.14
  319 PI0          111   1 237  18   0   0   -0.10   -0.04   -2.0    2.0    0.13
  320 PI+          211   1 260  26   0   0    0.45    0.56    6.9    6.9    0.14
  321 PI-         -211   1 260  26   0   0    0.56    0.50    9.1    9.1    0.14
  322 PI0          111   1 260  26   0   0    1.53    2.28   24.6   24.7    0.13
  323 PI+          211   1 272  26   0   0   -0.09    0.84   72.6   72.6    0.14
  324 PI-         -211   1 272  26   0   0    0.56   -0.10   23.2   23.3    0.14
  325 PI+          211   1 302 171   0   0    0.16    0.18   -0.0    0.3    0.14
  326 PI-         -211   1 302 171   0   0    0.92    0.78    1.5    1.9    0.14
  327 PI+          211   1 309 171   0   0    0.06   -0.03   -0.0    0.2    0.14
  328 PI-         -211   1 309 171   0   0    1.08   -0.62    0.7    1.4    0.14
  329 PI0          111   1 309 171   0   0    0.13   -0.04   -0.0    0.2    0.13
  330 PI+          211   1 311 177   0   0    0.48    0.05    0.1    0.5    0.14
  331 PI0          111   1 311 177   0   0    7.49    2.50    2.2    8.2    0.13

                           ---HEAVY PARTICLE DECAYS---

 IHEP    ID      IDPDG IST MO1 MO2 DA1 DA2   P-X     P-Y     P-Z  ENERGY    MASS
  332 BQRK           5 155 308 333 334 336  103.03   18.40   23.2  107.3    4.96
  333 DBAR          -1 125 308 336 337 336    6.65    1.19    1.5    6.9    0.32
  334 DQRK           1 123 332 335 338 335   70.88   11.99   16.4   73.7    0.32
  335 UBAR          -2 124 332 334 340 334   19.88    3.91    4.0   20.7    0.32
  336 CQRK           4 124 332 332 342 332   12.26    2.50    2.9   12.9    1.55
  337 DBAR          -1 160 333 346 348 346    6.65    1.19    1.5    6.9    0.32

                              ---PARTON SHOWERS---    

 IHEP    ID      IDPDG IST MO1 MO2 DA1 DA2   P-X     P-Y     P-Z  ENERGY    MASS
  338 DQRK          94 143 334 332 339 339   70.88   11.99   16.4   73.7    0.32
  339 DQRK           1   2 338 341 344 341   70.88   11.99   16.4   73.7    0.32
  340 UBAR          94 144 335 332 341 341   19.88    3.91    4.0   20.7    0.32
  341 UBAR          -2   2 340 344 345 344   19.88    3.91    4.0   20.7    0.32
  342 CQRK          94 144 336 332 343 343   12.26    2.50    2.9   12.9    1.55
  343 CQRK           4   2 342 337 346 337   12.26    2.50    2.9   12.9    1.55

                              ---GLUON SPLITTING---   

 IHEP    ID      IDPDG IST MO1 MO2 DA1 DA2   P-X     P-Y     P-Z  ENERGY    MASS
  344 DQRK           1 158 338 345 347 345   70.88   11.99   16.4   73.7    0.32
  345 UBAR          -2 158 340 344 347 344   19.88    3.91    4.0   20.7    0.32
  346 CQRK           4 158 342 337 348 337   12.26    2.50    2.9   12.9    1.55

                             ---CLUSTER FORMATION---  

 IHEP    ID      IDPDG IST MO1 MO2 DA1 DA2   P-X     P-Y     P-Z  ENERGY    MASS
  347 CLUS          91 183 344 345 349 350   90.77   15.90   20.3   94.4    1.78
  348 CLUS          91 183 346 337 351 352   18.91    3.69    4.4   19.9    2.01

                              ---CLUSTER DECAYS---    

 IHEP    ID      IDPDG IST MO1 MO2 DA1 DA2   P-X     P-Y     P-Z  ENERGY    MASS
  349 OMEGA        223 197 347 338 353 355   75.69   12.89   17.4   78.7    0.78
  350 PI-         -211   1 347 338   0   0   15.08    3.01    2.9   15.7    0.14
  351 D+           411 197 348 342 356 357   17.22    3.38    4.0   18.1    1.87
  352 PI0          111   1 348 342   0   0    1.69    0.31    0.4    1.8    0.13

                           ---STRONG HADRON DECAYS--- 

 IHEP    ID      IDPDG IST MO1 MO2 DA1 DA2   P-X     P-Y     P-Z  ENERGY    MASS
  353 PI+          211   1 349 338   0   0   33.72    5.58    7.5   35.0    0.14
  354 PI-         -211   1 349 338   0   0   35.28    6.13    8.2   36.7    0.14
  355 PI0          111   1 349 338   0   0    6.69    1.18    1.6    7.0    0.13
  356 KBAR0       -311 198 351 342 358 358    9.88    1.36    2.6   10.3    0.50
  357 RHO+         213 198 351 342 359 360    7.34    2.02    1.4    7.8    0.77
  358 K_L0         130   1 356 342   0   0    9.88    1.36    2.6   10.3    0.50
  359 PI+          211   1 357 342   0   0    6.43    1.94    1.4    6.9    0.14
  360 PI0          111   1 357 342   0   0    0.91    0.08    0.0    0.9    0.13

                           ---HEAVY PARTICLE DECAYS---

 IHEP    ID      IDPDG IST MO1 MO2 DA1 DA2   P-X     P-Y     P-Z  ENERGY    MASS
  361 BQRK           5 155 292 362 363 365   13.86  -10.38  -16.5   24.5    4.96
  362 UBAR          -2 125 292 365 366 365    0.89   -0.67   -1.1    1.6    0.32
  363 SQRK           3 123 361 364 367 364    6.78   -5.78   -8.4   12.2    0.50
  364 UBAR          -2 124 361 363 369 363    3.27   -2.02   -5.4    6.6    0.32
  365 CQRK           4 124 361 361 371 361    3.81   -2.58   -2.8    5.6    1.55
  366 UBAR          -2 160 362 375 377 375    0.89   -0.67   -1.1    1.6    0.32

                              ---PARTON SHOWERS---    

 IHEP    ID      IDPDG IST MO1 MO2 DA1 DA2   P-X     P-Y     P-Z  ENERGY    MASS
  367 SQRK          94 143 363 361 368 368    6.78   -5.78   -8.4   12.2    0.50
  368 SQRK           3   2 367 370 373 370    6.78   -5.78   -8.4   12.2    0.50
  369 UBAR          94 144 364 361 370 370    3.27   -2.02   -5.4    6.6    0.32
  370 UBAR          -2   2 369 373 374 373    3.27   -2.02   -5.4    6.6    0.32
  371 CQRK          94 144 365 361 372 372    3.81   -2.58   -2.8    5.6    1.55
  372 CQRK           4   2 371 366 375 366    3.81   -2.58   -2.8    5.6    1.55

                              ---GLUON SPLITTING---   

 IHEP    ID      IDPDG IST MO1 MO2 DA1 DA2   P-X     P-Y     P-Z  ENERGY    MASS
  373 SQRK           3 158 367 374 376 374    6.78   -5.78   -8.4   12.2    0.50
  374 UBAR          -2 158 369 373 376 373    3.27   -2.02   -5.4    6.6    0.32
  375 CQRK           4 158 371 366 377 366    3.81   -2.58   -2.8    5.6    1.55

                             ---CLUSTER FORMATION---  

 IHEP    ID      IDPDG IST MO1 MO2 DA1 DA2   P-X     P-Y     P-Z  ENERGY    MASS
  376 CLUS          91 183 373 374 378 379   10.29   -7.99  -14.1   19.3    2.13
  377 CLUS          91 183 375 366 380 380    4.47   -3.07   -3.5    6.7    1.86

                              ---CLUSTER DECAYS---    

 IHEP    ID      IDPDG IST MO1 MO2 DA1 DA2   P-X     P-Y     P-Z  ENERGY    MASS
  378 KDH_2BR0  -20315 197 376 367 381 382    9.25   -7.32  -12.4   17.2    1.82
  379 PI-         -211   1 376 367   0   0    1.04   -0.67   -1.7    2.1    0.14
  380 D0           421 196 377 371 383 386    4.47   -3.07   -3.5    6.7    1.86

                           ---STRONG HADRON DECAYS--- 

 IHEP    ID      IDPDG IST MO1 MO2 DA1 DA2   P-X     P-Y     P-Z  ENERGY    MASS
  381 K*-         -323 198 378 367 387 388    5.07   -3.65   -7.5    9.8    0.89
  382 PI+          211   1 378 367   0   0    4.18   -3.67   -5.0    7.5    0.14
  383 KBAR0       -311 198 380 371 389 389    1.19   -1.59   -0.9    2.2    0.50
  384 PI-         -211   1 380 371   0   0    0.46   -0.21   -0.5    0.7    0.14
  385 NU_E          12   1 380 371   0   0    0.31   -0.23   -0.1    0.4    0.00
  386 E+           -11   1 380 371   0   0    2.51   -1.04   -2.0    3.4    0.00
  387 KBAR0       -311 198 381 367 390 390    3.09   -1.94   -4.6    5.9    0.50
  388 PI-         -211   1 381 367   0   0    1.97   -1.70   -2.9    3.9    0.14
  389 K_S0         310 198 383 371 391 392    1.19   -1.59   -0.9    2.2    0.50
  390 K_L0         130   1 387 367   0   0    3.09   -1.94   -4.6    5.9    0.50
  391 PI+          211   1 389 371   0   0    0.44   -0.35   -0.1    0.6    0.14
  392 PI-         -211   1 389 371   0   0    0.75   -1.24   -0.8    1.6    0.14



 EVENT       2: 6500.00 GEV/C P        ON  6500.00 GEV/C P        PROCESS:-18000
 SEEDS:   863207348 &   616087891   STATUS:  100 ERROR:   0  WEIGHT: -5.8931E-04


                               ---INITIAL STATE---    

 IHEP    ID      IDPDG IST MO1 MO2 DA1 DA2   P-X     P-Y     P-Z  ENERGY    MASS
    1 P           2212 101   0   0   0   0    0.00    0.00 6500.0 6500.0    0.94
    2 P           2212 102   0   0   0   0    0.00    0.00-6500.0 6500.0    0.94
    3 CMF            0 103   1   2   0   0    0.00    0.00    0.013000.013000.00

                              ---HARD SUBPROCESS---   

 IHEP    ID      IDPDG IST MO1 MO2 DA1 DA2   P-X     P-Y     P-Z  ENERGY    MASS
    4 UQRK           2 121   6   8  10   9    0.00    0.00 1359.9 1359.9    0.32
    5 DQRK           1 122   6   9  12   8    0.00    0.00 -717.6  717.6    0.32
    6 HARD           0 120   4   5   7   9   -1.63   -1.87  642.3 2077.5 1975.69
    7 HIGGS         25 123   6   7  17   7  245.79   -1.29  276.0  390.1  125.00
    8 UQRK           2 124   6   5  18   4 -201.37  -35.47 -643.8  675.5    0.32
    9 DQRK           1 124   6   4  22   5  -44.42   36.76 1010.2 1011.8    0.32

                              ---PARTON SHOWERS---    

 IHEP    ID      IDPDG IST MO1 MO2 DA1 DA2   P-X     P-Y     P-Z  ENERGY    MASS
   10 UQRK          94 141   4   6  11  11    0.00    0.00 1360.0 1360.0    0.40
   11 UD          2101   2  10  20  26  25    0.00    0.00 5140.0 5140.0    0.32
   12 DQRK          94 142   5   6  14  16   -1.63   -1.87 -717.7  717.5  -14.16
   13 CONE           0 100   5   8   0   0   -0.98   -0.17   -2.3    2.5    0.00
   14 GLUON         21   2  12  15  27  28    1.69    0.79  -15.4   15.5    0.75
   15 GLUON         21   2  12  16  29  30   -0.07    1.07 -226.0  226.0    0.75
   16 UU          2203   2  12  24  31  30    0.00    0.00-5541.0 5541.0    0.32
   17 HIGGS         25 195   7   6 116 117  245.48   -1.64  276.0  389.9  125.00
   18 UQRK          94 144   8   6  20  21 -201.90  -36.07 -643.8  675.7    2.27
   19 CONE           0 100   8   5   0   0    0.30    0.05   -2.3    2.4    0.00
   20 UQRK           2   2  18  21  32  26 -132.77  -24.59 -423.3  444.4    0.32
   21 GLUON         21   2  18  27  33  34  -69.13  -11.48 -220.5  231.4    0.75
   22 DQRK          94 144   9   6  24  25  -45.21   35.85 1010.2 1011.8    3.60
   23 CONE           0 100   9   4   0   0    0.30   -0.24   10.7   10.7    0.00
   24 DQRK           1   2  22  25  35  31  -29.11   24.34  685.0  686.1    0.32
   25 GLUON         21   2  22  26  36  37  -16.11   11.51  325.2  325.8    0.75

                              ---GLUON SPLITTING---   

 IHEP    ID      IDPDG IST MO1 MO2 DA1 DA2   P-X     P-Y     P-Z  ENERGY    MASS
   26 UD          2101 161  10  32  69  41   -0.00    0.00 2034.6 2034.6    0.64
   27 DBAR          -1 158  12  28  74  51   -0.05    0.02   -1.6    1.7    0.32
   28 DQRK           1 158  12  42  62  27    0.61    0.28   -4.6    4.7    0.32
   29 DBAR          -1 158  12  30  70  43   -0.02    0.17  -61.6   61.6    0.32
   30 DQRK           1 158  12  38  63  29   -0.03    0.58 -108.9  108.9    0.32
   31 UU          2203 162  12  35  68  39   -0.00    0.01-5219.8 5219.8    0.64
   32 UQRK           2 158  18  33  64  26 -132.77  -24.59 -423.3  444.4    0.32
   33 DBAR          -1 158  18  34  64  32  -41.83   -6.93 -132.8  139.4    0.32
   34 DQRK           1 158  18  46  65  33  -15.38   -2.57  -49.4   51.8    0.32
   35 DQRK           1 158  22  36  66  31  -29.11   24.34  685.0  686.1    0.32
   36 UBAR          -2 158  22  37  66  35   -9.41    6.94  192.0  192.4    0.32
   37 UQRK           2 158  22  48  67  36   -5.63    3.83  111.9  112.1    0.32
   38 DBAR          -1 159  12  39  63  30   -0.00    0.06 -241.9  241.9    0.32
   39 DQRK           1 159  12  31  68  38   -0.01    0.18 -107.9  107.9    0.32
   40 DBAR          -1 159  10  41  79  61   -0.00    0.00 1685.0 1685.0    0.32
   41 DQRK           1 159  22  26  69  40   -0.04    0.02   38.6   38.6    0.32
   42 UBAR          -2 159  12  43  62  28    0.02    0.07  -20.2   20.2    0.32
   43 UQRK           2 159  12  29  70  42    0.08    0.05   -7.2    7.2    0.32
   44 UBAR          -2 159  12  45  75  53    0.18    0.11   -2.8    2.8    0.32
   45 UQRK           2 159  18  50  71  44   -2.70   -0.45   -8.8    9.2    0.32
   46 DBAR          -1 159  12  47  65  34   -0.93   -0.15   -3.2    3.4    0.32
   47 DQRK           1 159  18  52  72  46   -4.90   -0.82  -15.8   16.6    0.32
   48 SBAR          -3 159  10  49  67  37   -0.19    0.13   21.5   21.5    0.50
   49 SQRK           3 159  22  56  73  48   -0.53    0.36   16.9   16.9    0.50
   50 DBAR          -1 159  12  51  71  45    0.46    0.23   -5.2    5.2    0.32
   51 DQRK           1 159  18  27  74  50   -0.32   -0.04   -1.7    1.7    0.32
   52 SBAR          -3 159  12  53  72  47   -1.33   -0.21   -4.7    4.9    0.50
   53 SQRK           3 159  18  44  75  52   -1.33   -0.21   -4.7    4.9    0.50
   54 DBAR          -1 159  10  55  77  57   -0.00    0.00  402.4  402.4    0.32
   55 DQRK           1 159  22  58  76  54   -0.12    0.08   13.8   13.8    0.32
   56 UBAR          -2 159  10  57  73  49   -0.02    0.01   75.1   75.1    0.32
   57 UQRK           2 159  22  54  77  56   -0.03    0.02   45.2   45.2    0.32
   58 SBAR          -3 159  10  59  76  55   -0.01    0.01  260.6  260.6    0.50
   59 SQRK           3 159  22  60  78  58   -0.11    0.08   32.7   32.7    0.50
   60 DBAR          -1 159  10  61  78  59   -0.00    0.00  423.1  423.1    0.32
   61 DQRK           1 159  22  40  79  60   -0.01    0.01  111.8  111.8    0.32

                             ---CLUSTER FORMATION---  

 IHEP    ID      IDPDG IST MO1 MO2 DA1 DA2   P-X     P-Y     P-Z  ENERGY    MASS
   62 CLUS          91 183  28  42  80  81    0.62    0.34  -24.9   24.9    1.59
   63 CLUS          91 183  30  38  82  83   -0.03    0.64 -350.8  350.8    1.07
   64 CLUS          91 183  32  33  84  85 -174.60  -31.52 -556.2  583.8    1.62
   65 CLUS          91 183  34  46  86  87  -16.31   -2.72  -52.7   55.2    1.37
   66 CLUS          91 183  35  36  88  89  -38.51   31.28  877.0  878.4    2.49
   67 CLUS          91 183  37  48  90  91   -5.82    3.96  133.4  133.6    2.78
   68 CLUS          91 185  39  31  92  93   -0.01    0.19-5327.7 5327.7    2.65
   69 CLUS          91 184  41  26  94  95   -0.04    0.03 2073.3 2073.3    2.45
   70 CLUS          91 183  43  29  96  97    0.06    0.22  -68.8   68.8    1.07
   71 CLUS          91 183  45  50  98  99   -2.24   -0.22  -13.9   14.4    2.82
   72 CLUS          91 183  47  52 100 101   -6.23   -1.03  -20.5   21.5    1.13
   73 CLUS          91 183  49  56 102 103   -0.55    0.37   92.0   92.0    1.81
   74 CLUS          91 183  51  27 104 105   -0.37   -0.01   -3.3    3.4    0.69
   75 CLUS          91 183  53  44 106 107   -1.16   -0.11   -7.5    7.7    1.52
   76 CLUS          91 183  55  58 108 109   -0.13    0.09  274.4  274.4    1.64
   77 CLUS          91 183  57  54 110 111   -0.03    0.02  447.6  447.6    1.07
   78 CLUS          91 183  59  60 112 113   -0.11    0.08  455.7  455.7    1.96
   79 CLUS          91 183  61  40 114 115   -0.01    0.01 1796.7 1796.7    1.33

                              ---CLUSTER DECAYS---    

 IHEP    ID      IDPDG IST MO1 MO2 DA1 DA2   P-X     P-Y     P-Z  ENERGY    MASS
   80 F_2          225 197  62  12 157 158    0.56    0.49  -18.9   19.0    1.27
   81 PI-         -211   1  62  12   0   0    0.07   -0.14   -5.9    5.9    0.14
   82 PI0          111   1  63  12   0   0    0.43    0.05 -172.7  172.7    0.13
   83 PI0          111   1  63  12   0   0   -0.46    0.59 -178.1  178.1    0.13
   84 PI0          111   1  64  18   0   0  -45.34   -8.39 -144.6  151.7    0.13
   85 A_2+         215 197  64  18 159 160 -129.26  -23.13 -411.6  432.1    1.32
   86 PI-         -211   1  65  18   0   0   -7.22   -0.83  -22.3   23.5    0.14
   87 RHO+         213 197  65  18 161 162   -9.09   -1.89  -30.3   31.7    0.77
   88 DELTA-      1114 197  66  22 163 164  -20.62   16.85  472.7  473.5    1.23
   89 DELTABR0   -2114 197  66  22 165 166  -17.89   14.43  404.3  405.0    1.23
   90 DELTA++     2224 197  67  22 167 168   -1.70    0.89   36.7   36.8    1.23
   91 SIGMABR-   -3222 197  67  22 169 170   -4.12    3.07   96.7   96.8    1.19
   92 B_1-      -10213 197  68  12 171 172   -0.42   -0.15-2863.6 2863.6    1.23
   93 DELTA++     2224 197  68  12 173 174    0.41    0.34-2464.1 2464.1    1.23
   94 PI0          111   1  69  22   0   0   -0.48    0.71 1089.6 1089.6    0.13
   95 DELTA0      2114 197  69  22 175 176    0.44   -0.68  983.7  983.7    1.23
   96 K+           321   1  70  12   0   0   -0.16    0.18  -32.0   32.0    0.49
   97 KBAR0       -311 197  70  12 177 177    0.22    0.04  -36.9   36.9    0.50
   98 SIGMA0      3212 197  71  18 178 179   -0.65   -0.49   -4.6    4.9    1.19
   99 SGMA*BR+   -3114 197  71  18 180 181   -1.59    0.27   -9.3    9.5    1.39
  100 PI-         -211   1  72  18   0   0   -2.02    0.02   -7.4    7.6    0.14
  101 K+           321   1  72  18   0   0   -4.22   -1.05  -13.1   13.8    0.49
  102 K*_2BAR0    -315 197  73  22 182 183   -0.62    0.05   77.0   77.0    1.43
  103 PI-         -211   1  73  22   0   0    0.07    0.33   15.0   15.0    0.14
  104 PI0          111   1  74  18   0   0   -0.04   -0.02   -0.1    0.2    0.13
  105 PI0          111   1  74  18   0   0   -0.33    0.01   -3.2    3.2    0.13
  106 K*BAR0      -313 197  75  18 184 185   -0.50   -0.22   -2.8    3.0    0.90
  107 PI-         -211   1  75  18   0   0   -0.66    0.11   -4.7    4.8    0.14
  108 PI-         -211   1  76  22   0   0    0.13    0.03   29.9   29.9    0.14
  109 K*_0+      10321 197  76  22 186 187   -0.27    0.06  244.6  244.6    1.43
  110 PI0          111   1  77  22   0   0   -0.03   -0.43  330.2  330.2    0.13
  111 PI+          211   1  77  22   0   0   -0.00    0.45  117.4  117.4    0.14
  112 PHI          333 197  78  22 188 189   -0.17    0.10  206.6  206.6    1.02
  113 K*BAR0      -313 197  78  22 190 191    0.06   -0.02  249.2  249.2    0.90
  114 PI0          111   1  79  22   0   0   -0.35    0.14  889.8  889.8    0.13
  115 RHO0         113 197  79  22 192 193    0.34   -0.13  907.0  907.0    0.77

                            ---H/W/Z BOSON DECAYS---  

 IHEP    ID      IDPDG IST MO1 MO2 DA1 DA2   P-X     P-Y     P-Z  ENERGY    MASS
  116 BQRK           5 123  17 117 118 117   97.42   57.13   86.5  142.3    4.95
  117 BBAR          -5 124  17 116 123 116  148.06  -58.77  189.5  247.6    4.95

                              ---PARTON SHOWERS---    

 IHEP    ID      IDPDG IST MO1 MO2 DA1 DA2   P-X     P-Y     P-Z  ENERGY    MASS
  118 BQRK          94 143 116  17 120 122   96.72   54.73   86.6  141.7   15.15
  119 CONE           0 100 116 117   0   0    0.43   -0.69    0.8    1.1    0.00
  120 BQRK           5   2 118 121 128 127   71.77   44.25   67.0  107.8    4.95
  121 GLUON         21   2 118 122 129 130   18.76   10.29   15.4   26.4    0.75
  122 GLUON         21   2 118 125 131 132    6.19    0.19    4.2    7.5    0.75
  123 BBAR          94 144 117  17 125 127  148.76  -56.37  189.3  248.2   21.27
  124 CONE           0 100 117 116   0   0    1.09    0.65    1.0    1.6    0.00
  125 GLUON         21   2 123 126 133 134    6.73    0.19    4.1    7.9    0.75
  126 GLUON         21   2 123 127 135 136    6.40   -3.52    9.2   11.7    0.75
  127 BBAR          -5   2 123 128 137 136  135.63  -53.05  176.1  228.5    4.95

                              ---GLUON SPLITTING---   

 IHEP    ID      IDPDG IST MO1 MO2 DA1 DA2   P-X     P-Y     P-Z  ENERGY    MASS
  128 BQRK           5 158 118 129 140 137   71.77   44.25   67.0  107.8    4.95
  129 UBAR          -2 158 118 130 140 128   14.13    7.71   11.7   19.9    0.32
  130 UQRK           2 158 118 131 141 129    4.63    2.58    3.8    6.5    0.32
  131 UBAR          -2 158 118 132 141 130    1.49    0.01    1.0    1.8    0.32
  132 UQRK           2 158 118 133 142 131    4.70    0.18    3.2    5.7    0.32
  133 DBAR          -1 158 123 134 142 132    2.53   -0.07    1.4    2.9    0.32
  134 DQRK           1 158 123 135 143 133    4.20    0.26    2.7    5.0    0.32
  135 DBAR          -1 158 123 136 143 134    2.84   -1.59    3.8    5.0    0.32
  136 DQRK           1 158 123 138 144 135    3.00   -1.45    4.3    5.4    0.32
  137 BBAR          -5 158 123 128 145 139  125.49  -49.22  163.1  211.6    4.95
  138 DBAR          -1 159 123 139 144 136    4.56   -1.87    6.0    7.8    0.32
  139 DQRK           1 159 123 137 145 138    6.14   -2.44    8.0   10.4    0.32

                             ---CLUSTER FORMATION---  

 IHEP    ID      IDPDG IST MO1 MO2 DA1 DA2   P-X     P-Y     P-Z  ENERGY    MASS
  140 CLUS          91 183 128 129 146 147   85.90   51.96   78.7  127.7    6.15
  141 CLUS          91 183 130 131 148 149    6.12    2.59    4.8    8.4    1.59
  142 CLUS          91 183 132 133 150 151    7.23    0.11    4.6    8.6    0.77
  143 CLUS          91 183 134 135 152 153    7.04   -1.32    6.5   10.0    2.63
  144 CLUS          91 183 136 138 154 155    7.54   -3.32   10.3   13.2    0.71
  145 CLUS          91 183 139 137 156 156  131.64  -51.66  171.1  222.1    5.28

                              ---CLUSTER DECAYS---    

 IHEP    ID      IDPDG IST MO1 MO2 DA1 DA2   P-X     P-Y     P-Z  ENERGY    MASS
  146 B*-         -523 197 140 118 194 195   74.74   45.40   68.7  111.4    5.32
  147 OMEGA        223 197 140 118 196 198   11.17    6.56    9.9   16.3    0.78
  148 OMEGA        223 197 141 118 199 201    3.37    1.36    1.9    4.2    0.78
  149 PI0          111   1 141 118   0   0    2.75    1.23    2.9    4.2    0.13
  150 PI+          211   1 142 118   0   0    4.76   -0.15    2.7    5.5    0.14
  151 PI0          111   1 142 118   0   0    2.47    0.26    1.9    3.1    0.13
  152 DELTA+      2214 197 143 123 202 203    2.06   -0.10    2.3    3.3    1.23
  153 PBAR       -2212   1 143 123   0   0    4.98   -1.23    4.1    6.7    0.94
  154 PI0          111   1 144 123   0   0    6.40   -2.57    8.6   11.0    0.13
  155 PI0          111   1 144 123   0   0    1.14   -0.75    1.7    2.2    0.13
  156 B_D0         511 200 145 123 204 204  131.64  -51.66  171.1  222.1    5.28

                           ---STRONG HADRON DECAYS--- 

 IHEP    ID      IDPDG IST MO1 MO2 DA1 DA2   P-X     P-Y     P-Z  ENERGY    MASS
  157 PI+          211   1  80  12   0   0    0.37    0.14  -17.3   17.3    0.14
  158 PI-         -211   1  80  12   0   0    0.19    0.35   -1.7    1.7    0.14
  159 RHO0         113 198  85  18 205 206  -80.29  -14.24 -256.9  269.5    0.77
  160 PI+          211   1  85  18   0   0  -48.97   -8.89 -154.7  162.5    0.14
  161 PI+          211   1  87  18   0   0   -4.22   -0.74  -12.9   13.6    0.14
  162 PI0          111   1  87  18   0   0   -4.87   -1.15  -17.5   18.2    0.13
  163 N           2112   1  88  22   0   0  -13.33   11.04  305.6  306.1    0.94
  164 PI-         -211   1  88  22   0   0   -7.30    5.81  167.2  167.4    0.14
  165 PBAR       -2212   1  89  22   0   0  -14.34   11.67  329.0  329.5    0.94
  166 PI+          211   1  89  22   0   0   -3.55    2.76   75.3   75.5    0.14
  167 P           2212   1  90  22   0   0   -1.65    0.68   31.5   31.5    0.94
  168 PI+          211   1  90  22   0   0   -0.06    0.22    5.2    5.2    0.14
  169 PBAR       -2212   1  91  22   0   0   -3.01    2.05   68.5   68.6    0.94
  170 PI0          111   1  91  22   0   0   -1.11    1.02   28.1   28.2    0.13
  171 OMEGA        223 198  92  12 207 209   -0.50   -0.23-2741.6 2741.6    0.78
  172 PI-         -211   1  92  12   0   0    0.08    0.08 -122.0  122.0    0.14
  173 P           2212   1  93  12   0   0    0.10    0.30-1957.9 1957.9    0.94
  174 PI+          211   1  93  12   0   0    0.31    0.04 -506.2  506.2    0.14
  175 P           2212   1  95  22   0   0    0.33   -0.30  632.5  632.5    0.94
  176 PI-         -211   1  95  22   0   0    0.11   -0.38  351.1  351.1    0.14
  177 K_S0         310 198  97  12 210 211    0.22    0.04  -36.9   36.9    0.50
  178 LAMBDA      3122 198  98  18 212 213   -0.59   -0.48   -4.6    4.8    1.12
  179 GAMMA         22   1  98  18   0   0   -0.06   -0.00   -0.1    0.1    0.00
  180 LAMBDABR   -3122 198  99  18 214 215   -1.40    0.34   -8.8    9.0    1.12
  181 PI+          211   1  99  18   0   0   -0.19   -0.07   -0.5    0.6    0.14
  182 K*-         -323 198 102  22 216 217   -0.08    0.13   59.5   59.5    0.89
  183 PI+          211   1 102  22   0   0   -0.53   -0.09   17.5   17.5    0.14
  184 K-          -321   1 106  18   0   0   -0.00   -0.03   -1.2    1.3    0.49
  185 PI+          211   1 106  18   0   0   -0.50   -0.19   -1.6    1.7    0.14
  186 K+           321   1 109  22   0   0   -0.40    0.57  183.3  183.3    0.49
  187 PI0          111   1 109  22   0   0    0.13   -0.50   61.2   61.2    0.13
  188 K+           321   1 112  22   0   0   -0.18   -0.02   97.2   97.2    0.49
  189 K-          -321   1 112  22   0   0    0.01    0.12  109.4  109.4    0.49
  190 K-          -321   1 113  22   0   0    0.11   -0.07  237.1  237.1    0.49
  191 PI+          211   1 113  22   0   0   -0.06    0.05   12.1   12.1    0.14
  192 PI+          211   1 115  22   0   0    0.20   -0.43  576.6  576.6    0.14
  193 PI-         -211   1 115  22   0   0    0.13    0.29  330.4  330.4    0.14
  194 B-          -521 199 146 118 247 248   74.67   45.33   68.7  111.2    5.28
  195 GAMMA         22   1 146 118   0   0    0.07    0.07    0.1    0.1    0.00
  196 PI+          211   1 147 118   0   0    3.44    1.98    3.4    5.2    0.14
  197 PI-         -211   1 147 118   0   0    4.32    2.67    3.6    6.2    0.14
  198 PI0          111   1 147 118   0   0    3.40    1.92    3.0    4.9    0.13
  199 PI+          211   1 148 118   0   0    0.41    0.12    0.4    0.6    0.14
  200 PI-         -211   1 148 118   0   0    2.32    0.99    1.0    2.7    0.14
  201 PI0          111   1 148 118   0   0    0.65    0.25    0.6    0.9    0.13
  202 N           2112   1 152 123   0   0    2.04   -0.09    2.1    3.1    0.94
  203 PI+          211   1 152 123   0   0    0.02   -0.01    0.2    0.3    0.14
  204 B_D0         511 199 156 123 218 219  131.64  -51.66  171.1  222.1    5.28
  205 PI+          211   1 159  18   0   0  -70.39  -12.49 -224.5  235.6    0.14
  206 PI-         -211   1 159  18   0   0   -9.90   -1.75  -32.4   33.9    0.14
  207 PI+          211   1 171  12   0   0   -0.43   -0.32-1723.2 1723.2    0.14
  208 PI-         -211   1 171  12   0   0   -0.11   -0.01 -753.7  753.7    0.14
  209 PI0          111   1 171  12   0   0    0.04    0.10 -264.7  264.7    0.13
  210 PI+          211   1 177  12   0   0   -0.01    0.13  -24.5   24.5    0.14
  211 PI-         -211   1 177  12   0   0    0.23   -0.09  -12.4   12.4    0.14
  212 P           2212   1 178  18   0   0   -0.54   -0.37   -4.2    4.3    0.94
  213 PI-         -211   1 178  18   0   0   -0.05   -0.11   -0.4    0.4    0.14
  214 PBAR       -2212   1 180  18   0   0   -1.20    0.33   -7.9    8.1    0.94
  215 PI+          211   1 180  18   0   0   -0.20    0.00   -0.8    0.9    0.14
  216 K-          -321   1 182  22   0   0   -0.33    0.15   44.7   44.8    0.49
  217 PI0          111   1 182  22   0   0    0.25   -0.02   14.8   14.8    0.13

                           ---HEAVY PARTICLE DECAYS---

 IHEP    ID      IDPDG IST MO1 MO2 DA1 DA2   P-X     P-Y     P-Z  ENERGY    MASS
  218 DQRK           1 125 204 222 223 222    7.98   -3.13   10.4   13.5    0.32
  219 BBAR          -5 155 204 218 220 222  123.66  -48.53  160.8  208.6    4.96
  220 DBAR          -1 123 219 221 224 221    4.01   -1.15    5.1    6.6    0.32
  221 UQRK           2 124 219 220 226 220   11.90   -5.40   17.1   21.6    0.32
  222 CBAR          -4 124 219 219 228 219  107.76  -41.98  138.6  180.5    1.55
  223 DQRK           1 160 218 232 233 232    7.98   -3.13   10.4   13.5    0.32

                              ---PARTON SHOWERS---    

 IHEP    ID      IDPDG IST MO1 MO2 DA1 DA2   P-X     P-Y     P-Z  ENERGY    MASS
  224 DBAR          94 143 220 219 225 225    4.01   -1.15    5.1    6.6    0.32
  225 DBAR          -1   2 224 227 230 227    4.01   -1.15    5.1    6.6    0.32
  226 UQRK          94 144 221 219 227 227   11.90   -5.40   17.1   21.6    0.32
  227 UQRK           2   2 226 230 231 230   11.90   -5.40   17.1   21.6    0.32
  228 CBAR          94 144 222 219 229 229  107.76  -41.98  138.6  180.5    1.55
  229 CBAR          -4   2 228 223 232 223  107.76  -41.98  138.6  180.5    1.55

                              ---GLUON SPLITTING---   

 IHEP    ID      IDPDG IST MO1 MO2 DA1 DA2   P-X     P-Y     P-Z  ENERGY    MASS
  230 DBAR          -1 158 224 231 234 231    4.01   -1.15    5.1    6.6    0.32
  231 UQRK           2 158 226 230 234 230   11.90   -5.40   17.1   21.6    0.32
  232 CBAR          -4 158 228 223 233 223  107.76  -41.98  138.6  180.5    1.55

                             ---CLUSTER FORMATION---  

 IHEP    ID      IDPDG IST MO1 MO2 DA1 DA2   P-X     P-Y     P-Z  ENERGY    MASS
  233 CLUS          91 183 223 232 235 236  115.74  -45.11  148.9  193.9    2.03
  234 CLUS          91 183 231 230 237 238   15.91   -6.55   22.2   28.1    1.39

                              ---CLUSTER DECAYS---    

 IHEP    ID      IDPDG IST MO1 MO2 DA1 DA2   P-X     P-Y     P-Z  ENERGY    MASS
  235 PI0          111   1 233 218   0   0    4.36   -1.71    5.6    7.3    0.13
  236 D-          -411 197 233 218 239 240  111.38  -43.41  143.3  186.6    1.87
  237 PI+          211   1 234 226   0   0    8.48   -3.87   12.2   15.4    0.14
  238 OMEGA        223 197 234 226 241 243    7.43   -2.68   10.0   12.7    0.78

                           ---STRONG HADRON DECAYS--- 

 IHEP    ID      IDPDG IST MO1 MO2 DA1 DA2   P-X     P-Y     P-Z  ENERGY    MASS
  239 K0           311 198 236 218 244 244   45.68  -18.13   57.7   75.8    0.50
  240 PI-         -211   1 236 218   0   0   65.69  -25.28   85.6  110.8    0.14
  241 PI+          211   1 238 226   0   0    3.56   -1.21    4.4    5.8    0.14
  242 PI-         -211   1 238 226   0   0    2.56   -0.93    3.9    4.8    0.14
  243 PI0          111   1 238 226   0   0    1.31   -0.54    1.7    2.2    0.13
  244 K_S0         310 198 239 218 245 246   45.68  -18.13   57.7   75.8    0.50
  245 PI0          111   1 244 218   0   0   11.18   -4.27   14.1   18.5    0.13
  246 PI0          111   1 244 218   0   0   34.50  -13.86   43.6   57.3    0.13

                           ---HEAVY PARTICLE DECAYS---

 IHEP    ID      IDPDG IST MO1 MO2 DA1 DA2   P-X     P-Y     P-Z  ENERGY    MASS
  247 BQRK           5 155 194 248 249 251   70.14   42.58   64.5  104.5    4.96
  248 UBAR          -2 125 194 251 252 251    4.53    2.75    4.2    6.7    0.32
  249 SQRK           3 123 247 250 253 250   19.32   10.58   17.2   27.9    0.50
  250 CBAR          -4 124 247 249 255 249   38.83   24.65   36.4   58.7    1.55
  251 CQRK           4 124 247 247 257 247   11.99    7.36   10.9   17.9    1.55
  252 UBAR          -2 160 248 261 263 261    4.53    2.75    4.2    6.7    0.32

                              ---PARTON SHOWERS---    

 IHEP    ID      IDPDG IST MO1 MO2 DA1 DA2   P-X     P-Y     P-Z  ENERGY    MASS
  253 SQRK          94 143 249 247 254 254   19.32   10.58   17.2   27.9    0.50
  254 SQRK           3   2 253 256 259 256   19.32   10.58   17.2   27.9    0.50
  255 CBAR          94 144 250 247 256 256   38.83   24.65   36.4   58.7    1.55
  256 CBAR          -4   2 255 259 260 259   38.83   24.65   36.4   58.7    1.55
  257 CQRK          94 144 251 247 258 258   11.99    7.36   10.9   17.9    1.55
  258 CQRK           4   2 257 252 261 252   11.99    7.36   10.9   17.9    1.55

                              ---GLUON SPLITTING---   

 IHEP    ID      IDPDG IST MO1 MO2 DA1 DA2   P-X     P-Y     P-Z  ENERGY    MASS
  259 SQRK           3 158 253 260 262 260   19.32   10.58   17.2   27.9    0.50
  260 CBAR          -4 158 255 259 262 259   38.83   24.65   36.4   58.7    1.55
  261 CQRK           4 158 257 252 263 252   11.99    7.36   10.9   17.9    1.55

                             ---CLUSTER FORMATION---  

 IHEP    ID      IDPDG IST MO1 MO2 DA1 DA2   P-X     P-Y     P-Z  ENERGY    MASS
  262 CLUS          91 183 259 260 264 265   59.28   35.91   54.6   88.3    2.94
  263 CLUS          91 183 261 252 266 266   15.38    9.42   14.0   22.9    1.86

                              ---CLUSTER DECAYS---    

 IHEP    ID      IDPDG IST MO1 MO2 DA1 DA2   P-X     P-Y     P-Z  ENERGY    MASS
  264 ETAP         331 197 262 253 267 269   19.12   11.44   17.5   28.4    0.96
  265 D_S-        -431 197 262 253 270 273   40.17   24.46   37.1   59.9    1.97
  266 D0           421 196 263 257 274 275   15.38    9.42   14.0   22.9    1.86

                           ---STRONG HADRON DECAYS--- 

 IHEP    ID      IDPDG IST MO1 MO2 DA1 DA2   P-X     P-Y     P-Z  ENERGY    MASS
  267 PI+          211   1 264 253   0   0    8.29    4.89    7.6   12.3    0.14
  268 PI-         -211   1 264 253   0   0    2.22    1.29    2.0    3.3    0.14
  269 ETA          221 198 264 253 276 278    8.61    5.26    8.0   12.9    0.55
  270 K-          -321   1 265 253   0   0    5.83    3.42    5.3    8.6    0.49
  271 K+           321   1 265 253   0   0   11.28    6.67   10.5   16.8    0.49
  272 PI-         -211   1 265 253   0   0   13.81    8.99   12.9   20.9    0.14
  273 PI0          111   1 265 253   0   0    9.25    5.39    8.4   13.6    0.13
  274 KBAR0       -311 198 266 257 279 279    8.31    4.56    7.3   12.0    0.50
  275 PHI          333 198 266 257 280 281    7.07    4.86    6.7   10.9    1.02
  276 PI0          111   1 269 253   0   0    4.80    2.97    4.3    7.1    0.13
  277 PI0          111   1 269 253   0   0    1.16    0.68    1.1    1.7    0.13
  278 PI0          111   1 269 253   0   0    2.65    1.61    2.6    4.0    0.13
  279 K_S0         310 198 274 257 282 283    8.31    4.56    7.3   12.0    0.50
  280 K+           321   1 275 257   0   0    2.78    1.98    2.6    4.3    0.49
  281 K-          -321   1 275 257   0   0    4.29    2.88    4.1    6.6    0.49
  282 PI+          211   1 279 257   0   0    7.08    3.85    6.3   10.3    0.14
  283 PI-         -211   1 279 257   0   0    1.23    0.71    1.0    1.7    0.14

 HWWARN CALLED FROM SUBPROGRAM HWDFOR: CODE = 101
 EVENT    5189:   SEEDS = 1682393227 &  634822048  WEIGHT = 0.5893E-03
 EVENT KILLED.   EXECUTION CONTINUES

 HWWARN CALLED FROM SUBPROGRAM HWDFIV: CODE = 101
 EVENT    6784:   SEEDS = 1856335859 &  222350422  WEIGHT =-0.5893E-03
 EVENT KILLED.   EXECUTION CONTINUES

          OUTPUT ON LES HOUCHES EVENTS


      PROC CODE  XSECT(pb)        XERR(pb)      Max wgt(nb) No. of events


          OUTPUT ON ELEMENTARY PROCESS

          N.B. NEGATIVE WEIGHTS ALLOWED

          NUMBER OF EVENTS   =        9998
          NEGATIVE  EVENTS   =        2582
          NUMBER OF WEIGHTS  =       10000
          NEGATIVE  WEIGHTS  =        2584
          MEAN VALUE OF WGT  =  2.8475E-04
          RMS SPREAD IN WGT  =  5.1595E-04
          MEAN ABS WEIGHT    =  5.8931E-04
          ACTUAL MAX ABS WGT =  1.0000E+00
          ASSUMED MAXABS WGT =  2.8475E-04

          PROCESS CODE IPROC =      -18000
          CROSS SECTION (PB) =  0.2848    
          ERROR IN C-S  (PB) =  5.1595E-03
          EFFICIENCY PERCENT =   100.0    
 # of events processed=        9998
