 Enter filename for events
 Enter maximum number of events to generate
 MUST coincide with the number of events on tape
 Enter 0 to use Herwig default PDFs
       1 to use PDFs from library
 Enter colliding particles (PART1, PART2)
 Enter beam momenta (PBEAM1, PBEAM2)


          HERWIG 6.521  11th Mar. 2013

          Please reference:  G. Marchesini, B.R. Webber,
          G.Abbiendi, I.G.Knowles, M.H.Seymour & L.Stanco
          Computer Physics Communications 67 (1992) 465
                             and
          G.Corcella, I.G.Knowles, G.Marchesini, S.Moretti,
          K.Odagiri, P.Richardson, M.H.Seymour & B.R.Webber,
          JHEP 0101 (2001) 010
 Enter .TRUE. for underlying event, .FALSE. otherwise

 Underlying event WILL NOT be generated

 Enter Lambda_QCD, <0 for Herwig default
 Enter Z mass, width
 Enter W mass, width
 Enter top mass, width
 Enter Higgs (SM) boson mass, width
 Enter quark (d,u,s,c,b) and gluon masses
 Enter lepton (e,mu,tau) masses
 Enter number of events to print
 Enter accepted error fraction
 Is it single-top (.TRUE. or .FALSE)?
 Is it b-bbar (.TRUE. or .FALSE)?
 Enter the two random seeds (0 0 for default)

          INPUT CONDITIONS FOR THIS RUN

          BEAM 1 (P       ) MOM. =   6500.00
          BEAM 2 (P       ) MOM. =   6500.00
          PROCESS CODE (IPROC)   =  -18000
          NUMBER OF FLAVOURS     =    6
          STRUCTURE FUNCTION SET =    8
          AZIM SPIN CORRELATIONS =    T
          AZIM SOFT CORRELATIONS =    T
          QCD LAMBDA (GEV)       =    0.1800
          DOWN     QUARK  MASS   =    0.3200
          UP       QUARK  MASS   =    0.3200
          STRANGE  QUARK  MASS   =    0.5000
          CHARMED  QUARK  MASS   =    1.5500
          BOTTOM   QUARK  MASS   =    4.9500
          TOP      QUARK  MASS   =  173.0000
          GLUON EFFECTIVE MASS   =    0.7500
          EXTRA SHOWER CUTOFF (Q)=    0.4800
          EXTRA SHOWER CUTOFF (G)=    0.1000
          PHOTON SHOWER CUTOFF   =    0.4000
          CLUSTER MASS PARAMETER =    3.3500
          SPACELIKE EVOLN CUTOFF =    2.5000
          INTRINSIC P-TRAN (RMS) =    0.0000
          DECAY SPIN CORRELATIONS=    T
          SUSY THREE BODY ME     =    T
          SUSY FOUR  BODY ME     =    F

          NO EVENTS WILL BE WRITTEN TO DISK

          B_d: Delt-M/Gam =0.7000 Delt-Gam/2*Gam =0.0000
          B_s: Delt-M/Gam = 10.00 Delt-Gam/2*Gam =0.2000

          PDFLIB NOT USED FOR BEAM 1
          PDFLIB NOT USED FOR BEAM 2


          Checking consistency of particle properties


          Checking consistency of decay tables


          WRITING SUDAKOV TABLE ON UNIT  77

          WRITING MATRIX ELEMENT TABLE ON UNIT  88

          CHECKING SUSY DECAY MATRIX ELEMENTS
 Do you want a stable Pi0 (.TRUE. or .FALSE)?
 Do you want a stable W+ (.TRUE. or .FALSE)?
 Do you want a stable W- (.TRUE. or .FALSE)?
 Do you want a stable Z0 (.TRUE. or .FALSE)?
 Do you want a stable Tau+ (.TRUE. or .FALSE)?
 Do you want a stable Tau- (.TRUE. or .FALSE)?
 Do you want a stable Mu+ (.TRUE. or .FALSE)?
 Do you want a stable Mu- (.TRUE. or .FALSE)?
 Do you want a stable Higgs (.TRUE. or .FALSE)?

          PARTICLE TYPE  21=PI0      SET STABLE
 How many decay modes do you want to set?
 How are the events normalized ("average" or "sum")?
 stdhep initialized

          SUBROUTINE TIMEL CALLED BUT NOT LINKED.
          DUMMY TIMEL WILL BE USED. DELETE DUMMY
          AND LINK CERNLIB FOR CPU TIME REMAINING.

 HWWARN CALLED FROM SUBPROGRAM HWSMRS: CODE =   5
 EVENT       1:   SEEDS = 1973774260 & 1099242306  WEIGHT = 0.5983E-03
 EVENT SURVIVES. EXECUTION CONTINUES
 WARNING: MRST98 CALLED WITH Q OUTSIDE ALLOWED RANGE!
 Q VALUE=1.430E+04, MINIMUM=1.118E+00, MAXIMUM=3.162E+03
 NO FURTHER WARNINGS WILL BE ISSUED



 EVENT       1: 6500.00 GEV/C P        ON  6500.00 GEV/C P        PROCESS:-18000
 SEEDS:  1973774260 &  1099242306   STATUS:  100 ERROR:   0  WEIGHT:  5.9833E-04


                               ---INITIAL STATE---    

 IHEP    ID      IDPDG IST MO1 MO2 DA1 DA2   P-X     P-Y     P-Z  ENERGY    MASS
    1 P           2212 101   0   0   0   0    0.00    0.00 6500.0 6500.0    0.94
    2 P           2212 102   0   0   0   0    0.00    0.00-6500.0 6500.0    0.94
    3 CMF            0 103   1   2   0   0    0.00    0.00    0.013000.013000.00

                              ---HARD SUBPROCESS---   

 IHEP    ID      IDPDG IST MO1 MO2 DA1 DA2   P-X     P-Y     P-Z  ENERGY    MASS
    4 UQRK           2 121   6   8  10   9    0.00    0.00  277.2  277.2    0.32
    5 DQRK           1 122   6   9  14   8   -0.00   -0.00 -710.3  710.3    0.32
    6 HARD           0 120   4   5   7   9  -23.55   20.74 -433.4  988.2  887.51
    7 HIGGS         25 123   6   7  25   7  312.47 -125.19 -155.0  391.1  125.00
    8 UQRK           2 124   6   5  26   4 -271.69  169.54 -368.3  488.0    0.32
    9 DQRK           1 124   6   4  32   5  -40.78  -44.35   90.1  108.4    0.32

                              ---PARTON SHOWERS---    

 IHEP    ID      IDPDG IST MO1 MO2 DA1 DA2   P-X     P-Y     P-Z  ENERGY    MASS
   10 UQRK          94 141   4   6  12  13   -1.78   -2.45  280.9  280.9   -3.62
   11 CONE           0 100   4   9   0   0   -0.68   -0.74    1.8    2.1    0.00
   12 GLUON         21   2  10  13  38  39    1.78    2.45  690.6  690.6    0.75
   13 UD          2101   2  10  28  40  39    0.00    0.00 5528.5 5528.5    0.33
   14 DQRK          94 142   5   6  16  24  -21.77   23.19 -714.2  707.3 -104.37
   15 CONE           0 100   5   8   0   0   -0.85    0.53   -1.0    1.4    0.00
   16 GLUON         21   2  14  17  41  42   -1.03    0.46   -5.3    5.5    0.75
   17 UD          2101   2  14  18  43  42    0.00    0.00-3973.5 3973.5    0.30
   18 UQRK           2   2  14  19  44  43    0.39    1.65-1240.5 1240.5    0.32
   19 GLUON         21   2  14  20  45  46    2.90   -2.08 -320.2  320.2    0.75
   20 GLUON         21   2  14  21  47  48   -0.54    1.46  -58.6   58.6    0.75
   21 GLUON         21   2  14  22  49  50    0.60    3.86  -86.9   87.0    0.75
   22 GLUON         21   2  14  23  51  52    1.54   -1.33  -11.2   11.4    0.75
   23 GLUON         21   2  14  24  53  54   -0.27    0.81   -3.5    3.7    0.75
   24 DBAR          -1   2  14  34  55  54   18.18  -28.02  -86.1   92.3    0.32
   25 HIGGS         25 195   7   6 168 169  302.64 -116.84 -154.8  380.6  125.00
   26 UQRK          94 144   8   6  28  31 -282.91  179.57 -368.4  499.0   32.63
   27 CONE           0 100   8   5   0   0    0.30   -0.19   -1.1    1.1    0.00
   28 UQRK           2   2  26  29  56  40 -191.56  118.34 -246.4  333.8    0.32
   29 GLUON         21   2  26  30  57  58  -88.25   57.03 -115.1  155.8    0.75
   30 GLUON         21   2  26  31  59  60   -3.56    4.00   -5.2    7.5    0.75
   31 GLUON         21   2  26  41  61  62    0.46    0.20   -1.7    2.0    0.75
   32 DQRK          94 144   9   6  34  37  -43.28  -41.98   89.8  108.5    9.10
   33 CONE           0 100   9   4   0   0    0.42    0.41    0.9    1.1    0.00
   34 DQRK           1   2  32  35  63  55  -26.46  -24.20   52.1   63.3    0.32
   35 GLUON         21   2  32  36  64  65  -10.14   -9.52   17.1   22.1    0.75
   36 GLUON         21   2  32  37  66  67   -3.51   -3.60    9.3   10.6    0.75
   37 GLUON         21   2  32  38  68  69   -3.17   -4.66   11.2   12.6    0.75

                              ---GLUON SPLITTING---   

 IHEP    ID      IDPDG IST MO1 MO2 DA1 DA2   P-X     P-Y     P-Z  ENERGY    MASS
   38 UBAR          -2 158  10  39 115  89    0.95    1.16  318.5  318.5    0.32
   39 UQRK           2 158  10  70  90  38    0.44    0.77  235.1  235.1    0.32
   40 UD          2101 161  10  56 106  71    0.01    0.02 4190.2 4190.2    0.64
   41 DBAR          -1 158  14  42 101  62   -0.80    0.22   -3.4    3.5    0.32
   42 DQRK           1 158  14  74  91  41   -0.17    0.18   -2.0    2.0    0.32
   43 UD          2101 162  14  44 107  73   -0.00    0.00-2801.0 2801.0    0.64
   44 UQRK           2 158  14  76  92  43    0.19    0.77 -585.3  585.3    0.32
   45 UBAR          -2 158  14  46 109  77    1.07   -0.69 -104.3  104.3    0.32
   46 UQRK           2 158  14  47  93  45    1.64   -1.27 -199.7  199.7    0.32
   47 UBAR          -2 158  14  48  93  46   -0.33    1.09  -43.6   43.6    0.32
   48 UQRK           2 158  14  49  94  47   -0.21    0.37  -15.0   15.0    0.32
   49 DBAR          -1 158  14  50  94  48    0.48    2.81  -64.5   64.6    0.32
   50 DQRK           1 158  14  51  95  49    0.11    1.05  -22.4   22.4    0.32
   51 UBAR          -2 158  14  52  95  50    0.89   -0.94   -7.5    7.6    0.32
   52 UQRK           2 158  14  53  96  51    0.65   -0.39   -3.7    3.8    0.32
   53 UBAR          -2 158  14  54  96  52   -0.05    0.53   -1.5    1.6    0.32
   54 UQRK           2 158  14  80  97  53   -0.11    0.13   -1.4    1.4    0.32
   55 DBAR          -1 158  14  63 110  79   11.19  -17.25  -53.0   56.8    0.32
   56 UQRK           2 158  26  57  98  40 -191.56  118.34 -246.4  333.8    0.32
   57 UBAR          -2 158  26  58  98  56  -37.05   23.72  -48.2   65.3    0.32
   58 UQRK           2 158  26  82  99  57  -23.46   15.27  -30.6   41.5    0.32
   59 UBAR          -2 158  26  60 112  83   -1.74    1.84   -2.7    3.7    0.32
   60 UQRK           2 158  26  61 100  59   -1.56    1.78   -2.0    3.1    0.32
   61 DBAR          -1 158  26  62 100  60    0.24   -0.04   -1.1    1.2    0.32
   62 DQRK           1 158  26  41 101  61    0.21    0.24   -0.6    0.8    0.32
   63 DQRK           1 158  32  64 102  55  -26.46  -24.20   52.1   63.3    0.32
   64 DBAR          -1 158  32  65 102  63   -7.09   -6.82   12.1   15.6    0.32
   65 DQRK           1 158  32  66 103  64   -3.05   -2.71    5.0    6.4    0.32
   66 UBAR          -2 158  32  67 103  65   -2.53   -2.43    6.6    7.5    0.32
   67 UQRK           2 158  32  68 104  66   -0.98   -1.17    2.7    3.2    0.32
   68 DBAR          -1 158  32  69 104  67   -1.53   -1.91    4.8    5.4    0.32
   69 DQRK           1 158  32  84 105  68   -1.32   -2.21    5.2    5.8    0.32
   70 DBAR          -1 159  10  71  90  39    0.01    0.02 1193.9 1193.9    0.32
   71 DQRK           1 159  10  40 106  70    0.08    0.14  186.4  186.4    0.32
   72 UBAR          -2 159  14  73 108  75   -0.00    0.00 -924.1  924.1    0.32
   73 UQRK           2 159  14  43 107  72   -0.00    0.00 -201.6  201.6    0.32
   74 SBAR          -3 159  14  75  91  42   -0.04    0.04  -14.7   14.7    0.50
   75 SQRK           3 159  14  72 108  74   -0.02    0.02  -32.1   32.1    0.50
   76 SBAR          -3 159  14  77  92  44    0.18    0.03 -111.4  111.4    0.50
   77 SQRK           3 159  14  45 109  76    0.20    0.73 -559.9  559.9    0.50
   78 SBAR          -3 159  14  79 111  81    3.43   -5.29  -16.3   17.5    0.50
   79 SQRK           3 159  14  55 110  78    0.39   -0.61   -2.4    2.5    0.50
   80 SBAR          -3 159  14  81  97  54    2.54   -3.92  -12.1   13.0    0.50
   81 SQRK           3 159  14  78 111  80    0.51   -0.80   -2.9    3.1    0.50
   82 SBAR          -3 159  26  83  99  58   -5.19    3.54   -6.9    9.3    0.50
   83 SQRK           3 159  26  59 112  82  -22.82   14.88  -29.8   40.4    0.50
   84 SBAR          -3 159  10  85 105  69   -0.02   -0.04    7.2    7.2    0.50
   85 SQRK           3 159  32  86 113  84   -0.12   -0.21    2.6    2.6    0.50
   86 DBAR          -1 159  10  87 113  85    0.02    0.01    9.2    9.2    0.32
   87 DQRK           1 159  32  88 114  86   -0.12   -0.21    1.3    1.4    0.32
   88 DBAR          -1 159  10  89 114  87    0.21    0.25   70.6   70.6    0.32
   89 DQRK           1 159  32  38 115  88   -0.01   -0.02    5.3    5.3    0.32

                             ---CLUSTER FORMATION---  

 IHEP    ID      IDPDG IST MO1 MO2 DA1 DA2   P-X     P-Y     P-Z  ENERGY    MASS
   90 CLUS          91 183  39  70 116 117    0.45    0.79 1429.0 1429.0    2.17
   91 CLUS          91 183  42  74 118 119   -0.20    0.22  -16.7   16.7    1.24
   92 CLUS          91 183  44  76 120 121    0.38    0.80 -696.8  696.8    1.37
   93 CLUS          91 183  46  47 122 123    1.30   -0.19 -243.3  243.3    3.38
   94 CLUS          91 183  48  49 124 125    0.28    3.18  -79.5   79.6    1.20
   95 CLUS          91 183  50  51 126 127    1.00    0.12  -29.9   30.0    2.77
   96 CLUS          91 183  52  53 128 129    0.60    0.14   -5.2    5.4    1.38
   97 CLUS          91 183  54  80 130 131    2.43   -3.79  -13.5   14.4    2.35
   98 CLUS          91 183  56  57 132 133 -228.61  142.06 -294.6  399.0    1.83
   99 CLUS          91 183  58  82 134 135  -28.65   18.81  -37.5   50.8    1.25
  100 CLUS          91 183  60  61 136 137   -1.31    1.74   -3.1    4.3    2.00
  101 CLUS          91 183  62  41 138 139   -0.59    0.46   -4.0    4.3    1.28
  102 CLUS          91 183  63  64 140 141  -33.55  -31.01   64.3   78.9    2.62
  103 CLUS          91 183  65  66 142 143   -5.58   -5.13   11.6   13.9    1.52
  104 CLUS          91 183  67  68 144 145   -2.51   -3.09    7.5    8.6    0.68
  105 CLUS          91 183  69  84 146 147   -1.34   -2.24   12.4   13.0    3.02
  106 CLUS          91 184  71  40 148 149    0.09    0.16 4376.7 4376.7    1.85
  107 CLUS          91 185  73  43 150 151   -0.00    0.00-3002.6 3002.6    1.40
  108 CLUS          91 183  75  72 152 153   -0.02    0.02 -956.2  956.2    2.75
  109 CLUS          91 183  77  45 154 155    1.28    0.04 -664.2  664.2    3.22
  110 CLUS          91 183  79  55 156 157   11.58  -17.86  -55.4   59.4    2.61
  111 CLUS          91 183  81  78 158 159    3.95   -6.09  -19.2   20.6    1.45
  112 CLUS          91 183  83  59 160 161  -24.56   16.72  -32.5   44.1    2.32
  113 CLUS          91 183  85  86 162 163   -0.11   -0.19   11.8   11.8    1.22
  114 CLUS          91 183  87  88 164 165    0.09    0.05   72.0   72.0    2.93
  115 CLUS          91 183  89  38 166 167    0.95    1.14  323.8  323.8    2.54

                              ---CLUSTER DECAYS---    

 IHEP    ID      IDPDG IST MO1 MO2 DA1 DA2   P-X     P-Y     P-Z  ENERGY    MASS
  116 PI+          211   1  90  10   0   0   -0.31    0.06  172.2  172.2    0.14
  117 RHO_30       117 197  90  10 213 214    0.76    0.73 1256.8 1256.8    1.69
  118 PI-         -211   1  91  14   0   0    0.07    0.22   -1.9    1.9    0.14
  119 K*+          323 197  91  14 215 216   -0.27   -0.01  -14.8   14.8    0.89
  120 PI0          111   1  92  14   0   0    0.19    0.79 -592.0  592.0    0.13
  121 K+           321   1  92  14   0   0    0.19    0.01 -104.7  104.7    0.49
  122 SIGMA*0     3214 197  93  14 217 218    1.60   -0.50 -142.7  142.7    1.38
  123 SGMA*BR0   -3214 197  93  14 219 220   -0.30    0.31 -100.6  100.6    1.38
  124 PI0          111   1  94  14   0   0   -0.22    0.77  -15.6   15.6    0.13
  125 RHO+         213 197  94  14 221 222    0.49    2.41  -63.9   64.0    0.77
  126 SIGMA-      3112 197  95  14 223 224    0.10    0.35   -8.6    8.7    1.20
  127 SIGMABR0   -3212 197  95  14 225 226    0.91   -0.24  -21.3   21.4    1.19
  128 OMEGA        223 197  96  14 227 229    0.81    0.23   -4.8    4.9    0.78
  129 PI0          111   1  96  14   0   0   -0.21   -0.09   -0.4    0.5    0.13
  130 PI+          211   1  97  14   0   0    1.46   -1.49   -4.3    4.7    0.14
  131 K*_20        315 197  97  14 230 231    0.97   -2.30   -9.2    9.7    1.43
  132 PI+          211   1  98  26   0   0 -161.78   99.93 -208.1  281.9    0.14
  133 RHO-        -213 197  98  26 232 233  -66.83   42.14  -86.5  117.2    0.77
  134 PI0          111   1  99  26   0   0  -23.58   15.59  -31.1   42.0    0.13
  135 K+           321   1  99  26   0   0   -5.06    3.22   -6.4    8.8    0.49
  136 F_2          225 197 100  26 234 235   -0.83    0.56   -2.2    2.7    1.27
  137 PI+          211   1 100  26   0   0   -0.49    1.17   -1.0    1.6    0.14
  138 PI-         -211   1 101  26   0   0   -0.54    0.15   -1.0    1.2    0.14
  139 RHO+         213 197 101  26 236 237   -0.04    0.31   -3.0    3.1    0.77
  140 DELTA+      2214 197 102  32 238 239  -23.89  -21.94   46.6   56.8    1.23
  141 PBAR       -2212   1 102  32   0   0   -9.66   -9.08   17.7   22.1    0.94
  142 RHO-        -213 197 103  32 240 241   -2.71   -2.95    6.4    7.6    0.77
  143 ETA          221 197 103  32 242 244   -2.87   -2.18    5.2    6.3    0.55
  144 PI0          111   1 104  32   0   0   -0.80   -0.95    1.8    2.2    0.13
  145 PI+          211   1 104  32   0   0   -1.71   -2.14    5.8    6.4    0.14
  146 DELTA+      2214 197 105  32 245 246   -0.76   -0.95    8.2    8.4    1.23
  147 SGMA*BR-   -3224 197 105  32 247 248   -0.58   -1.29    4.1    4.6    1.38
  148 RHO-        -213 197 106  10 249 250    0.14    0.31 1499.6 1499.6    0.77
  149 P           2212   1 106  10   0   0   -0.05   -0.15 2877.0 2877.0    0.94
  150 PI+          211   1 107  14   0   0    0.02    0.06 -494.6  494.6    0.14
  151 DELTA0      2114 197 107  14 251 252   -0.02   -0.06-2508.0 2508.0    1.23
  152 SIGMA0      3212 197 108  14 253 254    0.69   -0.16 -343.6  343.6    1.19
  153 PBAR       -2212   1 108  14   0   0   -0.71    0.18 -612.5  612.5    0.94
  154 PHI          333 197 109  14 255 256    0.04   -0.79 -453.9  453.9    1.02
  155 K*-         -323 197 109  14 257 258    1.24    0.83 -210.3  210.3    0.89
  156 SIGMA+      3222 197 110  14 259 260    2.88   -4.44  -14.1   15.1    1.19
  157 PBAR       -2212   1 110  14   0   0    8.70  -13.42  -41.3   44.3    0.94
  158 K-          -321   1 111  14   0   0    1.18   -2.30   -5.8    6.3    0.49
  159 K+           321   1 111  14   0   0    2.76   -3.79  -13.4   14.2    0.49
  160 PHI          333 197 112  26 261 262  -16.70   11.47  -21.3   29.4    1.02
  161 K*-         -323 197 112  26 263 264   -7.86    5.25  -11.2   14.7    0.89
  162 K-          -321   1 113  32   0   0   -0.35    0.26    8.0    8.0    0.49
  163 PI+          211   1 113  32   0   0    0.24   -0.46    3.8    3.8    0.14
  164 DELTA-      1114 197 114  32 265 266    0.23   -0.71   30.3   30.3    1.23
  165 DELTABR+   -1114 197 114  32 267 268   -0.15    0.76   41.7   41.7    1.23
  166 DELTA-      1114 197 115  32 269 270    0.53    0.05  112.0  112.0    1.23
  167 NBAR       -2112   1 115  32   0   0    0.42    1.10  211.8  211.8    0.94

                            ---H/W/Z BOSON DECAYS---  

 IHEP    ID      IDPDG IST MO1 MO2 DA1 DA2   P-X     P-Y     P-Z  ENERGY    MASS
  168 BQRK           5 123  25 169 170 169  291.40  -99.58 -103.2  324.8    4.95
  169 BBAR          -5 124  25 168 175 168   11.24  -17.27  -51.6   55.7    4.95

                              ---PARTON SHOWERS---    

 IHEP    ID      IDPDG IST MO1 MO2 DA1 DA2   P-X     P-Y     P-Z  ENERGY    MASS
  170 BQRK          94 143 168  25 172 174  289.71  -99.08 -102.9  323.2   10.69
  171 CONE           0 100 168 169   0   0    1.15   -0.69   -1.5    2.0    0.00
  172 BQRK           5   2 170 173 179 178  204.91  -68.10  -75.6  228.8    4.95
  173 GLUON         21   2 170 174 180 181   26.41   -8.67   -8.4   29.0    0.75
  174 GLUON         21   2 170 177 182 183   58.39  -22.31  -18.9   65.3    0.75
  175 BBAR          94 144 169  25 177 178   12.94  -17.77  -51.9   57.4   10.84
  176 CONE           0 100 169 168   0   0    0.84   -0.01    0.7    1.1    0.00
  177 GLUON         21   2 175 178 184 185    0.40   -1.49   -0.5    1.8    0.75
  178 BBAR          -5   2 175 179 186 185   12.54  -16.27  -51.4   55.6    4.95

                              ---GLUON SPLITTING---   

 IHEP    ID      IDPDG IST MO1 MO2 DA1 DA2   P-X     P-Y     P-Z  ENERGY    MASS
  179 BQRK           5 158 170 187 193 186  191.73  -63.71  -70.5  214.0    4.95
  180 DBAR          -1 158 170 181 197 188    8.48   -2.81   -2.8    9.4    0.32
  181 DQRK           1 158 170 182 194 180   12.16   -3.96   -4.1   13.4    0.32
  182 UBAR          -2 158 170 183 194 181   14.79   -5.62   -4.8   16.5    0.32
  183 UQRK           2 158 170 189 195 182   37.81  -14.47  -12.2   42.3    0.32
  184 DBAR          -1 158 175 185 198 190    0.39   -0.82   -0.2    1.0    0.32
  185 DQRK           1 158 175 191 196 184    0.10   -0.31   -0.5    0.7    0.32
  186 BBAR          -5 158 175 179 199 192   12.22  -15.89  -50.1   54.2    4.95
  187 DBAR          -1 159 170 188 193 179    8.29   -2.75   -2.8    9.2    0.32
  188 DQRK           1 159 170 180 197 187   10.66   -3.54   -3.9   11.9    0.32
  189 UBAR          -2 159 175 190 195 183    0.93   -0.47   -0.3    1.1    0.32
  190 UQRK           2 159 170 184 198 189    4.88   -1.89   -1.6    5.5    0.32
  191 UBAR          -2 159 175 192 196 185    0.11   -0.31   -0.6    0.7    0.32
  192 UQRK           2 159 175 186 199 191    0.09   -0.31   -0.5    0.6    0.32

                             ---CLUSTER FORMATION---  

 IHEP    ID      IDPDG IST MO1 MO2 DA1 DA2   P-X     P-Y     P-Z  ENERGY    MASS
  193 CLUS          91 183 179 187 200 200  199.30  -66.17  -73.1  222.4    5.28
  194 CLUS          91 183 181 182 201 202   27.67   -9.86   -9.1   30.8    0.95
  195 CLUS          91 183 183 189 203 204   38.75  -14.94  -12.5   43.4    2.13
  196 CLUS          91 183 185 191 205 206    0.21   -0.61   -1.0    1.4    0.64
  197 CLUS          91 183 188 180 207 208   19.14   -6.35   -6.6   21.2    0.72
  198 CLUS          91 183 190 184 209 210    5.27   -2.70   -1.8    6.5    1.85
  199 CLUS          91 183 192 186 211 212   12.31  -16.19  -50.6   54.9    6.03

                              ---CLUSTER DECAYS---    

 IHEP    ID      IDPDG IST MO1 MO2 DA1 DA2   P-X     P-Y     P-Z  ENERGY    MASS
  200 B_DBAR0     -511 200 193 170 271 271  199.30  -66.17  -73.1  222.4    5.28
  201 PI0          111   1 194 170   0   0    8.69   -2.86   -3.2    9.7    0.13
  202 PI-         -211   1 194 170   0   0   18.98   -7.01   -5.9   21.1    0.14
  203 K*_2+        325 197 195 170 272 273   31.75  -11.89  -10.2   35.4    1.43
  204 K-          -321   1 195 170   0   0    7.00   -3.05   -2.3    8.0    0.49
  205 PI-         -211   1 196 175   0   0   -0.03   -0.53   -0.9    1.1    0.14
  206 PI0          111   1 196 175   0   0    0.24   -0.08   -0.1    0.3    0.13
  207 PI-         -211   1 197 170   0   0   13.75   -4.81   -5.0   15.4    0.14
  208 PI+          211   1 197 170   0   0    5.39   -1.54   -1.7    5.9    0.14
  209 PI+          211   1 198 170   0   0    3.99   -2.30   -1.7    4.9    0.14
  210 RHO0         113 197 198 170 274 275    1.28   -0.40   -0.1    1.5    0.77
  211 K+           321   1 199 175   0   0    0.51   -0.75   -2.1    2.4    0.49
  212 B*_S0        533 197 199 175 276 277   11.80  -15.45  -48.5   52.5    5.42

                           ---STRONG HADRON DECAYS--- 

 IHEP    ID      IDPDG IST MO1 MO2 DA1 DA2   P-X     P-Y     P-Z  ENERGY    MASS
  213 A_2+         215 198 117  10 278 279    0.51    0.31 1021.3 1021.3    1.32
  214 PI-         -211   1 117  10   0   0    0.25    0.42  235.5  235.5    0.14
  215 K0           311 198 119  14 280 280   -0.42   -0.11   -8.7    8.8    0.50
  216 PI+          211   1 119  14   0   0    0.15    0.10   -6.1    6.1    0.14
  217 LAMBDA      3122 198 122  14 281 282    1.41   -0.46 -135.4  135.4    1.12
  218 PI0          111   1 122  14   0   0    0.19   -0.04   -7.3    7.3    0.13
  219 LAMBDABR   -3122 198 123  14 283 284   -0.12    0.30  -70.0   70.0    1.12
  220 PI0          111   1 123  14   0   0   -0.18    0.02  -30.6   30.6    0.13
  221 PI+          211   1 125  14   0   0    0.47    0.70  -23.3   23.3    0.14
  222 PI0          111   1 125  14   0   0    0.02    1.71  -40.6   40.7    0.13
  223 N           2112   1 126  14   0   0    0.02    0.45   -6.5    6.6    0.94
  224 PI-         -211   1 126  14   0   0    0.08   -0.09   -2.1    2.1    0.14
  225 LAMBDABR   -3122 198 127  14 285 286    0.82   -0.28  -19.2   19.3    1.12
  226 GAMMA         22   1 127  14   0   0    0.09    0.04   -2.1    2.1    0.00
  227 PI+          211   1 128  14   0   0    0.14    0.22   -0.9    0.9    0.14
  228 PI-         -211   1 128  14   0   0    0.60    0.00   -3.6    3.7    0.14
  229 PI0          111   1 128  14   0   0    0.07    0.01   -0.3    0.4    0.13
  230 K+           321   1 131  14   0   0   -0.19   -0.61   -3.1    3.2    0.49
  231 PI-         -211   1 131  14   0   0    1.17   -1.68   -6.2    6.5    0.14
  232 PI-         -211   1 133  26   0   0  -23.68   14.57  -30.7   41.4    0.14
  233 PI0          111   1 133  26   0   0  -43.15   27.57  -55.9   75.8    0.13
  234 PI+          211   1 136  26   0   0   -0.92    0.52   -0.8    1.3    0.14
  235 PI-         -211   1 136  26   0   0    0.09    0.05   -1.4    1.4    0.14
  236 PI+          211   1 139  26   0   0   -0.10    0.49   -2.6    2.6    0.14
  237 PI0          111   1 139  26   0   0    0.06   -0.18   -0.4    0.5    0.13
  238 P           2212   1 140  32   0   0  -15.16  -13.77   29.3   35.8    0.94
  239 PI0          111   1 140  32   0   0   -8.74   -8.17   17.3   21.0    0.13
  240 PI-         -211   1 142  32   0   0   -0.72   -0.56    2.0    2.2    0.14
  241 PI0          111   1 142  32   0   0   -1.99   -2.39    4.4    5.4    0.13
  242 PI0          111   1 143  32   0   0   -1.36   -0.82    2.2    2.8    0.13
  243 PI0          111   1 143  32   0   0   -0.61   -0.56    1.2    1.4    0.13
  244 PI0          111   1 143  32   0   0   -0.91   -0.80    1.8    2.1    0.13
  245 P           2212   1 146  32   0   0   -0.84   -0.92    7.7    7.8    0.94
  246 PI0          111   1 146  32   0   0    0.08   -0.03    0.5    0.6    0.13
  247 LAMBDABR   -3122 198 147  32 287 288   -0.70   -1.12    3.6    4.0    1.12
  248 PI-         -211   1 147  32   0   0    0.12   -0.17    0.5    0.6    0.14
  249 PI-         -211   1 148  10   0   0    0.03    0.52  812.8  812.8    0.14
  250 PI0          111   1 148  10   0   0    0.12   -0.21  686.8  686.8    0.13
  251 N           2112   1 151  14   0   0    0.17    0.06-1780.5 1780.5    0.94
  252 PI0          111   1 151  14   0   0   -0.19   -0.12 -727.5  727.5    0.13
  253 LAMBDA      3122 198 152  14 289 290    0.72   -0.14 -321.2  321.2    1.12
  254 GAMMA         22   1 152  14   0   0   -0.03   -0.01  -22.5   22.5    0.00
  255 K+           321   1 154  14   0   0    0.09   -0.28 -184.2  184.2    0.49
  256 K-          -321   1 154  14   0   0   -0.05   -0.51 -269.6  269.6    0.49
  257 KBAR0       -311 198 155  14 291 291    1.05    0.47 -130.7  130.8    0.50
  258 PI-         -211   1 155  14   0   0    0.19    0.37  -79.6   79.6    0.14
  259 P           2212   1 156  14   0   0    2.08   -3.08   -9.6   10.3    0.94
  260 PI0          111   1 156  14   0   0    0.80   -1.36   -4.5    4.7    0.13
  261 K_L0         130   1 160  26   0   0   -8.86    5.99  -11.4   15.6    0.50
  262 K_S0         310 198 160  26 292 293   -7.84    5.48  -10.0   13.8    0.50
  263 K-          -321   1 161  26   0   0   -4.65    3.06   -6.1    8.3    0.49
  264 PI0          111   1 161  26   0   0   -3.20    2.19   -5.0    6.3    0.13
  265 N           2112   1 164  32   0   0    0.15   -0.80   27.8   27.8    0.94
  266 PI-         -211   1 164  32   0   0    0.08    0.08    2.5    2.5    0.14
  267 NBAR       -2112   1 165  32   0   0   -0.05    0.34   28.3   28.3    0.94
  268 PI+          211   1 165  32   0   0   -0.09    0.42   13.4   13.4    0.14
  269 N           2112   1 166  32   0   0    0.27    0.17   73.5   73.5    0.94
  270 PI-         -211   1 166  32   0   0    0.26   -0.13   38.5   38.5    0.14
  271 B_DBAR0     -511 199 200 170 302 303  199.30  -66.17  -73.1  222.4    5.28
  272 K0           311 198 203 170 294 294   30.13  -11.55   -9.7   33.7    0.50
  273 PI+          211   1 203 170   0   0    1.61   -0.34   -0.5    1.7    0.14
  274 PI+          211   1 210 170   0   0    0.86    0.00   -0.3    0.9    0.14
  275 PI-         -211   1 210 170   0   0    0.42   -0.40    0.2    0.6    0.14
  276 B_S0         531 200 212 175 295 295   11.81  -15.45  -48.4   52.5    5.37
  277 GAMMA         22   1 212 175   0   0   -0.01   -0.00   -0.0    0.0    0.00
  278 RHO0         113 198 213  10 296 297    0.42    0.53  552.4  552.4    0.77
  279 PI+          211   1 213  10   0   0    0.10   -0.22  468.9  468.9    0.14
  280 K_S0         310 198 215  14 298 299   -0.42   -0.11   -8.7    8.8    0.50
  281 N           2112   1 217  14   0   0    1.26   -0.31 -118.6  118.6    0.94
  282 PI0          111   1 217  14   0   0    0.16   -0.15  -16.7   16.7    0.13
  283 PBAR       -2212   1 219  14   0   0   -0.16    0.32  -57.7   57.7    0.94
  284 PI+          211   1 219  14   0   0    0.04   -0.02  -12.4   12.4    0.14
  285 PBAR       -2212   1 225  14   0   0    0.73   -0.19  -17.6   17.6    0.94
  286 PI+          211   1 225  14   0   0    0.08   -0.08   -1.6    1.6    0.14
  287 PBAR       -2212   1 247  32   0   0   -0.60   -1.09    3.2    3.6    0.94
  288 PI+          211   1 247  32   0   0   -0.09   -0.04    0.3    0.4    0.14
  289 P           2212   1 253  14   0   0    0.71   -0.14 -271.3  271.3    0.94
  290 PI-         -211   1 253  14   0   0    0.01    0.00  -49.9   49.9    0.14
  291 K_L0         130   1 257  14   0   0    1.05    0.47 -130.7  130.8    0.50
  292 PI0          111   1 262  26   0   0   -3.12    2.02   -3.7    5.2    0.13
  293 PI0          111   1 262  26   0   0   -4.72    3.47   -6.3    8.6    0.13
  294 K_S0         310 198 272 170 300 301   30.13  -11.55   -9.7   33.7    0.50
  295 B_SBAR0     -531 199 276 175 337 338   11.81  -15.45  -48.4   52.5    5.37
  296 PI+          211   1 278  10   0   0   -0.05   -0.04  241.9  241.9    0.14
  297 PI-         -211   1 278  10   0   0    0.47    0.56  310.5  310.5    0.14
  298 PI+          211   1 280  14   0   0   -0.09    0.10   -4.5    4.5    0.14
  299 PI-         -211   1 280  14   0   0   -0.34   -0.21   -4.2    4.2    0.14
  300 PI+          211   1 294 170   0   0   24.03   -9.31   -7.9   26.9    0.14
  301 PI-         -211   1 294 170   0   0    6.10   -2.25   -1.8    6.8    0.14

                           ---HEAVY PARTICLE DECAYS---

 IHEP    ID      IDPDG IST MO1 MO2 DA1 DA2   P-X     P-Y     P-Z  ENERGY    MASS
  302 BQRK           5 155 271 303 304 306  187.22  -62.16  -68.7  208.9    4.96
  303 DBAR          -1 125 271 306 307 306   12.08   -4.01   -4.4   13.5    0.32
  304 CQRK           4 123 302 305 308 305   52.82  -16.91  -18.4   58.5    1.55
  305 UBAR          -2 124 302 304 310 304   48.07  -14.92  -17.4   53.3    0.32
  306 DQRK           1 124 302 302 312 302   86.33  -30.33  -32.9   97.2    0.32
  307 DBAR          -1 160 303 318 323 320   12.08   -4.01   -4.4   13.5    0.32

                              ---PARTON SHOWERS---    

 IHEP    ID      IDPDG IST MO1 MO2 DA1 DA2   P-X     P-Y     P-Z  ENERGY    MASS
  308 CQRK          94 143 304 302 309 309   51.94  -16.73  -18.2   57.6    1.55
  309 CQRK           4   2 308 311 316 311   51.94  -16.73  -18.2   57.6    1.55
  310 UBAR          94 144 305 302 311 311   40.18  -12.49  -14.5   44.5    0.32
  311 UBAR          -2   2 310 316 317 316   40.18  -12.49  -14.5   44.5    0.32
  312 DQRK          94 144 306 302 314 315   95.10  -32.95  -35.9  106.9    1.59
  313 CONE           0 100 306 302   0   0   31.73  -10.10  -11.3   35.2    0.00
  314 DQRK           1   2 312 315 318 307   58.95  -20.03  -22.5   66.2    0.32
  315 GLUON         21   2 312 307 319 320   36.15  -12.92  -13.4   40.7    0.75

                              ---GLUON SPLITTING---   

 IHEP    ID      IDPDG IST MO1 MO2 DA1 DA2   P-X     P-Y     P-Z  ENERGY    MASS
  316 CQRK           4 158 308 317 321 317   51.94  -16.73  -18.2   57.6    1.55
  317 UBAR          -2 158 310 316 321 316   40.18  -12.49  -14.5   44.5    0.32
  318 DQRK           1 158 312 319 322 307   58.95  -20.03  -22.5   66.2    0.32
  319 DBAR          -1 158 312 320 322 318   24.50   -8.90   -9.1   27.6    0.32
  320 DQRK           1 158 312 307 323 319   11.65   -4.02   -4.4   13.1    0.32

                             ---CLUSTER FORMATION---  

 IHEP    ID      IDPDG IST MO1 MO2 DA1 DA2   P-X     P-Y     P-Z  ENERGY    MASS
  321 CLUS          91 183 316 317 324 325   92.12  -29.22  -32.8  102.1    2.24
  322 CLUS          91 183 318 319 326 327   83.45  -28.93  -31.5   93.8    1.21
  323 CLUS          91 183 320 307 328 329   23.73   -8.03   -8.8   26.6    0.66

                              ---CLUSTER DECAYS---    

 IHEP    ID      IDPDG IST MO1 MO2 DA1 DA2   P-X     P-Y     P-Z  ENERGY    MASS
  324 D+           411 197 321 308 330 331   68.78  -21.97  -24.3   76.2    1.87
  325 PI-         -211   1 321 308   0   0   23.34   -7.25   -8.4   25.9    0.14
  326 PI-         -211   1 322 312   0   0   36.82  -12.49  -14.1   41.3    0.14
  327 RHO+         213 197 322 312 332 333   46.63  -16.43  -17.5   52.4    0.77
  328 PI-         -211   1 323 312   0   0   15.80   -5.64   -5.8   17.8    0.14
  329 PI+          211   1 323 312   0   0    7.93   -2.40   -3.0    8.8    0.14

                           ---STRONG HADRON DECAYS--- 

 IHEP    ID      IDPDG IST MO1 MO2 DA1 DA2   P-X     P-Y     P-Z  ENERGY    MASS
  330 K+           321   1 324 308   0   0   27.07   -8.88   -8.8   29.8    0.49
  331 KBAR0       -311 198 324 308 334 334   41.71  -13.09  -15.5   46.4    0.50
  332 PI+          211   1 327 312   0   0   37.48  -12.92  -14.0   42.0    0.14
  333 PI0          111   1 327 312   0   0    9.15   -3.52   -3.5   10.4    0.13
  334 K_S0         310 198 331 308 335 336   41.71  -13.09  -15.5   46.4    0.50
  335 PI+          211   1 334 308   0   0   35.73  -11.26  -13.4   39.8    0.14
  336 PI-         -211   1 334 308   0   0    5.97   -1.84   -2.1    6.6    0.14

                           ---HEAVY PARTICLE DECAYS---

 IHEP    ID      IDPDG IST MO1 MO2 DA1 DA2   P-X     P-Y     P-Z  ENERGY    MASS
  337 BQRK           5 155 295 338 339 341   10.71  -14.01  -43.9   47.6    4.87
  338 SBAR          -3 125 295 341 342 341    1.10   -1.44   -4.5    4.9    0.50
  339 SQRK           3 123 337 340 343 340    1.08   -1.84   -6.6    7.0    0.50
  340 CBAR          -4 124 337 339 345 339    7.41   -9.92  -30.3   32.8    1.55
  341 CQRK           4 124 337 337 347 337    2.22   -2.25   -7.0    7.8    1.55
  342 SBAR          -3 160 338 351 353 351    1.10   -1.44   -4.5    4.9    0.50

                              ---PARTON SHOWERS---    

 IHEP    ID      IDPDG IST MO1 MO2 DA1 DA2   P-X     P-Y     P-Z  ENERGY    MASS
  343 SQRK          94 143 339 337 344 344    1.08   -1.84   -6.6    7.0    0.50
  344 SQRK           3   2 343 346 349 346    1.08   -1.84   -6.6    7.0    0.50
  345 CBAR          94 144 340 337 346 346    7.41   -9.92  -30.3   32.8    1.55
  346 CBAR          -4   2 345 349 350 349    7.41   -9.92  -30.3   32.8    1.55
  347 CQRK          94 144 341 337 348 348    2.22   -2.25   -7.0    7.8    1.55
  348 CQRK           4   2 347 342 351 342    2.22   -2.25   -7.0    7.8    1.55

                              ---GLUON SPLITTING---   

 IHEP    ID      IDPDG IST MO1 MO2 DA1 DA2   P-X     P-Y     P-Z  ENERGY    MASS
  349 SQRK           3 158 343 350 352 350    1.08   -1.84   -6.6    7.0    0.50
  350 CBAR          -4 158 345 349 352 349    7.41   -9.92  -30.3   32.8    1.55
  351 CQRK           4 158 347 342 353 342    2.22   -2.25   -7.0    7.8    1.55

                             ---CLUSTER FORMATION---  

 IHEP    ID      IDPDG IST MO1 MO2 DA1 DA2   P-X     P-Y     P-Z  ENERGY    MASS
  352 CLUS          91 183 349 350 354 355    8.93  -12.40  -38.9   41.9    2.45
  353 CLUS          91 183 351 342 356 356    2.88   -3.05   -9.5   10.5    1.97

                              ---CLUSTER DECAYS---    

 IHEP    ID      IDPDG IST MO1 MO2 DA1 DA2   P-X     P-Y     P-Z  ENERGY    MASS
  354 K-          -321   1 352 343   0   0    1.25   -1.88   -6.3    6.7    0.49
  355 DBAR0       -421 197 352 343 357 360    7.68  -10.52  -32.6   35.2    1.86
  356 D_S+         431 196 353 347 361 364    2.88   -3.05   -9.5   10.5    1.97

                           ---STRONG HADRON DECAYS--- 

 IHEP    ID      IDPDG IST MO1 MO2 DA1 DA2   P-X     P-Y     P-Z  ENERGY    MASS
  357 NU_MUBAR     -14   1 355 343   0   0    0.36   -0.26   -1.1    1.2    0.00
  358 MU-           13   1 355 343   0   0    4.45   -6.30  -19.2   20.7    0.11
  359 K0           311 198 355 343 365 365    1.80   -1.92   -7.1    7.6    0.50
  360 PI+          211   1 355 343   0   0    1.07   -2.04   -5.2    5.7    0.14
  361 K+           321   1 356 347   0   0    0.49   -0.78   -1.7    2.0    0.49
  362 K-          -321   1 356 347   0   0    1.03   -0.88   -2.6    3.0    0.49
  363 PI+          211   1 356 347   0   0    0.00   -0.21   -0.4    0.4    0.14
  364 PI0          111   1 356 347   0   0    1.35   -1.17   -4.8    5.1    0.13
  365 K_L0         130   1 359 343   0   0    1.80   -1.92   -7.1    7.6    0.50



 EVENT       2: 6500.00 GEV/C P        ON  6500.00 GEV/C P        PROCESS:-18000
 SEEDS:    69603348 &  1559449833   STATUS:  100 ERROR:   0  WEIGHT: -5.9833E-04


                               ---INITIAL STATE---    

 IHEP    ID      IDPDG IST MO1 MO2 DA1 DA2   P-X     P-Y     P-Z  ENERGY    MASS
    1 P           2212 101   0   0   0   0    0.00    0.00 6500.0 6500.0    0.94
    2 P           2212 102   0   0   0   0    0.00    0.00-6500.0 6500.0    0.94
    3 CMF            0 103   1   2   0   0    0.00    0.00    0.013000.013000.00

                              ---HARD SUBPROCESS---   

 IHEP    ID      IDPDG IST MO1 MO2 DA1 DA2   P-X     P-Y     P-Z  ENERGY    MASS
    4 UQRK           2 121   6   8  10   9    0.00    0.00  783.9  783.9    0.32
    5 DQRK           1 122   6   9  15   8    0.00    0.00 -494.5  494.5    0.32
    6 HARD           0 120   4   5   7   9   -0.22   -0.07  289.3 1278.4 1245.26
    7 HIGGS         25 123   6   7  17   7 -215.22   80.13 -133.5  293.6  125.00
    8 UQRK           2 124   6   5  18   4   27.84   28.02 -262.9  265.8    0.32
    9 DQRK           1 124   6   4  22   5  187.38 -108.16  685.7  719.0    0.32

                              ---PARTON SHOWERS---    

 IHEP    ID      IDPDG IST MO1 MO2 DA1 DA2   P-X     P-Y     P-Z  ENERGY    MASS
   10 UQRK          94 141   4   6  12  14   -0.22   -0.07  783.9  783.9   -3.79
   11 CONE           0 100   4   9   0   0    0.87   -0.50    2.3    2.5    0.00
   12 GLUON         21   2  10  13  27  28    1.44   -0.07  187.4  187.4    0.75
   13 GLUON         21   2  10  14  29  30   -1.21    0.14  466.4  466.5    0.75
   14 UD          2101   2  10  20  31  30    0.00    0.00 5062.2 5062.2    0.32
   15 DQRK          94 142   5   6  16  16    0.00    0.00 -494.5  494.5    0.24
   16 UU          2203   2  15  24  32  21    0.00    0.00-6005.5 6005.5    0.32
   17 HIGGS         25 195   7   6 127 128 -215.19   80.09 -133.4  293.5  125.00
   18 UQRK          94 144   8   6  20  21   27.79   28.00 -262.8  265.8    8.88
   19 CONE           0 100   8   5   0   0   -0.34   -0.34   -3.6    3.6    0.00
   20 UQRK           2   2  18  21  33  31   26.57   27.33 -258.8  261.6    0.32
   21 GLUON         21   2  18  32  34  35    1.22    0.66   -4.0    4.3    0.75
   22 DQRK          94 144   9   6  24  26  187.18 -108.16  685.5  719.1   19.53
   23 CONE           0 100   9   4   0   0   -0.27    0.16    2.3    2.3    0.00
   24 DQRK           1   2  22  25  36  32  160.49  -90.89  594.4  622.3    0.32
   25 GLUON         21   2  22  26  37  38   19.22  -10.09   67.4   70.8    0.75
   26 GLUON         21   2  22  27  39  40    7.47   -7.18   23.8   25.9    0.75

                              ---GLUON SPLITTING---   

 IHEP    ID      IDPDG IST MO1 MO2 DA1 DA2   P-X     P-Y     P-Z  ENERGY    MASS
   27 DBAR          -1 158  10  28  84  62    0.29   -0.08   49.6   49.6    0.32
   28 DQRK           1 158  10  29  67  27    0.94    0.07  101.7  101.7    0.32
   29 UBAR          -2 158  10  30  67  28   -0.52    0.11  149.9  149.9    0.32
   30 UQRK           2 158  10  41  68  29   -0.29    0.01  241.2  241.2    0.32
   31 UD          2101 161  10  33  74  42   -0.03    0.00 4404.1 4404.1    0.64
   32 UU          2203 162  15  36  75  44    0.00    0.00-2321.8 2321.8    0.64
   33 UQRK           2 158  18  45  69  31   17.54   18.04 -170.8  172.7    0.32
   34 UBAR          -2 158  18  35  76  46    0.25    0.19   -1.3    1.4    0.32
   35 UQRK           2 158  18  51  70  34    0.70    0.36   -2.5    2.6    0.32
   36 DQRK           1 158  22  37  71  32  160.49  -90.89  594.4  622.3    0.32
   37 DBAR          -1 158  22  38  71  36    7.21   -3.74   25.8   27.0    0.32
   38 DQRK           1 158  22  39  72  37   12.01   -6.35   41.6   43.8    0.32
   39 DBAR          -1 158  22  40  72  38    3.30   -3.27   11.1   12.0    0.32
   40 DQRK           1 158  22  53  73  39    3.10   -2.91    9.4   10.4    0.32
   41 UBAR          -2 159  10  42  68  30   -0.08    0.00  492.5  492.5    0.32
   42 UQRK           2 159  10  31  74  41   -0.29    0.01  240.9  240.9    0.32
   43 UBAR          -2 159  15  44  81  56    0.00    0.00-1208.2 1208.2    0.32
   44 UQRK           2 159  18  32  75  43    0.00    0.00  -64.0   64.0    0.32
   45 SBAR          -3 159  18  46  69  33    0.52    0.48   -4.2    4.3    0.50
   46 SQRK           3 159  18  34  76  45    8.56    8.80  -83.3   84.2    0.50
   47 DBAR          -1 159  15  48  78  50    0.00    0.00 -705.4  705.4    0.32
   48 DQRK           1 159  18  57  77  47    0.06    0.03   -4.2    4.2    0.32
   49 SBAR          -3 159  15  50  86  66    0.00    0.00 -449.9  449.9    0.50
   50 SQRK           3 159  18  47  78  49    0.01    0.01  -55.5   55.5    0.50
   51 SBAR          -3 159  15  52  70  35    0.02    0.01  -33.2   33.2    0.50
   52 SQRK           3 159  18  59  79  51    0.03    0.01  -23.3   23.3    0.50
   53 UBAR          -2 159  10  54  73  40    0.07   -0.05    4.1    4.1    0.32
   54 UQRK           2 159  22  63  80  53    0.85   -0.80    2.8    3.0    0.32
   55 UBAR          -2 159  15  56  82  58    0.00    0.00 -768.0  768.0    0.32
   56 UQRK           2 159  18  43  81  55    0.01    0.00  -31.4   31.4    0.32
   57 SBAR          -3 159  15  58  77  48    0.01    0.00  -71.4   71.4    0.50
   58 SQRK           3 159  18  55  82  57    0.01    0.01  -56.6   56.6    0.50
   59 UBAR          -2 159  15  60  79  52    0.00    0.00 -132.8  132.8    0.32
   60 UQRK           2 159  18  65  83  59    0.03    0.01   -9.8    9.9    0.32
   61 UBAR          -2 159  10  62  85  64    0.09   -0.03   13.0   13.0    0.32
   62 UQRK           2 159  22  27  84  61    0.06   -0.04    4.8    4.9    0.32
   63 UBAR          -2 159  10  64  80  54    0.09   -0.03   12.6   12.6    0.32
   64 UQRK           2 159  22  61  85  63    0.11   -0.10    2.0    2.0    0.32
   65 UBAR          -2 159  15  66  83  60    0.00    0.00  -61.3   61.3    0.32
   66 UQRK           2 159  18  49  86  65    0.03    0.01   -9.2    9.2    0.32

                             ---CLUSTER FORMATION---  

 IHEP    ID      IDPDG IST MO1 MO2 DA1 DA2   P-X     P-Y     P-Z  ENERGY    MASS
   67 CLUS          91 183  28  29  87  88    0.42    0.18  251.6  251.6    1.69
   68 CLUS          91 183  30  41  89  90   -0.37    0.01  733.7  733.7    0.77
   69 CLUS          91 183  33  45  91  92   18.06   18.53 -175.0  177.0    3.27
   70 CLUS          91 183  35  51  93  94    0.72    0.37  -35.7   35.8    3.13
   71 CLUS          91 183  36  37  95  96  167.70  -94.63  620.1  649.4    2.23
   72 CLUS          91 183  38  39  97  98   15.31   -9.62   52.7   55.8    3.07
   73 CLUS          91 183  40  53  99 100    3.17   -2.96   13.6   14.5    2.71
   74 CLUS          91 184  42  31 101 102   -0.32    0.01 4645.0 4645.0    1.99
   75 CLUS          91 185  44  32 103 104    0.00    0.00-2385.8 2385.8    2.06
   76 CLUS          91 183  46  34 105 106    8.81    9.00  -84.7   85.6    2.74
   77 CLUS          91 183  48  57 107 108    0.07    0.04  -75.6   75.6    1.47
   78 CLUS          91 183  50  47 109 110    0.01    0.01 -760.9  760.9    1.88
   79 CLUS          91 183  52  59 111 112    0.03    0.01 -156.1  156.1    1.34
   80 CLUS          91 183  54  63 113 114    0.94   -0.83   15.4   15.6    2.52
   81 CLUS          91 183  56  43 115 116    0.01    0.00-1239.6 1239.6    2.04
   82 CLUS          91 183  58  55 117 118    0.01    0.01 -824.6  824.6    1.94
   83 CLUS          91 183  60  65 119 120    0.03    0.02  -71.2   71.2    0.93
   84 CLUS          91 183  62  27 121 122    0.36   -0.13   54.4   54.5    1.13
   85 CLUS          91 183  64  61 123 124    0.20   -0.13   15.0   15.0    1.00
   86 CLUS          91 183  66  49 125 126    0.03    0.02 -459.1  459.1    2.33

                              ---CLUSTER DECAYS---    

 IHEP    ID      IDPDG IST MO1 MO2 DA1 DA2   P-X     P-Y     P-Z  ENERGY    MASS
   87 B_10       10113 197  67  10 185 186    0.56   -0.16  192.6  192.7    1.23
   88 PI-         -211   1  67  10   0   0   -0.14    0.34   59.0   59.0    0.14
   89 PI+          211   1  68  10   0   0   -0.41   -0.29  467.5  467.5    0.14
   90 PI-         -211   1  68  10   0   0    0.04    0.30  266.2  266.2    0.14
   91 P           2212   1  69  18   0   0   14.39   14.80 -140.0  141.5    0.94
   92 SGMA*BR0   -3214 197  69  18 187 188    3.67    3.73  -35.0   35.4    1.38
   93 DELTA++     2224 197  70  18 189 190    0.01   -0.44  -21.2   21.2    1.23
   94 SGMA*BR-   -3224 197  70  18 191 192    0.71    0.81  -14.5   14.6    1.38
   95 P           2212   1  71  22   0   0   91.73  -51.84  339.4  355.4    0.94
   96 DELTABR-   -2214 197  71  22 193 194   75.97  -42.79  280.7  293.9    1.23
   97 DELTA+      2214 197  72  22 195 196    3.48   -2.18   11.2   11.9    1.23
   98 DELTABR-   -2214 197  72  22 197 198   11.83   -7.44   41.6   43.9    1.23
   99 SIGMA-      3112 197  73  22 199 200    1.64   -1.30    7.5    7.9    1.20
  100 SGMA*BR0   -3214 197  73  22 201 202    1.54   -1.65    6.0    6.6    1.38
  101 ETAP         331 197  74  10 203 205   -0.05    0.27 2039.0 2039.0    0.96
  102 P           2212   1  74  10   0   0   -0.28   -0.25 2606.0 2606.0    0.94
  103 RHO+         213 197  75  18 206 207   -0.20    0.09 -833.1  833.1    0.77
  104 DELTA+      2214 197  75  18 208 209    0.20   -0.08-1552.7 1552.7    1.23
  105 SIGMA*+     3224 197  76  18 210 211    5.47    5.95  -54.1   54.7    1.38
  106 DLTABR--   -2224 197  76  18 212 213    3.35    3.05  -30.6   31.0    1.23
  107 PI-         -211   1  77  18   0   0    0.17   -0.11  -45.6   45.6    0.14
  108 K*+          323 197  77  18 214 215   -0.10    0.14  -30.0   30.0    0.89
  109 PHI          333 197  78  18 216 217   -0.21   -0.48 -499.9  499.9    1.02
  110 KBAR0       -311 197  78  18 218 218    0.22    0.48 -261.0  261.0    0.50
  111 K*BAR0      -313 197  79  18 219 220    0.01    0.07 -152.5  152.5    0.90
  112 PI-         -211   1  79  18   0   0    0.01   -0.05   -3.6    3.6    0.14
  113 DELTA+      2214 197  80  22 221 222    0.44    0.20    8.1    8.2    1.23
  114 PBAR       -2212   1  80  22   0   0    0.49   -1.03    7.3    7.4    0.94
  115 PI+          211   1  81  18   0   0   -0.75   -0.08 -276.3  276.3    0.14
  116 RHO-        -213 197  81  18 223 224    0.76    0.08 -963.3  963.3    0.77
  117 PHI          333 197  82  18 225 226   -0.08    0.13 -467.2  467.2    1.02
  118 K*-         -323 197  82  18 227 228    0.09   -0.12 -357.4  357.4    0.89
  119 PI0          111   1  83  18   0   0    0.25    0.00   -7.4    7.4    0.13
  120 PI0          111   1  83  18   0   0   -0.22    0.01  -63.8   63.8    0.13
  121 PI+          211   1  84  22   0   0    0.12   -0.24    7.5    7.5    0.14
  122 RHO0         113 197  84  22 229 230    0.24    0.11   46.9   47.0    0.77
  123 PI+          211   1  85  22   0   0   -0.04    0.04    4.6    4.6    0.14
  124 RHO-        -213 197  85  22 231 232    0.24   -0.18   10.4   10.4    0.77
  125 RHO_3+       217 197  86  18 233 234   -0.10    0.33 -329.7  329.7    1.69
  126 K0           311 197  86  18 235 235    0.13   -0.31 -129.4  129.4    0.50

                            ---H/W/Z BOSON DECAYS---  

 IHEP    ID      IDPDG IST MO1 MO2 DA1 DA2   P-X     P-Y     P-Z  ENERGY    MASS
  127 BQRK           5 123  17 128 129 128 -177.67  111.11 -124.4  243.7    4.95
  128 BBAR          -5 124  17 127 135 127  -37.53  -31.02   -9.0   49.8    4.95

                              ---PARTON SHOWERS---    

 IHEP    ID      IDPDG IST MO1 MO2 DA1 DA2   P-X     P-Y     P-Z  ENERGY    MASS
  129 BQRK          94 143 127  17 131 134 -174.41  107.81 -121.7  239.2   19.38
  130 CONE           0 100 127 128   0   0   -1.40   -0.31   -0.6    1.6    0.00
  131 BQRK           5   2 129 132 141 140 -133.43   85.94  -99.0  187.1    4.95
  132 GLUON         21   2 129 133 142 143  -18.00   11.62  -11.3   24.2    0.75
  133 GLUON         21   2 129 134 144 145  -10.28    6.38   -5.0   13.1    0.75
  134 GLUON         21   2 129 137 146 147  -12.70    3.86   -6.5   14.8    0.75
  135 BBAR          94 144 128  17 137 140  -40.79  -27.72  -11.7   54.3   19.42
  136 CONE           0 100 128 127   0   0    0.02    1.08   -0.3    1.1    0.00
  137 GLUON         21   2 135 138 148 149   -7.34   -7.29    4.3   11.2    0.75
  138 GLUON         21   2 135 139 150 151   -4.42   -4.25   -2.9    6.8    0.75
  139 GLUON         21   2 135 140 152 153   -3.92   -2.43   -2.6    5.3    0.75
  140 BBAR          -5   2 135 141 154 153  -25.10  -13.76  -10.6   30.9    4.95

                              ---GLUON SPLITTING---   

 IHEP    ID      IDPDG IST MO1 MO2 DA1 DA2   P-X     P-Y     P-Z  ENERGY    MASS
  141 BQRK           5 158 129 155 159 154 -125.10   80.64  -92.5  175.3    4.95
  142 UBAR          -2 158 129 143 166 156   -5.52    3.67   -3.7    7.6    0.32
  143 UQRK           2 158 129 144 160 142   -9.22    5.72   -5.8   12.3    0.32
  144 UBAR          -2 158 129 145 160 143   -3.78    2.28   -2.0    4.8    0.32
  145 UQRK           2 158 129 146 161 144   -6.50    4.10   -3.0    8.3    0.32
  146 DBAR          -1 158 129 147 161 145   -6.48    1.80   -3.2    7.4    0.32
  147 DQRK           1 158 129 157 162 146   -5.05    1.67   -2.7    6.0    0.32
  148 DBAR          -1 158 135 149 167 158   -4.80   -4.57    2.8    7.2    0.32
  149 DQRK           1 158 135 150 163 148   -2.40   -2.58    1.4    3.8    0.32
  150 DBAR          -1 158 135 151 163 149   -1.53   -1.55   -1.2    2.5    0.32
  151 DQRK           1 158 135 152 164 150   -2.90   -2.70   -1.7    4.3    0.32
  152 UBAR          -2 158 135 153 164 151   -1.12   -0.80   -0.7    1.6    0.32
  153 UQRK           2 158 135 154 165 152   -2.80   -1.63   -1.9    3.8    0.32
  154 BBAR          -5 158 135 141 165 153  -25.10  -13.76  -10.6   30.9    4.95
  155 DBAR          -1 159 129 156 159 141   -5.44    3.55   -3.9    7.6    0.32
  156 DQRK           1 159 129 142 166 155   -6.14    3.98   -4.5    8.6    0.32
  157 UBAR          -2 159 135 158 162 147   -0.85    0.23   -0.4    1.0    0.32
  158 UQRK           2 159 129 148 167 157   -0.46    0.02   -0.1    0.6    0.32

                             ---CLUSTER FORMATION---  

 IHEP    ID      IDPDG IST MO1 MO2 DA1 DA2   P-X     P-Y     P-Z  ENERGY    MASS
  159 CLUS          91 183 141 155 168 168 -130.54   84.19  -96.4  182.9    5.28
  160 CLUS          91 183 143 144 169 170  -13.00    8.00   -7.7   17.1    0.88
  161 CLUS          91 183 145 146 171 172  -12.98    5.90   -6.1   15.7    2.25
  162 CLUS          91 183 147 157 173 174   -5.90    1.90   -3.1    7.0    0.93
  163 CLUS          91 183 149 150 175 176   -3.92   -4.13    0.2    6.3    2.68
  164 CLUS          91 183 151 152 177 178   -4.02   -3.49   -2.4    5.9    0.80
  165 CLUS          91 183 153 154 179 180  -27.91  -15.39  -12.4   34.7    5.65
  166 CLUS          91 183 156 142 181 182  -11.66    7.65   -8.1   16.2    0.73
  167 CLUS          91 183 158 148 183 184   -5.26   -4.55    2.7    7.8    2.25

                              ---CLUSTER DECAYS---    

 IHEP    ID      IDPDG IST MO1 MO2 DA1 DA2   P-X     P-Y     P-Z  ENERGY    MASS
  168 B_DBAR0     -511 200 159 129 236 236 -130.54   84.19  -96.4  182.9    5.28
  169 PI0          111   1 160 129   0   0   -3.33    2.00   -1.6    4.2    0.13
  170 PI0          111   1 160 129   0   0   -9.67    6.00   -6.2   12.9    0.13
  171 RHO+         213 197 161 129 237 238   -5.66    1.80   -2.1    6.4    0.77
  172 OMEGA        223 197 161 129 239 241   -7.32    4.10   -4.0    9.3    0.78
  173 PI0          111   1 162 129   0   0   -0.68    0.23   -0.3    0.8    0.13
  174 RHO-        -213 197 162 129 242 243   -5.23    1.66   -2.8    6.2    0.77
  175 SIGMA0      3212 197 163 135 244 245   -1.23   -1.59   -0.1    2.3    1.19
  176 SGMA*BR0   -3214 197 163 135 246 247   -2.69   -2.53    0.3    4.0    1.38
  177 PI-         -211   1 164 135   0   0   -2.96   -2.78   -2.1    4.6    0.14
  178 PI0          111   1 164 135   0   0   -1.05   -0.71   -0.3    1.3    0.13
  179 PI+          211   1 165 135   0   0   -1.34   -0.78   -0.9    1.8    0.14
  180 B*0          513 197 165 135 248 249  -26.57  -14.61  -11.5   32.9    5.32
  181 PI0          111   1 166 129   0   0   -6.42    3.84   -4.2    8.6    0.13
  182 PI-         -211   1 166 129   0   0   -5.24    3.82   -3.9    7.6    0.14
  183 N           2112   1 167 129   0   0   -2.72   -2.60    1.4    4.1    0.94
  184 DELTABR+   -1114 197 167 129 250 251   -2.54   -1.95    1.3    3.7    1.23

                           ---STRONG HADRON DECAYS--- 

 IHEP    ID      IDPDG IST MO1 MO2 DA1 DA2   P-X     P-Y     P-Z  ENERGY    MASS
  185 OMEGA        223 198  87  10 252 253    0.35   -0.46  141.4  141.4    0.78
  186 PI0          111   1  87  10   0   0    0.21    0.30   51.2   51.2    0.13
  187 LAMBDABR   -3122 198  92  18 254 255    3.59    3.61  -33.9   34.3    1.12
  188 PI0          111   1  92  18   0   0    0.08    0.13   -1.1    1.1    0.13
  189 P           2212   1  93  18   0   0    0.09   -0.30  -19.8   19.8    0.94
  190 PI+          211   1  93  18   0   0   -0.08   -0.14   -1.4    1.4    0.14
  191 LAMBDABR   -3122 198  94  18 256 257    0.47    0.57  -12.5   12.6    1.12
  192 PI-         -211   1  94  18   0   0    0.24    0.25   -2.0    2.0    0.14
  193 PBAR       -2212   1  96  22   0   0   59.83  -33.48  221.2  231.6    0.94
  194 PI0          111   1  96  22   0   0   16.14   -9.30   59.5   62.4    0.13
  195 P           2212   1  97  22   0   0    2.41   -1.30    7.7    8.2    0.94
  196 PI0          111   1  97  22   0   0    1.07   -0.87    3.5    3.7    0.13
  197 PBAR       -2212   1  98  22   0   0    8.24   -5.26   28.5   30.2    0.94
  198 PI0          111   1  98  22   0   0    3.59   -2.18   13.1   13.7    0.13
  199 N           2112   1  99  22   0   0    1.37   -0.92    6.4    6.7    0.94
  200 PI-         -211   1  99  22   0   0    0.27   -0.39    1.1    1.2    0.14
  201 LAMBDABR   -3122 198 100  22 258 259    1.40   -1.67    5.5    6.0    1.12
  202 PI0          111   1 100  22   0   0    0.14    0.02    0.5    0.6    0.13
  203 PI0          111   1 101  10   0   0    0.11    0.21  639.3  639.3    0.13
  204 PI0          111   1 101  10   0   0   -0.01    0.06  359.1  359.1    0.13
  205 ETA          221 198 101  10 260 261   -0.15   -0.00 1040.6 1040.6    0.55
  206 PI+          211   1 103  18   0   0   -0.02   -0.30 -470.5  470.5    0.14
  207 PI0          111   1 103  18   0   0   -0.17    0.38 -362.6  362.6    0.13
  208 P           2212   1 104  18   0   0    0.35   -0.19-1346.7 1346.7    0.94
  209 PI0          111   1 104  18   0   0   -0.14    0.10 -206.0  206.0    0.13
  210 LAMBDA      3122 198 105  18 262 263    4.82    5.49  -48.4   48.9    1.12
  211 PI+          211   1 105  18   0   0    0.64    0.46   -5.7    5.8    0.14
  212 PBAR       -2212   1 106  18   0   0    2.27    2.36  -22.1   22.3    0.94
  213 PI-         -211   1 106  18   0   0    1.07    0.69   -8.5    8.6    0.14
  214 K+           321   1 108  18   0   0   -0.31    0.24  -19.1   19.1    0.49
  215 PI0          111   1 108  18   0   0    0.21   -0.09  -10.9   10.9    0.13
  216 K+           321   1 109  18   0   0   -0.05   -0.16 -270.1  270.1    0.49
  217 K-          -321   1 109  18   0   0   -0.16   -0.32 -229.8  229.8    0.49
  218 K_L0         130   1 110  18   0   0    0.22    0.48 -261.0  261.0    0.50
  219 K-          -321   1 111  18   0   0    0.17    0.08 -139.5  139.5    0.49
  220 PI+          211   1 111  18   0   0   -0.15   -0.02  -13.0   13.0    0.14
  221 P           2212   1 113  22   0   0    0.36    0.08    7.6    7.7    0.94
  222 PI0          111   1 113  22   0   0    0.09    0.12    0.5    0.5    0.13
  223 PI-         -211   1 116  18   0   0    0.07    0.04 -544.1  544.1    0.14
  224 PI0          111   1 116  18   0   0    0.69    0.04 -419.3  419.3    0.13
  225 K+           321   1 117  18   0   0    0.06    0.03 -259.4  259.4    0.49
  226 K-          -321   1 117  18   0   0   -0.14    0.10 -207.8  207.8    0.49
  227 KBAR0       -311 198 118  18 264 264    0.22   -0.27 -194.3  194.3    0.50
  228 PI-         -211   1 118  18   0   0   -0.14    0.15 -163.1  163.1    0.14
  229 PI+          211   1 122  22   0   0    0.24    0.38   35.7   35.7    0.14
  230 PI-         -211   1 122  22   0   0    0.00   -0.27   11.3   11.3    0.14
  231 PI-         -211   1 124  22   0   0   -0.02    0.20    6.3    6.3    0.14
  232 PI0          111   1 124  22   0   0    0.26   -0.38    4.1    4.2    0.13
  233 A_2+         215 198 125  18 265 266    0.17    0.13 -231.1  231.1    1.32
  234 PI0          111   1 125  18   0   0   -0.27    0.19  -98.7   98.7    0.13
  235 K_L0         130   1 126  18   0   0    0.13   -0.31 -129.4  129.4    0.50
  236 B_DBAR0     -511 199 168 129 277 278 -130.54   84.19  -96.4  182.9    5.28
  237 PI+          211   1 171 129   0   0   -3.47    1.11   -1.7    4.0    0.14
  238 PI0          111   1 171 129   0   0   -2.19    0.69   -0.5    2.3    0.13
  239 PI+          211   1 172 129   0   0   -4.96    2.64   -2.6    6.2    0.14
  240 PI-         -211   1 172 129   0   0   -1.40    0.94   -0.7    1.8    0.14
  241 PI0          111   1 172 129   0   0   -0.96    0.52   -0.7    1.3    0.13
  242 PI-         -211   1 174 129   0   0   -2.45    0.88   -1.7    3.1    0.14
  243 PI0          111   1 174 129   0   0   -2.78    0.78   -1.1    3.1    0.13
  244 LAMBDA      3122 198 175 135 267 268   -1.13   -1.46   -0.1    2.2    1.12
  245 GAMMA         22   1 175 135   0   0   -0.10   -0.13    0.1    0.2    0.00
  246 LAMBDABR   -3122 198 176 135 269 270   -2.61   -2.51    0.2    3.8    1.12
  247 PI0          111   1 176 135   0   0   -0.08   -0.03    0.0    0.2    0.13
  248 B_D0         511 200 180 135 271 271  -26.54  -14.58  -11.5   32.8    5.28
  249 GAMMA         22   1 180 135   0   0   -0.03   -0.03   -0.0    0.1    0.00
  250 NBAR       -2112   1 184 129   0   0   -2.38   -1.92    1.3    3.5    0.94
  251 PI+          211   1 184 129   0   0   -0.16   -0.03   -0.0    0.2    0.14
  252 PI0          111   1 185  10   0   0    0.30   -0.48  140.8  140.8    0.13
  253 GAMMA         22   1 185  10   0   0    0.05    0.02    0.6    0.6    0.00
  254 PBAR       -2212   1 187  18   0   0    2.77    2.76  -26.5   26.9    0.94
  255 PI+          211   1 187  18   0   0    0.82    0.85   -7.4    7.5    0.14
  256 PBAR       -2212   1 191  18   0   0    0.29    0.42  -10.1   10.1    0.94
  257 PI+          211   1 191  18   0   0    0.17    0.14   -2.4    2.4    0.14
  258 PBAR       -2212   1 201  22   0   0    1.33   -1.47    4.9    5.3    0.94
  259 PI+          211   1 201  22   0   0    0.07   -0.21    0.6    0.7    0.14
  260 GAMMA         22   1 205  10   0   0    0.18   -0.05  191.0  191.0    0.00
  261 GAMMA         22   1 205  10   0   0   -0.33    0.04  849.6  849.6    0.00
  262 P           2212   1 210  18   0   0    4.17    4.60  -40.8   41.3    0.94
  263 PI-         -211   1 210  18   0   0    0.66    0.89   -7.5    7.6    0.14
  264 K_S0         310 198 227  18 272 273    0.22   -0.27 -194.3  194.3    0.50
  265 ETA          221 198 233  18 274 276   -0.36   -0.06 -165.6  165.6    0.55
  266 PI+          211   1 233  18   0   0    0.53    0.19  -65.5   65.5    0.14
  267 P           2212   1 244 135   0   0   -1.01   -1.18   -0.2    1.8    0.94
  268 PI-         -211   1 244 135   0   0   -0.12   -0.28    0.0    0.3    0.14
  269 NBAR       -2112   1 246 135   0   0   -1.96   -1.88    0.2    2.9    0.94
  270 PI0          111   1 246 135   0   0   -0.65   -0.62    0.1    0.9    0.13
  271 B_D0         511 199 248 135 311 312  -26.54  -14.58  -11.5   32.8    5.28
  272 PI+          211   1 264  18   0   0    0.31   -0.24 -159.4  159.4    0.14
  273 PI-         -211   1 264  18   0   0   -0.09   -0.04  -34.9   34.9    0.14
  274 PI0          111   1 265  18   0   0   -0.15    0.09  -36.2   36.2    0.13
  275 PI0          111   1 265  18   0   0   -0.08    0.00  -61.3   61.3    0.13
  276 PI0          111   1 265  18   0   0   -0.13   -0.15  -68.1   68.1    0.13

                           ---HEAVY PARTICLE DECAYS---

 IHEP    ID      IDPDG IST MO1 MO2 DA1 DA2   P-X     P-Y     P-Z  ENERGY    MASS
  277 BQRK           5 155 236 278 279 281 -122.63   79.09  -90.6  171.8    4.96
  278 DBAR          -1 125 236 281 282 281   -7.91    5.10   -5.8   11.1    0.32
  279 SQRK           3 123 277 280 283 280  -29.62   18.41  -22.6   41.5    0.50
  280 CBAR          -4 124 277 279 285 279  -69.32   46.80  -51.7   98.3    1.55
  281 UQRK           2 124 277 277 287 277  -23.69   13.88  -16.3   31.9    0.32
  282 DBAR          -1 160 278 291 293 291   -7.91    5.10   -5.8   11.1    0.32

                              ---PARTON SHOWERS---    

 IHEP    ID      IDPDG IST MO1 MO2 DA1 DA2   P-X     P-Y     P-Z  ENERGY    MASS
  283 SQRK          94 143 279 277 284 284  -29.62   18.41  -22.6   41.5    0.50
  284 SQRK           3   2 283 286 289 286  -29.62   18.41  -22.6   41.5    0.50
  285 CBAR          94 144 280 277 286 286  -69.32   46.80  -51.7   98.3    1.55
  286 CBAR          -4   2 285 289 290 289  -69.32   46.80  -51.7   98.3    1.55
  287 UQRK          94 144 281 277 288 288  -23.69   13.88  -16.3   31.9    0.32
  288 UQRK           2   2 287 282 291 282  -23.69   13.88  -16.3   31.9    0.32

                              ---GLUON SPLITTING---   

 IHEP    ID      IDPDG IST MO1 MO2 DA1 DA2   P-X     P-Y     P-Z  ENERGY    MASS
  289 SQRK           3 158 283 290 292 290  -29.62   18.41  -22.6   41.5    0.50
  290 CBAR          -4 158 285 289 292 289  -69.32   46.80  -51.7   98.3    1.55
  291 UQRK           2 158 287 282 293 282  -23.69   13.88  -16.3   31.9    0.32

                             ---CLUSTER FORMATION---  

 IHEP    ID      IDPDG IST MO1 MO2 DA1 DA2   P-X     P-Y     P-Z  ENERGY    MASS
  292 CLUS          91 183 289 290 294 295  -98.94   65.21  -74.3  139.9    3.20
  293 CLUS          91 183 291 282 296 297  -31.60   18.98  -22.2   43.0    1.07

                              ---CLUSTER DECAYS---    

 IHEP    ID      IDPDG IST MO1 MO2 DA1 DA2   P-X     P-Y     P-Z  ENERGY    MASS
  294 PHI          333 197 292 283 298 299  -30.40   19.74  -22.9   42.9    1.02
  295 D*_S-       -433 197 292 283 300 301  -68.54   45.47  -51.3   97.0    2.11
  296 PI0          111   1 293 287   0   0  -12.00    7.02   -8.3   16.2    0.13
  297 RHO+         213 197 293 287 302 303  -19.60   11.96  -13.9   26.9    0.77

                           ---STRONG HADRON DECAYS--- 

 IHEP    ID      IDPDG IST MO1 MO2 DA1 DA2   P-X     P-Y     P-Z  ENERGY    MASS
  298 K+           321   1 294 283   0   0  -14.12    9.19  -10.5   19.9    0.49
  299 K-          -321   1 294 283   0   0  -16.29   10.54  -12.4   23.0    0.49
  300 D_S-        -431 198 295 283 304 305  -64.29   42.60  -48.1   90.9    1.97
  301 PI0          111   1 295 283   0   0   -4.25    2.87   -3.2    6.1    0.13
  302 PI+          211   1 297 287   0   0  -17.01   10.63  -12.1   23.4    0.14
  303 PI0          111   1 297 287   0   0   -2.59    1.33   -1.8    3.4    0.13
  304 K*-         -323 198 300 283 306 307  -40.59   27.10  -30.8   57.7    0.89
  305 K*0          313 198 300 283 308 309  -23.69   15.49  -17.4   33.2    0.90
  306 KBAR0       -311 198 304 283 310 310  -16.54   11.13  -12.8   23.7    0.50
  307 PI-         -211   1 304 283   0   0  -24.05   15.98  -18.0   34.0    0.14
  308 K+           321   1 305 283   0   0  -10.43    6.67   -7.4   14.4    0.49
  309 PI-         -211   1 305 283   0   0  -13.26    8.82  -10.0   18.8    0.14
  310 K_L0         130   1 306 283   0   0  -16.54   11.13  -12.8   23.7    0.50

                           ---HEAVY PARTICLE DECAYS---

 IHEP    ID      IDPDG IST MO1 MO2 DA1 DA2   P-X     P-Y     P-Z  ENERGY    MASS
  311 DQRK           1 125 271 315 316 315   -1.61   -0.88   -0.7    2.0    0.32
  312 BBAR          -5 155 271 311 313 315  -24.93  -13.70  -10.8   30.8    4.96
  313 DBAR          -1 123 312 314 317 314   -0.44    0.19   -0.3    0.7    0.32
  314 UQRK           2 124 312 313 319 313   -2.77   -2.22   -1.0    3.7    0.32
  315 CBAR          -4 124 312 312 321 312  -21.71  -11.67   -9.5   26.5    1.55
  316 DQRK           1 160 311 325 326 325   -1.61   -0.88   -0.7    2.0    0.32

                              ---PARTON SHOWERS---    

 IHEP    ID      IDPDG IST MO1 MO2 DA1 DA2   P-X     P-Y     P-Z  ENERGY    MASS
  317 DBAR          94 143 313 312 318 318   -0.44    0.19   -0.3    0.7    0.32
  318 DBAR          -1   2 317 320 323 320   -0.44    0.19   -0.3    0.7    0.32
  319 UQRK          94 144 314 312 320 320   -2.77   -2.22   -1.0    3.7    0.32
  320 UQRK           2   2 319 323 324 323   -2.77   -2.22   -1.0    3.7    0.32
  321 CBAR          94 144 315 312 322 322  -21.71  -11.67   -9.5   26.5    1.55
  322 CBAR          -4   2 321 316 325 316  -21.71  -11.67   -9.5   26.5    1.55

                              ---GLUON SPLITTING---   

 IHEP    ID      IDPDG IST MO1 MO2 DA1 DA2   P-X     P-Y     P-Z  ENERGY    MASS
  323 DBAR          -1 158 317 324 327 324   -0.44    0.19   -0.3    0.7    0.32
  324 UQRK           2 158 319 323 327 323   -2.77   -2.22   -1.0    3.7    0.32
  325 CBAR          -4 158 321 316 326 316  -21.71  -11.67   -9.5   26.5    1.55

                             ---CLUSTER FORMATION---  

 IHEP    ID      IDPDG IST MO1 MO2 DA1 DA2   P-X     P-Y     P-Z  ENERGY    MASS
  326 CLUS          91 183 316 325 328 329  -23.32  -12.56  -10.2   28.5    2.02
  327 CLUS          91 183 324 323 330 331   -3.22   -2.03   -1.3    4.4    1.70

                              ---CLUSTER DECAYS---    

 IHEP    ID      IDPDG IST MO1 MO2 DA1 DA2   P-X     P-Y     P-Z  ENERGY    MASS
  328 PI-         -211   1 326 311   0   0   -1.10   -0.60   -0.5    1.4    0.14
  329 DBAR0       -421 197 326 311 332 335  -22.22  -11.96   -9.7   27.1    1.86
  330 PI+          211   1 327 319   0   0   -2.26   -1.82   -0.8    3.0    0.14
  331 OMEGA        223 197 327 319 336 338   -0.96   -0.21   -0.5    1.3    0.78

                           ---STRONG HADRON DECAYS--- 

 IHEP    ID      IDPDG IST MO1 MO2 DA1 DA2   P-X     P-Y     P-Z  ENERGY    MASS
  332 K+           321   1 329 311   0   0   -8.59   -5.12   -3.8   10.7    0.49
  333 PI-         -211   1 329 311   0   0   -2.16   -1.17   -0.8    2.6    0.14
  334 PI0          111   1 329 311   0   0   -2.84   -1.09   -1.0    3.2    0.13
  335 PI0          111   1 329 311   0   0   -8.63   -4.59   -4.2   10.6    0.13
  336 PI+          211   1 331 319   0   0   -0.17    0.12   -0.0    0.3    0.14
  337 PI-         -211   1 331 319   0   0   -0.03   -0.02   -0.1    0.2    0.14
  338 PI0          111   1 331 319   0   0   -0.76   -0.31   -0.4    0.9    0.13

 HWWARN CALLED FROM SUBPROGRAM HWDFIV: CODE = 101
 EVENT    2686:   SEEDS = 2029179117 &  963013138  WEIGHT = 0.5983E-03
 EVENT KILLED.   EXECUTION CONTINUES

 HWWARN CALLED FROM SUBPROGRAM HWDFOR: CODE = 101
 EVENT    4183:   SEEDS = 1547043135 &  563481062  WEIGHT = 0.5983E-03
 EVENT KILLED.   EXECUTION CONTINUES

 HWWARN CALLED FROM SUBPROGRAM HWDFOR: CODE = 101
 EVENT    6490:   SEEDS =  517057385 & 1869991525  WEIGHT =-0.5983E-03
 EVENT KILLED.   EXECUTION CONTINUES

 HWWARN CALLED FROM SUBPROGRAM HWDFIV: CODE = 101
 EVENT    6549:   SEEDS =  356398070 &  139710799  WEIGHT = 0.5983E-03
 EVENT KILLED.   EXECUTION CONTINUES

 HWWARN CALLED FROM SUBPROGRAM HWBTIM: CODE = 101
 EVENT    7806:   SEEDS =    8046696 &  600272107  WEIGHT = 0.5983E-03
 EVENT KILLED.   EXECUTION CONTINUES

          OUTPUT ON LES HOUCHES EVENTS


      PROC CODE  XSECT(pb)        XERR(pb)      Max wgt(nb) No. of events


          OUTPUT ON ELEMENTARY PROCESS

          N.B. NEGATIVE WEIGHTS ALLOWED

          NUMBER OF EVENTS   =        9995
          NEGATIVE  EVENTS   =        2646
          NUMBER OF WEIGHTS  =       10000
          NEGATIVE  WEIGHTS  =        2648
          MEAN VALUE OF WGT  =  2.8145E-04
          RMS SPREAD IN WGT  =  5.2800E-04
          MEAN ABS WEIGHT    =  5.9833E-04
          ACTUAL MAX ABS WGT =  1.0000E+00
          ASSUMED MAXABS WGT =  2.8145E-04

          PROCESS CODE IPROC =      -18000
          CROSS SECTION (PB) =  0.2815    
          ERROR IN C-S  (PB) =  5.2800E-03
          EFFICIENCY PERCENT =   100.0    
 # of events processed=        9995
