 Enter filename for events
 Enter maximum number of events to generate
 MUST coincide with the number of events on tape
 Enter 0 to use Herwig default PDFs
       1 to use PDFs from library
 Enter colliding particles (PART1, PART2)
 Enter beam momenta (PBEAM1, PBEAM2)


          HERWIG 6.521  11th Mar. 2013

          Please reference:  G. Marchesini, B.R. Webber,
          G.Abbiendi, I.G.Knowles, M.H.Seymour & L.Stanco
          Computer Physics Communications 67 (1992) 465
                             and
          G.Corcella, I.G.Knowles, G.Marchesini, S.Moretti,
          K.Odagiri, P.Richardson, M.H.Seymour & B.R.Webber,
          JHEP 0101 (2001) 010
 Enter .TRUE. for underlying event, .FALSE. otherwise

 Underlying event WILL NOT be generated

 Enter Lambda_QCD, <0 for Herwig default
 Enter Z mass, width
 Enter W mass, width
 Enter top mass, width
 Enter Higgs (SM) boson mass, width
 Enter quark (d,u,s,c,b) and gluon masses
 Enter lepton (e,mu,tau) masses
 Enter number of events to print
 Enter accepted error fraction
 Is it single-top (.TRUE. or .FALSE)?
 Is it b-bbar (.TRUE. or .FALSE)?
 Enter the two random seeds (0 0 for default)

          INPUT CONDITIONS FOR THIS RUN

          BEAM 1 (P       ) MOM. =   6500.00
          BEAM 2 (P       ) MOM. =   6500.00
          PROCESS CODE (IPROC)   =  -18000
          NUMBER OF FLAVOURS     =    6
          STRUCTURE FUNCTION SET =    8
          AZIM SPIN CORRELATIONS =    T
          AZIM SOFT CORRELATIONS =    T
          QCD LAMBDA (GEV)       =    0.1800
          DOWN     QUARK  MASS   =    0.3200
          UP       QUARK  MASS   =    0.3200
          STRANGE  QUARK  MASS   =    0.5000
          CHARMED  QUARK  MASS   =    1.5500
          BOTTOM   QUARK  MASS   =    4.9500
          TOP      QUARK  MASS   =  173.0000
          GLUON EFFECTIVE MASS   =    0.7500
          EXTRA SHOWER CUTOFF (Q)=    0.4800
          EXTRA SHOWER CUTOFF (G)=    0.1000
          PHOTON SHOWER CUTOFF   =    0.4000
          CLUSTER MASS PARAMETER =    3.3500
          SPACELIKE EVOLN CUTOFF =    2.5000
          INTRINSIC P-TRAN (RMS) =    0.0000
          DECAY SPIN CORRELATIONS=    T
          SUSY THREE BODY ME     =    T
          SUSY FOUR  BODY ME     =    F

          NO EVENTS WILL BE WRITTEN TO DISK

          B_d: Delt-M/Gam =0.7000 Delt-Gam/2*Gam =0.0000
          B_s: Delt-M/Gam = 10.00 Delt-Gam/2*Gam =0.2000

          PDFLIB NOT USED FOR BEAM 1
          PDFLIB NOT USED FOR BEAM 2


          Checking consistency of particle properties


          Checking consistency of decay tables


          WRITING SUDAKOV TABLE ON UNIT  77

          WRITING MATRIX ELEMENT TABLE ON UNIT  88

          CHECKING SUSY DECAY MATRIX ELEMENTS
 Do you want a stable Pi0 (.TRUE. or .FALSE)?
 Do you want a stable W+ (.TRUE. or .FALSE)?
 Do you want a stable W- (.TRUE. or .FALSE)?
 Do you want a stable Z0 (.TRUE. or .FALSE)?
 Do you want a stable Tau+ (.TRUE. or .FALSE)?
 Do you want a stable Tau- (.TRUE. or .FALSE)?
 Do you want a stable Mu+ (.TRUE. or .FALSE)?
 Do you want a stable Mu- (.TRUE. or .FALSE)?
 Do you want a stable Higgs (.TRUE. or .FALSE)?

          PARTICLE TYPE  21=PI0      SET STABLE
 How many decay modes do you want to set?
 How are the events normalized ("average" or "sum")?
 stdhep initialized

          SUBROUTINE TIMEL CALLED BUT NOT LINKED.
          DUMMY TIMEL WILL BE USED. DELETE DUMMY
          AND LINK CERNLIB FOR CPU TIME REMAINING.

 HWWARN CALLED FROM SUBPROGRAM HWSMRS: CODE =   5
 EVENT       1:   SEEDS = 1973774260 & 1099242306  WEIGHT = 0.5897E-03
 EVENT SURVIVES. EXECUTION CONTINUES
 WARNING: MRST98 CALLED WITH Q OUTSIDE ALLOWED RANGE!
 Q VALUE=1.430E+04, MINIMUM=1.118E+00, MAXIMUM=3.162E+03
 NO FURTHER WARNINGS WILL BE ISSUED



 EVENT       1: 6500.00 GEV/C P        ON  6500.00 GEV/C P        PROCESS:-18000
 SEEDS:  1973774260 &  1099242306   STATUS:  100 ERROR:   0  WEIGHT:  5.8967E-04


                               ---INITIAL STATE---    

 IHEP    ID      IDPDG IST MO1 MO2 DA1 DA2   P-X     P-Y     P-Z  ENERGY    MASS
    1 P           2212 101   0   0   0   0    0.00    0.00 6500.0 6500.0    0.94
    2 P           2212 102   0   0   0   0    0.00    0.00-6500.0 6500.0    0.94
    3 CMF            0 103   1   2   0   0    0.00    0.00    0.013000.013000.00

                              ---HARD SUBPROCESS---   

 IHEP    ID      IDPDG IST MO1 MO2 DA1 DA2   P-X     P-Y     P-Z  ENERGY    MASS
    4 DQRK           1 121   6   8  10   9    0.00    0.00 1405.9 1405.9    0.32
    5 UQRK           2 122   6   9  14   8    0.00    0.00-2411.5 2411.5    0.32
    6 HARD           0 120   4   5   7   9   -4.25    4.36-1005.6 3817.4 3682.60
    7 HIGGS         25 123   6   7  18   7  333.81  -85.90 -274.2  457.8  125.00
    8 DQRK           1 124   6   5  19   4  -43.78    4.26-2028.0 2028.4    0.32
    9 UQRK           2 124   6   4  28   5 -290.03   81.64 1296.6 1331.1    0.32

                              ---PARTON SHOWERS---    

 IHEP    ID      IDPDG IST MO1 MO2 DA1 DA2   P-X     P-Y     P-Z  ENERGY    MASS
   10 DQRK          94 141   4   6  12  13   -3.54    3.00 1405.9 1405.9   -8.57
   11 CONE           0 100   4   9   0   0   -0.96    0.27    3.1    3.3    0.00
   12 GLUON         21   2  10  13  30  31    3.54   -3.00  596.9  596.9    0.75
   13 UU          2203   2  10  21  32  31    0.00    0.00 4497.1 4497.1    0.32
   14 UQRK          94 142   5   6  16  17   -0.70    1.36-2411.5 2411.5   -8.27
   15 CONE           0 100   5   8   0   0   -1.00    0.10  -35.1   35.1    0.00
   16 GLUON         21   2  14  17  33  34    0.70   -1.36 -106.0  106.1    0.75
   17 UD          2101   2  14  29  35  34    0.00    0.00-3982.4 3982.4    0.31
   18 HIGGS         25 195   7   6 155 156  333.29  -85.38 -274.2  457.4  125.00
   19 DQRK          94 144   8   6  21  27  -46.03    6.58-2027.9 2028.6   18.19
   20 CONE           0 100   8   5   0   0    0.25   -0.04  -32.4   32.4    0.00
   21 DQRK           1   2  19  22  36  32   -4.53   -0.65 -190.5  190.6    0.32
   22 GLUON         21   2  19  23  37  38   -5.00   -0.50 -173.8  173.8    0.75
   23 GLUON         21   2  19  24  39  40   -7.36   -2.01 -243.1  243.2    0.75
   24 GLUON         21   2  19  25  41  42   -7.14    0.88 -270.1  270.2    0.75
   25 GLUON         21   2  19  26  43  44   -5.06    1.59 -202.9  202.9    0.75
   26 GLUON         21   2  19  27  45  46  -16.88    7.53 -899.5  899.7    0.75
   27 GLUON         21   2  19  33  47  48   -0.06   -0.26  -48.1   48.1    0.75
   28 UQRK          94 144   9   6  29  29 -291.51   83.16 1296.5 1331.5    0.32
   29 UQRK           2   2  28  30  49  35 -291.51   83.16 1296.5 1331.5    0.32

                              ---GLUON SPLITTING---   

 IHEP    ID      IDPDG IST MO1 MO2 DA1 DA2   P-X     P-Y     P-Z  ENERGY    MASS
   30 DBAR          -1 158  10  31  99  69    0.53   -0.41   94.0   94.0    0.32
   31 DQRK           1 158  10  54  80  30    1.86   -1.65  307.6  307.6    0.32
   32 UU          2203 161  10  36  90  51    0.02   -0.02 1672.8 1672.8    0.64
   33 UBAR          -2 158  14  34  88  48    0.21   -0.81  -59.4   59.4    0.32
   34 UQRK           2 158  14  52  81  33    0.46   -0.51  -44.3   44.3    0.32
   35 UD          2101 162  14  49  91  53    0.00   -0.00-3073.8 3073.8    0.64
   36 DQRK           1 158  19  37  82  32   -4.53   -0.65 -190.5  190.6    0.32
   37 UBAR          -2 158  19  38  82  36   -2.98   -0.15  -98.9   99.0    0.32
   38 UQRK           2 158  19  39  83  37   -2.02   -0.35  -74.8   74.8    0.32
   39 UBAR          -2 158  19  40  83  38   -4.60   -1.25 -157.1  157.1    0.32
   40 UQRK           2 158  19  41  84  39   -2.76   -0.76  -86.0   86.1    0.32
   41 DBAR          -1 158  19  42  84  40   -4.02    0.31 -150.1  150.1    0.32
   42 DQRK           1 158  19  43  85  41   -3.12    0.58 -120.1  120.1    0.32
   43 UBAR          -2 158  19  44  85  42   -2.14    0.83  -92.3   92.3    0.32
   44 UQRK           2 158  19  45  86  43   -2.91    0.76 -110.5  110.6    0.32
   45 UBAR          -2 158  19  46  86  44  -12.82    5.71 -683.5  683.6    0.32
   46 UQRK           2 158  19  47  87  45   -4.06    1.82 -216.0  216.0    0.32
   47 UBAR          -2 158  19  48  87  46    0.06   -0.18  -34.5   34.6    0.32
   48 UQRK           2 158  19  33  88  47   -0.12   -0.08  -13.6   13.6    0.32
   49 UQRK           2 158  28  60  89  35 -110.77   31.60  492.7  506.0    0.32
   50 DBAR          -1 159  10  51  92  55    0.00   -0.00 2325.7 2325.7    0.32
   51 DQRK           1 159  10  32  90  50    0.19   -0.17   79.7   79.7    0.32
   52 DBAR          -1 159  14  53  81  34    0.00   -0.00 -783.8  783.8    0.32
   53 DQRK           1 159  14  35  91  52    0.03   -0.03 -127.2  127.2    0.32
   54 SBAR          -3 159  10  55  80  31    0.06   -0.06  368.3  368.3    0.50
   55 SQRK           3 159  10  50  92  54    0.24   -0.21  134.1  134.1    0.50
   56 DBAR          -1 159  10  57 103  77    0.10   -0.09   21.2   21.2    0.32
   57 DQRK           1 159  28  62  93  56  -45.82   13.07  203.8  209.3    0.32
   58 DBAR          -1 159  10  59  95  61   -0.65    0.18    3.5    3.6    0.32
   59 DQRK           1 159  28  66  94  58  -59.82   17.06  266.1  273.2    0.32
   60 DBAR          -1 159  10  61  89  49  -41.91   11.96  186.4  191.5    0.32
   61 DQRK           1 159  28  58  95  60   -7.87    2.24   35.1   36.0    0.32
   62 UBAR          -2 159  10  63  93  57   -0.53    0.15    3.1    3.2    0.32
   63 UQRK           2 159  28  74  96  62   -6.00    1.71   26.8   27.5    0.32
   64 DBAR          -1 159  10  65  98  67   -0.82    0.23    4.2    4.3    0.32
   65 DQRK           1 159  28  76  97  64   -1.34    0.38    6.3    6.4    0.32
   66 UBAR          -2 159  10  67  94  59   -9.76    2.78   43.5   44.6    0.32
   67 UQRK           2 159  28  64  98  66   -2.33    0.66   10.5   10.8    0.32
   68 DBAR          -1 159  10  69 104  79    0.07   -0.06   16.3   16.3    0.32
   69 DQRK           1 159  28  30  99  68   -0.40    0.11    2.8    2.8    0.32
   70 DBAR          -1 159  10  71 101  73    0.05   -0.05   13.7   13.7    0.32
   71 DQRK           1 159  28  78 100  70   -1.67    0.48    7.7    7.9    0.32
   72 SBAR          -3 159  10  73 102  75   -0.06   -0.01    9.4    9.4    0.50
   73 SQRK           3 159  28  70 101  72   -0.94    0.27    5.2    5.4    0.50
   74 SBAR          -3 159  10  75  96  63   -0.10    0.01    7.6    7.6    0.50
   75 SQRK           3 159  28  72 102  74   -0.27    0.07    4.7    4.7    0.50
   76 UBAR          -2 159  10  77  97  65    0.05   -0.05   14.5   14.5    0.32
   77 UQRK           2 159  28  56 103  76    0.02   -0.03   10.5   10.5    0.32
   78 UBAR          -2 159  10  79 100  71   -0.10    0.02    3.8    3.9    0.32
   79 UQRK           2 159  28  68 104  78    0.01   -0.03    9.3    9.3    0.32

                             ---CLUSTER FORMATION---  

 IHEP    ID      IDPDG IST MO1 MO2 DA1 DA2   P-X     P-Y     P-Z  ENERGY    MASS
   80 CLUS          91 183  31  54 105 106    1.93   -1.70  676.0  676.0    2.77
   81 CLUS          91 183  34  52 107 108    0.46   -0.52 -828.1  828.1    3.22
   82 CLUS          91 183  36  37 109 110   -7.51   -0.80 -289.5  289.6    1.14
   83 CLUS          91 183  38  39 111 112   -6.62   -1.60 -231.9  232.0    0.81
   84 CLUS          91 183  40  41 113 114   -6.78   -0.45 -236.1  236.2    1.52
   85 CLUS          91 183  42  43 115 116   -5.27    1.41 -212.4  212.4    0.84
   86 CLUS          91 183  44  45 117 118  -15.73    6.46 -794.1  794.2    2.32
   87 CLUS          91 183  46  47 119 120   -4.00    1.64 -250.5  250.6    2.33
   88 CLUS          91 183  48  33 121 122    0.09   -0.89  -73.0   73.0    0.93
   89 CLUS          91 183  49  60 123 124 -152.68   43.56  679.1  697.4    0.72
   90 CLUS          91 184  51  32 125 126    0.22   -0.19 1752.4 1752.4    2.02
   91 CLUS          91 185  53  35 127 128    0.03   -0.04-3201.0 3201.0    1.75
   92 CLUS          91 183  55  50 129 130    0.24   -0.21 2459.8 2459.8    2.54
   93 CLUS          91 183  57  62 131 132  -46.35   13.22  206.9  212.5    2.99
   94 CLUS          91 183  59  66 133 134  -69.58   19.85  309.5  317.9    0.92
   95 CLUS          91 183  61  58 135 136   -8.52    2.43   38.6   39.6    1.21
   96 CLUS          91 183  63  74 137 138   -6.10    1.72   34.4   35.1    3.32
   97 CLUS          91 183  65  76 139 140   -1.28    0.33   20.7   20.9    2.25
   98 CLUS          91 183  67  64 141 142   -3.15    0.90   14.7   15.1    0.73
   99 CLUS          91 183  69  30 143 144    0.13   -0.29   96.8   96.8    3.13
  100 CLUS          91 183  71  78 145 146   -1.77    0.50   11.5   11.7    1.27
  101 CLUS          91 183  73  70 147 148   -0.89    0.22   18.9   19.0    1.90
  102 CLUS          91 183  75  72 149 150   -0.33    0.06   14.1   14.1    1.12
  103 CLUS          91 183  77  56 151 152    0.12   -0.12   31.6   31.6    0.68
  104 CLUS          91 183  79  68 153 154    0.07   -0.09   25.6   25.6    0.67

                              ---CLUSTER DECAYS---    

 IHEP    ID      IDPDG IST MO1 MO2 DA1 DA2   P-X     P-Y     P-Z  ENERGY    MASS
  105 P           2212   1  80  10   0   0    0.80    0.20  254.3  254.3    0.94
  106 SIGMABR-   -3222 197  80  10 211 212    1.13   -1.91  421.6  421.6    1.19
  107 A_10       20113 197  81  14 213 214    1.10   -0.75 -449.7  449.7    1.23
  108 A_2+         215 197  81  14 215 217   -0.63    0.23 -378.4  378.4    1.32
  109 PI-         -211   1  82  19   0   0   -2.48   -0.36 -104.9  105.0    0.14
  110 OMEGA        223 197  82  19 218 219   -5.03   -0.44 -184.5  184.6    0.78
  111 PI0          111   1  83  19   0   0   -3.60   -0.93 -113.9  114.0    0.13
  112 PI0          111   1  83  19   0   0   -3.01   -0.66 -117.9  118.0    0.13
  113 K*+          323 197  84  19 220 221   -5.29   -0.49 -186.3  186.4    0.89
  114 KBAR0       -311 197  84  19 222 222   -1.48    0.04  -49.8   49.8    0.50
  115 PI-         -211   1  85  19   0   0   -1.18    0.62  -45.7   45.7    0.14
  116 PI0          111   1  85  19   0   0   -4.09    0.79 -166.7  166.7    0.13
  117 RHO0         113 197  86  19 223 224   -6.87    2.20 -336.9  337.0    0.77
  118 B_10       10113 197  86  19 225 226   -8.87    4.27 -457.2  457.3    1.23
  119 PI+          211   1  87  19   0   0   -3.01    1.97 -174.6  174.7    0.14
  120 RHO-        -213 197  87  19 227 228   -0.99   -0.33  -75.9   75.9    0.77
  121 PI0          111   1  88  19   0   0   -0.00   -0.17  -16.8   16.8    0.13
  122 RHO0         113 197  88  19 229 230    0.09   -0.71  -56.2   56.2    0.77
  123 PI+          211   1  89  28   0   0 -147.05   41.95  654.0  671.7    0.14
  124 PI0          111   1  89  28   0   0   -5.63    1.61   25.1   25.7    0.13
  125 RHO0         113 197  90  10 231 232   -0.20   -0.02 1160.9 1160.9    0.77
  126 P           2212   1  90  10   0   0    0.41   -0.17  591.5  591.5    0.94
  127 PI-         -211   1  91  14   0   0   -0.11    0.34 -422.6  422.6    0.14
  128 DELTA+      2214 197  91  14 233 234    0.15   -0.38-2778.5 2778.5    1.23
  129 SIGMA-      3112 197  92  10 235 236   -0.19   -0.23 1037.1 1037.2    1.20
  130 DELTABR+   -1114 197  92  10 237 238    0.44    0.01 1422.7 1422.7    1.23
  131 DELTA-      1114 197  93  28 239 240  -20.95    6.80   95.8   98.3    1.23
  132 DELTABR0   -2114 197  93  28 241 242  -25.40    6.42  111.2  114.2    1.23
  133 RHO0         113 197  94  28 243 244  -57.69   16.51  256.8  263.7    0.77
  134 PI-         -211   1  94  28   0   0  -11.89    3.34   52.8   54.2    0.14
  135 PI0          111   1  95  28   0   0   -0.65    0.51    3.9    4.0    0.13
  136 PI0          111   1  95  28   0   0   -7.86    1.92   34.7   35.6    0.13
  137 SIGMA0      3212 197  96  28 245 246   -2.17    0.80   17.5   17.7    1.19
  138 XI*BAR+    -3314 197  96  28 247 248   -3.93    0.92   16.8   17.4    1.53
  139 DELTA0      2114 197  97  28 249 250   -0.96    0.30   11.1   11.2    1.23
  140 PBAR       -2212   1  97  28   0   0   -0.33    0.03    9.6    9.6    0.94
  141 PI0          111   1  98  28   0   0   -1.60    0.76    7.1    7.3    0.13
  142 PI+          211   1  98  28   0   0   -1.55    0.14    7.6    7.8    0.14
  143 XI-         3312 197  99  28 251 252   -0.46    0.20   39.1   39.1    1.32
  144 XI*BAR+    -3314 197  99  28 253 254    0.59   -0.50   57.7   57.7    1.53
  145 PI0          111   1 100  28   0   0   -0.76    0.12    1.9    2.1    0.13
  146 PI-         -211   1 100  28   0   0   -1.01    0.37    9.6    9.7    0.14
  147 K-          -321   1 101  28   0   0   -0.39    0.06    9.7    9.7    0.49
  148 B_1+       10213 197 101  28 255 256   -0.51    0.16    9.2    9.3    1.23
  149 K-          -321   1 102  28   0   0   -0.14   -0.23    6.9    6.9    0.49
  150 K+           321   1 102  28   0   0   -0.19    0.30    7.2    7.2    0.49
  151 PI0          111   1 103  28   0   0   -0.09    0.22   14.2   14.2    0.13
  152 PI+          211   1 103  28   0   0    0.21   -0.34   17.4   17.4    0.14
  153 PI+          211   1 104  28   0   0    0.28   -0.10    7.4    7.4    0.14
  154 PI0          111   1 104  28   0   0   -0.21    0.01   18.2   18.2    0.13

                            ---H/W/Z BOSON DECAYS---  

 IHEP    ID      IDPDG IST MO1 MO2 DA1 DA2   P-X     P-Y     P-Z  ENERGY    MASS
  155 BQRK           5 123  18 156 157 156  336.65  -74.37 -279.4  443.8    4.95
  156 BBAR          -5 124  18 155 162 155   -3.35  -11.01    5.2   13.6    4.95

                              ---PARTON SHOWERS---    

 IHEP    ID      IDPDG IST MO1 MO2 DA1 DA2   P-X     P-Y     P-Z  ENERGY    MASS
  157 BQRK          94 143 155  18 159 161  332.23  -73.57 -275.7  438.2   15.94
  158 CONE           0 100 155 156   0   0    1.79   -1.38   -1.3    2.6    0.00
  159 BQRK           5   2 157 160 166 165  305.97  -66.78 -248.9  400.1    4.95
  160 GLUON         21   2 157 161 167 168   18.46   -4.72  -18.4   26.5    0.75
  161 GLUON         21   2 157 164 169 170    7.79   -2.07   -8.4   11.7    0.75
  162 BBAR          94 144 156  18 164 165    1.06  -11.81    1.5   19.1   14.92
  163 CONE           0 100 156 155   0   0    0.51    2.68   -1.0    2.9    0.00
  164 GLUON         21   2 162 165 171 172   -2.37    2.03    2.4    4.0    0.75
  165 BBAR          -5   2 162 166 173 172    3.44  -13.84   -0.9   15.1    4.95

                              ---GLUON SPLITTING---   

 IHEP    ID      IDPDG IST MO1 MO2 DA1 DA2   P-X     P-Y     P-Z  ENERGY    MASS
  166 BQRK           5 158 157 176 184 173  255.46  -55.82 -208.1  334.2    4.95
  167 DBAR          -1 158 157 168 188 175    5.14   -1.23   -4.7    7.1    0.32
  168 DQRK           1 158 157 169 185 167    9.32   -2.44   -9.6   13.6    0.32
  169 UBAR          -2 158 157 170 185 168    2.38   -0.67   -2.4    3.5    0.32
  170 UQRK           2 158 157 178 186 169    2.34   -0.60   -2.6    3.6    0.32
  171 DBAR          -1 158 162 172 192 183   -1.32    1.24    1.5    2.4    0.32
  172 DQRK           1 158 162 180 187 171   -0.56    0.38    0.4    0.9    0.32
  173 BBAR          -5 158 162 166 191 181    3.13  -12.77   -0.8   14.1    4.95
  174 SBAR          -3 159 157 175 189 177   10.01   -2.24   -8.4   13.3    0.50
  175 SQRK           3 159 157 167 188 174   23.60   -5.16  -19.2   30.9    0.50
  176 DBAR          -1 159 157 177 184 166    6.31   -1.42   -5.3    8.4    0.32
  177 DQRK           1 159 157 174 189 176   14.58   -3.19  -11.9   19.1    0.32
  178 UBAR          -2 159 162 179 186 170   -0.04    0.09    0.0    0.3    0.32
  179 UQRK           2 159 157 182 190 178    2.30   -0.59   -2.5    3.5    0.32
  180 DBAR          -1 159 162 181 187 172    0.23   -0.93   -0.1    1.0    0.32
  181 DQRK           1 159 162 173 191 180   -0.18    0.05    0.2    0.4    0.32
  182 DBAR          -1 159 162 183 190 179    0.02    0.05   -0.0    0.3    0.32
  183 DQRK           1 159 157 171 192 182    0.55   -0.13   -0.6    0.9    0.32

                             ---CLUSTER FORMATION---  

 IHEP    ID      IDPDG IST MO1 MO2 DA1 DA2   P-X     P-Y     P-Z  ENERGY    MASS
  184 CLUS          91 183 166 176 193 194  261.77  -57.24 -213.4  342.6    5.49
  185 CLUS          91 183 168 169 195 196   11.70   -3.11  -12.0   17.1    0.80
  186 CLUS          91 183 170 178 197 198    2.30   -0.51   -2.5    3.9    1.79
  187 CLUS          91 183 172 180 199 200   -0.33   -0.55    0.4    1.9    1.73
  188 CLUS          91 183 175 167 201 202   28.75   -6.39  -24.0   38.0    1.26
  189 CLUS          91 183 177 174 203 204   24.59   -5.43  -20.3   32.4    0.92
  190 CLUS          91 183 179 182 205 206    2.32   -0.54   -2.6    3.8    1.52
  191 CLUS          91 183 181 173 207 208    2.95  -12.72   -0.6   14.5    6.20
  192 CLUS          91 183 183 171 209 210   -0.77    1.10    0.9    3.3    2.83

                              ---CLUSTER DECAYS---    

 IHEP    ID      IDPDG IST MO1 MO2 DA1 DA2   P-X     P-Y     P-Z  ENERGY    MASS
  193 B-          -521 199 184 157 313 314  258.79  -56.57 -210.9  338.7    5.28
  194 PI+          211   1 184 157   0   0    2.98   -0.67   -2.5    3.9    0.14
  195 PI0          111   1 185 157   0   0    3.73   -1.32   -3.7    5.4    0.13
  196 PI-         -211   1 185 157   0   0    7.97   -1.78   -8.3   11.6    0.14
  197 PI+          211   1 186 157   0   0    0.44   -0.92   -0.7    1.2    0.14
  198 PI-         -211   1 186 157   0   0    1.85    0.42   -1.8    2.7    0.14
  199 K0           311 197 187 162 257 257    0.01   -0.35   -0.3    0.7    0.50
  200 K*BAR0      -313 197 187 162 258 259   -0.34   -0.19    0.7    1.2    0.90
  201 K*BAR0      -313 197 188 157 260 261   25.08   -5.54  -21.2   33.3    0.90
  202 PI0          111   1 188 157   0   0    3.67   -0.86   -2.8    4.7    0.13
  203 PI-         -211   1 189 157   0   0    4.57   -0.86   -3.5    5.8    0.14
  204 K+           321   1 189 157   0   0   20.03   -4.57  -16.8   26.6    0.49
  205 K*+          323 197 190 157 262 263    1.69   -0.63   -1.9    2.8    0.89
  206 KBAR0       -311 197 190 157 264 264    0.63    0.10   -0.7    1.1    0.50
  207 PI-         -211   1 191 162   0   0   -0.14    0.08    0.1    0.2    0.14
  208 B*+          523 197 191 162 265 266    3.09  -12.80   -0.7   14.2    5.32
  209 DELTA-      1114 197 192 157 267 268   -0.10    0.79    1.0    1.8    1.23
  210 DELTABR+   -1114 197 192 157 269 270   -0.67    0.32   -0.2    1.4    1.23

                           ---STRONG HADRON DECAYS--- 

 IHEP    ID      IDPDG IST MO1 MO2 DA1 DA2   P-X     P-Y     P-Z  ENERGY    MASS
  211 PBAR       -2212   1 106  10   0   0    1.10   -1.50  353.7  353.7    0.94
  212 PI0          111   1 106  10   0   0    0.03   -0.41   67.9   67.9    0.13
  213 RHO+         213 198 107  14 271 272    1.00   -0.70 -437.1  437.1    0.77
  214 PI-         -211   1 107  14   0   0    0.10   -0.05  -12.6   12.6    0.14
  215 OMEGA        223 198 108  14 273 275   -0.25    0.10 -146.6  146.6    0.78
  216 PI+          211   1 108  14   0   0   -0.19    0.01 -132.2  132.2    0.14
  217 PI0          111   1 108  14   0   0   -0.20    0.12  -99.6   99.6    0.13
  218 PI0          111   1 110  19   0   0   -3.58   -0.29 -117.8  117.8    0.13
  219 GAMMA         22   1 110  19   0   0   -1.45   -0.15  -66.7   66.8    0.00
  220 K0           311 198 113  19 276 276   -3.14   -0.18 -101.6  101.6    0.50
  221 PI+          211   1 113  19   0   0   -2.15   -0.31  -84.8   84.8    0.14
  222 K_S0         310 198 114  19 277 278   -1.48    0.04  -49.8   49.8    0.50
  223 PI+          211   1 117  19   0   0   -0.35    0.15  -23.9   23.9    0.14
  224 PI-         -211   1 117  19   0   0   -6.52    2.04 -312.9  313.0    0.14
  225 OMEGA        223 198 118  19 279 281   -4.40    1.86 -223.0  223.1    0.78
  226 PI0          111   1 118  19   0   0   -4.47    2.41 -234.2  234.2    0.13
  227 PI-         -211   1 120  19   0   0   -0.90   -0.07  -65.8   65.8    0.14
  228 PI0          111   1 120  19   0   0   -0.09   -0.26  -10.1   10.1    0.13
  229 PI+          211   1 122  19   0   0    0.34   -0.42  -42.3   42.3    0.14
  230 PI-         -211   1 122  19   0   0   -0.25   -0.30  -13.9   13.9    0.14
  231 PI+          211   1 125  10   0   0    0.21    0.09  217.6  217.6    0.14
  232 PI-         -211   1 125  10   0   0   -0.41   -0.12  943.3  943.3    0.14
  233 P           2212   1 128  14   0   0    0.21   -0.10-1898.0 1898.0    0.94
  234 PI0          111   1 128  14   0   0   -0.06   -0.28 -880.4  880.4    0.13
  235 N           2112   1 129  10   0   0   -0.20   -0.02  735.0  735.0    0.94
  236 PI-         -211   1 129  10   0   0    0.01   -0.21  302.1  302.1    0.14
  237 NBAR       -2112   1 130  10   0   0    0.37   -0.08 1352.4 1352.4    0.94
  238 PI+          211   1 130  10   0   0    0.06    0.09   70.2   70.2    0.14
  239 N           2112   1 131  28   0   0  -19.08    6.04   86.6   88.9    0.94
  240 PI-         -211   1 131  28   0   0   -1.87    0.76    9.2    9.4    0.14
  241 PBAR       -2212   1 132  28   0   0  -15.93    4.01   70.3   72.2    0.94
  242 PI+          211   1 132  28   0   0   -9.47    2.41   40.9   42.1    0.14
  243 PI+          211   1 133  28   0   0  -43.75   12.22  194.0  199.2    0.14
  244 PI-         -211   1 133  28   0   0  -13.94    4.29   62.8   64.4    0.14
  245 LAMBDA      3122 198 137  28 282 283   -2.00    0.67   16.0   16.1    1.12
  246 GAMMA         22   1 137  28   0   0   -0.17    0.13    1.6    1.6    0.00
  247 XIBAR+     -3312 198 138  28 284 285   -3.30    0.62   14.0   14.5    1.32
  248 PI0          111   1 138  28   0   0   -0.63    0.30    2.8    2.9    0.13
  249 N           2112   1 139  28   0   0   -0.52    0.32    8.4    8.4    0.94
  250 PI0          111   1 139  28   0   0   -0.44   -0.02    2.8    2.8    0.13
  251 LAMBDA      3122 198 143  28 286 287   -0.50    0.12   32.0   32.0    1.12
  252 PI-         -211   1 143  28   0   0    0.04    0.09    7.1    7.1    0.14
  253 XIBAR+     -3312 198 144  28 288 289    0.47   -0.56   48.4   48.5    1.32
  254 PI0          111   1 144  28   0   0    0.12    0.07    9.2    9.2    0.13
  255 OMEGA        223 198 148  28 290 292   -0.35    0.20    4.1    4.2    0.78
  256 PI+          211   1 148  28   0   0   -0.16   -0.04    5.1    5.1    0.14
  257 K_L0         130   1 199 162   0   0    0.01   -0.35   -0.3    0.7    0.50
  258 K-          -321   1 200 162   0   0    0.01   -0.10    0.1    0.5    0.49
  259 PI+          211   1 200 162   0   0   -0.35   -0.09    0.6    0.7    0.14
  260 K-          -321   1 201 157   0   0   10.07   -2.05   -8.6   13.4    0.49
  261 PI+          211   1 201 157   0   0   15.01   -3.49  -12.6   19.9    0.14
  262 K0           311 198 205 157 293 293    1.48   -0.71   -1.8    2.5    0.50
  263 PI+          211   1 205 157   0   0    0.21    0.08   -0.1    0.3    0.14
  264 K_S0         310 198 206 157 294 295    0.63    0.10   -0.7    1.1    0.50
  265 B+           521 198 208 162 296 298    3.08  -12.62   -0.7   14.0    5.28
  266 GAMMA         22   1 208 162   0   0    0.02   -0.18    0.0    0.2    0.00
  267 N           2112   1 209 157   0   0   -0.22    0.81    0.8    1.5    0.94
  268 PI-         -211   1 209 157   0   0    0.12   -0.02    0.3    0.3    0.14
  269 NBAR       -2112   1 210 157   0   0   -0.75    0.36   -0.1    1.3    0.94
  270 PI+          211   1 210 157   0   0    0.08   -0.04   -0.1    0.2    0.14
  271 PI+          211   1 213  14   0   0    0.36    0.02  -68.4   68.4    0.14
  272 PI0          111   1 213  14   0   0    0.64   -0.72 -368.7  368.7    0.13
  273 PI+          211   1 215  14   0   0    0.17   -0.07  -47.2   47.2    0.14
  274 PI-         -211   1 215  14   0   0   -0.35    0.21  -68.5   68.5    0.14
  275 PI0          111   1 215  14   0   0   -0.07   -0.04  -30.9   30.9    0.13
  276 K_L0         130   1 220  19   0   0   -3.14   -0.18 -101.6  101.6    0.50
  277 PI0          111   1 222  19   0   0   -1.08   -0.15  -35.7   35.7    0.13
  278 PI0          111   1 222  19   0   0   -0.40    0.19  -14.1   14.1    0.13
  279 PI+          211   1 225  19   0   0   -0.48    0.31  -27.1   27.1    0.14
  280 PI-         -211   1 225  19   0   0   -2.12    1.07 -104.7  104.7    0.14
  281 PI0          111   1 225  19   0   0   -1.79    0.48  -91.3   91.3    0.13
  282 P           2212   1 245  28   0   0   -1.55    0.60   12.6   12.8    0.94
  283 PI-         -211   1 245  28   0   0   -0.45    0.06    3.3    3.4    0.14
  284 LAMBDABR   -3122 198 247  28 299 300   -3.12    0.61   12.8   13.2    1.12
  285 PI+          211   1 247  28   0   0   -0.18    0.01    1.2    1.2    0.14
  286 N           2112   1 251  28   0   0   -0.45    0.10   24.7   24.7    0.94
  287 PI0          111   1 251  28   0   0   -0.05    0.02    7.3    7.3    0.13
  288 LAMBDABR   -3122 198 253  28 301 302    0.41   -0.39   43.7   43.7    1.12
  289 PI+          211   1 253  28   0   0    0.05   -0.18    4.8    4.8    0.14
  290 PI+          211   1 255  28   0   0   -0.12    0.08    2.5    2.6    0.14
  291 PI-         -211   1 255  28   0   0   -0.26   -0.02    1.2    1.3    0.14
  292 PI0          111   1 255  28   0   0    0.02    0.14    0.3    0.4    0.13
  293 K_S0         310 198 262 157 303 304    1.48   -0.71   -1.8    2.5    0.50
  294 PI+          211   1 264 157   0   0    0.35    0.15   -0.6    0.7    0.14
  295 PI-         -211   1 264 157   0   0    0.28   -0.05   -0.1    0.3    0.14
  296 E+           -11   1 265 162   0   0    1.17   -2.88    0.4    3.1    0.00
  297 NU_E          12   1 265 162   0   0    1.16   -2.55    1.0    3.0    0.00
  298 DL_1BAR0  -10423 198 265 162 305 306    0.74   -7.19   -2.2    7.9    2.42
  299 PBAR       -2212   1 284  28   0   0   -2.49    0.48   10.0   10.3    0.94
  300 PI+          211   1 284  28   0   0   -0.63    0.13    2.9    2.9    0.14
  301 PBAR       -2212   1 288  28   0   0    0.43   -0.27   38.4   38.4    0.94
  302 PI+          211   1 288  28   0   0   -0.02   -0.11    5.3    5.3    0.14
  303 PI+          211   1 293 157   0   0    0.19   -0.23   -0.4    0.5    0.14
  304 PI-         -211   1 293 157   0   0    1.29   -0.48   -1.4    1.9    0.14
  305 D-          -411 198 298 162 307 309    0.13   -5.06   -1.4    5.6    1.87
  306 PI+          211   1 298 162   0   0    0.61   -2.13   -0.8    2.4    0.14
  307 NU_EBAR      -12   1 305 162   0   0    0.54   -2.97   -0.7    3.1    0.00
  308 E-            11   1 305 162   0   0   -0.08    0.09   -0.0    0.1    0.00
  309 K0           311 198 305 162 310 310   -0.33   -2.17   -0.6    2.3    0.50
  310 K_S0         310 198 309 162 311 312   -0.33   -2.17   -0.6    2.3    0.50
  311 PI+          211   1 310 162   0   0   -0.23   -1.95   -0.6    2.1    0.14
  312 PI-         -211   1 310 162   0   0   -0.11   -0.22   -0.0    0.3    0.14

                           ---HEAVY PARTICLE DECAYS---

 IHEP    ID      IDPDG IST MO1 MO2 DA1 DA2   P-X     P-Y     P-Z  ENERGY    MASS
  313 BQRK           5 155 193 314 315 317  243.11  -53.14 -198.1  318.1    4.96
  314 UBAR          -2 125 193 317 318 317   15.69   -3.43  -12.8   20.5    0.32
  315 DQRK           1 123 313 316 319 316  162.70  -36.39 -133.8  213.8    0.32
  316 UBAR          -2 124 313 315 321 315   13.54   -3.37  -11.3   17.9    0.32
  317 CQRK           4 124 313 313 323 313   66.86  -13.39  -53.1   86.4    1.55
  318 UBAR          -2 160 314 327 329 327   15.69   -3.43  -12.8   20.5    0.32

                              ---PARTON SHOWERS---    

 IHEP    ID      IDPDG IST MO1 MO2 DA1 DA2   P-X     P-Y     P-Z  ENERGY    MASS
  319 DQRK          94 143 315 313 320 320  162.70  -36.39 -133.8  213.8    0.32
  320 DQRK           1   2 319 322 325 322  162.70  -36.39 -133.8  213.8    0.32
  321 UBAR          94 144 316 313 322 322   13.54   -3.37  -11.3   17.9    0.32
  322 UBAR          -2   2 321 325 326 325   13.54   -3.37  -11.3   17.9    0.32
  323 CQRK          94 144 317 313 324 324   66.86  -13.39  -53.1   86.4    1.55
  324 CQRK           4   2 323 318 327 318   66.86  -13.39  -53.1   86.4    1.55

                              ---GLUON SPLITTING---   

 IHEP    ID      IDPDG IST MO1 MO2 DA1 DA2   P-X     P-Y     P-Z  ENERGY    MASS
  325 DQRK           1 158 319 326 328 326  162.70  -36.39 -133.8  213.8    0.32
  326 UBAR          -2 158 321 325 328 325   13.54   -3.37  -11.3   17.9    0.32
  327 CQRK           4 158 323 318 329 318   66.86  -13.39  -53.1   86.4    1.55

                             ---CLUSTER FORMATION---  

 IHEP    ID      IDPDG IST MO1 MO2 DA1 DA2   P-X     P-Y     P-Z  ENERGY    MASS
  328 CLUS          91 183 325 326 330 331  176.24  -39.75 -145.1  231.7    1.67
  329 CLUS          91 183 327 318 332 333   82.55  -16.82  -65.8  106.9    2.02

                              ---CLUSTER DECAYS---    

 IHEP    ID      IDPDG IST MO1 MO2 DA1 DA2   P-X     P-Y     P-Z  ENERGY    MASS
  330 RHO-        -213 197 328 319 334 335  116.91  -26.25  -96.2  153.7    0.77
  331 OMEGA        223 197 328 319 336 338   59.33  -13.51  -48.9   78.1    0.78
  332 D0           421 197 329 323 339 340   76.88  -15.61  -61.3   99.5    1.86
  333 PI0          111   1 329 323   0   0    5.67   -1.21   -4.6    7.4    0.13

                           ---STRONG HADRON DECAYS--- 

 IHEP    ID      IDPDG IST MO1 MO2 DA1 DA2   P-X     P-Y     P-Z  ENERGY    MASS
  334 PI-         -211   1 330 319   0   0   77.71  -17.71  -63.7  102.0    0.14
  335 PI0          111   1 330 319   0   0   39.20   -8.54  -32.5   51.6    0.13
  336 PI+          211   1 331 319   0   0   13.38   -2.90  -11.0   17.5    0.14
  337 PI-         -211   1 331 319   0   0   25.20   -6.05  -20.9   33.3    0.14
  338 PI0          111   1 331 319   0   0   20.76   -4.55  -17.0   27.2    0.13
  339 K-          -321   1 332 323   0   0   76.38  -15.47  -60.9   98.9    0.49
  340 PI+          211   1 332 323   0   0    0.50   -0.14   -0.4    0.7    0.14



 EVENT       2: 6500.00 GEV/C P        ON  6500.00 GEV/C P        PROCESS:-18000
 SEEDS:  1904987973 &  1574666022   STATUS:  100 ERROR:   0  WEIGHT:  5.8967E-04


                               ---INITIAL STATE---    

 IHEP    ID      IDPDG IST MO1 MO2 DA1 DA2   P-X     P-Y     P-Z  ENERGY    MASS
    1 P           2212 101   0   0   0   0    0.00    0.00 6500.0 6500.0    0.94
    2 P           2212 102   0   0   0   0    0.00    0.00-6500.0 6500.0    0.94
    3 CMF            0 103   1   2   0   0    0.00    0.00    0.013000.013000.00

                              ---HARD SUBPROCESS---   

 IHEP    ID      IDPDG IST MO1 MO2 DA1 DA2   P-X     P-Y     P-Z  ENERGY    MASS
    4 DQRK           1 121   6   8  10   9    0.00    0.00  356.9  356.9    0.32
    5 UQRK           2 122   6   9  15   8   -0.00   -0.00 -751.7  751.7    0.32
    6 HARD           0 120   4   5   7   9    1.77    7.91 -394.8 1108.6 1035.87
    7 HIGGS         25 123   6   7  17   7   23.00  233.26 -341.5  432.7  125.00
    8 DQRK           1 124   6   5  18   4   45.44 -193.18 -331.6  386.4    0.32
    9 UQRK           2 124   6   4  24   5  -68.44  -40.09  278.4  289.4    0.32

                              ---PARTON SHOWERS---    

 IHEP    ID      IDPDG IST MO1 MO2 DA1 DA2   P-X     P-Y     P-Z  ENERGY    MASS
   10 DQRK          94 141   4   6  12  14    1.77    7.91  357.3  356.5  -25.60
   11 CONE           0 100   4   9   0   0   -0.86   -0.51    2.6    2.8    0.00
   12 GLUON         21   2  10  13  32  33   -2.17   -7.28   38.0   38.7    0.75
   13 GLUON         21   2  10  14  34  35    0.40   -0.63    8.4    8.5    0.75
   14 UU          2203   2  10  20  36  35    0.00    0.00 6096.3 6096.3    0.28
   15 UQRK          94 142   5   6  16  16    0.00   -0.00 -752.1  752.1    0.30
   16 UD          2101   2  15  26  37  23    0.00    0.00-5747.9 5747.9    0.32
   17 HIGGS         25 195   7   6 152 153   23.65  235.98 -341.0  433.8  125.00
   18 DQRK          94 144   8   6  20  23   45.98 -190.11 -331.3  385.2   19.49
   19 CONE           0 100   8   5   0   0   -0.12    0.50   -1.1    1.2    0.00
   20 DQRK           1   2  18  21  38  36   19.49  -78.65 -135.2  157.6    0.32
   21 GLUON         21   2  18  22  39  40   27.75 -106.82 -186.9  217.0    0.75
   22 GLUON         21   2  18  23  41  42   -0.08   -2.25   -3.9    4.6    0.75
   23 GLUON         21   2  18  37  43  44   -1.18   -2.39   -5.3    6.0    0.75
   24 UQRK          94 144   9   6  26  31  -67.86  -37.95  277.5  289.6   27.93
   25 CONE           0 100   9   4   0   0    0.29    0.16    2.5    2.5    0.00
   26 UQRK           2   2  24  27  45  37  -15.00   -7.56   58.5   60.8    0.32
   27 GLUON         21   2  24  28  46  47  -41.15  -20.26  172.1  178.1    0.75
   28 GLUON         21   2  24  29  48  49   -6.92   -0.34   13.9   15.5    0.75
   29 GLUON         21   2  24  30  50  51   -1.83   -2.72    9.9   10.4    0.75
   30 GLUON         21   2  24  31  52  53   -2.88   -4.47   12.3   13.5    0.75
   31 GLUON         21   2  24  32  54  55   -0.08   -2.61   10.9   11.3    0.75

                              ---GLUON SPLITTING---   

 IHEP    ID      IDPDG IST MO1 MO2 DA1 DA2   P-X     P-Y     P-Z  ENERGY    MASS
   32 DBAR          -1 158  10  33  91  55   -1.27   -3.79   19.3   19.7    0.32
   33 DQRK           1 158  10  34  80  32   -0.90   -3.49   18.7   19.0    0.32
   34 UBAR          -2 158  10  35  80  33    0.18   -0.51    6.0    6.0    0.32
   35 UQRK           2 158  10  62  81  34    0.10   -0.05    3.9    3.9    0.32
   36 UU          2203 161  10  38  92  57    0.00   -0.00 4383.1 4383.1    0.64
   37 UD          2101 162  15  45  93  59   -0.00   -0.00-4349.2 4349.2    0.64
   38 DQRK           1 158  18  39  82  36   19.49  -78.65 -135.2  157.6    0.32
   39 DBAR          -1 158  18  40  82  38    8.52  -33.07  -57.6   67.0    0.32
   40 DQRK           1 158  18  41  83  39   19.23  -73.75 -129.3  150.1    0.32
   41 DBAR          -1 158  18  42  83  40    0.06   -1.59   -2.6    3.1    0.32
   42 DQRK           1 158  18  43  84  41   -0.14   -0.66   -1.4    1.5    0.32
   43 DBAR          -1 158  18  44  84  42   -0.45   -0.64   -1.6    1.8    0.32
   44 DQRK           1 158  18  66  85  43   -0.54   -1.30   -2.8    3.2    0.32
   45 UQRK           2 158  24  46  86  37  -15.00   -7.56   58.5   60.8    0.32
   46 DBAR          -1 158  24  47  86  45  -11.07   -5.49   46.0   47.7    0.32
   47 DQRK           1 158  24  68  87  46  -28.31  -13.90  118.6  122.7    0.32
   48 UBAR          -2 158  24  49  98  69   -1.66   -0.11    3.2    3.6    0.32
   49 UQRK           2 158  24  50  88  48   -4.95   -0.22   10.1   11.3    0.32
   50 UBAR          -2 158  24  51  88  49   -0.96   -1.49    5.9    6.2    0.32
   51 UQRK           2 158  24  52  89  50   -0.87   -1.23    4.0    4.3    0.32
   52 UBAR          -2 158  24  53  89  51   -1.21   -1.67    4.5    4.9    0.32
   53 UQRK           2 158  24  54  90  52   -1.67   -2.80    7.9    8.5    0.32
   54 UBAR          -2 158  24  55  90  53   -0.18   -1.05    4.1    4.2    0.32
   55 UQRK           2 158  24  32  91  54    0.10   -1.55    6.9    7.1    0.32
   56 DBAR          -1 159  10  57  99  71    0.00   -0.00  887.2  887.2    0.32
   57 DQRK           1 159  10  36  92  56    0.00   -0.00  270.1  270.1    0.32
   58 DBAR          -1 159  15  59 103  79   -0.00   -0.00 -575.7  575.7    0.32
   59 DQRK           1 159  18  37  93  58   -0.00   -0.00 -416.7  416.7    0.32
   60 SBAR          -3 159  10  61  95  63    0.00   -0.00  189.1  189.1    0.50
   61 SQRK           3 159  10  70  94  60    0.05   -0.03   15.9   15.9    0.50
   62 SBAR          -3 159  10  63  81  35    0.03   -0.02   29.6   29.6    0.50
   63 SQRK           3 159  10  60  95  62    0.02   -0.01   36.5   36.5    0.50
   64 DBAR          -1 159  15  65  97  67   -0.00   -0.00 -144.1  144.1    0.32
   65 DQRK           1 159  18  76  96  64   -0.08   -0.20   -1.4    1.4    0.32
   66 DBAR          -1 159  15  67  85  44   -0.01   -0.02  -10.4   10.4    0.32
   67 DQRK           1 159  18  64  97  66   -0.04   -0.09   -2.2    2.2    0.32
   68 DBAR          -1 159  24  69  87  47   -0.99   -0.41    3.7    3.9    0.32
   69 DQRK           1 159  24  48  98  68   -1.10   -0.47    4.2    4.4    0.32
   70 DBAR          -1 159  10  71  94  61    0.00   -0.00  251.1  251.1    0.32
   71 DQRK           1 159  10  56  99  70    0.01   -0.01   32.2   32.2    0.32
   72 SBAR          -3 159  15  73 101  75   -0.01   -0.02  -30.2   30.2    0.50
   73 SQRK           3 159  18  78 100  72   -0.02   -0.05  -10.4   10.4    0.50
   74 UBAR          -2 159  15  75 102  77   -0.00   -0.00  -40.9   40.9    0.32
   75 UQRK           2 159  18  72 101  74   -0.01   -0.03   -6.5    6.5    0.32
   76 SBAR          -3 159  15  77  96  65   -0.00   -0.01  -93.0   93.0    0.50
   77 SQRK           3 159  18  74 102  76   -0.01   -0.02  -23.0   23.1    0.50
   78 DBAR          -1 159  15  79 100  73   -0.00   -0.01  -33.8   33.8    0.32
   79 DQRK           1 159  18  58 103  78   -0.01   -0.02  -11.2   11.2    0.32

                             ---CLUSTER FORMATION---  

 IHEP    ID      IDPDG IST MO1 MO2 DA1 DA2   P-X     P-Y     P-Z  ENERGY    MASS
   80 CLUS          91 183  33  34 104 105   -0.71   -3.99   24.7   25.1    1.55
   81 CLUS          91 183  35  62 106 107    0.12   -0.07   33.5   33.5    1.12
   82 CLUS          91 183  38  39 108 109   28.01 -111.72 -192.8  224.6    0.98
   83 CLUS          91 183  40  41 110 111   19.29  -75.34 -131.8  153.1    3.31
   84 CLUS          91 183  42  43 112 113   -0.59   -1.30   -2.9    3.3    0.71
   85 CLUS          91 183  44  66 114 115   -0.55   -1.32  -13.2   13.6    2.73
   86 CLUS          91 183  45  46 116 117  -26.07  -13.04  104.5  108.5    1.16
   87 CLUS          91 183  47  68 118 119  -29.29  -14.30  122.3  126.6    1.94
   88 CLUS          91 183  49  50 120 121   -5.90   -1.71   16.0   17.4    3.12
   89 CLUS          91 183  51  52 122 123   -2.08   -2.90    8.4    9.2    0.72
   90 CLUS          91 183  53  54 124 125   -1.85   -3.86   11.9   12.7    1.26
   91 CLUS          91 183  55  32 126 127   -1.17   -5.35   26.2   26.7    1.22
   92 CLUS          91 184  57  36 128 129    0.00   -0.00 4653.2 4653.2    1.48
   93 CLUS          91 185  59  37 130 131   -0.00   -0.00-4765.9 4765.9    1.27
   94 CLUS          91 183  61  70 132 133    0.05   -0.03  267.0  267.0    2.09
   95 CLUS          91 183  63  60 134 135    0.03   -0.01  225.6  225.6    1.36
   96 CLUS          91 183  65  76 136 137   -0.08   -0.20  -94.4   94.5    3.19
   97 CLUS          91 183  67  64 138 139   -0.04   -0.10 -146.4  146.4    2.74
   98 CLUS          91 183  69  48 140 141   -2.76   -0.59    7.5    8.1    1.14
   99 CLUS          91 183  71  56 142 143    0.01   -0.01  919.5  919.5    1.74
  100 CLUS          91 183  73  78 144 145   -0.02   -0.05  -44.1   44.2    1.10
  101 CLUS          91 183  75  72 146 147   -0.02   -0.04  -36.8   36.8    0.94
  102 CLUS          91 183  77  74 148 149   -0.01   -0.02  -63.9   64.0    0.92
  103 CLUS          91 183  79  58 150 151   -0.01   -0.02 -586.8  586.8    2.35

                              ---CLUSTER DECAYS---    

 IHEP    ID      IDPDG IST MO1 MO2 DA1 DA2   P-X     P-Y     P-Z  ENERGY    MASS
  104 A_1-      -20213 197  80  10 199 200   -0.69   -3.54   23.0   23.3    1.23
  105 PI0          111   1  80  10   0   0   -0.03   -0.45    1.7    1.7    0.13
  106 PI+          211   1  81  10   0   0   -0.24   -0.23    5.4    5.4    0.14
  107 K0           311 197  81  10 201 201    0.36    0.16   28.0   28.1    0.50
  108 RHO-        -213 197  82  18 202 203   24.44  -97.84 -168.7  196.5    0.77
  109 PI+          211   1  82  18   0   0    3.56  -13.88  -24.1   28.1    0.14
  110 OMEGA_3      227 197  83  18 204 205   14.11  -53.12  -93.6  108.6    1.67
  111 F_2          225 197  83  18 206 207    5.18  -22.22  -38.2   44.5    1.27
  112 PI-         -211   1  84  18   0   0    0.08   -0.54   -1.1    1.2    0.14
  113 PI+          211   1  84  18   0   0   -0.68   -0.77   -1.8    2.1    0.14
  114 DELTA-      1114 197  85  18 208 209   -0.59   -0.14   -6.3    6.4    1.23
  115 DELTABR+   -1114 197  85  18 210 211    0.04   -1.17   -6.9    7.2    1.23
  116 RHO+         213 197  86  24 212 213  -19.88   -9.98   78.6   81.7    0.77
  117 PI0          111   1  86  24   0   0   -6.19   -3.07   25.9   26.8    0.13
  118 PI-         -211   1  87  24   0   0   -7.73   -3.72   29.4   30.6    0.14
  119 RHO+         213 197  87  24 214 215  -21.56  -10.58   93.0   96.0    0.77
  120 DELTA+      2214 197  88  24 216 217   -1.48   -1.20    5.0    5.5    1.23
  121 DELTABR-   -2214 197  88  24 218 219   -4.42   -0.52   11.0   11.9    1.23
  122 PI0          111   1  89  24   0   0   -0.12   -0.54    1.4    1.5    0.13
  123 PI0          111   1  89  24   0   0   -1.96   -2.37    7.0    7.7    0.13
  124 PI+          211   1  90  24   0   0   -1.96   -3.65   11.5   12.2    0.14
  125 PI-         -211   1  90  24   0   0    0.11   -0.21    0.4    0.5    0.14
  126 PI0          111   1  91  24   0   0   -0.79   -2.19   11.4   11.7    0.13
  127 RHO+         213 197  91  24 220 221   -0.39   -3.16   14.7   15.1    0.77
  128 PI0          111   1  92  10   0   0    0.18    0.30 2174.8 2174.8    0.13
  129 P           2212   1  92  10   0   0   -0.18   -0.31 2478.3 2478.3    0.94
  130 PI0          111   1  93  18   0   0   -0.24   -0.09-1352.9 1352.9    0.13
  131 N           2112   1  93  18   0   0    0.24    0.09-3413.0 3413.0    0.94
  132 K-          -321   1  94  10   0   0   -0.08   -0.12  146.0  146.0    0.49
  133 A_2+         215 197  94  10 222 223    0.13    0.09  121.0  121.0    1.32
  134 K-          -321   1  95  10   0   0   -0.13   -0.34   63.8   63.8    0.49
  135 K+           321   1  95  10   0   0    0.16    0.32  161.9  161.9    0.49
  136 SIGMA-      3112 197  96  18 224 225   -0.40    0.60  -34.5   34.6    1.20
  137 XI*BAR+    -3314 197  96  18 226 227    0.32   -0.80  -59.9   59.9    1.53
  138 P           2212   1  97  18   0   0   -0.88   -0.46  -91.2   91.2    0.94
  139 PBAR       -2212   1  97  18   0   0    0.84    0.37  -55.2   55.2    0.94
  140 RHO-        -213 197  98  24 228 229   -2.38   -0.51    6.9    7.4    0.77
  141 PI0          111   1  98  24   0   0   -0.38   -0.07    0.5    0.7    0.13
  142 OMEGA        223 197  99  10 230 232    0.64   -0.19  449.7  449.7    0.78
  143 PI0          111   1  99  10   0   0   -0.63    0.19  469.8  469.8    0.13
  144 KBAR0       -311 197 100  18 233 233    0.12    0.15  -11.4   11.4    0.50
  145 PI0          111   1 100  18   0   0   -0.14   -0.20  -32.8   32.8    0.13
  146 PI0          111   1 101  18   0   0    0.11    0.28  -13.4   13.4    0.13
  147 K+           321   1 101  18   0   0   -0.13   -0.33  -23.4   23.4    0.49
  148 KBAR0       -311 197 102  18 234 234    0.29   -0.02  -45.4   45.4    0.50
  149 PI-         -211   1 102  18   0   0   -0.30   -0.00  -18.5   18.5    0.14
  150 PI-         -211   1 103  18   0   0   -0.53    0.41 -307.5  307.5    0.14
  151 A_2+         215 197 103  18 235 236    0.52   -0.43 -279.4  279.4    1.32

                            ---H/W/Z BOSON DECAYS---  

 IHEP    ID      IDPDG IST MO1 MO2 DA1 DA2   P-X     P-Y     P-Z  ENERGY    MASS
  152 CQRK           4 123  17 153 154 153   62.58  194.13 -302.5  364.8    1.55
  153 CBAR          -4 124  17 152 158 152  -38.92   41.85  -38.5   68.9    1.55

                              ---PARTON SHOWERS---    

 IHEP    ID      IDPDG IST MO1 MO2 DA1 DA2   P-X     P-Y     P-Z  ENERGY    MASS
  154 CQRK          94 143 152  17 156 157   62.10  192.80 -300.4  362.3    4.17
  155 CONE           0 100 152 153   0   0   -0.61    1.36   -1.6    2.2    0.00
  156 CQRK           4   2 154 157 164 163   22.22   73.71 -115.1  138.5    1.55
  157 GLUON         21   2 154 160 165 166   39.88  119.10 -185.3  223.8    0.75
  158 CBAR          94 144 153  17 160 163  -38.44   43.18  -40.6   71.4   10.60
  159 CONE           0 100 153 152   0   0    0.91    0.01   -0.5    1.0    0.00
  160 GLUON         21   2 158 161 167 168   -2.15    0.32   -1.6    2.8    0.75
  161 GLUON         21   2 158 162 169 170   -5.19    3.95   -4.4    7.9    0.75
  162 GLUON         21   2 158 163 171 172   -9.53   13.48  -11.8   20.3    0.75
  163 CBAR          -4   2 158 164 173 172  -21.58   25.42  -22.8   40.4    1.55

                              ---GLUON SPLITTING---   

 IHEP    ID      IDPDG IST MO1 MO2 DA1 DA2   P-X     P-Y     P-Z  ENERGY    MASS
  164 CQRK           4 158 154 165 178 173   22.22   73.71 -115.1  138.5    1.55
  165 UBAR          -2 158 154 166 178 164   20.41   60.55  -94.5  114.1    0.32
  166 UQRK           2 158 154 174 179 165   10.27   30.87  -47.9   57.9    0.32
  167 DBAR          -1 158 158 168 184 177   -0.70    0.26   -0.7    1.0    0.32
  168 DQRK           1 158 158 169 180 167   -1.39    0.05   -0.9    1.7    0.32
  169 UBAR          -2 158 158 170 180 168   -2.64    1.80   -2.3    3.9    0.32
  170 UQRK           2 158 158 171 181 169   -2.55    2.15   -2.2    4.0    0.32
  171 UBAR          -2 158 158 172 181 170   -3.47    5.01   -4.2    7.4    0.32
  172 UQRK           2 158 158 173 182 171   -6.05    8.47   -7.6   12.9    0.32
  173 CBAR          -4 158 158 164 182 172  -21.58   25.42  -22.8   40.4    1.55
  174 DBAR          -1 159 158 175 179 166    1.81    5.47   -8.5   10.3    0.32
  175 DQRK           1 159 154 176 183 174    5.42   16.29  -25.3   30.5    0.32
  176 UBAR          -2 159 158 177 183 175    0.32    1.07   -1.7    2.0    0.32
  177 UQRK           2 159 154 167 184 176    1.60    4.84   -7.5    9.1    0.32

                             ---CLUSTER FORMATION---  

 IHEP    ID      IDPDG IST MO1 MO2 DA1 DA2   P-X     P-Y     P-Z  ENERGY    MASS
  178 CLUS          91 183 164 165 185 186   42.63  134.26 -209.7  252.6    3.19
  179 CLUS          91 183 166 174 187 188   12.08   36.34  -56.3   68.1    0.90
  180 CLUS          91 183 168 169 189 190   -4.03    1.85   -3.2    5.7    1.36
  181 CLUS          91 183 170 171 191 192   -6.02    7.17   -6.3   11.4    1.37
  182 CLUS          91 183 172 173 193 194  -27.63   33.89  -30.4   53.3    2.57
  183 CLUS          91 183 175 176 195 196    5.73   17.37  -26.9   32.6    1.34
  184 CLUS          91 183 177 167 197 198    0.90    5.10   -8.2   10.1    3.00

                              ---CLUSTER DECAYS---    

 IHEP    ID      IDPDG IST MO1 MO2 DA1 DA2   P-X     P-Y     P-Z  ENERGY    MASS
  185 D_S+         431 197 178 154 237 239   25.60   82.69 -129.1  155.5    1.97
  186 K*-         -323 197 178 154 240 241   17.03   51.57  -80.5   97.1    0.89
  187 PI+          211   1 179 154   0   0   10.63   32.60  -50.2   60.8    0.14
  188 PI0          111   1 179 154   0   0    1.45    3.74   -6.2    7.4    0.13
  189 PI-         -211   1 180 158   0   0   -0.40    0.21   -0.5    0.7    0.14
  190 HL_10      10223 197 180 158 242 243   -3.63    1.64   -2.7    5.0    1.17
  191 PI0          111   1 181 158   0   0   -5.02    6.35   -5.0    9.5    0.13
  192 PI0          111   1 181 158   0   0   -1.01    0.81   -1.4    1.9    0.13
  193 PI+          211   1 182 158   0   0   -3.57    5.04   -4.5    7.7    0.14
  194 D*-         -413 197 182 158 244 245  -24.06   28.85  -25.8   45.6    2.01
  195 OMEGA        223 197 183 154 246 248    2.32    6.62  -10.6   12.8    0.78
  196 PI-         -211   1 183 154   0   0    3.41   10.74  -16.3   19.8    0.14
  197 RHO_3+       217 197 184 154 249 250    0.43    2.10   -3.8    4.7    1.69
  198 HL_10      10223 197 184 154 251 252    0.47    3.00   -4.4    5.5    1.17

                           ---STRONG HADRON DECAYS--- 

 IHEP    ID      IDPDG IST MO1 MO2 DA1 DA2   P-X     P-Y     P-Z  ENERGY    MASS
  199 RHO-        -213 198 104  10 253 254   -0.32   -1.64    9.7    9.9    0.77
  200 PI0          111   1 104  10   0   0   -0.36   -1.90   13.3   13.4    0.13
  201 K_L0         130   1 107  10   0   0    0.36    0.16   28.0   28.1    0.50
  202 PI-         -211   1 108  18   0   0    8.93  -37.16  -63.8   74.4    0.14
  203 PI0          111   1 108  18   0   0   15.51  -60.68 -104.9  122.2    0.13
  204 B_1-      -10213 198 110  18 255 256   11.73  -44.83  -79.5   92.1    1.23
  205 PI+          211   1 110  18   0   0    2.38   -8.28  -14.1   16.5    0.14
  206 PI+          211   1 111  18   0   0    4.88  -20.99  -35.5   41.5    0.14
  207 PI-         -211   1 111  18   0   0    0.30   -1.23   -2.7    3.0    0.14
  208 N           2112   1 114  18   0   0   -0.60   -0.08   -6.1    6.2    0.94
  209 PI-         -211   1 114  18   0   0    0.02   -0.07   -0.2    0.3    0.14
  210 NBAR       -2112   1 115  18   0   0    0.19   -0.82   -5.8    5.9    0.94
  211 PI+          211   1 115  18   0   0   -0.16   -0.35   -1.2    1.3    0.14
  212 PI+          211   1 116  24   0   0   -8.49   -4.66   34.4   35.7    0.14
  213 PI0          111   1 116  24   0   0  -11.38   -5.32   44.2   46.0    0.13
  214 PI+          211   1 119  24   0   0  -14.44   -6.86   62.9   64.9    0.14
  215 PI0          111   1 119  24   0   0   -7.13   -3.72   30.0   31.1    0.13
  216 P           2212   1 120  24   0   0   -0.97   -0.94    4.1    4.4    0.94
  217 PI0          111   1 120  24   0   0   -0.51   -0.25    0.9    1.1    0.13
  218 PBAR       -2212   1 121  24   0   0   -3.31   -0.41    8.8    9.5    0.94
  219 PI0          111   1 121  24   0   0   -1.12   -0.11    2.2    2.4    0.13
  220 PI+          211   1 127  24   0   0   -0.07   -0.55    1.6    1.7    0.14
  221 PI0          111   1 127  24   0   0   -0.32   -2.61   13.1   13.4    0.13
  222 RHO+         213 198 133  10 257 258   -0.21   -0.03   51.1   51.1    0.77
  223 PI0          111   1 133  10   0   0    0.34    0.11   69.9   69.9    0.13
  224 N           2112   1 136  18   0   0   -0.51    0.52  -31.3   31.3    0.94
  225 PI-         -211   1 136  18   0   0    0.11    0.08   -3.3    3.3    0.14
  226 XIBAR0     -3322 198 137  18 259 260    0.12   -0.71  -51.9   51.9    1.31
  227 PI+          211   1 137  18   0   0    0.20   -0.09   -8.0    8.0    0.14
  228 PI-         -211   1 140  24   0   0   -0.60    0.17    1.7    1.9    0.14
  229 PI0          111   1 140  24   0   0   -1.77   -0.69    5.2    5.5    0.13
  230 PI+          211   1 142  10   0   0    0.35   -0.18  130.6  130.6    0.14
  231 PI-         -211   1 142  10   0   0    0.32   -0.10  269.5  269.5    0.14
  232 PI0          111   1 142  10   0   0   -0.02    0.09   49.6   49.6    0.13
  233 K_L0         130   1 144  18   0   0    0.12    0.15  -11.4   11.4    0.50
  234 K_L0         130   1 148  18   0   0    0.29   -0.02  -45.4   45.4    0.50
  235 ETA          221 198 151  18 261 263    0.86   -0.27 -220.6  220.6    0.55
  236 PI+          211   1 151  18   0   0   -0.34   -0.16  -58.8   58.8    0.14
  237 K+           321   1 185 154   0   0   13.23   43.41  -68.3   82.0    0.49
  238 K-          -321   1 185 154   0   0    5.25   18.11  -27.8   33.6    0.49
  239 PI+          211   1 185 154   0   0    7.12   21.17  -33.0   39.9    0.14
  240 K-          -321   1 186 154   0   0   11.24   33.14  -51.8   62.5    0.49
  241 PI0          111   1 186 154   0   0    5.79   18.43  -28.7   34.6    0.13
  242 RHO-        -213 198 190 158 264 265   -3.37    1.59   -2.7    4.7    0.77
  243 PI+          211   1 190 158   0   0   -0.26    0.05   -0.0    0.3    0.14
  244 D-          -411 198 194 158 266 267  -22.57   27.02  -24.2   42.8    1.87
  245 PI0          111   1 194 158   0   0   -1.49    1.83   -1.7    2.9    0.13
  246 PI+          211   1 195 154   0   0    1.26    2.69   -4.3    5.2    0.14
  247 PI-         -211   1 195 154   0   0    0.50    1.74   -2.9    3.4    0.14
  248 PI0          111   1 195 154   0   0    0.56    2.19   -3.5    4.1    0.13
  249 A_2+         215 198 197 154 268 269    0.36    1.54   -3.4    4.0    1.32
  250 PI0          111   1 197 154   0   0    0.07    0.55   -0.4    0.7    0.13
  251 RHO-        -213 198 198 154 270 271    0.05    1.48   -2.3    2.8    0.77
  252 PI+          211   1 198 154   0   0    0.43    1.52   -2.1    2.6    0.14
  253 PI-         -211   1 199  10   0   0   -0.16   -0.94    7.3    7.4    0.14
  254 PI0          111   1 199  10   0   0   -0.16   -0.70    2.4    2.5    0.13
  255 OMEGA        223 198 204  18 272 274    6.78  -24.96  -44.0   51.1    0.78
  256 PI-         -211   1 204  18   0   0    4.95  -19.87  -35.5   41.0    0.14
  257 PI+          211   1 222  10   0   0   -0.22    0.31   20.6   20.6    0.14
  258 PI0          111   1 222  10   0   0    0.01   -0.34   30.5   30.5    0.13
  259 LAMBDABR   -3122 198 226  18 275 276    0.14   -0.56  -39.5   39.5    1.12
  260 PI0          111   1 226  18   0   0   -0.03   -0.15  -12.4   12.4    0.13
  261 PI+          211   1 235  18   0   0    0.15   -0.17  -73.4   73.4    0.14
  262 PI-         -211   1 235  18   0   0    0.34    0.00  -67.7   67.7    0.14
  263 PI0          111   1 235  18   0   0    0.37   -0.10  -79.5   79.5    0.13
  264 PI-         -211   1 242 158   0   0   -0.25    0.10   -0.1    0.3    0.14
  265 PI0          111   1 242 158   0   0   -3.12    1.49   -2.7    4.4    0.13
  266 K*_00      10311 198 244 158 277 278  -17.28   20.84  -18.2   32.6    1.43
  267 PI-         -211   1 244 158   0   0   -5.29    6.17   -6.0   10.1    0.14
  268 RHO0         113 198 249 154 279 280    0.56    1.02   -1.8    2.3    0.77
  269 PI+          211   1 249 154   0   0   -0.20    0.52   -1.6    1.7    0.14
  270 PI-         -211   1 251 154   0   0    0.07    0.83   -0.7    1.1    0.14
  271 PI0          111   1 251 154   0   0   -0.02    0.65   -1.6    1.8    0.13
  272 PI+          211   1 255  18   0   0    1.04   -3.37   -6.2    7.2    0.14
  273 PI-         -211   1 255  18   0   0    3.44  -12.23  -21.6   25.0    0.14
  274 PI0          111   1 255  18   0   0    2.30   -9.36  -16.2   18.9    0.13
  275 NBAR       -2112   1 259  18   0   0    0.06   -0.56  -33.5   33.5    0.94
  276 PI0          111   1 259  18   0   0    0.09   -0.00   -6.0    6.1    0.13
  277 K+           321   1 266 158   0   0   -6.46    7.65   -6.1   11.7    0.49
  278 PI-         -211   1 266 158   0   0  -10.82   13.19  -12.1   20.9    0.14
  279 PI+          211   1 268 154   0   0   -0.09    0.17   -0.1    0.3    0.14
  280 PI-         -211   1 268 154   0   0    0.65    0.86   -1.7    2.0    0.14

 HWWARN CALLED FROM SUBPROGRAM HWSBRN: CODE = 102
 EVENT     353:   SEEDS =  592453517 &  156664450  WEIGHT =-0.5897E-03
 EVENT KILLED.   EXECUTION CONTINUES

 HWWARN CALLED FROM SUBPROGRAM HWDFIV: CODE = 101
 EVENT    5068:   SEEDS =  308341719 & 1732467104  WEIGHT = 0.5897E-03
 EVENT KILLED.   EXECUTION CONTINUES

          OUTPUT ON LES HOUCHES EVENTS


      PROC CODE  XSECT(pb)        XERR(pb)      Max wgt(nb) No. of events


          OUTPUT ON ELEMENTARY PROCESS

          N.B. NEGATIVE WEIGHTS ALLOWED

          NUMBER OF EVENTS   =        9998
          NEGATIVE  EVENTS   =        2629
          NUMBER OF WEIGHTS  =       10000
          NEGATIVE  WEIGHTS  =        2630
          MEAN VALUE OF WGT  =  2.7951E-04
          RMS SPREAD IN WGT  =  5.1922E-04
          MEAN ABS WEIGHT    =  5.8967E-04
          ACTUAL MAX ABS WGT =  1.0000E+00
          ASSUMED MAXABS WGT =  2.7951E-04

          PROCESS CODE IPROC =      -18000
          CROSS SECTION (PB) =  0.2795    
          ERROR IN C-S  (PB) =  5.1922E-03
          EFFICIENCY PERCENT =   100.0    
 # of events processed=        9998
