 Enter filename for events
 Enter maximum number of events to generate
 MUST coincide with the number of events on tape
 Enter 0 to use Herwig default PDFs
       1 to use PDFs from library
 Enter colliding particles (PART1, PART2)
 Enter beam momenta (PBEAM1, PBEAM2)


          HERWIG 6.521  11th Mar. 2013

          Please reference:  G. Marchesini, B.R. Webber,
          G.Abbiendi, I.G.Knowles, M.H.Seymour & L.Stanco
          Computer Physics Communications 67 (1992) 465
                             and
          G.Corcella, I.G.Knowles, G.Marchesini, S.Moretti,
          K.Odagiri, P.Richardson, M.H.Seymour & B.R.Webber,
          JHEP 0101 (2001) 010
 Enter .TRUE. for underlying event, .FALSE. otherwise

 Underlying event WILL NOT be generated

 Enter Lambda_QCD, <0 for Herwig default
 Enter Z mass, width
 Enter W mass, width
 Enter top mass, width
 Enter Higgs (SM) boson mass, width
 Enter quark (d,u,s,c,b) and gluon masses
 Enter lepton (e,mu,tau) masses
 Enter number of events to print
 Enter accepted error fraction
 Is it single-top (.TRUE. or .FALSE)?
 Is it b-bbar (.TRUE. or .FALSE)?
 Enter the two random seeds (0 0 for default)

          INPUT CONDITIONS FOR THIS RUN

          BEAM 1 (P       ) MOM. =   6500.00
          BEAM 2 (P       ) MOM. =   6500.00
          PROCESS CODE (IPROC)   =  -18000
          NUMBER OF FLAVOURS     =    6
          STRUCTURE FUNCTION SET =    8
          AZIM SPIN CORRELATIONS =    T
          AZIM SOFT CORRELATIONS =    T
          QCD LAMBDA (GEV)       =    0.1800
          DOWN     QUARK  MASS   =    0.3200
          UP       QUARK  MASS   =    0.3200
          STRANGE  QUARK  MASS   =    0.5000
          CHARMED  QUARK  MASS   =    1.5500
          BOTTOM   QUARK  MASS   =    4.9500
          TOP      QUARK  MASS   =  173.0000
          GLUON EFFECTIVE MASS   =    0.7500
          EXTRA SHOWER CUTOFF (Q)=    0.4800
          EXTRA SHOWER CUTOFF (G)=    0.1000
          PHOTON SHOWER CUTOFF   =    0.4000
          CLUSTER MASS PARAMETER =    3.3500
          SPACELIKE EVOLN CUTOFF =    2.5000
          INTRINSIC P-TRAN (RMS) =    0.0000
          DECAY SPIN CORRELATIONS=    T
          SUSY THREE BODY ME     =    T
          SUSY FOUR  BODY ME     =    F

          NO EVENTS WILL BE WRITTEN TO DISK

          B_d: Delt-M/Gam =0.7000 Delt-Gam/2*Gam =0.0000
          B_s: Delt-M/Gam = 10.00 Delt-Gam/2*Gam =0.2000

          PDFLIB NOT USED FOR BEAM 1
          PDFLIB NOT USED FOR BEAM 2


          Checking consistency of particle properties


          Checking consistency of decay tables


          WRITING SUDAKOV TABLE ON UNIT  77

          WRITING MATRIX ELEMENT TABLE ON UNIT  88

          CHECKING SUSY DECAY MATRIX ELEMENTS
 Do you want a stable Pi0 (.TRUE. or .FALSE)?
 Do you want a stable W+ (.TRUE. or .FALSE)?
 Do you want a stable W- (.TRUE. or .FALSE)?
 Do you want a stable Z0 (.TRUE. or .FALSE)?
 Do you want a stable Tau+ (.TRUE. or .FALSE)?
 Do you want a stable Tau- (.TRUE. or .FALSE)?
 Do you want a stable Mu+ (.TRUE. or .FALSE)?
 Do you want a stable Mu- (.TRUE. or .FALSE)?
 Do you want a stable Higgs (.TRUE. or .FALSE)?

          PARTICLE TYPE  21=PI0      SET STABLE
 How many decay modes do you want to set?
 How are the events normalized ("average" or "sum")?
 stdhep initialized

          SUBROUTINE TIMEL CALLED BUT NOT LINKED.
          DUMMY TIMEL WILL BE USED. DELETE DUMMY
          AND LINK CERNLIB FOR CPU TIME REMAINING.

 HWWARN CALLED FROM SUBPROGRAM HWSMRS: CODE =   5
 EVENT       1:   SEEDS = 1973774260 & 1099242306  WEIGHT = 0.5919E-03
 EVENT SURVIVES. EXECUTION CONTINUES
 WARNING: MRST98 CALLED WITH Q OUTSIDE ALLOWED RANGE!
 Q VALUE=1.430E+04, MINIMUM=1.118E+00, MAXIMUM=3.162E+03
 NO FURTHER WARNINGS WILL BE ISSUED



 EVENT       1: 6500.00 GEV/C P        ON  6500.00 GEV/C P        PROCESS:-18000
 SEEDS:  1973774260 &  1099242306   STATUS:  100 ERROR:   0  WEIGHT:  5.9185E-04


                               ---INITIAL STATE---    

 IHEP    ID      IDPDG IST MO1 MO2 DA1 DA2   P-X     P-Y     P-Z  ENERGY    MASS
    1 P           2212 101   0   0   0   0    0.00    0.00 6500.0 6500.0    0.94
    2 P           2212 102   0   0   0   0    0.00    0.00-6500.0 6500.0    0.94
    3 CMF            0 103   1   2   0   0    0.00    0.00    0.013000.013000.00

                              ---HARD SUBPROCESS---   

 IHEP    ID      IDPDG IST MO1 MO2 DA1 DA2   P-X     P-Y     P-Z  ENERGY    MASS
    4 UQRK           2 121   6   8  10   9    0.00    0.00 1090.9 1090.9    0.32
    5 DQRK           1 122   6   9  14   8    0.00    0.00-2066.6 2066.6    0.32
    6 HARD           0 120   4   5   7   9   10.33   -9.08 -975.7 3157.5 3003.00
    7 HIGGS         25 123   6   7  20   7  380.99   -2.44  626.5  743.8  125.00
    8 UQRK           2 124   6   5  21   4 -278.76   25.40-1991.2 2010.8    0.32
    9 DQRK           1 124   6   4  30   5 -102.22  -22.97  389.1  402.9    0.32

                              ---PARTON SHOWERS---    

 IHEP    ID      IDPDG IST MO1 MO2 DA1 DA2   P-X     P-Y     P-Z  ENERGY    MASS
   10 UQRK          94 141   4   6  12  13   -3.09   -1.09 1091.3 1091.3   -4.92
   11 CONE           0 100   4   9   0   0   -0.98   -0.22    4.4    4.5    0.00
   12 GLUON         21   2  10  13  35  36    3.09    1.09  911.6  911.6    0.75
   13 UD          2101   2  10  23  37  36    0.00    0.00 4497.1 4497.1    0.32
   14 DQRK          94 142   5   6  16  19   13.43   -7.99-2066.9 2066.3  -55.02
   15 CONE           0 100   5   8   0   0   -1.00    0.09   -5.0    5.1    0.00
   16 GLUON         21   2  14  17  38  39   -5.95    3.17  -82.2   82.5    0.75
   17 GLUON         21   2  14  18  40  41   -6.32    4.67  -83.0   83.4    0.75
   18 GLUON         21   2  14  19  42  43   -1.16    0.15  -49.3   49.3    0.75
   19 UU          2203   2  14  32  44  43    0.00    0.00-4218.5 4218.5    0.31
   20 HIGGS         25 195   7   6 135 136  383.32   -4.58  626.3  744.9  125.00
   21 UQRK          94 144   8   6  23  29 -272.11   19.62-1990.9 2010.1   46.21
   22 CONE           0 100   8   5   0   0    0.31   -0.02   -5.1    5.1    0.00
   23 UQRK           2   2  21  24  45  37 -122.24  -10.07 -916.4  924.5    0.32
   24 GLUON         21   2  21  25  46  47  -37.14    0.90 -261.6  264.3    0.75
   25 GLUON         21   2  21  26  48  49  -16.40    4.95 -118.3  119.5    0.75
   26 UBAR          -2   2  21  27  50  49  -38.11   10.56 -284.9  287.6    0.32
   27 UQRK           2   2  21  28  51  50  -39.51    7.45 -287.1  289.9    0.32
   28 GLUON         21   2  21  29  52  53  -13.49    3.94  -89.1   90.2    0.75
   29 GLUON         21   2  21  38  54  55   -5.22    1.88  -33.5   34.0    0.75
   30 DQRK          94 144   9   6  32  34 -100.88  -24.12  389.0  402.6    7.45
   31 CONE           0 100   9   4   0   0    0.57    0.14    1.7    1.8    0.00
   32 DQRK           1   2  30  33  56  44  -76.64  -17.16  287.4  297.9    0.32
   33 GLUON         21   2  30  34  57  58  -12.27   -2.26   50.3   51.8    0.75
   34 GLUON         21   2  30  35  59  60  -11.97   -4.70   51.3   52.9    0.75

                              ---GLUON SPLITTING---   

 IHEP    ID      IDPDG IST MO1 MO2 DA1 DA2   P-X     P-Y     P-Z  ENERGY    MASS
   35 DBAR          -1 158  10  36  94  74    1.78    0.65  501.9  501.9    0.32
   36 DQRK           1 158  10  61  75  35    0.62    0.19  223.9  223.9    0.32
   37 UD          2101 161  10  45  88  62    0.03    0.01 3562.9 3562.9    0.64
   38 DBAR          -1 158  14  39  84  55   -2.29    1.37  -34.1   34.2    0.32
   39 DQRK           1 158  14  40  76  38   -3.66    1.80  -48.2   48.3    0.32
   40 UBAR          -2 158  14  41  76  39   -2.99    2.06  -39.9   40.1    0.32
   41 UQRK           2 158  14  42  77  40   -3.33    2.61  -43.1   43.3    0.32
   42 UBAR          -2 158  14  43  77  41   -0.55    0.20  -19.2   19.2    0.32
   43 UQRK           2 158  14  63  78  42   -0.53   -0.05  -28.1   28.1    0.32
   44 UU          2203 162  14  56  89  64   -0.00   -0.00-3987.4 3987.4    0.64
   45 UQRK           2 158  21  65  79  37  -89.95   -7.40 -674.3  680.3    0.32
   46 DBAR          -1 158  21  47  90  66   -7.55    0.14  -53.9   54.4    0.32
   47 DQRK           1 158  21  48  80  46  -27.21    0.66 -191.0  193.0    0.32
   48 UBAR          -2 158  21  49  80  47   -4.07    1.26  -29.8   30.1    0.32
   49 UQRK           2 158  21  50  81  48  -12.33    3.69  -88.5   89.5    0.32
   50 UBAR          -2 158  21  51  81  49  -38.11   10.56 -284.9  287.6    0.32
   51 UQRK           2 158  21  52  82  50  -39.51    7.45 -287.1  289.9    0.32
   52 DBAR          -1 158  21  53  82  51   -9.80    2.82  -65.2   66.0    0.32
   53 DQRK           1 158  21  54  83  52   -3.69    1.12  -23.9   24.3    0.32
   54 UBAR          -2 158  21  55  83  53   -3.77    1.25  -23.6   23.9    0.32
   55 UQRK           2 158  21  38  84  54   -1.45    0.63  -10.0   10.1    0.32
   56 DQRK           1 158  30  57  85  44  -76.64  -17.16  287.4  297.9    0.32
   57 UBAR          -2 158  30  58  85  56   -6.89   -1.12   28.6   29.5    0.32
   58 UQRK           2 158  30  59  86  57   -5.38   -1.14   21.7   22.3    0.32
   59 UBAR          -2 158  30  60  86  58   -6.98   -2.90   29.7   30.7    0.32
   60 UQRK           2 158  30  69  87  59   -2.04   -0.73    9.0    9.2    0.32
   61 UBAR          -2 159  10  62  75  36    0.04    0.01  751.6  751.6    0.32
   62 UQRK           2 159  10  37  88  61    0.14    0.04  231.2  231.2    0.32
   63 UBAR          -2 159  14  64  78  43   -0.03   -0.00 -137.0  137.0    0.32
   64 UQRK           2 159  14  44  89  63   -0.04   -0.00  -96.1   96.1    0.32
   65 UBAR          -2 159  21  66  79  45   -5.05   -0.14  -36.8   37.2    0.32
   66 UQRK           2 159  21  46  90  65  -29.62   -2.42 -222.0  223.9    0.32
   67 SBAR          -3 159  10  68  92  70   -0.03   -0.01   12.8   12.8    0.50
   68 SQRK           3 159  30  71  91  67   -1.72   -0.62    8.0    8.2    0.50
   69 DBAR          -1 159  10  70  87  60   -0.15   -0.05    3.1    3.1    0.32
   70 DQRK           1 159  30  67  92  69   -0.75   -0.27    3.8    3.9    0.32
   71 SBAR          -3 159  10  72  91  68   -0.07   -0.02    9.6    9.6    0.50
   72 SQRK           3 159  30  73  93  71   -0.02   -0.01   14.4   14.4    0.50
   73 SBAR          -3 159  10  74  93  72    0.28    0.10   81.7   81.7    0.50
   74 SQRK           3 159  30  35  94  73   -0.00    0.00   16.5   16.5    0.50

                             ---CLUSTER FORMATION---  

 IHEP    ID      IDPDG IST MO1 MO2 DA1 DA2   P-X     P-Y     P-Z  ENERGY    MASS
   75 CLUS          91 183  36  61  95  96    0.65    0.20  975.5  975.5    1.39
   76 CLUS          91 183  39  40  97  98   -6.65    3.86  -88.1   88.4    0.90
   77 CLUS          91 183  41  42  99 100   -3.88    2.81  -62.3   62.5    2.12
   78 CLUS          91 183  43  63 101 102   -0.56   -0.05 -165.2  165.2    1.44
   79 CLUS          91 183  45  65 103 104  -95.00   -7.54 -711.2  717.5    1.93
   80 CLUS          91 183  47  48 105 106  -31.28    1.91 -220.8  223.0    3.11
   81 CLUS          91 183  49  50 107 108  -50.45   14.25 -373.4  377.1    1.36
   82 CLUS          91 183  51  52 109 110  -49.31   10.27 -352.3  355.9    3.04
   83 CLUS          91 183  53  54 111 112   -7.46    2.37  -47.5   48.2    0.67
   84 CLUS          91 183  55  38 113 114   -3.74    2.00  -44.0   44.3    1.67
   85 CLUS          91 183  56  57 115 116  -83.54  -18.28  316.0  327.4    3.12
   86 CLUS          91 183  58  59 117 118  -12.35   -4.05   51.4   53.0    1.35
   87 CLUS          91 183  60  69 119 120   -2.19   -0.79   12.1   12.4    1.23
   88 CLUS          91 184  62  37 121 122    0.17    0.05 3794.1 3794.1    1.57
   89 CLUS          91 185  64  44 123 124   -0.05   -0.00-4083.5 4083.5    2.20
   90 CLUS          91 183  66  46 125 126  -37.17   -2.28 -275.8  278.3    1.82
   91 CLUS          91 183  68  71 127 128   -1.79   -0.64   17.6   17.8    2.17
   92 CLUS          91 183  70  67 129 130   -0.79   -0.28   16.6   16.7    1.70
   93 CLUS          91 183  72  73 131 132    0.26    0.10   96.0   96.0    1.41
   94 CLUS          91 183  74  35 133 134    1.78    0.66  518.4  518.4    2.84

                              ---CLUSTER DECAYS---    

 IHEP    ID      IDPDG IST MO1 MO2 DA1 DA2   P-X     P-Y     P-Z  ENERGY    MASS
   95 PI-         -211   1  75  10   0   0   -0.13   -0.28  201.4  201.4    0.14
   96 OMEGA        223 197  75  10 189 191    0.78    0.48  774.1  774.1    0.78
   97 PI-         -211   1  76  14   0   0   -4.48    2.28  -53.9   54.2    0.14
   98 PI0          111   1  76  14   0   0   -2.17    1.58  -34.1   34.3    0.13
   99 PI+          211   1  77  14   0   0   -0.96    0.90  -12.8   12.9    0.14
  100 RHO_3-      -217 197  77  14 192 193   -2.92    1.92  -49.5   49.6    1.69
  101 PI0          111   1  78  14   0   0   -0.26    0.48  -53.8   53.8    0.13
  102 RHO0         113 197  78  14 194 195   -0.30   -0.53 -111.4  111.4    0.77
  103 K*+          323 197  79  21 196 197  -85.17   -6.95 -638.3  644.0    0.89
  104 K-          -321   1  79  21   0   0   -9.83   -0.59  -72.9   73.5    0.49
  105 DELTA-      1114 197  80  21 198 199  -10.86    0.28  -71.7   72.5    1.23
  106 DELTABR0   -2114 197  80  21 200 201  -20.42    1.63 -149.1  150.5    1.23
  107 OMEGA        223 197  81  21 202 204  -23.83    6.89 -174.4  176.1    0.78
  108 PI0          111   1  81  21   0   0  -26.61    7.37 -199.0  200.9    0.13
  109 XI0         3322 197  82  21 205 206  -28.23    5.61 -203.4  205.5    1.31
  110 XI*BAR+    -3314 197  82  21 207 208  -21.07    4.67 -148.8  150.4    1.53
  111 PI-         -211   1  83  21   0   0   -6.88    2.05  -43.3   43.9    0.14
  112 PI0          111   1  83  21   0   0   -0.58    0.32   -4.2    4.2    0.13
  113 PI0          111   1  84  21   0   0   -0.47    0.58  -12.9   12.9    0.13
  114 RHO+         213 197  84  21 209 210   -3.27    1.42  -31.1   31.4    0.77
  115 A_1-      -20213 197  85  30 211 212  -61.33  -13.65  230.5  238.9    1.23
  116 A_20         115 197  85  30 213 214  -22.21   -4.63   85.5   88.5    1.32
  117 PI+          211   1  86  30   0   0   -5.64   -2.21   22.9   23.7    0.14
  118 RHO-        -213 197  86  30 215 216   -6.71   -1.83   28.4   29.3    0.77
  119 RHO+         213 197  87  30 217 218   -2.10   -0.66    9.8   10.0    0.77
  120 PI0          111   1  87  30   0   0   -0.09   -0.13    2.3    2.3    0.13
  121 PI0          111   1  88  10   0   0    0.22    0.27  359.0  359.0    0.13
  122 P           2212   1  88  10   0   0   -0.05   -0.21 3435.1 3435.1    0.94
  123 PI+          211   1  89  14   0   0    0.64    0.04 -719.9  719.9    0.14
  124 DELTA+      2214 197  89  14 219 220   -0.68   -0.04-3363.6 3363.6    1.23
  125 F_2          225 197  90  21 221 222  -24.23   -1.70 -182.7  184.3    1.27
  126 PI+          211   1  90  21   0   0  -12.93   -0.58  -93.1   94.0    0.14
  127 K*-         -323 197  91  30 223 224   -0.14   -0.65    8.7    8.7    0.89
  128 K+           321   1  91  30   0   0   -1.65    0.01    8.9    9.1    0.49
  129 PI0          111   1  92  30   0   0   -0.13    0.13    1.2    1.2    0.13
  130 K*_20        315 197  92  30 225 226   -0.65   -0.41   15.4   15.5    1.43
  131 K-          -321   1  93  30   0   0    0.36    0.38   31.6   31.6    0.49
  132 K+           321   1  93  30   0   0   -0.10   -0.28   64.4   64.4    0.49
  133 SIGMA*+     3224 197  94  30 227 228    1.72    0.54  434.4  434.5    1.38
  134 PBAR       -2212   1  94  30   0   0    0.06    0.12   84.0   84.0    0.94

                            ---H/W/Z BOSON DECAYS---  

 IHEP    ID      IDPDG IST MO1 MO2 DA1 DA2   P-X     P-Y     P-Z  ENERGY    MASS
  135 BQRK           5 123  20 136 137 136  132.07  -57.48  264.1  300.9    4.95
  136 BBAR          -5 124  20 135 145 135  251.25   52.90  362.2  444.0    4.95

                              ---PARTON SHOWERS---    

 IHEP    ID      IDPDG IST MO1 MO2 DA1 DA2   P-X     P-Y     P-Z  ENERGY    MASS
  137 BQRK          94 143 135  20 139 144  165.53  -49.13  311.2  359.0   46.80
  138 CONE           0 100 135 136   0   0    1.39    0.61    1.7    2.3    0.00
  139 BQRK           5   2 137 140 149 148  108.35  -32.79  230.3  256.6    4.95
  140 GLUON         21   2 137 141 150 151    9.85   -4.09   21.8   24.3    0.75
  141 GLUON         21   2 137 142 152 153    9.70   -2.03   20.3   22.6    0.75
  142 GLUON         21   2 137 143 154 155    1.53   -0.48    1.1    2.1    0.75
  143 GLUON         21   2 137 144 156 157    6.74   -3.13    5.8    9.5    0.75
  144 GLUON         21   2 137 147 158 159   29.36   -6.60   32.0   43.9    0.75
  145 BBAR          94 144 136  20 147 148  217.79   44.55  315.1  385.9   14.95
  146 CONE           0 100 136 135   0   0    0.90   -0.66    2.0    2.3    0.00
  147 GLUON         21   2 145 148 160 161    5.52   -0.96    8.0    9.8    0.75
  148 BBAR          -5   2 145 149 162 161  212.26   45.51  307.1  376.1    4.95

                              ---GLUON SPLITTING---   

 IHEP    ID      IDPDG IST MO1 MO2 DA1 DA2   P-X     P-Y     P-Z  ENERGY    MASS
  149 BQRK           5 158 137 150 165 162  108.35  -32.79  230.3  256.6    4.95
  150 DBAR          -1 158 137 151 165 149    6.45   -2.81   14.2   15.8    0.32
  151 DQRK           1 158 137 152 166 150    3.40   -1.28    7.7    8.5    0.32
  152 UBAR          -2 158 137 153 166 151    6.37   -1.29   13.7   15.1    0.32
  153 UQRK           2 158 137 154 167 152    3.33   -0.74    6.7    7.5    0.32
  154 UBAR          -2 158 137 155 167 153    1.11   -0.32    0.9    1.5    0.32
  155 UQRK           2 158 137 156 168 154    0.42   -0.16    0.2    0.6    0.32
  156 UBAR          -2 158 137 157 168 155    4.31   -1.95    3.9    6.1    0.32
  157 UQRK           2 158 137 158 169 156    2.43   -1.18    1.9    3.3    0.32
  158 DBAR          -1 158 137 159 169 157   17.32   -3.74   19.0   26.0    0.32
  159 DQRK           1 158 137 160 170 158   12.04   -2.86   13.0   17.9    0.32
  160 UBAR          -2 158 145 161 170 159    3.43   -0.58    5.2    6.3    0.32
  161 UQRK           2 158 145 163 171 160    1.77   -0.27    2.3    3.0    0.32
  162 BBAR          -5 158 145 149 172 164  206.92   44.35  299.4  366.7    4.95
  163 UBAR          -2 159 145 164 171 161    2.33    0.40    3.3    4.1    0.32
  164 UQRK           2 159 145 162 172 163    3.33    0.65    4.8    5.9    0.32

                             ---CLUSTER FORMATION---  

 IHEP    ID      IDPDG IST MO1 MO2 DA1 DA2   P-X     P-Y     P-Z  ENERGY    MASS
  165 CLUS          91 183 149 150 173 174  114.81  -35.60  244.4  272.5    6.23
  166 CLUS          91 183 151 152 175 176    9.77   -2.57   21.3   23.6    1.02
  167 CLUS          91 183 153 154 177 178    4.43   -1.06    7.5    9.0    1.70
  168 CLUS          91 183 155 156 179 180    4.74   -2.11    4.1    6.7    1.27
  169 CLUS          91 183 157 158 181 182   19.75   -4.92   20.9   29.3    2.71
  170 CLUS          91 183 159 160 183 184   15.47   -3.44   18.2   24.2    2.02
  171 CLUS          91 183 161 163 185 186    4.11    0.13    5.7    7.1    0.93
  172 CLUS          91 183 164 162 187 188  210.25   45.00  304.2  372.5    5.62

                              ---CLUSTER DECAYS---    

 IHEP    ID      IDPDG IST MO1 MO2 DA1 DA2   P-X     P-Y     P-Z  ENERGY    MASS
  173 B*_0-     -10521 197 165 137 229 230  112.22  -34.49  238.8  266.1    5.76
  174 PI+          211   1 165 137   0   0    2.59   -1.12    5.7    6.3    0.14
  175 PI0          111   1 166 137   0   0    1.68   -0.08    3.5    3.8    0.13
  176 PI-         -211   1 166 137   0   0    8.10   -2.49   17.9   19.8    0.14
  177 RHO0         113 197 167 137 231 232    2.58   -0.28    4.3    5.1    0.77
  178 OMEGA        223 197 167 137 233 235    1.85   -0.78    3.2    3.9    0.78
  179 RHO+         213 197 168 137 236 237    1.93   -0.97    2.0    3.0    0.77
  180 PI-         -211   1 168 137   0   0    2.80   -1.14    2.1    3.7    0.14
  181 DELTA++     2224 197 169 137 238 239   12.45   -2.41   13.5   18.6    1.23
  182 PBAR       -2212   1 169 137   0   0    7.30   -2.51    7.4   10.7    0.94
  183 RHO0         113 197 170 137 240 241    5.30   -1.52    7.1    9.0    0.77
  184 RHO-        -213 197 170 137 242 243   10.17   -1.92   11.1   15.2    0.77
  185 RHO+         213 197 171 145 244 245    3.35    0.18    4.6    5.7    0.77
  186 PI-         -211   1 171 145   0   0    0.76   -0.05    1.1    1.3    0.14
  187 PI+          211   1 172 145   0   0    1.39    0.27    2.0    2.5    0.14
  188 B*0          513 197 172 145 246 247  208.86   44.73  302.2  370.1    5.32

                           ---STRONG HADRON DECAYS--- 

 IHEP    ID      IDPDG IST MO1 MO2 DA1 DA2   P-X     P-Y     P-Z  ENERGY    MASS
  189 PI+          211   1  96  10   0   0    0.27    0.38  328.9  328.9    0.14
  190 PI-         -211   1  96  10   0   0    0.35   -0.11  191.6  191.6    0.14
  191 PI0          111   1  96  10   0   0    0.16    0.21  253.7  253.7    0.13
  192 OMEGA        223 198 100  14 248 250   -2.98    1.81  -42.6   42.8    0.78
  193 PI-         -211   1 100  14   0   0    0.06    0.11   -6.9    6.9    0.14
  194 PI+          211   1 102  14   0   0   -0.11   -0.17   -9.1    9.1    0.14
  195 PI-         -211   1 102  14   0   0   -0.19   -0.36 -102.3  102.3    0.14
  196 K0           311 198 103  21 251 251  -30.62   -2.63 -229.3  231.4    0.50
  197 PI+          211   1 103  21   0   0  -54.55   -4.32 -409.0  412.6    0.14
  198 N           2112   1 105  21   0   0   -7.05    0.32  -47.1   47.6    0.94
  199 PI-         -211   1 105  21   0   0   -3.81   -0.04  -24.6   24.9    0.14
  200 PBAR       -2212   1 106  21   0   0  -16.16    1.44 -116.8  118.0    0.94
  201 PI+          211   1 106  21   0   0   -4.25    0.19  -32.2   32.5    0.14
  202 PI+          211   1 107  21   0   0  -13.33    3.96  -99.1  100.1    0.14
  203 PI-         -211   1 107  21   0   0   -4.13    1.17  -30.6   30.9    0.14
  204 PI0          111   1 107  21   0   0   -6.38    1.75  -44.7   45.1    0.13
  205 LAMBDA      3122 198 109  21 252 253  -21.76    4.27 -157.2  158.7    1.12
  206 PI0          111   1 109  21   0   0   -6.48    1.33  -46.3   46.7    0.13
  207 XIBAR0     -3322 198 110  21 254 255  -19.74    4.44 -140.1  141.5    1.31
  208 PI+          211   1 110  21   0   0   -1.33    0.23   -8.8    8.9    0.14
  209 PI+          211   1 114  21   0   0   -2.27    1.15  -24.3   24.5    0.14
  210 PI0          111   1 114  21   0   0   -1.00    0.27   -6.8    6.9    0.13
  211 RHO0         113 198 115  30 256 257  -40.45   -8.64  151.8  157.4    0.77
  212 PI-         -211   1 115  30   0   0  -20.87   -5.01   78.7   81.5    0.14
  213 ETA          221 198 116  30 258 260   -7.17   -1.49   29.3   30.2    0.55
  214 PI0          111   1 116  30   0   0  -15.04   -3.14   56.2   58.3    0.13
  215 PI-         -211   1 118  30   0   0   -2.02   -0.24    7.8    8.1    0.14
  216 PI0          111   1 118  30   0   0   -4.70   -1.59   20.6   21.2    0.13
  217 PI+          211   1 119  30   0   0   -0.64   -0.38    2.1    2.3    0.14
  218 PI0          111   1 119  30   0   0   -1.46   -0.28    7.6    7.8    0.13
  219 P           2212   1 124  14   0   0   -0.42   -0.21-2760.9 2760.9    0.94
  220 PI0          111   1 124  14   0   0   -0.27    0.16 -602.6  602.6    0.13
  221 PI0          111   1 125  21   0   0   -4.78    0.15  -36.6   36.9    0.13
  222 PI0          111   1 125  21   0   0  -19.46   -1.85 -146.1  147.4    0.13
  223 KBAR0       -311 198 127  30 261 261    0.12   -0.52    4.5    4.5    0.50
  224 PI-         -211   1 127  30   0   0   -0.26   -0.14    4.2    4.2    0.14
  225 K+           321   1 130  30   0   0   -0.38    0.41    7.9    7.9    0.49
  226 PI-         -211   1 130  30   0   0   -0.27   -0.82    7.5    7.6    0.14
  227 LAMBDA      3122 198 133  30 262 263    1.60    0.31  371.6  371.6    1.12
  228 PI+          211   1 133  30   0   0    0.12    0.23   62.8   62.8    0.14
  229 B-          -521 198 173 137 264 266  100.77  -31.14  215.4  239.9    5.28
  230 PI0          111   1 173 137   0   0   11.45   -3.34   23.4   26.2    0.13
  231 PI+          211   1 177 137   0   0    1.98   -0.35    3.7    4.2    0.14
  232 PI-         -211   1 177 137   0   0    0.60    0.07    0.6    0.8    0.14
  233 PI+          211   1 178 137   0   0    0.85   -0.09    1.0    1.4    0.14
  234 PI-         -211   1 178 137   0   0    0.47   -0.25    0.8    1.0    0.14
  235 PI0          111   1 178 137   0   0    0.53   -0.44    1.4    1.6    0.13
  236 PI+          211   1 179 137   0   0    1.41   -0.91    1.8    2.5    0.14
  237 PI0          111   1 179 137   0   0    0.52   -0.06    0.2    0.6    0.13
  238 P           2212   1 181 137   0   0    7.75   -1.60    8.6   11.7    0.94
  239 PI+          211   1 181 137   0   0    4.70   -0.82    5.0    6.9    0.14
  240 PI+          211   1 183 137   0   0    4.16   -1.18    6.0    7.4    0.14
  241 PI-         -211   1 183 137   0   0    1.14   -0.34    1.1    1.6    0.14
  242 PI-         -211   1 184 137   0   0    9.56   -1.84   10.6   14.4    0.14
  243 PI0          111   1 184 137   0   0    0.60   -0.08    0.5    0.8    0.13
  244 PI+          211   1 185 145   0   0    1.92   -0.09    2.1    2.8    0.14
  245 PI0          111   1 185 145   0   0    1.43    0.27    2.5    2.9    0.13
  246 B_D0         511 200 188 145 267 267  208.20   44.56  301.2  368.9    5.28
  247 GAMMA         22   1 188 145   0   0    0.67    0.17    1.0    1.2    0.00
  248 PI+          211   1 192  14   0   0   -1.18    0.86  -17.1   17.1    0.14
  249 PI-         -211   1 192  14   0   0   -0.48    0.09   -7.6    7.6    0.14
  250 PI0          111   1 192  14   0   0   -1.32    0.86  -17.9   18.0    0.13
  251 K_L0         130   1 196  21   0   0  -30.62   -2.63 -229.3  231.4    0.50
  252 P           2212   1 205  21   0   0  -16.87    3.38 -121.9  123.2    0.94
  253 PI-         -211   1 205  21   0   0   -4.89    0.89  -35.2   35.6    0.14
  254 LAMBDABR   -3122 198 207  21 271 272  -18.71    4.15 -132.9  134.2    1.12
  255 PI0          111   1 207  21   0   0   -1.03    0.28   -7.2    7.3    0.13
  256 PI+          211   1 211  30   0   0  -33.71   -6.96  126.7  131.3    0.14
  257 PI-         -211   1 211  30   0   0   -6.74   -1.68   25.2   26.1    0.14
  258 PI+          211   1 213  30   0   0   -1.39   -0.32    6.2    6.4    0.14
  259 PI-         -211   1 213  30   0   0   -3.65   -0.76   14.8   15.2    0.14
  260 PI0          111   1 213  30   0   0   -2.13   -0.41    8.3    8.6    0.13
  261 K_L0         130   1 223  30   0   0    0.12   -0.52    4.5    4.5    0.50
  262 N           2112   1 227  30   0   0    1.19    0.27  282.9  282.9    0.94
  263 PI0          111   1 227  30   0   0    0.41    0.04   88.8   88.8    0.13
  264 TAU-          15 198 229 137 273 274   53.24  -15.58  113.9  126.7    1.78
  265 NU_TAUBR     -16   1 229 137   0   0    4.28   -0.78    8.7    9.7    0.00
  266 D*0          423 198 229 137 275 276   43.25  -14.78   92.8  103.5    2.01
  267 B_DBAR0     -511 198 246 145 268 270  208.20   44.56  301.2  368.9    5.28
  268 MU-           13   1 267 145   0   0  107.23   23.45  157.8  192.3    0.11
  269 NU_MUBAR     -14   1 267 145   0   0   28.17    5.72   39.7   49.0    0.00
  270 D*_2+        415 198 267 145 277 278   72.80   15.38  103.6  127.6    2.46
  271 PBAR       -2212   1 254  21   0   0  -15.32    3.50 -109.0  110.1    0.94
  272 PI+          211   1 254  21   0   0   -3.39    0.65  -23.9   24.1    0.14
  273 RHO-        -213 198 264 137 279 280   51.47  -15.09  110.7  123.0    0.77
  274 NU_TAU        16   1 264 137   0   0    1.77   -0.50    3.2    3.7    0.00
  275 D0           421 198 266 137 281 283   39.80  -13.60   85.5   95.3    1.86
  276 PI0          111   1 266 137   0   0    3.45   -1.18    7.3    8.2    0.13
  277 D*0          423 198 270 145 284 285   63.39   13.02   90.0  110.9    2.01
  278 PI+          211   1 270 145   0   0    9.40    2.36   13.7   16.7    0.14
  279 PI-         -211   1 273 137   0   0   39.73  -11.91   85.3   94.8    0.14
  280 PI0          111   1 273 137   0   0   11.73   -3.17   25.4   28.2    0.13
  281 K-          -321   1 275 137   0   0   20.07   -6.61   42.1   47.1    0.49
  282 PI+          211   1 275 137   0   0    7.51   -2.71   16.2   18.0    0.14
  283 RHO0         113 198 275 137 286 287   12.21   -4.28   27.2   30.1    0.77
  284 D0           421 198 277 145 288 290   58.57   12.13   83.0  102.3    1.86
  285 GAMMA         22   1 277 145   0   0    4.82    0.89    7.0    8.5    0.00
  286 PI+          211   1 283 137   0   0    3.23   -1.45    7.2    8.0    0.14
  287 PI-         -211   1 283 137   0   0    8.98   -2.84   20.0   22.1    0.14
  288 KBAR0       -311 198 284 145 291 291   10.52    2.39   15.5   18.9    0.50
  289 PI0          111   1 284 145   0   0   15.73    3.66   22.3   27.5    0.13
  290 PI0          111   1 284 145   0   0   32.32    6.08   45.2   55.9    0.13
  291 K_S0         310 198 288 145 292 293   10.52    2.39   15.5   18.9    0.50
  292 PI+          211   1 291 145   0   0    0.92    0.22    1.3    1.6    0.14
  293 PI-         -211   1 291 145   0   0    9.61    2.17   14.1   17.2    0.14



 EVENT       2: 6500.00 GEV/C P        ON  6500.00 GEV/C P        PROCESS:-18000
 SEEDS:  2052326038 &   987651094   STATUS:  100 ERROR:   0  WEIGHT:  5.9185E-04


                               ---INITIAL STATE---    

 IHEP    ID      IDPDG IST MO1 MO2 DA1 DA2   P-X     P-Y     P-Z  ENERGY    MASS
    1 P           2212 101   0   0   0   0    0.00    0.00 6500.0 6500.0    0.94
    2 P           2212 102   0   0   0   0    0.00    0.00-6500.0 6500.0    0.94
    3 CMF            0 103   1   2   0   0    0.00    0.00    0.013000.013000.00

                              ---HARD SUBPROCESS---   

 IHEP    ID      IDPDG IST MO1 MO2 DA1 DA2   P-X     P-Y     P-Z  ENERGY    MASS
    4 UQRK           2 121   6   8  10   9    0.00    0.00 1551.3 1551.3    0.32
    5 DQRK           1 122   6   9  14   8    0.00    0.00 -218.2  218.2    0.32
    6 HARD           0 120   4   5   7   9   -0.08   -0.71 1333.1 1769.5 1163.63
    7 HIGGS         25 123   6   7  20   7  194.87 -103.04   75.6  264.4  125.00
    8 UQRK           2 124   6   5  21   4 -233.06  171.39   48.3  293.3    0.32
    9 DQRK           1 124   6   4  32   5   38.19  -68.35 1209.3 1211.8    0.32

                              ---PARTON SHOWERS---    

 IHEP    ID      IDPDG IST MO1 MO2 DA1 DA2   P-X     P-Y     P-Z  ENERGY    MASS
   10 UQRK          94 141   4   6  12  13    1.28   -1.37 1551.5 1551.5   -4.29
   11 CONE           0 100   4   9   0   0    0.49   -0.87   12.3   12.4    0.00
   12 GLUON         21   2  10  13  37  38   -1.28    1.37  416.9  416.9    0.75
   13 UD          2101   2  10  23  39  38    0.00    0.00 4531.6 4531.6    0.32
   14 DQRK          94 142   5   6  16  19   -1.36    0.66 -218.4  218.0  -12.93
   15 CONE           0 100   5   8   0   0   -0.81    0.59    0.2    1.0    0.00
   16 GLUON         21   2  14  17  40  41    1.47   -0.54   -3.9    4.3    0.75
   17 UD          2101   2  14  18  42  41    0.00    0.00-3578.3 3578.3    0.32
   18 UQRK           2   2  14  19  43  42    1.10    0.13-2632.0 2632.0    0.32
   19 DBAR          -1   2  14  34  44  43   -1.21   -0.25  -67.3   67.4    0.32
   20 HIGGS         25 195   7   6 172 173  193.46 -102.41   75.5  263.1  125.00
   21 UQRK          94 144   8   6  23  31 -231.40  170.04   56.9  303.1   78.47
   22 CONE           0 100   8   5   0   0   -0.24    0.18   -1.0    1.0    0.00
   23 UQRK           2   2  21  24  45  39 -154.39  141.33   36.9  212.5    0.32
   24 GLUON         21   2  21  25  46  47  -19.21   18.17    6.0   27.1    0.75
   25 GLUON         21   2  21  26  48  49   -8.61    1.26    0.9    8.8    0.75
   26 GLUON         21   2  21  27  50  51  -14.78    4.63    0.8   15.5    0.75
   27 GLUON         21   2  21  28  52  53   -9.48    2.37    1.7   10.0    0.75
   28 GLUON         21   2  21  29  54  55   -9.42    1.87    0.9    9.7    0.75
   29 GLUON         21   2  21  30  56  57   -2.35    1.83    1.3    3.3    0.75
   30 GLUON         21   2  21  31  58  59   -4.00    1.15    2.3    4.8    0.75
   31 GLUON         21   2  21  40  60  61   -9.17   -2.56    6.2   11.4    0.75
   32 DQRK          94 144   9   6  34  36   37.86  -68.35 1200.7 1203.3   10.38
   33 CONE           0 100   9   4   0   0   -0.18    0.33    9.7    9.7    0.00
   34 DQRK           1   2  32  35  62  44   18.76  -34.54  590.0  591.3    0.32
   35 GLUON         21   2  32  36  63  64   16.86  -32.48  581.5  582.7    0.75
   36 GLUON         21   2  32  37  65  66    2.24   -1.33   29.2   29.3    0.75

                              ---GLUON SPLITTING---   

 IHEP    ID      IDPDG IST MO1 MO2 DA1 DA2   P-X     P-Y     P-Z  ENERGY    MASS
   37 DBAR          -1 158  10  38 115  86   -0.53    0.77  215.1  215.2    0.32
   38 DQRK           1 158  10  67  91  37   -0.51    0.35  136.2  136.2    0.32
   39 UD          2101 161  10  45 106  68   -0.04    0.03 1388.2 1388.2    0.64
   40 DBAR          -1 158  14  41 117  90    0.90   -0.38   -2.5    2.7    0.32
   41 DQRK           1 158  14  71  92  40    0.36   -0.08   -1.0    1.1    0.32
   42 UD          2101 162  14  43 116  88    0.00   -0.00-2299.9 2299.9    0.64
   43 UQRK           2 158  14  75  93  42    0.89    0.10-2132.8 2132.8    0.32
   44 DBAR          -1 158  14  62 109  74   -0.35   -0.07  -32.4   32.4    0.32
   45 UQRK           2 158  21  46  94  39 -154.39  141.33   36.9  212.5    0.32
   46 UBAR          -2 158  21  47  94  45   -8.31    7.73    2.4   11.6    0.32
   47 UQRK           2 158  21  79  95  46   -9.08    8.69    3.0   12.9    0.32
   48 DBAR          -1 158  21  49 111  78   -1.22    0.23    0.1    1.3    0.32
   49 DQRK           1 158  21  50  96  48   -5.27    0.95    0.5    5.4    0.32
   50 UBAR          -2 158  21  51  96  49   -7.05    2.27    0.6    7.4    0.32
   51 UQRK           2 158  21  52  97  50   -7.72    2.35    0.2    8.1    0.32
   52 DBAR          -1 158  21  53  97  51   -4.02    1.19    0.7    4.3    0.32
   53 DQRK           1 158  21  54  98  52   -5.46    1.18    1.0    5.7    0.32
   54 DBAR          -1 158  21  55  98  53   -3.14    0.51    0.4    3.2    0.32
   55 DQRK           1 158  21  56  99  54   -6.28    1.36    0.5    6.5    0.32
   56 UBAR          -2 158  21  57  99  55   -1.64    1.11    0.7    2.1    0.32
   57 UQRK           2 158  21  58 100  56   -0.72    0.72    0.5    1.2    0.32
   58 UBAR          -2 158  21  59 100  57   -2.55    0.84    1.6    3.1    0.32
   59 UQRK           2 158  21  60 101  58   -1.45    0.32    0.7    1.7    0.32
   60 DBAR          -1 158  21  61 101  59   -4.86   -1.25    3.1    5.9    0.32
   61 DQRK           1 158  21  81 102  60   -2.35   -0.72    1.7    3.0    0.32
   62 DQRK           1 158  32  63 103  44   18.76  -34.54  590.0  591.3    0.32
   63 DBAR          -1 158  32  64 103  62    5.46  -10.76  193.3  193.7    0.32
   64 DQRK           1 158  32  83 104  63    8.09  -15.42  275.5  276.1    0.32
   65 DBAR          -1 158  32  66 114  84    0.45   -0.38    8.1    8.2    0.32
   66 DQRK           1 158  32  85 105  65    1.42   -0.97   19.5   19.6    0.32
   67 UBAR          -2 159  10  68  91  38   -0.00    0.00 2946.2 2946.2    0.32
   68 UQRK           2 159  10  39 106  67   -0.07    0.05  216.4  216.4    0.32
   69 DBAR          -1 159  14  70 108  72    0.00   -0.00 -469.6  469.6    0.32
   70 DQRK           1 159  14  87 107  69    0.01   -0.00  -22.6   22.6    0.32
   71 DBAR          -1 159  14  72  92  41    0.01   -0.00  -12.8   12.8    0.32
   72 DQRK           1 159  14  69 108  71    0.04   -0.01   -4.5    4.5    0.32
   73 UBAR          -2 159  14  74 110  76   -0.54   -0.11  -37.6   37.6    0.32
   74 UQRK           2 159  14  44 109  73   -0.19   -0.04  -35.2   35.2    0.32
   75 DBAR          -1 159  14  76  93  43   -0.07   -0.02  -56.5   56.5    0.32
   76 DQRK           1 159  14  73 110  75    0.16    0.02 -404.8  404.8    0.32
   77 DBAR          -1 159  21  78 112  80   -1.42    0.22    0.2    1.5    0.32
   78 DQRK           1 159  21  48 111  77   -0.83    0.54    0.2    1.1    0.32
   79 DBAR          -1 159  21  80  95  47   -0.79    0.41    0.2    1.0    0.32
   80 DQRK           1 159  21  77 112  79   -0.90    0.66    0.2    1.2    0.32
   81 UBAR          -2 159  14  82 102  61   -0.03   -0.06   -0.1    0.4    0.32
   82 UQRK           2 159  21  89 113  81   -1.15   -0.35    0.8    1.5    0.32
   83 SBAR          -3 159  32  84 104  64    0.67   -0.74   14.8   14.8    0.50
   84 SQRK           3 159  32  65 114  83    2.92   -5.49   98.4   98.6    0.50
   85 UBAR          -2 159  10  86 105  66   -0.05    0.10   32.2   32.2    0.32
   86 UQRK           2 159  32  37 115  85    0.02    0.01   15.3   15.3    0.32
   87 UBAR          -2 159  14  88 107  70    0.00   -0.00 -593.0  593.0    0.32
   88 UQRK           2 159  14  42 116  87    0.00   -0.00 -175.9  175.9    0.32
   89 UBAR          -2 159  14  90 113  82   -0.06   -0.06   -0.1    0.3    0.32
   90 UQRK           2 159  21  40 117  89   -0.55   -0.18    0.4    0.8    0.32

                             ---CLUSTER FORMATION---  

 IHEP    ID      IDPDG IST MO1 MO2 DA1 DA2   P-X     P-Y     P-Z  ENERGY    MASS
   91 CLUS          91 183  38  67 118 119   -0.52    0.36 3082.4 3082.4    3.29
   92 CLUS          91 183  41  71 120 121    0.37   -0.08  -13.7   13.9    1.78
   93 CLUS          91 183  43  75 122 123    0.81    0.09-2189.3 2189.3    2.11
   94 CLUS          91 183  45  46 124 125 -162.70  149.06   39.3  224.1    2.27
   95 CLUS          91 183  47  79 126 127   -9.87    9.10    3.2   13.9    1.60
   96 CLUS          91 183  49  50 128 129  -12.32    3.22    1.1   12.8    1.08
   97 CLUS          91 183  51  52 130 131  -11.74    3.54    0.9   12.3    1.05
   98 CLUS          91 183  53  54 132 133   -8.60    1.69    1.5    8.9    0.74
   99 CLUS          91 183  55  56 134 135   -7.91    2.47    1.2    8.6    1.83
  100 CLUS          91 183  57  58 136 137   -3.26    1.56    2.1    4.3    1.06
  101 CLUS          91 183  59  60 138 139   -6.32   -0.93    3.7    7.6    1.53
  102 CLUS          91 183  61  81 140 141   -2.39   -0.78    1.6    3.4    1.58
  103 CLUS          91 183  62  63 142 143   24.22  -45.29  783.3  785.0    1.72
  104 CLUS          91 183  64  83 144 145    8.77  -16.15  290.3  290.9    2.50
  105 CLUS          91 183  66  85 146 147    1.37   -0.88   51.7   51.7    2.38
  106 CLUS          91 184  68  39 148 149   -0.11    0.08 1604.6 1604.6    1.13
  107 CLUS          91 183  70  87 150 151    0.01   -0.00 -615.6  615.6    1.70
  108 CLUS          91 183  72  69 152 153    0.04   -0.01 -474.1  474.1    3.31
  109 CLUS          91 183  74  44 154 155   -0.54   -0.11  -67.6   67.6    0.67
  110 CLUS          91 183  76  73 156 157   -0.39   -0.09 -442.4  442.4    2.20
  111 CLUS          91 183  78  48 158 159   -2.04    0.76    0.3    2.3    0.78
  112 CLUS          91 183  80  77 160 161   -2.32    0.88    0.4    2.7    0.89
  113 CLUS          91 183  82  89 162 163   -1.21   -0.42    0.7    1.8    1.08
  114 CLUS          91 183  84  65 164 165    3.37   -5.87  106.5  106.7    1.49
  115 CLUS          91 183  86  37 166 167   -0.51    0.78  230.4  230.4    1.32
  116 CLUS          91 185  88  42 168 169    0.00   -0.00-2475.8 2475.8    1.37
  117 CLUS          91 183  90  40 170 171    0.36   -0.56   -2.2    3.5    2.66

                              ---CLUSTER DECAYS---    

 IHEP    ID      IDPDG IST MO1 MO2 DA1 DA2   P-X     P-Y     P-Z  ENERGY    MASS
  118 DELTA0      2114 197  91  10 221 222    0.13    1.00 1011.4 1011.4    1.23
  119 DELTABR-   -2214 197  91  10 223 224   -0.64   -0.65 2071.0 2071.0    1.23
  120 K*0          313 197  92  14 225 226   -0.26   -0.25   -5.9    6.0    0.90
  121 KBAR0       -311 197  92  14 227 227    0.63    0.17   -7.8    7.8    0.50
  122 A_2+         215 197  93  14 228 229    0.87    0.10-2171.5 2171.5    1.32
  123 PI0          111   1  93  14   0   0   -0.05   -0.01  -17.9   17.9    0.13
  124 RHO+         213 197  94  21 230 231 -101.95   93.35   24.4  140.4    0.77
  125 B_1-      -10213 197  94  21 232 233  -60.75   55.72   14.9   83.8    1.23
  126 PI+          211   1  95  21   0   0   -0.51    0.39   -0.1    0.7    0.14
  127 RHO0         113 197  95  21 234 235   -9.36    8.71    3.3   13.2    0.77
  128 PI0          111   1  96  21   0   0   -3.57    0.53    0.1    3.6    0.13
  129 PI-         -211   1  96  21   0   0   -8.75    2.69    1.0    9.2    0.14
  130 PI0          111   1  97  21   0   0   -0.90    0.19    0.3    1.0    0.13
  131 PI+          211   1  97  21   0   0  -10.84    3.36    0.6   11.4    0.14
  132 PI-         -211   1  98  21   0   0   -6.61    1.55    1.2    6.9    0.14
  133 PI+          211   1  98  21   0   0   -1.99    0.14    0.2    2.0    0.14
  134 B_10       10113 197  99  21 236 237   -4.04    0.97    0.7    4.4    1.23
  135 PI-         -211   1  99  21   0   0   -3.88    1.50    0.6    4.2    0.14
  136 PI+          211   1 100  21   0   0   -2.13    0.48    1.4    2.6    0.14
  137 PI-         -211   1 100  21   0   0   -1.13    1.08    0.7    1.7    0.14
  138 PI+          211   1 101  21   0   0   -1.17   -0.13    0.4    1.3    0.14
  139 A_10       20113 197 101  21 238 239   -5.15   -0.80    3.3    6.3    1.23
  140 PI-         -211   1 102  21   0   0   -0.42   -0.36   -0.2    0.6    0.14
  141 RHO0         113 197 102  21 240 241   -1.97   -0.42    1.7    2.8    0.77
  142 OMEGA        223 197 103  32 242 244   20.17  -37.24  638.0  639.4    0.78
  143 PI0          111   1 103  32   0   0    4.06   -8.05  145.4  145.6    0.13
  144 P           2212   1 104  32   0   0    3.28   -5.38   95.5   95.7    0.94
  145 SGMA*BR-   -3224 197 104  32 245 246    5.49  -10.78  194.8  195.2    1.38
  146 RHO0         113 197 105  32 247 248    0.13   -0.67   35.1   35.1    0.77
  147 RHO-        -213 197 105  32 249 250    1.24   -0.21   16.6   16.7    0.77
  148 PI+          211   1 106  10   0   0    0.02   -0.09  169.4  169.4    0.14
  149 N           2112   1 106  10   0   0   -0.13    0.16 1435.3 1435.3    0.94
  150 PI0          111   1 107  14   0   0   -0.37    0.56 -250.8  250.8    0.13
  151 RHO-        -213 197 107  14 251 252    0.38   -0.56 -364.8  364.8    0.77
  152 XI-         3312 197 108  14 253 254   -0.50   -0.67 -159.4  159.4    1.32
  153 XIBAR+     -3312 197 108  14 255 256    0.53    0.66 -314.8  314.8    1.32
  154 PI+          211   1 109  14   0   0   -0.01   -0.00  -38.2   38.3    0.14
  155 PI0          111   1 109  14   0   0   -0.53   -0.11  -29.3   29.3    0.13
  156 P           2212   1 110  14   0   0   -0.03    0.01 -171.4  171.4    0.94
  157 DLTABR--   -2224 197 110  14 257 258   -0.36   -0.10 -271.0  271.0    1.23
  158 PI-         -211   1 111  21   0   0   -1.10    0.29   -0.2    1.2    0.14
  159 PI+          211   1 111  21   0   0   -0.94    0.47    0.5    1.2    0.14
  160 PI0          111   1 112  21   0   0   -1.41    0.53    0.7    1.6    0.13
  161 PI0          111   1 112  21   0   0   -0.91    0.35   -0.3    1.0    0.13
  162 RHO+         213 197 113  21 259 260   -0.67   -0.09    0.5    1.1    0.77
  163 PI-         -211   1 113  21   0   0   -0.54   -0.33    0.2    0.7    0.14
  164 K*BAR0      -313 197 114  32 261 262    1.50   -2.66   54.2   54.3    0.90
  165 PI0          111   1 114  32   0   0    1.87   -3.21   52.3   52.4    0.13
  166 RHO+         213 197 115  32 263 264    0.08    0.56  153.6  153.6    0.77
  167 PI0          111   1 115  32   0   0   -0.59    0.21   76.9   76.9    0.13
  168 PI+          211   1 116  14   0   0   -0.10    0.21 -211.9  211.9    0.14
  169 N           2112   1 116  14   0   0    0.10   -0.21-2263.9 2263.9    0.94
  170 DELTA+      2214 197 117  21 265 266   -0.13    0.06   -1.3    1.8    1.23
  171 DELTABR0   -2114 197 117  21 267 268    0.49   -0.62   -0.9    1.7    1.23

                            ---H/W/Z BOSON DECAYS---  

 IHEP    ID      IDPDG IST MO1 MO2 DA1 DA2   P-X     P-Y     P-Z  ENERGY    MASS
  172 BQRK           5 123  20 173 174 173   25.63  -41.04   68.8   84.2    4.95
  173 BBAR          -5 124  20 172 182 172  167.83  -61.37    6.7  178.9    4.95

                              ---PARTON SHOWERS---    

 IHEP    ID      IDPDG IST MO1 MO2 DA1 DA2   P-X     P-Y     P-Z  ENERGY    MASS
  174 BQRK          94 143 172  20 176 181   30.95  -42.92   68.8   89.8   22.85
  175 CONE           0 100 172 173   0   0    0.89   -0.10   -0.4    1.0    0.00
  176 BQRK           5   2 174 177 186 185   23.25  -21.40   38.9   50.3    4.95
  177 GLUON         21   2 174 178 187 188    4.14   -5.13    7.3    9.9    0.75
  178 GLUON         21   2 174 179 189 190    3.98   -7.08   10.0   12.9    0.75
  179 GLUON         21   2 174 180 191 192    1.23   -3.44    5.1    6.3    0.75
  180 GLUON         21   2 174 181 193 194   -1.10   -5.10    7.5    9.1    0.75
  181 GLUON         21   2 174 184 195 196   -0.55   -0.76    0.1    1.2    0.75
  182 BBAR          94 144 173  20 184 185  162.51  -59.49    6.6  173.3    7.45
  183 CONE           0 100 173 172   0   0    0.51   -0.62    0.9    1.2    0.00
  184 GLUON         21   2 182 185 197 198   11.31   -2.98    0.1   11.7    0.75
  185 BBAR          -5   2 182 186 199 198  151.20  -56.51    6.5  161.6    4.95

                              ---GLUON SPLITTING---   

 IHEP    ID      IDPDG IST MO1 MO2 DA1 DA2   P-X     P-Y     P-Z  ENERGY    MASS
  186 BQRK           5 158 174 187 200 199   23.25  -21.40   38.9   50.3    4.95
  187 DBAR          -1 158 174 188 200 186    2.88   -3.75    5.2    7.0    0.32
  188 DQRK           1 158 174 189 201 187    1.25   -1.39    2.1    2.9    0.32
  189 DBAR          -1 158 174 190 201 188    2.17   -3.57    4.9    6.5    0.32
  190 DQRK           1 158 174 191 202 189    1.81   -3.51    5.1    6.5    0.32
  191 UBAR          -2 158 174 192 202 190    0.73   -2.41    3.4    4.2    0.32
  192 UQRK           2 158 174 193 203 191    0.51   -1.03    1.7    2.1    0.32
  193 DBAR          -1 158 174 194 203 192   -0.71   -2.51    3.5    4.4    0.32
  194 DQRK           1 158 174 195 204 193   -0.40   -2.59    3.9    4.7    0.32
  195 UBAR          -2 158 174 196 204 194   -0.30   -0.62    0.1    0.8    0.32
  196 UQRK           2 158 174 197 205 195   -0.25   -0.14   -0.1    0.4    0.32
  197 DBAR          -1 158 182 198 205 196    7.22   -1.86   -0.1    7.5    0.32
  198 DQRK           1 158 182 199 206 197    4.09   -1.12    0.2    4.3    0.32
  199 BBAR          -5 158 182 186 206 198  151.20  -56.51    6.5  161.6    4.95

                             ---CLUSTER FORMATION---  

 IHEP    ID      IDPDG IST MO1 MO2 DA1 DA2   P-X     P-Y     P-Z  ENERGY    MASS
  200 CLUS          91 183 186 187 207 208   26.13  -25.15   44.0   57.3    5.86
  201 CLUS          91 183 188 189 209 210    3.42   -4.96    7.1    9.3    0.88
  202 CLUS          91 183 190 191 211 212    2.54   -5.92    8.5   10.7    0.88
  203 CLUS          91 183 192 193 213 214   -0.20   -3.54    5.2    6.5    1.42
  204 CLUS          91 183 194 195 215 216   -0.70   -3.21    4.1    5.5    1.71
  205 CLUS          91 183 196 197 217 218    6.98   -2.00   -0.2    7.9    3.11
  206 CLUS          91 183 198 199 219 220  155.29  -57.64    6.7  165.9    5.89

                              ---CLUSTER DECAYS---    

 IHEP    ID      IDPDG IST MO1 MO2 DA1 DA2   P-X     P-Y     P-Z  ENERGY    MASS
  207 B*-         -523 197 200 174 269 270   24.41  -22.88   40.9   53.1    5.32
  208 PI+          211   1 200 174   0   0    1.72   -2.27    3.1    4.2    0.14
  209 PI0          111   1 201 174   0   0    1.98   -2.51    4.3    5.4    0.13
  210 PI0          111   1 201 174   0   0    1.44   -2.45    2.8    4.0    0.13
  211 PI-         -211   1 202 174   0   0    1.50   -2.53    4.1    5.1    0.14
  212 PI0          111   1 202 174   0   0    1.04   -3.39    4.4    5.6    0.13
  213 PI0          111   1 203 174   0   0   -0.41   -2.18    2.7    3.5    0.13
  214 RHO+         213 197 203 174 271 272    0.21   -1.35    2.5    2.9    0.77
  215 RHO-        -213 197 204 174 273 274   -0.35   -2.53    3.9    4.7    0.77
  216 PI0          111   1 204 174   0   0   -0.35   -0.68    0.2    0.8    0.13
  217 DELTA++     2224 197 205 174 275 276    3.40   -0.12   -0.5    3.7    1.23
  218 DELTABR-   -2214 197 205 174 277 278    3.58   -1.88    0.4    4.2    1.23
  219 PI0          111   1 206 182   0   0    2.15   -0.52    0.1    2.2    0.13
  220 B_D0         511 200 206 182 279 279  153.14  -57.11    6.6  163.7    5.28

                           ---STRONG HADRON DECAYS--- 

 IHEP    ID      IDPDG IST MO1 MO2 DA1 DA2   P-X     P-Y     P-Z  ENERGY    MASS
  221 N           2112   1 118  10   0   0    0.19    1.06  934.5  934.5    0.94
  222 PI0          111   1 118  10   0   0   -0.07   -0.05   76.9   76.9    0.13
  223 PBAR       -2212   1 119  10   0   0   -0.66   -0.61 1543.4 1543.4    0.94
  224 PI0          111   1 119  10   0   0    0.02   -0.04  527.5  527.5    0.13
  225 K+           321   1 120  14   0   0   -0.22    0.09   -2.5    2.6    0.49
  226 PI-         -211   1 120  14   0   0   -0.04   -0.33   -3.4    3.4    0.14
  227 K_S0         310 198 121  14 283 284    0.63    0.17   -7.8    7.8    0.50
  228 RHO+         213 198 122  14 285 286    0.45   -0.08-1858.9 1858.9    0.77
  229 PI0          111   1 122  14   0   0    0.42    0.18 -312.6  312.6    0.13
  230 PI+          211   1 124  21   0   0  -88.11   80.51   21.3  121.2    0.14
  231 PI0          111   1 124  21   0   0  -13.84   12.84    3.1   19.1    0.13
  232 OMEGA        223 198 125  21 287 289  -46.45   42.94   11.2   64.2    0.78
  233 PI-         -211   1 125  21   0   0  -14.30   12.77    3.7   19.5    0.14
  234 PI+          211   1 127  21   0   0   -6.62    5.72    2.3    9.1    0.14
  235 PI-         -211   1 127  21   0   0   -2.73    2.99    1.0    4.2    0.14
  236 OMEGA        223 198 134  21 290 292   -2.63    0.40    0.2    2.8    0.78
  237 PI0          111   1 134  21   0   0   -1.40    0.56    0.5    1.6    0.13
  238 RHO+         213 198 139  21 293 294   -3.89   -0.73    2.1    4.6    0.77
  239 PI-         -211   1 139  21   0   0   -1.26   -0.07    1.2    1.7    0.14
  240 PI0          111   1 141  21   0   0   -0.80   -0.06    0.3    0.9    0.13
  241 GAMMA         22   1 141  21   0   0   -1.17   -0.36    1.5    1.9    0.00
  242 PI+          211   1 142  32   0   0    9.46  -18.02  305.2  305.9    0.14
  243 PI-         -211   1 142  32   0   0    3.09   -5.72   99.0   99.2    0.14
  244 PI0          111   1 142  32   0   0    7.61  -13.50  233.7  234.2    0.13
  245 LAMBDABR   -3122 198 145  32 295 296    4.04   -8.10  148.7  149.0    1.12
  246 PI-         -211   1 145  32   0   0    1.44   -2.68   46.1   46.2    0.14
  247 PI+          211   1 146  32   0   0    0.01   -0.70   17.8   17.8    0.14
  248 PI-         -211   1 146  32   0   0    0.12    0.02   17.2   17.2    0.14
  249 PI-         -211   1 147  32   0   0    0.91    0.16   12.2   12.2    0.14
  250 PI0          111   1 147  32   0   0    0.32   -0.37    4.4    4.4    0.13
  251 PI-         -211   1 151  14   0   0    0.13   -0.16 -274.3  274.3    0.14
  252 PI0          111   1 151  14   0   0    0.25   -0.40  -90.5   90.5    0.13
  253 LAMBDA      3122 198 152  14 297 298   -0.39   -0.48 -142.1  142.1    1.12
  254 PI-         -211   1 152  14   0   0   -0.11   -0.19  -17.3   17.3    0.14
  255 LAMBDABR   -3122 198 153  14 299 300    0.53    0.53 -248.3  248.3    1.12
  256 PI+          211   1 153  14   0   0    0.00    0.13  -66.4   66.4    0.14
  257 PBAR       -2212   1 157  14   0   0   -0.47   -0.06 -193.8  193.8    0.94
  258 PI-         -211   1 157  14   0   0    0.11   -0.04  -77.2   77.2    0.14
  259 PI+          211   1 162  21   0   0   -0.62   -0.17    0.6    0.9    0.14
  260 PI0          111   1 162  21   0   0   -0.05    0.08   -0.1    0.2    0.13
  261 KBAR0       -311 198 164  32 301 301    0.82   -1.75   38.5   38.6    0.50
  262 PI0          111   1 164  32   0   0    0.68   -0.91   15.7   15.7    0.13
  263 PI+          211   1 166  32   0   0   -0.31    0.39   80.1   80.1    0.14
  264 PI0          111   1 166  32   0   0    0.38    0.17   73.4   73.4    0.13
  265 N           2112   1 170  21   0   0   -0.02    0.09   -1.3    1.6    0.94
  266 PI+          211   1 170  21   0   0   -0.12   -0.03    0.0    0.2    0.14
  267 NBAR       -2112   1 171  21   0   0    0.20   -0.29   -0.7    1.2    0.94
  268 PI0          111   1 171  21   0   0    0.29   -0.32   -0.2    0.5    0.13
  269 B-          -521 199 207 174 306 307   24.23  -22.64   40.6   52.7    5.28
  270 GAMMA         22   1 207 174   0   0    0.19   -0.24    0.4    0.5    0.00
  271 PI+          211   1 214 174   0   0    0.34   -0.60    0.7    1.0    0.14
  272 PI0          111   1 214 174   0   0   -0.12   -0.75    1.8    2.0    0.13
  273 PI-         -211   1 215 174   0   0   -0.52   -1.13    1.9    2.3    0.14
  274 PI0          111   1 215 174   0   0    0.17   -1.40    2.0    2.4    0.13
  275 P           2212   1 217 174   0   0    3.32   -0.15   -0.5    3.5    0.94
  276 PI+          211   1 217 174   0   0    0.08    0.03   -0.0    0.2    0.14
  277 PBAR       -2212   1 218 174   0   0    2.76   -1.25    0.4    3.2    0.94
  278 PI0          111   1 218 174   0   0    0.81   -0.64   -0.0    1.0    0.13
  279 B_D0         511 197 220 182 280 282  153.14  -57.11    6.6  163.7    5.28
  280 E+           -11   1 279 182   0   0   11.47   -4.41    1.5   12.4    0.00
  281 NU_E          12   1 279 182   0   0   62.17  -22.43    1.2   66.1    0.00
  282 D*-         -413 198 279 182 302 303   79.50  -30.28    3.9   85.2    2.01
  283 PI0          111   1 227  14   0   0    0.34    0.27   -3.4    3.5    0.13
  284 PI0          111   1 227  14   0   0    0.29   -0.11   -4.4    4.4    0.13
  285 PI+          211   1 228  14   0   0    0.22   -0.11 -207.7  207.7    0.14
  286 PI0          111   1 228  14   0   0    0.23    0.03-1651.1 1651.1    0.13
  287 PI+          211   1 232  21   0   0  -11.71   10.70    2.6   16.1    0.14
  288 PI-         -211   1 232  21   0   0   -8.38    7.56    2.0   11.5    0.14
  289 PI0          111   1 232  21   0   0  -26.36   24.68    6.6   36.7    0.13
  290 PI+          211   1 236  21   0   0   -0.88    0.36   -0.1    1.0    0.14
  291 PI-         -211   1 236  21   0   0   -0.32    0.08    0.1    0.4    0.14
  292 PI0          111   1 236  21   0   0   -1.43   -0.05    0.2    1.4    0.13
  293 PI+          211   1 238  21   0   0   -2.64   -0.79    1.3    3.0    0.14
  294 PI0          111   1 238  21   0   0   -1.26    0.06    0.8    1.5    0.13
  295 PBAR       -2212   1 245  32   0   0    3.36   -6.59  122.6  122.9    0.94
  296 PI+          211   1 245  32   0   0    0.68   -1.51   26.0   26.1    0.14
  297 N           2112   1 253  14   0   0   -0.33   -0.36 -107.8  107.8    0.94
  298 PI0          111   1 253  14   0   0   -0.06   -0.12  -34.3   34.3    0.13
  299 NBAR       -2112   1 255  14   0   0    0.40    0.34 -196.3  196.3    0.94
  300 PI0          111   1 255  14   0   0    0.13    0.19  -52.0   52.0    0.13
  301 K_L0         130   1 261  32   0   0    0.82   -1.75   38.5   38.6    0.50
  302 DBAR0       -421 198 282 182 304 305   72.48  -27.58    3.6   77.7    1.86
  303 PI-         -211   1 282 182   0   0    7.03   -2.69    0.3    7.5    0.14
  304 K+           321   1 302 182   0   0   46.56  -18.55    2.0   50.2    0.49
  305 PI-         -211   1 302 182   0   0   25.92   -9.03    1.6   27.5    0.14

                           ---HEAVY PARTICLE DECAYS---

 IHEP    ID      IDPDG IST MO1 MO2 DA1 DA2   P-X     P-Y     P-Z  ENERGY    MASS
  306 BQRK           5 155 269 307 308 310   22.76  -21.27   38.1   49.5    4.96
  307 UBAR          -2 125 269 310 311 310    1.47   -1.37    2.5    3.2    0.32
  308 SQRK           3 123 306 309 312 309   10.25  -10.68   18.9   24.0    0.50
  309 CBAR          -4 124 306 308 314 308    6.46   -5.84    9.6   13.1    1.55
  310 CQRK           4 124 306 306 316 306    6.05   -4.75    9.6   12.4    1.55
  311 UBAR          -2 160 307 320 322 320    1.47   -1.37    2.5    3.2    0.32

                              ---PARTON SHOWERS---    

 IHEP    ID      IDPDG IST MO1 MO2 DA1 DA2   P-X     P-Y     P-Z  ENERGY    MASS
  312 SQRK          94 143 308 306 313 313   10.25  -10.68   18.9   24.0    0.50
  313 SQRK           3   2 312 315 318 315   10.25  -10.68   18.9   24.0    0.50
  314 CBAR          94 144 309 306 315 315    6.46   -5.84    9.6   13.1    1.55
  315 CBAR          -4   2 314 318 319 318    6.46   -5.84    9.6   13.1    1.55
  316 CQRK          94 144 310 306 317 317    6.05   -4.75    9.6   12.4    1.55
  317 CQRK           4   2 316 311 320 311    6.05   -4.75    9.6   12.4    1.55

                              ---GLUON SPLITTING---   

 IHEP    ID      IDPDG IST MO1 MO2 DA1 DA2   P-X     P-Y     P-Z  ENERGY    MASS
  318 SQRK           3 158 312 319 321 319   10.25  -10.68   18.9   24.0    0.50
  319 CBAR          -4 158 314 318 321 318    6.46   -5.84    9.6   13.1    1.55
  320 CQRK           4 158 316 311 322 311    6.05   -4.75    9.6   12.4    1.55

                             ---CLUSTER FORMATION---  

 IHEP    ID      IDPDG IST MO1 MO2 DA1 DA2   P-X     P-Y     P-Z  ENERGY    MASS
  321 CLUS          91 183 318 319 323 324   16.91  -16.77   28.9   37.6    3.06
  322 CLUS          91 183 320 311 325 325    7.32   -5.87   11.7   15.1    1.86

                              ---CLUSTER DECAYS---    

 IHEP    ID      IDPDG IST MO1 MO2 DA1 DA2   P-X     P-Y     P-Z  ENERGY    MASS
  323 KBAR0       -311 197 321 312 326 326    4.66   -4.80    8.4   10.8    0.50
  324 DH_1-     -20413 197 321 312 327 328   12.25  -11.98   20.5   26.8    2.43
  325 D0           421 196 322 316 329 332    7.32   -5.87   11.7   15.1    1.86

                           ---STRONG HADRON DECAYS--- 

 IHEP    ID      IDPDG IST MO1 MO2 DA1 DA2   P-X     P-Y     P-Z  ENERGY    MASS
  326 K_L0         130   1 323 312   0   0    4.66   -4.80    8.4   10.8    0.50
  327 D*-         -413 198 324 312 333 334    9.00   -8.57   15.1   19.7    2.01
  328 PI0          111   1 324 312   0   0    3.25   -3.41    5.3    7.1    0.13
  329 KBAR0       -311 198 325 316 335 335    2.38   -1.47    4.0    4.9    0.50
  330 PI-         -211   1 325 316   0   0    0.52   -0.82    1.2    1.6    0.14
  331 NU_MU         14   1 325 316   0   0    1.04   -0.61    1.5    1.9    0.00
  332 MU+          -13   1 325 316   0   0    3.38   -2.98    4.9    6.7    0.11
  333 DBAR0       -421 198 327 312 336 340    8.47   -8.08   14.2   18.5    1.86
  334 PI-         -211   1 327 312   0   0    0.53   -0.48    0.9    1.2    0.14
  335 K_L0         130   1 329 316   0   0    2.38   -1.47    4.0    4.9    0.50
  336 K0           311 198 333 312 341 341    5.03   -4.39    8.1   10.5    0.50
  337 PI-         -211   1 333 312   0   0    1.25   -1.61    2.1    2.9    0.14
  338 PI+          211   1 333 312   0   0    0.38   -0.19    0.8    0.9    0.14
  339 PI0          111   1 333 312   0   0    1.17   -1.27    2.2    2.8    0.13
  340 PI0          111   1 333 312   0   0    0.64   -0.62    1.1    1.4    0.13
  341 K_S0         310 198 336 312 342 343    5.03   -4.39    8.1   10.5    0.50
  342 PI0          111   1 341 312   0   0    2.31   -2.28    4.1    5.2    0.13
  343 PI0          111   1 341 312   0   0    2.72   -2.11    4.1    5.3    0.13

 HWWARN CALLED FROM SUBPROGRAM HWDFOR: CODE = 101
 EVENT     240:   SEEDS =  389218327 &  984285943  WEIGHT =-0.5919E-03
 EVENT KILLED.   EXECUTION CONTINUES

 HWWARN CALLED FROM SUBPROGRAM HWDFIV: CODE = 101
 EVENT    1054:   SEEDS = 1982649153 &  858769563  WEIGHT = 0.5919E-03
 EVENT KILLED.   EXECUTION CONTINUES

 HWWARN CALLED FROM SUBPROGRAM HWSBRN: CODE = 102
 EVENT    4043:   SEEDS = 1781717243 &  289282865  WEIGHT = 0.5919E-03
 EVENT KILLED.   EXECUTION CONTINUES

 HWWARN CALLED FROM SUBPROGRAM HWDFIV: CODE = 101
 EVENT    8044:   SEEDS =  918822408 &  327906034  WEIGHT =-0.5919E-03
 EVENT KILLED.   EXECUTION CONTINUES

          OUTPUT ON LES HOUCHES EVENTS


      PROC CODE  XSECT(pb)        XERR(pb)      Max wgt(nb) No. of events


          OUTPUT ON ELEMENTARY PROCESS

          N.B. NEGATIVE WEIGHTS ALLOWED

          NUMBER OF EVENTS   =        9996
          NEGATIVE  EVENTS   =        2553
          NUMBER OF WEIGHTS  =       10000
          NEGATIVE  WEIGHTS  =        2556
          MEAN VALUE OF WGT  =  2.8930E-04
          RMS SPREAD IN WGT  =  5.1633E-04
          MEAN ABS WEIGHT    =  5.9185E-04
          ACTUAL MAX ABS WGT =  1.0000E+00
          ASSUMED MAXABS WGT =  2.8930E-04

          PROCESS CODE IPROC =      -18000
          CROSS SECTION (PB) =  0.2893    
          ERROR IN C-S  (PB) =  5.1633E-03
          EFFICIENCY PERCENT =   100.0    
 # of events processed=        9996
