 Enter filename for events
 Enter maximum number of events to generate
 MUST coincide with the number of events on tape
 Enter 0 to use Herwig default PDFs
       1 to use PDFs from library
 Enter colliding particles (PART1, PART2)
 Enter beam momenta (PBEAM1, PBEAM2)


          HERWIG 6.521  11th Mar. 2013

          Please reference:  G. Marchesini, B.R. Webber,
          G.Abbiendi, I.G.Knowles, M.H.Seymour & L.Stanco
          Computer Physics Communications 67 (1992) 465
                             and
          G.Corcella, I.G.Knowles, G.Marchesini, S.Moretti,
          K.Odagiri, P.Richardson, M.H.Seymour & B.R.Webber,
          JHEP 0101 (2001) 010
 Enter .TRUE. for underlying event, .FALSE. otherwise

 Underlying event WILL NOT be generated

 Enter Lambda_QCD, <0 for Herwig default
 Enter Z mass, width
 Enter W mass, width
 Enter top mass, width
 Enter Higgs (SM) boson mass, width
 Enter quark (d,u,s,c,b) and gluon masses
 Enter lepton (e,mu,tau) masses
 Enter number of events to print
 Enter accepted error fraction
 Is it single-top (.TRUE. or .FALSE)?
 Is it b-bbar (.TRUE. or .FALSE)?
 Enter the two random seeds (0 0 for default)

          INPUT CONDITIONS FOR THIS RUN

          BEAM 1 (P       ) MOM. =   6500.00
          BEAM 2 (P       ) MOM. =   6500.00
          PROCESS CODE (IPROC)   =  -18000
          NUMBER OF FLAVOURS     =    6
          STRUCTURE FUNCTION SET =    8
          AZIM SPIN CORRELATIONS =    T
          AZIM SOFT CORRELATIONS =    T
          QCD LAMBDA (GEV)       =    0.1800
          DOWN     QUARK  MASS   =    0.3200
          UP       QUARK  MASS   =    0.3200
          STRANGE  QUARK  MASS   =    0.5000
          CHARMED  QUARK  MASS   =    1.5500
          BOTTOM   QUARK  MASS   =    4.9500
          TOP      QUARK  MASS   =  173.0000
          GLUON EFFECTIVE MASS   =    0.7500
          EXTRA SHOWER CUTOFF (Q)=    0.4800
          EXTRA SHOWER CUTOFF (G)=    0.1000
          PHOTON SHOWER CUTOFF   =    0.4000
          CLUSTER MASS PARAMETER =    3.3500
          SPACELIKE EVOLN CUTOFF =    2.5000
          INTRINSIC P-TRAN (RMS) =    0.0000
          DECAY SPIN CORRELATIONS=    T
          SUSY THREE BODY ME     =    T
          SUSY FOUR  BODY ME     =    F

          NO EVENTS WILL BE WRITTEN TO DISK

          B_d: Delt-M/Gam =0.7000 Delt-Gam/2*Gam =0.0000
          B_s: Delt-M/Gam = 10.00 Delt-Gam/2*Gam =0.2000

          PDFLIB NOT USED FOR BEAM 1
          PDFLIB NOT USED FOR BEAM 2


          Checking consistency of particle properties


          Checking consistency of decay tables


          WRITING SUDAKOV TABLE ON UNIT  77

          WRITING MATRIX ELEMENT TABLE ON UNIT  88

          CHECKING SUSY DECAY MATRIX ELEMENTS
 Do you want a stable Pi0 (.TRUE. or .FALSE)?
 Do you want a stable W+ (.TRUE. or .FALSE)?
 Do you want a stable W- (.TRUE. or .FALSE)?
 Do you want a stable Z0 (.TRUE. or .FALSE)?
 Do you want a stable Tau+ (.TRUE. or .FALSE)?
 Do you want a stable Tau- (.TRUE. or .FALSE)?
 Do you want a stable Mu+ (.TRUE. or .FALSE)?
 Do you want a stable Mu- (.TRUE. or .FALSE)?
 Do you want a stable Higgs (.TRUE. or .FALSE)?

          PARTICLE TYPE  21=PI0      SET STABLE
 How many decay modes do you want to set?
 How are the events normalized ("average" or "sum")?
 stdhep initialized

          SUBROUTINE TIMEL CALLED BUT NOT LINKED.
          DUMMY TIMEL WILL BE USED. DELETE DUMMY
          AND LINK CERNLIB FOR CPU TIME REMAINING.

 HWWARN CALLED FROM SUBPROGRAM HWSMRS: CODE =   5
 EVENT       1:   SEEDS = 1973774260 & 1099242306  WEIGHT =-0.5997E-03
 EVENT SURVIVES. EXECUTION CONTINUES
 WARNING: MRST98 CALLED WITH Q OUTSIDE ALLOWED RANGE!
 Q VALUE=1.430E+04, MINIMUM=1.118E+00, MAXIMUM=3.162E+03
 NO FURTHER WARNINGS WILL BE ISSUED



 EVENT       1: 6500.00 GEV/C P        ON  6500.00 GEV/C P        PROCESS:-18000
 SEEDS:  1973774260 &  1099242306   STATUS:  100 ERROR:   0  WEIGHT: -5.9972E-04


                               ---INITIAL STATE---    

 IHEP    ID      IDPDG IST MO1 MO2 DA1 DA2   P-X     P-Y     P-Z  ENERGY    MASS
    1 P           2212 101   0   0   0   0    0.00    0.00 6500.0 6500.0    0.94
    2 P           2212 102   0   0   0   0    0.00    0.00-6500.0 6500.0    0.94
    3 CMF            0 103   1   2   0   0    0.00    0.00    0.013000.013000.00

                              ---HARD SUBPROCESS---   

 IHEP    ID      IDPDG IST MO1 MO2 DA1 DA2   P-X     P-Y     P-Z  ENERGY    MASS
    4 DQRK           1 121   6   8  10   9    0.00    0.00  413.8  413.8    0.32
    5 UQRK           2 122   6   9  14   8   -0.00   -0.00-1684.5 1684.5    0.32
    6 HARD           0 120   4   5   7   9   -0.70   -2.04-1270.7 2098.2 1669.72
    7 HIGGS         25 123   6   7  18   7  530.35   40.06  -76.7  551.7  125.00
    8 DQRK           1 124   6   5  19   4  -10.99  -11.91 -986.4  986.5    0.32
    9 UQRK           2 124   6   4  21   5 -519.36  -28.16 -207.6  560.0    0.32

                              ---PARTON SHOWERS---    

 IHEP    ID      IDPDG IST MO1 MO2 DA1 DA2   P-X     P-Y     P-Z  ENERGY    MASS
   10 DQRK          94 141   4   6  12  13    1.90   -0.86  413.8  413.8   -3.63
   11 CONE           0 100   4   9   0   0   -1.00   -0.05   -0.3    1.0    0.00
   12 GLUON         21   2  10  13  26  27   -1.90    0.86  230.2  230.2    0.75
   13 UU          2203   2  10  20  28  27    0.00    0.00 5856.1 5856.1    0.32
   14 UQRK          94 142   5   6  16  17   -2.60   -1.19-1684.5 1684.5   -7.80
   15 CONE           0 100   5   8   0   0   -0.68   -0.73  -53.3   53.3    0.00
   16 GLUON         21   2  14  17  29  30    2.60    1.19 -278.3  278.3    0.75
   17 UD          2101   2  14  23  31  30    0.00    0.00-4537.3 4537.3    0.28
   18 HIGGS         25 195   7   6 141 142  529.98   39.51  -76.7  551.3  125.00
   19 DQRK          94 144   8   6  20  20  -11.31  -12.86 -986.1  986.2    0.32
   20 DQRK           1   2  19  29  32  28  -11.31  -12.86 -986.1  986.2    0.32
   21 UQRK          94 144   9   6  23  25 -519.37  -28.69 -207.9  560.7   24.60
   22 CONE           0 100   9   4   0   0   -0.37   -0.02    0.9    1.0    0.00
   23 UQRK           2   2  21  24  33  31 -459.97  -25.59 -192.2  499.2    0.32
   24 GLUON         21   2  21  25  34  35  -33.92   -2.19   -9.1   35.2    0.75
   25 GLUON         21   2  21  26  36  37  -25.48   -0.90   -6.6   26.3    0.75

                              ---GLUON SPLITTING---   

 IHEP    ID      IDPDG IST MO1 MO2 DA1 DA2   P-X     P-Y     P-Z  ENERGY    MASS
   26 UBAR          -2 158  10  27  92  67   -0.80    0.37   91.1   91.1    0.32
   27 UQRK           2 158  10  38  72  26   -0.40    0.17   62.2   62.2    0.32
   28 UU          2203 161  10  32  78  39   -0.01    0.00 4322.1 4322.1    0.64
   29 DBAR          -1 158  14  30  88  59    0.66    0.20  -77.4   77.4    0.32
   30 DQRK           1 158  14  44  73  29    0.66    0.38  -76.9   76.9    0.32
   31 UD          2101 162  14  33  79  41    0.02    0.01-1652.1 1652.1    0.64
   32 DQRK           1 158  19  48  74  28   -5.99   -6.81 -522.6  522.7    0.32
   33 UQRK           2 158  21  52  75  31 -212.82  -11.84  -88.9  231.0    0.32
   34 DBAR          -1 158  21  35  89  61  -10.37   -0.61   -2.8   10.8    0.32
   35 DQRK           1 158  21  36  76  34  -10.23   -0.79   -2.8   10.6    0.32
   36 DBAR          -1 158  21  37  76  35  -17.83   -0.73   -4.5   18.4    0.32
   37 DQRK           1 158  21  56  77  36   -5.85   -0.13   -1.6    6.1    0.32
   38 DBAR          -1 159  10  39  72  27   -0.01    0.00 1195.2 1195.2    0.32
   39 DQRK           1 159  10  28  78  38   -0.03    0.01  340.8  340.8    0.32
   40 DBAR          -1 159  14  41  80  43    0.00    0.00-1642.0 1642.0    0.32
   41 DQRK           1 159  14  31  79  40    0.03    0.02 -227.7  227.7    0.32
   42 DBAR          -1 159  14  43  81  45    0.01    0.01 -838.0  838.0    0.32
   43 DQRK           1 159  14  40  80  42    0.38    0.22  -57.5   57.5    0.32
   44 UBAR          -2 159  14  45  73  30    0.06    0.04 -127.3  127.3    0.32
   45 UQRK           2 159  14  42  81  44    0.21    0.12  -57.2   57.2    0.32
   46 DBAR          -1 159  14  47  83  49    0.20    0.02  -34.2   34.2    0.32
   47 DQRK           1 159  19  58  82  46   -3.11   -3.54 -272.3  272.3    0.32
   48 SBAR          -3 159  14  49  74  32   -0.75   -0.89  -74.7   74.7    0.50
   49 SQRK           3 159  19  46  83  48   -0.86   -1.02  -83.6   83.6    0.50
   50 DBAR          -1 159  21  51  91  65   -4.71   -0.27   -1.7    5.0    0.32
   51 DQRK           1 159  21  62  84  50  -65.12   -3.62  -27.2   70.7    0.32
   52 DBAR          -1 159  21  53  75  33  -40.74   -2.27  -17.0   44.2    0.32
   53 DQRK           1 159  21  64  85  52  -93.42   -5.20  -39.0  101.4    0.32
   54 DBAR          -1 159  10  55  87  57   -0.04    0.00    1.1    1.2    0.32
   55 DQRK           1 159  21  70  86  54   -0.24   -0.00    0.1    0.4    0.32
   56 DBAR          -1 159  10  57  77  37   -1.28   -0.03   -0.3    1.4    0.32
   57 DQRK           1 159  21  54  87  56   -0.20   -0.00    0.1    0.4    0.32
   58 UBAR          -2 159  14  59  82  47   -0.27   -0.34  -33.1   33.1    0.32
   59 UQRK           2 159  19  29  88  58    0.03   -0.08  -25.1   25.2    0.32
   60 DBAR          -1 159  21  61  90  63   -4.69   -0.27   -1.5    4.9    0.32
   61 DQRK           1 159  21  34  89  60   -5.73   -0.32   -2.2    6.2    0.32
   62 DBAR          -1 159  21  63  84  51   -4.99   -0.29   -1.5    5.2    0.32
   63 DQRK           1 159  21  60  90  62  -18.24   -1.02   -7.6   19.8    0.32
   64 SBAR          -3 159  21  65  85  53   -7.08   -0.40   -2.5    7.5    0.50
   65 SQRK           3 159  21  50  91  64  -15.75   -0.88   -6.5   17.0    0.50
   66 SBAR          -3 159  10  67  93  69   -0.35    0.16   39.8   39.9    0.50
   67 SQRK           3 159  21  26  92  66   -0.09    0.04    9.5    9.5    0.50
   68 UBAR          -2 159  10  69  94  71   -0.10    0.04   10.9   10.9    0.32
   69 UQRK           2 159  21  66  93  68   -0.05    0.02    4.6    4.6    0.32
   70 UBAR          -2 159  10  71  86  55   -0.04    0.01    2.2    2.3    0.32
   71 UQRK           2 159  21  68  94  70   -0.06    0.03    6.2    6.2    0.32

                             ---CLUSTER FORMATION---  

 IHEP    ID      IDPDG IST MO1 MO2 DA1 DA2   P-X     P-Y     P-Z  ENERGY    MASS
   72 CLUS          91 183  27  38  95  96   -0.41    0.17 1257.4 1257.4    2.42
   73 CLUS          91 183  30  44  97  98    0.73    0.42 -204.2  204.2    1.14
   74 CLUS          91 183  32  48  99 100   -6.74   -7.70 -597.3  597.4    1.50
   75 CLUS          91 183  33  52 101 102 -253.56  -14.11 -105.9  275.2    0.87
   76 CLUS          91 183  35  36 103 104  -28.06   -1.52   -7.3   29.1    0.85
   77 CLUS          91 183  37  56 105 106   -7.13   -0.16   -1.9    7.4    0.83
   78 CLUS          91 184  39  28 107 108   -0.03    0.01 4662.9 4662.9    1.36
   79 CLUS          91 185  41  31 109 110    0.05    0.03-1879.8 1879.8    1.15
   80 CLUS          91 183  43  40 111 112    0.39    0.22-1699.5 1699.5    2.94
   81 CLUS          91 183  45  42 113 114    0.21    0.12 -895.2  895.2    1.59
   82 CLUS          91 183  47  58 115 116   -3.38   -3.89 -305.4  305.4    1.11
   83 CLUS          91 183  49  46 117 118   -0.66   -1.00 -117.8  117.8    1.39
   84 CLUS          91 183  51  62 119 120  -70.11   -3.92  -28.7   75.9    2.25
   85 CLUS          91 183  53  64 121 122 -100.50   -5.60  -41.6  108.9    2.44
   86 CLUS          91 183  55  70 123 124   -0.28    0.00    2.3    2.7    1.27
   87 CLUS          91 183  57  54 125 126   -0.24    0.00    1.3    1.6    0.91
   88 CLUS          91 183  59  29 127 128    0.69    0.12 -102.5  102.5    0.85
   89 CLUS          91 183  61  34 129 130  -16.10   -0.94   -5.1   16.9    1.08
   90 CLUS          91 183  63  60 131 132  -22.93   -1.29   -9.1   24.7    1.16
   91 CLUS          91 183  65  50 133 134  -20.46   -1.15   -8.2   22.1    0.95
   92 CLUS          91 183  67  26 135 136   -0.90    0.41  100.6  100.6    1.66
   93 CLUS          91 183  69  66 137 138   -0.40    0.18   44.4   44.4    1.13
   94 CLUS          91 183  71  68 139 140   -0.16    0.07   17.1   17.1    0.66

                              ---CLUSTER DECAYS---    

 IHEP    ID      IDPDG IST MO1 MO2 DA1 DA2   P-X     P-Y     P-Z  ENERGY    MASS
   95 P           2212   1  72  10   0   0   -0.23   -0.44  503.4  503.4    0.94
   96 DELTABR0   -2114 197  72  10 225 226   -0.18    0.61  754.1  754.1    1.23
   97 PI-         -211   1  73  14   0   0    0.09   -0.09  -66.4   66.4    0.14
   98 OMEGA        223 197  73  14 227 229    0.64    0.51 -137.7  137.8    0.78
   99 PI-         -211   1  74  19   0   0   -4.35   -4.95 -379.6  379.7    0.14
  100 K*+          323 197  74  19 230 231   -2.38   -2.75 -217.7  217.7    0.89
  101 PI+          211   1  75  21   0   0 -247.19  -13.75 -103.3  268.3    0.14
  102 PI0          111   1  75  21   0   0   -6.37   -0.36   -2.6    6.9    0.13
  103 PI-         -211   1  76  21   0   0  -21.53   -1.49   -5.5   22.3    0.14
  104 PI+          211   1  76  21   0   0   -6.54   -0.03   -1.8    6.8    0.14
  105 PI-         -211   1  77  21   0   0   -1.78    0.10   -0.2    1.8    0.14
  106 PI+          211   1  77  21   0   0   -5.35   -0.26   -1.7    5.6    0.14
  107 PI0          111   1  78  10   0   0   -0.05    0.13  184.3  184.3    0.13
  108 P           2212   1  78  10   0   0    0.02   -0.11 4478.6 4478.6    0.94
  109 PI0          111   1  79  14   0   0   -0.07    0.13 -336.6  336.6    0.13
  110 N           2112   1  79  14   0   0    0.12   -0.10-1543.2 1543.2    0.94
  111 DELTA0      2114 197  80  14 232 233   -0.08    0.80 -549.4  549.4    1.23
  112 NBAR       -2112   1  80  14   0   0    0.47   -0.58-1150.1 1150.1    0.94
  113 RHO+         213 197  81  14 234 235    0.12   -0.07 -376.1  376.1    0.77
  114 OMEGA        223 197  81  14 236 238    0.09    0.19 -519.1  519.1    0.78
  115 PI0          111   1  82  19   0   0   -0.85   -1.12  -69.3   69.3    0.13
  116 RHO-        -213 197  82  19 239 240   -2.53   -2.76 -236.1  236.1    0.77
  117 K-          -321   1  83  19   0   0   -0.63   -0.65 -110.5  110.5    0.49
  118 PI+          211   1  83  19   0   0   -0.03   -0.34   -7.3    7.3    0.14
  119 K*0          313 197  84  21 241 242  -46.92   -2.81  -18.7   50.6    0.90
  120 K*BAR0      -313 197  84  21 243 244  -23.19   -1.11  -10.1   25.3    0.90
  121 PI0          111   1  85  21   0   0  -34.44   -2.27  -14.6   37.5    0.13
  122 KDL_20     10315 197  85  21 245 246  -66.06   -3.33  -26.9   71.4    1.77
  123 RHO0         113 197  86  21 247 248    0.17   -0.15    1.5    1.7    0.77
  124 PI-         -211   1  86  21   0   0   -0.45    0.16    0.9    1.0    0.14
  125 PI0          111   1  87  21   0   0   -0.52   -0.17    0.6    0.8    0.13
  126 PI0          111   1  87  21   0   0    0.28    0.17    0.7    0.8    0.13
  127 PI+          211   1  88  19   0   0    0.57   -0.13  -90.5   90.5    0.14
  128 PI0          111   1  88  19   0   0    0.12    0.25  -12.0   12.0    0.13
  129 PI-         -211   1  89  21   0   0   -8.26   -0.12   -2.2    8.6    0.14
  130 PI+          211   1  89  21   0   0   -7.84   -0.82   -2.9    8.4    0.14
  131 OMEGA        223 197  90  21 249 251  -21.89   -1.17   -8.5   23.5    0.78
  132 PI0          111   1  90  21   0   0   -1.04   -0.12   -0.5    1.2    0.13
  133 K-          -321   1  91  21   0   0   -9.59   -0.25   -3.9   10.4    0.49
  134 PI+          211   1  91  21   0   0  -10.86   -0.90   -4.3   11.7    0.14
  135 K*-         -323 197  92  21 252 253   -0.39    0.58   49.9   49.9    0.89
  136 ETA          221 197  92  21 254 255   -0.51   -0.17   50.7   50.7    0.55
  137 PI0          111   1  93  21   0   0    0.08   -0.06    7.9    7.9    0.13
  138 K*+          323 197  93  21 256 257   -0.48    0.24   36.5   36.5    0.89
  139 PI+          211   1  94  21   0   0   -0.02    0.01   15.4   15.4    0.14
  140 PI-         -211   1  94  21   0   0   -0.14    0.06    1.7    1.7    0.14

                            ---H/W/Z BOSON DECAYS---  

 IHEP    ID      IDPDG IST MO1 MO2 DA1 DA2   P-X     P-Y     P-Z  ENERGY    MASS
  141 BQRK           5 123  18 142 143 142  278.07   82.96  -44.6  293.6    4.95
  142 BBAR          -5 124  18 141 150 141  251.91  -43.45  -32.1  257.7    4.95

                              ---PARTON SHOWERS---    

 IHEP    ID      IDPDG IST MO1 MO2 DA1 DA2   P-X     P-Y     P-Z  ENERGY    MASS
  143 BQRK          94 143 141  18 145 149  243.98   71.39  -39.1  257.5   13.32
  144 CONE           0 100 141 142   0   0    1.51   -0.60   -0.2    1.6    0.00
  145 BQRK           5   2 143 146 157 156  153.28   45.67  -22.1  161.5    4.95
  146 GLUON         21   2 143 147 158 159   22.26    6.72   -4.6   23.7    0.75
  147 GLUON         21   2 143 148 160 161   32.72    8.22   -6.4   34.3    0.75
  148 GLUON         21   2 143 149 162 163   14.49    3.21   -3.4   15.2    0.75
  149 GLUON         21   2 143 152 164 165   21.23    7.57   -2.6   22.7    0.75
  150 BBAR          94 144 142  18 152 156  286.00  -31.88  -37.6  293.8   45.56
  151 CONE           0 100 142 141   0   0    1.72    0.81   -0.3    1.9    0.00
  152 GLUON         21   2 150 153 166 167    9.42   -1.30   -3.1   10.0    0.75
  153 CBAR          -4   2 150 154 168 167   18.79   -3.08   -7.4   20.5    1.55
  154 CQRK           4   2 150 155 169 168   33.18   -1.81  -13.7   36.0    1.55
  155 GLUON         21   2 150 156 170 171   60.82   -8.85    4.2   61.6    0.75
  156 BBAR          -5   2 150 157 172 171  163.80  -16.82  -17.6  165.7    4.95

                              ---GLUON SPLITTING---   

 IHEP    ID      IDPDG IST MO1 MO2 DA1 DA2   P-X     P-Y     P-Z  ENERGY    MASS
  157 BQRK           5 158 143 158 185 172  153.28   45.67  -22.1  161.5    4.95
  158 DBAR          -1 158 143 159 185 157   10.29    3.30   -2.2   11.0    0.32
  159 DQRK           1 158 143 160 186 158   11.97    3.42   -2.4   12.7    0.32
  160 UBAR          -2 158 143 161 186 159   13.09    3.31   -2.7   13.8    0.32
  161 UQRK           2 158 143 162 187 160   19.63    4.92   -3.6   20.6    0.32
  162 UBAR          -2 158 143 163 187 161    7.34    1.43   -1.7    7.7    0.32
  163 UQRK           2 158 143 164 188 162    7.14    1.78   -1.7    7.6    0.32
  164 UBAR          -2 158 143 165 188 163    6.35    2.13   -0.8    6.8    0.32
  165 UQRK           2 158 143 173 189 164    9.35    3.40   -1.1   10.0    0.32
  166 DBAR          -1 158 150 167 193 174    5.96   -0.78   -2.0    6.4    0.32
  167 DQRK           1 158 150 168 190 166    2.42   -0.38   -0.8    2.6    0.32
  168 CBAR          -4 158 150 169 190 167   18.79   -3.08   -7.4   20.5    1.55
  169 CQRK           4 158 150 175 191 168   24.43   -1.35  -10.0   26.5    1.55
  170 UBAR          -2 158 150 171 197 182   17.21   -2.49    1.1   17.4    0.32
  171 UQRK           2 158 150 179 192 170   26.96   -3.93    1.9   27.3    0.32
  172 BBAR          -5 158 150 157 198 184  112.44  -11.71  -11.4  113.7    4.95
  173 DBAR          -1 159 150 174 189 165    1.32   -0.00   -0.4    1.4    0.32
  174 DQRK           1 159 143 166 193 173    5.25    1.89   -0.6    5.6    0.32
  175 DBAR          -1 159 150 176 191 169    1.42   -0.16   -0.1    1.5    0.32
  176 DQRK           1 159 150 181 194 175    6.90   -0.38   -2.9    7.5    0.32
  177 DBAR          -1 159 150 178 196 180   30.55   -3.11   -3.4   30.9    0.32
  178 DQRK           1 159 150 183 195 177    5.04   -0.71    0.2    5.1    0.32
  179 DBAR          -1 159 150 180 192 171    4.08   -0.56    0.1    4.1    0.32
  180 DQRK           1 159 150 177 196 179    4.52   -0.63    0.2    4.6    0.32
  181 DBAR          -1 159 150 182 194 176    1.33   -0.14   -0.2    1.4    0.32
  182 DQRK           1 159 150 170 197 181    1.43   -0.12   -0.4    1.5    0.32
  183 UBAR          -2 159 150 184 195 178   16.09   -1.64   -1.8   16.3    0.32
  184 UQRK           2 159 150 172 198 183    5.40   -0.58   -0.5    5.5    0.32

                             ---CLUSTER FORMATION---  

 IHEP    ID      IDPDG IST MO1 MO2 DA1 DA2   P-X     P-Y     P-Z  ENERGY    MASS
  185 CLUS          91 183 157 158 199 200  163.58   48.97  -24.3  172.6    6.00
  186 CLUS          91 183 159 160 201 202   25.06    6.72   -5.2   26.5    0.76
  187 CLUS          91 183 161 162 203 204   26.97    6.35   -5.3   28.2    1.10
  188 CLUS          91 183 163 164 205 206   13.49    3.91   -2.5   14.3    1.19
  189 CLUS          91 183 165 173 207 208   10.67    3.40   -1.5   11.4    1.70
  190 CLUS          91 183 167 168 209 209   20.95   -3.53   -8.0   22.8    1.87
  191 CLUS          91 183 169 175 210 211   26.10   -1.45  -10.2   28.2    2.81
  192 CLUS          91 183 171 179 212 213   31.04   -4.49    2.1   31.4    1.04
  193 CLUS          91 183 174 166 214 215   11.21    1.11   -2.7   12.0    3.07
  194 CLUS          91 183 176 181 216 217    8.23   -0.52   -3.1    8.9    1.18
  195 CLUS          91 183 178 183 218 219   21.14   -2.35   -1.5   21.4    1.65
  196 CLUS          91 183 180 177 220 221   35.07   -3.73   -3.2   35.5    2.08
  197 CLUS          91 183 182 170 222 223   18.65   -2.61    0.7   19.0    2.04
  198 CLUS          91 183 184 172 224 224  117.84  -12.28  -11.9  119.2    5.28

                              ---CLUSTER DECAYS---    

 IHEP    ID      IDPDG IST MO1 MO2 DA1 DA2   P-X     P-Y     P-Z  ENERGY    MASS
  199 BL_1BAR0  -10513 197 185 143 258 259  160.55   48.02  -23.7  169.3    5.76
  200 PI0          111   1 185 143   0   0    3.03    0.95   -0.6    3.2    0.13
  201 PI-         -211   1 186 143   0   0   12.72    3.75   -2.8   13.5    0.14
  202 PI0          111   1 186 143   0   0   12.34    2.97   -2.4   12.9    0.13
  203 PI0          111   1 187 143   0   0   16.96    3.54   -3.6   17.7    0.13
  204 PI0          111   1 187 143   0   0   10.01    2.81   -1.7   10.5    0.13
  205 ETA          221 197 188 143 260 262    4.86    1.53   -0.8    5.2    0.55
  206 ETA          221 197 188 143 263 265    8.63    2.38   -1.7    9.1    0.55
  207 RHO+         213 197 189 143 266 267    7.79    1.82   -1.2    8.1    0.77
  208 PI0          111   1 189 143   0   0    2.87    1.58   -0.3    3.3    0.13
  209 D-          -411 196 190 150 268 269   20.95   -3.53   -8.0   22.8    1.87
  210 D0           421 197 191 150 270 272   25.23   -1.39  -10.3   27.3    1.86
  211 PI+          211   1 191 150   0   0    0.87   -0.06    0.0    0.9    0.14
  212 K+           321   1 192 150   0   0   13.31   -1.81    1.0   13.5    0.49
  213 KBAR0       -311 197 192 150 273 273   17.73   -2.68    1.1   18.0    0.50
  214 KL_10      10313 197 193 143 274 275    4.75    0.57   -1.1    5.2    1.57
  215 K*_2BAR0    -315 197 193 143 276 277    6.46    0.53   -1.6    6.8    1.43
  216 OMEGA        223 197 194 150 278 280    7.05   -0.34   -2.9    7.7    0.78
  217 PI0          111   1 194 150   0   0    1.18   -0.18   -0.2    1.2    0.13
  218 RHO-        -213 197 195 150 281 282   13.88   -1.42   -0.9   14.0    0.77
  219 RHO0         113 197 195 150 283 284    7.25   -0.93   -0.6    7.4    0.77
  220 P           2212   1 196 150   0   0   22.37   -2.72   -2.1   22.7    0.94
  221 PBAR       -2212   1 196 150   0   0   12.70   -1.01   -1.1   12.8    0.94
  222 OMEGA        223 197 197 150 285 287    6.56   -0.43    0.6    6.6    0.78
  223 RHO-        -213 197 197 150 288 289   12.09   -2.18    0.1   12.3    0.77
  224 B+           521 199 198 150 308 309  117.84  -12.28  -11.9  119.2    5.28

                           ---STRONG HADRON DECAYS--- 

 IHEP    ID      IDPDG IST MO1 MO2 DA1 DA2   P-X     P-Y     P-Z  ENERGY    MASS
  225 NBAR       -2112   1  96  10   0   0   -0.03    0.70  642.4  642.4    0.94
  226 PI0          111   1  96  10   0   0   -0.15   -0.08  111.7  111.7    0.13
  227 PI+          211   1  98  14   0   0    0.08    0.22  -61.8   61.8    0.14
  228 PI-         -211   1  98  14   0   0    0.34    0.31  -59.9   59.9    0.14
  229 PI0          111   1  98  14   0   0    0.22   -0.02  -16.0   16.0    0.13
  230 K0           311 198 100  19 290 290   -0.99   -0.99  -95.0   95.1    0.50
  231 PI+          211   1 100  19   0   0   -1.40   -1.76 -122.6  122.6    0.14
  232 N           2112   1 111  14   0   0   -0.14    0.88 -464.5  464.5    0.94
  233 PI0          111   1 111  14   0   0    0.06   -0.08  -85.0   85.0    0.13
  234 PI+          211   1 113  14   0   0   -0.03   -0.12  -22.5   22.5    0.14
  235 PI0          111   1 113  14   0   0    0.15    0.05 -353.7  353.7    0.13
  236 PI+          211   1 114  14   0   0    0.15   -0.08 -321.0  321.0    0.14
  237 PI-         -211   1 114  14   0   0   -0.12    0.10 -137.3  137.3    0.14
  238 PI0          111   1 114  14   0   0    0.06    0.16  -60.7   60.7    0.13
  239 PI-         -211   1 116  19   0   0   -1.78   -2.22 -161.9  161.9    0.14
  240 PI0          111   1 116  19   0   0   -0.75   -0.54  -74.2   74.2    0.13
  241 K+           321   1 119  21   0   0  -31.13   -1.57  -12.4   33.5    0.49
  242 PI-         -211   1 119  21   0   0  -15.80   -1.24   -6.3   17.0    0.14
  243 KBAR0       -311 198 120  21 291 291  -15.69   -1.02   -6.9   17.2    0.50
  244 PI0          111   1 120  21   0   0   -7.50   -0.09   -3.1    8.1    0.13
  245 K0           311 198 122  21 292 292  -18.82   -0.94   -7.7   20.4    0.50
  246 F_2          225 198 122  21 293 294  -47.23   -2.39  -19.3   51.1    1.27
  247 PI+          211   1 123  21   0   0    0.23    0.03    1.4    1.4    0.14
  248 PI-         -211   1 123  21   0   0   -0.06   -0.19    0.1    0.3    0.14
  249 PI+          211   1 131  21   0   0   -4.39   -0.32   -1.9    4.8    0.14
  250 PI-         -211   1 131  21   0   0   -7.28   -0.41   -2.9    7.9    0.14
  251 PI0          111   1 131  21   0   0  -10.22   -0.44   -3.7   10.9    0.13
  252 K-          -321   1 135  21   0   0   -0.39    0.52   48.1   48.1    0.49
  253 PI0          111   1 135  21   0   0    0.00    0.06    1.8    1.8    0.13
  254 GAMMA         22   1 136  21   0   0   -0.11   -0.11   35.6   35.6    0.00
  255 GAMMA         22   1 136  21   0   0   -0.40   -0.05   15.0   15.1    0.00
  256 K0           311 198 138  21 295 295   -0.33   -0.02   14.5   14.5    0.50
  257 PI+          211   1 138  21   0   0   -0.15    0.26   22.0   22.0    0.14
  258 B*-         -523 198 199 143 296 297  157.62   46.94  -23.1  166.2    5.32
  259 PI+          211   1 199 143   0   0    2.94    1.07   -0.6    3.2    0.14
  260 PI0          111   1 205 143   0   0    0.61    0.25   -0.1    0.7    0.13
  261 PI0          111   1 205 143   0   0    1.97    0.69   -0.4    2.1    0.13
  262 PI0          111   1 205 143   0   0    2.28    0.58   -0.3    2.4    0.13
  263 PI+          211   1 206 143   0   0    2.73    0.59   -0.6    2.9    0.14
  264 PI-         -211   1 206 143   0   0    4.21    1.37   -0.8    4.5    0.14
  265 GAMMA         22   1 206 143   0   0    1.69    0.41   -0.3    1.8    0.00
  266 PI+          211   1 207 143   0   0    6.62    1.46   -0.8    6.8    0.14
  267 PI0          111   1 207 143   0   0    1.17    0.36   -0.4    1.3    0.13
  268 KD*0       30313 198 209 150 298 299   19.86   -3.36   -7.6   21.6    1.72
  269 PI-         -211   1 209 150   0   0    1.08   -0.16   -0.4    1.2    0.14
  270 NU_E          12   1 210 150   0   0    6.09   -0.88   -2.6    6.7    0.00
  271 E+           -11   1 210 150   0   0    8.98    0.14   -3.3    9.6    0.00
  272 K-          -321   1 210 150   0   0   10.17   -0.65   -4.4   11.1    0.49
  273 K_S0         310 198 213 150 300 301   17.73   -2.68    1.1   18.0    0.50
  274 K*+          323 198 214 143 302 303    3.81    0.51   -1.3    4.2    0.89
  275 PI-         -211   1 214 143   0   0    0.95    0.07    0.2    1.0    0.14
  276 K-          -321   1 215 143   0   0    2.01   -0.05   -1.0    2.3    0.49
  277 PI+          211   1 215 143   0   0    4.44    0.59   -0.6    4.5    0.14
  278 PI+          211   1 216 150   0   0    2.69   -0.38   -0.9    2.9    0.14
  279 PI-         -211   1 216 150   0   0    1.30    0.07   -0.6    1.5    0.14
  280 PI0          111   1 216 150   0   0    3.06   -0.02   -1.3    3.3    0.13
  281 PI-         -211   1 218 150   0   0   12.84   -1.38   -1.0   13.0    0.14
  282 PI0          111   1 218 150   0   0    1.04   -0.04    0.1    1.1    0.13
  283 PI+          211   1 219 150   0   0    3.80   -0.53   -0.7    3.9    0.14
  284 PI-         -211   1 219 150   0   0    3.45   -0.40    0.1    3.5    0.14
  285 PI+          211   1 222 150   0   0    4.48   -0.44    0.3    4.5    0.14
  286 PI-         -211   1 222 150   0   0    1.41   -0.06    0.1    1.4    0.14
  287 PI0          111   1 222 150   0   0    0.68    0.07    0.2    0.7    0.13
  288 PI-         -211   1 223 150   0   0    9.05   -1.72    0.4    9.2    0.14
  289 PI0          111   1 223 150   0   0    3.04   -0.46   -0.3    3.1    0.13
  290 K_L0         130   1 230  19   0   0   -0.99   -0.99  -95.0   95.1    0.50
  291 K_S0         310 198 243  21 304 305  -15.69   -1.02   -6.9   17.2    0.50
  292 K_S0         310 198 245  21 306 307  -18.82   -0.94   -7.7   20.4    0.50
  293 PI+          211   1 246  21   0   0  -44.76   -2.31  -18.5   48.5    0.14
  294 PI-         -211   1 246  21   0   0   -2.47   -0.08   -0.7    2.6    0.14
  295 K_L0         130   1 256  21   0   0   -0.33   -0.02   14.5   14.5    0.50
  296 B-          -521 199 258 143 341 342  156.39   46.62  -22.9  164.9    5.28
  297 GAMMA         22   1 258 143   0   0    1.23    0.32   -0.2    1.3    0.00
  298 K+           321   1 268 150   0   0    2.14   -0.50   -0.6    2.3    0.49
  299 PI-         -211   1 268 150   0   0   17.72   -2.87   -7.0   19.3    0.14
  300 PI+          211   1 273 150   0   0    5.09   -0.77    0.5    5.2    0.14
  301 PI-         -211   1 273 150   0   0   12.63   -1.91    0.6   12.8    0.14
  302 K+           321   1 274 143   0   0    3.15    0.29   -0.9    3.3    0.49
  303 PI0          111   1 274 143   0   0    0.66    0.22   -0.5    0.8    0.13
  304 PI+          211   1 291  21   0   0  -11.90   -0.67   -5.1   13.0    0.14
  305 PI-         -211   1 291  21   0   0   -3.79   -0.35   -1.8    4.2    0.14
  306 PI+          211   1 292  21   0   0  -12.79   -0.53   -5.0   13.8    0.14
  307 PI-         -211   1 292  21   0   0   -6.03   -0.41   -2.6    6.6    0.14

                           ---HEAVY PARTICLE DECAYS---

 IHEP    ID      IDPDG IST MO1 MO2 DA1 DA2   P-X     P-Y     P-Z  ENERGY    MASS
  308 UQRK           2 125 224 312 313 312    7.14   -0.74   -0.7    7.2    0.32
  309 BBAR          -5 155 224 308 310 312  110.69  -11.53  -11.2  112.0    4.96
  310 DBAR          -1 123 309 311 314 311   27.48   -3.85   -1.5   27.8    0.32
  311 UQRK           2 124 309 310 316 310   45.82   -4.17   -4.5   46.2    0.32
  312 CBAR          -4 124 309 309 318 309   37.40   -3.51   -5.1   37.9    1.55
  313 UQRK           2 160 308 322 323 322    7.14   -0.74   -0.7    7.2    0.32

                              ---PARTON SHOWERS---    

 IHEP    ID      IDPDG IST MO1 MO2 DA1 DA2   P-X     P-Y     P-Z  ENERGY    MASS
  314 DBAR          94 143 310 309 315 315   27.48   -3.85   -1.5   27.8    0.32
  315 DBAR          -1   2 314 317 320 317   27.48   -3.85   -1.5   27.8    0.32
  316 UQRK          94 144 311 309 317 317   45.82   -4.17   -4.5   46.2    0.32
  317 UQRK           2   2 316 320 321 320   45.82   -4.17   -4.5   46.2    0.32
  318 CBAR          94 144 312 309 319 319   37.40   -3.51   -5.1   37.9    1.55
  319 CBAR          -4   2 318 313 322 313   37.40   -3.51   -5.1   37.9    1.55

                              ---GLUON SPLITTING---   

 IHEP    ID      IDPDG IST MO1 MO2 DA1 DA2   P-X     P-Y     P-Z  ENERGY    MASS
  320 DBAR          -1 158 314 321 324 321   27.48   -3.85   -1.5   27.8    0.32
  321 UQRK           2 158 316 320 324 320   45.82   -4.17   -4.5   46.2    0.32
  322 CBAR          -4 158 318 313 323 313   37.40   -3.51   -5.1   37.9    1.55

                             ---CLUSTER FORMATION---  

 IHEP    ID      IDPDG IST MO1 MO2 DA1 DA2   P-X     P-Y     P-Z  ENERGY    MASS
  323 CLUS          91 183 313 322 325 325   43.20   -4.10   -5.8   43.8    1.86
  324 CLUS          91 183 321 320 326 327   74.64   -8.18   -6.1   75.4    2.40

                              ---CLUSTER DECAYS---    

 IHEP    ID      IDPDG IST MO1 MO2 DA1 DA2   P-X     P-Y     P-Z  ENERGY    MASS
  325 DBAR0       -421 196 323 308 328 331   43.20   -4.10   -5.8   43.8    1.86
  326 RHO+         213 197 324 316 332 333   33.90   -3.30   -3.2   34.2    0.77
  327 A_20         115 197 324 316 334 335   40.74   -4.88   -3.0   41.2    1.32

                           ---STRONG HADRON DECAYS--- 

 IHEP    ID      IDPDG IST MO1 MO2 DA1 DA2   P-X     P-Y     P-Z  ENERGY    MASS
  328 NU_MUBAR     -14   1 325 308   0   0    0.39   -0.08   -0.1    0.4    0.00
  329 MU-           13   1 325 308   0   0    9.23   -0.47   -1.0    9.3    0.11
  330 K0           311 198 325 308 336 336    8.41   -0.63   -1.1    8.5    0.50
  331 PI+          211   1 325 308   0   0   25.17   -2.92   -3.7   25.6    0.14
  332 PI+          211   1 326 316   0   0   32.64   -3.21   -3.0   32.9    0.14
  333 PI0          111   1 326 316   0   0    1.26   -0.09   -0.2    1.3    0.13
  334 RHO-        -213 198 327 316 337 338   30.31   -3.50   -1.8   30.6    0.77
  335 PI+          211   1 327 316   0   0   10.43   -1.39   -1.1   10.6    0.14
  336 K_S0         310 198 330 308 339 340    8.41   -0.63   -1.1    8.5    0.50
  337 PI-         -211   1 334 316   0   0   20.26   -2.01   -1.2   20.4    0.14
  338 PI0          111   1 334 316   0   0   10.05   -1.49   -0.7   10.2    0.13
  339 PI+          211   1 336 308   0   0    4.77   -0.33   -0.4    4.8    0.14
  340 PI-         -211   1 336 308   0   0    3.65   -0.30   -0.7    3.7    0.14

                           ---HEAVY PARTICLE DECAYS---

 IHEP    ID      IDPDG IST MO1 MO2 DA1 DA2   P-X     P-Y     P-Z  ENERGY    MASS
  341 BQRK           5 155 296 342 343 345  146.91   43.80  -21.5  154.9    4.96
  342 UBAR          -2 125 296 345 346 345    9.48    2.83   -1.4   10.0    0.32
  343 UQRK           2 123 341 344 347 344   49.37   13.61   -7.7   51.8    0.32
  344 CBAR          -4 124 341 343 349 343   73.97   23.50  -11.6   78.5    1.55
  345 SQRK           3 124 341 341 351 341   23.57    6.68   -2.3   24.6    0.50
  346 UBAR          -2 160 342 355 357 355    9.48    2.83   -1.4   10.0    0.32

                              ---PARTON SHOWERS---    

 IHEP    ID      IDPDG IST MO1 MO2 DA1 DA2   P-X     P-Y     P-Z  ENERGY    MASS
  347 UQRK          94 143 343 341 348 348   49.37   13.61   -7.7   51.8    0.32
  348 UQRK           2   2 347 350 353 350   49.37   13.61   -7.7   51.8    0.32
  349 CBAR          94 144 344 341 350 350   73.97   23.50  -11.6   78.5    1.55
  350 CBAR          -4   2 349 353 354 353   73.97   23.50  -11.6   78.5    1.55
  351 SQRK          94 144 345 341 352 352   23.57    6.68   -2.3   24.6    0.50
  352 SQRK           3   2 351 346 355 346   23.57    6.68   -2.3   24.6    0.50

                              ---GLUON SPLITTING---   

 IHEP    ID      IDPDG IST MO1 MO2 DA1 DA2   P-X     P-Y     P-Z  ENERGY    MASS
  353 UQRK           2 158 347 354 356 354   49.37   13.61   -7.7   51.8    0.32
  354 CBAR          -4 158 349 353 356 353   73.97   23.50  -11.6   78.5    1.55
  355 SQRK           3 158 351 346 357 346   23.57    6.68   -2.3   24.6    0.50

                             ---CLUSTER FORMATION---  

 IHEP    ID      IDPDG IST MO1 MO2 DA1 DA2   P-X     P-Y     P-Z  ENERGY    MASS
  356 CLUS          91 183 353 354 358 359  123.33   37.12  -19.3  130.3    3.19
  357 CLUS          91 183 355 346 360 361   33.05    9.50   -3.7   34.6    1.14

                              ---CLUSTER DECAYS---    

 IHEP    ID      IDPDG IST MO1 MO2 DA1 DA2   P-X     P-Y     P-Z  ENERGY    MASS
  358 PI0          111   1 356 347   0   0   38.67   10.64   -6.0   40.6    0.13
  359 D*BAR0      -423 197 356 347 362 363   84.67   26.48  -13.2   89.7    2.01
  360 K*BAR0      -313 197 357 351 364 365   28.85    8.25   -3.0   30.2    0.90
  361 PI-         -211   1 357 351   0   0    4.21    1.26   -0.6    4.4    0.14

                           ---STRONG HADRON DECAYS--- 

 IHEP    ID      IDPDG IST MO1 MO2 DA1 DA2   P-X     P-Y     P-Z  ENERGY    MASS
  362 DBAR0       -421 198 359 347 366 368   79.97   24.94  -12.6   84.7    1.86
  363 GAMMA         22   1 359 347   0   0    4.69    1.54   -0.6    5.0    0.00
  364 KBAR0       -311 198 360 351 369 369   12.38    3.50   -1.1   12.9    0.50
  365 PI0          111   1 360 351   0   0   16.47    4.75   -1.9   17.3    0.13
  366 K+           321   1 362 347   0   0   21.64    7.11   -3.8   23.1    0.49
  367 PI-         -211   1 362 347   0   0    7.93    2.41   -1.4    8.4    0.14
  368 OMEGA        223 198 362 347 370 372   50.40   15.41   -7.5   53.2    0.78
  369 K_S0         310 198 364 351 373 374   12.38    3.50   -1.1   12.9    0.50
  370 PI+          211   1 368 347   0   0    9.46    3.06   -1.4   10.0    0.14
  371 PI-         -211   1 368 347   0   0   35.79   10.71   -5.4   37.7    0.14
  372 PI0          111   1 368 347   0   0    5.14    1.65   -0.7    5.4    0.13
  373 PI0          111   1 369 351   0   0    1.70    0.51   -0.3    1.8    0.13
  374 PI0          111   1 369 351   0   0   10.68    2.99   -0.8   11.1    0.13



 EVENT       2: 6500.00 GEV/C P        ON  6500.00 GEV/C P        PROCESS:-18000
 SEEDS:  1922735935 &   795645500   STATUS:  100 ERROR:   0  WEIGHT: -5.9972E-04


                               ---INITIAL STATE---    

 IHEP    ID      IDPDG IST MO1 MO2 DA1 DA2   P-X     P-Y     P-Z  ENERGY    MASS
    1 P           2212 101   0   0   0   0    0.00    0.00 6500.0 6500.0    0.94
    2 P           2212 102   0   0   0   0    0.00    0.00-6500.0 6500.0    0.94
    3 CMF            0 103   1   2   0   0    0.00    0.00    0.013000.013000.00

                              ---HARD SUBPROCESS---   

 IHEP    ID      IDPDG IST MO1 MO2 DA1 DA2   P-X     P-Y     P-Z  ENERGY    MASS
    4 DQRK           1 121   6   8  10   9    0.00    0.00 2089.9 2089.9    0.32
    5 UQRK           2 122   6   9  16   8    0.00    0.00-1544.8 1544.8    0.32
    6 HARD           0 120   4   5   7   9    0.28    5.72  545.0 3634.7 3593.61
    7 HIGGS         25 123   6   7  23   7 -140.99  314.03  218.0  426.2  125.00
    8 DQRK           1 124   6   5  24   4  137.89 -424.18-1404.4 1473.6    0.32
    9 UQRK           2 124   6   4  31   5    3.10  110.16 1731.5 1735.0    0.32

                              ---PARTON SHOWERS---    

 IHEP    ID      IDPDG IST MO1 MO2 DA1 DA2   P-X     P-Y     P-Z  ENERGY    MASS
   10 DQRK          94 141   4   6  12  15    1.11    3.30 2090.0 2089.9  -18.53
   11 CONE           0 100   4   9   0   0    0.03    1.00   12.1   12.1    0.00
   12 GLUON         21   2  10  13  37  38    0.78   -1.96   37.1   37.1    0.75
   13 GLUON         21   2  10  14  39  40   -0.56   -0.77   66.9   66.9    0.75
   14 GLUON         21   2  10  15  41  42   -1.33   -0.57 1749.5 1749.5    0.75
   15 UU          2203   2  10  26  43  42    0.00    0.00 2556.6 2556.6    0.32
   16 UQRK          94 142   5   6  18  22   -0.83    2.43-1545.0 1544.8  -20.66
   17 CONE           0 100   5   8   0   0    0.31   -0.95   -2.3    2.5    0.00
   18 GLUON         21   2  16  19  44  45    1.42   -1.19  -31.6   31.6    0.75
   19 GLUON         21   2  16  20  46  47   -0.07    2.24  -61.7   61.8    0.75
   20 GLUON         21   2  16  21  48  49   -0.90   -1.14  -88.0   88.1    0.75
   21 GLUON         21   2  16  22  50  51    0.37   -2.34 -250.0  250.0    0.75
   22 UD          2101   2  16  33  52  51    0.00    0.00-4523.7 4523.7    0.32
   23 HIGGS         25 195   7   6 152 153 -140.90  314.55  217.9  426.5  125.00
   24 DQRK          94 144   8   6  26  30  137.95 -421.67-1403.5 1473.8   73.24
   25 CONE           0 100   8   5   0   0   -0.09    0.28   -2.4    2.4    0.00
   26 DQRK           1   2  24  27  53  43   45.42 -110.51 -390.6  408.5    0.32
   27 GLUON         21   2  24  28  54  55   47.72 -115.45 -405.1  423.9    0.75
   28 GLUON         21   2  24  29  56  57   41.92  -99.42 -343.8  360.3    0.75
   29 GLUON         21   2  24  30  58  59    3.04  -48.51 -131.2  140.0    0.75
   30 GLUON         21   2  24  44  60  61   -0.15  -47.77 -132.8  141.2    0.75
   31 UQRK          94 144   9   6  33  36    3.23  112.84 1730.7 1734.4    9.72
   32 CONE           0 100   9   4   0   0   -0.01   -0.34   10.2   10.2    0.00
   33 UQRK           2   2  31  34  62  52    1.43   80.25 1200.4 1203.0    0.32
   34 GLUON         21   2  31  35  63  64    1.21   16.66  242.8  243.4    0.75
   35 GLUON         21   2  31  36  65  66    1.02    7.40  133.9  134.1    0.75
   36 GLUON         21   2  31  37  67  68   -0.43    8.53  153.6  153.8    0.75

                              ---GLUON SPLITTING---   

 IHEP    ID      IDPDG IST MO1 MO2 DA1 DA2   P-X     P-Y     P-Z  ENERGY    MASS
   37 DBAR          -1 158  10  38 104  80    0.17   -0.37    7.3    7.3    0.32
   38 DQRK           1 158  10  39  83  37    0.39   -1.05   22.7   22.7    0.32
   39 UBAR          -2 158  10  40  83  38   -0.07   -0.34   31.0   31.0    0.32
   40 UQRK           2 158  10  71  84  39   -0.24   -0.21   29.2   29.2    0.32
   41 DBAR          -1 158  10  42 100  72   -0.77   -0.45 1074.5 1074.5    0.32
   42 DQRK           1 158  10  43  85  41   -0.46   -0.06  525.9  525.9    0.32
   43 UU          2203 161  10  53  85  42    0.00    0.00 2556.6 2556.6    0.32
   44 UBAR          -2 158  16  45 105  82    0.61   -0.68  -15.6   15.6    0.32
   45 UQRK           2 158  16  46  86  44    0.61   -0.31  -11.0   11.1    0.32
   46 DBAR          -1 158  16  47  86  45    0.05    0.54  -16.6   16.6    0.32
   47 DQRK           1 158  16  48  87  46   -0.12    1.70  -45.1   45.2    0.32
   48 DBAR          -1 158  16  49  87  47   -0.50   -0.83  -60.9   60.9    0.32
   49 DQRK           1 158  16  50  88  48   -0.40   -0.30  -27.1   27.1    0.32
   50 DBAR          -1 158  16  51  88  49    0.14   -1.18 -144.2  144.2    0.32
   51 DQRK           1 158  16  69  89  50    0.21   -1.07  -98.2   98.2    0.32
   52 UD          2101 162  16  62  99  70    0.00   -0.01-3893.4 3893.4    0.64
   53 DQRK           1 158  24  54  90  43   45.42 -110.51 -390.6  408.5    0.32
   54 UBAR          -2 158  24  55  90  53   34.23  -82.54 -289.7  303.1    0.32
   55 UQRK           2 158  24  56  91  54   13.49  -32.91 -115.4  120.8    0.32
   56 UBAR          -2 158  24  57  91  55   31.57  -74.98 -259.2  271.6    0.32
   57 UQRK           2 158  24  75  92  56    6.80  -16.07  -55.6   58.3    0.32
   58 DBAR          -1 158  24  59 101  74    1.56  -24.11  -65.7   70.0    0.32
   59 DQRK           1 158  24  60  93  58    1.15  -19.27  -51.6   55.1    0.32
   60 DBAR          -1 158  24  61  93  59    0.00  -14.51  -40.7   43.2    0.32
   61 DQRK           1 158  24  77  94  60   -0.11  -22.39  -62.0   66.0    0.32
   62 UQRK           2 158  31  63  95  52    1.43   80.25 1200.4 1203.0    0.32
   63 UBAR          -2 158  31  64  95  62    0.52    5.24   76.7   76.9    0.32
   64 UQRK           2 158  31  65  96  63    0.70   11.43  166.1  166.5    0.32
   65 UBAR          -2 158  31  66  96  64    0.61    4.75   82.9   83.1    0.32
   66 UQRK           2 158  31  67  97  65    0.41    2.64   51.0   51.1    0.32
   67 DBAR          -1 158  31  68  97  66   -0.06    4.27   78.9   79.0    0.32
   68 DQRK           1 158  31  79  98  67   -0.27    3.13   55.0   55.1    0.32
   69 UBAR          -2 159  16  70  89  51    0.00   -0.02 -519.4  519.4    0.32
   70 UQRK           2 159  16  52  99  69    0.01   -0.07 -118.5  118.5    0.32
   71 SBAR          -3 159  10  72  84  40   -0.18   -0.15   72.2   72.2    0.50
   72 SQRK           3 159  10  41 100  71   -0.17   -0.13   83.6   83.6    0.50
   73 UBAR          -2 159  24  74 102  76    0.29   -3.18   -8.8    9.4    0.32
   74 UQRK           2 159  24  58 101  73    0.96   -2.52   -8.5    8.9    0.32
   75 SBAR          -3 159  24  76  92  57    0.57   -2.63   -8.0    8.5    0.50
   76 SQRK           3 159  24  73 102  75    2.06   -5.17  -17.6   18.5    0.50
   77 UBAR          -2 159  16  78  94  61    0.05   -0.33   -2.1    2.2    0.32
   78 UQRK           2 159  24  81 103  77   -0.04   -8.46  -23.5   24.9    0.32
   79 DBAR          -1 159  10  80  98  68    0.20   -0.44    8.1    8.1    0.32
   80 DQRK           1 159  31  37 104  79   -0.08    1.03   18.8   18.8    0.32
   81 UBAR          -2 159  16  82 103  78    0.13   -0.25   -3.7    3.7    0.32
   82 UQRK           2 159  24  44 105  81   -0.00   -2.03   -5.8    6.1    0.32

                             ---CLUSTER FORMATION---  

 IHEP    ID      IDPDG IST MO1 MO2 DA1 DA2   P-X     P-Y     P-Z  ENERGY    MASS
   83 CLUS          91 183  38  39 106 107    0.32   -1.39   53.7   53.7    1.25
   84 CLUS          91 183  40  71 108 109   -0.43   -0.36  101.4  101.4    0.91
   85 CLUS          91 184  42  43 110 111   -0.46   -0.06 3082.4 3082.4    1.33
   86 CLUS          91 183  45  46 112 113    0.66    0.24  -27.6   27.7    1.27
   87 CLUS          91 183  47  48 114 115   -0.61    0.87 -106.1  106.1    2.79
   88 CLUS          91 183  49  50 116 117   -0.26   -1.48 -171.4  171.4    1.33
   89 CLUS          91 183  51  69 118 119    0.21   -1.08 -617.6  617.6    2.64
   90 CLUS          91 183  53  54 120 121   79.65 -193.05 -680.3  711.6    1.10
   91 CLUS          91 183  55  56 122 123   45.06 -107.89 -374.6  392.4    1.29
   92 CLUS          91 183  57  75 124 125    7.37  -18.70  -63.6   66.7    1.98
   93 CLUS          91 183  59  60 126 127    1.16  -33.78  -92.3   98.3    1.41
   94 CLUS          91 183  61  77 128 129   -0.05  -22.72  -64.2   68.1    2.94
   95 CLUS          91 183  62  63 130 131    1.95   85.48 1277.1 1279.9    2.20
   96 CLUS          91 183  64  65 132 133    1.30   16.18  249.0  249.5    1.55
   97 CLUS          91 183  66  67 134 135    0.35    6.92  129.9  130.1    0.87
   98 CLUS          91 183  68  79 136 137   -0.07    2.69   63.1   63.2    2.61
   99 CLUS          91 185  70  52 138 139    0.02   -0.08-4011.9 4011.9    2.02
  100 CLUS          91 183  72  41 140 141   -0.94   -0.58 1158.1 1158.1    1.96
  101 CLUS          91 183  74  58 142 143    2.52  -26.64  -74.2   78.9    2.84
  102 CLUS          91 183  76  73 144 145    2.35   -8.35  -26.5   27.9    1.57
  103 CLUS          91 183  78  81 146 147    0.09   -8.71  -27.1   28.6    2.84
  104 CLUS          91 183  80  37 148 149    0.09    0.66   26.1   26.1    1.47
  105 CLUS          91 183  82  44 150 151    0.61   -2.71  -21.4   21.8    2.98

                              ---CLUSTER DECAYS---    

 IHEP    ID      IDPDG IST MO1 MO2 DA1 DA2   P-X     P-Y     P-Z  ENERGY    MASS
  106 K0           311 197  83  10 182 182    0.24   -0.43   30.7   30.7    0.50
  107 K-          -321   1  83  10   0   0    0.08   -0.96   23.0   23.0    0.49
  108 PI+          211   1  84  10   0   0   -0.31   -0.19   19.7   19.7    0.14
  109 K0           311 197  84  10 183 183   -0.12   -0.17   81.8   81.8    0.50
  110 PI0          111   1  85  10   0   0   -0.18   -0.25  438.1  438.1    0.13
  111 P           2212   1  85  10   0   0   -0.28    0.20 2644.3 2644.3    0.94
  112 K+           321   1  86  16   0   0   -0.07    0.25  -12.1   12.1    0.49
  113 KBAR0       -311 197  86  16 184 184    0.73   -0.01  -15.5   15.6    0.50
  114 DELTA+      2214 197  87  16 185 186    0.35    0.28  -45.6   45.7    1.23
  115 DELTABR-   -2214 197  87  16 187 188   -0.96    0.58  -60.4   60.4    1.23
  116 ETA          221 197  88  16 189 191   -0.04   -0.61  -75.1   75.1    0.55
  117 RHO0         113 197  88  16 192 193   -0.22   -0.87  -96.3   96.3    0.77
  118 DELTA-      1114 197  89  16 194 195   -0.12   -0.73 -238.3  238.3    1.23
  119 DELTABR0   -2114 197  89  16 196 197    0.33   -0.35 -379.2  379.2    1.23
  120 RHO0         113 197  90  24 198 199   61.83 -150.11 -529.6  553.9    0.77
  121 PI-         -211   1  90  24   0   0   17.82  -42.94 -150.6  157.7    0.14
  122 PI+          211   1  91  24   0   0   26.78  -62.55 -218.4  228.8    0.14
  123 PI-         -211   1  91  24   0   0   18.28  -45.34 -156.2  163.7    0.14
  124 K*+          323 197  92  24 200 201    3.83  -10.29  -34.8   36.5    0.89
  125 PHI          333 197  92  24 202 203    3.54   -8.41  -28.9   30.3    1.02
  126 B_1-      -10213 197  93  24 204 205    1.03  -29.56  -81.1   86.3    1.23
  127 PI+          211   1  93  24   0   0    0.13   -4.22  -11.2   12.0    0.14
  128 A_20         115 197  94  24 206 207   -0.58   -8.30  -23.1   24.6    1.32
  129 B_1-      -10213 197  94  24 208 209    0.53  -14.42  -41.1   43.5    1.23
  130 PI+          211   1  95  31   0   0    1.00   56.19  840.6  842.4    0.14
  131 A_1-      -20213 197  95  31 210 211    0.95   29.29  436.5  437.5    1.23
  132 OMEGA        223 197  96  31 212 214    0.80   11.84  185.6  186.0    0.78
  133 ETA          221 197  96  31 215 217    0.50    4.34   63.4   63.5    0.55
  134 PI+          211   1  97  31   0   0    0.04    1.39   20.7   20.8    0.14
  135 PI0          111   1  97  31   0   0    0.31    5.53  109.1  109.3    0.13
  136 SIGMA0      3212 197  98  31 218 219   -0.09    1.10   24.9   24.9    1.19
  137 SGMA*BR0   -3214 197  98  31 220 221    0.02    1.59   38.2   38.3    1.38
  138 K+           321   1  99  16   0   0    0.01    0.45-2133.1 2133.1    0.49
  139 LAMBDA      3122 197  99  16 222 223    0.00   -0.53-1878.8 1878.8    1.12
  140 K*_2BAR0    -315 197 100  10 224 225   -1.01   -0.12  943.1  943.1    1.43
  141 PI0          111   1 100  10   0   0    0.08   -0.46  215.0  215.0    0.13
  142 SIGMA+      3222 197 101  24 226 227    1.09  -13.45  -39.0   41.3    1.19
  143 SGMA*BR0   -3214 197 101  24 228 229    1.42  -13.19  -35.2   37.6    1.38
  144 KBAR0       -311 197 102  24 230 230    1.30   -5.24  -15.4   16.3    0.50
  145 RHO-        -213 197 102  24 231 232    1.05   -3.11  -11.1   11.6    0.77
  146 LAMBDA      3122 197 103  24 233 234    0.67   -3.32  -10.7   11.3    1.12
  147 SGMA*BR0   -3214 197 103  24 235 236   -0.57   -5.39  -16.4   17.3    1.38
  148 OMEGA        223 197 104  31 237 239   -0.42    0.37   12.8   12.8    0.78
  149 PI0          111   1 104  31   0   0    0.51    0.29   13.3   13.3    0.13
  150 SIGMA0      3212 197 105  24 240 241    0.41   -0.59  -11.6   11.7    1.19
  151 SIGMABR0   -3212 197 105  24 242 243    0.20   -2.12   -9.7   10.0    1.19

                            ---H/W/Z BOSON DECAYS---  

 IHEP    ID      IDPDG IST MO1 MO2 DA1 DA2   P-X     P-Y     P-Z  ENERGY    MASS
  152 BQRK           5 123  23 153 154 153 -141.67  296.05  232.6  402.3    4.95
  153 BBAR          -5 124  23 152 158 152    0.77   18.51  -14.7   24.2    4.95

                              ---PARTON SHOWERS---    

 IHEP    ID      IDPDG IST MO1 MO2 DA1 DA2   P-X     P-Y     P-Z  ENERGY    MASS
  154 BQRK          94 143 152  23 156 157 -141.30  295.31  232.0  401.3    7.20
  155 CONE           0 100 152 153   0   0   -0.66    2.24    0.5    2.4    0.00
  156 BQRK           5   2 154 157 162 161 -101.23  208.84  166.1  285.4    4.95
  157 GLUON         21   2 154 160 163 164  -40.07   86.48   65.9  115.9    0.75
  158 BBAR          94 144 153  23 160 161    0.40   19.24  -14.1   25.2    8.05
  159 CONE           0 100 153 152   0   0   -0.40   -0.78    1.7    1.9    0.00
  160 GLUON         21   2 158 161 165 166   -0.69    1.26    0.2    1.6    0.75
  161 BBAR          -5   2 158 162 167 166    1.09   17.98  -14.3   23.6    4.95

                              ---GLUON SPLITTING---   

 IHEP    ID      IDPDG IST MO1 MO2 DA1 DA2   P-X     P-Y     P-Z  ENERGY    MASS
  162 BQRK           5 158 154 163 170 167 -101.23  208.84  166.1  285.4    4.95
  163 DBAR          -1 158 154 164 170 162  -19.97   42.66   32.6   57.3    0.32
  164 DQRK           1 158 154 168 171 163  -12.68   27.66   21.0   37.0    0.32
  165 UBAR          -2 158 158 166 173 169   -0.55    0.78    0.2    1.0    0.32
  166 UQRK           2 158 158 167 172 165   -0.08    0.43    0.1    0.5    0.32
  167 BBAR          -5 158 158 162 172 166    1.09   17.98  -14.3   23.6    4.95
  168 SBAR          -3 159 158 169 171 164   -4.81   10.45    7.9   14.0    0.50
  169 SQRK           3 159 154 165 173 168   -2.66    5.76    4.3    7.7    0.50

                             ---CLUSTER FORMATION---  

 IHEP    ID      IDPDG IST MO1 MO2 DA1 DA2   P-X     P-Y     P-Z  ENERGY    MASS
  170 CLUS          91 183 162 163 174 175 -121.20  251.50  198.7  342.7    5.98
  171 CLUS          91 183 164 168 176 177  -17.49   38.11   28.9   50.9    1.03
  172 CLUS          91 183 166 167 178 179    1.01   18.41  -14.3   24.1    6.07
  173 CLUS          91 183 169 165 180 181   -3.21    6.54    4.5    8.7    1.59

                              ---CLUSTER DECAYS---    

 IHEP    ID      IDPDG IST MO1 MO2 DA1 DA2   P-X     P-Y     P-Z  ENERGY    MASS
  174 B*_SBAR0    -533 197 170 154 244 245 -109.71  227.30  179.9  310.0    5.42
  175 KBAR0       -311 197 170 154 246 246  -11.50   24.20   18.8   32.7    0.50
  176 PI0          111   1 171 154   0   0   -7.73   17.73   13.4   23.5    0.13
  177 K0           311 197 171 154 247 247   -9.76   20.38   15.5   27.4    0.50
  178 PI+          211   1 172 158   0   0   -0.02    0.18   -0.0    0.2    0.14
  179 B*_20        515 197 172 158 248 249    1.03   18.23  -14.2   23.9    5.77
  180 K*-         -323 197 173 154 250 251   -1.38    3.17    1.7    3.9    0.89
  181 PI0          111   1 173 154   0   0   -1.83    3.37    2.8    4.8    0.13

                           ---STRONG HADRON DECAYS--- 

 IHEP    ID      IDPDG IST MO1 MO2 DA1 DA2   P-X     P-Y     P-Z  ENERGY    MASS
  182 K_S0         310 198 106  10 252 253    0.24   -0.43   30.7   30.7    0.50
  183 K_S0         310 198 109  10 254 255   -0.12   -0.17   81.8   81.8    0.50
  184 K_S0         310 198 113  16 256 257    0.73   -0.01  -15.5   15.6    0.50
  185 P           2212   1 114  16   0   0    0.33    0.37  -31.3   31.3    0.94
  186 PI0          111   1 114  16   0   0    0.02   -0.08  -14.3   14.3    0.13
  187 NBAR       -2112   1 115  16   0   0   -0.94    0.68  -55.4   55.4    0.94
  188 PI-         -211   1 115  16   0   0   -0.02   -0.09   -5.0    5.0    0.14
  189 PI0          111   1 116  16   0   0    0.09   -0.12  -10.4   10.4    0.13
  190 PI0          111   1 116  16   0   0   -0.07   -0.22  -29.4   29.4    0.13
  191 PI0          111   1 116  16   0   0   -0.06   -0.27  -35.3   35.3    0.13
  192 PI+          211   1 117  16   0   0   -0.42   -0.82  -71.1   71.1    0.14
  193 PI-         -211   1 117  16   0   0    0.19   -0.05  -25.2   25.2    0.14
  194 N           2112   1 118  16   0   0    0.01   -0.79 -195.4  195.4    0.94
  195 PI-         -211   1 118  16   0   0   -0.13    0.06  -42.9   42.9    0.14
  196 NBAR       -2112   1 119  16   0   0    0.05   -0.33 -262.1  262.1    0.94
  197 PI0          111   1 119  16   0   0    0.28   -0.02 -117.2  117.2    0.13
  198 PI+          211   1 120  24   0   0   12.16  -28.93 -101.9  106.6    0.14
  199 PI-         -211   1 120  24   0   0   49.67 -121.18 -427.7  447.3    0.14
  200 K0           311 198 124  24 258 258    2.74   -7.14  -23.3   24.5    0.50
  201 PI+          211   1 124  24   0   0    1.09   -3.14  -11.4   11.9    0.14
  202 K_L0         130   1 125  24   0   0    2.04   -4.77  -16.6   17.4    0.50
  203 K_S0         310 198 125  24 259 260    1.50   -3.64  -12.2   12.8    0.50
  204 OMEGA        223 198 126  24 261 262    0.68  -19.79  -55.3   58.7    0.78
  205 PI-         -211   1 126  24   0   0    0.35   -9.77  -25.8   27.6    0.14
  206 RHO+         213 198 128  24 263 264   -0.12   -3.51   -9.2    9.8    0.77
  207 PI-         -211   1 128  24   0   0   -0.47   -4.80  -13.9   14.7    0.14
  208 OMEGA        223 198 129  24 265 267    0.71   -9.86  -28.2   29.9    0.78
  209 PI-         -211   1 129  24   0   0   -0.18   -4.56  -12.9   13.7    0.14
  210 RHO0         113 198 131  31 268 269    0.36   12.27  181.3  181.8    0.77
  211 PI-         -211   1 131  31   0   0    0.59   17.01  255.2  255.8    0.14
  212 PI+          211   1 132  31   0   0    0.60    5.56   87.2   87.4    0.14
  213 PI-         -211   1 132  31   0   0   -0.07    2.63   42.4   42.4    0.14
  214 PI0          111   1 132  31   0   0    0.27    3.65   56.1   56.2    0.13
  215 PI0          111   1 133  31   0   0    0.09    0.73   11.4   11.4    0.13
  216 PI0          111   1 133  31   0   0    0.11    1.88   25.6   25.7    0.13
  217 PI0          111   1 133  31   0   0    0.30    1.73   26.4   26.4    0.13
  218 LAMBDA      3122 198 136  31 270 271   -0.10    0.94   22.7   22.8    1.12
  219 GAMMA         22   1 136  31   0   0    0.01    0.16    2.1    2.1    0.00
  220 LAMBDABR   -3122 198 137  31 272 273   -0.17    1.42   32.0   32.1    1.12
  221 PI0          111   1 137  31   0   0    0.19    0.17    6.2    6.2    0.13
  222 P           2212   1 139  16   0   0   -0.02   -0.35-1583.1 1583.1    0.94
  223 PI-         -211   1 139  16   0   0    0.02   -0.18 -295.7  295.7    0.14
  224 K-          -321   1 140  10   0   0   -1.23   -0.29  854.2  854.2    0.49
  225 PI+          211   1 140  10   0   0    0.22    0.18   88.9   88.9    0.14
  226 N           2112   1 142  24   0   0    0.95  -11.07  -31.6   33.5    0.94
  227 PI+          211   1 142  24   0   0    0.14   -2.37   -7.4    7.8    0.14
  228 LAMBDABR   -3122 198 143  24 274 275    1.34  -12.71  -33.6   36.0    1.12
  229 PI0          111   1 143  24   0   0    0.08   -0.48   -1.5    1.6    0.13
  230 K_S0         310 198 144  24 276 277    1.30   -5.24  -15.4   16.3    0.50
  231 PI-         -211   1 145  24   0   0    0.89   -2.61   -8.3    8.7    0.14
  232 PI0          111   1 145  24   0   0    0.16   -0.50   -2.9    2.9    0.13
  233 P           2212   1 146  24   0   0    0.62   -2.74   -8.7    9.2    0.94
  234 PI-         -211   1 146  24   0   0    0.04   -0.58   -2.0    2.1    0.14
  235 LAMBDABR   -3122 198 147  24 278 279   -0.40   -3.89  -12.4   13.1    1.12
  236 PI0          111   1 147  24   0   0   -0.17   -1.50   -4.0    4.3    0.13
  237 PI+          211   1 148  31   0   0   -0.13    0.14    7.1    7.1    0.14
  238 PI-         -211   1 148  31   0   0   -0.21    0.01    1.3    1.4    0.14
  239 PI0          111   1 148  31   0   0   -0.07    0.22    4.4    4.4    0.13
  240 LAMBDA      3122 198 150  24 280 281    0.34   -0.61  -11.0   11.0    1.12
  241 GAMMA         22   1 150  24   0   0    0.07    0.02   -0.7    0.7    0.00
  242 LAMBDABR   -3122 198 151  24 282 283    0.11   -1.93   -8.9    9.2    1.12
  243 GAMMA         22   1 151  24   0   0    0.09   -0.19   -0.8    0.8    0.00
  244 B_SBAR0     -531 200 174 154 284 284 -108.23  224.21  177.4  305.8    5.37
  245 GAMMA         22   1 174 154   0   0   -1.48    3.08    2.5    4.2    0.00
  246 K_S0         310 198 175 154 285 286  -11.50   24.20   18.8   32.7    0.50
  247 K_S0         310 198 177 154 287 288   -9.76   20.38   15.5   27.4    0.50
  248 B*0          513 198 179 158 289 290    0.75   15.66  -12.4   20.7    5.32
  249 PI0          111   1 179 158   0   0    0.28    2.57   -1.8    3.2    0.13
  250 K-          -321   1 180 154   0   0   -0.68    2.26    1.1    2.6    0.49
  251 PI0          111   1 180 154   0   0   -0.70    0.91    0.6    1.3    0.13
  252 PI+          211   1 182  10   0   0   -0.02   -0.34   12.8   12.8    0.14
  253 PI-         -211   1 182  10   0   0    0.26   -0.09   17.9   17.9    0.14
  254 PI+          211   1 183  10   0   0   -0.02   -0.03    7.3    7.3    0.14
  255 PI-         -211   1 183  10   0   0   -0.09   -0.13   74.5   74.5    0.14
  256 PI+          211   1 184  16   0   0    0.24   -0.08   -9.1    9.1    0.14
  257 PI-         -211   1 184  16   0   0    0.49    0.06   -6.5    6.5    0.14
  258 K_L0         130   1 200  24   0   0    2.74   -7.14  -23.3   24.5    0.50
  259 PI+          211   1 203  24   0   0    1.40   -3.29  -11.1   11.6    0.14
  260 PI-         -211   1 203  24   0   0    0.10   -0.35   -1.2    1.2    0.14
  261 PI0          111   1 204  24   0   0    0.52  -14.37  -39.1   41.7    0.13
  262 GAMMA         22   1 204  24   0   0    0.16   -5.41  -16.2   17.0    0.00
  263 PI+          211   1 206  24   0   0    0.09   -1.14   -3.9    4.1    0.14
  264 PI0          111   1 206  24   0   0   -0.20   -2.36   -5.3    5.8    0.13
  265 PI+          211   1 208  24   0   0    0.26   -4.64  -12.4   13.2    0.14
  266 PI-         -211   1 208  24   0   0    0.30   -3.04   -9.0    9.5    0.14
  267 PI0          111   1 208  24   0   0    0.15   -2.17   -6.8    7.2    0.13
  268 PI+          211   1 210  31   0   0    0.34   11.86  175.2  175.6    0.14
  269 PI-         -211   1 210  31   0   0    0.02    0.42    6.2    6.2    0.14
  270 N           2112   1 218  31   0   0   -0.18    0.78   19.9   20.0    0.94
  271 PI0          111   1 218  31   0   0    0.08    0.16    2.8    2.8    0.13
  272 NBAR       -2112   1 220  31   0   0   -0.07    1.26   28.8   28.8    0.94
  273 PI0          111   1 220  31   0   0   -0.10    0.15    3.2    3.2    0.13
  274 NBAR       -2112   1 228  24   0   0    1.11   -9.87  -26.2   28.0    0.94
  275 PI0          111   1 228  24   0   0    0.23   -2.84   -7.4    8.0    0.13
  276 PI0          111   1 230  24   0   0    0.30   -0.75   -2.2    2.4    0.13
  277 PI0          111   1 230  24   0   0    1.00   -4.49  -13.1   13.9    0.13
  278 PBAR       -2212   1 235  24   0   0   -0.41   -3.63  -11.5   12.1    0.94
  279 PI+          211   1 235  24   0   0    0.00   -0.25   -0.9    0.9    0.14
  280 P           2212   1 240  24   0   0    0.24   -0.61   -9.5    9.6    0.94
  281 PI-         -211   1 240  24   0   0    0.10   -0.00   -1.4    1.5    0.14
  282 NBAR       -2112   1 242  24   0   0    0.07   -1.74   -8.3    8.5    0.94
  283 PI0          111   1 242  24   0   0    0.04   -0.19   -0.6    0.7    0.13
  284 B_SBAR0     -531 199 244 154 292 293 -108.23  224.21  177.4  305.8    5.37
  285 PI+          211   1 246 154   0   0   -6.96   14.75   11.7   20.1    0.14
  286 PI-         -211   1 246 154   0   0   -4.54    9.44    7.1   12.7    0.14
  287 PI0          111   1 247 154   0   0   -4.98   10.78    8.3   14.5    0.13
  288 PI0          111   1 247 154   0   0   -4.78    9.60    7.2   12.9    0.13
  289 B_D0         511 200 248 158 291 291    0.75   15.63  -12.4   20.6    5.28
  290 GAMMA         22   1 248 158   0   0   -0.00    0.04   -0.1    0.1    0.00
  291 B_D0         511 199 289 158 326 327    0.75   15.63  -12.4   20.6    5.28

                           ---HEAVY PARTICLE DECAYS---

 IHEP    ID      IDPDG IST MO1 MO2 DA1 DA2   P-X     P-Y     P-Z  ENERGY    MASS
  292 BQRK           5 155 284 293 294 296  -98.15  203.33  160.9  277.3    4.87
  293 SBAR          -3 125 284 296 297 296  -10.08   20.88   16.5   28.5    0.50
  294 SQRK           3 123 292 295 298 295   -5.23    9.54    7.9   13.4    0.50
  295 CBAR          -4 124 292 294 300 294  -37.92   78.14   62.0  106.7    1.55
  296 CQRK           4 124 292 292 302 292  -54.99  115.66   91.0  157.1    1.55
  297 SBAR          -3 160 293 306 308 306  -10.08   20.88   16.5   28.5    0.50

                              ---PARTON SHOWERS---    

 IHEP    ID      IDPDG IST MO1 MO2 DA1 DA2   P-X     P-Y     P-Z  ENERGY    MASS
  298 SQRK          94 143 294 292 299 299   -5.23    9.54    7.9   13.4    0.50
  299 SQRK           3   2 298 301 304 301   -5.23    9.54    7.9   13.4    0.50
  300 CBAR          94 144 295 292 301 301  -37.92   78.14   62.0  106.7    1.55
  301 CBAR          -4   2 300 304 305 304  -37.92   78.14   62.0  106.7    1.55
  302 CQRK          94 144 296 292 303 303  -54.99  115.66   91.0  157.1    1.55
  303 CQRK           4   2 302 297 306 297  -54.99  115.66   91.0  157.1    1.55

                              ---GLUON SPLITTING---   

 IHEP    ID      IDPDG IST MO1 MO2 DA1 DA2   P-X     P-Y     P-Z  ENERGY    MASS
  304 SQRK           3 158 298 305 307 305   -5.23    9.54    7.9   13.4    0.50
  305 CBAR          -4 158 300 304 307 304  -37.92   78.14   62.0  106.7    1.55
  306 CQRK           4 158 302 297 308 297  -54.99  115.66   91.0  157.1    1.55

                             ---CLUSTER FORMATION---  

 IHEP    ID      IDPDG IST MO1 MO2 DA1 DA2   P-X     P-Y     P-Z  ENERGY    MASS
  307 CLUS          91 183 304 305 309 310  -42.22   85.49   68.2  117.3    2.71
  308 CLUS          91 183 306 297 311 311  -66.01  138.72  109.2  188.5    1.97

                              ---CLUSTER DECAYS---    

 IHEP    ID      IDPDG IST MO1 MO2 DA1 DA2   P-X     P-Y     P-Z  ENERGY    MASS
  309 KBAR0       -311 197 307 298 312 312   -5.07    9.48    7.8   13.3    0.50
  310 D-          -411 197 307 298 313 315  -37.15   76.01   60.5  104.0    1.87
  311 D_S+         431 196 308 302 316 317  -66.01  138.72  109.2  188.5    1.97

                           ---STRONG HADRON DECAYS--- 

 IHEP    ID      IDPDG IST MO1 MO2 DA1 DA2   P-X     P-Y     P-Z  ENERGY    MASS
  312 K_S0         310 198 309 298 318 319   -5.07    9.48    7.8   13.3    0.50
  313 NU_EBAR      -12   1 310 298   0   0  -17.76   35.48   28.2   48.7    0.00
  314 E-            11   1 310 298   0   0   -7.20   15.20   12.7   21.1    0.00
  315 K0           311 198 310 298 320 320  -12.19   25.33   19.6   34.3    0.50
  316 K+           321   1 311 302   0   0  -29.83   64.63   50.4   87.2    0.49
  317 KBAR0       -311 198 311 302 321 321  -36.18   74.09   58.8  101.3    0.50
  318 PI+          211   1 312 298   0   0   -1.73    3.08    2.3    4.2    0.14
  319 PI-         -211   1 312 298   0   0   -3.33    6.40    5.4    9.0    0.14
  320 K_S0         310 198 315 298 322 323  -12.19   25.33   19.6   34.3    0.50
  321 K_S0         310 198 317 302 324 325  -36.18   74.09   58.8  101.3    0.50
  322 PI+          211   1 320 298   0   0   -3.02    6.54    5.2    8.9    0.14
  323 PI-         -211   1 320 298   0   0   -9.17   18.79   14.4   25.4    0.14
  324 PI0          111   1 321 302   0   0  -17.97   36.91   29.0   50.3    0.13
  325 PI0          111   1 321 302   0   0  -18.21   37.18   29.8   51.0    0.13

                           ---HEAVY PARTICLE DECAYS---

 IHEP    ID      IDPDG IST MO1 MO2 DA1 DA2   P-X     P-Y     P-Z  ENERGY    MASS
  326 DQRK           1 125 291 330 331 330    0.05    0.95   -0.7    1.3    0.32
  327 BBAR          -5 155 291 326 328 330    0.70   14.68  -11.6   19.4    4.96
  328 DBAR          -1 123 327 329 332 329    1.35    9.34   -7.2   11.9    0.32
  329 UQRK           2 124 327 328 334 328    0.02    0.70   -1.7    1.9    0.32
  330 CBAR          -4 124 327 327 336 327   -0.67    4.64   -2.7    5.6    1.55
  331 DQRK           1 160 326 340 341 340    0.05    0.95   -0.7    1.3    0.32

                              ---PARTON SHOWERS---    

 IHEP    ID      IDPDG IST MO1 MO2 DA1 DA2   P-X     P-Y     P-Z  ENERGY    MASS
  332 DBAR          94 143 328 327 333 333    1.35    9.34   -7.2   11.9    0.32
  333 DBAR          -1   2 332 335 338 335    1.35    9.34   -7.2   11.9    0.32
  334 UQRK          94 144 329 327 335 335    0.02    0.70   -1.7    1.9    0.32
  335 UQRK           2   2 334 338 339 338    0.02    0.70   -1.7    1.9    0.32
  336 CBAR          94 144 330 327 337 337   -0.67    4.64   -2.7    5.6    1.55
  337 CBAR          -4   2 336 331 340 331   -0.67    4.64   -2.7    5.6    1.55

                              ---GLUON SPLITTING---   

 IHEP    ID      IDPDG IST MO1 MO2 DA1 DA2   P-X     P-Y     P-Z  ENERGY    MASS
  338 DBAR          -1 158 332 339 342 339    1.35    9.34   -7.2   11.9    0.32
  339 UQRK           2 158 334 338 342 338    0.02    0.70   -1.7    1.9    0.32
  340 CBAR          -4 158 336 331 341 331   -0.67    4.64   -2.7    5.6    1.55

                             ---CLUSTER FORMATION---  

 IHEP    ID      IDPDG IST MO1 MO2 DA1 DA2   P-X     P-Y     P-Z  ENERGY    MASS
  341 CLUS          91 183 331 340 343 343   -0.67    5.43   -3.3    6.7    1.87
  342 CLUS          91 183 339 338 344 345    1.42   10.19   -9.1   14.0    2.64

                              ---CLUSTER DECAYS---    

 IHEP    ID      IDPDG IST MO1 MO2 DA1 DA2   P-X     P-Y     P-Z  ENERGY    MASS
  343 D-          -411 196 341 326 346 350   -0.67    5.43   -3.3    6.7    1.87
  344 A_20         115 197 342 334 351 352    0.35    2.97   -3.5    4.8    1.32
  345 PI+          211   1 342 334   0   0    1.07    7.22   -5.6    9.2    0.14

                           ---STRONG HADRON DECAYS--- 

 IHEP    ID      IDPDG IST MO1 MO2 DA1 DA2   P-X     P-Y     P-Z  ENERGY    MASS
  346 PI-         -211   1 343 326   0   0   -0.33    1.11   -0.7    1.3    0.14
  347 PI-         -211   1 343 326   0   0    0.25    1.01   -0.6    1.2    0.14
  348 PI-         -211   1 343 326   0   0    0.04    0.37   -0.3    0.5    0.14
  349 PI+          211   1 343 326   0   0   -0.30    0.84   -0.6    1.1    0.14
  350 RHO+         213 198 343 326 353 354   -0.33    2.11   -1.2    2.6    0.77
  351 RHO-        -213 198 344 334 355 356    0.62    2.63   -3.0    4.1    0.77
  352 PI+          211   1 344 334   0   0   -0.27    0.35   -0.4    0.6    0.14
  353 PI+          211   1 350 326   0   0   -0.37    0.76   -0.2    0.9    0.14
  354 PI0          111   1 350 326   0   0    0.03    1.35   -1.0    1.7    0.13
  355 PI-         -211   1 351 334   0   0    0.27    1.19   -0.9    1.5    0.14
  356 PI0          111   1 351 334   0   0    0.36    1.44   -2.2    2.6    0.13

 HWWARN CALLED FROM SUBPROGRAM HWDFOR: CODE = 101
 EVENT     378:   SEEDS = 2107107435 & 1819853250  WEIGHT =-0.5997E-03
 EVENT KILLED.   EXECUTION CONTINUES

 HWWARN CALLED FROM SUBPROGRAM HWDFIV: CODE = 101
 EVENT     612:   SEEDS =  515369561 &  688386553  WEIGHT = 0.5997E-03
 EVENT KILLED.   EXECUTION CONTINUES

 HWWARN CALLED FROM SUBPROGRAM HWDFIV: CODE = 101
 EVENT    1766:   SEEDS =  213964555 & 1828874257  WEIGHT =-0.5997E-03
 EVENT KILLED.   EXECUTION CONTINUES

 HWWARN CALLED FROM SUBPROGRAM HWDFIV: CODE = 101
 EVENT    4357:   SEEDS =  951056139 &  842691440  WEIGHT = 0.5997E-03
 EVENT KILLED.   EXECUTION CONTINUES

 HWWARN CALLED FROM SUBPROGRAM HWDFOR: CODE = 101
 EVENT    5883:   SEEDS =  691630084 & 1251549385  WEIGHT =-0.5997E-03
 EVENT KILLED.   EXECUTION CONTINUES

 HWWARN CALLED FROM SUBPROGRAM HWDFIV: CODE = 101
 EVENT    8124:   SEEDS = 1281867447 &  453122130  WEIGHT = 0.5997E-03
 EVENT KILLED.   EXECUTION CONTINUES

 HWWARN CALLED FROM SUBPROGRAM HWDFIV: CODE = 101
 EVENT    9218:   SEEDS = 1047760856 & 2140815377  WEIGHT = 0.5997E-03
 EVENT KILLED.   EXECUTION CONTINUES

          OUTPUT ON LES HOUCHES EVENTS


      PROC CODE  XSECT(pb)        XERR(pb)      Max wgt(nb) No. of events


          OUTPUT ON ELEMENTARY PROCESS

          N.B. NEGATIVE WEIGHTS ALLOWED

          NUMBER OF EVENTS   =        9993
          NEGATIVE  EVENTS   =        2616
          NUMBER OF WEIGHTS  =       10000
          NEGATIVE  WEIGHTS  =        2619
          MEAN VALUE OF WGT  =  2.8559E-04
          RMS SPREAD IN WGT  =  5.2735E-04
          MEAN ABS WEIGHT    =  5.9972E-04
          ACTUAL MAX ABS WGT =  1.0000E+00
          ASSUMED MAXABS WGT =  2.8559E-04

          PROCESS CODE IPROC =      -18000
          CROSS SECTION (PB) =  0.2856    
          ERROR IN C-S  (PB) =  5.2735E-03
          EFFICIENCY PERCENT =   100.0    
 # of events processed=        9993
