 A PDF is used, so alpha_s(MZ) is going to be modified
 Old value of alpha_s from param_card:   0.11799999999999999     
  ****************************************
 
       NNPDFDriver version 1.0.3
   Grid: NNPDF23_lo_as_0130_qed_mem0.grid
  ****************************************
 New value of alpha_s from PDF nn23lo1:  0.13000000000000000     
 *****************************************************
 *               MadGraph/MadEvent                   *
 *        --------------------------------           *
 *          http://madgraph.hep.uiuc.edu             *
 *          http://madgraph.phys.ucl.ac.be           *
 *          http://madgraph.roma2.infn.it            *
 *        --------------------------------           *
 *                                                   *
 *          PARAMETER AND COUPLING VALUES            *
 *                                                   *
 *****************************************************

  External Params
  ---------------------------------
  
 MU_R =    91.188000000000002     
 aEWM1 =    132.50700000000001     
 mdl_Gf =    1.1663900000000000E-005
 aS =   0.11799999999999999     
 mdl_ymb =    4.7000000000000002     
 mdl_ymt =    173.00000000000000     
 mdl_ymtau =    1.7769999999999999     
 mdl_MT =    173.00000000000000     
 mdl_MB =    4.7000000000000002     
 mdl_MZ =    91.188000000000002     
 mdl_MH =    125.00000000000000     
 mdl_MTA =    1.7769999999999999     
 mdl_WT =    1.4915000000000000     
 mdl_WZ =    2.4414039999999999     
 mdl_WW =    2.0476000000000001     
 mdl_WH =    6.3823389999999999E-003
  Internal Params
  ---------------------------------
  
 mdl_conjg__CKM3x3 =    1.0000000000000000     
 mdl_CKM22 =    1.0000000000000000     
 mdl_lhv =    1.0000000000000000     
 mdl_CKM3x3 =    1.0000000000000000     
 mdl_conjg__CKM22 =    1.0000000000000000     
 mdl_conjg__CKM33 =    1.0000000000000000     
 mdl_Ncol =    3.0000000000000000     
 mdl_CA =    3.0000000000000000     
 mdl_TF =   0.50000000000000000     
 mdl_CF =    1.3333333333333333     
 mdl_complexi =                (0.0000000000000000,1.0000000000000000)
 mdl_MZ__exp__2 =    8315.2513440000002     
 mdl_MZ__exp__4 =    69143404.913893804     
 mdl_sqrt__2 =    1.4142135623730951     
 mdl_MH__exp__2 =    15625.000000000000     
 mdl_Ncol__exp__2 =    9.0000000000000000     
 mdl_MB__exp__2 =    22.090000000000003     
 mdl_MT__exp__2 =    29929.000000000000     
 mdl_aEW =    7.5467711139788835E-003
 mdl_MW =    80.419002445756163     
 mdl_sqrt__aEW =    8.6872153846781555E-002
 mdl_ee =   0.30795376724436879     
 mdl_MW__exp__2 =    6467.2159543705357     
 mdl_sw2 =   0.22224648578577766     
 mdl_cw =   0.88190334743339216     
 mdl_sqrt__sw2 =   0.47143025548407230     
 mdl_sw =   0.47143025548407230     
 mdl_g1 =   0.34919219678733299     
 mdl_gw =   0.65323293034757990     
 mdl_v =    246.21845810181637     
 mdl_v__exp__2 =    60623.529110035903     
 mdl_lam =   0.12886910601690263     
 mdl_yb =    2.6995554250465490E-002
 mdl_yt =   0.99366614581500623     
 mdl_ytau =    1.0206617000654717E-002
 mdl_muH =    88.388347648318430     
 mdl_AxialZUp =  -0.18517701861793787     
 mdl_AxialZDown =   0.18517701861793787     
 mdl_VectorZUp =    7.5430507588273299E-002
 mdl_VectorZDown =  -0.13030376310310560     
 mdl_VectorAUp =   0.20530251149624587     
 mdl_VectorADown =  -0.10265125574812294     
 mdl_VectorWmDxU =   0.23095271737156670     
 mdl_AxialWmDxU =  -0.23095271737156670     
 mdl_VectorWpUxD =   0.23095271737156670     
 mdl_AxialWpUxD =  -0.23095271737156670     
 mdl_I1x33 =          (2.69955542504654901E-002,0.0000000000000000)
 mdl_I2x33 =               (0.99366614581500623,0.0000000000000000)
 mdl_I3x33 =               (0.99366614581500623,0.0000000000000000)
 mdl_I4x33 =          (2.69955542504654901E-002,0.0000000000000000)
 mdl_Vector_tbGp =              (-0.96667059156454072,0.0000000000000000)
 mdl_Axial_tbGp =              (-1.0206617000654716,-0.0000000000000000)
 mdl_Vector_tbGm =               (0.96667059156454072,0.0000000000000000)
 mdl_Axial_tbGm =              (-1.0206617000654716,-0.0000000000000000)
 mdl_gw__exp__2 =   0.42671326129048615     
 mdl_cw__exp__2 =   0.77775351421422245     
 mdl_ee__exp__2 =    9.4835522759998875E-002
 mdl_sw__exp__2 =   0.22224648578577769     
 mdl_yb__exp__2 =    7.2875994928982540E-004
 mdl_yt__exp__2 =   0.98737240933884918     
  Internal Params evaluated point by point
  ----------------------------------------
  
 mdl_sqrt__aS =   0.34351128074635334     
 mdl_G__exp__4 =    2.1987899468922913     
 mdl_G__exp__2 =    1.4828317324943823     
 mdl_R2MixedFactor_FIN_ =   -2.5040377713124864E-002
 mdl_G_UVg_1EPS_ =   -5.1645779033320030E-002
 mdl_G_UVq_1EPS_ =    3.1300472141406080E-003
 mdl_GWcft_UV_b_1EPS_ =   -3.1300472141406080E-003
 mdl_GWcft_UV_t_1EPS_ =   -3.1300472141406080E-003
 mdl_bWcft_UV_1EPS_ =   -1.8780283284843650E-002
 mdl_tWcft_UV_1EPS_ =   -1.8780283284843650E-002
 mdl_G__exp__3 =    1.8056676068262196     
 mdl_MU_R__exp__2 =    8315.2513440000002     
 mdl_G_UVb_FIN_ =    1.8563438626678915E-002
 mdl_G_UVt_FIN_ =   -4.0087659331150384E-003
 mdl_GWcft_UV_b_FIN_ =   -1.8563438626678915E-002
 mdl_GWcft_UV_t_FIN_ =    4.0087659331150384E-003
 mdl_bWcft_UV_FIN_ =  -0.13642100947319838     
 mdl_tWcft_UV_FIN_ =   -9.8778211443463623E-004
  Couplings of loop_sm
  ---------------------------------
  
      UV_GQQb =   0.00000E+00   0.22605E-01
      UV_GQQt =   0.00000E+00  -0.48815E-02
   UVWfct_G_2 =   0.40088E-02   0.00000E+00
   UVWfct_G_1 =  -0.18563E-01   0.00000E+00
    R2_UUZ_V2 =  -0.00000E+00  -0.72127E-02
    R2_UUZ_V5 =   0.00000E+00   0.68702E-03
      R2_sxcW =  -0.00000E+00  -0.11566E-01
      R2_GGHb =   0.00000E+00  -0.33698E-02
      R2_GGHt =   0.00000E+00  -0.45657E+01
     R2_GGZup =  -0.46369E-02   0.00000E+00
         GC_4 =  -0.12177E+01   0.00000E+00
         GC_5 =   0.00000E+00   0.12177E+01
       R2_GQQ =  -0.00000E+00  -0.30492E-01
       R2_QQq =   0.00000E+00   0.12520E-01
 UV_GQQg_1eps =   0.00000E+00  -0.62890E-01
 UV_GQQq_1eps =   0.00000E+00   0.38115E-02
 UVWfct_G_2_1eps -0.31300E-02   0.00000E+00
        GC_22 =   0.00000E+00   0.28804E+00
        GC_23 =  -0.00000E+00  -0.27437E-01
        GC_31 =   0.00000E+00   0.52532E+02
        GC_32 =   0.00000E+00   0.67544E+02
        GC_33 =  -0.00000E+00  -0.19089E-01
        GC_37 =  -0.00000E+00  -0.70263E+00
        GC_47 =   0.00000E+00   0.46191E+00

 Collider parameters:
 --------------------

 Running at P P   machine @    13000.000000000000       GeV
 PDF set = nn23lo1
 alpha_s(Mz)= 0.1300 running at 2 loops.
 alpha_s(Mz)= 0.1300 running at 2 loops.
 Renormalization scale set on event-by-event basis
 Factorization   scale set on event-by-event basis


 ===============================================================
 INFO: MadFKS read these parameters from FKS_params.dat
 ===============================================================
  > IRPoleCheckThreshold      =    1.0000000000000001E-005
  > PrecisionVirtualAtRunTime =    1.0000000000000000E-003
  > NHelForMCoverHels         =            4
  > VirtualFraction           =    1.0000000000000000     
  > MinVirtualFraction        =    5.0000000000000001E-003
 ===============================================================
  Insert the number of points to test
 Insert the relative tolerance
  A negative number will mean use the default one:    1.0000000000000001E-005
Using random seed offsets:     1 ,      5 ,      0
  with seed                26142
 Ranmar initialization seeds       13122        6498
  ========================================================================================== 
 {                                                                                          }
 {       [32m                                                                            [0m       }
 {       [32m                               ,,                                           [0m       }
 {       [32m`7MMM.     ,MMF'             `7MM  `7MMF'                                   [0m       }
 {       [32m  MMMb    dPMM                 MM    MM                                     [0m       }
 {       [32m  M YM   ,M MM   ,6"Yb.   ,M""bMM    MM         ,pW"Wq.   ,pW"Wq.`7MMpdMAo. [0m       }
 {       [32m  M  Mb  M' MM  8)   MM ,AP    MM    MM        6W'   `Wb 6W'   `Wb MM   `Wb [0m       }
 {       [32m  M  YM.P'  MM   ,pm9MM 8MI    MM    MM      , 8M     M8 8M     M8 MM    M8 [0m       }
 {       [32m  M  `YM'   MM  8M   MM `Mb    MM    MM     ,M YA.   ,A9 YA.   ,A9 MM   ,AP [0m       }
 {       [32m.JML. `'  .JMML.`Moo9^Yo.`Wbmd"MML..JMMmmmmMMM  `Ybmd9'   `Ybmd9'  MMbmmd'  [0m       }
 {       [32m                                                                   MM       [0m       }
 {       [32m                                                                 .JMML.     [0m       }
 {       [32m[0mv2.6.7 (2019-10-16), Ref: arXiv:1103.0621v2, arXiv:1405.0301[32m                [0m       }
 {       [32m                                                                            [0m       }
 {                                                                                          }
  ========================================================================================== 
 ===============================================================
 INFO: MadLoop read these parameters from ./MadLoop5_resources/MadLoopParams.dat                                                                                                                                                                                                                                                                                                                                                                                                                                                                                          
 ===============================================================
  > MLReductionLib            = 6|7|1
  > CTModeRun                 =           -1
  > MLStabThres               =    1.0000000000000000E-003
  > NRotations_DP             =            0
  > NRotations_QP             =            0
  > CTStabThres               =    1.0000000000000000E-002
  > CTLoopLibrary             =            2
  > CTModeInit                =            1
  > CheckCycle                =            3
  > MaxAttempts               =           10
  > UseLoopFilter             =  F
  > HelicityFilterLevel       =            2
  > ImprovePSPoint            =            2
  > DoubleCheckHelicityFilter =  T
  > LoopInitStartOver         =  F
  > HelInitStartOver          =  F
  > ZeroThres                 =    1.0000000000000001E-009
  > OSThres                   =    1.0000000000000000E-008
  > WriteOutFilters           =  T
  > UseQPIntegrandForNinja    =  T
  > UseQPIntegrandForCutTools =  T
  > IREGIMODE                 =            2
  > IREGIRECY                 =  T
  > COLLIERMode               =            1
  > COLLIERRequiredAccuracy   =    1.0000000000000000E-008
  > COLLIERCanOutput          =  F
  > COLLIERComputeUVpoles     =  T
  > COLLIERComputeIRpoles     =  T
  > COLLIERGlobalCache        =           -1
  > COLLIERUseCacheForPoles   =  F
  > COLLIERUseInternalStabilityTest =  T
 ===============================================================
  
------------------------------------------------------------------------
|              You are using CutTools - Version 1.9.3                  |
|              Authors: G. Ossola, C. Papadopoulos, R. Pittau          |
|              Published in JHEP 0803:042,2008                         |
|              http://www.ugr.es/~pittau/CutTools                      |
|                                                                      |
|              Compiler with  34  significant digits detetected        |
 ---------------------------------------------------------------------- 
   
########################################################################
#                                                                      #
#                      You are using OneLOop-3.6                       #
#                                                                      #
# for the evaluation of 1-loop scalar 1-, 2-, 3- and 4-point functions #

  +----------------------------------------------------------------+
  |                                                                |
  |  Ninja - version 1.2.0                                         |
  |                                                                |
  |  Author: Tiziano Peraro                                        |
  |                                                                |
  |  Based on:                                                     |
  |                                                                |
  |      P. Mastrolia, E. Mirabella and T. Peraro,                 |
  |      "Integrand reduction of one-loop scattering amplitudes    |
  |      through Laurent series expansion,"                        |
  |      JHEP 1206 (2012) 095  [arXiv:1203.0291 [hep-ph]].         |
  |                                                                |
  |      T. Peraro,                                                |
  |      "Ninja: Automated Integrand Reduction via Laurent         |
  |      Expansion for One-Loop Amplitudes,"                       |
  |      Comput.Phys.Commun. 185 (2014) [arXiv:1403.1229 [hep-ph]] |
  |                                                                |
  +----------------------------------------------------------------+


#                                                                      #
# author: Andreas van Hameren <hamerenREMOVETHIS@ifj.edu.pl>           #
#   date: 18-02-2015                                                   #
#                                                                      #
# Please cite                                                          #
#    A. van Hameren,                                                   #
#      Comput.Phys.Commun. 182 (2011) 2427-2438, arXiv:1007.4716       #
#    A. van Hameren, C.G. Papadopoulos and R. Pittau,                  #
#      JHEP 0909:106,2009, arXiv:0903.4665                             #
# in publications with results obtained with the help of this program. #
#                                                                      #
########################################################################
########################################################################
#                                                                      #
#                      You are using OneLOop-3.6                       #
#                                                                      #
# for the evaluation of 1-loop scalar 1-, 2-, 3- and 4-point functions #
#                                                                      #
# author: Andreas van Hameren <hamerenREMOVETHIS@ifj.edu.pl>           #
#   date: 18-02-2015                                                   #
#                                                                      #
# Please cite                                                          #
#    A. van Hameren,                                                   #
#      Comput.Phys.Commun. 182 (2011) 2427-2438, arXiv:1007.4716       #
#    A. van Hameren, C.G. Papadopoulos and R. Pittau,                  #
#      JHEP 0909:106,2009, arXiv:0903.4665                             #
# in publications with results obtained with the help of this program. #
#                                                                      #
########################################################################
 PASSED   1.0000000000000001E-005
 MU_R    =    325.00000000000000     
 ALPHA_S =   0.11799999999999999     
 BORN                    2.5572106075858749E-004
 SINGLE POLE (MadFKS)   -1.4561944490334212E-006
 DOUBLE POLE (MadFKS)   -1.2806703901191967E-005
 SINGLE POLE (MadLoop)  -1.4561944490330421E-006
 DOUBLE POLE (MadLoop)  -1.2806703901191951E-005
 FINITE PART (MadLoop)   2.6296488117319656E-005
   325.00000000000000        0.0000000000000000        0.0000000000000000        325.00000000000000        0.0000000000000000     
   325.00000000000000        0.0000000000000000        0.0000000000000000       -325.00000000000000        0.0000000000000000     
   330.62288358153859       -107.45445607111078        14.980186293161726        286.20905827184345        125.00000000000000     
   319.37711641846170        107.45445607111074       -14.980186293161719       -286.20905827184350        91.188000000000002     

 PASSED   1.0000000000000001E-005
 MU_R    =    325.00000000000000     
 ALPHA_S =   0.11799999999999999     
 BORN                    5.6277954341190002E-004
 SINGLE POLE (MadFKS)   -3.2047280138558292E-006
 DOUBLE POLE (MadFKS)   -2.8184424672507856E-005
 SINGLE POLE (MadLoop)  -3.2047280138556238E-006
 DOUBLE POLE (MadLoop)  -2.8184424672507832E-005
 FINITE PART (MadLoop)   5.7872142138394131E-005
   325.00000000000000        0.0000000000000000        0.0000000000000000        325.00000000000000        0.0000000000000000     
   325.00000000000000        0.0000000000000000        0.0000000000000000       -325.00000000000000        0.0000000000000000     
   330.62288358153853        50.705158812372225       -208.09361873880309        218.66075061101728        125.00000000000000     
   319.37711641846181       -50.705158812372240        208.09361873880309       -218.66075061101728        91.188000000000002     

 PASSED   1.0000000000000001E-005
 MU_R    =    325.00000000000000     
 ALPHA_S =   0.11799999999999999     
 BORN                    5.0178319077618272E-004
 SINGLE POLE (MadFKS)   -2.8573864618697358E-006
 DOUBLE POLE (MadFKS)   -2.5129681254265219E-005
 SINGLE POLE (MadLoop)  -2.8573864618697003E-006
 DOUBLE POLE (MadLoop)  -2.5129681254265151E-005
 FINITE PART (MadLoop)   5.1599722269933503E-005
   325.00000000000000        0.0000000000000000        0.0000000000000000        325.00000000000000        0.0000000000000000     
   325.00000000000000        0.0000000000000000        0.0000000000000000       -325.00000000000000        0.0000000000000000     
   330.62288358153859        40.910567754298995        193.45749454997161       -233.63864063172471        125.00000000000000     
   319.37711641846175       -40.910567754298995       -193.45749454997161        233.63864063172471        91.188000000000002     

 PASSED   1.0000000000000001E-005
 MU_R    =    325.00000000000000     
 ALPHA_S =   0.11799999999999999     
 BORN                    9.2142163586946468E-004
 SINGLE POLE (MadFKS)   -5.2470026027269709E-006
 DOUBLE POLE (MadFKS)   -4.6145491590433602E-005
 SINGLE POLE (MadLoop)  -5.2470026027268303E-006
 DOUBLE POLE (MadLoop)  -4.6145491590433541E-005
 FINITE PART (MadLoop)   9.4752278231614902E-005
   325.00000000000000        0.0000000000000000        0.0000000000000000        325.00000000000000        0.0000000000000000     
   325.00000000000000        0.0000000000000000        0.0000000000000000       -325.00000000000000        0.0000000000000000     
   330.62288358153808        110.38159583246896        271.14949148195478       -89.332791954169281        125.00000000000000     
   319.37711641846226       -110.38159583246903       -271.14949148195473        89.332791954169082        91.188000000000002     

 PASSED   1.0000000000000001E-005
 MU_R    =    325.00000000000000     
 ALPHA_S =   0.11799999999999999     
 BORN                    8.8340075226145626E-004
 SINGLE POLE (MadFKS)   -5.0304940386959554E-006
 DOUBLE POLE (MadFKS)   -4.4241377017371023E-005
 SINGLE POLE (MadLoop)  -5.0304940386958318E-006
 DOUBLE POLE (MadLoop)  -4.4241377017370948E-005
 FINITE PART (MadLoop)   9.0842487966234797E-005
   325.00000000000000        0.0000000000000000        0.0000000000000000        325.00000000000000        0.0000000000000000     
   325.00000000000000        0.0000000000000000        0.0000000000000000       -325.00000000000000        0.0000000000000000     
   330.62288358153859       -175.74518983363035        224.93782581068410       -110.46761479128237        125.00000000000000     
   319.37711641846170        175.74518983363055       -224.93782581068410        110.46761479128187        91.188000000000002     

 PASSED   1.0000000000000001E-005
 MU_R    =    325.00000000000000     
 ALPHA_S =   0.11799999999999999     
 BORN                    9.7297940536368046E-004
 SINGLE POLE (MadFKS)   -5.5405964800529276E-006
 DOUBLE POLE (MadFKS)   -4.8727543634796376E-005
 SINGLE POLE (MadLoop)  -5.5405964800492015E-006
 DOUBLE POLE (MadLoop)  -4.8727543634796355E-005
 FINITE PART (MadLoop)   1.0005410307479946E-004
   325.00000000000000        0.0000000000000000        0.0000000000000000        325.00000000000000        0.0000000000000000     
   325.00000000000000        0.0000000000000000        0.0000000000000000       -325.00000000000000        0.0000000000000000     
   330.62288358153899       -285.02160873573825       -100.97044626451095        47.477812529740419        125.00000000000000     
   319.37711641846130        285.02160873573655        100.97044626451098       -47.477812529740213        91.188000000000002     

 PASSED   1.0000000000000001E-005
 MU_R    =    325.00000000000000     
 ALPHA_S =   0.11799999999999999     
 BORN                    9.8543539740248418E-004
 SINGLE POLE (MadFKS)   -5.6115266819311028E-006
 DOUBLE POLE (MadFKS)   -4.9351349125683017E-005
 SINGLE POLE (MadLoop)  -5.6115266819309012E-006
 DOUBLE POLE (MadLoop)  -4.9351349125683017E-005
 FINITE PART (MadLoop)   1.0133498641570039E-004
   325.00000000000000        0.0000000000000000        0.0000000000000000        325.00000000000000        0.0000000000000000     
   325.00000000000000        0.0000000000000000        0.0000000000000000       -325.00000000000000        0.0000000000000000     
   330.62288358153864        270.79114474333130       -139.59912243346071        29.508169922505481        125.00000000000000     
   319.37711641846164       -270.79114474333130        139.59912243346071       -29.508169922505481        91.188000000000002     

 PASSED   1.0000000000000001E-005
 MU_R    =    325.00000000000000     
 ALPHA_S =   0.11799999999999999     
 BORN                    8.9753865919741673E-004
 SINGLE POLE (MadFKS)   -5.1110018448970623E-006
 DOUBLE POLE (MadFKS)   -4.4949414076869939E-005
 SINGLE POLE (MadLoop)  -5.1110018448971216E-006
 DOUBLE POLE (MadLoop)  -4.4949414076869845E-005
 FINITE PART (MadLoop)   9.2296327163685288E-005
   325.00000000000000        0.0000000000000000        0.0000000000000000        325.00000000000000        0.0000000000000000     
   325.00000000000000        0.0000000000000000        0.0000000000000000       -325.00000000000000        0.0000000000000000     
   330.62288358153859       -242.69498670056217       -155.41155432035700       -103.11587347211044        125.00000000000000     
   319.37711641846175        242.69498670056217        155.41155432035700        103.11587347211044        91.188000000000002     

 PASSED   1.0000000000000001E-005
 MU_R    =    325.00000000000000     
 ALPHA_S =   0.11799999999999999     
 BORN                    9.4560609946714230E-004
 SINGLE POLE (MadFKS)   -5.3847201670891573E-006
 DOUBLE POLE (MadFKS)   -4.7356667796983928E-005
 SINGLE POLE (MadLoop)  -5.3847201670882416E-006
 DOUBLE POLE (MadLoop)  -4.7356667796983888E-005
 FINITE PART (MadLoop)   9.7239232015296009E-005
   325.00000000000000        0.0000000000000000        0.0000000000000000        325.00000000000000        0.0000000000000000     
   325.00000000000000        0.0000000000000000        0.0000000000000000       -325.00000000000000        0.0000000000000000     
   330.62288358153864       -206.39817503160106        213.99055287370524       -72.762131443507485        125.00000000000000     
   319.37711641846170        206.39817503160100       -213.99055287370524        72.762131443507513        91.188000000000002     

 PASSED   1.0000000000000001E-005
 MU_R    =    325.00000000000000     
 ALPHA_S =   0.11799999999999999     
 BORN                    8.7430084464900130E-004
 SINGLE POLE (MadFKS)   -4.9786749397423449E-006
 DOUBLE POLE (MadFKS)   -4.3785646769830199E-005
 SINGLE POLE (MadLoop)  -4.9786749397417274E-006
 DOUBLE POLE (MadLoop)  -4.3785646769830010E-005
 FINITE PART (MadLoop)   8.9906719861368434E-005
   325.00000000000000        0.0000000000000000        0.0000000000000000        325.00000000000000        0.0000000000000000     
   325.00000000000000        0.0000000000000000        0.0000000000000000       -325.00000000000000        0.0000000000000000     
   330.62288358153756        125.32831078782617       -254.49074807327943        114.95114095973409        125.00000000000000     
   319.37711641846278       -125.32831078782591        254.49074807327969       -114.95114095973416        91.188000000000002     

 PASSED   1.0000000000000001E-005
 MU_R    =    325.00000000000000     
 ALPHA_S =   0.11799999999999999     
 BORN                    1.6021667584408843E-004
 SINGLE POLE (MadFKS)   -9.1234813947139169E-007
 DOUBLE POLE (MadFKS)   -8.0237721581545252E-006
 SINGLE POLE (MadLoop)  -9.1234813947138629E-007
 DOUBLE POLE (MadLoop)  -8.0237721581545151E-006
 FINITE PART (MadLoop)   1.6475513983995685E-005
   325.00000000000000        0.0000000000000000        0.0000000000000000        325.00000000000000        0.0000000000000000     
   325.00000000000000        0.0000000000000000        0.0000000000000000       -325.00000000000000        0.0000000000000000     
   330.62288358153864       -7.8403363605121834        33.201044212607393       -304.17546077341296        125.00000000000000     
   319.37711641846175        7.8403363605121612       -33.201044212607414        304.17546077341296        91.188000000000002     

 PASSED   1.0000000000000001E-005
 MU_R    =    325.00000000000000     
 ALPHA_S =   0.11799999999999999     
 BORN                    1.8345990260752173E-004
 SINGLE POLE (MadFKS)   -1.0447058642912921E-006
 DOUBLE POLE (MadFKS)   -9.1878105130108910E-006
 SINGLE POLE (MadLoop)  -1.0447058642913378E-006
 DOUBLE POLE (MadLoop)  -9.1878105130108758E-006
 FINITE PART (MadLoop)   1.8865677839016592E-005
   325.00000000000000        0.0000000000000000        0.0000000000000000        325.00000000000000        0.0000000000000000     
   325.00000000000000        0.0000000000000000        0.0000000000000000       -325.00000000000000        0.0000000000000000     
   330.62288358153882       -60.182414658545120       -11.105841906583974        299.90203131886943        125.00000000000000     
   319.37711641846153        60.182414658546058        11.105841906583647       -299.90203131886960        91.188000000000002     

 PASSED   1.0000000000000001E-005
 MU_R    =    325.00000000000000     
 ALPHA_S =   0.11799999999999999     
 BORN                    2.6670621368546138E-004
 SINGLE POLE (MadFKS)   -1.5187490101104206E-006
 DOUBLE POLE (MadFKS)   -1.3356848658242690E-005
 SINGLE POLE (MadLoop)  -1.5187490101101491E-006
 DOUBLE POLE (MadLoop)  -1.3356848658242661E-005
 FINITE PART (MadLoop)   2.7426121095343637E-005
   325.00000000000000        0.0000000000000000        0.0000000000000000        325.00000000000000        0.0000000000000000     
   325.00000000000000        0.0000000000000000        0.0000000000000000       -325.00000000000000        0.0000000000000000     
   330.62288358153864        75.685308948279584       -85.221204154087573        284.06965962542080        125.00000000000000     
   319.37711641846175       -75.685308948279584        85.221204154087673       -284.06965962542080        91.188000000000002     

 PASSED   1.0000000000000001E-005
 MU_R    =    325.00000000000000     
 ALPHA_S =   0.11799999999999999     
 BORN                    8.3797145350091680E-004
 SINGLE POLE (MadFKS)   -4.7717985191234610E-006
 DOUBLE POLE (MadFKS)   -4.1966243416958415E-005
 SINGLE POLE (MadLoop)  -4.7717985191232730E-006
 DOUBLE POLE (MadLoop)  -4.1966243416958408E-005
 FINITE PART (MadLoop)   8.6170870339234368E-005
   325.00000000000000        0.0000000000000000        0.0000000000000000        325.00000000000000        0.0000000000000000     
   325.00000000000000        0.0000000000000000        0.0000000000000000       -325.00000000000000        0.0000000000000000     
   330.62288358153859       -255.88009042072176        104.70541128902624        131.33410570316761        125.00000000000000     
   319.37711641846170        255.88009042072170       -104.70541128902606       -131.33410570316789        91.188000000000002     

 PASSED   1.0000000000000001E-005
 MU_R    =    325.00000000000000     
 ALPHA_S =   0.11799999999999999     
 BORN                    2.0265935039407370E-004
 SINGLE POLE (MadFKS)   -1.1540364341252585E-006
 DOUBLE POLE (MadFKS)   -1.0149333361928252E-005
 SINGLE POLE (MadLoop)  -1.1540364341251391E-006
 DOUBLE POLE (MadLoop)  -1.0149333361928245E-005
 FINITE PART (MadLoop)   2.0840008967944934E-005
   325.00000000000000        0.0000000000000000        0.0000000000000000        325.00000000000000        0.0000000000000000     
   325.00000000000000        0.0000000000000000        0.0000000000000000       -325.00000000000000        0.0000000000000000     
   330.62288358153864        76.428280737779744        6.0287226040518203        296.32560394775572        125.00000000000000     
   319.37711641846170       -76.428280737779730       -6.0287226040518096       -296.32560394775572        91.188000000000002     

 PASSED   1.0000000000000001E-005
 MU_R    =    325.00000000000000     
 ALPHA_S =   0.11799999999999999     
 BORN                    4.1798909773464537E-004
 SINGLE POLE (MadFKS)   -2.3802239912194590E-006
 DOUBLE POLE (MadFKS)   -2.0933209774487570E-005
 SINGLE POLE (MadLoop)  -2.3802239912197034E-006
 DOUBLE POLE (MadLoop)  -2.0933209774487560E-005
 FINITE PART (MadLoop)   4.2982949113154730E-005
   325.00000000000000        0.0000000000000000        0.0000000000000000        325.00000000000000        0.0000000000000000     
   325.00000000000000        0.0000000000000000        0.0000000000000000       -325.00000000000000        0.0000000000000000     
   330.62288358153859        170.09472727547836       -29.338794356591745       -252.77165593981044        125.00000000000000     
   319.37711641846170       -170.09472727547839        29.338794356591720        252.77165593981044        91.188000000000002     

 PASSED   1.0000000000000001E-005
 MU_R    =    325.00000000000000     
 ALPHA_S =   0.11799999999999999     
 BORN                    7.6573529044842727E-004
 SINGLE POLE (MadFKS)   -4.3604522680776129E-006
 DOUBLE POLE (MadFKS)   -3.8348601802195994E-005
 SINGLE POLE (MadLoop)  -4.3604522680780872E-006
 DOUBLE POLE (MadLoop)  -3.8348601802195899E-005
 FINITE PART (MadLoop)   7.8742630374501160E-005
   325.00000000000000        0.0000000000000000        0.0000000000000000        325.00000000000000        0.0000000000000000     
   325.00000000000000        0.0000000000000000        0.0000000000000000       -325.00000000000000        0.0000000000000000     
   330.62288358153859       -128.19672045977794       -227.99258187526092       -158.97004315587770        125.00000000000000     
   319.37711641846175        128.19672045977762        227.99258187526087        158.97004315587768        91.188000000000002     

 PASSED   1.0000000000000001E-005
 MU_R    =    325.00000000000000     
 ALPHA_S =   0.11799999999999999     
 BORN                    6.4550517525414604E-004
 SINGLE POLE (MadFKS)   -3.6758061703600544E-006
 DOUBLE POLE (MadFKS)   -3.2327386808281359E-005
 SINGLE POLE (MadLoop)  -3.6758061703605224E-006
 DOUBLE POLE (MadLoop)  -3.2327386808281251E-005
 FINITE PART (MadLoop)   6.6379042541058955E-005
   325.00000000000000        0.0000000000000000        0.0000000000000000        325.00000000000000        0.0000000000000000     
   325.00000000000000        0.0000000000000000        0.0000000000000000       -325.00000000000000        0.0000000000000000     
   330.62288358153802       -84.264733225708781       -219.00057133875467       -196.53166573219394        125.00000000000000     
   319.37711641846226        84.264733225708568        219.00057133875538        196.53166573219409        91.188000000000002     

 PASSED   1.0000000000000001E-005
 MU_R    =    325.00000000000000     
 ALPHA_S =   0.11799999999999999     
 BORN                    9.4429227978990468E-004
 SINGLE POLE (MadFKS)   -5.3772386678518582E-006
 DOUBLE POLE (MadFKS)   -4.7290870715053995E-005
 SINGLE POLE (MadLoop)  -5.3772386678519624E-006
 DOUBLE POLE (MadLoop)  -4.7290870715053907E-005
 FINITE PART (MadLoop)   9.7104128385473053E-005
   325.00000000000000        0.0000000000000000        0.0000000000000000        325.00000000000000        0.0000000000000000     
   325.00000000000000        0.0000000000000000        0.0000000000000000       -325.00000000000000        0.0000000000000000     
   330.62288358153859        30.008323332628780       -295.54313732177820       -73.758020991188346        125.00000000000000     
   319.37711641846181       -30.008323332628844        295.54313732177820        73.758020991188374        91.188000000000002     

 PASSED   1.0000000000000001E-005
 MU_R    =    325.00000000000000     
 ALPHA_S =   0.11799999999999999     
 BORN                    9.8345433474060192E-004
 SINGLE POLE (MadFKS)   -5.6002455913441318E-006
 DOUBLE POLE (MadFKS)   -4.9252136011029217E-005
 SINGLE POLE (MadLoop)  -5.6002455913441606E-006
 DOUBLE POLE (MadLoop)  -4.9252136011029217E-005
 FINITE PART (MadLoop)   1.0113126838561922E-004
   325.00000000000000        0.0000000000000000        0.0000000000000000        325.00000000000000        0.0000000000000000     
   325.00000000000000        0.0000000000000000        0.0000000000000000       -325.00000000000000        0.0000000000000000     
   330.62288358153870        44.267726565793083       -301.05830493224846        33.026603879131237        125.00000000000000     
   319.37711641846158       -44.267726565793083        301.05830493224846       -33.026603879131216        91.188000000000002     

 NUMBER OF POINTS PASSING THE CHECK          20
 NUMBER OF POINTS FAILING THE CHECK           0
 TOLERANCE    1.0000000000000001E-005
