 A PDF is used, so alpha_s(MZ) is going to be modified
 Old value of alpha_s from param_card:   0.11799999999999999     
  ****************************************
 
       NNPDFDriver version 1.0.3
   Grid: NNPDF23nlo_as_0119_qed_mem0.grid
  ****************************************
 New value of alpha_s from PDF nn23nlo:  0.11899999999999999     
 *****************************************************
 *               MadGraph/MadEvent                   *
 *        --------------------------------           *
 *          http://madgraph.hep.uiuc.edu             *
 *          http://madgraph.phys.ucl.ac.be           *
 *          http://madgraph.roma2.infn.it            *
 *        --------------------------------           *
 *                                                   *
 *          PARAMETER AND COUPLING VALUES            *
 *                                                   *
 *****************************************************

  External Params
  ---------------------------------
  
 MU_R =    91.188000000000002     
 aEWM1 =    132.50700000000001     
 mdl_Gf =    1.1663900000000000E-005
 aS =   0.11799999999999999     
 mdl_ymb =    4.7000000000000002     
 mdl_ymt =    173.00000000000000     
 mdl_ymtau =    1.7769999999999999     
 mdl_MT =    173.00000000000000     
 mdl_MB =    4.7000000000000002     
 mdl_MZ =    91.188000000000002     
 mdl_MH =    125.00000000000000     
 mdl_MTA =    1.7769999999999999     
 mdl_WT =    1.4915000000000000     
 mdl_WZ =    2.4414039999999999     
 mdl_WW =    2.0476000000000001     
 mdl_WH =    6.3823389999999999E-003
  Internal Params
  ---------------------------------
  
 mdl_conjg__CKM3x3 =    1.0000000000000000     
 mdl_CKM22 =    1.0000000000000000     
 mdl_lhv =    1.0000000000000000     
 mdl_CKM3x3 =    1.0000000000000000     
 mdl_conjg__CKM22 =    1.0000000000000000     
 mdl_conjg__CKM33 =    1.0000000000000000     
 mdl_Ncol =    3.0000000000000000     
 mdl_CA =    3.0000000000000000     
 mdl_TF =   0.50000000000000000     
 mdl_CF =    1.3333333333333333     
 mdl_complexi =                (0.0000000000000000,1.0000000000000000)
 mdl_MZ__exp__2 =    8315.2513440000002     
 mdl_MZ__exp__4 =    69143404.913893804     
 mdl_sqrt__2 =    1.4142135623730951     
 mdl_MH__exp__2 =    15625.000000000000     
 mdl_Ncol__exp__2 =    9.0000000000000000     
 mdl_MB__exp__2 =    22.090000000000003     
 mdl_MT__exp__2 =    29929.000000000000     
 mdl_aEW =    7.5467711139788835E-003
 mdl_MW =    80.419002445756163     
 mdl_sqrt__aEW =    8.6872153846781555E-002
 mdl_ee =   0.30795376724436879     
 mdl_MW__exp__2 =    6467.2159543705357     
 mdl_sw2 =   0.22224648578577766     
 mdl_cw =   0.88190334743339216     
 mdl_sqrt__sw2 =   0.47143025548407230     
 mdl_sw =   0.47143025548407230     
 mdl_g1 =   0.34919219678733299     
 mdl_gw =   0.65323293034757990     
 mdl_v =    246.21845810181637     
 mdl_v__exp__2 =    60623.529110035903     
 mdl_lam =   0.12886910601690263     
 mdl_yb =    2.6995554250465490E-002
 mdl_yt =   0.99366614581500623     
 mdl_ytau =    1.0206617000654717E-002
 mdl_muH =    88.388347648318430     
 mdl_AxialZUp =  -0.18517701861793787     
 mdl_AxialZDown =   0.18517701861793787     
 mdl_VectorZUp =    7.5430507588273299E-002
 mdl_VectorZDown =  -0.13030376310310560     
 mdl_VectorAUp =   0.20530251149624587     
 mdl_VectorADown =  -0.10265125574812294     
 mdl_VectorWmDxU =   0.23095271737156670     
 mdl_AxialWmDxU =  -0.23095271737156670     
 mdl_VectorWpUxD =   0.23095271737156670     
 mdl_AxialWpUxD =  -0.23095271737156670     
 mdl_I1x33 =          (2.69955542504654901E-002,0.0000000000000000)
 mdl_I2x33 =               (0.99366614581500623,0.0000000000000000)
 mdl_I3x33 =               (0.99366614581500623,0.0000000000000000)
 mdl_I4x33 =          (2.69955542504654901E-002,0.0000000000000000)
 mdl_Vector_tbGp =              (-0.96667059156454072,0.0000000000000000)
 mdl_Axial_tbGp =              (-1.0206617000654716,-0.0000000000000000)
 mdl_Vector_tbGm =               (0.96667059156454072,0.0000000000000000)
 mdl_Axial_tbGm =              (-1.0206617000654716,-0.0000000000000000)
 mdl_gw__exp__2 =   0.42671326129048615     
 mdl_cw__exp__2 =   0.77775351421422245     
 mdl_ee__exp__2 =    9.4835522759998875E-002
 mdl_sw__exp__2 =   0.22224648578577769     
 mdl_yb__exp__2 =    7.2875994928982540E-004
 mdl_yt__exp__2 =   0.98737240933884918     
  Internal Params evaluated point by point
  ----------------------------------------
  
 mdl_sqrt__aS =   0.34351128074635334     
 mdl_G__exp__4 =    2.1987899468922913     
 mdl_G__exp__2 =    1.4828317324943823     
 mdl_R2MixedFactor_FIN_ =   -2.5040377713124864E-002
 mdl_GWcft_UV_b_1EPS_ =   -3.1300472141406080E-003
 mdl_GWcft_UV_t_1EPS_ =   -3.1300472141406080E-003
 mdl_bWcft_UV_1EPS_ =   -1.8780283284843650E-002
 mdl_tWcft_UV_1EPS_ =   -1.8780283284843650E-002
 mdl_G__exp__3 =    1.8056676068262196     
 mdl_MU_R__exp__2 =    8315.2513440000002     
 mdl_GWcft_UV_b_FIN_ =   -1.8563438626678915E-002
 mdl_GWcft_UV_t_FIN_ =    4.0087659331150384E-003
 mdl_bWcft_UV_FIN_ =  -0.13642100947319838     
 mdl_tWcft_UV_FIN_ =   -9.8778211443463623E-004
  Couplings of loop_sm
  ---------------------------------
  
    R2_UUZ_V2 =  -0.00000E+00  -0.72127E-02
    R2_UUZ_V5 =   0.00000E+00   0.68702E-03
      R2_sxcW =  -0.00000E+00  -0.11566E-01
         GC_5 =   0.00000E+00   0.12177E+01
        GC_22 =   0.00000E+00   0.28804E+00
        GC_23 =  -0.00000E+00  -0.27437E-01
        GC_31 =   0.00000E+00   0.52532E+02
        GC_32 =   0.00000E+00   0.67544E+02
        GC_47 =   0.00000E+00   0.46191E+00

 Collider parameters:
 --------------------

 Running at P P   machine @    13000.000000000000       GeV
 PDF set = nn23nlo
 alpha_s(Mz)= 0.1190 running at 2 loops.
 alpha_s(Mz)= 0.1190 running at 2 loops.
 Renormalization scale set on event-by-event basis
 Factorization   scale set on event-by-event basis


 ===============================================================
 INFO: MadFKS read these parameters from FKS_params.dat
 ===============================================================
  > IRPoleCheckThreshold      =   -1.0000000000000000     
  > PrecisionVirtualAtRunTime =   -1.0000000000000000     
  > NHelForMCoverHels         =            4
  > VirtualFraction           =    1.0000000000000000     
  > MinVirtualFraction        =    5.0000000000000001E-003
 ===============================================================
  Insert the number of points to test
 Insert the relative tolerance
  A negative number will mean use the default one:   -1.0000000000000000     
Using random seed offsets:     1 ,     46 ,      0
  with seed                15455
 Ranmar initialization seeds       10742       25500
  ========================================================================================== 
 {                                                                                          }
 {       [32m                                                                            [0m       }
 {       [32m                               ,,                                           [0m       }
 {       [32m`7MMM.     ,MMF'             `7MM  `7MMF'                                   [0m       }
 {       [32m  MMMb    dPMM                 MM    MM                                     [0m       }
 {       [32m  M YM   ,M MM   ,6"Yb.   ,M""bMM    MM         ,pW"Wq.   ,pW"Wq.`7MMpdMAo. [0m       }
 {       [32m  M  Mb  M' MM  8)   MM ,AP    MM    MM        6W'   `Wb 6W'   `Wb MM   `Wb [0m       }
 {       [32m  M  YM.P'  MM   ,pm9MM 8MI    MM    MM      , 8M     M8 8M     M8 MM    M8 [0m       }
 {       [32m  M  `YM'   MM  8M   MM `Mb    MM    MM     ,M YA.   ,A9 YA.   ,A9 MM   ,AP [0m       }
 {       [32m.JML. `'  .JMML.`Moo9^Yo.`Wbmd"MML..JMMmmmmMMM  `Ybmd9'   `Ybmd9'  MMbmmd'  [0m       }
 {       [32m                                                                   MM       [0m       }
 {       [32m                                                                 .JMML.     [0m       }
 {       [32m[0mv2.6.7 (2019-10-16), Ref: arXiv:1103.0621v2, arXiv:1405.0301[32m                [0m       }
 {       [32m                                                                            [0m       }
 {                                                                                          }
  ========================================================================================== 
 ===============================================================
 INFO: MadLoop read these parameters from ./MadLoop5_resources/MadLoopParams.dat                                                                                                                                                                                                                                                                                                                                                                                                                                                                                          
 ===============================================================
  > MLReductionLib            = 6|7|1
  > CTModeRun                 =           -1
  > MLStabThres               =    1.0000000000000000E-003
  > NRotations_DP             =            0
  > NRotations_QP             =            0
  > CTStabThres               =    1.0000000000000000E-002
  > CTLoopLibrary             =            2
  > CTModeInit                =            1
  > CheckCycle                =            3
  > MaxAttempts               =           10
  > UseLoopFilter             =  F
  > HelicityFilterLevel       =            2
  > ImprovePSPoint            =            2
  > DoubleCheckHelicityFilter =  T
  > LoopInitStartOver         =  F
  > HelInitStartOver          =  F
  > ZeroThres                 =    1.0000000000000001E-009
  > OSThres                   =    1.0000000000000000E-008
  > WriteOutFilters           =  T
  > UseQPIntegrandForNinja    =  T
  > UseQPIntegrandForCutTools =  T
  > IREGIMODE                 =            2
  > IREGIRECY                 =  T
  > COLLIERMode               =            1
  > COLLIERRequiredAccuracy   =    1.0000000000000000E-008
  > COLLIERCanOutput          =  F
  > COLLIERComputeUVpoles     =  T
  > COLLIERComputeIRpoles     =  T
  > COLLIERGlobalCache        =           -1
  > COLLIERUseCacheForPoles   =  F
  > COLLIERUseInternalStabilityTest =  T
 ===============================================================
  
------------------------------------------------------------------------
|              You are using CutTools - Version 1.9.3                  |
|              Authors: G. Ossola, C. Papadopoulos, R. Pittau          |
|              Published in JHEP 0803:042,2008                         |
|              http://www.ugr.es/~pittau/CutTools                      |
|                                                                      |
|              Compiler with  34  significant digits detetected        |
 ---------------------------------------------------------------------- 
   
########################################################################
#                                                                      #
#                      You are using OneLOop-3.6                       #
#                                                                      #
# for the evaluation of 1-loop scalar 1-, 2-, 3- and 4-point functions #
#                                                                      #
# author: Andreas van Hameren <hamerenREMOVETHIS@ifj.edu.pl>           #
#   date: 18-02-2015                                                   #
#                                                                      #
# Please cite                                                          #
#    A. van Hameren,                                                   #
#      Comput.Phys.Commun. 182 (2011) 2427-2438, arXiv:1007.4716       #
#    A. van Hameren, C.G. Papadopoulos and R. Pittau,                  #
#      JHEP 0909:106,2009, arXiv:0903.4665                             #
# in publications with results obtained with the help of this program. #
#                                                                      #

  +----------------------------------------------------------------+
  |                                                                |
  |  Ninja - version 1.2.0                                         |
  |                                                                |
  |  Author: Tiziano Peraro                                        |
  |                                                                |
  |  Based on:                                                     |
  |                                                                |
  |      P. Mastrolia, E. Mirabella and T. Peraro,                 |
  |      "Integrand reduction of one-loop scattering amplitudes    |
  |      through Laurent series expansion,"                        |
  |      JHEP 1206 (2012) 095  [arXiv:1203.0291 [hep-ph]].         |
  |                                                                |
  |      T. Peraro,                                                |
  |      "Ninja: Automated Integrand Reduction via Laurent         |
  |      Expansion for One-Loop Amplitudes,"                       |
  |      Comput.Phys.Commun. 185 (2014) [arXiv:1403.1229 [hep-ph]] |
  |                                                                |
  +----------------------------------------------------------------+


########################################################################
########################################################################
#                                                                      #
#                      You are using OneLOop-3.6                       #
#                                                                      #
# for the evaluation of 1-loop scalar 1-, 2-, 3- and 4-point functions #
#                                                                      #
# author: Andreas van Hameren <hamerenREMOVETHIS@ifj.edu.pl>           #
#   date: 18-02-2015                                                   #
#                                                                      #
# Please cite                                                          #
#    A. van Hameren,                                                   #
#      Comput.Phys.Commun. 182 (2011) 2427-2438, arXiv:1007.4716       #
#    A. van Hameren, C.G. Papadopoulos and R. Pittau,                  #
#      JHEP 0909:106,2009, arXiv:0903.4665                             #
# in publications with results obtained with the help of this program. #
#                                                                      #
########################################################################
 PASSED  -1.0000000000000000     
 MU_R    =    325.00000000000000     
 ALPHA_S =   0.11799999999999999     
 BORN                    1.7926877960096211E-010
 SINGLE POLE (MadFKS)   -1.5976217387301369E-011
 DOUBLE POLE (MadFKS)   -1.7955831813516099E-011
 SINGLE POLE (MadLoop)  -1.3011594077870015E-011
 DOUBLE POLE (MadLoop)  -1.7955831813516111E-011
 FINITE PART (MadLoop)  -4.1243787092808088E-011
   325.00000000000000        0.0000000000000000        0.0000000000000000        325.00000000000000        0.0000000000000000     
   325.00000000000000        0.0000000000000000        0.0000000000000000       -325.00000000000000        0.0000000000000000     
   219.77116003604041       -13.517173674865383       -133.44766804889201       -121.17495076022578        125.00000000000000     
   133.61350236497893        70.210161583355188       -59.468574348961710       -96.884415101591017        0.0000000000000000     
   296.61533759898066       -56.692987908489847        192.91624239785364        218.05936586181676        0.0000000000000000     

 PASSED  -1.0000000000000000     
 MU_R    =    325.00000000000000     
 ALPHA_S =   0.11799999999999999     
 BORN                    6.2167588387502283E-010
 SINGLE POLE (MadFKS)   -1.0543588688348371E-010
 DOUBLE POLE (MadFKS)   -6.2267995789485289E-011
 SINGLE POLE (MadLoop)  -9.2138035437267809E-011
 DOUBLE POLE (MadLoop)  -6.2267995789485689E-011
 FINITE PART (MadLoop)  -1.0409320311145039E-010
   325.00000000000000        0.0000000000000000        0.0000000000000000        325.00000000000000        0.0000000000000000     
   325.00000000000000        0.0000000000000000        0.0000000000000000       -325.00000000000000        0.0000000000000000     
   317.81979881049210        109.91032599693598       -70.104262972556512       -261.51393283774303        125.00000000000000     
   48.346720762082768       -41.888714812730569        22.049802551266627       -9.8258428256657488        0.0000000000000000     
   283.83348042742517       -68.021611184205412        48.054460421289903        271.33977566340877        0.0000000000000000     

 PASSED  -1.0000000000000000     
 MU_R    =    325.00000000000000     
 ALPHA_S =   0.11799999999999999     
 BORN                    1.3174015981219850E-008
 SINGLE POLE (MadFKS)   -2.5428471153617131E-009
 DOUBLE POLE (MadFKS)   -1.3195293446739533E-009
 SINGLE POLE (MadLoop)  -2.5117291320375188E-009
 DOUBLE POLE (MadLoop)  -1.3195293446739624E-009
 FINITE PART (MadLoop)  -5.5769228239906559E-009
   325.00000000000000        0.0000000000000000        0.0000000000000000        325.00000000000000        0.0000000000000000     
   325.00000000000000        0.0000000000000000        0.0000000000000000       -325.00000000000000        0.0000000000000000     
   302.63836298360854        180.27413541435513       -148.87546942753738       -145.95310703351132        125.00000000000000     
   297.48901567621567       -174.68894119081941        197.70244360873656        137.46720359696147        0.0000000000000000     
   49.872621340175776       -5.5851942235356997       -48.826974181199205        8.4859034365498403        0.0000000000000000     

 PASSED  -1.0000000000000000     
 MU_R    =    325.00000000000000     
 ALPHA_S =   0.11799999999999999     
 BORN                    1.1701218381535670E-010
 SINGLE POLE (MadFKS)   -7.7477349362590923E-012
 DOUBLE POLE (MadFKS)   -1.1720117119096512E-011
 SINGLE POLE (MadLoop)  -6.0904587489133310E-012
 DOUBLE POLE (MadLoop)  -1.1720117119096531E-011
 FINITE PART (MadLoop)  -2.7000155492989150E-011
   325.00000000000000        0.0000000000000000        0.0000000000000000        325.00000000000000        0.0000000000000000     
   325.00000000000000        0.0000000000000000        0.0000000000000000       -325.00000000000000        0.0000000000000000     
   156.38482611534559        7.6650834929305054       -91.372454007265375       -20.579965570025841        125.00000000000000     
   270.16847799119830       -14.088422768064289        211.16774839105412       -167.93065498425642        0.0000000000000000     
   223.44669589345611        6.4233392751337579       -119.79529438378870        188.51062055428227        0.0000000000000000     

 PASSED  -1.0000000000000000     
 MU_R    =    325.00000000000000     
 ALPHA_S =   0.11799999999999999     
 BORN                    1.5988649303279428E-007
 SINGLE POLE (MadFKS)   -3.4475121340712192E-008
 DOUBLE POLE (MadFKS)   -1.6014472707072305E-008
 SINGLE POLE (MadLoop)  -3.4972777070310309E-008
 DOUBLE POLE (MadLoop)  -1.6014472707072342E-008
 FINITE PART (MadLoop)  -8.6085298547483334E-008
   325.00000000000000        0.0000000000000000        0.0000000000000000        325.00000000000000        0.0000000000000000     
   325.00000000000000        0.0000000000000000        0.0000000000000000       -325.00000000000000        0.0000000000000000     
   158.71428912822054       -19.821830632022269        95.119041820652740        11.166399911910490        125.00000000000000     
   211.09286730406566        76.451163138990040        126.39819827040094        150.79427626851029        0.0000000000000000     
   280.19284356771379       -56.629332506967749       -221.51724009105365       -161.96067618042079        0.0000000000000000     

 PASSED  -1.0000000000000000     
 MU_R    =    325.00000000000000     
 ALPHA_S =   0.11799999999999999     
 BORN                    2.6576675062543859E-007
 SINGLE POLE (MadFKS)   -6.1098600989987586E-008
 DOUBLE POLE (MadFKS)   -2.6619599277003385E-008
 SINGLE POLE (MadLoop)  -6.1875934488406824E-008
 DOUBLE POLE (MadLoop)  -2.6619599277003412E-008
 FINITE PART (MadLoop)  -1.4992757492808437E-007
   325.00000000000000        0.0000000000000000        0.0000000000000000        325.00000000000000        0.0000000000000000     
   325.00000000000000        0.0000000000000000        0.0000000000000000       -325.00000000000000        0.0000000000000000     
   169.15857921845372        1.2135224813681833       -82.462408383307036        78.664499553596514        125.00000000000000     
   209.90481645603057       -165.69144765223260        19.847155907524105        127.32818442406921        0.0000000000000000     
   270.93660432551565        164.47792517086441        62.615252475782917       -205.99268397766576        0.0000000000000000     

 PASSED  -1.0000000000000000     
 MU_R    =    325.00000000000000     
 ALPHA_S =   0.11799999999999999     
 BORN                    8.5612699086417043E-010
 SINGLE POLE (MadFKS)   -1.0975872540356503E-010
 DOUBLE POLE (MadFKS)   -8.5750972886559314E-011
 SINGLE POLE (MadLoop)  -8.9332347472296356E-011
 DOUBLE POLE (MadLoop)  -8.5750972886558913E-011
 FINITE PART (MadLoop)  -1.2097954400061669E-010
   325.00000000000000        0.0000000000000000        0.0000000000000000        325.00000000000000        0.0000000000000000     
   325.00000000000000        0.0000000000000000        0.0000000000000000       -325.00000000000000        0.0000000000000000     
   270.46866880911375       -18.284623784091597       -173.62197629314272        164.46696534110342        125.00000000000000     
   174.94889372059967       -112.79491816211268        19.888761446543118       -132.24544989899081        0.0000000000000000     
   204.58243747028661        131.07954194620427        153.73321484659954       -32.221515442112555        0.0000000000000000     

 PASSED  -1.0000000000000000     
 MU_R    =    325.00000000000000     
 ALPHA_S =   0.11799999999999999     
 BORN                    1.0774599542030889E-007
 SINGLE POLE (MadFKS)   -2.1328225980676462E-008
 DOUBLE POLE (MadFKS)   -1.0792001689604627E-008
 SINGLE POLE (MadLoop)  -2.1039055528829753E-008
 DOUBLE POLE (MadLoop)  -1.0792001689604296E-008
 FINITE PART (MadLoop)  -1.5689209996605165E-008
   325.00000000000000        0.0000000000000000        0.0000000000000000        325.00000000000000        0.0000000000000000     
   325.00000000000000        0.0000000000000000        0.0000000000000000       -325.00000000000000        0.0000000000000000     
   328.71534024582246       -77.078102087060344       -289.15243660204573        53.652674664768014        125.00000000000000     
   53.913135279571591        36.406187976714058        25.940768534008079       -30.137885800808341        0.0000000000000000     
   267.37152447460596        40.671914110346300        263.21166806803768       -23.514788863959641        0.0000000000000000     

 PASSED  -1.0000000000000000     
 MU_R    =    325.00000000000000     
 ALPHA_S =   0.11799999999999999     
 BORN                    4.9523718422348152E-010
 SINGLE POLE (MadFKS)   -6.9971438610989523E-011
 DOUBLE POLE (MadFKS)   -4.9603704602161521E-011
 SINGLE POLE (MadLoop)  -5.8218437983402566E-011
 DOUBLE POLE (MadLoop)  -4.9603704602160610E-011
 FINITE PART (MadLoop)  -1.4690889308835086E-011
   325.00000000000000        0.0000000000000000        0.0000000000000000        325.00000000000000        0.0000000000000000     
   325.00000000000000        0.0000000000000000        0.0000000000000000       -325.00000000000000        0.0000000000000000     
   301.41132297449104        213.20416388482582        112.63851839361179        130.69175296665534        125.00000000000000     
   257.59699851133297       -159.64231759988263       -69.108640711758298       -189.98563064705448        0.0000000000000000     
   90.991678514175987       -53.561846284943179       -43.529877681853499        59.293877680399270        0.0000000000000000     

 PASSED  -1.0000000000000000     
 MU_R    =    325.00000000000000     
 ALPHA_S =   0.11799999999999999     
 BORN                    2.3523699494782076E-009
 SINGLE POLE (MadFKS)   -2.9487210177775288E-010
 DOUBLE POLE (MadFKS)   -2.3561692822375514E-010
 SINGLE POLE (MadLoop)  -2.7682264658019939E-010
 DOUBLE POLE (MadLoop)  -2.3561692822375416E-010
 FINITE PART (MadLoop)  -7.5246468426122534E-010
   325.00000000000000        0.0000000000000000        0.0000000000000000        325.00000000000000        0.0000000000000000     
   325.00000000000000        0.0000000000000000        0.0000000000000000       -325.00000000000000        0.0000000000000000     
   204.23199196745500        131.96558370049451        32.656854643531439       -87.202758593829174        125.00000000000000     
   169.63671671833364        66.930513484439174        151.77751041987605        35.503652691376743        0.0000000000000000     
   276.13129131421135       -198.89609718493367       -184.43436506340751        51.699105902452473        0.0000000000000000     

 PASSED  -1.0000000000000000     
 MU_R    =    325.00000000000000     
 ALPHA_S =   0.11799999999999999     
 BORN                    1.9133985667645695E-008
 SINGLE POLE (MadFKS)   -3.1303899710021877E-009
 DOUBLE POLE (MadFKS)   -1.9164889131014634E-009
 SINGLE POLE (MadLoop)  -3.1827857436981293E-009
 DOUBLE POLE (MadLoop)  -1.9164889131014572E-009
 FINITE PART (MadLoop)  -8.3108507510061448E-009
   325.00000000000000        0.0000000000000000        0.0000000000000000        325.00000000000000        0.0000000000000000     
   325.00000000000000        0.0000000000000000        0.0000000000000000       -325.00000000000000        0.0000000000000000     
   162.94432756979168       -42.614261491830369        62.119128002130054       -72.464422587449434        125.00000000000000     
   292.53902872751985        165.78771030336907       -197.75880109655071        137.78597544765526        0.0000000000000000     
   194.51664370268841       -123.17344881153846        135.63967309442063       -65.321552860205813        0.0000000000000000     

 PASSED  -1.0000000000000000     
 MU_R    =    325.00000000000000     
 ALPHA_S =   0.11799999999999999     
 BORN                    3.1097073040604193E-010
 SINGLE POLE (MadFKS)   -3.0355539990200414E-011
 DOUBLE POLE (MadFKS)   -3.1147298188374456E-011
 SINGLE POLE (MadLoop)  -2.3414242878437544E-011
 DOUBLE POLE (MadLoop)  -3.1147298188374430E-011
 FINITE PART (MadLoop)  -5.5557978490523670E-011
   325.00000000000000        0.0000000000000000        0.0000000000000000        325.00000000000000        0.0000000000000000     
   325.00000000000000        0.0000000000000000        0.0000000000000000       -325.00000000000000        0.0000000000000000     
   212.78265224616544        87.063896511387057        108.37052568083897        101.62265586386593        125.00000000000000     
   208.90188162304730        127.49999894619614       -53.108848853263375       -156.72650250627959        0.0000000000000000     
   228.31546613078726       -214.56389545758304       -55.261676827575606        55.103846642413650        0.0000000000000000     

 PASSED  -1.0000000000000000     
 MU_R    =    325.00000000000000     
 ALPHA_S =   0.11799999999999999     
 BORN                    2.1753974210654221E-009
 SINGLE POLE (MadFKS)   -3.5160659228206175E-010
 DOUBLE POLE (MadFKS)   -2.1789109239854363E-010
 SINGLE POLE (MadLoop)  -3.1025758714458621E-010
 DOUBLE POLE (MadLoop)  -2.1789109239854301E-010
 FINITE PART (MadLoop)  -6.3562038834720029E-010
   325.00000000000000        0.0000000000000000        0.0000000000000000        325.00000000000000        0.0000000000000000     
   325.00000000000000        0.0000000000000000        0.0000000000000000       -325.00000000000000        0.0000000000000000     
   291.51599921502770       -18.080689175106414        6.1673880251003661       -262.66257784891451        125.00000000000000     
   133.62398492432490       -101.33010285626737        39.438068878519140        77.667356883878028        0.0000000000000000     
   224.86001586064731        119.41079203137376       -45.605456903619512        184.99522096503651        0.0000000000000000     

 PASSED  -1.0000000000000000     
 MU_R    =    325.00000000000000     
 ALPHA_S =   0.11799999999999999     
 BORN                    2.2071035507485528E-009
 SINGLE POLE (MadFKS)   -2.5319269970597551E-010
 DOUBLE POLE (MadFKS)   -2.2106682625089126E-010
 SINGLE POLE (MadLoop)  -2.4026532476130907E-010
 DOUBLE POLE (MadLoop)  -2.2106682625089211E-010
 FINITE PART (MadLoop)  -7.0323439914478853E-010
   325.00000000000000        0.0000000000000000        0.0000000000000000        325.00000000000000        0.0000000000000000     
   325.00000000000000        0.0000000000000000        0.0000000000000000       -325.00000000000000        0.0000000000000000     
   152.78969286503488        28.513846011967548        52.092118228368371        64.753857413123910        125.00000000000000     
   257.99288955839774       -257.08455655005389        3.5445717995809751       -21.337709739130247        0.0000000000000000     
   239.21741757656739        228.57071053808630       -55.636690027949477       -43.416147673993670        0.0000000000000000     

 PASSED  -1.0000000000000000     
 MU_R    =    325.00000000000000     
 ALPHA_S =   0.11799999999999999     
 BORN                    2.4542225869834373E-010
 SINGLE POLE (MadFKS)   -2.1297072313712473E-011
 DOUBLE POLE (MadFKS)   -2.4581864228059085E-011
 SINGLE POLE (MadLoop)  -1.6210557872873501E-011
 DOUBLE POLE (MadLoop)  -2.4581864228059024E-011
 FINITE PART (MadLoop)  -4.7941989559674845E-011
   325.00000000000000        0.0000000000000000        0.0000000000000000        325.00000000000000        0.0000000000000000     
   325.00000000000000        0.0000000000000000        0.0000000000000000       -325.00000000000000        0.0000000000000000     
   180.78375296415601        53.898856225464826       -115.94126569388001       -26.651482936091444        125.00000000000000     
   179.08907785753260        119.02389464149779       -69.507863764109473       -114.34538550890888        0.0000000000000000     
   290.12716917831136       -172.92275086696264        185.44912945798953        140.99686844500022        0.0000000000000000     

 PASSED  -1.0000000000000000     
 MU_R    =    325.00000000000000     
 ALPHA_S =   0.11799999999999999     
 BORN                    9.0264747597254828E-011
 SINGLE POLE (MadFKS)   -6.1569033213753717E-012
 DOUBLE POLE (MadFKS)   -9.0410534960605630E-012
 SINGLE POLE (MadLoop)  -5.2671123159400550E-012
 DOUBLE POLE (MadLoop)  -9.0410534960603772E-012
 FINITE PART (MadLoop)  -2.2614634147545430E-011
   325.00000000000000        0.0000000000000000        0.0000000000000000        325.00000000000000        0.0000000000000000     
   325.00000000000000        0.0000000000000000        0.0000000000000000       -325.00000000000000        0.0000000000000000     
   211.59713639349417       -166.49995588263175       -30.886039927667387        21.729366272286796        125.00000000000000     
   228.70103106142679        70.278841250416193        87.727284917206092       -199.17070457804252        0.0000000000000000     
   209.70183254507901        96.221114632215631       -56.841244989538701        177.44133830575572        0.0000000000000000     

 PASSED  -1.0000000000000000     
 MU_R    =    325.00000000000000     
 ALPHA_S =   0.11799999999999999     
 BORN                    8.8451892674337626E-011
 SINGLE POLE (MadFKS)   -4.9046634275362935E-012
 DOUBLE POLE (MadFKS)   -8.8594752080247859E-012
 SINGLE POLE (MadLoop)  -3.9442798440700045E-012
 DOUBLE POLE (MadLoop)  -8.8594752080247939E-012
 FINITE PART (MadLoop)  -2.1816203043465137E-011
   325.00000000000000        0.0000000000000000        0.0000000000000000        325.00000000000000        0.0000000000000000     
   325.00000000000000        0.0000000000000000        0.0000000000000000       -325.00000000000000        0.0000000000000000     
   136.85497279323783        12.955605168871028        46.195545623546806        28.326797162563146        125.00000000000000     
   280.82077834991867       -104.98836121884709       -138.09307290455703       -220.83490842122708        0.0000000000000000     
   232.32424885684355        92.032756049976101        91.897527281010269        192.50811125866394        0.0000000000000000     

 PASSED  -1.0000000000000000     
 MU_R    =    325.00000000000000     
 ALPHA_S =   0.11799999999999999     
 BORN                    5.3807405946383070E-010
 SINGLE POLE (MadFKS)   -6.7423652283644510E-011
 DOUBLE POLE (MadFKS)   -5.3894310746434919E-011
 SINGLE POLE (MadLoop)  -5.5571458546733992E-011
 DOUBLE POLE (MadLoop)  -5.3894310746434913E-011
 FINITE PART (MadLoop)  -1.2185133340349282E-010
   325.00000000000000        0.0000000000000000        0.0000000000000000        325.00000000000000        0.0000000000000000     
   325.00000000000000        0.0000000000000000        0.0000000000000000       -325.00000000000000        0.0000000000000000     
   262.25823237194805        163.70276107945142       -50.221484102187404       -154.38131038566974        125.00000000000000     
   81.334791655827900        72.844708377133344        6.9449023980376214       -35.507254552120308        0.0000000000000000     
   306.40697597222413       -236.54746945658479        43.276581704149805        189.88856493779005        0.0000000000000000     

 PASSED  -1.0000000000000000     
 MU_R    =    325.00000000000000     
 ALPHA_S =   0.11799999999999999     
 BORN                    3.8683320033228427E-009
 SINGLE POLE (MadFKS)   -4.9926802319998123E-010
 DOUBLE POLE (MadFKS)   -3.8745797793189189E-010
 SINGLE POLE (MadLoop)  -4.6368386112568055E-010
 DOUBLE POLE (MadLoop)  -3.8745797793189096E-010
 FINITE PART (MadLoop)  -1.8636866139198282E-010
   325.00000000000000        0.0000000000000000        0.0000000000000000        325.00000000000000        0.0000000000000000     
   325.00000000000000        0.0000000000000000        0.0000000000000000       -325.00000000000000        0.0000000000000000     
   294.40763201394748       -66.387861390992086       -254.48966038710955       -43.341878178547660        125.00000000000000     
   205.02295763687491        153.51881370920384        135.10598022078310        14.586332783532214        0.0000000000000000     
   150.56941034917767       -87.130952318211769        119.38368016632647        28.755545395015446        0.0000000000000000     

 PASSED  -1.0000000000000000     
 MU_R    =    325.00000000000000     
 ALPHA_S =   0.11799999999999999     
 BORN                    3.2367746518317553E-008
 SINGLE POLE (MadFKS)   -5.9450975903426921E-009
 DOUBLE POLE (MadFKS)   -3.2420023941654155E-009
 SINGLE POLE (MadLoop)  -6.1324795477313726E-009
 DOUBLE POLE (MadLoop)  -3.2420023941654308E-009
 FINITE PART (MadLoop)  -1.5329923029327574E-008
   325.00000000000000        0.0000000000000000        0.0000000000000000        325.00000000000000        0.0000000000000000     
   325.00000000000000        0.0000000000000000        0.0000000000000000       -325.00000000000000        0.0000000000000000     
   239.65377580159637       -108.25181548851091       -172.54597047199650       -17.842779303686147        125.00000000000000     
   211.51730175229955        184.80133871695310        9.7069682990931696        102.43929380582283        0.0000000000000000     
   198.82892244610409       -76.549523228442169        162.83900217290338       -84.596514502136614        0.0000000000000000     

 NUMBER OF POINTS PASSING THE CHECK          20
 NUMBER OF POINTS FAILING THE CHECK           0
 TOLERANCE   -1.0000000000000000     
