 Enter filename for events
 Enter maximum number of events to generate
 MUST coincide with the number of events on tape
 Enter 0 to use Herwig default PDFs
       1 to use PDFs from library
 Enter colliding particles (PART1, PART2)
 Enter beam momenta (PBEAM1, PBEAM2)


          HERWIG 6.521  11th Mar. 2013

          Please reference:  G. Marchesini, B.R. Webber,
          G.Abbiendi, I.G.Knowles, M.H.Seymour & L.Stanco
          Computer Physics Communications 67 (1992) 465
                             and
          G.Corcella, I.G.Knowles, G.Marchesini, S.Moretti,
          K.Odagiri, P.Richardson, M.H.Seymour & B.R.Webber,
          JHEP 0101 (2001) 010
 Enter .TRUE. for underlying event, .FALSE. otherwise

 Underlying event WILL NOT be generated

 Enter Lambda_QCD, <0 for Herwig default
 Enter Z mass, width
 Enter W mass, width
 Enter top mass, width
 Enter Higgs (SM) boson mass, width
 Enter quark (d,u,s,c,b) and gluon masses
 Enter lepton (e,mu,tau) masses
 Enter number of events to print
 Enter accepted error fraction
 Is it single-top (.TRUE. or .FALSE)?
 Is it b-bbar (.TRUE. or .FALSE)?
 Enter the two random seeds (0 0 for default)

          INPUT CONDITIONS FOR THIS RUN

          BEAM 1 (P       ) MOM. =   6500.00
          BEAM 2 (P       ) MOM. =   6500.00
          PROCESS CODE (IPROC)   =  -18000
          NUMBER OF FLAVOURS     =    6
          STRUCTURE FUNCTION SET =    8
          AZIM SPIN CORRELATIONS =    T
          AZIM SOFT CORRELATIONS =    T
          QCD LAMBDA (GEV)       =    0.1800
          DOWN     QUARK  MASS   =    0.3200
          UP       QUARK  MASS   =    0.3200
          STRANGE  QUARK  MASS   =    0.5000
          CHARMED  QUARK  MASS   =    1.5500
          BOTTOM   QUARK  MASS   =    4.9500
          TOP      QUARK  MASS   =  173.0000
          GLUON EFFECTIVE MASS   =    0.7500
          EXTRA SHOWER CUTOFF (Q)=    0.4800
          EXTRA SHOWER CUTOFF (G)=    0.1000
          PHOTON SHOWER CUTOFF   =    0.4000
          CLUSTER MASS PARAMETER =    3.3500
          SPACELIKE EVOLN CUTOFF =    2.5000
          INTRINSIC P-TRAN (RMS) =    0.0000
          DECAY SPIN CORRELATIONS=    T
          SUSY THREE BODY ME     =    T
          SUSY FOUR  BODY ME     =    F

          NO EVENTS WILL BE WRITTEN TO DISK

          B_d: Delt-M/Gam =0.7000 Delt-Gam/2*Gam =0.0000
          B_s: Delt-M/Gam = 10.00 Delt-Gam/2*Gam =0.2000

          PDFLIB NOT USED FOR BEAM 1
          PDFLIB NOT USED FOR BEAM 2


          Checking consistency of particle properties


          Checking consistency of decay tables


          WRITING SUDAKOV TABLE ON UNIT  77

          WRITING MATRIX ELEMENT TABLE ON UNIT  88

          CHECKING SUSY DECAY MATRIX ELEMENTS
 Do you want a stable Pi0 (.TRUE. or .FALSE)?
 Do you want a stable W+ (.TRUE. or .FALSE)?
 Do you want a stable W- (.TRUE. or .FALSE)?
 Do you want a stable Z0 (.TRUE. or .FALSE)?
 Do you want a stable Tau+ (.TRUE. or .FALSE)?
 Do you want a stable Tau- (.TRUE. or .FALSE)?
 Do you want a stable Mu+ (.TRUE. or .FALSE)?
 Do you want a stable Mu- (.TRUE. or .FALSE)?
 Do you want a stable Higgs (.TRUE. or .FALSE)?

          PARTICLE TYPE  21=PI0      SET STABLE
 How many decay modes do you want to set?
 How are the events normalized ("average" or "sum")?
 stdhep initialized

          SUBROUTINE TIMEL CALLED BUT NOT LINKED.
          DUMMY TIMEL WILL BE USED. DELETE DUMMY
          AND LINK CERNLIB FOR CPU TIME REMAINING.

 HWWARN CALLED FROM SUBPROGRAM HWSMRS: CODE =   5
 EVENT       1:   SEEDS = 1973774260 & 1099242306  WEIGHT =-0.4482E-03
 EVENT SURVIVES. EXECUTION CONTINUES
 WARNING: MRST98 CALLED WITH Q OUTSIDE ALLOWED RANGE!
 Q VALUE=1.430E+04, MINIMUM=1.118E+00, MAXIMUM=3.162E+03
 NO FURTHER WARNINGS WILL BE ISSUED



 EVENT       1: 6500.00 GEV/C P        ON  6500.00 GEV/C P        PROCESS:-18000
 SEEDS:  1973774260 &  1099242306   STATUS:  100 ERROR:   0  WEIGHT: -4.4816E-04


                               ---INITIAL STATE---    

 IHEP    ID      IDPDG IST MO1 MO2 DA1 DA2   P-X     P-Y     P-Z  ENERGY    MASS
    1 P           2212 101   0   0   0   0    0.00    0.00 6500.0 6500.0    0.94
    2 P           2212 102   0   0   0   0    0.00    0.00-6500.0 6500.0    0.94
    3 CMF            0 103   1   2   0   0    0.00    0.00    0.013000.013000.00

                              ---HARD SUBPROCESS---   

 IHEP    ID      IDPDG IST MO1 MO2 DA1 DA2   P-X     P-Y     P-Z  ENERGY    MASS
    4 DBAR          -1 121   6   9  10   5    0.00    0.00   30.3   30.3    0.32
    5 UQRK           2 122   6   4  18   9   -0.00   -0.00-2321.6 2321.6    0.32
    6 HARD           0 120   4   5   7   9   -8.85   -1.65-2291.6 2352.3  530.57
    7 HIGGS         25 123   6   7  20   7  208.72  -27.48 -840.9  875.9  125.00
    8 W+            24 124   6   8  21   8 -216.23   40.05-1065.2 1090.6   80.42
    9 GLUON         21 124   6   5  22   4    7.51  -12.57 -385.2  385.5    0.75

                              ---PARTON SHOWERS---    

 IHEP    ID      IDPDG IST MO1 MO2 DA1 DA2   P-X     P-Y     P-Z  ENERGY    MASS
   10 DBAR          94 141   4   6  12  17   -8.85   -1.65   31.0   29.6  -12.87
   11 CONE           0 100   4   9   0   0    0.51   -0.86   -2.4    2.6    0.00
   12 DQRK           1   2  10  13  28  19   -0.99    0.80   59.6   59.7    0.32
   13 UD          2101   2  10  14  29  28    0.00    0.00 2653.9 2653.9    0.32
   14 UQRK           2   2  10  15  30  29   -1.00    0.74 3675.6 3675.6    0.32
   15 GLUON         21   2  10  16  31  32    1.91    1.01   46.6   46.6    0.75
   16 GLUON         21   2  10  17  33  34    5.95    0.48   23.5   24.3    0.75
   17 GLUON         21   2  10  24  35  36    2.99   -1.38    9.7   10.3    0.75
   18 UQRK          94 142   5   6  19  19    0.00   -0.00-2322.6 2322.6    0.51
   19 UD          2101   2  18  28  37  27    0.00    0.00-4177.4 4177.4    0.32
   20 HIGGS         25 195   7   6 128 129  205.28  -28.08 -840.6  874.8  125.00
   21 W+            24 195   8  21 195 196 -220.17   39.26-1064.6 1090.8   80.42
   22 GLUON         94 144   9   6  24  27    6.05  -12.83 -386.4  386.6    5.47
   23 CONE           0 100   9   5   0   0   -0.31    0.65   -7.7    7.7    0.00
   24 GLUON         21   2  22  25  38  39    1.24   -3.17  -67.8   67.9    0.75
   25 GLUON         21   2  22  26  40  41    1.10   -3.15  -85.7   85.8    0.75
   26 DBAR          -1   2  22  27  42  41    3.84   -6.07 -227.1  227.2    0.32
   27 DQRK           1   2  22  37  43  42   -0.13   -0.44   -5.7    5.7    0.32

                              ---GLUON SPLITTING---   

 IHEP    ID      IDPDG IST MO1 MO2 DA1 DA2   P-X     P-Y     P-Z  ENERGY    MASS
   28 DQRK           1 158  10  48  68  37   -0.70    0.56   44.6   44.6    0.32
   29 UD          2101 161  10  30  76  45   -0.02    0.01  896.2  896.2    0.64
   30 UQRK           2 158  10  52  69  29   -0.55    0.41 2019.2 2019.2    0.32
   31 UBAR          -2 158  10  32  84  61    0.38    0.23   15.2   15.2    0.32
   32 UQRK           2 158  10  33  70  31    1.27    0.62   26.6   26.7    0.32
   33 UBAR          -2 158  10  34  70  32    2.25    0.33    9.4    9.6    0.32
   34 UQRK           2 158  10  35  71  33    3.71    0.16   14.2   14.7    0.32
   35 UBAR          -2 158  10  36  71  34    1.38   -0.53    3.9    4.2    0.32
   36 UQRK           2 158  10  56  72  35    0.84   -0.45    3.1    3.2    0.32
   37 UD          2101 162  18  28  77  47   -0.00   -0.00-1109.0 1109.0    0.64
   38 DBAR          -1 158  22  39  85  63    0.46   -1.40  -27.1   27.1    0.32
   39 DQRK           1 158  22  40  73  38    0.59   -1.20  -29.5   29.6    0.32
   40 UBAR          -2 158  22  41  73  39    0.66   -1.33  -39.1   39.2    0.32
   41 UQRK           2 158  22  42  74  40    0.44   -1.82  -46.6   46.6    0.32
   42 DBAR          -1 158  22  43  74  41    3.84   -6.07 -227.1  227.2    0.32
   43 DQRK           1 158  22  58  75  42   -0.11   -0.35   -5.4    5.4    0.32
   44 UBAR          -2 159  10  45  78  49   -0.00    0.00 1488.3 1488.3    0.32
   45 UQRK           2 159  10  29  76  44   -0.06    0.05   63.3   63.3    0.32
   46 DBAR          -1 159  18  47  83  59   -0.00   -0.00-2965.4 2965.4    0.32
   47 DQRK           1 159  22  37  77  46   -0.01   -0.04  -19.6   19.6    0.32
   48 UBAR          -2 159  10  49  68  28   -0.02    0.01  192.2  192.2    0.32
   49 UQRK           2 159  10  44  78  48   -0.20    0.16   29.0   29.0    0.32
   50 DBAR          -1 159  10  51  80  53    0.14    0.09   17.8   17.8    0.32
   51 DQRK           1 159  10  60  79  50   -0.25    0.19  923.1  923.1    0.32
   52 SBAR          -3 159  10  53  69  30   -0.03    0.05  198.2  198.2    0.50
   53 SQRK           3 159  10  50  80  52   -0.06    0.07  291.6  291.6    0.50
   54 DBAR          -1 159  22  55  86  65    0.09   -0.26   -4.9    5.0    0.32
   55 DQRK           1 159  10  62  81  54    0.30   -0.16    1.1    1.2    0.32
   56 DBAR          -1 159  22  57  72  36    0.05   -0.03   -0.0    0.3    0.32
   57 DQRK           1 159  10  66  82  56    0.30   -0.16    1.1    1.1    0.32
   58 DBAR          -1 159  18  59  75  43   -0.01   -0.02  -34.4   34.4    0.32
   59 DQRK           1 159  22  46  83  58   -0.01   -0.02  -49.3   49.3    0.32
   60 DBAR          -1 159  10  61  79  51   -0.04    0.05  197.5  197.5    0.32
   61 DQRK           1 159  10  31  84  60    0.05    0.04   32.9   32.9    0.32
   62 UBAR          -2 159  22  63  81  55    0.03   -0.08   -1.4    1.4    0.32
   63 UQRK           2 159  10  38  85  62    0.02   -0.05   -0.9    0.9    0.32
   64 DBAR          -1 159  22  65  87  67    0.03   -0.08   -1.5    1.5    0.32
   65 DQRK           1 159  10  54  86  64    0.03   -0.03   -0.3    0.4    0.32
   66 DBAR          -1 159  22  67  82  57    0.03   -0.09   -1.8    1.8    0.32
   67 DQRK           1 159  10  64  87  66    0.08   -0.05    0.2    0.4    0.32

                             ---CLUSTER FORMATION---  

 IHEP    ID      IDPDG IST MO1 MO2 DA1 DA2   P-X     P-Y     P-Z  ENERGY    MASS
   68 CLUS          91 183  28  48  88  89   -0.72    0.58  236.9  236.9    2.03
   69 CLUS          91 183  30  52  90  91   -0.58    0.46 2217.4 2217.4    1.71
   70 CLUS          91 183  32  33  92  93    3.52    0.95   36.0   36.3    3.09
   71 CLUS          91 183  34  35  94  95    5.09   -0.37   18.1   18.8    1.48
   72 CLUS          91 183  36  56  96  97    0.89   -0.48    3.0    3.5    1.49
   73 CLUS          91 183  39  40  98  99    1.25   -2.53  -68.7   68.7    0.69
   74 CLUS          91 183  41  42 100 101    4.28   -7.89 -273.7  273.8    1.72
   75 CLUS          91 183  43  58 102 103   -0.11   -0.38  -39.8   39.8    1.31
   76 CLUS          91 184  45  29 104 105   -0.07    0.06  959.4  959.5    1.44
   77 CLUS          91 185  47  37 106 107   -0.01   -0.05-1128.6 1128.6    2.54
   78 CLUS          91 183  49  44 108 109   -0.20    0.16 1517.2 1517.2    2.96
   79 CLUS          91 183  51  60 110 111   -0.29    0.23 1120.6 1120.6    0.84
   80 CLUS          91 183  53  50 112 113    0.07    0.16  309.3  309.4    1.58
   81 CLUS          91 183  55  62 114 115    0.33   -0.24   -0.3    2.6    2.54
   82 CLUS          91 183  57  66 116 117    0.33   -0.25   -0.7    3.0    2.84
   83 CLUS          91 183  59  46 118 119   -0.01   -0.02-3014.7 3014.7    2.53
   84 CLUS          91 183  61  31 120 121    0.43    0.27   48.1   48.1    0.91
   85 CLUS          91 183  63  38 122 123    0.48   -1.44  -27.9   28.0    1.83
   86 CLUS          91 183  65  54 124 125    0.11   -0.28   -5.2    5.4    1.29
   87 CLUS          91 183  67  64 126 127    0.11   -0.13   -1.3    1.9    1.42

                              ---CLUSTER DECAYS---    

 IHEP    ID      IDPDG IST MO1 MO2 DA1 DA2   P-X     P-Y     P-Z  ENERGY    MASS
   88 PI0          111   1  68  10   0   0   -0.21    0.16   14.6   14.6    0.13
   89 RHOD-     -30213 197  68  10 233 234   -0.51    0.41  222.2  222.2    1.70
   90 PI0          111   1  69  10   0   0   -0.17    0.13  638.5  638.5    0.13
   91 K*_2+        325 197  69  10 235 236   -0.41    0.33 1579.0 1579.0    1.43
   92 OMEGA        223 197  70  10 237 239    2.59   -0.08   16.0   16.2    0.78
   93 F_2          225 197  70  10 240 241    0.93    1.03   20.0   20.1    1.27
   94 PI0          111   1  71  10   0   0    0.65   -0.43    3.1    3.2    0.13
   95 OMEGA        223 197  71  10 242 244    4.44    0.07   14.9   15.6    0.78
   96 PI0          111   1  72  10   0   0    0.03   -0.09    0.8    0.8    0.13
   97 B_1+       10213 197  72  10 245 246    0.85   -0.39    2.3    2.8    1.23
   98 PI-         -211   1  73  22   0   0    0.22   -0.33  -15.7   15.7    0.14
   99 PI0          111   1  73  22   0   0    1.03   -2.20  -53.0   53.0    0.13
  100 PI0          111   1  74  22   0   0    0.28   -1.37  -33.4   33.4    0.13
  101 RHO+         213 197  74  22 247 248    4.00   -6.52 -240.3  240.5    0.77
  102 RHO-        -213 197  75  22 249 250   -0.11   -0.37  -16.1   16.1    0.77
  103 PI+          211   1  75  22   0   0   -0.00   -0.01  -23.7   23.7    0.14
  104 PI+          211   1  76  10   0   0    0.33   -0.12  337.2  337.2    0.14
  105 N           2112   1  76  10   0   0   -0.41    0.18  622.3  622.3    0.94
  106 F_2          225 197  77  22 251 252    0.41    0.39 -703.0  703.0    1.27
  107 N           2112   1  77  22   0   0   -0.42   -0.44 -425.6  425.6    0.94
  108 RHOD+      30213 197  78  10 253 255   -0.22    0.01  967.4  967.4    1.70
  109 A_1-      -20213 197  78  10 256 257    0.02    0.15  549.8  549.8    1.23
  110 PI0          111   1  79  10   0   0   -0.33   -0.23  482.0  482.0    0.13
  111 PI0          111   1  79  10   0   0    0.04    0.47  638.6  638.6    0.13
  112 ETAP         331 197  80  10 258 260   -0.05    0.08  141.3  141.3    0.96
  113 KBAR0       -311 197  80  10 261 261    0.12    0.07  168.1  168.1    0.50
  114 RHOD-     -30213 197  81  10 262 264    0.20   -0.30   -0.0    1.7    1.70
  115 OMEGA        223 197  81  10 265 267    0.12    0.07   -0.3    0.9    0.78
  116 PI_2-     -10215 197  82  10 268 269    0.17    0.31   -1.0    2.0    1.67
  117 RHO+         213 197  82  10 270 271    0.16   -0.57    0.2    1.0    0.77
  118 K*0          313 197  83  22 272 273    0.18   -0.61 -761.6  761.6    0.90
  119 K*BAR0      -313 197  83  22 274 275   -0.18    0.60-2253.1 2253.1    0.90
  120 PI0          111   1  84  10   0   0    0.06    0.00    7.8    7.9    0.13
  121 RHO-        -213 197  84  10 276 277    0.37    0.27   40.3   40.3    0.77
  122 PI0          111   1  85  10   0   0   -0.12   -0.11   -0.6    0.7    0.13
  123 B_1+       10213 197  85  10 278 279    0.60   -1.34  -27.3   27.4    1.23
  124 PI0          111   1  86  10   0   0   -0.57   -0.09   -2.3    2.3    0.13
  125 PI0          111   1  86  10   0   0    0.69   -0.19   -2.9    3.0    0.13
  126 RHO0         113 197  87  10 280 281    0.52   -0.28   -0.9    1.3    0.77
  127 PI0          111   1  87  10   0   0   -0.41    0.16   -0.4    0.6    0.13

                            ---H/W/Z BOSON DECAYS---  

 IHEP    ID      IDPDG IST MO1 MO2 DA1 DA2   P-X     P-Y     P-Z  ENERGY    MASS
  128 BQRK           5 123  20 129 130 129  172.48  -53.83 -502.2  533.7    4.95
  129 BBAR          -5 124  20 128 135 128   32.79   25.75 -338.4  341.0    4.95

                              ---PARTON SHOWERS---    

 IHEP    ID      IDPDG IST MO1 MO2 DA1 DA2   P-X     P-Y     P-Z  ENERGY    MASS
  130 BQRK          94 143 128  20 132 134  169.82  -52.61 -497.1  528.1   13.68
  131 CONE           0 100 128 129   0   0    0.20    0.30   -3.1    3.1    0.00
  132 BQRK           5   2 130 133 141 140  140.01  -39.31 -413.0  437.9    4.95
  133 GLUON         21   2 130 134 142 143   15.29   -6.42  -42.5   45.7    0.75
  134 GLUON         21   2 130 137 144 145   14.53   -6.89  -41.5   44.5    0.75
  135 BBAR          94 144 129  20 137 140   35.45   24.54 -343.6  346.7   17.11
  136 CONE           0 100 129 128   0   0    0.99   -0.47   -1.8    2.1    0.00
  137 GLUON         21   2 135 138 146 147   -0.01    0.52  -10.1   10.1    0.75
  138 GLUON         21   2 135 139 148 149    0.06    1.78  -24.0   24.1    0.75
  139 GLUON         21   2 135 140 150 151   20.20    8.34 -169.6  171.0    0.75
  140 BBAR          -5   2 135 141 152 151   15.20   13.89 -139.9  141.5    4.95

                              ---GLUON SPLITTING---   

 IHEP    ID      IDPDG IST MO1 MO2 DA1 DA2   P-X     P-Y     P-Z  ENERGY    MASS
  141 BQRK           5 158 130 155 163 152  117.12  -33.17 -345.1  366.0    4.95
  142 UBAR          -2 158 130 143 169 154    3.45   -1.30   -9.7   10.4    0.32
  143 UQRK           2 158 130 144 164 142    5.64   -2.27  -16.0   17.1    0.32
  144 DBAR          -1 158 130 145 164 143    9.37   -4.26  -26.7   28.6    0.32
  145 DQRK           1 158 130 146 165 144    5.16   -2.62  -14.9   15.9    0.32
  146 UBAR          -2 158 135 147 165 145   -0.08    0.04   -4.0    4.0    0.32
  147 UQRK           2 158 135 148 166 146    0.07    0.48   -6.1    6.1    0.32
  148 UBAR          -2 158 135 149 166 147   -0.16    0.78  -10.4   10.4    0.32
  149 UQRK           2 158 135 157 167 148    0.21    0.72  -10.0   10.0    0.32
  150 UBAR          -2 158 135 151 171 158    9.60    4.08  -81.8   82.5    0.32
  151 UQRK           2 158 135 159 168 150    3.65    1.49  -30.1   30.4    0.32
  152 BBAR          -5 158 135 141 173 162   14.53   12.06 -131.4  132.8    4.95
  153 SBAR          -3 159 130 154 170 156    5.31   -1.99  -15.0   16.0    0.50
  154 SQRK           3 159 130 142 169 153    6.14   -1.91  -17.9   19.0    0.50
  155 UBAR          -2 159 130 156 163 141    3.46   -1.14  -10.0   10.6    0.32
  156 UQRK           2 159 130 153 170 155   14.18   -3.93  -41.9   44.4    0.32
  157 DBAR          -1 159 135 158 167 149    0.33    0.38   -6.0    6.0    0.32
  158 DQRK           1 159 135 150 171 157    1.95    0.86  -17.1   17.2    0.32
  159 UBAR          -2 159 135 160 168 151    1.16    1.19  -10.9   11.1    0.32
  160 UQRK           2 159 135 161 172 159    2.25    0.97  -18.7   18.8    0.32
  161 UBAR          -2 159 135 162 172 160    0.95    0.83   -8.7    8.8    0.32
  162 UQRK           2 159 135 152 173 161    0.98    0.66   -8.6    8.7    0.32

                             ---CLUSTER FORMATION---  

 IHEP    ID      IDPDG IST MO1 MO2 DA1 DA2   P-X     P-Y     P-Z  ENERGY    MASS
  163 CLUS          91 183 141 155 174 175  120.58  -34.31 -355.1  376.6    5.49
  164 CLUS          91 183 143 144 176 177   15.00   -6.54  -42.7   45.7    0.75
  165 CLUS          91 183 145 146 178 179    5.08   -2.58  -18.9   20.0    3.23
  166 CLUS          91 183 147 148 180 181   -0.09    1.25  -16.4   16.5    0.70
  167 CLUS          91 183 149 157 182 183    0.55    1.10  -15.9   16.0    0.71
  168 CLUS          91 183 151 159 184 185    4.81    2.68  -41.0   41.4    1.33
  169 CLUS          91 183 154 142 186 187    9.59   -3.22  -27.6   29.4    0.91
  170 CLUS          91 183 156 153 188 189   19.49   -5.92  -56.9   60.4    1.46
  171 CLUS          91 183 158 150 190 191   11.55    4.95  -98.9   99.7    0.86
  172 CLUS          91 183 160 161 192 193    3.25    1.80  -27.7   27.9    0.89
  173 CLUS          91 183 162 152 194 194   15.46   12.72 -139.6  141.2    5.28

                              ---CLUSTER DECAYS---    

 IHEP    ID      IDPDG IST MO1 MO2 DA1 DA2   P-X     P-Y     P-Z  ENERGY    MASS
  174 B*-         -523 197 163 130 282 283  118.77  -33.76 -349.8  371.0    5.32
  175 PI0          111   1 163 130   0   0    1.81   -0.55   -5.3    5.6    0.13
  176 PI0          111   1 164 130   0   0   11.22   -4.71  -32.4   34.6    0.13
  177 PI+          211   1 164 130   0   0    3.78   -1.82  -10.3   11.1    0.14
  178 DELTA+      2214 197 165 130 284 285    1.86   -2.11   -8.8    9.3    1.23
  179 DLTABR--   -2224 197 165 130 286 287    3.22   -0.47  -10.1   10.6    1.23
  180 PI0          111   1 166 135   0   0   -0.10    0.98   -8.6    8.7    0.13
  181 PI0          111   1 166 135   0   0    0.01    0.28   -7.8    7.8    0.13
  182 PI0          111   1 167 135   0   0    0.35    1.10  -14.1   14.1    0.13
  183 PI+          211   1 167 135   0   0    0.19   -0.00   -1.8    1.9    0.14
  184 K+           321   1 168 135   0   0    3.42    1.48  -28.0   28.2    0.49
  185 K-          -321   1 168 135   0   0    1.39    1.20  -13.0   13.2    0.49
  186 KBAR0       -311 197 169 130 288 288    3.54   -1.16  -10.7   11.3    0.50
  187 PI-         -211   1 169 130   0   0    6.05   -2.06  -16.9   18.1    0.14
  188 PI0          111   1 170 130   0   0   10.30   -3.01  -29.0   30.9    0.13
  189 K*+          323 197 170 130 289 290    9.19   -2.91  -27.9   29.5    0.89
  190 PI-         -211   1 171 135   0   0    6.21    3.08  -53.5   54.0    0.14
  191 PI0          111   1 171 135   0   0    5.34    1.87  -45.3   45.7    0.13
  192 PI0          111   1 172 135   0   0    0.20    0.31   -1.9    2.0    0.13
  193 PI0          111   1 172 135   0   0    3.05    1.49  -25.8   26.0    0.13
  194 B+           521 196 173 135 291 293   15.46   12.72 -139.6  141.2    5.28

                            ---H/W/Z BOSON DECAYS---  

 IHEP    ID      IDPDG IST MO1 MO2 DA1 DA2   P-X     P-Y     P-Z  ENERGY    MASS
  195 CQRK           4 123  21 196 197 196 -170.94   -5.49 -780.3  798.9    1.55
  196 SBAR          -3 124  21 195 199 195  -49.23   44.75 -284.3  292.0    0.50

                              ---PARTON SHOWERS---    

 IHEP    ID      IDPDG IST MO1 MO2 DA1 DA2   P-X     P-Y     P-Z  ENERGY    MASS
  197 CQRK          94 143 195  21 198 198 -170.25   -5.47 -777.2  795.6    1.55
  198 CQRK           4   2 197 201 203 202 -170.25   -5.47 -777.2  795.6    1.55
  199 SBAR          94 144 196  21 201 202  -49.93   44.72 -287.5  295.2    5.15
  200 CONE           0 100 196 195   0   0   -1.24   -0.55   -4.5    4.7    0.00
  201 GLUON         21   2 199 202 204 205   -5.76    5.09  -27.1   28.2    0.75
  202 SBAR          -3   2 199 203 206 205  -44.17   39.63 -260.3  267.0    0.50

                              ---GLUON SPLITTING---   

 IHEP    ID      IDPDG IST MO1 MO2 DA1 DA2   P-X     P-Y     P-Z  ENERGY    MASS
  203 CQRK           4 158 197 211 215 206 -154.03   -4.94 -703.2  719.9    1.55
  204 DBAR          -1 158 199 205 220 214   -1.69    1.49   -8.0    8.3    0.32
  205 DQRK           1 158 199 206 216 204   -1.59    1.29   -7.3    7.6    0.32
  206 SBAR          -3 158 199 203 216 205  -44.17   39.63 -260.3  267.0    0.50
  207 UBAR          -2 159 199 208 218 210   -1.09    0.88   -5.2    5.3    0.32
  208 UQRK           2 159 197 213 217 207   -5.29   -0.15  -24.1   24.7    0.32
  209 DBAR          -1 159 199 210 219 212   -1.16    0.96   -5.5    5.7    0.32
  210 DQRK           1 159 197 207 218 209   -3.08   -0.06  -14.1   14.4    0.32
  211 SBAR          -3 159 199 212 215 203   -3.41   -0.03  -15.6   15.9    0.50
  212 SQRK           3 159 197 209 219 211   -1.77    0.11   -8.1    8.3    0.50
  213 UBAR          -2 159 199 214 217 208   -1.54    0.03   -7.0    7.2    0.32
  214 UQRK           2 159 197 204 220 213   -1.36    0.04   -6.2    6.4    0.32

                             ---CLUSTER FORMATION---  

 IHEP    ID      IDPDG IST MO1 MO2 DA1 DA2   P-X     P-Y     P-Z  ENERGY    MASS
  215 CLUS          91 183 203 211 221 222 -157.44   -4.97 -718.7  735.8    3.78
  216 CLUS          91 183 205 206 223 224  -45.76   40.92 -267.7  274.6    3.00
  217 CLUS          91 183 208 213 225 226   -6.82   -0.12  -31.2   31.9    0.78
  218 CLUS          91 183 210 207 227 228   -4.17    0.82  -19.2   19.7    1.66
  219 CLUS          91 183 212 209 229 230   -2.94    1.08  -13.6   14.1    1.35
  220 CLUS          91 183 214 204 231 232   -3.05    1.53  -14.3   14.7    1.41

                              ---CLUSTER DECAYS---    

 IHEP    ID      IDPDG IST MO1 MO2 DA1 DA2   P-X     P-Y     P-Z  ENERGY    MASS
  221 D*_2+        415 197 215 197 294 295 -152.55   -4.87 -696.4  712.9    2.46
  222 K0           311 197 215 197 296 296   -4.89   -0.10  -22.3   22.9    0.50
  223 P           2212   1 216 199   0   0   -6.62    5.84  -37.4   38.5    0.94
  224 SGMA*BR-   -3224 197 216 199 297 298  -39.14   35.09 -230.2  236.1    1.38
  225 PI+          211   1 217 197   0   0   -2.48    0.25  -10.5   10.8    0.14
  226 PI-         -211   1 217 197   0   0   -4.34   -0.38  -20.6   21.1    0.14
  227 B_10       10113 197 218 197 299 300   -2.84    0.32  -14.1   14.4    1.23
  228 PI-         -211   1 218 197   0   0   -1.32    0.50   -5.1    5.3    0.14
  229 KBAR0       -311 197 219 197 301 301   -1.49    0.50   -7.4    7.6    0.50
  230 RHO0         113 197 219 197 302 303   -1.44    0.57   -6.2    6.4    0.77
  231 PI0          111   1 220 197   0   0   -0.55    0.35   -1.3    1.5    0.13
  232 RHO+         213 197 220 197 304 305   -2.50    1.18  -12.9   13.2    0.77

                           ---STRONG HADRON DECAYS--- 

 IHEP    ID      IDPDG IST MO1 MO2 DA1 DA2   P-X     P-Y     P-Z  ENERGY    MASS
  233 K-          -321   1  89  10   0   0   -0.06   -0.31   75.4   75.4    0.49
  234 K*0          313 198  89  10 306 307   -0.46    0.72  146.8  146.8    0.90
  235 K0           311 198  91  10 308 308    0.06   -0.16 1189.3 1189.3    0.50
  236 PI+          211   1  91  10   0   0   -0.46    0.49  389.7  389.7    0.14
  237 PI+          211   1  92  10   0   0    1.11   -0.01    5.4    5.5    0.14
  238 PI-         -211   1  92  10   0   0    1.14   -0.18    7.6    7.7    0.14
  239 PI0          111   1  92  10   0   0    0.34    0.10    3.0    3.0    0.13
  240 PI+          211   1  93  10   0   0    0.74    1.00    9.1    9.2    0.14
  241 PI-         -211   1  93  10   0   0    0.19    0.03   11.0   11.0    0.14
  242 PI+          211   1  95  10   0   0    2.74    0.01   10.1   10.5    0.14
  243 PI-         -211   1  95  10   0   0    1.15    0.07    3.4    3.5    0.14
  244 PI0          111   1  95  10   0   0    0.55   -0.01    1.5    1.6    0.13
  245 OMEGA        223 198  97  10 309 311    0.42    0.04    1.6    1.8    0.78
  246 PI+          211   1  97  10   0   0    0.44   -0.43    0.7    0.9    0.14
  247 PI+          211   1 101  22   0   0    0.84   -1.96  -67.1   67.2    0.14
  248 PI0          111   1 101  22   0   0    3.17   -4.56 -173.2  173.3    0.13
  249 PI-         -211   1 102  22   0   0   -0.24   -0.46   -6.9    6.9    0.14
  250 PI0          111   1 102  22   0   0    0.13    0.09   -9.2    9.2    0.13
  251 PI0          111   1 106  22   0   0    0.59   -0.04 -594.5  594.5    0.13
  252 PI0          111   1 106  22   0   0   -0.18    0.43 -108.5  108.5    0.13
  253 RHO+         213 198 108  10 312 313   -0.54   -0.04  518.8  518.8    0.77
  254 PI+          211   1 108  10   0   0    0.04    0.32  232.1  232.1    0.14
  255 PI-         -211   1 108  10   0   0    0.28   -0.27  216.5  216.5    0.14
  256 RHO0         113 198 109  10 314 315   -0.33    0.09  341.2  341.2    0.77
  257 PI-         -211   1 109  10   0   0    0.35    0.06  208.6  208.6    0.14
  258 PI0          111   1 112  10   0   0    0.01    0.08   15.6   15.6    0.13
  259 PI0          111   1 112  10   0   0   -0.07   -0.05   58.4   58.4    0.13
  260 ETA          221 198 112  10 316 318    0.01    0.05   67.3   67.3    0.55
  261 K_S0         310 198 113  10 319 320    0.12    0.07  168.1  168.1    0.50
  262 RHO+         213 198 114  10 321 322    0.35    0.28   -0.3    0.9    0.77
  263 PI-         -211   1 114  10   0   0    0.08   -0.42    0.2    0.5    0.14
  264 PI-         -211   1 114  10   0   0   -0.23   -0.16    0.1    0.3    0.14
  265 PI+          211   1 115  10   0   0   -0.04   -0.04   -0.3    0.3    0.14
  266 PI-         -211   1 115  10   0   0    0.29    0.11    0.0    0.3    0.14
  267 PI0          111   1 115  10   0   0   -0.12   -0.00   -0.1    0.2    0.13
  268 K0           311 198 116  10 323 323   -0.18    0.49   -0.3    0.8    0.50
  269 K*-         -323 198 116  10 324 325    0.36   -0.18   -0.6    1.2    0.89
  270 PI+          211   1 117  10   0   0    0.07   -0.25    0.5    0.6    0.14
  271 PI0          111   1 117  10   0   0    0.08   -0.31   -0.2    0.4    0.13
  272 K0           311 198 118  22 326 326    0.31   -0.36 -641.0  641.0    0.50
  273 PI0          111   1 118  22   0   0   -0.14   -0.25 -120.6  120.6    0.13
  274 KBAR0       -311 198 119  22 327 327   -0.33    0.65-1875.9 1875.9    0.50
  275 PI0          111   1 119  22   0   0    0.15   -0.05 -377.2  377.2    0.13
  276 PI-         -211   1 121  10   0   0    0.33    0.49   32.1   32.2    0.14
  277 PI0          111   1 121  10   0   0    0.04   -0.22    8.1    8.1    0.13
  278 OMEGA        223 198 123  10 328 330    0.13   -0.88  -14.0   14.1    0.78
  279 PI+          211   1 123  10   0   0    0.47   -0.45  -13.3   13.3    0.14
  280 PI+          211   1 126  10   0   0    0.06    0.19   -0.1    0.2    0.14
  281 PI-         -211   1 126  10   0   0    0.46   -0.47   -0.9    1.1    0.14
  282 B-          -521 199 174 130 365 366  116.79  -33.21 -344.0  364.8    5.28
  283 GAMMA         22   1 174 130   0   0    1.98   -0.55   -5.9    6.2    0.00
  284 P           2212   1 178 130   0   0    1.13   -1.33   -6.1    6.4    0.94
  285 PI0          111   1 178 130   0   0    0.73   -0.78   -2.7    2.9    0.13
  286 PBAR       -2212   1 179 130   0   0    2.52   -0.37   -7.2    7.7    0.94
  287 PI-         -211   1 179 130   0   0    0.70   -0.10   -2.9    3.0    0.14
  288 K_L0         130   1 186 130   0   0    3.54   -1.16  -10.7   11.3    0.50
  289 K0           311 198 189 130 331 331    4.57   -1.31  -14.4   15.2    0.50
  290 PI+          211   1 189 130   0   0    4.62   -1.60  -13.5   14.3    0.14
  291 E+           -11   1 194 135   0   0    7.42    6.57  -74.5   75.2    0.00
  292 NU_E          12   1 194 135   0   0    1.97    1.92  -12.6   12.9    0.00
  293 DH_1BAR0  -20423 198 194 135 332 333    6.07    4.23  -52.5   53.1    2.42
  294 D+           411 198 221 197 334 336 -113.80   -3.14 -519.3  531.6    1.87
  295 PI0          111   1 221 197   0   0  -38.75   -1.73 -177.1  181.3    0.13
  296 K_S0         310 198 222 197 337 338   -4.89   -0.10  -22.3   22.9    0.50
  297 LAMBDABR   -3122 198 224 199 339 340  -29.93   27.05 -176.3  180.8    1.12
  298 PI-         -211   1 224 199   0   0   -9.21    8.03  -53.9   55.3    0.14
  299 OMEGA        223 198 227 197 341 343   -2.50   -0.00  -11.7   12.0    0.78
  300 PI0          111   1 227 197   0   0   -0.34    0.33   -2.4    2.5    0.13
  301 K_L0         130   1 229 197   0   0   -1.49    0.50   -7.4    7.6    0.50
  302 PI+          211   1 230 197   0   0   -0.63    0.09   -3.8    3.9    0.14
  303 PI-         -211   1 230 197   0   0   -0.82    0.48   -2.4    2.6    0.14
  304 PI+          211   1 232 197   0   0   -2.26    0.89  -10.2   10.5    0.14
  305 PI0          111   1 232 197   0   0   -0.24    0.29   -2.7    2.7    0.13
  306 K0           311 198 234  10 344 344   -0.23    0.77  124.2  124.2    0.50
  307 PI0          111   1 234  10   0   0   -0.23   -0.05   22.6   22.6    0.13
  308 K_S0         310 198 235  10 345 346    0.06   -0.16 1189.3 1189.3    0.50
  309 PI+          211   1 245  10   0   0    0.27   -0.00    1.1    1.1    0.14
  310 PI-         -211   1 245  10   0   0    0.06   -0.06    0.0    0.2    0.14
  311 PI0          111   1 245  10   0   0    0.09    0.10    0.5    0.6    0.13
  312 PI+          211   1 253  10   0   0   -0.67   -0.15  350.2  350.2    0.14
  313 PI0          111   1 253  10   0   0    0.13    0.11  168.7  168.7    0.13
  314 PI+          211   1 256  10   0   0    0.16    0.07   42.8   42.8    0.14
  315 PI-         -211   1 256  10   0   0   -0.49    0.02  298.5  298.5    0.14
  316 PI0          111   1 260  10   0   0   -0.05    0.04   23.9   23.9    0.13
  317 PI0          111   1 260  10   0   0    0.12    0.11   23.2   23.2    0.13
  318 PI0          111   1 260  10   0   0   -0.07   -0.10   20.1   20.1    0.13
  319 PI+          211   1 261  10   0   0    0.04    0.14   29.7   29.7    0.14
  320 PI-         -211   1 261  10   0   0    0.08   -0.07  138.4  138.4    0.14
  321 PI+          211   1 262  10   0   0   -0.11    0.00   -0.3    0.4    0.14
  322 PI0          111   1 262  10   0   0    0.46    0.28    0.1    0.6    0.13
  323 K_L0         130   1 268  10   0   0   -0.18    0.49   -0.3    0.8    0.50
  324 KBAR0       -311 198 269  10 347 347    0.17   -0.35   -0.6    0.9    0.50
  325 PI-         -211   1 269  10   0   0    0.19    0.17   -0.0    0.3    0.14
  326 K_S0         310 198 272  22 348 349    0.31   -0.36 -641.0  641.0    0.50
  327 K_S0         310 198 274  22 350 351   -0.33    0.65-1875.9 1875.9    0.50
  328 PI+          211   1 278  10   0   0   -0.04   -0.00   -0.7    0.7    0.14
  329 PI-         -211   1 278  10   0   0    0.15   -0.36   -6.9    6.9    0.14
  330 PI0          111   1 278  10   0   0    0.01   -0.53   -6.5    6.5    0.13
  331 K_S0         310 198 289 130 352 353    4.57   -1.31  -14.4   15.2    0.50
  332 D*-         -413 198 293 135 354 355    5.11    3.16  -43.5   43.9    2.01
  333 PI+          211   1 293 135   0   0    0.96    1.07   -9.0    9.1    0.14
  334 NU_MU         14   1 294 197   0   0  -33.86   -1.49 -154.9  158.5    0.00
  335 MU+          -13   1 294 197   0   0  -27.30   -0.70 -122.4  125.4    0.11
  336 KBAR0       -311 198 294 197 356 356  -52.64   -0.94 -242.0  247.7    0.50
  337 PI0          111   1 296 197   0   0   -3.93   -0.08  -17.2   17.6    0.13
  338 PI0          111   1 296 197   0   0   -0.96   -0.02   -5.1    5.2    0.13
  339 PBAR       -2212   1 297 199   0   0  -27.87   25.15 -163.9  168.2    0.94
  340 PI+          211   1 297 199   0   0   -2.06    1.91  -12.3   12.7    0.14
  341 PI+          211   1 299 197   0   0   -2.04   -0.10   -9.2    9.5    0.14
  342 PI-         -211   1 299 197   0   0   -0.26    0.00   -1.6    1.6    0.14
  343 PI0          111   1 299 197   0   0   -0.20    0.09   -0.8    0.9    0.13
  344 K_L0         130   1 306  10   0   0   -0.23    0.77  124.2  124.2    0.50
  345 PI0          111   1 308  10   0   0    0.12   -0.12  219.8  219.8    0.13
  346 PI0          111   1 308  10   0   0   -0.06   -0.04  969.5  969.5    0.13
  347 K_S0         310 198 324  10 357 358    0.17   -0.35   -0.6    0.9    0.50
  348 PI+          211   1 326  22   0   0   -0.05   -0.20 -320.2  320.2    0.14
  349 PI-         -211   1 326  22   0   0    0.36   -0.16 -320.9  320.9    0.14
  350 PI+          211   1 327  22   0   0    0.06    0.14 -653.1  653.1    0.14
  351 PI-         -211   1 327  22   0   0   -0.39    0.50-1222.8 1222.8    0.14
  352 PI0          111   1 331 130   0   0    2.99   -0.73   -8.8    9.3    0.13
  353 PI0          111   1 331 130   0   0    1.58   -0.57   -5.6    5.8    0.13
  354 DBAR0       -421 198 332 135 359 360    4.79    2.95  -40.4   40.8    1.86
  355 PI-         -211   1 332 135   0   0    0.32    0.21   -3.1    3.1    0.14
  356 K_L0         130   1 336 197   0   0  -52.64   -0.94 -242.0  247.7    0.50
  357 PI+          211   1 347  10   0   0    0.25   -0.08   -0.4    0.5    0.14
  358 PI-         -211   1 347  10   0   0   -0.08   -0.27   -0.2    0.4    0.14
  359 K+           321   1 354 135   0   0    1.54    0.61  -10.8   11.0    0.49
  360 A_1-      -20213 198 354 135 361 362    3.25    2.35  -29.6   29.9    1.23
  361 RHO-        -213 198 360 135 363 364    3.15    2.08  -26.3   26.6    0.77
  362 PI0          111   1 360 135   0   0    0.10    0.27   -3.3    3.3    0.13
  363 PI-         -211   1 361 135   0   0    2.67    1.96  -23.6   23.9    0.14
  364 PI0          111   1 361 135   0   0    0.48    0.12   -2.6    2.7    0.13

                           ---HEAVY PARTICLE DECAYS---

 IHEP    ID      IDPDG IST MO1 MO2 DA1 DA2   P-X     P-Y     P-Z  ENERGY    MASS
  365 BQRK           5 155 282 366 367 369  109.71  -31.20 -323.1  342.7    4.96
  366 UBAR          -2 125 282 369 370 369    7.08   -2.01  -20.8   22.1    0.32
  367 SQRK           3 123 365 368 371 368   50.62  -15.05 -149.3  158.4    0.50
  368 CBAR          -4 124 365 367 373 367   25.84   -6.74  -77.8   82.3    1.55
  369 CQRK           4 124 365 365 375 365   33.26   -9.41  -96.0  102.0    1.55
  370 UBAR          -2 160 366 379 381 379    7.08   -2.01  -20.8   22.1    0.32

                              ---PARTON SHOWERS---    

 IHEP    ID      IDPDG IST MO1 MO2 DA1 DA2   P-X     P-Y     P-Z  ENERGY    MASS
  371 SQRK          94 143 367 365 372 372   50.62  -15.05 -149.3  158.4    0.50
  372 SQRK           3   2 371 374 377 374   50.62  -15.05 -149.3  158.4    0.50
  373 CBAR          94 144 368 365 374 374   25.84   -6.74  -77.8   82.3    1.55
  374 CBAR          -4   2 373 377 378 377   25.84   -6.74  -77.8   82.3    1.55
  375 CQRK          94 144 369 365 376 376   33.26   -9.41  -96.0  102.0    1.55
  376 CQRK           4   2 375 370 379 370   33.26   -9.41  -96.0  102.0    1.55

                              ---GLUON SPLITTING---   

 IHEP    ID      IDPDG IST MO1 MO2 DA1 DA2   P-X     P-Y     P-Z  ENERGY    MASS
  377 SQRK           3 158 371 378 380 378   50.62  -15.05 -149.3  158.4    0.50
  378 CBAR          -4 158 373 377 380 377   25.84   -6.74  -77.8   82.3    1.55
  379 CQRK           4 158 375 370 381 370   33.26   -9.41  -96.0  102.0    1.55

                             ---CLUSTER FORMATION---  

 IHEP    ID      IDPDG IST MO1 MO2 DA1 DA2   P-X     P-Y     P-Z  ENERGY    MASS
  380 CLUS          91 183 377 378 382 383   76.99  -21.94 -228.9  242.5    3.19
  381 CLUS          91 183 379 370 384 384   39.80  -11.27 -115.1  122.3    1.86

                              ---CLUSTER DECAYS---    

 IHEP    ID      IDPDG IST MO1 MO2 DA1 DA2   P-X     P-Y     P-Z  ENERGY    MASS
  382 K-          -321   1 380 371   0   0   24.97   -7.37  -73.7   78.2    0.49
  383 D*_2BAR0    -425 197 380 371 385 386   52.03  -14.57 -155.1  164.3    2.46
  384 D0           421 196 381 375 387 388   39.80  -11.27 -115.1  122.3    1.86

                           ---STRONG HADRON DECAYS--- 

 IHEP    ID      IDPDG IST MO1 MO2 DA1 DA2   P-X     P-Y     P-Z  ENERGY    MASS
  385 D*BAR0      -423 198 383 371 389 390   45.96  -12.75 -138.0  146.0    2.01
  386 PI0          111   1 383 371   0   0    6.07   -1.82  -17.1   18.3    0.13
  387 K-          -321   1 384 375   0   0   11.59   -3.05  -35.0   37.0    0.49
  388 RHO+         213 198 384 375 391 392   28.21   -8.22  -80.0   85.3    0.77
  389 DBAR0       -421 198 385 371 393 396   42.09  -11.65 -126.4  133.7    1.86
  390 PI0          111   1 385 371   0   0    3.87   -1.10  -11.6   12.3    0.13
  391 PI+          211   1 388 375   0   0    9.72   -2.79  -28.5   30.3    0.14
  392 PI0          111   1 388 375   0   0   18.49   -5.43  -51.5   55.0    0.13
  393 NU_MUBAR     -14   1 389 371   0   0    4.24   -0.98  -13.1   13.8    0.00
  394 MU-           13   1 389 371   0   0    4.81   -1.35  -15.1   15.9    0.11
  395 K0           311 198 389 371 397 397   23.01   -6.41  -66.8   70.9    0.50
  396 PI+          211   1 389 371   0   0   10.03   -2.90  -31.4   33.1    0.14
  397 K_L0         130   1 395 371   0   0   23.01   -6.41  -66.8   70.9    0.50



 EVENT       2: 6500.00 GEV/C P        ON  6500.00 GEV/C P        PROCESS:-18000
 SEEDS:  1450635343 &  1168793137   STATUS:  100 ERROR:   0  WEIGHT:  4.4816E-04


                               ---INITIAL STATE---    

 IHEP    ID      IDPDG IST MO1 MO2 DA1 DA2   P-X     P-Y     P-Z  ENERGY    MASS
    1 P           2212 101   0   0   0   0    0.00    0.00 6500.0 6500.0    0.94
    2 P           2212 102   0   0   0   0    0.00    0.00-6500.0 6500.0    0.94
    3 CMF            0 103   1   2   0   0    0.00    0.00    0.013000.013000.00

                              ---HARD SUBPROCESS---   

 IHEP    ID      IDPDG IST MO1 MO2 DA1 DA2   P-X     P-Y     P-Z  ENERGY    MASS
    4 UQRK           2 121   6   5  10   9    0.00    0.00  385.0  385.0    0.32
    5 DBAR          -1 122   6   9  15   4    0.00    0.00 -246.0  246.0    0.32
    6 HARD           0 120   4   5   7   9    1.90    0.12  139.1  631.0  615.51
    7 HIGGS         25 123   6   7  22   7  -54.71 -260.68  -23.6  295.2  125.00
    8 W+            24 124   6   8  23   8   64.28  240.36  120.2  287.8   80.42
    9 GLUON         21 124   6   4  24   5   -9.56   20.32   42.5   48.1    0.75

                              ---PARTON SHOWERS---    

 IHEP    ID      IDPDG IST MO1 MO2 DA1 DA2   P-X     P-Y     P-Z  ENERGY    MASS
   10 UQRK          94 141   4   6  12  14    1.59    0.97  385.2  385.2   -6.30
   11 CONE           0 100   4   9   0   0   -0.43    0.90    4.1    4.2    0.00
   12 GLUON         21   2  10  13  30  31   -0.57   -1.37   33.0   33.1    0.75
   13 GLUON         21   2  10  14  32  33   -1.02    0.40  163.6  163.6    0.75
   14 UD          2101   2  10  17  34  33    0.00    0.00 5918.2 5918.2    0.32
   15 DBAR          94 142   5   6  17  21    0.32   -0.85 -246.1  245.9  -12.06
   16 CONE           0 100   5   9   0   0   -0.43    0.90   -0.5    1.1    0.00
   17 DQRK           1   2  15  18  35  34    0.41    1.63 -267.9  267.9    0.32
   18 UU          2203   2  15  19  36  35    0.00    0.00-4966.8 4966.8    0.32
   19 DQRK           1   2  15  20  37  36   -0.84   -1.42 -950.6  950.6    0.32
   20 GLUON         21   2  15  21  38  39    1.60    0.51  -63.3   63.3    0.75
   21 GLUON         21   2  15  26  40  41   -1.48    0.13   -5.2    5.5    0.75
   22 HIGGS         25 195   7   6 120 121  -53.07 -256.98  -23.1  291.6  125.00
   23 W+            24 195   8  23 206 207   64.24  237.06  118.6  284.3   80.42
   24 GLUON         94 144   9   6  26  29   -9.26   20.05   43.6   55.1   25.43
   25 CONE           0 100   9   4   0   0    0.34   -0.73    0.6    1.0    0.00
   26 GLUON         21   2  24  27  42  43    1.73   -2.74   12.6   13.1    0.75
   27 GLUON         21   2  24  28  44  45   -6.41   21.94   28.4   36.4    0.75
   28 GLUON         21   2  24  29  46  47   -2.18    0.72    1.4    2.8    0.75
   29 GLUON         21   2  24  30  48  49   -2.41    0.13    1.2    2.8    0.75

                              ---GLUON SPLITTING---   

 IHEP    ID      IDPDG IST MO1 MO2 DA1 DA2   P-X     P-Y     P-Z  ENERGY    MASS
   30 UBAR          -2 158  10  31  75  49   -0.15   -0.49    9.2    9.2    0.32
   31 UQRK           2 158  10  32  66  30   -0.42   -0.88   23.8   23.8    0.32
   32 UBAR          -2 158  10  33  66  31   -0.80    0.22  101.0  101.0    0.32
   33 UQRK           2 158  10  50  67  32   -0.18    0.15   64.7   64.7    0.32
   34 UD          2101 161  10  35  76  51   -0.01    0.00 4645.7 4645.7    0.64
   35 DQRK           1 158  15  52  68  34    0.30    1.21 -204.0  204.0    0.32
   36 UU          2203 162  15  37  77  53    0.00    0.01-4712.2 4712.2    0.64
   37 DQRK           1 158  15  54  69  36   -0.72   -1.21 -814.8  814.8    0.32
   38 DBAR          -1 158  15  39  78  55    0.62    0.37  -28.7   28.7    0.32
   39 DQRK           1 158  15  40  70  38    0.88    0.08  -31.2   31.2    0.32
   40 DBAR          -1 158  15  41  70  39   -0.68   -0.08   -2.0    2.1    0.32
   41 DQRK           1 158  15  56  71  40   -0.62    0.16   -2.5    2.6    0.32
   42 DBAR          -1 158  24  43  82  63    0.39   -0.84    3.8    3.9    0.32
   43 DQRK           1 158  24  58  72  42    0.60   -0.78    3.8    3.9    0.32
   44 UBAR          -2 158  24  45  83  65   -1.60    5.43    6.9    8.9    0.32
   45 UQRK           2 158  24  60  73  44   -2.55    8.76   11.4   14.6    0.32
   46 UBAR          -2 158  24  47  81  61   -0.53    0.16    0.3    0.7    0.32
   47 UQRK           2 158  24  48  74  46   -1.60    0.57    1.1    2.1    0.32
   48 DBAR          -1 158  24  49  74  47   -1.70    0.21    0.8    1.9    0.32
   49 DQRK           1 158  24  30  75  48   -0.71   -0.09    0.4    0.9    0.32
   50 DBAR          -1 159  10  51  67  33   -0.01    0.01  817.7  817.7    0.32
   51 DQRK           1 159  10  34  76  50   -0.02    0.01  452.6  452.6    0.32
   52 UBAR          -2 159  15  53  68  35    0.02    0.07 -219.5  219.5    0.32
   53 UQRK           2 159  15  36  77  52    0.08    0.34  -99.0   99.0    0.32
   54 DBAR          -1 159  15  55  69  37    0.04   -0.01  -38.6   38.6    0.32
   55 DQRK           1 159  15  38  78  54   -0.06   -0.13 -100.6  100.6    0.32
   56 SBAR          -3 159  24  57  71  41    0.03   -0.12    0.5    0.7    0.50
   57 SQRK           3 159  15  62  79  56   -0.07   -0.02   -0.2    0.5    0.50
   58 SBAR          -3 159  24  59  72  43   -0.24    0.88    1.4    1.7    0.50
   59 SQRK           3 159  24  64  80  58    0.29   -0.32    2.1    2.2    0.50
   60 DBAR          -1 159  24  61  73  45   -0.47    1.51    2.0    2.6    0.32
   61 DQRK           1 159  24  46  81  60   -1.35    4.62    6.0    7.7    0.32
   62 DBAR          -1 159  24  63  79  57    0.08   -0.19    0.8    0.9    0.32
   63 DQRK           1 159  15  42  82  62   -0.05   -0.01   -0.1    0.4    0.32
   64 SBAR          -3 159  24  65  80  59   -0.03    0.28    1.0    1.1    0.50
   65 SQRK           3 159  24  44  83  64    0.07    0.05    1.1    1.2    0.50

                             ---CLUSTER FORMATION---  

 IHEP    ID      IDPDG IST MO1 MO2 DA1 DA2   P-X     P-Y     P-Z  ENERGY    MASS
   66 CLUS          91 183  31  32  84  85   -1.22   -0.66  124.8  124.8    2.14
   67 CLUS          91 183  33  50  86  87   -0.19    0.16  882.4  882.4    1.49
   68 CLUS          91 183  35  52  88  89    0.32    1.28 -423.5  423.5    1.37
   69 CLUS          91 183  37  54  90  91   -0.68   -1.22 -853.4  853.4    1.60
   70 CLUS          91 183  39  40  92  93    0.20   -0.00  -33.2   33.3    3.21
   71 CLUS          91 183  41  56  94  95   -0.59    0.04   -2.0    3.3    2.56
   72 CLUS          91 183  43  58  96  97    0.37    0.10    5.1    5.6    2.27
   73 CLUS          91 183  45  60  98  99   -3.03   10.27   13.4   17.2    0.90
   74 CLUS          91 183  47  48 100 101   -3.30    0.78    1.9    4.0    0.80
   75 CLUS          91 183  49  30 102 103   -0.86   -0.57    9.6   10.1    3.00
   76 CLUS          91 184  51  34 104 105   -0.02    0.02 5098.3 5098.3    1.27
   77 CLUS          91 185  53  36 106 107    0.09    0.35-4811.2 4811.2    3.35
   78 CLUS          91 183  55  38 108 109    0.55    0.24 -129.3  129.3    1.61
   79 CLUS          91 183  57  62 110 111    0.01   -0.20    0.7    1.4    1.26
   80 CLUS          91 183  59  64 112 113    0.26   -0.05    3.0    3.3    1.26
   81 CLUS          91 183  61  46 114 115   -1.88    4.78    6.3    8.4    2.14
   82 CLUS          91 183  63  42 116 117    0.34   -0.84    3.6    4.2    2.00
   83 CLUS          91 183  65  44 118 119   -1.53    5.47    8.0   10.1    2.55

                              ---CLUSTER DECAYS---    

 IHEP    ID      IDPDG IST MO1 MO2 DA1 DA2   P-X     P-Y     P-Z  ENERGY    MASS
   84 PI0          111   1  66  10   0   0   -0.68    0.02   69.6   69.6    0.13
   85 A_20         115 197  66  10 208 209   -0.55   -0.69   55.2   55.3    1.32
   86 K*+          323 197  67  10 210 211   -0.03   -0.09  440.0  440.0    0.89
   87 KBAR0       -311 197  67  10 212 212   -0.16    0.25  442.5  442.5    0.50
   88 OMEGA        223 197  68  15 213 215    0.31    1.26 -272.5  272.5    0.78
   89 PI-         -211   1  68  15   0   0    0.00    0.02 -151.1  151.1    0.14
   90 OMEGA        223 197  69  15 216 218   -0.73   -1.25 -843.1  843.1    0.78
   91 PI0          111   1  69  15   0   0    0.05    0.02  -10.4   10.4    0.13
   92 K0           311 197  70  15 219 219    0.93    0.19  -18.2   18.3    0.50
   93 KD_3BAR0    -317 197  70  15 220 221   -0.73   -0.19  -14.9   15.1    1.77
   94 P           2212   1  71  15   0   0   -0.47    0.50   -0.8    1.4    0.94
   95 SGMA*BR-   -3224 197  71  15 222 223   -0.12   -0.47   -1.2    1.9    1.38
   96 K*0          313 197  72  24 224 225    0.16   -0.14    4.0    4.1    0.90
   97 ETAP         331 197  72  24 226 227    0.21    0.23    1.1    1.5    0.96
   98 ETA          221 197  73  24 228 230   -2.61    9.24   11.8   15.2    0.55
   99 PI+          211   1  73  24   0   0   -0.42    1.03    1.6    2.0    0.14
  100 PI0          111   1  74  24   0   0   -1.95    0.47    0.7    2.1    0.13
  101 PI+          211   1  74  24   0   0   -1.35    0.31    1.2    1.8    0.14
  102 PI-         -211   1  75  24   0   0    1.03    0.01    3.5    3.7    0.14
  103 RHO0         113 197  75  24 231 232   -1.89   -0.58    6.1    6.5    0.77
  104 PI-         -211   1  76  10   0   0   -0.24    0.10 1369.1 1369.1    0.14
  105 P           2212   1  76  10   0   0    0.22   -0.08 3729.2 3729.2    0.94
  106 RHO_3+       217 197  77  15 233 234   -0.29   -0.01-1640.8 1640.8    1.69
  107 DELTA+      2214 197  77  15 235 236    0.38    0.36-3170.5 3170.5    1.23
  108 ETA          221 197  78  15 237 239    0.69    0.31  -69.3   69.3    0.55
  109 RHO0         113 197  78  15 240 241   -0.13   -0.07  -60.0   60.0    0.77
  110 K-          -321   1  79  15   0   0    0.37   -0.16   -0.0    0.6    0.49
  111 PI+          211   1  79  15   0   0   -0.36   -0.05    0.7    0.8    0.14
  112 K-          -321   1  80  24   0   0   -0.24    0.09    1.1    1.2    0.49
  113 K+           321   1  80  24   0   0    0.49   -0.14    1.9    2.1    0.49
  114 K*_00      10311 197  81  24 242 243   -1.30    3.22    3.7    5.3    1.43
  115 K-          -321   1  81  24   0   0   -0.58    1.55    2.7    3.2    0.49
  116 P           2212   1  82  15   0   0    0.35   -0.71    2.4    2.7    0.94
  117 PBAR       -2212   1  82  15   0   0   -0.01   -0.14    1.3    1.6    0.94
  118 LAMBDA      3122 197  83  24 244 245   -1.12    3.53    5.4    6.6    1.12
  119 DELTABR-   -2214 197  83  24 246 247   -0.41    1.95    2.6    3.5    1.23

                            ---H/W/Z BOSON DECAYS---  

 IHEP    ID      IDPDG IST MO1 MO2 DA1 DA2   P-X     P-Y     P-Z  ENERGY    MASS
  120 BQRK           5 123  22 121 122 121  -58.31  -91.95   38.0  115.4    4.95
  121 BBAR          -5 124  22 120 129 120    5.24 -165.03  -61.1  176.1    4.95

                              ---PARTON SHOWERS---    

 IHEP    ID      IDPDG IST MO1 MO2 DA1 DA2   P-X     P-Y     P-Z  ENERGY    MASS
  122 BQRK          94 143 120  22 124 128  -55.66  -95.39   33.8  118.4   26.06
  123 CONE           0 100 120 121   0   0    0.31   -0.78   -0.6    1.0    0.00
  124 BQRK           5   2 122 125 137 136  -43.99  -77.01   28.4   93.2    4.95
  125 GLUON         21   2 122 126 138 139   -3.02  -11.33    3.4   12.2    0.75
  126 GLUON         21   2 122 127 140 141   -5.09   -5.63    2.3    8.0    0.75
  127 GLUON         21   2 122 128 142 143   -0.71   -1.27   -1.0    1.9    0.75
  128 GLUON         21   2 122 131 144 145   -2.85   -0.15    0.6    3.0    0.75
  129 BBAR          94 144 121  22 131 136    2.59 -161.59  -56.9  173.2   25.32
  130 CONE           0 100 121 120   0   0   -0.66   -0.96    0.5    1.2    0.00
  131 GLUON         21   2 129 132 146 147    0.43   -3.72   -0.9    3.9    0.75
  132 GLUON         21   2 129 133 148 149    0.37   -5.84    0.8    5.9    0.75
  133 GLUON         21   2 129 134 150 151   -0.00   -4.06   -3.2    5.2    0.75
  134 GLUON         21   2 129 135 152 153    1.84  -44.72  -11.6   46.2    0.75
  135 GLUON         21   2 129 136 154 155   -0.62  -16.89   -4.0   17.4    0.75
  136 BBAR          -5   2 129 137 156 155    0.58  -86.36  -37.9   94.4    4.95

                              ---GLUON SPLITTING---   

 IHEP    ID      IDPDG IST MO1 MO2 DA1 DA2   P-X     P-Y     P-Z  ENERGY    MASS
  137 BQRK           5 158 122 159 165 156  -37.68  -66.55   24.4   80.4    4.95
  138 DBAR          -1 158 122 139 175 158   -1.19   -4.65    1.4    5.0    0.32
  139 DQRK           1 158 122 140 166 138   -1.22   -4.04    1.3    4.4    0.32
  140 DBAR          -1 158 122 141 166 139   -1.30   -1.53    0.6    2.1    0.32
  141 DQRK           1 158 122 142 167 140   -3.79   -4.10    1.8    5.9    0.32
  142 DBAR          -1 158 122 143 167 141   -0.38   -0.34   -0.3    0.7    0.32
  143 DQRK           1 158 122 144 168 142   -0.33   -0.92   -0.7    1.2    0.32
  144 UBAR          -2 158 122 145 168 143   -2.18   -0.09    0.4    2.3    0.32
  145 UQRK           2 158 122 146 169 144   -0.67   -0.06    0.2    0.8    0.32
  146 DBAR          -1 158 129 147 169 145    0.10   -0.97   -0.2    1.0    0.32
  147 DQRK           1 158 129 148 170 146    0.33   -2.76   -0.8    2.9    0.32
  148 DBAR          -1 158 129 149 170 147    0.30   -2.71    0.2    2.8    0.32
  149 DQRK           1 158 129 150 171 148    0.07   -3.13    0.6    3.2    0.32
  150 DBAR          -1 158 129 151 171 149    0.12   -2.82   -2.3    3.6    0.32
  151 DQRK           1 158 129 152 172 150   -0.12   -1.23   -0.9    1.6    0.32
  152 DBAR          -1 158 129 153 172 151    1.16  -30.23   -8.0   31.3    0.32
  153 DQRK           1 158 129 154 173 152    0.67  -14.49   -3.6   15.0    0.32
  154 DBAR          -1 158 129 155 173 153   -0.16   -4.27   -1.1    4.4    0.32
  155 DQRK           1 158 129 161 174 154   -0.06   -2.96   -0.9    3.1    0.32
  156 BBAR          -5 158 129 137 178 164    0.49  -80.09  -34.9   87.5    4.95
  157 UBAR          -2 159 122 158 176 160   -0.80   -1.98    0.6    2.3    0.32
  158 UQRK           2 159 122 138 175 157   -3.51   -6.10    2.3    7.4    0.32
  159 DBAR          -1 159 122 160 165 137   -1.28   -2.48    0.9    2.9    0.32
  160 DQRK           1 159 122 157 176 159   -1.32   -2.53    0.9    3.0    0.32
  161 DBAR          -1 159 129 162 174 155   -0.03   -2.94   -1.1    3.1    0.32
  162 DQRK           1 159 129 163 177 161   -0.23   -6.64   -1.6    6.8    0.32
  163 DBAR          -1 159 129 164 177 162   -0.00   -3.42   -1.4    3.7    0.32
  164 DQRK           1 159 129 156 178 163   -0.05   -2.94   -0.9    3.1    0.32

                             ---CLUSTER FORMATION---  

 IHEP    ID      IDPDG IST MO1 MO2 DA1 DA2   P-X     P-Y     P-Z  ENERGY    MASS
  165 CLUS          91 183 137 159 179 179  -39.03  -69.13   25.3   83.5    5.28
  166 CLUS          91 183 139 140 180 181   -2.45   -5.48    1.8    6.4    1.38
  167 CLUS          91 183 141 142 182 183   -4.16   -4.44    1.4    6.6    1.96
  168 CLUS          91 183 143 144 184 185   -2.52   -1.02   -0.2    3.5    2.16
  169 CLUS          91 183 145 146 186 187   -0.57   -1.03    0.0    1.8    1.37
  170 CLUS          91 183 147 148 188 189    0.62   -5.47   -0.6    5.7    1.17
  171 CLUS          91 183 149 150 190 191    0.19   -5.95   -1.7    6.8    2.90
  172 CLUS          91 183 151 152 192 193    1.04  -31.47   -8.9   32.9    3.18
  173 CLUS          91 183 153 154 194 195    0.51  -18.76   -4.7   19.4    1.01
  174 CLUS          91 183 155 161 196 197   -0.08   -5.90   -2.0    6.3    0.65
  175 CLUS          91 183 158 138 198 199   -4.70  -10.74    3.6   12.4    1.72
  176 CLUS          91 183 160 157 200 201   -2.12   -4.52    1.6    5.3    0.69
  177 CLUS          91 183 162 163 202 203   -0.23  -10.06   -3.0   10.5    1.02
  178 CLUS          91 183 164 156 204 205    0.44  -83.03  -35.9   90.6    5.60

                              ---CLUSTER DECAYS---    

 IHEP    ID      IDPDG IST MO1 MO2 DA1 DA2   P-X     P-Y     P-Z  ENERGY    MASS
  179 B_DBAR0     -511 200 165 122 248 248  -39.03  -69.13   25.3   83.5    5.28
  180 PI-         -211   1 166 122   0   0   -1.07   -1.99    0.2    2.3    0.14
  181 RHO+         213 197 166 122 251 252   -1.38   -3.49    1.6    4.2    0.77
  182 RHO_3-      -217 197 167 122 253 254   -3.12   -3.41    1.1    5.0    1.69
  183 PI+          211   1 167 122   0   0   -1.04   -1.04    0.3    1.5    0.14
  184 A_20         115 197 168 122 255 256   -1.85   -0.68   -0.3    2.4    1.32
  185 RHO-        -213 197 168 122 257 258   -0.67   -0.34    0.1    1.1    0.77
  186 PI+          211   1 169 122   0   0   -0.98   -0.92   -0.1    1.4    0.14
  187 PI0          111   1 169 122   0   0    0.41   -0.10    0.1    0.5    0.13
  188 PI-         -211   1 170 129   0   0    0.74   -2.61    0.1    2.7    0.14
  189 PI+          211   1 170 129   0   0   -0.12   -2.85   -0.6    2.9    0.14
  190 SIGMA0      3212 197 171 129 259 260    0.83   -4.12   -0.9    4.5    1.19
  191 LAMBDABR   -3122 197 171 129 261 262   -0.64   -1.83   -0.8    2.4    1.12
  192 K*0          313 197 172 129 263 264    0.54  -18.51   -3.9   18.9    0.90
  193 K*BAR0      -313 197 172 129 265 266    0.50  -12.96   -5.0   13.9    0.90
  194 PI-         -211   1 173 129   0   0    0.59  -17.83   -4.3   18.4    0.14
  195 PI+          211   1 173 129   0   0   -0.08   -0.93   -0.4    1.0    0.14
  196 PI-         -211   1 174 129   0   0   -0.33   -3.27   -1.0    3.4    0.14
  197 PI+          211   1 174 129   0   0    0.25   -2.63   -1.0    2.8    0.14
  198 PI+          211   1 175 122   0   0   -0.70   -2.50    0.8    2.7    0.14
  199 FL_1       20223 197 175 122 267 269   -4.00   -8.24    2.8    9.7    1.28
  200 PI0          111   1 176 122   0   0   -0.45   -1.54    0.3    1.6    0.13
  201 PI-         -211   1 176 122   0   0   -1.67   -2.98    1.2    3.6    0.14
  202 RHO-        -213 197 177 129 270 271   -0.01   -7.49   -2.3    7.9    0.77
  203 PI+          211   1 177 129   0   0   -0.23   -2.57   -0.7    2.7    0.14
  204 PI-         -211   1 178 129   0   0   -0.02   -1.28   -0.4    1.4    0.14
  205 B*+          523 197 178 129 272 273    0.46  -81.75  -35.4   89.3    5.32

                           ---STRONG HADRON DECAYS--- 

 IHEP    ID      IDPDG IST MO1 MO2 DA1 DA2   P-X     P-Y     P-Z  ENERGY    MASS
  206 NU_E          12   1  23   8   0   0   12.78  157.20   44.5  163.9    0.00
  207 E+           -11   1  23   8   0   0   51.45   79.87   74.1  120.5    0.00
  208 RHO+         213 198  85  10 274 275   -0.58   -0.12   39.1   39.1    0.77
  209 PI-         -211   1  85  10   0   0    0.03   -0.57   16.2   16.2    0.14
  210 K0           311 198  86  10 276 276   -0.06   -0.30  373.1  373.1    0.50
  211 PI+          211   1  86  10   0   0    0.02    0.20   66.9   66.9    0.14
  212 K_S0         310 198  87  10 277 278   -0.16    0.25  442.5  442.5    0.50
  213 PI+          211   1  88  15   0   0    0.15    0.53 -153.5  153.5    0.14
  214 PI-         -211   1  88  15   0   0   -0.02    0.57  -75.8   75.8    0.14
  215 PI0          111   1  88  15   0   0    0.18    0.16  -43.2   43.2    0.13
  216 PI+          211   1  90  15   0   0   -0.51   -0.59 -308.4  308.4    0.14
  217 PI-         -211   1  90  15   0   0   -0.22   -0.24 -259.0  259.0    0.14
  218 PI0          111   1  90  15   0   0   -0.00   -0.42 -275.7  275.7    0.13
  219 K_L0         130   1  92  15   0   0    0.93    0.19  -18.2   18.3    0.50
  220 KBAR0       -311 198  93  15 279 279   -0.33   -0.85   -6.0    6.1    0.50
  221 PI0          111   1  93  15   0   0   -0.40    0.66   -9.0    9.0    0.13
  222 LAMBDABR   -3122 198  95  15 280 281   -0.03   -0.20   -1.1    1.5    1.12
  223 PI-         -211   1  95  15   0   0   -0.09   -0.27   -0.2    0.3    0.14
  224 K+           321   1  96  24   0   0    0.25   -0.28    3.5    3.6    0.49
  225 PI-         -211   1  96  24   0   0   -0.10    0.14    0.5    0.5    0.14
  226 RHO0         113 198  97  24 282 283    0.06    0.06    0.8    1.1    0.77
  227 GAMMA         22   1  97  24   0   0    0.15    0.17    0.3    0.4    0.00
  228 PI0          111   1  98  24   0   0   -1.33    4.82    6.2    8.0    0.13
  229 PI0          111   1  98  24   0   0   -0.77    2.34    2.9    3.8    0.13
  230 PI0          111   1  98  24   0   0   -0.51    2.09    2.7    3.5    0.13
  231 PI+          211   1 103  24   0   0   -0.31    0.15    1.1    1.2    0.14
  232 PI-         -211   1 103  24   0   0   -1.57   -0.74    5.0    5.3    0.14
  233 PI+          211   1 106  15   0   0   -0.46    0.72-1138.4 1138.4    0.14
  234 PI0          111   1 106  15   0   0    0.17   -0.73 -502.4  502.4    0.13
  235 N           2112   1 107  15   0   0    0.40    0.19-2077.3 2077.3    0.94
  236 PI+          211   1 107  15   0   0   -0.02    0.17-1093.1 1093.1    0.14
  237 PI0          111   1 108  15   0   0    0.11    0.07  -14.9   14.9    0.13
  238 PI0          111   1 108  15   0   0    0.34    0.03  -19.8   19.8    0.13
  239 PI0          111   1 108  15   0   0    0.24    0.20  -34.6   34.6    0.13
  240 PI+          211   1 109  15   0   0    0.16    0.13  -43.5   43.5    0.14
  241 PI-         -211   1 109  15   0   0   -0.30   -0.20  -16.5   16.5    0.14
  242 K+           321   1 114  24   0   0   -0.21    2.00    1.6    2.6    0.49
  243 PI-         -211   1 114  24   0   0   -1.09    1.23    2.0    2.6    0.14
  244 P           2212   1 118  24   0   0   -0.82    2.67    4.1    5.0    0.94
  245 PI-         -211   1 118  24   0   0   -0.30    0.86    1.3    1.6    0.14
  246 PBAR       -2212   1 119  24   0   0   -0.16    1.35    1.6    2.3    0.94
  247 PI0          111   1 119  24   0   0   -0.24    0.60    1.0    1.2    0.13
  248 B_D0         511 196 179 122 249 250  -39.03  -69.13   25.3   83.5    5.28
  249 D*-         -413 198 248 122 284 285  -30.84  -55.67   21.8   67.3    2.01
  250 A_1+       20213 198 248 122 286 287   -8.19  -13.46    3.5   16.2    1.23
  251 PI+          211   1 181 122   0   0   -1.31   -3.03    1.6    3.7    0.14
  252 PI0          111   1 181 122   0   0   -0.07   -0.46    0.0    0.5    0.13
  253 A_2-        -215 198 182 122 288 290   -2.70   -2.96    0.7    4.3    1.32
  254 PI0          111   1 182 122   0   0   -0.43   -0.44    0.5    0.8    0.13
  255 RHO-        -213 198 184 122 291 292   -1.04   -0.80   -0.1    1.5    0.77
  256 PI+          211   1 184 122   0   0   -0.80    0.12   -0.3    0.9    0.14
  257 PI-         -211   1 185 122   0   0   -0.68   -0.50    0.0    0.9    0.14
  258 PI0          111   1 185 122   0   0    0.01    0.16    0.1    0.2    0.13
  259 LAMBDA      3122 198 190 129 293 294    0.71   -3.90   -0.9    4.2    1.12
  260 GAMMA         22   1 190 129   0   0    0.11   -0.22   -0.0    0.3    0.00
  261 NBAR       -2112   1 191 129   0   0   -0.46   -1.36   -0.6    1.8    0.94
  262 PI0          111   1 191 129   0   0   -0.17   -0.47   -0.2    0.6    0.13
  263 K0           311 198 192 129 295 295    0.44   -8.98   -2.1    9.2    0.50
  264 PI0          111   1 192 129   0   0    0.10   -9.53   -1.8    9.7    0.13
  265 K-          -321   1 193 129   0   0    0.29   -7.17   -3.1    7.8    0.49
  266 PI+          211   1 193 129   0   0    0.21   -5.79   -1.9    6.1    0.14
  267 ETA          221 198 199 122 296 297   -1.28   -2.67    0.7    3.1    0.55
  268 PI0          111   1 199 122   0   0   -1.55   -3.07    0.9    3.6    0.13
  269 PI0          111   1 199 122   0   0   -1.17   -2.49    1.2    3.0    0.13
  270 PI-         -211   1 202 129   0   0    0.03   -2.21   -0.3    2.2    0.14
  271 PI0          111   1 202 129   0   0   -0.03   -5.27   -1.9    5.6    0.13
  272 B+           521 199 205 129 308 309    0.45  -81.38  -35.2   88.8    5.28
  273 GAMMA         22   1 205 129   0   0    0.01   -0.37   -0.2    0.4    0.00
  274 PI+          211   1 208  10   0   0   -0.39    0.26   15.7   15.7    0.14
  275 PI0          111   1 208  10   0   0   -0.18   -0.38   23.4   23.4    0.13
  276 K_S0         310 198 210  10 298 299   -0.06   -0.30  373.1  373.1    0.50
  277 PI0          111   1 212  10   0   0    0.02    0.06  319.8  319.8    0.13
  278 PI0          111   1 212  10   0   0   -0.17    0.19  122.7  122.7    0.13
  279 K_S0         310 198 220  15 300 301   -0.33   -0.85   -6.0    6.1    0.50
  280 PBAR       -2212   1 222  15   0   0   -0.09   -0.23   -0.8    1.3    0.94
  281 PI+          211   1 222  15   0   0    0.06    0.03   -0.2    0.3    0.14
  282 PI+          211   1 226  24   0   0    0.14   -0.31    0.3    0.5    0.14
  283 PI-         -211   1 226  24   0   0   -0.08    0.37    0.4    0.6    0.14
  284 D-          -411 198 249 122 302 303  -29.03  -52.36   20.6   63.3    1.87
  285 PI0          111   1 249 122   0   0   -1.81   -3.31    1.3    4.0    0.13
  286 RHO+         213 198 250 122 304 305   -5.89   -9.02    2.5   11.1    0.77
  287 PI0          111   1 250 122   0   0   -2.30   -4.44    1.0    5.1    0.13
  288 OMEGA        223 198 253 122 306 307   -2.12   -2.11    0.5    3.1    0.78
  289 PI-         -211   1 253 122   0   0   -0.09   -0.45    0.0    0.5    0.14
  290 PI0          111   1 253 122   0   0   -0.48   -0.40    0.1    0.6    0.13
  291 PI-         -211   1 255 122   0   0   -0.85   -0.89    0.1    1.2    0.14
  292 PI0          111   1 255 122   0   0   -0.19    0.09   -0.1    0.3    0.13
  293 P           2212   1 259 129   0   0    0.59   -3.22   -0.6    3.5    0.94
  294 PI-         -211   1 259 129   0   0    0.12   -0.68   -0.3    0.8    0.14
  295 K_L0         130   1 263 129   0   0    0.44   -8.98   -2.1    9.2    0.50
  296 GAMMA         22   1 267 122   0   0   -0.17   -0.08    0.1    0.2    0.00
  297 GAMMA         22   1 267 122   0   0   -1.11   -2.59    0.6    2.9    0.00
  298 PI0          111   1 276  10   0   0   -0.06   -0.28  118.1  118.1    0.13
  299 PI0          111   1 276  10   0   0    0.01   -0.02  255.0  255.0    0.13
  300 PI+          211   1 279  15   0   0   -0.31   -0.50   -2.7    2.7    0.14
  301 PI-         -211   1 279  15   0   0   -0.02   -0.35   -3.3    3.3    0.14
  302 PI-         -211   1 284 122   0   0  -10.86  -19.87    8.7   24.3    0.14
  303 PI0          111   1 284 122   0   0  -18.17  -32.49   11.8   39.1    0.13
  304 PI+          211   1 286 122   0   0   -1.69   -2.10    0.5    2.7    0.14
  305 PI0          111   1 286 122   0   0   -4.21   -6.92    2.0    8.4    0.13
  306 PI0          111   1 288 122   0   0   -0.20   -0.13    0.2    0.4    0.13
  307 GAMMA         22   1 288 122   0   0   -1.93   -1.98    0.3    2.8    0.00

                           ---HEAVY PARTICLE DECAYS---

 IHEP    ID      IDPDG IST MO1 MO2 DA1 DA2   P-X     P-Y     P-Z  ENERGY    MASS
  308 UQRK           2 125 272 312 313 312    0.03   -4.93   -2.1    5.4    0.32
  309 BBAR          -5 155 272 308 310 312    0.42  -76.44  -33.1   83.5    4.96
  310 CBAR          -4 123 309 311 314 311    0.62  -46.02  -19.2   49.9    1.55
  311 CQRK           4 124 309 310 316 310    0.52  -16.71   -7.2   18.3    1.55
  312 SBAR          -3 124 309 309 318 309   -0.72  -13.72   -6.7   15.3    0.50
  313 UQRK           2 160 308 322 323 322    0.03   -4.93   -2.1    5.4    0.32

                              ---PARTON SHOWERS---    

 IHEP    ID      IDPDG IST MO1 MO2 DA1 DA2   P-X     P-Y     P-Z  ENERGY    MASS
  314 CBAR          94 143 310 309 315 315    0.62  -46.02  -19.2   49.9    1.55
  315 CBAR          -4   2 314 317 320 317    0.62  -46.02  -19.2   49.9    1.55
  316 CQRK          94 144 311 309 317 317    0.52  -16.71   -7.2   18.3    1.55
  317 CQRK           4   2 316 320 321 320    0.52  -16.71   -7.2   18.3    1.55
  318 SBAR          94 144 312 309 319 319   -0.72  -13.72   -6.7   15.3    0.50
  319 SBAR          -3   2 318 313 322 313   -0.72  -13.72   -6.7   15.3    0.50

                              ---GLUON SPLITTING---   

 IHEP    ID      IDPDG IST MO1 MO2 DA1 DA2   P-X     P-Y     P-Z  ENERGY    MASS
  320 CBAR          -4 158 314 321 324 321    0.62  -46.02  -19.2   49.9    1.55
  321 CQRK           4 158 316 320 324 320    0.52  -16.71   -7.2   18.3    1.55
  322 SBAR          -3 158 318 313 323 313   -0.72  -13.72   -6.7   15.3    0.50

                             ---CLUSTER FORMATION---  

 IHEP    ID      IDPDG IST MO1 MO2 DA1 DA2   P-X     P-Y     P-Z  ENERGY    MASS
  323 CLUS          91 183 313 322 325 326   -1.00  -21.99  -10.6   24.5    1.07
  324 CLUS          91 183 321 320 327 327    1.44  -59.39  -24.6   64.4    2.98

                              ---CLUSTER DECAYS---    

 IHEP    ID      IDPDG IST MO1 MO2 DA1 DA2   P-X     P-Y     P-Z  ENERGY    MASS
  325 PI+          211   1 323 308   0   0    0.08   -2.97   -1.2    3.2    0.14
  326 K0           311 197 323 308 328 328   -1.08  -19.02   -9.4   21.3    0.50
  327 ETA_C        441 199 324 316 329 330    1.44  -59.39  -24.6   64.4    2.98

                           ---STRONG HADRON DECAYS--- 

 IHEP    ID      IDPDG IST MO1 MO2 DA1 DA2   P-X     P-Y     P-Z  ENERGY    MASS
  328 K_L0         130   1 326 308   0   0   -1.08  -19.02   -9.4   21.3    0.50

                           ---HEAVY PARTICLE DECAYS---

 IHEP    ID      IDPDG IST MO1 MO2 DA1 DA2   P-X     P-Y     P-Z  ENERGY    MASS
  329 GLUON         21 123 327 330 331 330    0.57  -12.95   -6.4   14.5    0.75
  330 GLUON         21 124 327 329 333 329    0.88  -46.44  -18.2   49.9    0.75

                              ---PARTON SHOWERS---    

 IHEP    ID      IDPDG IST MO1 MO2 DA1 DA2   P-X     P-Y     P-Z  ENERGY    MASS
  331 GLUON         94 143 329 327 332 332    0.57  -12.95   -6.4   14.5    0.75
  332 GLUON         21   2 331 334 335 336    0.57  -12.95   -6.4   14.5    0.75
  333 GLUON         94 144 330 327 334 334    0.88  -46.44  -18.2   49.9    0.75
  334 GLUON         21   2 333 335 337 338    0.88  -46.44  -18.2   49.9    0.75

                              ---GLUON SPLITTING---   

 IHEP    ID      IDPDG IST MO1 MO2 DA1 DA2   P-X     P-Y     P-Z  ENERGY    MASS
  335 DBAR          -1 158 331 336 340 338    0.42   -9.41   -4.8   10.6    0.32
  336 DQRK           1 158 331 337 339 335    0.15   -3.54   -1.6    3.9    0.32
  337 DBAR          -1 158 333 338 339 336    0.27  -12.99   -5.2   14.0    0.32
  338 DQRK           1 158 333 335 340 337    0.61  -33.45  -13.0   35.9    0.32

                             ---CLUSTER FORMATION---  

 IHEP    ID      IDPDG IST MO1 MO2 DA1 DA2   P-X     P-Y     P-Z  ENERGY    MASS
  339 CLUS          91 183 336 337 341 342    0.42  -16.53   -6.9   17.9    0.89
  340 CLUS          91 183 338 335 343 344    1.02  -42.86  -17.8   46.5    2.09

                              ---CLUSTER DECAYS---    

 IHEP    ID      IDPDG IST MO1 MO2 DA1 DA2   P-X     P-Y     P-Z  ENERGY    MASS
  341 PI0          111   1 339 331   0   0    0.47   -7.63   -3.5    8.4    0.13
  342 PI0          111   1 339 331   0   0   -0.05   -8.90   -3.3    9.5    0.13
  343 PI-         -211   1 340 333   0   0   -0.15   -5.22   -2.0    5.6    0.14
  344 PI_2+      10215 197 340 333 345 346    1.18  -37.64  -15.8   40.9    1.67

                           ---STRONG HADRON DECAYS--- 

 IHEP    ID      IDPDG IST MO1 MO2 DA1 DA2   P-X     P-Y     P-Z  ENERGY    MASS
  345 RHO0         113 198 344 333 347 348    1.15  -32.00  -12.9   34.5    0.77
  346 PI+          211   1 344 333   0   0    0.03   -5.64   -2.9    6.3    0.14
  347 PI+          211   1 345 333   0   0   -0.06   -2.74   -1.1    3.0    0.14
  348 PI-         -211   1 345 333   0   0    1.22  -29.26  -11.8   31.6    0.14

 HWWARN CALLED FROM SUBPROGRAM HWDFOR: CODE = 101
 EVENT     895:   SEEDS = 2061140390 &  554520216  WEIGHT = 0.4482E-03
 EVENT KILLED.   EXECUTION CONTINUES

 HWWARN CALLED FROM SUBPROGRAM HWBTIM: CODE = 101
 EVENT    2214:   SEEDS = 1827607628 & 1235769987  WEIGHT = 0.4482E-03
 EVENT KILLED.   EXECUTION CONTINUES

 HWWARN CALLED FROM SUBPROGRAM HWBTIM: CODE = 101
 EVENT    3075:   SEEDS =   94014749 &  421731468  WEIGHT =-0.4482E-03
 EVENT KILLED.   EXECUTION CONTINUES

 HWWARN CALLED FROM SUBPROGRAM HWDFIV: CODE = 101
 EVENT    3145:   SEEDS =  803234046 &  439247915  WEIGHT = 0.4482E-03
 EVENT KILLED.   EXECUTION CONTINUES

 HWWARN CALLED FROM SUBPROGRAM HWSBRN: CODE = 102
 EVENT    6287:   SEEDS = 1019259017 & 1841345834  WEIGHT = 0.4482E-03
 EVENT KILLED.   EXECUTION CONTINUES

 HWWARN CALLED FROM SUBPROGRAM HWDFOR: CODE = 101
 EVENT    8099:   SEEDS =  665960534 &   60153400  WEIGHT = 0.4482E-03
 EVENT KILLED.   EXECUTION CONTINUES

 HWWARN CALLED FROM SUBPROGRAM HWDFIV: CODE = 101
 EVENT    8652:   SEEDS =  776024712 & 1064976824  WEIGHT = 0.4482E-03
 EVENT KILLED.   EXECUTION CONTINUES

 HWWARN CALLED FROM SUBPROGRAM HWDFIV: CODE = 101
 EVENT    9702:   SEEDS =  827103670 & 1953386829  WEIGHT =-0.4482E-03
 EVENT KILLED.   EXECUTION CONTINUES

          OUTPUT ON LES HOUCHES EVENTS


      PROC CODE  XSECT(pb)        XERR(pb)      Max wgt(nb) No. of events


          OUTPUT ON ELEMENTARY PROCESS

          N.B. NEGATIVE WEIGHTS ALLOWED

          NUMBER OF EVENTS   =        9992
          NEGATIVE  EVENTS   =        2126
          NUMBER OF WEIGHTS  =       10000
          NEGATIVE  WEIGHTS  =        2128
          MEAN VALUE OF WGT  =  2.5743E-04
          RMS SPREAD IN WGT  =  3.6686E-04
          MEAN ABS WEIGHT    =  4.4816E-04
          ACTUAL MAX ABS WGT =  1.0000E+00
          ASSUMED MAXABS WGT =  2.5743E-04

          PROCESS CODE IPROC =      -18000
          CROSS SECTION (PB) =  0.2574    
          ERROR IN C-S  (PB) =  3.6686E-03
          EFFICIENCY PERCENT =   100.0    
 # of events processed=        9992
