 A PDF is used, so alpha_s(MZ) is going to be modified
 Old value of alpha_s from param_card:   0.11799999999999999     
  ****************************************
 
       NNPDFDriver version 1.0.3
   Grid: NNPDF23_lo_as_0130_qed_mem0.grid
  ****************************************
 New value of alpha_s from PDF nn23lo1:  0.13000000000000000     
 *****************************************************
 *               MadGraph/MadEvent                   *
 *        --------------------------------           *
 *          http://madgraph.hep.uiuc.edu             *
 *          http://madgraph.phys.ucl.ac.be           *
 *          http://madgraph.roma2.infn.it            *
 *        --------------------------------           *
 *                                                   *
 *          PARAMETER AND COUPLING VALUES            *
 *                                                   *
 *****************************************************

  External Params
  ---------------------------------
  
 MU_R =    91.188000000000002     
 aEWM1 =    132.50700000000001     
 mdl_Gf =    1.1663900000000000E-005
 aS =   0.11799999999999999     
 mdl_ymb =    4.7000000000000002     
 mdl_ymt =    173.00000000000000     
 mdl_ymtau =    1.7769999999999999     
 mdl_MT =    173.00000000000000     
 mdl_MB =    4.7000000000000002     
 mdl_MZ =    91.188000000000002     
 mdl_MH =    125.00000000000000     
 mdl_MTA =    1.7769999999999999     
 mdl_WT =    1.4915000000000000     
 mdl_WZ =    2.4414039999999999     
 mdl_WW =    2.0476000000000001     
 mdl_WH =    6.3823389999999999E-003
  Internal Params
  ---------------------------------
  
 mdl_conjg__CKM3x3 =    1.0000000000000000     
 mdl_CKM22 =    1.0000000000000000     
 mdl_lhv =    1.0000000000000000     
 mdl_CKM3x3 =    1.0000000000000000     
 mdl_conjg__CKM22 =    1.0000000000000000     
 mdl_conjg__CKM33 =    1.0000000000000000     
 mdl_Ncol =    3.0000000000000000     
 mdl_CA =    3.0000000000000000     
 mdl_TF =   0.50000000000000000     
 mdl_CF =    1.3333333333333333     
 mdl_complexi =                (0.0000000000000000,1.0000000000000000)
 mdl_MZ__exp__2 =    8315.2513440000002     
 mdl_MZ__exp__4 =    69143404.913893804     
 mdl_sqrt__2 =    1.4142135623730951     
 mdl_MH__exp__2 =    15625.000000000000     
 mdl_Ncol__exp__2 =    9.0000000000000000     
 mdl_MB__exp__2 =    22.090000000000003     
 mdl_MT__exp__2 =    29929.000000000000     
 mdl_aEW =    7.5467711139788835E-003
 mdl_MW =    80.419002445756163     
 mdl_sqrt__aEW =    8.6872153846781555E-002
 mdl_ee =   0.30795376724436879     
 mdl_MW__exp__2 =    6467.2159543705357     
 mdl_sw2 =   0.22224648578577766     
 mdl_cw =   0.88190334743339216     
 mdl_sqrt__sw2 =   0.47143025548407230     
 mdl_sw =   0.47143025548407230     
 mdl_g1 =   0.34919219678733299     
 mdl_gw =   0.65323293034757990     
 mdl_v =    246.21845810181637     
 mdl_v__exp__2 =    60623.529110035903     
 mdl_lam =   0.12886910601690263     
 mdl_yb =    2.6995554250465490E-002
 mdl_yt =   0.99366614581500623     
 mdl_ytau =    1.0206617000654717E-002
 mdl_muH =    88.388347648318430     
 mdl_AxialZUp =  -0.18517701861793787     
 mdl_AxialZDown =   0.18517701861793787     
 mdl_VectorZUp =    7.5430507588273299E-002
 mdl_VectorZDown =  -0.13030376310310560     
 mdl_VectorAUp =   0.20530251149624587     
 mdl_VectorADown =  -0.10265125574812294     
 mdl_VectorWmDxU =   0.23095271737156670     
 mdl_AxialWmDxU =  -0.23095271737156670     
 mdl_VectorWpUxD =   0.23095271737156670     
 mdl_AxialWpUxD =  -0.23095271737156670     
 mdl_I1x33 =          (2.69955542504654901E-002,0.0000000000000000)
 mdl_I2x33 =               (0.99366614581500623,0.0000000000000000)
 mdl_I3x33 =               (0.99366614581500623,0.0000000000000000)
 mdl_I4x33 =          (2.69955542504654901E-002,0.0000000000000000)
 mdl_Vector_tbGp =              (-0.96667059156454072,0.0000000000000000)
 mdl_Axial_tbGp =              (-1.0206617000654716,-0.0000000000000000)
 mdl_Vector_tbGm =               (0.96667059156454072,0.0000000000000000)
 mdl_Axial_tbGm =              (-1.0206617000654716,-0.0000000000000000)
 mdl_gw__exp__2 =   0.42671326129048615     
 mdl_cw__exp__2 =   0.77775351421422245     
 mdl_ee__exp__2 =    9.4835522759998875E-002
 mdl_sw__exp__2 =   0.22224648578577769     
 mdl_yb__exp__2 =    7.2875994928982540E-004
 mdl_yt__exp__2 =   0.98737240933884918     
  Internal Params evaluated point by point
  ----------------------------------------
  
 mdl_sqrt__aS =   0.34351128074635334     
 mdl_G__exp__4 =    2.1987899468922913     
 mdl_G__exp__2 =    1.4828317324943823     
 mdl_R2MixedFactor_FIN_ =   -2.5040377713124864E-002
 mdl_G_UVg_1EPS_ =   -5.1645779033320030E-002
 mdl_G_UVq_1EPS_ =    3.1300472141406080E-003
 mdl_GWcft_UV_b_1EPS_ =   -3.1300472141406080E-003
 mdl_GWcft_UV_t_1EPS_ =   -3.1300472141406080E-003
 mdl_bWcft_UV_1EPS_ =   -1.8780283284843650E-002
 mdl_tWcft_UV_1EPS_ =   -1.8780283284843650E-002
 mdl_G__exp__3 =    1.8056676068262196     
 mdl_MU_R__exp__2 =    8315.2513440000002     
 mdl_G_UVb_FIN_ =    1.8563438626678915E-002
 mdl_G_UVt_FIN_ =   -4.0087659331150384E-003
 mdl_GWcft_UV_b_FIN_ =   -1.8563438626678915E-002
 mdl_GWcft_UV_t_FIN_ =    4.0087659331150384E-003
 mdl_bWcft_UV_FIN_ =  -0.13642100947319838     
 mdl_tWcft_UV_FIN_ =   -9.8778211443463623E-004
  Couplings of loop_sm
  ---------------------------------
  
      UV_GQQb =   0.00000E+00   0.22605E-01
      UV_GQQt =   0.00000E+00  -0.48815E-02
   UVWfct_G_2 =   0.40088E-02   0.00000E+00
   UVWfct_G_1 =  -0.18563E-01   0.00000E+00
    R2_UUZ_V2 =  -0.00000E+00  -0.72127E-02
    R2_UUZ_V5 =   0.00000E+00   0.68702E-03
      R2_sxcW =  -0.00000E+00  -0.11566E-01
      R2_GGHb =   0.00000E+00  -0.33698E-02
      R2_GGHt =   0.00000E+00  -0.45657E+01
     R2_GGZup =  -0.46369E-02   0.00000E+00
         GC_4 =  -0.12177E+01   0.00000E+00
         GC_5 =   0.00000E+00   0.12177E+01
       R2_GQQ =  -0.00000E+00  -0.30492E-01
       R2_QQq =   0.00000E+00   0.12520E-01
 UV_GQQg_1eps =   0.00000E+00  -0.62890E-01
 UV_GQQq_1eps =   0.00000E+00   0.38115E-02
 UVWfct_G_2_1eps -0.31300E-02   0.00000E+00
        GC_22 =   0.00000E+00   0.28804E+00
        GC_23 =  -0.00000E+00  -0.27437E-01
        GC_31 =   0.00000E+00   0.52532E+02
        GC_32 =   0.00000E+00   0.67544E+02
        GC_33 =  -0.00000E+00  -0.19089E-01
        GC_37 =  -0.00000E+00  -0.70263E+00
        GC_47 =   0.00000E+00   0.46191E+00

 Collider parameters:
 --------------------

 Running at P P   machine @    13000.000000000000       GeV
 PDF set = nn23lo1
 alpha_s(Mz)= 0.1300 running at 2 loops.
 alpha_s(Mz)= 0.1300 running at 2 loops.
 Renormalization scale set on event-by-event basis
 Factorization   scale set on event-by-event basis


 ===============================================================
 INFO: MadFKS read these parameters from FKS_params.dat
 ===============================================================
  > IRPoleCheckThreshold      =    1.0000000000000001E-005
  > PrecisionVirtualAtRunTime =    1.0000000000000000E-003
  > NHelForMCoverHels         =            4
  > VirtualFraction           =    1.0000000000000000     
  > MinVirtualFraction        =    5.0000000000000001E-003
 ===============================================================
  Insert the number of points to test
 Insert the relative tolerance
  A negative number will mean use the default one:    1.0000000000000001E-005
Using random seed offsets:     1 ,     22 ,      0
  with seed                26142
 Ranmar initialization seeds       13122        6515
  ========================================================================================== 
 {                                                                                          }
 {       [32m                                                                            [0m       }
 {       [32m                               ,,                                           [0m       }
 {       [32m`7MMM.     ,MMF'             `7MM  `7MMF'                                   [0m       }
 {       [32m  MMMb    dPMM                 MM    MM                                     [0m       }
 {       [32m  M YM   ,M MM   ,6"Yb.   ,M""bMM    MM         ,pW"Wq.   ,pW"Wq.`7MMpdMAo. [0m       }
 {       [32m  M  Mb  M' MM  8)   MM ,AP    MM    MM        6W'   `Wb 6W'   `Wb MM   `Wb [0m       }
 {       [32m  M  YM.P'  MM   ,pm9MM 8MI    MM    MM      , 8M     M8 8M     M8 MM    M8 [0m       }
 {       [32m  M  `YM'   MM  8M   MM `Mb    MM    MM     ,M YA.   ,A9 YA.   ,A9 MM   ,AP [0m       }
 {       [32m.JML. `'  .JMML.`Moo9^Yo.`Wbmd"MML..JMMmmmmMMM  `Ybmd9'   `Ybmd9'  MMbmmd'  [0m       }
 {       [32m                                                                   MM       [0m       }
 {       [32m                                                                 .JMML.     [0m       }
 {       [32m[0mv2.6.7 (2019-10-16), Ref: arXiv:1103.0621v2, arXiv:1405.0301[32m                [0m       }
 {       [32m                                                                            [0m       }
 {                                                                                          }
  ========================================================================================== 
 ===============================================================
 INFO: MadLoop read these parameters from ./MadLoop5_resources/MadLoopParams.dat                                                                                                                                                                                                                                                                                                                                                                                                                                                                                          
 ===============================================================
  > MLReductionLib            = 6|7|1
  > CTModeRun                 =           -1
  > MLStabThres               =    1.0000000000000000E-003
  > NRotations_DP             =            0
  > NRotations_QP             =            0
  > CTStabThres               =    1.0000000000000000E-002
  > CTLoopLibrary             =            2
  > CTModeInit                =            1
  > CheckCycle                =            3
  > MaxAttempts               =           10
  > UseLoopFilter             =  F
  > HelicityFilterLevel       =            2
  > ImprovePSPoint            =            2
  > DoubleCheckHelicityFilter =  T
  > LoopInitStartOver         =  F
  > HelInitStartOver          =  F
  > ZeroThres                 =    1.0000000000000001E-009
  > OSThres                   =    1.0000000000000000E-008
  > WriteOutFilters           =  T
  > UseQPIntegrandForNinja    =  T
  > UseQPIntegrandForCutTools =  T
  > IREGIMODE                 =            2
  > IREGIRECY                 =  T
  > COLLIERMode               =            1
  > COLLIERRequiredAccuracy   =    1.0000000000000000E-008
  > COLLIERCanOutput          =  F
  > COLLIERComputeUVpoles     =  T
  > COLLIERComputeIRpoles     =  T
  > COLLIERGlobalCache        =           -1
  > COLLIERUseCacheForPoles   =  F
  > COLLIERUseInternalStabilityTest =  T
 ===============================================================
  
------------------------------------------------------------------------
|              You are using CutTools - Version 1.9.3                  |
|              Authors: G. Ossola, C. Papadopoulos, R. Pittau          |
|              Published in JHEP 0803:042,2008                         |
|              http://www.ugr.es/~pittau/CutTools                      |
|                                                                      |
|              Compiler with  34  significant digits detetected        |
 ---------------------------------------------------------------------- 
   
########################################################################
#                                                                      #
#                      You are using OneLOop-3.6                       #
#                                                                      #
# for the evaluation of 1-loop scalar 1-, 2-, 3- and 4-point functions #

  +----------------------------------------------------------------+
  |                                                                |
  |  Ninja - version 1.2.0                                         |
  |                                                                |
  |  Author: Tiziano Peraro                                        |
  |                                                                |
  |  Based on:                                                     |
  |                                                                |
  |      P. Mastrolia, E. Mirabella and T. Peraro,                 |
  |      "Integrand reduction of one-loop scattering amplitudes    |
  |      through Laurent series expansion,"                        |
  |      JHEP 1206 (2012) 095  [arXiv:1203.0291 [hep-ph]].         |
  |                                                                |
  |      T. Peraro,                                                |
  |      "Ninja: Automated Integrand Reduction via Laurent         |
  |      Expansion for One-Loop Amplitudes,"                       |
  |      Comput.Phys.Commun. 185 (2014) [arXiv:1403.1229 [hep-ph]] |
  |                                                                |
  +----------------------------------------------------------------+


#                                                                      #
# author: Andreas van Hameren <hamerenREMOVETHIS@ifj.edu.pl>           #
#   date: 18-02-2015                                                   #
#                                                                      #
# Please cite                                                          #
#    A. van Hameren,                                                   #
#      Comput.Phys.Commun. 182 (2011) 2427-2438, arXiv:1007.4716       #
#    A. van Hameren, C.G. Papadopoulos and R. Pittau,                  #
#      JHEP 0909:106,2009, arXiv:0903.4665                             #
# in publications with results obtained with the help of this program. #
#                                                                      #
########################################################################
########################################################################
#                                                                      #
#                      You are using OneLOop-3.6                       #
#                                                                      #
# for the evaluation of 1-loop scalar 1-, 2-, 3- and 4-point functions #
#                                                                      #
# author: Andreas van Hameren <hamerenREMOVETHIS@ifj.edu.pl>           #
#   date: 18-02-2015                                                   #
#                                                                      #
# Please cite                                                          #
#    A. van Hameren,                                                   #
#      Comput.Phys.Commun. 182 (2011) 2427-2438, arXiv:1007.4716       #
#    A. van Hameren, C.G. Papadopoulos and R. Pittau,                  #
#      JHEP 0909:106,2009, arXiv:0903.4665                             #
# in publications with results obtained with the help of this program. #
#                                                                      #
########################################################################
 PASSED   1.0000000000000001E-005
 MU_R    =    325.00000000000000     
 ALPHA_S =   0.11799999999999999     
 BORN                    3.1815542993396248E-008
 SINGLE POLE (MadFKS)   -8.2522185753434311E-010
 DOUBLE POLE (MadFKS)   -3.3858611582369228E-009
 SINGLE POLE (MadLoop)  -8.2522185753402755E-010
 DOUBLE POLE (MadLoop)  -3.3858611582369149E-009
 FINITE PART (MadLoop)   2.2190122125000511E-008
   325.00000000000000        0.0000000000000000        0.0000000000000000        325.00000000000000        0.0000000000000000     
   325.00000000000000        0.0000000000000000        0.0000000000000000       -325.00000000000000        0.0000000000000000     
   307.72417258024745       -182.90171588901941       -108.39017355680781       -184.03178799157351        125.00000000000000     
   112.61191977718255        4.1265992780275411        63.010215538485120        47.190173105470755        80.419002445756163     
   229.66390764256997        178.77511661099189        45.379958018322675        136.84161488610278        0.0000000000000000     

 PASSED   1.0000000000000001E-005
 MU_R    =    325.00000000000000     
 ALPHA_S =   0.11799999999999999     
 BORN                    3.5332847748085910E-008
 SINGLE POLE (MadFKS)   -5.0948554487677198E-010
 DOUBLE POLE (MadFKS)   -3.7601783764927190E-009
 SINGLE POLE (MadLoop)  -5.0948554487695448E-010
 DOUBLE POLE (MadLoop)  -3.7601783764925205E-009
 FINITE PART (MadLoop)   9.7157060039738300E-009
   325.00000000000000        0.0000000000000000        0.0000000000000000        325.00000000000000        0.0000000000000000     
   325.00000000000000        0.0000000000000000        0.0000000000000000       -325.00000000000000        0.0000000000000000     
   266.49915924926091        52.633029409434762        78.487063151313464       -215.56054141152609        125.00000000000000     
   189.79967062733255       -121.32054584772389       -115.63449587677070        38.297356754857127        80.419002445756163     
   193.70117012340654        68.687516438289123        37.147432725457264        177.26318465666884        0.0000000000000000     

 PASSED   1.0000000000000001E-005
 MU_R    =    325.00000000000000     
 ALPHA_S =   0.11799999999999999     
 BORN                    1.3205860095635023E-008
 SINGLE POLE (MadFKS)   -7.5194376897539292E-010
 DOUBLE POLE (MadFKS)   -1.4053888304908831E-009
 SINGLE POLE (MadLoop)  -7.5194376897390027E-010
 DOUBLE POLE (MadLoop)  -1.4053888304908397E-009
 FINITE PART (MadLoop)   2.4783305560905170E-009
   325.00000000000000        0.0000000000000000        0.0000000000000000        325.00000000000000        0.0000000000000000     
   325.00000000000000        0.0000000000000000        0.0000000000000000       -325.00000000000000        0.0000000000000000     
   204.88835387879982       -28.155321608812095        22.373854825042120        158.30643082495604        125.00000000000000     
   291.54049889107813        124.58735149671278       -126.64721482238119       -216.71899170136510        80.419002445756163     
   153.57114723012211       -96.432029887900683        104.27335999733907        58.412560876409039        0.0000000000000000     

 PASSED   1.0000000000000001E-005
 MU_R    =    325.00000000000000     
 ALPHA_S =   0.11799999999999999     
 BORN                    6.1895021468366851E-008
 SINGLE POLE (MadFKS)   -2.6366116861153410E-009
 DOUBLE POLE (MadFKS)   -6.5869675435519833E-009
 SINGLE POLE (MadLoop)  -2.6366116861152219E-009
 DOUBLE POLE (MadLoop)  -6.5869675435519535E-009
 FINITE PART (MadLoop)   1.1808552538478961E-008
   325.00000000000000        0.0000000000000000        0.0000000000000000        325.00000000000000        0.0000000000000000     
   325.00000000000000        0.0000000000000000        0.0000000000000000       -325.00000000000000        0.0000000000000000     
   177.08615162687121       -13.847748121685868       -107.29666266619496       -63.483628997327600        125.00000000000000     
   238.35336675066651        223.45702801319092        19.617448444288662        5.2176465053518646        80.419002445756163     
   234.56048162246225       -209.60927989150505        87.679214221906278        58.265982491975713        0.0000000000000000     

 PASSED   1.0000000000000001E-005
 MU_R    =    325.00000000000000     
 ALPHA_S =   0.11799999999999999     
 BORN                    2.0008646591409477E-007
 SINGLE POLE (MadFKS)   -2.5025698965753649E-008
 DOUBLE POLE (MadFKS)   -2.1293522897536170E-008
 SINGLE POLE (MadLoop)  -2.5025698965752666E-008
 DOUBLE POLE (MadLoop)  -2.1293522897536035E-008
 FINITE PART (MadLoop)   3.5008611549134230E-008
   325.00000000000000        0.0000000000000000        0.0000000000000000        325.00000000000000        0.0000000000000000     
   325.00000000000000        0.0000000000000000        0.0000000000000000       -325.00000000000000        0.0000000000000000     
   282.95402046851984        195.66784788843472       -19.317267028731944        160.55813338647343        125.00000000000000     
   110.95714653744400       -35.290730021125825       -64.611653989010094        20.595411060275765        80.419002445756163     
   256.08883299403612       -160.37711786730887        83.928921017742027       -181.15354444674912        0.0000000000000000     

 PASSED   1.0000000000000001E-005
 MU_R    =    325.00000000000000     
 ALPHA_S =   0.11799999999999999     
 BORN                    7.7454742941513813E-008
 SINGLE POLE (MadFKS)   -8.2833224617589232E-009
 DOUBLE POLE (MadFKS)   -8.2428580804461162E-009
 SINGLE POLE (MadLoop)  -8.2833224617587097E-009
 DOUBLE POLE (MadLoop)  -8.2428580804460815E-009
 FINITE PART (MadLoop)   1.1162892763005491E-008
   325.00000000000000        0.0000000000000000        0.0000000000000000        325.00000000000000        0.0000000000000000     
   325.00000000000000        0.0000000000000000        0.0000000000000000       -325.00000000000000        0.0000000000000000     
   209.39719032039341       -62.195952106692602        136.09331356139131        76.370523498912092        125.00000000000000     
   242.61873706339918        218.28796727847251       -65.092252236912771        22.583127773338742        80.419002445756163     
   197.98407261620747       -156.09201517177982       -71.001061324478528       -98.953651272250866        0.0000000000000000     

 PASSED   1.0000000000000001E-005
 MU_R    =    325.00000000000000     
 ALPHA_S =   0.11799999999999999     
 BORN                    1.1768114744768719E-008
 SINGLE POLE (MadFKS)   -1.2443670413184270E-009
 DOUBLE POLE (MadFKS)   -1.2523816622667116E-009
 SINGLE POLE (MadLoop)  -1.2443670413173434E-009
 DOUBLE POLE (MadLoop)  -1.2523816622670586E-009
 FINITE PART (MadLoop)   2.2062425886465272E-009
   325.00000000000000        0.0000000000000000        0.0000000000000000        325.00000000000000        0.0000000000000000     
   325.00000000000000        0.0000000000000000        0.0000000000000000       -325.00000000000000        0.0000000000000000     
   295.76064526569655        33.011127147911118       -22.962223116313940        265.01388846994848        125.00000000000000     
   303.15843170023049       -21.367275087039651       -19.530545139690943       -290.86047534595360        80.419002445756163     
   51.080923034072960       -11.643852060871582        42.492768256004894        25.846586876005237        0.0000000000000000     

 PASSED   1.0000000000000001E-005
 MU_R    =    325.00000000000000     
 ALPHA_S =   0.11799999999999999     
 BORN                    9.0674561876727487E-007
 SINGLE POLE (MadFKS)   -1.3571623683838988E-007
 DOUBLE POLE (MadFKS)   -9.6497324330528156E-008
 SINGLE POLE (MadLoop)  -1.3571623683839022E-007
 DOUBLE POLE (MadLoop)  -9.6497324330528420E-008
 FINITE PART (MadLoop)   1.1514540132717703E-007
   325.00000000000000        0.0000000000000000        0.0000000000000000        325.00000000000000        0.0000000000000000     
   325.00000000000000        0.0000000000000000        0.0000000000000000       -325.00000000000000        0.0000000000000000     
   262.31050871620681        116.34951854246903       -13.487686634437013        198.65214528703709        125.00000000000000     
   99.983335771705583        43.268581868172511       -9.3345457054323795        39.625087473184621        80.419002445756163     
   287.70615551208749       -159.61810041064146        22.822232339869444       -238.27723276022169        0.0000000000000000     

 PASSED   1.0000000000000001E-005
 MU_R    =    325.00000000000000     
 ALPHA_S =   0.11799999999999999     
 BORN                    1.0115453009039772E-007
 SINGLE POLE (MadFKS)    1.3721614538644387E-009
 DOUBLE POLE (MadFKS)   -1.0765027473643158E-008
 SINGLE POLE (MadLoop)   1.3721614538707391E-009
 DOUBLE POLE (MadLoop)  -1.0765027473645001E-008
 FINITE PART (MadLoop)   2.5856673560304760E-008
   325.00000000000000        0.0000000000000000        0.0000000000000000        325.00000000000000        0.0000000000000000     
   325.00000000000000        0.0000000000000000        0.0000000000000000       -325.00000000000000        0.0000000000000000     
   257.87071357044073        9.6024581589989353        76.251860286895251       -212.05129454313823        125.00000000000000     
   120.95534294912503        40.952787734373203       -59.870532430604705       -53.864344021153691        80.419002445756163     
   271.17394348043422       -50.555245893372138       -16.381327856290536        265.91563856429195        0.0000000000000000     

 PASSED   1.0000000000000001E-005
 MU_R    =    325.00000000000000     
 ALPHA_S =   0.11799999999999999     
 BORN                    6.7555342817722227E-008
 SINGLE POLE (MadFKS)   -4.6346533800858420E-009
 DOUBLE POLE (MadFKS)   -7.1893480279554563E-009
 SINGLE POLE (MadLoop)  -4.6346533800858023E-009
 DOUBLE POLE (MadLoop)  -7.1893480279554960E-009
 FINITE PART (MadLoop)   1.0115478217260383E-008
   325.00000000000000        0.0000000000000000        0.0000000000000000        325.00000000000000        0.0000000000000000     
   325.00000000000000        0.0000000000000000        0.0000000000000000       -325.00000000000000        0.0000000000000000     
   170.54019408590310       -1.7829071977257549       -27.963444205530621        112.57808325311800        125.00000000000000     
   235.07517825230642       -38.742126023558946       -207.98866957219721       -63.504995683372435        80.419002445756163     
   244.38462766179052        40.525033221284680        235.95211377772785       -49.073087569745560        0.0000000000000000     

 PASSED   1.0000000000000001E-005
 MU_R    =    325.00000000000000     
 ALPHA_S =   0.11799999999999999     
 BORN                    2.8004458923205506E-008
 SINGLE POLE (MadFKS)   -1.8136099922188829E-009
 DOUBLE POLE (MadFKS)   -2.9802794736272125E-009
 SINGLE POLE (MadLoop)  -1.8136099922189476E-009
 DOUBLE POLE (MadLoop)  -2.9802794736272067E-009
 FINITE PART (MadLoop)   4.8952769744560174E-009
   325.00000000000000        0.0000000000000000        0.0000000000000000        325.00000000000000        0.0000000000000000     
   325.00000000000000        0.0000000000000000        0.0000000000000000       -325.00000000000000        0.0000000000000000     
   163.23702841936350        19.242536009575531        52.816621803917904        88.664856151274421        125.00000000000000     
   284.42812420198948       -84.679375230761778       -244.27177577763356       -87.136931617202819        80.419002445756163     
   202.33484737864703        65.436839221186332        191.45515397371565       -1.5279245340714860        0.0000000000000000     

 PASSED   1.0000000000000001E-005
 MU_R    =    325.00000000000000     
 ALPHA_S =   0.11799999999999999     
 BORN                    8.5995380607452350E-008
 SINGLE POLE (MadFKS)   -1.0992541249953170E-008
 DOUBLE POLE (MadFKS)   -9.1517664509767951E-009
 SINGLE POLE (MadLoop)  -1.0992541249978048E-008
 DOUBLE POLE (MadLoop)  -9.1517664509767570E-009
 FINITE PART (MadLoop)   1.3892440689164377E-008
   325.00000000000000        0.0000000000000000        0.0000000000000000        325.00000000000000        0.0000000000000000     
   325.00000000000000        0.0000000000000000        0.0000000000000000       -325.00000000000000        0.0000000000000000     
   325.27127286856825        251.34820857092859       -135.59720094667091        92.810980477267393        125.00000000000000     
   286.05653469594012       -229.69924272669562        106.45732335321058       -106.14245749525314        80.419002445756163     
   38.672192435491674       -21.648965844232986        29.139877593460316        13.331477017985753        0.0000000000000000     

 PASSED   1.0000000000000001E-005
 MU_R    =    325.00000000000000     
 ALPHA_S =   0.11799999999999999     
 BORN                    2.9434426217225935E-008
 SINGLE POLE (MadFKS)   -1.6676758099234727E-009
 DOUBLE POLE (MadFKS)   -3.1324588885558808E-009
 SINGLE POLE (MadLoop)  -1.6676758099224348E-009
 DOUBLE POLE (MadLoop)  -3.1324588885561173E-009
 FINITE PART (MadLoop)   6.8516376913568123E-009
   325.00000000000000        0.0000000000000000        0.0000000000000000        325.00000000000000        0.0000000000000000     
   325.00000000000000        0.0000000000000000        0.0000000000000000       -325.00000000000000        0.0000000000000000     
   292.53678279616850        128.81484778872030        129.24699560463620       -191.45422012866845        125.00000000000000     
   255.02675924036660       -102.71650212044345       -188.36736956394876        111.97538233903488        80.419002445756163     
   102.43645796346495       -26.098345668276806        59.120373959312580        79.478837789633630        0.0000000000000000     

 PASSED   1.0000000000000001E-005
 MU_R    =    325.00000000000000     
 ALPHA_S =   0.11799999999999999     
 BORN                    4.7045452084238731E-008
 SINGLE POLE (MadFKS)   -3.8350772678049311E-009
 DOUBLE POLE (MadFKS)   -5.0066525319647345E-009
 SINGLE POLE (MadLoop)  -3.8350772678052214E-009
 DOUBLE POLE (MadLoop)  -5.0066525319646997E-009
 FINITE PART (MadLoop)   8.0465463533114846E-009
   325.00000000000000        0.0000000000000000        0.0000000000000000        325.00000000000000        0.0000000000000000     
   325.00000000000000        0.0000000000000000        0.0000000000000000       -325.00000000000000        0.0000000000000000     
   224.78231596707107       -169.09741232324978        22.229601842519713       -76.249587008875508        125.00000000000000     
   260.99042358722500        182.16585964794234        140.58990812361935        93.267693025972491        80.419002445756163     
   164.22726044570396       -13.068447324692565       -162.81950996613909       -17.018106017097011        0.0000000000000000     

 PASSED   1.0000000000000001E-005
 MU_R    =    325.00000000000000     
 ALPHA_S =   0.11799999999999999     
 BORN                    4.2400645909621200E-007
 SINGLE POLE (MadFKS)   -7.0712563062879513E-008
 DOUBLE POLE (MadFKS)   -4.5123448026438549E-008
 SINGLE POLE (MadLoop)  -7.0712563062880135E-008
 DOUBLE POLE (MadLoop)  -4.5123448026438516E-008
 FINITE PART (MadLoop)   4.6065907498181241E-008
   325.00000000000000        0.0000000000000000        0.0000000000000000        325.00000000000000        0.0000000000000000     
   325.00000000000000        0.0000000000000000        0.0000000000000000       -325.00000000000000        0.0000000000000000     
   230.43181424531826        14.184888176299264       -85.562623267787103        173.06544271849731        125.00000000000000     
   169.47200209812689        115.06516657768668        85.609605435351469        41.043226462226905        80.419002445756163     
   250.09618365655484       -129.25005475398595       -4.6982167564365178E-002  -214.10866918072423        0.0000000000000000     

 PASSED   1.0000000000000001E-005
 MU_R    =    325.00000000000000     
 ALPHA_S =   0.11799999999999999     
 BORN                    5.1372323517369993E-008
 SINGLE POLE (MadFKS)   -5.0834177563539018E-009
 DOUBLE POLE (MadFKS)   -5.4671251357221153E-009
 SINGLE POLE (MadLoop)  -5.0834177563536371E-009
 DOUBLE POLE (MadLoop)  -5.4671251357220640E-009
 FINITE PART (MadLoop)   8.2636935263182305E-009
   325.00000000000000        0.0000000000000000        0.0000000000000000        325.00000000000000        0.0000000000000000     
   325.00000000000000        0.0000000000000000        0.0000000000000000       -325.00000000000000        0.0000000000000000     
   261.23633272426855       -168.40465572822410       -129.40842051495781       -86.676145300231838        125.00000000000000     
   302.56652922796854        253.57429410311244        123.10266252354653        75.000670026411370        80.419002445756163     
   86.197138047762905       -85.169638374888336        6.3057579914112702        11.675475273820490        0.0000000000000000     

 PASSED   1.0000000000000001E-005
 MU_R    =    325.00000000000000     
 ALPHA_S =   0.11799999999999999     
 BORN                    3.3846342833191589E-008
 SINGLE POLE (MadFKS)   -2.8406558982232066E-010
 DOUBLE POLE (MadFKS)   -3.6019821371918951E-009
 SINGLE POLE (MadLoop)  -2.8406558982466907E-010
 DOUBLE POLE (MadLoop)  -3.6019821371918583E-009
 FINITE PART (MadLoop)   9.0216958111250650E-009
   325.00000000000000        0.0000000000000000        0.0000000000000000        325.00000000000000        0.0000000000000000     
   325.00000000000000        0.0000000000000000        0.0000000000000000       -325.00000000000000        0.0000000000000000     
   274.06389657264867        123.87538274835210        109.35491621436570       -179.39456862815499        125.00000000000000     
   203.75481939691201       -122.53066511061382       -141.17829576166989        10.185057018925999        80.419002445756163     
   172.18128403043931       -1.3447176377382741        31.823379547304182        169.20951160922897        0.0000000000000000     

 PASSED   1.0000000000000001E-005
 MU_R    =    325.00000000000000     
 ALPHA_S =   0.11799999999999999     
 BORN                    6.3293172203630544E-008
 SINGLE POLE (MadFKS)   -8.4738326241636049E-009
 DOUBLE POLE (MadFKS)   -6.7357609892232484E-009
 SINGLE POLE (MadLoop)  -8.4738326241638828E-009
 DOUBLE POLE (MadLoop)  -6.7357609892232178E-009
 FINITE PART (MadLoop)   9.1527719206809060E-009
   325.00000000000000        0.0000000000000000        0.0000000000000000        325.00000000000000        0.0000000000000000     
   325.00000000000000        0.0000000000000000        0.0000000000000000       -325.00000000000000        0.0000000000000000     
   256.60083001667567       -166.44750120416117       -41.214036875028036       -144.27618816908586        125.00000000000000     
   308.46719898269373        241.28053641850730        14.170217675275175        173.97616092583178        80.419002445756163     
   84.931971000630568       -74.833035214346211        27.043819199752861       -29.699972756745922        0.0000000000000000     

 PASSED   1.0000000000000001E-005
 MU_R    =    325.00000000000000     
 ALPHA_S =   0.11799999999999999     
 BORN                    2.2779966205062650E-007
 SINGLE POLE (MadFKS)   -3.2412167092130638E-008
 DOUBLE POLE (MadFKS)   -2.4242805717847007E-008
 SINGLE POLE (MadLoop)  -3.2412167092130943E-008
 DOUBLE POLE (MadLoop)  -2.4242805717847054E-008
 FINITE PART (MadLoop)   3.2557654601713321E-008
   325.00000000000000        0.0000000000000000        0.0000000000000000        325.00000000000000        0.0000000000000000     
   325.00000000000000        0.0000000000000000        0.0000000000000000       -325.00000000000000        0.0000000000000000     
   183.87581855839437       -95.421871338897532       -95.059862616145509        6.6034566782853625        125.00000000000000     
   222.69944867590780       -58.300896060443236        81.966437155020159        181.68747118291975        80.419002445756163     
   243.42473276569777        153.72276739934077        13.093425461125378       -188.29092786120515        0.0000000000000000     

 PASSED   1.0000000000000001E-005
 MU_R    =    325.00000000000000     
 ALPHA_S =   0.11799999999999999     
 BORN                    7.1179296834435748E-008
 SINGLE POLE (MadFKS)   -4.8322115213267985E-009
 DOUBLE POLE (MadFKS)   -7.5750150318778416E-009
 SINGLE POLE (MadLoop)  -4.8322115213266546E-009
 DOUBLE POLE (MadLoop)  -7.5750150318777258E-009
 FINITE PART (MadLoop)   1.6534005099625943E-008
   325.00000000000000        0.0000000000000000        0.0000000000000000        325.00000000000000        0.0000000000000000     
   325.00000000000000        0.0000000000000000        0.0000000000000000       -325.00000000000000        0.0000000000000000     
   295.57103400782438       -98.743316942400909        233.98486775063202        85.076877983305792        125.00000000000000     
   111.47912937207271        66.250097580118663        2.4415070162331554       -39.564427776718958        80.419002445756163     
   242.94983662010281        32.493219362282055       -236.42637476686522       -45.512450206586969        0.0000000000000000     

 NUMBER OF POINTS PASSING THE CHECK          20
 NUMBER OF POINTS FAILING THE CHECK           0
 TOLERANCE    1.0000000000000001E-005
