 Enter filename for events
 Enter maximum number of events to generate
 MUST coincide with the number of events on tape
 Enter 0 to use Herwig default PDFs
       1 to use PDFs from library
 Enter colliding particles (PART1, PART2)
 Enter beam momenta (PBEAM1, PBEAM2)


          HERWIG 6.521  11th Mar. 2013

          Please reference:  G. Marchesini, B.R. Webber,
          G.Abbiendi, I.G.Knowles, M.H.Seymour & L.Stanco
          Computer Physics Communications 67 (1992) 465
                             and
          G.Corcella, I.G.Knowles, G.Marchesini, S.Moretti,
          K.Odagiri, P.Richardson, M.H.Seymour & B.R.Webber,
          JHEP 0101 (2001) 010
 Enter .TRUE. for underlying event, .FALSE. otherwise

 Underlying event WILL NOT be generated

 Enter Lambda_QCD, <0 for Herwig default
 Enter Z mass, width
 Enter W mass, width
 Enter top mass, width
 Enter Higgs (SM) boson mass, width
 Enter quark (d,u,s,c,b) and gluon masses
 Enter lepton (e,mu,tau) masses
 Enter number of events to print
 Enter accepted error fraction
 Is it single-top (.TRUE. or .FALSE)?
 Is it b-bbar (.TRUE. or .FALSE)?
 Enter the two random seeds (0 0 for default)

          INPUT CONDITIONS FOR THIS RUN

          BEAM 1 (P       ) MOM. =   6500.00
          BEAM 2 (P       ) MOM. =   6500.00
          PROCESS CODE (IPROC)   =  -18000
          NUMBER OF FLAVOURS     =    6
          STRUCTURE FUNCTION SET =    8
          AZIM SPIN CORRELATIONS =    T
          AZIM SOFT CORRELATIONS =    T
          QCD LAMBDA (GEV)       =    0.1800
          DOWN     QUARK  MASS   =    0.3200
          UP       QUARK  MASS   =    0.3200
          STRANGE  QUARK  MASS   =    0.5000
          CHARMED  QUARK  MASS   =    1.5500
          BOTTOM   QUARK  MASS   =    4.9500
          TOP      QUARK  MASS   =  173.0000
          GLUON EFFECTIVE MASS   =    0.7500
          EXTRA SHOWER CUTOFF (Q)=    0.4800
          EXTRA SHOWER CUTOFF (G)=    0.1000
          PHOTON SHOWER CUTOFF   =    0.4000
          CLUSTER MASS PARAMETER =    3.3500
          SPACELIKE EVOLN CUTOFF =    2.5000
          INTRINSIC P-TRAN (RMS) =    0.0000
          DECAY SPIN CORRELATIONS=    T
          SUSY THREE BODY ME     =    T
          SUSY FOUR  BODY ME     =    F

          NO EVENTS WILL BE WRITTEN TO DISK

          B_d: Delt-M/Gam =0.7000 Delt-Gam/2*Gam =0.0000
          B_s: Delt-M/Gam = 10.00 Delt-Gam/2*Gam =0.2000

          PDFLIB NOT USED FOR BEAM 1
          PDFLIB NOT USED FOR BEAM 2


          Checking consistency of particle properties


          Checking consistency of decay tables


          WRITING SUDAKOV TABLE ON UNIT  77

          WRITING MATRIX ELEMENT TABLE ON UNIT  88

          CHECKING SUSY DECAY MATRIX ELEMENTS
 Do you want a stable Pi0 (.TRUE. or .FALSE)?
 Do you want a stable W+ (.TRUE. or .FALSE)?
 Do you want a stable W- (.TRUE. or .FALSE)?
 Do you want a stable Z0 (.TRUE. or .FALSE)?
 Do you want a stable Tau+ (.TRUE. or .FALSE)?
 Do you want a stable Tau- (.TRUE. or .FALSE)?
 Do you want a stable Mu+ (.TRUE. or .FALSE)?
 Do you want a stable Mu- (.TRUE. or .FALSE)?
 Do you want a stable Higgs (.TRUE. or .FALSE)?

          PARTICLE TYPE  21=PI0      SET STABLE
 How many decay modes do you want to set?
 How are the events normalized ("average" or "sum")?
 stdhep initialized

          SUBROUTINE TIMEL CALLED BUT NOT LINKED.
          DUMMY TIMEL WILL BE USED. DELETE DUMMY
          AND LINK CERNLIB FOR CPU TIME REMAINING.

 HWWARN CALLED FROM SUBPROGRAM HWSMRS: CODE =   5
 EVENT       1:   SEEDS = 1973774260 & 1099242306  WEIGHT =-0.5925E-03
 EVENT SURVIVES. EXECUTION CONTINUES
 WARNING: MRST98 CALLED WITH Q OUTSIDE ALLOWED RANGE!
 Q VALUE=1.430E+04, MINIMUM=1.118E+00, MAXIMUM=3.162E+03
 NO FURTHER WARNINGS WILL BE ISSUED



 EVENT       1: 6500.00 GEV/C P        ON  6500.00 GEV/C P        PROCESS:-18000
 SEEDS:  1973774260 &  1099242306   STATUS:  100 ERROR:   0  WEIGHT: -5.9245E-04


                               ---INITIAL STATE---    

 IHEP    ID      IDPDG IST MO1 MO2 DA1 DA2   P-X     P-Y     P-Z  ENERGY    MASS
    1 P           2212 101   0   0   0   0    0.00    0.00 6500.0 6500.0    0.94
    2 P           2212 102   0   0   0   0    0.00    0.00-6500.0 6500.0    0.94
    3 CMF            0 103   1   2   0   0    0.00    0.00    0.013000.013000.00

                              ---HARD SUBPROCESS---   

 IHEP    ID      IDPDG IST MO1 MO2 DA1 DA2   P-X     P-Y     P-Z  ENERGY    MASS
    4 DQRK           1 121   6   8  11  10    0.00    0.00   32.6   32.6    0.32
    5 UQRK           2 122   6   9  13   8   -0.00   -0.00-3390.6 3390.6    0.32
    6 HARD           0 120   4   5   7  10    2.61    0.66-3358.0 3423.3  665.43
    7 HIGGS         25 123   6   7  18   7 -231.85 -109.64-1276.4 1307.9  125.00
    8 DQRK           1 124   6   5  19   4  176.62   25.05-1829.9 1838.6    0.32
    9 UQRK           2 124   6  10  28   5   58.42   88.04 -250.5  271.9    0.32
   10 GLUON         21 124   6   4  35   9   -3.19   -3.45   -1.1    4.9    0.75

                              ---PARTON SHOWERS---    

 IHEP    ID      IDPDG IST MO1 MO2 DA1 DA2   P-X     P-Y     P-Z  ENERGY    MASS
   11 DQRK          94 141   4   6  12  12    0.00    0.00   32.7   32.7    0.06
   12 UU          2203   2  11  21  39  38    0.00    0.00 6467.3 6467.3    0.28
   13 UQRK          94 142   5   6  15  17    2.61    0.66-3390.7 3390.6  -33.02
   14 CONE           0 100   5   8   0   0    0.99    0.14   -9.8    9.8    0.00
   15 GLUON         21   2  13  16  40  41   -3.02    0.45  -35.7   35.8    0.75
   16 GLUON         21   2  13  17  42  43    0.41   -1.11  -45.4   45.4    0.75
   17 UD          2101   2  13  30  44  43    0.00    0.00-3028.2 3028.2    0.32
   18 HIGGS         25 195   7   6 194 195 -225.27 -106.75-1252.3 1283.0  125.00
   19 DQRK          94 144   8   6  21  27  173.77   24.81-1851.4 1861.3   76.59
   20 CONE           0 100   8   5   0   0   -0.45   -0.06   -5.8    5.8    0.00
   21 DQRK           1   2  19  22  45  39   57.31   -4.99 -460.6  464.2    0.32
   22 GLUON         21   2  19  23  46  47   74.48    1.32 -612.1  616.6    0.75
   23 GLUON         21   2  19  24  48  49    4.42    1.51  -40.6   40.9    0.75
   24 GLUON         21   2  19  25  50  51    3.83    1.97  -50.6   50.7    0.75
   25 GLUON         21   2  19  26  52  53    6.52    6.26 -132.5  132.8    0.75
   26 GLUON         21   2  19  27  54  55   13.12    9.98 -233.7  234.2    0.75
   27 GLUON         21   2  19  40  56  57   14.09    8.76 -321.4  321.8    0.75
   28 UQRK          94 144   9   6  30  34   57.22   85.97 -251.2  272.3   18.83
   29 CONE           0 100   9  10   0   0    0.13    0.47   -3.7    3.8    0.00
   30 UQRK           2   2  28  31  58  44   23.83   36.38 -112.6  120.7    0.32
   31 GLUON         21   2  28  32  59  60   21.99   32.22  -95.2  102.9    0.75
   32 GLUON         21   2  28  33  61  62    5.17    5.25  -12.5   14.5    0.75
   33 GLUON         21   2  28  34  63  64    5.79    7.19  -17.1   19.4    0.75
   34 GLUON         21   2  28  37  65  66    0.44    4.93  -13.9   14.8    0.75
   35 GLUON         94 144  10   6  37  38   -3.11   -3.37   -3.0    6.7    3.90
   36 CONE           0 100  10   4   0   0    0.13    0.14    1.3    1.3    0.00
   37 GLUON         21   2  35  38  67  68    0.71   -0.36   -0.6    1.2    0.75
   38 GLUON         21   2  35  39  69  70   -3.83   -3.01   -2.5    5.5    0.75

                              ---GLUON SPLITTING---   

 IHEP    ID      IDPDG IST MO1 MO2 DA1 DA2   P-X     P-Y     P-Z  ENERGY    MASS
   39 UU          2203 161  11  45 123  84   -0.00   -0.00 1950.5 1950.5    0.64
   40 DBAR          -1 158  13  41 124  86   -1.01    0.24  -11.2   11.2    0.32
   41 DQRK           1 158  13  42 101  40   -1.61    0.12  -20.5   20.6    0.32
   42 UBAR          -2 158  13  43 101  41    0.24   -0.26  -16.1   16.1    0.32
   43 UQRK           2 158  13  71 102  42    0.13   -0.60  -23.2   23.2    0.32
   44 UD          2101 162  13  58 122  82    0.00   -0.01-2048.1 2048.1    0.64
   45 DQRK           1 158  19  75 103  39   46.81   -4.07 -376.2  379.1    0.32
   46 DBAR          -1 158  19  47 119  76   20.73    0.29 -171.1  172.4    0.32
   47 DQRK           1 158  19  48 104  46   37.00    0.74 -302.6  304.9    0.32
   48 DBAR          -1 158  19  49 104  47    1.49    0.37  -14.0   14.1    0.32
   49 DQRK           1 158  19  50 105  48    2.93    1.14  -26.6   26.8    0.32
   50 DBAR          -1 158  19  51 105  49    1.66    0.69  -22.6   22.6    0.32
   51 DQRK           1 158  19  52 106  50    2.17    1.28  -28.0   28.1    0.32
   52 UBAR          -2 158  19  53 106  51    3.02    2.65  -59.9   60.1    0.32
   53 UQRK           2 158  19  54 107  52    3.50    3.61  -72.6   72.7    0.32
   54 UBAR          -2 158  19  55 107  53    3.34    2.47  -58.7   58.8    0.32
   55 UQRK           2 158  19  56 108  54    9.78    7.51 -175.0  175.4    0.32
   56 DBAR          -1 158  19  57 108  55    4.52    2.79 -100.2  100.3    0.32
   57 DQRK           1 158  19  77 109  56    3.89    2.43  -90.0   90.1    0.32
   58 UQRK           2 158  28  59 110  44   23.83   36.38 -112.6  120.7    0.32
   59 DBAR          -1 158  28  60 110  58   10.70   15.69  -45.8   49.6    0.32
   60 DQRK           1 158  28  61 111  59   11.29   16.53  -49.4   53.3    0.32
   61 DBAR          -1 158  28  62 111  60    2.82    3.11   -7.2    8.4    0.32
   62 DQRK           1 158  28  63 112  61    2.35    2.14   -5.2    6.1    0.32
   63 UBAR          -2 158  28  64 112  62    4.16    4.99  -12.1   13.7    0.32
   64 UQRK           2 158  28  65 113  63    1.63    2.20   -5.0    5.7    0.32
   65 UBAR          -2 158  28  66 113  64    0.11    2.01   -5.2    5.6    0.32
   66 UQRK           2 158  28  67 114  65    0.33    2.92   -8.7    9.2    0.32
   67 DBAR          -1 158  35  68 114  66    0.29   -0.27   -0.5    0.7    0.32
   68 DQRK           1 158  35  69 115  67    0.42   -0.09   -0.1    0.5    0.32
   69 UBAR          -2 158  35  70 115  68   -2.77   -2.05   -1.7    3.8    0.32
   70 UQRK           2 158  35  79 116  69   -0.91   -0.82   -0.7    1.4    0.32
   71 DBAR          -1 159  13  72 102  43    0.00   -0.01 -444.3  444.3    0.32
   72 DQRK           1 159  13  81 117  71    0.03   -0.15  -24.4   24.4    0.32
   73 DBAR          -1 159  11  74 125  88   -0.00   -0.00 1461.0 1461.0    0.32
   74 DQRK           1 159  35  83 118  73   -0.00   -0.00   22.9   22.9    0.32
   75 UBAR          -2 159  19  76 103  45   16.56    0.21 -136.6  137.6    0.32
   76 UQRK           2 159  19  46 119  75   10.69   -0.84  -86.1   86.8    0.32
   77 SBAR          -3 159  13  78 109  57    2.07    1.31  -48.7   48.8    0.50
   78 SQRK           3 159  19  85 120  77    2.43    1.53  -56.8   56.9    0.50
   79 UBAR          -2 159  11  80 116  70   -0.03   -0.03    0.6    0.7    0.32
   80 UQRK           2 159  35  93 121  79   -0.06   -0.05    0.3    0.5    0.32
   81 SBAR          -3 159  13  82 117  72    0.00   -0.02 -411.2  411.2    0.50
   82 SQRK           3 159  13  44 122  81    0.01   -0.07 -106.2  106.2    0.50
   83 DBAR          -1 159  11  84 118  74   -0.00   -0.00  191.5  191.5    0.32
   84 DQRK           1 159  35  39 123  83   -0.00   -0.00   80.4   80.4    0.32
   85 SBAR          -3 159  13  86 120  78    0.89    0.60  -22.4   22.5    0.50
   86 SQRK           3 159  19  40 124  85   -0.11    0.18   -7.3    7.3    0.50
   87 DBAR          -1 159  11  88 131 100   -0.00   -0.00 1065.6 1065.6    0.32
   88 DQRK           1 159  35  73 125  87   -0.00   -0.00  341.6  341.6    0.32
   89 UBAR          -2 159  11  90 127  92   -0.00   -0.00  475.0  475.0    0.32
   90 UQRK           2 159  35  95 126  89   -0.02   -0.01    1.4    1.4    0.32
   91 DBAR          -1 159  11  92 128  94   -0.00   -0.00   96.7   96.7    0.32
   92 DQRK           1 159  35  89 127  91   -0.00   -0.00    9.7    9.7    0.32
   93 UBAR          -2 159  11  94 121  80   -0.00   -0.00   17.0   17.0    0.32
   94 UQRK           2 159  35  91 128  93   -0.02   -0.02    0.9    0.9    0.32
   95 DBAR          -1 159  11  96 126  90   -0.00   -0.00    6.6    6.6    0.32
   96 DQRK           1 159  35  97 129  95   -0.01   -0.01    3.6    3.6    0.32
   97 UBAR          -2 159  11  98 129  96   -0.00   -0.00  146.8  146.8    0.32
   98 UQRK           2 159  35  99 130  97   -0.00   -0.00    8.2    8.2    0.32
   99 UBAR          -2 159  11 100 130  98   -0.00   -0.00  574.5  574.5    0.32
  100 UQRK           2 159  35  87 131  99   -0.00   -0.00   12.2   12.2    0.32

                             ---CLUSTER FORMATION---  

 IHEP    ID      IDPDG IST MO1 MO2 DA1 DA2   P-X     P-Y     P-Z  ENERGY    MASS
  101 CLUS          91 183  41  42 132 133   -1.37   -0.13  -36.6   36.7    1.85
  102 CLUS          91 183  43  71 134 135    0.13   -0.61 -467.6  467.6    3.06
  103 CLUS          91 183  45  75 136 137   63.36   -3.85 -512.8  516.7    2.98
  104 CLUS          91 183  47  48 138 139   38.49    1.11 -316.7  319.0    2.44
  105 CLUS          91 183  49  50 140 141    4.59    1.84  -49.2   49.4    1.13
  106 CLUS          91 183  51  52 142 143    5.18    3.93  -87.9   88.2    1.30
  107 CLUS          91 183  53  54 144 145    6.84    6.08 -131.2  131.5    0.99
  108 CLUS          91 183  55  56 146 147   14.29   10.29 -275.2  275.8    2.54
  109 CLUS          91 183  57  77 148 149    5.96    3.74 -138.7  138.9    0.93
  110 CLUS          91 183  58  59 150 151   34.53   52.07 -158.4  170.3    2.07
  111 CLUS          91 183  60  61 152 153   14.11   19.64  -56.6   61.6    3.34
  112 CLUS          91 183  62  63 154 155    6.51    7.12  -17.3   19.9    1.05
  113 CLUS          91 183  64  65 156 157    1.75    4.21  -10.2   11.3    1.67
  114 CLUS          91 183  66  67 158 159    0.62    2.65   -9.2    9.9    2.49
  115 CLUS          91 183  68  69 160 161   -2.35   -2.14   -1.8    4.4    2.45
  116 CLUS          91 183  70  79 162 163   -0.94   -0.85   -0.1    2.1    1.70
  117 CLUS          91 183  72  81 164 165    0.04   -0.17 -435.6  435.6    1.58
  118 CLUS          91 183  74  83 166 167   -0.00   -0.00  214.5  214.5    1.04
  119 CLUS          91 183  76  46 168 169   31.43   -0.55 -257.3  259.2    1.59
  120 CLUS          91 183  78  85 170 171    3.32    2.13  -79.2   79.3    1.12
  121 CLUS          91 183  80  93 172 173   -0.06   -0.05   17.4   17.5    2.17
  122 CLUS          91 185  82  44 174 175    0.02   -0.08-2154.3 2154.3    2.37
  123 CLUS          91 184  84  39 176 177   -0.00   -0.00 2030.9 2030.9    1.74
  124 CLUS          91 183  86  40 178 179   -1.12    0.42  -18.4   18.5    1.12
  125 CLUS          91 183  88  73 180 181   -0.00   -0.00 1802.6 1802.6    0.82
  126 CLUS          91 183  90  95 182 183   -0.02   -0.02    8.0    8.1    0.84
  127 CLUS          91 183  92  89 184 185   -0.00   -0.00  484.7  484.7    2.29
  128 CLUS          91 183  94  91 186 187   -0.02   -0.02   97.5   97.6    3.35
  129 CLUS          91 183  96  97 188 189   -0.01   -0.01  150.4  150.5    2.09
  130 CLUS          91 183  98  99 190 191   -0.00   -0.00  582.7  582.7    2.72
  131 CLUS          91 183 100  87 192 193   -0.00   -0.00 1077.8 1077.8    3.02

                              ---CLUSTER DECAYS---    

 IHEP    ID      IDPDG IST MO1 MO2 DA1 DA2   P-X     P-Y     P-Z  ENERGY    MASS
  132 PI-         -211   1 101  13   0   0   -1.23   -0.61  -21.8   21.8    0.14
  133 OMEGA        223 197 101  13 235 237   -0.14    0.47  -14.8   14.9    0.78
  134 SIGMA*+     3224 197 102  13 238 239    0.79   -0.73 -255.2  255.2    1.38
  135 SIGMABR0   -3212 197 102  13 240 241   -0.66    0.12 -212.4  212.4    1.19
  136 DELTA0      2114 197 103  19 242 243   40.42   -3.16 -325.6  328.1    1.23
  137 DELTABR-   -2214 197 103  19 244 245   22.95   -0.69 -187.2  188.6    1.23
  138 N           2112   1 104  19   0   0   22.94    0.45 -191.5  192.9    0.94
  139 DELTABR0   -2114 197 104  19 246 247   15.55    0.65 -125.2  126.1    1.23
  140 PI-         -211   1 105  19   0   0    2.37    0.42  -21.0   21.1    0.14
  141 PI+          211   1 105  19   0   0    2.23    1.41  -28.2   28.3    0.14
  142 PI-         -211   1 106  19   0   0    1.52    1.64  -28.5   28.6    0.14
  143 OMEGA        223 197 106  19 248 250    3.67    2.29  -59.4   59.6    0.78
  144 PI0          111   1 107  19   0   0    1.32    1.35  -25.8   25.9    0.13
  145 RHO0         113 197 107  19 251 252    5.52    4.73 -105.4  105.6    0.77
  146 DELTA+      2214 197 108  19 253 254    6.29    4.39 -123.8  124.1    1.23
  147 DELTABR0   -2114 197 108  19 255 256    8.00    5.90 -151.4  151.7    1.23
  148 PI-         -211   1 109  19   0   0    4.20    2.52  -95.6   95.8    0.14
  149 K+           321   1 109  19   0   0    1.76    1.23  -43.1   43.1    0.49
  150 PI+          211   1 110  28   0   0   19.04   29.08  -90.0   96.5    0.14
  151 ETAP         331 197 110  28 257 259   15.49   22.99  -68.4   73.8    0.96
  152 XI-         3312 197 111  28 260 261    6.80   10.83  -31.4   34.0    1.32
  153 XIBAR+     -3312 197 111  28 262 263    7.31    8.81  -25.2   27.7    1.32
  154 K0           311 197 112  28 264 264    4.00    4.50  -10.9   12.5    0.50
  155 K-          -321   1 112  28   0   0    2.51    2.62   -6.4    7.4    0.49
  156 A_1+       20213 197 113  28 265 266    1.59    3.81   -8.4    9.4    1.23
  157 PI-         -211   1 113  28   0   0    0.15    0.40   -1.8    1.8    0.14
  158 DELTA0      2114 197 114  28 267 268    0.15    1.38   -4.5    4.9    1.23
  159 DELTABR+   -1114 197 114  28 269 270    0.47    1.27   -4.7    5.0    1.23
  160 DELTA-      1114 197 115  35 271 272   -1.08   -1.58   -1.4    2.7    1.23
  161 NBAR       -2112   1 115  35   0   0   -1.27   -0.56   -0.4    1.7    0.94
  162 RHO0         113 197 116  35 273 274    0.14   -0.15    0.1    0.8    0.77
  163 PI0          111   1 116  35   0   0   -1.09   -0.71   -0.2    1.3    0.13
  164 RHO-        -213 197 117  13 275 276    0.44   -0.27 -227.7  227.7    0.77
  165 K+           321   1 117  13   0   0   -0.40    0.10 -208.0  208.0    0.49
  166 PI0          111   1 118  35   0   0   -0.06   -0.18   54.8   54.8    0.13
  167 OMEGA        223 197 118  35 277 279    0.06    0.17  159.7  159.7    0.78
  168 B_1+       10213 197 119  19 280 281   21.24   -0.17 -173.0  174.3    1.23
  169 PI0          111   1 119  19   0   0   10.19   -0.38  -84.3   84.9    0.13
  170 K-          -321   1 120  19   0   0    2.35    1.35  -51.4   51.4    0.49
  171 K+           321   1 120  19   0   0    0.97    0.78  -27.9   27.9    0.49
  172 RHO0         113 197 121  35 282 283    0.00   -0.66   12.2   12.2    0.77
  173 RHO0         113 197 121  35 284 285   -0.06    0.61    5.2    5.3    0.77
  174 K*BAR0      -313 197 122  13 286 287   -0.30   -0.37-1158.8 1158.8    0.90
  175 DELTA0      2114 197 122  13 288 289    0.31    0.30 -995.5  995.5    1.23
  176 PI0          111   1 123  35   0   0    0.36   -0.17  388.1  388.1    0.13
  177 DELTA+      2214 197 123  35 290 291   -0.36    0.17 1642.8 1642.8    1.23
  178 KBAR0       -311 197 124  19 292 292   -0.96    0.36   -9.2    9.3    0.50
  179 PI0          111   1 124  19   0   0   -0.15    0.06   -9.2    9.2    0.13
  180 PI-         -211   1 125  35   0   0    0.18    0.23  348.6  348.6    0.14
  181 PI+          211   1 125  35   0   0   -0.18   -0.23 1454.0 1454.0    0.14
  182 PI+          211   1 126  35   0   0    0.13    0.33    5.5    5.5    0.14
  183 PI0          111   1 126  35   0   0   -0.14   -0.34    2.5    2.6    0.13
  184 DELTA-      1114 197 127  35 293 294    0.21   -0.18  225.5  225.5    1.23
  185 NBAR       -2112   1 127  35   0   0   -0.22    0.18  259.3  259.3    0.94
  186 DELTA++     2224 197 128  35 295 296    0.29   -0.53   84.2   84.2    1.23
  187 PBAR       -2212   1 128  35   0   0   -0.32    0.51   13.3   13.4    0.94
  188 K0           311 197 129  35 297 297    0.34   -0.69   38.7   38.7    0.50
  189 K-          -321   1 129  35   0   0   -0.35    0.68  111.8  111.8    0.49
  190 N           2112   1 130  35   0   0    0.50   -0.05  128.9  128.9    0.94
  191 DELTABR0   -2114 197 130  35 298 299   -0.50    0.05  453.8  453.8    1.23
  192 SIGMA+      3222 197 131  35 300 301   -0.71   -0.29  574.7  574.7    1.19
  193 SGMA*BR0   -3214 197 131  35 302 303    0.71    0.29  503.1  503.1    1.38

                            ---H/W/Z BOSON DECAYS---  

 IHEP    ID      IDPDG IST MO1 MO2 DA1 DA2   P-X     P-Y     P-Z  ENERGY    MASS
  194 BQRK           5 123  18 195 196 195 -114.81  -98.91 -497.9  520.5    4.95
  195 BBAR          -5 124  18 194 200 194 -110.47   -7.84 -754.4  762.5    4.95

                              ---PARTON SHOWERS---    

 IHEP    ID      IDPDG IST MO1 MO2 DA1 DA2   P-X     P-Y     P-Z  ENERGY    MASS
  196 BQRK          94 143 194  18 198 199 -115.74  -97.90 -507.7  530.2   18.55
  197 CONE           0 100 194 195   0   0   -0.28    0.35   -3.1    3.1    0.00
  198 BQRK           5   2 196 199 205 204 -109.84  -95.45 -473.8  495.7    4.95
  199 GLUON         21   2 196 202 206 207   -5.89   -2.45  -33.9   34.5    0.75
  200 BBAR          94 144 195  18 202 204 -109.53   -8.85 -744.6  752.8   14.31
  201 CONE           0 100 195 194   0   0   -1.02   -0.96   -4.1    4.4    0.00
  202 GLUON         21   2 200 203 208 209   -9.84   -3.27  -61.4   62.3    0.75
  203 GLUON         21   2 200 204 210 211   -6.98   -2.24  -44.6   45.2    0.75
  204 BBAR          -5   2 200 205 212 211  -92.72   -3.34 -638.6  645.4    4.95

                              ---GLUON SPLITTING---   

 IHEP    ID      IDPDG IST MO1 MO2 DA1 DA2   P-X     P-Y     P-Z  ENERGY    MASS
  205 BQRK           5 158 196 213 217 212 -101.18  -87.89 -436.5  456.7    4.95
  206 UBAR          -2 158 196 207 221 214   -1.32   -0.56   -7.4    7.5    0.32
  207 UQRK           2 158 196 208 218 206   -4.42   -1.85  -25.6   26.1    0.32
  208 DBAR          -1 158 200 209 218 207   -4.07   -1.16  -25.1   25.5    0.32
  209 DQRK           1 158 200 210 219 208   -5.77   -2.11  -36.3   36.8    0.32
  210 UBAR          -2 158 200 211 219 209   -4.13   -1.43  -25.6   26.0    0.32
  211 UQRK           2 158 200 215 220 210   -2.28   -0.26  -15.5   15.7    0.32
  212 BBAR          -5 158 200 205 222 216  -85.33   -3.22 -587.6  593.8    4.95
  213 DBAR          -1 159 196 214 217 205   -1.82   -1.53   -8.0    8.4    0.32
  214 DQRK           1 159 196 206 221 213   -6.99   -6.07  -30.1   31.5    0.32
  215 UBAR          -2 159 200 216 220 211   -5.85   -0.21  -40.3   40.7    0.32
  216 UQRK           2 159 200 212 222 215   -2.12   -0.46  -14.2   14.4    0.32

                             ---CLUSTER FORMATION---  

 IHEP    ID      IDPDG IST MO1 MO2 DA1 DA2   P-X     P-Y     P-Z  ENERGY    MASS
  217 CLUS          91 183 205 213 223 224 -103.01  -89.42 -444.5  465.0    5.57
  218 CLUS          91 183 207 208 225 226   -8.48   -3.01  -50.7   51.5    0.95
  219 CLUS          91 183 209 210 227 228   -9.89   -3.55  -61.9   62.8    0.66
  220 CLUS          91 183 211 215 229 230   -8.13   -0.47  -55.8   56.4    0.77
  221 CLUS          91 183 214 206 231 232   -8.31   -6.63  -37.5   39.1    2.15
  222 CLUS          91 183 216 212 233 234  -87.45   -3.68 -601.8  608.2    5.95

                              ---CLUSTER DECAYS---    

 IHEP    ID      IDPDG IST MO1 MO2 DA1 DA2   P-X     P-Y     P-Z  ENERGY    MASS
  223 B*-         -523 197 217 196 304 305 -102.15  -88.70 -440.8  461.1    5.32
  224 PI+          211   1 217 196   0   0   -0.86   -0.72   -3.8    3.9    0.14
  225 PI+          211   1 218 196   0   0   -1.55   -0.49   -8.8    8.9    0.14
  226 OMEGA        223 197 218 196 306 308   -6.93   -2.52  -42.0   42.6    0.78
  227 PI-         -211   1 219 200   0   0   -5.18   -1.71  -30.5   31.0    0.14
  228 PI0          111   1 219 200   0   0   -4.72   -1.84  -31.4   31.8    0.13
  229 PI0          111   1 220 200   0   0   -7.33   -0.46  -48.9   49.5    0.13
  230 PI0          111   1 220 200   0   0   -0.79   -0.01   -6.9    6.9    0.13
  231 PI_20      10115 197 221 196 309 310   -5.17   -4.38  -24.5   25.4    1.67
  232 PI-         -211   1 221 196   0   0   -3.14   -2.25  -13.1   13.6    0.14
  233 PI0          111   1 222 200   0   0   -1.02   -0.10   -6.9    7.0    0.13
  234 B*_0+      10521 197 222 200 311 312  -86.43   -3.58 -594.9  601.2    5.76

                           ---STRONG HADRON DECAYS--- 

 IHEP    ID      IDPDG IST MO1 MO2 DA1 DA2   P-X     P-Y     P-Z  ENERGY    MASS
  235 PI+          211   1 133  13   0   0   -0.30    0.42   -6.5    6.5    0.14
  236 PI-         -211   1 133  13   0   0    0.06    0.02   -4.8    4.8    0.14
  237 PI0          111   1 133  13   0   0    0.11    0.04   -3.6    3.6    0.13
  238 LAMBDA      3122 198 134  13 313 314    0.50   -0.58 -222.0  222.0    1.12
  239 PI+          211   1 134  13   0   0    0.29   -0.15  -33.2   33.2    0.14
  240 LAMBDABR   -3122 198 135  13 315 316   -0.68    0.07 -200.9  200.9    1.12
  241 GAMMA         22   1 135  13   0   0    0.02    0.05  -11.5   11.5    0.00
  242 N           2112   1 136  19   0   0   31.70   -2.30 -253.8  255.8    0.94
  243 GAMMA         22   1 136  19   0   0    8.71   -0.86  -71.8   72.3    0.00
  244 PBAR       -2212   1 137  19   0   0   16.59   -0.29 -135.6  136.6    0.94
  245 PI0          111   1 137  19   0   0    6.35   -0.41  -51.6   52.0    0.13
  246 NBAR       -2112   1 139  19   0   0   10.22    0.41  -81.0   81.7    0.94
  247 PI0          111   1 139  19   0   0    5.33    0.24  -44.1   44.5    0.13
  248 PI+          211   1 143  19   0   0    1.11    0.67  -19.4   19.5    0.14
  249 PI-         -211   1 143  19   0   0    1.35    1.11  -21.2   21.3    0.14
  250 PI0          111   1 143  19   0   0    1.21    0.51  -18.8   18.8    0.13
  251 PI+          211   1 145  19   0   0    2.52    1.76  -46.9   47.0    0.14
  252 PI-         -211   1 145  19   0   0    2.99    2.97  -58.4   58.6    0.14
  253 P           2212   1 146  19   0   0    5.66    3.78 -111.6  111.8    0.94
  254 PI0          111   1 146  19   0   0    0.63    0.61  -12.3   12.3    0.13
  255 PBAR       -2212   1 147  19   0   0    5.15    3.78  -99.8  100.0    0.94
  256 PI+          211   1 147  19   0   0    2.85    2.13  -51.6   51.7    0.14
  257 PI+          211   1 151  28   0   0    1.96    2.75   -8.6    9.2    0.14
  258 PI-         -211   1 151  28   0   0    2.49    3.88  -11.4   12.3    0.14
  259 ETA          221 198 151  28 317 319   11.04   16.36  -48.4   52.3    0.55
  260 LAMBDA      3122 198 152  28 320 321    5.92    9.47  -27.8   30.0    1.12
  261 PI-         -211   1 152  28   0   0    0.88    1.36   -3.6    4.0    0.14
  262 LAMBDABR   -3122 198 153  28 322 323    5.62    6.83  -19.3   21.2    1.12
  263 PI+          211   1 153  28   0   0    1.69    1.98   -5.9    6.5    0.14
  264 K_L0         130   1 154  28   0   0    4.00    4.50  -10.9   12.5    0.50
  265 RHO0         113 198 156  28 324 325    1.00    3.10   -6.9    7.7    0.77
  266 PI+          211   1 156  28   0   0    0.60    0.71   -1.4    1.7    0.14
  267 N           2112   1 158  28   0   0    0.18    0.79   -2.8    3.0    0.94
  268 PI0          111   1 158  28   0   0   -0.03    0.58   -1.7    1.8    0.13
  269 NBAR       -2112   1 159  28   0   0    0.44    1.12   -4.5    4.8    0.94
  270 PI+          211   1 159  28   0   0    0.03    0.16   -0.2    0.3    0.14
  271 N           2112   1 160  35   0   0   -0.79   -1.28   -1.3    2.2    0.94
  272 PI-         -211   1 160  35   0   0   -0.29   -0.30   -0.0    0.4    0.14
  273 PI+          211   1 162  35   0   0    0.11    0.27    0.2    0.4    0.14
  274 PI-         -211   1 162  35   0   0    0.03   -0.42   -0.0    0.4    0.14
  275 PI-         -211   1 164  13   0   0    0.51    0.02 -177.3  177.3    0.14
  276 PI0          111   1 164  13   0   0   -0.07   -0.30  -50.4   50.4    0.13
  277 PI+          211   1 167  35   0   0    0.16    0.16   59.8   59.8    0.14
  278 PI-         -211   1 167  35   0   0    0.06   -0.12   72.6   72.6    0.14
  279 PI0          111   1 167  35   0   0   -0.16    0.14   27.3   27.3    0.13
  280 OMEGA        223 198 168  19 326 328   19.41   -0.03 -156.5  157.7    0.78
  281 PI+          211   1 168  19   0   0    1.83   -0.14  -16.5   16.6    0.14
  282 PI+          211   1 172  35   0   0    0.23   -0.57    5.5    5.5    0.14
  283 PI-         -211   1 172  35   0   0   -0.23   -0.09    6.7    6.7    0.14
  284 PI+          211   1 173  35   0   0    0.08    0.58    4.9    4.9    0.14
  285 PI-         -211   1 173  35   0   0   -0.14    0.03    0.3    0.4    0.14
  286 KBAR0       -311 198 174  13 329 329   -0.17   -0.44-1075.5 1075.5    0.50
  287 PI0          111   1 174  13   0   0   -0.13    0.06  -83.3   83.3    0.13
  288 N           2112   1 175  13   0   0    0.11    0.29 -899.4  899.4    0.94
  289 PI0          111   1 175  13   0   0    0.20    0.01  -96.1   96.1    0.13
  290 P           2212   1 177  35   0   0   -0.24   -0.06 1091.4 1091.4    0.94
  291 PI0          111   1 177  35   0   0   -0.13    0.23  551.4  551.4    0.13
  292 K_L0         130   1 178  19   0   0   -0.96    0.36   -9.2    9.3    0.50
  293 N           2112   1 184  35   0   0    0.01   -0.01  186.8  186.8    0.94
  294 PI-         -211   1 184  35   0   0    0.21   -0.17   38.7   38.7    0.14
  295 P           2212   1 186  35   0   0    0.20   -0.53   80.3   80.3    0.94
  296 PI+          211   1 186  35   0   0    0.10    0.01    3.9    3.9    0.14
  297 K_S0         310 198 188  35 330 331    0.34   -0.69   38.7   38.7    0.50
  298 NBAR       -2112   1 191  35   0   0   -0.19    0.04  285.7  285.7    0.94
  299 PI0          111   1 191  35   0   0   -0.31    0.00  168.1  168.1    0.13
  300 N           2112   1 192  35   0   0   -0.48   -0.25  378.2  378.2    0.94
  301 PI+          211   1 192  35   0   0   -0.24   -0.04  196.5  196.5    0.14
  302 LAMBDABR   -3122 198 193  35 332 333    0.53    0.23  340.1  340.1    1.12
  303 PI0          111   1 193  35   0   0    0.18    0.05  163.0  163.0    0.13
  304 B-          -521 199 223 196 347 348 -101.18  -87.82 -436.7  456.8    5.28
  305 GAMMA         22   1 223 196   0   0   -0.97   -0.87   -4.1    4.3    0.00
  306 PI+          211   1 226 196   0   0   -4.40   -1.39  -27.4   27.8    0.14
  307 PI-         -211   1 226 196   0   0   -1.21   -0.58   -7.0    7.1    0.14
  308 PI0          111   1 226 196   0   0   -1.32   -0.55   -7.6    7.7    0.13
  309 RHO+         213 198 231 196 334 335   -2.54   -1.61  -12.5   12.9    0.77
  310 PI-         -211   1 231 196   0   0   -2.63   -2.77  -11.9   12.5    0.14
  311 B_D0         511 200 234 200 336 336  -85.63   -3.50 -588.0  594.3    5.28
  312 PI+          211   1 234 200   0   0   -0.80   -0.07   -6.8    6.9    0.14
  313 P           2212   1 238  13   0   0    0.36   -0.57 -192.4  192.4    0.94
  314 PI-         -211   1 238  13   0   0    0.14   -0.01  -29.6   29.6    0.14
  315 NBAR       -2112   1 240  13   0   0   -0.52   -0.03 -161.0  161.0    0.94
  316 PI0          111   1 240  13   0   0   -0.16    0.10  -39.8   39.8    0.13
  317 PI+          211   1 259  28   0   0    1.39    2.09   -6.3    6.8    0.14
  318 PI-         -211   1 259  28   0   0    3.24    4.81  -14.0   15.1    0.14
  319 PI0          111   1 259  28   0   0    6.41    9.46  -28.1   30.3    0.13
  320 P           2212   1 260  28   0   0    5.39    8.73  -25.5   27.5    0.94
  321 PI-         -211   1 260  28   0   0    0.53    0.74   -2.3    2.5    0.14
  322 NBAR       -2112   1 262  28   0   0    5.15    6.35  -17.8   19.6    0.94
  323 PI0          111   1 262  28   0   0    0.47    0.48   -1.5    1.6    0.13
  324 PI+          211   1 265  28   0   0    0.35    1.54   -2.6    3.0    0.14
  325 PI-         -211   1 265  28   0   0    0.65    1.56   -4.3    4.7    0.14
  326 PI+          211   1 280  19   0   0   12.74   -0.25 -101.8  102.6    0.14
  327 PI-         -211   1 280  19   0   0    1.99    0.01  -16.5   16.6    0.14
  328 PI0          111   1 280  19   0   0    4.69    0.21  -38.1   38.4    0.13
  329 K_L0         130   1 286  13   0   0   -0.17   -0.44-1075.5 1075.5    0.50
  330 PI0          111   1 297  35   0   0   -0.08   -0.12    8.5    8.5    0.13
  331 PI0          111   1 297  35   0   0    0.42   -0.57   30.1   30.1    0.13
  332 PBAR       -2212   1 302  35   0   0    0.38    0.11  280.7  280.7    0.94
  333 PI+          211   1 302  35   0   0    0.15    0.12   59.4   59.4    0.14
  334 PI+          211   1 309 196   0   0   -1.32   -0.92   -5.2    5.4    0.14
  335 PI0          111   1 309 196   0   0   -1.22   -0.69   -7.3    7.4    0.13
  336 B_DBAR0     -511 198 311 200 337 339  -85.63   -3.50 -588.0  594.3    5.28
  337 E-            11   1 336 200   0   0  -15.00   -0.93 -113.7  114.7    0.00
  338 NU_EBAR      -12   1 336 200   0   0  -13.30   -0.92  -86.4   87.5    0.00
  339 D*_2+        415 198 336 200 340 341  -57.33   -1.66 -387.9  392.1    2.46
  340 D0           421 198 339 200 342 345  -51.29   -1.57 -349.9  353.6    1.86
  341 PI+          211   1 339 200   0   0   -6.04   -0.09  -38.0   38.5    0.14
  342 KBAR0       -311 198 340 200 346 346  -31.16   -0.98 -213.8  216.0    0.50
  343 PI-         -211   1 340 200   0   0   -4.92    0.11  -31.4   31.8    0.14
  344 NU_MU         14   1 340 200   0   0   -0.87   -0.09   -6.7    6.8    0.00
  345 MU+          -13   1 340 200   0   0  -14.34   -0.60  -97.9   99.0    0.11
  346 K_L0         130   1 342 200   0   0  -31.16   -0.98 -213.8  216.0    0.50

                           ---HEAVY PARTICLE DECAYS---

 IHEP    ID      IDPDG IST MO1 MO2 DA1 DA2   P-X     P-Y     P-Z  ENERGY    MASS
  347 BQRK           5 155 304 348 349 351  -95.04  -82.50 -410.2  429.1    4.96
  348 UBAR          -2 125 304 351 352 351   -6.13   -5.32  -26.5   27.7    0.32
  349 UQRK           2 123 347 350 353 350   -5.11   -4.48  -21.5   22.6    0.32
  350 UBAR          -2 124 347 349 355 349  -58.18  -47.65 -243.8  255.2    0.32
  351 DQRK           1 124 347 347 357 347  -31.75  -30.37 -144.8  151.4    0.32
  352 UBAR          -2 160 348 361 363 361   -6.13   -5.32  -26.5   27.7    0.32

                              ---PARTON SHOWERS---    

 IHEP    ID      IDPDG IST MO1 MO2 DA1 DA2   P-X     P-Y     P-Z  ENERGY    MASS
  353 UQRK          94 143 349 347 354 354   -5.11   -4.48  -21.5   22.6    0.32
  354 UQRK           2   2 353 356 359 356   -5.11   -4.48  -21.5   22.6    0.32
  355 UBAR          94 144 350 347 356 356  -58.18  -47.65 -243.8  255.2    0.32
  356 UBAR          -2   2 355 359 360 359  -58.18  -47.65 -243.8  255.2    0.32
  357 DQRK          94 144 351 347 358 358  -31.75  -30.37 -144.8  151.4    0.32
  358 DQRK           1   2 357 352 361 352  -31.75  -30.37 -144.8  151.4    0.32

                              ---GLUON SPLITTING---   

 IHEP    ID      IDPDG IST MO1 MO2 DA1 DA2   P-X     P-Y     P-Z  ENERGY    MASS
  359 UQRK           2 158 353 360 362 360   -5.11   -4.48  -21.5   22.6    0.32
  360 UBAR          -2 158 355 359 362 359  -58.18  -47.65 -243.8  255.2    0.32
  361 DQRK           1 158 357 352 363 352  -31.75  -30.37 -144.8  151.4    0.32

                             ---CLUSTER FORMATION---  

 IHEP    ID      IDPDG IST MO1 MO2 DA1 DA2   P-X     P-Y     P-Z  ENERGY    MASS
  362 CLUS          91 183 359 360 364 365  -63.29  -52.13 -265.3  277.7    1.49
  363 CLUS          91 183 361 352 366 367  -37.89  -35.69 -171.3  179.1    1.29

                              ---CLUSTER DECAYS---    

 IHEP    ID      IDPDG IST MO1 MO2 DA1 DA2   P-X     P-Y     P-Z  ENERGY    MASS
  364 K+           321   1 362 353   0   0   -9.64   -8.16  -40.5   42.4    0.49
  365 K-          -321   1 362 353   0   0  -53.65  -43.97 -224.9  235.3    0.49
  366 PI-         -211   1 363 357   0   0  -21.48  -20.56  -98.0  102.5    0.14
  367 RHO0         113 197 363 357 368 369  -16.40  -15.13  -73.3   76.6    0.77

                           ---STRONG HADRON DECAYS--- 

 IHEP    ID      IDPDG IST MO1 MO2 DA1 DA2   P-X     P-Y     P-Z  ENERGY    MASS
  368 PI+          211   1 367 357   0   0  -15.62  -14.51  -70.1   73.2    0.14
  369 PI-         -211   1 367 357   0   0   -0.78   -0.62   -3.2    3.4    0.14



 EVENT       2: 6500.00 GEV/C P        ON  6500.00 GEV/C P        PROCESS:-18000
 SEEDS:   138211491 &   642153635   STATUS:  100 ERROR:   0  WEIGHT:  5.9245E-04


                               ---INITIAL STATE---    

 IHEP    ID      IDPDG IST MO1 MO2 DA1 DA2   P-X     P-Y     P-Z  ENERGY    MASS
    1 P           2212 101   0   0   0   0    0.00    0.00 6500.0 6500.0    0.94
    2 P           2212 102   0   0   0   0    0.00    0.00-6500.0 6500.0    0.94
    3 CMF            0 103   1   2   0   0    0.00    0.00    0.013000.013000.00

                              ---HARD SUBPROCESS---   

 IHEP    ID      IDPDG IST MO1 MO2 DA1 DA2   P-X     P-Y     P-Z  ENERGY    MASS
    4 DQRK           1 121   6   8  10   9    0.00    0.00 1420.9 1420.9    0.32
    5 UQRK           2 122   6   9  20   8   -0.00   -0.00-1795.4 1795.4    0.32
    6 HARD           0 120   4   5   7   9   -4.45   -7.57 -374.5 3216.3 3194.43
    7 HIGGS         25 123   6   7  22   7  137.30 -150.64 -191.6  306.4  125.00
    8 DQRK           1 124   6   5  23   4  -69.54   25.66-1541.8 1543.6    0.32
    9 UQRK           2 124   6   4  27   5  -67.76  124.98 1358.9 1366.3    0.32

                              ---PARTON SHOWERS---    

 IHEP    ID      IDPDG IST MO1 MO2 DA1 DA2   P-X     P-Y     P-Z  ENERGY    MASS
   10 DQRK          94 141   4   6  12  19   -4.45   -7.57 1421.0 1420.8  -24.31
   11 CONE           0 100   4   9   0   0   -0.48    0.88    6.8    6.9    0.00
   12 UD          2101   2  10  13  36  35    0.00    0.00 3648.0 3648.0    0.31
   13 UQRK           2   2  10  14  37  36   -0.80    1.23  558.7  558.7    0.32
   14 GLUON         21   2  10  15  38  39   -1.57    1.91  402.7  402.7    0.75
   15 GLUON         21   2  10  16  40  41   -1.49   -0.00   99.6   99.6    0.75
   16 GLUON         21   2  10  17  42  43    0.57    0.88   51.2   51.2    0.75
   17 DBAR          -1   2  10  18  44  43    1.87    0.96   56.3   56.4    0.32
   18 DQRK           1   2  10  19  45  44    1.43    2.17  124.5  124.6    0.32
   19 DBAR          -1   2  10  25  46  45    4.44    0.41  137.9  138.0    0.32
   20 UQRK          94 142   5   6  21  21    0.00   -0.00-1795.5 1795.5    0.45
   21 UD          2101   2  20  29  47  26    0.00    0.00-4704.5 4704.5    0.32
   22 HIGGS         25 195   7   6 156 157  136.86 -151.34 -191.6  306.5  125.00
   23 DQRK          94 144   8   6  25  26  -71.67   22.02-1541.6 1543.5    7.21
   24 CONE           0 100   8   5   0   0    0.32   -0.10  -13.7   13.7    0.00
   25 DQRK           1   2  23  26  48  46  -68.02   21.44-1486.6 1488.3    0.32
   26 GLUON         21   2  23  47  49  50   -3.65    0.58  -55.0   55.1    0.75
   27 UQRK          94 144   9   6  29  35  -69.64  121.75 1358.7 1366.4   34.94
   28 CONE           0 100   9   4   0   0    0.15   -0.26    6.9    6.9    0.00
   29 UQRK           2   2  27  30  51  47  -33.38   53.42  630.1  633.2    0.32
   30 GLUON         21   2  27  31  52  53   -9.49   17.13  179.5  180.5    0.75
   31 GLUON         21   2  27  32  54  55  -20.83   34.22  356.2  358.4    0.75
   32 GLUON         21   2  27  33  56  57   -8.56   12.36  131.6  132.5    0.75
   33 GLUON         21   2  27  34  58  59    1.75    1.95   41.3   41.4    0.75
   34 GLUON         21   2  27  35  60  61    0.69    1.21    8.3    8.5    0.75
   35 GLUON         21   2  27  36  62  63    0.19    1.47   11.8   11.9    0.75

                              ---GLUON SPLITTING---   

 IHEP    ID      IDPDG IST MO1 MO2 DA1 DA2   P-X     P-Y     P-Z  ENERGY    MASS
   36 UD          2101 161  10  37 107  83    0.00    0.00 1416.9 1416.9    0.64
   37 UQRK           2 158  10  38  84  36   -0.80    1.23  558.7  558.7    0.32
   38 DBAR          -1 158  10  39  84  37   -1.21    1.43  287.7  287.7    0.32
   39 DQRK           1 158  10  40  85  38   -0.36    0.48  115.1  115.1    0.32
   40 DBAR          -1 158  10  41  85  39   -0.53   -0.16   42.0   42.0    0.32
   41 DQRK           1 158  10  42  86  40   -0.96    0.16   57.6   57.6    0.32
   42 UBAR          -2 158  10  43  86  41    0.20    0.52   32.4   32.4    0.32
   43 UQRK           2 158  10  44  87  42    0.37    0.36   18.8   18.8    0.32
   44 DBAR          -1 158  10  45  87  43    1.87    0.96   56.3   56.4    0.32
   45 DQRK           1 158  10  46  88  44    1.43    2.17  124.5  124.6    0.32
   46 DBAR          -1 158  10  48  88  45    4.44    0.41  137.9  138.0    0.32
   47 UD          2101 162  20  51  98  65   -0.00    0.00-3451.5 3451.5    0.64
   48 DQRK           1 158  23  68  89  46  -37.98   11.97 -830.2  831.1    0.32
   49 UBAR          -2 158  23  50 100  69   -1.76    0.15  -24.6   24.7    0.32
   50 UQRK           2 158  23  74  90  49   -1.08    0.26  -18.5   18.6    0.32
   51 UQRK           2 158  27  52  91  47  -33.38   53.42  630.1  633.2    0.32
   52 DBAR          -1 158  27  53  91  51   -6.72   12.14  128.2  128.9    0.32
   53 DQRK           1 158  27  54  92  52   -2.77    4.99   51.3   51.6    0.32
   54 UBAR          -2 158  27  55  92  53   -8.95   14.86  155.7  156.7    0.32
   55 UQRK           2 158  27  56  93  54  -11.88   19.36  200.4  201.7    0.32
   56 UBAR          -2 158  27  57  93  55   -3.14    4.65   47.7   48.1    0.32
   57 UQRK           2 158  27  76  94  56   -3.94    5.63   61.2   61.6    0.32
   58 UBAR          -2 158  27  59 104  77    0.64    0.95   18.1   18.2    0.32
   59 UQRK           2 158  27  60  95  58    0.88    0.70   17.3   17.3    0.32
   60 UBAR          -2 158  27  61  95  59    0.50    0.50    3.8    3.9    0.32
   61 UQRK           2 158  27  62  96  60    0.19    0.70    4.5    4.6    0.32
   62 UBAR          -2 158  27  63  96  61    0.09    0.63    3.9    3.9    0.32
   63 UQRK           2 158  27  80  97  62    0.08    0.64    6.6    6.6    0.32
   64 DBAR          -1 159  20  65 101  71   -0.00    0.00 -525.3  525.3    0.32
   65 DQRK           1 159  23  47  98  64   -0.01    0.00 -274.7  274.7    0.32
   66 UBAR          -2 159  10  67 105  79    0.00    0.00  709.4  709.4    0.32
   67 UQRK           2 159  27  82  99  66    0.01    0.05   16.8   16.8    0.32
   68 SBAR          -3 159  23  69  89  48  -10.32    3.23 -224.9  225.1    0.50
   69 SQRK           3 159  23  49 100  68  -19.82    6.24 -432.8  433.3    0.50
   70 UBAR          -2 159  20  71 102  73   -0.01    0.00 -305.4  305.4    0.32
   71 UQRK           2 159  23  64 101  70   -0.24    0.06  -10.2   10.3    0.32
   72 DBAR          -1 159  20  73 103  75   -0.02    0.00  -75.7   75.7    0.32
   73 DQRK           1 159  23  70 102  72   -0.11    0.03  -15.8   15.8    0.32
   74 SBAR          -3 159  20  75  90  50   -0.22    0.05  -20.8   20.8    0.50
   75 SQRK           3 159  23  72 103  74   -0.11    0.03  -35.6   35.7    0.50
   76 SBAR          -3 159  27  77  94  57   -0.09    0.64    9.1    9.1    0.50
   77 SQRK           3 159  27  58 104  76   -1.14    1.74   19.4   19.6    0.50
   78 UBAR          -2 159  10  79 106  81    0.00    0.00  706.9  706.9    0.32
   79 UQRK           2 159  27  66 105  78    0.00    0.02   41.6   41.6    0.32
   80 SBAR          -3 159  10  81  97  63    0.01    0.07   29.8   29.8    0.50
   81 SQRK           3 159  27  78 106  80    0.00    0.02   88.4   88.4    0.50
   82 UBAR          -2 159  10  83  99  67    0.00    0.00  599.0  599.0    0.32
   83 UQRK           2 159  27  36 107  82    0.00    0.02   40.5   40.5    0.32

                             ---CLUSTER FORMATION---  

 IHEP    ID      IDPDG IST MO1 MO2 DA1 DA2   P-X     P-Y     P-Z  ENERGY    MASS
   84 CLUS          91 183  37  38 108 109   -2.01    2.66  846.3  846.3    1.71
   85 CLUS          91 183  39  40 110 111   -0.89    0.32  157.1  157.1    1.12
   86 CLUS          91 183  41  42 112 113   -0.77    0.68   89.9   89.9    1.32
   87 CLUS          91 183  43  44 114 115    2.25    1.33   75.2   75.2    0.86
   88 CLUS          91 183  45  46 116 117    5.87    2.59  262.5  262.6    3.37
   89 CLUS          91 183  48  68 118 119  -48.30   15.21-1055.0 1056.2    1.14
   90 CLUS          91 183  50  74 120 121   -1.30    0.31  -39.3   39.4    1.28
   91 CLUS          91 183  51  52 122 123  -40.11   65.56  758.3  762.2    2.93
   92 CLUS          91 183  53  54 124 125  -11.72   19.85  207.0  208.3    0.82
   93 CLUS          91 183  55  56 126 127  -15.02   24.01  248.2  249.8    1.03
   94 CLUS          91 183  57  76 128 129   -4.04    6.27   70.3   70.7    1.98
   95 CLUS          91 183  59  60 130 131    1.38    1.20   21.1   21.2    1.28
   96 CLUS          91 183  61  62 132 133    0.27    1.34    8.4    8.5    0.65
   97 CLUS          91 183  63  80 134 135    0.09    0.71   36.4   36.4    1.63
   98 CLUS          91 185  65  47 136 137   -0.01    0.00-3726.2 3726.2    1.35
   99 CLUS          91 183  67  82 138 139    0.01    0.05  615.8  615.8    1.99
  100 CLUS          91 183  69  49 140 141  -21.58    6.38 -457.5  458.0    3.16
  101 CLUS          91 183  71  64 142 143   -0.24    0.06 -535.6  535.6    2.91
  102 CLUS          91 183  73  70 144 145   -0.11    0.03 -321.2  321.2    1.56
  103 CLUS          91 183  75  72 146 147   -0.13    0.03 -111.3  111.3    0.98
  104 CLUS          91 183  77  58 148 149   -0.50    2.70   37.6   37.7    2.07
  105 CLUS          91 183  79  66 150 151    0.00    0.02  751.0  751.0    1.40
  106 CLUS          91 183  81  78 152 153    0.00    0.02  795.4  795.4    1.54
  107 CLUS          91 184  83  36 154 155    0.00    0.02 1457.4 1457.4    2.03

                              ---CLUSTER DECAYS---    

 IHEP    ID      IDPDG IST MO1 MO2 DA1 DA2   P-X     P-Y     P-Z  ENERGY    MASS
  108 RHO+         213 197  84  10 226 227   -0.91    1.28  481.6  481.6    0.77
  109 OMEGA        223 197  84  10 228 230   -1.11    1.38  364.7  364.7    0.78
  110 PI0          111   1  85  10   0   0   -0.15   -0.19   35.4   35.4    0.13
  111 RHO0         113 197  85  10 231 232   -0.73    0.52  121.7  121.7    0.77
  112 RHO-        -213 197  86  10 233 234   -0.13    0.59   44.3   44.3    0.77
  113 PI0          111   1  86  10   0   0   -0.63    0.08   45.6   45.6    0.13
  114 PI0          111   1  87  10   0   0    0.06    0.23   10.9   10.9    0.13
  115 PI+          211   1  87  10   0   0    2.19    1.09   64.3   64.3    0.14
  116 SIGMA-      3112 197  88  10 235 236    1.85    1.93  126.4  126.5    1.20
  117 SIGMABR+   -3112 197  88  10 237 238    4.02    0.66  136.1  136.1    1.20
  118 PI-         -211   1  89  23   0   0  -39.06   12.32 -853.7  854.7    0.14
  119 K+           321   1  89  23   0   0   -9.24    2.89 -201.3  201.5    0.49
  120 PI+          211   1  90  23   0   0   -0.99    0.28  -33.0   33.0    0.14
  121 K0           311 197  90  23 239 239   -0.30    0.03   -6.3    6.4    0.50
  122 KD*+       30323 197  91  27 240 241  -34.49   55.68  651.5  654.8    1.72
  123 KBAR0       -311 197  91  27 242 242   -5.61    9.88  106.8  107.4    0.50
  124 PI0          111   1  92  27   0   0   -4.32    8.05   81.8   82.3    0.13
  125 PI-         -211   1  92  27   0   0   -7.41   11.80  125.2  126.0    0.14
  126 RHO+         213 197  93  27 243 244  -13.03   21.11  217.8  219.2    0.77
  127 PI-         -211   1  93  27   0   0   -1.99    2.89   30.4   30.6    0.14
  128 PI0          111   1  94  27   0   0   -0.07    0.39    3.7    3.7    0.13
  129 KD*+       30323 197  94  27 245 246   -3.97    5.88   66.6   67.0    1.72
  130 RHO+         213 197  95  27 247 248    0.58    0.83   15.0   15.0    0.77
  131 PI-         -211   1  95  27   0   0    0.79    0.36    6.2    6.2    0.14
  132 PI+          211   1  96  27   0   0    0.36    1.17    6.2    6.3    0.14
  133 PI-         -211   1  96  27   0   0   -0.09    0.16    2.2    2.2    0.14
  134 K+           321   1  97  27   0   0    0.04    0.66   17.4   17.4    0.49
  135 ETAP         331 197  97  27 249 251    0.05    0.06   19.0   19.0    0.96
  136 PI0          111   1  98  23   0   0   -0.26   -0.15 -565.7  565.7    0.13
  137 N           2112   1  98  23   0   0    0.25    0.15-3160.5 3160.5    0.94
  138 A_1+       20213 197  99  27 252 253    0.30    0.52  489.3  489.3    1.23
  139 PI-         -211   1  99  27   0   0   -0.29   -0.47  126.5  126.5    0.14
  140 SIGMA*-     3114 197 100  23 254 255  -13.64    4.77 -284.9  285.2    1.39
  141 DELTABR0   -2114 197 100  23 256 257   -7.94    1.61 -172.6  172.8    1.23
  142 RHO_30       117 197 101  23 258 259   -0.06   -0.69 -315.7  315.7    1.69
  143 RHO+         213 197 101  23 260 261   -0.18    0.74 -219.9  219.9    0.77
  144 RHO-        -213 197 102  23 262 263   -0.07   -0.02 -147.0  147.0    0.77
  145 OMEGA        223 197 102  23 264 266   -0.04    0.05 -174.2  174.2    0.78
  146 K-          -321   1 103  23   0   0   -0.12    0.34  -84.2   84.2    0.49
  147 PI+          211   1 103  23   0   0   -0.01   -0.31  -27.2   27.2    0.14
  148 PHI          333 197 104  27 267 269   -0.19    1.99   18.6   18.7    1.02
  149 K-          -321   1 104  27   0   0   -0.31    0.71   19.0   19.0    0.49
  150 OMEGA        223 197 105  27 270 272    0.15    0.01  250.1  250.1    0.78
  151 PI0          111   1 105  27   0   0   -0.15    0.01  500.9  500.9    0.13
  152 K-          -321   1 106  27   0   0   -0.33    0.10  204.1  204.1    0.49
  153 RHO0         113 197 106  27 273 274    0.33   -0.08  591.2  591.2    0.77
  154 OMEGA        223 197 107  27 275 277   -0.30   -0.43  627.9  627.9    0.78
  155 P           2212   1 107  27   0   0    0.31    0.45  829.5  829.5    0.94

                            ---H/W/Z BOSON DECAYS---  

 IHEP    ID      IDPDG IST MO1 MO2 DA1 DA2   P-X     P-Y     P-Z  ENERGY    MASS
  156 BQRK           5 123  22 157 158 157  -10.44   13.20   -7.9   19.2    4.95
  157 BBAR          -5 124  22 156 164 156  147.30 -164.54 -183.7  287.3    4.95

                              ---PARTON SHOWERS---    

 IHEP    ID      IDPDG IST MO1 MO2 DA1 DA2   P-X     P-Y     P-Z  ENERGY    MASS
  158 BQRK          94 143 156  22 160 163   -5.03    7.09  -13.7   28.0   22.82
  159 CONE           0 100 156 157   0   0    1.13   -1.44    1.0    2.1    0.00
  160 BQRK           5   2 158 161 171 170   -7.56   12.37  -14.1   20.9    4.95
  161 GLUON         21   2 158 162 172 173   -0.21   -1.46   -0.4    1.7    0.75
  162 GLUON         21   2 158 163 174 175    0.87   -1.58   -0.7    2.1    0.75
  163 GLUON         21   2 158 166 176 177    1.88   -2.23    1.5    3.4    0.75
  164 BBAR          94 144 157  22 166 170  141.89 -158.43 -177.9  278.5   26.57
  165 CONE           0 100 157 156   0   0    0.36   -0.31   -1.7    1.8    0.00
  166 SBAR          -3   2 164 167 178 177    4.29   -4.87   -6.2    9.0    0.50
  167 SQRK           3   2 164 168 179 178   39.81  -33.33  -50.9   72.7    0.50
  168 GLUON         21   2 164 169 180 181    9.26   -8.91  -10.3   16.5    0.75
  169 GLUON         21   2 164 170 182 183   30.84  -44.06  -41.2   67.8    0.75
  170 BBAR          -5   2 164 171 184 183   57.70  -67.26  -69.2  112.5    4.95

                              ---GLUON SPLITTING---   

 IHEP    ID      IDPDG IST MO1 MO2 DA1 DA2   P-X     P-Y     P-Z  ENERGY    MASS
  171 BQRK           5 158 158 187 193 184   -6.36   10.18  -11.9   17.6    4.95
  172 UBAR          -2 158 158 173 200 186   -0.13   -0.33   -0.2    0.5    0.32
  173 UQRK           2 158 158 174 194 172    0.05   -0.49   -0.0    0.6    0.32
  174 DBAR          -1 158 158 175 194 173    0.34   -0.82   -0.5    1.1    0.32
  175 DQRK           1 158 158 176 195 174    0.53   -0.76   -0.2    1.0    0.32
  176 UBAR          -2 158 158 177 195 175    0.56   -0.79    0.4    1.1    0.32
  177 UQRK           2 158 158 189 196 176    1.26   -1.38    1.1    2.2    0.32
  178 SBAR          -3 158 164 179 202 190    2.75   -3.13   -4.0    5.8    0.50
  179 SQRK           3 158 164 180 197 178   39.81  -33.33  -50.9   72.7    0.50
  180 DBAR          -1 158 164 181 197 179    5.46   -5.03   -5.8    9.5    0.32
  181 DQRK           1 158 164 182 198 180    3.80   -3.88   -4.5    7.0    0.32
  182 UBAR          -2 158 164 183 198 181   12.40  -17.41  -16.4   27.0    0.32
  183 UQRK           2 158 164 191 199 182   12.06  -17.39  -16.2   26.7    0.32
  184 BBAR          -5 158 164 171 203 192   54.98  -64.60  -66.2  107.7    4.95
  185 SBAR          -3 159 158 186 201 188   -0.19   -0.02   -0.3    0.6    0.50
  186 SQRK           3 159 158 172 200 185   -0.71    1.15   -1.3    2.0    0.50
  187 DBAR          -1 159 158 188 193 171   -0.12   -0.08   -0.2    0.4    0.32
  188 DQRK           1 159 158 185 201 187   -0.32    0.48   -0.6    0.9    0.32
  189 UBAR          -2 159 164 190 196 177    0.93   -1.06   -1.3    1.9    0.32
  190 UQRK           2 159 158 178 202 189    0.66   -0.75   -0.9    1.4    0.32
  191 UBAR          -2 159 164 192 199 183    3.84   -4.46   -4.6    7.5    0.32
  192 UQRK           2 159 164 184 203 191    5.26   -7.46   -7.0   11.5    0.32

                             ---CLUSTER FORMATION---  

 IHEP    ID      IDPDG IST MO1 MO2 DA1 DA2   P-X     P-Y     P-Z  ENERGY    MASS
  193 CLUS          91 183 171 187 204 205   -6.48   10.10  -12.1   18.0    5.84
  194 CLUS          91 183 173 174 206 207    0.39   -1.31   -0.6    1.7    0.77
  195 CLUS          91 183 175 176 208 209    1.09   -1.55    0.2    2.1    0.83
  196 CLUS          91 183 177 189 210 211    2.19   -2.44   -0.2    4.1    2.51
  197 CLUS          91 183 179 180 212 213   45.27  -38.36  -56.8   82.2    3.20
  198 CLUS          91 183 181 182 214 215   16.20  -21.29  -20.9   34.0    1.92
  199 CLUS          91 183 183 191 216 217   15.90  -21.85  -20.8   34.1    1.41
  200 CLUS          91 183 186 172 218 219   -0.84    0.83   -1.5    2.5    1.56
  201 CLUS          91 183 188 185 220 221   -0.51    0.46   -0.9    1.5    0.99
  202 CLUS          91 183 190 178 222 223    3.41   -3.87   -4.8    7.1    0.93
  203 CLUS          91 183 192 184 224 225   60.24  -72.06  -73.2  119.2    5.89

                              ---CLUSTER DECAYS---    

 IHEP    ID      IDPDG IST MO1 MO2 DA1 DA2   P-X     P-Y     P-Z  ENERGY    MASS
  204 B*-         -523 197 193 158 278 279   -6.42   10.18  -12.0   17.8    5.32
  205 PI+          211   1 193 158   0   0   -0.05   -0.08   -0.1    0.2    0.14
  206 PI+          211   1 194 158   0   0    0.10   -0.13   -0.4    0.4    0.14
  207 PI0          111   1 194 158   0   0    0.29   -1.17   -0.2    1.2    0.13
  208 PI-         -211   1 195 158   0   0   -0.08   -0.09    0.1    0.2    0.14
  209 PI0          111   1 195 158   0   0    1.18   -1.46    0.1    1.9    0.13
  210 P           2212   1 196 158   0   0    1.28   -1.45    0.4    2.2    0.94
  211 DELTABR-   -2214 197 196 158 280 281    0.91   -0.99   -0.7    1.9    1.23
  212 SIGMA*0     3214 197 197 164 282 283   36.80  -30.90  -46.9   67.1    1.38
  213 NBAR       -2112   1 197 164   0   0    8.47   -7.46   -9.9   15.0    0.94
  214 PI0          111   1 198 164   0   0   14.30  -17.82  -17.4   28.7    0.13
  215 PI-         -211   1 198 164   0   0    1.90   -3.47   -3.5    5.3    0.14
  216 PI+          211   1 199 164   0   0    2.69   -3.54   -3.4    5.6    0.14
  217 A_1-      -20213 197 199 164 284 285   13.21  -18.31  -17.4   28.5    1.23
  218 KBAR0       -311 197 200 158 286 286    0.26    0.40   -0.9    1.1    0.50
  219 PI-         -211   1 200 158   0   0   -1.10    0.43   -0.6    1.3    0.14
  220 PI0          111   1 201 158   0   0   -0.35    0.53   -0.7    0.9    0.13
  221 K0           311 197 201 158 287 287   -0.16   -0.07   -0.2    0.6    0.50
  222 PI+          211   1 202 158   0   0    0.14   -0.16   -0.1    0.3    0.14
  223 K0           311 197 202 158 288 288    3.27   -3.71   -4.7    6.8    0.50
  224 PI+          211   1 203 164   0   0    3.38   -4.86   -4.5    7.5    0.14
  225 B_D0         511 200 203 164 289 289   56.85  -67.20  -68.6  111.7    5.28

                           ---STRONG HADRON DECAYS--- 

 IHEP    ID      IDPDG IST MO1 MO2 DA1 DA2   P-X     P-Y     P-Z  ENERGY    MASS
  226 PI+          211   1 108  10   0   0   -0.27    0.39   73.0   73.0    0.14
  227 PI0          111   1 108  10   0   0   -0.63    0.89  408.6  408.6    0.13
  228 PI+          211   1 109  10   0   0   -0.83    0.91  199.8  199.8    0.14
  229 PI-         -211   1 109  10   0   0   -0.11    0.21   47.0   47.0    0.14
  230 PI0          111   1 109  10   0   0   -0.17    0.26  117.9  117.9    0.13
  231 PI+          211   1 111  10   0   0   -0.21    0.40   87.0   87.0    0.14
  232 PI-         -211   1 111  10   0   0   -0.53    0.12   34.7   34.7    0.14
  233 PI-         -211   1 112  10   0   0    0.13    0.20   31.6   31.6    0.14
  234 PI0          111   1 112  10   0   0   -0.26    0.40   12.7   12.7    0.13
  235 N           2112   1 116  10   0   0    1.52    1.75  113.8  113.8    0.94
  236 PI-         -211   1 116  10   0   0    0.34    0.18   12.6   12.6    0.14
  237 NBAR       -2112   1 117  10   0   0    3.12    0.40  110.3  110.4    0.94
  238 PI+          211   1 117  10   0   0    0.90    0.26   25.7   25.7    0.14
  239 K_S0         310 198 121  23 290 291   -0.30    0.03   -6.3    6.4    0.50
  240 K0           311 198 122  27 292 292  -19.10   30.39  352.1  353.9    0.50
  241 RHO+         213 198 122  27 293 294  -15.39   25.30  299.4  300.9    0.77
  242 K_S0         310 198 123  27 295 296   -5.61    9.88  106.8  107.4    0.50
  243 PI+          211   1 126  27   0   0  -11.78   19.38  199.7  200.9    0.14
  244 PI0          111   1 126  27   0   0   -1.25    1.73   18.1   18.2    0.13
  245 K0           311 198 129  27 297 297   -1.72    2.58   34.4   34.6    0.50
  246 RHO+         213 198 129  27 298 299   -2.24    3.30   32.2   32.4    0.77
  247 PI+          211   1 130  27   0   0    0.05    0.65    9.6    9.6    0.14
  248 PI0          111   1 130  27   0   0    0.53    0.18    5.4    5.4    0.13
  249 PI+          211   1 135  27   0   0    0.07   -0.01    4.0    4.0    0.14
  250 PI-         -211   1 135  27   0   0    0.06    0.16    3.1    3.1    0.14
  251 ETA          221 198 135  27 300 302   -0.08   -0.09   11.9   11.9    0.55
  252 RHO+         213 198 138  27 303 304    0.42    0.48  468.6  468.6    0.77
  253 PI0          111   1 138  27   0   0   -0.12    0.04   20.7   20.7    0.13
  254 LAMBDA      3122 198 140  23 305 306  -10.29    3.60 -218.8  219.1    1.12
  255 PI-         -211   1 140  23   0   0   -3.35    1.17  -66.0   66.1    0.14
  256 PBAR       -2212   1 141  23   0   0   -4.78    0.99 -106.0  106.1    0.94
  257 PI+          211   1 141  23   0   0   -3.15    0.63  -66.6   66.7    0.14
  258 OMEGA        223 198 142  23 307 309   -0.17   -1.11 -232.3  232.3    0.78
  259 PI0          111   1 142  23   0   0    0.11    0.42  -83.4   83.4    0.13
  260 PI+          211   1 143  23   0   0   -0.34    0.62 -197.8  197.8    0.14
  261 PI0          111   1 143  23   0   0    0.16    0.13  -22.1   22.1    0.13
  262 PI-         -211   1 144  23   0   0   -0.29   -0.25  -61.7   61.7    0.14
  263 PI0          111   1 144  23   0   0    0.22    0.23  -85.3   85.3    0.13
  264 PI+          211   1 145  23   0   0   -0.06    0.18  -58.8   58.8    0.14
  265 PI-         -211   1 145  23   0   0    0.21   -0.14  -78.4   78.4    0.14
  266 PI0          111   1 145  23   0   0   -0.20    0.01  -37.0   37.0    0.13
  267 PI+          211   1 148  27   0   0   -0.04    0.61    2.9    3.0    0.14
  268 PI-         -211   1 148  27   0   0   -0.08    1.27   14.0   14.1    0.14
  269 PI0          111   1 148  27   0   0   -0.07    0.11    1.7    1.7    0.13
  270 PI+          211   1 150  27   0   0    0.15   -0.23   97.5   97.5    0.14
  271 PI-         -211   1 150  27   0   0    0.01    0.28   77.0   77.0    0.14
  272 PI0          111   1 150  27   0   0   -0.01   -0.03   75.6   75.6    0.13
  273 PI+          211   1 153  27   0   0   -0.02   -0.07   25.5   25.5    0.14
  274 PI-         -211   1 153  27   0   0    0.35   -0.01  565.7  565.7    0.14
  275 PI+          211   1 154  27   0   0   -0.32   -0.35  294.8  294.8    0.14
  276 PI-         -211   1 154  27   0   0    0.07    0.11   97.3   97.3    0.14
  277 PI0          111   1 154  27   0   0   -0.05   -0.18  235.7  235.7    0.13
  278 B-          -521 198 204 158 310 312   -6.41   10.16  -12.0   17.8    5.28
  279 GAMMA         22   1 204 158   0   0   -0.01    0.02    0.0    0.0    0.00
  280 PBAR       -2212   1 211 158   0   0    0.49   -0.54   -0.4    1.2    0.94
  281 PI0          111   1 211 158   0   0    0.42   -0.45   -0.3    0.7    0.13
  282 LAMBDA      3122 198 212 164 313 314   34.26  -28.71  -43.4   62.3    1.12
  283 PI0          111   1 212 164   0   0    2.54   -2.19   -3.5    4.8    0.13
  284 RHO-        -213 198 217 164 315 316   12.70  -17.76  -16.9   27.6    0.77
  285 PI0          111   1 217 164   0   0    0.52   -0.56   -0.5    0.9    0.13
  286 K_L0         130   1 218 158   0   0    0.26    0.40   -0.9    1.1    0.50
  287 K_S0         310 198 221 158 317 318   -0.16   -0.07   -0.2    0.6    0.50
  288 K_L0         130   1 223 158   0   0    3.27   -3.71   -4.7    6.8    0.50
  289 B_D0         511 199 225 164 328 329   56.85  -67.20  -68.6  111.7    5.28
  290 PI0          111   1 239  23   0   0   -0.07   -0.16   -1.6    1.6    0.13
  291 PI0          111   1 239  23   0   0   -0.23    0.19   -4.7    4.8    0.13
  292 K_L0         130   1 240  27   0   0  -19.10   30.39  352.1  353.9    0.50
  293 PI+          211   1 241  27   0   0  -13.15   21.26  251.2  252.4    0.14
  294 PI0          111   1 241  27   0   0   -2.23    4.04   48.2   48.5    0.13
  295 PI+          211   1 242  27   0   0   -0.63    1.00   11.0   11.1    0.14
  296 PI-         -211   1 242  27   0   0   -4.98    8.88   95.8   96.3    0.14
  297 K_S0         310 198 245  27 319 320   -1.72    2.58   34.4   34.6    0.50
  298 PI+          211   1 246  27   0   0   -1.21    2.04   21.6   21.7    0.14
  299 PI0          111   1 246  27   0   0   -1.03    1.26   10.6   10.7    0.13
  300 PI+          211   1 251  27   0   0    0.02   -0.04    2.5    2.5    0.14
  301 PI-         -211   1 251  27   0   0   -0.15   -0.03    7.7    7.7    0.14
  302 PI0          111   1 251  27   0   0    0.05   -0.03    1.7    1.8    0.13
  303 PI+          211   1 252  27   0   0    0.21    0.35   95.5   95.5    0.14
  304 PI0          111   1 252  27   0   0    0.21    0.14  373.1  373.1    0.13
  305 P           2212   1 254  23   0   0   -8.62    3.12 -184.0  184.3    0.94
  306 PI-         -211   1 254  23   0   0   -1.68    0.48  -34.8   34.8    0.14
  307 PI+          211   1 258  23   0   0   -0.33   -0.81 -132.0  132.0    0.14
  308 PI-         -211   1 258  23   0   0    0.14   -0.23  -69.8   69.8    0.14
  309 PI0          111   1 258  23   0   0    0.02   -0.07  -30.5   30.5    0.13
  310 E-            11   1 278 158   0   0   -0.07    0.28   -2.0    2.1    0.00
  311 NU_EBAR      -12   1 278 158   0   0   -1.90    2.22   -1.3    3.2    0.00
  312 D0           421 198 278 158 321 322   -4.44    7.66   -8.6   12.5    1.86
  313 N           2112   1 282 164   0   0   31.97  -26.84  -40.5   58.2    0.94
  314 PI0          111   1 282 164   0   0    2.29   -1.87   -2.9    4.1    0.13
  315 PI-         -211   1 284 164   0   0   11.23  -15.34  -14.6   24.0    0.14
  316 PI0          111   1 284 164   0   0    1.47   -2.41   -2.3    3.6    0.13
  317 PI+          211   1 287 158   0   0   -0.28    0.03   -0.2    0.4    0.14
  318 PI-         -211   1 287 158   0   0    0.12   -0.10   -0.1    0.2    0.14
  319 PI0          111   1 297  27   0   0   -1.28    1.56   22.0   22.1    0.13
  320 PI0          111   1 297  27   0   0   -0.45    1.02   12.4   12.4    0.13
  321 K*-         -323 198 312 158 323 324   -3.07    4.76   -6.4    8.6    0.89
  322 PI+          211   1 312 158   0   0   -1.37    2.90   -2.2    3.9    0.14
  323 KBAR0       -311 198 321 158 325 325   -1.02    1.52   -2.1    2.9    0.50
  324 PI-         -211   1 321 158   0   0   -2.05    3.25   -4.3    5.7    0.14
  325 K_S0         310 198 323 158 326 327   -1.02    1.52   -2.1    2.9    0.50
  326 PI0          111   1 325 158   0   0   -0.70    1.16   -1.8    2.3    0.13
  327 PI0          111   1 325 158   0   0   -0.32    0.36   -0.3    0.6    0.13

                           ---HEAVY PARTICLE DECAYS---

 IHEP    ID      IDPDG IST MO1 MO2 DA1 DA2   P-X     P-Y     P-Z  ENERGY    MASS
  328 DQRK           1 125 289 332 333 332    3.45   -4.07   -4.2    6.8    0.32
  329 BBAR          -5 155 289 328 330 332   53.41  -63.13  -64.5  105.0    4.96
  330 DBAR          -1 123 329 331 334 331   23.47  -27.20  -27.8   45.4    0.32
  331 UQRK           2 124 329 330 336 330   10.59  -14.88  -14.9   23.6    0.32
  332 CBAR          -4 124 329 329 338 329   19.35  -21.05  -21.8   36.0    1.55
  333 DQRK           1 160 328 342 343 342    3.45   -4.07   -4.2    6.8    0.32

                              ---PARTON SHOWERS---    

 IHEP    ID      IDPDG IST MO1 MO2 DA1 DA2   P-X     P-Y     P-Z  ENERGY    MASS
  334 DBAR          94 143 330 329 335 335   23.47  -27.20  -27.8   45.4    0.32
  335 DBAR          -1   2 334 337 340 337   23.47  -27.20  -27.8   45.4    0.32
  336 UQRK          94 144 331 329 337 337   10.59  -14.88  -14.9   23.6    0.32
  337 UQRK           2   2 336 340 341 340   10.59  -14.88  -14.9   23.6    0.32
  338 CBAR          94 144 332 329 339 339   19.35  -21.05  -21.8   36.0    1.55
  339 CBAR          -4   2 338 333 342 333   19.35  -21.05  -21.8   36.0    1.55

                              ---GLUON SPLITTING---   

 IHEP    ID      IDPDG IST MO1 MO2 DA1 DA2   P-X     P-Y     P-Z  ENERGY    MASS
  340 DBAR          -1 158 334 341 344 341   23.47  -27.20  -27.8   45.4    0.32
  341 UQRK           2 158 336 340 344 340   10.59  -14.88  -14.9   23.6    0.32
  342 CBAR          -4 158 338 333 343 333   19.35  -21.05  -21.8   36.0    1.55

                             ---CLUSTER FORMATION---  

 IHEP    ID      IDPDG IST MO1 MO2 DA1 DA2   P-X     P-Y     P-Z  ENERGY    MASS
  343 CLUS          91 183 333 342 345 345   22.38  -24.53  -25.3   41.8    1.87
  344 CLUS          91 183 341 340 346 347   34.48  -42.67  -43.3   69.9    2.65

                              ---CLUSTER DECAYS---    

 IHEP    ID      IDPDG IST MO1 MO2 DA1 DA2   P-X     P-Y     P-Z  ENERGY    MASS
  345 D-          -411 196 343 328 348 350   22.38  -24.53  -25.3   41.8    1.87
  346 K*_2+        325 197 344 336 351 352   17.10  -22.03  -22.3   35.7    1.43
  347 K*BAR0      -313 197 344 336 353 354   17.38  -20.64  -21.0   34.2    0.90

                           ---STRONG HADRON DECAYS--- 

 IHEP    ID      IDPDG IST MO1 MO2 DA1 DA2   P-X     P-Y     P-Z  ENERGY    MASS
  348 K+           321   1 345 328   0   0    6.80   -7.98   -8.5   13.5    0.49
  349 PI-         -211   1 345 328   0   0    6.52   -6.83   -6.4   11.4    0.14
  350 PI-         -211   1 345 328   0   0    9.06   -9.72  -10.3   16.8    0.14
  351 K0           311 198 346 336 355 355    2.48   -3.21   -3.5    5.4    0.50
  352 PI+          211   1 346 336   0   0   14.61  -18.82  -18.8   30.3    0.14
  353 KBAR0       -311 198 347 336 356 356    7.71   -9.51   -9.5   15.5    0.50
  354 PI0          111   1 347 336   0   0    9.67  -11.13  -11.6   18.7    0.13
  355 K_S0         310 198 351 336 357 358    2.48   -3.21   -3.5    5.4    0.50
  356 K_L0         130   1 353 336   0   0    7.71   -9.51   -9.5   15.5    0.50
  357 PI+          211   1 355 336   0   0    1.88   -2.63   -2.7    4.2    0.14
  358 PI-         -211   1 355 336   0   0    0.60   -0.58   -0.8    1.2    0.14

 HWWARN CALLED FROM SUBPROGRAM HWDFOR: CODE = 101
 EVENT     379:   SEEDS = 1226332650 &  323171492  WEIGHT =-0.5925E-03
 EVENT KILLED.   EXECUTION CONTINUES

 HWWARN CALLED FROM SUBPROGRAM HWDFOR: CODE = 101
 EVENT    6033:   SEEDS = 1081763530 &  526068510  WEIGHT = 0.5925E-03
 EVENT KILLED.   EXECUTION CONTINUES

 HWWARN CALLED FROM SUBPROGRAM HWSBRN: CODE = 105
 EVENT    6687:   SEEDS =  798177694 &  409445847  WEIGHT = 0.5925E-03
 EVENT KILLED.   EXECUTION CONTINUES

          OUTPUT ON LES HOUCHES EVENTS


      PROC CODE  XSECT(pb)        XERR(pb)      Max wgt(nb) No. of events


          OUTPUT ON ELEMENTARY PROCESS

          N.B. NEGATIVE WEIGHTS ALLOWED

          NUMBER OF EVENTS   =        9997
          NEGATIVE  EVENTS   =        2645
          NUMBER OF WEIGHTS  =       10000
          NEGATIVE  WEIGHTS  =        2646
          MEAN VALUE OF WGT  =  2.7893E-04
          RMS SPREAD IN WGT  =  5.2269E-04
          MEAN ABS WEIGHT    =  5.9245E-04
          ACTUAL MAX ABS WGT =  1.0000E+00
          ASSUMED MAXABS WGT =  2.7893E-04

          PROCESS CODE IPROC =      -18000
          CROSS SECTION (PB) =  0.2789    
          ERROR IN C-S  (PB) =  5.2269E-03
          EFFICIENCY PERCENT =   100.0    
 # of events processed=        9997
