 Enter filename for events
 Enter maximum number of events to generate
 MUST coincide with the number of events on tape
 Enter 0 to use Herwig default PDFs
       1 to use PDFs from library
 Enter colliding particles (PART1, PART2)
 Enter beam momenta (PBEAM1, PBEAM2)


          HERWIG 6.521  11th Mar. 2013

          Please reference:  G. Marchesini, B.R. Webber,
          G.Abbiendi, I.G.Knowles, M.H.Seymour & L.Stanco
          Computer Physics Communications 67 (1992) 465
                             and
          G.Corcella, I.G.Knowles, G.Marchesini, S.Moretti,
          K.Odagiri, P.Richardson, M.H.Seymour & B.R.Webber,
          JHEP 0101 (2001) 010
 Enter .TRUE. for underlying event, .FALSE. otherwise

 Underlying event WILL NOT be generated

 Enter Lambda_QCD, <0 for Herwig default
 Enter Z mass, width
 Enter W mass, width
 Enter top mass, width
 Enter Higgs (SM) boson mass, width
 Enter quark (d,u,s,c,b) and gluon masses
 Enter lepton (e,mu,tau) masses
 Enter number of events to print
 Enter accepted error fraction
 Is it single-top (.TRUE. or .FALSE)?
 Is it b-bbar (.TRUE. or .FALSE)?
 Enter the two random seeds (0 0 for default)

          INPUT CONDITIONS FOR THIS RUN

          BEAM 1 (P       ) MOM. =   6500.00
          BEAM 2 (P       ) MOM. =   6500.00
          PROCESS CODE (IPROC)   =  -18000
          NUMBER OF FLAVOURS     =    6
          STRUCTURE FUNCTION SET =    8
          AZIM SPIN CORRELATIONS =    T
          AZIM SOFT CORRELATIONS =    T
          QCD LAMBDA (GEV)       =    0.1800
          DOWN     QUARK  MASS   =    0.3200
          UP       QUARK  MASS   =    0.3200
          STRANGE  QUARK  MASS   =    0.5000
          CHARMED  QUARK  MASS   =    1.5500
          BOTTOM   QUARK  MASS   =    4.9500
          TOP      QUARK  MASS   =  173.0000
          GLUON EFFECTIVE MASS   =    0.7500
          EXTRA SHOWER CUTOFF (Q)=    0.4800
          EXTRA SHOWER CUTOFF (G)=    0.1000
          PHOTON SHOWER CUTOFF   =    0.4000
          CLUSTER MASS PARAMETER =    3.3500
          SPACELIKE EVOLN CUTOFF =    2.5000
          INTRINSIC P-TRAN (RMS) =    0.0000
          DECAY SPIN CORRELATIONS=    T
          SUSY THREE BODY ME     =    T
          SUSY FOUR  BODY ME     =    F

          NO EVENTS WILL BE WRITTEN TO DISK

          B_d: Delt-M/Gam =0.7000 Delt-Gam/2*Gam =0.0000
          B_s: Delt-M/Gam = 10.00 Delt-Gam/2*Gam =0.2000

          PDFLIB NOT USED FOR BEAM 1
          PDFLIB NOT USED FOR BEAM 2


          Checking consistency of particle properties


          Checking consistency of decay tables


          WRITING SUDAKOV TABLE ON UNIT  77

          WRITING MATRIX ELEMENT TABLE ON UNIT  88

          CHECKING SUSY DECAY MATRIX ELEMENTS
 Do you want a stable Pi0 (.TRUE. or .FALSE)?
 Do you want a stable W+ (.TRUE. or .FALSE)?
 Do you want a stable W- (.TRUE. or .FALSE)?
 Do you want a stable Z0 (.TRUE. or .FALSE)?
 Do you want a stable Tau+ (.TRUE. or .FALSE)?
 Do you want a stable Tau- (.TRUE. or .FALSE)?
 Do you want a stable Mu+ (.TRUE. or .FALSE)?
 Do you want a stable Mu- (.TRUE. or .FALSE)?
 Do you want a stable Higgs (.TRUE. or .FALSE)?

          PARTICLE TYPE  21=PI0      SET STABLE
 How many decay modes do you want to set?
 How are the events normalized ("average" or "sum")?
 stdhep initialized

          SUBROUTINE TIMEL CALLED BUT NOT LINKED.
          DUMMY TIMEL WILL BE USED. DELETE DUMMY
          AND LINK CERNLIB FOR CPU TIME REMAINING.

 HWWARN CALLED FROM SUBPROGRAM HWSMRS: CODE =   5
 EVENT       1:   SEEDS = 1973774260 & 1099242306  WEIGHT = 0.5950E-03
 EVENT SURVIVES. EXECUTION CONTINUES
 WARNING: MRST98 CALLED WITH Q OUTSIDE ALLOWED RANGE!
 Q VALUE=1.430E+04, MINIMUM=1.118E+00, MAXIMUM=3.162E+03
 NO FURTHER WARNINGS WILL BE ISSUED



 EVENT       1: 6500.00 GEV/C P        ON  6500.00 GEV/C P        PROCESS:-18000
 SEEDS:  1973774260 &  1099242306   STATUS:  100 ERROR:   0  WEIGHT:  5.9504E-04


                               ---INITIAL STATE---    

 IHEP    ID      IDPDG IST MO1 MO2 DA1 DA2   P-X     P-Y     P-Z  ENERGY    MASS
    1 P           2212 101   0   0   0   0    0.00    0.00 6500.0 6500.0    0.94
    2 P           2212 102   0   0   0   0    0.00    0.00-6500.0 6500.0    0.94
    3 CMF            0 103   1   2   0   0    0.00    0.00    0.013000.013000.00

                              ---HARD SUBPROCESS---   

 IHEP    ID      IDPDG IST MO1 MO2 DA1 DA2   P-X     P-Y     P-Z  ENERGY    MASS
    4 UQRK           2 121   6   8  10   9    0.00    0.00  772.6  772.6    0.32
    5 DQRK           1 122   6   9  14   8    0.00    0.00 -875.2  875.2    0.32
    6 HARD           0 120   4   5   7   9    4.35   11.26 -102.6 1647.8 1644.61
    7 HIGGS         25 123   6   7  20   7  142.47  206.59  -59.7  286.6  125.00
    8 UQRK           2 124   6   5  21   4   18.14 -143.62 -683.0  698.2    0.32
    9 DQRK           1 124   6   4  30   5 -160.60  -62.98  640.1  662.9    0.32

                              ---PARTON SHOWERS---    

 IHEP    ID      IDPDG IST MO1 MO2 DA1 DA2   P-X     P-Y     P-Z  ENERGY    MASS
   10 UQRK          94 141   4   6  12  13   -4.03   -2.15  773.0  773.0   -6.52
   11 CONE           0 100   4   9   0   0   -0.93   -0.37    2.8    3.0    0.00
   12 GLUON         21   2  10  13  35  36    4.03    2.15  760.0  760.0    0.75
   13 UD          2101   2  10  23  37  36    0.00    0.00 4967.0 4967.0    0.32
   14 DQRK          94 142   5   6  16  19    8.38   13.41 -875.7  874.8  -41.53
   15 CONE           0 100   5   8   0   0    0.13   -0.99   -3.6    3.8    0.00
   16 GLUON         21   2  14  17  38  39   -3.33   -6.46  -64.6   65.0    0.75
   17 GLUON         21   2  14  18  40  41   -4.64   -5.85  -69.1   69.5    0.75
   18 GLUON         21   2  14  19  42  43   -0.40   -1.10  -40.5   40.5    0.75
   19 UU          2203   2  14  32  44  43    0.00    0.00-5450.1 5450.1    0.29
   20 HIGGS         25 195   7   6 165 166  143.11  208.38  -59.6  288.2  125.00
   21 UQRK          94 144   8   6  23  29   19.97 -138.73 -682.6  697.9   39.49
   22 CONE           0 100   8   5   0   0   -0.05    0.36   -3.2    3.2    0.00
   23 UQRK           2   2  21  24  45  37   -0.27  -68.04 -301.0  308.6    0.32
   24 GLUON         21   2  21  25  46  47   -0.82  -25.02  -93.7   97.0    0.75
   25 GLUON         21   2  21  26  48  49    4.32  -11.58  -66.5   67.7    0.75
   26 GLUON         21   2  21  27  50  51    8.25  -18.46 -117.5  119.3    0.75
   27 GLUON         21   2  21  28  52  53    4.46  -10.06  -56.5   57.5    0.75
   28 GLUON         21   2  21  29  54  55    3.21   -4.34  -34.3   34.8    0.75
   29 GLUON         21   2  21  38  56  57    0.83   -1.22  -13.1   13.2    0.75
   30 DQRK          94 144   9   6  32  34 -158.72  -58.40  639.6  661.7   13.97
   31 CONE           0 100   9   4   0   0    0.33    0.12    2.6    2.6    0.00
   32 DQRK           1   2  30  33  58  44 -137.61  -54.67  566.0  585.1    0.32
   33 GLUON         21   2  30  34  59  60   -9.09   -2.14   31.5   32.9    0.75
   34 GLUON         21   2  30  35  61  62  -12.02   -1.59   42.1   43.8    0.75

                              ---GLUON SPLITTING---   

 IHEP    ID      IDPDG IST MO1 MO2 DA1 DA2   P-X     P-Y     P-Z  ENERGY    MASS
   35 DBAR          -1 158  10  36 108  78    1.91    1.04  369.1  369.1    0.32
   36 DQRK           1 158  10  67  87  35    0.75    0.37  141.7  141.7    0.32
   37 UD          2101 161  10  45 101  64    0.02    0.01 3001.8 3001.8    0.64
   38 UBAR          -2 158  14  39  97  57   -1.11   -2.46  -24.9   25.1    0.32
   39 UQRK           2 158  14  40  88  38   -2.22   -4.00  -39.7   40.0    0.32
   40 DBAR          -1 158  14  41  88  39   -3.08   -3.74  -43.5   43.7    0.32
   41 DQRK           1 158  14  42  89  40   -1.56   -2.11  -25.6   25.8    0.32
   42 UBAR          -2 158  14  43  89  41    0.02   -0.44  -15.1   15.1    0.32
   43 UQRK           2 158  14  65  90  42   -0.40   -0.63  -24.6   24.6    0.32
   44 UU          2203 162  14  58 102  66   -0.00   -0.00-4881.8 4881.8    0.64
   45 UQRK           2 158  21  69  91  37   -0.13  -33.13 -146.5  150.2    0.32
   46 UBAR          -2 158  21  47 110  82   -0.34  -11.80  -44.4   46.0    0.32
   47 UQRK           2 158  21  71  92  46   -0.21   -5.20  -19.4   20.1    0.32
   48 DBAR          -1 158  21  49 105  72    1.87   -5.03  -28.7   29.2    0.32
   49 DQRK           1 158  21  50  93  48    1.02   -2.80  -16.2   16.5    0.32
   50 UBAR          -2 158  21  51  93  49    5.50  -12.65  -80.3   81.5    0.32
   51 UQRK           2 158  21  52  94  50    2.74   -5.80  -37.2   37.8    0.32
   52 UBAR          -2 158  21  53  94  51    1.71   -3.55  -20.7   21.1    0.32
   53 UQRK           2 158  21  54  95  52    2.74   -6.51  -35.7   36.4    0.32
   54 UBAR          -2 158  21  55  95  53    1.50   -2.28  -16.5   16.8    0.32
   55 UQRK           2 158  21  56  96  54    1.72   -2.06  -17.8   18.0    0.32
   56 UBAR          -2 158  21  57  96  55    0.65   -0.97   -9.8    9.8    0.32
   57 UQRK           2 158  21  38  97  56    0.18   -0.25   -3.3    3.4    0.32
   58 DQRK           1 158  30  75  98  44 -101.32  -40.25  416.7  430.7    0.32
   59 DBAR          -1 158  30  60 106  74   -3.32   -1.22   13.1   13.5    0.32
   60 DQRK           1 158  30  61  99  59   -5.64   -1.17   19.8   20.6    0.32
   61 DBAR          -1 158  30  62  99  60   -8.07   -1.21   28.4   29.6    0.32
   62 DQRK           1 158  30  79 100  61   -2.06   -0.20    7.2    7.5    0.32
   63 DBAR          -1 159  10  64 103  68    0.01    0.00 1353.7 1353.7    0.32
   64 DQRK           1 159  10  37 101  63    0.05    0.02  282.9  282.9    0.32
   65 DBAR          -1 159  14  66  90  43   -0.01   -0.02 -103.5  103.5    0.32
   66 DQRK           1 159  14  44 102  65   -0.00   -0.01 -465.6  465.6    0.32
   67 DBAR          -1 159  10  68  87  36    0.05    0.02  288.3  288.3    0.32
   68 DQRK           1 159  10  63 103  67    0.25    0.12   95.7   95.7    0.32
   69 SBAR          -3 159  21  70  91  45   -0.08   -6.43  -27.0   27.7    0.50
   70 SQRK           3 159  21  81 104  69   -0.11  -25.47 -112.4  115.3    0.50
   71 SBAR          -3 159  21  72  92  47    1.17   -3.38  -18.9   19.2    0.50
   72 SQRK           3 159  21  48 105  71    0.18   -1.87   -8.2    8.4    0.50
   73 DBAR          -1 159  30  74 107  76   -2.96   -1.05   11.5   11.9    0.32
   74 DQRK           1 159  30  59 106  73   -5.70   -2.22   23.2   24.0    0.32
   75 SBAR          -3 159  30  76  98  58   -6.68   -2.55   26.8   27.8    0.50
   76 SQRK           3 159  30  73 107  75  -21.08   -8.35   86.5   89.5    0.50
   77 DBAR          -1 159  10  78 111  84    0.03    0.03   11.8   11.8    0.32
   78 DQRK           1 159  30  35 108  77    0.71    0.39  138.3  138.3    0.32
   79 SBAR          -3 159  10  80 100  62   -0.04    0.02    9.8    9.8    0.50
   80 SQRK           3 159  30  85 109  79   -1.00   -0.09    4.3    4.4    0.50
   81 DBAR          -1 159  21  82 104  70   -0.10   -4.36  -17.1   17.7    0.32
   82 DQRK           1 159  21  46 110  81   -0.04   -5.18  -22.3   22.9    0.32
   83 DBAR          -1 159  10  84 112  86    0.09    0.06   20.8   20.8    0.32
   84 DQRK           1 159  30  77 111  83   -0.19   -0.01    2.4    2.4    0.32
   85 UBAR          -2 159  10  86 109  80    0.02    0.03   10.5   10.5    0.32
   86 UQRK           2 159  30  83 112  85   -0.52   -0.05    2.4    2.5    0.32

                             ---CLUSTER FORMATION---  

 IHEP    ID      IDPDG IST MO1 MO2 DA1 DA2   P-X     P-Y     P-Z  ENERGY    MASS
   87 CLUS          91 183  36  67 113 114    0.80    0.40  430.0  430.0    1.34
   88 CLUS          91 183  39  40 115 116   -5.30   -7.74  -83.2   83.7    1.08
   89 CLUS          91 183  41  42 117 118   -1.54   -2.55  -40.7   40.9    1.74
   90 CLUS          91 183  43  65 119 120   -0.42   -0.65 -128.1  128.1    1.72
   91 CLUS          91 183  45  69 121 122   -0.22  -39.56 -173.4  177.9    1.52
   92 CLUS          91 183  47  71 123 124    0.96   -8.59  -38.3   39.3    2.34
   93 CLUS          91 183  49  50 125 126    6.52  -15.46  -96.5   98.0    1.03
   94 CLUS          91 183  51  52 127 128    4.46   -9.35  -58.0   58.9    0.82
   95 CLUS          91 183  53  54 129 130    4.24   -8.79  -52.2   53.2    1.32
   96 CLUS          91 183  55  56 131 132    2.36   -3.03  -27.6   27.8    0.81
   97 CLUS          91 183  57  38 133 134   -0.93   -2.71  -28.2   28.4    1.36
   98 CLUS          91 183  58  75 135 136 -107.99  -42.80  443.5  458.5    2.15
   99 CLUS          91 183  60  61 137 138  -13.71   -2.38   48.2   50.2    0.77
  100 CLUS          91 183  62  79 139 140   -2.10   -0.18   17.0   17.4    2.50
  101 CLUS          91 184  64  37 141 142    0.07    0.03 3284.6 3284.6    1.29
  102 CLUS          91 185  66  44 143 144   -0.00   -0.01-5347.4 5347.4    1.27
  103 CLUS          91 183  68  63 145 146    0.26    0.13 1449.4 1449.4    1.66
  104 CLUS          91 183  70  81 147 148   -0.21  -29.83 -129.6  133.0    1.58
  105 CLUS          91 183  72  48 149 150    2.05   -6.90  -36.9   37.6    1.52
  106 CLUS          91 183  74  59 151 152   -9.02   -3.44   36.2   37.5    0.68
  107 CLUS          91 183  76  73 153 154  -24.05   -9.40   98.0  101.3    1.18
  108 CLUS          91 183  78  35 155 156    2.62    1.43  507.4  507.4    0.72
  109 CLUS          91 183  80  85 157 158   -0.97   -0.07   14.8   14.9    1.86
  110 CLUS          91 183  82  46 159 160   -0.38  -16.98  -66.7   68.9    1.24
  111 CLUS          91 183  84  77 161 162   -0.16    0.02   14.2   14.3    0.95
  112 CLUS          91 183  86  83 163 164   -0.43    0.01   23.2   23.3    1.86

                              ---CLUSTER DECAYS---    

 IHEP    ID      IDPDG IST MO1 MO2 DA1 DA2   P-X     P-Y     P-Z  ENERGY    MASS
  113 PI-         -211   1  87  10   0   0    0.82    0.06  398.0  398.0    0.14
  114 PI+          211   1  87  10   0   0   -0.03    0.34   31.9   31.9    0.14
  115 PI+          211   1  88  14   0   0   -0.79   -0.90  -11.8   11.9    0.14
  116 OMEGA        223 197  88  14 240 242   -4.51   -6.84  -71.4   71.8    0.78
  117 OMEGA        223 197  89  14 243 245   -0.97   -0.93  -20.3   20.4    0.78
  118 RHO-        -213 197  89  14 246 247   -0.57   -1.62  -20.4   20.5    0.77
  119 A_1+       20213 197  90  14 248 249   -0.11   -0.29  -67.5   67.5    1.23
  120 PI0          111   1  90  14   0   0   -0.30   -0.37  -60.6   60.6    0.13
  121 PI+          211   1  91  21   0   0   -0.13  -33.25 -147.1  150.8    0.14
  122 K0           311 197  91  21 250 250   -0.08   -6.31  -26.4   27.1    0.50
  123 K*_2+        325 197  92  21 251 252    0.56   -7.21  -33.1   33.9    1.43
  124 ETA          221 197  92  21 253 255    0.39   -1.37   -5.2    5.4    0.55
  125 PI-         -211   1  93  21   0   0    3.51   -7.07  -45.9   46.6    0.14
  126 PI0          111   1  93  21   0   0    3.01   -8.39  -50.6   51.4    0.13
  127 PI+          211   1  94  21   0   0    1.09   -1.71  -10.5   10.7    0.14
  128 PI-         -211   1  94  21   0   0    3.37   -7.64  -47.5   48.2    0.14
  129 PI+          211   1  95  21   0   0    1.22   -3.20  -16.7   17.0    0.14
  130 RHO-        -213 197  95  21 256 257    3.01   -5.59  -35.6   36.1    0.77
  131 PI+          211   1  96  21   0   0    1.25   -1.98  -14.5   14.7    0.14
  132 PI-         -211   1  96  21   0   0    1.11   -1.05  -13.0   13.1    0.14
  133 RHO+         213 197  97  21 258 259   -0.24   -2.06  -19.6   19.7    0.77
  134 PI-         -211   1  97  21   0   0   -0.69   -0.65   -8.7    8.7    0.14
  135 N           2112   1  98  30   0   0  -65.32  -25.92  268.5  277.5    0.94
  136 LAMBDABR   -3122 197  98  30 260 261  -42.67  -16.88  175.1  181.0    1.12
  137 PI-         -211   1  99  30   0   0   -2.66   -0.24    9.8   10.2    0.14
  138 PI+          211   1  99  30   0   0  -11.05   -2.14   38.4   40.0    0.14
  139 PI0          111   1 100  30   0   0   -0.99   -0.45    9.6    9.6    0.13
  140 KL_10      10313 197 100  30 262 263   -1.11    0.27    7.5    7.7    1.57
  141 PI0          111   1 101  10   0   0   -0.16    0.21  988.9  988.9    0.13
  142 N           2112   1 101  10   0   0    0.23   -0.17 2295.8 2295.8    0.94
  143 PI0          111   1 102  14   0   0    0.12    0.10-2136.0 2136.0    0.13
  144 P           2212   1 102  14   0   0   -0.13   -0.11-3211.4 3211.4    0.94
  145 RHO-        -213 197 103  10 264 265   -0.08   -0.07  846.4  846.4    0.77
  146 RHO+         213 197 103  10 266 267    0.33    0.20  602.9  602.9    0.77
  147 K*_2-       -325 197 104  21 268 269   -0.12  -26.43 -114.8  117.8    1.43
  148 PI+          211   1 104  21   0   0   -0.09   -3.40  -14.8   15.2    0.14
  149 K*BAR0      -313 197 105  21 270 271    0.85   -4.39  -23.9   24.3    0.90
  150 PI0          111   1 105  21   0   0    1.20   -2.50  -13.0   13.3    0.13
  151 PI-         -211   1 106  30   0   0   -4.90   -2.15   19.4   20.1    0.14
  152 PI+          211   1 106  30   0   0   -4.12   -1.29   16.8   17.4    0.14
  153 K-          -321   1 107  30   0   0  -10.46   -3.62   41.9   43.3    0.49
  154 PI+          211   1 107  30   0   0  -13.58   -5.78   56.1   58.0    0.14
  155 PI0          111   1 108  30   0   0    2.38    1.46  456.2  456.2    0.13
  156 PI0          111   1 108  30   0   0    0.23   -0.02   51.1   51.1    0.13
  157 K*_0BAR0  -10311 197 109  30 272 273   -0.43   -0.11    9.2    9.3    1.43
  158 PI-         -211   1 109  30   0   0   -0.54    0.04    5.6    5.6    0.14
  159 PI-         -211   1 110  21   0   0   -0.02   -5.15  -21.6   22.2    0.14
  160 OMEGA        223 197 110  21 274 276   -0.36  -11.83  -45.1   46.7    0.78
  161 RHO-        -213 197 111  30 277 278   -0.07   -0.08   11.3   11.3    0.77
  162 PI+          211   1 111  30   0   0   -0.09    0.09    2.9    2.9    0.14
  163 B_1+       10213 197 112  30 279 280   -0.21    0.06   12.5   12.6    1.23
  164 ETA          221 197 112  30 281 282   -0.22   -0.05   10.7   10.7    0.55

                            ---H/W/Z BOSON DECAYS---  

 IHEP    ID      IDPDG IST MO1 MO2 DA1 DA2   P-X     P-Y     P-Z  ENERGY    MASS
  165 BQRK           5 123  20 166 167 166   86.62   25.98  -26.6   94.4    4.95
  166 BBAR          -5 124  20 165 169 165   56.49  182.40  -33.0  193.8    4.95

                              ---PARTON SHOWERS---    

 IHEP    ID      IDPDG IST MO1 MO2 DA1 DA2   P-X     P-Y     P-Z  ENERGY    MASS
  167 BQRK          94 143 165  20 168 168   86.62   25.98  -26.6   94.4    4.95
  168 BQRK           5   2 167 170 171 170   86.62   25.98  -26.6   94.4    4.95
  169 BBAR          94 144 166  20 170 170   56.49  182.40  -33.0  193.8    4.95
  170 BBAR          -5   2 169 171 172 171   56.49  182.40  -33.0  193.8    4.95

                              ---GLUON SPLITTING---   

 IHEP    ID      IDPDG IST MO1 MO2 DA1 DA2   P-X     P-Y     P-Z  ENERGY    MASS
  171 BQRK           5 158 167 181 199 172   47.97   14.72  -14.8   52.5    4.95
  172 BBAR          -5 158 169 171 210 194   27.90   89.49  -16.2   95.3    4.95
  173 SBAR          -3 159 169 174 209 192    0.57    1.16   -0.3    1.4    0.50
  174 SQRK           3 159 167 189 200 173    5.28    1.61   -1.6    5.8    0.50
  175 UBAR          -2 159 169 176 202 178    0.46    1.23   -0.2    1.4    0.32
  176 UQRK           2 159 167 191 201 175    4.96    1.49   -1.5    5.4    0.32
  177 SBAR          -3 159 169 178 203 180    0.57    0.83   -0.2    1.2    0.50
  178 SQRK           3 159 167 175 202 177    1.44    0.59   -0.5    1.7    0.50
  179 DBAR          -1 159 169 180 204 182    0.48    0.38   -0.2    0.7    0.32
  180 DQRK           1 159 167 177 203 179   14.90    4.43   -4.6   16.2    0.32
  181 SBAR          -3 159 169 182 199 171    2.34    0.79   -0.7    2.6    0.50
  182 SQRK           3 159 167 179 204 181    1.74    0.65   -0.5    2.0    0.50
  183 UBAR          -2 159 169 184 212 198   13.01   42.09   -7.6   44.7    0.32
  184 UQRK           2 159 167 195 205 183    3.72    1.13   -1.1    4.1    0.32
  185 UBAR          -2 159 169 186 207 188    2.99    9.65   -1.7   10.3    0.32
  186 UQRK           2 159 167 197 206 185    0.61    0.35   -0.2    0.8    0.32
  187 DBAR          -1 159 169 188 208 190    3.61   11.65   -2.1   12.4    0.32
  188 DQRK           1 159 167 185 207 187    0.42    0.42   -0.2    0.7    0.32
  189 UBAR          -2 159 169 190 200 174    0.37    0.80   -0.2    1.0    0.32
  190 UQRK           2 159 167 187 208 189    0.79    0.36   -0.3    1.0    0.32
  191 UBAR          -2 159 169 192 201 176    0.38    0.86   -0.2    1.0    0.32
  192 UQRK           2 159 167 173 209 191    0.84    0.37   -0.3    1.0    0.32
  193 SBAR          -3 159 169 194 211 196    1.68    5.31   -1.0    5.7    0.50
  194 SQRK           3 159 167 172 210 193    0.62    1.50   -0.3    1.7    0.50
  195 UBAR          -2 159 169 196 205 184    0.50    1.41   -0.3    1.6    0.32
  196 UQRK           2 159 167 193 211 195    0.39    0.47   -0.2    0.7    0.32
  197 DBAR          -1 159 169 198 206 186    3.37   10.87   -2.0   11.6    0.32
  198 DQRK           1 159 167 183 212 197    1.19    3.78   -0.7    4.0    0.32

                             ---CLUSTER FORMATION---  

 IHEP    ID      IDPDG IST MO1 MO2 DA1 DA2   P-X     P-Y     P-Z  ENERGY    MASS
  199 CLUS          91 183 171 181 213 213   50.30   15.46  -15.5   55.1    5.37
  200 CLUS          91 183 174 189 214 215    5.65    2.41   -1.8    6.7    2.08
  201 CLUS          91 183 176 191 216 217    5.34    2.35   -1.7    6.4    2.06
  202 CLUS          91 183 178 175 218 219    1.90    1.82   -0.7    3.1    1.42
  203 CLUS          91 183 180 177 220 221   15.47    5.26   -4.8   17.4    3.33
  204 CLUS          91 183 182 179 222 223    2.22    1.03   -0.7    2.7    0.92
  205 CLUS          91 183 184 195 224 225    4.22    2.54   -1.4    5.6    2.30
  206 CLUS          91 183 186 197 226 227    3.98   11.23   -2.2   12.4    2.48
  207 CLUS          91 183 188 185 228 229    3.41   10.07   -1.9   11.0    1.81
  208 CLUS          91 183 190 187 230 231    4.40   12.01   -2.4   13.3    2.96
  209 CLUS          91 183 192 173 232 233    1.41    1.52   -0.5    2.4    1.11
  210 CLUS          91 183 194 172 234 235   28.53   90.98  -16.6   97.0    6.37
  211 CLUS          91 183 196 193 236 237    2.07    5.78   -1.1    6.4    1.33
  212 CLUS          91 183 198 183 238 239   14.22   45.92   -8.3   48.8    1.16

                              ---CLUSTER DECAYS---    

 IHEP    ID      IDPDG IST MO1 MO2 DA1 DA2   P-X     P-Y     P-Z  ENERGY    MASS
  213 B_SBAR0     -531 200 199 167 283 283   50.30   15.46  -15.5   55.1    5.37
  214 KDL_2BR0  -10315 197 200 167 284 285    4.70    2.21   -1.7    5.7    1.77
  215 PI-         -211   1 200 167   0   0    0.94    0.20   -0.1    1.0    0.14
  216 RHO+         213 197 201 167 286 287    1.82    0.41   -1.0    2.3    0.77
  217 RHO-        -213 197 201 167 288 289    3.53    1.94   -0.7    4.2    0.77
  218 K*BAR0      -313 197 202 167 290 291    0.88    1.25   -0.7    1.9    0.90
  219 PI-         -211   1 202 167   0   0    1.02    0.57   -0.0    1.2    0.14
  220 KD*0       30313 197 203 167 292 293    8.15    3.33   -2.3    9.3    1.72
  221 HH_10      10333 197 203 167 294 295    7.32    1.93   -2.5    8.1    1.40
  222 K-          -321   1 204 167   0   0    1.15    0.34   -0.1    1.3    0.49
  223 PI+          211   1 204 167   0   0    1.07    0.69   -0.6    1.4    0.14
  224 ETAP         331 197 205 167 296 298    1.77    1.24   -0.4    2.4    0.96
  225 F_2          225 197 205 167 299 300    2.45    1.30   -1.0    3.2    1.27
  226 P           2212   1 206 167   0   0    2.43    6.27   -0.4    6.8    0.94
  227 NBAR       -2112   1 206 167   0   0    1.55    4.96   -1.7    5.6    0.94
  228 PI0          111   1 207 167   0   0    1.70    6.84   -1.2    7.1    0.13
  229 RHO-        -213 197 207 167 301 302    1.71    3.23   -0.7    3.8    0.77
  230 N           2112   1 208 167   0   0    2.15    4.18   -1.6    5.1    0.94
  231 DELTABR+   -1114 197 208 167 303 304    2.24    7.83   -0.7    8.3    1.23
  232 PI+          211   1 209 167   0   0    0.29    0.18   -0.2    0.4    0.14
  233 K*0          313 197 209 167 305 306    1.13    1.34   -0.3    2.0    0.90
  234 K*-         -323 197 210 167 307 308    2.39    7.43   -1.4    8.0    0.89
  235 B*+          523 197 210 167 309 310   26.13   83.56  -15.2   89.0    5.32
  236 RHO+         213 197 211 167 311 312    1.27    3.03   -0.6    3.4    0.77
  237 K0           311 197 211 167 313 313    0.80    2.74   -0.5    2.9    0.50
  238 PI0          111   1 212 167   0   0    6.20   20.03   -3.4   21.2    0.13
  239 RHO-        -213 197 212 167 314 315    8.01   25.88   -4.9   27.6    0.77

                           ---STRONG HADRON DECAYS--- 

 IHEP    ID      IDPDG IST MO1 MO2 DA1 DA2   P-X     P-Y     P-Z  ENERGY    MASS
  240 PI+          211   1 116  14   0   0   -3.15   -4.68  -48.7   49.0    0.14
  241 PI-         -211   1 116  14   0   0   -0.41   -0.63   -8.0    8.0    0.14
  242 PI0          111   1 116  14   0   0   -0.94   -1.53  -14.7   14.8    0.13
  243 PI+          211   1 117  14   0   0   -0.11   -0.46   -5.3    5.3    0.14
  244 PI-         -211   1 117  14   0   0   -0.40   -0.36   -8.1    8.1    0.14
  245 PI0          111   1 117  14   0   0   -0.46   -0.11   -6.9    6.9    0.13
  246 PI-         -211   1 118  14   0   0    0.15   -0.27   -2.9    2.9    0.14
  247 PI0          111   1 118  14   0   0   -0.72   -1.35  -17.5   17.6    0.13
  248 RHO0         113 198 119  14 316 317   -0.21   -0.53  -53.9   53.9    0.77
  249 PI+          211   1 119  14   0   0    0.10    0.25  -13.6   13.6    0.14
  250 K_L0         130   1 122  21   0   0   -0.08   -6.31  -26.4   27.1    0.50
  251 K+           321   1 123  21   0   0    0.73   -3.23  -13.5   13.9    0.49
  252 PI0          111   1 123  21   0   0   -0.17   -3.98  -19.6   20.0    0.13
  253 PI0          111   1 124  21   0   0    0.09   -0.20   -1.2    1.2    0.13
  254 PI0          111   1 124  21   0   0    0.10   -0.37   -1.6    1.6    0.13
  255 PI0          111   1 124  21   0   0    0.21   -0.80   -2.4    2.5    0.13
  256 PI-         -211   1 130  21   0   0    1.63   -2.38  -17.1   17.4    0.14
  257 PI0          111   1 130  21   0   0    1.39   -3.21  -18.4   18.8    0.13
  258 PI+          211   1 133  21   0   0   -0.48   -1.50  -14.8   14.9    0.14
  259 PI0          111   1 133  21   0   0    0.24   -0.56   -4.8    4.9    0.13
  260 PBAR       -2212   1 136  30   0   0  -32.48  -12.87  133.4  137.9    0.94
  261 PI+          211   1 136  30   0   0  -10.19   -4.01   41.6   43.1    0.14
  262 K+           321   1 140  30   0   0   -0.63    0.50    2.8    2.9    0.49
  263 RHO-        -213 198 140  30 318 319   -0.48   -0.22    4.7    4.8    0.77
  264 PI-         -211   1 145  10   0   0   -0.14   -0.18  791.5  791.5    0.14
  265 PI0          111   1 145  10   0   0    0.07    0.11   54.9   54.9    0.13
  266 PI+          211   1 146  10   0   0   -0.13    0.20   99.3   99.3    0.14
  267 PI0          111   1 146  10   0   0    0.46    0.00  503.6  503.6    0.13
  268 K*BAR0      -313 198 147  21 320 321   -0.20  -20.92  -89.2   91.6    0.90
  269 PI-         -211   1 147  21   0   0    0.07   -5.50  -25.6   26.2    0.14
  270 K-          -321   1 149  21   0   0    0.68   -3.71  -18.8   19.1    0.49
  271 PI+          211   1 149  21   0   0    0.17   -0.68   -5.1    5.2    0.14
  272 K-          -321   1 157  30   0   0   -0.24   -0.49    8.1    8.1    0.49
  273 PI+          211   1 157  30   0   0   -0.19    0.38    1.1    1.2    0.14
  274 PI+          211   1 160  21   0   0    0.07   -1.70   -6.4    6.6    0.14
  275 PI-         -211   1 160  21   0   0    0.04   -4.43  -16.9   17.5    0.14
  276 PI0          111   1 160  21   0   0   -0.48   -5.70  -21.8   22.6    0.13
  277 PI-         -211   1 161  30   0   0   -0.29    0.03    9.4    9.4    0.14
  278 PI0          111   1 161  30   0   0    0.22   -0.10    1.9    1.9    0.13
  279 OMEGA        223 198 163  30 322 323   -0.42   -0.18    8.9    9.0    0.78
  280 PI+          211   1 163  30   0   0    0.21    0.24    3.6    3.6    0.14
  281 GAMMA         22   1 164  30   0   0   -0.18   -0.27    4.3    4.3    0.00
  282 GAMMA         22   1 164  30   0   0   -0.04    0.22    6.4    6.4    0.00
  283 B_SBAR0     -531 199 213 167 340 341   50.30   15.46  -15.5   55.1    5.37
  284 K*_2-       -325 198 214 167 324 325    4.13    2.19   -1.4    5.1    1.43
  285 PI+          211   1 214 167   0   0    0.57    0.02   -0.3    0.7    0.14
  286 PI+          211   1 216 167   0   0    0.77   -0.16   -0.6    1.0    0.14
  287 PI0          111   1 216 167   0   0    1.05    0.57   -0.5    1.3    0.13
  288 PI-         -211   1 217 167   0   0    2.10    0.94   -0.7    2.4    0.14
  289 PI0          111   1 217 167   0   0    1.43    1.00    0.0    1.7    0.13
  290 K-          -321   1 218 167   0   0    0.66    1.27   -0.6    1.6    0.49
  291 PI+          211   1 218 167   0   0    0.22   -0.01   -0.1    0.3    0.14
  292 K+           321   1 220 167   0   0    4.92    1.17   -1.3    5.2    0.49
  293 PI-         -211   1 220 167   0   0    3.23    2.16   -1.0    4.0    0.14
  294 K0           311 198 221 167 326 326    2.65    0.71   -0.9    2.9    0.50
  295 K*BAR0      -313 198 221 167 327 328    4.67    1.22   -1.6    5.2    0.90
  296 PI+          211   1 224 167   0   0    0.35    0.11   -0.2    0.4    0.14
  297 PI-         -211   1 224 167   0   0    0.37    0.39   -0.1    0.6    0.14
  298 ETA          221 198 224 167 329 331    1.05    0.73   -0.1    1.4    0.55
  299 PI+          211   1 225 167   0   0    1.46    0.37    0.0    1.5    0.14
  300 PI-         -211   1 225 167   0   0    1.00    0.93   -1.0    1.7    0.14
  301 PI-         -211   1 229 167   0   0    0.42    1.25    0.0    1.3    0.14
  302 PI0          111   1 229 167   0   0    1.29    1.99   -0.7    2.5    0.13
  303 NBAR       -2112   1 231 167   0   0    1.53    4.94   -0.5    5.3    0.94
  304 PI+          211   1 231 167   0   0    0.71    2.88   -0.2    3.0    0.14
  305 K+           321   1 233 167   0   0    0.87    0.84   -0.5    1.4    0.49
  306 PI-         -211   1 233 167   0   0    0.26    0.51    0.2    0.6    0.14
  307 KBAR0       -311 198 234 167 332 332    1.40    3.57   -0.6    3.9    0.50
  308 PI-         -211   1 234 167   0   0    1.00    3.86   -0.8    4.1    0.14
  309 B+           521 199 235 167 379 380   26.00   83.03  -15.1   88.5    5.28
  310 GAMMA         22   1 235 167   0   0    0.13    0.52   -0.1    0.6    0.00
  311 PI+          211   1 236 167   0   0    0.01    0.07   -0.0    0.2    0.14
  312 PI0          111   1 236 167   0   0    1.25    2.96   -0.6    3.3    0.13
  313 K_S0         310 198 237 167 333 334    0.80    2.74   -0.5    2.9    0.50
  314 PI-         -211   1 239 167   0   0    2.68    9.81   -1.8   10.3    0.14
  315 PI0          111   1 239 167   0   0    5.33   16.08   -3.2   17.2    0.13
  316 PI+          211   1 248  14   0   0   -0.13   -0.65  -48.9   48.9    0.14
  317 PI-         -211   1 248  14   0   0   -0.09    0.11   -5.0    5.0    0.14
  318 PI-         -211   1 263  30   0   0   -0.59   -0.20    4.4    4.4    0.14
  319 PI0          111   1 263  30   0   0    0.11   -0.02    0.3    0.4    0.13
  320 K-          -321   1 268  21   0   0   -0.06  -10.95  -45.5   46.8    0.49
  321 PI+          211   1 268  21   0   0   -0.14   -9.97  -43.6   44.8    0.14
  322 PI0          111   1 279  30   0   0   -0.47   -0.07    8.7    8.7    0.13
  323 GAMMA         22   1 279  30   0   0    0.05   -0.11    0.2    0.3    0.00
  324 KBAR0       -311 198 284 167 335 335    3.44    1.44   -1.5    4.0    0.50
  325 PI-         -211   1 284 167   0   0    0.69    0.75    0.1    1.0    0.14
  326 K_S0         310 198 294 167 336 337    2.65    0.71   -0.9    2.9    0.50
  327 K-          -321   1 295 167   0   0    3.28    0.86   -0.8    3.5    0.49
  328 PI+          211   1 295 167   0   0    1.39    0.36   -0.8    1.6    0.14
  329 PI+          211   1 298 167   0   0    0.26    0.20    0.1    0.4    0.14
  330 PI-         -211   1 298 167   0   0    0.21    0.13    0.0    0.3    0.14
  331 PI0          111   1 298 167   0   0    0.58    0.40   -0.2    0.7    0.13
  332 K_L0         130   1 307 167   0   0    1.40    3.57   -0.6    3.9    0.50
  333 PI0          111   1 313 167   0   0    0.69    1.70   -0.2    1.9    0.13
  334 PI0          111   1 313 167   0   0    0.11    1.05   -0.3    1.1    0.13
  335 K_S0         310 198 324 167 338 339    3.44    1.44   -1.5    4.0    0.50
  336 PI+          211   1 326 167   0   0    0.89    0.09   -0.2    0.9    0.14
  337 PI-         -211   1 326 167   0   0    1.76    0.62   -0.7    2.0    0.14
  338 PI0          111   1 335 167   0   0    1.06    0.56   -0.3    1.2    0.13
  339 PI0          111   1 335 167   0   0    2.38    0.88   -1.2    2.8    0.13

                           ---HEAVY PARTICLE DECAYS---

 IHEP    ID      IDPDG IST MO1 MO2 DA1 DA2   P-X     P-Y     P-Z  ENERGY    MASS
  340 BQRK           5 155 283 341 342 344   45.61   14.02  -14.1   50.0    4.87
  341 SBAR          -3 125 283 344 345 344    4.68    1.44   -1.4    5.1    0.50
  342 SQRK           3 123 340 343 346 343   13.43    3.67   -4.8   14.7    0.50
  343 CBAR          -4 124 340 342 348 342   23.07    6.68   -6.7   25.0    1.55
  344 CQRK           4 124 340 340 350 340    9.11    3.67   -2.6   10.3    1.55
  345 SBAR          -3 160 341 354 356 354    4.68    1.44   -1.4    5.1    0.50

                              ---PARTON SHOWERS---    

 IHEP    ID      IDPDG IST MO1 MO2 DA1 DA2   P-X     P-Y     P-Z  ENERGY    MASS
  346 SQRK          94 143 342 340 347 347   13.43    3.67   -4.8   14.7    0.50
  347 SQRK           3   2 346 349 352 349   13.43    3.67   -4.8   14.7    0.50
  348 CBAR          94 144 343 340 349 349   23.07    6.68   -6.7   25.0    1.55
  349 CBAR          -4   2 348 352 353 352   23.07    6.68   -6.7   25.0    1.55
  350 CQRK          94 144 344 340 351 351    9.11    3.67   -2.6   10.3    1.55
  351 CQRK           4   2 350 345 354 345    9.11    3.67   -2.6   10.3    1.55

                              ---GLUON SPLITTING---   

 IHEP    ID      IDPDG IST MO1 MO2 DA1 DA2   P-X     P-Y     P-Z  ENERGY    MASS
  352 SQRK           3 158 346 353 355 353   13.43    3.67   -4.8   14.7    0.50
  353 CBAR          -4 158 348 352 355 352   23.07    6.68   -6.7   25.0    1.55
  354 CQRK           4 158 350 345 356 345    9.11    3.67   -2.6   10.3    1.55

                             ---CLUSTER FORMATION---  

 IHEP    ID      IDPDG IST MO1 MO2 DA1 DA2   P-X     P-Y     P-Z  ENERGY    MASS
  355 CLUS          91 183 352 353 357 358   38.41   10.84  -12.1   41.8    2.41
  356 CLUS          91 183 354 345 359 359   11.88    4.62   -3.4   13.4    1.97

                              ---CLUSTER DECAYS---    

 IHEP    ID      IDPDG IST MO1 MO2 DA1 DA2   P-X     P-Y     P-Z  ENERGY    MASS
  357 KBAR0       -311 197 355 346 360 360    8.93    2.48   -3.0    9.7    0.50
  358 D-          -411 197 355 346 361 362   29.48    8.36   -9.1   32.0    1.87
  359 D_S+         431 196 356 350 363 364   11.88    4.62   -3.4   13.4    1.97

                           ---STRONG HADRON DECAYS--- 

 IHEP    ID      IDPDG IST MO1 MO2 DA1 DA2   P-X     P-Y     P-Z  ENERGY    MASS
  360 K_S0         310 198 357 346 365 366    8.93    2.48   -3.0    9.7    0.50
  361 K*-         -323 198 358 346 367 368   11.65    3.25   -3.8   12.7    0.89
  362 K*0          313 198 358 346 369 370   17.83    5.11   -5.3   19.3    0.90
  363 ETA          221 198 359 350 371 373    4.15    1.10   -0.7    4.4    0.55
  364 RHO+         213 198 359 350 374 375    7.74    3.52   -2.8    9.0    0.77
  365 PI+          211   1 360 346   0   0    4.37    1.33   -1.3    4.7    0.14
  366 PI-         -211   1 360 346   0   0    4.56    1.15   -1.7    5.0    0.14
  367 KBAR0       -311 198 361 346 376 376    9.30    2.50   -3.3   10.2    0.50
  368 PI-         -211   1 361 346   0   0    2.35    0.75   -0.5    2.5    0.14
  369 K+           321   1 362 346   0   0   10.44    2.70   -3.0   11.2    0.49
  370 PI-         -211   1 362 346   0   0    7.40    2.41   -2.3    8.1    0.14
  371 PI0          111   1 363 350   0   0    1.83    0.47   -0.4    1.9    0.13
  372 PI0          111   1 363 350   0   0    1.44    0.37   -0.2    1.5    0.13
  373 PI0          111   1 363 350   0   0    0.87    0.27   -0.0    0.9    0.13
  374 PI+          211   1 364 350   0   0    3.86    1.43   -1.1    4.3    0.14
  375 PI0          111   1 364 350   0   0    3.88    2.09   -1.7    4.7    0.13
  376 K_S0         310 198 367 346 377 378    9.30    2.50   -3.3   10.2    0.50
  377 PI+          211   1 376 346   0   0    5.61    1.66   -1.8    6.1    0.14
  378 PI-         -211   1 376 346   0   0    3.69    0.85   -1.4    4.0    0.14

                           ---HEAVY PARTICLE DECAYS---

 IHEP    ID      IDPDG IST MO1 MO2 DA1 DA2   P-X     P-Y     P-Z  ENERGY    MASS
  379 UQRK           2 125 309 383 384 383    1.58    5.03   -0.9    5.4    0.32
  380 BBAR          -5 155 309 379 381 383   24.43   78.00  -14.2   83.1    4.96
  381 DBAR          -1 123 380 382 385 382    9.97   35.84   -8.5   38.2    0.32
  382 UQRK           2 124 380 381 387 381   11.24   32.58   -4.1   34.7    0.32
  383 UBAR          -2 124 380 380 389 380    3.22    9.58   -1.6   10.2    0.32
  384 UQRK           2 160 379 393 396 393    1.58    5.03   -0.9    5.4    0.32

                              ---PARTON SHOWERS---    

 IHEP    ID      IDPDG IST MO1 MO2 DA1 DA2   P-X     P-Y     P-Z  ENERGY    MASS
  385 DBAR          94 143 381 380 386 386    9.97   35.84   -8.5   38.2    0.32
  386 DBAR          -1   2 385 388 391 388    9.97   35.84   -8.5   38.2    0.32
  387 UQRK          94 144 382 380 388 388   11.24   32.58   -4.1   34.7    0.32
  388 UQRK           2   2 387 391 392 391   11.24   32.58   -4.1   34.7    0.32
  389 UBAR          94 144 383 380 390 390    3.22    9.58   -1.6   10.2    0.32
  390 UBAR          -2   2 389 384 393 384    3.22    9.58   -1.6   10.2    0.32

                              ---GLUON SPLITTING---   

 IHEP    ID      IDPDG IST MO1 MO2 DA1 DA2   P-X     P-Y     P-Z  ENERGY    MASS
  391 DBAR          -1 158 385 392 398 395    7.38   26.52   -6.3   28.2    0.32
  392 UQRK           2 158 387 394 397 391    8.79   25.51   -3.2   27.2    0.32
  393 UBAR          -2 158 389 384 396 384    3.22    9.58   -1.6   10.2    0.32
  394 UBAR          -2 159 385 395 397 392    2.58    9.11   -2.1    9.7    0.32
  395 UQRK           2 159 387 391 398 394    2.45    7.29   -1.0    7.8    0.32

                             ---CLUSTER FORMATION---  

 IHEP    ID      IDPDG IST MO1 MO2 DA1 DA2   P-X     P-Y     P-Z  ENERGY    MASS
  396 CLUS          91 183 384 393 399 400    4.80   14.61   -2.5   15.6    0.70
  397 CLUS          91 183 392 394 401 402   11.37   34.61   -5.3   36.9    1.97
  398 CLUS          91 183 395 391 403 404    9.83   33.81   -7.3   36.0    1.76

                              ---CLUSTER DECAYS---    

 IHEP    ID      IDPDG IST MO1 MO2 DA1 DA2   P-X     P-Y     P-Z  ENERGY    MASS
  399 PI0          111   1 396 379   0   0    0.56    2.24   -0.5    2.4    0.13
  400 PI0          111   1 396 379   0   0    4.23   12.37   -2.0   13.2    0.13
  401 B_1+       10213 197 397 387 405 406    9.84   29.15   -4.0   31.1    1.23
  402 PI-         -211   1 397 387   0   0    1.53    5.46   -1.3    5.8    0.14
  403 A_1+       20213 197 398 387 407 408    5.98   19.94   -4.0   21.2    1.23
  404 PI0          111   1 398 387   0   0    3.86   13.86   -3.3   14.8    0.13

                           ---STRONG HADRON DECAYS--- 

 IHEP    ID      IDPDG IST MO1 MO2 DA1 DA2   P-X     P-Y     P-Z  ENERGY    MASS
  405 OMEGA        223 198 401 387 409 411    8.69   25.33   -3.7   27.1    0.78
  406 PI+          211   1 401 387   0   0    1.15    3.82   -0.3    4.0    0.14
  407 RHO0         113 198 403 387 412 413    4.77   16.95   -3.4   17.9    0.77
  408 PI+          211   1 403 387   0   0    1.21    3.00   -0.6    3.3    0.14
  409 PI+          211   1 405 387   0   0    1.59    4.65   -0.6    5.0    0.14
  410 PI-         -211   1 405 387   0   0    5.48   15.51   -2.5   16.6    0.14
  411 PI0          111   1 405 387   0   0    1.62    5.17   -0.6    5.5    0.13
  412 PI+          211   1 407 387   0   0    0.95    4.50   -0.9    4.7    0.14
  413 PI-         -211   1 407 387   0   0    3.81   12.44   -2.4   13.2    0.14



 EVENT       2: 6500.00 GEV/C P        ON  6500.00 GEV/C P        PROCESS:-18000
 SEEDS:  1330756184 &   173405927   STATUS:  100 ERROR:   0  WEIGHT:  5.9504E-04


                               ---INITIAL STATE---    

 IHEP    ID      IDPDG IST MO1 MO2 DA1 DA2   P-X     P-Y     P-Z  ENERGY    MASS
    1 P           2212 101   0   0   0   0    0.00    0.00 6500.0 6500.0    0.94
    2 P           2212 102   0   0   0   0    0.00    0.00-6500.0 6500.0    0.94
    3 CMF            0 103   1   2   0   0    0.00    0.00    0.013000.013000.00

                              ---HARD SUBPROCESS---   

 IHEP    ID      IDPDG IST MO1 MO2 DA1 DA2   P-X     P-Y     P-Z  ENERGY    MASS
    4 UQRK           2 121   6   8  10   9    0.00    0.00  723.9  723.9    0.32
    5 DQRK           1 122   6   9  15   8    0.00    0.00 -953.6  953.6    0.32
    6 HARD           0 120   4   5   7   9   14.30   -4.32 -229.7 1677.7 1661.78
    7 HIGGS         25 123   6   7  23   7  197.58   37.73 -163.5  287.8  125.00
    8 UQRK           2 124   6   5  24   4 -128.24 -129.50 -711.4  734.4    0.32
    9 DQRK           1 124   6   4  28   5  -69.34   91.77  645.2  655.4    0.32

                              ---PARTON SHOWERS---    

 IHEP    ID      IDPDG IST MO1 MO2 DA1 DA2   P-X     P-Y     P-Z  ENERGY    MASS
   10 UQRK          94 141   4   6  12  14   -5.69   -4.41  724.6  724.5  -11.17
   11 CONE           0 100   4   9   0   0   -0.60    0.80    4.2    4.3    0.00
   12 UBAR          -2   2  10  13  32  31    0.96    1.71  147.2  147.2    0.32
   13 UQRK           2   2  10  14  33  32    4.72    2.70  402.0  402.1    0.32
   14 UD          2101   2  10  26  34  33    0.00    0.00 5226.2 5226.2    0.32
   15 DQRK          94 142   5   6  17  22   19.99    0.09 -954.3  953.1  -50.61
   16 CONE           0 100   5   8   0   0   -0.70   -0.71   -3.1    3.2    0.00
   17 GLUON         21   2  15  18  35  36   -1.26    0.93   -9.8   10.0    0.75
   18 GLUON         21   2  15  19  37  38   -0.84   -0.16  -20.9   20.9    0.75
   19 GLUON         21   2  15  20  39  40   -6.14   -0.63  -60.2   60.5    0.75
   20 GLUON         21   2  15  21  41  42  -10.27    1.05  -98.0   98.6    0.75
   21 GLUON         21   2  15  22  43  44   -1.47   -1.29  -26.1   26.2    0.75
   22 UU          2203   2  15  30  45  44    0.00    0.00-5330.7 5330.7    0.30
   23 HIGGS         25 195   7   6 157 158  200.02   36.98 -163.5  289.4  125.00
   24 UQRK          94 144   8   6  26  27 -121.96 -131.38 -711.4  733.8   14.59
   25 CONE           0 100   8   5   0   0    0.26    0.28   -2.6    2.6    0.00
   26 UQRK           2   2  24  27  46  34 -118.89 -124.04 -683.2  704.5    0.32
   27 GLUON         21   2  24  35  47  48   -3.08   -7.34  -28.2   29.3    0.75
   28 DQRK          94 144   9   6  30  31  -63.75   90.07  645.2  654.5    4.12
   29 CONE           0 100   9   4   0   0    0.20   -0.29    3.9    3.9    0.00
   30 DQRK           1   2  28  31  49  45  -58.39   81.27  580.8  589.4    0.32
   31 GLUON         21   2  28  32  50  51   -5.37    8.80   64.4   65.2    0.75

                              ---GLUON SPLITTING---   

 IHEP    ID      IDPDG IST MO1 MO2 DA1 DA2   P-X     P-Y     P-Z  ENERGY    MASS
   32 UBAR          -2 158  10  33  99  67    0.70    1.25  107.4  107.4    0.32
   33 UQRK           2 158  10  58  82  32    2.54    1.45  217.7  217.7    0.32
   34 UD          2101 161  10  46  92  53    0.02    0.01 1297.6 1297.6    0.64
   35 UBAR          -2 158  15  36  89  48   -0.28    0.25   -3.2    3.2    0.32
   36 UQRK           2 158  15  37  83  35   -0.99    0.68   -6.6    6.7    0.32
   37 DBAR          -1 158  15  38  83  36   -0.45   -0.05  -14.2   14.2    0.32
   38 DQRK           1 158  15  39  84  37   -0.39   -0.12   -6.7    6.7    0.32
   39 UBAR          -2 158  15  40  84  38   -1.57   -0.11  -15.1   15.2    0.32
   40 UQRK           2 158  15  41  85  39   -4.57   -0.52  -45.1   45.4    0.32
   41 UBAR          -2 158  15  42  85  40   -3.26    0.43  -30.3   30.5    0.32
   42 UQRK           2 158  15  43  86  41   -7.01    0.62  -67.7   68.1    0.32
   43 UBAR          -2 158  15  44  86  42   -0.50   -0.68  -12.0   12.1    0.32
   44 UQRK           2 158  15  60  87  43   -0.74   -0.47  -11.3   11.4    0.32
   45 UU          2203 162  15  49  93  55   -0.00   -0.00-1732.5 1732.5    0.64
   46 UQRK           2 158  24  64  88  34  -65.57  -68.41 -376.8  388.5    0.32
   47 DBAR          -1 158  24  48 104  77   -0.70   -1.19   -5.1    5.3    0.32
   48 DQRK           1 158  24  35  89  47   -2.26   -5.35  -20.9   21.7    0.32
   49 DQRK           1 158  28  50  90  45  -58.39   81.27  580.8  589.4    0.32
   50 DBAR          -1 158  28  51  90  49   -3.68    5.74   42.4   43.0    0.32
   51 DQRK           1 158  28  68  91  50   -0.67    1.22    9.1    9.3    0.32
   52 UBAR          -2 159  10  53 101  71    0.00    0.00 1462.5 1462.5    0.32
   53 UQRK           2 159  10  34  92  52    0.10    0.06   75.4   75.4    0.32
   54 DBAR          -1 159  15  55 106  81   -0.00   -0.00-1584.4 1584.4    0.32
   55 DQRK           1 159  15  45  93  54   -0.01   -0.01  -69.7   69.7    0.32
   56 SBAR          -3 159  10  57  95  59    0.10    0.06  162.8  162.8    0.50
   57 SQRK           3 159  10  72  94  56    0.88    0.50   92.6   92.6    0.50
   58 DBAR          -1 159  10  59  82  33    0.03    0.02  197.4  197.4    0.32
   59 DQRK           1 159  10  56  95  58    0.75    0.43   72.4   72.5    0.32
   60 UBAR          -2 159  15  61  87  44   -0.01   -0.01  -94.7   94.7    0.32
   61 UQRK           2 159  15  74  96  60   -0.09   -0.06  -12.4   12.5    0.32
   62 SBAR          -3 159  24  63  98  65   -2.55   -2.86  -15.1   15.6    0.50
   63 SQRK           3 159  24  76  97  62  -36.23  -37.82 -208.2  214.7    0.50
   64 SBAR          -3 159  24  65  88  46   -2.21   -2.55  -13.3   13.7    0.50
   65 SQRK           3 159  24  62  98  64   -5.68   -6.02  -32.9   33.9    0.50
   66 UBAR          -2 159  10  67 100  69    0.19    0.37   30.3   30.3    0.32
   67 UQRK           2 159  28  32  99  66   -0.22    0.44    4.4    4.5    0.32
   68 DBAR          -1 159  10  69  91  51    0.00    0.17    8.0    8.0    0.32
   69 DQRK           1 159  28  66 100  68   -0.72    1.32    9.8    9.9    0.32
   70 DBAR          -1 159  10  71 102  73    0.00    0.00 1402.3 1402.3    0.32
   71 DQRK           1 159  10  52 101  70    0.22    0.12   48.6   48.6    0.32
   72 UBAR          -2 159  10  73  94  57    0.01    0.01  495.1  495.1    0.32
   73 UQRK           2 159  10  70 102  72    0.07    0.04  103.7  103.8    0.32
   74 DBAR          -1 159  15  75  96  61   -0.00   -0.00 -582.0  582.0    0.32
   75 DQRK           1 159  15  78 103  74   -0.05   -0.03  -22.5   22.5    0.32
   76 DBAR          -1 159  24  77  97  63   -2.84   -3.03  -16.5   17.0    0.32
   77 DQRK           1 159  24  47 104  76   -3.93   -4.15  -22.7   23.4    0.32
   78 DBAR          -1 159  15  79 103  75   -0.00   -0.00 -726.0  726.0    0.32
   79 DQRK           1 159  15  80 105  78   -0.05   -0.03  -19.8   19.8    0.32
   80 DBAR          -1 159  15  81 105  79   -0.00   -0.00 -387.3  387.3    0.32
   81 DQRK           1 159  15  54 106  80   -0.01   -0.01 -102.1  102.1    0.32

                             ---CLUSTER FORMATION---  

 IHEP    ID      IDPDG IST MO1 MO2 DA1 DA2   P-X     P-Y     P-Z  ENERGY    MASS
   82 CLUS          91 183  33  58 107 108    2.57    1.47  415.1  415.1    2.82
   83 CLUS          91 183  36  37 109 110   -1.44    0.64  -20.8   20.9    1.68
   84 CLUS          91 183  38  39 111 112   -1.96   -0.23  -21.8   21.9    0.83
   85 CLUS          91 183  40  41 113 114   -7.84   -0.09  -75.5   75.9    1.17
   86 CLUS          91 183  42  43 115 116   -7.51   -0.05  -79.7   80.1    2.72
   87 CLUS          91 183  44  60 117 118   -0.75   -0.48 -106.0  106.1    2.74
   88 CLUS          91 183  46  64 119 120  -67.78  -70.96 -390.0  402.2    2.87
   89 CLUS          91 183  48  35 121 122   -2.54   -5.10  -24.0   24.9    2.88
   90 CLUS          91 183  49  50 123 124  -62.06   87.01  623.2  632.3    2.60
   91 CLUS          91 183  51  68 125 126   -0.66    1.39   17.1   17.3    1.31
   92 CLUS          91 184  53  34 127 128    0.12    0.07 1373.0 1373.0    1.58
   93 CLUS          91 185  55  45 129 130   -0.02   -0.01-1802.2 1802.2    1.75
   94 CLUS          91 183  57  72 131 132    0.89    0.51  587.7  587.7    2.67
   95 CLUS          91 183  59  56 133 134    0.86    0.49  235.2  235.3    1.48
   96 CLUS          91 183  61  74 135 136   -0.09   -0.06 -594.5  594.5    2.34
   97 CLUS          91 183  63  76 137 138  -39.07  -40.85 -224.7  231.7    1.30
   98 CLUS          91 183  65  62 139 140   -8.23   -8.88  -48.0   49.5    1.09
   99 CLUS          91 183  67  32 141 142    0.48    1.69  111.9  111.9    2.80
  100 CLUS          91 183  69  66 143 144   -0.54    1.69   40.1   40.2    2.62
  101 CLUS          91 183  71  52 145 146    0.22    0.13 1511.2 1511.2    2.27
  102 CLUS          91 183  73  70 147 148    0.07    0.04 1506.1 1506.1    1.29
  103 CLUS          91 183  75  78 149 150   -0.05   -0.03 -748.5  748.5    1.90
  104 CLUS          91 183  77  47 151 152   -4.62   -5.34  -27.8   28.7    1.07
  105 CLUS          91 183  79  80 153 154   -0.05   -0.03 -407.1  407.1    1.51
  106 CLUS          91 183  81  54 155 156   -0.01   -0.01-1686.5 1686.5    1.34

                              ---CLUSTER DECAYS---    

 IHEP    ID      IDPDG IST MO1 MO2 DA1 DA2   P-X     P-Y     P-Z  ENERGY    MASS
  107 DELTA0      2114 197  82  10 210 211    1.91    1.09  212.6  212.6    1.23
  108 DELTABR+   -1114 197  82  10 212 213    0.66    0.38  202.5  202.5    1.23
  109 A_20         115 197  83  15 214 215   -1.22    0.32  -14.7   14.8    1.32
  110 PI+          211   1  83  15   0   0   -0.22    0.32   -6.2    6.2    0.14
  111 PI0          111   1  84  15   0   0   -1.24    0.23  -11.8   11.9    0.13
  112 PI-         -211   1  84  15   0   0   -0.73   -0.46  -10.0   10.0    0.14
  113 PI+          211   1  85  15   0   0   -3.72    0.30  -40.2   40.4    0.14
  114 PI-         -211   1  85  15   0   0   -4.12   -0.39  -35.3   35.6    0.14
  115 XI0         3322 197  86  15 216 217   -3.09   -0.13  -35.9   36.1    1.31
  116 XIBAR0     -3322 197  86  15 218 219   -4.42    0.07  -43.8   44.0    1.31
  117 DELTA0      2114 197  87  15 220 221   -0.43   -0.64  -39.8   39.9    1.23
  118 DELTABR0   -2114 197  87  15 222 223   -0.32    0.17  -66.2   66.2    1.23
  119 DELTA++     2224 197  88  24 224 225  -46.18  -48.25 -265.5  273.8    1.23
  120 SGMA*BR-   -3224 197  88  24 226 227  -21.60  -22.71 -124.5  128.4    1.38
  121 DELTA+      2214 197  89  24 228 229   -2.05   -3.81  -18.2   18.7    1.23
  122 DLTABR--   -2224 197  89  24 230 231   -0.48   -1.29   -5.9    6.2    1.23
  123 P           2212   1  90  28   0   0  -50.55   70.45  503.7  511.1    0.94
  124 PBAR       -2212   1  90  28   0   0  -11.52   16.56  119.6  121.3    0.94
  125 PI0          111   1  91  28   0   0   -0.67    0.82    8.7    8.8    0.13
  126 RHO0         113 197  91  28 232 233    0.00    0.57    8.4    8.5    0.77
  127 PI0          111   1  92  10   0   0   -0.20   -0.12  366.7  366.7    0.13
  128 DELTA+      2214 197  92  10 234 235    0.32    0.19 1006.3 1006.3    1.23
  129 PI0          111   1  93  15   0   0   -0.57   -0.21 -803.6  803.6    0.13
  130 P           2212   1  93  15   0   0    0.55    0.20 -998.7  998.7    0.94
  131 SIGMA*-     3114 197  94  10 236 237    0.98    0.57  293.7  293.7    1.39
  132 NBAR       -2112   1  94  10   0   0   -0.08   -0.06  294.0  294.0    0.94
  133 PI-         -211   1  95  10   0   0    0.34    0.59  187.2  187.2    0.14
  134 K+           321   1  95  10   0   0    0.52   -0.10   48.1   48.1    0.49
  135 DELTA+      2214 197  96  15 238 239    0.15    0.28 -385.3  385.3    1.23
  136 NBAR       -2112   1  96  15   0   0   -0.24   -0.34 -209.2  209.2    0.94
  137 K*-         -323 197  97  24 240 241  -18.85  -19.81 -108.7  112.1    0.89
  138 PI+          211   1  97  24   0   0  -20.22  -21.04 -116.0  119.6    0.14
  139 KBAR0       -311 197  98  24 242 242   -2.71   -3.08  -16.7   17.2    0.50
  140 K0           311 197  98  24 243 243   -5.52   -5.80  -31.3   32.3    0.50
  141 SIGMA0      3212 197  99  28 244 245   -0.03    0.63   27.3   27.3    1.19
  142 LAMBDABR   -3122 197  99  28 246 247    0.50    1.06   84.6   84.6    1.12
  143 P           2212   1 100  28   0   0   -0.11    1.57   21.0   21.0    0.94
  144 DLTABR--   -2224 197 100  28 248 249   -0.43    0.12   19.1   19.2    1.23
  145 OMEGA        223 197 101  10 250 251   -0.28    0.77  642.3  642.3    0.78
  146 RHO-        -213 197 101  10 252 253    0.50   -0.64  868.9  868.9    0.77
  147 PI+          211   1 102  10   0   0    0.26   -0.22  744.1  744.1    0.14
  148 OMEGA        223 197 102  10 254 256   -0.18    0.26  761.9  761.9    0.78
  149 RHO0         113 197 103  15 257 258    0.10   -0.09 -585.5  585.5    0.77
  150 RHO0         113 197 103  15 259 260   -0.14    0.06 -162.9  162.9    0.77
  151 RHO-        -213 197 104  24 261 262   -3.31   -4.01  -21.2   21.8    0.77
  152 PI+          211   1 104  24   0   0   -1.32   -1.33   -6.6    6.8    0.14
  153 PI-         -211   1 105  15   0   0    0.14   -0.08  -28.6   28.6    0.14
  154 B_1+       10213 197 105  15 263 264   -0.19    0.04 -378.5  378.5    1.23
  155 RHO0         113 197 106  15 265 266   -0.44   -0.01-1161.7 1161.7    0.77
  156 PI0          111   1 106  15   0   0    0.43    0.01 -524.9  524.9    0.13

                            ---H/W/Z BOSON DECAYS---  

 IHEP    ID      IDPDG IST MO1 MO2 DA1 DA2   P-X     P-Y     P-Z  ENERGY    MASS
  157 BQRK           5 123  23 158 159 158  135.61   78.81 -135.9  207.6    4.95
  158 BBAR          -5 124  23 157 163 157   64.41  -41.83  -27.5   81.7    4.95

                              ---PARTON SHOWERS---    

 IHEP    ID      IDPDG IST MO1 MO2 DA1 DA2   P-X     P-Y     P-Z  ENERGY    MASS
  159 BQRK          94 143 157  23 161 162  135.70   78.75 -136.0  207.7    6.82
  160 CONE           0 100 157 158   0   0    1.15   -0.49   -0.6    1.4    0.00
  161 BQRK           5   2 159 162 165 164  108.51   61.52 -109.0  165.7    4.95
  162 GLUON         21   2 159 164 166 167   27.19   17.24  -26.9   42.0    0.75
  163 BBAR          94 144 158  23 164 164   64.32  -41.77  -27.5   81.6    4.95
  164 BBAR          -5   2 163 165 168 167   64.32  -41.77  -27.5   81.6    4.95

                              ---GLUON SPLITTING---   

 IHEP    ID      IDPDG IST MO1 MO2 DA1 DA2   P-X     P-Y     P-Z  ENERGY    MASS
  165 BQRK           5 158 159 166 183 168  108.51   61.52 -109.0  165.7    4.95
  166 UBAR          -2 158 159 167 183 165   16.79   10.75  -16.9   26.1    0.32
  167 UQRK           2 158 159 171 184 166    5.98    3.72   -5.8    9.1    0.32
  168 BBAR          -5 158 163 165 191 182   37.89  -24.31  -16.3   48.1    4.95
  169 SBAR          -3 159 163 170 189 178    5.07   -3.28   -2.2    6.4    0.50
  170 SQRK           3 159 159 175 185 169    0.75    0.09   -0.6    1.1    0.50
  171 DBAR          -1 159 163 172 184 167    0.80   -0.42   -0.4    1.0    0.32
  172 DQRK           1 159 159 177 186 171    1.30    0.76   -1.2    2.0    0.32
  173 DBAR          -1 159 163 174 188 176   10.60   -6.92   -4.5   13.5    0.32
  174 DQRK           1 159 159 179 187 173    0.52   -0.15   -0.3    0.7    0.32
  175 UBAR          -2 159 163 176 185 170    3.59   -2.33   -1.5    4.6    0.32
  176 UQRK           2 159 159 173 188 175    0.62    0.25   -0.5    0.9    0.32
  177 UBAR          -2 159 163 178 186 172    0.50   -0.12   -0.3    0.7    0.32
  178 UQRK           2 159 159 169 189 177    1.19    0.68   -1.1    1.8    0.32
  179 SBAR          -3 159 163 180 187 174    0.97   -0.42   -0.5    1.3    0.50
  180 SQRK           3 159 159 181 190 179    1.12   -0.56   -0.6    1.5    0.50
  181 SBAR          -3 159 163 182 190 180    2.75   -1.73   -1.2    3.5    0.50
  182 SQRK           3 159 159 168 191 181    1.08   -0.52   -0.5    1.4    0.50

                             ---CLUSTER FORMATION---  

 IHEP    ID      IDPDG IST MO1 MO2 DA1 DA2   P-X     P-Y     P-Z  ENERGY    MASS
  183 CLUS          91 183 165 166 192 193  125.30   72.27 -125.9  191.9    6.12
  184 CLUS          91 183 167 171 194 195    6.78    3.30   -6.2   10.1    2.86
  185 CLUS          91 183 170 175 196 197    4.34   -2.24   -2.1    5.6    1.83
  186 CLUS          91 183 172 177 198 199    1.80    0.63   -1.5    2.7    1.01
  187 CLUS          91 183 174 179 200 201    1.49   -0.57   -0.8    2.0    0.83
  188 CLUS          91 183 176 173 202 203   11.22   -6.68   -5.1   14.4    3.20
  189 CLUS          91 183 178 169 204 205    6.26   -2.60   -3.3    8.2    3.32
  190 CLUS          91 183 180 181 206 207    3.87   -2.29   -1.8    5.0    1.13
  191 CLUS          91 183 182 168 208 209   38.96  -24.83  -16.9   49.5    5.95

                              ---CLUSTER DECAYS---    

 IHEP    ID      IDPDG IST MO1 MO2 DA1 DA2   P-X     P-Y     P-Z  ENERGY    MASS
  192 B*-         -523 197 183 159 267 268  109.68   63.14 -110.2  167.9    5.32
  193 OMEGA        223 197 183 159 269 271   15.61    9.13  -15.7   24.0    0.78
  194 DELTA+      2214 197 184 159 272 273    4.71    1.73   -4.3    6.7    1.23
  195 DELTABR0   -2114 197 184 159 274 275    2.06    1.57   -1.8    3.4    1.23
  196 K-          -321   1 185 159   0   0    1.71   -0.91   -0.6    2.1    0.49
  197 B_10       10113 197 185 159 276 277    2.63   -1.33   -1.5    3.5    1.23
  198 PI0          111   1 186 159   0   0    1.00    0.78   -1.2    1.8    0.13
  199 PI-         -211   1 186 159   0   0    0.80   -0.15   -0.3    0.9    0.14
  200 PI0          111   1 187 159   0   0    0.89   -0.22   -0.3    1.0    0.13
  201 K0           311 197 187 159 278 278    0.60   -0.35   -0.5    1.0    0.50
  202 B_1+       10213 197 188 159 279 280    2.53   -1.95   -0.8    3.5    1.23
  203 A_20         115 197 188 159 281 283    8.70   -4.73   -4.2   10.8    1.32
  204 SIGMA*+     3224 197 189 159 284 285    1.80   -1.29   -0.5    2.7    1.38
  205 XIBAR0     -3322 197 189 159 286 287    4.46   -1.31   -2.8    5.6    1.31
  206 K-          -321   1 190 159   0   0    2.23   -1.32   -0.7    2.7    0.49
  207 K+           321   1 190 159   0   0    1.64   -0.97   -1.0    2.2    0.49
  208 KBAR0       -311 197 191 159 288 288    1.73   -1.02   -0.8    2.2    0.50
  209 B*0          513 197 191 159 289 290   37.24  -23.80  -16.1   47.3    5.32

                           ---STRONG HADRON DECAYS--- 

 IHEP    ID      IDPDG IST MO1 MO2 DA1 DA2   P-X     P-Y     P-Z  ENERGY    MASS
  210 P           2212   1 107  10   0   0    1.78    1.10  203.6  203.6    0.94
  211 PI-         -211   1 107  10   0   0    0.13   -0.01    9.0    9.0    0.14
  212 NBAR       -2112   1 108  10   0   0    0.56    0.51  154.8  154.8    0.94
  213 PI+          211   1 108  10   0   0    0.11   -0.13   47.6   47.6    0.14
  214 RHO-        -213 198 109  15 291 292   -0.47   -0.14   -8.5    8.5    0.77
  215 PI+          211   1 109  15   0   0   -0.75    0.46   -6.2    6.3    0.14
  216 LAMBDA      3122 198 115  15 293 294   -2.58   -0.24  -30.1   30.2    1.12
  217 PI0          111   1 115  15   0   0   -0.51    0.11   -5.8    5.9    0.13
  218 LAMBDABR   -3122 198 116  15 295 296   -3.63   -0.05  -36.6   36.8    1.12
  219 PI0          111   1 116  15   0   0   -0.79    0.12   -7.1    7.2    0.13
  220 N           2112   1 117  15   0   0   -0.31   -0.75  -34.3   34.3    0.94
  221 PI0          111   1 117  15   0   0   -0.12    0.11   -5.5    5.5    0.13
  222 PBAR       -2212   1 118  15   0   0   -0.31   -0.09  -49.2   49.2    0.94
  223 PI+          211   1 118  15   0   0   -0.02    0.25  -17.0   17.0    0.14
  224 P           2212   1 119  24   0   0  -41.28  -42.86 -236.7  244.1    0.94
  225 PI+          211   1 119  24   0   0   -4.90   -5.38  -28.8   29.7    0.14
  226 LAMBDABR   -3122 198 120  24 297 298  -18.52  -19.18 -105.8  109.1    1.12
  227 PI-         -211   1 120  24   0   0   -3.08   -3.53  -18.7   19.3    0.14
  228 N           2112   1 121  24   0   0   -1.62   -3.29  -14.6   15.1    0.94
  229 PI+          211   1 121  24   0   0   -0.44   -0.51   -3.5    3.6    0.14
  230 PBAR       -2212   1 122  24   0   0   -0.18   -0.76   -3.8    4.0    0.94
  231 PI-         -211   1 122  24   0   0   -0.30   -0.54   -2.1    2.2    0.14
  232 PI+          211   1 126  28   0   0   -0.16    0.45    7.7    7.7    0.14
  233 PI-         -211   1 126  28   0   0    0.16    0.11    0.8    0.8    0.14
  234 P           2212   1 128  10   0   0    0.07    0.10  636.7  636.7    0.94
  235 PI0          111   1 128  10   0   0    0.25    0.09  369.6  369.6    0.13
  236 LAMBDA      3122 198 131  10 299 300    0.56    0.41  203.0  203.0    1.12
  237 PI-         -211   1 131  10   0   0    0.41    0.16   90.7   90.7    0.14
  238 P           2212   1 135  15   0   0   -0.04    0.15 -245.3  245.3    0.94
  239 PI0          111   1 135  15   0   0    0.19    0.14 -140.1  140.1    0.13
  240 K-          -321   1 137  24   0   0  -15.18  -16.30  -88.4   91.2    0.49
  241 PI0          111   1 137  24   0   0   -3.67   -3.51  -20.2   20.9    0.13
  242 K_S0         310 198 139  24 301 302   -2.71   -3.08  -16.7   17.2    0.50
  243 K_L0         130   1 140  24   0   0   -5.52   -5.80  -31.3   32.3    0.50
  244 LAMBDA      3122 198 141  28 303 304    0.02    0.58   24.4   24.4    1.12
  245 GAMMA         22   1 141  28   0   0   -0.05    0.04    2.9    2.9    0.00
  246 NBAR       -2112   1 142  28   0   0    0.47    0.98   70.8   70.8    0.94
  247 PI0          111   1 142  28   0   0    0.03    0.08   13.7   13.7    0.13
  248 PBAR       -2212   1 144  28   0   0   -0.27    0.18   11.9   11.9    0.94
  249 PI-         -211   1 144  28   0   0   -0.16   -0.06    7.3    7.3    0.14
  250 PI0          111   1 145  10   0   0   -0.05    0.40  110.8  110.8    0.13
  251 GAMMA         22   1 145  10   0   0   -0.23    0.37  531.5  531.5    0.00
  252 PI-         -211   1 146  10   0   0   -0.14   -0.29  192.2  192.2    0.14
  253 PI0          111   1 146  10   0   0    0.64   -0.35  676.7  676.7    0.13
  254 PI+          211   1 148  10   0   0   -0.32   -0.02  302.8  302.8    0.14
  255 PI-         -211   1 148  10   0   0    0.13    0.10  324.6  324.6    0.14
  256 PI0          111   1 148  10   0   0    0.01    0.19  134.6  134.6    0.13
  257 PI+          211   1 149  15   0   0   -0.21   -0.28 -232.7  232.7    0.14
  258 PI-         -211   1 149  15   0   0    0.30    0.20 -352.9  352.9    0.14
  259 PI+          211   1 150  15   0   0   -0.23    0.08 -154.8  154.8    0.14
  260 PI-         -211   1 150  15   0   0    0.08   -0.02   -8.1    8.1    0.14
  261 PI-         -211   1 151  24   0   0   -1.51   -1.78  -11.0   11.3    0.14
  262 PI0          111   1 151  24   0   0   -1.80   -2.23  -10.2   10.6    0.13
  263 OMEGA        223 198 154  15 305 306   -0.02    0.33 -219.9  219.9    0.78
  264 PI+          211   1 154  15   0   0   -0.17   -0.28 -158.6  158.6    0.14
  265 PI+          211   1 155  15   0   0   -0.17   -0.34 -710.0  710.0    0.14
  266 PI-         -211   1 155  15   0   0   -0.27    0.33 -451.7  451.7    0.14
  267 B-          -521 198 192 159 307 309  108.54   62.44 -109.1  166.2    5.28
  268 GAMMA         22   1 192 159   0   0    1.14    0.70   -1.1    1.8    0.00
  269 PI+          211   1 193 159   0   0    3.75    2.04   -4.0    5.8    0.14
  270 PI-         -211   1 193 159   0   0    7.38    4.45   -7.1   11.2    0.14
  271 PI0          111   1 193 159   0   0    4.48    2.64   -4.6    6.9    0.13
  272 P           2212   1 194 159   0   0    2.89    0.97   -2.7    4.2    0.94
  273 PI0          111   1 194 159   0   0    1.82    0.76   -1.6    2.6    0.13
  274 NBAR       -2112   1 195 159   0   0    1.20    0.94   -1.1    2.1    0.94
  275 PI0          111   1 195 159   0   0    0.87    0.63   -0.8    1.3    0.13
  276 OMEGA        223 198 197 159 310 312    1.94   -0.79   -0.8    2.4    0.78
  277 PI0          111   1 197 159   0   0    0.68   -0.54   -0.8    1.2    0.13
  278 K_L0         130   1 201 159   0   0    0.60   -0.35   -0.5    1.0    0.50
  279 OMEGA        223 198 202 159 313 314    2.10   -1.88   -0.9    3.1    0.78
  280 PI+          211   1 202 159   0   0    0.43   -0.07    0.1    0.5    0.14
  281 OMEGA        223 198 203 159 315 317    7.28   -4.00   -3.6    9.1    0.78
  282 PI+          211   1 203 159   0   0    0.86   -0.49   -0.6    1.1    0.14
  283 PI-         -211   1 203 159   0   0    0.56   -0.24   -0.1    0.6    0.14
  284 LAMBDA      3122 198 204 159 318 319    1.81   -1.24   -0.5    2.5    1.12
  285 PI+          211   1 204 159   0   0   -0.01   -0.05    0.0    0.1    0.14
  286 LAMBDABR   -3122 198 205 159 320 321    3.57   -1.02   -2.1    4.4    1.12
  287 PI0          111   1 205 159   0   0    0.89   -0.30   -0.7    1.2    0.13
  288 K_S0         310 198 208 159 322 323    1.73   -1.02   -0.8    2.2    0.50
  289 B_D0         511 200 209 159 324 324   37.07  -23.68  -16.0   47.1    5.28
  290 GAMMA         22   1 209 159   0   0    0.17   -0.13   -0.1    0.2    0.00
  291 PI-         -211   1 214  15   0   0   -0.08    0.04   -0.4    0.4    0.14
  292 PI0          111   1 214  15   0   0   -0.39   -0.18   -8.1    8.1    0.13
  293 N           2112   1 216  15   0   0   -2.38   -0.16  -27.0   27.1    0.94
  294 PI0          111   1 216  15   0   0   -0.20   -0.08   -3.1    3.1    0.13
  295 NBAR       -2112   1 218  15   0   0   -3.02   -0.10  -31.4   31.6    0.94
  296 PI0          111   1 218  15   0   0   -0.61    0.05   -5.2    5.3    0.13
  297 PBAR       -2212   1 226  24   0   0  -14.21  -14.74  -81.5   84.0    0.94
  298 PI+          211   1 226  24   0   0   -4.31   -4.44  -24.3   25.1    0.14
  299 P           2212   1 236  10   0   0    0.47    0.25  172.1  172.1    0.94
  300 PI-         -211   1 236  10   0   0    0.09    0.16   30.8   30.8    0.14
  301 PI+          211   1 242  24   0   0   -2.37   -2.63  -14.7   15.1    0.14
  302 PI-         -211   1 242  24   0   0   -0.34   -0.46   -2.0    2.1    0.14
  303 P           2212   1 244  28   0   0    0.05    0.46   18.6   18.6    0.94
  304 PI-         -211   1 244  28   0   0   -0.02    0.12    5.8    5.8    0.14
  305 PI+          211   1 263  15   0   0    0.25    0.01 -149.8  149.8    0.14
  306 PI-         -211   1 263  15   0   0   -0.26    0.32  -70.1   70.1    0.14
  307 MU-           13   1 267 159   0   0   18.07   11.12  -17.4   27.5    0.11
  308 NU_MUBAR     -14   1 267 159   0   0    7.09    4.28   -8.5   11.8    0.00
  309 DL_10      10423 198 267 159 325 326   83.39   47.04  -83.2  126.9    2.42
  310 PI+          211   1 276 159   0   0    0.25    0.06    0.0    0.3    0.14
  311 PI-         -211   1 276 159   0   0    0.63   -0.29   -0.3    0.8    0.14
  312 PI0          111   1 276 159   0   0    1.07   -0.56   -0.5    1.3    0.13
  313 PI0          111   1 279 159   0   0    1.86   -1.93   -0.8    2.8    0.13
  314 GAMMA         22   1 279 159   0   0    0.24    0.05   -0.1    0.3    0.00
  315 PI+          211   1 281 159   0   0    4.28   -2.50   -2.2    5.4    0.14
  316 PI-         -211   1 281 159   0   0    0.65   -0.35   -0.2    0.8    0.14
  317 PI0          111   1 281 159   0   0    2.35   -1.15   -1.2    2.9    0.13
  318 P           2212   1 284 159   0   0    1.36   -0.91   -0.4    1.9    0.94
  319 PI-         -211   1 284 159   0   0    0.45   -0.33   -0.1    0.6    0.14
  320 PBAR       -2212   1 286 159   0   0    2.71   -0.83   -1.6    3.4    0.94
  321 PI+          211   1 286 159   0   0    0.85   -0.19   -0.5    1.0    0.14
  322 PI+          211   1 288 159   0   0    1.54   -0.98   -0.7    2.0    0.14
  323 PI-         -211   1 288 159   0   0    0.19   -0.04   -0.1    0.3    0.14
  324 B_D0         511 199 289 159 337 338   37.07  -23.68  -16.0   47.1    5.28
  325 D+           411 198 309 159 327 328   54.32   30.32  -54.2   82.5    1.87
  326 PI-         -211   1 309 159   0   0   29.07   16.72  -29.0   44.3    0.14
  327 K*+          323 198 325 159 329 330   32.39   18.30  -32.4   49.3    0.89
  328 K*BAR0      -313 198 325 159 331 332   21.93   12.01  -21.9   33.2    0.90
  329 K0           311 198 327 159 333 333   22.03   12.15  -22.1   33.5    0.50
  330 PI+          211   1 327 159   0   0   10.37    6.15  -10.3   15.9    0.14
  331 KBAR0       -311 198 328 159 334 334   17.36    9.67  -17.7   26.6    0.50
  332 PI0          111   1 328 159   0   0    4.57    2.34   -4.2    6.6    0.13
  333 K_S0         310 198 329 159 335 336   22.03   12.15  -22.1   33.5    0.50
  334 K_L0         130   1 331 159   0   0   17.36    9.67  -17.7   26.6    0.50
  335 PI0          111   1 333 159   0   0    3.69    1.96   -3.5    5.5    0.13
  336 PI0          111   1 333 159   0   0   18.33   10.19  -18.5   28.0    0.13

                           ---HEAVY PARTICLE DECAYS---

 IHEP    ID      IDPDG IST MO1 MO2 DA1 DA2   P-X     P-Y     P-Z  ENERGY    MASS
  337 DQRK           1 125 324 341 342 341    2.25   -1.44   -1.0    2.9    0.32
  338 BBAR          -5 155 324 337 339 341   34.82  -22.24  -15.0   44.2    4.96
  339 CBAR          -4 123 338 340 343 340   19.96  -13.51   -7.5   25.3    1.55
  340 CQRK           4 124 338 339 345 339    8.89   -5.63   -4.9   11.7    1.55
  341 SBAR          -3 124 338 338 347 338    5.98   -3.10   -2.6    7.2    0.50
  342 DQRK           1 160 337 351 352 351    2.25   -1.44   -1.0    2.9    0.32

                              ---PARTON SHOWERS---    

 IHEP    ID      IDPDG IST MO1 MO2 DA1 DA2   P-X     P-Y     P-Z  ENERGY    MASS
  343 CBAR          94 143 339 338 344 344   19.96  -13.51   -7.5   25.3    1.55
  344 CBAR          -4   2 343 346 349 346   19.96  -13.51   -7.5   25.3    1.55
  345 CQRK          94 144 340 338 346 346    8.89   -5.63   -4.9   11.7    1.55
  346 CQRK           4   2 345 349 350 349    8.89   -5.63   -4.9   11.7    1.55
  347 SBAR          94 144 341 338 348 348    5.98   -3.10   -2.6    7.2    0.50
  348 SBAR          -3   2 347 342 351 342    5.98   -3.10   -2.6    7.2    0.50

                              ---GLUON SPLITTING---   

 IHEP    ID      IDPDG IST MO1 MO2 DA1 DA2   P-X     P-Y     P-Z  ENERGY    MASS
  349 CBAR          -4 158 343 350 353 350   19.96  -13.51   -7.5   25.3    1.55
  350 CQRK           4 158 345 349 353 349    8.89   -5.63   -4.9   11.7    1.55
  351 SBAR          -3 158 347 342 352 342    5.98   -3.10   -2.6    7.2    0.50

                             ---CLUSTER FORMATION---  

 IHEP    ID      IDPDG IST MO1 MO2 DA1 DA2   P-X     P-Y     P-Z  ENERGY    MASS
  352 CLUS          91 183 342 351 354 355    8.22   -4.54   -3.6   10.1    0.93
  353 CLUS          91 183 350 349 356 357   28.85  -19.14  -12.4   37.0    4.11

                              ---CLUSTER DECAYS---    

 IHEP    ID      IDPDG IST MO1 MO2 DA1 DA2   P-X     P-Y     P-Z  ENERGY    MASS
  354 PI0          111   1 352 337   0   0    1.32   -1.02   -0.6    1.8    0.13
  355 K0           311 197 352 337 358 358    6.90   -3.52   -3.0    8.3    0.50
  356 D0           421 197 353 345 359 360   11.11   -7.24   -5.3   14.4    1.86
  357 D*BAR0      -423 197 353 345 361 362   17.73  -11.90   -7.1   22.6    2.01

                           ---STRONG HADRON DECAYS--- 

 IHEP    ID      IDPDG IST MO1 MO2 DA1 DA2   P-X     P-Y     P-Z  ENERGY    MASS
  358 K_L0         130   1 355 337   0   0    6.90   -3.52   -3.0    8.3    0.50
  359 K*BAR0      -313 198 356 345 363 364    6.79   -4.13   -2.9    8.5    0.90
  360 RHO0         113 198 356 345 365 366    4.32   -3.11   -2.5    5.9    0.77
  361 DBAR0       -421 198 357 345 367 370   16.56  -11.12   -6.6   21.1    1.86
  362 PI0          111   1 357 345   0   0    1.17   -0.78   -0.4    1.5    0.13
  363 K-          -321   1 359 345   0   0    2.40   -1.64   -1.1    3.1    0.49
  364 PI+          211   1 359 345   0   0    4.39   -2.49   -1.8    5.3    0.14
  365 PI+          211   1 360 345   0   0    2.98   -2.29   -1.4    4.0    0.14
  366 PI-         -211   1 360 345   0   0    1.35   -0.82   -1.1    1.9    0.14
  367 K+           321   1 361 345   0   0    3.52   -1.94   -1.3    4.3    0.49
  368 PI-         -211   1 361 345   0   0    2.01   -1.69   -0.8    2.8    0.14
  369 PI0          111   1 361 345   0   0    8.10   -5.62   -3.6   10.5    0.13
  370 PI0          111   1 361 345   0   0    2.93   -1.87   -0.9    3.6    0.13

 HWWARN CALLED FROM SUBPROGRAM HWSBRN: CODE = 105
 EVENT    3591:   SEEDS =  654971973 & 1716353423  WEIGHT = 0.5950E-03
 EVENT KILLED.   EXECUTION CONTINUES

 HWWARN CALLED FROM SUBPROGRAM HWDFIV: CODE = 101
 EVENT    7522:   SEEDS = 1752936087 & 1232897719  WEIGHT = 0.5950E-03
 EVENT KILLED.   EXECUTION CONTINUES

 HWWARN CALLED FROM SUBPROGRAM HWBTIM: CODE = 101
 EVENT    8355:   SEEDS =  830406505 &  290654954  WEIGHT =-0.5950E-03
 EVENT KILLED.   EXECUTION CONTINUES

          OUTPUT ON LES HOUCHES EVENTS


      PROC CODE  XSECT(pb)        XERR(pb)      Max wgt(nb) No. of events


          OUTPUT ON ELEMENTARY PROCESS

          N.B. NEGATIVE WEIGHTS ALLOWED

          NUMBER OF EVENTS   =        9997
          NEGATIVE  EVENTS   =        2617
          NUMBER OF WEIGHTS  =       10000
          NEGATIVE  WEIGHTS  =        2618
          MEAN VALUE OF WGT  =  2.8348E-04
          RMS SPREAD IN WGT  =  5.2318E-04
          MEAN ABS WEIGHT    =  5.9504E-04
          ACTUAL MAX ABS WGT =  1.0000E+00
          ASSUMED MAXABS WGT =  2.8348E-04

          PROCESS CODE IPROC =      -18000
          CROSS SECTION (PB) =  0.2835    
          ERROR IN C-S  (PB) =  5.2318E-03
          EFFICIENCY PERCENT =   100.0    
 # of events processed=        9997
