 A PDF is used, so alpha_s(MZ) is going to be modified
 Old value of alpha_s from param_card:   0.11799999999999999     
  ****************************************
 
       NNPDFDriver version 1.0.3
   Grid: NNPDF23_lo_as_0130_qed_mem0.grid
  ****************************************
 New value of alpha_s from PDF nn23lo1:  0.13000000000000000     
 *****************************************************
 *               MadGraph/MadEvent                   *
 *        --------------------------------           *
 *          http://madgraph.hep.uiuc.edu             *
 *          http://madgraph.phys.ucl.ac.be           *
 *          http://madgraph.roma2.infn.it            *
 *        --------------------------------           *
 *                                                   *
 *          PARAMETER AND COUPLING VALUES            *
 *                                                   *
 *****************************************************

  External Params
  ---------------------------------
  
 MU_R =    91.188000000000002     
 aEWM1 =    132.50700000000001     
 mdl_Gf =    1.1663900000000000E-005
 aS =   0.11799999999999999     
 mdl_ymb =    4.7000000000000002     
 mdl_ymt =    173.00000000000000     
 mdl_ymtau =    1.7769999999999999     
 mdl_MT =    173.00000000000000     
 mdl_MB =    4.7000000000000002     
 mdl_MZ =    91.188000000000002     
 mdl_MH =    125.00000000000000     
 mdl_MTA =    1.7769999999999999     
 mdl_WT =    1.4915000000000000     
 mdl_WZ =    2.4414039999999999     
 mdl_WW =    2.0476000000000001     
 mdl_WH =    6.3823389999999999E-003
  Internal Params
  ---------------------------------
  
 mdl_conjg__CKM3x3 =    1.0000000000000000     
 mdl_CKM22 =    1.0000000000000000     
 mdl_lhv =    1.0000000000000000     
 mdl_CKM3x3 =    1.0000000000000000     
 mdl_conjg__CKM22 =    1.0000000000000000     
 mdl_conjg__CKM33 =    1.0000000000000000     
 mdl_Ncol =    3.0000000000000000     
 mdl_CA =    3.0000000000000000     
 mdl_TF =   0.50000000000000000     
 mdl_CF =    1.3333333333333333     
 mdl_complexi =                (0.0000000000000000,1.0000000000000000)
 mdl_MZ__exp__2 =    8315.2513440000002     
 mdl_MZ__exp__4 =    69143404.913893804     
 mdl_sqrt__2 =    1.4142135623730951     
 mdl_MH__exp__2 =    15625.000000000000     
 mdl_Ncol__exp__2 =    9.0000000000000000     
 mdl_MB__exp__2 =    22.090000000000003     
 mdl_MT__exp__2 =    29929.000000000000     
 mdl_aEW =    7.5467711139788835E-003
 mdl_MW =    80.419002445756163     
 mdl_sqrt__aEW =    8.6872153846781555E-002
 mdl_ee =   0.30795376724436879     
 mdl_MW__exp__2 =    6467.2159543705357     
 mdl_sw2 =   0.22224648578577766     
 mdl_cw =   0.88190334743339216     
 mdl_sqrt__sw2 =   0.47143025548407230     
 mdl_sw =   0.47143025548407230     
 mdl_g1 =   0.34919219678733299     
 mdl_gw =   0.65323293034757990     
 mdl_v =    246.21845810181637     
 mdl_v__exp__2 =    60623.529110035903     
 mdl_lam =   0.12886910601690263     
 mdl_yb =    2.6995554250465490E-002
 mdl_yt =   0.99366614581500623     
 mdl_ytau =    1.0206617000654717E-002
 mdl_muH =    88.388347648318430     
 mdl_AxialZUp =  -0.18517701861793787     
 mdl_AxialZDown =   0.18517701861793787     
 mdl_VectorZUp =    7.5430507588273299E-002
 mdl_VectorZDown =  -0.13030376310310560     
 mdl_VectorAUp =   0.20530251149624587     
 mdl_VectorADown =  -0.10265125574812294     
 mdl_VectorWmDxU =   0.23095271737156670     
 mdl_AxialWmDxU =  -0.23095271737156670     
 mdl_VectorWpUxD =   0.23095271737156670     
 mdl_AxialWpUxD =  -0.23095271737156670     
 mdl_I1x33 =          (2.69955542504654901E-002,0.0000000000000000)
 mdl_I2x33 =               (0.99366614581500623,0.0000000000000000)
 mdl_I3x33 =               (0.99366614581500623,0.0000000000000000)
 mdl_I4x33 =          (2.69955542504654901E-002,0.0000000000000000)
 mdl_Vector_tbGp =              (-0.96667059156454072,0.0000000000000000)
 mdl_Axial_tbGp =              (-1.0206617000654716,-0.0000000000000000)
 mdl_Vector_tbGm =               (0.96667059156454072,0.0000000000000000)
 mdl_Axial_tbGm =              (-1.0206617000654716,-0.0000000000000000)
 mdl_gw__exp__2 =   0.42671326129048615     
 mdl_cw__exp__2 =   0.77775351421422245     
 mdl_ee__exp__2 =    9.4835522759998875E-002
 mdl_sw__exp__2 =   0.22224648578577769     
 mdl_yb__exp__2 =    7.2875994928982540E-004
 mdl_yt__exp__2 =   0.98737240933884918     
  Internal Params evaluated point by point
  ----------------------------------------
  
 mdl_sqrt__aS =   0.34351128074635334     
 mdl_G__exp__4 =    2.1987899468922913     
 mdl_G__exp__2 =    1.4828317324943823     
 mdl_R2MixedFactor_FIN_ =   -2.5040377713124864E-002
 mdl_G_UVg_1EPS_ =   -5.1645779033320030E-002
 mdl_G_UVq_1EPS_ =    3.1300472141406080E-003
 mdl_GWcft_UV_b_1EPS_ =   -3.1300472141406080E-003
 mdl_GWcft_UV_t_1EPS_ =   -3.1300472141406080E-003
 mdl_bWcft_UV_1EPS_ =   -1.8780283284843650E-002
 mdl_tWcft_UV_1EPS_ =   -1.8780283284843650E-002
 mdl_G__exp__3 =    1.8056676068262196     
 mdl_MU_R__exp__2 =    8315.2513440000002     
 mdl_G_UVb_FIN_ =    1.8563438626678915E-002
 mdl_G_UVt_FIN_ =   -4.0087659331150384E-003
 mdl_GWcft_UV_b_FIN_ =   -1.8563438626678915E-002
 mdl_GWcft_UV_t_FIN_ =    4.0087659331150384E-003
 mdl_bWcft_UV_FIN_ =  -0.13642100947319838     
 mdl_tWcft_UV_FIN_ =   -9.8778211443463623E-004
  Couplings of loop_sm
  ---------------------------------
  
      UV_GQQb =   0.00000E+00   0.22605E-01
      UV_GQQt =   0.00000E+00  -0.48815E-02
   UVWfct_G_2 =   0.40088E-02   0.00000E+00
   UVWfct_G_1 =  -0.18563E-01   0.00000E+00
    R2_UUZ_V2 =  -0.00000E+00  -0.72127E-02
    R2_UUZ_V5 =   0.00000E+00   0.68702E-03
      R2_sxcW =  -0.00000E+00  -0.11566E-01
      R2_GGHb =   0.00000E+00  -0.33698E-02
      R2_GGHt =   0.00000E+00  -0.45657E+01
     R2_GGZup =  -0.46369E-02   0.00000E+00
         GC_4 =  -0.12177E+01   0.00000E+00
         GC_5 =   0.00000E+00   0.12177E+01
       R2_GQQ =  -0.00000E+00  -0.30492E-01
       R2_QQq =   0.00000E+00   0.12520E-01
 UV_GQQg_1eps =   0.00000E+00  -0.62890E-01
 UV_GQQq_1eps =   0.00000E+00   0.38115E-02
 UVWfct_G_2_1eps -0.31300E-02   0.00000E+00
        GC_22 =   0.00000E+00   0.28804E+00
        GC_23 =  -0.00000E+00  -0.27437E-01
        GC_31 =   0.00000E+00   0.52532E+02
        GC_32 =   0.00000E+00   0.67544E+02
        GC_33 =  -0.00000E+00  -0.19089E-01
        GC_37 =  -0.00000E+00  -0.70263E+00
        GC_47 =   0.00000E+00   0.46191E+00

 Collider parameters:
 --------------------

 Running at P P   machine @    13000.000000000000       GeV
 PDF set = nn23lo1
 alpha_s(Mz)= 0.1300 running at 2 loops.
 alpha_s(Mz)= 0.1300 running at 2 loops.
 Renormalization scale set on event-by-event basis
 Factorization   scale set on event-by-event basis


 ===============================================================
 INFO: MadFKS read these parameters from FKS_params.dat
 ===============================================================
  > IRPoleCheckThreshold      =    1.0000000000000001E-005
  > PrecisionVirtualAtRunTime =    1.0000000000000000E-003
  > NHelForMCoverHels         =            4
  > VirtualFraction           =    1.0000000000000000     
  > MinVirtualFraction        =    5.0000000000000001E-003
 ===============================================================
  Insert the number of points to test
 Insert the relative tolerance
  A negative number will mean use the default one:    1.0000000000000001E-005
Using random seed offsets:     1 ,      4 ,      0
  with seed                26142
 Ranmar initialization seeds       13122        6497
  ========================================================================================== 
 {                                                                                          }
 {       [32m                                                                            [0m       }
 {       [32m                               ,,                                           [0m       }
 {       [32m`7MMM.     ,MMF'             `7MM  `7MMF'                                   [0m       }
 {       [32m  MMMb    dPMM                 MM    MM                                     [0m       }
 {       [32m  M YM   ,M MM   ,6"Yb.   ,M""bMM    MM         ,pW"Wq.   ,pW"Wq.`7MMpdMAo. [0m       }
 {       [32m  M  Mb  M' MM  8)   MM ,AP    MM    MM        6W'   `Wb 6W'   `Wb MM   `Wb [0m       }
 {       [32m  M  YM.P'  MM   ,pm9MM 8MI    MM    MM      , 8M     M8 8M     M8 MM    M8 [0m       }
 {       [32m  M  `YM'   MM  8M   MM `Mb    MM    MM     ,M YA.   ,A9 YA.   ,A9 MM   ,AP [0m       }
 {       [32m.JML. `'  .JMML.`Moo9^Yo.`Wbmd"MML..JMMmmmmMMM  `Ybmd9'   `Ybmd9'  MMbmmd'  [0m       }
 {       [32m                                                                   MM       [0m       }
 {       [32m                                                                 .JMML.     [0m       }
 {       [32m[0mv2.6.7 (2019-10-16), Ref: arXiv:1103.0621v2, arXiv:1405.0301[32m                [0m       }
 {       [32m                                                                            [0m       }
 {                                                                                          }
  ========================================================================================== 
 ===============================================================
 INFO: MadLoop read these parameters from ./MadLoop5_resources/MadLoopParams.dat                                                                                                                                                                                                                                                                                                                                                                                                                                                                                          
 ===============================================================
  > MLReductionLib            = 6|7|1
  > CTModeRun                 =           -1
  > MLStabThres               =    1.0000000000000000E-003
  > NRotations_DP             =            0
  > NRotations_QP             =            0
  > CTStabThres               =    1.0000000000000000E-002
  > CTLoopLibrary             =            2
  > CTModeInit                =            1
  > CheckCycle                =            3
  > MaxAttempts               =           10
  > UseLoopFilter             =  F
  > HelicityFilterLevel       =            2
  > ImprovePSPoint            =            2
  > DoubleCheckHelicityFilter =  T
  > LoopInitStartOver         =  F
  > HelInitStartOver          =  F
  > ZeroThres                 =    1.0000000000000001E-009
  > OSThres                   =    1.0000000000000000E-008
  > WriteOutFilters           =  T
  > UseQPIntegrandForNinja    =  T
  > UseQPIntegrandForCutTools =  T
  > IREGIMODE                 =            2
  > IREGIRECY                 =  T
  > COLLIERMode               =            1
  > COLLIERRequiredAccuracy   =    1.0000000000000000E-008
  > COLLIERCanOutput          =  F
  > COLLIERComputeUVpoles     =  T
  > COLLIERComputeIRpoles     =  T
  > COLLIERGlobalCache        =           -1
  > COLLIERUseCacheForPoles   =  F
  > COLLIERUseInternalStabilityTest =  T
 ===============================================================
  
------------------------------------------------------------------------
|              You are using CutTools - Version 1.9.3                  |
|              Authors: G. Ossola, C. Papadopoulos, R. Pittau          |
|              Published in JHEP 0803:042,2008                         |
|              http://www.ugr.es/~pittau/CutTools                      |
|                                                                      |
|              Compiler with  34  significant digits detetected        |
 ---------------------------------------------------------------------- 
   
########################################################################
#                                                                      #
#                      You are using OneLOop-3.6                       #
#                                                                      #
# for the evaluation of 1-loop scalar 1-, 2-, 3- and 4-point functions #

  +----------------------------------------------------------------+
  |                                                                |
  |  Ninja - version 1.2.0                                         |
  |                                                                |
  |  Author: Tiziano Peraro                                        |
  |                                                                |
  |  Based on:                                                     |
  |                                                                |
  |      P. Mastrolia, E. Mirabella and T. Peraro,                 |
  |      "Integrand reduction of one-loop scattering amplitudes    |
  |      through Laurent series expansion,"                        |
  |      JHEP 1206 (2012) 095  [arXiv:1203.0291 [hep-ph]].         |
  |                                                                |
  |      T. Peraro,                                                |
  |      "Ninja: Automated Integrand Reduction via Laurent         |
  |      Expansion for One-Loop Amplitudes,"                       |
  |      Comput.Phys.Commun. 185 (2014) [arXiv:1403.1229 [hep-ph]] |
  |                                                                |
  +----------------------------------------------------------------+


#                                                                      #
# author: Andreas van Hameren <hamerenREMOVETHIS@ifj.edu.pl>           #
#   date: 18-02-2015                                                   #
#                                                                      #
# Please cite                                                          #
#    A. van Hameren,                                                   #
#      Comput.Phys.Commun. 182 (2011) 2427-2438, arXiv:1007.4716       #
#    A. van Hameren, C.G. Papadopoulos and R. Pittau,                  #
#      JHEP 0909:106,2009, arXiv:0903.4665                             #
# in publications with results obtained with the help of this program. #
#                                                                      #
########################################################################
########################################################################
#                                                                      #
#                      You are using OneLOop-3.6                       #
#                                                                      #
# for the evaluation of 1-loop scalar 1-, 2-, 3- and 4-point functions #
#                                                                      #
# author: Andreas van Hameren <hamerenREMOVETHIS@ifj.edu.pl>           #
#   date: 18-02-2015                                                   #
#                                                                      #
# Please cite                                                          #
#    A. van Hameren,                                                   #
#      Comput.Phys.Commun. 182 (2011) 2427-2438, arXiv:1007.4716       #
#    A. van Hameren, C.G. Papadopoulos and R. Pittau,                  #
#      JHEP 0909:106,2009, arXiv:0903.4665                             #
# in publications with results obtained with the help of this program. #
#                                                                      #
########################################################################
 PASSED   1.0000000000000001E-005
 MU_R    =    325.00000000000000     
 ALPHA_S =   0.11799999999999999     
 BORN                    5.9798118030357104E-004
 SINGLE POLE (MadFKS)   -3.4051824781321691E-006
 DOUBLE POLE (MadFKS)   -2.9947349240283285E-005
 SINGLE POLE (MadLoop)  -3.4051824781321026E-006
 DOUBLE POLE (MadLoop)  -2.9947349240283201E-005
 FINITE PART (MadLoop)   6.1492021641027986E-005
   325.00000000000000        0.0000000000000000        0.0000000000000000        325.00000000000000        0.0000000000000000     
   325.00000000000000        0.0000000000000000        0.0000000000000000       -325.00000000000000        0.0000000000000000     
   330.62288358153870        143.73405251056477        120.41622265340388       -241.92343131360312        125.00000000000000     
   319.37711641846164       -143.73405251056474       -120.41622265340403        241.92343131360312        91.188000000000002     

 PASSED   1.0000000000000001E-005
 MU_R    =    325.00000000000000     
 ALPHA_S =   0.11799999999999999     
 BORN                    2.5542516792856031E-004
 SINGLE POLE (MadFKS)   -1.4545094978787684E-006
 DOUBLE POLE (MadFKS)   -1.2791885364738997E-005
 SINGLE POLE (MadLoop)  -1.4545094978785985E-006
 DOUBLE POLE (MadLoop)  -1.2791885364738973E-005
 FINITE PART (MadLoop)   2.6266060657548024E-005
   325.00000000000000        0.0000000000000000        0.0000000000000000        325.00000000000000        0.0000000000000000     
   325.00000000000000        0.0000000000000000        0.0000000000000000       -325.00000000000000        0.0000000000000000     
   330.62288358153853        31.031052165738981       -67.293936187220780        296.97658342315310        125.00000000000000     
   319.37711641846181       -31.031052165739059        67.293936187220865       -296.97658342315304        91.188000000000002     

 PASSED   1.0000000000000001E-005
 MU_R    =    325.00000000000000     
 ALPHA_S =   0.11799999999999999     
 BORN                    1.0774464496111304E-003
 SINGLE POLE (MadFKS)   -6.1354803331418963E-006
 DOUBLE POLE (MadFKS)   -5.3959332127856125E-005
 SINGLE POLE (MadLoop)  -6.1354803331430271E-006
 DOUBLE POLE (MadLoop)  -5.3959332127856050E-005
 FINITE PART (MadLoop)   1.1079673170132038E-004
   325.00000000000000        0.0000000000000000        0.0000000000000000        325.00000000000000        0.0000000000000000     
   325.00000000000000        0.0000000000000000        0.0000000000000000       -325.00000000000000        0.0000000000000000     
   330.62288358153859        276.91952144485123       0.85200190989894919        130.38920155929989        125.00000000000000     
   319.37711641846170       -276.91952144485111      -0.85200190989899172       -130.38920155929983        91.188000000000002     

 PASSED   1.0000000000000001E-005
 MU_R    =    325.00000000000000     
 ALPHA_S =   0.11799999999999999     
 BORN                    1.2689620861915257E-003
 SINGLE POLE (MadFKS)   -7.2260592868822560E-006
 DOUBLE POLE (MadFKS)   -6.3550579883741434E-005
 SINGLE POLE (MadLoop)  -7.2260592868816080E-006
 DOUBLE POLE (MadLoop)  -6.3550579883741326E-005
 FINITE PART (MadLoop)   1.3049080244652246E-004
   325.00000000000000        0.0000000000000000        0.0000000000000000        325.00000000000000        0.0000000000000000     
   325.00000000000000        0.0000000000000000        0.0000000000000000       -325.00000000000000        0.0000000000000000     
   330.62288358153853       -242.20740411529923        186.03101016627190        20.359955697794899        125.00000000000000     
   319.37711641846175        242.20740411529940       -186.03101016627176       -20.359955697794849        91.188000000000002     

 PASSED   1.0000000000000001E-005
 MU_R    =    325.00000000000000     
 ALPHA_S =   0.11799999999999999     
 BORN                    3.8859028100377289E-004
 SINGLE POLE (MadFKS)   -2.2128134791378543E-006
 DOUBLE POLE (MadFKS)   -1.9460894823967609E-005
 SINGLE POLE (MadLoop)  -2.2128134791380644E-006
 DOUBLE POLE (MadLoop)  -1.9460894823967572E-005
 FINITE PART (MadLoop)   3.9959789297792613E-005
   325.00000000000000        0.0000000000000000        0.0000000000000000        325.00000000000000        0.0000000000000000     
   325.00000000000000        0.0000000000000000        0.0000000000000000       -325.00000000000000        0.0000000000000000     
   330.62288358153859       -59.811939973603927       -115.96170376616733        276.87886565069084        125.00000000000000     
   319.37711641846175        59.811939973603927        115.96170376616733       -276.87886565069084        91.188000000000002     

 PASSED   1.0000000000000001E-005
 MU_R    =    325.00000000000000     
 ALPHA_S =   0.11799999999999999     
 BORN                    6.5792402987311846E-004
 SINGLE POLE (MadFKS)   -3.7465248945271331E-006
 DOUBLE POLE (MadFKS)   -3.2949332429128264E-005
 SINGLE POLE (MadLoop)  -3.7465248945267189E-006
 DOUBLE POLE (MadLoop)  -3.2949332429128183E-005
 FINITE PART (MadLoop)   6.7656106940640090E-005
   325.00000000000000        0.0000000000000000        0.0000000000000000        325.00000000000000        0.0000000000000000     
   325.00000000000000        0.0000000000000000        0.0000000000000000       -325.00000000000000        0.0000000000000000     
   330.62288358153859        156.34290194023941        126.12684565762935        230.94459717675326        125.00000000000000     
   319.37711641846175       -156.34290194023941       -126.12684565762935       -230.94459717675326        91.188000000000002     

 PASSED   1.0000000000000001E-005
 MU_R    =    325.00000000000000     
 ALPHA_S =   0.11799999999999999     
 BORN                    1.1612288873801791E-003
 SINGLE POLE (MadFKS)   -6.6125764332591747E-006
 DOUBLE POLE (MadFKS)   -5.8155219902782840E-005
 SINGLE POLE (MadLoop)  -6.6125764332584471E-006
 DOUBLE POLE (MadLoop)  -5.8155219902782901E-005
 FINITE PART (MadLoop)   1.1941230631491968E-004
   325.00000000000000        0.0000000000000000        0.0000000000000000        325.00000000000000        0.0000000000000000     
   325.00000000000000        0.0000000000000000        0.0000000000000000       -325.00000000000000        0.0000000000000000     
   330.62288358153870       -201.04744903297689       -208.61762371324303       -98.717280459623552        125.00000000000000     
   319.37711641846158        201.04744903297686        208.61762371324309        98.717280459623552        91.188000000000002     

 PASSED   1.0000000000000001E-005
 MU_R    =    325.00000000000000     
 ALPHA_S =   0.11799999999999999     
 BORN                    2.0245413549035312E-004
 SINGLE POLE (MadFKS)   -1.1528678451839721E-006
 DOUBLE POLE (MadFKS)   -1.0139056044525199E-005
 SINGLE POLE (MadLoop)  -1.1528678451839251E-006
 DOUBLE POLE (MadLoop)  -1.0139056044525184E-005
 FINITE PART (MadLoop)   2.0818906164518181E-005
   325.00000000000000        0.0000000000000000        0.0000000000000000        325.00000000000000        0.0000000000000000     
   325.00000000000000        0.0000000000000000        0.0000000000000000       -325.00000000000000        0.0000000000000000     
   330.62288358153864       -27.649107423138421       -11.798452252395883        304.60271589551417        125.00000000000000     
   319.37711641846170        27.649107423138535        11.798452252395816       -304.60271589551417        91.188000000000002     

 PASSED   1.0000000000000001E-005
 MU_R    =    325.00000000000000     
 ALPHA_S =   0.11799999999999999     
 BORN                    1.2720466214841092E-003
 SINGLE POLE (MadFKS)   -7.2436240629612331E-006
 DOUBLE POLE (MadFKS)   -6.3705055741332937E-005
 SINGLE POLE (MadLoop)  -7.2436240629604623E-006
 DOUBLE POLE (MadLoop)  -6.3705055741332774E-005
 FINITE PART (MadLoop)   1.3080799355087551E-004
   325.00000000000000        0.0000000000000000        0.0000000000000000        325.00000000000000        0.0000000000000000     
   325.00000000000000        0.0000000000000000        0.0000000000000000       -325.00000000000000        0.0000000000000000     
   330.62288358153859        260.35633318464556        160.47955955675539        12.140094022998911        125.00000000000000     
   319.37711641846175       -260.35633318464556       -160.47955955675539       -12.140094022998934        91.188000000000002     

 PASSED   1.0000000000000001E-005
 MU_R    =    325.00000000000000     
 ALPHA_S =   0.11799999999999999     
 BORN                    1.1836108542247750E-003
 SINGLE POLE (MadFKS)   -6.7400297442256811E-006
 DOUBLE POLE (MadFKS)   -5.9276125710285477E-005
 SINGLE POLE (MadLoop)  -6.7400297442253363E-006
 DOUBLE POLE (MadLoop)  -5.9276125710285409E-005
 FINITE PART (MadLoop)   1.2171390448373776E-004
   325.00000000000000        0.0000000000000000        0.0000000000000000        325.00000000000000        0.0000000000000000     
   325.00000000000000        0.0000000000000000        0.0000000000000000       -325.00000000000000        0.0000000000000000     
   330.62288358153859       -105.77171796692447        273.29872710258257        88.355195603909493        125.00000000000000     
   319.37711641846170        105.77171796692447       -273.29872710258257       -88.355195603909493        91.188000000000002     

 PASSED   1.0000000000000001E-005
 MU_R    =    325.00000000000000     
 ALPHA_S =   0.11799999999999999     
 BORN                    1.2386595063129772E-003
 SINGLE POLE (MadFKS)   -7.0535023278283812E-006
 DOUBLE POLE (MadFKS)   -6.2033003792059447E-005
 SINGLE POLE (MadLoop)  -7.0535023278275935E-006
 DOUBLE POLE (MadLoop)  -6.2033003792059325E-005
 FINITE PART (MadLoop)   1.2737470622301302E-004
   325.00000000000000        0.0000000000000000        0.0000000000000000        325.00000000000000        0.0000000000000000     
   325.00000000000000        0.0000000000000000        0.0000000000000000       -325.00000000000000        0.0000000000000000     
   330.62288358153864        297.29737510279267        47.558212225528898        55.126929487071692        125.00000000000000     
   319.37711641846170       -297.29737510279267       -47.558212225528891       -55.126929487071621        91.188000000000002     

 PASSED   1.0000000000000001E-005
 MU_R    =    325.00000000000000     
 ALPHA_S =   0.11799999999999999     
 BORN                    1.2735404521643065E-003
 SINGLE POLE (MadFKS)   -7.2521306284269437E-006
 DOUBLE POLE (MadFKS)   -6.3779867910276132E-005
 SINGLE POLE (MadLoop)  -7.2521306284274850E-006
 DOUBLE POLE (MadLoop)  -6.3779867910276038E-005
 FINITE PART (MadLoop)   1.3096160819886307E-004
   325.00000000000000        0.0000000000000000        0.0000000000000000        325.00000000000000        0.0000000000000000     
   325.00000000000000        0.0000000000000000        0.0000000000000000       -325.00000000000000        0.0000000000000000     
   330.62288358153859        44.777973471235150        302.75967412611800        4.2431076615863184        125.00000000000000     
   319.37711641846170       -44.777973471235093       -302.75967412611794       -4.2431076615863841        91.188000000000002     

 PASSED   1.0000000000000001E-005
 MU_R    =    325.00000000000000     
 ALPHA_S =   0.11799999999999999     
 BORN                    5.0090203844622505E-004
 SINGLE POLE (MadFKS)   -2.8523687713915663E-006
 DOUBLE POLE (MadFKS)   -2.5085552479935337E-005
 SINGLE POLE (MadLoop)  -2.8523687713906883E-006
 DOUBLE POLE (MadLoop)  -2.5085552479935313E-005
 FINITE PART (MadLoop)   5.1509110993314309E-005
   325.00000000000000        0.0000000000000000        0.0000000000000000        325.00000000000000        0.0000000000000000     
   325.00000000000000        0.0000000000000000        0.0000000000000000       -325.00000000000000        0.0000000000000000     
   330.62288358153864       -133.55580602004932       -94.416872255925526        258.71759132211093        125.00000000000000     
   319.37711641846164        133.55580602004935        94.416872255925568       -258.71759132211088        91.188000000000002     

 PASSED   1.0000000000000001E-005
 MU_R    =    325.00000000000000     
 ALPHA_S =   0.11799999999999999     
 BORN                    1.2679909952742954E-003
 SINGLE POLE (MadFKS)   -7.2205294443304363E-006
 DOUBLE POLE (MadFKS)   -6.3501946917018972E-005
 SINGLE POLE (MadLoop)  -7.2205294443291598E-006
 DOUBLE POLE (MadLoop)  -6.3501946917018877E-005
 FINITE PART (MadLoop)   1.3039094254179047E-004
   325.00000000000000        0.0000000000000000        0.0000000000000000        325.00000000000000        0.0000000000000000     
   325.00000000000000        0.0000000000000000        0.0000000000000000       -325.00000000000000        0.0000000000000000     
   330.62288358153864        304.70338112890272       -18.539376659807886        22.330073655322185        125.00000000000000     
   319.37711641846170       -304.70338112890272        18.539376659807886       -22.330073655322185        91.188000000000002     

 PASSED   1.0000000000000001E-005
 MU_R    =    325.00000000000000     
 ALPHA_S =   0.11799999999999999     
 BORN                    7.8356440923345544E-004
 SINGLE POLE (MadFKS)   -4.4619795483449988E-006
 DOUBLE POLE (MadFKS)   -3.9241497539534534E-005
 SINGLE POLE (MadLoop)  -4.4619795483439298E-006
 DOUBLE POLE (MadLoop)  -3.9241497539534440E-005
 FINITE PART (MadLoop)   8.0576046866995618E-005
   325.00000000000000        0.0000000000000000        0.0000000000000000        325.00000000000000        0.0000000000000000     
   325.00000000000000        0.0000000000000000        0.0000000000000000       -325.00000000000000        0.0000000000000000     
   330.62288358153864        207.90986568105808        89.476552699677384       -206.04350370064535        125.00000000000000     
   319.37711641846175       -207.90986568105808       -89.476552699677384        206.04350370064535        91.188000000000002     

 PASSED   1.0000000000000001E-005
 MU_R    =    325.00000000000000     
 ALPHA_S =   0.11799999999999999     
 BORN                    1.2256816691267043E-003
 SINGLE POLE (MadFKS)   -6.9796004973922826E-006
 DOUBLE POLE (MadFKS)   -6.1383063901972030E-005
 SINGLE POLE (MadLoop)  -6.9796004973924241E-006
 DOUBLE POLE (MadLoop)  -6.1383063901972016E-005
 FINITE PART (MadLoop)   1.2604016013461356E-004
   325.00000000000000        0.0000000000000000        0.0000000000000000        325.00000000000000        0.0000000000000000     
   325.00000000000000        0.0000000000000000        0.0000000000000000       -325.00000000000000        0.0000000000000000     
   330.62288358153859       -293.38576183110689        58.722406312789673       -64.521042299302081        125.00000000000000     
   319.37711641846170        293.38576183110689       -58.722406312789630        64.521042299302152        91.188000000000002     

 PASSED   1.0000000000000001E-005
 MU_R    =    325.00000000000000     
 ALPHA_S =   0.11799999999999999     
 BORN                    1.1103899301313387E-003
 SINGLE POLE (MadFKS)   -6.3230758065966731E-006
 DOUBLE POLE (MadFKS)   -5.5609166518678101E-005
 SINGLE POLE (MadLoop)  -6.3230758065966468E-006
 DOUBLE POLE (MadLoop)  -5.5609166518678060E-005
 FINITE PART (MadLoop)   1.1418439887849243E-004
   325.00000000000000        0.0000000000000000        0.0000000000000000        325.00000000000000        0.0000000000000000     
   325.00000000000000        0.0000000000000000        0.0000000000000000       -325.00000000000000        0.0000000000000000     
   330.62288358153870        278.38635273164499       -45.159273356652115       -118.94607934035928        125.00000000000000     
   319.37711641846164       -278.38635273164499        45.159273356652093        118.94607934035923        91.188000000000002     

 PASSED   1.0000000000000001E-005
 MU_R    =    325.00000000000000     
 ALPHA_S =   0.11799999999999999     
 BORN                    1.2406893612826393E-003
 SINGLE POLE (MadFKS)   -7.0650612644696938E-006
 DOUBLE POLE (MadFKS)   -6.2134660462345864E-005
 SINGLE POLE (MadLoop)  -7.0650612644696624E-006
 DOUBLE POLE (MadLoop)  -6.2134660462345891E-005
 FINITE PART (MadLoop)   1.2758344169803054E-004
   325.00000000000000        0.0000000000000000        0.0000000000000000        325.00000000000000        0.0000000000000000     
   325.00000000000000        0.0000000000000000        0.0000000000000000       -325.00000000000000        0.0000000000000000     
   330.62288358153870       -267.62643555199037        138.56192039033959        53.508656862691083        125.00000000000000     
   319.37711641846158        267.62643555199031       -138.56192039033962       -53.508656862691041        91.188000000000002     

 PASSED   1.0000000000000001E-005
 MU_R    =    325.00000000000000     
 ALPHA_S =   0.11799999999999999     
 BORN                    6.4012691104315940E-004
 SINGLE POLE (MadFKS)   -3.6451798368612029E-006
 DOUBLE POLE (MadFKS)   -3.2058039273713185E-005
 SINGLE POLE (MadLoop)  -3.6451798368617747E-006
 DOUBLE POLE (MadLoop)  -3.2058039273713171E-005
 FINITE PART (MadLoop)   6.5825981090051160E-005
   325.00000000000000        0.0000000000000000        0.0000000000000000        325.00000000000000        0.0000000000000000     
   325.00000000000000        0.0000000000000000        0.0000000000000000       -325.00000000000000        0.0000000000000000     
   330.62288358153859       -139.71830662766851        138.88305633040997       -234.25794032474673        125.00000000000000     
   319.37711641846170        139.71830662766851       -138.88305633040994        234.25794032474673        91.188000000000002     

 PASSED   1.0000000000000001E-005
 MU_R    =    325.00000000000000     
 ALPHA_S =   0.11799999999999999     
 BORN                    4.4277756805841464E-004
 SINGLE POLE (MadFKS)   -2.5213810503151130E-006
 DOUBLE POLE (MadFKS)   -2.2174635094163110E-005
 SINGLE POLE (MadLoop)  -2.5213810501147871E-006
 DOUBLE POLE (MadLoop)  -2.2174635094162405E-005
 FINITE PART (MadLoop)   4.5532014542018987E-005
   325.00000000000000        0.0000000000000000        0.0000000000000000        325.00000000000000        0.0000000000000000     
   325.00000000000000        0.0000000000000000        0.0000000000000000       -325.00000000000000        0.0000000000000000     
   330.62288358155598       -146.66759008131973        14.361891310532442        268.27009756113875        125.00000000000000     
   319.37711641844430        146.66759008133283       -14.361891310477869       -268.27009756116371        91.188000000000002     

 NUMBER OF POINTS PASSING THE CHECK          20
 NUMBER OF POINTS FAILING THE CHECK           0
 TOLERANCE    1.0000000000000001E-005
