#************************************************************
#*               MadGraph5_aMC@NLO/MadEvent                 *
#*                                                          *
#*                *                       *                 *
#*                  *        * *        *                   *
#*                    * * * * 5 * * * *                     *
#*                  *        * *        *                   *
#*                *                       *                 *
#*                                                          *
#*                                                          *
#*         VERSION 2.6.7                 2019-10-16         *
#*                                                          *
#*    The MadGraph5_aMC@NLO Development Team - Find us at   *
#*    https://server06.fynu.ucl.ac.be/projects/madgraph     *
#*                                                          *
#************************************************************
#*                                                          *
#*               Command File for MadEvent                  *
#*                                                          *
#*     run as ./bin/madevent.py filename                    *
#*                                                          *
#************************************************************
generate_events run_01
Traceback (most recent call last):
  File "/global/u1/f/frankfu/software/MG5_aMC_v2_6_7/madgraph/interface/extended_cmd.py", line 1514, in onecmd
    return self.onecmd_orig(line, **opt)
  File "/global/u1/f/frankfu/software/MG5_aMC_v2_6_7/madgraph/interface/extended_cmd.py", line 1463, in onecmd_orig
    return func(arg, **opt)
  File "/global/u1/f/frankfu/software/MG5_aMC_v2_6_7/madgraph/interface/madevent_interface.py", line 2469, in do_generate_events
    self.run_generate_events(switch_mode, args)
  File "/global/u1/f/frankfu/software/MG5_aMC_v2_6_7/madgraph/interface/common_run_interface.py", line 6961, in new_fct
    original_fct(obj, *args, **opts)
  File "/global/u1/f/frankfu/software/MG5_aMC_v2_6_7/madgraph/interface/madevent_interface.py", line 2508, in run_generate_events
    postcmd=False)
  File "/global/u1/f/frankfu/software/MG5_aMC_v2_6_7/madgraph/interface/extended_cmd.py", line 1543, in exec_cmd
    stop = Cmd.onecmd_orig(current_interface, line, **opt)
  File "/global/u1/f/frankfu/software/MG5_aMC_v2_6_7/madgraph/interface/extended_cmd.py", line 1463, in onecmd_orig
    return func(arg, **opt)
  File "/global/u1/f/frankfu/software/MG5_aMC_v2_6_7/madgraph/interface/madevent_interface.py", line 3324, in do_survey
    self.configure_directory()
  File "/global/u1/f/frankfu/software/MG5_aMC_v2_6_7/madgraph/interface/madevent_interface.py", line 5644, in configure_directory
    self.do_treatcards('')
  File "/global/u1/f/frankfu/software/MG5_aMC_v2_6_7/madgraph/interface/madevent_interface.py", line 3301, in do_treatcards
    self.exec_cmd('initMadLoop -r -f')
  File "/global/u1/f/frankfu/software/MG5_aMC_v2_6_7/madgraph/interface/extended_cmd.py", line 1543, in exec_cmd
    stop = Cmd.onecmd_orig(current_interface, line, **opt)
  File "/global/u1/f/frankfu/software/MG5_aMC_v2_6_7/madgraph/interface/extended_cmd.py", line 1463, in onecmd_orig
    return func(arg, **opt)
  File "/global/u1/f/frankfu/software/MG5_aMC_v2_6_7/madgraph/interface/madevent_interface.py", line 2660, in do_initMadLoop
    subproc_prefix='PV', MG_options=self.options, interface=self)
  File "/global/u1/f/frankfu/software/MG5_aMC_v2_6_7/madgraph/interface/madevent_interface.py", line 6980, in init_MadLoop
    misc.compile(arg=['libmodel'],cwd=pjoin(proc_dir,'Source'))
  File "/global/u1/f/frankfu/software/MG5_aMC_v2_6_7/madgraph/various/misc.py", line 505, in compile
    raise MadGraph5Error, error_msg
MadGraph5Error: A fortran compiler (g77 or gfortran) is required to create this output.
Please install g77 or gfortran on your computer and retry.
                              Run Options    
                              -----------    
               stdout_level 	:	20 (user set)

                         MadEvent Options    
                         ----------------    
     automatic_html_opening 	:	False (user set)
        notification_center 	:	True
          cluster_temp_path 	:	None
             cluster_memory 	:	None (user set)
               cluster_size 	:	100
              cluster_queue 	:	None (user set)
                    nb_core 	:	64 (user set)
               cluster_time 	:	64 (user set)
                   run_mode 	:	2

                      Configuration Options    
                      ---------------------    
                text_editor 	:	None
         cluster_local_path 	:	None
      cluster_status_update 	:	(600, 30)
               pythia8_path 	:	None (user set)
                  hwpp_path 	:	None (user set)
            pythia-pgs_path 	:	None (user set)
                    td_path 	:	None (user set)
               delphes_path 	:	None (user set)
                thepeg_path 	:	None (user set)
               cluster_type 	:	condor
          madanalysis5_path 	:	None (user set)
           cluster_nb_retry 	:	1
                 eps_viewer 	:	None
                web_browser 	:	None
               syscalc_path 	:	None (user set)
           madanalysis_path 	:	None (user set)
                     lhapdf 	:	lhapdf-config
              f2py_compiler 	:	None
                 hepmc_path 	:	None (user set)
         cluster_retry_wait 	:	300
           fortran_compiler 	:	None
                auto_update 	:	7 (user set)
        exrootanalysis_path 	:	None (user set)
                    timeout 	:	60
               cpp_compiler 	:	None
