 Enter filename for events
 Enter maximum number of events to generate
 MUST coincide with the number of events on tape
 Enter 0 to use Herwig default PDFs
       1 to use PDFs from library
 Enter colliding particles (PART1, PART2)
 Enter beam momenta (PBEAM1, PBEAM2)


          HERWIG 6.521  11th Mar. 2013

          Please reference:  G. Marchesini, B.R. Webber,
          G.Abbiendi, I.G.Knowles, M.H.Seymour & L.Stanco
          Computer Physics Communications 67 (1992) 465
                             and
          G.Corcella, I.G.Knowles, G.Marchesini, S.Moretti,
          K.Odagiri, P.Richardson, M.H.Seymour & B.R.Webber,
          JHEP 0101 (2001) 010
 Enter .TRUE. for underlying event, .FALSE. otherwise

 Underlying event WILL NOT be generated

 Enter Lambda_QCD, <0 for Herwig default
 Enter Z mass, width
 Enter W mass, width
 Enter top mass, width
 Enter Higgs (SM) boson mass, width
 Enter quark (d,u,s,c,b) and gluon masses
 Enter lepton (e,mu,tau) masses
 Enter number of events to print
 Enter accepted error fraction
 Is it single-top (.TRUE. or .FALSE)?
 Is it b-bbar (.TRUE. or .FALSE)?
 Enter the two random seeds (0 0 for default)

          INPUT CONDITIONS FOR THIS RUN

          BEAM 1 (P       ) MOM. =   6500.00
          BEAM 2 (P       ) MOM. =   6500.00
          PROCESS CODE (IPROC)   =  -18000
          NUMBER OF FLAVOURS     =    6
          STRUCTURE FUNCTION SET =    8
          AZIM SPIN CORRELATIONS =    T
          AZIM SOFT CORRELATIONS =    T
          QCD LAMBDA (GEV)       =    0.1800
          DOWN     QUARK  MASS   =    0.3200
          UP       QUARK  MASS   =    0.3200
          STRANGE  QUARK  MASS   =    0.5000
          CHARMED  QUARK  MASS   =    1.5500
          BOTTOM   QUARK  MASS   =    4.9500
          TOP      QUARK  MASS   =  173.0000
          GLUON EFFECTIVE MASS   =    0.7500
          EXTRA SHOWER CUTOFF (Q)=    0.4800
          EXTRA SHOWER CUTOFF (G)=    0.1000
          PHOTON SHOWER CUTOFF   =    0.4000
          CLUSTER MASS PARAMETER =    3.3500
          SPACELIKE EVOLN CUTOFF =    2.5000
          INTRINSIC P-TRAN (RMS) =    0.0000
          DECAY SPIN CORRELATIONS=    T
          SUSY THREE BODY ME     =    T
          SUSY FOUR  BODY ME     =    F

          NO EVENTS WILL BE WRITTEN TO DISK

          B_d: Delt-M/Gam =0.7000 Delt-Gam/2*Gam =0.0000
          B_s: Delt-M/Gam = 10.00 Delt-Gam/2*Gam =0.2000

          PDFLIB NOT USED FOR BEAM 1
          PDFLIB NOT USED FOR BEAM 2


          Checking consistency of particle properties


          Checking consistency of decay tables


          WRITING SUDAKOV TABLE ON UNIT  77

          WRITING MATRIX ELEMENT TABLE ON UNIT  88

          CHECKING SUSY DECAY MATRIX ELEMENTS
 Do you want a stable Pi0 (.TRUE. or .FALSE)?
 Do you want a stable W+ (.TRUE. or .FALSE)?
 Do you want a stable W- (.TRUE. or .FALSE)?
 Do you want a stable Z0 (.TRUE. or .FALSE)?
 Do you want a stable Tau+ (.TRUE. or .FALSE)?
 Do you want a stable Tau- (.TRUE. or .FALSE)?
 Do you want a stable Mu+ (.TRUE. or .FALSE)?
 Do you want a stable Mu- (.TRUE. or .FALSE)?
 Do you want a stable Higgs (.TRUE. or .FALSE)?

          PARTICLE TYPE  21=PI0      SET STABLE
 How many decay modes do you want to set?
 How are the events normalized ("average" or "sum")?
 stdhep initialized

          SUBROUTINE TIMEL CALLED BUT NOT LINKED.
          DUMMY TIMEL WILL BE USED. DELETE DUMMY
          AND LINK CERNLIB FOR CPU TIME REMAINING.

 HWWARN CALLED FROM SUBPROGRAM HWSMRS: CODE =   5
 EVENT       1:   SEEDS = 1973774260 & 1099242306  WEIGHT = 0.5930E-03
 EVENT SURVIVES. EXECUTION CONTINUES
 WARNING: MRST98 CALLED WITH Q OUTSIDE ALLOWED RANGE!
 Q VALUE=1.430E+04, MINIMUM=1.118E+00, MAXIMUM=3.162E+03
 NO FURTHER WARNINGS WILL BE ISSUED



 EVENT       1: 6500.00 GEV/C P        ON  6500.00 GEV/C P        PROCESS:-18000
 SEEDS:  1973774260 &  1099242306   STATUS:  100 ERROR:   0  WEIGHT:  5.9297E-04


                               ---INITIAL STATE---    

 IHEP    ID      IDPDG IST MO1 MO2 DA1 DA2   P-X     P-Y     P-Z  ENERGY    MASS
    1 P           2212 101   0   0   0   0    0.00    0.00 6500.0 6500.0    0.94
    2 P           2212 102   0   0   0   0    0.00    0.00-6500.0 6500.0    0.94
    3 CMF            0 103   1   2   0   0    0.00    0.00    0.013000.013000.00

                              ---HARD SUBPROCESS---   

 IHEP    ID      IDPDG IST MO1 MO2 DA1 DA2   P-X     P-Y     P-Z  ENERGY    MASS
    4 UQRK           2 121   6   8  10   9    0.00    0.00 1765.4 1765.4    0.32
    5 DQRK           1 122   6   9  12   8    0.00    0.00 -632.3  632.3    0.32
    6 HARD           0 120   4   5   7   9  -27.86   11.45 1133.3 2397.9 2113.05
    7 HIGGS         25 123   6   7  21   7 -216.03 -191.32  442.5  542.9  125.00
    8 UQRK           2 124   6   5  22   4  149.06  158.53 -560.6  601.4    0.32
    9 DQRK           1 124   6   4  29   5   66.97   32.79 1251.2 1253.4    0.32

                              ---PARTON SHOWERS---    

 IHEP    ID      IDPDG IST MO1 MO2 DA1 DA2   P-X     P-Y     P-Z  ENERGY    MASS
   10 UQRK          94 141   4   6  11  11    0.00    0.00 1767.1 1767.1    0.45
   11 UD          2101   2  10  24  33  32    0.00    0.00 4732.9 4732.9    0.32
   12 DQRK          94 142   5   6  14  20  -27.86   11.45 -633.9  630.8  -68.92
   13 CONE           0 100   5   8   0   0    0.69    0.73   -1.8    2.0    0.00
   14 GLUON         21   2  12  15  34  35   11.95  -10.96  -81.7   83.3    0.75
   15 GLUON         21   2  12  16  36  37    3.42   -1.12  -20.0   20.3    0.75
   16 GLUON         21   2  12  17  38  39    3.13   -1.45   -9.7   10.3    0.75
   17 GLUON         21   2  12  18  40  41    3.53    0.31  -29.1   29.3    0.75
   18 GLUON         21   2  12  19  42  43    5.09    0.73  -64.4   64.6    0.75
   19 GLUON         21   2  12  20  44  45    0.74    1.05  -21.6   21.6    0.75
   20 UU          2203   2  12  31  46  45    0.00    0.00-5639.6 5639.6    0.28
   21 HIGGS         25 195   7   6 128 129 -222.32 -188.70  442.5  544.5  125.00
   22 UQRK          94 144   8   6  24  28  142.06  161.39 -560.4  600.6   20.42
   23 CONE           0 100   8   5   0   0   -0.20   -0.23   -2.0    2.0    0.00
   24 UQRK           2   2  22  25  47  33   41.11   47.50 -162.5  174.2    0.32
   25 GLUON         21   2  22  26  48  49   75.35   82.69 -286.9  307.9    0.75
   26 GLUON         21   2  22  27  50  51   21.80   25.34  -88.3   94.4    0.75
   27 GLUON         21   2  22  28  52  53    3.64    5.95  -20.4   21.6    0.75
   28 GLUON         21   2  22  34  54  55    0.17   -0.09   -2.3    2.4    0.75
   29 DQRK          94 144   9   6  31  32   52.40   38.77 1251.2 1252.9    4.87
   30 CONE           0 100   9   4   0   0   -0.38   -0.28   10.0   10.0    0.00
   31 DQRK           1   2  29  32  56  46   48.12   35.54 1167.1 1168.6    0.32
   32 GLUON         21   2  29  33  57  58    4.28    3.23   84.0   84.2    0.75

                              ---GLUON SPLITTING---   

 IHEP    ID      IDPDG IST MO1 MO2 DA1 DA2   P-X     P-Y     P-Z  ENERGY    MASS
   33 UD          2101 161  10  47  85  62    0.00    0.00 2839.8 2839.8    0.64
   34 DBAR          -1 158  12  35  81  55    7.17   -6.64  -48.3   49.3    0.32
   35 DQRK           1 158  12  36  71  34    4.79   -4.32  -33.4   34.0    0.32
   36 DBAR          -1 158  12  37  71  35    2.28   -0.90  -13.2   13.5    0.32
   37 DQRK           1 158  12  38  72  36    1.14   -0.23   -6.7    6.8    0.32
   38 DBAR          -1 158  12  39  72  37    1.76   -0.83   -6.0    6.3    0.32
   39 DQRK           1 158  12  40  73  38    1.37   -0.62   -3.7    4.0    0.32
   40 UBAR          -2 158  12  41  73  39    2.21    0.36  -18.0   18.1    0.32
   41 UQRK           2 158  12  42  74  40    1.32   -0.05  -11.1   11.2    0.32
   42 UBAR          -2 158  12  43  74  41    3.34    0.55  -43.9   44.0    0.32
   43 UQRK           2 158  12  44  75  42    1.75    0.18  -20.5   20.6    0.32
   44 UBAR          -2 158  12  45  75  43    0.63    0.71  -13.6   13.7    0.32
   45 UQRK           2 158  12  63  76  44    0.09    0.29   -7.9    7.9    0.32
   46 UU          2203 162  12  56  84  60    0.00    0.00-4976.3 4976.3    0.64
   47 UQRK           2 158  22  48  77  33   41.11   47.50 -162.5  174.2    0.32
   48 UBAR          -2 158  22  49  77  47   34.01   37.08 -129.3  138.7    0.32
   49 UQRK           2 158  22  50  78  48   41.33   45.61 -157.6  169.2    0.32
   50 UBAR          -2 158  22  51  78  49    8.94   10.65  -36.5   39.1    0.32
   51 UQRK           2 158  22  52  79  50   12.86   14.69  -51.8   55.3    0.32
   52 DBAR          -1 158  22  53  79  51    1.33    1.98   -6.6    7.1    0.32
   53 DQRK           1 158  22  54  80  52    2.31    3.97  -13.8   14.5    0.32
   54 UBAR          -2 158  22  55  80  53    0.14   -0.02   -0.6    0.7    0.32
   55 UQRK           2 158  22  34  81  54    0.03   -0.07   -1.7    1.7    0.32
   56 DQRK           1 158  29  57  82  46   48.12   35.54 1167.1 1168.6    0.32
   57 DBAR          -1 158  29  58  82  56    1.14    0.78   21.5   21.5    0.32
   58 DQRK           1 158  29  69  83  57    2.12    1.65   42.7   42.7    0.32
   59 DBAR          -1 159  12  60  86  64    0.00    0.00 -335.3  335.3    0.32
   60 DQRK           1 159  12  46  84  59    0.00    0.01 -156.0  156.0    0.32
   61 DBAR          -1 159  10  62  87  66    0.00    0.00 1322.8 1322.8    0.32
   62 DQRK           1 159  29  33  85  61    0.00    0.00  364.6  364.6    0.32
   63 UBAR          -2 159  12  64  76  45    0.01    0.03  -38.3   38.3    0.32
   64 UQRK           2 159  12  59  86  63    0.00    0.01 -133.7  133.7    0.32
   65 UBAR          -2 159  10  66  88  68    0.01    0.01  115.0  115.0    0.32
   66 UQRK           2 159  29  61  87  65    0.09    0.07   15.4   15.4    0.32
   67 DBAR          -1 159  10  68  89  70    0.03    0.02   46.8   46.8    0.32
   68 DQRK           1 159  29  65  88  67    0.10    0.08   14.3   14.3    0.32
   69 UBAR          -2 159  10  70  83  58    0.07    0.06   18.6   18.6    0.32
   70 UQRK           2 159  29  67  89  69    0.70    0.55   15.7   15.7    0.32

                             ---CLUSTER FORMATION---  

 IHEP    ID      IDPDG IST MO1 MO2 DA1 DA2   P-X     P-Y     P-Z  ENERGY    MASS
   71 CLUS          91 183  35  36  90  91    7.06   -5.22  -46.6   47.5    1.60
   72 CLUS          91 183  37  38  92  93    2.90   -1.06  -12.8   13.2    1.19
   73 CLUS          91 183  39  40  94  95    3.58   -0.26  -21.7   22.1    2.59
   74 CLUS          91 183  41  42  96  97    4.65    0.50  -55.0   55.2    1.28
   75 CLUS          91 183  43  44  98  99    2.38    0.89  -34.2   34.3    1.18
   76 CLUS          91 183  45  63 100 101    0.10    0.32  -46.2   46.3    1.07
   77 CLUS          91 183  47  48 102 103   75.12   84.58 -291.8  313.0    1.78
   78 CLUS          91 183  49  50 104 105   50.27   56.26 -194.1  208.3    1.55
   79 CLUS          91 183  51  52 106 107   14.19   16.67  -58.4   62.4    1.37
   80 CLUS          91 183  53  54 108 109    2.45    3.94  -14.4   15.2    1.85
   81 CLUS          91 183  55  34 110 111    7.20   -6.71  -50.0   51.0    2.31
   82 CLUS          91 183  56  57 112 113   49.26   36.32 1188.6 1190.1    3.20
   83 CLUS          91 183  58  69 114 115    2.19    1.71   61.3   61.4    1.78
   84 CLUS          91 185  60  46 116 117    0.00    0.01-5132.3 5132.3    1.95
   85 CLUS          91 184  62  33 118 119    0.01    0.00 3204.4 3204.4    1.17
   86 CLUS          91 183  64  59 120 121    0.00    0.01 -469.1  469.1    0.71
   87 CLUS          91 183  66  61 122 123    0.09    0.07 1338.1 1338.1    3.20
   88 CLUS          91 183  68  65 124 125    0.11    0.09  129.2  129.2    1.09
   89 CLUS          91 183  70  67 126 127    0.73    0.57   62.4   62.5    1.68

                              ---CLUSTER DECAYS---    

 IHEP    ID      IDPDG IST MO1 MO2 DA1 DA2   P-X     P-Y     P-Z  ENERGY    MASS
   90 PI-         -211   1  71  12   0   0    1.00   -1.03   -5.2    5.4    0.14
   91 PI+          211   1  71  12   0   0    6.06   -4.19  -41.4   42.1    0.14
   92 PI0          111   1  72  12   0   0    1.54   -0.02   -7.2    7.3    0.13
   93 PI0          111   1  72  12   0   0    1.36   -1.03   -5.6    5.8    0.13
   94 DELTA-      1114 197  73  12 192 193    2.85   -0.53  -17.1   17.4    1.23
   95 NBAR       -2112   1  73  12   0   0    0.73    0.27   -4.6    4.7    0.94
   96 PI0          111   1  74  12   0   0    2.79    0.14  -30.3   30.4    0.13
   97 RHO0         113 197  74  12 194 195    1.86    0.36  -24.7   24.8    0.77
   98 OMEGA        223 197  75  12 196 198    2.37    0.89  -31.4   31.5    0.78
   99 PI0          111   1  75  12   0   0    0.01    0.00   -2.8    2.8    0.13
  100 PI+          211   1  76  12   0   0   -0.01    0.30  -16.9   16.9    0.14
  101 RHO-        -213 197  76  12 199 200    0.12    0.02  -29.3   29.3    0.77
  102 K+           321   1  77  22   0   0   40.73   46.94 -160.7  172.3    0.49
  103 K-          -321   1  77  22   0   0   34.40   37.64 -131.1  140.7    0.49
  104 A_1+       20213 197  78  22 201 202   42.92   48.15 -165.3  177.4    1.23
  105 PI-         -211   1  78  22   0   0    7.35    8.11  -28.8   30.8    0.14
  106 PI0          111   1  79  22   0   0    2.24    3.16  -10.9   11.5    0.13
  107 RHO+         213 197  79  22 203 204   11.95   13.51  -47.5   50.9    0.77
  108 PI-         -211   1  80  22   0   0    1.24    1.90   -6.2    6.6    0.14
  109 A_20         115 197  80  22 205 206    1.21    2.04   -8.2    8.6    1.32
  110 RHO+         213 197  81  22 207 208    7.13   -6.39  -45.8   46.8    0.77
  111 PI0          111   1  81  22   0   0    0.07   -0.32   -4.2    4.2    0.13
  112 DELTA+      2214 197  82  29 209 210   39.90   29.46  966.6  967.8    1.23
  113 DELTABR-   -2214 197  82  29 211 212    9.37    6.86  222.0  222.3    1.23
  114 PI0          111   1  83  29   0   0    0.79    0.13   28.5   28.5    0.13
  115 RHO-        -213 197  83  29 213 214    1.41    1.58   32.8   32.8    0.77
  116 RHO0         113 197  84  12 215 216    0.07    0.29-3333.5 3333.5    0.77
  117 P           2212   1  84  12   0   0   -0.07   -0.28-1798.8 1798.8    0.94
  118 PI-         -211   1  85  29   0   0   -0.02   -0.15  448.6  448.6    0.14
  119 P           2212   1  85  29   0   0    0.02    0.16 2755.7 2755.7    0.94
  120 PI+          211   1  86  12   0   0    0.25    0.11 -113.8  113.8    0.14
  121 PI0          111   1  86  12   0   0   -0.25   -0.09 -355.2  355.2    0.13
  122 DELTA+      2214 197  87  29 217 218   -1.00    0.39  541.8  541.8    1.23
  123 NBAR       -2112   1  87  29   0   0    1.09   -0.32  796.4  796.4    0.94
  124 PI-         -211   1  88  29   0   0    0.37   -0.36   78.8   78.8    0.14
  125 PI0          111   1  88  29   0   0   -0.26    0.45   50.5   50.5    0.13
  126 PI0          111   1  89  29   0   0    0.48    0.12   46.5   46.5    0.13
  127 RHO+         213 197  89  29 219 220    0.25    0.44   16.0   16.0    0.77

                            ---H/W/Z BOSON DECAYS---  

 IHEP    ID      IDPDG IST MO1 MO2 DA1 DA2   P-X     P-Y     P-Z  ENERGY    MASS
  128 BQRK           5 123  21 129 130 129  -32.24  -83.08  198.3  217.5    4.95
  129 BBAR          -5 124  21 128 135 128 -190.08 -105.63  244.2  327.0    4.95

                              ---PARTON SHOWERS---    

 IHEP    ID      IDPDG IST MO1 MO2 DA1 DA2   P-X     P-Y     P-Z  ENERGY    MASS
  130 BQRK          94 143 128  21 132 134  -40.64  -87.74  209.1  231.9   26.70
  131 CONE           0 100 128 129   0   0   -1.19   -0.39    0.9    1.5    0.00
  132 BQRK           5   2 130 133 137 136  -31.37  -81.51  170.7  191.8    4.95
  133 GLUON         21   2 130 134 138 139   -4.89   -4.40   25.3   26.2    0.75
  134 GLUON         21   2 130 136 140 141   -4.39   -1.83   13.1   13.9    0.75
  135 BBAR          94 144 129  21 136 136 -181.68 -100.97  233.4  312.6    4.95
  136 BBAR          -5   2 135 137 142 141 -181.68 -100.97  233.4  312.6    4.95

                              ---GLUON SPLITTING---   

 IHEP    ID      IDPDG IST MO1 MO2 DA1 DA2   P-X     P-Y     P-Z  ENERGY    MASS
  137 BQRK           5 158 130 147 159 142  -21.09  -54.39  114.8  128.9    4.95
  138 UBAR          -2 158 130 139 167 154   -0.80   -0.81    4.3    4.5    0.32
  139 UQRK           2 158 130 140 160 138   -1.97   -1.74    9.4    9.8    0.32
  140 DBAR          -1 158 130 141 160 139   -1.06   -0.42    3.1    3.3    0.32
  141 DQRK           1 158 130 151 161 140   -1.39   -0.59    4.0    4.3    0.32
  142 BBAR          -5 158 135 137 169 158 -128.91  -71.62  165.8  222.0    4.95
  143 SBAR          -3 159 130 144 163 146   -0.95   -1.05    5.1    5.4    0.50
  144 SQRK           3 159 130 153 162 143   -6.37  -16.63   34.7   39.0    0.50
  145 DBAR          -1 159 130 146 164 148   -0.44   -0.61    2.4    2.5    0.32
  146 DQRK           1 159 130 143 163 145   -2.27   -5.91   12.4   13.9    0.32
  147 SBAR          -3 159 130 148 159 137   -0.63   -1.24    3.4    3.7    0.50
  148 SQRK           3 159 130 145 164 147   -0.64   -1.27    3.5    3.8    0.50
  149 DBAR          -1 159 135 150 166 152  -27.79  -15.45   35.7   47.8    0.32
  150 DQRK           1 159 130 155 165 149   -1.55   -0.66    4.5    4.8    0.32
  151 DBAR          -1 159 135 152 161 141   -3.29   -1.82    4.3    5.7    0.32
  152 DQRK           1 159 130 149 166 151   -0.77   -0.39    1.4    1.7    0.32
  153 UBAR          -2 159 130 154 162 144   -0.42   -0.61    2.3    2.4    0.32
  154 UQRK           2 159 130 138 167 153   -0.67   -1.66    3.7    4.1    0.32
  155 DBAR          -1 159 135 156 165 150   -4.11   -2.28    5.3    7.1    0.32
  156 DQRK           1 159 130 157 168 155   -1.92   -1.06    2.6    3.4    0.32
  157 UBAR          -2 159 135 158 168 156  -13.60   -7.56   17.5   23.4    0.32
  158 UQRK           2 159 130 142 169 157   -1.70   -0.94    2.3    3.0    0.32

                             ---CLUSTER FORMATION---  

 IHEP    ID      IDPDG IST MO1 MO2 DA1 DA2   P-X     P-Y     P-Z  ENERGY    MASS
  159 CLUS          91 183 137 147 170 171  -21.72  -55.63  118.2  132.6    6.20
  160 CLUS          91 183 139 140 172 173   -3.03   -2.16   12.6   13.2    1.04
  161 CLUS          91 183 141 151 174 175   -4.67   -2.42    8.3   10.0    1.89
  162 CLUS          91 183 144 153 176 177   -6.79  -17.24   37.0   41.4    2.30
  163 CLUS          91 183 146 143 178 179   -3.22   -6.96   17.5   19.3    2.31
  164 CLUS          91 183 148 145 180 181   -1.07   -1.87    5.8    6.3    0.87
  165 CLUS          91 183 150 155 182 183   -5.66   -2.94    9.8   11.9    2.24
  166 CLUS          91 183 152 149 184 185  -28.55  -15.84   37.1   49.5    2.38
  167 CLUS          91 183 154 138 186 187   -1.47   -2.47    8.0    8.6    1.19
  168 CLUS          91 183 156 157 188 189  -15.51   -8.61   20.0   26.8    0.99
  169 CLUS          91 183 158 142 190 191 -130.61  -72.56  168.1  225.0    5.75

                              ---CLUSTER DECAYS---    

 IHEP    ID      IDPDG IST MO1 MO2 DA1 DA2   P-X     P-Y     P-Z  ENERGY    MASS
  170 B_DBAR0     -511 200 159 130 221 221  -21.02  -54.08  114.4  128.4    5.28
  171 K0           311 197 159 130 225 225   -0.71   -1.55    3.8    4.2    0.50
  172 PI+          211   1 160 130   0   0   -1.26   -0.82    4.9    5.1    0.14
  173 OMEGA        223 197 160 130 226 228   -1.78   -1.34    7.7    8.0    0.78
  174 PI0          111   1 161 130   0   0   -2.53   -1.56    4.3    5.2    0.13
  175 B_10       10113 197 161 130 229 230   -2.14   -0.86    4.0    4.8    1.23
  176 K*BAR0      -313 197 162 130 231 232   -1.96   -4.57   10.4   11.6    0.90
  177 A_1-      -20213 197 162 130 233 234   -4.84  -12.67   26.6   29.9    1.23
  178 P           2212   1 163 130   0   0   -0.73   -1.86    4.6    5.1    0.94
  179 SIGMABR-   -3222 197 163 130 235 236   -2.49   -5.10   13.0   14.2    1.19
  180 K-          -321   1 164 130   0   0   -0.42   -1.15    3.8    4.0    0.49
  181 PI+          211   1 164 130   0   0   -0.65   -0.72    2.0    2.3    0.14
  182 B_1-      -10213 197 165 130 237 238   -4.27   -2.96    7.3    9.1    1.23
  183 PI+          211   1 165 130   0   0   -1.39    0.02    2.5    2.9    0.14
  184 P           2212   1 166 130   0   0   -9.48   -5.62   12.1   16.4    0.94
  185 DELTABR-   -2214 197 166 130 239 240  -19.07  -10.22   24.9   33.0    1.23
  186 PI0          111   1 167 130   0   0   -0.45   -1.27    2.3    2.7    0.13
  187 PI0          111   1 167 130   0   0   -1.02   -1.20    5.7    5.9    0.13
  188 PI-         -211   1 168 130   0   0   -2.98   -1.69    4.1    5.3    0.14
  189 RHO0         113 197 168 130 241 242  -12.54   -6.92   16.0   21.5    0.77
  190 PI0          111   1 169 130   0   0   -0.52   -0.28    0.7    1.0    0.13
  191 B+           521 199 169 130 268 269 -130.09  -72.28  167.4  224.0    5.28

                           ---STRONG HADRON DECAYS--- 

 IHEP    ID      IDPDG IST MO1 MO2 DA1 DA2   P-X     P-Y     P-Z  ENERGY    MASS
  192 N           2112   1  94  12   0   0    1.90   -0.24  -12.4   12.6    0.94
  193 PI-         -211   1  94  12   0   0    0.94   -0.28   -4.7    4.8    0.14
  194 PI+          211   1  97  12   0   0    1.71    0.41  -23.5   23.6    0.14
  195 PI-         -211   1  97  12   0   0    0.15   -0.05   -1.2    1.2    0.14
  196 PI+          211   1  98  12   0   0    0.26    0.03   -4.0    4.0    0.14
  197 PI-         -211   1  98  12   0   0    1.83    0.76  -21.6   21.6    0.14
  198 PI0          111   1  98  12   0   0    0.28    0.10   -5.8    5.9    0.13
  199 PI-         -211   1 101  12   0   0   -0.18    0.28  -12.5   12.5    0.14
  200 PI0          111   1 101  12   0   0    0.30   -0.25  -16.8   16.8    0.13
  201 RHO0         113 198 104  22 243 244   41.96   47.10 -161.6  173.5    0.77
  202 PI+          211   1 104  22   0   0    0.96    1.05   -3.7    4.0    0.14
  203 PI+          211   1 107  22   0   0    0.85    0.87   -2.9    3.1    0.14
  204 PI0          111   1 107  22   0   0   11.10   12.64  -44.6   47.7    0.13
  205 RHO+         213 198 109  22 245 246    0.29    0.69   -3.2    3.4    0.77
  206 PI-         -211   1 109  22   0   0    0.92    1.34   -5.0    5.2    0.14
  207 PI+          211   1 110  22   0   0    5.39   -4.99  -33.7   34.5    0.14
  208 PI0          111   1 110  22   0   0    1.74   -1.40  -12.1   12.3    0.13
  209 P           2212   1 112  29   0   0   27.11   20.20  661.2  662.1    0.94
  210 PI0          111   1 112  29   0   0   12.79    9.25  305.3  305.8    0.13
  211 PBAR       -2212   1 113  29   0   0    8.02    5.78  192.6  192.8    0.94
  212 PI0          111   1 113  29   0   0    1.35    1.09   29.4   29.5    0.13
  213 PI-         -211   1 115  29   0   0    0.06    0.46    8.5    8.5    0.14
  214 PI0          111   1 115  29   0   0    1.35    1.12   24.3   24.4    0.13
  215 PI+          211   1 116  12   0   0    0.09    0.29 -571.3  571.3    0.14
  216 PI-         -211   1 116  12   0   0   -0.02   -0.00-2762.2 2762.2    0.14
  217 P           2212   1 122  29   0   0   -0.81    0.08  398.2  398.2    0.94
  218 PI0          111   1 122  29   0   0   -0.18    0.31  143.6  143.6    0.13
  219 PI+          211   1 127  29   0   0   -0.00   -0.07    0.8    0.8    0.14
  220 PI0          111   1 127  29   0   0    0.25    0.51   15.2   15.2    0.13
  221 B_DBAR0     -511 197 170 130 222 224  -21.02  -54.08  114.4  128.4    5.28
  222 E-            11   1 221 130   0   0   -6.24  -15.04   30.8   34.8    0.00
  223 NU_EBAR      -12   1 221 130   0   0   -6.27  -19.70   39.8   44.8    0.00
  224 D*_2+        415 198 221 130 247 248   -8.51  -19.34   43.8   48.7    2.46
  225 K_S0         310 198 171 130 249 250   -0.71   -1.55    3.8    4.2    0.50
  226 PI+          211   1 173 130   0   0   -0.27   -0.30    1.7    1.7    0.14
  227 PI-         -211   1 173 130   0   0   -0.84   -0.84    4.2    4.3    0.14
  228 PI0          111   1 173 130   0   0   -0.67   -0.20    1.9    2.0    0.13
  229 OMEGA        223 198 175 130 251 252   -1.56   -0.26    2.8    3.3    0.78
  230 PI0          111   1 175 130   0   0   -0.58   -0.60    1.2    1.5    0.13
  231 K-          -321   1 176 130   0   0   -1.58   -4.15    9.3   10.3    0.49
  232 PI+          211   1 176 130   0   0   -0.38   -0.42    1.1    1.3    0.14
  233 RHO-        -213 198 177 130 253 254   -4.39  -11.21   23.0   26.0    0.77
  234 PI0          111   1 177 130   0   0   -0.44   -1.45    3.5    3.9    0.13
  235 PBAR       -2212   1 179 130   0   0   -2.42   -4.91   12.5   13.6    0.94
  236 PI0          111   1 179 130   0   0   -0.07   -0.19    0.5    0.5    0.13
  237 OMEGA        223 198 182 130 255 257   -2.70   -1.48    4.3    5.3    0.78
  238 PI-         -211   1 182 130   0   0   -1.57   -1.47    3.1    3.8    0.14
  239 PBAR       -2212   1 185 130   0   0  -11.75   -6.41   15.4   20.4    0.94
  240 PI0          111   1 185 130   0   0   -7.32   -3.80    9.5   12.6    0.13
  241 PI+          211   1 189 130   0   0   -9.91   -5.27   12.2   16.5    0.14
  242 PI-         -211   1 189 130   0   0   -2.63   -1.66    3.8    4.9    0.14
  243 PI+          211   1 201  22   0   0    1.95    2.30   -7.6    8.2    0.14
  244 PI-         -211   1 201  22   0   0   40.00   44.81 -154.0  165.3    0.14
  245 PI+          211   1 205  22   0   0   -0.20    0.13   -0.5    0.6    0.14
  246 PI0          111   1 205  22   0   0    0.49    0.56   -2.7    2.8    0.13
  247 D*0          423 198 224 130 258 259   -5.84  -13.92   31.2   34.7    2.01
  248 PI+          211   1 224 130   0   0   -2.67   -5.43   12.6   14.0    0.14
  249 PI0          111   1 225 130   0   0   -0.63   -1.44    3.3    3.7    0.13
  250 PI0          111   1 225 130   0   0   -0.08   -0.11    0.5    0.6    0.13
  251 PI+          211   1 229 130   0   0   -1.29    0.09    2.1    2.5    0.14
  252 PI-         -211   1 229 130   0   0   -0.27   -0.35    0.7    0.9    0.14
  253 PI-         -211   1 233 130   0   0   -4.07  -10.39   21.6   24.3    0.14
  254 PI0          111   1 233 130   0   0   -0.32   -0.82    1.4    1.7    0.13
  255 PI+          211   1 237 130   0   0   -0.37   -0.19    0.8    0.9    0.14
  256 PI-         -211   1 237 130   0   0   -1.34   -0.83    1.7    2.3    0.14
  257 PI0          111   1 237 130   0   0   -0.99   -0.47    1.8    2.2    0.13
  258 D0           421 198 247 130 260 264   -5.52  -13.19   29.6   33.0    1.86
  259 PI0          111   1 247 130   0   0   -0.31   -0.72    1.6    1.8    0.13
  260 KBAR0       -311 198 258 130 265 265   -1.08   -2.97    6.4    7.2    0.50
  261 PI+          211   1 258 130   0   0   -0.29   -1.13    3.1    3.3    0.14
  262 PI-         -211   1 258 130   0   0   -2.29   -5.27   11.8   13.1    0.14
  263 PI0          111   1 258 130   0   0   -0.76   -1.71    3.4    3.9    0.13
  264 PI0          111   1 258 130   0   0   -1.10   -2.10    4.9    5.4    0.13
  265 K_S0         310 198 260 130 266 267   -1.08   -2.97    6.4    7.2    0.50
  266 PI0          111   1 265 130   0   0   -0.39   -0.69    1.9    2.0    0.13
  267 PI0          111   1 265 130   0   0   -0.69   -2.27    4.5    5.1    0.13

                           ---HEAVY PARTICLE DECAYS---

 IHEP    ID      IDPDG IST MO1 MO2 DA1 DA2   P-X     P-Y     P-Z  ENERGY    MASS
  268 UQRK           2 125 191 272 273 272   -7.89   -4.38   10.1   13.6    0.32
  269 BBAR          -5 155 191 268 270 272 -122.21  -67.90  157.2  210.5    4.96
  270 DBAR          -1 123 269 271 274 271  -22.90  -11.34   29.1   38.7    0.32
  271 UQRK           2 124 269 270 276 270  -42.60  -25.75   56.0   74.9    0.32
  272 CBAR          -4 124 269 269 278 269  -56.70  -30.81   72.2   96.8    1.55
  273 UQRK           2 160 268 282 283 282   -7.89   -4.38   10.1   13.6    0.32

                              ---PARTON SHOWERS---    

 IHEP    ID      IDPDG IST MO1 MO2 DA1 DA2   P-X     P-Y     P-Z  ENERGY    MASS
  274 DBAR          94 143 270 269 275 275  -22.90  -11.34   29.1   38.7    0.32
  275 DBAR          -1   2 274 277 280 277  -22.90  -11.34   29.1   38.7    0.32
  276 UQRK          94 144 271 269 277 277  -42.60  -25.75   56.0   74.9    0.32
  277 UQRK           2   2 276 280 281 280  -42.60  -25.75   56.0   74.9    0.32
  278 CBAR          94 144 272 269 279 279  -56.70  -30.81   72.2   96.8    1.55
  279 CBAR          -4   2 278 273 282 273  -56.70  -30.81   72.2   96.8    1.55

                              ---GLUON SPLITTING---   

 IHEP    ID      IDPDG IST MO1 MO2 DA1 DA2   P-X     P-Y     P-Z  ENERGY    MASS
  280 DBAR          -1 158 274 281 284 281  -22.90  -11.34   29.1   38.7    0.32
  281 UQRK           2 158 276 280 284 280  -42.60  -25.75   56.0   74.9    0.32
  282 CBAR          -4 158 278 273 283 273  -56.70  -30.81   72.2   96.8    1.55

                             ---CLUSTER FORMATION---  

 IHEP    ID      IDPDG IST MO1 MO2 DA1 DA2   P-X     P-Y     P-Z  ENERGY    MASS
  283 CLUS          91 183 273 282 285 285  -65.09  -35.43   82.9  111.2    1.86
  284 CLUS          91 183 281 280 286 287  -65.00  -36.85   84.5  112.8    3.08

                              ---CLUSTER DECAYS---    

 IHEP    ID      IDPDG IST MO1 MO2 DA1 DA2   P-X     P-Y     P-Z  ENERGY    MASS
  285 DBAR0       -421 196 283 268 288 289  -65.09  -35.43   82.9  111.2    1.86
  286 DELTA+      2214 197 284 276 290 291  -42.29  -25.14   55.4   74.1    1.23
  287 NBAR       -2112   1 284 276   0   0  -22.72  -11.71   29.1   38.7    0.94

                           ---STRONG HADRON DECAYS--- 

 IHEP    ID      IDPDG IST MO1 MO2 DA1 DA2   P-X     P-Y     P-Z  ENERGY    MASS
  288 K+           321   1 285 268   0   0  -28.54  -16.00   37.4   49.7    0.49
  289 RHO-        -213 198 285 268 292 293  -36.55  -19.42   45.5   61.5    0.77
  290 P           2212   1 286 276   0   0  -37.15  -22.20   49.0   65.4    0.94
  291 PI0          111   1 286 276   0   0   -5.13   -2.94    6.4    8.7    0.13
  292 PI-         -211   1 289 268   0   0  -18.96   -9.67   23.3   31.6    0.14
  293 PI0          111   1 289 268   0   0  -17.60   -9.75   22.2   29.9    0.13



 EVENT       2: 6500.00 GEV/C P        ON  6500.00 GEV/C P        PROCESS:-18000
 SEEDS:   701533487 &  1353619335   STATUS:  100 ERROR:   0  WEIGHT:  5.9297E-04


                               ---INITIAL STATE---    

 IHEP    ID      IDPDG IST MO1 MO2 DA1 DA2   P-X     P-Y     P-Z  ENERGY    MASS
    1 P           2212 101   0   0   0   0    0.00    0.00 6500.0 6500.0    0.94
    2 P           2212 102   0   0   0   0    0.00    0.00-6500.0 6500.0    0.94
    3 CMF            0 103   1   2   0   0    0.00    0.00    0.013000.013000.00

                              ---HARD SUBPROCESS---   

 IHEP    ID      IDPDG IST MO1 MO2 DA1 DA2   P-X     P-Y     P-Z  ENERGY    MASS
    4 UQRK           2 121   6   8  10   9    0.00    0.00 1176.9 1176.9    0.32
    5 DQRK           1 122   6   9  14   8    0.00    0.00 -368.5  368.5    0.32
    6 HARD           0 120   4   5   7   9   -0.98   -0.01  808.4 1545.4 1317.06
    7 HIGGS         25 123   6   7  16   7 -197.43   32.75  105.2  258.4  125.00
    8 UQRK           2 124   6   5  17   4  149.75  -80.81 -265.8  315.6    0.32
    9 DQRK           1 124   6   4  21   5   47.68   48.06  969.0  971.4    0.32

                              ---PARTON SHOWERS---    

 IHEP    ID      IDPDG IST MO1 MO2 DA1 DA2   P-X     P-Y     P-Z  ENERGY    MASS
   10 UQRK          94 141   4   6  12  13   -0.98   -0.01 1176.9 1176.9   -5.65
   11 CONE           0 100   4   9   0   0    0.70    0.71   11.1   11.2    0.00
   12 GLUON         21   2  10  13  25  26    0.98    0.01   57.7   57.7    0.75
   13 UD          2101   2  10  19  27  26    0.00    0.00 5265.4 5265.4    0.32
   14 DQRK          94 142   5   6  15  15    0.00   -0.00 -368.5  368.5    0.21
   15 UU          2203   2  14  23  28  19    0.00    0.00-6131.5 6131.5    0.32
   16 HIGGS         25 195   7   6 212 213 -197.59   32.75  105.2  258.5  125.00
   17 UQRK          94 144   8   6  19  20  149.54  -80.81 -265.8  315.6    7.16
   18 CONE           0 100   8   5   0   0   -0.29    0.16   -1.3    1.4    0.00
   19 UQRK           2   2  17  28  29  27  140.95  -77.46 -253.4  300.1    0.32
   20 GAMMA         22   2  17  30  30  30    8.59   -3.35  -12.4   15.4    0.00
   21 DQRK          94 144   9   6  23  24   47.06   48.05  969.0  971.3    1.96
   22 CONE           0 100   9   4   0   0   -0.25   -0.26    9.2    9.2    0.00
   23 DQRK           1   2  21  24  31  28   17.39   18.52  374.4  375.3    0.32
   24 GLUON         21   2  21  25  32  33   29.68   29.53  594.6  596.0    0.75

                              ---GLUON SPLITTING---   

 IHEP    ID      IDPDG IST MO1 MO2 DA1 DA2   P-X     P-Y     P-Z  ENERGY    MASS
   25 DBAR          -1 158  10  26 111  49    0.42    0.07   16.0   16.0    0.32
   26 DQRK           1 158  10  38 100  25    0.29   -0.01   34.9   34.9    0.32
   27 UD          2101 161  10  29 104  35    0.02   -0.00 1440.4 1440.4    0.64
   28 UU          2203 162  14  31 105  37    0.00   -0.00-3225.4 3225.4    0.64
   29 UQRK           2 158  17  46 101  27   40.27  -22.13  -72.4   85.8    0.32
   30 GAMMA         22 157  17  30 137  30    8.59   -3.35  -12.4   15.4    0.00
   31 DQRK           1 158  21  32 102  28   17.39   18.52  374.4  375.3    0.32
   32 UBAR          -2 158  21  33 102  31   14.17   13.87  280.1  280.8    0.32
   33 UQRK           2 158  21  48 103  32    5.43    5.47  110.2  110.4    0.32
   34 DBAR          -1 159  10  35 106  39    0.00   -0.00 1618.6 1618.6    0.32
   35 DQRK           1 159  10  27 104  34    0.05   -0.00  106.4  106.4    0.32
   36 UBAR          -2 159  14  37 123  73    0.00   -0.00-1047.7 1047.7    0.32
   37 UQRK           2 159  17  28 105  36    0.00   -0.00 -154.7  154.7    0.32
   38 SBAR          -3 159  10  39 100  26    0.01   -0.00 1985.6 1985.6    0.50
   39 SQRK           3 159  10  34 106  38    0.12   -0.00  117.4  117.4    0.50
   40 DBAR          -1 159  14  41 130  87    0.00   -0.00 -154.1  154.1    0.32
   41 DQRK           1 159  17  62 107  40   14.25   -7.83  -25.6   30.4    0.32
   42 SBAR          -3 159  14  43 109  45    0.06   -0.03   -6.2    6.2    0.50
   43 SQRK           3 159  17  68 108  42   15.78   -8.67  -28.4   33.6    0.50
   44 DBAR          -1 159  14  45 122  71    0.06   -0.03   -2.7    2.7    0.32
   45 DQRK           1 159  17  42 109  44    2.15   -1.18   -3.9    4.6    0.32
   46 UBAR          -2 159  14  47 101  29    1.06   -0.58   -2.0    2.4    0.32
   47 UQRK           2 159  17  70 110  46    3.68   -2.02   -6.7    7.9    0.32
   48 DBAR          -1 159  10  49 103  33    0.45    0.35   11.3   11.3    0.32
   49 DQRK           1 159  21  25 111  48    9.71    9.80  196.9  197.4    0.32
   50 UBAR          -2 159  14  51 125  77    0.00   -0.00 -396.3  396.3    0.32
   51 UQRK           2 159  17  74 112  50    0.25   -0.14   -1.1    1.2    0.32
   52 UBAR          -2 159  14  53 126  79    0.00   -0.00 -204.7  204.7    0.32
   53 UQRK           2 159  17  76 113  52    0.05   -0.03   -3.2    3.2    0.32
   54 UBAR          -2 159  14  55 133  93    0.00   -0.00 -152.3  152.3    0.32
   55 UQRK           2 159  17  80 114  54    0.23   -0.13   -1.1    1.2    0.32
   56 SBAR          -3 159  14  57 129  85    0.01   -0.01  -30.1   30.1    0.50
   57 SQRK           3 159  17  82 115  56    0.39   -0.22   -1.7    1.8    0.50
   58 UBAR          -2 159  14  59 117  61    0.04   -0.02   -4.1    4.1    0.32
   59 UQRK           2 159  17  84 116  58    1.93   -1.06   -3.6    4.2    0.32
   60 UBAR          -2 159  14  61 118  63    0.04   -0.02   -4.4    4.4    0.32
   61 UQRK           2 159  17  58 117  60    0.05   -0.03   -3.2    3.2    0.32
   62 DBAR          -1 159  14  63 107  41    0.25   -0.13   -1.1    1.2    0.32
   63 DQRK           1 159  17  60 118  62    1.17   -0.64   -2.2    2.6    0.32
   64 UBAR          -2 159  14  65 136  99    0.02   -0.01   -8.2    8.2    0.32
   65 UQRK           2 159  17  86 119  64    0.23   -0.12   -1.1    1.2    0.32
   66 DBAR          -1 159  14  67 132  91    0.18   -0.10   -1.2    1.2    0.32
   67 DQRK           1 159  17  88 120  66   10.96   -6.02  -19.7   23.4    0.32
   68 UBAR          -2 159  14  69 108  43    1.01   -0.55   -2.0    2.3    0.32
   69 UQRK           2 159  17  90 121  68   27.96  -15.37  -50.3   59.5    0.32
   70 SBAR          -3 159  14  71 110  47    0.91   -0.50   -2.1    2.4    0.50
   71 SQRK           3 159  17  44 122  70    5.64   -3.10  -10.2   12.1    0.50
   72 SBAR          -3 159  14  73 124  75    0.01   -0.00  -57.6   57.7    0.50
   73 SQRK           3 159  17  36 123  72    0.00   -0.00 -311.0  311.0    0.50
   74 UBAR          -2 159  14  75 112  51    0.01   -0.01  -13.6   13.6    0.32
   75 UQRK           2 159  17  72 124  74    0.03   -0.02   -4.9    4.9    0.32
   76 DBAR          -1 159  14  77 113  53    0.01   -0.01  -15.7   15.7    0.32
   77 DQRK           1 159  17  50 125  76    0.00   -0.00 -103.7  103.7    0.32
   78 SBAR          -3 159  14  79 127  81    0.01   -0.01  -40.6   40.6    0.50
   79 SQRK           3 159  17  52 126  78    0.07   -0.04   -5.9    5.9    0.50
   80 UBAR          -2 159  14  81 114  55    0.01   -0.00  -21.8   21.8    0.32
   81 UQRK           2 159  17  78 127  80    0.01   -0.01  -14.1   14.1    0.32
   82 SBAR          -3 159  14  83 115  57    0.01   -0.01  -28.0   28.0    0.50
   83 SQRK           3 159  17  92 128  82    0.05   -0.03   -7.6    7.6    0.50
   84 SBAR          -3 159  14  85 116  59    1.98   -1.09   -3.7    4.4    0.50
   85 SQRK           3 159  17  56 129  84    0.08   -0.05   -4.7    4.7    0.50
   86 SBAR          -3 159  14  87 119  65    0.05   -0.03   -7.5    7.6    0.50
   87 SQRK           3 159  17  40 130  86    0.01   -0.01  -29.4   29.5    0.50
   88 SBAR          -3 159  14  89 120  67    0.95   -0.52   -2.1    2.4    0.50
   89 SQRK           3 159  17  96 131  88    2.56   -1.41   -4.7    5.6    0.50
   90 UBAR          -2 159  14  91 121  69    0.86   -0.47   -1.7    2.0    0.32
   91 UQRK           2 159  17  66 132  90    3.46   -1.90   -6.3    7.4    0.32
   92 UBAR          -2 159  14  93 128  83    0.00   -0.00  -42.2   42.2    0.32
   93 UQRK           2 159  17  54 133  92    0.04   -0.02   -3.8    3.8    0.32
   94 SBAR          -3 159  14  95 135  97    0.07   -0.04   -5.6    5.6    0.50
   95 SQRK           3 159  17  98 134  94    0.99   -0.54   -2.2    2.5    0.50
   96 SBAR          -3 159  14  97 131  89    0.33   -0.18   -1.7    1.8    0.50
   97 SQRK           3 159  17  94 135  96    0.36   -0.20   -1.7    1.8    0.50
   98 SBAR          -3 159  14  99 134  95    0.05   -0.03   -7.8    7.9    0.50
   99 SQRK           3 159  17  64 136  98    0.31   -0.17   -1.8    1.9    0.50

                             ---CLUSTER FORMATION---  

 IHEP    ID      IDPDG IST MO1 MO2 DA1 DA2   P-X     P-Y     P-Z  ENERGY    MASS
  100 CLUS          91 183  26  38 138 139    0.29   -0.01 2020.5 2020.5    3.30
  101 CLUS          91 183  29  46 140 141   41.33  -22.71  -74.5   88.2    2.03
  102 CLUS          91 183  31  32 142 143   31.56   32.39  654.5  656.0    1.49
  103 CLUS          91 183  33  48 144 145    5.88    5.82  121.5  121.8    1.33
  104 CLUS          91 184  35  27 146 147    0.07   -0.00 1546.8 1546.8    1.40
  105 CLUS          91 185  37  28 148 149    0.00   -0.00-3380.1 3380.1    1.63
  106 CLUS          91 183  39  34 150 151    0.13   -0.00 1736.0 1736.0    2.00
  107 CLUS          91 183  41  62 152 153   14.50   -7.97  -26.7   31.5    2.48
  108 CLUS          91 183  43  68 154 155   16.79   -9.23  -30.4   35.9    1.40
  109 CLUS          91 183  45  42 156 157    2.21   -1.21  -10.2   10.9    3.01
  110 CLUS          91 183  47  70 158 159    4.59   -2.52   -8.7   10.2    1.18
  111 CLUS          91 183  49  25 160 161   10.12    9.87  212.9  213.4    3.11
  112 CLUS          91 183  51  74 162 163    0.26   -0.14  -14.7   14.7    1.56
  113 CLUS          91 183  53  76 164 165    0.06   -0.03  -18.9   18.9    0.86
  114 CLUS          91 183  55  80 166 167    0.24   -0.13  -22.9   23.0    1.89
  115 CLUS          91 183  57  82 168 169    0.40   -0.22  -29.7   29.8    2.79
  116 CLUS          91 183  59  84 170 171    3.91   -2.15   -7.3    8.6    0.84
  117 CLUS          91 183  61  58 172 173    0.09   -0.05   -7.3    7.3    0.64
  118 CLUS          91 183  63  60 174 175    1.21   -0.66   -6.6    7.0    1.89
  119 CLUS          91 183  65  86 176 177    0.28   -0.15   -8.6    8.7    1.22
  120 CLUS          91 183  67  88 178 179   11.92   -6.55  -21.8   25.8    1.80
  121 CLUS          91 183  69  90 180 181   28.82  -15.84  -52.0   61.5    1.88
  122 CLUS          91 183  71  44 182 183    5.70   -3.13  -12.9   14.8    3.16
  123 CLUS          91 183  73  36 184 185    0.00   -0.00-1358.7 1358.7    1.11
  124 CLUS          91 183  75  72 186 187    0.04   -0.02  -62.6   62.6    1.26
  125 CLUS          91 183  77  50 188 189    0.00   -0.00 -499.9  499.9    0.79
  126 CLUS          91 183  79  52 190 191    0.07   -0.04 -210.6  210.6    3.04
  127 CLUS          91 183  81  78 192 193    0.02   -0.01  -54.7   54.7    0.86
  128 CLUS          91 183  83  92 194 195    0.05   -0.03  -49.7   49.7    1.33
  129 CLUS          91 183  85  56 196 197    0.10   -0.05  -34.8   34.8    1.48
  130 CLUS          91 183  87  40 198 199    0.01   -0.01 -183.5  183.5    1.30
  131 CLUS          91 183  89  96 200 201    2.89   -1.59   -6.5    7.4    1.57
  132 CLUS          91 183  91  66 202 203    3.63   -2.00   -7.4    8.7    1.48
  133 CLUS          91 183  93  54 204 205    0.04   -0.02 -156.1  156.1    2.10
  134 CLUS          91 183  95  98 206 207    1.04   -0.57  -10.0   10.3    2.36
  135 CLUS          91 183  97  94 208 209    0.42   -0.23   -7.3    7.5    1.36
  136 CLUS          91 183  99  64 210 211    0.33   -0.18   -9.9   10.0    1.43

                              ---CLUSTER DECAYS---    

 IHEP    ID      IDPDG IST MO1 MO2 DA1 DA2   P-X     P-Y     P-Z  ENERGY    MASS
  137 GAMMA         22   1  30  17   0   0    8.59   -3.35  -12.4   15.4    0.00
  138 LAMBDA      3122 197 100  10 275 276   -0.41   -0.18  352.1  352.1    1.12
  139 XIBAR0     -3322 197 100  10 277 278    0.70    0.17 1668.4 1668.4    1.31
  140 RHO0         113 197 101  17 279 280   33.86  -18.61  -60.9   72.1    0.77
  141 OMEGA        223 197 101  17 281 283    7.47   -4.10  -13.5   16.0    0.78
  142 PI-         -211   1 102  21   0   0   12.83   13.69  276.9  277.5    0.14
  143 OMEGA        223 197 102  21 284 286   18.73   18.69  377.6  378.5    0.78
  144 PI0          111   1 103  21   0   0    2.98    2.25   60.4   60.5    0.13
  145 PI+          211   1 103  21   0   0    2.90    3.58   61.1   61.3    0.14
  146 PI0          111   1 104  10   0   0    0.16    0.31  589.4  589.4    0.13
  147 N           2112   1 104  10   0   0   -0.09   -0.31  957.4  957.4    0.94
  148 PI+          211   1 105  17   0   0    0.03   -0.15 -140.7  140.7    0.14
  149 DELTA+      2214 197 105  17 287 288   -0.03    0.15-3239.3 3239.3    1.23
  150 K*BAR0      -313 197 106  10 289 290   -0.04   -0.39  579.7  579.7    0.90
  151 OMEGA        223 197 106  10 291 292    0.16    0.38 1156.3 1156.3    0.78
  152 P           2212   1 107  17   0   0    8.26   -4.19  -15.7   18.2    0.94
  153 DELTABR-   -2214 197 107  17 293 294    6.24   -3.78  -11.0   13.3    1.23
  154 K*BAR0      -313 197 108  17 295 296   11.38   -6.35  -21.4   25.1    0.90
  155 PI-         -211   1 108  17   0   0    5.41   -2.88   -9.0   10.9    0.14
  156 DELTA+      2214 197 109  17 297 298    0.91    0.15   -2.7    3.1    1.23
  157 SIGMABR-   -3222 197 109  17 299 300    1.30   -1.37   -7.4    7.8    1.19
  158 PI+          211   1 110  17   0   0    0.40   -0.56   -1.4    1.6    0.14
  159 K0           311 197 110  17 301 301    4.19   -1.97   -7.3    8.7    0.50
  160 DELTA0      2114 197 111  21 302 303    4.72    6.15  114.9  115.2    1.23
  161 NBAR       -2112   1 111  21   0   0    5.40    3.72   98.0   98.2    0.94
  162 RHO+         213 197 112  17 304 305   -0.30   -0.44   -8.3    8.4    0.77
  163 PI-         -211   1 112  17   0   0    0.55    0.30   -6.3    6.4    0.14
  164 ETA          221 197 113  17 306 308    0.13    0.18  -12.2   12.3    0.55
  165 PI+          211   1 113  17   0   0   -0.07   -0.22   -6.6    6.6    0.14
  166 K*+          323 197 114  17 309 310    0.22   -0.33  -13.7   13.7    0.89
  167 K*-         -323 197 114  17 311 312    0.02    0.20   -9.2    9.3    0.89
  168 SIGMA*-     3114 197 115  17 313 314   -0.14   -0.11  -11.2   11.2    1.39
  169 SIGMABR+   -3112 197 115  17 315 316    0.54   -0.11  -18.5   18.6    1.20
  170 PI0          111   1 116  17   0   0    2.21   -1.18   -3.7    4.5    0.13
  171 K+           321   1 116  17   0   0    1.70   -0.97   -3.6    4.1    0.49
  172 PI0          111   1 117  17   0   0    0.30   -0.03   -5.7    5.7    0.13
  173 PI0          111   1 117  17   0   0   -0.21   -0.02   -1.5    1.6    0.13
  174 PI-         -211   1 118  17   0   0    0.06    0.00   -0.2    0.3    0.14
  175 RHO_30       117 197 118  17 317 318    1.14   -0.67   -6.4    6.8    1.69
  176 PI+          211   1 119  17   0   0    0.31   -0.12   -7.2    7.2    0.14
  177 K0           311 197 119  17 319 319   -0.03   -0.03   -1.5    1.6    0.50
  178 RHO-        -213 197 120  17 320 321    6.95   -3.82  -12.2   14.5    0.77
  179 K*+          323 197 120  17 322 323    4.97   -2.73   -9.7   11.2    0.89
  180 A_2+         215 197 121  17 324 325   21.47  -12.16  -39.6   46.7    1.32
  181 PI-         -211   1 121  17   0   0    7.35   -3.67  -12.4   14.8    0.14
  182 SIGMA*0     3214 197 122  17 326 327    4.53   -2.77   -9.6   11.0    1.38
  183 DELTABR0   -2114 197 122  17 328 329    1.17   -0.36   -3.3    3.8    1.23
  184 K*BAR0      -313 197 123  17 330 331    0.00   -0.05 -950.1  950.1    0.90
  185 PI-         -211   1 123  17   0   0    0.00    0.05 -408.6  408.6    0.14
  186 PI0          111   1 124  17   0   0    0.07    0.01  -52.7   52.7    0.13
  187 K+           321   1 124  17   0   0   -0.03   -0.03   -9.9    9.9    0.49
  188 PI-         -211   1 125  17   0   0   -0.12    0.21  -74.1   74.1    0.14
  189 PI0          111   1 125  17   0   0    0.12   -0.21 -425.9  425.9    0.13
  190 SIGMA+      3222 197 126  17 332 333    0.12   -0.22 -166.1  166.1    1.19
  191 DLTABR--   -2224 197 126  17 334 335   -0.06    0.19  -44.5   44.5    1.23
  192 PI+          211   1 127  17   0   0    0.22    0.08  -11.1   11.1    0.14
  193 K0           311 197 127  17 336 336   -0.20   -0.09  -43.6   43.6    0.50
  194 K-          -321   1 128  17   0   0   -0.13    0.03  -24.7   24.7    0.49
  195 RHO0         113 197 128  17 337 338    0.19   -0.06  -25.1   25.1    0.77
  196 K*-         -323 197 129  17 339 340    0.27    0.09  -23.7   23.7    0.89
  197 K+           321   1 129  17   0   0   -0.18   -0.14  -11.1   11.1    0.49
  198 K*-         -323 197 130  17 341 342   -0.31    0.01 -136.8  136.8    0.89
  199 PI+          211   1 130  17   0   0    0.32   -0.02  -46.7   46.7    0.14
  200 K-          -321   1 131  17   0   0    1.04   -0.02   -2.5    2.7    0.49
  201 K+           321   1 131  17   0   0    1.85   -1.57   -4.0    4.7    0.49
  202 RHO+         213 197 132  17 343 344    3.48   -1.85   -7.4    8.4    0.77
  203 PI0          111   1 132  17   0   0    0.15   -0.15   -0.1    0.3    0.13
  204 K*+          323 197 133  17 345 346    0.34   -0.28  -51.5   51.6    0.89
  205 K*-         -323 197 133  17 347 348   -0.29    0.26 -104.5  104.5    0.89
  206 K*BAR0      -313 197 134  17 349 350   -0.29   -0.41   -3.7    3.9    0.90
  207 K*0          313 197 134  17 351 352    1.33   -0.16   -6.3    6.5    0.90
  208 K-          -321   1 135  17   0   0    0.08   -0.14   -5.8    5.8    0.49
  209 K+           321   1 135  17   0   0    0.34   -0.09   -1.5    1.6    0.49
  210 KBAR0       -311 197 136  17 353 353   -0.42   -0.12   -5.8    5.8    0.50
  211 PI-         -211   1 136  17   0   0    0.75   -0.06   -4.1    4.2    0.14

                            ---H/W/Z BOSON DECAYS---  

 IHEP    ID      IDPDG IST MO1 MO2 DA1 DA2   P-X     P-Y     P-Z  ENERGY    MASS
  212 BQRK           5 123  16 213 214 213  -83.98   69.49   18.1  110.6    4.95
  213 BBAR          -5 124  16 212 218 212 -113.61  -36.74   87.1  147.9    4.95

                              ---PARTON SHOWERS---    

 IHEP    ID      IDPDG IST MO1 MO2 DA1 DA2   P-X     P-Y     P-Z  ENERGY    MASS
  214 BQRK          94 143 212  16 216 217  -84.14   69.43   18.3  110.8    6.82
  215 CONE           0 100 212 213   0   0   -0.61   -0.54    0.6    1.0    0.00
  216 BQRK           5   2 214 217 220 219  -67.31   54.85   15.9   88.4    4.95
  217 GLUON         21   2 214 219 221 222  -16.82   14.58    2.4   22.4    0.75
  218 BBAR          94 144 213  16 219 219 -113.45  -36.68   87.0  147.7    4.95
  219 BBAR          -5   2 218 220 223 222 -113.45  -36.68   87.0  147.7    4.95

                              ---GLUON SPLITTING---   

 IHEP    ID      IDPDG IST MO1 MO2 DA1 DA2   P-X     P-Y     P-Z  ENERGY    MASS
  220 BQRK           5 158 214 224 242 223  -64.05   52.38   14.7   84.2    4.95
  221 UBAR          -2 158 214 222 244 225   -4.46    3.81    0.7    5.9    0.32
  222 UQRK           2 158 214 228 243 221   -1.47    1.23    0.3    2.0    0.32
  223 BBAR          -5 158 218 220 252 241  -74.00  -23.80   56.7   96.3    4.95
  224 DBAR          -1 159 214 225 242 220   -4.49    3.83    0.7    6.0    0.32
  225 DQRK           1 159 214 221 244 224   -4.44    3.61    1.1    5.8    0.32
  226 UBAR          -2 159 218 227 250 237  -13.44   -4.36   10.3   17.5    0.32
  227 UQRK           2 159 214 230 245 226   -2.04    1.74    0.4    2.7    0.32
  228 UBAR          -2 159 218 229 243 222   -1.28   -0.36    1.0    1.7    0.32
  229 UQRK           2 159 214 232 246 228   -0.80    0.60    0.2    1.1    0.32
  230 SBAR          -3 159 218 231 245 227   -2.80   -0.85    2.1    3.6    0.50
  231 SQRK           3 159 214 234 247 230   -1.54    1.22    0.3    2.1    0.50
  232 SBAR          -3 159 218 233 246 229   -3.93   -1.23    3.0    5.1    0.50
  233 SQRK           3 159 214 236 248 232   -1.11   -0.18    0.8    1.4    0.50
  234 UBAR          -2 159 218 235 247 231   -4.14   -1.33    3.2    5.4    0.32
  235 UQRK           2 159 214 238 249 234   -0.48    0.09    0.2    0.6    0.32
  236 UBAR          -2 159 218 237 248 233   -1.74   -0.53    1.3    2.3    0.32
  237 UQRK           2 159 214 226 250 236   -0.48    0.12    0.2    0.6    0.32
  238 DBAR          -1 159 218 239 249 235   -6.19   -2.00    4.7    8.1    0.32
  239 DQRK           1 159 214 240 251 238   -0.54    0.00    0.3    0.7    0.32
  240 DBAR          -1 159 218 241 251 239   -3.27   -1.04    2.5    4.3    0.32
  241 DQRK           1 159 214 223 252 240   -0.89   -0.21    0.6    1.2    0.32

                             ---CLUSTER FORMATION---  

 IHEP    ID      IDPDG IST MO1 MO2 DA1 DA2   P-X     P-Y     P-Z  ENERGY    MASS
  242 CLUS          91 183 220 224 253 254  -68.54   56.21   15.4   90.1    5.46
  243 CLUS          91 183 222 228 255 256   -2.75    0.87    1.2    3.6    1.83
  244 CLUS          91 183 225 221 257 258   -8.90    7.42    1.7   11.7    0.76
  245 CLUS          91 183 227 230 259 260   -4.84    0.89    2.5    6.4    3.19
  246 CLUS          91 183 229 232 261 262   -4.73   -0.63    3.2    6.2    2.31
  247 CLUS          91 183 231 234 263 264   -5.69   -0.11    3.5    7.4    3.31
  248 CLUS          91 183 233 236 265 266   -2.85   -0.71    2.1    3.7    0.92
  249 CLUS          91 183 235 238 267 268   -6.67   -1.90    5.0    8.7    1.59
  250 CLUS          91 183 237 226 269 270  -13.92   -4.24   10.5   18.1    2.40
  251 CLUS          91 183 239 240 271 272   -3.81   -1.04    2.8    5.0    1.04
  252 CLUS          91 183 241 223 273 274  -74.89  -24.01   57.3   97.5    5.84

                              ---CLUSTER DECAYS---    

 IHEP    ID      IDPDG IST MO1 MO2 DA1 DA2   P-X     P-Y     P-Z  ENERGY    MASS
  253 B_DBAR0     -511 200 242 214 354 354  -66.81   54.75   15.1   87.8    5.28
  254 PI0          111   1 242 214   0   0   -1.73    1.47    0.3    2.3    0.13
  255 K*+          323 197 243 214 355 356   -1.01    0.35    0.4    1.5    0.89
  256 K*-         -323 197 243 214 357 358   -1.74    0.52    0.8    2.2    0.89
  257 PI0          111   1 244 214   0   0   -6.92    5.99    1.1    9.2    0.13
  258 PI-         -211   1 244 214   0   0   -1.99    1.44    0.6    2.5    0.14
  259 P           2212   1 245 214   0   0   -2.76    1.53    0.9    3.4    0.94
  260 SIGMABR0   -3212 197 245 214 359 360   -2.08   -0.65    1.6    3.0    1.19
  261 A_2+         215 197 246 214 361 363   -3.50   -0.37    3.0    4.8    1.32
  262 K0           311 197 246 214 364 364   -1.23   -0.27    0.2    1.4    0.50
  263 SIGMA*+     3224 197 247 214 365 366   -2.95   -0.48    0.8    3.4    1.38
  264 DLTABR--   -2224 197 247 214 367 368   -2.73    0.37    2.7    4.1    1.23
  265 K-          -321   1 248 214   0   0   -2.21   -0.49    1.2    2.6    0.49
  266 PI0          111   1 248 214   0   0   -0.63   -0.22    0.8    1.1    0.13
  267 RHO0         113 197 249 214 369 370   -3.59   -1.05    2.9    4.8    0.77
  268 RHO+         213 197 249 214 371 372   -3.09   -0.85    2.1    3.9    0.77
  269 RHO_3+       217 197 250 214 373 374  -13.69   -4.25   10.1   17.6    1.69
  270 PI-         -211   1 250 214   0   0   -0.24    0.01    0.4    0.5    0.14
  271 RHO-        -213 197 251 214 375 376   -2.54   -0.81    1.8    3.3    0.77
  272 PI+          211   1 251 214   0   0   -1.27   -0.23    1.1    1.7    0.14
  273 PI0          111   1 252 214   0   0   -0.28   -0.04    0.2    0.4    0.13
  274 B*0          513 197 252 214 377 378  -74.61  -23.96   57.1   97.1    5.32

                           ---STRONG HADRON DECAYS--- 

 IHEP    ID      IDPDG IST MO1 MO2 DA1 DA2   P-X     P-Y     P-Z  ENERGY    MASS
  275 N           2112   1 138  10   0   0   -0.33   -0.10  320.9  320.9    0.94
  276 PI0          111   1 138  10   0   0   -0.08   -0.08   31.2   31.2    0.13
  277 LAMBDABR   -3122 198 139  10 379 380    0.60    0.26 1357.6 1357.6    1.12
  278 PI0          111   1 139  10   0   0    0.10   -0.09  310.8  310.8    0.13
  279 PI+          211   1 140  17   0   0   21.73  -12.11  -38.6   46.0    0.14
  280 PI-         -211   1 140  17   0   0   12.13   -6.50  -22.3   26.2    0.14
  281 PI+          211   1 141  17   0   0    2.61   -1.56   -5.1    6.0    0.14
  282 PI-         -211   1 141  17   0   0    2.18   -1.28   -4.2    4.9    0.14
  283 PI0          111   1 141  17   0   0    2.68   -1.26   -4.2    5.2    0.13
  284 PI+          211   1 143  21   0   0   10.53   10.48  210.0  210.6    0.14
  285 PI-         -211   1 143  21   0   0    2.74    2.80   54.2   54.3    0.14
  286 PI0          111   1 143  21   0   0    5.46    5.41  113.4  113.7    0.13
  287 P           2212   1 149  17   0   0   -0.16    0.25-2228.0 2228.0    0.94
  288 PI0          111   1 149  17   0   0    0.13   -0.09-1011.4 1011.4    0.13
  289 KBAR0       -311 198 150  10 381 381   -0.26   -0.07  341.6  341.6    0.50
  290 PI0          111   1 150  10   0   0    0.22   -0.32  238.1  238.1    0.13
  291 PI0          111   1 151  10   0   0    0.15   -0.17  624.9  624.9    0.13
  292 GAMMA         22   1 151  10   0   0    0.01    0.55  531.4  531.4    0.00
  293 NBAR       -2112   1 153  17   0   0    4.65   -2.63   -7.8    9.5    0.94
  294 PI-         -211   1 153  17   0   0    1.59   -1.15   -3.2    3.7    0.14
  295 KBAR0       -311 198 154  17 382 382    3.87   -2.27   -7.3    8.6    0.50
  296 PI0          111   1 154  17   0   0    7.50   -4.08  -14.1   16.5    0.13
  297 P           2212   1 156  17   0   0    0.64    0.11   -2.5    2.8    0.94
  298 PI0          111   1 156  17   0   0    0.26    0.04   -0.2    0.4    0.13
  299 PBAR       -2212   1 157  17   0   0    1.11   -1.27   -7.0    7.2    0.94
  300 PI0          111   1 157  17   0   0    0.18   -0.10   -0.4    0.5    0.13
  301 K_S0         310 198 159  17 383 384    4.19   -1.97   -7.3    8.7    0.50
  302 P           2212   1 160  21   0   0    3.78    5.21   93.2   93.4    0.94
  303 PI-         -211   1 160  21   0   0    0.94    0.94   21.7   21.8    0.14
  304 PI+          211   1 162  17   0   0    0.04   -0.02   -5.3    5.3    0.14
  305 PI0          111   1 162  17   0   0   -0.34   -0.43   -3.1    3.1    0.13
  306 PI0          111   1 164  17   0   0    0.18    0.02   -4.5    4.5    0.13
  307 PI0          111   1 164  17   0   0    0.05    0.09   -2.7    2.7    0.13
  308 PI0          111   1 164  17   0   0   -0.10    0.07   -5.1    5.1    0.13
  309 K0           311 198 166  17 385 385    0.02   -0.44  -11.4   11.4    0.50
  310 PI+          211   1 166  17   0   0    0.20    0.11   -2.3    2.3    0.14
  311 K-          -321   1 167  17   0   0   -0.04   -0.07   -3.3    3.4    0.49
  312 PI0          111   1 167  17   0   0    0.06    0.26   -5.9    5.9    0.13
  313 LAMBDA      3122 198 168  17 386 387   -0.12   -0.01   -7.5    7.6    1.12
  314 PI-         -211   1 168  17   0   0   -0.02   -0.10   -3.6    3.6    0.14
  315 NBAR       -2112   1 169  17   0   0    0.23   -0.07  -13.1   13.1    0.94
  316 PI+          211   1 169  17   0   0    0.31   -0.04   -5.4    5.5    0.14
  317 PI+          211   1 175  17   0   0    0.34    0.44   -3.4    3.5    0.14
  318 PI-         -211   1 175  17   0   0    0.80   -1.11   -3.0    3.3    0.14
  319 K_L0         130   1 177  17   0   0   -0.03   -0.03   -1.5    1.6    0.50
  320 PI-         -211   1 178  17   0   0    2.22   -1.60   -4.2    5.0    0.14
  321 PI0          111   1 178  17   0   0    4.73   -2.21   -7.9    9.5    0.13
  322 K0           311 198 179  17 388 388    4.16   -2.31   -8.5    9.8    0.50
  323 PI+          211   1 179  17   0   0    0.81   -0.42   -1.2    1.5    0.14
  324 ETA          221 198 180  17 389 391   15.05   -7.94  -27.4   32.3    0.55
  325 PI+          211   1 180  17   0   0    6.42   -4.23  -12.2   14.5    0.14
  326 LAMBDA      3122 198 182  17 392 393    3.49   -1.92   -7.2    8.3    1.12
  327 PI0          111   1 182  17   0   0    1.04   -0.85   -2.4    2.7    0.13
  328 PBAR       -2212   1 183  17   0   0    1.04   -0.51   -2.8    3.2    0.94
  329 PI+          211   1 183  17   0   0    0.13    0.15   -0.5    0.5    0.14
  330 K-          -321   1 184  17   0   0   -0.01   -0.32 -686.1  686.1    0.49
  331 PI+          211   1 184  17   0   0    0.01    0.27 -264.0  264.0    0.14
  332 P           2212   1 190  17   0   0   -0.02   -0.14 -111.2  111.2    0.94
  333 PI0          111   1 190  17   0   0    0.14   -0.08  -54.8   54.8    0.13
  334 PBAR       -2212   1 191  17   0   0    0.07    0.33  -38.5   38.5    0.94
  335 PI-         -211   1 191  17   0   0   -0.13   -0.14   -6.0    6.1    0.14
  336 K_L0         130   1 193  17   0   0   -0.20   -0.09  -43.6   43.6    0.50
  337 PI+          211   1 195  17   0   0   -0.25   -0.11   -7.0    7.0    0.14
  338 PI-         -211   1 195  17   0   0    0.44    0.05  -18.0   18.1    0.14
  339 K-          -321   1 196  17   0   0    0.25   -0.12  -20.7   20.7    0.49
  340 PI0          111   1 196  17   0   0    0.02    0.21   -2.9    3.0    0.13
  341 KBAR0       -311 198 198  17 394 394   -0.27    0.23 -116.5  116.5    0.50
  342 PI-         -211   1 198  17   0   0   -0.04   -0.22  -20.3   20.3    0.14
  343 PI+          211   1 202  17   0   0    1.09   -0.51   -3.0    3.2    0.14
  344 PI0          111   1 202  17   0   0    2.39   -1.34   -4.4    5.2    0.13
  345 K0           311 198 204  17 395 395    0.29   -0.46  -43.2   43.2    0.50
  346 PI+          211   1 204  17   0   0    0.04    0.18   -8.4    8.4    0.14
  347 K-          -321   1 205  17   0   0   -0.46    0.07  -76.6   76.6    0.49
  348 PI0          111   1 205  17   0   0    0.17    0.19  -27.9   27.9    0.13
  349 K-          -321   1 206  17   0   0   -0.00   -0.46   -2.9    3.0    0.49
  350 PI+          211   1 206  17   0   0   -0.29    0.05   -0.8    0.9    0.14
  351 K+           321   1 207  17   0   0    1.10   -0.29   -5.6    5.8    0.49
  352 PI-         -211   1 207  17   0   0    0.23    0.13   -0.6    0.7    0.14
  353 K_L0         130   1 210  17   0   0   -0.42   -0.12   -5.8    5.8    0.50
  354 B_DBAR0     -511 199 253 214 415 416  -66.81   54.75   15.1   87.8    5.28
  355 K0           311 198 255 214 396 396   -0.80    0.51    0.2    1.1    0.50
  356 PI+          211   1 255 214   0   0   -0.21   -0.16    0.2    0.4    0.14
  357 KBAR0       -311 198 256 214 397 397   -1.41    0.37    0.3    1.6    0.50
  358 PI-         -211   1 256 214   0   0   -0.33    0.16    0.4    0.6    0.14
  359 LAMBDABR   -3122 198 260 214 398 399   -2.01   -0.61    1.6    2.9    1.12
  360 GAMMA         22   1 260 214   0   0   -0.07   -0.03   -0.0    0.1    0.00
  361 OMEGA        223 198 261 214 400 401   -1.39   -0.08    1.2    2.0    0.78
  362 PI+          211   1 261 214   0   0   -1.10   -0.26    1.0    1.5    0.14
  363 PI0          111   1 261 214   0   0   -1.01   -0.03    0.8    1.3    0.13
  364 K_L0         130   1 262 214   0   0   -1.23   -0.27    0.2    1.4    0.50
  365 LAMBDA      3122 198 263 214 402 403   -2.74   -0.33    0.6    3.0    1.12
  366 PI+          211   1 263 214   0   0   -0.21   -0.15    0.2    0.3    0.14
  367 PBAR       -2212   1 264 214   0   0   -2.26    0.30    1.9    3.1    0.94
  368 PI-         -211   1 264 214   0   0   -0.48    0.07    0.8    0.9    0.14
  369 PI+          211   1 267 214   0   0   -2.74   -0.92    1.9    3.4    0.14
  370 PI-         -211   1 267 214   0   0   -0.84   -0.13    1.0    1.3    0.14
  371 PI+          211   1 268 214   0   0   -1.86   -0.73    1.0    2.2    0.14
  372 PI0          111   1 268 214   0   0   -1.23   -0.12    1.1    1.7    0.13
  373 RHO+         213 198 269 214 404 405   -4.03   -1.21    3.0    5.2    0.77
  374 RHO0         113 198 269 214 406 407   -9.66   -3.04    7.1   12.4    0.77
  375 PI-         -211   1 271 214   0   0   -0.43   -0.43    0.3    0.7    0.14
  376 PI0          111   1 271 214   0   0   -2.11   -0.38    1.4    2.6    0.13
  377 B_D0         511 200 274 214 408 408  -74.20  -23.86   56.8   96.6    5.28
  378 GAMMA         22   1 274 214   0   0   -0.41   -0.10    0.3    0.5    0.00
  379 PBAR       -2212   1 277  10   0   0    0.49    0.23 1248.4 1248.4    0.94
  380 PI+          211   1 277  10   0   0    0.11    0.02  109.2  109.2    0.14
  381 K_L0         130   1 289  10   0   0   -0.26   -0.07  341.6  341.6    0.50
  382 K_L0         130   1 295  17   0   0    3.87   -2.27   -7.3    8.6    0.50
  383 PI+          211   1 301  17   0   0    0.62   -0.21   -1.2    1.4    0.14
  384 PI-         -211   1 301  17   0   0    3.57   -1.76   -6.1    7.3    0.14
  385 K_S0         310 198 309  17 409 410    0.02   -0.44  -11.4   11.4    0.50
  386 P           2212   1 313  17   0   0   -0.06   -0.05   -5.8    5.8    0.94
  387 PI-         -211   1 313  17   0   0   -0.06    0.03   -1.8    1.8    0.14
  388 K_L0         130   1 322  17   0   0    4.16   -2.31   -8.5    9.8    0.50
  389 PI0          111   1 324  17   0   0    5.17   -2.56   -9.1   10.8    0.13
  390 PI0          111   1 324  17   0   0    4.96   -2.69   -9.2   10.8    0.13
  391 PI0          111   1 324  17   0   0    4.92   -2.69   -9.0   10.6    0.13
  392 N           2112   1 326  17   0   0    2.88   -1.67   -6.1    7.0    0.94
  393 PI0          111   1 326  17   0   0    0.61   -0.25   -1.0    1.2    0.13
  394 K_S0         310 198 341  17 411 412   -0.27    0.23 -116.5  116.5    0.50
  395 K_L0         130   1 345  17   0   0    0.29   -0.46  -43.2   43.2    0.50
  396 K_L0         130   1 355 214   0   0   -0.80    0.51    0.2    1.1    0.50
  397 K_S0         310 198 357 214 413 414   -1.41    0.37    0.3    1.6    0.50
  398 PBAR       -2212   1 359 214   0   0   -1.57   -0.46    1.4    2.3    0.94
  399 PI+          211   1 359 214   0   0   -0.44   -0.15    0.2    0.5    0.14
  400 PI0          111   1 361 214   0   0   -0.45    0.32    0.4    0.7    0.13
  401 GAMMA         22   1 361 214   0   0   -0.93   -0.40    0.9    1.3    0.00
  402 P           2212   1 365 214   0   0   -2.57   -0.33    0.6    2.8    0.94
  403 PI-         -211   1 365 214   0   0   -0.17    0.00    0.0    0.2    0.14
  404 PI+          211   1 373 214   0   0   -0.17   -0.13    0.3    0.4    0.14
  405 PI0          111   1 373 214   0   0   -3.86   -1.08    2.7    4.8    0.13
  406 PI+          211   1 374 214   0   0   -6.61   -1.82    5.1    8.5    0.14
  407 PI-         -211   1 374 214   0   0   -3.05   -1.22    2.0    3.9    0.14
  408 B_D0         511 199 377 214 450 451  -74.20  -23.86   56.8   96.6    5.28
  409 PI0          111   1 385  17   0   0    0.13   -0.39   -5.7    5.7    0.13
  410 PI0          111   1 385  17   0   0   -0.11   -0.05   -5.7    5.7    0.13
  411 PI0          111   1 394  17   0   0    0.06    0.18  -32.7   32.7    0.13
  412 PI0          111   1 394  17   0   0   -0.33    0.05  -83.7   83.7    0.13
  413 PI0          111   1 397 214   0   0   -0.41   -0.07    0.0    0.4    0.13
  414 PI0          111   1 397 214   0   0   -1.00    0.43    0.3    1.1    0.13

                           ---HEAVY PARTICLE DECAYS---

 IHEP    ID      IDPDG IST MO1 MO2 DA1 DA2   P-X     P-Y     P-Z  ENERGY    MASS
  415 BQRK           5 155 354 416 417 419  -62.76   51.43   14.2   82.5    4.96
  416 DBAR          -1 125 354 419 420 419   -4.05    3.32    0.9    5.3    0.32
  417 CQRK           4 123 415 418 421 418  -10.55    7.95    1.4   13.4    1.55
  418 UBAR          -2 124 415 417 423 417  -31.05   25.44    7.8   40.9    0.32
  419 DQRK           1 124 415 415 425 415  -21.16   18.04    5.0   28.3    0.32
  420 DBAR          -1 160 416 429 433 429   -4.05    3.32    0.9    5.3    0.32

                              ---PARTON SHOWERS---    

 IHEP    ID      IDPDG IST MO1 MO2 DA1 DA2   P-X     P-Y     P-Z  ENERGY    MASS
  421 CQRK          94 143 417 415 422 422  -10.55    7.95    1.4   13.4    1.55
  422 CQRK           4   2 421 424 427 424  -10.55    7.95    1.4   13.4    1.55
  423 UBAR          94 144 418 415 424 424  -31.05   25.44    7.8   40.9    0.32
  424 UBAR          -2   2 423 427 428 427  -31.05   25.44    7.8   40.9    0.32
  425 DQRK          94 144 419 415 426 426  -21.16   18.04    5.0   28.3    0.32
  426 DQRK           1   2 425 420 429 420  -21.16   18.04    5.0   28.3    0.32

                              ---GLUON SPLITTING---   

 IHEP    ID      IDPDG IST MO1 MO2 DA1 DA2   P-X     P-Y     P-Z  ENERGY    MASS
  427 CQRK           4 158 421 430 432 428  -12.25    9.60    2.3   15.8    1.55
  428 UBAR          -2 158 423 427 434 431  -16.35   13.39    4.1   21.5    0.32
  429 DQRK           1 158 425 420 433 420  -21.16   18.04    5.0   28.3    0.32
  430 SBAR          -3 159 423 431 432 427   -9.52    7.75    2.3   12.5    0.50
  431 SQRK           3 159 421 428 434 430   -3.47    2.65    0.5    4.4    0.50

                             ---CLUSTER FORMATION---  

 IHEP    ID      IDPDG IST MO1 MO2 DA1 DA2   P-X     P-Y     P-Z  ENERGY    MASS
  432 CLUS          91 183 427 430 435 435  -15.85   12.45    3.0   20.5    1.97
  433 CLUS          91 183 429 420 436 437  -25.21   21.36    5.9   33.6    0.91
  434 CLUS          91 183 431 428 438 439  -25.74   20.94    6.2   33.8    1.50

                              ---CLUSTER DECAYS---    

 IHEP    ID      IDPDG IST MO1 MO2 DA1 DA2   P-X     P-Y     P-Z  ENERGY    MASS
  435 D_S+         431 196 432 421 440 443  -15.85   12.45    3.0   20.5    1.97
  436 PI0          111   1 433 425   0   0  -15.41   13.15    3.6   20.6    0.13
  437 ETA          221 197 433 425 444 446   -9.80    8.21    2.3   13.0    0.55
  438 K-          -321   1 434 421   0   0   -4.02    3.16    0.8    5.2    0.49
  439 ETA          221 197 434 421 447 449  -21.72   17.77    5.4   28.6    0.55

                           ---STRONG HADRON DECAYS--- 

 IHEP    ID      IDPDG IST MO1 MO2 DA1 DA2   P-X     P-Y     P-Z  ENERGY    MASS
  440 K+           321   1 435 421   0   0   -9.50    7.01    1.7   11.9    0.49
  441 K-          -321   1 435 421   0   0   -3.88    3.65    0.6    5.4    0.49
  442 PI+          211   1 435 421   0   0   -1.39    1.06    0.3    1.8    0.14
  443 PI0          111   1 435 421   0   0   -1.08    0.73    0.4    1.4    0.13
  444 PI0          111   1 437 425   0   0   -4.01    3.15    1.0    5.2    0.13
  445 PI0          111   1 437 425   0   0   -3.77    3.29    0.8    5.1    0.13
  446 PI0          111   1 437 425   0   0   -2.03    1.77    0.4    2.7    0.13
  447 PI+          211   1 439 421   0   0   -2.83    2.34    0.7    3.7    0.14
  448 PI-         -211   1 439 421   0   0   -8.15    6.55    2.0   10.6    0.14
  449 PI0          111   1 439 421   0   0  -10.74    8.88    2.8   14.2    0.13

                           ---HEAVY PARTICLE DECAYS---

 IHEP    ID      IDPDG IST MO1 MO2 DA1 DA2   P-X     P-Y     P-Z  ENERGY    MASS
  450 DQRK           1 125 408 454 455 454   -4.50   -1.45    3.4    5.9    0.32
  451 BBAR          -5 155 408 450 452 454  -69.71  -22.41   53.4   90.8    4.96
  452 CBAR          -4 123 451 453 456 453  -11.18   -3.20    9.1   14.8    1.55
  453 UQRK           2 124 451 452 458 452  -55.36  -17.93   42.3   72.0    0.32
  454 DBAR          -1 124 451 451 460 451   -3.16   -1.28    2.0    4.0    0.32
  455 DQRK           1 160 450 464 467 464   -4.50   -1.45    3.4    5.9    0.32

                              ---PARTON SHOWERS---    

 IHEP    ID      IDPDG IST MO1 MO2 DA1 DA2   P-X     P-Y     P-Z  ENERGY    MASS
  456 CBAR          94 143 452 451 457 457  -11.18   -3.20    9.1   14.8    1.55
  457 CBAR          -4   2 456 459 462 459  -11.18   -3.20    9.1   14.8    1.55
  458 UQRK          94 144 453 451 459 459  -55.36  -17.93   42.3   72.0    0.32
  459 UQRK           2   2 458 462 463 462  -55.36  -17.93   42.3   72.0    0.32
  460 DBAR          94 144 454 451 461 461   -3.16   -1.28    2.0    4.0    0.32
  461 DBAR          -1   2 460 455 464 455   -3.16   -1.28    2.0    4.0    0.32

                              ---GLUON SPLITTING---   

 IHEP    ID      IDPDG IST MO1 MO2 DA1 DA2   P-X     P-Y     P-Z  ENERGY    MASS
  462 CBAR          -4 158 456 463 469 466  -16.29   -5.01   12.8   21.4    1.55
  463 UQRK           2 158 458 465 468 462  -38.12  -12.35   29.1   49.5    0.32
  464 DBAR          -1 158 460 455 467 455   -3.16   -1.28    2.0    4.0    0.32
  465 UBAR          -2 159 456 466 468 463   -1.76   -0.43    1.5    2.4    0.32
  466 UQRK           2 159 458 462 469 465  -10.37   -3.34    7.9   13.5    0.32

                             ---CLUSTER FORMATION---  

 IHEP    ID      IDPDG IST MO1 MO2 DA1 DA2   P-X     P-Y     P-Z  ENERGY    MASS
  467 CLUS          91 183 455 464 470 471   -7.66   -2.73    5.4    9.8    0.87
  468 CLUS          91 183 463 465 472 473  -39.88  -12.78   30.7   51.9    1.81
  469 CLUS          91 183 466 462 474 475  -26.67   -8.35   20.7   34.9    2.07

                              ---CLUSTER DECAYS---    

 IHEP    ID      IDPDG IST MO1 MO2 DA1 DA2   P-X     P-Y     P-Z  ENERGY    MASS
  470 PI0          111   1 467 450   0   0   -4.77   -1.48    3.7    6.2    0.13
  471 PI0          111   1 467 450   0   0   -2.89   -1.25    1.7    3.6    0.13
  472 PI+          211   1 468 458   0   0  -18.34   -5.94   14.0   23.8    0.14
  473 A_2-        -215 197 468 458 476 477  -21.54   -6.84   16.6   28.1    1.32
  474 PI+          211   1 469 458   0   0   -4.07   -1.31    3.1    5.3    0.14
  475 D-          -411 197 469 458 478 479  -22.59   -7.04   17.6   29.6    1.87

                           ---STRONG HADRON DECAYS--- 

 IHEP    ID      IDPDG IST MO1 MO2 DA1 DA2   P-X     P-Y     P-Z  ENERGY    MASS
  476 ETA          221 198 473 458 480 482  -15.98   -4.61   12.0   20.5    0.55
  477 PI-         -211   1 473 458   0   0   -5.56   -2.23    4.7    7.6    0.14
  478 PI-         -211   1 475 458   0   0   -6.45   -2.45    4.5    8.3    0.14
  479 PHI          333 198 475 458 483 484  -16.14   -4.59   13.1   21.3    1.02
  480 PI0          111   1 476 458   0   0   -5.72   -1.77    4.3    7.4    0.13
  481 PI0          111   1 476 458   0   0   -3.73   -0.97    2.9    4.8    0.13
  482 PI0          111   1 476 458   0   0   -6.53   -1.86    4.8    8.3    0.13
  483 K_L0         130   1 479 458   0   0   -9.57   -2.67    7.8   12.6    0.50
  484 K_S0         310 198 479 458 485 486   -6.57   -1.92    5.3    8.7    0.50
  485 PI+          211   1 484 458   0   0   -4.31   -1.33    3.3    5.6    0.14
  486 PI-         -211   1 484 458   0   0   -2.25   -0.60    2.0    3.1    0.14

 HWWARN CALLED FROM SUBPROGRAM HWDFIV: CODE = 101
 EVENT    2041:   SEEDS = 1240361780 &   79279746  WEIGHT = 0.5930E-03
 EVENT KILLED.   EXECUTION CONTINUES

 HWWARN CALLED FROM SUBPROGRAM HWDFIV: CODE = 101
 EVENT    6241:   SEEDS = 2081950659 &  727695728  WEIGHT = 0.5930E-03
 EVENT KILLED.   EXECUTION CONTINUES

 HWWARN CALLED FROM SUBPROGRAM HWDFIV: CODE = 101
 EVENT    6322:   SEEDS = 2091406669 &  149211764  WEIGHT =-0.5930E-03
 EVENT KILLED.   EXECUTION CONTINUES

 HWWARN CALLED FROM SUBPROGRAM HWDFIV: CODE = 101
 EVENT    7085:   SEEDS = 1032483868 &  303862376  WEIGHT = 0.5930E-03
 EVENT KILLED.   EXECUTION CONTINUES

          OUTPUT ON LES HOUCHES EVENTS


      PROC CODE  XSECT(pb)        XERR(pb)      Max wgt(nb) No. of events


          OUTPUT ON ELEMENTARY PROCESS

          N.B. NEGATIVE WEIGHTS ALLOWED

          NUMBER OF EVENTS   =        9996
          NEGATIVE  EVENTS   =        2676
          NUMBER OF WEIGHTS  =       10000
          NEGATIVE  WEIGHTS  =        2678
          MEAN VALUE OF WGT  =  2.7538E-04
          RMS SPREAD IN WGT  =  5.2515E-04
          MEAN ABS WEIGHT    =  5.9297E-04
          ACTUAL MAX ABS WGT =  1.0000E+00
          ASSUMED MAXABS WGT =  2.7538E-04

          PROCESS CODE IPROC =      -18000
          CROSS SECTION (PB) =  0.2754    
          ERROR IN C-S  (PB) =  5.2515E-03
          EFFICIENCY PERCENT =   100.0    
 # of events processed=        9996
