 Enter filename for events
 Enter maximum number of events to generate
 MUST coincide with the number of events on tape
 Enter 0 to use Herwig default PDFs
       1 to use PDFs from library
 Enter colliding particles (PART1, PART2)
 Enter beam momenta (PBEAM1, PBEAM2)


          HERWIG 6.521  11th Mar. 2013

          Please reference:  G. Marchesini, B.R. Webber,
          G.Abbiendi, I.G.Knowles, M.H.Seymour & L.Stanco
          Computer Physics Communications 67 (1992) 465
                             and
          G.Corcella, I.G.Knowles, G.Marchesini, S.Moretti,
          K.Odagiri, P.Richardson, M.H.Seymour & B.R.Webber,
          JHEP 0101 (2001) 010
 Enter .TRUE. for underlying event, .FALSE. otherwise

 Underlying event WILL NOT be generated

 Enter Lambda_QCD, <0 for Herwig default
 Enter Z mass, width
 Enter W mass, width
 Enter top mass, width
 Enter Higgs (SM) boson mass, width
 Enter quark (d,u,s,c,b) and gluon masses
 Enter lepton (e,mu,tau) masses
 Enter number of events to print
 Enter accepted error fraction
 Is it single-top (.TRUE. or .FALSE)?
 Is it b-bbar (.TRUE. or .FALSE)?
 Enter the two random seeds (0 0 for default)

          INPUT CONDITIONS FOR THIS RUN

          BEAM 1 (P       ) MOM. =   6500.00
          BEAM 2 (P       ) MOM. =   6500.00
          PROCESS CODE (IPROC)   =  -18000
          NUMBER OF FLAVOURS     =    6
          STRUCTURE FUNCTION SET =    8
          AZIM SPIN CORRELATIONS =    T
          AZIM SOFT CORRELATIONS =    T
          QCD LAMBDA (GEV)       =    0.1800
          DOWN     QUARK  MASS   =    0.3200
          UP       QUARK  MASS   =    0.3200
          STRANGE  QUARK  MASS   =    0.5000
          CHARMED  QUARK  MASS   =    1.5500
          BOTTOM   QUARK  MASS   =    4.9500
          TOP      QUARK  MASS   =  173.0000
          GLUON EFFECTIVE MASS   =    0.7500
          EXTRA SHOWER CUTOFF (Q)=    0.4800
          EXTRA SHOWER CUTOFF (G)=    0.1000
          PHOTON SHOWER CUTOFF   =    0.4000
          CLUSTER MASS PARAMETER =    3.3500
          SPACELIKE EVOLN CUTOFF =    2.5000
          INTRINSIC P-TRAN (RMS) =    0.0000
          DECAY SPIN CORRELATIONS=    T
          SUSY THREE BODY ME     =    T
          SUSY FOUR  BODY ME     =    F

          NO EVENTS WILL BE WRITTEN TO DISK

          B_d: Delt-M/Gam =0.7000 Delt-Gam/2*Gam =0.0000
          B_s: Delt-M/Gam = 10.00 Delt-Gam/2*Gam =0.2000

          PDFLIB NOT USED FOR BEAM 1
          PDFLIB NOT USED FOR BEAM 2


          Checking consistency of particle properties


          Checking consistency of decay tables


          WRITING SUDAKOV TABLE ON UNIT  77

          WRITING MATRIX ELEMENT TABLE ON UNIT  88

          CHECKING SUSY DECAY MATRIX ELEMENTS
 Do you want a stable Pi0 (.TRUE. or .FALSE)?
 Do you want a stable W+ (.TRUE. or .FALSE)?
 Do you want a stable W- (.TRUE. or .FALSE)?
 Do you want a stable Z0 (.TRUE. or .FALSE)?
 Do you want a stable Tau+ (.TRUE. or .FALSE)?
 Do you want a stable Tau- (.TRUE. or .FALSE)?
 Do you want a stable Mu+ (.TRUE. or .FALSE)?
 Do you want a stable Mu- (.TRUE. or .FALSE)?
 Do you want a stable Higgs (.TRUE. or .FALSE)?

          PARTICLE TYPE  21=PI0      SET STABLE
 How many decay modes do you want to set?
 How are the events normalized ("average" or "sum")?
 stdhep initialized

          SUBROUTINE TIMEL CALLED BUT NOT LINKED.
          DUMMY TIMEL WILL BE USED. DELETE DUMMY
          AND LINK CERNLIB FOR CPU TIME REMAINING.

 HWWARN CALLED FROM SUBPROGRAM HWSMRS: CODE =   5
 EVENT       1:   SEEDS = 1973774260 & 1099242306  WEIGHT = 0.5939E-03
 EVENT SURVIVES. EXECUTION CONTINUES
 WARNING: MRST98 CALLED WITH Q OUTSIDE ALLOWED RANGE!
 Q VALUE=1.430E+04, MINIMUM=1.118E+00, MAXIMUM=3.162E+03
 NO FURTHER WARNINGS WILL BE ISSUED



 EVENT       1: 6500.00 GEV/C P        ON  6500.00 GEV/C P        PROCESS:-18000
 SEEDS:  1973774260 &  1099242306   STATUS:  100 ERROR:   0  WEIGHT:  5.9391E-04


                               ---INITIAL STATE---    

 IHEP    ID      IDPDG IST MO1 MO2 DA1 DA2   P-X     P-Y     P-Z  ENERGY    MASS
    1 P           2212 101   0   0   0   0    0.00    0.00 6500.0 6500.0    0.94
    2 P           2212 102   0   0   0   0    0.00    0.00-6500.0 6500.0    0.94
    3 CMF            0 103   1   2   0   0    0.00    0.00    0.013000.013000.00

                              ---HARD SUBPROCESS---   

 IHEP    ID      IDPDG IST MO1 MO2 DA1 DA2   P-X     P-Y     P-Z  ENERGY    MASS
    4 UQRK           2 121   6   8  10   9    0.00    0.00 1193.1 1193.1    0.32
    5 DQRK           1 122   6   9  14   8    0.00    0.00 -367.6  367.6    0.32
    6 HARD           0 120   4   5   7   9   -5.57   -1.41  825.5 1560.8 1324.59
    7 HIGGS         25 123   6   7  19   7  149.73 -143.90  231.7  335.3  125.00
    8 UQRK           2 124   6   5  20   4  -35.80    7.57 -306.1  308.2    0.32
    9 DQRK           1 124   6   4  22   5 -113.93  136.34  899.8  917.2    0.32

                              ---PARTON SHOWERS---    

 IHEP    ID      IDPDG IST MO1 MO2 DA1 DA2   P-X     P-Y     P-Z  ENERGY    MASS
   10 UQRK          94 141   4   6  12  13   -2.86    2.71 1193.2 1193.2   -6.04
   11 CONE           0 100   4   9   0   0   -0.64    0.77    4.1    4.2    0.00
   12 GLUON         21   2  10  13  33  34    2.86   -2.71  913.5  913.5    0.75
   13 UD          2101   2  10  21  35  34    0.00    0.00 4393.3 4393.3    0.32
   14 DQRK          94 142   5   6  16  18   -2.71   -4.12 -367.7  367.6  -12.65
   15 CONE           0 100   5   8   0   0   -0.98    0.21   -6.2    6.3    0.00
   16 GLUON         21   2  14  17  36  37    4.22    6.55 -171.0  171.1    0.75
   17 GLUON         21   2  14  18  38  39   -1.51   -2.43 -787.0  787.0    0.75
   18 UU          2203   2  14  24  40  39    0.00    0.00-5174.3 5174.3    0.28
   19 HIGGS         25 195   7   6 153 154  147.43 -143.13  230.3  333.0  125.00
   20 UQRK          94 144   8   6  21  21  -36.63    7.23 -303.8  306.1    0.32
   21 UQRK           2   2  20  36  41  35  -36.63    7.23 -303.8  306.1    0.32
   22 DQRK          94 144   9   6  24  32 -116.37  134.49  899.0  921.7   98.89
   23 CONE           0 100   9   4   0   0    0.18   -0.21    3.8    3.8    0.00
   24 DQRK           1   2  22  25  42  40  -28.29   69.84  340.8  349.0    0.32
   25 GLUON         21   2  22  26  43  44   -5.79   16.36   74.4   76.4    0.75
   26 GLUON         21   2  22  27  45  46   -6.62   19.23   98.7  100.8    0.75
   27 GLUON         21   2  22  28  47  48   -1.27    5.44   30.7   31.2    0.75
   28 UBAR          -2   2  22  29  49  48   -0.52    1.38    8.3    8.4    0.32
   29 UQRK           2   2  22  30  50  49   -5.60    8.78   76.7   77.4    0.32
   30 GLUON         21   2  22  31  51  52   -8.84    3.96   39.8   41.0    0.75
   31 GLUON         21   2  22  32  53  54  -57.98    9.14  226.5  234.0    0.75
   32 GLUON         21   2  22  33  55  56   -1.46    0.36    3.1    3.5    0.75

                              ---GLUON SPLITTING---   

 IHEP    ID      IDPDG IST MO1 MO2 DA1 DA2   P-X     P-Y     P-Z  ENERGY    MASS
   33 UBAR          -2 158  10  34 101  74    0.78   -0.81  241.1  241.1    0.32
   34 UQRK           2 158  10  57  81  33    1.23   -1.04  409.5  409.5    0.32
   35 UD          2101 161  10  41  93  58    0.02   -0.02 3589.9 3589.9    0.64
   36 UBAR          -2 158  14  37 102  76    0.35    0.68  -16.8   16.9    0.32
   37 UQRK           2 158  14  61  82  36    2.02    2.91  -79.1   79.2    0.32
   38 DBAR          -1 158  14  39  95  62   -0.23   -0.51 -166.8  166.8    0.32
   39 DQRK           1 158  14  59  83  38   -0.97   -1.41 -462.5  462.5    0.32
   40 UU          2203 162  14  42  94  60   -0.01   -0.02-4861.1 4861.1    0.64
   41 UQRK           2 158  20  63  84  35  -21.41    4.23 -177.6  178.9    0.32
   42 DQRK           1 158  22  43  85  40  -28.29   69.84  340.8  349.0    0.32
   43 UBAR          -2 158  22  44  85  42   -4.09   11.80   53.8   55.2    0.32
   44 UQRK           2 158  22  45  86  43   -1.70    4.56   20.6   21.1    0.32
   45 DBAR          -1 158  22  46  86  44   -1.58    4.66   24.0   24.5    0.32
   46 DQRK           1 158  22  47  87  45   -5.04   14.58   74.8   76.3    0.32
   47 UBAR          -2 158  22  48  87  46   -0.53    1.65    9.5    9.7    0.32
   48 UQRK           2 158  22  49  88  47   -0.75    3.78   21.1   21.5    0.32
   49 UBAR          -2 158  22  50  88  48   -0.52    1.38    8.3    8.4    0.32
   50 UQRK           2 158  22  65  89  49   -5.11    8.00   69.9   70.6    0.32
   51 UBAR          -2 158  22  52  97  66   -4.25    2.07   19.5   20.1    0.32
   52 UQRK           2 158  22  53  90  51   -3.61    1.42   15.9   16.3    0.32
   53 UBAR          -2 158  22  54  90  52  -31.91    4.84  124.5  128.6    0.32
   54 UQRK           2 158  22  67  91  53  -18.93    3.13   74.1   76.5    0.32
   55 UBAR          -2 158  22  56  98  68   -0.39    0.04    0.9    1.0    0.32
   56 UQRK           2 158  22  69  92  55   -0.90    0.28    2.0    2.3    0.32
   57 UBAR          -2 159  10  58  81  34    0.03   -0.03  630.4  630.4    0.32
   58 UQRK           2 159  10  35  93  57    0.10   -0.09  219.6  219.6    0.32
   59 UBAR          -2 159  14  60  83  39   -0.08   -0.11 -234.8  234.8    0.32
   60 UQRK           2 159  14  40  94  59   -0.13   -0.19 -175.5  175.5    0.32
   61 UBAR          -2 159  14  62  82  37   -0.07   -0.16  -59.6   59.6    0.32
   62 UQRK           2 159  14  38  95  61    0.63    0.90  -26.3   26.3    0.32
   63 SBAR          -3 159  14  64  84  41   -0.81    0.24   -8.7    8.8    0.50
   64 SQRK           3 159  20  71  96  63   -7.71    1.53  -64.2   64.7    0.50
   65 UBAR          -2 159  22  66  89  50   -0.59    0.71    6.3    6.4    0.32
   66 UQRK           2 159  22  51  97  65   -0.88    0.53    4.9    5.0    0.32
   67 DBAR          -1 159  22  68  91  54   -0.98    0.16    3.7    3.8    0.32
   68 DQRK           1 159  22  55  98  67   -6.17    1.02   24.1   24.9    0.32
   69 SBAR          -3 159  10  70  92  56   -0.06    0.00    6.3    6.3    0.50
   70 SQRK           3 159  22  73  99  69   -0.03   -0.01    8.3    8.3    0.50
   71 SBAR          -3 159  14  72  96  64   -0.01    0.35   -9.2    9.2    0.50
   72 SQRK           3 159  20  79 100  71   -2.40    0.50  -20.6   20.7    0.50
   73 SBAR          -3 159  10  74  99  70    0.54   -0.56  165.8  165.8    0.50
   74 SQRK           3 159  22  33 101  73    0.10   -0.12   36.2   36.2    0.50
   75 DBAR          -1 159  14  76 103  78    0.44    0.82  -20.3   20.3    0.32
   76 DQRK           1 159  20  36 102  75   -0.18    0.15   -4.4    4.5    0.32
   77 SBAR          -3 159  14  78 104  80    0.17    0.52  -13.2   13.3    0.50
   78 SQRK           3 159  20  75 103  77   -0.90    0.25   -9.3    9.3    0.50
   79 SBAR          -3 159  14  80 100  72   -0.42    0.22   -7.0    7.0    0.50
   80 SQRK           3 159  20  77 104  79   -2.20    0.46  -19.0   19.2    0.50

                             ---CLUSTER FORMATION---  

 IHEP    ID      IDPDG IST MO1 MO2 DA1 DA2   P-X     P-Y     P-Z  ENERGY    MASS
   81 CLUS          91 183  34  57 105 106    1.26   -1.06 1039.8 1039.8    2.07
   82 CLUS          91 183  37  61 107 108    1.95    2.76 -138.7  138.8    3.33
   83 CLUS          91 183  39  59 109 110   -1.05   -1.52 -697.2  697.2    1.24
   84 CLUS          91 183  41  63 111 112  -22.22    4.46 -186.3  187.7    2.58
   85 CLUS          91 183  42  43 113 114  -32.38   81.64  394.6  404.3    2.34
   86 CLUS          91 183  44  45 115 116   -3.28    9.21   44.6   45.6    0.95
   87 CLUS          91 183  46  47 117 118   -5.57   16.23   84.3   86.0    1.20
   88 CLUS          91 183  48  49 119 120   -1.27    5.17   29.4   29.9    0.81
   89 CLUS          91 183  50  65 121 122   -5.70    8.72   76.2   76.9    1.24
   90 CLUS          91 183  52  53 123 124  -35.52    6.26  140.3  144.9    2.77
   91 CLUS          91 183  54  67 125 126  -19.91    3.28   77.8   80.4    1.51
   92 CLUS          91 183  56  69 127 128   -0.96    0.28    8.3    8.6    1.80
   93 CLUS          91 184  58  35 129 130    0.12   -0.10 3809.6 3809.6    1.58
   94 CLUS          91 185  60  40 131 132   -0.14   -0.21-5036.6 5036.6    2.20
   95 CLUS          91 183  62  38 133 134    0.40    0.39 -193.1  193.1    3.13
   96 CLUS          91 183  64  71 135 136   -7.72    1.88  -73.4   73.9    3.28
   97 CLUS          91 183  66  51 137 138   -5.13    2.60   24.4   25.1    0.88
   98 CLUS          91 183  68  55 139 140   -6.57    1.06   25.0   26.0    1.88
   99 CLUS          91 183  70  73 141 142    0.50   -0.57  174.1  174.1    2.36
  100 CLUS          91 183  72  79 143 144   -2.82    0.72  -27.6   27.8    1.34
  101 CLUS          91 183  74  33 145 146    0.89   -0.93  277.3  277.3    1.43
  102 CLUS          91 183  76  36 147 148    0.17    0.83  -21.3   21.3    0.96
  103 CLUS          91 183  78  75 149 150   -0.46    1.06  -29.5   29.6    1.90
  104 CLUS          91 183  80  77 151 152   -2.03    0.98  -32.3   32.4    2.29

                              ---CLUSTER DECAYS---    

 IHEP    ID      IDPDG IST MO1 MO2 DA1 DA2   P-X     P-Y     P-Z  ENERGY    MASS
  105 A_2+         215 197  81  10 196 197    1.14   -1.36  785.7  785.7    1.32
  106 PI-         -211   1  81  10   0   0    0.11    0.30  254.1  254.1    0.14
  107 PI+          211   1  82  14   0   0    1.89    0.62  -40.8   40.8    0.14
  108 A_2-        -215 197  82  14 198 199    0.06    2.14  -97.9   98.0    1.32
  109 PI-         -211   1  83  14   0   0   -0.65   -0.90 -298.0  298.1    0.14
  110 OMEGA        223 197  83  14 200 202   -0.40   -0.62 -399.2  399.2    0.78
  111 DELTA0      2114 197  84  20 203 204  -14.99    2.99 -125.0  125.9    1.23
  112 SIGMABR+   -3112 197  84  20 205 206   -7.23    1.48  -61.3   61.8    1.20
  113 DELTA-      1114 197  85  22 207 208  -22.72   56.72  275.4  282.1    1.23
  114 NBAR       -2112   1  85  22   0   0   -9.66   24.92  119.2  122.2    0.94
  115 PI+          211   1  86  22   0   0   -0.77    1.43    6.5    6.7    0.14
  116 PI0          111   1  86  22   0   0   -2.51    7.78   38.1   38.9    0.13
  117 PI-         -211   1  87  22   0   0   -2.11    6.07   30.0   30.6    0.14
  118 OMEGA        223 197  87  22 209 211   -3.46   10.16   54.3   55.4    0.78
  119 PI+          211   1  88  22   0   0   -0.81    4.42   24.5   24.9    0.14
  120 PI-         -211   1  88  22   0   0   -0.46    0.75    4.9    4.9    0.14
  121 PI+          211   1  89  22   0   0   -3.33    5.23   45.7   46.1    0.14
  122 RHO-        -213 197  89  22 212 213   -2.36    3.48   30.5   30.8    0.77
  123 DELTA0      2114 197  90  22 214 215  -20.11    3.07   76.3   78.9    1.23
  124 NBAR       -2112   1  90  22   0   0  -15.40    3.18   64.1   66.0    0.94
  125 K+           321   1  91  22   0   0   -4.72    0.98   17.2   17.9    0.49
  126 KBAR0       -311 197  91  22 216 216  -15.19    2.30   60.5   62.5    0.50
  127 A_10       20113 197  92  22 217 218   -0.58    0.41    5.9    6.0    1.23
  128 K+           321   1  92  22   0   0   -0.38   -0.13    2.4    2.5    0.49
  129 ETA          221 197  93  10 219 220    0.29   -0.08 1744.6 1744.6    0.55
  130 P           2212   1  93  10   0   0   -0.17   -0.03 2065.0 2065.0    0.94
  131 RHO0         113 197  94  14 221 222    0.23    0.26-2011.0 2011.0    0.77
  132 DELTA++     2224 197  94  14 223 224   -0.37   -0.47-3025.6 3025.6    1.23
  133 LAMBDA      3122 197  95  14 225 226   -0.73    0.34 -118.6  118.6    1.12
  134 SIGMABR+   -3112 197  95  14 227 228    1.13    0.05  -74.5   74.5    1.20
  135 PHI          333 197  96  20 229 230   -3.60    2.13  -40.3   40.6    1.02
  136 PHI          333 197  96  20 231 232   -4.12   -0.25  -33.1   33.3    1.02
  137 PI0          111   1  97  22   0   0   -1.97    0.62    9.7    9.9    0.13
  138 PI0          111   1  97  22   0   0   -3.17    1.98   14.8   15.3    0.13
  139 RHO-        -213 197  98  22 233 234   -3.05    0.78   13.5   13.9    0.77
  140 OMEGA        223 197  98  22 235 237   -3.51    0.28   11.5   12.0    0.78
  141 FH_1       20333 197  99  22 238 239   -0.26   -0.33   91.8   91.8    1.43
  142 ETA          221 197  99  22 240 242    0.76   -0.24   82.3   82.3    0.55
  143 KBAR0       -311 197 100  20 243 243   -2.43    0.56  -21.1   21.3    0.50
  144 K0           311 197 100  20 244 244   -0.39    0.15   -6.5    6.5    0.50
  145 K-          -321   1 101  22   0   0    0.58    0.14  137.1  137.1    0.49
  146 PI0          111   1 101  22   0   0    0.31   -1.07  140.2  140.2    0.13
  147 PI0          111   1 102  20   0   0   -0.34    0.30   -5.3    5.3    0.13
  148 PI-         -211   1 102  20   0   0    0.50    0.52  -16.0   16.0    0.14
  149 K*_0-     -10321 197 103  20 245 246   -0.03    0.82  -25.1   25.2    1.43
  150 PI+          211   1 103  20   0   0   -0.43    0.24   -4.4    4.4    0.14
  151 K-          -321   1 104  20   0   0   -0.74    0.54  -14.7   14.8    0.49
  152 KL_1+      10323 197 104  20 247 248   -1.29    0.45  -17.5   17.7    1.57

                            ---H/W/Z BOSON DECAYS---  

 IHEP    ID      IDPDG IST MO1 MO2 DA1 DA2   P-X     P-Y     P-Z  ENERGY    MASS
  153 BQRK           5 123  19 154 155 154    0.70  -72.46  104.0  126.8    4.95
  154 BBAR          -5 124  19 153 159 153  146.72  -70.68  126.3  206.2    4.95

                              ---PARTON SHOWERS---    

 IHEP    ID      IDPDG IST MO1 MO2 DA1 DA2   P-X     P-Y     P-Z  ENERGY    MASS
  155 BQRK          94 143 153  19 157 158    1.63  -72.90  104.8  128.1   11.10
  156 CONE           0 100 153 154   0   0    1.00   -0.13    0.4    1.1    0.00
  157 BQRK           5   2 155 158 161 160   -1.11  -66.65   96.3  117.2    4.95
  158 GLUON         21   2 155 160 162 163    2.75   -6.25    8.5   10.9    0.75
  159 BBAR          94 144 154  19 160 160  145.79  -70.23  125.5  204.9    4.95
  160 BBAR          -5   2 159 161 164 163  145.79  -70.23  125.5  204.9    4.95

                              ---GLUON SPLITTING---   

 IHEP    ID      IDPDG IST MO1 MO2 DA1 DA2   P-X     P-Y     P-Z  ENERGY    MASS
  161 BQRK           5 158 155 167 175 164   -0.34  -48.37   69.8   85.1    4.95
  162 DBAR          -1 158 155 163 177 166    0.97   -2.15    2.9    3.8    0.32
  163 DQRK           1 158 155 169 176 162    0.57   -1.43    2.0    2.5    0.32
  164 BBAR          -5 158 159 161 181 174   93.74  -45.31   80.9  131.9    4.95
  165 SBAR          -3 159 155 166 178 168    0.26   -2.07    2.9    3.6    0.50
  166 SQRK           3 159 155 162 177 165   -0.36  -14.37   20.8   25.3    0.50
  167 UBAR          -2 159 155 168 175 161    0.22   -1.23    1.7    2.2    0.32
  168 UQRK           2 159 155 165 178 167    0.02   -2.37    3.4    4.2    0.32
  169 UBAR          -2 159 159 170 176 163    8.68   -4.18    7.5   12.2    0.32
  170 UQRK           2 159 155 171 179 169    0.41   -0.65    0.9    1.2    0.32
  171 SBAR          -3 159 159 172 179 170   21.11  -10.16   18.2   29.7    0.50
  172 SQRK           3 159 155 173 180 171    2.36   -1.24    2.2    3.5    0.50
  173 SBAR          -3 159 159 174 180 172   16.78   -8.08   14.4   23.6    0.50
  174 SQRK           3 159 155 164 181 173    3.00   -1.52    2.7    4.3    0.50

                             ---CLUSTER FORMATION---  

 IHEP    ID      IDPDG IST MO1 MO2 DA1 DA2   P-X     P-Y     P-Z  ENERGY    MASS
  175 CLUS          91 183 161 167 182 183   -0.12  -49.61   71.5   87.2    5.60
  176 CLUS          91 183 163 169 184 185    9.25   -5.61    9.4   14.7    3.22
  177 CLUS          91 183 166 162 186 187    0.61  -16.52   23.7   29.0    2.88
  178 CLUS          91 183 168 165 188 189    0.28   -4.44    6.3    7.8    0.89
  179 CLUS          91 183 170 171 190 191   21.53  -10.81   19.1   30.9    3.16
  180 CLUS          91 183 172 173 192 193   19.14   -9.32   16.6   27.0    1.53
  181 CLUS          91 183 174 164 194 195   96.73  -46.83   83.6  136.3    5.78

                              ---CLUSTER DECAYS---    

 IHEP    ID      IDPDG IST MO1 MO2 DA1 DA2   P-X     P-Y     P-Z  ENERGY    MASS
  182 B*-         -523 197 175 155 249 250   -0.21  -49.09   70.8   86.3    5.32
  183 PI0          111   1 175 155   0   0    0.10   -0.51    0.7    0.9    0.13
  184 XI-         3312 197 176 155 251 252    3.94   -3.31    5.1    7.4    1.32
  185 XIBAR0     -3322 197 176 155 253 254    5.31   -2.31    4.4    7.4    1.31
  186 SIGMA*0     3214 197 177 155 255 256    0.29   -7.94   12.8   15.2    1.38
  187 NBAR       -2112   1 177 155   0   0    0.32   -8.58   10.8   13.9    0.94
  188 PI+          211   1 178 155   0   0    0.21   -3.04    4.3    5.2    0.14
  189 K0           311 197 178 155 257 257    0.07   -1.41    2.1    2.6    0.50
  190 N           2112   1 179 155   0   0   14.82   -8.44   13.3   21.6    0.94
  191 SIGMABR+   -3112 197 179 155 258 259    6.70   -2.37    5.8    9.3    1.20
  192 K*BAR0      -313 197 180 155 260 261   15.37   -7.58   13.4   21.8    0.90
  193 K0           311 197 180 155 262 262    3.77   -1.74    3.2    5.2    0.50
  194 K-          -321   1 181 155   0   0    6.85   -3.33    5.9    9.7    0.49
  195 B+           521 199 181 155 294 295   89.88  -43.50   77.7  126.6    5.28

                           ---STRONG HADRON DECAYS--- 

 IHEP    ID      IDPDG IST MO1 MO2 DA1 DA2   P-X     P-Y     P-Z  ENERGY    MASS
  196 RHO0         113 198 105  10 263 264    1.04   -1.37  767.6  767.6    0.77
  197 PI+          211   1 105  10   0   0    0.10    0.00   18.1   18.1    0.14
  198 RHO0         113 198 108  14 265 266   -0.10    1.90  -92.5   92.5    0.77
  199 PI-         -211   1 108  14   0   0    0.16    0.24   -5.4    5.4    0.14
  200 PI+          211   1 110  14   0   0   -0.19   -0.17  -68.0   68.0    0.14
  201 PI-         -211   1 110  14   0   0   -0.10   -0.36 -296.2  296.2    0.14
  202 PI0          111   1 110  14   0   0   -0.11   -0.09  -35.0   35.0    0.13
  203 N           2112   1 111  20   0   0  -10.20    2.18  -84.4   85.0    0.94
  204 PI0          111   1 111  20   0   0   -4.79    0.81  -40.7   40.9    0.13
  205 NBAR       -2112   1 112  20   0   0   -6.75    1.48  -56.9   57.3    0.94
  206 PI+          211   1 112  20   0   0   -0.48   -0.00   -4.4    4.5    0.14
  207 N           2112   1 113  22   0   0  -16.66   41.07  200.2  205.0    0.94
  208 PI-         -211   1 113  22   0   0   -6.06   15.65   75.2   77.1    0.14
  209 PI+          211   1 118  22   0   0   -2.02    5.32   28.3   28.9    0.14
  210 PI-         -211   1 118  22   0   0   -1.03    3.16   16.4   16.8    0.14
  211 PI0          111   1 118  22   0   0   -0.41    1.68    9.5    9.7    0.13
  212 PI-         -211   1 122  22   0   0   -0.21    0.33    1.9    2.0    0.14
  213 PI0          111   1 122  22   0   0   -2.15    3.15   28.6   28.8    0.13
  214 N           2112   1 123  22   0   0  -13.56    2.25   51.7   53.5    0.94
  215 PI0          111   1 123  22   0   0   -6.56    0.82   24.6   25.5    0.13
  216 K_L0         130   1 126  22   0   0  -15.19    2.30   60.5   62.5    0.50
  217 RHO-        -213 198 127  22 267 268   -0.05    0.35    3.0    3.1    0.77
  218 PI+          211   1 127  22   0   0   -0.52    0.06    2.9    2.9    0.14
  219 GAMMA         22   1 129  10   0   0   -0.01    0.16 1008.2 1008.2    0.00
  220 GAMMA         22   1 129  10   0   0    0.30   -0.24  736.4  736.4    0.00
  221 PI+          211   1 131  14   0   0    0.30    0.36-1858.2 1858.2    0.14
  222 PI-         -211   1 131  14   0   0   -0.07   -0.10 -152.8  152.8    0.14
  223 P           2212   1 132  14   0   0   -0.20   -0.31-1821.3 1821.3    0.94
  224 PI+          211   1 132  14   0   0   -0.17   -0.15-1204.2 1204.2    0.14
  225 N           2112   1 133  14   0   0   -0.57    0.22 -103.1  103.1    0.94
  226 PI0          111   1 133  14   0   0   -0.17    0.12  -15.5   15.5    0.13
  227 NBAR       -2112   1 134  14   0   0    1.11   -0.00  -71.0   71.0    0.94
  228 PI+          211   1 134  14   0   0    0.03    0.06   -3.4    3.5    0.14
  229 K_L0         130   1 135  20   0   0   -2.12    1.22  -22.7   22.9    0.50
  230 K_S0         310 198 135  20 269 270   -1.48    0.91  -17.6   17.7    0.50
  231 K+           321   1 136  20   0   0   -1.91   -0.21  -14.8   14.9    0.49
  232 K-          -321   1 136  20   0   0   -2.22   -0.05  -18.3   18.4    0.49
  233 PI-         -211   1 139  22   0   0   -1.46    0.34    4.9    5.1    0.14
  234 PI0          111   1 139  22   0   0   -1.59    0.44    8.6    8.8    0.13
  235 PI+          211   1 140  22   0   0   -1.43   -0.07    3.9    4.1    0.14
  236 PI-         -211   1 140  22   0   0   -1.20    0.11    4.6    4.7    0.14
  237 PI0          111   1 140  22   0   0   -0.88    0.23    3.0    3.2    0.13
  238 K+           321   1 141  22   0   0   -0.02   -0.00   25.3   25.3    0.49
  239 K*-         -323 198 141  22 271 272   -0.23   -0.33   66.5   66.5    0.89
  240 PI+          211   1 142  22   0   0    0.55   -0.16   52.2   52.2    0.14
  241 PI-         -211   1 142  22   0   0    0.12   -0.09   13.1   13.1    0.14
  242 PI0          111   1 142  22   0   0    0.10    0.01   17.0   17.0    0.13
  243 K_S0         310 198 143  20 273 274   -2.43    0.56  -21.1   21.3    0.50
  244 K_S0         310 198 144  20 275 276   -0.39    0.15   -6.5    6.5    0.50
  245 KBAR0       -311 198 149  20 277 277   -0.55    0.28  -17.0   17.0    0.50
  246 PI-         -211   1 149  20   0   0    0.52    0.54   -8.1    8.2    0.14
  247 K*+          323 198 152  20 278 279   -0.88    0.08   -7.3    7.4    0.89
  248 PI0          111   1 152  20   0   0   -0.41    0.37  -10.3   10.3    0.13
  249 B-          -521 199 182 155 325 326   -0.22  -49.08   70.8   86.3    5.28
  250 GAMMA         22   1 182 155   0   0    0.01   -0.01    0.0    0.0    0.00
  251 LAMBDA      3122 198 184 155 280 281    3.19   -2.53    4.0    5.8    1.12
  252 PI-         -211   1 184 155   0   0    0.75   -0.78    1.1    1.5    0.14
  253 LAMBDABR   -3122 198 185 155 282 283    4.62   -2.08    3.7    6.4    1.12
  254 PI0          111   1 185 155   0   0    0.69   -0.23    0.7    1.0    0.13
  255 LAMBDA      3122 198 186 155 284 285    0.11   -6.58   10.9   12.8    1.12
  256 PI0          111   1 186 155   0   0    0.18   -1.37    1.9    2.4    0.13
  257 K_L0         130   1 189 155   0   0    0.07   -1.41    2.1    2.6    0.50
  258 NBAR       -2112   1 191 155   0   0    5.00   -1.93    4.2    6.9    0.94
  259 PI+          211   1 191 155   0   0    1.70   -0.44    1.6    2.4    0.14
  260 KBAR0       -311 198 192 155 286 286   12.01   -6.00   10.8   17.3    0.50
  261 PI0          111   1 192 155   0   0    3.36   -1.58    2.6    4.5    0.13
  262 K_S0         310 198 193 155 287 288    3.77   -1.74    3.2    5.2    0.50
  263 PI+          211   1 196  10   0   0    0.08   -0.15   36.5   36.5    0.14
  264 PI-         -211   1 196  10   0   0    0.97   -1.22  731.1  731.1    0.14
  265 PI+          211   1 198  14   0   0   -0.14    0.08   -7.3    7.3    0.14
  266 PI-         -211   1 198  14   0   0    0.04    1.82  -85.3   85.3    0.14
  267 PI-         -211   1 217  22   0   0   -0.16   -0.19    1.0    1.1    0.14
  268 PI0          111   1 217  22   0   0    0.10    0.54    2.0    2.0    0.13
  269 PI0          111   1 230  20   0   0   -0.22    0.09   -3.9    3.9    0.13
  270 PI0          111   1 230  20   0   0   -1.27    0.81  -13.7   13.7    0.13
  271 KBAR0       -311 198 239  22 289 289   -0.23   -0.22   62.9   62.9    0.50
  272 PI-         -211   1 239  22   0   0   -0.01   -0.11    3.6    3.6    0.14
  273 PI0          111   1 243  20   0   0   -1.22    0.46   -9.9   10.0    0.13
  274 PI0          111   1 243  20   0   0   -1.21    0.10  -11.2   11.3    0.13
  275 PI+          211   1 244  20   0   0   -0.09   -0.12   -2.7    2.7    0.14
  276 PI-         -211   1 244  20   0   0   -0.30    0.28   -3.8    3.8    0.14
  277 K_L0         130   1 245  20   0   0   -0.55    0.28  -17.0   17.0    0.50
  278 K+           321   1 247  20   0   0   -0.75   -0.06   -4.0    4.1    0.49
  279 PI0          111   1 247  20   0   0   -0.13    0.14   -3.3    3.3    0.13
  280 P           2212   1 251 155   0   0    2.87   -2.33    3.7    5.3    0.94
  281 PI-         -211   1 251 155   0   0    0.32   -0.19    0.3    0.5    0.14
  282 NBAR       -2112   1 253 155   0   0    3.93   -1.88    3.2    5.5    0.94
  283 PI0          111   1 253 155   0   0    0.69   -0.20    0.5    0.9    0.13
  284 P           2212   1 255 155   0   0    0.03   -5.52    9.0   10.6    0.94
  285 PI-         -211   1 255 155   0   0    0.08   -1.06    1.9    2.2    0.14
  286 K_S0         310 198 260 155 290 291   12.01   -6.00   10.8   17.3    0.50
  287 PI+          211   1 262 155   0   0    0.41   -0.17    0.3    0.5    0.14
  288 PI-         -211   1 262 155   0   0    3.36   -1.58    2.9    4.7    0.14
  289 K_S0         310 198 271  22 292 293   -0.23   -0.22   62.9   62.9    0.50
  290 PI+          211   1 286 155   0   0    9.38   -4.54    8.5   13.5    0.14
  291 PI-         -211   1 286 155   0   0    2.63   -1.46    2.3    3.8    0.14
  292 PI0          111   1 289  22   0   0   -0.16   -0.19   15.6   15.6    0.13
  293 PI0          111   1 289  22   0   0   -0.07   -0.03   47.3   47.3    0.13

                           ---HEAVY PARTICLE DECAYS---

 IHEP    ID      IDPDG IST MO1 MO2 DA1 DA2   P-X     P-Y     P-Z  ENERGY    MASS
  294 UQRK           2 125 195 298 299 298    5.45   -2.64    4.7    7.7    0.32
  295 BBAR          -5 155 195 294 296 298   84.43  -40.86   72.9  118.9    4.96
  296 DBAR          -1 123 295 297 300 297    3.98   -2.94    3.8    6.3    0.32
  297 UQRK           2 124 295 296 302 296   25.59  -13.24   22.5   36.5    0.32
  298 UBAR          -2 124 295 295 304 295   54.85  -24.69   46.6   76.1    0.32
  299 UQRK           2 160 294 308 309 308    5.45   -2.64    4.7    7.7    0.32

                              ---PARTON SHOWERS---    

 IHEP    ID      IDPDG IST MO1 MO2 DA1 DA2   P-X     P-Y     P-Z  ENERGY    MASS
  300 DBAR          94 143 296 295 301 301    3.98   -2.94    3.8    6.3    0.32
  301 DBAR          -1   2 300 303 306 303    3.98   -2.94    3.8    6.3    0.32
  302 UQRK          94 144 297 295 303 303   25.59  -13.24   22.5   36.5    0.32
  303 UQRK           2   2 302 306 307 306   25.59  -13.24   22.5   36.5    0.32
  304 UBAR          94 144 298 295 305 305   54.85  -24.69   46.6   76.1    0.32
  305 UBAR          -2   2 304 299 308 299   54.85  -24.69   46.6   76.1    0.32

                              ---GLUON SPLITTING---   

 IHEP    ID      IDPDG IST MO1 MO2 DA1 DA2   P-X     P-Y     P-Z  ENERGY    MASS
  306 DBAR          -1 158 300 307 310 307    3.98   -2.94    3.8    6.3    0.32
  307 UQRK           2 158 302 306 310 306   25.59  -13.24   22.5   36.5    0.32
  308 UBAR          -2 158 304 299 309 299   54.85  -24.69   46.6   76.1    0.32

                             ---CLUSTER FORMATION---  

 IHEP    ID      IDPDG IST MO1 MO2 DA1 DA2   P-X     P-Y     P-Z  ENERGY    MASS
  309 CLUS          91 183 299 308 311 312   60.30  -27.32   51.4   83.8    1.23
  310 CLUS          91 183 307 306 313 314   29.58  -16.18   26.3   42.8    2.10

                              ---CLUSTER DECAYS---    

 IHEP    ID      IDPDG IST MO1 MO2 DA1 DA2   P-X     P-Y     P-Z  ENERGY    MASS
  311 PI+          211   1 309 294   0   0    2.00   -1.02    1.8    2.9    0.14
  312 RHO-        -213 197 309 294 315 316   58.29  -26.30   49.6   80.9    0.77
  313 B_1+       10213 197 310 302 317 318   24.56  -13.03   21.7   35.3    1.23
  314 ETA          221 197 310 302 319 321    5.02   -3.14    4.6    7.5    0.55

                           ---STRONG HADRON DECAYS--- 

 IHEP    ID      IDPDG IST MO1 MO2 DA1 DA2   P-X     P-Y     P-Z  ENERGY    MASS
  315 PI-         -211   1 312 294   0   0   10.89   -4.65    9.3   15.1    0.14
  316 PI0          111   1 312 294   0   0   47.41  -21.65   40.3   65.9    0.13
  317 OMEGA        223 198 313 302 322 324   21.53  -11.63   18.8   30.9    0.78
  318 PI+          211   1 313 302   0   0    3.03   -1.41    2.9    4.4    0.14
  319 PI0          111   1 314 302   0   0    2.21   -1.43    2.0    3.3    0.13
  320 PI0          111   1 314 302   0   0    0.59   -0.43    0.6    0.9    0.13
  321 PI0          111   1 314 302   0   0    2.22   -1.29    2.1    3.3    0.13
  322 PI+          211   1 317 302   0   0    5.28   -2.70    4.8    7.6    0.14
  323 PI-         -211   1 317 302   0   0    9.99   -5.33    8.5   14.1    0.14
  324 PI0          111   1 317 302   0   0    6.26   -3.59    5.6    9.1    0.13

                           ---HEAVY PARTICLE DECAYS---

 IHEP    ID      IDPDG IST MO1 MO2 DA1 DA2   P-X     P-Y     P-Z  ENERGY    MASS
  325 BQRK           5 155 249 326 327 329   -0.21  -46.10   66.5   81.1    4.96
  326 UBAR          -2 125 249 329 330 329   -0.01   -2.97    4.3    5.2    0.32
  327 DQRK           1 123 325 328 331 328    1.08  -15.74   24.8   29.4    0.32
  328 UBAR          -2 124 325 327 335 327   -1.35  -23.74   34.3   41.7    0.32
  329 UQRK           2 124 325 325 337 325    0.06   -6.62    7.4    9.9    0.32
  330 UBAR          -2 160 326 343 346 343   -0.01   -2.97    4.3    5.2    0.32

                              ---PARTON SHOWERS---    

 IHEP    ID      IDPDG IST MO1 MO2 DA1 DA2   P-X     P-Y     P-Z  ENERGY    MASS
  331 DQRK          94 143 327 325 333 334    0.92  -19.32   29.7   35.5    1.49
  332 CONE           0 100 327 328   0   0   -0.62   -6.11    8.6   10.5    0.00
  333 DQRK           1   2 331 334 339 336    0.77   -9.77   14.4   17.4    0.32
  334 GLUON         21   2 331 336 340 341    0.15   -9.55   15.3   18.1    0.75
  335 UBAR          94 144 328 325 336 336   -1.18  -20.90   30.2   36.7    0.32
  336 UBAR          -2   2 335 339 342 341   -1.18  -20.90   30.2   36.7    0.32
  337 UQRK          94 144 329 325 338 338    0.05   -5.88    6.6    8.8    0.32
  338 UQRK           2   2 337 330 343 330    0.05   -5.88    6.6    8.8    0.32

                              ---GLUON SPLITTING---   

 IHEP    ID      IDPDG IST MO1 MO2 DA1 DA2   P-X     P-Y     P-Z  ENERGY    MASS
  339 DQRK           1 158 331 340 344 342    0.77   -9.77   14.4   17.4    0.32
  340 DBAR          -1 158 331 341 344 339    0.01   -2.35    3.9    4.5    0.32
  341 DQRK           1 158 331 342 345 340    0.14   -7.20   11.5   13.5    0.32
  342 UBAR          -2 158 335 339 345 341   -1.18  -20.90   30.2   36.7    0.32
  343 UQRK           2 158 337 330 346 330    0.05   -5.88    6.6    8.8    0.32

                             ---CLUSTER FORMATION---  

 IHEP    ID      IDPDG IST MO1 MO2 DA1 DA2   P-X     P-Y     P-Z  ENERGY    MASS
  344 CLUS          91 183 339 340 347 348    0.78  -12.12   18.3   22.0    0.98
  345 CLUS          91 183 341 342 349 350   -1.04  -28.10   41.6   50.3    1.56
  346 CLUS          91 183 343 330 351 352    0.04   -8.86   10.9   14.1    1.07

                              ---CLUSTER DECAYS---    

 IHEP    ID      IDPDG IST MO1 MO2 DA1 DA2   P-X     P-Y     P-Z  ENERGY    MASS
  347 PI-         -211   1 344 331   0   0    0.87  -10.75   15.8   19.1    0.14
  348 PI+          211   1 344 331   0   0   -0.09   -1.37    2.5    2.8    0.14
  349 B_10       10113 197 345 331 353 354   -0.59  -20.02   30.0   36.1    1.23
  350 PI-         -211   1 345 331   0   0   -0.45   -8.08   11.7   14.2    0.14
  351 PI0          111   1 346 337   0   0    0.03   -2.96    3.3    4.4    0.13
  352 RHO0         113 197 346 337 355 356    0.01   -5.90    7.6    9.6    0.77

                           ---STRONG HADRON DECAYS--- 

 IHEP    ID      IDPDG IST MO1 MO2 DA1 DA2   P-X     P-Y     P-Z  ENERGY    MASS
  353 OMEGA        223 198 349 331 357 359   -0.67  -15.78   23.2   28.0    0.78
  354 PI0          111   1 349 331   0   0    0.08   -4.25    6.8    8.0    0.13
  355 PI+          211   1 352 337   0   0   -0.02   -3.96    5.6    6.9    0.14
  356 PI-         -211   1 352 337   0   0    0.03   -1.94    2.0    2.8    0.14
  357 PI+          211   1 353 331   0   0   -0.16   -8.48   12.5   15.1    0.14
  358 PI-         -211   1 353 331   0   0   -0.04   -2.89    4.2    5.1    0.14
  359 PI0          111   1 353 331   0   0   -0.47   -4.41    6.5    7.8    0.13



 EVENT       2: 6500.00 GEV/C P        ON  6500.00 GEV/C P        PROCESS:-18000
 SEEDS:   639145879 &   881516580   STATUS:  100 ERROR:   0  WEIGHT:  5.9391E-04


                               ---INITIAL STATE---    

 IHEP    ID      IDPDG IST MO1 MO2 DA1 DA2   P-X     P-Y     P-Z  ENERGY    MASS
    1 P           2212 101   0   0   0   0    0.00    0.00 6500.0 6500.0    0.94
    2 P           2212 102   0   0   0   0    0.00    0.00-6500.0 6500.0    0.94
    3 CMF            0 103   1   2   0   0    0.00    0.00    0.013000.013000.00

                              ---HARD SUBPROCESS---   

 IHEP    ID      IDPDG IST MO1 MO2 DA1 DA2   P-X     P-Y     P-Z  ENERGY    MASS
    4 UQRK           2 121   6   8  10   9    0.00    0.00  403.9  403.9    0.32
    5 DQRK           1 122   6   9  20   8    0.00    0.00-2632.3 2632.3    0.32
    6 HARD           0 120   4   5   7   9   -8.52  -31.44-2228.7 3036.6 2062.25
    7 HIGGS         25 123   6   7  24   7  198.22  -28.51  -25.8  237.5  125.00
    8 UQRK           2 124   6   5  25   4  -45.44   68.01-2479.1 2480.4    0.32
    9 DQRK           1 124   6   4  29   5 -152.79  -39.50  276.5  318.3    0.32

                              ---PARTON SHOWERS---    

 IHEP    ID      IDPDG IST MO1 MO2 DA1 DA2   P-X     P-Y     P-Z  ENERGY    MASS
   10 UQRK          94 141   4   6  12  19   -7.77  -30.29  406.1  401.8  -67.18
   11 CONE           0 100   4   9   0   0   -0.97   -0.25    1.3    1.6    0.00
   12 GLUON         21   2  10  13  31  32    0.52   -0.76    3.2    3.5    0.75
   13 GLUON         21   2  10  14  33  34   -3.85    3.11   19.7   20.4    0.75
   14 GLUON         21   2  10  15  35  36    2.95   11.90   51.1   52.6    0.75
   15 SBAR          -3   2  10  16  37  36    0.43   10.98   51.4   52.6    0.50
   16 SQRK           3   2  10  17  38  37   -1.38    6.18   37.1   37.7    0.50
   17 GLUON         21   2  10  18  39  40    8.04    0.23   86.1   86.5    0.75
   18 GLUON         21   2  10  19  41  42    1.06   -1.35  264.3  264.3    0.75
   19 UD          2101   2  10  27  43  42    0.00    0.00 5580.8 5580.8    0.27
   20 DQRK          94 142   5   6  22  23   -0.75   -1.16-2634.9 2634.9   -8.19
   21 CONE           0 100   5   8   0   0   -0.56    0.83  -22.0   22.0    0.00
   22 GLUON         21   2  20  23  44  45    0.75    1.16  -98.8   98.8    0.75
   23 UU          2203   2  20  30  46  45    0.00    0.00-3766.3 3766.3    0.32
   24 HIGGS         25 195   7   6 146 147  197.56  -30.97  -25.9  237.2  125.00
   25 UQRK          94 144   8   6  27  28  -52.39   42.32-2479.3 2480.2    5.63
   26 CONE           0 100   8   5   0   0    0.34   -0.27  -20.9   20.9    0.00
   27 UQRK           2   2  25  28  47  43  -26.29   19.61-1296.4 1296.8    0.32
   28 GLUON         21   2  25  44  48  49  -26.10   22.71-1182.9 1183.4    0.75
   29 DQRK          94 144   9   6  30  30 -153.68  -42.80  276.4  319.2    0.32
   30 DQRK           1   2  29  31  50  46 -153.68  -42.80  276.4  319.2    0.32

                              ---GLUON SPLITTING---   

 IHEP    ID      IDPDG IST MO1 MO2 DA1 DA2   P-X     P-Y     P-Z  ENERGY    MASS
   31 UBAR          -2 158  10  32  99  76    0.02   -0.24    1.3    1.4    0.32
   32 UQRK           2 158  10  33  77  31    0.39   -0.43    1.4    1.6    0.32
   33 UBAR          -2 158  10  34  77  32   -2.73    2.33   14.3   14.8    0.32
   34 UQRK           2 158  10  55  78  33   -0.65    0.52    3.5    3.6    0.32
   35 DBAR          -1 158  10  36  89  56    1.16    4.54   19.1   19.6    0.32
   36 DQRK           1 158  10  37  79  35    1.20    5.06   22.5   23.1    0.32
   37 SBAR          -3 158  10  38  79  36    0.43   10.98   51.4   52.6    0.50
   38 SQRK           3 158  10  59  80  37   -0.54    2.54   15.5   15.8    0.50
   39 UBAR          -2 158  10  40  96  70    1.49    0.02   15.8   15.8    0.32
   40 UQRK           2 158  10  61  81  39    1.96    0.14   22.1   22.2    0.32
   41 UBAR          -2 158  10  42  92  62    0.20   -0.23   39.7   39.7    0.32
   42 UQRK           2 158  10  63  82  41    0.58   -0.72  157.0  157.0    0.32
   43 UD          2101 161  10  47  87  52    0.02   -0.03 1729.7 1729.7    0.64
   44 DBAR          -1 158  20  45  97  72    0.42    0.78  -63.0   63.1    0.32
   45 DQRK           1 158  20  53  83  44    0.19    0.20  -25.3   25.3    0.32
   46 UU          2203 162  20  50  88  54    0.00    0.00-3394.3 3394.3    0.64
   47 UQRK           2 158  25  48  84  43  -26.29   19.61-1296.4 1296.8    0.32
   48 UBAR          -2 158  25  49  84  47   -8.27    7.02 -371.2  371.4    0.32
   49 UQRK           2 158  25  65  85  48   -5.70    5.03 -260.1  260.2    0.32
   50 DQRK           1 158  29  67  86  46 -121.45  -33.82  218.5  252.2    0.32
   51 UBAR          -2 159  10  52  93  64    0.00   -0.00 2744.2 2744.2    0.32
   52 UQRK           2 159  10  43  87  51    0.11   -0.13  116.0  116.0    0.32
   53 DBAR          -1 159  20  54  83  45    0.04    0.04  -71.4   71.4    0.32
   54 DQRK           1 159  20  46  88  53    0.01    0.01 -300.4  300.4    0.32
   55 SBAR          -3 159  10  56  78  34    0.40    1.91    8.2    8.4    0.50
   56 SQRK           3 159  10  35  89  55   -0.27    0.64    3.4    3.5    0.50
   57 SBAR          -3 159  10  58  91  60    1.18    0.07   12.9   13.0    0.50
   58 SQRK           3 159  10  69  90  57   -0.19    1.17    7.8    7.9    0.50
   59 SBAR          -3 159  10  60  80  38    0.04    0.54    4.9    5.0    0.50
   60 SQRK           3 159  10  57  91  59   -0.32    1.64   10.4   10.5    0.50
   61 DBAR          -1 159  10  62  81  40    0.16   -0.16   26.9   26.9    0.32
   62 DQRK           1 159  10  41  92  61    1.27    0.09   14.8   14.9    0.32
   63 UBAR          -2 159  10  64  82  42    0.01   -0.02  755.7  755.7    0.32
   64 UQRK           2 159  10  51  93  63    0.04   -0.05  275.5  275.5    0.32
   65 UBAR          -2 159  20  66  85  49   -0.33    0.41  -23.7   23.7    0.32
   66 UQRK           2 159  25  71  94  65   -8.32    7.33 -379.0  379.2    0.32
   67 DBAR          -1 159  10  68  86  50   -7.23   -2.02   13.0   15.0    0.32
   68 DQRK           1 159  29  73  95  67  -11.97   -3.34   21.5   24.9    0.32
   69 SBAR          -3 159  10  70  90  58    0.91    0.09   10.3   10.4    0.50
   70 SQRK           3 159  10  39  96  69    0.80    0.10    9.2    9.3    0.50
   71 DBAR          -1 159  20  72  94  66   -0.80    0.76  -40.4   40.4    0.32
   72 DQRK           1 159  25  44  97  71   -2.59    2.30 -119.3  119.3    0.32
   73 DBAR          -1 159  10  74  95  68   -0.43   -0.18    1.1    1.2    0.32
   74 DQRK           1 159  29  75  98  73   -7.43   -2.07   13.4   15.4    0.32
   75 UBAR          -2 159  10  76  98  74   -0.56   -0.20    1.3    1.5    0.32
   76 UQRK           2 159  29  31  99  75   -4.51   -1.26    8.1    9.4    0.32

                             ---CLUSTER FORMATION---  

 IHEP    ID      IDPDG IST MO1 MO2 DA1 DA2   P-X     P-Y     P-Z  ENERGY    MASS
   77 CLUS          91 183  32  33 100 101   -2.34    1.90   15.7   16.3    3.17
   78 CLUS          91 183  34  55 102 103   -0.25    2.43   11.7   12.0    1.58
   79 CLUS          91 183  36  37 104 105    1.63   16.03   73.9   75.6    1.78
   80 CLUS          91 183  38  59 106 107   -0.50    3.08   20.5   20.7    1.31
   81 CLUS          91 183  40  61 108 109    2.11   -0.01   49.0   49.1    2.14
   82 CLUS          91 183  42  63 110 111    0.59   -0.74  912.7  912.7    2.19
   83 CLUS          91 183  45  53 112 113    0.23    0.24  -96.7   96.7    0.84
   84 CLUS          91 183  47  48 114 115  -34.56   26.63-1667.6 1668.2    3.07
   85 CLUS          91 183  49  65 116 117   -6.03    5.44 -283.8  283.9    1.33
   86 CLUS          91 183  50  67 118 119 -128.68  -35.84  231.5  267.3    1.39
   87 CLUS          91 184  52  43 120 121    0.13   -0.16 1845.7 1845.7    1.58
   88 CLUS          91 185  54  46 122 123    0.01    0.01-3694.7 3694.7    1.31
   89 CLUS          91 183  56  35 124 125    0.89    5.18   22.4   23.1    1.79
   90 CLUS          91 183  58  69 126 127    0.72    1.26   18.1   18.3    1.91
   91 CLUS          91 183  60  57 128 129    0.86    1.71   23.3   23.5    2.47
   92 CLUS          91 183  62  41 130 131    1.46   -0.14   54.5   54.6    2.10
   93 CLUS          91 183  64  51 132 133    0.04   -0.05 3019.6 3019.6    1.13
   94 CLUS          91 183  66  71 134 135   -9.12    8.09 -419.4  419.5    1.12
   95 CLUS          91 183  68  73 136 137  -12.40   -3.52   22.7   26.1    1.69
   96 CLUS          91 183  70  39 138 139    2.29    0.12   25.0   25.1    0.93
   97 CLUS          91 183  72  44 140 141   -2.17    3.07 -182.3  182.4    2.62
   98 CLUS          91 183  74  75 142 143   -7.99   -2.28   14.7   16.9    1.23
   99 CLUS          91 183  76  31 144 145   -4.49   -1.50    9.5   10.8    2.05

                              ---CLUSTER DECAYS---    

 IHEP    ID      IDPDG IST MO1 MO2 DA1 DA2   P-X     P-Y     P-Z  ENERGY    MASS
  100 XI0         3322 197  77  10 189 190   -1.37    0.72    5.3    5.7    1.31
  101 XI*BAR     -3324 197  77  10 191 192   -0.97    1.18   10.4   10.6    1.53
  102 RHO0         113 197  78  10 193 194   -0.49    1.96    9.4    9.6    0.77
  103 K+           321   1  78  10   0   0    0.24    0.47    2.3    2.4    0.49
  104 B_10       10113 197  79  10 195 196    1.25   10.53   48.3   49.5    1.23
  105 K0           311 197  79  10 197 197    0.38    5.50   25.6   26.2    0.50
  106 K-          -321   1  80  10   0   0   -0.54    2.56   15.6   15.9    0.49
  107 K+           321   1  80  10   0   0    0.04    0.52    4.8    4.9    0.49
  108 OMEGA        223 197  81  10 198 200    0.89    0.13   17.5   17.5    0.78
  109 A_2+         215 197  81  10 201 202    1.23   -0.14   31.5   31.6    1.32
  110 OMEGA        223 197  82  10 203 205   -0.33    0.38  381.3  381.3    0.78
  111 PI0          111   1  82  10   0   0    0.92   -1.12  531.3  531.3    0.13
  112 PI-         -211   1  83  20   0   0    0.26    0.46  -41.5   41.5    0.14
  113 PI+          211   1  83  20   0   0   -0.03   -0.22  -55.2   55.2    0.14
  114 SIGMA*+     3224 197  84  25 206 207  -23.20   17.52-1134.8 1135.2    1.38
  115 SIGMABR-   -3222 197  84  25 208 209  -11.37    9.11 -532.8  533.0    1.19
  116 PI+          211   1  85  25   0   0   -2.98    2.44 -145.2  145.2    0.14
  117 RHO-        -213 197  85  25 210 211   -3.05    3.00 -138.6  138.7    0.77
  118 PI-         -211   1  86  29   0   0  -88.57  -24.67  159.3  184.0    0.14
  119 RHO+         213 197  86  29 212 213  -40.10  -11.17   72.2   83.3    0.77
  120 PI+          211   1  87  10   0   0    0.21    0.11 1113.4 1113.4    0.14
  121 N           2112   1  87  10   0   0   -0.08   -0.27  732.3  732.3    0.94
  122 PI0          111   1  88  20   0   0   -0.11   -0.23-1316.7 1316.7    0.13
  123 P           2212   1  88  20   0   0    0.12    0.24-2378.0 2378.0    0.94
  124 K*-         -323 197  89  10 214 215    0.83    3.40   14.5   15.0    0.89
  125 RHO+         213 197  89  10 216 217    0.06    1.78    7.9    8.1    0.77
  126 K*BAR0      -313 197  90  10 218 219    0.01    0.33    4.6    4.7    0.90
  127 K0           311 197  90  10 220 220    0.72    0.93   13.5   13.6    0.50
  128 ETA_2(L)   10225 197  91  10 221 222    0.21    0.85   11.6   11.8    1.63
  129 ETA          221 197  91  10 223 225    0.65    0.86   11.6   11.7    0.55
  130 K*0          313 197  92  10 226 227    1.41   -0.70   39.9   40.0    0.90
  131 K-          -321   1  92  10   0   0    0.05    0.56   14.6   14.6    0.49
  132 RHO+         213 197  93  10 228 229    0.24    0.04 2634.5 2634.5    0.77
  133 PI-         -211   1  93  10   0   0   -0.20   -0.09  385.1  385.1    0.14
  134 RHO+         213 197  94  25 230 231   -8.06    6.86 -362.7  362.8    0.77
  135 PI0          111   1  94  25   0   0   -1.05    1.23  -56.7   56.7    0.13
  136 RHO-        -213 197  95  29 232 233   -7.24   -1.73   12.9   14.9    0.77
  137 RHO+         213 197  95  29 234 235   -5.16   -1.79    9.8   11.2    0.77
  138 K-          -321   1  96  10   0   0    1.31    0.23   11.8   11.9    0.49
  139 PI0          111   1  96  10   0   0    0.98   -0.11   13.2   13.2    0.13
  140 N           2112   1  97  25   0   0   -0.48    1.59  -58.3   58.3    0.94
  141 DELTABR0   -2114 197  97  25 236 237   -1.69    1.49 -124.0  124.0    1.23
  142 PI-         -211   1  98  29   0   0   -6.15   -2.03   10.5   12.3    0.14
  143 PI0          111   1  98  29   0   0   -1.84   -0.25    4.2    4.6    0.13
  144 A_1+       20213 197  99  29 238 239   -2.92   -0.97    6.5    7.3    1.23
  145 RHO-        -213 197  99  29 240 241   -1.57   -0.53    2.9    3.5    0.77

                            ---H/W/Z BOSON DECAYS---  

 IHEP    ID      IDPDG IST MO1 MO2 DA1 DA2   P-X     P-Y     P-Z  ENERGY    MASS
  146 BQRK           5 123  24 147 148 147  115.03    2.79   44.6  123.5    4.95
  147 BBAR          -5 124  24 146 150 146   82.53  -33.76  -70.4  113.7    4.95

                              ---PARTON SHOWERS---    

 IHEP    ID      IDPDG IST MO1 MO2 DA1 DA2   P-X     P-Y     P-Z  ENERGY    MASS
  148 BQRK          94 143 146  24 149 149  114.94    2.79   44.5  123.4    4.95
  149 BQRK           5   2 148 152 154 153  114.94    2.79   44.5  123.4    4.95
  150 BBAR          94 144 147  24 152 153   82.62  -33.75  -70.4  113.8    6.09
  151 CONE           0 100 147 146   0   0    0.87    0.10    0.6    1.0    0.00
  152 GLUON         21   2 150 153 155 156   10.28   -4.03   -9.6   14.6    0.75
  153 BBAR          -5   2 150 154 157 156   72.34  -29.72  -60.8   99.2    4.95

                              ---GLUON SPLITTING---   

 IHEP    ID      IDPDG IST MO1 MO2 DA1 DA2   P-X     P-Y     P-Z  ENERGY    MASS
  154 BQRK           5 158 148 158 168 157   71.54    1.69   27.6   76.8    4.95
  155 DBAR          -1 158 150 156 171 161    0.72   -0.24   -0.6    1.0    0.32
  156 DQRK           1 158 150 157 169 155    7.43   -2.96   -6.8   10.5    0.32
  157 BBAR          -5 158 150 154 169 156   72.34  -29.72  -60.8   99.2    4.95
  158 SBAR          -3 159 150 159 168 154    1.51   -0.00    0.5    1.7    0.50
  159 SQRK           3 159 148 166 170 158   27.39    0.67   10.6   29.4    0.50
  160 SBAR          -3 159 150 161 172 163    1.08   -0.35   -0.9    1.5    0.50
  161 SQRK           3 159 148 155 171 160    4.01    0.09    1.5    4.3    0.50
  162 DBAR          -1 159 150 163 173 165    0.81   -0.27   -0.7    1.1    0.32
  163 DQRK           1 159 148 160 172 162    2.30    0.05    0.9    2.5    0.32
  164 UBAR          -2 159 150 165 174 167    0.51   -0.05   -0.0    0.6    0.32
  165 UQRK           2 159 148 162 173 164    0.55   -0.04    0.0    0.6    0.32
  166 UBAR          -2 159 150 167 170 159    2.68    0.06    1.0    2.9    0.32
  167 UQRK           2 159 148 164 174 166    4.69    0.11    1.8    5.0    0.32

                             ---CLUSTER FORMATION---  

 IHEP    ID      IDPDG IST MO1 MO2 DA1 DA2   P-X     P-Y     P-Z  ENERGY    MASS
  168 CLUS          91 183 154 158 175 176   73.05    1.69   28.0   78.5    6.15
  169 CLUS          91 183 156 157 177 178   79.77  -32.69  -67.6  109.7    5.52
  170 CLUS          91 183 159 166 179 180   30.07    0.73   11.7   32.3    1.20
  171 CLUS          91 183 161 155 181 182    4.73   -0.15    0.9    5.3    2.27
  172 CLUS          91 183 163 160 183 184    3.37   -0.30   -0.0    4.0    2.10
  173 CLUS          91 183 165 162 185 186    1.36   -0.31   -0.6    1.8    0.90
  174 CLUS          91 183 167 164 187 188    5.20    0.06    1.8    5.6    1.24

                              ---CLUSTER DECAYS---    

 IHEP    ID      IDPDG IST MO1 MO2 DA1 DA2   P-X     P-Y     P-Z  ENERGY    MASS
  175 B*_SBAR0    -533 197 168 148 242 243   69.97    1.63   26.9   75.2    5.42
  176 ETA          221 197 168 148 244 245    3.08    0.05    1.1    3.3    0.55
  177 PI0          111   1 169 150   0   0    2.60   -1.04   -2.4    3.7    0.13
  178 B*0          513 197 169 150 246 247   77.17  -31.65  -65.3  106.0    5.32
  179 KBAR0       -311 197 170 148 248 248   28.71    0.64   10.9   30.7    0.50
  180 PI-         -211   1 170 148   0   0    1.36    0.09    0.7    1.5    0.14
  181 KL_1-     -10323 197 171 148 249 250    3.93   -0.45    1.2    4.4    1.57
  182 PI+          211   1 171 148   0   0    0.80    0.30   -0.3    0.9    0.14
  183 A_1-      -20213 197 172 148 251 252    2.43    0.31   -0.2    2.7    1.23
  184 K+           321   1 172 148   0   0    0.95   -0.61    0.2    1.2    0.49
  185 PI0          111   1 173 148   0   0    0.02   -0.16   -0.3    0.4    0.13
  186 PI+          211   1 173 148   0   0    1.34   -0.15   -0.3    1.4    0.14
  187 RHO+         213 197 174 148 253 254    4.08   -0.29    1.4    4.4    0.77
  188 PI-         -211   1 174 148   0   0    1.12    0.36    0.4    1.2    0.14

                           ---STRONG HADRON DECAYS--- 

 IHEP    ID      IDPDG IST MO1 MO2 DA1 DA2   P-X     P-Y     P-Z  ENERGY    MASS
  189 LAMBDA      3122 198 100  10 255 256   -1.15    0.47    4.5    4.8    1.12
  190 PI0          111   1 100  10   0   0   -0.22    0.25    0.8    0.9    0.13
  191 XIBAR0     -3322 198 101  10 257 258   -0.87    1.04    9.9   10.1    1.31
  192 PI0          111   1 101  10   0   0   -0.10    0.13    0.5    0.6    0.13
  193 PI+          211   1 102  10   0   0   -0.35    0.80    2.6    2.8    0.14
  194 PI-         -211   1 102  10   0   0   -0.14    1.16    6.7    6.8    0.14
  195 OMEGA        223 198 104  10 259 261    1.19    7.10   32.6   33.4    0.78
  196 PI0          111   1 104  10   0   0    0.06    3.43   15.7   16.1    0.13
  197 K_S0         310 198 105  10 262 263    0.38    5.50   25.6   26.2    0.50
  198 PI+          211   1 108  10   0   0   -0.05    0.09    3.9    3.9    0.14
  199 PI-         -211   1 108  10   0   0    0.23   -0.01    4.4    4.4    0.14
  200 PI0          111   1 108  10   0   0    0.70    0.05    9.1    9.1    0.13
  201 RHO0         113 198 109  10 264 265    0.82    0.01   13.7   13.8    0.77
  202 PI+          211   1 109  10   0   0    0.41   -0.15   17.8   17.8    0.14
  203 PI+          211   1 110  10   0   0   -0.30    0.44  263.0  263.0    0.14
  204 PI-         -211   1 110  10   0   0   -0.05    0.06   77.6   77.6    0.14
  205 PI0          111   1 110  10   0   0    0.03   -0.11   40.8   40.8    0.13
  206 LAMBDA      3122 198 114  25 266 267  -21.48   16.22-1056.1 1056.5    1.12
  207 PI+          211   1 114  25   0   0   -1.72    1.29  -78.6   78.7    0.14
  208 PBAR       -2212   1 115  25   0   0  -10.73    8.48 -501.0  501.2    0.94
  209 PI0          111   1 115  25   0   0   -0.63    0.63  -31.8   31.8    0.13
  210 PI-         -211   1 117  25   0   0   -1.51    1.94  -83.0   83.0    0.14
  211 PI0          111   1 117  25   0   0   -1.55    1.06  -55.6   55.6    0.13
  212 PI+          211   1 119  29   0   0  -30.78   -8.79   55.1   63.7    0.14
  213 PI0          111   1 119  29   0   0   -9.32   -2.38   17.1   19.6    0.13
  214 K-          -321   1 124  10   0   0    0.65    2.67   12.4   12.7    0.49
  215 PI0          111   1 124  10   0   0    0.18    0.73    2.2    2.3    0.13
  216 PI+          211   1 125  10   0   0   -0.31    0.68    3.6    3.6    0.14
  217 PI0          111   1 125  10   0   0    0.37    1.10    4.3    4.5    0.13
  218 KBAR0       -311 198 126  10 268 268   -0.00    0.06    1.5    1.5    0.50
  219 PI0          111   1 126  10   0   0    0.01    0.28    3.1    3.1    0.13
  220 K_L0         130   1 127  10   0   0    0.72    0.93   13.5   13.6    0.50
  221 A_2-        -215 198 128  10 269 270    0.34    0.88    9.4    9.6    1.32
  222 PI+          211   1 128  10   0   0   -0.13   -0.03    2.2    2.2    0.14
  223 PI0          111   1 129  10   0   0    0.26    0.21    3.1    3.2    0.13
  224 PI0          111   1 129  10   0   0    0.36    0.53    6.0    6.0    0.13
  225 PI0          111   1 129  10   0   0    0.04    0.11    2.5    2.5    0.13
  226 K0           311 198 130  10 271 271    0.54   -0.35   23.0   23.0    0.50
  227 PI0          111   1 130  10   0   0    0.88   -0.35   16.9   16.9    0.13
  228 PI+          211   1 132  10   0   0    0.36    0.23  978.4  978.4    0.14
  229 PI0          111   1 132  10   0   0   -0.12   -0.19 1656.1 1656.1    0.13
  230 PI+          211   1 134  25   0   0   -2.49    1.89  -98.1   98.1    0.14
  231 PI0          111   1 134  25   0   0   -5.57    4.97 -264.6  264.7    0.13
  232 PI-         -211   1 136  29   0   0   -4.20   -1.37    7.6    8.8    0.14
  233 PI0          111   1 136  29   0   0   -3.04   -0.36    5.3    6.1    0.13
  234 PI+          211   1 137  29   0   0   -4.74   -1.45    8.8   10.1    0.14
  235 PI0          111   1 137  29   0   0   -0.41   -0.34    1.0    1.1    0.13
  236 PBAR       -2212   1 141  25   0   0   -1.66    1.45 -119.8  119.8    0.94
  237 PI+          211   1 141  25   0   0   -0.03    0.03   -4.2    4.2    0.14
  238 RHO0         113 198 144  29 272 273   -2.89   -1.00    6.3    7.1    0.77
  239 PI+          211   1 144  29   0   0   -0.03    0.04    0.2    0.2    0.14
  240 PI-         -211   1 145  29   0   0   -0.06   -0.17    0.7    0.7    0.14
  241 PI0          111   1 145  29   0   0   -1.51   -0.36    2.3    2.8    0.13
  242 B_SBAR0     -531 200 175 148 274 274   69.36    1.65   26.6   74.5    5.37
  243 GAMMA         22   1 175 148   0   0    0.61   -0.02    0.3    0.7    0.00
  244 GAMMA         22   1 176 148   0   0    0.98   -0.23    0.3    1.1    0.00
  245 GAMMA         22   1 176 148   0   0    2.10    0.29    0.8    2.3    0.00
  246 B_D0         511 200 178 150 275 275   76.92  -31.53  -65.1  105.7    5.28
  247 GAMMA         22   1 178 150   0   0    0.26   -0.11   -0.2    0.3    0.00
  248 K_L0         130   1 179 148   0   0   28.71    0.64   10.9   30.7    0.50
  249 KBAR0       -311 198 181 148 276 276    1.02   -0.37    0.7    1.4    0.50
  250 RHO-        -213 198 181 148 277 278    2.91   -0.09    0.5    3.1    0.77
  251 RHO-        -213 198 183 148 279 280    1.38   -0.14   -0.0    1.6    0.77
  252 PI0          111   1 183 148   0   0    1.05    0.45   -0.1    1.2    0.13
  253 PI+          211   1 187 148   0   0    3.05   -0.20    0.7    3.1    0.14
  254 PI0          111   1 187 148   0   0    1.03   -0.09    0.7    1.3    0.13
  255 P           2212   1 189  10   0   0   -0.83    0.37    3.5    3.7    0.94
  256 PI-         -211   1 189  10   0   0   -0.32    0.11    1.0    1.1    0.14
  257 LAMBDABR   -3122 198 191  10 281 282   -0.62    0.89    8.6    8.7    1.12
  258 PI0          111   1 191  10   0   0   -0.25    0.16    1.3    1.3    0.13
  259 PI+          211   1 195  10   0   0    0.72    3.66   16.3   16.8    0.14
  260 PI-         -211   1 195  10   0   0   -0.03    0.52    2.6    2.7    0.14
  261 PI0          111   1 195  10   0   0    0.49    2.92   13.6   14.0    0.13
  262 PI0          111   1 197  10   0   0    0.17    4.50   20.8   21.3    0.13
  263 PI0          111   1 197  10   0   0    0.21    1.00    4.8    4.9    0.13
  264 PI+          211   1 201  10   0   0    0.86    0.07    8.9    8.9    0.14
  265 PI-         -211   1 201  10   0   0   -0.04   -0.06    4.9    4.9    0.14
  266 P           2212   1 206  25   0   0  -19.65   14.76 -964.9  965.2    0.94
  267 PI-         -211   1 206  25   0   0   -1.83    1.46  -91.2   91.3    0.14
  268 K_L0         130   1 218  10   0   0   -0.00    0.06    1.5    1.5    0.50
  269 ETA          221 198 221  10 283 284   -0.04    0.29    7.2    7.2    0.55
  270 PI-         -211   1 221  10   0   0    0.38    0.59    2.2    2.3    0.14
  271 K_S0         310 198 226  10 285 286    0.54   -0.35   23.0   23.0    0.50
  272 PI+          211   1 238  29   0   0   -0.59   -0.44    1.1    1.3    0.14
  273 PI-         -211   1 238  29   0   0   -2.30   -0.56    5.2    5.7    0.14
  274 B_S0         531 199 242 148 289 290   69.36    1.65   26.6   74.5    5.37
  275 B_D0         511 199 246 150 320 321   76.92  -31.53  -65.1  105.7    5.28
  276 K_S0         310 198 249 148 287 288    1.02   -0.37    0.7    1.4    0.50
  277 PI-         -211   1 250 148   0   0    0.08    0.04    0.1    0.2    0.14
  278 PI0          111   1 250 148   0   0    2.82   -0.12    0.4    2.9    0.13
  279 PI-         -211   1 251 148   0   0    0.68   -0.06    0.3    0.8    0.14
  280 PI0          111   1 251 148   0   0    0.70   -0.09   -0.4    0.8    0.13
  281 NBAR       -2112   1 257  10   0   0   -0.44    0.65    7.0    7.1    0.94
  282 PI0          111   1 257  10   0   0   -0.18    0.24    1.6    1.6    0.13
  283 GAMMA         22   1 269  10   0   0    0.17   -0.08    1.8    1.8    0.00
  284 GAMMA         22   1 269  10   0   0   -0.21    0.37    5.5    5.5    0.00
  285 PI+          211   1 271  10   0   0    0.13   -0.24   14.1   14.1    0.14
  286 PI-         -211   1 271  10   0   0    0.40   -0.11    8.9    8.9    0.14
  287 PI0          111   1 276 148   0   0    0.89   -0.39    0.6    1.2    0.13
  288 PI0          111   1 276 148   0   0    0.13    0.02    0.0    0.2    0.13

                           ---HEAVY PARTICLE DECAYS---

 IHEP    ID      IDPDG IST MO1 MO2 DA1 DA2   P-X     P-Y     P-Z  ENERGY    MASS
  289 SQRK           3 125 274 293 294 293    6.46    0.15    2.5    6.9    0.50
  290 BBAR          -5 155 274 289 291 293   62.90    1.50   24.2   67.6    4.87
  291 DBAR          -1 123 290 292 295 292   29.56    2.43   12.0   32.0    0.32
  292 UQRK           2 124 290 291 297 291   17.22   -0.69    6.2   18.3    0.32
  293 CBAR          -4 124 290 290 299 290   16.11   -0.24    5.9   17.2    1.55
  294 SQRK           3 160 289 303 304 303    6.46    0.15    2.5    6.9    0.50

                              ---PARTON SHOWERS---    

 IHEP    ID      IDPDG IST MO1 MO2 DA1 DA2   P-X     P-Y     P-Z  ENERGY    MASS
  295 DBAR          94 143 291 290 296 296   29.56    2.43   12.0   32.0    0.32
  296 DBAR          -1   2 295 298 301 298   29.56    2.43   12.0   32.0    0.32
  297 UQRK          94 144 292 290 298 298   17.22   -0.69    6.2   18.3    0.32
  298 UQRK           2   2 297 301 302 301   17.22   -0.69    6.2   18.3    0.32
  299 CBAR          94 144 293 290 300 300   16.11   -0.24    5.9   17.2    1.55
  300 CBAR          -4   2 299 294 303 294   16.11   -0.24    5.9   17.2    1.55

                              ---GLUON SPLITTING---   

 IHEP    ID      IDPDG IST MO1 MO2 DA1 DA2   P-X     P-Y     P-Z  ENERGY    MASS
  301 DBAR          -1 158 295 302 305 302   29.56    2.43   12.0   32.0    0.32
  302 UQRK           2 158 297 301 305 301   17.22   -0.69    6.2   18.3    0.32
  303 CBAR          -4 158 299 294 304 294   16.11   -0.24    5.9   17.2    1.55

                             ---CLUSTER FORMATION---  

 IHEP    ID      IDPDG IST MO1 MO2 DA1 DA2   P-X     P-Y     P-Z  ENERGY    MASS
  304 CLUS          91 183 294 303 306 306   20.57   -0.25    7.6   22.0    1.97
  305 CLUS          91 183 302 301 307 308   48.78    1.90   19.1   52.5    2.97

                              ---CLUSTER DECAYS---    

 IHEP    ID      IDPDG IST MO1 MO2 DA1 DA2   P-X     P-Y     P-Z  ENERGY    MASS
  306 D_S-        -431 196 304 289 309 312   20.57   -0.25    7.6   22.0    1.97
  307 DELTA+      2214 197 305 297 313 314   19.86    0.03    7.5   21.3    1.23
  308 DELTABR0   -2114 197 305 297 315 316   28.92    1.88   11.6   31.2    1.23

                           ---STRONG HADRON DECAYS--- 

 IHEP    ID      IDPDG IST MO1 MO2 DA1 DA2   P-X     P-Y     P-Z  ENERGY    MASS
  309 KBAR0       -311 198 306 289 317 317    9.33   -0.22    2.8    9.7    0.50
  310 K+           321   1 306 289   0   0    7.35   -0.17    3.3    8.1    0.49
  311 PI-         -211   1 306 289   0   0    2.91    0.01    1.1    3.1    0.14
  312 PI-         -211   1 306 289   0   0    0.99    0.12    0.5    1.1    0.14
  313 P           2212   1 307 297   0   0   13.00    0.18    4.9   13.9    0.94
  314 PI0          111   1 307 297   0   0    6.86   -0.15    2.6    7.3    0.13
  315 NBAR       -2112   1 308 297   0   0   18.09    1.28    7.2   19.5    0.94
  316 PI0          111   1 308 297   0   0   10.84    0.60    4.4   11.7    0.13
  317 K_S0         310 198 309 289 318 319    9.33   -0.22    2.8    9.7    0.50
  318 PI+          211   1 317 289   0   0    0.81   -0.04    0.2    0.9    0.14
  319 PI-         -211   1 317 289   0   0    8.51   -0.18    2.5    8.9    0.14

                           ---HEAVY PARTICLE DECAYS---

 IHEP    ID      IDPDG IST MO1 MO2 DA1 DA2   P-X     P-Y     P-Z  ENERGY    MASS
  320 DQRK           1 125 275 324 325 324    4.66   -1.91   -3.9    6.4    0.32
  321 BBAR          -5 155 275 320 322 324   72.25  -29.62  -61.1   99.3    4.96
  322 DBAR          -1 123 321 323 326 323   34.13  -14.46  -30.8   48.2    0.32
  323 UQRK           2 124 321 322 328 322   10.35   -5.09   -8.8   14.5    0.32
  324 CBAR          -4 124 321 321 330 321   27.77  -10.08  -21.5   36.6    1.55
  325 DQRK           1 160 320 334 335 334    4.66   -1.91   -3.9    6.4    0.32

                              ---PARTON SHOWERS---    

 IHEP    ID      IDPDG IST MO1 MO2 DA1 DA2   P-X     P-Y     P-Z  ENERGY    MASS
  326 DBAR          94 143 322 321 327 327   34.13  -14.46  -30.8   48.2    0.32
  327 DBAR          -1   2 326 329 332 329   34.13  -14.46  -30.8   48.2    0.32
  328 UQRK          94 144 323 321 329 329   10.35   -5.09   -8.8   14.5    0.32
  329 UQRK           2   2 328 332 333 332   10.35   -5.09   -8.8   14.5    0.32
  330 CBAR          94 144 324 321 331 331   27.77  -10.08  -21.5   36.6    1.55
  331 CBAR          -4   2 330 325 334 325   27.77  -10.08  -21.5   36.6    1.55

                              ---GLUON SPLITTING---   

 IHEP    ID      IDPDG IST MO1 MO2 DA1 DA2   P-X     P-Y     P-Z  ENERGY    MASS
  332 DBAR          -1 158 326 333 336 333   34.13  -14.46  -30.8   48.2    0.32
  333 UQRK           2 158 328 332 336 332   10.35   -5.09   -8.8   14.5    0.32
  334 CBAR          -4 158 330 325 335 325   27.77  -10.08  -21.5   36.6    1.55

                             ---CLUSTER FORMATION---  

 IHEP    ID      IDPDG IST MO1 MO2 DA1 DA2   P-X     P-Y     P-Z  ENERGY    MASS
  335 CLUS          91 183 325 334 337 338   32.43  -11.99  -25.4   43.0    2.01
  336 CLUS          91 183 333 332 339 340   44.48  -19.55  -39.6   62.7    1.74

                              ---CLUSTER DECAYS---    

 IHEP    ID      IDPDG IST MO1 MO2 DA1 DA2   P-X     P-Y     P-Z  ENERGY    MASS
  337 PI-         -211   1 335 320   0   0    2.00   -0.77   -1.6    2.7    0.14
  338 DBAR0       -421 197 335 320 341 345   30.44  -11.22  -23.8   40.3    1.86
  339 PI+          211   1 336 328   0   0    4.26   -2.09   -3.6    6.0    0.14
  340 FH_00      10221 197 336 328 346 347   40.22  -17.45  -36.0   56.7    1.35

                           ---STRONG HADRON DECAYS--- 

 IHEP    ID      IDPDG IST MO1 MO2 DA1 DA2   P-X     P-Y     P-Z  ENERGY    MASS
  341 K0           311 198 338 320 348 348   14.63   -5.23  -11.1   19.1    0.50
  342 PI-         -211   1 338 320   0   0    3.41   -1.24   -2.4    4.4    0.14
  343 PI+          211   1 338 320   0   0    3.44   -1.48   -2.7    4.6    0.14
  344 PI0          111   1 338 320   0   0    1.54   -0.55   -1.5    2.2    0.13
  345 PI0          111   1 338 320   0   0    7.43   -2.72   -6.1   10.0    0.13
  346 PI+          211   1 340 328   0   0   27.10  -11.29  -24.7   38.4    0.14
  347 PI-         -211   1 340 328   0   0   13.11   -6.17  -11.3   18.4    0.14
  348 K_S0         310 198 341 320 349 350   14.63   -5.23  -11.1   19.1    0.50
  349 PI+          211   1 348 320   0   0    1.36   -0.51   -1.1    1.8    0.14
  350 PI-         -211   1 348 320   0   0   13.26   -4.72  -10.0   17.3    0.14

 HWWARN CALLED FROM SUBPROGRAM HWDFIV: CODE = 101
 EVENT    4042:   SEEDS =  264625148 &  146667527  WEIGHT = 0.5939E-03
 EVENT KILLED.   EXECUTION CONTINUES

 HWWARN CALLED FROM SUBPROGRAM HWSBRN: CODE = 105
 EVENT    7856:   SEEDS = 1959664186 &  735085316  WEIGHT = 0.5939E-03
 EVENT KILLED.   EXECUTION CONTINUES

          OUTPUT ON LES HOUCHES EVENTS


      PROC CODE  XSECT(pb)        XERR(pb)      Max wgt(nb) No. of events


          OUTPUT ON ELEMENTARY PROCESS

          N.B. NEGATIVE WEIGHTS ALLOWED

          NUMBER OF EVENTS   =        9998
          NEGATIVE  EVENTS   =        2598
          NUMBER OF WEIGHTS  =       10000
          NEGATIVE  WEIGHTS  =        2598
          MEAN VALUE OF WGT  =  2.8532E-04
          RMS SPREAD IN WGT  =  5.2089E-04
          MEAN ABS WEIGHT    =  5.9391E-04
          ACTUAL MAX ABS WGT =  1.0000E+00
          ASSUMED MAXABS WGT =  2.8532E-04

          PROCESS CODE IPROC =      -18000
          CROSS SECTION (PB) =  0.2853    
          ERROR IN C-S  (PB) =  5.2089E-03
          EFFICIENCY PERCENT =   100.0    
 # of events processed=        9998
