 Enter filename for events
 Enter maximum number of events to generate
 MUST coincide with the number of events on tape
 Enter 0 to use Herwig default PDFs
       1 to use PDFs from library
 Enter colliding particles (PART1, PART2)
 Enter beam momenta (PBEAM1, PBEAM2)


          HERWIG 6.521  11th Mar. 2013

          Please reference:  G. Marchesini, B.R. Webber,
          G.Abbiendi, I.G.Knowles, M.H.Seymour & L.Stanco
          Computer Physics Communications 67 (1992) 465
                             and
          G.Corcella, I.G.Knowles, G.Marchesini, S.Moretti,
          K.Odagiri, P.Richardson, M.H.Seymour & B.R.Webber,
          JHEP 0101 (2001) 010
 Enter .TRUE. for underlying event, .FALSE. otherwise

 Underlying event WILL NOT be generated

 Enter Lambda_QCD, <0 for Herwig default
 Enter Z mass, width
 Enter W mass, width
 Enter top mass, width
 Enter Higgs (SM) boson mass, width
 Enter quark (d,u,s,c,b) and gluon masses
 Enter lepton (e,mu,tau) masses
 Enter number of events to print
 Enter accepted error fraction
 Is it single-top (.TRUE. or .FALSE)?
 Is it b-bbar (.TRUE. or .FALSE)?
 Enter the two random seeds (0 0 for default)

          INPUT CONDITIONS FOR THIS RUN

          BEAM 1 (P       ) MOM. =   6500.00
          BEAM 2 (P       ) MOM. =   6500.00
          PROCESS CODE (IPROC)   =  -18000
          NUMBER OF FLAVOURS     =    6
          STRUCTURE FUNCTION SET =    8
          AZIM SPIN CORRELATIONS =    T
          AZIM SOFT CORRELATIONS =    T
          QCD LAMBDA (GEV)       =    0.1800
          DOWN     QUARK  MASS   =    0.3200
          UP       QUARK  MASS   =    0.3200
          STRANGE  QUARK  MASS   =    0.5000
          CHARMED  QUARK  MASS   =    1.5500
          BOTTOM   QUARK  MASS   =    4.9500
          TOP      QUARK  MASS   =  173.0000
          GLUON EFFECTIVE MASS   =    0.7500
          EXTRA SHOWER CUTOFF (Q)=    0.4800
          EXTRA SHOWER CUTOFF (G)=    0.1000
          PHOTON SHOWER CUTOFF   =    0.4000
          CLUSTER MASS PARAMETER =    3.3500
          SPACELIKE EVOLN CUTOFF =    2.5000
          INTRINSIC P-TRAN (RMS) =    0.0000
          DECAY SPIN CORRELATIONS=    T
          SUSY THREE BODY ME     =    T
          SUSY FOUR  BODY ME     =    F

          NO EVENTS WILL BE WRITTEN TO DISK

          B_d: Delt-M/Gam =0.7000 Delt-Gam/2*Gam =0.0000
          B_s: Delt-M/Gam = 10.00 Delt-Gam/2*Gam =0.2000

          PDFLIB NOT USED FOR BEAM 1
          PDFLIB NOT USED FOR BEAM 2


          Checking consistency of particle properties


          Checking consistency of decay tables


          WRITING SUDAKOV TABLE ON UNIT  77

          WRITING MATRIX ELEMENT TABLE ON UNIT  88

          CHECKING SUSY DECAY MATRIX ELEMENTS
 Do you want a stable Pi0 (.TRUE. or .FALSE)?
 Do you want a stable W+ (.TRUE. or .FALSE)?
 Do you want a stable W- (.TRUE. or .FALSE)?
 Do you want a stable Z0 (.TRUE. or .FALSE)?
 Do you want a stable Tau+ (.TRUE. or .FALSE)?
 Do you want a stable Tau- (.TRUE. or .FALSE)?
 Do you want a stable Mu+ (.TRUE. or .FALSE)?
 Do you want a stable Mu- (.TRUE. or .FALSE)?
 Do you want a stable Higgs (.TRUE. or .FALSE)?

          PARTICLE TYPE  21=PI0      SET STABLE
 How many decay modes do you want to set?
 How are the events normalized ("average" or "sum")?
 stdhep initialized

          SUBROUTINE TIMEL CALLED BUT NOT LINKED.
          DUMMY TIMEL WILL BE USED. DELETE DUMMY
          AND LINK CERNLIB FOR CPU TIME REMAINING.

 HWWARN CALLED FROM SUBPROGRAM HWSMRS: CODE =   5
 EVENT       1:   SEEDS = 1973774260 & 1099242306  WEIGHT = 0.5927E-03
 EVENT SURVIVES. EXECUTION CONTINUES
 WARNING: MRST98 CALLED WITH Q OUTSIDE ALLOWED RANGE!
 Q VALUE=1.430E+04, MINIMUM=1.118E+00, MAXIMUM=3.162E+03
 NO FURTHER WARNINGS WILL BE ISSUED



 EVENT       1: 6500.00 GEV/C P        ON  6500.00 GEV/C P        PROCESS:-18000
 SEEDS:  1973774260 &  1099242306   STATUS:  100 ERROR:   0  WEIGHT:  5.9269E-04


                               ---INITIAL STATE---    

 IHEP    ID      IDPDG IST MO1 MO2 DA1 DA2   P-X     P-Y     P-Z  ENERGY    MASS
    1 P           2212 101   0   0   0   0    0.00    0.00 6500.0 6500.0    0.94
    2 P           2212 102   0   0   0   0    0.00    0.00-6500.0 6500.0    0.94
    3 CMF            0 103   1   2   0   0    0.00    0.00    0.013000.013000.00

                              ---HARD SUBPROCESS---   

 IHEP    ID      IDPDG IST MO1 MO2 DA1 DA2   P-X     P-Y     P-Z  ENERGY    MASS
    4 UQRK           2 121   6   8  10   9    0.00    0.00  559.6  559.6    0.32
    5 DQRK           1 122   6   9  12   8    0.00    0.00-1601.7 1601.7    0.32
    6 HARD           0 120   4   5   7   9  -19.86   -6.96-1042.2 2161.5 1893.56
    7 HIGGS         25 123   6   7  19   7 -138.70 -154.69   83.7  256.5  125.00
    8 UQRK           2 124   6   5  20   4  162.88  181.57-1504.7 1524.3    0.32
    9 DQRK           1 124   6   4  26   5  -24.19  -26.89  378.8  380.6    0.32

                              ---PARTON SHOWERS---    

 IHEP    ID      IDPDG IST MO1 MO2 DA1 DA2   P-X     P-Y     P-Z  ENERGY    MASS
   10 UQRK          94 141   4   6  11  11    0.00    0.00  560.3  560.3    0.26
   11 UD          2101   2  10  22  28  27    0.00    0.00 5939.7 5939.7    0.32
   12 DQRK          94 142   5   6  14  18  -19.86   -6.96-1602.4 1601.3  -64.94
   13 CONE           0 100   5   8   0   0    0.67    0.74   -4.3    4.4    0.00
   14 GLUON         21   2  12  15  29  30    4.60    0.64  -23.9   24.4    0.75
   15 GLUON         21   2  12  16  31  32    6.39    3.04  -85.7   86.0    0.75
   16 GLUON         21   2  12  17  33  34    8.05    2.42  -87.8   88.2    0.75
   17 GLUON         21   2  12  18  35  36    0.82    0.85  -48.9   49.0    0.75
   18 UU          2203   2  12  27  37  36    0.00    0.00-4651.2 4651.2    0.30
   19 HIGGS         25 195   7   6  93  94 -141.05 -155.50   83.7  258.3  125.00
   20 UQRK          94 144   8   6  22  25  148.87  176.65-1504.7 1522.4   17.79
   21 CONE           0 100   8   5   0   0   -0.22   -0.26   -4.3    4.4    0.00
   22 UQRK           2   2  20  23  38  28   80.67   82.95 -766.6  775.3    0.32
   23 UBAR          -2   2  20  24  39  38    4.43    5.10  -41.6   42.1    0.32
   24 UQRK           2   2  20  25  40  39   35.66   49.88 -387.5  392.3    0.32
   25 GLUON         21   2  20  29  41  42   28.12   38.72 -309.0  312.7    0.75
   26 DQRK          94 144   9   6  27  27  -27.68  -28.11  378.8  380.8    0.32
   27 DQRK           1   2  26  28  43  37  -27.68  -28.11  378.8  380.8    0.32

                              ---GLUON SPLITTING---   

 IHEP    ID      IDPDG IST MO1 MO2 DA1 DA2   P-X     P-Y     P-Z  ENERGY    MASS
   28 UD          2101 161  10  38  63  47   -0.00   -0.00 5853.4 5853.4    0.64
   29 UBAR          -2 158  12  30  64  49    1.71    0.26   -8.3    8.5    0.32
   30 UQRK           2 158  12  31  54  29    2.34    0.34  -13.2   13.4    0.32
   31 UBAR          -2 158  12  32  54  30    4.32    2.03  -55.8   56.0    0.32
   32 UQRK           2 158  12  33  55  31    2.07    1.01  -29.8   29.9    0.32
   33 DBAR          -1 158  12  34  55  32    4.04    1.05  -42.5   42.7    0.32
   34 DQRK           1 158  12  35  56  33    4.01    1.38  -45.4   45.6    0.32
   35 DBAR          -1 158  12  36  56  34    0.24    0.51  -20.3   20.4    0.32
   36 DQRK           1 158  12  44  57  35    0.54    0.31  -27.5   27.5    0.32
   37 UU          2203 162  12  43  62  45    0.00    0.00-3995.4 3995.4    0.64
   38 UQRK           2 158  20  39  58  28   80.67   82.95 -766.6  775.3    0.32
   39 UBAR          -2 158  20  40  58  38    4.43    5.10  -41.6   42.1    0.32
   40 UQRK           2 158  20  41  59  39   35.66   49.88 -387.5  392.3    0.32
   41 UBAR          -2 158  20  42  59  40    6.89    9.44  -75.3   76.2    0.32
   42 UQRK           2 158  20  50  60  41   13.37   18.44 -147.2  148.9    0.32
   43 DQRK           1 158  26  52  61  37  -19.97  -20.28  273.3  274.7    0.32
   44 UBAR          -2 159  12  45  57  36    0.01    0.00 -544.8  544.8    0.32
   45 UQRK           2 159  12  37  62  44    0.03    0.02 -112.1  112.1    0.32
   46 DBAR          -1 159  10  47  66  53   -0.20   -0.20    6.2    6.2    0.32
   47 DQRK           1 159  26  28  63  46   -0.01   -0.01   82.6   82.6    0.32
   48 UBAR          -2 159  12  49  65  51    0.61    0.30   -4.0    4.1    0.32
   49 UQRK           2 159  20  29  64  48    4.56    6.27  -50.1   50.7    0.32
   50 DBAR          -1 159  12  51  60  42    2.14    2.91  -23.4   23.6    0.32
   51 DQRK           1 159  20  48  65  50    1.09    1.41  -11.5   11.7    0.32
   52 UBAR          -2 159  10  53  61  43   -4.75   -4.83   65.2   65.5    0.32
   53 UQRK           2 159  26  46  66  52   -2.75   -2.80   37.9   38.1    0.32

                             ---CLUSTER FORMATION---  

 IHEP    ID      IDPDG IST MO1 MO2 DA1 DA2   P-X     P-Y     P-Z  ENERGY    MASS
   54 CLUS          91 183  30  31  67  68    6.65    2.37  -69.0   69.4    2.83
   55 CLUS          91 183  32  33  69  70    6.12    2.06  -72.3   72.6    1.17
   56 CLUS          91 183  34  35  71  72    4.25    1.89  -65.7   65.9    2.42
   57 CLUS          91 183  36  44  73  74    0.54    0.32 -572.3  572.3    3.14
   58 CLUS          91 183  38  39  75  76   85.10   88.05 -808.2  817.4    2.97
   59 CLUS          91 183  40  41  77  78   42.54   59.32 -462.8  468.5    1.04
   60 CLUS          91 183  42  50  79  80   15.51   21.34 -170.5  172.6    0.93
   61 CLUS          91 183  43  52  81  82  -24.72  -25.10  338.4  340.3    0.81
   62 CLUS          91 185  45  37  83  84    0.03    0.02-4107.5 4107.5    2.05
   63 CLUS          91 184  47  28  85  86   -0.01   -0.01 5936.0 5936.0    2.79
   64 CLUS          91 183  49  29  87  88    6.28    6.53  -58.4   59.2    3.18
   65 CLUS          91 183  51  48  89  90    1.70    1.71  -15.5   15.7    0.89
   66 CLUS          91 183  53  46  91  92   -2.95   -3.00   44.1   44.3    1.27

                              ---CLUSTER DECAYS---    

 IHEP    ID      IDPDG IST MO1 MO2 DA1 DA2   P-X     P-Y     P-Z  ENERGY    MASS
   67 A_20         115 197  54  12 126 127    2.21    0.14  -23.8   23.9    1.32
   68 RHO0         113 197  54  12 128 129    4.45    2.23  -45.2   45.5    0.77
   69 ETA          221 197  55  12 130 132    1.76    0.36  -19.7   19.8    0.55
   70 PI+          211   1  55  12   0   0    4.35    1.70  -52.6   52.8    0.14
   71 DELTA+      2214 197  56  12 133 134    2.48    1.65  -39.3   39.4    1.23
   72 PBAR       -2212   1  56  12   0   0    1.77    0.24  -26.4   26.5    0.94
   73 SIGMA*-     3114 197  57  12 135 136    0.47   -0.54 -258.1  258.1    1.39
   74 SGMA*BR0   -3214 197  57  12 137 138    0.07    0.86 -314.2  314.2    1.38
   75 DELTA+      2214 197  58  20 139 140   72.15   74.29 -685.5  693.3    1.23
   76 PBAR       -2212   1  58  20   0   0   12.95   13.76 -122.6  124.1    0.94
   77 PI0          111   1  59  20   0   0   17.28   24.18 -187.8  190.1    0.13
   78 RHO0         113 197  59  20 141 142   25.26   35.14 -275.0  278.4    0.77
   79 PI0          111   1  60  20   0   0    8.22   12.06  -94.7   95.8    0.13
   80 PI+          211   1  60  20   0   0    7.29    9.28  -75.9   76.8    0.14
   81 PI-         -211   1  61  26   0   0  -24.02  -24.39  328.6  330.4    0.14
   82 PI0          111   1  61  26   0   0   -0.70   -0.72    9.8    9.9    0.13
   83 ETA          221 197  62  12 143 145    0.41   -0.27-1367.4 1367.4    0.55
   84 DELTA++     2224 197  62  12 146 147   -0.37    0.28-2740.2 2740.2    1.23
   85 F_2          225 197  63  26 148 149   -0.26   -0.50 3566.4 3566.4    1.27
   86 DELTA0      2114 197  63  26 150 151    0.25    0.49 2369.6 2369.6    1.23
   87 SIGMA*0     3214 197  64  20 152 153    4.14    3.18  -30.1   30.5    1.38
   88 SIGMABR0   -3212 197  64  20 154 155    2.13    3.35  -28.3   28.6    1.19
   89 PI-         -211   1  65  20   0   0    1.17    1.63  -11.7   11.8    0.14
   90 PI0          111   1  65  20   0   0    0.53    0.08   -3.9    3.9    0.13
   91 OMEGA        223 197  66  26 156 158   -1.78   -2.31   31.8   32.0    0.78
   92 PI+          211   1  66  26   0   0   -1.17   -0.69   12.3   12.4    0.14

                            ---H/W/Z BOSON DECAYS---  

 IHEP    ID      IDPDG IST MO1 MO2 DA1 DA2   P-X     P-Y     P-Z  ENERGY    MASS
   93 BQRK           5 123  19  94  95  94   15.25  -31.52  -11.5   37.2    4.95
   94 BBAR          -5 124  19  93  97  93 -156.30 -123.98   95.2  221.1    4.95

                              ---PARTON SHOWERS---    

 IHEP    ID      IDPDG IST MO1 MO2 DA1 DA2   P-X     P-Y     P-Z  ENERGY    MASS
   95 BQRK          94 143  93  19  96  96   15.21  -31.44  -11.4   37.1    4.95
   96 BQRK           5   2  95  99 101 100   15.21  -31.44  -11.4   37.1    4.95
   97 BBAR          94 144  94  19  99 100 -156.25 -124.06   95.2  221.2    8.12
   98 CONE           0 100  94  93   0   0   -0.29   -1.42    0.1    1.5    0.00
   99 GLUON         21   2  97 100 102 103   -5.00   -5.11    3.7    8.1    0.75
  100 BBAR          -5   2  97 101 104 103 -151.26 -118.95   91.5  213.1    4.95

                              ---GLUON SPLITTING---   

 IHEP    ID      IDPDG IST MO1 MO2 DA1 DA2   P-X     P-Y     P-Z  ENERGY    MASS
  101 BQRK           5 158  95 109 111 104   11.72  -24.63   -8.8   29.1    4.95
  102 DBAR          -1 158  97 103 113 106   -2.03   -2.26    1.5    3.4    0.32
  103 DQRK           1 158  97 104 112 102   -2.33   -2.15    1.8    3.6    0.32
  104 BBAR          -5 158  97 101 112 103 -151.26 -118.95   91.5  213.1    4.95
  105 SBAR          -3 159  97 106 114 108   -0.10   -0.58    0.1    0.8    0.50
  106 SQRK           3 159  95 102 113 105    0.22   -0.81   -0.2    1.0    0.50
  107 UBAR          -2 159  97 108 115 110    0.08   -0.44   -0.1    0.6    0.32
  108 UQRK           2 159  95 105 114 107    1.25   -2.55   -0.9    3.0    0.32
  109 UBAR          -2 159  97 110 111 101    0.11   -0.47   -0.1    0.6    0.32
  110 UQRK           2 159  95 107 115 109    1.29   -2.65   -1.0    3.1    0.32

                             ---CLUSTER FORMATION---  

 IHEP    ID      IDPDG IST MO1 MO2 DA1 DA2   P-X     P-Y     P-Z  ENERGY    MASS
  111 CLUS          91 183 101 109 116 117   11.83  -25.10   -8.9   29.7    5.61
  112 CLUS          91 183 103 104 118 119 -153.59 -121.10   93.2  216.7    6.14
  113 CLUS          91 183 106 102 120 121   -1.80   -3.07    1.3    4.4    2.20
  114 CLUS          91 183 108 105 122 123    1.15   -3.14   -0.9    3.8    1.56
  115 CLUS          91 183 110 107 124 125    1.37   -3.09   -1.0    3.7    1.00

                              ---CLUSTER DECAYS---    

 IHEP    ID      IDPDG IST MO1 MO2 DA1 DA2   P-X     P-Y     P-Z  ENERGY    MASS
  116 B*-         -523 197 111  95 159 160   11.79  -24.91   -8.9   29.4    5.32
  117 PI0          111   1 111  95   0   0    0.04   -0.19   -0.0    0.2    0.13
  118 PI-         -211   1 112  97   0   0   -1.06   -0.94    0.8    1.6    0.14
  119 B*_2+        525 197 112  97 161 163 -152.52 -120.16   92.5  215.1    5.77
  120 SIGMA+      3222 197 113  95 164 165   -1.27   -2.11    1.0    2.9    1.19
  121 PBAR       -2212   1 113  95   0   0   -0.53   -0.95    0.3    1.5    0.94
  122 RHO+         213 197 114  95 166 167    1.21   -2.38   -0.7    2.9    0.77
  123 K0           311 197 114  95 168 168   -0.06   -0.76   -0.2    0.9    0.50
  124 PI0          111   1 115  95   0   0    0.16   -0.10   -0.3    0.4    0.13
  125 PI0          111   1 115  95   0   0    1.21   -2.99   -0.8    3.3    0.13

                           ---STRONG HADRON DECAYS--- 

 IHEP    ID      IDPDG IST MO1 MO2 DA1 DA2   P-X     P-Y     P-Z  ENERGY    MASS
  126 RHO+         213 198  67  12 169 170    1.60    0.42  -19.5   19.6    0.77
  127 PI-         -211   1  67  12   0   0    0.61   -0.28   -4.3    4.4    0.14
  128 PI+          211   1  68  12   0   0    4.05    2.08  -42.4   42.6    0.14
  129 PI-         -211   1  68  12   0   0    0.40    0.16   -2.8    2.9    0.14
  130 PI+          211   1  69  12   0   0    0.18    0.02   -2.1    2.1    0.14
  131 PI-         -211   1  69  12   0   0    1.09    0.27  -11.6   11.6    0.14
  132 PI0          111   1  69  12   0   0    0.50    0.08   -6.0    6.1    0.13
  133 P           2212   1  71  12   0   0    2.34    1.53  -34.2   34.3    0.94
  134 PI0          111   1  71  12   0   0    0.14    0.12   -5.1    5.1    0.13
  135 LAMBDA      3122 198  73  12 171 172    0.19   -0.36 -183.4  183.4    1.12
  136 PI-         -211   1  73  12   0   0    0.28   -0.18  -74.7   74.7    0.14
  137 LAMBDABR   -3122 198  74  12 173 174   -0.02    0.83 -301.2  301.2    1.12
  138 PI0          111   1  74  12   0   0    0.09    0.03  -13.0   13.0    0.13
  139 P           2212   1  75  20   0   0   53.49   54.84 -506.1  511.9    0.94
  140 PI0          111   1  75  20   0   0   18.66   19.45 -179.4  181.4    0.13
  141 PI+          211   1  78  20   0   0   23.03   31.91 -249.0  252.1    0.14
  142 PI-         -211   1  78  20   0   0    2.23    3.23  -26.0   26.3    0.14
  143 PI0          111   1  83  12   0   0    0.07   -0.01 -325.6  325.6    0.13
  144 PI0          111   1  83  12   0   0    0.28   -0.24 -894.3  894.3    0.13
  145 PI0          111   1  83  12   0   0    0.06   -0.02 -147.4  147.4    0.13
  146 P           2212   1  84  12   0   0   -0.30    0.21-1677.6 1677.6    0.94
  147 PI+          211   1  84  12   0   0   -0.07    0.07-1062.5 1062.5    0.14
  148 PI0          111   1  85  26   0   0   -0.24   -0.12  179.1  179.1    0.13
  149 PI0          111   1  85  26   0   0   -0.02   -0.38 3387.3 3387.3    0.13
  150 N           2112   1  86  26   0   0    0.42    0.36 1845.1 1845.1    0.94
  151 PI0          111   1  86  26   0   0   -0.17    0.13  524.5  524.5    0.13
  152 LAMBDA      3122 198  87  20 175 176    3.91    3.09  -28.0   28.4    1.12
  153 PI0          111   1  87  20   0   0    0.23    0.09   -2.1    2.1    0.13
  154 LAMBDABR   -3122 198  88  20 177 178    2.12    3.33  -28.3   28.6    1.12
  155 GAMMA         22   1  88  20   0   0    0.01    0.02   -0.0    0.1    0.00
  156 PI+          211   1  91  26   0   0   -1.41   -1.45   20.9   21.0    0.14
  157 PI-         -211   1  91  26   0   0   -0.07   -0.23    2.8    2.9    0.14
  158 PI0          111   1  91  26   0   0   -0.31   -0.63    8.1    8.1    0.13
  159 B-          -521 199 116  95 182 183   11.68  -24.69   -8.8   29.2    5.28
  160 GAMMA         22   1 116  95   0   0    0.11   -0.22   -0.0    0.3    0.00
  161 B*0          513 198 119  97 179 180 -139.80 -110.40   84.9  197.4    5.32
  162 PI+          211   1 119  97   0   0   -8.88   -6.84    5.2   12.3    0.14
  163 PI0          111   1 119  97   0   0   -3.84   -2.92    2.4    5.4    0.13
  164 P           2212   1 120  95   0   0   -0.83   -1.32    0.7    1.9    0.94
  165 PI0          111   1 120  95   0   0   -0.44   -0.79    0.3    1.0    0.13
  166 PI+          211   1 122  95   0   0    0.68   -1.86   -0.3    2.0    0.14
  167 PI0          111   1 122  95   0   0    0.53   -0.52   -0.4    0.9    0.13
  168 K_L0         130   1 123  95   0   0   -0.06   -0.76   -0.2    0.9    0.50
  169 PI+          211   1 126  12   0   0    0.08    0.14   -4.6    4.6    0.14
  170 PI0          111   1 126  12   0   0    1.52    0.28  -14.9   15.0    0.13
  171 N           2112   1 135  12   0   0    0.21   -0.40 -157.9  157.9    0.94
  172 PI0          111   1 135  12   0   0   -0.02    0.04  -25.4   25.4    0.13
  173 PBAR       -2212   1 137  12   0   0    0.01    0.58 -243.0  243.0    0.94
  174 PI+          211   1 137  12   0   0   -0.03    0.25  -58.2   58.2    0.14
  175 N           2112   1 152  20   0   0    3.13    2.53  -23.1   23.5    0.94
  176 PI0          111   1 152  20   0   0    0.77    0.56   -4.8    4.9    0.13
  177 PBAR       -2212   1 154  20   0   0    1.85    2.86  -23.7   24.0    0.94
  178 PI+          211   1 154  20   0   0    0.27    0.47   -4.6    4.6    0.14
  179 B_D0         511 200 161  97 181 181 -138.37 -109.30   84.1  195.4    5.28
  180 GAMMA         22   1 161  97   0   0   -1.43   -1.10    0.8    2.0    0.00
  181 B_D0         511 199 179  97 211 212 -138.37 -109.30   84.1  195.4    5.28

                           ---HEAVY PARTICLE DECAYS---

 IHEP    ID      IDPDG IST MO1 MO2 DA1 DA2   P-X     P-Y     P-Z  ENERGY    MASS
  182 BQRK           5 155 159 183 184 186   10.97  -23.19   -8.3   27.4    4.96
  183 UBAR          -2 125 159 186 187 186    0.71   -1.50   -0.5    1.8    0.32
  184 DQRK           1 123 182 185 188 185    1.15   -4.11   -2.6    5.0    0.32
  185 UBAR          -2 124 182 184 190 184    2.45   -7.02   -1.7    7.6    0.32
  186 CQRK           4 124 182 182 192 182    7.37  -12.07   -4.0   14.8    1.55
  187 UBAR          -2 160 183 196 198 196    0.71   -1.50   -0.5    1.8    0.32

                              ---PARTON SHOWERS---    

 IHEP    ID      IDPDG IST MO1 MO2 DA1 DA2   P-X     P-Y     P-Z  ENERGY    MASS
  188 DQRK          94 143 184 182 189 189    1.15   -4.11   -2.6    5.0    0.32
  189 DQRK           1   2 188 191 194 191    1.15   -4.11   -2.6    5.0    0.32
  190 UBAR          94 144 185 182 191 191    2.45   -7.02   -1.7    7.6    0.32
  191 UBAR          -2   2 190 194 195 194    2.45   -7.02   -1.7    7.6    0.32
  192 CQRK          94 144 186 182 193 193    7.37  -12.07   -4.0   14.8    1.55
  193 CQRK           4   2 192 187 196 187    7.37  -12.07   -4.0   14.8    1.55

                              ---GLUON SPLITTING---   

 IHEP    ID      IDPDG IST MO1 MO2 DA1 DA2   P-X     P-Y     P-Z  ENERGY    MASS
  194 DQRK           1 158 188 195 197 195    1.15   -4.11   -2.6    5.0    0.32
  195 UBAR          -2 158 190 194 197 194    2.45   -7.02   -1.7    7.6    0.32
  196 CQRK           4 158 192 187 198 187    7.37  -12.07   -4.0   14.8    1.55

                             ---CLUSTER FORMATION---  

 IHEP    ID      IDPDG IST MO1 MO2 DA1 DA2   P-X     P-Y     P-Z  ENERGY    MASS
  197 CLUS          91 183 194 195 199 200    3.59  -11.26   -4.3   12.8    2.15
  198 CLUS          91 183 196 187 201 201    8.09  -13.42   -4.5   16.4    1.86

                              ---CLUSTER DECAYS---    

 IHEP    ID      IDPDG IST MO1 MO2 DA1 DA2   P-X     P-Y     P-Z  ENERGY    MASS
  199 RHO0         113 197 197 188 202 203    1.20   -3.95   -1.9    4.6    0.77
  200 B_1-      -10213 197 197 188 204 205    2.39   -7.31   -2.4    8.2    1.23
  201 D0           421 196 198 192 206 207    8.09  -13.42   -4.5   16.4    1.86

                           ---STRONG HADRON DECAYS--- 

 IHEP    ID      IDPDG IST MO1 MO2 DA1 DA2   P-X     P-Y     P-Z  ENERGY    MASS
  202 PI+          211   1 199 188   0   0    0.59   -1.58   -0.4    1.7    0.14
  203 PI-         -211   1 199 188   0   0    0.61   -2.37   -1.5    2.9    0.14
  204 OMEGA        223 198 200 188 208 210    0.92   -3.46   -1.1    3.8    0.78
  205 PI-         -211   1 200 188   0   0    1.47   -3.85   -1.3    4.3    0.14
  206 K-          -321   1 201 192   0   0    7.29  -12.41   -3.6   14.9    0.49
  207 PI+          211   1 201 192   0   0    0.80   -1.01   -0.9    1.6    0.14
  208 PI+          211   1 204 188   0   0   -0.01   -0.41   -0.2    0.5    0.14
  209 PI-         -211   1 204 188   0   0    0.50   -2.04   -0.5    2.2    0.14
  210 PI0          111   1 204 188   0   0    0.43   -1.02   -0.5    1.2    0.13

                           ---HEAVY PARTICLE DECAYS---

 IHEP    ID      IDPDG IST MO1 MO2 DA1 DA2   P-X     P-Y     P-Z  ENERGY    MASS
  211 DQRK           1 125 181 215 216 215   -8.39   -6.63    5.1   11.8    0.32
  212 BBAR          -5 155 181 211 213 215 -129.99 -102.68   79.0  183.6    4.96
  213 DBAR          -1 123 212 214 217 214  -39.04  -29.34   22.0   53.6    0.32
  214 UQRK           2 124 212 213 219 213  -50.14  -41.15   31.1   71.9    0.32
  215 CBAR          -4 124 212 212 221 212  -40.80  -32.18   25.9   58.1    1.55
  216 DQRK           1 160 211 225 226 225   -8.39   -6.63    5.1   11.8    0.32

                              ---PARTON SHOWERS---    

 IHEP    ID      IDPDG IST MO1 MO2 DA1 DA2   P-X     P-Y     P-Z  ENERGY    MASS
  217 DBAR          94 143 213 212 218 218  -39.04  -29.34   22.0   53.6    0.32
  218 DBAR          -1   2 217 220 223 220  -39.04  -29.34   22.0   53.6    0.32
  219 UQRK          94 144 214 212 220 220  -50.14  -41.15   31.1   71.9    0.32
  220 UQRK           2   2 219 223 224 223  -50.14  -41.15   31.1   71.9    0.32
  221 CBAR          94 144 215 212 222 222  -40.80  -32.18   25.9   58.1    1.55
  222 CBAR          -4   2 221 216 225 216  -40.80  -32.18   25.9   58.1    1.55

                              ---GLUON SPLITTING---   

 IHEP    ID      IDPDG IST MO1 MO2 DA1 DA2   P-X     P-Y     P-Z  ENERGY    MASS
  223 DBAR          -1 158 217 224 227 224  -39.04  -29.34   22.0   53.6    0.32
  224 UQRK           2 158 219 223 227 223  -50.14  -41.15   31.1   71.9    0.32
  225 CBAR          -4 158 221 216 226 216  -40.80  -32.18   25.9   58.1    1.55

                             ---CLUSTER FORMATION---  

 IHEP    ID      IDPDG IST MO1 MO2 DA1 DA2   P-X     P-Y     P-Z  ENERGY    MASS
  226 CLUS          91 183 216 225 228 228  -48.24  -38.06   30.5   68.6    1.87
  227 CLUS          91 183 224 223 229 230  -90.13  -71.25   53.6  126.8    2.91

                              ---CLUSTER DECAYS---    

 IHEP    ID      IDPDG IST MO1 MO2 DA1 DA2   P-X     P-Y     P-Z  ENERGY    MASS
  228 D-          -411 196 226 211 231 233  -48.24  -38.06   30.5   68.6    1.87
  229 RHO0         113 197 227 219 234 235  -35.95  -29.22   22.1   51.3    0.77
  230 PI_2+      10215 197 227 219 236 237  -54.18  -42.02   31.5   75.5    1.67

                           ---STRONG HADRON DECAYS--- 

 IHEP    ID      IDPDG IST MO1 MO2 DA1 DA2   P-X     P-Y     P-Z  ENERGY    MASS
  231 K+           321   1 228 211   0   0  -13.79  -11.10    9.2   20.0    0.49
  232 PI-         -211   1 228 211   0   0  -24.66  -18.82   15.3   34.6    0.14
  233 PI-         -211   1 228 211   0   0   -9.79   -8.14    5.9   14.0    0.14
  234 PI+          211   1 229 219   0   0  -17.75  -13.98   10.9   25.1    0.14
  235 PI-         -211   1 229 219   0   0  -18.20  -15.24   11.2   26.2    0.14
  236 F_2          225 198 230 219 238 239  -34.63  -27.11   20.1   48.4    1.27
  237 PI+          211   1 230 219   0   0  -19.55  -14.91   11.4   27.1    0.14
  238 PI0          111   1 236 219   0   0   -6.85   -4.87    4.2    9.4    0.13
  239 PI0          111   1 236 219   0   0  -27.78  -22.24   16.0   39.0    0.13



 EVENT       2: 6500.00 GEV/C P        ON  6500.00 GEV/C P        PROCESS:-18000
 SEEDS:   899838918 &   634519454   STATUS:  100 ERROR:   0  WEIGHT: -5.9269E-04


                               ---INITIAL STATE---    

 IHEP    ID      IDPDG IST MO1 MO2 DA1 DA2   P-X     P-Y     P-Z  ENERGY    MASS
    1 P           2212 101   0   0   0   0    0.00    0.00 6500.0 6500.0    0.94
    2 P           2212 102   0   0   0   0    0.00    0.00-6500.0 6500.0    0.94
    3 CMF            0 103   1   2   0   0    0.00    0.00    0.013000.013000.00

                              ---HARD SUBPROCESS---   

 IHEP    ID      IDPDG IST MO1 MO2 DA1 DA2   P-X     P-Y     P-Z  ENERGY    MASS
    4 UQRK           2 121   6   8  11   9    0.00    0.00 1608.7 1608.7    0.32
    5 DQRK           1 122   6   9  15  10   -0.00   -0.00-1803.6 1803.6    0.32
    6 HARD           0 120   4   5   7  10   -4.63    4.70 -194.9 3412.3 3406.71
    7 HIGGS         25 123   6   7  21   7 -191.11 -135.85   -3.6  265.7  125.00
    8 UQRK           2 124   6  10  22   4   96.82   20.40-1144.7 1149.0    0.32
    9 DQRK           1 124   6   4  29   5   33.87  129.56 1470.6 1476.7    0.32
   10 GLUON         21 124   6   5  31   8   60.42  -14.11 -517.2  520.9    0.75

                              ---PARTON SHOWERS---    

 IHEP    ID      IDPDG IST MO1 MO2 DA1 DA2   P-X     P-Y     P-Z  ENERGY    MASS
   11 UQRK          94 141   4   6  13  14   -3.55    5.56 1608.7 1608.7  -10.96
   12 CONE           0 100   4   9   0   0    0.25    0.97    8.1    8.1    0.00
   13 GLUON         21   2  11  14  38  39    3.55   -5.56  923.4  923.4    0.75
   14 UD          2101   2  11  24  40  39    0.00    0.00 3967.9 3967.9    0.32
   15 DQRK          94 142   5   6  17  20   -1.08   -0.86-1803.7 1803.6  -17.42
   16 CONE           0 100   5  10   0   0    0.97   -0.23  -10.9   10.9    0.00
   17 GLUON         21   2  15  18  41  42    0.86    0.42  -16.5   16.5    0.75
   18 GLUON         21   2  15  19  43  44    0.38    2.21 -101.7  101.7    0.75
   19 GLUON         21   2  15  20  45  46   -0.17   -1.77 -165.5  165.5    0.75
   20 UU          2203   2  15  30  47  46    0.00    0.00-4412.7 4412.7    0.31
   21 HIGGS         25 195   7   6 188 189 -191.46 -135.48   -3.6  265.8  125.00
   22 UQRK          94 144   8   6  24  28   95.25   21.98-1144.6 1148.8    9.86
   23 CONE           0 100   8  10   0   0    2.21   -0.44  -19.5   19.6    0.00
   24 UQRK           2   2  22  25  48  40   55.21   14.13 -696.3  698.6    0.32
   25 GLUON         21   2  22  26  49  50   18.98    4.04 -228.8  229.6    0.75
   26 DBAR          -1   2  22  27  51  50   12.50    2.04 -126.8  127.4    0.32
   27 DQRK           1   2  22  28  52  51    1.68   -0.01  -14.3   14.4    0.32
   28 GLUON         21   2  22  33  53  54    6.89    1.77  -78.4   78.7    0.75
   29 DQRK          94 144   9   6  30  30   31.86  131.59 1470.5 1476.7    0.32
   30 DQRK           1   2  29  38  55  47   31.86  131.59 1470.5 1476.7    0.32
   31 GLUON         94 144  10   6  33  37   59.71  -13.39 -517.2  520.9   10.55
   32 CONE           0 100  10   8   0   0    0.45    0.59   -8.9    9.0    0.00
   33 GLUON         21   2  31  34  56  57    3.74   -0.27  -22.1   22.4    0.75
   34 GLUON         21   2  31  35  58  59   22.94   -4.66 -202.1  203.4    0.75
   35 GLUON         21   2  31  36  60  61   18.95   -3.88 -174.1  175.2    0.75
   36 GLUON         21   2  31  37  62  63    9.70   -1.80  -79.0   79.6    0.75
   37 GLUON         21   2  31  41  64  65    4.38   -2.79  -40.0   40.3    0.75

                              ---GLUON SPLITTING---   

 IHEP    ID      IDPDG IST MO1 MO2 DA1 DA2   P-X     P-Y     P-Z  ENERGY    MASS
   38 UBAR          -2 158  11  39 126  95    0.34   -0.53   88.3   88.3    0.32
   39 UQRK           2 158  11  66  98  38    0.60   -0.92  166.2  166.2    0.32
   40 UD          2101 161  11  48 112  67    0.01   -0.01 3395.9 3395.9    0.64
   41 DBAR          -1 158  15  42 111  65    0.66    0.31   -9.4    9.4    0.32
   42 DQRK           1 158  15  43  99  41    0.20    0.11   -7.1    7.1    0.32
   43 DBAR          -1 158  15  44  99  42    0.23    1.63  -68.1   68.1    0.32
   44 DQRK           1 158  15  45 100  43    0.15    0.58  -33.6   33.6    0.32
   45 UBAR          -2 158  15  46 100  44   -0.23   -0.79  -66.6   66.6    0.32
   46 UQRK           2 158  15  68 101  45    0.06   -0.93  -94.8   94.9    0.32
   47 UU          2203 162  15  55 113  69    0.00   -0.01-3375.2 3375.2    0.64
   48 UQRK           2 158  22  49 102  40   55.21   14.13 -696.3  698.6    0.32
   49 DBAR          -1 158  22  50 102  48   13.97    2.96 -167.3  167.9    0.32
   50 DQRK           1 158  22  51 103  49    5.01    1.09  -61.5   61.7    0.32
   51 DBAR          -1 158  22  52 103  50   12.50    2.04 -126.8  127.4    0.32
   52 DQRK           1 158  22  53 104  51    1.68   -0.01  -14.3   14.4    0.32
   53 UBAR          -2 158  22  54 104  52    5.03    1.20  -57.3   57.5    0.32
   54 UQRK           2 158  22  56 105  53    1.86    0.57  -21.1   21.2    0.32
   55 DQRK           1 158  29  76 106  47   12.00   49.54  553.7  556.0    0.32
   56 DBAR          -1 158  31  57 105  54    2.33    0.01  -13.6   13.8    0.32
   57 DQRK           1 158  31  58 107  56    1.41   -0.28   -8.5    8.6    0.32
   58 DBAR          -1 158  31  59 107  57   12.78   -2.40 -112.1  112.8    0.32
   59 DQRK           1 158  31  60 108  58   10.16   -2.26  -90.0   90.6    0.32
   60 DBAR          -1 158  31  61 108  59   13.85   -2.92 -127.1  127.8    0.32
   61 DQRK           1 158  31  62 109  60    5.10   -0.96  -47.0   47.3    0.32
   62 UBAR          -2 158  31  63 109  61    6.51   -1.13  -53.8   54.2    0.32
   63 UQRK           2 158  31  64 110  62    3.20   -0.67  -25.2   25.4    0.32
   64 DBAR          -1 158  31  65 110  63    2.66   -1.89  -24.8   25.0    0.32
   65 DQRK           1 158  31  41 111  64    1.71   -0.89  -15.2   15.3    0.32
   66 DBAR          -1 159  11  67  98  39    0.26   -0.40   97.3   97.3    0.32
   67 DQRK           1 159  11  40 112  66    0.01   -0.02  543.6  543.6    0.32
   68 UBAR          -2 159  15  69 101  46    0.00   -0.01 -699.5  699.5    0.32
   69 UQRK           2 159  15  47 113  68    0.00   -0.03 -342.1  342.1    0.32
   70 DBAR          -1 159  11  71 124  91    0.48   -0.74  122.7  122.7    0.32
   71 DQRK           1 159  29  80 114  70    4.06   16.78  187.5  188.3    0.32
   72 SBAR          -3 159  11  73 127  97    0.12   -0.04   24.5   24.5    0.50
   73 SQRK           3 159  29  84 115  72    0.54    2.22   26.0   26.1    0.50
   74 DBAR          -1 159  11  75 117  77    0.06    0.06    9.8    9.8    0.32
   75 DQRK           1 159  29  86 116  74    6.70   27.67  309.3  310.6    0.32
   76 DBAR          -1 159  11  77 106  55    0.25    1.00   12.2   12.2    0.32
   77 DQRK           1 159  29  74 117  76    2.21    9.14  102.2  102.7    0.32
   78 UBAR          -2 159  11  79 119  81    0.39   -0.59   98.8   98.8    0.32
   79 UQRK           2 159  29  88 118  78    0.22    0.87   10.9   10.9    0.32
   80 DBAR          -1 159  11  81 114  71    0.07    0.18    7.0    7.0    0.32
   81 DQRK           1 159  29  78 119  80    0.19    0.74    9.6    9.7    0.32
   82 UBAR          -2 159  11  83 121  85    0.23   -0.34   59.3   59.3    0.32
   83 UQRK           2 159  29  90 120  82    0.26    1.06   12.8   12.9    0.32
   84 DBAR          -1 159  11  85 115  73    0.06    0.02   11.8   11.8    0.32
   85 DQRK           1 159  29  82 121  84    0.08    0.28    6.6    6.6    0.32
   86 SBAR          -3 159  11  87 116  75    0.22    0.83   12.3   12.3    0.50
   87 SQRK           3 159  29  92 122  86    2.93   12.09  135.4  135.9    0.50
   88 SBAR          -3 159  11  89 118  79    0.34   -0.50   87.0   87.0    0.50
   89 SQRK           3 159  29  94 123  88    0.11    0.33   10.5   10.5    0.50
   90 SBAR          -3 159  11  91 120  83    0.14    0.50   10.4   10.4    0.50
   91 SQRK           3 159  29  70 124  90    0.10    0.05   18.0   18.0    0.50
   92 DBAR          -1 159  11  93 122  87    0.54    2.20   25.1   25.2    0.32
   93 DQRK           1 159  29  96 125  92    0.71    2.93   33.1   33.2    0.32
   94 DBAR          -1 159  11  95 123  89    0.51   -0.80  132.0  132.0    0.32
   95 DQRK           1 159  29  38 126  94    0.06    0.09    8.8    8.8    0.32
   96 DBAR          -1 159  11  97 125  93    0.06    0.12    7.8    7.9    0.32
   97 DQRK           1 159  29  72 127  96    0.54    2.23   25.4   25.5    0.32

                             ---CLUSTER FORMATION---  

 IHEP    ID      IDPDG IST MO1 MO2 DA1 DA2   P-X     P-Y     P-Z  ENERGY    MASS
   98 CLUS          91 183  39  66 128 129    0.86   -1.32  263.5  263.5    0.69
   99 CLUS          91 183  42  43 130 131    0.42    1.73  -75.2   75.2    1.24
  100 CLUS          91 183  44  45 132 133   -0.08   -0.21 -100.2  100.2    1.59
  101 CLUS          91 183  46  68 134 135    0.06   -0.94 -794.3  794.3    2.71
  102 CLUS          91 183  48  49 136 137   69.18   17.09 -863.6  866.5    1.87
  103 CLUS          91 183  50  51 138 139   17.51    3.13 -188.3  189.1    1.66
  104 CLUS          91 183  52  53 140 141    6.71    1.20  -71.6   72.0    1.31
  105 CLUS          91 183  54  56 142 143    4.18    0.58  -34.7   35.0    1.61
  106 CLUS          91 183  55  76 144 145   12.24   50.54  565.9  568.3    2.29
  107 CLUS          91 183  57  58 146 147   14.19   -2.68 -120.5  121.4    2.07
  108 CLUS          91 183  59  60 148 149   24.01   -5.18 -217.1  218.4    0.81
  109 CLUS          91 183  61  62 150 151   11.61   -2.09 -100.9  101.6    0.89
  110 CLUS          91 183  63  64 152 153    5.86   -2.56  -50.0   50.4    1.48
  111 CLUS          91 183  65  41 154 155    2.38   -0.58  -24.5   24.7    1.37
  112 CLUS          91 184  67  40 156 157    0.02   -0.03 3939.5 3939.5    1.10
  113 CLUS          91 185  69  47 158 159    0.00   -0.04-3717.3 3717.3    1.25
  114 CLUS          91 183  71  80 160 161    4.13   16.95  194.6  195.4    2.93
  115 CLUS          91 183  73  84 162 163    0.61    2.25   37.8   37.9    1.70
  116 CLUS          91 183  75  86 164 165    6.92   28.50  321.5  322.9    2.92
  117 CLUS          91 183  77  74 166 167    2.27    9.20  112.0  112.5    2.90
  118 CLUS          91 183  79  88 168 169    0.56    0.36   97.9   97.9    2.89
  119 CLUS          91 183  81  78 170 171    0.57    0.14  108.4  108.5    2.82
  120 CLUS          91 183  83  90 172 173    0.41    1.56   23.2   23.3    0.95
  121 CLUS          91 183  85  82 174 175    0.32   -0.07   65.9   65.9    1.44
  122 CLUS          91 183  87  92 176 177    3.46   14.30  160.4  161.1    0.98
  123 CLUS          91 183  89  94 178 179    0.63   -0.47  142.5  142.6    2.35
  124 CLUS          91 183  91  70 180 181    0.58   -0.70  140.7  140.7    1.50
  125 CLUS          91 183  93  96 182 183    0.77    3.05   40.9   41.1    1.44
  126 CLUS          91 183  95  38 184 185    0.41   -0.44   97.0   97.0    1.21
  127 CLUS          91 183  97  72 186 187    0.66    2.19   49.9   50.0    2.42

                              ---CLUSTER DECAYS---    

 IHEP    ID      IDPDG IST MO1 MO2 DA1 DA2   P-X     P-Y     P-Z  ENERGY    MASS
  128 PI0          111   1  98  11   0   0    0.39   -0.22  106.0  106.0    0.13
  129 PI+          211   1  98  11   0   0    0.47   -1.10  157.5  157.5    0.14
  130 PI0          111   1  99  15   0   0    0.75    1.18  -60.9   60.9    0.13
  131 PI0          111   1  99  15   0   0   -0.33    0.56  -14.3   14.3    0.13
  132 K0           311 197 100  15 225 225    0.18   -0.61  -71.8   71.8    0.50
  133 K-          -321   1 100  15   0   0   -0.25    0.40  -28.3   28.3    0.49
  134 N           2112   1 101  15   0   0    0.54   -0.70 -548.6  548.6    0.94
  135 DELTABR0   -2114 197 101  15 226 227   -0.48   -0.25 -245.8  245.8    1.23
  136 RHO_30       117 197 102  22 228 229   65.19   16.16 -814.7  817.4    1.69
  137 PI+          211   1 102  22   0   0    3.99    0.92  -48.9   49.1    0.14
  138 RHO-        -213 197 103  22 230 231    7.44    1.49  -86.4   86.8    0.77
  139 PI+          211   1 103  22   0   0   10.07    1.64 -101.9  102.4    0.14
  140 PI0          111   1 104  22   0   0    1.01   -0.04   -8.2    8.3    0.13
  141 RHO-        -213 197 104  22 232 233    5.69    1.24  -63.4   63.7    0.77
  142 K*+          323 197 105  22 234 235    1.66    0.12  -16.1   16.2    0.89
  143 KBAR0       -311 197 105  22 236 236    2.52    0.46  -18.6   18.8    0.50
  144 P           2212   1 106  29   0   0    7.33   30.28  338.6  340.1    0.94
  145 DELTABR-   -2214 197 106  29 237 238    4.91   20.27  227.2  228.2    1.23
  146 PI0          111   1 107  31   0   0    5.75   -0.69  -41.7   42.1    0.13
  147 OMEGA        223 197 107  31 239 241    8.44   -1.99  -78.8   79.3    0.78
  148 PI0          111   1 108  31   0   0   15.45   -3.09 -141.7  142.5    0.13
  149 PI0          111   1 108  31   0   0    8.56   -2.08  -75.4   75.9    0.13
  150 PI-         -211   1 109  31   0   0    9.88   -1.67  -83.2   83.8    0.14
  151 PI0          111   1 109  31   0   0    1.72   -0.42  -17.7   17.7    0.13
  152 ETA          221 197 110  31 242 244    1.18   -0.58   -8.4    8.5    0.55
  153 PI+          211   1 110  31   0   0    4.68   -1.98  -41.6   41.9    0.14
  154 PI-         -211   1 111  31   0   0    0.72   -0.21  -11.7   11.7    0.14
  155 RHO+         213 197 111  31 245 246    1.66   -0.37  -12.8   13.0    0.77
  156 PI-         -211   1 112  11   0   0    0.01   -0.09  591.9  591.9    0.14
  157 P           2212   1 112  11   0   0    0.01    0.06 3347.6 3347.6    0.94
  158 PI+          211   1 113  15   0   0   -0.16   -0.17-1167.0 1167.0    0.14
  159 P           2212   1 113  15   0   0    0.16    0.13-2550.3 2550.3    0.94
  160 DELTA0      2114 197 114  29 247 248    1.71    6.92   88.3   88.6    1.23
  161 DELTABR0   -2114 197 114  29 249 250    2.42   10.03  106.3  106.8    1.23
  162 KBAR0       -311 197 115  29 251 251   -0.26    0.55   13.5   13.5    0.50
  163 RHO0         113 197 115  29 252 253    0.87    1.70   24.3   24.4    0.77
  164 SIGMA*-     3114 197 116  29 254 255    3.35   15.78  179.5  180.3    1.39
  165 XIBAR+     -3312 197 116  29 256 257    3.57   12.72  142.0  142.6    1.32
  166 A_2-        -215 197 117  29 258 259    0.43    4.16   50.2   50.4    1.32
  167 A_2+         215 197 117  29 260 262    1.84    5.03   61.8   62.1    1.32
  168 DELTA++     2224 197 118  29 263 264    0.73   -0.10   38.5   38.6    1.23
  169 SGMA*BR-   -3224 197 118  29 265 266   -0.17    0.47   59.3   59.3    1.38
  170 PI-         -211   1 119  29   0   0    1.06    0.22   35.1   35.2    0.14
  171 RHOD0      30113 197 119  29 267 268   -0.49   -0.08   73.3   73.3    1.70
  172 PI+          211   1 120  29   0   0   -0.15    0.59    6.3    6.3    0.14
  173 K0           311 197 120  29 269 269    0.56    0.96   17.0   17.0    0.50
  174 K0           311 197 121  29 270 270   -0.05   -0.10   21.9   21.9    0.50
  175 K*-         -323 197 121  29 271 272    0.37    0.03   44.0   44.0    0.89
  176 K-          -321   1 122  29   0   0    1.63    5.58   63.6   63.9    0.49
  177 PI+          211   1 122  29   0   0    1.83    8.72   96.8   97.2    0.14
  178 SIGMA*0     3214 197 123  29 273 274    0.30   -0.41   90.3   90.3    1.38
  179 NBAR       -2112   1 123  29   0   0    0.33   -0.06   52.2   52.3    0.94
  180 KBAR0       -311 197 124  29 275 275    0.61   -0.82  137.9  137.9    0.50
  181 PI0          111   1 124  29   0   0   -0.03    0.12    2.8    2.8    0.13
  182 PI-         -211   1 125  29   0   0   -0.08    1.43   14.4   14.4    0.14
  183 RHO+         213 197 125  29 276 277    0.85    1.62   26.6   26.7    0.77
  184 RHO0         113 197 126  29 278 279    0.47   -0.63   77.9   77.9    0.77
  185 PI-         -211   1 126  29   0   0   -0.07    0.19   19.1   19.1    0.14
  186 K*0          313 197 127  29 280 281    0.03    0.95   23.2   23.2    0.90
  187 FH_1       20333 197 127  29 282 283    0.63    1.24   26.7   26.8    1.43

                            ---H/W/Z BOSON DECAYS---  

 IHEP    ID      IDPDG IST MO1 MO2 DA1 DA2   P-X     P-Y     P-Z  ENERGY    MASS
  188 BQRK           5 123  21 189 190 189  -97.27 -140.47   -9.2  171.2    4.95
  189 BBAR          -5 124  21 188 195 188  -94.19    5.00    5.6   94.6    4.95

                              ---PARTON SHOWERS---    

 IHEP    ID      IDPDG IST MO1 MO2 DA1 DA2   P-X     P-Y     P-Z  ENERGY    MASS
  190 BQRK          94 143 188  21 192 194  -98.85 -139.83   -9.0  172.5   18.59
  191 CONE           0 100 188 189   0   0   -1.24   -0.03    0.1    1.2    0.00
  192 BQRK           5   2 190 193 200 199  -77.09 -116.89   -6.1  140.2    4.95
  193 GLUON         21   2 190 194 201 202  -11.07  -15.31   -0.9   18.9    0.75
  194 GLUON         21   2 190 197 203 204  -10.70   -7.63   -2.0   13.3    0.75
  195 BBAR          94 144 189  21 197 199  -92.61    4.36    5.4   93.3    9.05
  196 CONE           0 100 189 188   0   0   -0.11   -0.99   -0.1    1.0    0.00
  197 GLUON         21   2 195 198 205 206   -6.06    0.00   -0.9    6.2    0.75
  198 GLUON         21   2 195 199 207 208  -16.45    1.24    0.0   16.5    0.75
  199 BBAR          -5   2 195 200 209 208  -70.10    3.11    6.3   70.6    4.95

                              ---GLUON SPLITTING---   

 IHEP    ID      IDPDG IST MO1 MO2 DA1 DA2   P-X     P-Y     P-Z  ENERGY    MASS
  200 BQRK           5 158 190 201 210 209  -77.09 -116.89   -6.1  140.2    4.95
  201 UBAR          -2 158 190 202 210 200   -7.11   -9.57   -0.5   11.9    0.32
  202 UQRK           2 158 190 203 211 201   -3.96   -5.75   -0.4    7.0    0.32
  203 DBAR          -1 158 190 204 211 202   -7.59   -5.38   -1.3    9.4    0.32
  204 DQRK           1 158 190 205 212 203   -3.11   -2.25   -0.7    3.9    0.32
  205 DBAR          -1 158 195 206 212 204   -2.92    0.16   -0.5    3.0    0.32
  206 DQRK           1 158 195 207 213 205   -3.14   -0.15   -0.3    3.2    0.32
  207 DBAR          -1 158 195 208 213 206   -9.22    0.54   -0.1    9.2    0.32
  208 DQRK           1 158 195 209 214 207   -7.23    0.71    0.1    7.3    0.32
  209 BBAR          -5 158 195 200 214 208  -70.10    3.11    6.3   70.6    4.95

                             ---CLUSTER FORMATION---  

 IHEP    ID      IDPDG IST MO1 MO2 DA1 DA2   P-X     P-Y     P-Z  ENERGY    MASS
  210 CLUS          91 183 200 201 215 216  -84.20 -126.45   -6.6  152.2    5.76
  211 CLUS          91 183 202 203 217 218  -11.54  -11.13   -1.7   16.4    2.98
  212 CLUS          91 183 204 205 219 220   -6.03   -2.10   -1.3    6.9    2.33
  213 CLUS          91 183 206 207 221 222  -12.36    0.38   -0.4   12.4    1.07
  214 CLUS          91 183 208 209 223 224  -77.33    3.81    6.4   77.9    5.70

                              ---CLUSTER DECAYS---    

 IHEP    ID      IDPDG IST MO1 MO2 DA1 DA2   P-X     P-Y     P-Z  ENERGY    MASS
  215 B*-         -523 197 210 190 284 285  -80.37 -121.35   -6.3  145.8    5.32
  216 PI0          111   1 210 190   0   0   -3.83   -5.11   -0.3    6.4    0.13
  217 DELTA++     2224 197 211 190 286 287   -8.59   -9.13   -1.7   12.7    1.23
  218 PBAR       -2212   1 211 190   0   0   -2.96   -1.99   -0.0    3.7    0.94
  219 DELTA0      2114 197 212 190 288 289   -2.33   -0.77   -0.7    2.8    1.23
  220 NBAR       -2112   1 212 190   0   0   -3.70   -1.33   -0.6    4.1    0.94
  221 PI-         -211   1 213 195   0   0   -3.38    0.26   -0.3    3.4    0.14
  222 RHO+         213 197 213 195 290 291   -8.98    0.12   -0.2    9.0    0.77
  223 PI-         -211   1 214 195   0   0   -3.67    0.37    0.0    3.7    0.14
  224 B*+          523 197 214 195 292 293  -73.66    3.45    6.4   74.2    5.32

                           ---STRONG HADRON DECAYS--- 

 IHEP    ID      IDPDG IST MO1 MO2 DA1 DA2   P-X     P-Y     P-Z  ENERGY    MASS
  225 K_S0         310 198 132  15 294 295    0.18   -0.61  -71.8   71.8    0.50
  226 NBAR       -2112   1 135  15   0   0   -0.15   -0.08 -175.9  175.9    0.94
  227 PI0          111   1 135  15   0   0   -0.32   -0.17  -69.9   69.9    0.13
  228 A_2-        -215 198 136  22 296 297   46.76   11.57 -581.0  583.0    1.32
  229 PI+          211   1 136  22   0   0   18.43    4.60 -233.7  234.5    0.14
  230 PI-         -211   1 138  22   0   0    1.66    0.63  -20.0   20.1    0.14
  231 PI0          111   1 138  22   0   0    5.79    0.86  -66.4   66.7    0.13
  232 PI-         -211   1 141  22   0   0    2.94    0.56  -28.8   28.9    0.14
  233 PI0          111   1 141  22   0   0    2.75    0.68  -34.6   34.8    0.13
  234 K0           311 198 142  22 298 298    1.43    0.16  -15.0   15.1    0.50
  235 PI+          211   1 142  22   0   0    0.23   -0.04   -1.1    1.1    0.14
  236 K_S0         310 198 143  22 299 300    2.52    0.46  -18.6   18.8    0.50
  237 PBAR       -2212   1 145  29   0   0    4.16   16.23  182.2  183.0    0.94
  238 PI0          111   1 145  29   0   0    0.75    4.03   45.0   45.2    0.13
  239 PI+          211   1 147  31   0   0    0.72   -0.16   -6.3    6.3    0.14
  240 PI-         -211   1 147  31   0   0    5.88   -1.47  -56.9   57.2    0.14
  241 PI0          111   1 147  31   0   0    1.85   -0.36  -15.6   15.7    0.13
  242 PI0          111   1 152  31   0   0    0.29   -0.25   -1.8    1.8    0.13
  243 PI0          111   1 152  31   0   0    0.47   -0.23   -3.4    3.5    0.13
  244 PI0          111   1 152  31   0   0    0.43   -0.10   -3.2    3.2    0.13
  245 PI+          211   1 155  31   0   0    0.26   -0.22   -1.4    1.4    0.14
  246 PI0          111   1 155  31   0   0    1.40   -0.15  -11.5   11.5    0.13
  247 P           2212   1 160  29   0   0    1.29    5.93   76.4   76.6    0.94
  248 PI-         -211   1 160  29   0   0    0.43    0.99   11.9   11.9    0.14
  249 PBAR       -2212   1 161  29   0   0    2.08    8.66   93.8   94.2    0.94
  250 PI+          211   1 161  29   0   0    0.34    1.37   12.5   12.6    0.14
  251 K_S0         310 198 162  29 301 302   -0.26    0.55   13.5   13.5    0.50
  252 PI+          211   1 163  29   0   0    0.58    0.96   18.0   18.1    0.14
  253 PI-         -211   1 163  29   0   0    0.29    0.74    6.2    6.3    0.14
  254 LAMBDA      3122 198 164  29 303 304    2.73   12.94  144.8  145.4    1.12
  255 PI-         -211   1 164  29   0   0    0.62    2.85   34.7   34.9    0.14
  256 LAMBDABR   -3122 198 165  29 305 306    3.08   10.49  117.7  118.2    1.12
  257 PI+          211   1 165  29   0   0    0.49    2.23   24.3   24.4    0.14
  258 ETA          221 198 166  29 307 308    0.46    1.90   18.8   18.9    0.55
  259 PI-         -211   1 166  29   0   0   -0.03    2.26   31.5   31.5    0.14
  260 OMEGA        223 198 167  29 309 311    1.49    3.33   39.6   39.8    0.78
  261 PI+          211   1 167  29   0   0    0.13    0.57    8.7    8.7    0.14
  262 PI0          111   1 167  29   0   0    0.22    1.13   13.5   13.5    0.13
  263 P           2212   1 168  29   0   0    0.34   -0.07   30.3   30.3    0.94
  264 PI+          211   1 168  29   0   0    0.38   -0.03    8.2    8.2    0.14
  265 LAMBDABR   -3122 198 169  29 312 313    0.06    0.37   45.3   45.3    1.12
  266 PI-         -211   1 169  29   0   0   -0.23    0.10   14.0   14.0    0.14
  267 PI+          211   1 171  29   0   0   -0.78    0.24   17.3   17.3    0.14
  268 PI-         -211   1 171  29   0   0    0.29   -0.31   56.0   56.0    0.14
  269 K_S0         310 198 173  29 314 315    0.56    0.96   17.0   17.0    0.50
  270 K_S0         310 198 174  29 316 317   -0.05   -0.10   21.9   21.9    0.50
  271 K-          -321   1 175  29   0   0    0.22   -0.02   40.8   40.8    0.49
  272 PI0          111   1 175  29   0   0    0.15    0.05    3.2    3.2    0.13
  273 SIGMA+      3222 198 178  29 318 319    0.25   -0.24   72.3   72.3    1.19
  274 PI-         -211   1 178  29   0   0    0.05   -0.17   18.0   18.0    0.14
  275 K_L0         130   1 180  29   0   0    0.61   -0.82  137.9  137.9    0.50
  276 PI+          211   1 183  29   0   0    0.40    0.72    7.4    7.4    0.14
  277 PI0          111   1 183  29   0   0    0.45    0.90   19.2   19.2    0.13
  278 PI+          211   1 184  29   0   0    0.27    0.07   35.0   35.0    0.14
  279 PI-         -211   1 184  29   0   0    0.20   -0.70   42.9   42.9    0.14
  280 K0           311 198 186  29 320 320    0.01    0.71   11.1   11.2    0.50
  281 PI0          111   1 186  29   0   0    0.02    0.24   12.1   12.1    0.13
  282 KBAR0       -311 198 187  29 321 321    0.29    0.63   10.7   10.7    0.50
  283 K*0          313 198 187  29 322 323    0.34    0.61   16.0   16.0    0.90
  284 B-          -521 199 215 190 343 344  -80.33 -121.31   -6.3  145.7    5.28
  285 GAMMA         22   1 215 190   0   0   -0.04   -0.04   -0.0    0.1    0.00
  286 P           2212   1 217 190   0   0   -7.02   -7.40   -1.1   10.3    0.94
  287 PI+          211   1 217 190   0   0   -1.57   -1.74   -0.5    2.4    0.14
  288 N           2112   1 219 190   0   0   -1.65   -0.62   -0.3    2.0    0.94
  289 PI0          111   1 219 190   0   0   -0.68   -0.14   -0.4    0.8    0.13
  290 PI+          211   1 222 195   0   0   -4.12   -0.18   -0.3    4.1    0.14
  291 PI0          111   1 222 195   0   0   -4.86    0.30    0.2    4.9    0.13
  292 B+           521 198 224 195 324 326  -72.42    3.38    6.3   73.0    5.28
  293 GAMMA         22   1 224 195   0   0   -1.24    0.07    0.1    1.2    0.00
  294 PI0          111   1 225  15   0   0    0.21   -0.61  -57.8   57.8    0.13
  295 PI0          111   1 225  15   0   0   -0.04    0.01  -14.0   14.0    0.13
  296 RHO0         113 198 228  22 327 328   21.97    5.11 -270.9  271.9    0.77
  297 PI-         -211   1 228  22   0   0   24.79    6.46 -310.1  311.1    0.14
  298 K_L0         130   1 234  22   0   0    1.43    0.16  -15.0   15.1    0.50
  299 PI+          211   1 236  22   0   0    0.28    0.02   -1.8    1.8    0.14
  300 PI-         -211   1 236  22   0   0    2.24    0.44  -16.8   17.0    0.14
  301 PI+          211   1 251  29   0   0   -0.08    0.41    5.3    5.3    0.14
  302 PI-         -211   1 251  29   0   0   -0.19    0.14    8.2    8.2    0.14
  303 P           2212   1 254  29   0   0    2.33   11.45  127.6  128.1    0.94
  304 PI-         -211   1 254  29   0   0    0.40    1.49   17.2   17.3    0.14
  305 NBAR       -2112   1 256  29   0   0    2.91    9.85  110.6  111.1    0.94
  306 PI0          111   1 256  29   0   0    0.17    0.64    7.1    7.1    0.13
  307 GAMMA         22   1 258  29   0   0    0.00    0.82    6.1    6.1    0.00
  308 GAMMA         22   1 258  29   0   0    0.46    1.08   12.7   12.8    0.00
  309 PI+          211   1 260  29   0   0    0.55    0.83    8.9    8.9    0.14
  310 PI-         -211   1 260  29   0   0    0.28    0.85    8.8    8.8    0.14
  311 PI0          111   1 260  29   0   0    0.66    1.66   21.9   22.0    0.13
  312 NBAR       -2112   1 265  29   0   0   -0.00    0.25   39.8   39.8    0.94
  313 PI0          111   1 265  29   0   0    0.07    0.12    5.5    5.5    0.13
  314 PI+          211   1 269  29   0   0   -0.00    0.08    2.9    2.9    0.14
  315 PI-         -211   1 269  29   0   0    0.56    0.88   14.1   14.1    0.14
  316 PI+          211   1 270  29   0   0   -0.11    0.12    6.5    6.5    0.14
  317 PI-         -211   1 270  29   0   0    0.06   -0.22   15.4   15.4    0.14
  318 N           2112   1 273  29   0   0    0.28   -0.26   69.0   69.0    0.94
  319 PI+          211   1 273  29   0   0   -0.04    0.02    3.4    3.4    0.14
  320 K_S0         310 198 280  29 329 330    0.01    0.71   11.1   11.2    0.50
  321 K_S0         310 198 282  29 331 332    0.29    0.63   10.7   10.7    0.50
  322 K0           311 198 283  29 333 333    0.15    0.44    6.4    6.4    0.50
  323 PI0          111   1 283  29   0   0    0.20    0.17    9.6    9.6    0.13
  324 MU+          -13   1 292 195   0   0  -16.30    1.06    2.7   16.5    0.11
  325 NU_MU         14   1 292 195   0   0  -15.40    1.94    1.3   15.6    0.00
  326 D*BAR0      -423 198 292 195 334 335  -40.72    0.39    2.3   40.8    2.01
  327 PI+          211   1 296  22   0   0    7.03    1.63  -82.8   83.1    0.14
  328 PI-         -211   1 296  22   0   0   14.93    3.48 -188.1  188.7    0.14
  329 PI+          211   1 320  29   0   0    0.02    0.31    7.8    7.8    0.14
  330 PI-         -211   1 320  29   0   0   -0.01    0.40    3.4    3.4    0.14
  331 PI+          211   1 321  29   0   0   -0.02    0.11    4.4    4.4    0.14
  332 PI-         -211   1 321  29   0   0    0.31    0.52    6.3    6.4    0.14
  333 K_L0         130   1 322  29   0   0    0.15    0.44    6.4    6.4    0.50
  334 DBAR0       -421 198 326 195 336 339  -37.81    0.33    2.2   37.9    1.86
  335 PI0          111   1 326 195   0   0   -2.92    0.06    0.1    2.9    0.13
  336 K0           311 198 334 195 340 340  -12.83    0.40    1.1   12.9    0.50
  337 PI-         -211   1 334 195   0   0   -1.24   -0.17    0.0    1.3    0.14
  338 PI+          211   1 334 195   0   0   -8.46   -0.12    0.3    8.5    0.14
  339 PI0          111   1 334 195   0   0  -15.28    0.22    0.7   15.3    0.13
  340 K_S0         310 198 336 195 341 342  -12.83    0.40    1.1   12.9    0.50
  341 PI0          111   1 340 195   0   0   -1.83    0.08    0.0    1.8    0.13
  342 PI0          111   1 340 195   0   0  -11.00    0.32    1.1   11.1    0.13

                           ---HEAVY PARTICLE DECAYS---

 IHEP    ID      IDPDG IST MO1 MO2 DA1 DA2   P-X     P-Y     P-Z  ENERGY    MASS
  343 BQRK           5 155 284 344 345 347  -75.46 -113.95   -5.9  136.9    4.96
  344 UBAR          -2 125 284 347 348 347   -4.87   -7.35   -0.4    8.8    0.32
  345 DQRK           1 123 343 346 349 346  -11.45  -14.47   -0.6   18.5    0.32
  346 UBAR          -2 124 343 345 351 345  -18.92  -28.45   -1.2   34.2    0.32
  347 UQRK           2 124 343 343 353 343  -45.09  -71.03   -4.1   84.2    0.32
  348 UBAR          -2 160 344 357 359 357   -4.87   -7.35   -0.4    8.8    0.32

                              ---PARTON SHOWERS---    

 IHEP    ID      IDPDG IST MO1 MO2 DA1 DA2   P-X     P-Y     P-Z  ENERGY    MASS
  349 DQRK          94 143 345 343 350 350  -11.45  -14.47   -0.6   18.5    0.32
  350 DQRK           1   2 349 352 355 352  -11.45  -14.47   -0.6   18.5    0.32
  351 UBAR          94 144 346 343 352 352  -18.92  -28.45   -1.2   34.2    0.32
  352 UBAR          -2   2 351 355 356 355  -18.92  -28.45   -1.2   34.2    0.32
  353 UQRK          94 144 347 343 354 354  -45.09  -71.03   -4.1   84.2    0.32
  354 UQRK           2   2 353 348 357 348  -45.09  -71.03   -4.1   84.2    0.32

                              ---GLUON SPLITTING---   

 IHEP    ID      IDPDG IST MO1 MO2 DA1 DA2   P-X     P-Y     P-Z  ENERGY    MASS
  355 DQRK           1 158 349 356 358 356  -11.45  -14.47   -0.6   18.5    0.32
  356 UBAR          -2 158 351 355 358 355  -18.92  -28.45   -1.2   34.2    0.32
  357 UQRK           2 158 353 348 359 348  -45.09  -71.03   -4.1   84.2    0.32

                             ---CLUSTER FORMATION---  

 IHEP    ID      IDPDG IST MO1 MO2 DA1 DA2   P-X     P-Y     P-Z  ENERGY    MASS
  358 CLUS          91 183 355 356 360 361  -30.38  -42.92   -1.8   52.7    2.18
  359 CLUS          91 183 357 348 362 363  -49.96  -78.39   -4.5   93.1    1.22

                              ---CLUSTER DECAYS---    

 IHEP    ID      IDPDG IST MO1 MO2 DA1 DA2   P-X     P-Y     P-Z  ENERGY    MASS
  360 RHO0         113 197 358 349 364 365  -10.73  -14.47   -0.6   18.0    0.77
  361 B_1-      -10213 197 358 349 366 367  -19.64  -28.45   -1.2   34.6    1.23
  362 RHO+         213 197 359 353 368 369  -48.07  -75.63   -4.4   89.7    0.77
  363 PI-         -211   1 359 353   0   0   -1.88   -2.76   -0.1    3.3    0.14

                           ---STRONG HADRON DECAYS--- 

 IHEP    ID      IDPDG IST MO1 MO2 DA1 DA2   P-X     P-Y     P-Z  ENERGY    MASS
  364 PI+          211   1 360 349   0   0   -0.70   -1.01    0.1    1.2    0.14
  365 PI-         -211   1 360 349   0   0  -10.03  -13.46   -0.7   16.8    0.14
  366 OMEGA        223 198 361 349 370 372   -9.60  -13.80   -0.4   16.8    0.78
  367 PI-         -211   1 361 349   0   0  -10.04  -14.64   -0.8   17.8    0.14
  368 PI+          211   1 362 353   0   0  -18.44  -28.39   -1.6   33.9    0.14
  369 PI0          111   1 362 353   0   0  -29.63  -47.24   -2.8   55.8    0.13
  370 PI+          211   1 366 349   0   0   -1.47   -2.21   -0.1    2.7    0.14
  371 PI-         -211   1 366 349   0   0   -2.59   -3.68    0.2    4.5    0.14
  372 PI0          111   1 366 349   0   0   -5.54   -7.91   -0.5    9.7    0.13

 HWWARN CALLED FROM SUBPROGRAM HWSBRN: CODE = 102
 EVENT     289:   SEEDS = 1702054392 &  682761743  WEIGHT = 0.5927E-03
 EVENT KILLED.   EXECUTION CONTINUES

 HWWARN CALLED FROM SUBPROGRAM HWSBRN: CODE = 105
 EVENT    5799:   SEEDS =  149429323 &  415267394  WEIGHT = 0.5927E-03
 EVENT KILLED.   EXECUTION CONTINUES

 HWWARN CALLED FROM SUBPROGRAM HWDFIV: CODE = 101
 EVENT    6589:   SEEDS = 1892703662 &  833022592  WEIGHT = 0.5927E-03
 EVENT KILLED.   EXECUTION CONTINUES

 HWWARN CALLED FROM SUBPROGRAM HWDFIV: CODE = 101
 EVENT    7391:   SEEDS = 1168339970 & 1337523290  WEIGHT = 0.5927E-03
 EVENT KILLED.   EXECUTION CONTINUES

 HWWARN CALLED FROM SUBPROGRAM HWSBRN: CODE = 105
 EVENT    8664:   SEEDS = 1047044799 & 1224945024  WEIGHT = 0.5927E-03
 EVENT KILLED.   EXECUTION CONTINUES

          OUTPUT ON LES HOUCHES EVENTS


      PROC CODE  XSECT(pb)        XERR(pb)      Max wgt(nb) No. of events


          OUTPUT ON ELEMENTARY PROCESS

          N.B. NEGATIVE WEIGHTS ALLOWED

          NUMBER OF EVENTS   =        9995
          NEGATIVE  EVENTS   =        2621
          NUMBER OF WEIGHTS  =       10000
          NEGATIVE  WEIGHTS  =        2621
          MEAN VALUE OF WGT  =  2.8200E-04
          RMS SPREAD IN WGT  =  5.2130E-04
          MEAN ABS WEIGHT    =  5.9269E-04
          ACTUAL MAX ABS WGT =  1.0000E+00
          ASSUMED MAXABS WGT =  2.8200E-04

          PROCESS CODE IPROC =      -18000
          CROSS SECTION (PB) =  0.2820    
          ERROR IN C-S  (PB) =  5.2130E-03
          EFFICIENCY PERCENT =   100.0    
 # of events processed=        9995
