 A PDF is used, so alpha_s(MZ) is going to be modified
 Old value of alpha_s from param_card:   0.11799999999999999     
  ****************************************
 
       NNPDFDriver version 1.0.3
   Grid: NNPDF23nlo_as_0119_qed_mem0.grid
  ****************************************
 New value of alpha_s from PDF nn23nlo:  0.11899999999999999     
 *****************************************************
 *               MadGraph/MadEvent                   *
 *        --------------------------------           *
 *          http://madgraph.hep.uiuc.edu             *
 *          http://madgraph.phys.ucl.ac.be           *
 *          http://madgraph.roma2.infn.it            *
 *        --------------------------------           *
 *                                                   *
 *          PARAMETER AND COUPLING VALUES            *
 *                                                   *
 *****************************************************

  External Params
  ---------------------------------
  
 MU_R =    91.188000000000002     
 aEWM1 =    132.50700000000001     
 mdl_Gf =    1.1663900000000000E-005
 aS =   0.11799999999999999     
 mdl_ymb =    4.7000000000000002     
 mdl_ymt =    173.00000000000000     
 mdl_ymtau =    1.7769999999999999     
 mdl_MT =    173.00000000000000     
 mdl_MB =    4.7000000000000002     
 mdl_MZ =    91.188000000000002     
 mdl_MH =    125.00000000000000     
 mdl_MTA =    1.7769999999999999     
 mdl_WT =    1.4915000000000000     
 mdl_WZ =    2.4414039999999999     
 mdl_WW =    2.0476000000000001     
 mdl_WH =    6.3823389999999999E-003
  Internal Params
  ---------------------------------
  
 mdl_conjg__CKM3x3 =    1.0000000000000000     
 mdl_CKM22 =    1.0000000000000000     
 mdl_lhv =    1.0000000000000000     
 mdl_CKM3x3 =    1.0000000000000000     
 mdl_conjg__CKM22 =    1.0000000000000000     
 mdl_conjg__CKM33 =    1.0000000000000000     
 mdl_Ncol =    3.0000000000000000     
 mdl_CA =    3.0000000000000000     
 mdl_TF =   0.50000000000000000     
 mdl_CF =    1.3333333333333333     
 mdl_complexi =                (0.0000000000000000,1.0000000000000000)
 mdl_MZ__exp__2 =    8315.2513440000002     
 mdl_MZ__exp__4 =    69143404.913893804     
 mdl_sqrt__2 =    1.4142135623730951     
 mdl_MH__exp__2 =    15625.000000000000     
 mdl_Ncol__exp__2 =    9.0000000000000000     
 mdl_MB__exp__2 =    22.090000000000003     
 mdl_MT__exp__2 =    29929.000000000000     
 mdl_aEW =    7.5467711139788835E-003
 mdl_MW =    80.419002445756163     
 mdl_sqrt__aEW =    8.6872153846781555E-002
 mdl_ee =   0.30795376724436879     
 mdl_MW__exp__2 =    6467.2159543705357     
 mdl_sw2 =   0.22224648578577766     
 mdl_cw =   0.88190334743339216     
 mdl_sqrt__sw2 =   0.47143025548407230     
 mdl_sw =   0.47143025548407230     
 mdl_g1 =   0.34919219678733299     
 mdl_gw =   0.65323293034757990     
 mdl_v =    246.21845810181637     
 mdl_v__exp__2 =    60623.529110035903     
 mdl_lam =   0.12886910601690263     
 mdl_yb =    2.6995554250465490E-002
 mdl_yt =   0.99366614581500623     
 mdl_ytau =    1.0206617000654717E-002
 mdl_muH =    88.388347648318430     
 mdl_AxialZUp =  -0.18517701861793787     
 mdl_AxialZDown =   0.18517701861793787     
 mdl_VectorZUp =    7.5430507588273299E-002
 mdl_VectorZDown =  -0.13030376310310560     
 mdl_VectorAUp =   0.20530251149624587     
 mdl_VectorADown =  -0.10265125574812294     
 mdl_VectorWmDxU =   0.23095271737156670     
 mdl_AxialWmDxU =  -0.23095271737156670     
 mdl_VectorWpUxD =   0.23095271737156670     
 mdl_AxialWpUxD =  -0.23095271737156670     
 mdl_I1x33 =          (2.69955542504654901E-002,0.0000000000000000)
 mdl_I2x33 =               (0.99366614581500623,0.0000000000000000)
 mdl_I3x33 =               (0.99366614581500623,0.0000000000000000)
 mdl_I4x33 =          (2.69955542504654901E-002,0.0000000000000000)
 mdl_Vector_tbGp =              (-0.96667059156454072,0.0000000000000000)
 mdl_Axial_tbGp =              (-1.0206617000654716,-0.0000000000000000)
 mdl_Vector_tbGm =               (0.96667059156454072,0.0000000000000000)
 mdl_Axial_tbGm =              (-1.0206617000654716,-0.0000000000000000)
 mdl_gw__exp__2 =   0.42671326129048615     
 mdl_cw__exp__2 =   0.77775351421422245     
 mdl_ee__exp__2 =    9.4835522759998875E-002
 mdl_sw__exp__2 =   0.22224648578577769     
 mdl_yb__exp__2 =    7.2875994928982540E-004
 mdl_yt__exp__2 =   0.98737240933884918     
  Internal Params evaluated point by point
  ----------------------------------------
  
 mdl_sqrt__aS =   0.34351128074635334     
 mdl_G__exp__4 =    2.1987899468922913     
 mdl_G__exp__2 =    1.4828317324943823     
 mdl_R2MixedFactor_FIN_ =   -2.5040377713124864E-002
 mdl_GWcft_UV_b_1EPS_ =   -3.1300472141406080E-003
 mdl_GWcft_UV_t_1EPS_ =   -3.1300472141406080E-003
 mdl_bWcft_UV_1EPS_ =   -1.8780283284843650E-002
 mdl_tWcft_UV_1EPS_ =   -1.8780283284843650E-002
 mdl_G__exp__3 =    1.8056676068262196     
 mdl_MU_R__exp__2 =    8315.2513440000002     
 mdl_GWcft_UV_b_FIN_ =   -1.8563438626678915E-002
 mdl_GWcft_UV_t_FIN_ =    4.0087659331150384E-003
 mdl_bWcft_UV_FIN_ =  -0.13642100947319838     
 mdl_tWcft_UV_FIN_ =   -9.8778211443463623E-004
  Couplings of loop_sm
  ---------------------------------
  
    R2_UUZ_V2 =  -0.00000E+00  -0.72127E-02
    R2_UUZ_V5 =   0.00000E+00   0.68702E-03
      R2_sxcW =  -0.00000E+00  -0.11566E-01
         GC_5 =   0.00000E+00   0.12177E+01
        GC_22 =   0.00000E+00   0.28804E+00
        GC_23 =  -0.00000E+00  -0.27437E-01
        GC_31 =   0.00000E+00   0.52532E+02
        GC_32 =   0.00000E+00   0.67544E+02
        GC_47 =   0.00000E+00   0.46191E+00

 Collider parameters:
 --------------------

 Running at P P   machine @    13000.000000000000       GeV
 PDF set = nn23nlo
 alpha_s(Mz)= 0.1190 running at 2 loops.
 alpha_s(Mz)= 0.1190 running at 2 loops.
 Renormalization scale set on event-by-event basis
 Factorization   scale set on event-by-event basis


 ===============================================================
 INFO: MadFKS read these parameters from FKS_params.dat
 ===============================================================
  > IRPoleCheckThreshold      =   -1.0000000000000000     
  > PrecisionVirtualAtRunTime =   -1.0000000000000000     
  > NHelForMCoverHels         =            4
  > VirtualFraction           =    1.0000000000000000     
  > MinVirtualFraction        =    5.0000000000000001E-003
 ===============================================================
  Insert the number of points to test
 Insert the relative tolerance
  A negative number will mean use the default one:   -1.0000000000000000     
Using random seed offsets:     1 ,     10 ,      0
  with seed                15455
 Ranmar initialization seeds       10742       25464
  ========================================================================================== 
 {                                                                                          }
 {       [32m                                                                            [0m       }
 {       [32m                               ,,                                           [0m       }
 {       [32m`7MMM.     ,MMF'             `7MM  `7MMF'                                   [0m       }
 {       [32m  MMMb    dPMM                 MM    MM                                     [0m       }
 {       [32m  M YM   ,M MM   ,6"Yb.   ,M""bMM    MM         ,pW"Wq.   ,pW"Wq.`7MMpdMAo. [0m       }
 {       [32m  M  Mb  M' MM  8)   MM ,AP    MM    MM        6W'   `Wb 6W'   `Wb MM   `Wb [0m       }
 {       [32m  M  YM.P'  MM   ,pm9MM 8MI    MM    MM      , 8M     M8 8M     M8 MM    M8 [0m       }
 {       [32m  M  `YM'   MM  8M   MM `Mb    MM    MM     ,M YA.   ,A9 YA.   ,A9 MM   ,AP [0m       }
 {       [32m.JML. `'  .JMML.`Moo9^Yo.`Wbmd"MML..JMMmmmmMMM  `Ybmd9'   `Ybmd9'  MMbmmd'  [0m       }
 {       [32m                                                                   MM       [0m       }
 {       [32m                                                                 .JMML.     [0m       }
 {       [32m[0mv2.6.7 (2019-10-16), Ref: arXiv:1103.0621v2, arXiv:1405.0301[32m                [0m       }
 {       [32m                                                                            [0m       }
 {                                                                                          }
  ========================================================================================== 
 ===============================================================
 INFO: MadLoop read these parameters from ./MadLoop5_resources/MadLoopParams.dat                                                                                                                                                                                                                                                                                                                                                                                                                                                                                          
 ===============================================================
  > MLReductionLib            = 6|7|1
  > CTModeRun                 =           -1
  > MLStabThres               =    1.0000000000000000E-003
  > NRotations_DP             =            0
  > NRotations_QP             =            0
  > CTStabThres               =    1.0000000000000000E-002
  > CTLoopLibrary             =            2
  > CTModeInit                =            1
  > CheckCycle                =            3
  > MaxAttempts               =           10
  > UseLoopFilter             =  F
  > HelicityFilterLevel       =            2
  > ImprovePSPoint            =            2
  > DoubleCheckHelicityFilter =  T
  > LoopInitStartOver         =  F
  > HelInitStartOver          =  F
  > ZeroThres                 =    1.0000000000000001E-009
  > OSThres                   =    1.0000000000000000E-008
  > WriteOutFilters           =  T
  > UseQPIntegrandForNinja    =  T
  > UseQPIntegrandForCutTools =  T
  > IREGIMODE                 =            2
  > IREGIRECY                 =  T
  > COLLIERMode               =            1
  > COLLIERRequiredAccuracy   =    1.0000000000000000E-008
  > COLLIERCanOutput          =  F
  > COLLIERComputeUVpoles     =  T
  > COLLIERComputeIRpoles     =  T
  > COLLIERGlobalCache        =           -1
  > COLLIERUseCacheForPoles   =  F
  > COLLIERUseInternalStabilityTest =  T
 ===============================================================
  
------------------------------------------------------------------------
|              You are using CutTools - Version 1.9.3                  |
|              Authors: G. Ossola, C. Papadopoulos, R. Pittau          |
|              Published in JHEP 0803:042,2008                         |
|              http://www.ugr.es/~pittau/CutTools                      |
|                                                                      |
|              Compiler with  34  significant digits detetected        |
 ---------------------------------------------------------------------- 
   
########################################################################
#                                                                      #
#                      You are using OneLOop-3.6                       #
#                                                                      #
# for the evaluation of 1-loop scalar 1-, 2-, 3- and 4-point functions #
#                                                                      #
# author: Andreas van Hameren <hamerenREMOVETHIS@ifj.edu.pl>           #
#   date: 18-02-2015                                                   #
#                                                                      #
# Please cite                                                          #
#    A. van Hameren,                                                   #
#      Comput.Phys.Commun. 182 (2011) 2427-2438, arXiv:1007.4716       #
#    A. van Hameren, C.G. Papadopoulos and R. Pittau,                  #
#      JHEP 0909:106,2009, arXiv:0903.4665                             #
# in publications with results obtained with the help of this program. #
#                                                                      #

  +----------------------------------------------------------------+
  |                                                                |
  |  Ninja - version 1.2.0                                         |
  |                                                                |
  |  Author: Tiziano Peraro                                        |
  |                                                                |
  |  Based on:                                                     |
  |                                                                |
  |      P. Mastrolia, E. Mirabella and T. Peraro,                 |
  |      "Integrand reduction of one-loop scattering amplitudes    |
  |      through Laurent series expansion,"                        |
  |      JHEP 1206 (2012) 095  [arXiv:1203.0291 [hep-ph]].         |
  |                                                                |
  |      T. Peraro,                                                |
  |      "Ninja: Automated Integrand Reduction via Laurent         |
  |      Expansion for One-Loop Amplitudes,"                       |
  |      Comput.Phys.Commun. 185 (2014) [arXiv:1403.1229 [hep-ph]] |
  |                                                                |
  +----------------------------------------------------------------+


########################################################################
########################################################################
#                                                                      #
#                      You are using OneLOop-3.6                       #
#                                                                      #
# for the evaluation of 1-loop scalar 1-, 2-, 3- and 4-point functions #
#                                                                      #
# author: Andreas van Hameren <hamerenREMOVETHIS@ifj.edu.pl>           #
#   date: 18-02-2015                                                   #
#                                                                      #
# Please cite                                                          #
#    A. van Hameren,                                                   #
#      Comput.Phys.Commun. 182 (2011) 2427-2438, arXiv:1007.4716       #
#    A. van Hameren, C.G. Papadopoulos and R. Pittau,                  #
#      JHEP 0909:106,2009, arXiv:0903.4665                             #
# in publications with results obtained with the help of this program. #
#                                                                      #
########################################################################
 PASSED  -1.0000000000000000     
 MU_R    =    325.00000000000000     
 ALPHA_S =   0.11799999999999999     
 BORN                    3.3576269215588414E-006
 SINGLE POLE (MadFKS)   -1.1279477080324777E-006
 DOUBLE POLE (MadFKS)   -3.3630498534236023E-007
 SINGLE POLE (MadLoop)  -1.1279477080324813E-006
 DOUBLE POLE (MadLoop)  -3.3630498534236070E-007
 FINITE PART (MadLoop)  -2.8680186693561530E-006
   325.00000000000000        0.0000000000000000        0.0000000000000000        325.00000000000000        0.0000000000000000     
   325.00000000000000        0.0000000000000000        0.0000000000000000       -325.00000000000000        0.0000000000000000     
   262.09091611251796        169.77998424116754       -71.121443074400716       -138.50323315642342        125.00000000000000     
   269.34713163737018       -126.07552707434050        21.722393342067345        237.02526536573802        0.0000000000000000     
   118.56195225011186       -43.704457166827041        49.399049732333353       -98.522032209314631        0.0000000000000000     

 PASSED  -1.0000000000000000     
 MU_R    =    325.00000000000000     
 ALPHA_S =   0.11799999999999999     
 BORN                    2.5683836220320363E-010
 SINGLE POLE (MadFKS)   -1.7055645343745037E-011
 DOUBLE POLE (MadFKS)   -2.5725318403154366E-011
 SINGLE POLE (MadLoop)  -1.7055645343745402E-011
 DOUBLE POLE (MadLoop)  -2.5725318403154482E-011
 FINITE PART (MadLoop)  -7.9662358747582254E-011
   325.00000000000000        0.0000000000000000        0.0000000000000000        325.00000000000000        0.0000000000000000     
   325.00000000000000        0.0000000000000000        0.0000000000000000       -325.00000000000000        0.0000000000000000     
   129.80365022332626        21.415280559754553       -12.421853922147156        24.719848603570838        125.00000000000000     
   270.72613459925998       -207.15859026590999       -118.02416124050697       -128.25075359455900        0.0000000000000000     
   249.47021517741376        185.74330970615549        130.44601516265402        103.53090499098816        0.0000000000000000     

 PASSED  -1.0000000000000000     
 MU_R    =    325.00000000000000     
 ALPHA_S =   0.11799999999999999     
 BORN                    9.7167457601868246E-010
 SINGLE POLE (MadFKS)   -9.2044311476328557E-011
 DOUBLE POLE (MadFKS)   -9.7324393590993085E-011
 SINGLE POLE (MadLoop)  -9.2044311476327083E-011
 DOUBLE POLE (MadLoop)  -9.7324393590991754E-011
 FINITE PART (MadLoop)  -3.2355618183561109E-010
   325.00000000000000        0.0000000000000000        0.0000000000000000        325.00000000000000        0.0000000000000000     
   325.00000000000000        0.0000000000000000        0.0000000000000000       -325.00000000000000        0.0000000000000000     
   133.70371678015533       -31.920683189802446       -34.915444013511106       -3.6967059476819131        125.00000000000000     
   279.16782024254184        90.099654983862123        263.18088169000396       -23.506329863108704        0.0000000000000000     
   237.12846297730277       -58.178971794059677       -228.26543767649287        27.203035810790599        0.0000000000000000     

 PASSED  -1.0000000000000000     
 MU_R    =    325.00000000000000     
 ALPHA_S =   0.11799999999999999     
 BORN                    6.5325500965930342E-006
 SINGLE POLE (MadFKS)   -2.1608503433367120E-006
 DOUBLE POLE (MadFKS)   -6.5431008739439970E-007
 SINGLE POLE (MadLoop)  -2.1608503433367323E-006
 DOUBLE POLE (MadLoop)  -6.5431008739440404E-007
 FINITE PART (MadLoop)  -5.4564054504807251E-006
   325.00000000000000        0.0000000000000000        0.0000000000000000        325.00000000000000        0.0000000000000000     
   325.00000000000000        0.0000000000000000        0.0000000000000000       -325.00000000000000        0.0000000000000000     
   144.18541762903544       -12.764042857073875       -70.695359577464146        1.9183328739296861        125.00000000000000     
   247.96576966641919        103.89096118216156       -11.485757225900375        224.85944163377690        0.0000000000000000     
   257.84881270454537       -91.126918325087701        82.181116803364503       -226.77777450770657        0.0000000000000000     

 PASSED  -1.0000000000000000     
 MU_R    =    325.00000000000000     
 ALPHA_S =   0.11799999999999999     
 BORN                    3.4702178820690547E-009
 SINGLE POLE (MadFKS)   -6.7823840590457158E-010
 DOUBLE POLE (MadFKS)   -3.4758226605539733E-010
 SINGLE POLE (MadLoop)  -6.7823840590469752E-010
 DOUBLE POLE (MadLoop)  -3.4758226605539665E-010
 FINITE PART (MadLoop)  -1.6958658689806900E-009
   325.00000000000000        0.0000000000000000        0.0000000000000000        325.00000000000000        0.0000000000000000     
   325.00000000000000        0.0000000000000000        0.0000000000000000       -325.00000000000000        0.0000000000000000     
   317.13642967371010       -206.89586059494908       -126.47458766643253        161.70589528359605        125.00000000000000     
   37.681519862921171       -24.689761193152460        1.0036596601080987       -28.448291665607918        0.0000000000000000     
   295.18205046336874        231.58562178810143        125.47092800632430       -133.25760361798811        0.0000000000000000     

 PASSED  -1.0000000000000000     
 MU_R    =    325.00000000000000     
 ALPHA_S =   0.11799999999999999     
 BORN                    2.6610350632101894E-008
 SINGLE POLE (MadFKS)   -5.3325249037877481E-009
 DOUBLE POLE (MadFKS)   -2.6653329236260899E-009
 SINGLE POLE (MadLoop)  -5.3325249037876489E-009
 DOUBLE POLE (MadLoop)  -2.6653329236260415E-009
 FINITE PART (MadLoop)  -1.3802566070897917E-008
   325.00000000000000        0.0000000000000000        0.0000000000000000        325.00000000000000        0.0000000000000000     
   325.00000000000000        0.0000000000000000        0.0000000000000000       -325.00000000000000        0.0000000000000000     
   271.25285363564092        64.338867950516558        226.95568402404697        48.007688608194975        125.00000000000000     
   249.88351561652996        32.007962960322125       -245.25654267478120        35.587778228213381        0.0000000000000000     
   128.86363074782918       -96.346830910838648        18.300858650734277       -83.595466836408335        0.0000000000000000     

 PASSED  -1.0000000000000000     
 MU_R    =    325.00000000000000     
 ALPHA_S =   0.11799999999999999     
 BORN                    7.9842559635610464E-008
 SINGLE POLE (MadFKS)   -1.7377307944426241E-008
 DOUBLE POLE (MadFKS)   -7.9971514034335331E-009
 SINGLE POLE (MadLoop)  -1.7377307944426237E-008
 DOUBLE POLE (MadLoop)  -7.9971514034335381E-009
 FINITE PART (MadLoop)  -4.2580409088383920E-008
   325.00000000000000        0.0000000000000000        0.0000000000000000        325.00000000000000        0.0000000000000000     
   325.00000000000000        0.0000000000000000        0.0000000000000000       -325.00000000000000        0.0000000000000000     
   248.61081414915321       -206.51592738321963       -20.296258252473063       -55.871017083121657        125.00000000000000     
   192.68557990897986        46.466585855793788        125.90238262556902        138.26488763591010        0.0000000000000000     
   208.70360594186687        160.04934152742584       -105.60612437309594       -82.393870552788385        0.0000000000000000     

 PASSED  -1.0000000000000000     
 MU_R    =    325.00000000000000     
 ALPHA_S =   0.11799999999999999     
 BORN                    4.3453061642653626E-009
 SINGLE POLE (MadFKS)   -6.8770776044137049E-010
 DOUBLE POLE (MadFKS)   -4.3523243052949798E-010
 SINGLE POLE (MadLoop)  -6.8770776044137556E-010
 DOUBLE POLE (MadLoop)  -4.3523243052949979E-010
 FINITE PART (MadLoop)  -1.9536761297596277E-009
   325.00000000000000        0.0000000000000000        0.0000000000000000        325.00000000000000        0.0000000000000000     
   325.00000000000000        0.0000000000000000        0.0000000000000000       -325.00000000000000        0.0000000000000000     
   257.83492175691043       -206.75982340972297        3.1620425859545360        89.967904208428109        125.00000000000000     
   295.53631385558697        287.34788294857947        38.843767210558283       -57.132028856058035        0.0000000000000000     
   96.628764387502585       -80.588059538856555       -42.005809796512821       -32.835875352370060        0.0000000000000000     

 PASSED  -1.0000000000000000     
 MU_R    =    325.00000000000000     
 ALPHA_S =   0.11799999999999999     
 BORN                    2.5315997814579835E-010
 SINGLE POLE (MadFKS)   -2.9843688641450215E-011
 DOUBLE POLE (MadFKS)   -2.5356885898468910E-011
 SINGLE POLE (MadLoop)  -2.9843688641451120E-011
 DOUBLE POLE (MadLoop)  -2.5356885898469440E-011
 FINITE PART (MadLoop)  -9.0502665860986817E-011
   325.00000000000000        0.0000000000000000        0.0000000000000000        325.00000000000000        0.0000000000000000     
   325.00000000000000        0.0000000000000000        0.0000000000000000       -325.00000000000000        0.0000000000000000     
   308.93865982248559        204.42848087739858       -157.68917159212086       -114.72234700206900        125.00000000000000     
   215.37023016492253       -189.73719217985260        101.85616025293524        3.0751526020251352        0.0000000000000000     
   125.69111001259191       -14.691288697546096        55.833011339185589        111.64719440004386        0.0000000000000000     

 PASSED  -1.0000000000000000     
 MU_R    =    325.00000000000000     
 ALPHA_S =   0.11799999999999999     
 BORN                    4.0952991297124485E-010
 SINGLE POLE (MadFKS)   -6.3843063785019837E-011
 DOUBLE POLE (MadFKS)   -4.1019134822492497E-011
 SINGLE POLE (MadLoop)  -6.3843063785026028E-011
 DOUBLE POLE (MadLoop)  -4.1019134822492135E-011
 FINITE PART (MadLoop)  -1.6782364901555361E-010
   325.00000000000000        0.0000000000000000        0.0000000000000000        325.00000000000000        0.0000000000000000     
   325.00000000000000        0.0000000000000000        0.0000000000000000       -325.00000000000000        0.0000000000000000     
   325.60787425220173        228.90066296673032       -122.76110769608687        151.42550876803668        125.00000000000000     
   70.905375298256288       -18.593072483459654        8.5329264669935529       -67.890051316229474        0.0000000000000000     
   253.48675044954200       -210.30759048327067        114.22818122909352       -83.535457451807119        0.0000000000000000     

 PASSED  -1.0000000000000000     
 MU_R    =    325.00000000000000     
 ALPHA_S =   0.11799999999999999     
 BORN                    5.8561610225899812E-009
 SINGLE POLE (MadFKS)   -1.2547224929011800E-009
 DOUBLE POLE (MadFKS)   -5.8656193581813077E-010
 SINGLE POLE (MadLoop)  -1.2547224929011550E-009
 DOUBLE POLE (MadLoop)  -5.8656193581813201E-010
 FINITE PART (MadLoop)  -3.8285633588598022E-009
   325.00000000000000        0.0000000000000000        0.0000000000000000        325.00000000000000        0.0000000000000000     
   325.00000000000000        0.0000000000000000        0.0000000000000000       -325.00000000000000        0.0000000000000000     
   311.56184314469590       -85.124679856832444       -76.990742355263365       -261.28910534995015        125.00000000000000     
   84.403688995279438       -35.720338596590921       -35.058259082847485        67.962920748277824        0.0000000000000000     
   254.03446786002459        120.84501845342338        112.04900143811088        193.32618460167237        0.0000000000000000     

 PASSED  -1.0000000000000000     
 MU_R    =    325.00000000000000     
 ALPHA_S =   0.11799999999999999     
 BORN                    2.8528722010532959E-010
 SINGLE POLE (MadFKS)   -3.5475408624956003E-011
 DOUBLE POLE (MadFKS)   -2.8574798992659372E-011
 SINGLE POLE (MadLoop)  -3.5475408624954885E-011
 DOUBLE POLE (MadLoop)  -2.8574798992659333E-011
 FINITE PART (MadLoop)  -1.0489434171181618E-010
   325.00000000000000        0.0000000000000000        0.0000000000000000        325.00000000000000        0.0000000000000000     
   325.00000000000000        0.0000000000000000        0.0000000000000000       -325.00000000000000        0.0000000000000000     
   314.10268626419816       -151.29168322403103       -192.75422023303619        151.63157549791177        125.00000000000000     
   139.78967260211482        5.1326207575853404        65.036560450212917       -123.63274070880678        0.0000000000000000     
   196.10764113368697        146.15906246644568        127.71765978282329       -27.998834789104979        0.0000000000000000     

 PASSED  -1.0000000000000000     
 MU_R    =    325.00000000000000     
 ALPHA_S =   0.11799999999999999     
 BORN                    6.1946979911451721E-009
 SINGLE POLE (MadFKS)   -1.0711378131706787E-009
 DOUBLE POLE (MadFKS)   -6.2047031006804374E-010
 SINGLE POLE (MadLoop)  -1.0711378131706793E-009
 DOUBLE POLE (MadLoop)  -6.2047031006804353E-010
 FINITE PART (MadLoop)  -2.8331280758478720E-009
   325.00000000000000        0.0000000000000000        0.0000000000000000        325.00000000000000        0.0000000000000000     
   325.00000000000000        0.0000000000000000        0.0000000000000000       -325.00000000000000        0.0000000000000000     
   286.77353394227117        44.740316860749559       -159.04916607834579       -198.28193711662553        125.00000000000000     
   192.97885148505330        100.03235064150245        108.62364085342875        124.23876445526602        0.0000000000000000     
   170.24761457267550       -144.77266750225203        50.425525224917045        74.043172661359534        0.0000000000000000     

 PASSED  -1.0000000000000000     
 MU_R    =    325.00000000000000     
 ALPHA_S =   0.11799999999999999     
 BORN                    2.0851546333475944E-010
 SINGLE POLE (MadFKS)   -1.2843632233822041E-011
 DOUBLE POLE (MadFKS)   -2.0885223843718461E-011
 SINGLE POLE (MadLoop)  -1.2843632233821640E-011
 DOUBLE POLE (MadLoop)  -2.0885223843718490E-011
 FINITE PART (MadLoop)  -6.3994986761437421E-011
   325.00000000000000        0.0000000000000000        0.0000000000000000        325.00000000000000        0.0000000000000000     
   325.00000000000000        0.0000000000000000        0.0000000000000000       -325.00000000000000        0.0000000000000000     
   126.52458251727877       -2.1908401242195339        19.134388962965708        3.5419429323084590        125.00000000000000     
   256.53919738282701       -170.33561017220674        137.46371541942901       -133.79785739754334        0.0000000000000000     
   266.93622009989429        172.52645029642625       -156.59810438239475        130.25591446523492        0.0000000000000000     

 PASSED  -1.0000000000000000     
 MU_R    =    325.00000000000000     
 ALPHA_S =   0.11799999999999999     
 BORN                    1.0674730961641521E-007
 SINGLE POLE (MadFKS)   -2.5389883576923640E-008
 DOUBLE POLE (MadFKS)   -1.0691971810619694E-008
 SINGLE POLE (MadLoop)  -2.5389883576923739E-008
 DOUBLE POLE (MadLoop)  -1.0691971810619719E-008
 FINITE PART (MadLoop)  -6.1310002784542117E-008
   325.00000000000000        0.0000000000000000        0.0000000000000000        325.00000000000000        0.0000000000000000     
   325.00000000000000        0.0000000000000000        0.0000000000000000       -325.00000000000000        0.0000000000000000     
   304.44289277536723        270.92660146324653        35.988253761217763       -48.621982397133827        125.00000000000000     
   177.74545775234608       -123.86386658877677       -14.784147721813650        126.61997978758468        0.0000000000000000     
   167.81164947228672       -147.06273487446970       -21.204106039404071       -77.997997390450834        0.0000000000000000     

 PASSED  -1.0000000000000000     
 MU_R    =    325.00000000000000     
 ALPHA_S =   0.11799999999999999     
 BORN                    3.9228127063008289E-008
 SINGLE POLE (MadFKS)   -8.2891340563154325E-009
 DOUBLE POLE (MadFKS)   -3.9291484745447328E-009
 SINGLE POLE (MadLoop)  -8.2891340563154226E-009
 DOUBLE POLE (MadLoop)  -3.9291484745447419E-009
 FINITE PART (MadLoop)  -2.0163895128122337E-008
   325.00000000000000        0.0000000000000000        0.0000000000000000        325.00000000000000        0.0000000000000000     
   325.00000000000000        0.0000000000000000        0.0000000000000000       -325.00000000000000        0.0000000000000000     
   289.20667485877010        77.672873484345828        231.26484774126851        92.189997867225443        125.00000000000000     
   111.87716351847958       -100.47159511338313       -23.620901340598408        43.174197296194620        0.0000000000000000     
   248.91616162275034        22.798721629037335       -207.64394640067013       -135.36419516342011        0.0000000000000000     

 PASSED  -1.0000000000000000     
 MU_R    =    325.00000000000000     
 ALPHA_S =   0.11799999999999999     
 BORN                    5.5777309323101849E-009
 SINGLE POLE (MadFKS)   -7.6642741208672765E-010
 DOUBLE POLE (MadFKS)   -5.5867395730890856E-010
 SINGLE POLE (MadLoop)  -7.6642741208672445E-010
 DOUBLE POLE (MadLoop)  -5.5867395730890607E-010
 FINITE PART (MadLoop)  -2.1479053886072522E-009
   325.00000000000000        0.0000000000000000        0.0000000000000000        325.00000000000000        0.0000000000000000     
   325.00000000000000        0.0000000000000000        0.0000000000000000       -325.00000000000000        0.0000000000000000     
   161.13521346518758        28.761296384386107        97.395144815230410        5.1507878214277127        125.00000000000000     
   286.48601854349982        40.427264952525697       -278.84357480477553        51.827944773629319        0.0000000000000000     
   202.37876799131263       -69.188561336911775        181.44842998954528       -56.978732595057259        0.0000000000000000     

 PASSED  -1.0000000000000000     
 MU_R    =    325.00000000000000     
 ALPHA_S =   0.11799999999999999     
 BORN                    1.2262509788368267E-007
 SINGLE POLE (MadFKS)   -2.7201249849828100E-008
 DOUBLE POLE (MadFKS)   -1.2282315072465290E-008
 SINGLE POLE (MadLoop)  -2.7201249849828381E-008
 DOUBLE POLE (MadLoop)  -1.2282315072465377E-008
 FINITE PART (MadLoop)  -6.6100874723720353E-008
   325.00000000000000        0.0000000000000000        0.0000000000000000        325.00000000000000        0.0000000000000000     
   325.00000000000000        0.0000000000000000        0.0000000000000000       -325.00000000000000        0.0000000000000000     
   210.58185963249457        126.75815428408816       -103.49737656067745        44.049778362986864        125.00000000000000     
   170.97238447349423        89.984950669689240        90.467593167036696        113.79753728481758        0.0000000000000000     
   268.44575589401120       -216.74310495377733        13.029783393640557       -157.84731564780452        0.0000000000000000     

 PASSED  -1.0000000000000000     
 MU_R    =    325.00000000000000     
 ALPHA_S =   0.11799999999999999     
 BORN                    7.0773322950221000E-008
 SINGLE POLE (MadFKS)   -1.9661267008242291E-008
 DOUBLE POLE (MadFKS)   -7.0887629547460103E-009
 SINGLE POLE (MadLoop)  -1.9661267008241309E-008
 DOUBLE POLE (MadLoop)  -7.0887629547458821E-009
 FINITE PART (MadLoop)  -5.9515865941270486E-008
   325.00000000000000        0.0000000000000000        0.0000000000000000        325.00000000000000        0.0000000000000000     
   325.00000000000000        0.0000000000000000        0.0000000000000000       -325.00000000000000        0.0000000000000000     
   304.42892172857535       -141.90763381241317        104.34718541370059        214.53637627876506        125.00000000000000     
   203.60171378315343        172.94553849287357       -71.872460485679824       -79.861429955777098        0.0000000000000000     
   141.96936448827125       -31.037904680460326       -32.474724928020727       -134.67494632298789        0.0000000000000000     

 PASSED  -1.0000000000000000     
 MU_R    =    325.00000000000000     
 ALPHA_S =   0.11799999999999999     
 BORN                    6.5311779791791530E-010
 SINGLE POLE (MadFKS)   -6.1248071257862156E-011
 DOUBLE POLE (MadFKS)   -6.5417265404115828E-011
 SINGLE POLE (MadLoop)  -6.1248071257862686E-011
 DOUBLE POLE (MadLoop)  -6.5417265404116254E-011
 FINITE PART (MadLoop)  -2.1973891137903608E-010
   325.00000000000000        0.0000000000000000        0.0000000000000000        325.00000000000000        0.0000000000000000     
   325.00000000000000        0.0000000000000000        0.0000000000000000       -325.00000000000000        0.0000000000000000     
   177.26045858533419        49.717266163218213        89.605020000555371       -72.769526684174465        125.00000000000000     
   185.06893787610377        170.65096206135215        66.747133818059808       -25.953439872166076        0.0000000000000000     
   287.67060353856203       -220.36822822457034       -156.35215381861522        98.722966556340566        0.0000000000000000     

 NUMBER OF POINTS PASSING THE CHECK          20
 NUMBER OF POINTS FAILING THE CHECK           0
 TOLERANCE   -1.0000000000000000     
