 Enter filename for events
 Enter maximum number of events to generate
 MUST coincide with the number of events on tape
 Enter 0 to use Herwig default PDFs
       1 to use PDFs from library
 Enter colliding particles (PART1, PART2)
 Enter beam momenta (PBEAM1, PBEAM2)


          HERWIG 6.521  11th Mar. 2013

          Please reference:  G. Marchesini, B.R. Webber,
          G.Abbiendi, I.G.Knowles, M.H.Seymour & L.Stanco
          Computer Physics Communications 67 (1992) 465
                             and
          G.Corcella, I.G.Knowles, G.Marchesini, S.Moretti,
          K.Odagiri, P.Richardson, M.H.Seymour & B.R.Webber,
          JHEP 0101 (2001) 010
 Enter .TRUE. for underlying event, .FALSE. otherwise

 Underlying event WILL NOT be generated

 Enter Lambda_QCD, <0 for Herwig default
 Enter Z mass, width
 Enter W mass, width
 Enter top mass, width
 Enter Higgs (SM) boson mass, width
 Enter quark (d,u,s,c,b) and gluon masses
 Enter lepton (e,mu,tau) masses
 Enter number of events to print
 Enter accepted error fraction
 Is it single-top (.TRUE. or .FALSE)?
 Is it b-bbar (.TRUE. or .FALSE)?
 Enter the two random seeds (0 0 for default)

          INPUT CONDITIONS FOR THIS RUN

          BEAM 1 (P       ) MOM. =   6500.00
          BEAM 2 (P       ) MOM. =   6500.00
          PROCESS CODE (IPROC)   =  -18000
          NUMBER OF FLAVOURS     =    6
          STRUCTURE FUNCTION SET =    8
          AZIM SPIN CORRELATIONS =    T
          AZIM SOFT CORRELATIONS =    T
          QCD LAMBDA (GEV)       =    0.1800
          DOWN     QUARK  MASS   =    0.3200
          UP       QUARK  MASS   =    0.3200
          STRANGE  QUARK  MASS   =    0.5000
          CHARMED  QUARK  MASS   =    1.5500
          BOTTOM   QUARK  MASS   =    4.9500
          TOP      QUARK  MASS   =  173.0000
          GLUON EFFECTIVE MASS   =    0.7500
          EXTRA SHOWER CUTOFF (Q)=    0.4800
          EXTRA SHOWER CUTOFF (G)=    0.1000
          PHOTON SHOWER CUTOFF   =    0.4000
          CLUSTER MASS PARAMETER =    3.3500
          SPACELIKE EVOLN CUTOFF =    2.5000
          INTRINSIC P-TRAN (RMS) =    0.0000
          DECAY SPIN CORRELATIONS=    T
          SUSY THREE BODY ME     =    T
          SUSY FOUR  BODY ME     =    F

          NO EVENTS WILL BE WRITTEN TO DISK

          B_d: Delt-M/Gam =0.7000 Delt-Gam/2*Gam =0.0000
          B_s: Delt-M/Gam = 10.00 Delt-Gam/2*Gam =0.2000

          PDFLIB NOT USED FOR BEAM 1
          PDFLIB NOT USED FOR BEAM 2


          Checking consistency of particle properties


          Checking consistency of decay tables


          WRITING SUDAKOV TABLE ON UNIT  77

          WRITING MATRIX ELEMENT TABLE ON UNIT  88

          CHECKING SUSY DECAY MATRIX ELEMENTS
 Do you want a stable Pi0 (.TRUE. or .FALSE)?
 Do you want a stable W+ (.TRUE. or .FALSE)?
 Do you want a stable W- (.TRUE. or .FALSE)?
 Do you want a stable Z0 (.TRUE. or .FALSE)?
 Do you want a stable Tau+ (.TRUE. or .FALSE)?
 Do you want a stable Tau- (.TRUE. or .FALSE)?
 Do you want a stable Mu+ (.TRUE. or .FALSE)?
 Do you want a stable Mu- (.TRUE. or .FALSE)?
 Do you want a stable Higgs (.TRUE. or .FALSE)?

          PARTICLE TYPE  21=PI0      SET STABLE
 How many decay modes do you want to set?
 How are the events normalized ("average" or "sum")?
 stdhep initialized

          SUBROUTINE TIMEL CALLED BUT NOT LINKED.
          DUMMY TIMEL WILL BE USED. DELETE DUMMY
          AND LINK CERNLIB FOR CPU TIME REMAINING.

 HWWARN CALLED FROM SUBPROGRAM HWSMRS: CODE =   5
 EVENT       1:   SEEDS = 1973774260 & 1099242306  WEIGHT = 0.5952E-03
 EVENT SURVIVES. EXECUTION CONTINUES
 WARNING: MRST98 CALLED WITH Q OUTSIDE ALLOWED RANGE!
 Q VALUE=1.430E+04, MINIMUM=1.118E+00, MAXIMUM=3.162E+03
 NO FURTHER WARNINGS WILL BE ISSUED



 EVENT       1: 6500.00 GEV/C P        ON  6500.00 GEV/C P        PROCESS:-18000
 SEEDS:  1973774260 &  1099242306   STATUS:  100 ERROR:   0  WEIGHT:  5.9520E-04


                               ---INITIAL STATE---    

 IHEP    ID      IDPDG IST MO1 MO2 DA1 DA2   P-X     P-Y     P-Z  ENERGY    MASS
    1 P           2212 101   0   0   0   0    0.00    0.00 6500.0 6500.0    0.94
    2 P           2212 102   0   0   0   0    0.00    0.00-6500.0 6500.0    0.94
    3 CMF            0 103   1   2   0   0    0.00    0.00    0.013000.013000.00

                              ---HARD SUBPROCESS---   

 IHEP    ID      IDPDG IST MO1 MO2 DA1 DA2   P-X     P-Y     P-Z  ENERGY    MASS
    4 DQRK           1 121   6   8  11  10    0.00    0.00 2695.3 2695.3    0.32
    5 UQRK           2 122   6   9  15   8    0.00    0.00 -193.3  193.3    0.32
    6 HARD           0 120   4   5   7  10    5.21   -5.19 2502.1 2888.6 1443.46
    7 HIGGS         25 123   6   7  21   7 -399.23  156.63  599.9  747.9  125.00
    8 DQRK           1 124   6   5  22   4   -7.71  -44.50  -71.3   84.4    0.32
    9 UQRK           2 124   6  10  24   5  270.66  128.23  947.7  993.9    0.32
   10 GLUON         21 124   6   4  41   9  136.28 -240.36 1025.8 1062.3    0.75

                              ---PARTON SHOWERS---    

 IHEP    ID      IDPDG IST MO1 MO2 DA1 DA2   P-X     P-Y     P-Z  ENERGY    MASS
   11 DQRK          94 141   4   6  13  14    0.37   -4.16 2695.6 2695.6   -9.45
   12 CONE           0 100   4  10   0   0    0.49   -0.87    4.2    4.4    0.00
   13 GLUON         21   2  11  14  49  50   -0.37    4.16  672.0  672.0    0.75
   14 UU          2203   2  11  23  51  50    0.00    0.00 3132.4 3132.4    0.32
   15 UQRK          94 142   5   6  17  20    4.84   -1.03 -193.5  193.0  -15.47
   16 CONE           0 100   5   8   0   0   -0.17   -0.99   -1.7    2.0    0.00
   17 GLUON         21   2  15  18  52  53   -2.00    1.26   -7.4    7.8    0.75
   18 GLUON         21   2  15  19  54  55   -0.91   -0.46   -7.6    7.7    0.75
   19 GLUON         21   2  15  20  56  57   -1.93    0.23  -48.2   48.2    0.75
   20 UD          2101   2  15  26  58  57    0.00    0.00-6243.3 6243.3    0.30
   21 HIGGS         25 195   7   6 254 255 -383.35  149.61  580.2  722.2  125.00
   22 DQRK          94 144   8   6  23  23   -7.28  -43.02  -68.7   81.4    0.32
   23 DQRK           1   2  22  52  59  51   -7.28  -43.02  -68.7   81.4    0.32
   24 UQRK          94 144   9   6  26  40  262.67  121.66  997.1 1054.9  186.27
   25 CONE           0 100   9  10   0   0    0.22   -0.70    2.1    2.3    0.00
   26 UQRK           2   2  24  27  60  58   50.09   14.33  138.0  147.5    0.32
   27 GLUON         21   2  24  28  61  62  120.13   32.48  336.0  358.3    0.75
   28 GLUON         21   2  24  29  63  64   64.96   17.91  176.5  188.9    0.75
   29 GLUON         21   2  24  30  65  66    5.70    0.49   15.8   16.9    0.75
   30 GLUON         21   2  24  31  67  68    5.02    1.81   18.8   19.6    0.75
   31 GLUON         21   2  24  32  69  70   14.54   -3.08   42.2   44.7    0.75
   32 GLUON         21   2  24  33  71  72    4.74   -0.70   17.0   17.7    0.75
   33 GLUON         21   2  24  34  73  74   -1.87    7.92   44.9   45.6    0.75
   34 GLUON         21   2  24  35  75  76   -3.65   10.48   61.6   62.6    0.75
   35 GLUON         21   2  24  36  77  78    0.01    2.98   36.4   36.5    0.75
   36 GLUON         21   2  24  37  79  80   -0.71   13.36   36.1   38.5    0.75
   37 GLUON         21   2  24  38  81  82    0.05    5.52   17.6   18.4    0.75
   38 GLUON         21   2  24  39  83  84    1.47   10.55   31.9   33.7    0.75
   39 GLUON         21   2  24  40  85  86    1.45    7.68   19.5   21.1    0.75
   40 GLUON         21   2  24  43  87  88    0.75   -0.08    4.9    5.0    0.75
   41 GLUON         94 144  10   6  43  48  133.16 -233.43  993.5 1030.1   44.66
   42 CONE           0 100  10   9   0   0    0.63    0.51    1.8    2.0    0.00
   43 GLUON         21   2  41  44  89  90   -0.31   -0.22    3.1    3.2    0.75
   44 GLUON         21   2  41  45  91  92    6.47   -3.49   18.8   20.2    0.75
   45 GLUON         21   2  41  46  93  94    4.08   -3.14   12.8   13.8    0.75
   46 GLUON         21   2  41  47  95  96    1.53   -1.48   11.6   11.8    0.75
   47 SBAR          -3   2  41  48  97  96  114.40 -210.88  887.0  918.9    0.50
   48 SQRK           3   2  41  49  98  97    7.00  -14.24   60.2   62.2    0.50

                              ---GLUON SPLITTING---   

 IHEP    ID      IDPDG IST MO1 MO2 DA1 DA2   P-X     P-Y     P-Z  ENERGY    MASS
   49 UBAR          -2 158  11  50 170 128   -0.10    0.57   97.3   97.3    0.32
   50 UQRK           2 158  11  99 131  49   -0.01    1.71  267.9  267.9    0.32
   51 UU          2203 161  11  59 156 100   -0.00    0.02 2759.3 2759.3    0.64
   52 DBAR          -1 158  15  53 159 106   -0.76    0.30   -2.5    2.6    0.32
   53 DQRK           1 158  15  54 132  52   -0.87    0.77   -3.7    3.9    0.32
   54 DBAR          -1 158  15  55 132  53   -0.66   -0.34   -4.1    4.2    0.32
   55 DQRK           1 158  15  56 133  54   -0.25   -0.12   -3.5    3.6    0.32
   56 DBAR          -1 158  15  57 133  55   -0.46    0.12  -14.3   14.3    0.32
   57 DQRK           1 158  15 103 134  56   -0.75    0.06  -19.5   19.5    0.32
   58 UD          2101 162  15  60 157 102   -0.00    0.00-5707.0 5707.0    0.64
   59 DQRK           1 158  22 107 135  51   -6.16  -36.39  -58.1   68.8    0.32
   60 UQRK           2 158  24  61 136  58   50.09   14.33  138.0  147.5    0.32
   61 DBAR          -1 158  24  62 136  60   86.24   23.40  241.5  257.5    0.32
   62 DQRK           1 158  24  63 137  61   33.89    9.08   94.5  100.8    0.32
   63 DBAR          -1 158  24  64 137  62   40.05   11.06  108.3  116.0    0.32
   64 DQRK           1 158  24  65 138  63   24.91    6.86   68.2   72.9    0.32
   65 UBAR          -2 158  24  66 138  64    4.32    0.34   11.9   12.6    0.32
   66 UQRK           2 158  24  67 139  65    1.38    0.15    4.0    4.2    0.32
   67 DBAR          -1 158  24  68 139  66    1.39    0.43    5.0    5.2    0.32
   68 DQRK           1 158  24  69 140  67    3.62    1.38   13.9   14.4    0.32
   69 UBAR          -2 158  24  70 140  68    3.91   -0.92   11.4   12.1    0.32
   70 UQRK           2 158  24  71 141  69   10.63   -2.15   30.7   32.6    0.32
   71 DBAR          -1 158  24  72 141  70    3.50   -0.57   12.7   13.2    0.32
   72 DQRK           1 158  24  73 142  71    1.23   -0.14    4.3    4.4    0.32
   73 DBAR          -1 158  24  74 142  72   -0.41    2.16   12.2   12.4    0.32
   74 DQRK           1 158  24  75 143  73   -1.45    5.76   32.6   33.2    0.32
   75 UBAR          -2 158  24  76 143  74   -2.08    5.83   35.4   35.9    0.32
   76 UQRK           2 158  24  77 144  75   -1.57    4.65   26.2   26.7    0.32
   77 UBAR          -2 158  24  78 144  76    0.13    1.23   13.6   13.6    0.32
   78 UQRK           2 158  24 109 145  77   -0.11    1.61   20.9   21.0    0.32
   79 DBAR          -1 158  24  80 161 110   -0.33    5.81   15.8   16.8    0.32
   80 DQRK           1 158  24  81 146  79   -0.14    3.34    8.9    9.5    0.32
   81 DBAR          -1 158  24  82 146  80   -0.13    2.97    9.8   10.3    0.32
   82 DQRK           1 158  24  83 147  81    0.17    2.55    7.7    8.2    0.32
   83 DBAR          -1 158  24  84 147  82    0.72    3.98   11.9   12.6    0.32
   84 DQRK           1 158  24  85 148  83    0.75    6.57   20.0   21.1    0.32
   85 DBAR          -1 158  24  86 148  84    0.40    3.05    7.7    8.3    0.32
   86 DQRK           1 158  24  87 149  85    1.06    4.64   11.9   12.8    0.32
   87 UBAR          -2 158  24  88 149  86    0.40   -0.06    1.6    1.7    0.32
   88 UQRK           2 158  24  89 150  87    0.35   -0.02    3.3    3.3    0.32
   89 UBAR          -2 158  41  90 150  88   -0.16   -0.04    0.8    0.9    0.32
   90 UQRK           2 158  41  91 151  89   -0.16   -0.18    2.3    2.4    0.32
   91 UBAR          -2 158  41  92 151  90    2.60   -1.48    7.2    7.8    0.32
   92 UQRK           2 158  41  93 152  91    3.87   -2.01   11.6   12.4    0.32
   93 UBAR          -2 158  41  94 152  92    1.64   -1.50    5.6    6.1    0.32
   94 UQRK           2 158  41  95 153  93    2.43   -1.64    7.1    7.7    0.32
   95 DBAR          -1 158  41  96 153  94    1.13   -1.10    7.8    8.0    0.32
   96 DQRK           1 158  41 113 154  95    0.38   -0.48    3.4    3.4    0.32
   97 SBAR          -3 158  41  98 162 112   52.72  -97.18  408.8  423.5    0.50
   98 SQRK           3 158  41 119 155  97    1.92   -3.90   16.7   17.2    0.50
   99 DBAR          -1 159  11 100 131  50   -0.00    0.41   99.9   99.9    0.32
  100 DQRK           1 159  11  51 156  99   -0.00    0.05  343.0  343.0    0.32
  101 UBAR          -2 159  15 102 158 104   -0.01    0.00 -190.4  190.4    0.32
  102 UQRK           2 159  15  58 157 101   -0.01    0.00 -324.5  324.5    0.32
  103 UBAR          -2 159  15 104 134  57   -0.14    0.01  -19.3   19.3    0.32
  104 UQRK           2 159  15 101 158 103   -0.56    0.04  -16.3   16.4    0.32
  105 UBAR          -2 159  15 106 160 108   -0.29    0.00   -1.1    1.1    0.32
  106 UQRK           2 159  22  52 159 105   -0.18   -0.84   -1.5    1.7    0.32
  107 SBAR          -3 159  15 108 135  59   -0.35   -1.80   -3.1    3.6    0.50
  108 SQRK           3 159  22 105 160 107   -0.67   -3.81   -6.2    7.3    0.50
  109 SBAR          -3 159  24 110 145  78   -0.05    0.85    3.5    3.6    0.50
  110 SQRK           3 159  24  79 161 109   -0.20    3.51    9.8   10.4    0.50
  111 SBAR          -3 159  41 112 163 114   56.72 -104.56  439.8  455.6    0.50
  112 SQRK           3 159  41  97 162 111    1.89   -3.42   14.8   15.3    0.50
  113 DBAR          -1 159  41 114 154  96    1.18   -2.14    9.2    9.6    0.32
  114 DQRK           1 159  41 111 163 113    1.91   -3.49   14.8   15.4    0.32
  115 UBAR          -2 159  11 116 169 126   -0.04    0.24   42.4   42.4    0.32
  116 UQRK           2 159  41 123 164 115    3.33   -6.78   28.7   29.6    0.32
  117 UBAR          -2 159  11 118 166 120   -0.01    0.10   20.1   20.1    0.32
  118 UQRK           2 159  41 125 165 117    0.20   -0.41    2.6    2.6    0.32
  119 DBAR          -1 159  11 120 155  98    0.05   -0.08    3.8    3.8    0.32
  120 DQRK           1 159  41 117 166 119    0.37   -0.75    3.6    3.7    0.32
  121 SBAR          -3 159  11 122 171 130   -0.10    0.59  100.5  100.5    0.50
  122 SQRK           3 159  41 127 167 121    0.45   -0.92    4.8    4.9    0.50
  123 DBAR          -1 159  11 124 164 116    0.04   -0.06    4.4    4.4    0.32
  124 DQRK           1 159  41 129 168 123    0.20   -0.41    2.6    2.6    0.32
  125 UBAR          -2 159  11 126 165 118    0.00    0.04   12.0   12.0    0.32
  126 UQRK           2 159  41 115 169 125    0.30   -0.61    3.1    3.2    0.32
  127 DBAR          -1 159  11 128 167 122   -0.00    0.06   14.0   14.0    0.32
  128 DQRK           1 159  41  49 170 127    0.02   -0.00    7.4    7.4    0.32
  129 SBAR          -3 159  11 130 168 124   -0.00    0.09   21.6   21.6    0.50
  130 SQRK           3 159  41 121 171 129    0.04   -0.04    9.3    9.3    0.50

                             ---CLUSTER FORMATION---  

 IHEP    ID      IDPDG IST MO1 MO2 DA1 DA2   P-X     P-Y     P-Z  ENERGY    MASS
  131 CLUS          91 183  50  99 172 173   -0.01    2.12  367.8  367.8    0.81
  132 CLUS          91 183  53  54 174 175   -1.53    0.43   -7.8    8.0    1.33
  133 CLUS          91 183  55  56 176 177   -0.71    0.00  -17.9   17.9    0.90
  134 CLUS          91 183  57 103 178 179   -0.89    0.07  -38.8   38.8    0.88
  135 CLUS          91 183  59 107 180 181   -6.51  -38.20  -61.2   72.4    2.31
  136 CLUS          91 183  60  61 182 183  136.33   37.73  379.5  405.0    1.72
  137 CLUS          91 183  62  63 184 185   73.95   20.14  202.9  216.9    1.36
  138 CLUS          91 183  64  65 186 187   29.23    7.20   80.0   85.5    2.24
  139 CLUS          91 183  66  67 188 189    2.77    0.58    8.9    9.4    0.74
  140 CLUS          91 183  68  69 190 191    7.53    0.46   25.3   26.5    2.55
  141 CLUS          91 183  70  71 192 193   14.13   -2.72   43.5   45.8    1.58
  142 CLUS          91 183  72  73 194 195    0.82    2.02   16.5   16.9    2.87
  143 CLUS          91 183  74  75 196 197   -3.54   11.59   68.0   69.1    0.90
  144 CLUS          91 183  76  77 198 199   -1.44    5.87   39.8   40.3    2.19
  145 CLUS          91 183  78 109 200 201   -0.16    2.46   24.4   24.6    1.93
  146 CLUS          91 183  80  81 202 203   -0.27    6.31   18.7   19.8    0.91
  147 CLUS          91 183  82  83 204 205    0.89    6.53   19.7   20.7    0.75
  148 CLUS          91 183  84  85 206 207    1.15    9.61   27.7   29.3    1.08
  149 CLUS          91 183  86  87 208 209    1.46    4.57   13.5   14.5    2.23
  150 CLUS          91 183  88  89 210 211    0.20   -0.05    4.0    4.1    0.94
  151 CLUS          91 183  90  91 212 213    2.44   -1.66    9.5   10.1    1.96
  152 CLUS          91 183  92  93 214 215    5.52   -3.51   17.2   18.5    1.06
  153 CLUS          91 183  94  95 216 217    3.57   -2.74   14.9   15.7    1.66
  154 CLUS          91 183  96 113 218 219    1.56   -2.61   12.6   13.0    0.88
  155 CLUS          91 183  98 119 220 221    1.96   -3.98   20.4   21.0    2.08
  156 CLUS          91 184 100  51 222 223   -0.00    0.06 3102.2 3102.2    1.18
  157 CLUS          91 185 102  58 224 225   -0.01    0.00-6031.5 6031.5    1.53
  158 CLUS          91 183 104 101 226 227   -0.57    0.04 -206.8  206.8    2.25
  159 CLUS          91 183 106  52 228 229   -0.95   -0.54   -4.0    4.4    1.50
  160 CLUS          91 183 108 105 230 231   -0.96   -3.80   -7.2    8.4    1.90
  161 CLUS          91 183 110  79 232 233   -0.53    9.32   25.5   27.2    0.91
  162 CLUS          91 183 112  97 234 235   54.61 -100.59  423.5  438.7    2.77
  163 CLUS          91 183 114 111 236 237   58.63 -108.05  454.7  471.0    1.85
  164 CLUS          91 183 116 123 238 239    3.37   -6.84   33.1   34.1    2.92
  165 CLUS          91 183 118 125 240 241    0.20   -0.37   14.5   14.6    1.30
  166 CLUS          91 183 120 117 242 243    0.36   -0.65   23.7   23.8    2.18
  167 CLUS          91 183 122 127 244 245    0.45   -0.86   18.8   18.9    2.06
  168 CLUS          91 183 124 129 246 247    0.20   -0.32   24.1   24.2    1.74
  169 CLUS          91 183 126 115 248 249    0.26   -0.37   45.5   45.6    2.83
  170 CLUS          91 183 128  49 250 251   -0.09    0.57  104.7  104.7    1.26
  171 CLUS          91 183 130 121 252 253   -0.07    0.55  109.8  109.8    1.83

                              ---CLUSTER DECAYS---    

 IHEP    ID      IDPDG IST MO1 MO2 DA1 DA2   P-X     P-Y     P-Z  ENERGY    MASS
  172 ETA          221 197 131  11 372 374    0.01    1.84  335.5  335.5    0.55
  173 PI+          211   1 131  11   0   0   -0.03    0.27   32.3   32.3    0.14
  174 PI0          111   1 132  15   0   0   -1.02    0.90   -5.0    5.2    0.13
  175 PI0          111   1 132  15   0   0   -0.50   -0.47   -2.8    2.9    0.13
  176 PI0          111   1 133  15   0   0    0.17   -0.10   -3.5    3.5    0.13
  177 PI0          111   1 133  15   0   0   -0.89    0.10  -14.4   14.4    0.13
  178 PI-         -211   1 134  15   0   0   -1.01    0.08  -35.8   35.8    0.14
  179 PI0          111   1 134  15   0   0    0.12   -0.01   -3.0    3.0    0.13
  180 P           2212   1 135  22   0   0   -4.18  -24.63  -39.4   46.6    0.94
  181 SIGMABR-   -3222 197 135  22 375 376   -2.33  -13.57  -21.8   25.8    1.19
  182 F_2          225 197 136  24 377 378   96.62   26.96  268.3  286.4    1.27
  183 PI+          211   1 136  24   0   0   39.71   10.77  111.2  118.6    0.14
  184 PI-         -211   1 137  24   0   0   38.38   10.32  104.2  111.5    0.14
  185 RHO+         213 197 137  24 379 380   35.57    9.82   98.7  105.4    0.77
  186 N           2112   1 138  24   0   0   11.70    2.41   32.7   34.8    0.94
  187 PBAR       -2212   1 138  24   0   0   17.54    4.78   47.3   50.7    0.94
  188 PI0          111   1 139  24   0   0    1.55    0.41    4.0    4.3    0.13
  189 PI+          211   1 139  24   0   0    1.22    0.17    5.0    5.1    0.14
  190 K*0          313 197 140  24 381 382    5.95    0.68   17.7   18.7    0.90
  191 K*-         -323 197 140  24 383 384    1.58   -0.22    7.6    7.8    0.89
  192 RHO+         213 197 141  24 385 386    9.20   -1.21   27.3   28.8    0.77
  193 PI0          111   1 141  24   0   0    4.93   -1.51   16.2   17.0    0.13
  194 P           2212   1 142  24   0   0   -0.24    0.76   11.1   11.1    0.94
  195 PBAR       -2212   1 142  24   0   0    1.05    1.26    5.4    5.7    0.94
  196 PI-         -211   1 143  24   0   0   -1.89    4.98   31.2   31.7    0.14
  197 PI0          111   1 143  24   0   0   -1.65    6.61   36.8   37.4    0.13
  198 RHO0         113 197 144  24 387 388   -0.54    3.60   23.4   23.7    0.77
  199 HL_10      10223 197 144  24 389 390   -0.90    2.28   16.4   16.6    1.17
  200 F_2          225 197 145  24 391 392    0.08    1.97   16.6   16.8    1.27
  201 K+           321   1 145  24   0   0   -0.24    0.49    7.8    7.9    0.49
  202 PI-         -211   1 146  24   0   0   -0.51    2.49    7.9    8.3    0.14
  203 PI+          211   1 146  24   0   0    0.24    3.82   10.9   11.5    0.14
  204 PI-         -211   1 147  24   0   0    0.61    5.86   17.6   18.5    0.14
  205 PI+          211   1 147  24   0   0    0.28    0.67    2.1    2.2    0.14
  206 RHO-        -213 197 148  24 393 394    0.76    7.60   22.4   23.6    0.77
  207 PI+          211   1 148  24   0   0    0.39    2.01    5.3    5.7    0.14
  208 P           2212   1 149  24   0   0    0.47    1.43    4.6    4.9    0.94
  209 DLTABR--   -2224 197 149  24 395 396    0.98    3.14    8.9    9.6    1.23
  210 PI+          211   1 150  24   0   0    0.35   -0.13    3.8    3.8    0.14
  211 PI-         -211   1 150  24   0   0   -0.15    0.07    0.2    0.3    0.14
  212 K*+          323 197 151  41 397 398    1.11   -1.37    6.7    7.0    0.89
  213 K-          -321   1 151  41   0   0    1.34   -0.29    2.8    3.2    0.49
  214 PI0          111   1 152  41   0   0    1.07   -0.33    3.6    3.8    0.13
  215 PI0          111   1 152  41   0   0    4.45   -3.18   13.6   14.7    0.13
  216 PI+          211   1 153  41   0   0    1.29   -1.13    3.6    4.0    0.14
  217 RHO0         113 197 153  41 399 400    2.27   -1.61   11.3   11.7    0.77
  218 PI-         -211   1 154  41   0   0    1.24   -1.41    8.5    8.7    0.14
  219 PI+          211   1 154  41   0   0    0.32   -1.20    4.2    4.3    0.14
  220 HH_10      10333 197 155  41 401 402    1.73   -3.52   16.7   17.2    1.40
  221 KBAR0       -311 197 155  41 403 403    0.23   -0.46    3.7    3.8    0.50
  222 PI0          111   1 156  11   0   0    0.04    0.07  165.9  165.9    0.13
  223 P           2212   1 156  11   0   0   -0.04   -0.01 2936.4 2936.4    0.94
  224 PI+          211   1 157  15   0   0    0.23   -0.04-3457.2 3457.2    0.14
  225 N           2112   1 157  15   0   0   -0.24    0.04-2574.3 2574.3    0.94
  226 PI+          211   1 158  15   0   0    0.12    0.25   -4.7    4.8    0.14
  227 RHO-        -213 197 158  15 404 405   -0.70   -0.21 -202.0  202.0    0.77
  228 PI0          111   1 159  22   0   0   -0.43   -1.02   -2.1    2.3    0.13
  229 PI+          211   1 159  22   0   0   -0.52    0.48   -1.9    2.1    0.14
  230 KBAR0       -311 197 160  22 406 406   -0.70   -1.35   -1.7    2.3    0.50
  231 RHO-        -213 197 160  22 407 408   -0.26   -2.46   -5.5    6.1    0.77
  232 K-          -321   1 161  24   0   0   -0.57    8.24   22.0   23.5    0.49
  233 PI+          211   1 161  24   0   0    0.04    1.08    3.5    3.7    0.14
  234 SIGMA0      3212 197 162  41 409 410   13.45  -24.75  104.4  108.1    1.19
  235 SIGMABR0   -3212 197 162  41 411 412   41.15  -75.85  319.1  330.6    1.19
  236 B_10       10113 197 163  41 413 414   43.02  -79.17  332.1  344.1    1.23
  237 K0           311 197 163  41 415 415   15.61  -28.88  122.5  126.9    0.50
  238 DELTA+      2214 197 164  41 416 417    1.28   -3.85   14.2   14.8    1.23
  239 NBAR       -2112   1 164  41   0   0    2.09   -2.98   18.9   19.3    0.94
  240 OMEGA        223 197 165  41 418 420   -0.07   -0.31    6.1    6.1    0.78
  241 PI0          111   1 165  41   0   0    0.28   -0.05    8.4    8.4    0.13
  242 PI0          111   1 166  41   0   0   -0.07    0.19    6.2    6.2    0.13
  243 RHO_3-      -217 197 166  41 421 422    0.43   -0.83   17.5   17.6    1.69
  244 KBAR0       -311 197 167  41 423 423   -0.16   -0.07    2.2    2.3    0.50
  245 A_10       20113 197 167  41 424 425    0.61   -0.79   16.5   16.6    1.23
  246 PI-         -211   1 168  41   0   0    0.19   -0.20    1.0    1.0    0.14
  247 K*+          323 197 168  41 426 427    0.01   -0.12   23.1   23.2    0.89
  248 RHO+         213 197 169  41 428 429    0.70   -0.17   22.6   22.7    0.77
  249 PI_2-     -10215 197 169  41 430 431   -0.44   -0.20   22.9   22.9    1.67
  250 OMEGA        223 197 170  41 432 434   -0.05    0.28   41.3   41.3    0.78
  251 PI-         -211   1 170  41   0   0   -0.04    0.29   63.4   63.4    0.14
  252 KBAR0       -311 197 171  41 435 435   -0.10    0.79   42.8   42.8    0.50
  253 K*0          313 197 171  41 436 437    0.03   -0.24   66.9   66.9    0.90

                            ---H/W/Z BOSON DECAYS---  

 IHEP    ID      IDPDG IST MO1 MO2 DA1 DA2   P-X     P-Y     P-Z  ENERGY    MASS
  254 BQRK           5 123  21 255 256 255  -51.51   -3.08   24.9   57.5    4.95
  255 BBAR          -5 124  21 254 261 254 -331.84  152.69  555.3  664.7    4.95

                              ---PARTON SHOWERS---    

 IHEP    ID      IDPDG IST MO1 MO2 DA1 DA2   P-X     P-Y     P-Z  ENERGY    MASS
  256 BQRK          94 143 254  21 258 260 -117.13   34.69  152.0  201.9   52.09
  257 CONE           0 100 254 255   0   0    0.14    0.61    1.3    1.4    0.00
  258 BQRK           5   2 256 259 267 266  -93.51   45.24  133.0  168.8    4.95
  259 GLUON         21   2 256 260 268 269  -10.23   -8.68   10.3   16.9    0.75
  260 GLUON         21   2 256 263 270 271  -13.39   -1.87    8.8   16.1    0.75
  261 BBAR          94 144 255  21 263 266 -266.22  114.92  428.2  520.3   57.96
  262 CONE           0 100 255 254   0   0   -2.51    0.33    2.3    3.4    0.00
  263 GLUON         21   2 261 264 272 273  -18.31    7.11   25.7   32.3    0.75
  264 GLUON         21   2 261 265 274 275  -48.12   16.24   66.0   83.2    0.75
  265 GLUON         21   2 261 266 276 277 -128.58   36.84  180.4  224.6    0.75
  266 BBAR          -5   2 261 267 278 277  -71.21   54.73  156.1  180.2    4.95

                              ---GLUON SPLITTING---   

 IHEP    ID      IDPDG IST MO1 MO2 DA1 DA2   P-X     P-Y     P-Z  ENERGY    MASS
  267 BQRK           5 158 256 283 309 278  -45.37   21.66   64.4   81.9    4.95
  268 UBAR          -2 158 256 269 326 302   -1.86   -1.46    1.9    3.0    0.32
  269 UQRK           2 158 256 285 310 268   -4.00   -3.55    4.0    6.7    0.32
  270 DBAR          -1 158 256 271 318 286   -6.49   -1.03    4.4    7.9    0.32
  271 DQRK           1 158 256 287 311 270   -4.08   -0.46    2.6    4.8    0.32
  272 UBAR          -2 158 261 273 319 288   -4.32    1.60    6.0    7.5    0.32
  273 UQRK           2 158 261 274 312 272  -13.29    5.25   18.7   23.6    0.32
  274 UBAR          -2 158 261 275 312 273  -17.97    5.97   24.8   31.2    0.32
  275 UQRK           2 158 261 276 313 274  -30.15   10.27   41.1   52.0    0.32
  276 UBAR          -2 158 261 277 313 275  -76.80   21.83  107.6  134.0    0.32
  277 UQRK           2 158 261 291 314 276  -39.74   11.52   55.9   69.5    0.32
  278 BBAR          -5 158 261 267 329 308  -44.13   33.19   95.6  110.5    4.95
  279 DBAR          -1 159 256 280 316 282   -0.55   -0.27    0.6    0.9    0.32
  280 DQRK           1 159 256 295 315 279  -31.26   15.18   44.5   56.4    0.32
  281 SBAR          -3 159 256 282 317 284   -1.28    0.47    1.8    2.3    0.50
  282 SQRK           3 159 256 279 316 281   -0.75   -0.04    0.9    1.3    0.50
  283 UBAR          -2 159 256 284 309 267   -1.02    0.42    1.4    1.8    0.32
  284 UQRK           2 159 256 281 317 283   -5.73    2.77    8.1   10.3    0.32
  285 DBAR          -1 159 256 286 310 269   -1.14   -0.37    0.9    1.5    0.32
  286 DQRK           1 159 256 270 318 285   -1.25   -0.96    1.2    2.0    0.32
  287 UBAR          -2 159 261 288 311 271   -0.91    0.16    1.0    1.4    0.32
  288 UQRK           2 159 256 272 319 287   -1.50   -0.11    1.0    1.9    0.32
  289 DBAR          -1 159 261 290 321 292   -2.97    2.24    6.5    7.5    0.32
  290 DQRK           1 159 261 299 320 289   -3.17    0.99    4.6    5.7    0.32
  291 DBAR          -1 159 261 292 314 277   -2.57    0.83    3.8    4.6    0.32
  292 DQRK           1 159 261 289 321 291   -1.29    0.66    2.3    2.7    0.32
  293 UBAR          -2 159 256 294 323 296   -0.68   -0.42    0.7    1.1    0.32
  294 UQRK           2 159 256 303 322 293   -4.85    2.34    6.9    8.8    0.32
  295 DBAR          -1 159 256 296 315 280   -0.82    0.30    1.1    1.5    0.32
  296 DQRK           1 159 256 293 323 295   -1.17    0.51    1.7    2.1    0.32
  297 DBAR          -1 159 261 298 325 300  -11.30    8.78   24.9   28.8    0.32
  298 DQRK           1 159 261 305 324 297   -1.43    0.61    2.3    2.8    0.32
  299 UBAR          -2 159 261 300 320 290   -1.82    1.28    3.8    4.4    0.32
  300 UQRK           2 159 261 297 325 299   -1.33    0.63    2.3    2.7    0.32
  301 UBAR          -2 159 256 302 327 304   -0.59   -0.32    0.6    1.0    0.32
  302 UQRK           2 159 256 268 326 301   -0.88    0.34    1.2    1.6    0.32
  303 SBAR          -3 159 256 304 322 294   -0.80   -0.32    0.9    1.4    0.50
  304 SQRK           3 159 256 301 327 303   -0.84    0.12    1.1    1.5    0.50
  305 SBAR          -3 159 261 306 324 298   -8.55    6.60   18.8   21.7    0.50
  306 SQRK           3 159 261 307 328 305   -2.07    0.99    3.5    4.2    0.50
  307 UBAR          -2 159 261 308 328 306   -1.31    0.76    2.5    2.9    0.32
  308 UQRK           2 159 261 278 329 307   -1.29    0.66    2.3    2.7    0.32

                             ---CLUSTER FORMATION---  

 IHEP    ID      IDPDG IST MO1 MO2 DA1 DA2   P-X     P-Y     P-Z  ENERGY    MASS
  309 CLUS          91 183 267 283 330 331  -46.40   22.08   65.8   83.7    5.47
  310 CLUS          91 183 269 285 332 333   -5.14   -3.91    4.9    8.2    1.33
  311 CLUS          91 183 271 287 334 335   -4.99   -0.31    3.5    6.2    1.15
  312 CLUS          91 183 273 274 336 337  -31.26   11.23   43.6   54.8    1.12
  313 CLUS          91 183 275 276 338 339 -106.95   32.09  148.7  186.0    3.19
  314 CLUS          91 183 277 291 340 341  -42.31   12.35   59.6   74.2    1.38
  315 CLUS          91 183 280 295 342 343  -32.08   15.48   45.6   57.9    2.12
  316 CLUS          91 183 282 279 344 345   -1.30   -0.30    1.6    2.2    0.87
  317 CLUS          91 183 284 281 346 347   -7.00    3.23    9.9   12.6    1.27
  318 CLUS          91 183 286 270 348 349   -7.74   -1.98    5.6    9.9    1.78
  319 CLUS          91 183 288 272 350 351   -5.82    1.49    7.0    9.4    1.77
  320 CLUS          91 183 290 299 352 353   -4.99    2.27    8.4   10.1    1.18
  321 CLUS          91 183 292 289 354 355   -4.27    2.90    8.7   10.2    0.85
  322 CLUS          91 183 294 303 356 357   -5.65    2.02    7.8   10.1    2.28
  323 CLUS          91 183 296 293 358 359   -1.85    0.08    2.4    3.2    1.18
  324 CLUS          91 183 298 305 360 361   -9.98    7.21   21.1   24.5    1.59
  325 CLUS          91 183 300 297 362 363  -12.63    9.41   27.2   31.5    1.60
  326 CLUS          91 183 302 268 364 365   -2.75   -1.12    3.1    4.6    1.71
  327 CLUS          91 183 304 301 366 367   -1.43   -0.21    1.7    2.5    0.96
  328 CLUS          91 183 306 307 368 369   -3.38    1.75    6.0    7.2    0.84
  329 CLUS          91 183 308 278 370 371  -45.42   33.85   97.9  113.2    5.68

                              ---CLUSTER DECAYS---    

 IHEP    ID      IDPDG IST MO1 MO2 DA1 DA2   P-X     P-Y     P-Z  ENERGY    MASS
  330 B-          -521 199 309 256 526 527  -45.90   21.86   65.2   82.8    5.28
  331 PI0          111   1 309 256   0   0   -0.50    0.21    0.7    0.9    0.13
  332 RHO+         213 197 310 256 438 439   -2.75   -2.16    2.7    4.5    0.77
  333 ETA          221 197 310 256 440 442   -2.39   -1.75    2.2    3.7    0.55
  334 PI0          111   1 311 256   0   0   -1.71    0.01    0.6    1.8    0.13
  335 PI-         -211   1 311 256   0   0   -3.27   -0.32    2.9    4.4    0.14
  336 RHO+         213 197 312 261 443 444  -21.78    7.64   30.6   38.3    0.77
  337 PI-         -211   1 312 261   0   0   -9.49    3.58   13.0   16.5    0.14
  338 P           2212   1 313 261   0   0  -75.02   22.50  102.8  129.2    0.94
  339 DELTABR-   -2214 197 313 261 445 446  -31.93    9.60   45.9   56.8    1.23
  340 K+           321   1 314 261   0   0  -32.02    9.40   44.6   55.7    0.49
  341 KBAR0       -311 197 314 261 447 447  -10.28    2.95   15.0   18.5    0.50
  342 PI-         -211   1 315 256   0   0  -10.97    4.87   14.4   18.8    0.14
  343 B_1+       10213 197 315 256 448 449  -21.11   10.62   31.2   39.1    1.23
  344 K-          -321   1 316 256   0   0   -0.71   -0.24    1.3    1.6    0.49
  345 PI+          211   1 316 256   0   0   -0.59   -0.07    0.3    0.7    0.14
  346 PI+          211   1 317 256   0   0   -1.36    0.67    1.5    2.1    0.14
  347 K*0          313 197 317 256 450 451   -5.64    2.57    8.4   10.5    0.90
  348 RHO-        -213 197 318 256 452 453   -4.90   -0.85    3.4    6.1    0.77
  349 RHO+         213 197 318 256 454 455   -2.83   -1.13    2.2    3.8    0.77
  350 RHO+         213 197 319 256 456 457   -2.61    1.04    2.9    4.1    0.77
  351 RHO-        -213 197 319 256 458 459   -3.21    0.46    4.1    5.3    0.77
  352 PI-         -211   1 320 261   0   0   -0.93    0.32    1.1    1.5    0.14
  353 OMEGA        223 197 320 261 460 462   -4.06    1.95    7.3    8.6    0.78
  354 PI-         -211   1 321 261   0   0   -0.49    0.10    1.0    1.1    0.14
  355 PI+          211   1 321 261   0   0   -3.77    2.81    7.7    9.1    0.14
  356 PI+          211   1 322 256   0   0   -1.65    0.78    1.7    2.5    0.14
  357 KDL_20     10315 197 322 256 463 464   -4.00    1.24    6.1    7.6    1.77
  358 PI0          111   1 323 256   0   0   -1.58   -0.12    1.2    2.0    0.13
  359 PI-         -211   1 323 256   0   0   -0.28    0.21    1.2    1.3    0.14
  360 RHO-        -213 197 324 261 465 466   -2.90    2.21    6.0    7.1    0.77
  361 K+           321   1 324 261   0   0   -7.08    5.00   15.1   17.4    0.49
  362 B_10       10113 197 325 261 467 468  -10.03    7.10   21.1   24.4    1.23
  363 PI+          211   1 325 261   0   0   -2.61    2.30    6.1    7.1    0.14
  364 PI+          211   1 326 256   0   0   -0.29    0.18    0.2    0.4    0.14
  365 B_1-      -10213 197 326 256 469 470   -2.45   -1.30    2.9    4.2    1.23
  366 K-          -321   1 327 256   0   0   -0.95   -0.41    1.5    1.8    0.49
  367 PI0          111   1 327 256   0   0   -0.48    0.20    0.3    0.6    0.13
  368 K-          -321   1 328 261   0   0   -1.38    0.77    2.3    2.8    0.49
  369 PI0          111   1 328 261   0   0   -2.00    0.98    3.7    4.3    0.13
  370 PI+          211   1 329 261   0   0   -0.60    0.27    1.0    1.2    0.14
  371 B_D0         511 200 329 261 471 471  -44.82   33.58   96.9  112.0    5.28

                           ---STRONG HADRON DECAYS--- 

 IHEP    ID      IDPDG IST MO1 MO2 DA1 DA2   P-X     P-Y     P-Z  ENERGY    MASS
  372 PI0          111   1 172  11   0   0   -0.03    1.24  234.8  234.8    0.13
  373 PI0          111   1 172  11   0   0    0.01    0.25   41.5   41.5    0.13
  374 PI0          111   1 172  11   0   0    0.03    0.35   59.2   59.2    0.13
  375 PBAR       -2212   1 181  22   0   0   -2.00  -10.54  -17.0   20.1    0.94
  376 PI0          111   1 181  22   0   0   -0.33   -3.02   -4.8    5.7    0.13
  377 PI+          211   1 182  24   0   0   46.44   13.51  128.5  137.3    0.14
  378 PI-         -211   1 182  24   0   0   50.17   13.44  139.8  149.2    0.14
  379 PI+          211   1 185  24   0   0    1.24    0.32    3.4    3.6    0.14
  380 PI0          111   1 185  24   0   0   34.33    9.49   95.3  101.7    0.13
  381 K+           321   1 190  24   0   0    2.36    0.41    7.6    8.0    0.49
  382 PI-         -211   1 190  24   0   0    3.59    0.27   10.1   10.7    0.14
  383 KBAR0       -311 198 191  24 475 475    1.41   -0.36    6.9    7.1    0.50
  384 PI-         -211   1 191  24   0   0    0.16    0.13    0.6    0.7    0.14
  385 PI+          211   1 192  24   0   0    1.66   -0.04    4.3    4.6    0.14
  386 PI0          111   1 192  24   0   0    7.54   -1.17   23.0   24.2    0.13
  387 PI+          211   1 198  24   0   0   -0.21    2.03   10.9   11.0    0.14
  388 PI-         -211   1 198  24   0   0   -0.33    1.57   12.5   12.6    0.14
  389 RHO+         213 198 199  24 476 477   -0.41    1.88   12.4   12.6    0.77
  390 PI-         -211   1 199  24   0   0   -0.48    0.40    3.9    4.0    0.14
  391 PI0          111   1 200  24   0   0   -0.14   -0.11    2.6    2.6    0.13
  392 PI0          111   1 200  24   0   0    0.22    2.08   14.0   14.2    0.13
  393 PI-         -211   1 206  24   0   0    0.69    6.99   20.0   21.2    0.14
  394 PI0          111   1 206  24   0   0    0.06    0.61    2.4    2.5    0.13
  395 PBAR       -2212   1 209  24   0   0    0.68    2.47    7.5    8.0    0.94
  396 PI-         -211   1 209  24   0   0    0.31    0.67    1.4    1.6    0.14
  397 K0           311 198 212  41 478 478    0.61   -0.71    4.7    4.8    0.50
  398 PI+          211   1 212  41   0   0    0.50   -0.66    2.0    2.2    0.14
  399 PI+          211   1 217  41   0   0    0.51   -0.07    1.7    1.8    0.14
  400 PI-         -211   1 217  41   0   0    1.76   -1.54    9.6    9.8    0.14
  401 K+           321   1 220  41   0   0    0.61   -1.31    5.9    6.1    0.49
  402 K*-         -323 198 220  41 479 480    1.12   -2.20   10.8   11.2    0.89
  403 K_S0         310 198 221  41 481 482    0.23   -0.46    3.7    3.8    0.50
  404 PI-         -211   1 227  15   0   0   -0.41   -0.48 -127.9  127.9    0.14
  405 PI0          111   1 227  15   0   0   -0.29    0.27  -74.1   74.2    0.13
  406 K_L0         130   1 230  22   0   0   -0.70   -1.35   -1.7    2.3    0.50
  407 PI-         -211   1 231  22   0   0   -0.31   -2.35   -4.8    5.4    0.14
  408 PI0          111   1 231  22   0   0    0.05   -0.10   -0.7    0.7    0.13
  409 LAMBDA      3122 198 234  41 483 484   13.34  -24.57  103.7  107.4    1.12
  410 GAMMA         22   1 234  41   0   0    0.11   -0.18    0.7    0.7    0.00
  411 LAMBDABR   -3122 198 235  41 485 486   36.67  -67.49  284.1  294.3    1.12
  412 GAMMA         22   1 235  41   0   0    4.49   -8.36   35.0   36.3    0.00
  413 OMEGA        223 198 236  41 487 489   23.39  -42.49  179.2  185.7    0.78
  414 PI0          111   1 236  41   0   0   19.63  -36.68  152.9  158.5    0.13
  415 K_L0         130   1 237  41   0   0   15.61  -28.88  122.5  126.9    0.50
  416 N           2112   1 238  41   0   0    1.22   -3.51   13.3   13.9    0.94
  417 PI+          211   1 238  41   0   0    0.06   -0.35    0.8    0.9    0.14
  418 PI+          211   1 240  41   0   0    0.02   -0.06    0.3    0.4    0.14
  419 PI-         -211   1 240  41   0   0   -0.12   -0.16    1.4    1.5    0.14
  420 PI0          111   1 240  41   0   0    0.03   -0.10    4.3    4.3    0.13
  421 A_2-        -215 198 243  41 490 491    0.57   -0.93   15.5   15.6    1.32
  422 PI0          111   1 243  41   0   0   -0.15    0.10    1.9    1.9    0.13
  423 K_L0         130   1 244  41   0   0   -0.16   -0.07    2.2    2.3    0.50
  424 RHO+         213 198 245  41 492 493    0.12   -0.71   12.1   12.1    0.77
  425 PI-         -211   1 245  41   0   0    0.49   -0.08    4.5    4.5    0.14
  426 K+           321   1 247  41   0   0   -0.04    0.10    8.4    8.4    0.49
  427 PI0          111   1 247  41   0   0    0.05   -0.22   14.7   14.7    0.13
  428 PI+          211   1 248  41   0   0    0.59   -0.39   19.2   19.2    0.14
  429 PI0          111   1 248  41   0   0    0.11    0.21    3.4    3.5    0.13
  430 F0P0     9010221 198 249  41 494 495   -0.45    0.29   11.6   11.7    1.00
  431 PI-         -211   1 249  41   0   0    0.01   -0.48   11.2   11.2    0.14
  432 PI+          211   1 250  41   0   0    0.06    0.18   16.8   16.8    0.14
  433 PI-         -211   1 250  41   0   0   -0.17    0.11   22.5   22.5    0.14
  434 PI0          111   1 250  41   0   0    0.06   -0.01    2.0    2.0    0.13
  435 K_L0         130   1 252  41   0   0   -0.10    0.79   42.8   42.8    0.50
  436 K+           321   1 253  41   0   0   -0.05   -0.35   61.6   61.6    0.49
  437 PI-         -211   1 253  41   0   0    0.08    0.11    5.3    5.3    0.14
  438 PI+          211   1 332 256   0   0   -2.36   -1.50    2.2    3.6    0.14
  439 PI0          111   1 332 256   0   0   -0.39   -0.66    0.5    0.9    0.13
  440 PI+          211   1 333 256   0   0   -0.99   -0.59    0.8    1.4    0.14
  441 PI-         -211   1 333 256   0   0   -1.06   -0.93    1.1    1.8    0.14
  442 PI0          111   1 333 256   0   0   -0.34   -0.23    0.3    0.5    0.13
  443 PI+          211   1 336 261   0   0   -4.11    1.16    5.7    7.1    0.14
  444 PI0          111   1 336 261   0   0  -17.66    6.48   24.9   31.2    0.13
  445 NBAR       -2112   1 339 261   0   0  -30.74    9.25   44.3   54.7    0.94
  446 PI-         -211   1 339 261   0   0   -1.19    0.35    1.6    2.1    0.14
  447 K_L0         130   1 341 261   0   0  -10.28    2.95   15.0   18.5    0.50
  448 OMEGA        223 198 343 256 496 498   -9.63    4.67   14.0   17.7    0.78
  449 PI+          211   1 343 256   0   0  -11.47    5.95   17.2   21.5    0.14
  450 K0           311 198 347 256 499 499   -4.19    2.05    6.7    8.2    0.50
  451 PI0          111   1 347 256   0   0   -1.46    0.51    1.7    2.3    0.13
  452 PI-         -211   1 348 256   0   0   -1.41   -0.54    0.9    1.8    0.14
  453 PI0          111   1 348 256   0   0   -3.49   -0.30    2.5    4.3    0.13
  454 PI+          211   1 349 256   0   0   -2.27   -0.65    1.4    2.8    0.14
  455 PI0          111   1 349 256   0   0   -0.57   -0.48    0.8    1.1    0.13
  456 PI+          211   1 350 256   0   0   -2.37    0.73    2.6    3.6    0.14
  457 PI0          111   1 350 256   0   0   -0.24    0.30    0.3    0.5    0.13
  458 PI-         -211   1 351 256   0   0   -2.60    0.63    3.2    4.1    0.14
  459 PI0          111   1 351 256   0   0   -0.61   -0.17    0.9    1.1    0.13
  460 PI+          211   1 353 261   0   0   -1.18    0.30    2.1    2.4    0.14
  461 PI-         -211   1 353 261   0   0   -0.59    0.38    1.3    1.5    0.14
  462 PI0          111   1 353 261   0   0   -2.29    1.27    4.0    4.8    0.13
  463 K*+          323 198 357 256 500 501   -2.95    0.37    4.8    5.7    0.89
  464 PI-         -211   1 357 256   0   0   -1.05    0.87    1.3    1.9    0.14
  465 PI-         -211   1 360 261   0   0   -2.82    2.10    5.5    6.5    0.14
  466 PI0          111   1 360 261   0   0   -0.09    0.11    0.5    0.5    0.13
  467 OMEGA        223 198 362 261 502 504   -7.98    5.31   16.1   18.7    0.78
  468 PI0          111   1 362 261   0   0   -2.05    1.80    5.0    5.7    0.13
  469 OMEGA        223 198 365 256 505 507   -1.23   -1.00    1.6    2.4    0.78
  470 PI-         -211   1 365 256   0   0   -1.22   -0.30    1.3    1.8    0.14
  471 B_DBAR0     -511 197 371 261 472 474  -44.82   33.58   96.9  112.0    5.28
  472 E-            11   1 471 261   0   0  -13.26   10.31   31.1   35.4    0.00
  473 NU_EBAR      -12   1 471 261   0   0  -15.63   11.07   33.6   38.7    0.00
  474 D*_2+        415 198 471 261 508 510  -15.93   12.20   32.1   37.9    2.46
  475 K_L0         130   1 383  24   0   0    1.41   -0.36    6.9    7.1    0.50
  476 PI+          211   1 389  24   0   0   -0.13    1.54   10.7   10.8    0.14
  477 PI0          111   1 389  24   0   0   -0.28    0.34    1.8    1.8    0.13
  478 K_L0         130   1 397  41   0   0    0.61   -0.71    4.7    4.8    0.50
  479 K-          -321   1 402  41   0   0    0.56   -0.80    3.9    4.1    0.49
  480 PI0          111   1 402  41   0   0    0.56   -1.41    6.9    7.1    0.13
  481 PI+          211   1 403  41   0   0    0.25   -0.27    3.1    3.1    0.14
  482 PI-         -211   1 403  41   0   0   -0.02   -0.19    0.6    0.7    0.14
  483 P           2212   1 409  41   0   0   11.17  -20.56   86.4   89.6    0.94
  484 PI-         -211   1 409  41   0   0    2.16   -4.01   17.3   17.9    0.14
  485 NBAR       -2112   1 411  41   0   0   32.79  -60.18  253.4  262.5    0.94
  486 PI0          111   1 411  41   0   0    3.88   -7.30   30.8   31.8    0.13
  487 PI+          211   1 413  41   0   0    6.55  -11.48   48.3   50.0    0.14
  488 PI-         -211   1 413  41   0   0    3.61   -6.53   27.4   28.4    0.14
  489 PI0          111   1 413  41   0   0   13.24  -24.48  103.6  107.2    0.13
  490 RHO0         113 198 421  41 511 512    0.54   -0.41   12.8   12.9    0.77
  491 PI-         -211   1 421  41   0   0    0.03   -0.52    2.7    2.8    0.14
  492 PI+          211   1 424  41   0   0    0.36   -0.17    6.3    6.3    0.14
  493 PI0          111   1 424  41   0   0   -0.24   -0.54    5.8    5.8    0.13
  494 PI0          111   1 430  41   0   0   -0.43   -0.18    2.8    2.9    0.13
  495 PI0          111   1 430  41   0   0   -0.02    0.46    8.8    8.8    0.13
  496 PI+          211   1 448 256   0   0   -3.49    1.86    5.2    6.6    0.14
  497 PI-         -211   1 448 256   0   0   -4.59    1.90    6.3    8.0    0.14
  498 PI0          111   1 448 256   0   0   -1.56    0.91    2.5    3.1    0.13
  499 K_S0         310 198 450 256 513 514   -4.19    2.05    6.7    8.2    0.50
  500 K+           321   1 463 256   0   0   -1.39    0.25    1.9    2.4    0.49
  501 PI0          111   1 463 256   0   0   -1.57    0.12    2.9    3.3    0.13
  502 PI+          211   1 467 261   0   0   -0.77    0.67    1.6    1.9    0.14
  503 PI-         -211   1 467 261   0   0   -6.25    3.99   12.5   14.5    0.14
  504 PI0          111   1 467 261   0   0   -0.96    0.65    2.0    2.3    0.13
  505 PI+          211   1 469 256   0   0   -0.28   -0.03    0.5    0.6    0.14
  506 PI-         -211   1 469 256   0   0   -0.79   -0.76    0.8    1.3    0.14
  507 PI0          111   1 469 256   0   0   -0.17   -0.22    0.3    0.5    0.13
  508 D*0          423 198 474 261 515 516  -13.88   10.64   28.0   33.1    2.01
  509 PI+          211   1 474 261   0   0   -0.55    0.55    1.4    1.6    0.14
  510 PI0          111   1 474 261   0   0   -1.51    1.01    2.7    3.2    0.13
  511 PI+          211   1 490  41   0   0   -0.03   -0.32    2.6    2.6    0.14
  512 PI-         -211   1 490  41   0   0    0.57   -0.09   10.2   10.2    0.14
  513 PI+          211   1 499 256   0   0   -2.24    1.29    3.5    4.3    0.14
  514 PI-         -211   1 499 256   0   0   -1.95    0.77    3.2    3.8    0.14
  515 D0           421 198 508 261 517 518  -12.72    9.89   25.7   30.3    1.86
  516 GAMMA         22   1 508 261   0   0   -1.16    0.75    2.3    2.7    0.00
  517 K*-         -323 198 515 261 519 520   -5.76    4.44   10.9   13.1    0.89
  518 RHO+         213 198 515 261 521 522   -6.96    5.45   14.8   17.2    0.77
  519 KBAR0       -311 198 517 261 523 523   -2.31    1.67    4.0    4.9    0.50
  520 PI-         -211   1 517 261   0   0   -3.46    2.77    6.9    8.2    0.14
  521 PI+          211   1 518 261   0   0   -1.20    0.87    3.0    3.3    0.14
  522 PI0          111   1 518 261   0   0   -5.76    4.58   11.8   13.9    0.13
  523 K_S0         310 198 519 261 524 525   -2.31    1.67    4.0    4.9    0.50
  524 PI+          211   1 523 261   0   0   -2.02    1.43    3.6    4.4    0.14
  525 PI-         -211   1 523 261   0   0   -0.28    0.24    0.4    0.6    0.14

                           ---HEAVY PARTICLE DECAYS---

 IHEP    ID      IDPDG IST MO1 MO2 DA1 DA2   P-X     P-Y     P-Z  ENERGY    MASS
  526 BQRK           5 155 330 527 528 530  -43.12   20.54   61.2   77.8    4.96
  527 UBAR          -2 125 330 530 531 530   -2.78    1.33    3.9    5.0    0.32
  528 SQRK           3 123 526 529 532 529  -10.30    4.78   13.7   17.8    0.50
  529 CBAR          -4 124 526 528 534 528  -23.06   12.21   33.9   42.8    1.55
  530 CQRK           4 124 526 526 536 526   -9.75    3.55   13.6   17.2    1.55
  531 UBAR          -2 160 527 540 542 540   -2.78    1.33    3.9    5.0    0.32

                              ---PARTON SHOWERS---    

 IHEP    ID      IDPDG IST MO1 MO2 DA1 DA2   P-X     P-Y     P-Z  ENERGY    MASS
  532 SQRK          94 143 528 526 533 533  -10.30    4.78   13.7   17.8    0.50
  533 SQRK           3   2 532 535 538 535  -10.30    4.78   13.7   17.8    0.50
  534 CBAR          94 144 529 526 535 535  -23.06   12.21   33.9   42.8    1.55
  535 CBAR          -4   2 534 538 539 538  -23.06   12.21   33.9   42.8    1.55
  536 CQRK          94 144 530 526 537 537   -9.75    3.55   13.6   17.2    1.55
  537 CQRK           4   2 536 531 540 531   -9.75    3.55   13.6   17.2    1.55

                              ---GLUON SPLITTING---   

 IHEP    ID      IDPDG IST MO1 MO2 DA1 DA2   P-X     P-Y     P-Z  ENERGY    MASS
  538 SQRK           3 158 532 539 541 539  -10.30    4.78   13.7   17.8    0.50
  539 CBAR          -4 158 534 538 541 538  -23.06   12.21   33.9   42.8    1.55
  540 CQRK           4 158 536 531 542 531   -9.75    3.55   13.6   17.2    1.55

                             ---CLUSTER FORMATION---  

 IHEP    ID      IDPDG IST MO1 MO2 DA1 DA2   P-X     P-Y     P-Z  ENERGY    MASS
  541 CLUS          91 183 538 539 543 544  -34.10   17.39   48.7   62.0    2.45
  542 CLUS          91 183 540 531 545 545  -11.80    4.47   16.5   20.8    1.86

                              ---CLUSTER DECAYS---    

 IHEP    ID      IDPDG IST MO1 MO2 DA1 DA2   P-X     P-Y     P-Z  ENERGY    MASS
  543 K-          -321   1 541 532   0   0   -7.55    3.64   10.3   13.3    0.49
  544 DBAR0       -421 197 541 532 546 549  -26.55   13.76   38.3   48.6    1.86
  545 D0           421 196 542 536 550 554  -11.80    4.47   16.5   20.8    1.86

                           ---STRONG HADRON DECAYS--- 

 IHEP    ID      IDPDG IST MO1 MO2 DA1 DA2   P-X     P-Y     P-Z  ENERGY    MASS
  546 K0           311 198 544 532 555 555   -6.69    3.71   10.2   12.8    0.50
  547 PI-         -211   1 544 532   0   0  -14.16    7.45   20.5   26.0    0.14
  548 PI+          211   1 544 532   0   0   -3.79    1.70    4.7    6.3    0.14
  549 PI0          111   1 544 532   0   0   -1.91    0.89    2.8    3.5    0.13
  550 KBAR0       -311 198 545 536 556 556   -4.62    1.92    6.1    7.9    0.50
  551 PI+          211   1 545 536   0   0   -0.82    0.28    1.3    1.6    0.14
  552 PI-         -211   1 545 536   0   0   -2.04    0.60    3.3    3.9    0.14
  553 PI0          111   1 545 536   0   0   -1.16    0.29    1.2    1.7    0.13
  554 PI0          111   1 545 536   0   0   -3.16    1.38    4.6    5.8    0.13
  555 K_L0         130   1 546 532   0   0   -6.69    3.71   10.2   12.8    0.50
  556 K_S0         310 198 550 536 557 558   -4.62    1.92    6.1    7.9    0.50
  557 PI0          111   1 556 536   0   0   -0.73    0.44    1.1    1.4    0.13
  558 PI0          111   1 556 536   0   0   -3.90    1.48    5.1    6.6    0.13



 EVENT       2: 6500.00 GEV/C P        ON  6500.00 GEV/C P        PROCESS:-18000
 SEEDS:  1254128985 &  1728590203   STATUS:  100 ERROR:   0  WEIGHT:  5.9520E-04


                               ---INITIAL STATE---    

 IHEP    ID      IDPDG IST MO1 MO2 DA1 DA2   P-X     P-Y     P-Z  ENERGY    MASS
    1 P           2212 101   0   0   0   0    0.00    0.00 6500.0 6500.0    0.94
    2 P           2212 102   0   0   0   0    0.00    0.00-6500.0 6500.0    0.94
    3 CMF            0 103   1   2   0   0    0.00    0.00    0.013000.013000.00

                              ---HARD SUBPROCESS---   

 IHEP    ID      IDPDG IST MO1 MO2 DA1 DA2   P-X     P-Y     P-Z  ENERGY    MASS
    4 DQRK           1 121   6   8  11   9    0.00    0.00  246.3  246.3    0.32
    5 UQRK           2 122   6   9  23  10    0.00    0.00-4597.1 4597.1    0.32
    6 HARD           0 120   4   5   7  10   -0.53   -0.49-4350.8 4843.3 2128.09
    7 HIGGS         25 123   6   7  25   7   74.38 -202.50 -359.6  437.6  125.00
    8 DQRK           1 124   6  10  26   4  -32.05    2.30-3840.4 3840.5    0.32
    9 UQRK           2 124   6   4  28   5  -35.55  196.65  159.0  255.4    0.32
   10 GLUON         21 124   6   5  32   8   -6.79    3.55 -309.7  309.8    0.75

                              ---PARTON SHOWERS---    

 IHEP    ID      IDPDG IST MO1 MO2 DA1 DA2   P-X     P-Y     P-Z  ENERGY    MASS
   11 DQRK          94 141   4   6  13  22   -0.53   -0.49  247.6  244.9  -36.35
   12 CONE           0 100   4   9   0   0   -0.18    0.98    0.5    1.1    0.00
   13 GLUON         21   2  11  14  34  35   -0.65    0.62    1.4    1.9    0.75
   14 GLUON         21   2  11  15  36  37    2.33    0.45    9.5    9.9    0.75
   15 GLUON         21   2  11  16  38  39    3.39    4.98   26.6   27.3    0.75
   16 GLUON         21   2  11  17  40  41    1.51    2.37   18.6   18.9    0.75
   17 GLUON         21   2  11  18  42  43    1.47    1.77    7.4    7.8    0.75
   18 GLUON         21   2  11  19  44  45    1.26   -0.70   61.1   61.1    0.75
   19 GLUON         21   2  11  20  46  47   -1.44   -0.81  322.2  322.2    0.75
   20 UD          2101   2  11  21  48  47    0.00    0.00 4035.9 4035.9    0.31
   21 UQRK           2   2  11  22  49  48   -0.50   -0.98 1691.1 1691.1    0.32
   22 DBAR          -1   2  11  27  50  49   -6.83   -7.20   78.4   79.1    0.32
   23 UQRK          94 142   5   6  24  24    0.00   -0.00-4598.4 4598.4    0.61
   24 UD          2101   2  23  30  51  33    0.00    0.00-1901.6 1901.6    0.32
   25 HIGGS         25 195   7   6 179 180   74.33 -202.54 -359.6  437.6  125.00
   26 DQRK          94 144   8   6  27  27  -32.47    1.91-3840.4 3840.5    0.32
   27 DQRK           1   2  26  33  52  50  -32.47    1.91-3840.4 3840.5    0.32
   28 UQRK          94 144   9   6  30  31  -35.58  196.62  158.9  255.4    6.95
   29 CONE           0 100   9   4   0   0    0.04   -0.21    1.1    1.1    0.00
   30 UQRK           2   2  28  31  53  51  -20.58  104.00   80.5  133.1    0.32
   31 GLUON         21   2  28  34  54  55  -14.99   92.62   78.4  122.3    0.75
   32 GLUON         94 144  10   6  33  33   -6.82    3.52 -309.7  309.8    0.75
   33 GLUON         21   2  32  51  56  57   -6.82    3.52 -309.7  309.8    0.75

                              ---GLUON SPLITTING---   

 IHEP    ID      IDPDG IST MO1 MO2 DA1 DA2   P-X     P-Y     P-Z  ENERGY    MASS
   34 DBAR          -1 158  11  35 110  71   -0.28    0.36    0.5    0.7    0.32
   35 DQRK           1 158  11  36  92  34   -0.21    0.37    0.9    1.1    0.32
   36 UBAR          -2 158  11  37  92  35    0.85    0.28    4.2    4.3    0.32
   37 UQRK           2 158  11  38  93  36    1.48    0.17    5.4    5.6    0.32
   38 UBAR          -2 158  11  39  93  37    1.87    2.40   13.5   13.9    0.32
   39 UQRK           2 158  11  40  94  38    1.52    2.58   13.1   13.4    0.32
   40 UBAR          -2 158  11  41  94  39    0.56    0.63    5.9    6.0    0.32
   41 UQRK           2 158  11  42  95  40    0.96    1.73   12.8   12.9    0.32
   42 DBAR          -1 158  11  43  95  41    0.64    1.05    3.7    3.9    0.32
   43 DQRK           1 158  11  44  96  42    0.83    0.71    3.7    3.9    0.32
   44 DBAR          -1 158  11  45  96  43    0.28   -0.29   18.2   18.2    0.32
   45 DQRK           1 158  11  46  97  44    0.98   -0.42   42.9   42.9    0.32
   46 UBAR          -2 158  11  47  97  45   -1.01   -0.38  189.0  189.0    0.32
   47 UQRK           2 158  11  58  98  46   -0.26   -0.25  110.0  110.0    0.32
   48 UD          2101 161  11  49 104  59   -0.01   -0.01 3708.2 3708.2    0.64
   49 UQRK           2 158  11  62  99  48   -0.28   -0.55  946.4  946.4    0.32
   50 DBAR          -1 158  11  52 119  89   -4.21   -4.43   48.4   48.8    0.32
   51 UD          2101 162  23  53 105  61   -0.04    0.02 -367.0  367.0    0.64
   52 DQRK           1 158  26  66 100  50   -8.74    0.52-1033.9 1034.0    0.32
   53 UQRK           2 158  28  68 101  51   -4.40   22.40   17.4   28.7    0.32
   54 DBAR          -1 158  28  55 114  79   -6.81   41.36   34.9   54.5    0.32
   55 DQRK           1 158  28  70 102  54   -5.41   34.22   29.1   45.2    0.32
   56 UBAR          -2 158  32  57 113  77   -1.44    0.76  -65.8   65.9    0.32
   57 UQRK           2 158  32  72 103  56   -2.44    1.18 -115.4  115.4    0.32
   58 UBAR          -2 159  11  59  98  47   -0.11   -0.10  144.0  144.0    0.32
   59 UQRK           2 159  11  48 104  58   -0.07   -0.06  206.8  206.8    0.32
   60 UBAR          -2 159  23  61 111  73   -0.00    0.00-1200.2 1200.2    0.32
   61 UQRK           2 159  32  51 105  60   -0.30    0.14  -26.9   26.9    0.32
   62 UBAR          -2 159  11  63  99  49   -0.04   -0.06  100.0  100.0    0.32
   63 UQRK           2 159  11  74 106  62   -0.06   -0.12  193.4  193.4    0.32
   64 UBAR          -2 159  32  65 108  67   -0.48    0.12  -42.6   42.6    0.32
   65 UQRK           2 159  26  76 107  64   -2.58    0.16 -304.1  304.1    0.32
   66 UBAR          -2 159  32  67 100  52   -1.08    0.09 -124.0  124.0    0.32
   67 UQRK           2 159  26  64 108  66  -18.79    1.10-2222.3 2222.3    0.32
   68 SBAR          -3 159  28  69 101  53   -3.62   18.88   14.9   24.3    0.50
   69 SQRK           3 159  28  78 109  68   -7.98   40.53   31.5   51.9    0.50
   70 UBAR          -2 159  11  71 102  55   -0.23    0.50    0.5    0.8    0.32
   71 UQRK           2 159  28  34 110  70   -0.57    3.47    3.0    4.6    0.32
   72 DBAR          -1 159  23  73 103  57   -0.24    0.11  -27.4   27.4    0.32
   73 DQRK           1 159  32  60 111  72   -0.01    0.01 -307.5  307.5    0.32
   74 DBAR          -1 159  11  75 106  63   -0.04   -0.04   18.7   18.7    0.32
   75 DQRK           1 159  11  82 112  74   -0.03   -0.04   54.4   54.4    0.32
   76 UBAR          -2 159  32  77 107  65   -2.07    1.11  -92.7   92.7    0.32
   77 UQRK           2 159  26  56 113  76   -1.07    0.09 -121.9  121.9    0.32
   78 DBAR          -1 159  28  79 109  69   -1.74    9.89    8.1   12.9    0.32
   79 DQRK           1 159  28  54 114  78   -4.97   25.26   19.6   32.4    0.32
   80 SBAR          -3 159  11  81 118  87   -0.53   -0.56    8.7    8.7    0.50
   81 SQRK           3 159  11  84 115  80   -0.05   -0.09  135.7  135.7    0.50
   82 SBAR          -3 159  11  83 112  75   -0.13   -0.14   12.7   12.7    0.50
   83 SQRK           3 159  11  86 116  82   -0.04   -0.07   95.8   95.8    0.50
   84 SBAR          -3 159  11  85 115  81   -0.15   -0.16   11.0   11.0    0.50
   85 SQRK           3 159  11  90 117  84   -0.04   -0.06   64.1   64.1    0.50
   86 SBAR          -3 159  11  87 116  83   -0.40   -0.42    8.0    8.1    0.50
   87 SQRK           3 159  11  80 118  86   -0.15   -0.16   11.0   11.0    0.50
   88 DBAR          -1 159  11  89 120  91   -0.63   -0.67    8.1    8.2    0.32
   89 DQRK           1 159  11  50 119  88   -0.39   -0.41    5.9    5.9    0.32
   90 DBAR          -1 159  11  91 117  85   -0.15   -0.16    5.5    5.5    0.32
   91 DQRK           1 159  11  88 120  90   -0.03   -0.04   41.7   41.7    0.32

                             ---CLUSTER FORMATION---  

 IHEP    ID      IDPDG IST MO1 MO2 DA1 DA2   P-X     P-Y     P-Z  ENERGY    MASS
   92 CLUS          91 183  35  36 121 122    0.64    0.65    5.1    5.4    1.33
   93 CLUS          91 183  37  38 123 124    3.35    2.57   18.9   19.4    1.85
   94 CLUS          91 183  39  40 125 126    2.08    3.22   19.0   19.4    1.06
   95 CLUS          91 183  41  42 127 128    1.59    2.78   16.5   16.8    1.41
   96 CLUS          91 183  43  44 129 130    1.11    0.43   21.9   22.1    2.55
   97 CLUS          91 183  45  46 131 132   -0.03   -0.80  231.9  231.9    2.75
   98 CLUS          91 183  47  58 133 134   -0.36   -0.35  254.1  254.1    0.70
   99 CLUS          91 183  49  62 135 136   -0.32   -0.61 1046.5 1046.5    1.09
  100 CLUS          91 183  52  66 137 138   -9.83    0.61-1157.9 1158.0    1.04
  101 CLUS          91 183  53  68 139 140   -8.02   41.29   32.3   53.0    0.88
  102 CLUS          91 183  55  70 141 142   -5.64   34.72   29.6   46.1    2.75
  103 CLUS          91 183  57  72 143 144   -2.68    1.29 -142.8  142.8    1.12
  104 CLUS          91 184  59  48 145 146   -0.08   -0.07 3915.0 3915.0    1.59
  105 CLUS          91 185  61  51 147 148   -0.34    0.16 -393.9  393.9    1.84
  106 CLUS          91 183  63  74 149 150   -0.10   -0.16  212.2  212.2    1.14
  107 CLUS          91 183  65  76 151 152   -4.66    1.27 -396.8  396.8    3.11
  108 CLUS          91 183  67  64 153 154  -19.27    1.23-2264.9 2264.9    2.63
  109 CLUS          91 183  69  78 155 156   -9.72   50.41   39.6   64.8    1.22
  110 CLUS          91 183  71  34 157 158   -0.85    3.83    3.4    5.3    1.15
  111 CLUS          91 183  73  60 159 160   -0.01    0.01-1507.7 1507.7    0.79
  112 CLUS          91 183  75  82 161 162   -0.15   -0.18   67.1   67.1    1.25
  113 CLUS          91 183  77  56 163 164   -2.50    0.85 -187.8  187.8    1.66
  114 CLUS          91 183  79  54 165 166  -11.78   66.62   54.5   86.9    2.17
  115 CLUS          91 183  81  84 167 168   -0.20   -0.25  146.7  146.7    2.04
  116 CLUS          91 183  83  86 169 170   -0.44   -0.49  103.8  103.8    2.72
  117 CLUS          91 183  85  90 171 172   -0.19   -0.22   69.5   69.6    1.46
  118 CLUS          91 183  87  80 173 174   -0.68   -0.72   19.7   19.8    1.21
  119 CLUS          91 183  89  50 175 176   -4.59   -4.84   54.3   54.7    1.15
  120 CLUS          91 183  91  88 177 178   -0.66   -0.70   49.8   49.9    2.23

                              ---CLUSTER DECAYS---    

 IHEP    ID      IDPDG IST MO1 MO2 DA1 DA2   P-X     P-Y     P-Z  ENERGY    MASS
  121 RHO0         113 197  92  11 218 219   -0.04    0.39    3.1    3.2    0.77
  122 PI-         -211   1  92  11   0   0    0.68    0.26    2.0    2.2    0.14
  123 K*+          323 197  93  11 220 221    2.18    1.51   11.4   11.7    0.89
  124 K*-         -323 197  93  11 222 223    1.17    1.06    7.5    7.7    0.89
  125 PI+          211   1  94  11   0   0    0.87    2.06    9.2    9.5    0.14
  126 PI-         -211   1  94  11   0   0    1.21    1.16    9.7    9.9    0.14
  127 PI+          211   1  95  11   0   0    0.76    2.50   12.3   12.5    0.14
  128 PI0          111   1  95  11   0   0    0.83    0.29    4.2    4.3    0.13
  129 P           2212   1  96  11   0   0    0.65    0.61   17.7   17.8    0.94
  130 PBAR       -2212   1  96  11   0   0    0.46   -0.18    4.2    4.3    0.94
  131 N           2112   1  97  11   0   0    0.11   -0.69   50.6   50.7    0.94
  132 DELTABR-   -2214 197  97  11 224 225   -0.14   -0.12  181.3  181.3    1.23
  133 PI+          211   1  98  11   0   0   -0.36   -0.49  146.9  146.9    0.14
  134 PI-         -211   1  98  11   0   0   -0.01    0.13  107.2  107.2    0.14
  135 RHO+         213 197  99  11 226 227   -0.30   -0.59 1010.7 1010.7    0.77
  136 PI-         -211   1  99  11   0   0   -0.01   -0.02   35.7   35.7    0.14
  137 PI-         -211   1 100  26   0   0   -9.60    0.56-1135.6 1135.6    0.14
  138 PI0          111   1 100  26   0   0   -0.23    0.04  -22.4   22.4    0.13
  139 PI0          111   1 101  28   0   0   -4.91   24.85   19.3   31.8    0.13
  140 K+           321   1 101  28   0   0   -3.10   16.44   13.0   21.2    0.49
  141 A_2-        -215 197 102  28 228 229   -1.73   15.29   12.6   20.0    1.32
  142 RHO0         113 197 102  28 230 231   -3.91   19.43   17.0   26.1    0.77
  143 PI0          111   1 103  32   0   0   -0.04    0.06   -4.5    4.5    0.13
  144 RHO+         213 197 103  32 232 233   -2.63    1.23 -138.2  138.3    0.77
  145 PI0          111   1 104  11   0   0    0.22   -0.02  332.2  332.2    0.13
  146 DELTA+      2214 197 104  11 234 235   -0.29   -0.05 3582.8 3582.8    1.23
  147 ETA          221 197 105  32 236 238    0.03   -0.28  -72.7   72.7    0.55
  148 P           2212   1 105  32   0   0   -0.37    0.45 -321.1  321.1    0.94
  149 PI+          211   1 106  11   0   0    0.13    0.19   41.6   41.6    0.14
  150 RHO0         113 197 106  11 239 240   -0.22   -0.35  170.6  170.6    0.77
  151 XI0         3322 197 107  26 241 242   -1.51    0.33 -194.8  194.8    1.31
  152 XIBAR0     -3322 197 107  26 243 244   -3.15    0.94 -202.0  202.1    1.31
  153 N           2112   1 108  26   0   0   -3.31    0.23 -402.8  402.8    0.94
  154 DELTABR0   -2114 197 108  26 245 246  -15.96    1.00-1862.1 1862.2    1.23
  155 K-          -321   1 109  28   0   0   -3.03   16.72   13.6   21.7    0.49
  156 PI+          211   1 109  28   0   0   -6.69   33.69   26.0   43.1    0.14
  157 PI+          211   1 110  28   0   0   -0.55    2.89    2.3    3.7    0.14
  158 ETA          221 197 110  28 247 248   -0.30    0.95    1.2    1.6    0.55
  159 PI0          111   1 111  32   0   0    0.16    0.23 -289.0  289.0    0.13
  160 PI-         -211   1 111  32   0   0   -0.18   -0.22-1218.7 1218.7    0.14
  161 K0           311 197 112  11 249 249    0.27   -0.07   28.2   28.2    0.50
  162 ETA          221 197 112  11 250 251   -0.43   -0.11   38.9   38.9    0.55
  163 RHO+         213 197 113  26 252 253   -2.13    0.58 -176.9  176.9    0.77
  164 PI-         -211   1 113  26   0   0   -0.37    0.27  -10.9   10.9    0.14
  165 P           2212   1 114  28   0   0   -6.23   34.25   28.7   45.1    0.94
  166 PBAR       -2212   1 114  28   0   0   -5.55   32.37   25.8   41.8    0.94
  167 ETAP         331 197 115  11 254 255   -0.31    0.06   58.9   58.9    0.96
  168 ETAP         331 197 115  11 256 258    0.11   -0.31   87.9   87.9    0.96
  169 SIGMA+      3222 197 116  11 259 260    0.45   -0.21   46.9   46.9    1.19
  170 SIGMABR-   -3222 197 116  11 261 262   -0.89   -0.28   56.9   56.9    1.19
  171 K-          -321   1 117  11   0   0   -0.34   -0.21   41.8   41.8    0.49
  172 RHO+         213 197 117  11 263 264    0.15   -0.02   27.7   27.7    0.77
  173 K-          -321   1 118  11   0   0   -0.67   -0.66   12.8   12.9    0.49
  174 K+           321   1 118  11   0   0   -0.01   -0.06    6.9    6.9    0.49
  175 PI-         -211   1 119  11   0   0   -0.07   -0.07    2.4    2.4    0.14
  176 PI+          211   1 119  11   0   0   -4.53   -4.77   51.9   52.4    0.14
  177 B_1-      -10213 197 120  11 265 266   -0.87   -0.55   30.8   30.8    1.23
  178 RHO+         213 197 120  11 267 268    0.21   -0.15   19.1   19.1    0.77

                            ---H/W/Z BOSON DECAYS---  

 IHEP    ID      IDPDG IST MO1 MO2 DA1 DA2   P-X     P-Y     P-Z  ENERGY    MASS
  179 BQRK           5 123  25 180 181 180   25.67 -149.15 -322.4  356.2    4.95
  180 BBAR          -5 124  25 179 185 179   48.67  -53.39  -37.2   81.4    4.95

                              ---PARTON SHOWERS---    

 IHEP    ID      IDPDG IST MO1 MO2 DA1 DA2   P-X     P-Y     P-Z  ENERGY    MASS
  181 BQRK          94 143 179  25 183 184   25.58 -148.31 -320.5  354.1    6.90
  182 CONE           0 100 179 180   0   0    0.94   -1.30   -1.4    2.1    0.00
  183 BQRK           5   2 181 184 189 188   24.25 -134.13 -289.7  320.2    4.95
  184 GLUON         21   2 181 187 190 191    1.33  -14.19  -30.8   34.0    0.75
  185 BBAR          94 144 180  25 187 188   48.75  -54.23  -39.1   83.5   10.94
  186 CONE           0 100 180 179   0   0   -0.58    0.14   -0.8    1.0    0.00
  187 GLUON         21   2 185 188 192 193    2.06   -1.43    0.2    2.6    0.75
  188 BBAR          -5   2 185 189 194 193   46.69  -52.79  -39.3   80.9    4.95

                              ---GLUON SPLITTING---   

 IHEP    ID      IDPDG IST MO1 MO2 DA1 DA2   P-X     P-Y     P-Z  ENERGY    MASS
  189 BQRK           5 158 181 190 201 194   24.25 -134.13 -289.7  320.2    4.95
  190 UBAR          -2 158 181 191 201 189    0.70   -8.38  -17.8   19.7    0.32
  191 UQRK           2 158 181 195 202 190    0.58   -5.42  -12.2   13.3    0.32
  192 UBAR          -2 158 185 193 204 196    0.84   -0.52   -0.1    1.0    0.32
  193 UQRK           2 158 185 197 203 192    0.53   -0.49   -0.0    0.8    0.32
  194 BBAR          -5 158 185 189 206 200   37.24  -42.05  -31.2   64.4    4.95
  195 DBAR          -1 159 185 196 202 191    0.26   -0.25   -0.2    0.5    0.32
  196 DQRK           1 159 181 192 204 195    0.12   -0.33   -0.6    0.8    0.32
  197 DBAR          -1 159 185 198 203 193    1.44   -1.61   -1.2    2.5    0.32
  198 DQRK           1 159 185 199 205 197    0.53   -0.53   -0.2    0.8    0.32
  199 SBAR          -3 159 185 200 205 198    6.11   -6.91   -5.2   10.6    0.50
  200 SQRK           3 159 185 194 206 199    1.73   -1.92   -1.3    3.0    0.50

                             ---CLUSTER FORMATION---  

 IHEP    ID      IDPDG IST MO1 MO2 DA1 DA2   P-X     P-Y     P-Z  ENERGY    MASS
  201 CLUS          91 183 189 190 207 208   24.96 -142.54 -307.5  339.9    6.18
  202 CLUS          91 183 191 195 209 210    0.85   -5.67  -12.4   13.9    2.45
  203 CLUS          91 183 193 197 211 212    1.97   -2.10   -1.2    3.3    0.95
  204 CLUS          91 183 196 192 213 214    0.96   -0.85   -0.7    1.8    1.10
  205 CLUS          91 183 198 199 215 216    6.64   -7.44   -5.4   11.4    1.52
  206 CLUS          91 183 200 194 217 217   38.96  -43.94  -32.4   67.3    5.37

                              ---CLUSTER DECAYS---    

 IHEP    ID      IDPDG IST MO1 MO2 DA1 DA2   P-X     P-Y     P-Z  ENERGY    MASS
  207 B_DBAR0     -511 200 201 181 269 269   22.92 -129.14 -278.7  308.1    5.28
  208 RHO-        -213 197 201 181 270 271    2.04  -13.40  -28.8   31.8    0.77
  209 K*_2+        325 197 202 181 272 273    0.73   -4.33   -9.3   10.4    1.43
  210 K*BAR0      -313 197 202 181 274 275    0.12   -1.33   -3.1    3.5    0.90
  211 PI0          111   1 203 185   0   0    0.73   -1.44   -0.6    1.7    0.13
  212 PI+          211   1 203 185   0   0    1.23   -0.66   -0.6    1.5    0.14
  213 ETA          221 197 204 181 276 278    0.81   -0.50   -0.9    1.4    0.55
  214 PI-         -211   1 204 181   0   0    0.15   -0.35    0.2    0.4    0.14
  215 PI0          111   1 205 185   0   0    1.19   -1.44   -0.4    1.9    0.13
  216 K0           311 197 205 185 279 279    5.44   -6.00   -4.9    9.5    0.50
  217 B_S0         531 200 206 185 280 280   38.96  -43.94  -32.4   67.3    5.37

                           ---STRONG HADRON DECAYS--- 

 IHEP    ID      IDPDG IST MO1 MO2 DA1 DA2   P-X     P-Y     P-Z  ENERGY    MASS
  218 PI+          211   1 121  11   0   0   -0.15    0.57    2.0    2.1    0.14
  219 PI-         -211   1 121  11   0   0    0.12   -0.18    1.0    1.1    0.14
  220 K0           311 198 123  11 284 284    0.88    0.46    4.0    4.2    0.50
  221 PI+          211   1 123  11   0   0    1.30    1.05    7.3    7.5    0.14
  222 KBAR0       -311 198 124  11 285 285    1.19    0.88    6.9    7.1    0.50
  223 PI-         -211   1 124  11   0   0   -0.02    0.18    0.6    0.7    0.14
  224 NBAR       -2112   1 132  11   0   0   -0.19   -0.30  143.4  143.4    0.94
  225 PI-         -211   1 132  11   0   0    0.05    0.19   37.9   37.9    0.14
  226 PI+          211   1 135  11   0   0   -0.08   -0.71  688.3  688.3    0.14
  227 PI0          111   1 135  11   0   0   -0.22    0.12  322.4  322.4    0.13
  228 K0           311 198 141  28 286 286   -0.79    8.04    6.1   10.1    0.50
  229 K-          -321   1 141  28   0   0   -0.94    7.25    6.5    9.8    0.49
  230 PI+          211   1 142  28   0   0   -0.36    2.73    2.5    3.8    0.14
  231 PI-         -211   1 142  28   0   0   -3.55   16.70   14.5   22.4    0.14
  232 PI+          211   1 144  32   0   0   -1.51    0.45  -61.3   61.4    0.14
  233 PI0          111   1 144  32   0   0   -1.12    0.78  -76.9   76.9    0.13
  234 P           2212   1 146  11   0   0   -0.11   -0.24 2688.0 2688.0    0.94
  235 PI0          111   1 146  11   0   0   -0.18    0.19  894.8  894.8    0.13
  236 PI+          211   1 147  32   0   0    0.07   -0.22  -46.8   46.8    0.14
  237 PI-         -211   1 147  32   0   0   -0.08   -0.04  -11.8   11.8    0.14
  238 PI0          111   1 147  32   0   0    0.03   -0.02  -14.1   14.1    0.13
  239 PI+          211   1 150  11   0   0   -0.28    0.16   66.1   66.1    0.14
  240 PI-         -211   1 150  11   0   0    0.05   -0.51  104.5  104.5    0.14
  241 LAMBDA      3122 198 151  26 287 288   -1.34    0.17 -163.4  163.4    1.12
  242 PI0          111   1 151  26   0   0   -0.17    0.16  -31.3   31.3    0.13
  243 LAMBDABR   -3122 198 152  26 289 290   -2.56    0.73 -158.1  158.1    1.12
  244 PI0          111   1 152  26   0   0   -0.59    0.21  -44.0   44.0    0.13
  245 PBAR       -2212   1 154  26   0   0  -10.36    0.78-1202.4 1202.4    0.94
  246 PI+          211   1 154  26   0   0   -5.60    0.21 -659.7  659.8    0.14
  247 GAMMA         22   1 158  28   0   0   -0.09   -0.03    0.3    0.3    0.00
  248 GAMMA         22   1 158  28   0   0   -0.21    0.98    0.9    1.4    0.00
  249 K_L0         130   1 161  11   0   0    0.27   -0.07   28.2   28.2    0.50
  250 GAMMA         22   1 162  11   0   0   -0.10   -0.04    1.2    1.3    0.00
  251 GAMMA         22   1 162  11   0   0   -0.32   -0.07   37.6   37.6    0.00
  252 PI+          211   1 163  26   0   0   -2.08    0.47 -168.2  168.2    0.14
  253 PI0          111   1 163  26   0   0   -0.06    0.11   -8.7    8.7    0.13
  254 OMEGA        223 198 167  11 291 293   -0.13    0.08   41.1   41.1    0.78
  255 GAMMA         22   1 167  11   0   0   -0.18   -0.02   17.7   17.7    0.00
  256 PI+          211   1 168  11   0   0   -0.07   -0.05   21.6   21.6    0.14
  257 PI-         -211   1 168  11   0   0    0.16   -0.01   12.2   12.2    0.14
  258 ETA          221 198 168  11 294 296    0.02   -0.26   54.0   54.0    0.55
  259 N           2112   1 169  11   0   0    0.55   -0.12   39.8   39.8    0.94
  260 PI+          211   1 169  11   0   0   -0.10   -0.09    7.1    7.1    0.14
  261 PBAR       -2212   1 170  11   0   0   -0.83   -0.37   45.4   45.5    0.94
  262 PI0          111   1 170  11   0   0   -0.06    0.09   11.5   11.5    0.13
  263 PI+          211   1 172  11   0   0    0.44    0.01   18.5   18.5    0.14
  264 PI0          111   1 172  11   0   0   -0.29   -0.03    9.2    9.2    0.13
  265 OMEGA        223 198 177  11 297 298   -0.89   -0.22   26.2   26.2    0.78
  266 PI-         -211   1 177  11   0   0    0.02   -0.33    4.6    4.6    0.14
  267 PI+          211   1 178  11   0   0   -0.20   -0.04    2.7    2.8    0.14
  268 PI0          111   1 178  11   0   0    0.41   -0.12   16.3   16.3    0.13
  269 B_D0         511 199 207 181 310 311   22.92 -129.14 -278.7  308.1    5.28
  270 PI-         -211   1 208 181   0   0    0.94   -8.50  -18.1   20.0    0.14
  271 PI0          111   1 208 181   0   0    1.10   -4.90  -10.7   11.8    0.13
  272 K0           311 198 209 181 299 299    1.00   -2.71   -5.3    6.0    0.50
  273 PI+          211   1 209 181   0   0   -0.26   -1.63   -4.0    4.3    0.14
  274 K-          -321   1 210 181   0   0    0.26   -1.19   -2.9    3.2    0.49
  275 PI+          211   1 210 181   0   0   -0.15   -0.15   -0.2    0.3    0.14
  276 PI+          211   1 213 181   0   0    0.24   -0.17   -0.3    0.4    0.14
  277 PI-         -211   1 213 181   0   0    0.37   -0.22   -0.2    0.5    0.14
  278 PI0          111   1 213 181   0   0    0.20   -0.12   -0.4    0.5    0.13
  279 K_L0         130   1 216 185   0   0    5.44   -6.00   -4.9    9.5    0.50
  280 B_SBAR0     -531 196 217 185 281 283   38.96  -43.94  -32.4   67.3    5.37
  281 MU-           13   1 280 185   0   0   15.44  -16.50  -12.0   25.6    0.11
  282 NU_MUBAR     -14   1 280 185   0   0   14.53  -18.33  -12.7   26.6    0.00
  283 D*_S+        433 198 280 185 300 301    8.99   -9.12   -7.6   15.1    2.11
  284 K_L0         130   1 220  11   0   0    0.88    0.46    4.0    4.2    0.50
  285 K_L0         130   1 222  11   0   0    1.19    0.88    6.9    7.1    0.50
  286 K_L0         130   1 228  28   0   0   -0.79    8.04    6.1   10.1    0.50
  287 N           2112   1 241  26   0   0   -1.26    0.08 -147.0  147.1    0.94
  288 PI0          111   1 241  26   0   0   -0.08    0.09  -16.4   16.4    0.13
  289 NBAR       -2112   1 243  26   0   0   -2.30    0.61 -135.7  135.7    0.94
  290 PI0          111   1 243  26   0   0   -0.26    0.12  -22.4   22.4    0.13
  291 PI+          211   1 254  11   0   0   -0.14   -0.19   12.7   12.7    0.14
  292 PI-         -211   1 254  11   0   0   -0.06    0.32   16.4   16.5    0.14
  293 PI0          111   1 254  11   0   0    0.06   -0.05   12.0   12.0    0.13
  294 PI+          211   1 258  11   0   0   -0.11   -0.15   20.6   20.6    0.14
  295 PI-         -211   1 258  11   0   0    0.01   -0.05    8.0    8.0    0.14
  296 PI0          111   1 258  11   0   0    0.12   -0.05   25.4   25.4    0.13
  297 PI0          111   1 265  11   0   0    0.03   -0.24    6.9    6.9    0.13
  298 GAMMA         22   1 265  11   0   0   -0.92    0.02   19.3   19.3    0.00
  299 K_S0         310 198 272 181 302 303    1.00   -2.71   -5.3    6.0    0.50
  300 D_S+         431 198 283 185 304 305    8.10   -8.12   -7.0   13.6    1.97
  301 GAMMA         22   1 283 185   0   0    0.89   -1.00   -0.7    1.5    0.00
  302 PI+          211   1 299 181   0   0    0.54   -1.01   -1.8    2.2    0.14
  303 PI-         -211   1 299 181   0   0    0.46   -1.69   -3.4    3.9    0.14
  304 K*+          323 198 300 185 306 307    5.63   -5.49   -4.9    9.3    0.89
  305 K*BAR0      -313 198 300 185 308 309    2.47   -2.63   -2.0    4.2    0.90
  306 K+           321   1 304 185   0   0    1.83   -1.73   -1.6    3.0    0.49
  307 PI0          111   1 304 185   0   0    3.80   -3.76   -3.3    6.3    0.13
  308 K-          -321   1 305 185   0   0    1.73   -1.53   -1.1    2.6    0.49
  309 PI+          211   1 305 185   0   0    0.74   -1.10   -1.0    1.6    0.14

                           ---HEAVY PARTICLE DECAYS---

 IHEP    ID      IDPDG IST MO1 MO2 DA1 DA2   P-X     P-Y     P-Z  ENERGY    MASS
  310 DQRK           1 125 269 314 315 314    1.39   -7.83  -16.9   18.7    0.32
  311 BBAR          -5 155 269 310 312 314   21.53 -121.31 -261.8  289.4    4.96
  312 SBAR          -3 123 311 313 316 313    3.26  -16.24  -37.4   40.9    0.50
  313 CQRK           4 124 311 312 318 312    5.89  -33.88  -73.7   81.3    1.55
  314 CBAR          -4 124 311 311 320 311   12.38  -71.19 -150.8  167.2    1.55
  315 DQRK           1 160 310 324 325 324    1.39   -7.83  -16.9   18.7    0.32

                              ---PARTON SHOWERS---    

 IHEP    ID      IDPDG IST MO1 MO2 DA1 DA2   P-X     P-Y     P-Z  ENERGY    MASS
  316 SBAR          94 143 312 311 317 317    3.26  -16.24  -37.4   40.9    0.50
  317 SBAR          -3   2 316 319 322 319    3.26  -16.24  -37.4   40.9    0.50
  318 CQRK          94 144 313 311 319 319    5.89  -33.88  -73.7   81.3    1.55
  319 CQRK           4   2 318 322 323 322    5.89  -33.88  -73.7   81.3    1.55
  320 CBAR          94 144 314 311 321 321   12.38  -71.19 -150.8  167.2    1.55
  321 CBAR          -4   2 320 315 324 315   12.38  -71.19 -150.8  167.2    1.55

                              ---GLUON SPLITTING---   

 IHEP    ID      IDPDG IST MO1 MO2 DA1 DA2   P-X     P-Y     P-Z  ENERGY    MASS
  322 SBAR          -3 158 316 323 326 323    3.26  -16.24  -37.4   40.9    0.50
  323 CQRK           4 158 318 322 326 322    5.89  -33.88  -73.7   81.3    1.55
  324 CBAR          -4 158 320 315 325 315   12.38  -71.19 -150.8  167.2    1.55

                             ---CLUSTER FORMATION---  

 IHEP    ID      IDPDG IST MO1 MO2 DA1 DA2   P-X     P-Y     P-Z  ENERGY    MASS
  325 CLUS          91 183 315 324 327 327   13.77  -79.08 -167.7  185.9    1.87
  326 CLUS          91 183 323 322 328 329    9.15  -50.05 -111.1  122.2    2.45

                              ---CLUSTER DECAYS---    

 IHEP    ID      IDPDG IST MO1 MO2 DA1 DA2   P-X     P-Y     P-Z  ENERGY    MASS
  327 D-          -411 196 325 310 330 332   13.77  -79.08 -167.7  185.9    1.87
  328 D+           411 197 326 318 333 335    6.89  -38.36  -84.5   93.1    1.87
  329 K0           311 197 326 318 336 336    2.26  -11.70  -26.6   29.1    0.50

                           ---STRONG HADRON DECAYS--- 

 IHEP    ID      IDPDG IST MO1 MO2 DA1 DA2   P-X     P-Y     P-Z  ENERGY    MASS
  330 NU_EBAR      -12   1 327 310   0   0    3.24  -17.13  -37.6   41.4    0.00
  331 E-            11   1 327 310   0   0    1.24   -9.24  -19.0   21.2    0.00
  332 K0           311 198 327 310 337 337    9.29  -52.71 -111.0  123.3    0.50
  333 PI+          211   1 328 318   0   0    1.74   -7.51  -17.4   19.0    0.14
  334 PHI          333 198 328 318 338 339    4.46  -27.57  -59.9   66.1    1.02
  335 PI0          111   1 328 318   0   0    0.69   -3.28   -7.2    7.9    0.13
  336 K_S0         310 198 329 318 340 341    2.26  -11.70  -26.6   29.1    0.50
  337 K_L0         130   1 332 310   0   0    9.29  -52.71 -111.0  123.3    0.50
  338 K+           321   1 334 318   0   0    2.38  -13.94  -30.4   33.6    0.49
  339 K-          -321   1 334 318   0   0    2.08  -13.63  -29.5   32.6    0.49
  340 PI+          211   1 336 318   0   0    0.58   -2.26   -5.1    5.6    0.14
  341 PI-         -211   1 336 318   0   0    1.69   -9.44  -21.4   23.5    0.14

 HWWARN CALLED FROM SUBPROGRAM HWCFOR: CODE = 101
 EVENT     393:   SEEDS =  814094968 &  795765190  WEIGHT = 0.5952E-03
 EVENT KILLED.   EXECUTION CONTINUES

 HWWARN CALLED FROM SUBPROGRAM HWBTIM: CODE = 101
 EVENT    6041:   SEEDS =  655708216 & 2033618578  WEIGHT = 0.5952E-03
 EVENT KILLED.   EXECUTION CONTINUES

 HWWARN CALLED FROM SUBPROGRAM HWDFOR: CODE = 101
 EVENT    7733:   SEEDS =  897298461 &  684085058  WEIGHT = 0.5952E-03
 EVENT KILLED.   EXECUTION CONTINUES

 HWWARN CALLED FROM SUBPROGRAM HWDFIV: CODE = 101
 EVENT    9323:   SEEDS =  802435874 & 1505000908  WEIGHT =-0.5952E-03
 EVENT KILLED.   EXECUTION CONTINUES

 HWWARN CALLED FROM SUBPROGRAM HWDFIV: CODE = 101
 EVENT    9676:   SEEDS =  225947649 & 1098168034  WEIGHT = 0.5952E-03
 EVENT KILLED.   EXECUTION CONTINUES

          OUTPUT ON LES HOUCHES EVENTS


      PROC CODE  XSECT(pb)        XERR(pb)      Max wgt(nb) No. of events


          OUTPUT ON ELEMENTARY PROCESS

          N.B. NEGATIVE WEIGHTS ALLOWED

          NUMBER OF EVENTS   =        9995
          NEGATIVE  EVENTS   =        2670
          NUMBER OF WEIGHTS  =       10000
          NEGATIVE  WEIGHTS  =        2671
          MEAN VALUE OF WGT  =  2.7725E-04
          RMS SPREAD IN WGT  =  5.2669E-04
          MEAN ABS WEIGHT    =  5.9520E-04
          ACTUAL MAX ABS WGT =  1.0000E+00
          ASSUMED MAXABS WGT =  2.7725E-04

          PROCESS CODE IPROC =      -18000
          CROSS SECTION (PB) =  0.2772    
          ERROR IN C-S  (PB) =  5.2669E-03
          EFFICIENCY PERCENT =   100.0    
 # of events processed=        9995
