 A PDF is used, so alpha_s(MZ) is going to be modified
 Old value of alpha_s from param_card:   0.11799999999999999     
  ****************************************
 
       NNPDFDriver version 1.0.3
   Grid: NNPDF23_lo_as_0130_qed_mem0.grid
  ****************************************
 New value of alpha_s from PDF nn23lo1:  0.13000000000000000     
 *****************************************************
 *               MadGraph/MadEvent                   *
 *        --------------------------------           *
 *          http://madgraph.hep.uiuc.edu             *
 *          http://madgraph.phys.ucl.ac.be           *
 *          http://madgraph.roma2.infn.it            *
 *        --------------------------------           *
 *                                                   *
 *          PARAMETER AND COUPLING VALUES            *
 *                                                   *
 *****************************************************

  External Params
  ---------------------------------
  
 MU_R =    91.188000000000002     
 aEWM1 =    132.50700000000001     
 mdl_Gf =    1.1663900000000000E-005
 aS =   0.11799999999999999     
 mdl_ymb =    4.7000000000000002     
 mdl_ymt =    173.00000000000000     
 mdl_ymtau =    1.7769999999999999     
 mdl_MT =    173.00000000000000     
 mdl_MB =    4.7000000000000002     
 mdl_MZ =    91.188000000000002     
 mdl_MH =    125.00000000000000     
 mdl_MTA =    1.7769999999999999     
 mdl_WT =    1.4915000000000000     
 mdl_WZ =    2.4414039999999999     
 mdl_WW =    2.0476000000000001     
 mdl_WH =    6.3823389999999999E-003
  Internal Params
  ---------------------------------
  
 mdl_conjg__CKM3x3 =    1.0000000000000000     
 mdl_CKM22 =    1.0000000000000000     
 mdl_lhv =    1.0000000000000000     
 mdl_CKM3x3 =    1.0000000000000000     
 mdl_conjg__CKM22 =    1.0000000000000000     
 mdl_conjg__CKM33 =    1.0000000000000000     
 mdl_Ncol =    3.0000000000000000     
 mdl_CA =    3.0000000000000000     
 mdl_TF =   0.50000000000000000     
 mdl_CF =    1.3333333333333333     
 mdl_complexi =                (0.0000000000000000,1.0000000000000000)
 mdl_MZ__exp__2 =    8315.2513440000002     
 mdl_MZ__exp__4 =    69143404.913893804     
 mdl_sqrt__2 =    1.4142135623730951     
 mdl_MH__exp__2 =    15625.000000000000     
 mdl_Ncol__exp__2 =    9.0000000000000000     
 mdl_MB__exp__2 =    22.090000000000003     
 mdl_MT__exp__2 =    29929.000000000000     
 mdl_aEW =    7.5467711139788835E-003
 mdl_MW =    80.419002445756163     
 mdl_sqrt__aEW =    8.6872153846781555E-002
 mdl_ee =   0.30795376724436879     
 mdl_MW__exp__2 =    6467.2159543705357     
 mdl_sw2 =   0.22224648578577766     
 mdl_cw =   0.88190334743339216     
 mdl_sqrt__sw2 =   0.47143025548407230     
 mdl_sw =   0.47143025548407230     
 mdl_g1 =   0.34919219678733299     
 mdl_gw =   0.65323293034757990     
 mdl_v =    246.21845810181637     
 mdl_v__exp__2 =    60623.529110035903     
 mdl_lam =   0.12886910601690263     
 mdl_yb =    2.6995554250465490E-002
 mdl_yt =   0.99366614581500623     
 mdl_ytau =    1.0206617000654717E-002
 mdl_muH =    88.388347648318430     
 mdl_AxialZUp =  -0.18517701861793787     
 mdl_AxialZDown =   0.18517701861793787     
 mdl_VectorZUp =    7.5430507588273299E-002
 mdl_VectorZDown =  -0.13030376310310560     
 mdl_VectorAUp =   0.20530251149624587     
 mdl_VectorADown =  -0.10265125574812294     
 mdl_VectorWmDxU =   0.23095271737156670     
 mdl_AxialWmDxU =  -0.23095271737156670     
 mdl_VectorWpUxD =   0.23095271737156670     
 mdl_AxialWpUxD =  -0.23095271737156670     
 mdl_I1x33 =          (2.69955542504654901E-002,0.0000000000000000)
 mdl_I2x33 =               (0.99366614581500623,0.0000000000000000)
 mdl_I3x33 =               (0.99366614581500623,0.0000000000000000)
 mdl_I4x33 =          (2.69955542504654901E-002,0.0000000000000000)
 mdl_Vector_tbGp =              (-0.96667059156454072,0.0000000000000000)
 mdl_Axial_tbGp =              (-1.0206617000654716,-0.0000000000000000)
 mdl_Vector_tbGm =               (0.96667059156454072,0.0000000000000000)
 mdl_Axial_tbGm =              (-1.0206617000654716,-0.0000000000000000)
 mdl_gw__exp__2 =   0.42671326129048615     
 mdl_cw__exp__2 =   0.77775351421422245     
 mdl_ee__exp__2 =    9.4835522759998875E-002
 mdl_sw__exp__2 =   0.22224648578577769     
 mdl_yb__exp__2 =    7.2875994928982540E-004
 mdl_yt__exp__2 =   0.98737240933884918     
  Internal Params evaluated point by point
  ----------------------------------------
  
 mdl_sqrt__aS =   0.34351128074635334     
 mdl_G__exp__4 =    2.1987899468922913     
 mdl_G__exp__2 =    1.4828317324943823     
 mdl_R2MixedFactor_FIN_ =   -2.5040377713124864E-002
 mdl_G_UVg_1EPS_ =   -5.1645779033320030E-002
 mdl_G_UVq_1EPS_ =    3.1300472141406080E-003
 mdl_GWcft_UV_b_1EPS_ =   -3.1300472141406080E-003
 mdl_GWcft_UV_t_1EPS_ =   -3.1300472141406080E-003
 mdl_bWcft_UV_1EPS_ =   -1.8780283284843650E-002
 mdl_tWcft_UV_1EPS_ =   -1.8780283284843650E-002
 mdl_G__exp__3 =    1.8056676068262196     
 mdl_MU_R__exp__2 =    8315.2513440000002     
 mdl_G_UVb_FIN_ =    1.8563438626678915E-002
 mdl_G_UVt_FIN_ =   -4.0087659331150384E-003
 mdl_GWcft_UV_b_FIN_ =   -1.8563438626678915E-002
 mdl_GWcft_UV_t_FIN_ =    4.0087659331150384E-003
 mdl_bWcft_UV_FIN_ =  -0.13642100947319838     
 mdl_tWcft_UV_FIN_ =   -9.8778211443463623E-004
  Couplings of loop_sm
  ---------------------------------
  
      UV_GQQb =   0.00000E+00   0.22605E-01
      UV_GQQt =   0.00000E+00  -0.48815E-02
   UVWfct_G_2 =   0.40088E-02   0.00000E+00
   UVWfct_G_1 =  -0.18563E-01   0.00000E+00
    R2_UUZ_V2 =  -0.00000E+00  -0.72127E-02
    R2_UUZ_V5 =   0.00000E+00   0.68702E-03
      R2_sxcW =  -0.00000E+00  -0.11566E-01
      R2_GGHb =   0.00000E+00  -0.33698E-02
      R2_GGHt =   0.00000E+00  -0.45657E+01
     R2_GGZup =  -0.46369E-02   0.00000E+00
         GC_4 =  -0.12177E+01   0.00000E+00
         GC_5 =   0.00000E+00   0.12177E+01
       R2_GQQ =  -0.00000E+00  -0.30492E-01
       R2_QQq =   0.00000E+00   0.12520E-01
 UV_GQQg_1eps =   0.00000E+00  -0.62890E-01
 UV_GQQq_1eps =   0.00000E+00   0.38115E-02
 UVWfct_G_2_1eps -0.31300E-02   0.00000E+00
        GC_22 =   0.00000E+00   0.28804E+00
        GC_23 =  -0.00000E+00  -0.27437E-01
        GC_31 =   0.00000E+00   0.52532E+02
        GC_32 =   0.00000E+00   0.67544E+02
        GC_33 =  -0.00000E+00  -0.19089E-01
        GC_37 =  -0.00000E+00  -0.70263E+00
        GC_47 =   0.00000E+00   0.46191E+00

 Collider parameters:
 --------------------

 Running at P P   machine @    13000.000000000000       GeV
 PDF set = nn23lo1
 alpha_s(Mz)= 0.1300 running at 2 loops.
 alpha_s(Mz)= 0.1300 running at 2 loops.
 Renormalization scale set on event-by-event basis
 Factorization   scale set on event-by-event basis


 ===============================================================
 INFO: MadFKS read these parameters from FKS_params.dat
 ===============================================================
  > IRPoleCheckThreshold      =    1.0000000000000001E-005
  > PrecisionVirtualAtRunTime =    1.0000000000000000E-003
  > NHelForMCoverHels         =            4
  > VirtualFraction           =    1.0000000000000000     
  > MinVirtualFraction        =    5.0000000000000001E-003
 ===============================================================
  Insert the number of points to test
 Insert the relative tolerance
  A negative number will mean use the default one:    1.0000000000000001E-005
Using random seed offsets:     1 ,     19 ,      0
  with seed                26142
 Ranmar initialization seeds       13122        6512
  ========================================================================================== 
 {                                                                                          }
 {       [32m                                                                            [0m       }
 {       [32m                               ,,                                           [0m       }
 {       [32m`7MMM.     ,MMF'             `7MM  `7MMF'                                   [0m       }
 {       [32m  MMMb    dPMM                 MM    MM                                     [0m       }
 {       [32m  M YM   ,M MM   ,6"Yb.   ,M""bMM    MM         ,pW"Wq.   ,pW"Wq.`7MMpdMAo. [0m       }
 {       [32m  M  Mb  M' MM  8)   MM ,AP    MM    MM        6W'   `Wb 6W'   `Wb MM   `Wb [0m       }
 {       [32m  M  YM.P'  MM   ,pm9MM 8MI    MM    MM      , 8M     M8 8M     M8 MM    M8 [0m       }
 {       [32m  M  `YM'   MM  8M   MM `Mb    MM    MM     ,M YA.   ,A9 YA.   ,A9 MM   ,AP [0m       }
 {       [32m.JML. `'  .JMML.`Moo9^Yo.`Wbmd"MML..JMMmmmmMMM  `Ybmd9'   `Ybmd9'  MMbmmd'  [0m       }
 {       [32m                                                                   MM       [0m       }
 {       [32m                                                                 .JMML.     [0m       }
 {       [32m[0mv2.6.7 (2019-10-16), Ref: arXiv:1103.0621v2, arXiv:1405.0301[32m                [0m       }
 {       [32m                                                                            [0m       }
 {                                                                                          }
  ========================================================================================== 
 ===============================================================
 INFO: MadLoop read these parameters from ./MadLoop5_resources/MadLoopParams.dat                                                                                                                                                                                                                                                                                                                                                                                                                                                                                          
 ===============================================================
  > MLReductionLib            = 6|7|1
  > CTModeRun                 =           -1
  > MLStabThres               =    1.0000000000000000E-003
  > NRotations_DP             =            0
  > NRotations_QP             =            0
  > CTStabThres               =    1.0000000000000000E-002
  > CTLoopLibrary             =            2
  > CTModeInit                =            1
  > CheckCycle                =            3
  > MaxAttempts               =           10
  > UseLoopFilter             =  F
  > HelicityFilterLevel       =            2
  > ImprovePSPoint            =            2
  > DoubleCheckHelicityFilter =  T
  > LoopInitStartOver         =  F
  > HelInitStartOver          =  F
  > ZeroThres                 =    1.0000000000000001E-009
  > OSThres                   =    1.0000000000000000E-008
  > WriteOutFilters           =  T
  > UseQPIntegrandForNinja    =  T
  > UseQPIntegrandForCutTools =  T
  > IREGIMODE                 =            2
  > IREGIRECY                 =  T
  > COLLIERMode               =            1
  > COLLIERRequiredAccuracy   =    1.0000000000000000E-008
  > COLLIERCanOutput          =  F
  > COLLIERComputeUVpoles     =  T
  > COLLIERComputeIRpoles     =  T
  > COLLIERGlobalCache        =           -1
  > COLLIERUseCacheForPoles   =  F
  > COLLIERUseInternalStabilityTest =  T
 ===============================================================
  
------------------------------------------------------------------------
|              You are using CutTools - Version 1.9.3                  |
|              Authors: G. Ossola, C. Papadopoulos, R. Pittau          |
|              Published in JHEP 0803:042,2008                         |
|              http://www.ugr.es/~pittau/CutTools                      |
|                                                                      |
|              Compiler with  34  significant digits detetected        |
 ---------------------------------------------------------------------- 
   
########################################################################
#                                                                      #
#                      You are using OneLOop-3.6                       #
#                                                                      #
# for the evaluation of 1-loop scalar 1-, 2-, 3- and 4-point functions #

  +----------------------------------------------------------------+
  |                                                                |
  |  Ninja - version 1.2.0                                         |
  |                                                                |
  |  Author: Tiziano Peraro                                        |
  |                                                                |
  |  Based on:                                                     |
  |                                                                |
  |      P. Mastrolia, E. Mirabella and T. Peraro,                 |
  |      "Integrand reduction of one-loop scattering amplitudes    |
  |      through Laurent series expansion,"                        |
  |      JHEP 1206 (2012) 095  [arXiv:1203.0291 [hep-ph]].         |
  |                                                                |
  |      T. Peraro,                                                |
  |      "Ninja: Automated Integrand Reduction via Laurent         |
  |      Expansion for One-Loop Amplitudes,"                       |
  |      Comput.Phys.Commun. 185 (2014) [arXiv:1403.1229 [hep-ph]] |
  |                                                                |
  +----------------------------------------------------------------+


#                                                                      #
# author: Andreas van Hameren <hamerenREMOVETHIS@ifj.edu.pl>           #
#   date: 18-02-2015                                                   #
#                                                                      #
# Please cite                                                          #
#    A. van Hameren,                                                   #
#      Comput.Phys.Commun. 182 (2011) 2427-2438, arXiv:1007.4716       #
#    A. van Hameren, C.G. Papadopoulos and R. Pittau,                  #
#      JHEP 0909:106,2009, arXiv:0903.4665                             #
# in publications with results obtained with the help of this program. #
#                                                                      #
########################################################################
########################################################################
#                                                                      #
#                      You are using OneLOop-3.6                       #
#                                                                      #
# for the evaluation of 1-loop scalar 1-, 2-, 3- and 4-point functions #
#                                                                      #
# author: Andreas van Hameren <hamerenREMOVETHIS@ifj.edu.pl>           #
#   date: 18-02-2015                                                   #
#                                                                      #
# Please cite                                                          #
#    A. van Hameren,                                                   #
#      Comput.Phys.Commun. 182 (2011) 2427-2438, arXiv:1007.4716       #
#    A. van Hameren, C.G. Papadopoulos and R. Pittau,                  #
#      JHEP 0909:106,2009, arXiv:0903.4665                             #
# in publications with results obtained with the help of this program. #
#                                                                      #
########################################################################
 PASSED   1.0000000000000001E-005
 MU_R    =    325.00000000000000     
 ALPHA_S =   0.11799999999999999     
 BORN                    2.3940617240483626E-007
 SINGLE POLE (MadFKS)   -3.1376363991538590E-008
 DOUBLE POLE (MadFKS)   -2.5477989181450010E-008
 SINGLE POLE (MadLoop)  -3.1376363991537922E-008
 DOUBLE POLE (MadLoop)  -2.5477989181449934E-008
 FINITE PART (MadLoop)   7.5988950522843961E-008
   325.00000000000000        0.0000000000000000        0.0000000000000000        325.00000000000000        0.0000000000000000     
   325.00000000000000        0.0000000000000000        0.0000000000000000       -325.00000000000000        0.0000000000000000     
   240.81652402979518        25.207936636187650       -111.90880886040458       -170.90516866316352        125.00000000000000     
   174.09478269271224       -90.286602725168848       -91.896912166275456        73.464473859642311        91.188000000000002     
   235.08869327749261        65.078666088981180        203.80572102668006        97.440694803520969        0.0000000000000000     

 PASSED   1.0000000000000001E-005
 MU_R    =    325.00000000000000     
 ALPHA_S =   0.11799999999999999     
 BORN                    2.0433327029304236E-006
 SINGLE POLE (MadFKS)   -5.5702827294389443E-007
 DOUBLE POLE (MadFKS)   -2.1745474636857221E-007
 SINGLE POLE (MadLoop)  -5.5702827294389856E-007
 DOUBLE POLE (MadLoop)  -2.1745474636857023E-007
 FINITE PART (MadLoop)  -2.6610041825340964E-008
   325.00000000000000        0.0000000000000000        0.0000000000000000        325.00000000000000        0.0000000000000000     
   325.00000000000000        0.0000000000000000        0.0000000000000000       -325.00000000000000        0.0000000000000000     
   280.08630234855849       -201.54584863072122       -121.00748890210691        86.947083289878123        125.00000000000000     
   305.15436020376626        261.53018201624201        110.38133332044997       -64.975821320865364        91.188000000000002     
   64.759337447675179       -59.984333385520763        10.626155581656930       -21.971261969012758        0.0000000000000000     

 PASSED   1.0000000000000001E-005
 MU_R    =    325.00000000000000     
 ALPHA_S =   0.11799999999999999     
 BORN                    4.0318662253717636E-007
 SINGLE POLE (MadFKS)   -5.9392767587587506E-008
 DOUBLE POLE (MadFKS)   -4.2907767598142498E-008
 SINGLE POLE (MadLoop)  -5.9392767587587731E-008
 DOUBLE POLE (MadLoop)  -4.2907767598142498E-008
 FINITE PART (MadLoop)   6.3583200263769956E-008
   325.00000000000000        0.0000000000000000        0.0000000000000000        325.00000000000000        0.0000000000000000     
   325.00000000000000        0.0000000000000000        0.0000000000000000       -325.00000000000000        0.0000000000000000     
   209.87505691413372        4.7000340012204092       -167.39331856686516       -19.491692955467681        125.00000000000000     
   201.65795901805808       -58.802694303057798       -9.7420358189206944        169.69978483231142        91.188000000000002     
   238.46698406780820        54.102660301837417        177.13535438578583       -150.20809187684370        0.0000000000000000     

 PASSED   1.0000000000000001E-005
 MU_R    =    325.00000000000000     
 ALPHA_S =   0.11799999999999999     
 BORN                    3.2030492453152482E-007
 SINGLE POLE (MadFKS)   -4.1451454287059271E-008
 DOUBLE POLE (MadFKS)   -3.4087364247984178E-008
 SINGLE POLE (MadLoop)  -4.1451454287049557E-008
 DOUBLE POLE (MadLoop)  -3.4087364247984165E-008
 FINITE PART (MadLoop)   9.8807195685553460E-008
   325.00000000000000        0.0000000000000000        0.0000000000000000        325.00000000000000        0.0000000000000000     
   325.00000000000000        0.0000000000000000        0.0000000000000000       -325.00000000000000        0.0000000000000000     
   126.36979354192349       -9.0676068784612891        12.057842431210309        10.803317140126643        125.00000000000000     
   266.90683458585266       -164.81039112412029        117.92655982624289       -147.83392191815037        91.188000000000002     
   256.72337187222382        173.87799800258156       -129.98440225745327        137.03060477802376        0.0000000000000000     

 PASSED   1.0000000000000001E-005
 MU_R    =    325.00000000000000     
 ALPHA_S =   0.11799999999999999     
 BORN                    9.1979106319866528E-007
 SINGLE POLE (MadFKS)   -1.9096276668271706E-007
 DOUBLE POLE (MadFKS)   -9.7885641468517946E-008
 SINGLE POLE (MadLoop)  -1.9096276668271688E-007
 DOUBLE POLE (MadLoop)  -9.7885641468517390E-008
 FINITE PART (MadLoop)   2.2198400463754709E-007
   325.00000000000000        0.0000000000000000        0.0000000000000000        325.00000000000000        0.0000000000000000     
   325.00000000000000        0.0000000000000000        0.0000000000000000       -325.00000000000000        0.0000000000000000     
   201.72475201924132       -138.67368478165028        53.373748802552321        54.669257037808251        125.00000000000000     
   267.75947395467745        235.22216622744844       -3.9742341707729816        89.636055951319847        91.188000000000002     
   180.51577402608126       -96.548481445798132       -49.399514631779326       -144.30531298912811        0.0000000000000000     

 PASSED   1.0000000000000001E-005
 MU_R    =    325.00000000000000     
 ALPHA_S =   0.11799999999999999     
 BORN                    2.0443116103127467E-007
 SINGLE POLE (MadFKS)   -2.8170964389209416E-008
 DOUBLE POLE (MadFKS)   -2.1755892326362025E-008
 SINGLE POLE (MadLoop)  -2.8170964389209028E-008
 DOUBLE POLE (MadLoop)  -2.1755892326361925E-008
 FINITE PART (MadLoop)   7.3319055864808394E-008
   325.00000000000000        0.0000000000000000        0.0000000000000000        325.00000000000000        0.0000000000000000     
   325.00000000000000        0.0000000000000000        0.0000000000000000       -325.00000000000000        0.0000000000000000     
   241.31516504214778       -122.38827885140540        95.840971832901261        135.80731275316026        125.00000000000000     
   205.70109197051138       -76.995408669089159       -125.08940030038403       -111.45419180197310        91.188000000000002     
   202.98374298734080        199.38368752049453        29.248428467482825       -24.353120951187094        0.0000000000000000     

 PASSED   1.0000000000000001E-005
 MU_R    =    325.00000000000000     
 ALPHA_S =   0.11799999999999999     
 BORN                    3.8582498048502457E-007
 SINGLE POLE (MadFKS)   -5.3832990584928190E-008
 DOUBLE POLE (MadFKS)   -4.1060113780642192E-008
 SINGLE POLE (MadLoop)  -5.3832990584929421E-008
 DOUBLE POLE (MadLoop)  -4.1060113780642251E-008
 FINITE PART (MadLoop)   5.1217582435212438E-008
   325.00000000000000        0.0000000000000000        0.0000000000000000        325.00000000000000        0.0000000000000000     
   325.00000000000000        0.0000000000000000        0.0000000000000000       -325.00000000000000        0.0000000000000000     
   223.13999824257419        98.017493730813115        156.10485478135962        13.795073472680754        125.00000000000000     
   182.12740628548224        9.3878929031721015        10.774520188355618       -157.00610802712870        91.188000000000002     
   244.73259547194351       -107.40538663398523       -166.87937496971523        143.21103455444793        0.0000000000000000     

 PASSED   1.0000000000000001E-005
 MU_R    =    325.00000000000000     
 ALPHA_S =   0.11799999999999999     
 BORN                    4.6933491751311793E-007
 SINGLE POLE (MadFKS)   -5.6774384589548159E-008
 DOUBLE POLE (MadFKS)   -4.9947375336068793E-008
 SINGLE POLE (MadLoop)  -5.6774384589548093E-008
 DOUBLE POLE (MadLoop)  -4.9947375336068707E-008
 FINITE PART (MadLoop)   1.3623186125086066E-007
   325.00000000000000        0.0000000000000000        0.0000000000000000        325.00000000000000        0.0000000000000000     
   325.00000000000000        0.0000000000000000        0.0000000000000000       -325.00000000000000        0.0000000000000000     
   148.46257752982316        68.394224641197241       -31.899513909131670       -26.847494760020229        125.00000000000000     
   228.23965700419527        163.53181555045836        62.895853774628755       -114.36584527788058        91.188000000000002     
   273.29776546598157       -231.92604019165560       -30.996339865497148        141.21334003790071        0.0000000000000000     

 PASSED   1.0000000000000001E-005
 MU_R    =    325.00000000000000     
 ALPHA_S =   0.11799999999999999     
 BORN                    2.5289494905945254E-007
 SINGLE POLE (MadFKS)   -3.0722330631935854E-008
 DOUBLE POLE (MadFKS)   -2.6913486446308195E-008
 SINGLE POLE (MadLoop)  -3.0722330631935648E-008
 DOUBLE POLE (MadLoop)  -2.6913486446308238E-008
 FINITE PART (MadLoop)   1.1281334052191981E-007
   325.00000000000000        0.0000000000000000        0.0000000000000000        325.00000000000000        0.0000000000000000     
   325.00000000000000        0.0000000000000000        0.0000000000000000       -325.00000000000000        0.0000000000000000     
   178.65714752162006       -95.808667136152778        84.119454548347619        6.1638485254211606        125.00000000000000     
   236.78291763683953       -115.31305238799541       -182.50672091204606       -33.839259913748933        91.188000000000002     
   234.55993484154041        211.12171952414832        98.387266363698544        27.675411388327767        0.0000000000000000     

 PASSED   1.0000000000000001E-005
 MU_R    =    325.00000000000000     
 ALPHA_S =   0.11799999999999999     
 BORN                    3.0865596527773944E-007
 SINGLE POLE (MadFKS)   -3.3221739983565458E-008
 DOUBLE POLE (MadFKS)   -3.2847663304345932E-008
 SINGLE POLE (MadLoop)  -3.3221739983565663E-008
 DOUBLE POLE (MadLoop)  -3.2847663304346117E-008
 FINITE PART (MadLoop)   7.9289952951396593E-008
   325.00000000000000        0.0000000000000000        0.0000000000000000        325.00000000000000        0.0000000000000000     
   325.00000000000000        0.0000000000000000        0.0000000000000000       -325.00000000000000        0.0000000000000000     
   238.66916012885150        176.56563415900746        100.75719508113727       -3.2453767147328736        125.00000000000000     
   145.71083161699156       -16.103580517480598        108.10163403496344       -31.162582049681401        91.188000000000002     
   265.62000825415697       -160.46205364152689       -208.85882911610068        34.407958764414253        0.0000000000000000     

 PASSED   1.0000000000000001E-005
 MU_R    =    325.00000000000000     
 ALPHA_S =   0.11799999999999999     
 BORN                    4.1440948852928009E-007
 SINGLE POLE (MadFKS)   -5.9923550613193815E-008
 DOUBLE POLE (MadFKS)   -4.4102123012873249E-008
 SINGLE POLE (MadLoop)  -5.9923550613193313E-008
 DOUBLE POLE (MadLoop)  -4.4102123012873236E-008
 FINITE PART (MadLoop)   1.4001281291503138E-007
   325.00000000000000        0.0000000000000000        0.0000000000000000        325.00000000000000        0.0000000000000000     
   325.00000000000000        0.0000000000000000        0.0000000000000000       -325.00000000000000        0.0000000000000000     
   163.73789028009057       -96.261796746282144       -32.677323566466420        29.171145419487697        125.00000000000000     
   248.63594863400203        129.54515925251377       -154.09971576247142        113.91186472574516        91.188000000000002     
   237.62616108590740       -33.283362506231619        186.77703932893786       -143.08301014523281        0.0000000000000000     

 PASSED   1.0000000000000001E-005
 MU_R    =    325.00000000000000     
 ALPHA_S =   0.11799999999999999     
 BORN                    1.0741396830130130E-006
 SINGLE POLE (MadFKS)   -2.1860176159594074E-007
 DOUBLE POLE (MadFKS)   -1.1431166936203376E-007
 SINGLE POLE (MadLoop)  -2.1860176159593977E-007
 DOUBLE POLE (MadLoop)  -1.1431166936203378E-007
 FINITE PART (MadLoop)   2.5040385806873427E-007
   325.00000000000000        0.0000000000000000        0.0000000000000000        325.00000000000000        0.0000000000000000     
   325.00000000000000        0.0000000000000000        0.0000000000000000       -325.00000000000000        0.0000000000000000     
   217.76388016452509        86.817044713744878        113.38835710426783        106.78009517075890        125.00000000000000     
   222.91867589646560       -5.4172765091038269       -191.00471174989266        69.751974337632760        91.188000000000002     
   209.31744393900931       -81.399768204641106        77.616354645624824       -176.53206950839163        0.0000000000000000     

 PASSED   1.0000000000000001E-005
 MU_R    =    325.00000000000000     
 ALPHA_S =   0.11799999999999999     
 BORN                    7.6504798203023703E-007
 SINGLE POLE (MadFKS)   -1.6251853567859267E-007
 DOUBLE POLE (MadFKS)   -8.1417634364479684E-008
 SINGLE POLE (MadLoop)  -1.6251853567859413E-007
 DOUBLE POLE (MadLoop)  -8.1417634364479512E-008
 FINITE PART (MadLoop)   9.5138469382436364E-008
   325.00000000000000        0.0000000000000000        0.0000000000000000        325.00000000000000        0.0000000000000000     
   325.00000000000000        0.0000000000000000        0.0000000000000000       -325.00000000000000        0.0000000000000000     
   292.53740377842331        86.933811478287708       -82.017072758914665        235.94246079783241        125.00000000000000     
   152.94409229565045       -105.31421996713019       -20.261292964593821       -59.791630720848055        91.188000000000002     
   204.51850392592627        18.380408488842463        102.27836572350844       -176.15083007698448        0.0000000000000000     

 PASSED   1.0000000000000001E-005
 MU_R    =    325.00000000000000     
 ALPHA_S =   0.11799999999999999     
 BORN                    1.3582887925758566E-006
 SINGLE POLE (MadFKS)   -3.8930071379255329E-007
 DOUBLE POLE (MadFKS)   -1.4455127374081599E-007
 SINGLE POLE (MadLoop)  -3.8930071379255789E-007
 DOUBLE POLE (MadLoop)  -1.4455127374081885E-007
 FINITE PART (MadLoop)  -1.0815695374047006E-007
   325.00000000000000        0.0000000000000000        0.0000000000000000        325.00000000000000        0.0000000000000000     
   325.00000000000000        0.0000000000000000        0.0000000000000000       -325.00000000000000        0.0000000000000000     
   298.11022627626289       -103.54810501373264       -94.856704446962766       -231.35406324508583        125.00000000000000     
   291.66651222315676        156.86486861721062        102.04547187008735        204.28959266917468        91.188000000000002     
   60.223261500580399       -53.316763603477966       -7.1887674231245544        27.064470575911130        0.0000000000000000     

 PASSED   1.0000000000000001E-005
 MU_R    =    325.00000000000000     
 ALPHA_S =   0.11799999999999999     
 BORN                    2.5213630040476730E-007
 SINGLE POLE (MadFKS)   -2.7746832630751829E-008
 DOUBLE POLE (MadFKS)   -2.6832749838632487E-008
 SINGLE POLE (MadLoop)  -2.7746832630740811E-008
 DOUBLE POLE (MadLoop)  -2.6832749838632480E-008
 FINITE PART (MadLoop)   8.8688603678720059E-008
   325.00000000000000        0.0000000000000000        0.0000000000000000        325.00000000000000        0.0000000000000000     
   325.00000000000000        0.0000000000000000        0.0000000000000000       -325.00000000000000        0.0000000000000000     
   126.02541358877538       -13.090103923930481       -9.0737992357859589        1.9287863829983314        125.00000000000000     
   263.41319819437217       -87.032841102128828       -228.49031242197901        35.898792987865370        91.188000000000002     
   260.56138821685244        100.12294502605934        237.56411165776495       -37.827579370863702        0.0000000000000000     

 PASSED   1.0000000000000001E-005
 MU_R    =    325.00000000000000     
 ALPHA_S =   0.11799999999999999     
 BORN                    2.3706811424127713E-007
 SINGLE POLE (MadFKS)   -3.4221486110908524E-008
 DOUBLE POLE (MadFKS)   -2.5229169278444216E-008
 SINGLE POLE (MadLoop)  -3.4221486110909973E-008
 DOUBLE POLE (MadLoop)  -2.5229169278444252E-008
 FINITE PART (MadLoop)   9.2336398878491964E-008
   325.00000000000000        0.0000000000000000        0.0000000000000000        325.00000000000000        0.0000000000000000     
   325.00000000000000        0.0000000000000000        0.0000000000000000       -325.00000000000000        0.0000000000000000     
   235.53765593017295       -22.961593678034628       -65.308546605451070        187.24461625672723        125.00000000000000     
   200.59390053520715        119.19035243225224       -98.677849953178310       -89.325267442208258        91.188000000000002     
   213.86844353461990       -96.228758754217608        163.98639655862928       -97.919348814518997        0.0000000000000000     

 PASSED   1.0000000000000001E-005
 MU_R    =    325.00000000000000     
 ALPHA_S =   0.11799999999999999     
 BORN                    4.4775259320522157E-006
 SINGLE POLE (MadFKS)   -1.1733263938895644E-006
 DOUBLE POLE (MadFKS)   -4.7650549737532050E-007
 SINGLE POLE (MadLoop)  -1.1733263938895557E-006
 DOUBLE POLE (MadLoop)  -4.7650549737531818E-007
 FINITE PART (MadLoop)   3.3387971494367511E-007
   325.00000000000000        0.0000000000000000        0.0000000000000000        325.00000000000000        0.0000000000000000     
   325.00000000000000        0.0000000000000000        0.0000000000000000       -325.00000000000000        0.0000000000000000     
   279.76941245047550        4.4362386811441903       -17.992255035835093        249.60473290379252        125.00000000000000     
   111.16746340425877        62.268922647708493        12.848554305847191       0.67044782093975008        91.188000000000002     
   259.06312414526576       -66.705161328852682        5.1437007299879038       -250.27518072473228        0.0000000000000000     

 PASSED   1.0000000000000001E-005
 MU_R    =    325.00000000000000     
 ALPHA_S =   0.11799999999999999     
 BORN                    2.2242449009933088E-007
 SINGLE POLE (MadFKS)   -2.9743696371123506E-008
 DOUBLE POLE (MadFKS)   -2.3670771290129901E-008
 SINGLE POLE (MadLoop)  -2.9743696371123774E-008
 DOUBLE POLE (MadLoop)  -2.3670771290130037E-008
 FINITE PART (MadLoop)   6.0012052353239512E-008
   325.00000000000000        0.0000000000000000        0.0000000000000000        325.00000000000000        0.0000000000000000     
   325.00000000000000        0.0000000000000000        0.0000000000000000       -325.00000000000000        0.0000000000000000     
   184.55232335104830        7.3662649707325540        111.32421368657826        77.377113164784816        125.00000000000000     
   231.77167548720601       -65.486231492640513        89.371554114601452       -182.00861796678703        91.188000000000002     
   233.67600116174566        58.119966521907884       -200.69576780117973        104.63150480200223        0.0000000000000000     

 PASSED   1.0000000000000001E-005
 MU_R    =    325.00000000000000     
 ALPHA_S =   0.11799999999999999     
 BORN                    1.8024311311234216E-007
 SINGLE POLE (MadFKS)   -2.3681370550153988E-008
 DOUBLE POLE (MadFKS)   -1.9181761438220780E-008
 SINGLE POLE (MadLoop)  -2.3681370550154144E-008
 DOUBLE POLE (MadLoop)  -1.9181761438220780E-008
 FINITE PART (MadLoop)   5.0640239688087111E-008
   325.00000000000000        0.0000000000000000        0.0000000000000000        325.00000000000000        0.0000000000000000     
   325.00000000000000        0.0000000000000000        0.0000000000000000       -325.00000000000000        0.0000000000000000     
   221.76810544823272       -112.83620733783386       -83.263283816046638        117.86139518892647        125.00000000000000     
   212.75401355798027       -100.09865230050586        70.371713375803992       -148.24675613720981        91.188000000000002     
   215.47788099378698        212.93485963833970        12.891570440242633        30.385360948283409        0.0000000000000000     

 PASSED   1.0000000000000001E-005
 MU_R    =    325.00000000000000     
 ALPHA_S =   0.11799999999999999     
 BORN                    3.3875832296942803E-006
 SINGLE POLE (MadFKS)   -1.0360159669820121E-006
 DOUBLE POLE (MadFKS)   -3.6051204532631685E-007
 SINGLE POLE (MadLoop)  -1.0360159669820276E-006
 DOUBLE POLE (MadLoop)  -3.6051204532632458E-007
 FINITE PART (MadLoop)  -4.4689919326766802E-007
   325.00000000000000        0.0000000000000000        0.0000000000000000        325.00000000000000        0.0000000000000000     
   325.00000000000000        0.0000000000000000        0.0000000000000000       -325.00000000000000        0.0000000000000000     
   308.88883849427754       -101.23936464462184        217.79410232015647        148.67291141043273        125.00000000000000     
   265.12366590543849        56.623396105476175       -225.99921014182732       -87.712341821952705        91.188000000000002     
   75.987495600284106        44.615968539145669        8.2051078216708717       -60.960569588479999        0.0000000000000000     

 NUMBER OF POINTS PASSING THE CHECK          20
 NUMBER OF POINTS FAILING THE CHECK           0
 TOLERANCE    1.0000000000000001E-005
