 A PDF is used, so alpha_s(MZ) is going to be modified
 Old value of alpha_s from param_card:   0.11799999999999999     
  ****************************************
 
       NNPDFDriver version 1.0.3
   Grid: NNPDF23nlo_as_0119_qed_mem0.grid
  ****************************************
 New value of alpha_s from PDF nn23nlo:  0.11899999999999999     
 *****************************************************
 *               MadGraph/MadEvent                   *
 *        --------------------------------           *
 *          http://madgraph.hep.uiuc.edu             *
 *          http://madgraph.phys.ucl.ac.be           *
 *          http://madgraph.roma2.infn.it            *
 *        --------------------------------           *
 *                                                   *
 *          PARAMETER AND COUPLING VALUES            *
 *                                                   *
 *****************************************************

  External Params
  ---------------------------------
  
 MU_R =    91.188000000000002     
 aEWM1 =    132.50700000000001     
 mdl_Gf =    1.1663900000000000E-005
 aS =   0.11799999999999999     
 mdl_ymb =    4.7000000000000002     
 mdl_ymt =    173.00000000000000     
 mdl_ymtau =    1.7769999999999999     
 mdl_MT =    173.00000000000000     
 mdl_MB =    4.7000000000000002     
 mdl_MZ =    91.188000000000002     
 mdl_MH =    125.00000000000000     
 mdl_MTA =    1.7769999999999999     
 mdl_WT =    1.4915000000000000     
 mdl_WZ =    2.4414039999999999     
 mdl_WW =    2.0476000000000001     
 mdl_WH =    6.3823389999999999E-003
  Internal Params
  ---------------------------------
  
 mdl_conjg__CKM3x3 =    1.0000000000000000     
 mdl_CKM22 =    1.0000000000000000     
 mdl_lhv =    1.0000000000000000     
 mdl_CKM3x3 =    1.0000000000000000     
 mdl_conjg__CKM22 =    1.0000000000000000     
 mdl_conjg__CKM33 =    1.0000000000000000     
 mdl_Ncol =    3.0000000000000000     
 mdl_CA =    3.0000000000000000     
 mdl_TF =   0.50000000000000000     
 mdl_CF =    1.3333333333333333     
 mdl_complexi =                (0.0000000000000000,1.0000000000000000)
 mdl_MZ__exp__2 =    8315.2513440000002     
 mdl_MZ__exp__4 =    69143404.913893804     
 mdl_sqrt__2 =    1.4142135623730951     
 mdl_MH__exp__2 =    15625.000000000000     
 mdl_Ncol__exp__2 =    9.0000000000000000     
 mdl_MB__exp__2 =    22.090000000000003     
 mdl_MT__exp__2 =    29929.000000000000     
 mdl_aEW =    7.5467711139788835E-003
 mdl_MW =    80.419002445756163     
 mdl_sqrt__aEW =    8.6872153846781555E-002
 mdl_ee =   0.30795376724436879     
 mdl_MW__exp__2 =    6467.2159543705357     
 mdl_sw2 =   0.22224648578577766     
 mdl_cw =   0.88190334743339216     
 mdl_sqrt__sw2 =   0.47143025548407230     
 mdl_sw =   0.47143025548407230     
 mdl_g1 =   0.34919219678733299     
 mdl_gw =   0.65323293034757990     
 mdl_v =    246.21845810181637     
 mdl_v__exp__2 =    60623.529110035903     
 mdl_lam =   0.12886910601690263     
 mdl_yb =    2.6995554250465490E-002
 mdl_yt =   0.99366614581500623     
 mdl_ytau =    1.0206617000654717E-002
 mdl_muH =    88.388347648318430     
 mdl_AxialZUp =  -0.18517701861793787     
 mdl_AxialZDown =   0.18517701861793787     
 mdl_VectorZUp =    7.5430507588273299E-002
 mdl_VectorZDown =  -0.13030376310310560     
 mdl_VectorAUp =   0.20530251149624587     
 mdl_VectorADown =  -0.10265125574812294     
 mdl_VectorWmDxU =   0.23095271737156670     
 mdl_AxialWmDxU =  -0.23095271737156670     
 mdl_VectorWpUxD =   0.23095271737156670     
 mdl_AxialWpUxD =  -0.23095271737156670     
 mdl_I1x33 =          (2.69955542504654901E-002,0.0000000000000000)
 mdl_I2x33 =               (0.99366614581500623,0.0000000000000000)
 mdl_I3x33 =               (0.99366614581500623,0.0000000000000000)
 mdl_I4x33 =          (2.69955542504654901E-002,0.0000000000000000)
 mdl_Vector_tbGp =              (-0.96667059156454072,0.0000000000000000)
 mdl_Axial_tbGp =              (-1.0206617000654716,-0.0000000000000000)
 mdl_Vector_tbGm =               (0.96667059156454072,0.0000000000000000)
 mdl_Axial_tbGm =              (-1.0206617000654716,-0.0000000000000000)
 mdl_gw__exp__2 =   0.42671326129048615     
 mdl_cw__exp__2 =   0.77775351421422245     
 mdl_ee__exp__2 =    9.4835522759998875E-002
 mdl_sw__exp__2 =   0.22224648578577769     
 mdl_yb__exp__2 =    7.2875994928982540E-004
 mdl_yt__exp__2 =   0.98737240933884918     
  Internal Params evaluated point by point
  ----------------------------------------
  
 mdl_sqrt__aS =   0.34351128074635334     
 mdl_G__exp__4 =    2.1987899468922913     
 mdl_G__exp__2 =    1.4828317324943823     
 mdl_R2MixedFactor_FIN_ =   -2.5040377713124864E-002
 mdl_GWcft_UV_b_1EPS_ =   -3.1300472141406080E-003
 mdl_GWcft_UV_t_1EPS_ =   -3.1300472141406080E-003
 mdl_bWcft_UV_1EPS_ =   -1.8780283284843650E-002
 mdl_tWcft_UV_1EPS_ =   -1.8780283284843650E-002
 mdl_G__exp__3 =    1.8056676068262196     
 mdl_MU_R__exp__2 =    8315.2513440000002     
 mdl_GWcft_UV_b_FIN_ =   -1.8563438626678915E-002
 mdl_GWcft_UV_t_FIN_ =    4.0087659331150384E-003
 mdl_bWcft_UV_FIN_ =  -0.13642100947319838     
 mdl_tWcft_UV_FIN_ =   -9.8778211443463623E-004
  Couplings of loop_sm
  ---------------------------------
  
    R2_UUZ_V2 =  -0.00000E+00  -0.72127E-02
    R2_UUZ_V5 =   0.00000E+00   0.68702E-03
      R2_sxcW =  -0.00000E+00  -0.11566E-01
         GC_5 =   0.00000E+00   0.12177E+01
        GC_22 =   0.00000E+00   0.28804E+00
        GC_23 =  -0.00000E+00  -0.27437E-01
        GC_31 =   0.00000E+00   0.52532E+02
        GC_32 =   0.00000E+00   0.67544E+02
        GC_47 =   0.00000E+00   0.46191E+00

 Collider parameters:
 --------------------

 Running at P P   machine @    13000.000000000000       GeV
 PDF set = nn23nlo
 alpha_s(Mz)= 0.1190 running at 2 loops.
 alpha_s(Mz)= 0.1190 running at 2 loops.
 Renormalization scale set on event-by-event basis
 Factorization   scale set on event-by-event basis


 ===============================================================
 INFO: MadFKS read these parameters from FKS_params.dat
 ===============================================================
  > IRPoleCheckThreshold      =   -1.0000000000000000     
  > PrecisionVirtualAtRunTime =   -1.0000000000000000     
  > NHelForMCoverHels         =            4
  > VirtualFraction           =    1.0000000000000000     
  > MinVirtualFraction        =    5.0000000000000001E-003
 ===============================================================
  Insert the number of points to test
 Insert the relative tolerance
  A negative number will mean use the default one:   -1.0000000000000000     
Using random seed offsets:     1 ,     28 ,      0
  with seed                15455
 Ranmar initialization seeds       10742       25482
  ========================================================================================== 
 {                                                                                          }
 {       [32m                                                                            [0m       }
 {       [32m                               ,,                                           [0m       }
 {       [32m`7MMM.     ,MMF'             `7MM  `7MMF'                                   [0m       }
 {       [32m  MMMb    dPMM                 MM    MM                                     [0m       }
 {       [32m  M YM   ,M MM   ,6"Yb.   ,M""bMM    MM         ,pW"Wq.   ,pW"Wq.`7MMpdMAo. [0m       }
 {       [32m  M  Mb  M' MM  8)   MM ,AP    MM    MM        6W'   `Wb 6W'   `Wb MM   `Wb [0m       }
 {       [32m  M  YM.P'  MM   ,pm9MM 8MI    MM    MM      , 8M     M8 8M     M8 MM    M8 [0m       }
 {       [32m  M  `YM'   MM  8M   MM `Mb    MM    MM     ,M YA.   ,A9 YA.   ,A9 MM   ,AP [0m       }
 {       [32m.JML. `'  .JMML.`Moo9^Yo.`Wbmd"MML..JMMmmmmMMM  `Ybmd9'   `Ybmd9'  MMbmmd'  [0m       }
 {       [32m                                                                   MM       [0m       }
 {       [32m                                                                 .JMML.     [0m       }
 {       [32m[0mv2.6.7 (2019-10-16), Ref: arXiv:1103.0621v2, arXiv:1405.0301[32m                [0m       }
 {       [32m                                                                            [0m       }
 {                                                                                          }
  ========================================================================================== 
 ===============================================================
 INFO: MadLoop read these parameters from ./MadLoop5_resources/MadLoopParams.dat                                                                                                                                                                                                                                                                                                                                                                                                                                                                                          
 ===============================================================
  > MLReductionLib            = 6|7|1
  > CTModeRun                 =           -1
  > MLStabThres               =    1.0000000000000000E-003
  > NRotations_DP             =            0
  > NRotations_QP             =            0
  > CTStabThres               =    1.0000000000000000E-002
  > CTLoopLibrary             =            2
  > CTModeInit                =            1
  > CheckCycle                =            3
  > MaxAttempts               =           10
  > UseLoopFilter             =  F
  > HelicityFilterLevel       =            2
  > ImprovePSPoint            =            2
  > DoubleCheckHelicityFilter =  T
  > LoopInitStartOver         =  F
  > HelInitStartOver          =  F
  > ZeroThres                 =    1.0000000000000001E-009
  > OSThres                   =    1.0000000000000000E-008
  > WriteOutFilters           =  T
  > UseQPIntegrandForNinja    =  T
  > UseQPIntegrandForCutTools =  T
  > IREGIMODE                 =            2
  > IREGIRECY                 =  T
  > COLLIERMode               =            1
  > COLLIERRequiredAccuracy   =    1.0000000000000000E-008
  > COLLIERCanOutput          =  F
  > COLLIERComputeUVpoles     =  T
  > COLLIERComputeIRpoles     =  T
  > COLLIERGlobalCache        =           -1
  > COLLIERUseCacheForPoles   =  F
  > COLLIERUseInternalStabilityTest =  T
 ===============================================================
  
------------------------------------------------------------------------
|              You are using CutTools - Version 1.9.3                  |
|              Authors: G. Ossola, C. Papadopoulos, R. Pittau          |
|              Published in JHEP 0803:042,2008                         |
|              http://www.ugr.es/~pittau/CutTools                      |
|                                                                      |
|              Compiler with  34  significant digits detetected        |
 ---------------------------------------------------------------------- 
   
########################################################################
#                                                                      #
#                      You are using OneLOop-3.6                       #
#                                                                      #
# for the evaluation of 1-loop scalar 1-, 2-, 3- and 4-point functions #
#                                                                      #
# author: Andreas van Hameren <hamerenREMOVETHIS@ifj.edu.pl>           #
#   date: 18-02-2015                                                   #
#                                                                      #
# Please cite                                                          #
#    A. van Hameren,                                                   #
#      Comput.Phys.Commun. 182 (2011) 2427-2438, arXiv:1007.4716       #
#    A. van Hameren, C.G. Papadopoulos and R. Pittau,                  #
#      JHEP 0909:106,2009, arXiv:0903.4665                             #
# in publications with results obtained with the help of this program. #
#                                                                      #

  +----------------------------------------------------------------+
  |                                                                |
  |  Ninja - version 1.2.0                                         |
  |                                                                |
  |  Author: Tiziano Peraro                                        |
  |                                                                |
  |  Based on:                                                     |
  |                                                                |
  |      P. Mastrolia, E. Mirabella and T. Peraro,                 |
  |      "Integrand reduction of one-loop scattering amplitudes    |
  |      through Laurent series expansion,"                        |
  |      JHEP 1206 (2012) 095  [arXiv:1203.0291 [hep-ph]].         |
  |                                                                |
  |      T. Peraro,                                                |
  |      "Ninja: Automated Integrand Reduction via Laurent         |
  |      Expansion for One-Loop Amplitudes,"                       |
  |      Comput.Phys.Commun. 185 (2014) [arXiv:1403.1229 [hep-ph]] |
  |                                                                |
  +----------------------------------------------------------------+


########################################################################
########################################################################
#                                                                      #
#                      You are using OneLOop-3.6                       #
#                                                                      #
# for the evaluation of 1-loop scalar 1-, 2-, 3- and 4-point functions #
#                                                                      #
# author: Andreas van Hameren <hamerenREMOVETHIS@ifj.edu.pl>           #
#   date: 18-02-2015                                                   #
#                                                                      #
# Please cite                                                          #
#    A. van Hameren,                                                   #
#      Comput.Phys.Commun. 182 (2011) 2427-2438, arXiv:1007.4716       #
#    A. van Hameren, C.G. Papadopoulos and R. Pittau,                  #
#      JHEP 0909:106,2009, arXiv:0903.4665                             #
# in publications with results obtained with the help of this program. #
#                                                                      #
########################################################################
 PASSED  -1.0000000000000000     
 MU_R    =    325.00000000000000     
 ALPHA_S =   0.11799999999999999     
 BORN                    3.0686879793810054E-012
 SINGLE POLE (MadFKS)   -3.6360243257504179E-013
 DOUBLE POLE (MadFKS)   -3.0736442434970517E-013
 SINGLE POLE (MadLoop)  -3.6360243259749052E-013
 DOUBLE POLE (MadLoop)  -3.0736442435063580E-013
 FINITE PART (MadLoop)  -1.0988377689252507E-012
   325.00000000000000        0.0000000000000000        0.0000000000000000        325.00000000000000        0.0000000000000000     
   325.00000000000000        0.0000000000000000        0.0000000000000000       -325.00000000000000        0.0000000000000000     
   300.57023287727588       -151.16755115224930       -185.72232128283869        131.80688808953036        125.00000000000000     
   114.50174485966166        3.9294473997142987        3.4904448183763068       -114.38105531078915        0.0000000000000000     
   234.92802226306245        147.23810375253498        182.23187646446235       -17.425832778741217        0.0000000000000000     

 PASSED  -1.0000000000000000     
 MU_R    =    325.00000000000000     
 ALPHA_S =   0.11799999999999999     
 BORN                    8.6130918091266026E-006
 SINGLE POLE (MadFKS)   -3.8066317864791106E-006
 DOUBLE POLE (MadFKS)   -8.6270028871340842E-007
 SINGLE POLE (MadLoop)  -3.8066317864784178E-006
 DOUBLE POLE (MadLoop)  -8.6270028871321699E-007
 FINITE PART (MadLoop)  -1.3079156770475207E-005
   325.00000000000000        0.0000000000000000        0.0000000000000000        325.00000000000000        0.0000000000000000     
   325.00000000000000        0.0000000000000000        0.0000000000000000       -325.00000000000000        0.0000000000000000     
   311.14890491498949        205.45471188874959        9.1837637376093735       -197.21222293793016        125.00000000000000     
   309.82631511327224       -212.35572464875892       -11.439088395286047        225.31431157885643        0.0000000000000000     
   29.024779971738177        6.9010127600093512        2.2553246576766863       -28.102088640926272        0.0000000000000000     

 PASSED  -1.0000000000000000     
 MU_R    =    325.00000000000000     
 ALPHA_S =   0.11799999999999999     
 BORN                    7.1651718742710750E-007
 SINGLE POLE (MadFKS)   -1.6612695965975907E-007
 DOUBLE POLE (MadFKS)   -7.1767444044482616E-008
 SINGLE POLE (MadLoop)  -1.6612695965976005E-007
 DOUBLE POLE (MadLoop)  -7.1767444044482947E-008
 FINITE PART (MadLoop)  -4.1704982045180396E-007
   325.00000000000000        0.0000000000000000        0.0000000000000000        325.00000000000000        0.0000000000000000     
   325.00000000000000        0.0000000000000000        0.0000000000000000       -325.00000000000000        0.0000000000000000     
   209.46746088361022        2.5609461968506091       -165.88679093480587       -26.956099809794924        125.00000000000000     
   177.63305356670955        93.636556629141808       -49.775688445832394        142.50641326555953        0.0000000000000000     
   262.89948554968021       -96.197502825992359        215.66247938063825       -115.55031345576460        0.0000000000000000     

 PASSED  -1.0000000000000000     
 MU_R    =    325.00000000000000     
 ALPHA_S =   0.11799999999999999     
 BORN                    1.3501424785117224E-006
 SINGLE POLE (MadFKS)   -5.2741582339362207E-007
 DOUBLE POLE (MadFKS)   -1.3523231051387241E-007
 SINGLE POLE (MadLoop)  -5.2741582339351418E-007
 DOUBLE POLE (MadLoop)  -1.3523231051383339E-007
 FINITE PART (MadLoop)  -1.9654919747977940E-006
   325.00000000000000        0.0000000000000000        0.0000000000000000        325.00000000000000        0.0000000000000000     
   325.00000000000000        0.0000000000000000        0.0000000000000000       -325.00000000000000        0.0000000000000000     
   309.59231339730127       -41.594794154344356       -277.91532726064054       -35.430840909602466        125.00000000000000     
   61.258625831079428       -9.1263619467477799        4.5512558909126346        60.403764999746336        0.0000000000000000     
   279.14906077161936        50.721156101092056        273.36407136972804       -24.972924090143810        0.0000000000000000     

 PASSED  -1.0000000000000000     
 MU_R    =    325.00000000000000     
 ALPHA_S =   0.11799999999999999     
 BORN                    2.8237205099874977E-013
 SINGLE POLE (MadFKS)   -1.4919729197835128E-014
 DOUBLE POLE (MadFKS)   -2.8282811250553806E-014
 SINGLE POLE (MadLoop)  -1.4919729197818528E-014
 DOUBLE POLE (MadLoop)  -2.8282811250554239E-014
 FINITE PART (MadLoop)  -8.6742643024147097E-014
   325.00000000000000        0.0000000000000000        0.0000000000000000        325.00000000000000        0.0000000000000000     
   325.00000000000000        0.0000000000000000        0.0000000000000000       -325.00000000000000        0.0000000000000000     
   191.04188041314228        35.277144493689654       -1.3821683523302817        140.09144427411164        125.00000000000000     
   301.59957259707403       -69.202030145328720        14.330211839172438       -293.20304610141284        0.0000000000000000     
   157.35854698978369        33.924885651639059       -12.948043486842158        153.11160182730117        0.0000000000000000     

 PASSED  -1.0000000000000000     
 MU_R    =    325.00000000000000     
 ALPHA_S =   0.11799999999999999     
 BORN                    2.3848737446058980E-009
 SINGLE POLE (MadFKS)   -2.9249923671008123E-010
 DOUBLE POLE (MadFKS)   -2.3887255745218466E-010
 SINGLE POLE (MadLoop)  -2.9249923671008836E-010
 DOUBLE POLE (MadLoop)  -2.3887255745218957E-010
 FINITE PART (MadLoop)  -8.8775897199311754E-010
   325.00000000000000        0.0000000000000000        0.0000000000000000        325.00000000000000        0.0000000000000000     
   325.00000000000000        0.0000000000000000        0.0000000000000000       -325.00000000000000        0.0000000000000000     
   252.90652586503077       -108.31840811876681       -190.61110167463656       -16.469402117779204        125.00000000000000     
   112.25892615800571       -108.35986560935567        10.961728830903931       -27.203796211350717        0.0000000000000000     
   284.83454797696351        216.67827372812246        179.64937284373264        43.673198329129946        0.0000000000000000     

 PASSED  -1.0000000000000000     
 MU_R    =    325.00000000000000     
 ALPHA_S =   0.11799999999999999     
 BORN                    1.6249490554334911E-009
 SINGLE POLE (MadFKS)   -1.5329197121032947E-010
 DOUBLE POLE (MadFKS)   -1.6275735245056038E-010
 SINGLE POLE (MadLoop)  -1.5329197121041384E-010
 DOUBLE POLE (MadLoop)  -1.6275735245063542E-010
 FINITE PART (MadLoop)  -5.4415006080099671E-010
   325.00000000000000        0.0000000000000000        0.0000000000000000        325.00000000000000        0.0000000000000000     
   325.00000000000000        0.0000000000000000        0.0000000000000000       -325.00000000000000        0.0000000000000000     
   155.26149877841200        26.884685197651105       -5.3820460556311795        87.916894195581619        125.00000000000000     
   267.15785677226239       -246.34795856384611       -54.856906318225292       -87.616913753953270        0.0000000000000000     
   227.58064444932563        219.46327336619501        60.238952373856471      -0.29998044162834936        0.0000000000000000     

 PASSED  -1.0000000000000000     
 MU_R    =    325.00000000000000     
 ALPHA_S =   0.11799999999999999     
 BORN                    7.7953529957348170E-007
 SINGLE POLE (MadFKS)   -1.8869251222268214E-007
 DOUBLE POLE (MadFKS)   -7.8079433368135702E-008
 SINGLE POLE (MadLoop)  -1.8869251222268193E-007
 DOUBLE POLE (MadLoop)  -7.8079433368135702E-008
 FINITE PART (MadLoop)  -4.5366327187918341E-007
   325.00000000000000        0.0000000000000000        0.0000000000000000        325.00000000000000        0.0000000000000000     
   325.00000000000000        0.0000000000000000        0.0000000000000000       -325.00000000000000        0.0000000000000000     
   249.72217659489439        136.76071198699137       -56.360926576607490        157.65823510216356        125.00000000000000     
   109.95272143599473        59.732166499903855        73.878900755846189        55.349591322041789        0.0000000000000000     
   290.32510196911090       -196.49287848689525       -17.517974179238706       -213.00782642420526        0.0000000000000000     

 PASSED  -1.0000000000000000     
 MU_R    =    325.00000000000000     
 ALPHA_S =   0.11799999999999999     
 BORN                    1.0101490886805842E-004
 SINGLE POLE (MadFKS)   -3.7295980495570113E-005
 DOUBLE POLE (MadFKS)   -1.0117805890852276E-005
 SINGLE POLE (MadLoop)  -3.7295980495570004E-005
 DOUBLE POLE (MadLoop)  -1.0117805890852269E-005
 FINITE PART (MadLoop)  -9.8173245898012954E-005
   325.00000000000000        0.0000000000000000        0.0000000000000000        325.00000000000000        0.0000000000000000     
   325.00000000000000        0.0000000000000000        0.0000000000000000       -325.00000000000000        0.0000000000000000     
   159.47025124304278        85.729368789690938        39.948282075145784        29.332083418757112        125.00000000000000     
   235.41957780180837       -93.435794653249616        43.221516397760581        211.71686378315630        0.0000000000000000     
   255.11017095514887        7.7064258635586720       -83.169798472906450       -241.04894720191348        0.0000000000000000     

 PASSED  -1.0000000000000000     
 MU_R    =    325.00000000000000     
 ALPHA_S =   0.11799999999999999     
 BORN                    4.8944164637999142E-010
 SINGLE POLE (MadFKS)   -4.3987650723281056E-011
 DOUBLE POLE (MadFKS)   -4.9023214775554716E-011
 SINGLE POLE (MadLoop)  -4.3987650723281779E-011
 DOUBLE POLE (MadLoop)  -4.9023214775555336E-011
 FINITE PART (MadLoop)  -1.6103080039324048E-010
   325.00000000000000        0.0000000000000000        0.0000000000000000        325.00000000000000        0.0000000000000000     
   325.00000000000000        0.0000000000000000        0.0000000000000000       -325.00000000000000        0.0000000000000000     
   230.09143332943665        35.155919400583137       -186.59478603588352        35.545954016134239        125.00000000000000     
   227.96731281598636       -182.14628793750387        85.855144258808821       -106.86776739236608        0.0000000000000000     
   191.94125385457696        146.99036853692070        100.73964177707474        71.321813376231816        0.0000000000000000     

 PASSED  -1.0000000000000000     
 MU_R    =    325.00000000000000     
 ALPHA_S =   0.11799999999999999     
 BORN                    9.6801422366701308E-010
 SINGLE POLE (MadFKS)   -1.3396043064435315E-010
 DOUBLE POLE (MadFKS)   -9.6957767169197368E-011
 SINGLE POLE (MadLoop)  -1.3396043064448774E-010
 DOUBLE POLE (MadLoop)  -9.6957767169195055E-011
 FINITE PART (MadLoop)  -4.0094100813098465E-010
   325.00000000000000        0.0000000000000000        0.0000000000000000        325.00000000000000        0.0000000000000000     
   325.00000000000000        0.0000000000000000        0.0000000000000000       -325.00000000000000        0.0000000000000000     
   325.85276331448449       -63.796792422872322       -271.34012607164277       -113.39986163864316        125.00000000000000     
   60.702849520008009        27.767533306451231        48.843078815084326       -22.981594500541451        0.0000000000000000     
   263.44438716550746        36.029259116421152        222.49704725655849        136.38145613918462        0.0000000000000000     

 PASSED  -1.0000000000000000     
 MU_R    =    325.00000000000000     
 ALPHA_S =   0.11799999999999999     
 BORN                    3.8703421861883213E-009
 SINGLE POLE (MadFKS)   -6.0802888265744468E-010
 DOUBLE POLE (MadFKS)   -3.8765932088478806E-010
 SINGLE POLE (MadLoop)  -6.0802888265743228E-010
 DOUBLE POLE (MadLoop)  -3.8765932088478315E-010
 FINITE PART (MadLoop)  -1.7350382061995418E-009
   325.00000000000000        0.0000000000000000        0.0000000000000000        325.00000000000000        0.0000000000000000     
   325.00000000000000        0.0000000000000000        0.0000000000000000       -325.00000000000000        0.0000000000000000     
   292.57645562977768        66.217193729612717       -25.064516139801718       -254.87847236307712        125.00000000000000     
   158.74953128588226       -8.3570249926423674        127.21114285678765        94.598620232166382        0.0000000000000000     
   198.67401308434006       -57.860168736970373       -102.14662671698593        160.27985213091068        0.0000000000000000     

 PASSED  -1.0000000000000000     
 MU_R    =    325.00000000000000     
 ALPHA_S =   0.11799999999999999     
 BORN                    2.0483489150987605E-011
 SINGLE POLE (MadFKS)   -1.4862418896181995E-012
 DOUBLE POLE (MadFKS)   -2.0516572208936999E-012
 SINGLE POLE (MadLoop)  -1.4862418896198555E-012
 DOUBLE POLE (MadLoop)  -2.0516572208938611E-012
 FINITE PART (MadLoop)  -6.5534913162856298E-012
   325.00000000000000        0.0000000000000000        0.0000000000000000        325.00000000000000        0.0000000000000000     
   325.00000000000000        0.0000000000000000        0.0000000000000000       -325.00000000000000        0.0000000000000000     
   237.76453035642893        117.70010220310206       -127.98498333017996       -103.31264142865604        125.00000000000000     
   136.49193572299995        37.024551178928135        62.762459545225845       -115.41275839024206        0.0000000000000000     
   275.74353392057105       -154.72465338203020        65.222523784954106        218.72539981889810        0.0000000000000000     

 PASSED  -1.0000000000000000     
 MU_R    =    325.00000000000000     
 ALPHA_S =   0.11799999999999999     
 BORN                    1.8546366896018650E-010
 SINGLE POLE (MadFKS)   -2.1587617491904472E-011
 DOUBLE POLE (MadFKS)   -1.8576321291300087E-011
 SINGLE POLE (MadLoop)  -2.1587617491904750E-011
 DOUBLE POLE (MadLoop)  -1.8576321291300504E-011
 FINITE PART (MadLoop)  -6.5956595982042501E-011
   325.00000000000000        0.0000000000000000        0.0000000000000000        325.00000000000000        0.0000000000000000     
   325.00000000000000        0.0000000000000000        0.0000000000000000       -325.00000000000000        0.0000000000000000     
   280.88104716871982        53.090211030572171       -202.23007093648579       -139.83415376920567        125.00000000000000     
   248.61649129200040       -78.949711295086217        234.24509047096032        26.577065658560667        0.0000000000000000     
   120.50246153927982        25.859500264514026       -32.015019534474547        113.25708811064504        0.0000000000000000     

 PASSED  -1.0000000000000000     
 MU_R    =    325.00000000000000     
 ALPHA_S =   0.11799999999999999     
 BORN                    1.5824417318782843E-007
 SINGLE POLE (MadFKS)   -2.8847049253542252E-008
 DOUBLE POLE (MadFKS)   -1.5849975470097484E-008
 SINGLE POLE (MadLoop)  -2.8847049253542335E-008
 DOUBLE POLE (MadLoop)  -1.5849975470097510E-008
 FINITE PART (MadLoop)  -7.2053476103588169E-008
   325.00000000000000        0.0000000000000000        0.0000000000000000        325.00000000000000        0.0000000000000000     
   325.00000000000000        0.0000000000000000        0.0000000000000000       -325.00000000000000        0.0000000000000000     
   151.15643248360067       -72.212081528775343       -15.184729266944005        42.167598455928704        125.00000000000000     
   248.70949214004034        63.383497210025183        214.58404296170323        108.59388688224300        0.0000000000000000     
   250.13407537635905        8.8285843187501527       -199.39931369475920       -150.76148533817170        0.0000000000000000     

 PASSED  -1.0000000000000000     
 MU_R    =    325.00000000000000     
 ALPHA_S =   0.11799999999999999     
 BORN                    2.3305816884756774E-011
 SINGLE POLE (MadFKS)   -1.3882607692131804E-012
 DOUBLE POLE (MadFKS)   -2.3343458308289310E-012
 SINGLE POLE (MadLoop)  -1.3882607692139952E-012
 DOUBLE POLE (MadLoop)  -2.3343458308289718E-012
 FINITE PART (MadLoop)  -7.1401888588024068E-012
   325.00000000000000        0.0000000000000000        0.0000000000000000        325.00000000000000        0.0000000000000000     
   325.00000000000000        0.0000000000000000        0.0000000000000000       -325.00000000000000        0.0000000000000000     
   197.04137146325911        29.145886633276003        138.37637183966729        56.593277665924397        125.00000000000000     
   245.53806508381879        103.43827359307490       -83.588931228135806       -206.40338063444554        0.0000000000000000     
   207.42056345292210       -132.58416022635089       -54.787440611531515        149.81010296852116        0.0000000000000000     

 PASSED  -1.0000000000000000     
 MU_R    =    325.00000000000000     
 ALPHA_S =   0.11799999999999999     
 BORN                    1.9143771626938530E-009
 SINGLE POLE (MadFKS)   -1.8776567861164579E-010
 DOUBLE POLE (MadFKS)   -1.9174690895693750E-010
 SINGLE POLE (MadLoop)  -1.8776567861164641E-010
 DOUBLE POLE (MadLoop)  -1.9174690895693176E-010
 FINITE PART (MadLoop)  -6.4478475590128432E-010
   325.00000000000000        0.0000000000000000        0.0000000000000000        325.00000000000000        0.0000000000000000     
   325.00000000000000        0.0000000000000000        0.0000000000000000       -325.00000000000000        0.0000000000000000     
   164.57695218880218       -26.333263114286041       -61.867076687885039        83.304245195574595        125.00000000000000     
   236.25826955807165        179.02624968744777       -134.84207720914725       -74.734102465637577        0.0000000000000000     
   249.16477825312617       -152.69298657316170        196.70915389703231       -8.5701427299370181        0.0000000000000000     

 PASSED  -1.0000000000000000     
 MU_R    =    325.00000000000000     
 ALPHA_S =   0.11799999999999999     
 BORN                    1.1715198123863742E-009
 SINGLE POLE (MadFKS)   -1.2957578599920696E-010
 DOUBLE POLE (MadFKS)   -1.1734119440225595E-010
 SINGLE POLE (MadLoop)  -1.2957578599920587E-010
 DOUBLE POLE (MadLoop)  -1.1734119440225507E-010
 FINITE PART (MadLoop)  -4.2514555541978881E-010
   325.00000000000000        0.0000000000000000        0.0000000000000000        325.00000000000000        0.0000000000000000     
   325.00000000000000        0.0000000000000000        0.0000000000000000       -325.00000000000000        0.0000000000000000     
   235.61795966930086        61.152629751104151        174.10529042327965       -76.410252190881337        125.00000000000000     
   112.42673046073288       -23.022576858351385        105.82087714723524       -30.193917213262093        0.0000000000000000     
   301.95530986996624       -38.130052892752786       -279.92616757051485        106.60416940414343        0.0000000000000000     

 PASSED  -1.0000000000000000     
 MU_R    =    325.00000000000000     
 ALPHA_S =   0.11799999999999999     
 BORN                    1.6455083951251200E-009
 SINGLE POLE (MadFKS)   -2.1286693439196112E-010
 DOUBLE POLE (MadFKS)   -1.6481660697620369E-010
 SINGLE POLE (MadLoop)  -2.1286693439196102E-010
 DOUBLE POLE (MadLoop)  -1.6481660697620490E-010
 FINITE PART (MadLoop)  -6.3573149291204370E-010
   325.00000000000000        0.0000000000000000        0.0000000000000000        325.00000000000000        0.0000000000000000     
   325.00000000000000        0.0000000000000000        0.0000000000000000       -325.00000000000000        0.0000000000000000     
   307.17833081734710       -215.56565818752910       -93.475688261091207       -153.38601513183727        125.00000000000000     
   133.67801744982685        58.586490048818952        118.86858773374883        17.541219548820184        0.0000000000000000     
   209.14365173282602        156.97916813871012       -25.392899472657625        135.84479558301709        0.0000000000000000     

 PASSED  -1.0000000000000000     
 MU_R    =    325.00000000000000     
 ALPHA_S =   0.11799999999999999     
 BORN                    2.9899801751428772E-007
 SINGLE POLE (MadFKS)   -6.1983376845579512E-008
 DOUBLE POLE (MadFKS)   -2.9948093176133154E-008
 SINGLE POLE (MadLoop)  -6.1983376845579592E-008
 DOUBLE POLE (MadLoop)  -2.9948093176133246E-008
 FINITE PART (MadLoop)  -1.5090763148570325E-007
   325.00000000000000        0.0000000000000000        0.0000000000000000        325.00000000000000        0.0000000000000000     
   325.00000000000000        0.0000000000000000        0.0000000000000000       -325.00000000000000        0.0000000000000000     
   201.91248328409506       -115.62250854663957       -11.630659776139847       -107.88797049024468        125.00000000000000     
   297.48230023522490        227.16637666051392       -55.034284917807852        184.01734633387008        0.0000000000000000     
   150.60521648067999       -111.54386811387435        66.664944693947689       -76.129375843625411        0.0000000000000000     

 NUMBER OF POINTS PASSING THE CHECK          20
 NUMBER OF POINTS FAILING THE CHECK           0
 TOLERANCE   -1.0000000000000000     
