 Enter filename for events
 Enter maximum number of events to generate
 MUST coincide with the number of events on tape
 Enter 0 to use Herwig default PDFs
       1 to use PDFs from library
 Enter colliding particles (PART1, PART2)
 Enter beam momenta (PBEAM1, PBEAM2)


          HERWIG 6.521  11th Mar. 2013

          Please reference:  G. Marchesini, B.R. Webber,
          G.Abbiendi, I.G.Knowles, M.H.Seymour & L.Stanco
          Computer Physics Communications 67 (1992) 465
                             and
          G.Corcella, I.G.Knowles, G.Marchesini, S.Moretti,
          K.Odagiri, P.Richardson, M.H.Seymour & B.R.Webber,
          JHEP 0101 (2001) 010
 Enter .TRUE. for underlying event, .FALSE. otherwise

 Underlying event WILL NOT be generated

 Enter Lambda_QCD, <0 for Herwig default
 Enter Z mass, width
 Enter W mass, width
 Enter top mass, width
 Enter Higgs (SM) boson mass, width
 Enter quark (d,u,s,c,b) and gluon masses
 Enter lepton (e,mu,tau) masses
 Enter number of events to print
 Enter accepted error fraction
 Is it single-top (.TRUE. or .FALSE)?
 Is it b-bbar (.TRUE. or .FALSE)?
 Enter the two random seeds (0 0 for default)

          INPUT CONDITIONS FOR THIS RUN

          BEAM 1 (P       ) MOM. =   6500.00
          BEAM 2 (P       ) MOM. =   6500.00
          PROCESS CODE (IPROC)   =  -18000
          NUMBER OF FLAVOURS     =    6
          STRUCTURE FUNCTION SET =    8
          AZIM SPIN CORRELATIONS =    T
          AZIM SOFT CORRELATIONS =    T
          QCD LAMBDA (GEV)       =    0.1800
          DOWN     QUARK  MASS   =    0.3200
          UP       QUARK  MASS   =    0.3200
          STRANGE  QUARK  MASS   =    0.5000
          CHARMED  QUARK  MASS   =    1.5500
          BOTTOM   QUARK  MASS   =    4.9500
          TOP      QUARK  MASS   =  173.0000
          GLUON EFFECTIVE MASS   =    0.7500
          EXTRA SHOWER CUTOFF (Q)=    0.4800
          EXTRA SHOWER CUTOFF (G)=    0.1000
          PHOTON SHOWER CUTOFF   =    0.4000
          CLUSTER MASS PARAMETER =    3.3500
          SPACELIKE EVOLN CUTOFF =    2.5000
          INTRINSIC P-TRAN (RMS) =    0.0000
          DECAY SPIN CORRELATIONS=    T
          SUSY THREE BODY ME     =    T
          SUSY FOUR  BODY ME     =    F

          NO EVENTS WILL BE WRITTEN TO DISK

          B_d: Delt-M/Gam =0.7000 Delt-Gam/2*Gam =0.0000
          B_s: Delt-M/Gam = 10.00 Delt-Gam/2*Gam =0.2000

          PDFLIB NOT USED FOR BEAM 1
          PDFLIB NOT USED FOR BEAM 2


          Checking consistency of particle properties


          Checking consistency of decay tables


          WRITING SUDAKOV TABLE ON UNIT  77

          WRITING MATRIX ELEMENT TABLE ON UNIT  88

          CHECKING SUSY DECAY MATRIX ELEMENTS
 Do you want a stable Pi0 (.TRUE. or .FALSE)?
 Do you want a stable W+ (.TRUE. or .FALSE)?
 Do you want a stable W- (.TRUE. or .FALSE)?
 Do you want a stable Z0 (.TRUE. or .FALSE)?
 Do you want a stable Tau+ (.TRUE. or .FALSE)?
 Do you want a stable Tau- (.TRUE. or .FALSE)?
 Do you want a stable Mu+ (.TRUE. or .FALSE)?
 Do you want a stable Mu- (.TRUE. or .FALSE)?
 Do you want a stable Higgs (.TRUE. or .FALSE)?

          PARTICLE TYPE  21=PI0      SET STABLE
 How many decay modes do you want to set?
 How are the events normalized ("average" or "sum")?
 stdhep initialized

          SUBROUTINE TIMEL CALLED BUT NOT LINKED.
          DUMMY TIMEL WILL BE USED. DELETE DUMMY
          AND LINK CERNLIB FOR CPU TIME REMAINING.

 HWWARN CALLED FROM SUBPROGRAM HWSMRS: CODE =   5
 EVENT       1:   SEEDS = 1973774260 & 1099242306  WEIGHT =-0.5881E-03
 EVENT SURVIVES. EXECUTION CONTINUES
 WARNING: MRST98 CALLED WITH Q OUTSIDE ALLOWED RANGE!
 Q VALUE=1.430E+04, MINIMUM=1.118E+00, MAXIMUM=3.162E+03
 NO FURTHER WARNINGS WILL BE ISSUED



 EVENT       1: 6500.00 GEV/C P        ON  6500.00 GEV/C P        PROCESS:-18000
 SEEDS:  1973774260 &  1099242306   STATUS:  100 ERROR:   0  WEIGHT: -5.8812E-04


                               ---INITIAL STATE---    

 IHEP    ID      IDPDG IST MO1 MO2 DA1 DA2   P-X     P-Y     P-Z  ENERGY    MASS
    1 P           2212 101   0   0   0   0    0.00    0.00 6500.0 6500.0    0.94
    2 P           2212 102   0   0   0   0    0.00    0.00-6500.0 6500.0    0.94
    3 CMF            0 103   1   2   0   0    0.00    0.00    0.013000.013000.00

                              ---HARD SUBPROCESS---   

 IHEP    ID      IDPDG IST MO1 MO2 DA1 DA2   P-X     P-Y     P-Z  ENERGY    MASS
    4 UQRK           2 121   6   8  10   9    0.00    0.00 2420.2 2420.2    0.32
    5 DQRK           1 122   6   9  15   8    0.00    0.00 -148.7  148.7    0.32
    6 HARD           0 120   4   5   7   9   -8.63  -10.15 2271.6 2569.0 1199.83
    7 HIGGS         25 123   6   7  25   7 -236.65 -281.97 1516.0 1565.0  125.00
    8 UQRK           2 124   6   5  26   4   -0.10   27.84  -87.7   92.0    0.32
    9 DQRK           1 124   6   4  30   5  236.75  254.13  843.1  911.9    0.32

                              ---PARTON SHOWERS---    

 IHEP    ID      IDPDG IST MO1 MO2 DA1 DA2   P-X     P-Y     P-Z  ENERGY    MASS
   10 UQRK          94 141   4   6  12  14   -3.05   -5.47 2420.6 2420.6  -14.98
   11 CONE           0 100   4   9   0   0    0.68    0.73    2.9    3.1    0.00
   12 GLUON         21   2  10  13  37  38    2.42    3.22  347.5  347.5    0.75
   13 GLUON         21   2  10  14  39  40    0.63    2.24  211.5  211.5    0.75
   14 UD          2101   2  10  28  41  40    0.00    0.00 3520.4 3520.4    0.32
   15 DQRK          94 142   5   6  17  24   -5.58   -4.68 -149.0  148.5  -14.24
   16 CONE           0 100   5   8   0   0   -0.00    1.00   -2.7    2.9    0.00
   17 GLUON         21   2  15  18  42  43   -0.01    1.02  -16.6   16.6    0.75
   18 GLUON         21   2  15  19  44  45    0.30    0.17  -17.0   17.0    0.75
   19 GLUON         21   2  15  20  46  47    2.22    0.85  -25.7   25.8    0.75
   20 GLUON         21   2  15  21  48  49    1.75    3.11  -27.2   27.4    0.75
   21 GLUON         21   2  15  22  50  51   -0.35    2.39  -56.6   56.7    0.75
   22 GLUON         21   2  15  23  52  53    0.30   -0.33 -169.4  169.4    0.75
   23 GLUON         21   2  15  24  54  55    1.35   -2.53 -363.5  363.5    0.75
   24 UU          2203   2  15  32  56  55    0.00    0.00-5675.1 5675.1    0.26
   25 HIGGS         25 195   7   6 137 138 -241.70 -287.91 1514.8 1565.8  125.00
   26 UQRK          94 144   8   6  28  29   -0.41   27.45  -87.5   91.8    3.97
   27 CONE           0 100   8   5   0   0    0.01   -0.45   -1.9    2.0    0.00
   28 UQRK           2   2  26  29  57  41    0.29   24.86  -76.3   80.2    0.32
   29 GLUON         21   2  26  42  58  59   -0.70    2.59  -11.3   11.6    0.75
   30 DQRK          94 144   9   6  32  36  233.48  250.31  844.3  911.5   26.48
   31 CONE           0 100   9   4   0   0   -0.40   -0.43    1.2    1.3    0.00
   32 DQRK           1   2  30  33  60  56   85.84   91.62  301.4  326.5    0.32
   33 DBAR          -1   2  30  34  61  60   21.40   23.36   80.1   86.1    0.32
   34 DQRK           1   2  30  35  62  61  117.37  123.69  423.8  456.8    0.32
   35 GLUON         21   2  30  36  63  64    9.00    9.50   35.0   37.4    0.75
   36 GLUON         21   2  30  37  65  66   -0.12    2.15    4.0    4.6    0.75

                              ---GLUON SPLITTING---   

 IHEP    ID      IDPDG IST MO1 MO2 DA1 DA2   P-X     P-Y     P-Z  ENERGY    MASS
   37 UBAR          -2 158  10  38  96  76    0.58    0.99   96.6   96.6    0.32
   38 UQRK           2 158  10  39  77  37    1.61    1.85  212.7  212.7    0.32
   39 UBAR          -2 158  10  40  77  38    0.12    0.64   54.6   54.6    0.32
   40 UQRK           2 158  10  67  78  39    0.49    1.54  151.0  151.0    0.32
   41 UD          2101 161  10  57  92  68    0.00    0.01 2843.2 2843.2    0.64
   42 UBAR          -2 158  15  43  87  59    0.17    0.37   -7.2    7.2    0.32
   43 UQRK           2 158  15  44  79  42   -0.18    0.65   -9.4    9.4    0.32
   44 UBAR          -2 158  15  45  79  43   -0.05    0.14   -7.9    7.9    0.32
   45 UQRK           2 158  15  46  80  44    0.35    0.04   -9.1    9.1    0.32
   46 UBAR          -2 158  15  47  80  45    0.63    0.37   -8.9    8.9    0.32
   47 UQRK           2 158  15  48  81  46    1.59    0.48  -16.8   16.9    0.32
   48 DBAR          -1 158  15  49  81  47    1.29    2.09  -19.2   19.3    0.32
   49 DQRK           1 158  15  50  82  48    0.46    1.02   -8.0    8.1    0.32
   50 UBAR          -2 158  15  51  82  49   -0.37    1.17  -28.4   28.4    0.32
   51 UQRK           2 158  15  52  83  50    0.02    1.22  -28.3   28.3    0.32
   52 UBAR          -2 158  15  53  83  51    0.06   -0.22 -115.1  115.1    0.32
   53 UQRK           2 158  15  54  84  52    0.24   -0.11  -54.3   54.3    0.32
   54 DBAR          -1 158  15  55  84  53    0.29   -0.78 -104.2  104.2    0.32
   55 DQRK           1 158  15  69  85  54    1.01   -1.66 -246.8  246.8    0.32
   56 UU          2203 162  15  60  93  70    0.00   -0.01-4976.0 4976.0    0.64
   57 UQRK           2 158  26  58  86  41    0.29   24.86  -76.3   80.2    0.32
   58 UBAR          -2 158  26  59  86  57   -0.32    1.40   -6.8    6.9    0.32
   59 UQRK           2 158  26  42  87  58   -0.38    1.18   -4.5    4.6    0.32
   60 DQRK           1 158  30  61  88  56   85.84   91.62  301.4  326.5    0.32
   61 DBAR          -1 158  30  62  88  60   21.40   23.36   80.1   86.1    0.32
   62 DQRK           1 158  30  63  89  61  117.37  123.69  423.8  456.8    0.32
   63 UBAR          -2 158  30  64  89  62    4.05    4.00   15.3   16.4    0.32
   64 UQRK           2 158  30  65  90  63    4.94    5.49   19.7   21.0    0.32
   65 UBAR          -2 158  30  66  90  64    0.08    0.64    1.4    1.6    0.32
   66 UQRK           2 158  30  73  91  65   -0.13    0.99    1.8    2.1    0.32
   67 DBAR          -1 159  10  68  78  40    0.01    0.02  422.9  422.9    0.32
   68 DQRK           1 159  10  41  92  67    0.01    0.03  260.1  260.1    0.32
   69 DBAR          -1 159  15  70  85  55    0.01   -0.02 -521.9  521.9    0.32
   70 DQRK           1 159  15  56  93  69    0.04   -0.06 -189.6  189.6    0.32
   71 DBAR          -1 159  10  72  95  74    0.07    0.14   12.4   12.4    0.32
   72 DQRK           1 159  30  75  94  71   -0.03    0.26    1.1    1.2    0.32
   73 DBAR          -1 159  10  74  91  66    0.10    0.19   17.4   17.4    0.32
   74 DQRK           1 159  30  71  95  73   -0.00    0.12    2.0    2.1    0.32
   75 UBAR          -2 159  10  76  94  72    0.00    0.11    2.3    2.3    0.32
   76 UQRK           2 159  30  37  96  75    0.02    0.09    3.8    3.8    0.32

                             ---CLUSTER FORMATION---  

 IHEP    ID      IDPDG IST MO1 MO2 DA1 DA2   P-X     P-Y     P-Z  ENERGY    MASS
   77 CLUS          91 183  38  39  97  98    1.72    2.49  267.3  267.3    1.03
   78 CLUS          91 183  40  67  99 100    0.49    1.56  573.9  573.9    2.79
   79 CLUS          91 183  43  44 101 102   -0.22    0.78  -17.3   17.3    0.79
   80 CLUS          91 183  45  46 103 104    0.98    0.41  -18.0   18.0    0.78
   81 CLUS          91 183  47  48 105 106    2.88    2.57  -36.0   36.2    1.65
   82 CLUS          91 183  49  50 107 108    0.10    2.19  -36.3   36.4    1.85
   83 CLUS          91 183  51  52 109 110    0.08    1.00 -143.4  143.5    2.70
   84 CLUS          91 183  53  54 111 112    0.53   -0.89 -158.5  158.5    0.80
   85 CLUS          91 183  55  69 113 114    1.02   -1.68 -768.7  768.7    2.89
   86 CLUS          91 183  57  58 115 116   -0.03   26.27  -83.1   87.2    3.11
   87 CLUS          91 183  59  42 117 118   -0.20    1.56  -11.6   11.8    1.49
   88 CLUS          91 183  60  61 119 120  107.24  114.97  381.5  412.6    3.21
   89 CLUS          91 183  62  63 121 122  121.42  127.69  439.2  473.2    3.07
   90 CLUS          91 183  64  65 123 124    5.02    6.13   21.1   22.6    1.88
   91 CLUS          91 183  66  73 125 126   -0.03    1.18   19.2   19.5    3.12
   92 CLUS          91 184  68  41 127 128    0.01    0.04 3103.3 3103.3    1.30
   93 CLUS          91 185  70  56 129 130    0.04   -0.07-5165.6 5165.6    1.83
   94 CLUS          91 183  72  75 131 132   -0.03    0.37    3.4    3.5    0.73
   95 CLUS          91 183  74  71 133 134    0.07    0.26   14.5   14.5    0.95
   96 CLUS          91 183  76  37 135 136    0.60    1.07  100.4  100.4    1.70

                              ---CLUSTER DECAYS---    

 IHEP    ID      IDPDG IST MO1 MO2 DA1 DA2   P-X     P-Y     P-Z  ENERGY    MASS
   97 PI0          111   1  77  10   0   0    0.72    0.78   95.1   95.1    0.13
   98 RHO0         113 197  77  10 208 209    1.00    1.71  172.2  172.2    0.77
   99 DELTA0      2114 197  78  10 210 211   -0.24    1.15  261.5  261.5    1.23
  100 DELTABR+   -1114 197  78  10 212 213    0.73    0.41  312.4  312.4    1.23
  101 PI0          111   1  79  15   0   0    0.13   -0.04   -5.0    5.0    0.13
  102 PI0          111   1  79  15   0   0   -0.36    0.82  -12.3   12.3    0.13
  103 PI+          211   1  80  15   0   0   -0.03    0.19   -2.0    2.0    0.14
  104 PI-         -211   1  80  15   0   0    1.01    0.22  -16.0   16.1    0.14
  105 OMEGA        223 197  81  15 214 216    1.43    2.11  -23.3   23.4    0.78
  106 PI+          211   1  81  15   0   0    1.45    0.45  -12.7   12.8    0.14
  107 ETA          221 197  82  15 217 219   -0.08    1.95  -24.2   24.3    0.55
  108 RHO-        -213 197  82  15 220 221    0.17    0.24  -12.2   12.2    0.77
  109 PI0          111   1  83  15   0   0    0.71   -0.14  -45.9   45.9    0.13
  110 PI_20      10115 197  83  15 222 223   -0.63    1.14  -97.5   97.5    1.67
  111 PI0          111   1  84  15   0   0    0.35   -0.64 -142.5  142.5    0.13
  112 PI+          211   1  84  15   0   0    0.17   -0.24  -16.0   16.0    0.14
  113 P           2212   1  85  15   0   0    0.85   -1.40 -606.3  606.3    0.94
  114 DELTABR-   -2214 197  85  15 224 225    0.17   -0.28 -162.5  162.5    1.23
  115 N           2112   1  86  26   0   0    0.23   22.68  -69.8   73.4    0.94
  116 NBAR       -2112   1  86  26   0   0   -0.26    3.59  -13.3   13.8    0.94
  117 A_1+       20213 197  87  26 226 227   -0.09    1.49   -9.7    9.9    1.23
  118 PI-         -211   1  87  26   0   0   -0.11    0.07   -1.9    1.9    0.14
  119 XI-         3312 197  88  30 228 229   65.43   69.96  230.9  250.0    1.32
  120 XI*BAR+    -3314 197  88  30 230 231   41.81   45.02  150.6  162.6    1.53
  121 PI_20      10115 197  89  30 232 233  108.50  114.26  392.0  422.5    1.67
  122 RHO-        -213 197  89  30 234 235   12.92   13.43   47.1   50.7    0.77
  123 RHO0         113 197  90  30 236 237    4.62    5.10   16.7   18.1    0.77
  124 PI0          111   1  90  30   0   0    0.40    1.03    4.4    4.5    0.13
  125 DELTA++     2224 197  91  30 238 239   -0.39    1.60   15.4   15.5    1.23
  126 PBAR       -2212   1  91  30   0   0    0.37   -0.41    3.8    4.0    0.94
  127 PI0          111   1  92  10   0   0    0.17   -0.04 1302.1 1302.1    0.13
  128 N           2112   1  92  10   0   0   -0.15    0.08 1801.2 1801.2    0.94
  129 PI0          111   1  93  15   0   0   -0.46    0.09-1452.6 1452.6    0.13
  130 DELTA+      2214 197  93  15 240 241    0.50   -0.16-3713.1 3713.1    1.23
  131 PI-         -211   1  94  30   0   0   -0.20    0.18    0.5    0.6    0.14
  132 PI0          111   1  94  30   0   0    0.17    0.19    2.9    2.9    0.13
  133 PI-         -211   1  95  30   0   0   -0.33    0.38    9.2    9.2    0.14
  134 PI+          211   1  95  30   0   0    0.40   -0.13    5.3    5.3    0.14
  135 PI+          211   1  96  30   0   0    0.07    0.44   13.7   13.7    0.14
  136 A_2-        -215 197  96  30 242 243    0.53    0.63   86.7   86.7    1.32

                            ---H/W/Z BOSON DECAYS---  

 IHEP    ID      IDPDG IST MO1 MO2 DA1 DA2   P-X     P-Y     P-Z  ENERGY    MASS
  137 BQRK           5 123  25 138 139 138 -145.99  -83.59  567.3  591.7    4.95
  138 BBAR          -5 124  25 137 147 137  -95.72 -204.33  947.5  974.0    4.95

                              ---PARTON SHOWERS---    

 IHEP    ID      IDPDG IST MO1 MO2 DA1 DA2   P-X     P-Y     P-Z  ENERGY    MASS
  139 BQRK          94 143 137  25 141 146 -151.13  -98.03  631.6  657.7   34.70
  140 CONE           0 100 137 138   0   0    0.01   -1.00    3.8    3.9    0.00
  141 BQRK           5   2 139 142 154 153  -86.31  -66.46  344.2  361.1    4.95
  142 DBAR          -1   2 139 143 155 154  -15.46   -9.06   64.8   67.2    0.32
  143 DQRK           1   2 139 144 156 155  -10.76   -6.30   54.4   55.8    0.32
  144 GLUON         21   2 139 145 157 158  -23.64  -13.71  109.1  112.5    0.75
  145 GLUON         21   2 139 146 159 160  -13.36   -2.98   50.0   51.8    0.75
  146 GLUON         21   2 139 149 161 162   -1.60    0.47    9.1    9.3    0.75
  147 BBAR          94 144 138  25 149 153  -90.57 -189.88  883.3  908.1   15.48
  148 CONE           0 100 138 137   0   0   -1.43   -0.67    5.0    5.2    0.00
  149 GLUON         21   2 147 150 163 164   -1.61   -4.69   23.3   23.8    0.75
  150 GLUON         21   2 147 151 165 166   -8.36  -20.27   86.2   89.0    0.75
  151 GLUON         21   2 147 152 167 168  -28.48  -55.13  252.6  260.1    0.75
  152 GLUON         21   2 147 153 169 170  -16.92  -30.62  143.6  147.8    0.75
  153 BBAR          -5   2 147 154 171 170  -35.20  -79.17  377.6  387.4    4.95

                              ---GLUON SPLITTING---   

 IHEP    ID      IDPDG IST MO1 MO2 DA1 DA2   P-X     P-Y     P-Z  ENERGY    MASS
  154 BQRK           5 158 139 172 176 171  -79.36  -60.91  316.7  332.2    4.95
  155 DBAR          -1 158 139 156 185 173  -11.87   -6.97   49.7   51.6    0.32
  156 DQRK           1 158 139 157 177 155  -10.76   -6.30   54.4   55.8    0.32
  157 DBAR          -1 158 139 158 177 156  -11.42   -6.78   52.5   54.1    0.32
  158 DQRK           1 158 139 159 178 157  -12.22   -6.93   56.7   58.4    0.32
  159 UBAR          -2 158 139 160 178 158   -5.29   -1.33   19.6   20.3    0.32
  160 UQRK           2 158 139 161 179 159   -8.07   -1.64   30.4   31.5    0.32
  161 UBAR          -2 158 139 162 179 160   -0.61    0.03    3.9    4.0    0.32
  162 UQRK           2 158 139 163 180 161   -1.00    0.44    5.2    5.3    0.32
  163 DBAR          -1 158 147 164 180 162   -0.68   -1.51    7.8    8.0    0.32
  164 DQRK           1 158 147 165 181 163   -0.93   -3.18   15.4   15.8    0.32
  165 UBAR          -2 158 147 166 181 164   -4.57  -10.86   45.6   47.1    0.32
  166 UQRK           2 158 147 167 182 165   -3.78   -9.41   40.6   41.8    0.32
  167 UBAR          -2 158 147 168 182 166  -18.62  -36.08  164.6  169.6    0.32
  168 UQRK           2 158 147 169 183 167   -9.87  -19.05   88.0   90.6    0.32
  169 UBAR          -2 158 147 170 183 168   -8.64  -16.05   74.7   76.9    0.32
  170 UQRK           2 158 147 174 184 169   -5.49   -9.74   46.0   47.4    0.32
  171 BBAR          -5 158 147 154 186 175  -33.76  -75.21  358.6  368.0    4.95
  172 SBAR          -3 159 139 173 176 154   -4.25   -2.88   17.4   18.1    0.50
  173 SQRK           3 159 139 155 185 172   -6.29   -4.76   25.2   26.4    0.50
  174 DBAR          -1 159 147 175 184 170   -2.12   -4.68   22.3   22.9    0.32
  175 DQRK           1 159 147 171 186 174   -2.10   -4.11   19.5   20.0    0.32

                             ---CLUSTER FORMATION---  

 IHEP    ID      IDPDG IST MO1 MO2 DA1 DA2   P-X     P-Y     P-Z  ENERGY    MASS
  176 CLUS          91 183 154 172 187 188  -83.60  -63.79  334.1  350.3    5.88
  177 CLUS          91 183 156 157 189 190  -22.18  -13.08  106.8  109.9    1.39
  178 CLUS          91 183 158 159 191 192  -17.51   -8.26   76.2   78.7    2.65
  179 CLUS          91 183 160 161 193 194   -8.67   -1.61   34.3   35.5    1.70
  180 CLUS          91 183 162 163 195 196   -1.68   -1.08   13.0   13.3    2.00
  181 CLUS          91 183 164 165 197 198   -5.51  -14.04   61.1   62.9    1.52
  182 CLUS          91 183 166 167 199 200  -22.40  -45.48  205.2  211.4    2.09
  183 CLUS          91 183 168 169 201 202  -18.51  -35.10  162.7  167.5    0.72
  184 CLUS          91 183 170 174 203 204   -7.61  -14.42   68.3   70.3    1.04
  185 CLUS          91 183 173 155 205 206  -18.19  -11.75   75.1   78.1    1.98
  186 CLUS          91 183 175 171 207 207  -35.83  -79.30  378.0  387.9    5.28

                              ---CLUSTER DECAYS---    

 IHEP    ID      IDPDG IST MO1 MO2 DA1 DA2   P-X     P-Y     P-Z  ENERGY    MASS
  187 B*-         -523 197 176 139 244 245  -78.55  -60.06  313.8  329.0    5.32
  188 K+           321   1 176 139   0   0   -5.05   -3.73   20.3   21.3    0.49
  189 PI0          111   1 177 139   0   0   -7.46   -4.36   37.8   38.8    0.13
  190 OMEGA        223 197 177 139 246 248  -14.73   -8.72   69.0   71.1    0.78
  191 SIGMA-      3112 197 178 139 249 250   -5.46   -2.91   25.7   26.4    1.20
  192 LAMBDABR   -3122 197 178 139 251 252  -12.05   -5.35   50.6   52.3    1.12
  193 PI+          211   1 179 139   0   0   -2.19   -0.49    9.8   10.1    0.14
  194 A_2-        -215 197 179 139 253 254   -6.48   -1.12   24.5   25.4    1.32
  195 PI+          211   1 180 139   0   0   -0.61   -0.18    3.0    3.0    0.14
  196 PI_20      10115 197 180 139 255 256   -1.07   -0.90   10.0   10.2    1.67
  197 OMEGA        223 197 181 147 257 259   -4.09   -8.97   39.4   40.6    0.78
  198 PI-         -211   1 181 147   0   0   -1.42   -5.07   21.7   22.3    0.14
  199 RHO_3+       217 197 182 147 260 261  -20.09  -40.11  181.2  186.6    1.69
  200 PI-         -211   1 182 147   0   0   -2.31   -5.38   24.0   24.7    0.14
  201 PI+          211   1 183 147   0   0  -13.88  -25.72  120.0  123.5    0.14
  202 PI-         -211   1 183 147   0   0   -4.63   -9.38   42.8   44.0    0.14
  203 PI+          211   1 184 147   0   0   -2.68   -5.15   23.7   24.4    0.14
  204 OMEGA        223 197 184 147 262 264   -4.94   -9.28   44.6   45.8    0.78
  205 FH_1       20333 197 185 139 265 266  -12.52   -8.24   51.5   53.6    1.43
  206 KBAR0       -311 197 185 139 267 267   -5.67   -3.50   23.6   24.5    0.50
  207 B_D0         511 200 186 147 268 268  -35.83  -79.30  378.0  387.9    5.28

                           ---STRONG HADRON DECAYS--- 

 IHEP    ID      IDPDG IST MO1 MO2 DA1 DA2   P-X     P-Y     P-Z  ENERGY    MASS
  208 PI+          211   1  98  10   0   0    0.88    1.12  139.4  139.4    0.14
  209 PI-         -211   1  98  10   0   0    0.12    0.58   32.8   32.8    0.14
  210 N           2112   1  99  10   0   0   -0.35    1.10  212.3  212.3    0.94
  211 PI0          111   1  99  10   0   0    0.11    0.05   49.3   49.3    0.13
  212 NBAR       -2112   1 100  10   0   0    0.75    0.28  228.8  228.8    0.94
  213 PI+          211   1 100  10   0   0   -0.02    0.14   83.6   83.6    0.14
  214 PI+          211   1 105  15   0   0    0.19    0.39   -5.6    5.6    0.14
  215 PI-         -211   1 105  15   0   0    0.36    0.35   -5.4    5.5    0.14
  216 PI0          111   1 105  15   0   0    0.88    1.38  -12.3   12.4    0.13
  217 PI+          211   1 107  15   0   0    0.10    0.80   -9.2    9.2    0.14
  218 PI-         -211   1 107  15   0   0   -0.11    0.78  -10.7   10.8    0.14
  219 PI0          111   1 107  15   0   0   -0.06    0.37   -4.3    4.3    0.13
  220 PI-         -211   1 108  15   0   0    0.27    0.27   -3.2    3.2    0.14
  221 PI0          111   1 108  15   0   0   -0.10   -0.03   -9.0    9.0    0.13
  222 F_2          225 198 110  15 272 273   -0.55    0.61  -79.4   79.5    1.27
  223 PI0          111   1 110  15   0   0   -0.08    0.53  -18.1   18.1    0.13
  224 PBAR       -2212   1 114  15   0   0    0.07   -0.07 -100.6  100.6    0.94
  225 PI0          111   1 114  15   0   0    0.11   -0.20  -61.8   61.8    0.13
  226 RHO0         113 198 117  26 274 275   -0.16    0.71   -6.9    7.0    0.77
  227 PI+          211   1 117  26   0   0    0.07    0.78   -2.8    2.9    0.14
  228 LAMBDA      3122 198 119  30 276 277   56.53   60.64  199.8  216.3    1.12
  229 PI-         -211   1 119  30   0   0    8.89    9.32   31.2   33.7    0.14
  230 XIBAR0     -3322 198 120  30 278 279   33.51   36.24  121.2  130.9    1.31
  231 PI+          211   1 120  30   0   0    8.29    8.77   29.4   31.8    0.14
  232 RHO+         213 198 121  30 280 281   89.31   93.62  320.7  345.8    0.77
  233 PI-         -211   1 121  30   0   0   19.19   20.65   71.3   76.7    0.14
  234 PI-         -211   1 122  30   0   0   11.63   11.84   41.7   44.9    0.14
  235 PI0          111   1 122  30   0   0    1.28    1.59    5.4    5.8    0.13
  236 PI+          211   1 123  30   0   0    1.82    1.79    5.4    6.0    0.14
  237 PI-         -211   1 123  30   0   0    2.80    3.31   11.3   12.1    0.14
  238 P           2212   1 125  30   0   0   -0.11    1.25   10.9   11.0    0.94
  239 PI+          211   1 125  30   0   0   -0.28    0.34    4.5    4.5    0.14
  240 P           2212   1 130  15   0   0    0.56    0.03-2882.9 2882.9    0.94
  241 PI0          111   1 130  15   0   0   -0.05   -0.19 -830.1  830.1    0.13
  242 ETA          221 198 136  30 282 284    0.24    0.22   74.6   74.7    0.55
  243 PI-         -211   1 136  30   0   0    0.29    0.41   12.0   12.0    0.14
  244 B-          -521 198 187 139 285 286  -77.39  -59.20  309.2  324.2    5.28
  245 GAMMA         22   1 187 139   0   0   -1.17   -0.85    4.5    4.8    0.00
  246 PI+          211   1 190 139   0   0  -10.16   -5.81   46.3   47.8    0.14
  247 PI-         -211   1 190 139   0   0   -2.71   -1.71   13.3   13.7    0.14
  248 PI0          111   1 190 139   0   0   -1.85   -1.19    9.4    9.6    0.13
  249 N           2112   1 191 139   0   0   -5.22   -2.80   24.2   25.0    0.94
  250 PI-         -211   1 191 139   0   0   -0.23   -0.11    1.4    1.5    0.14
  251 PBAR       -2212   1 192 139   0   0   -9.64   -4.37   40.5   41.9    0.94
  252 PI+          211   1 192 139   0   0   -2.41   -0.98   10.0   10.4    0.14
  253 RHO-        -213 198 194 139 287 288   -4.32   -0.78   17.9   18.5    0.77
  254 PI0          111   1 194 139   0   0   -2.17   -0.34    6.6    6.9    0.13
  255 F_2          225 198 196 139 289 290   -0.61   -0.41    7.5    7.6    1.27
  256 PI0          111   1 196 139   0   0   -0.46   -0.49    2.6    2.6    0.13
  257 PI+          211   1 197 147   0   0   -1.19   -2.07    9.2    9.5    0.14
  258 PI-         -211   1 197 147   0   0   -2.54   -5.94   26.0   26.8    0.14
  259 PI0          111   1 197 147   0   0   -0.36   -0.96    4.1    4.3    0.13
  260 RHO+         213 198 199 147 291 292   -7.57  -14.73   66.1   68.1    0.77
  261 RHO0         113 198 199 147 293 294  -12.52  -25.37  115.1  118.5    0.77
  262 PI+          211   1 204 147   0   0   -3.11   -5.35   26.0   26.7    0.14
  263 PI-         -211   1 204 147   0   0   -1.10   -2.52   11.4   11.7    0.14
  264 PI0          111   1 204 147   0   0   -0.72   -1.41    7.3    7.4    0.13
  265 K-          -321   1 205 139   0   0   -5.99   -3.94   24.6   25.7    0.49
  266 K*+          323 198 205 139 295 296   -6.53   -4.31   26.8   28.0    0.89
  267 K_L0         130   1 206 139   0   0   -5.67   -3.50   23.6   24.5    0.50
  268 B_D0         511 196 207 147 269 271  -35.83  -79.30  378.0  387.9    5.28
  269 E+           -11   1 268 147   0   0    0.03   -1.11    5.3    5.4    0.00
  270 NU_E          12   1 268 147   0   0   -7.49  -14.94   73.3   75.2    0.00
  271 D*-         -413 198 268 147 297 298  -28.37  -63.25  299.4  307.3    2.01
  272 PI+          211   1 222  15   0   0   -0.90    0.33  -63.6   63.6    0.14
  273 PI-         -211   1 222  15   0   0    0.35    0.28  -15.8   15.8    0.14
  274 PI+          211   1 226  26   0   0    0.23    0.44   -4.6    4.7    0.14
  275 PI-         -211   1 226  26   0   0   -0.38    0.27   -2.3    2.3    0.14
  276 P           2212   1 228  30   0   0   49.37   52.84  174.1  188.5    0.94
  277 PI-         -211   1 228  30   0   0    7.16    7.80   25.6   27.7    0.14
  278 LAMBDABR   -3122 198 230  30 299 300   27.17   29.33   98.5  106.3    1.12
  279 PI0          111   1 230  30   0   0    6.35    6.92   22.7   24.6    0.13
  280 PI+          211   1 232  30   0   0   47.52   49.33  169.4  182.8    0.14
  281 PI0          111   1 232  30   0   0   41.79   44.29  151.3  163.1    0.13
  282 PI0          111   1 242  30   0   0    0.15    0.11   43.3   43.3    0.13
  283 PI0          111   1 242  30   0   0    0.08    0.02   23.0   23.0    0.13
  284 PI0          111   1 242  30   0   0    0.01    0.09    8.3    8.3    0.13
  285 JPSI         443 198 244 139 301 304  -28.33  -21.35  112.7  118.2    3.10
  286 K*-         -323 198 244 139 305 306  -49.05  -37.86  196.5  206.0    0.89
  287 PI-         -211   1 253 139   0   0   -1.61    0.01    7.3    7.5    0.14
  288 PI0          111   1 253 139   0   0   -2.70   -0.79   10.6   11.0    0.13
  289 PI+          211   1 255 139   0   0   -0.57    0.34    4.2    4.3    0.14
  290 PI-         -211   1 255 139   0   0   -0.04   -0.75    3.2    3.3    0.14
  291 PI+          211   1 260 147   0   0   -1.50   -2.59   12.9   13.2    0.14
  292 PI0          111   1 260 147   0   0   -6.07  -12.14   53.2   54.9    0.13
  293 PI+          211   1 261 147   0   0  -10.51  -20.79   94.2   97.1    0.14
  294 PI-         -211   1 261 147   0   0   -2.01   -4.58   20.9   21.5    0.14
  295 K+           321   1 266 139   0   0   -6.15   -4.03   25.5   26.6    0.49
  296 PI0          111   1 266 139   0   0   -0.37   -0.28    1.3    1.4    0.13
  297 DBAR0       -421 198 271 147 307 308  -25.99  -57.97  274.2  281.5    1.86
  298 PI-         -211   1 271 147   0   0   -2.37   -5.28   25.1   25.8    0.14
  299 PBAR       -2212   1 278  30   0   0   24.33   26.14   88.0   95.0    0.94
  300 PI+          211   1 278  30   0   0    2.84    3.18   10.4   11.3    0.14
  301 RHO0         113 198 285 139 309 310   -6.31   -4.72   23.8   25.1    0.77
  302 RHO0         113 198 285 139 311 312   -8.40   -6.91   34.8   36.4    0.77
  303 K-          -321   1 285 139   0   0   -3.99   -2.60   15.5   16.2    0.49
  304 K+           321   1 285 139   0   0   -9.63   -7.12   38.7   40.5    0.49
  305 KBAR0       -311 198 286 139 313 313  -20.92  -16.11   84.4   88.5    0.50
  306 PI-         -211   1 286 139   0   0  -28.13  -21.75  112.1  117.6    0.14
  307 K+           321   1 297 147   0   0  -22.61  -48.89  232.2  238.3    0.49
  308 PI-         -211   1 297 147   0   0   -3.38   -9.08   42.1   43.2    0.14
  309 PI+          211   1 301 139   0   0   -5.76   -4.14   21.7   22.8    0.14
  310 PI-         -211   1 301 139   0   0   -0.55   -0.58    2.1    2.2    0.14
  311 PI+          211   1 302 139   0   0   -6.08   -4.72   25.3   26.5    0.14
  312 PI-         -211   1 302 139   0   0   -2.32   -2.19    9.4   10.0    0.14
  313 K_L0         130   1 305 139   0   0  -20.92  -16.11   84.4   88.5    0.50



 EVENT       2: 6500.00 GEV/C P        ON  6500.00 GEV/C P        PROCESS:-18000
 SEEDS:    34252329 &  1435959843   STATUS:  100 ERROR:   0  WEIGHT:  5.8812E-04


                               ---INITIAL STATE---    

 IHEP    ID      IDPDG IST MO1 MO2 DA1 DA2   P-X     P-Y     P-Z  ENERGY    MASS
    1 P           2212 101   0   0   0   0    0.00    0.00 6500.0 6500.0    0.94
    2 P           2212 102   0   0   0   0    0.00    0.00-6500.0 6500.0    0.94
    3 CMF            0 103   1   2   0   0    0.00    0.00    0.013000.013000.00

                              ---HARD SUBPROCESS---   

 IHEP    ID      IDPDG IST MO1 MO2 DA1 DA2   P-X     P-Y     P-Z  ENERGY    MASS
    4 DQRK           1 121   6   8  10   9    0.00    0.00  263.2  263.2    0.32
    5 UQRK           2 122   6   9  18   8   -0.00   -0.00-2579.1 2579.1    0.32
    6 HARD           0 120   4   5   7   9    2.41   -2.65-2315.9 2842.3 1647.91
    7 HIGGS         25 123   6   7  20   7  201.78  -83.21  -20.2  252.3  125.00
    8 DQRK           1 124   6   5  21   4 -101.48    9.68-2415.3 2417.4    0.32
    9 UQRK           2 124   6   4  26   5 -100.30   73.53  119.6  172.6    0.32

                              ---PARTON SHOWERS---    

 IHEP    ID      IDPDG IST MO1 MO2 DA1 DA2   P-X     P-Y     P-Z  ENERGY    MASS
   10 DQRK          94 141   4   6  12  17    2.41   -2.65  263.5  262.9  -18.53
   11 CONE           0 100   4   9   0   0   -0.81    0.59    0.9    1.3    0.00
   12 GLUON         21   2  10  13  28  29    1.27    5.31   27.0   27.5    0.75
   13 GLUON         21   2  10  14  30  31   -5.58    0.43  248.0  248.1    0.75
   14 UD          2101   2  10  15  32  31    0.00    0.00 1597.2 1597.2    0.32
   15 UQRK           2   2  10  16  33  32    0.76   -1.72 3117.8 3117.8    0.32
   16 GLUON         21   2  10  17  34  35    1.69    0.11  914.7  914.7    0.75
   17 DBAR          -1   2  10  23  36  35   -0.54   -1.49  331.7  331.7    0.32
   18 UQRK          94 142   5   6  19  19    0.00    0.00-2579.4 2579.4    0.53
   19 UD          2101   2  18  27  37  25    0.00    0.00-3920.6 3920.6    0.32
   20 HIGGS         25 195   7   6 123 124  201.97  -83.43  -20.2  252.6  125.00
   21 DQRK          94 144   8   6  23  25  -99.42    7.43-2415.3 2417.4   18.64
   22 CONE           0 100   8   5   0   0    0.32   -0.02  -16.5   16.5    0.00
   23 DQRK           1   2  21  24  38  36  -67.34    6.27-1592.2 1593.6    0.32
   24 GLUON         21   2  21  25  39  40  -31.64    2.94 -772.9  773.6    0.75
   25 GLUON         21   2  21  37  41  42   -0.44   -1.79  -50.2   50.2    0.75
   26 UQRK          94 144   9   6  27  27 -100.14   73.36  119.6  172.4    0.32
   27 UQRK           2   2  26  28  43  37 -100.14   73.36  119.6  172.4    0.32

                              ---GLUON SPLITTING---   

 IHEP    ID      IDPDG IST MO1 MO2 DA1 DA2   P-X     P-Y     P-Z  ENERGY    MASS
   28 DBAR          -1 158  10  29  83  63    0.56    2.18   10.5   10.7    0.32
   29 DQRK           1 158  10  48  66  28    0.42    1.99   10.9   11.1    0.32
   30 DBAR          -1 158  10  31  76  49   -2.80    0.36  127.4  127.4    0.32
   31 DQRK           1 158  10  52  67  30   -1.40    0.00   62.3   62.3    0.32
   32 UD          2101 161  10  33  74  45   -0.04    0.00  456.6  456.6    0.64
   33 UQRK           2 158  10  34  68  32    0.76   -1.72 3117.8 3117.8    0.32
   34 DBAR          -1 158  10  35  68  33    1.14    0.17  655.1  655.1    0.32
   35 DQRK           1 158  10  36  69  34    0.54   -0.06  259.6  259.6    0.32
   36 DBAR          -1 158  10  38  69  35   -0.54   -1.49  331.7  331.7    0.32
   37 UD          2101 162  18  43  75  47   -0.00   -0.00-3071.0 3071.0    0.64
   38 DQRK           1 158  21  39  70  36  -67.34    6.27-1592.2 1593.6    0.32
   39 DBAR          -1 158  21  40  70  38  -17.84    1.85 -435.7  436.1    0.32
   40 DQRK           1 158  21  54  71  39  -12.13    0.96 -296.4  296.7    0.32
   41 DBAR          -1 158  21  42  79  55   -0.31   -0.50  -15.7   15.7    0.32
   42 DQRK           1 158  21  56  72  41   -0.02   -0.55  -19.2   19.3    0.32
   43 UQRK           2 158  26  60  73  37  -59.34   43.47   70.9  102.1    0.32
   44 UBAR          -2 159  10  45  77  51   -0.01    0.00  633.5  633.5    0.32
   45 UQRK           2 159  10  32  74  44   -0.12    0.00   41.8   41.8    0.32
   46 UBAR          -2 159  18  47  80  57   -0.00   -0.00 -557.7  557.7    0.32
   47 UQRK           2 159  21  37  75  46   -0.00   -0.08  -36.8   36.8    0.32
   48 DBAR          -1 159  10  49  66  29   -0.37    0.08   17.1   17.1    0.32
   49 DQRK           1 159  10  30  76  48   -0.05    0.15    4.4    4.4    0.32
   50 UBAR          -2 159  10  51  78  53   -0.01    0.00  313.8  313.8    0.32
   51 UQRK           2 159  10  44  77  50   -0.33    0.00   27.1   27.1    0.32
   52 SBAR          -3 159  10  53  67  31   -0.09    0.00  115.7  115.7    0.50
   53 SQRK           3 159  10  50  78  52   -0.32    0.00   46.5   46.5    0.50
   54 DBAR          -1 159  21  55  71  40   -0.30   -0.38  -13.7   13.7    0.32
   55 DQRK           1 159  21  41  79  54   -1.46    0.07  -36.5   36.5    0.32
   56 DBAR          -1 159  18  57  72  42   -0.00   -0.01 -242.1  242.1    0.32
   57 DQRK           1 159  21  46  80  56   -0.01   -0.19  -18.8   18.9    0.32
   58 SBAR          -3 159  10  59  82  61   -1.05    0.83    1.5    2.1    0.50
   59 SQRK           3 159  26  64  81  58  -20.18   14.79   24.1   34.8    0.50
   60 DBAR          -1 159  10  61  73  43   -1.58    1.17    2.0    2.8    0.32
   61 DQRK           1 159  26  58  82  60  -15.99   11.71   19.1   27.5    0.32
   62 UBAR          -2 159  10  63  84  65    0.09    0.56    2.6    2.7    0.32
   63 UQRK           2 159  26  28  83  62   -0.14    0.26    0.8    0.9    0.32
   64 SBAR          -3 159  10  65  81  59   -1.49    1.13    2.0    2.8    0.50
   65 SQRK           3 159  26  62  84  64   -0.22    0.40    1.3    1.5    0.50

                             ---CLUSTER FORMATION---  

 IHEP    ID      IDPDG IST MO1 MO2 DA1 DA2   P-X     P-Y     P-Z  ENERGY    MASS
   66 CLUS          91 183  29  48  85  86    0.05    2.07   28.0   28.2    2.63
   67 CLUS          91 183  31  52  87  88   -1.49    0.00  178.1  178.1    2.01
   68 CLUS          91 183  33  34  89  90    1.90   -1.54 3772.9 3772.9    2.58
   69 CLUS          91 183  35  36  91  92   -0.00   -1.55  591.3  591.3    1.78
   70 CLUS          91 183  38  39  93  94  -85.18    8.12-2027.9 2029.7    1.39
   71 CLUS          91 183  40  54  95  96  -12.43    0.58 -310.1  310.3    2.79
   72 CLUS          91 183  42  56  97  98   -0.02   -0.56 -261.3  261.3    2.30
   73 CLUS          91 183  43  60  99 100  -60.91   44.64   72.8  104.9    2.01
   74 CLUS          91 184  45  32 101 102   -0.15    0.00  498.4  498.4    1.34
   75 CLUS          91 185  47  37 103 104   -0.00   -0.08-3107.8 3107.8    3.09
   76 CLUS          91 183  49  30 105 106   -2.85    0.52  131.7  131.8    1.95
   77 CLUS          91 183  51  44 107 108   -0.34    0.00  660.6  660.6    2.28
   78 CLUS          91 183  53  50 109 110   -0.33    0.00  360.3  360.4    1.66
   79 CLUS          91 183  55  41 111 112   -1.77   -0.43  -52.1   52.2    1.18
   80 CLUS          91 183  57  46 113 114   -0.01   -0.20 -576.6  576.6    2.09
   81 CLUS          91 183  59  64 115 116  -21.67   15.92   26.1   37.5    1.97
   82 CLUS          91 183  61  58 117 118  -17.04   12.54   20.6   29.6    2.03
   83 CLUS          91 183  63  28 119 120    0.41    2.44   11.3   11.7    1.40
   84 CLUS          91 183  65  62 121 122   -0.12    0.96    3.9    4.1    1.02

                              ---CLUSTER DECAYS---    

 IHEP    ID      IDPDG IST MO1 MO2 DA1 DA2   P-X     P-Y     P-Z  ENERGY    MASS
   85 P           2212   1  66  10   0   0   -0.61    0.53    8.7    8.8    0.94
   86 DELTABR-   -2214 197  66  10 176 177    0.66    1.54   19.3   19.4    1.23
   87 PI-         -211   1  67  10   0   0   -0.16   -0.04   11.3   11.3    0.14
   88 KH_1+      20323 197  67  10 178 179   -1.34    0.05  166.8  166.8    1.85
   89 OMEGA        223 197  68  10 180 182    0.70   -1.27 2417.0 2417.0    0.78
   90 A_1+       20213 197  68  10 183 184    1.20   -0.27 1355.9 1355.9    1.23
   91 A_2-        -215 197  69  10 185 186    0.25   -0.86  438.5  438.5    1.32
   92 PI+          211   1  69  10   0   0   -0.25   -0.69  152.8  152.8    0.14
   93 PI-         -211   1  70  21   0   0  -48.81    4.54-1153.5 1154.6    0.14
   94 RHO+         213 197  70  21 187 188  -36.38    3.58 -874.4  875.1    0.77
   95 DELTA-      1114 197  71  21 189 190   -6.27   -0.11 -168.3  168.5    1.23
   96 DELTABR+   -1114 197  71  21 191 192   -6.16    0.69 -141.7  141.9    1.23
   97 DELTA+      2214 197  72  21 193 194    0.11   -0.57 -181.2  181.2    1.23
   98 PBAR       -2212   1  72  21   0   0   -0.13    0.01  -80.1   80.1    0.94
   99 K*+          323 197  73  26 195 196  -44.42   32.55   53.1   76.5    0.89
  100 K*BAR0      -313 197  73  26 197 198  -16.49   12.09   19.8   28.4    0.90
  101 PI+          211   1  74  10   0   0   -0.10    0.31  153.6  153.6    0.14
  102 N           2112   1  74  10   0   0   -0.05   -0.31  344.8  344.8    0.94
  103 OMEGA_3      227 197  75  21 199 200   -0.08    0.60-1362.3 1362.3    1.67
  104 P           2212   1  75  21   0   0    0.08   -0.68-1745.5 1745.5    0.94
  105 ETA          221 197  76  10 201 203   -2.39    0.31  118.2  118.2    0.55
  106 ETA          221 197  76  10 204 205   -0.46    0.20   13.5   13.5    0.55
  107 A_2+         215 197  77  10 206 207   -0.10    0.34  324.1  324.1    1.32
  108 RHO-        -213 197  77  10 208 209   -0.24   -0.34  336.4  336.4    0.77
  109 KBAR0       -311 197  78  10 210 210   -0.56    0.01  104.2  104.2    0.50
  110 RHO-        -213 197  78  10 211 212    0.23   -0.01  256.1  256.1    0.77
  111 PI-         -211   1  79  21   0   0   -0.80   -0.78  -25.2   25.3    0.14
  112 PI+          211   1  79  21   0   0   -0.97    0.35  -26.9   26.9    0.14
  113 B_10       10113 197  80  21 213 214   -0.43   -0.25 -529.2  529.2    1.23
  114 PI-         -211   1  80  21   0   0    0.43    0.05  -47.4   47.4    0.14
  115 K-          -321   1  81  26   0   0  -11.33    7.27   12.9   18.6    0.49
  116 K+           321   1  81  26   0   0  -10.34    8.65   13.2   18.9    0.49
  117 PI-         -211   1  82  26   0   0  -12.62    8.74   15.2   21.6    0.14
  118 K*+          323 197  82  26 215 216   -4.41    3.81    5.4    8.0    0.89
  119 K+           321   1  83  26   0   0    0.17    0.41    1.7    1.8    0.49
  120 KBAR0       -311 197  83  26 217 217    0.25    2.03    9.6    9.8    0.50
  121 KBAR0       -311 197  84  26 218 218   -0.01    1.07    3.4    3.6    0.50
  122 PI-         -211   1  84  26   0   0   -0.12   -0.12    0.5    0.6    0.14

                            ---H/W/Z BOSON DECAYS---  

 IHEP    ID      IDPDG IST MO1 MO2 DA1 DA2   P-X     P-Y     P-Z  ENERGY    MASS
  123 BQRK           5 123  20 124 125 124  191.36 -107.46   -0.8  219.5    4.95
  124 BBAR          -5 124  20 123 130 123   10.61   24.03  -19.4   33.0    4.95

                              ---PARTON SHOWERS---    

 IHEP    ID      IDPDG IST MO1 MO2 DA1 DA2   P-X     P-Y     P-Z  ENERGY    MASS
  125 BQRK          94 143 123  20 127 129  184.69 -103.52   -0.9  212.0   11.14
  126 CONE           0 100 123 124   0   0    1.26    0.21   -0.6    1.4    0.00
  127 BQRK           5   2 125 128 136 135  159.23  -91.24   -2.1  183.6    4.95
  128 GLUON         21   2 125 129 137 138   14.35   -8.15    0.7   16.5    0.75
  129 GLUON         21   2 125 132 139 140   11.11   -4.13    0.5   11.9    0.75
  130 BBAR          94 144 124  20 132 135   17.28   20.09  -19.3   40.5   23.86
  131 CONE           0 100 124 123   0   0    0.29   -1.19    0.7    1.4    0.00
  132 GLUON         21   2 130 133 141 142    0.89   -0.38    0.7    1.4    0.75
  133 GLUON         21   2 130 134 143 144    0.35   -1.17    0.5    1.5    0.75
  134 GLUON         21   2 130 135 145 146    0.90    0.39    2.3    2.6    0.75
  135 BBAR          -5   2 130 136 147 146   15.14   21.25  -22.8   35.0    4.95

                              ---GLUON SPLITTING---   

 IHEP    ID      IDPDG IST MO1 MO2 DA1 DA2   P-X     P-Y     P-Z  ENERGY    MASS
  136 BQRK           5 158 125 137 152 147  159.23  -91.24   -2.1  183.6    4.95
  137 UBAR          -2 158 125 138 152 136    5.66   -3.37    0.4    6.6    0.32
  138 UQRK           2 158 125 139 153 137    8.69   -4.78    0.3    9.9    0.32
  139 UBAR          -2 158 125 140 153 138    7.51   -2.88    0.4    8.1    0.32
  140 UQRK           2 158 125 141 154 139    3.60   -1.25    0.0    3.8    0.32
  141 UBAR          -2 158 130 142 154 140    0.64   -0.08    0.4    0.8    0.32
  142 UQRK           2 158 130 143 155 141    0.25   -0.30    0.3    0.6    0.32
  143 DBAR          -1 158 130 144 155 142    0.36   -0.54    0.3    0.8    0.32
  144 DQRK           1 158 130 145 156 143   -0.01   -0.63    0.2    0.7    0.32
  145 UBAR          -2 158 130 146 156 144    0.70    0.14    1.4    1.6    0.32
  146 UQRK           2 158 130 148 157 145    0.12    0.15    0.3    0.5    0.32
  147 BBAR          -5 158 130 136 159 151   12.04   16.90  -18.0   27.9    4.95
  148 DBAR          -1 159 130 149 157 146    0.62    0.86   -0.9    1.4    0.32
  149 DQRK           1 159 130 150 158 148    0.11    0.15    0.2    0.4    0.32
  150 SBAR          -3 159 130 151 158 149    2.15    3.01   -3.3    5.0    0.50
  151 SQRK           3 159 130 147 159 150    0.30    0.42   -0.3    0.8    0.50

                             ---CLUSTER FORMATION---  

 IHEP    ID      IDPDG IST MO1 MO2 DA1 DA2   P-X     P-Y     P-Z  ENERGY    MASS
  152 CLUS          91 183 136 137 160 161  164.89  -94.61   -1.7  190.2    5.93
  153 CLUS          91 183 138 139 162 163   16.20   -7.66    0.7   18.0    1.40
  154 CLUS          91 183 140 141 164 165    4.24   -1.33    0.5    4.7    1.34
  155 CLUS          91 183 142 143 166 167    0.61   -0.84    0.6    1.4    0.67
  156 CLUS          91 183 144 145 168 169    0.69   -0.49    1.6    2.3    1.48
  157 CLUS          91 183 146 148 170 171    0.74    1.02   -0.6    1.9    1.36
  158 CLUS          91 183 149 150 172 173    2.26    3.16   -3.1    5.4    2.03
  159 CLUS          91 183 151 147 174 175   12.35   17.32  -18.3   28.7    6.01

                              ---CLUSTER DECAYS---    

 IHEP    ID      IDPDG IST MO1 MO2 DA1 DA2   P-X     P-Y     P-Z  ENERGY    MASS
  160 B*_2BAR0    -515 197 152 125 219 220  162.30  -93.11   -1.7  187.2    5.77
  161 PI-         -211   1 152 125   0   0    2.59   -1.50    0.0    3.0    0.14
  162 RHO+         213 197 153 125 221 222    7.99   -4.24    0.4    9.1    0.77
  163 PI-         -211   1 153 125   0   0    8.21   -3.41    0.3    8.9    0.14
  164 RHO+         213 197 154 125 223 224    2.63   -1.28    0.3    3.0    0.77
  165 PI-         -211   1 154 125   0   0    1.60   -0.05    0.2    1.6    0.14
  166 PI+          211   1 155 130   0   0    0.09   -0.63    0.4    0.8    0.14
  167 PI0          111   1 155 130   0   0    0.52   -0.21    0.2    0.6    0.13
  168 RHO0         113 197 156 130 225 226    0.75   -0.80    1.4    1.9    0.77
  169 PI-         -211   1 156 130   0   0   -0.06    0.31    0.2    0.4    0.14
  170 K+           321   1 157 130   0   0   -0.08    0.64   -0.2    0.8    0.49
  171 KBAR0       -311 197 157 130 227 227    0.82    0.38   -0.4    1.1    0.50
  172 RHO0         113 197 158 130 228 229    1.36    1.15   -0.9    2.2    0.77
  173 K*0          313 197 158 130 230 231    0.90    2.01   -2.1    3.2    0.90
  174 KBAR0       -311 197 159 130 232 232    0.43    0.61   -0.5    1.1    0.50
  175 B_D0         511 200 159 130 233 233   11.91   16.71  -17.7   27.6    5.28

                           ---STRONG HADRON DECAYS--- 

 IHEP    ID      IDPDG IST MO1 MO2 DA1 DA2   P-X     P-Y     P-Z  ENERGY    MASS
  176 PBAR       -2212   1  86  10   0   0    0.37    0.85   12.3   12.4    0.94
  177 PI0          111   1  86  10   0   0    0.29    0.69    7.0    7.0    0.13
  178 K*0          313 198  88  10 237 238   -1.33   -0.15  163.0  163.0    0.90
  179 PI+          211   1  88  10   0   0   -0.01    0.20    3.8    3.8    0.14
  180 PI+          211   1  89  10   0   0    0.11   -0.05  304.7  304.7    0.14
  181 PI-         -211   1  89  10   0   0    0.05   -0.41  433.0  433.0    0.14
  182 PI0          111   1  89  10   0   0    0.54   -0.82 1679.2 1679.2    0.13
  183 RHO0         113 198  90  10 239 240    0.75   -0.46  758.6  758.6    0.77
  184 PI+          211   1  90  10   0   0    0.46    0.19  597.3  597.3    0.14
  185 ETA          221 198  91  10 241 243   -0.35   -0.47  292.5  292.5    0.55
  186 PI-         -211   1  91  10   0   0    0.59   -0.39  146.0  146.0    0.14
  187 PI+          211   1  94  21   0   0  -34.14    3.40 -817.6  818.3    0.14
  188 PI0          111   1  94  21   0   0   -2.24    0.18  -56.8   56.8    0.13
  189 N           2112   1  95  21   0   0   -6.07   -0.08 -161.2  161.4    0.94
  190 PI-         -211   1  95  21   0   0   -0.20   -0.04   -7.1    7.1    0.14
  191 NBAR       -2112   1  96  21   0   0   -5.39    0.75 -126.9  127.0    0.94
  192 PI+          211   1  96  21   0   0   -0.77   -0.06  -14.8   14.8    0.14
  193 N           2112   1  97  21   0   0    0.20   -0.65 -162.0  162.0    0.94
  194 PI+          211   1  97  21   0   0   -0.10    0.08  -19.3   19.3    0.14
  195 K0           311 198  99  26 244 244  -19.60   14.62   23.4   33.9    0.50
  196 PI+          211   1  99  26   0   0  -24.82   17.93   29.6   42.6    0.14
  197 K-          -321   1 100  26   0   0   -8.16    5.97    9.4   13.8    0.49
  198 PI+          211   1 100  26   0   0   -8.34    6.12   10.3   14.6    0.14
  199 B_10       10113 198 103  21 245 246    0.08    0.70 -921.0  921.0    1.23
  200 PI0          111   1 103  21   0   0   -0.16   -0.10 -441.3  441.3    0.13
  201 PI+          211   1 105  10   0   0   -0.81    0.27   41.3   41.3    0.14
  202 PI-         -211   1 105  10   0   0   -0.94    0.02   44.6   44.6    0.14
  203 PI0          111   1 105  10   0   0   -0.64    0.02   32.3   32.3    0.13
  204 GAMMA         22   1 106  10   0   0   -0.08    0.32    7.4    7.4    0.00
  205 GAMMA         22   1 106  10   0   0   -0.38   -0.12    6.1    6.1    0.00
  206 RHO0         113 198 107  10 247 248    0.25    0.37  273.9  273.9    0.77
  207 PI+          211   1 107  10   0   0   -0.35   -0.02   50.3   50.3    0.14
  208 PI-         -211   1 108  10   0   0   -0.38   -0.45  286.4  286.4    0.14
  209 PI0          111   1 108  10   0   0    0.14    0.11   50.0   50.0    0.13
  210 K_S0         310 198 109  10 249 250   -0.56    0.01  104.2  104.2    0.50
  211 PI-         -211   1 110  10   0   0   -0.08   -0.26  166.2  166.2    0.14
  212 PI0          111   1 110  10   0   0    0.31    0.25   89.9   89.9    0.13
  213 OMEGA        223 198 113  21 251 253   -0.60    0.01 -390.7  390.7    0.78
  214 PI0          111   1 113  21   0   0    0.17   -0.27 -138.5  138.5    0.13
  215 K+           321   1 118  26   0   0   -3.56    3.20    4.7    6.8    0.49
  216 PI0          111   1 118  26   0   0   -0.85    0.61    0.7    1.3    0.13
  217 K_L0         130   1 120  26   0   0    0.25    2.03    9.6    9.8    0.50
  218 K_L0         130   1 121  26   0   0   -0.01    1.07    3.4    3.6    0.50
  219 B*-         -523 198 160 125 254 255  149.78  -86.28   -1.3  172.9    5.32
  220 PI+          211   1 160 125   0   0   12.53   -6.83   -0.4   14.3    0.14
  221 PI+          211   1 162 125   0   0    1.56   -0.54    0.0    1.7    0.14
  222 PI0          111   1 162 125   0   0    6.42   -3.70    0.4    7.4    0.13
  223 PI+          211   1 164 125   0   0    0.89   -0.71    0.4    1.2    0.14
  224 PI0          111   1 164 125   0   0    1.75   -0.57   -0.1    1.8    0.13
  225 PI+          211   1 168 130   0   0    0.78   -0.83    1.0    1.5    0.14
  226 PI-         -211   1 168 130   0   0   -0.03    0.03    0.4    0.4    0.14
  227 K_S0         310 198 171 130 256 257    0.82    0.38   -0.4    1.1    0.50
  228 PI+          211   1 172 130   0   0    0.28    0.57   -0.1    0.7    0.14
  229 PI-         -211   1 172 130   0   0    1.08    0.58   -0.9    1.5    0.14
  230 K+           321   1 173 130   0   0    0.95    1.66   -1.6    2.6    0.49
  231 PI-         -211   1 173 130   0   0   -0.05    0.35   -0.5    0.6    0.14
  232 K_L0         130   1 174 130   0   0    0.43    0.61   -0.5    1.1    0.50
  233 B_D0         511 197 175 130 234 236   11.91   16.71  -17.7   27.6    5.28
  234 MU+          -13   1 233 130   0   0    2.29    1.21   -1.7    3.1    0.11
  235 NU_MU         14   1 233 130   0   0    6.08    8.69   -9.9   14.5    0.00
  236 D*-         -413 198 233 130 258 259    3.54    6.81   -6.1   10.0    2.01
  237 K+           321   1 178  10   0   0   -1.29   -0.28  138.3  138.4    0.49
  238 PI-         -211   1 178  10   0   0   -0.03    0.13   24.7   24.7    0.14
  239 PI+          211   1 183  10   0   0    0.57    0.06  428.7  428.7    0.14
  240 PI-         -211   1 183  10   0   0    0.18   -0.53  329.9  329.9    0.14
  241 PI+          211   1 185  10   0   0   -0.24   -0.14   82.2   82.2    0.14
  242 PI-         -211   1 185  10   0   0    0.01   -0.13   96.7   96.7    0.14
  243 PI0          111   1 185  10   0   0   -0.12   -0.20  113.6  113.6    0.13
  244 K_S0         310 198 195  26 260 261  -19.60   14.62   23.4   33.9    0.50
  245 OMEGA        223 198 199  21 262 264    0.18    0.85 -829.4  829.4    0.78
  246 PI0          111   1 199  21   0   0   -0.09   -0.15  -91.6   91.6    0.13
  247 PI+          211   1 206  10   0   0    0.47    0.17  205.8  205.8    0.14
  248 PI-         -211   1 206  10   0   0   -0.22    0.19   68.0   68.0    0.14
  249 PI+          211   1 210  10   0   0   -0.30    0.16   73.3   73.3    0.14
  250 PI-         -211   1 210  10   0   0   -0.26   -0.15   31.0   31.0    0.14
  251 PI+          211   1 213  21   0   0   -0.03   -0.16 -143.4  143.4    0.14
  252 PI-         -211   1 213  21   0   0   -0.32    0.26 -131.7  131.7    0.14
  253 PI0          111   1 213  21   0   0   -0.25   -0.08 -115.6  115.6    0.13
  254 B-          -521 199 219 125 270 271  148.41  -85.54   -1.3  171.4    5.28
  255 GAMMA         22   1 219 125   0   0    1.36   -0.74   -0.0    1.6    0.00
  256 PI+          211   1 227 130   0   0    0.04    0.14   -0.1    0.2    0.14
  257 PI-         -211   1 227 130   0   0    0.78    0.24   -0.3    0.9    0.14
  258 DBAR0       -421 198 236 130 265 268    3.25    6.22   -5.6    9.2    1.86
  259 PI-         -211   1 236 130   0   0    0.30    0.59   -0.6    0.9    0.14
  260 PI+          211   1 244  26   0   0   -4.54    3.28    5.6    7.9    0.14
  261 PI-         -211   1 244  26   0   0  -15.06   11.34   17.9   26.0    0.14
  262 PI+          211   1 245  21   0   0    0.09    0.29 -287.1  287.1    0.14
  263 PI-         -211   1 245  21   0   0   -0.11    0.50 -447.5  447.5    0.14
  264 PI0          111   1 245  21   0   0    0.19    0.05  -94.8   94.8    0.13
  265 NU_MUBAR     -14   1 258 130   0   0    0.73    0.73   -0.7    1.2    0.00
  266 MU-           13   1 258 130   0   0    1.61    2.91   -3.1    4.6    0.11
  267 K0           311 198 258 130 269 269    0.42    1.11   -0.9    1.6    0.50
  268 PI+          211   1 258 130   0   0    0.48    1.48   -0.9    1.8    0.14
  269 K_L0         130   1 267 130   0   0    0.42    1.11   -0.9    1.6    0.50

                           ---HEAVY PARTICLE DECAYS---

 IHEP    ID      IDPDG IST MO1 MO2 DA1 DA2   P-X     P-Y     P-Z  ENERGY    MASS
  270 BQRK           5 155 254 271 272 274  139.42  -80.36   -1.2  161.0    4.96
  271 UBAR          -2 125 254 274 275 274    9.00   -5.19   -0.1   10.4    0.32
  272 DQRK           1 123 270 273 276 273   52.38  -28.32   -0.5   59.5    0.32
  273 UBAR          -2 124 270 272 278 272   30.66  -17.36   -0.8   35.2    0.32
  274 CQRK           4 124 270 270 280 270   56.37  -34.67    0.1   66.2    1.55
  275 UBAR          -2 160 271 284 286 284    9.00   -5.19   -0.1   10.4    0.32

                              ---PARTON SHOWERS---    

 IHEP    ID      IDPDG IST MO1 MO2 DA1 DA2   P-X     P-Y     P-Z  ENERGY    MASS
  276 DQRK          94 143 272 270 277 277   52.38  -28.32   -0.5   59.5    0.32
  277 DQRK           1   2 276 279 282 279   52.38  -28.32   -0.5   59.5    0.32
  278 UBAR          94 144 273 270 279 279   30.66  -17.36   -0.8   35.2    0.32
  279 UBAR          -2   2 278 282 283 282   30.66  -17.36   -0.8   35.2    0.32
  280 CQRK          94 144 274 270 281 281   56.37  -34.67    0.1   66.2    1.55
  281 CQRK           4   2 280 275 284 275   56.37  -34.67    0.1   66.2    1.55

                              ---GLUON SPLITTING---   

 IHEP    ID      IDPDG IST MO1 MO2 DA1 DA2   P-X     P-Y     P-Z  ENERGY    MASS
  282 DQRK           1 158 276 283 285 283   52.38  -28.32   -0.5   59.5    0.32
  283 UBAR          -2 158 278 282 285 282   30.66  -17.36   -0.8   35.2    0.32
  284 CQRK           4 158 280 275 286 275   56.37  -34.67    0.1   66.2    1.55

                             ---CLUSTER FORMATION---  

 IHEP    ID      IDPDG IST MO1 MO2 DA1 DA2   P-X     P-Y     P-Z  ENERGY    MASS
  285 CLUS          91 183 282 283 287 288   83.04  -45.69   -1.3   94.8    1.27
  286 CLUS          91 183 284 275 289 290   65.37  -39.86   -0.0   76.6    2.04

                              ---CLUSTER DECAYS---    

 IHEP    ID      IDPDG IST MO1 MO2 DA1 DA2   P-X     P-Y     P-Z  ENERGY    MASS
  287 PI0          111   1 285 276   0   0   53.76  -29.02   -0.5   61.1    0.13
  288 PI-         -211   1 285 276   0   0   29.28  -16.67   -0.8   33.7    0.14
  289 D0           421 197 286 280 291 292   61.71  -37.72    0.0   72.3    1.86
  290 PI0          111   1 286 280   0   0    3.66   -2.14   -0.0    4.2    0.13

                           ---STRONG HADRON DECAYS--- 

 IHEP    ID      IDPDG IST MO1 MO2 DA1 DA2   P-X     P-Y     P-Z  ENERGY    MASS
  291 K*-         -323 198 289 280 293 294   25.82  -15.86   -0.6   30.3    0.89
  292 PI+          211   1 289 280   0   0   35.89  -21.86    0.6   42.0    0.14
  293 KBAR0       -311 198 291 280 295 295   11.35   -6.73   -0.2   13.2    0.50
  294 PI-         -211   1 291 280   0   0   14.46   -9.13   -0.4   17.1    0.14
  295 K_L0         130   1 293 280   0   0   11.35   -6.73   -0.2   13.2    0.50

 HWWARN CALLED FROM SUBPROGRAM HWDFIV: CODE = 101
 EVENT     482:   SEEDS =  844080889 &   47994951  WEIGHT = 0.5881E-03
 EVENT KILLED.   EXECUTION CONTINUES

 HWWARN CALLED FROM SUBPROGRAM HWDFOR: CODE = 101
 EVENT    3235:   SEEDS =  606806445 & 1863463411  WEIGHT = 0.5881E-03
 EVENT KILLED.   EXECUTION CONTINUES

 HWWARN CALLED FROM SUBPROGRAM HWSBRN: CODE = 102
 EVENT    5842:   SEEDS =  927551398 &  360392214  WEIGHT =-0.5881E-03
 EVENT KILLED.   EXECUTION CONTINUES

 HWWARN CALLED FROM SUBPROGRAM HWDFOR: CODE = 101
 EVENT    5921:   SEEDS =   90578115 &  220373371  WEIGHT =-0.5881E-03
 EVENT KILLED.   EXECUTION CONTINUES

 HWWARN CALLED FROM SUBPROGRAM HWDFIV: CODE = 101
 EVENT    9360:   SEEDS = 1968375655 & 1525250187  WEIGHT = 0.5881E-03
 EVENT KILLED.   EXECUTION CONTINUES

          OUTPUT ON LES HOUCHES EVENTS


      PROC CODE  XSECT(pb)        XERR(pb)      Max wgt(nb) No. of events


          OUTPUT ON ELEMENTARY PROCESS

          N.B. NEGATIVE WEIGHTS ALLOWED

          NUMBER OF EVENTS   =        9995
          NEGATIVE  EVENTS   =        2746
          NUMBER OF WEIGHTS  =       10000
          NEGATIVE  WEIGHTS  =        2748
          MEAN VALUE OF WGT  =  2.6489E-04
          RMS SPREAD IN WGT  =  5.2509E-04
          MEAN ABS WEIGHT    =  5.8812E-04
          ACTUAL MAX ABS WGT =  1.0000E+00
          ASSUMED MAXABS WGT =  2.6489E-04

          PROCESS CODE IPROC =      -18000
          CROSS SECTION (PB) =  0.2649    
          ERROR IN C-S  (PB) =  5.2509E-03
          EFFICIENCY PERCENT =   100.0    
 # of events processed=        9995
