 Enter filename for events
 Enter maximum number of events to generate
 MUST coincide with the number of events on tape
 Enter 0 to use Herwig default PDFs
       1 to use PDFs from library
 Enter colliding particles (PART1, PART2)
 Enter beam momenta (PBEAM1, PBEAM2)


          HERWIG 6.521  11th Mar. 2013

          Please reference:  G. Marchesini, B.R. Webber,
          G.Abbiendi, I.G.Knowles, M.H.Seymour & L.Stanco
          Computer Physics Communications 67 (1992) 465
                             and
          G.Corcella, I.G.Knowles, G.Marchesini, S.Moretti,
          K.Odagiri, P.Richardson, M.H.Seymour & B.R.Webber,
          JHEP 0101 (2001) 010
 Enter .TRUE. for underlying event, .FALSE. otherwise

 Underlying event WILL NOT be generated

 Enter Lambda_QCD, <0 for Herwig default
 Enter Z mass, width
 Enter W mass, width
 Enter top mass, width
 Enter Higgs (SM) boson mass, width
 Enter quark (d,u,s,c,b) and gluon masses
 Enter lepton (e,mu,tau) masses
 Enter number of events to print
 Enter accepted error fraction
 Is it single-top (.TRUE. or .FALSE)?
 Is it b-bbar (.TRUE. or .FALSE)?
 Enter the two random seeds (0 0 for default)

          INPUT CONDITIONS FOR THIS RUN

          BEAM 1 (P       ) MOM. =   6500.00
          BEAM 2 (P       ) MOM. =   6500.00
          PROCESS CODE (IPROC)   =  -18000
          NUMBER OF FLAVOURS     =    6
          STRUCTURE FUNCTION SET =    8
          AZIM SPIN CORRELATIONS =    T
          AZIM SOFT CORRELATIONS =    T
          QCD LAMBDA (GEV)       =    0.1800
          DOWN     QUARK  MASS   =    0.3200
          UP       QUARK  MASS   =    0.3200
          STRANGE  QUARK  MASS   =    0.5000
          CHARMED  QUARK  MASS   =    1.5500
          BOTTOM   QUARK  MASS   =    4.9500
          TOP      QUARK  MASS   =  173.0000
          GLUON EFFECTIVE MASS   =    0.7500
          EXTRA SHOWER CUTOFF (Q)=    0.4800
          EXTRA SHOWER CUTOFF (G)=    0.1000
          PHOTON SHOWER CUTOFF   =    0.4000
          CLUSTER MASS PARAMETER =    3.3500
          SPACELIKE EVOLN CUTOFF =    2.5000
          INTRINSIC P-TRAN (RMS) =    0.0000
          DECAY SPIN CORRELATIONS=    T
          SUSY THREE BODY ME     =    T
          SUSY FOUR  BODY ME     =    F

          NO EVENTS WILL BE WRITTEN TO DISK

          B_d: Delt-M/Gam =0.7000 Delt-Gam/2*Gam =0.0000
          B_s: Delt-M/Gam = 10.00 Delt-Gam/2*Gam =0.2000

          PDFLIB NOT USED FOR BEAM 1
          PDFLIB NOT USED FOR BEAM 2


          Checking consistency of particle properties


          Checking consistency of decay tables


          WRITING SUDAKOV TABLE ON UNIT  77

          WRITING MATRIX ELEMENT TABLE ON UNIT  88

          CHECKING SUSY DECAY MATRIX ELEMENTS
 Do you want a stable Pi0 (.TRUE. or .FALSE)?
 Do you want a stable W+ (.TRUE. or .FALSE)?
 Do you want a stable W- (.TRUE. or .FALSE)?
 Do you want a stable Z0 (.TRUE. or .FALSE)?
 Do you want a stable Tau+ (.TRUE. or .FALSE)?
 Do you want a stable Tau- (.TRUE. or .FALSE)?
 Do you want a stable Mu+ (.TRUE. or .FALSE)?
 Do you want a stable Mu- (.TRUE. or .FALSE)?
 Do you want a stable Higgs (.TRUE. or .FALSE)?

          PARTICLE TYPE  21=PI0      SET STABLE
 How many decay modes do you want to set?
 How are the events normalized ("average" or "sum")?
 stdhep initialized

          SUBROUTINE TIMEL CALLED BUT NOT LINKED.
          DUMMY TIMEL WILL BE USED. DELETE DUMMY
          AND LINK CERNLIB FOR CPU TIME REMAINING.

 HWWARN CALLED FROM SUBPROGRAM HWSMRS: CODE =   5
 EVENT       1:   SEEDS = 1973774260 & 1099242306  WEIGHT = 0.5891E-03
 EVENT SURVIVES. EXECUTION CONTINUES
 WARNING: MRST98 CALLED WITH Q OUTSIDE ALLOWED RANGE!
 Q VALUE=1.430E+04, MINIMUM=1.118E+00, MAXIMUM=3.162E+03
 NO FURTHER WARNINGS WILL BE ISSUED



 EVENT       1: 6500.00 GEV/C P        ON  6500.00 GEV/C P        PROCESS:-18000
 SEEDS:  1973774260 &  1099242306   STATUS:  100 ERROR:   0  WEIGHT:  5.8915E-04


                               ---INITIAL STATE---    

 IHEP    ID      IDPDG IST MO1 MO2 DA1 DA2   P-X     P-Y     P-Z  ENERGY    MASS
    1 P           2212 101   0   0   0   0    0.00    0.00 6500.0 6500.0    0.94
    2 P           2212 102   0   0   0   0    0.00    0.00-6500.0 6500.0    0.94
    3 CMF            0 103   1   2   0   0    0.00    0.00    0.013000.013000.00

                              ---HARD SUBPROCESS---   

 IHEP    ID      IDPDG IST MO1 MO2 DA1 DA2   P-X     P-Y     P-Z  ENERGY    MASS
    4 UQRK           2 121   6   8  11   9    0.00    0.00  489.7  489.7    0.32
    5 DQRK           1 122   6   9  13  10   -0.00   -0.00-2768.5 2768.5    0.32
    6 HARD           0 120   4   5   7  10   -0.40    3.29-2278.8 3258.2 2328.64
    7 HIGGS         25 123   6   7  18   7  139.82  165.11 -140.9  286.8  125.00
    8 UQRK           2 124   6  10  19   4  -32.94   21.12 -265.0  267.8    0.32
    9 DQRK           1 124   6   4  21   5    7.54    8.61  409.6  409.7    0.32
   10 GLUON         21 124   6   5  25   8 -114.42 -194.84-2282.6 2293.7    0.75

                              ---PARTON SHOWERS---    

 IHEP    ID      IDPDG IST MO1 MO2 DA1 DA2   P-X     P-Y     P-Z  ENERGY    MASS
   11 UQRK          94 141   4   6  12  12    0.00    0.00  489.8  489.8    0.24
   12 UD          2101   2  11  20  34  24    0.00    0.00 6010.2 6010.2    0.32
   13 DQRK          94 142   5   6  15  17   -0.40    3.29-2768.6 2768.4  -36.48
   14 CONE           0 100   5  10   0   0   -0.51   -0.86   -7.8    7.8    0.00
   15 GLUON         21   2  13  16  35  36   -0.71   -3.69  -34.7   34.9    0.75
   16 GLUON         21   2  13  17  37  38    1.11    0.40  -35.4   35.5    0.75
   17 UU          2203   2  13  23  39  38    0.00    0.00-3661.2 3661.2    0.31
   18 HIGGS         25 195   7   6 124 125  139.77  165.38 -140.9  287.0  125.00
   19 UQRK          94 144   8   6  20  20  -32.97   21.39 -264.9  267.8    0.32
   20 UQRK           2   2  19  27  40  34  -32.97   21.39 -264.9  267.8    0.32
   21 DQRK          94 144   9   6  23  24    7.48    9.02  409.5  409.7    5.67
   22 CONE           0 100   9   4   0   0   -0.16   -0.19   26.2   26.2    0.00
   23 DQRK           1   2  21  24  41  39    6.75    9.00  314.7  314.9    0.32
   24 GLUON         21   2  21  34  42  43    0.74    0.02   94.8   94.8    0.75
   25 GLUON         94 144  10   6  27  33 -114.68 -192.49-2282.6 2293.7   24.97
   26 CONE           0 100  10   8   0   0   -1.00   -0.07  -11.7   11.7    0.00
   27 GLUON         21   2  25  28  44  45   -0.05   -1.50  -12.4   12.5    0.75
   28 GLUON         21   2  25  29  46  47   -5.30   -7.17  -71.1   71.7    0.75
   29 GLUON         21   2  25  30  48  49   -7.66   -9.18 -114.9  115.6    0.75
   30 GLUON         21   2  25  31  50  51  -54.75  -87.70-1088.2 1093.1    0.75
   31 GLUON         21   2  25  32  52  53  -36.42  -65.14 -764.5  768.2    0.75
   32 GLUON         21   2  25  33  54  55   -8.63  -16.78 -185.0  185.9    0.75
   33 GLUON         21   2  25  35  56  57   -1.87   -5.02  -46.4   46.8    0.75

                              ---GLUON SPLITTING---   

 IHEP    ID      IDPDG IST MO1 MO2 DA1 DA2   P-X     P-Y     P-Z  ENERGY    MASS
   34 UD          2101 161  11  40  83  61    0.00   -0.00 5646.9 5646.9    0.64
   35 DBAR          -1 158  13  36  81  57   -0.20   -1.91  -18.6   18.7    0.32
   36 DQRK           1 158  13  37  70  35   -0.51   -1.78  -16.1   16.2    0.32
   37 UBAR          -2 158  13  38  70  36    0.61    0.01  -17.7   17.7    0.32
   38 UQRK           2 158  13  62  71  37    0.35    0.27  -15.0   15.0    0.32
   39 UU          2203 162  13  41  82  59    0.00    0.00-3029.4 3029.4    0.64
   40 UQRK           2 158  19  64  72  34  -16.34   10.60 -131.3  132.7    0.32
   41 DQRK           1 158  21  66  73  39    5.63    7.50  262.5  262.6    0.32
   42 UBAR          -2 158  21  43  86  67    0.26    0.15   38.4   38.4    0.32
   43 UQRK           2 158  21  60  74  42    0.32   -0.11   35.6   35.6    0.32
   44 DBAR          -1 158  25  45  87  69    0.05   -0.33   -3.0    3.0    0.32
   45 DQRK           1 158  25  46  75  44   -0.15   -1.05   -8.8    8.8    0.32
   46 UBAR          -2 158  25  47  75  45   -1.29   -1.85  -18.3   18.4    0.32
   47 UQRK           2 158  25  48  76  46   -4.01   -5.31  -52.9   53.3    0.32
   48 DBAR          -1 158  25  49  76  47   -5.66   -6.89  -85.7   86.2    0.32
   49 DQRK           1 158  25  50  77  48   -2.00   -2.30  -29.2   29.4    0.32
   50 UBAR          -2 158  25  51  77  49  -38.37  -61.33 -760.4  763.8    0.32
   51 UQRK           2 158  25  52  78  50  -16.38  -26.37 -327.8  329.3    0.32
   52 UBAR          -2 158  25  53  78  51  -13.54  -24.19 -285.7  287.1    0.32
   53 UQRK           2 158  25  54  79  52  -22.88  -40.95 -478.8  481.1    0.32
   54 UBAR          -2 158  25  55  79  53   -4.23   -8.29  -89.3   89.8    0.32
   55 UQRK           2 158  25  56  80  54   -4.41   -8.49  -95.6   96.1    0.32
   56 UBAR          -2 158  25  57  80  55   -1.34   -3.78  -34.4   34.7    0.32
   57 UQRK           2 158  25  35  81  56   -0.53   -1.24  -12.0   12.1    0.32
   58 UBAR          -2 159  13  59  84  63    0.01    0.00 -332.6  332.6    0.32
   59 UQRK           2 159  13  39  82  58    0.01    0.01 -158.0  158.0    0.32
   60 UBAR          -2 159  11  61  74  43    0.02   -0.01  228.1  228.1    0.32
   61 UQRK           2 159  21  34  83  60    0.04   -0.01  136.2  136.2    0.32
   62 UBAR          -2 159  13  63  71  38    0.01    0.01 -125.1  125.1    0.32
   63 UQRK           2 159  13  58  84  62    0.12    0.09  -18.7   18.7    0.32
   64 SBAR          -3 159  25  65  72  40   -3.85    2.49  -31.1   31.4    0.50
   65 SQRK           3 159  19  68  85  64   -9.61    6.23  -77.3   78.1    0.50
   66 UBAR          -2 159  21  67  73  41    0.99    1.31   47.8   47.8    0.32
   67 UQRK           2 159  21  42  86  66    0.22    0.20   24.2   24.2    0.32
   68 DBAR          -1 159  25  69  85  65   -0.26    0.10   -2.8    2.9    0.32
   69 DQRK           1 159  19  44  87  68   -2.86    1.85  -23.1   23.3    0.32

                             ---CLUSTER FORMATION---  

 IHEP    ID      IDPDG IST MO1 MO2 DA1 DA2   P-X     P-Y     P-Z  ENERGY    MASS
   70 CLUS          91 183  36  37  88  89    0.10   -1.76  -33.8   34.0    2.27
   71 CLUS          91 183  38  62  90  91    0.37    0.28 -140.1  140.1    1.64
   72 CLUS          91 183  40  64  92  93  -20.19   13.08 -162.4  164.1    1.20
   73 CLUS          91 183  41  66  94  95    6.62    8.81  310.3  310.5    0.90
   74 CLUS          91 183  43  60  96  97    0.34   -0.12  263.7  263.7    1.26
   75 CLUS          91 183  45  46  98  99   -1.44   -2.90  -27.0   27.3    0.99
   76 CLUS          91 183  47  48 100 101   -9.67  -12.20 -138.6  139.5    1.64
   77 CLUS          91 183  49  50 102 103  -40.37  -63.63 -789.6  793.2    3.19
   78 CLUS          91 183  51  52 104 105  -29.92  -50.56 -613.6  616.4    1.63
   79 CLUS          91 183  53  54 106 107  -27.10  -49.24 -568.1  570.9    1.74
   80 CLUS          91 183  55  56 108 109   -5.75  -12.27 -130.1  130.8    1.47
   81 CLUS          91 183  57  35 110 111   -0.73   -3.16  -30.6   30.8    0.83
   82 CLUS          91 185  59  39 112 113    0.01    0.01-3187.5 3187.5    1.58
   83 CLUS          91 184  61  34 114 115    0.04   -0.02 5783.1 5783.1    2.20
   84 CLUS          91 183  63  58 116 117    0.12    0.09 -351.3  351.3    1.56
   85 CLUS          91 183  65  68 118 119   -9.87    6.33  -80.1   81.0    1.95
   86 CLUS          91 183  67  42 120 121    0.48    0.35   62.6   62.6    0.67
   87 CLUS          91 183  69  44 122 123   -2.81    1.52  -26.1   26.3    2.22

                              ---CLUSTER DECAYS---    

 IHEP    ID      IDPDG IST MO1 MO2 DA1 DA2   P-X     P-Y     P-Z  ENERGY    MASS
   88 A_2-        -215 197  70  13 175 176   -0.52   -0.99  -15.7   15.8    1.32
   89 PI0          111   1  70  13   0   0    0.62   -0.77  -18.1   18.1    0.13
   90 A_2+         215 197  71  13 177 179    0.37   -0.02 -110.5  110.5    1.32
   91 PI-         -211   1  71  13   0   0   -0.01    0.30  -29.6   29.6    0.14
   92 PI+          211   1  72  19   0   0   -8.52    5.53  -68.5   69.2    0.14
   93 K*0          313 197  72  19 180 181  -11.67    7.55  -93.9   94.9    0.90
   94 PI0          111   1  73  21   0   0    6.44    8.58  300.1  300.3    0.13
   95 PI-         -211   1  73  21   0   0    0.18    0.22   10.2   10.2    0.14
   96 PI0          111   1  74  21   0   0    0.06    0.33   92.2   92.2    0.13
   97 RHO0         113 197  74  21 182 183    0.28   -0.45  171.6  171.6    0.77
   98 PI-         -211   1  75  25   0   0   -0.55   -0.92  -12.8   12.9    0.14
   99 PI0          111   1  75  25   0   0   -0.89   -1.98  -14.2   14.4    0.13
  100 PI+          211   1  76  25   0   0   -4.87   -5.57  -68.4   68.8    0.14
  101 ETAP         331 197  76  25 184 185   -4.81   -6.63  -70.2   70.7    0.96
  102 XI-         3312 197  77  25 186 187  -19.27  -29.08 -364.1  365.8    1.32
  103 XI*BAR     -3324 197  77  25 188 189  -21.09  -34.54 -425.4  427.4    1.53
  104 K+           321   1  78  25   0   0  -25.09  -41.77 -510.7  513.0    0.49
  105 K-          -321   1  78  25   0   0   -4.84   -8.79 -102.9  103.4    0.49
  106 A_1+       20213 197  79  25 190 191  -18.79  -34.06 -397.3  399.2    1.23
  107 PI-         -211   1  79  25   0   0   -8.32  -15.18 -170.8  171.7    0.14
  108 RHO0         113 197  80  25 192 193   -2.54   -6.21  -67.8   68.1    0.77
  109 PI0          111   1  80  25   0   0   -3.21   -6.06  -62.2   62.6    0.13
  110 PI0          111   1  81  25   0   0   -0.30   -1.89  -14.5   14.7    0.13
  111 PI+          211   1  81  25   0   0   -0.43   -1.27  -16.1   16.1    0.14
  112 PI+          211   1  82  13   0   0   -0.39    0.25-1426.1 1426.1    0.14
  113 P           2212   1  82  13   0   0    0.40   -0.24-1761.4 1761.4    0.94
  114 B_1+       10213 197  83  21 194 195    0.10    0.16 3181.5 3181.5    1.23
  115 N           2112   1  83  21   0   0   -0.05   -0.17 2601.6 2601.6    0.94
  116 A_2+         215 197  84  13 196 198    0.23    0.06 -273.7  273.7    1.32
  117 PI-         -211   1  84  13   0   0   -0.10    0.04  -77.6   77.6    0.14
  118 K*-         -323 197  85  19 199 200   -5.12    3.42  -47.2   47.6    0.89
  119 PI+          211   1  85  19   0   0   -4.75    2.92  -32.9   33.4    0.14
  120 PI0          111   1  86  21   0   0    0.21   -0.15   27.2   27.2    0.13
  121 PI0          111   1  86  21   0   0    0.28    0.50   35.4   35.4    0.13
  122 P           2212   1  87  19   0   0   -1.57    1.23  -18.0   18.2    0.94
  123 PBAR       -2212   1  87  19   0   0   -1.24    0.29   -8.0    8.2    0.94

                            ---H/W/Z BOSON DECAYS---  

 IHEP    ID      IDPDG IST MO1 MO2 DA1 DA2   P-X     P-Y     P-Z  ENERGY    MASS
  124 BQRK           5 123  18 125 126 125  144.28   95.45  -68.5  186.1    4.95
  125 BBAR          -5 124  18 124 130 124   -4.51   69.92  -72.3  100.8    4.95

                              ---PARTON SHOWERS---    

 IHEP    ID      IDPDG IST MO1 MO2 DA1 DA2   P-X     P-Y     P-Z  ENERGY    MASS
  126 BQRK          94 143 124  18 128 129  141.95   94.20  -67.7  183.6    9.21
  127 CONE           0 100 124 125   0   0    0.00    0.90   -0.9    1.3    0.00
  128 BQRK           5   2 126 129 136 135  133.83   88.98  -62.1  172.4    4.95
  129 GLUON         21   2 126 132 137 138    8.12    5.22   -5.6   11.2    0.75
  130 BBAR          94 144 125  18 132 135   -2.18   71.17  -73.1  103.4   16.52
  131 CONE           0 100 125 124   0   0    0.99    0.23   -0.0    1.0    0.00
  132 GLUON         21   2 130 133 139 140   -0.64    0.45   -1.3    1.7    0.75
  133 GLUON         21   2 130 134 141 142   -2.31    4.08   -3.4    5.9    0.75
  134 GLUON         21   2 130 135 143 144    0.18    8.10   -5.8   10.0    0.75
  135 BBAR          -5   2 130 136 145 144    0.59   58.54  -62.7   85.9    4.95

                              ---GLUON SPLITTING---   

 IHEP    ID      IDPDG IST MO1 MO2 DA1 DA2   P-X     P-Y     P-Z  ENERGY    MASS
  136 BQRK           5 158 126 148 152 145  107.11   71.11  -50.1  138.1    4.95
  137 DBAR          -1 158 126 138 157 147    2.96    1.91   -1.6    3.9    0.32
  138 DQRK           1 158 126 139 153 137    2.71    1.93   -2.0    3.9    0.32
  139 DBAR          -1 158 130 140 153 138   -0.57    0.27   -0.8    1.0    0.32
  140 DQRK           1 158 130 141 154 139   -0.07    0.18   -0.5    0.6    0.32
  141 DBAR          -1 158 130 142 154 140   -1.13    1.64   -1.5    2.5    0.32
  142 DQRK           1 158 130 143 155 141   -1.18    2.44   -1.9    3.3    0.32
  143 UBAR          -2 158 130 144 155 142    0.20    2.61   -1.9    3.2    0.32
  144 UQRK           2 158 130 150 156 143   -0.01    3.30   -2.4    4.1    0.32
  145 BBAR          -5 158 130 136 159 151    0.47   50.12  -52.9   73.1    4.95
  146 DBAR          -1 159 126 147 158 149    2.79    1.77   -1.6    3.7    0.32
  147 DQRK           1 159 126 137 157 146    3.20    2.09   -1.7    4.2    0.32
  148 DBAR          -1 159 126 149 152 136    3.58    2.35   -1.8    4.7    0.32
  149 DQRK           1 159 126 146 158 148   19.59   13.05   -9.0   25.2    0.32
  150 DBAR          -1 159 130 151 156 144    0.09    8.52   -9.4   12.7    0.32
  151 DQRK           1 159 130 145 159 150    0.00    2.10   -1.8    2.8    0.32

                             ---CLUSTER FORMATION---  

 IHEP    ID      IDPDG IST MO1 MO2 DA1 DA2   P-X     P-Y     P-Z  ENERGY    MASS
  152 CLUS          91 183 136 148 160 160  110.69   73.45  -51.9  142.7    5.28
  153 CLUS          91 183 138 139 161 162    2.15    2.20   -2.8    4.9    2.70
  154 CLUS          91 183 140 141 163 164   -1.20    1.82   -2.0    3.2    1.05
  155 CLUS          91 183 142 143 165 166   -0.98    5.05   -3.8    6.6    1.53
  156 CLUS          91 183 144 150 167 168    0.09   11.82  -11.8   16.8    1.60
  157 CLUS          91 183 147 137 169 170    6.16    4.00   -3.2    8.1    0.64
  158 CLUS          91 183 149 146 171 172   22.38   14.82  -10.6   28.9    1.32
  159 CLUS          91 183 151 145 173 174    0.48   52.22  -54.8   75.9    5.49

                              ---CLUSTER DECAYS---    

 IHEP    ID      IDPDG IST MO1 MO2 DA1 DA2   P-X     P-Y     P-Z  ENERGY    MASS
  160 B_DBAR0     -511 200 152 126 201 201  110.69   73.45  -51.9  142.7    5.28
  161 P           2212   1 153 126   0   0    1.27    0.44   -1.8    2.4    0.94
  162 DELTABR-   -2214 197 153 126 202 203    0.88    1.76   -1.0    2.5    1.23
  163 PI0          111   1 154 130   0   0   -0.13    0.04   -0.1    0.2    0.13
  164 OMEGA        223 197 154 130 204 205   -1.08    1.78   -1.9    3.0    0.78
  165 PI0          111   1 155 130   0   0    0.03    0.41   -0.2    0.5    0.13
  166 A_2-        -215 197 155 130 206 207   -1.01    4.63   -3.6    6.1    1.32
  167 PI0          111   1 156 130   0   0   -0.17    2.55   -2.4    3.5    0.13
  168 A_2+         215 197 156 130 208 209    0.25    9.27   -9.4   13.3    1.32
  169 PI-         -211   1 157 126   0   0    5.05    3.11   -2.8    6.6    0.14
  170 PI+          211   1 157 126   0   0    1.11    0.88   -0.5    1.5    0.14
  171 RHO-        -213 197 158 126 210 211    7.89    5.20   -3.7   10.2    0.77
  172 PI+          211   1 158 126   0   0   14.49    9.62   -6.9   18.7    0.14
  173 PI-         -211   1 159 130   0   0    0.01    0.95   -0.9    1.3    0.14
  174 B*+          523 197 159 130 212 213    0.47   51.27  -53.9   74.6    5.32

                           ---STRONG HADRON DECAYS--- 

 IHEP    ID      IDPDG IST MO1 MO2 DA1 DA2   P-X     P-Y     P-Z  ENERGY    MASS
  175 ETA          221 198  88  13 214 215   -0.24   -0.02   -8.7    8.7    0.55
  176 PI-         -211   1  88  13   0   0   -0.28   -0.97   -7.0    7.1    0.14
  177 OMEGA        223 198  90  13 216 218    0.13   -0.07  -53.7   53.7    0.78
  178 PI+          211   1  90  13   0   0    0.17    0.20  -42.7   42.7    0.14
  179 PI0          111   1  90  13   0   0    0.07   -0.15  -14.1   14.1    0.13
  180 K0           311 198  93  19 219 219  -10.99    7.07  -87.4   88.4    0.50
  181 PI0          111   1  93  19   0   0   -0.68    0.49   -6.5    6.5    0.13
  182 PI+          211   1  97  21   0   0    0.17   -0.54  157.7  157.8    0.14
  183 PI-         -211   1  97  21   0   0    0.11    0.09   13.8   13.8    0.14
  184 RHO0         113 198 101  25 220 221   -3.24   -4.55  -47.3   47.6    0.77
  185 GAMMA         22   1 101  25   0   0   -1.57   -2.08  -23.0   23.1    0.00
  186 LAMBDA      3122 198 102  25 222 223  -16.99  -25.85 -323.3  324.8    1.12
  187 PI-         -211   1 102  25   0   0   -2.29   -3.23  -40.8   41.0    0.14
  188 XIBAR0     -3322 198 103  25 224 225  -19.58  -32.01 -395.6  397.4    1.31
  189 PI0          111   1 103  25   0   0   -1.52   -2.54  -29.8   30.0    0.13
  190 RHO+         213 198 106  25 226 227  -11.92  -20.92 -245.0  246.2    0.77
  191 PI0          111   1 106  25   0   0   -6.87  -13.14 -152.4  153.1    0.13
  192 PI+          211   1 108  25   0   0   -0.74   -2.71  -29.1   29.2    0.14
  193 PI-         -211   1 108  25   0   0   -1.80   -3.50  -38.8   38.9    0.14
  194 OMEGA        223 198 114  21 228 230   -0.18   -0.14 2027.6 2027.6    0.78
  195 PI+          211   1 114  21   0   0    0.28    0.30 1153.9 1153.9    0.14
  196 OMEGA        223 198 116  13 231 233    0.06    0.01 -144.3  144.3    0.78
  197 PI+          211   1 116  13   0   0    0.07   -0.18  -41.8   41.8    0.14
  198 PI0          111   1 116  13   0   0    0.10    0.23  -87.6   87.6    0.13
  199 KBAR0       -311 198 118  19 234 234   -3.90    2.80  -38.3   38.6    0.50
  200 PI-         -211   1 118  19   0   0   -1.21    0.62   -8.9    9.1    0.14
  201 B_DBAR0     -511 199 160 126 253 254  110.69   73.45  -51.9  142.7    5.28
  202 NBAR       -2112   1 162 126   0   0    0.85    1.58   -0.7    2.1    0.94
  203 PI-         -211   1 162 126   0   0    0.03    0.18   -0.3    0.4    0.14
  204 PI0          111   1 164 130   0   0   -0.48    0.26   -0.7    0.9    0.13
  205 GAMMA         22   1 164 130   0   0   -0.60    1.51   -1.2    2.0    0.00
  206 RHO-        -213 198 166 130 235 236   -0.92    2.97   -1.9    3.7    0.77
  207 PI0          111   1 166 130   0   0   -0.09    1.67   -1.6    2.3    0.13
  208 RHO+         213 198 168 130 237 238    0.47    4.57   -4.8    6.7    0.77
  209 PI0          111   1 168 130   0   0   -0.22    4.70   -4.6    6.6    0.13
  210 PI-         -211   1 171 126   0   0    4.30    3.16   -2.3    5.8    0.14
  211 PI0          111   1 171 126   0   0    3.59    2.04   -1.4    4.4    0.13
  212 B+           521 198 174 130 239 241    0.49   50.58  -53.2   73.6    5.28
  213 GAMMA         22   1 174 130   0   0   -0.02    0.70   -0.7    1.0    0.00
  214 GAMMA         22   1 175  13   0   0    0.18   -0.05   -2.8    2.8    0.00
  215 GAMMA         22   1 175  13   0   0   -0.41    0.03   -5.9    6.0    0.00
  216 PI+          211   1 177  13   0   0   -0.01   -0.17  -11.1   11.1    0.14
  217 PI-         -211   1 177  13   0   0   -0.16    0.02  -18.0   18.0    0.14
  218 PI0          111   1 177  13   0   0    0.30    0.08  -24.6   24.6    0.13
  219 K_S0         310 198 180  19 242 243  -10.99    7.07  -87.4   88.4    0.50
  220 PI+          211   1 184  25   0   0   -0.66   -1.20  -13.9   14.0    0.14
  221 PI-         -211   1 184  25   0   0   -2.57   -3.36  -33.4   33.6    0.14
  222 P           2212   1 186  25   0   0  -14.81  -22.57 -283.1  284.4    0.94
  223 PI-         -211   1 186  25   0   0   -2.18   -3.28  -40.2   40.4    0.14
  224 LAMBDABR   -3122 198 188  25 244 245  -18.23  -29.87 -368.1  369.7    1.12
  225 PI0          111   1 188  25   0   0   -1.35   -2.13  -27.5   27.6    0.13
  226 PI+          211   1 190  25   0   0   -8.64  -14.69 -171.1  172.0    0.14
  227 PI0          111   1 190  25   0   0   -3.28   -6.23  -73.9   74.2    0.13
  228 PI+          211   1 194  21   0   0   -0.02    0.23 1026.4 1026.4    0.14
  229 PI-         -211   1 194  21   0   0   -0.13   -0.25  719.0  719.0    0.14
  230 PI0          111   1 194  21   0   0   -0.03   -0.12  282.2  282.2    0.13
  231 PI+          211   1 196  13   0   0   -0.16    0.05  -51.7   51.7    0.14
  232 PI-         -211   1 196  13   0   0   -0.08    0.10  -32.2   32.2    0.14
  233 PI0          111   1 196  13   0   0    0.30   -0.15  -60.5   60.5    0.13
  234 K_L0         130   1 199  19   0   0   -3.90    2.80  -38.3   38.6    0.50
  235 PI-         -211   1 206 130   0   0   -0.40    0.54   -0.2    0.7    0.14
  236 PI0          111   1 206 130   0   0   -0.52    2.43   -1.7    3.0    0.13
  237 PI+          211   1 208 130   0   0    0.17    0.32   -0.5    0.6    0.14
  238 PI0          111   1 208 130   0   0    0.30    4.25   -4.3    6.0    0.13
  239 MU+          -13   1 212 130   0   0    0.80   18.06  -21.4   28.0    0.11
  240 NU_MU         14   1 212 130   0   0   -0.53    9.53   -9.2   13.3    0.00
  241 DH_1BAR0  -20423 198 212 130 246 247    0.23   22.99  -22.6   32.3    2.42
  242 PI0          111   1 219  19   0   0   -2.79    1.99  -22.6   22.9    0.13
  243 PI0          111   1 219  19   0   0   -8.20    5.08  -64.8   65.5    0.13
  244 PBAR       -2212   1 224  25   0   0  -14.67  -23.89 -294.4  295.7    0.94
  245 PI+          211   1 224  25   0   0   -3.56   -5.98  -73.7   74.0    0.14
  246 D*-         -413 198 241 130 248 249    0.28   22.64  -22.3   31.8    2.01
  247 PI+          211   1 241 130   0   0   -0.06    0.35   -0.3    0.5    0.14
  248 DBAR0       -421 198 246 130 250 252    0.27   21.34  -21.0   30.0    1.86
  249 PI-         -211   1 246 130   0   0    0.02    1.30   -1.3    1.9    0.14
  250 NU_EBAR      -12   1 248 130   0   0    0.40   14.12  -14.3   20.1    0.00
  251 E-            11   1 248 130   0   0   -0.06    1.26   -1.6    2.1    0.00
  252 K+           321   1 248 130   0   0   -0.08    5.96   -5.1    7.9    0.49

                           ---HEAVY PARTICLE DECAYS---

 IHEP    ID      IDPDG IST MO1 MO2 DA1 DA2   P-X     P-Y     P-Z  ENERGY    MASS
  253 BQRK           5 155 201 254 255 257  103.98   69.00  -48.7  134.1    4.96
  254 DBAR          -1 125 201 257 258 257    6.71    4.45   -3.1    8.7    0.32
  255 SQRK           3 123 253 256 259 256   40.26   27.04  -20.1   52.5    0.50
  256 CBAR          -4 124 253 255 261 255   27.57   18.74  -12.8   35.8    1.55
  257 CQRK           4 124 253 253 263 253   36.16   23.21  -15.7   45.8    1.55
  258 DBAR          -1 160 254 267 269 267    6.71    4.45   -3.1    8.7    0.32

                              ---PARTON SHOWERS---    

 IHEP    ID      IDPDG IST MO1 MO2 DA1 DA2   P-X     P-Y     P-Z  ENERGY    MASS
  259 SQRK          94 143 255 253 260 260   40.26   27.04  -20.1   52.5    0.50
  260 SQRK           3   2 259 262 265 262   40.26   27.04  -20.1   52.5    0.50
  261 CBAR          94 144 256 253 262 262   27.57   18.74  -12.8   35.8    1.55
  262 CBAR          -4   2 261 265 266 265   27.57   18.74  -12.8   35.8    1.55
  263 CQRK          94 144 257 253 264 264   36.16   23.21  -15.7   45.8    1.55
  264 CQRK           4   2 263 258 267 258   36.16   23.21  -15.7   45.8    1.55

                              ---GLUON SPLITTING---   

 IHEP    ID      IDPDG IST MO1 MO2 DA1 DA2   P-X     P-Y     P-Z  ENERGY    MASS
  265 SQRK           3 158 259 266 268 266   40.26   27.04  -20.1   52.5    0.50
  266 CBAR          -4 158 261 265 268 265   27.57   18.74  -12.8   35.8    1.55
  267 CQRK           4 158 263 258 269 258   36.16   23.21  -15.7   45.8    1.55

                             ---CLUSTER FORMATION---  

 IHEP    ID      IDPDG IST MO1 MO2 DA1 DA2   P-X     P-Y     P-Z  ENERGY    MASS
  268 CLUS          91 183 265 266 270 271   68.58   46.33  -33.4   89.3    2.77
  269 CLUS          91 183 267 258 272 272   42.11   27.12  -18.5   53.4    1.87

                              ---CLUSTER DECAYS---    

 IHEP    ID      IDPDG IST MO1 MO2 DA1 DA2   P-X     P-Y     P-Z  ENERGY    MASS
  270 K-          -321   1 268 259   0   0   31.71   21.31  -15.8   41.4    0.49
  271 DBAR0       -421 197 268 259 273 274   36.87   25.02  -17.5   47.9    1.86
  272 D+           411 196 269 263 275 276   42.11   27.12  -18.5   53.4    1.87

                           ---STRONG HADRON DECAYS--- 

 IHEP    ID      IDPDG IST MO1 MO2 DA1 DA2   P-X     P-Y     P-Z  ENERGY    MASS
  273 K+           321   1 271 259   0   0   29.48   19.77  -14.0   38.2    0.49
  274 RHO-        -213 198 271 259 277 278    7.39    5.25   -3.5    9.7    0.77
  275 PI+          211   1 272 263   0   0   24.95   15.77  -11.3   31.6    0.14
  276 PHI          333 198 272 263 279 280   17.16   11.35   -7.2   21.8    1.02
  277 PI-         -211   1 274 259   0   0    0.83    0.37   -0.4    1.0    0.14
  278 PI0          111   1 274 259   0   0    6.56    4.88   -3.1    8.7    0.13
  279 K+           321   1 276 263   0   0    8.73    5.88   -3.8   11.2    0.49
  280 K-          -321   1 276 263   0   0    8.43    5.47   -3.4   10.6    0.49



 EVENT       2: 6500.00 GEV/C P        ON  6500.00 GEV/C P        PROCESS:-18000
 SEEDS:  1116371297 &    68769027   STATUS:  100 ERROR:   0  WEIGHT: -5.8915E-04


                               ---INITIAL STATE---    

 IHEP    ID      IDPDG IST MO1 MO2 DA1 DA2   P-X     P-Y     P-Z  ENERGY    MASS
    1 P           2212 101   0   0   0   0    0.00    0.00 6500.0 6500.0    0.94
    2 P           2212 102   0   0   0   0    0.00    0.00-6500.0 6500.0    0.94
    3 CMF            0 103   1   2   0   0    0.00    0.00    0.013000.013000.00

                              ---HARD SUBPROCESS---   

 IHEP    ID      IDPDG IST MO1 MO2 DA1 DA2   P-X     P-Y     P-Z  ENERGY    MASS
    4 DQRK           1 121   6   8  11  10    0.00    0.00   96.9   96.9    0.32
    5 UQRK           2 122   6   9  15   8    0.00    0.00-2942.2 2942.2    0.32
    6 HARD           0 120   4   5   7  10    5.32    3.06-2845.4 3039.1 1067.65
    7 HIGGS         25 123   6   7  21   7   84.43  186.54-1488.8 1508.0  125.00
    8 DQRK           1 124   6   5  22   4  -47.33  -85.42-1400.4 1403.8    0.32
    9 UQRK           2 124   6  10  26   5  -39.45 -106.48   41.3  120.8    0.32
   10 GLUON         21 124   6   4  33   9    2.36    5.36    2.6    6.4    0.75

                              ---PARTON SHOWERS---    

 IHEP    ID      IDPDG IST MO1 MO2 DA1 DA2   P-X     P-Y     P-Z  ENERGY    MASS
   11 DQRK          94 141   4   6  13  14    0.03    2.85   96.9   96.9   -4.22
   12 CONE           0 100   4  10   0   0    0.40    0.92    2.4    2.6    0.00
   13 GLUON         21   2  11  14  39  40   -0.03   -2.85   86.9   86.9    0.75
   14 UU          2203   2  11  24  41  40    0.00    0.00 6316.2 6316.2    0.31
   15 UQRK          94 142   5   6  17  20    5.29    0.21-2942.3 2942.2  -15.87
   16 CONE           0 100   5   8   0   0   -0.48   -0.87  -14.6   14.6    0.00
   17 GLUON         21   2  15  18  42  43   -0.81    0.01  -85.3   85.3    0.75
   18 GLUON         21   2  15  19  44  45   -1.52    0.20  -79.1   79.1    0.75
   19 GLUON         21   2  15  20  46  47   -2.95   -0.42 -379.5  379.6    0.75
   20 UD          2101   2  15  28  48  47    0.00    0.00-3013.8 3013.8    0.32
   21 HIGGS         25 195   7   6 159 160   86.71  187.29-1483.2 1502.7  125.00
   22 DQRK          94 144   8   6  24  25  -44.69  -83.66-1395.8 1399.1   14.73
   23 CONE           0 100   8   5   0   0    0.25    0.46   -7.0    7.1    0.00
   24 DQRK           1   2  22  25  49  41  -45.41  -78.72-1310.8 1314.0    0.32
   25 GLUON         21   2  22  42  50  51    0.72   -4.94  -84.9   85.1    0.75
   26 UQRK          94 144   9   6  28  32  -39.08 -105.92   40.2  121.1   17.75
   27 CONE           0 100   9  10   0   0   -0.34   -1.14    1.5    1.9    0.00
   28 UQRK           2   2  26  29  52  48  -10.05  -28.46   10.2   31.9    0.32
   29 GLUON         21   2  26  30  53  54  -10.79  -33.62   10.8   36.9    0.75
   30 GLUON         21   2  26  31  55  56   -9.67  -33.74   11.8   37.0    0.75
   31 GLUON         21   2  26  32  57  58   -3.09   -4.64    2.8    6.3    0.75
   32 GLUON         21   2  26  35  59  60   -5.48   -5.46    4.6    9.1    0.75
   33 GLUON         94 144  10   6  35  38    2.37    5.36   -6.5   16.1   13.54
   34 CONE           0 100  10   9   0   0   -0.52   -1.48    0.3    1.6    0.00
   35 GLUON         21   2  33  36  61  62    0.56   -2.74   -1.5    3.3    0.75
   36 GLUON         21   2  33  37  63  64   -1.24    5.91   -5.5    8.2    0.75
   37 GLUON         21   2  33  38  65  66    0.19    1.29    0.3    1.5    0.75
   38 GLUON         21   2  33  39  67  68    2.87    0.90    0.3    3.1    0.75

                              ---GLUON SPLITTING---   

 IHEP    ID      IDPDG IST MO1 MO2 DA1 DA2   P-X     P-Y     P-Z  ENERGY    MASS
   39 DBAR          -1 158  11  40 108  82    0.05   -0.42   13.9   13.9    0.32
   40 DQRK           1 158  11  69  87  39   -0.09   -1.77   52.6   52.6    0.32
   41 UU          2203 161  11  49 110  86   -0.00   -0.00 4870.3 4870.3    0.64
   42 DBAR          -1 158  15  43  92  51   -0.31    0.19  -36.0   36.0    0.32
   43 DQRK           1 158  15  44  88  42   -0.50   -0.18  -49.3   49.3    0.32
   44 UBAR          -2 158  15  45  88  43   -0.34    0.11  -23.0   23.0    0.32
   45 UQRK           2 158  15  46  89  44   -1.18    0.10  -56.1   56.1    0.32
   46 UBAR          -2 158  15  47  89  45   -1.01   -0.30 -129.4  129.4    0.32
   47 UQRK           2 158  15  71  90  46   -1.70   -0.11 -219.5  219.5    0.32
   48 UD          2101 162  15  52 103  72   -0.01   -0.00-2783.9 2783.9    0.64
   49 DQRK           1 158  22  73  91  41  -37.42  -64.87-1080.1 1082.7    0.32
   50 UBAR          -2 158  22  51 104  74    0.11   -1.65  -30.0   30.1    0.32
   51 UQRK           2 158  22  42  92  50    0.59   -3.13  -52.2   52.3    0.32
   52 UQRK           2 158  26  53  93  48  -10.05  -28.46   10.2   31.9    0.32
   53 DBAR          -1 158  26  54  93  52   -5.62  -17.52    5.8   19.3    0.32
   54 DQRK           1 158  26  55  94  53   -5.17  -16.10    5.0   17.6    0.32
   55 DBAR          -1 158  26  56  94  54   -3.65  -12.15    4.2   13.4    0.32
   56 DQRK           1 158  26  75  95  55   -4.25  -15.22    5.3   16.7    0.32
   57 DBAR          -1 158  26  58 105  76   -1.57   -2.27    1.5    3.1    0.32
   58 DQRK           1 158  26  59  96  57   -1.05   -1.79    0.9    2.3    0.32
   59 UBAR          -2 158  26  60  96  58   -3.08   -3.00    2.8    5.1    0.32
   60 UQRK           2 158  26  61  97  59   -2.41   -2.46    1.9    3.9    0.32
   61 UBAR          -2 158  33  62  97  60    0.14   -0.63   -0.4    0.8    0.32
   62 UQRK           2 158  33  79  98  61    0.25   -1.28   -0.7    1.5    0.32
   63 DBAR          -1 158  33  64 106  78   -0.51    2.18   -2.1    3.1    0.32
   64 DQRK           1 158  33  65  99  63   -0.35    2.06   -1.7    2.7    0.32
   65 DBAR          -1 158  33  66  99  64   -0.07    0.41    0.0    0.5    0.32
   66 DQRK           1 158  33  67 100  65    0.26    0.88    0.2    1.0    0.32
   67 DBAR          -1 158  33  68 100  66    1.98    0.76    0.2    2.2    0.32
   68 DQRK           1 158  33  83 101  67    0.57    0.09    0.1    0.7    0.32
   69 DBAR          -1 159  11  70  87  40   -0.01   -0.23   19.5   19.5    0.32
   70 DQRK           1 159  11  85 102  69   -0.00   -0.08   37.2   37.2    0.32
   71 UBAR          -2 159  15  72  90  47   -0.09   -0.01 -157.6  157.6    0.32
   72 UQRK           2 159  15  48 103  71   -0.15   -0.01 -102.9  102.9    0.32
   73 SBAR          -3 159  22  74  91  49   -2.53   -4.52  -75.4   75.6    0.50
   74 SQRK           3 159  22  50 104  73   -5.44   -9.49 -158.0  158.4    0.50
   75 UBAR          -2 159  26  76  95  56   -1.59   -5.56    2.0    6.1    0.32
   76 UQRK           2 159  26  57 105  75   -0.64   -1.40    0.7    1.7    0.32
   77 UBAR          -2 159  33  78 107  80   -0.23    0.99   -1.0    1.5    0.32
   78 UQRK           2 159  33  63 106  77    0.05   -0.26   -0.3    0.5    0.32
   79 SBAR          -3 159  33  80  98  62   -0.06    0.24   -0.5    0.7    0.50
   80 SQRK           3 159  33  77 107  79    0.02   -0.13   -0.4    0.6    0.50
   81 DBAR          -1 159  11  82 109  84    0.03   -0.21    7.0    7.0    0.32
   82 DQRK           1 159  33  39 108  81    0.09   -0.00    0.6    0.7    0.32
   83 DBAR          -1 159  11  84 101  68    0.03   -0.09    3.1    3.1    0.32
   84 DQRK           1 159  33  81 109  83    0.21    0.03    0.3    0.5    0.32
   85 DBAR          -1 159  11  86 102  70   -0.00   -0.00 1276.5 1276.5    0.32
   86 DQRK           1 159  11  41 110  85   -0.00   -0.02  122.2  122.2    0.32

                             ---CLUSTER FORMATION---  

 IHEP    ID      IDPDG IST MO1 MO2 DA1 DA2   P-X     P-Y     P-Z  ENERGY    MASS
   87 CLUS          91 183  40  69 111 112   -0.10   -1.99   72.1   72.1    1.01
   88 CLUS          91 183  43  44 113 114   -0.84   -0.07  -72.3   72.3    0.76
   89 CLUS          91 183  45  46 115 116   -2.19   -0.20 -185.5  185.5    1.38
   90 CLUS          91 183  47  71 117 118   -1.78   -0.11 -377.1  377.1    1.49
   91 CLUS          91 183  49  73 119 120  -39.95  -69.38-1155.5 1158.3    2.01
   92 CLUS          91 183  51  42 121 122    0.27   -2.95  -88.2   88.3    3.03
   93 CLUS          91 183  52  53 123 124  -15.67  -45.97   16.0   51.1    1.06
   94 CLUS          91 183  54  55 125 126   -8.82  -28.25    9.2   31.0    0.91
   95 CLUS          91 183  56  75 127 128   -5.83  -20.78    7.3   22.8    0.73
   96 CLUS          91 183  58  59 129 130   -4.13   -4.79    3.7    7.4    1.20
   97 CLUS          91 183  60  61 131 132   -2.26   -3.09    1.5    4.7    2.35
   98 CLUS          91 183  62  79 133 134    0.19   -1.04   -1.2    2.2    1.59
   99 CLUS          91 183  64  65 135 136   -0.42    2.47   -1.7    3.3    1.20
  100 CLUS          91 183  66  67 137 138    2.24    1.63    0.4    3.2    1.44
  101 CLUS          91 183  68  83 139 140    0.59    0.00    3.2    3.8    1.92
  102 CLUS          91 183  70  85 141 142   -0.00   -0.09 1313.7 1313.7    1.99
  103 CLUS          91 185  72  48 143 144   -0.17   -0.01-2886.8 2886.8    1.98
  104 CLUS          91 183  74  50 145 146   -5.33  -11.14 -188.1  188.5    2.81
  105 CLUS          91 183  76  57 147 148   -2.22   -3.67    2.1    4.9    0.78
  106 CLUS          91 183  78  63 149 150   -0.46    1.91   -2.4    3.6    1.83
  107 CLUS          91 183  80  77 151 152   -0.21    0.86   -1.4    2.1    1.32
  108 CLUS          91 183  82  39 153 154    0.14   -0.42   14.4   14.5    1.62
  109 CLUS          91 183  84  81 155 156    0.23   -0.18    7.3    7.5    1.75
  110 CLUS          91 184  86  41 157 158   -0.00   -0.03 4992.5 4992.5    2.15

                              ---CLUSTER DECAYS---    

 IHEP    ID      IDPDG IST MO1 MO2 DA1 DA2   P-X     P-Y     P-Z  ENERGY    MASS
  111 RHO-        -213 197  87  11 192 193   -0.01   -1.57   51.5   51.5    0.77
  112 PI+          211   1  87  11   0   0   -0.09   -0.43   20.6   20.6    0.14
  113 PI-         -211   1  88  15   0   0   -0.37   -0.01  -56.1   56.1    0.14
  114 PI0          111   1  88  15   0   0   -0.47   -0.06  -16.2   16.2    0.13
  115 ETA          221 197  89  15 194 196   -1.25   -0.19  -95.8   95.8    0.55
  116 RHO0         113 197  89  15 197 198   -0.94   -0.01  -89.7   89.7    0.77
  117 PI+          211   1  90  15   0   0   -0.95   -0.06 -256.4  256.4    0.14
  118 RHO-        -213 197  90  15 199 200   -0.84   -0.05 -120.7  120.7    0.77
  119 OMEGA        223 197  91  22 201 203  -30.00  -52.04 -866.5  868.6    0.78
  120 K*0          313 197  91  22 204 205   -9.95  -17.35 -289.0  289.7    0.90
  121 DELTA++     2224 197  92  22 206 207    0.34   -0.31  -25.4   25.4    1.23
  122 DELTABR-   -2214 197  92  22 208 209   -0.07   -2.64  -62.8   62.9    1.23
  123 PI0          111   1  93  26   0   0  -10.51  -29.60   10.6   33.2    0.13
  124 PI+          211   1  93  26   0   0   -5.16  -16.37    5.4   18.0    0.14
  125 PI-         -211   1  94  26   0   0   -1.49   -4.71    1.6    5.2    0.14
  126 RHO+         213 197  94  26 210 211   -7.33  -23.54    7.7   25.8    0.77
  127 PI-         -211   1  95  26   0   0   -4.59  -15.28    5.4   16.8    0.14
  128 PI0          111   1  95  26   0   0   -1.25   -5.50    1.9    6.0    0.13
  129 RHO-        -213 197  96  26 212 213   -2.80   -2.77    2.2    4.6    0.77
  130 PI0          111   1  96  26   0   0   -1.33   -2.02    1.5    2.8    0.13
  131 RHO0         113 197  97  26 214 215   -1.22   -2.21    0.7    2.7    0.77
  132 B_10       10113 197  97  26 216 217   -1.04   -0.88    0.8    2.0    1.23
  133 PI0          111   1  98  33   0   0    0.65   -0.02   -0.3    0.7    0.13
  134 K+           321   1  98  33   0   0   -0.46   -1.02   -0.9    1.5    0.49
  135 PI-         -211   1  99  33   0   0   -0.72    2.04   -1.6    2.7    0.14
  136 PI+          211   1  99  33   0   0    0.30    0.44   -0.1    0.6    0.14
  137 PI-         -211   1 100  33   0   0    0.39    0.90    0.1    1.0    0.14
  138 RHO+         213 197 100  33 218 219    1.85    0.74    0.3    2.2    0.77
  139 P           2212   1 101  33   0   0    0.15   -0.10    1.7    2.0    0.94
  140 PBAR       -2212   1 101  33   0   0    0.45    0.10    1.5    1.8    0.94
  141 RHO_3-      -217 197 102  11 220 221   -0.09    0.15 1152.6 1152.6    1.69
  142 PI+          211   1 102  11   0   0    0.08   -0.24  161.1  161.1    0.14
  143 PI+          211   1 103  15   0   0    0.03   -0.76-1184.5 1184.5    0.14
  144 N           2112   1 103  15   0   0   -0.19    0.75-1702.3 1702.3    0.94
  145 SIGMA0      3212 197 104  22 222 223   -1.10   -3.24  -48.0   48.2    1.19
  146 PBAR       -2212   1 104  22   0   0   -4.23   -7.90 -140.0  140.3    0.94
  147 PI+          211   1 105  26   0   0   -1.63   -2.98    1.4    3.7    0.14
  148 PI0          111   1 105  26   0   0   -0.58   -0.69    0.7    1.2    0.13
  149 PI+          211   1 106  33   0   0   -0.93    0.78   -1.3    1.8    0.14
  150 RHO0         113 197 106  33 224 225    0.47    1.13   -1.1    1.8    0.77
  151 KBAR0       -311 197 107  33 226 226   -0.17    0.46   -0.8    1.1    0.50
  152 RHO-        -213 197 107  33 227 228   -0.04    0.40   -0.6    1.0    0.77
  153 RHO-        -213 197 108  33 229 230   -0.10   -0.03    7.5    7.5    0.77
  154 RHO+         213 197 108  33 231 232    0.24   -0.39    7.0    7.0    0.77
  155 RHO0         113 197 109  33 233 234   -0.08   -0.24    5.0    5.1    0.77
  156 RHO0         113 197 109  33 235 236    0.31    0.06    2.3    2.4    0.77
  157 RHO-        -213 197 110  11 237 238   -0.00    0.19 1233.6 1233.6    0.77
  158 DELTA++     2224 197 110  11 239 240    0.00   -0.22 3758.9 3758.9    1.23

                            ---H/W/Z BOSON DECAYS---  

 IHEP    ID      IDPDG IST MO1 MO2 DA1 DA2   P-X     P-Y     P-Z  ENERGY    MASS
  159 BQRK           5 123  21 160 161 160   24.02   76.87 -993.8  997.1    4.95
  160 BBAR          -5 124  21 159 165 159   62.69  110.42 -489.4  505.6    4.95

                              ---PARTON SHOWERS---    

 IHEP    ID      IDPDG IST MO1 MO2 DA1 DA2   P-X     P-Y     P-Z  ENERGY    MASS
  161 BQRK          94 143 159  21 163 164   24.30   77.35 -996.0  999.3    9.68
  162 CONE           0 100 159 160   0   0    0.71    1.25   -5.5    5.7    0.00
  163 BQRK           5   2 161 164 167 166   24.65   75.09 -972.3  975.5    4.95
  164 GLUON         21   2 161 166 168 169   -0.35    2.27  -23.7   23.8    0.75
  165 BBAR          94 144 160  21 166 166   62.41  109.94 -487.3  503.4    4.95
  166 BBAR          -5   2 165 167 170 169   62.41  109.94 -487.3  503.4    4.95

                              ---GLUON SPLITTING---   

 IHEP    ID      IDPDG IST MO1 MO2 DA1 DA2   P-X     P-Y     P-Z  ENERGY    MASS
  167 BQRK           5 158 161 171 177 170   22.07   67.41 -872.9  875.8    4.95
  168 DBAR          -1 158 161 169 179 172    0.14    0.80  -10.3   10.3    0.32
  169 DQRK           1 158 161 173 178 168   -0.25    1.51  -14.5   14.6    0.32
  170 BBAR          -5 158 165 167 181 176   55.85   98.41 -436.3  450.8    4.95
  171 UBAR          -2 159 161 172 177 167    0.33    1.23  -15.9   16.0    0.32
  172 UQRK           2 159 161 168 179 171    2.05    6.22  -80.5   80.8    0.32
  173 UBAR          -2 159 165 174 178 169    0.62    1.16   -5.5    5.6    0.32
  174 UQRK           2 159 161 175 180 173    0.47    0.93   -4.5    4.6    0.32
  175 UBAR          -2 159 165 176 180 174    4.33    7.63  -33.8   34.9    0.32
  176 UQRK           2 159 161 170 181 175    1.11    1.99   -9.0    9.3    0.32

                             ---CLUSTER FORMATION---  

 IHEP    ID      IDPDG IST MO1 MO2 DA1 DA2   P-X     P-Y     P-Z  ENERGY    MASS
  177 CLUS          91 183 167 171 182 183   22.40   68.64 -888.8  891.7    5.56
  178 CLUS          91 183 169 173 184 185    0.37    2.67  -20.0   20.2    1.66
  179 CLUS          91 183 172 168 186 187    2.19    7.02  -90.8   91.1    1.07
  180 CLUS          91 183 174 175 188 189    4.80    8.56  -38.3   39.6    1.07
  181 CLUS          91 183 176 170 190 191   56.96  100.40 -445.3  460.1    5.50

                              ---CLUSTER DECAYS---    

 IHEP    ID      IDPDG IST MO1 MO2 DA1 DA2   P-X     P-Y     P-Z  ENERGY    MASS
  182 B*-         -523 197 177 161 241 242   22.25   68.09 -881.6  884.6    5.32
  183 PI0          111   1 177 161   0   0    0.15    0.55   -7.2    7.2    0.13
  184 PI-         -211   1 178 161   0   0   -0.03    1.78  -14.5   14.6    0.14
  185 OMEGA        223 197 178 161 243 245    0.40    0.89   -5.5    5.7    0.78
  186 PI0          111   1 179 161   0   0    0.13    0.88  -12.6   12.7    0.13
  187 RHO+         213 197 179 161 246 247    2.06    6.13  -78.1   78.4    0.77
  188 PI0          111   1 180 161   0   0    4.10    6.55  -30.8   31.8    0.13
  189 PI0          111   1 180 161   0   0    0.70    2.00   -7.5    7.8    0.13
  190 PI+          211   1 181 161   0   0    0.74    1.32   -5.9    6.1    0.14
  191 B*0          513 197 181 161 248 249   56.21   99.09 -439.5  454.0    5.32

                           ---STRONG HADRON DECAYS--- 

 IHEP    ID      IDPDG IST MO1 MO2 DA1 DA2   P-X     P-Y     P-Z  ENERGY    MASS
  192 PI-         -211   1 111  11   0   0    0.08   -1.35   33.5   33.5    0.14
  193 PI0          111   1 111  11   0   0   -0.09   -0.22   18.0   18.0    0.13
  194 PI0          111   1 115  15   0   0   -0.35    0.00  -20.5   20.6    0.13
  195 PI0          111   1 115  15   0   0   -0.38    0.03  -32.1   32.1    0.13
  196 PI0          111   1 115  15   0   0   -0.53   -0.22  -43.2   43.2    0.13
  197 PI+          211   1 116  15   0   0   -0.23    0.32  -35.9   35.9    0.14
  198 PI-         -211   1 116  15   0   0   -0.70   -0.33  -53.8   53.8    0.14
  199 PI-         -211   1 118  15   0   0   -0.68   -0.09 -113.8  113.8    0.14
  200 PI0          111   1 118  15   0   0   -0.16    0.04   -6.9    6.9    0.13
  201 PI+          211   1 119  22   0   0   -6.36  -11.11 -183.4  183.9    0.14
  202 PI-         -211   1 119  22   0   0  -14.02  -24.42 -410.6  411.6    0.14
  203 PI0          111   1 119  22   0   0   -9.62  -16.51 -272.4  273.1    0.13
  204 K0           311 198 120  22 250 250   -5.27   -9.65 -161.1  161.5    0.50
  205 PI0          111   1 120  22   0   0   -4.68   -7.70 -127.9  128.2    0.13
  206 P           2212   1 121  22   0   0    0.39   -0.41  -19.0   19.1    0.94
  207 PI+          211   1 121  22   0   0   -0.05    0.10   -6.4    6.4    0.14
  208 PBAR       -2212   1 122  22   0   0   -0.03   -2.36  -59.1   59.1    0.94
  209 PI0          111   1 122  22   0   0   -0.03   -0.28   -3.7    3.7    0.13
  210 PI+          211   1 126  26   0   0   -0.56   -1.40    0.5    1.6    0.14
  211 PI0          111   1 126  26   0   0   -6.77  -22.14    7.2   24.2    0.13
  212 PI-         -211   1 129  26   0   0   -1.72   -1.86    1.8    3.1    0.14
  213 PI0          111   1 129  26   0   0   -1.08   -0.91    0.4    1.5    0.13
  214 PI+          211   1 131  26   0   0   -0.01   -0.62    0.2    0.7    0.14
  215 PI-         -211   1 131  26   0   0   -1.21   -1.59    0.5    2.1    0.14
  216 OMEGA        223 198 132  26 251 253   -0.68   -0.46    0.2    1.1    0.78
  217 PI0          111   1 132  26   0   0   -0.36   -0.42    0.6    0.9    0.13
  218 PI+          211   1 138  33   0   0    0.39   -0.02    0.3    0.5    0.14
  219 PI0          111   1 138  33   0   0    1.45    0.76    0.0    1.6    0.13
  220 A_20         115 198 141  11 254 255    0.20    0.03  981.6  981.6    1.32
  221 PI-         -211   1 141  11   0   0   -0.29    0.12  171.0  171.0    0.14
  222 LAMBDA      3122 198 145  22 256 257   -1.07   -3.22  -46.9   47.0    1.12
  223 GAMMA         22   1 145  22   0   0   -0.03   -0.02   -1.2    1.2    0.00
  224 PI+          211   1 150  33   0   0    0.54    0.61   -0.4    0.9    0.14
  225 PI-         -211   1 150  33   0   0   -0.06    0.52   -0.7    0.9    0.14
  226 K_L0         130   1 151  33   0   0   -0.17    0.46   -0.8    1.1    0.50
  227 PI-         -211   1 152  33   0   0   -0.00    0.17   -0.7    0.7    0.14
  228 PI0          111   1 152  33   0   0   -0.04    0.23    0.1    0.3    0.13
  229 PI-         -211   1 153  33   0   0    0.18   -0.05    0.8    0.8    0.14
  230 PI0          111   1 153  33   0   0   -0.28    0.03    6.7    6.7    0.13
  231 PI+          211   1 154  33   0   0   -0.00   -0.31    6.1    6.2    0.14
  232 PI0          111   1 154  33   0   0    0.24   -0.08    0.8    0.9    0.13
  233 PI+          211   1 155  33   0   0   -0.07    0.18    0.6    0.7    0.14
  234 PI-         -211   1 155  33   0   0   -0.01   -0.42    4.4    4.4    0.14
  235 PI+          211   1 156  33   0   0    0.05   -0.07    2.0    2.0    0.14
  236 PI-         -211   1 156  33   0   0    0.26    0.12    0.3    0.4    0.14
  237 PI-         -211   1 157  11   0   0    0.02    0.39 1073.6 1073.6    0.14
  238 PI0          111   1 157  11   0   0   -0.03   -0.19  160.0  160.0    0.13
  239 P           2212   1 158  11   0   0    0.06   -0.38 3249.1 3249.1    0.94
  240 PI+          211   1 158  11   0   0   -0.06    0.17  509.7  509.7    0.14
  241 B-          -521 199 182 161 273 274   21.89   67.06 -868.5  871.4    5.28
  242 GAMMA         22   1 182 161   0   0    0.36    1.03  -13.1   13.2    0.00
  243 PI+          211   1 185 161   0   0    0.20    0.06   -1.0    1.0    0.14
  244 PI-         -211   1 185 161   0   0    0.32    0.64   -3.3    3.4    0.14
  245 PI0          111   1 185 161   0   0   -0.13    0.18   -1.3    1.3    0.13
  246 PI+          211   1 187 161   0   0    1.15    2.49  -35.4   35.5    0.14
  247 PI0          111   1 187 161   0   0    0.91    3.64  -42.7   42.9    0.13
  248 B_D0         511 200 191 161 258 258   55.71   98.15 -435.2  449.6    5.28
  249 GAMMA         22   1 191 161   0   0    0.51    0.94   -4.3    4.4    0.00
  250 K_L0         130   1 204  22   0   0   -5.27   -9.65 -161.1  161.5    0.50
  251 PI+          211   1 216  26   0   0   -0.25    0.01    0.3    0.4    0.14
  252 PI-         -211   1 216  26   0   0   -0.18   -0.25   -0.1    0.3    0.14
  253 PI0          111   1 216  26   0   0   -0.25   -0.21   -0.1    0.4    0.13
  254 RHO+         213 198 220  11 262 263    0.40    0.13  908.7  908.7    0.77
  255 PI-         -211   1 220  11   0   0   -0.20   -0.10   72.9   72.9    0.14
  256 N           2112   1 222  22   0   0   -0.94   -2.79  -39.2   39.3    0.94
  257 PI0          111   1 222  22   0   0   -0.13   -0.43   -7.7    7.7    0.13
  258 B_D0         511 198 248 161 259 261   55.71   98.15 -435.2  449.6    5.28
  259 E+           -11   1 258 161   0   0   10.26   17.27  -75.3   78.0    0.00
  260 NU_E          12   1 258 161   0   0   36.27   63.94 -286.0  295.3    0.00
  261 D*-         -413 198 258 161 264 265    9.18   16.94  -73.8   76.3    2.01
  262 PI+          211   1 254  11   0   0   -0.18    0.03  380.2  380.2    0.14
  263 PI0          111   1 254  11   0   0    0.59    0.10  528.5  528.5    0.13
  264 DBAR0       -421 198 261 161 266 267    8.63   15.88  -69.1   71.5    1.86
  265 PI-         -211   1 261 161   0   0    0.55    1.06   -4.7    4.8    0.14
  266 K0           311 198 264 161 268 268    5.31    9.93  -40.7   42.2    0.50
  267 OMEGA        223 198 264 161 269 270    3.31    5.95  -28.5   29.3    0.78
  268 K_S0         310 198 266 161 271 272    5.31    9.93  -40.7   42.2    0.50
  269 PI0          111   1 267 161   0   0    3.20    5.79  -26.9   27.7    0.13
  270 GAMMA         22   1 267 161   0   0    0.11    0.16   -1.5    1.5    0.00
  271 PI+          211   1 268 161   0   0    2.93    5.50  -23.3   24.1    0.14
  272 PI-         -211   1 268 161   0   0    2.38    4.43  -17.4   18.1    0.14

                           ---HEAVY PARTICLE DECAYS---

 IHEP    ID      IDPDG IST MO1 MO2 DA1 DA2   P-X     P-Y     P-Z  ENERGY    MASS
  273 BQRK           5 155 241 274 275 277   20.56   63.00 -815.9  818.6    4.96
  274 UBAR          -2 125 241 277 278 277    1.33    4.07  -52.6   52.8    0.32
  275 CQRK           4 123 273 276 279 276    8.87   29.81 -372.7  374.0    1.55
  276 CBAR          -4 124 273 275 281 275    8.55   25.40 -345.8  346.8    1.55
  277 SQRK           3 124 273 273 283 273    3.15    7.79  -97.4   97.8    0.50
  278 UBAR          -2 160 274 287 289 287    1.33    4.07  -52.6   52.8    0.32

                              ---PARTON SHOWERS---    

 IHEP    ID      IDPDG IST MO1 MO2 DA1 DA2   P-X     P-Y     P-Z  ENERGY    MASS
  279 CQRK          94 143 275 273 280 280    8.87   29.81 -372.7  374.0    1.55
  280 CQRK           4   2 279 282 285 282    8.87   29.81 -372.7  374.0    1.55
  281 CBAR          94 144 276 273 282 282    8.55   25.40 -345.8  346.8    1.55
  282 CBAR          -4   2 281 285 286 285    8.55   25.40 -345.8  346.8    1.55
  283 SQRK          94 144 277 273 284 284    3.15    7.79  -97.4   97.8    0.50
  284 SQRK           3   2 283 278 287 278    3.15    7.79  -97.4   97.8    0.50

                              ---GLUON SPLITTING---   

 IHEP    ID      IDPDG IST MO1 MO2 DA1 DA2   P-X     P-Y     P-Z  ENERGY    MASS
  285 CQRK           4 158 279 286 288 286    8.87   29.81 -372.7  374.0    1.55
  286 CBAR          -4 158 281 285 288 285    8.55   25.40 -345.8  346.8    1.55
  287 SQRK           3 158 283 278 289 278    3.15    7.79  -97.4   97.8    0.50

                             ---CLUSTER FORMATION---  

 IHEP    ID      IDPDG IST MO1 MO2 DA1 DA2   P-X     P-Y     P-Z  ENERGY    MASS
  288 CLUS          91 183 285 286 290 291   17.41   55.21 -718.5  720.8    3.90
  289 CLUS          91 183 287 278 292 293    4.48   11.85 -150.1  150.6    0.99

                              ---CLUSTER DECAYS---    

 IHEP    ID      IDPDG IST MO1 MO2 DA1 DA2   P-X     P-Y     P-Z  ENERGY    MASS
  290 D+           411 197 288 279 294 296    8.42   26.97 -348.5  349.7    1.87
  291 D*-         -413 197 288 279 297 298    8.99   28.24 -370.0  371.1    2.01
  292 K-          -321   1 289 283   0   0    3.51    8.56 -106.8  107.2    0.49
  293 PI0          111   1 289 283   0   0    0.97    3.29  -43.2   43.4    0.13

                           ---STRONG HADRON DECAYS--- 

 IHEP    ID      IDPDG IST MO1 MO2 DA1 DA2   P-X     P-Y     P-Z  ENERGY    MASS
  294 NU_E          12   1 290 279   0   0    1.39    5.79  -75.7   75.9    0.00
  295 E+           -11   1 290 279   0   0    0.85    1.81  -26.2   26.3    0.00
  296 K*BAR0      -313 198 290 279 299 300    6.18   19.37 -246.6  247.5    0.90
  297 DBAR0       -421 198 291 279 301 302    8.47   26.67 -349.3  350.4    1.86
  298 PI-         -211   1 291 279   0   0    0.52    1.57  -20.7   20.8    0.14
  299 K-          -321   1 296 279   0   0    5.52   16.62 -213.0  213.7    0.49
  300 PI+          211   1 296 279   0   0    0.66    2.75  -33.6   33.8    0.14
  301 K+           321   1 297 279   0   0    2.23    6.09  -81.1   81.4    0.49
  302 A_1-      -20213 198 297 279 303 304    6.24   20.58 -268.1  269.0    1.23
  303 RHO-        -213 198 302 279 305 306    6.04   19.88 -257.5  258.3    0.77
  304 PI0          111   1 302 279   0   0    0.19    0.70  -10.7   10.7    0.13
  305 PI-         -211   1 303 279   0   0    5.66   17.99 -233.5  234.3    0.14
  306 PI0          111   1 303 279   0   0    0.39    1.89  -24.0   24.0    0.13

 HWWARN CALLED FROM SUBPROGRAM HWDFIV: CODE = 101
 EVENT    2404:   SEEDS = 1007198295 &  712713327  WEIGHT = 0.5891E-03
 EVENT KILLED.   EXECUTION CONTINUES

 HWWARN CALLED FROM SUBPROGRAM HWDFIV: CODE = 101
 EVENT    2492:   SEEDS = 1557930050 & 1658729831  WEIGHT = 0.5891E-03
 EVENT KILLED.   EXECUTION CONTINUES

 HWWARN CALLED FROM SUBPROGRAM HWDFIV: CODE = 101
 EVENT    7186:   SEEDS = 1173589887 &  445715218  WEIGHT = 0.5891E-03
 EVENT KILLED.   EXECUTION CONTINUES

 HWWARN CALLED FROM SUBPROGRAM HWDFIV: CODE = 101
 EVENT    8879:   SEEDS = 1766921124 & 1543136202  WEIGHT = 0.5891E-03
 EVENT KILLED.   EXECUTION CONTINUES

 HWWARN CALLED FROM SUBPROGRAM HWDFIV: CODE = 101
 EVENT    9727:   SEEDS = 1209544923 &  361382151  WEIGHT = 0.5891E-03
 EVENT KILLED.   EXECUTION CONTINUES

 HWWARN CALLED FROM SUBPROGRAM HWDFIV: CODE = 101
 EVENT    9807:   SEEDS = 2084010288 & 1417546044  WEIGHT =-0.5891E-03
 EVENT KILLED.   EXECUTION CONTINUES

          OUTPUT ON LES HOUCHES EVENTS


      PROC CODE  XSECT(pb)        XERR(pb)      Max wgt(nb) No. of events


          OUTPUT ON ELEMENTARY PROCESS

          N.B. NEGATIVE WEIGHTS ALLOWED

          NUMBER OF EVENTS   =        9994
          NEGATIVE  EVENTS   =        2551
          NUMBER OF WEIGHTS  =       10000
          NEGATIVE  WEIGHTS  =        2552
          MEAN VALUE OF WGT  =  2.8845E-04
          RMS SPREAD IN WGT  =  5.1371E-04
          MEAN ABS WEIGHT    =  5.8915E-04
          ACTUAL MAX ABS WGT =  1.0000E+00
          ASSUMED MAXABS WGT =  2.8845E-04

          PROCESS CODE IPROC =      -18000
          CROSS SECTION (PB) =  0.2884    
          ERROR IN C-S  (PB) =  5.1371E-03
          EFFICIENCY PERCENT =   100.0    
 # of events processed=        9994
