 Enter filename for events
 Enter maximum number of events to generate
 MUST coincide with the number of events on tape
 Enter 0 to use Herwig default PDFs
       1 to use PDFs from library
 Enter colliding particles (PART1, PART2)
 Enter beam momenta (PBEAM1, PBEAM2)


          HERWIG 6.521  11th Mar. 2013

          Please reference:  G. Marchesini, B.R. Webber,
          G.Abbiendi, I.G.Knowles, M.H.Seymour & L.Stanco
          Computer Physics Communications 67 (1992) 465
                             and
          G.Corcella, I.G.Knowles, G.Marchesini, S.Moretti,
          K.Odagiri, P.Richardson, M.H.Seymour & B.R.Webber,
          JHEP 0101 (2001) 010
 Enter .TRUE. for underlying event, .FALSE. otherwise

 Underlying event WILL NOT be generated

 Enter Lambda_QCD, <0 for Herwig default
 Enter Z mass, width
 Enter W mass, width
 Enter top mass, width
 Enter Higgs (SM) boson mass, width
 Enter quark (d,u,s,c,b) and gluon masses
 Enter lepton (e,mu,tau) masses
 Enter number of events to print
 Enter accepted error fraction
 Is it single-top (.TRUE. or .FALSE)?
 Is it b-bbar (.TRUE. or .FALSE)?
 Enter the two random seeds (0 0 for default)

          INPUT CONDITIONS FOR THIS RUN

          BEAM 1 (P       ) MOM. =   6500.00
          BEAM 2 (P       ) MOM. =   6500.00
          PROCESS CODE (IPROC)   =  -18000
          NUMBER OF FLAVOURS     =    6
          STRUCTURE FUNCTION SET =    8
          AZIM SPIN CORRELATIONS =    T
          AZIM SOFT CORRELATIONS =    T
          QCD LAMBDA (GEV)       =    0.1800
          DOWN     QUARK  MASS   =    0.3200
          UP       QUARK  MASS   =    0.3200
          STRANGE  QUARK  MASS   =    0.5000
          CHARMED  QUARK  MASS   =    1.5500
          BOTTOM   QUARK  MASS   =    4.9500
          TOP      QUARK  MASS   =  173.0000
          GLUON EFFECTIVE MASS   =    0.7500
          EXTRA SHOWER CUTOFF (Q)=    0.4800
          EXTRA SHOWER CUTOFF (G)=    0.1000
          PHOTON SHOWER CUTOFF   =    0.4000
          CLUSTER MASS PARAMETER =    3.3500
          SPACELIKE EVOLN CUTOFF =    2.5000
          INTRINSIC P-TRAN (RMS) =    0.0000
          DECAY SPIN CORRELATIONS=    T
          SUSY THREE BODY ME     =    T
          SUSY FOUR  BODY ME     =    F

          NO EVENTS WILL BE WRITTEN TO DISK

          B_d: Delt-M/Gam =0.7000 Delt-Gam/2*Gam =0.0000
          B_s: Delt-M/Gam = 10.00 Delt-Gam/2*Gam =0.2000

          PDFLIB NOT USED FOR BEAM 1
          PDFLIB NOT USED FOR BEAM 2


          Checking consistency of particle properties


          Checking consistency of decay tables


          WRITING SUDAKOV TABLE ON UNIT  77

          WRITING MATRIX ELEMENT TABLE ON UNIT  88

          CHECKING SUSY DECAY MATRIX ELEMENTS
 Do you want a stable Pi0 (.TRUE. or .FALSE)?
 Do you want a stable W+ (.TRUE. or .FALSE)?
 Do you want a stable W- (.TRUE. or .FALSE)?
 Do you want a stable Z0 (.TRUE. or .FALSE)?
 Do you want a stable Tau+ (.TRUE. or .FALSE)?
 Do you want a stable Tau- (.TRUE. or .FALSE)?
 Do you want a stable Mu+ (.TRUE. or .FALSE)?
 Do you want a stable Mu- (.TRUE. or .FALSE)?
 Do you want a stable Higgs (.TRUE. or .FALSE)?

          PARTICLE TYPE  21=PI0      SET STABLE
 How many decay modes do you want to set?
 How are the events normalized ("average" or "sum")?
 stdhep initialized

          SUBROUTINE TIMEL CALLED BUT NOT LINKED.
          DUMMY TIMEL WILL BE USED. DELETE DUMMY
          AND LINK CERNLIB FOR CPU TIME REMAINING.

 HWWARN CALLED FROM SUBPROGRAM HWSMRS: CODE =   5
 EVENT       1:   SEEDS = 1973774260 & 1099242306  WEIGHT = 0.6020E-03
 EVENT SURVIVES. EXECUTION CONTINUES
 WARNING: MRST98 CALLED WITH Q OUTSIDE ALLOWED RANGE!
 Q VALUE=1.430E+04, MINIMUM=1.118E+00, MAXIMUM=3.162E+03
 NO FURTHER WARNINGS WILL BE ISSUED



 EVENT       1: 6500.00 GEV/C P        ON  6500.00 GEV/C P        PROCESS:-18000
 SEEDS:  1973774260 &  1099242306   STATUS:  100 ERROR:   0  WEIGHT:  6.0197E-04


                               ---INITIAL STATE---    

 IHEP    ID      IDPDG IST MO1 MO2 DA1 DA2   P-X     P-Y     P-Z  ENERGY    MASS
    1 P           2212 101   0   0   0   0    0.00    0.00 6500.0 6500.0    0.94
    2 P           2212 102   0   0   0   0    0.00    0.00-6500.0 6500.0    0.94
    3 CMF            0 103   1   2   0   0    0.00    0.00    0.013000.013000.00

                              ---HARD SUBPROCESS---   

 IHEP    ID      IDPDG IST MO1 MO2 DA1 DA2   P-X     P-Y     P-Z  ENERGY    MASS
    4 DQRK           1 121   6   8  10   9    0.00    0.00 3212.3 3212.3    0.32
    5 UQRK           2 122   6   9  14   8    0.00    0.00-1738.4 1738.4    0.32
    6 HARD           0 120   4   5   7   9   -0.19    1.53 1473.9 4950.7 4726.19
    7 HIGGS         25 123   6   7  16   7  118.24 -194.54  308.9  403.6  125.00
    8 DQRK           1 124   6   5  17   4    9.94    1.34-1686.3 1686.4    0.32
    9 UQRK           2 124   6   4  19   5 -128.18  193.20 2851.3 2860.7    0.32

                              ---PARTON SHOWERS---    

 IHEP    ID      IDPDG IST MO1 MO2 DA1 DA2   P-X     P-Y     P-Z  ENERGY    MASS
   10 DQRK          94 141   4   6  12  13   -0.19    1.53 3212.3 3212.3   -2.92
   11 CONE           0 100   4   9   0   0   -0.55    0.83    9.2    9.3    0.00
   12 GLUON         21   2  10  13  27  28    0.19   -1.53 1465.5 1465.5    0.75
   13 UU          2203   2  10  18  29  28    0.00    0.00 1822.2 1822.2    0.32
   14 UQRK          94 142   5   6  15  15    0.00   -0.00-1738.4 1738.4    0.44
   15 UD          2101   2  14  21  30  18    0.00    0.00-4761.6 4761.6    0.32
   16 HIGGS         25 195   7   6 101 102  118.22 -194.42  308.9  403.5  125.00
   17 DQRK          94 144   8   6  18  18    9.88    1.86-1686.3 1686.4    0.32
   18 DQRK           1   2  17  30  31  29    9.88    1.86-1686.3 1686.4    0.32
   19 UQRK          94 144   9   6  21  26 -128.29  194.08 2851.3 2860.8   16.69
   20 CONE           0 100   9   4   0   0    0.18   -0.27    8.3    8.3    0.00
   21 UQRK           2   2  19  22  32  30  -50.41   75.39 1040.5 1044.4    0.32
   22 GLUON         21   2  19  23  33  34  -14.34   19.58  286.2  287.2    0.75
   23 DBAR          -1   2  19  24  35  34  -13.84   20.54  305.1  306.1    0.32
   24 DQRK           1   2  19  25  36  35  -26.01   37.41  596.5  598.2    0.32
   25 GLUON         21   2  19  26  37  38  -12.62   21.69  325.0  326.0    0.75
   26 GLUON         21   2  19  27  39  40  -11.07   19.46  298.0  298.9    0.75

                              ---GLUON SPLITTING---   

 IHEP    ID      IDPDG IST MO1 MO2 DA1 DA2   P-X     P-Y     P-Z  ENERGY    MASS
   27 DBAR          -1 158  10  28  68  50    0.00   -0.33  442.5  442.5    0.32
   28 DQRK           1 158  10  41  57  27    0.07   -0.44  516.0  516.0    0.32
   29 UU          2203 161  10  31  64  42    0.05   -0.31 1167.9 1167.9    0.64
   30 UD          2101 162  14  32  65  44    0.03    0.01-1865.7 1865.7    0.64
   31 DQRK           1 158  17  47  58  29    4.53    0.85 -776.0  776.0    0.32
   32 UQRK           2 158  19  33  59  30  -50.41   75.39 1040.5 1044.4    0.32
   33 UBAR          -2 158  19  34  59  32   -6.60    8.72  128.0  128.5    0.32
   34 UQRK           2 158  19  35  60  33   -7.74   10.86  158.2  158.7    0.32
   35 DBAR          -1 158  19  36  60  34  -13.84   20.54  305.1  306.1    0.32
   36 DQRK           1 158  19  37  61  35  -26.01   37.41  596.5  598.2    0.32
   37 UBAR          -2 158  19  38  61  36   -5.87    9.99  147.6  148.0    0.32
   38 UQRK           2 158  19  39  62  37   -6.75   11.71  177.4  177.9    0.32
   39 UBAR          -2 158  19  40  62  38   -3.66    6.75  102.5  102.8    0.32
   40 UQRK           2 158  19  51  63  39   -5.47    9.39  144.4  144.8    0.32
   41 DBAR          -1 159  10  42  57  28    0.02   -0.14  603.7  603.7    0.32
   42 DQRK           1 159  10  29  64  41    0.04   -0.25  492.9  492.9    0.32
   43 UBAR          -2 159  14  44  70  54    0.01    0.00-1428.3 1428.3    0.32
   44 UQRK           2 159  17  30  65  43    0.53    0.10 -122.7  122.7    0.32
   45 SBAR          -3 159  14  46  67  48    0.09    0.02 -495.7  495.7    0.50
   46 SQRK           3 159  17  53  66  45    1.79    0.34 -329.1  329.1    0.50
   47 DBAR          -1 159  14  48  58  31    0.06    0.01 -286.9  286.9    0.32
   48 DQRK           1 159  17  45  67  47    2.00    0.38 -350.3  350.3    0.32
   49 SBAR          -3 159  10  50  71  56   -0.05    0.06   35.8   35.8    0.50
   50 SQRK           3 159  19  27  68  49   -0.17    0.28   14.2   14.2    0.50
   51 UBAR          -2 159  10  52  63  40   -0.11    0.19    8.9    8.9    0.32
   52 UQRK           2 159  19  55  69  51   -1.13    1.94   30.4   30.5    0.32
   53 DBAR          -1 159  14  54  66  46    0.03    0.00 -636.1  636.1    0.32
   54 DQRK           1 159  17  43  70  53    0.80    0.15 -157.1  157.1    0.32
   55 SBAR          -3 159  10  56  69  52   -0.27    0.45   13.2   13.2    0.50
   56 SQRK           3 159  19  49  71  55   -0.21    0.36   13.3   13.3    0.50

                             ---CLUSTER FORMATION---  

 IHEP    ID      IDPDG IST MO1 MO2 DA1 DA2   P-X     P-Y     P-Z  ENERGY    MASS
   57 CLUS          91 183  28  41  72  73    0.10   -0.59 1119.7 1119.7    0.73
   58 CLUS          91 183  31  47  74  75    4.59    0.87-1062.9 1062.9    2.79
   59 CLUS          91 183  32  33  76  77  -57.01   84.10 1168.5 1172.9    2.21
   60 CLUS          91 183  34  35  78  79  -21.58   31.41  463.3  464.9    1.08
   61 CLUS          91 183  36  37  80  81  -31.88   47.40  744.0  746.2    2.02
   62 CLUS          91 183  38  39  82  83  -10.41   18.45  280.0  280.8    0.74
   63 CLUS          91 183  40  51  84  85   -5.58    9.58  153.3  153.7    2.27
   64 CLUS          91 184  42  29  86  86    0.09   -0.56 1660.8 1660.8    0.94
   65 CLUS          91 185  44  30  87  88    0.57    0.11-1988.4 1988.4    2.56
   66 CLUS          91 183  46  53  89  90    1.82    0.34 -965.2  965.2    2.69
   67 CLUS          91 183  48  45  91  92    2.09    0.39 -846.0  846.0    2.49
   68 CLUS          91 183  50  27  93  94   -0.17   -0.05  456.7  456.7    3.42
   69 CLUS          91 183  52  55  95  96   -1.39    2.39   43.6   43.7    1.20
   70 CLUS          91 183  54  43  97  98    0.81    0.15-1585.4 1585.4    2.67
   71 CLUS          91 183  56  49  99 100   -0.26    0.42   49.2   49.2    1.30

                              ---CLUSTER DECAYS---    

 IHEP    ID      IDPDG IST MO1 MO2 DA1 DA2   P-X     P-Y     P-Z  ENERGY    MASS
   72 PI-         -211   1  57  10   0   0    0.13   -0.69 1010.5 1010.5    0.14
   73 PI+          211   1  57  10   0   0   -0.04    0.10  109.2  109.2    0.14
   74 SIGMA0      3212 197  58  17 181 182    3.49    0.66 -662.3  662.3    1.19
   75 SIGMABR0   -3212 197  58  17 183 184    1.10    0.21 -400.6  400.6    1.19
   76 A_20         115 197  59  19 185 186  -48.40   71.93  995.7  999.5    1.32
   77 ETA          221 197  59  19 187 189   -8.62   12.17  172.8  173.4    0.55
   78 PI0          111   1  60  19   0   0   -7.11    9.87  143.0  143.5    0.13
   79 PI+          211   1  60  19   0   0  -14.47   21.54  320.3  321.3    0.14
   80 PI0          111   1  61  19   0   0  -12.40   17.83  284.3  285.1    0.13
   81 A_0(H)-   -10211 197  61  19 190 191  -19.48   29.57  459.8  461.1    1.47
   82 PI+          211   1  62  19   0   0   -4.91    9.20  134.6  135.0    0.14
   83 PI-         -211   1  62  19   0   0   -5.50    9.25  145.4  145.8    0.14
   84 RHO+         213 197  63  19 192 193   -3.26    5.17   84.5   84.8    0.77
   85 A_2-        -215 197  63  19 194 195   -2.32    4.40   68.8   69.0    1.32
   86 P           2212   1  64  10   0   0    0.09   -0.56 1660.8 1660.8    0.94
   87 A_20         115 197  65  17 196 197    0.40   -0.43-1374.0 1374.0    1.32
   88 P           2212   1  65  17   0   0    0.17    0.54 -614.5  614.5    0.94
   89 SIGMA+      3222 197  66  17 198 199    1.53    0.88 -580.2  580.2    1.19
   90 PBAR       -2212   1  66  17   0   0    0.29   -0.53 -385.0  385.0    0.94
   91 K*_00      10311 197  67  17 200 201    1.49    0.25 -512.5  512.5    1.43
   92 PHI          333 197  67  17 202 203    0.60    0.15 -333.4  333.4    1.02
   93 XI0         3322 197  68  19 204 205   -0.94    0.46  180.7  180.7    1.31
   94 SGMA*BR0   -3214 197  68  19 206 207    0.77   -0.51  276.0  276.0    1.38
   95 PI0          111   1  69  19   0   0   -0.29    0.43    3.8    3.8    0.13
   96 K+           321   1  69  19   0   0   -1.10    1.96   39.8   39.8    0.49
   97 P           2212   1  70  17   0   0    0.63    0.05-1177.3 1177.3    0.94
   98 DLTABR--   -2224 197  70  17 208 209    0.17    0.10 -408.1  408.1    1.23
   99 KBAR0       -311 197  71  19 210 210   -0.11    0.45   14.7   14.7    0.50
  100 K0           311 197  71  19 211 211   -0.15   -0.03   34.5   34.5    0.50

                            ---H/W/Z BOSON DECAYS---  

 IHEP    ID      IDPDG IST MO1 MO2 DA1 DA2   P-X     P-Y     P-Z  ENERGY    MASS
  101 BQRK           5 123  16 102 103 102    0.58 -117.89  160.4  199.1    4.95
  102 BBAR          -5 124  16 101 105 101  117.64  -76.53  148.6  204.4    4.95

                              ---PARTON SHOWERS---    

 IHEP    ID      IDPDG IST MO1 MO2 DA1 DA2   P-X     P-Y     P-Z  ENERGY    MASS
  103 BQRK          94 143 101  16 104 104    0.58 -117.89  160.4  199.1    4.95
  104 BQRK           5   2 103 106 107 106    0.58 -117.89  160.4  199.1    4.95
  105 BBAR          94 144 102  16 106 106  117.64  -76.53  148.6  204.4    4.95
  106 BBAR          -5   2 105 107 108 107  117.64  -76.53  148.6  204.4    4.95

                              ---GLUON SPLITTING---   

 IHEP    ID      IDPDG IST MO1 MO2 DA1 DA2   P-X     P-Y     P-Z  ENERGY    MASS
  107 BQRK           5 158 103 119 137 108    0.70  -38.27   52.3   65.0    4.95
  108 BBAR          -5 158 105 107 144 122   68.04  -44.47   86.2  118.6    4.95
  109 UBAR          -2 159 105 110 150 134    4.78   -3.12    6.1    8.3    0.32
  110 UQRK           2 159 103 123 138 109    0.19   -0.60    0.9    1.1    0.32
  111 UBAR          -2 159 105 112 140 114    2.31   -1.54    3.0    4.1    0.32
  112 UQRK           2 159 103 127 139 111    0.06  -15.69   21.3   26.5    0.32
  113 DBAR          -1 159 105 114 151 136    1.57   -1.08    2.1    2.8    0.32
  114 DQRK           1 159 103 111 140 113    0.04   -4.19    5.7    7.1    0.32
  115 UBAR          -2 159 105 116 142 118    0.20   -0.59    0.9    1.1    0.32
  116 UQRK           2 159 103 131 141 115    0.10  -28.35   38.6   47.9    0.32
  117 SBAR          -3 159 105 118 143 120    0.24   -1.09    1.6    2.0    0.50
  118 SQRK           3 159 103 115 142 117    0.06   -6.20    8.4   10.5    0.50
  119 DBAR          -1 159 105 120 137 107    0.07   -1.46    2.0    2.5    0.32
  120 DQRK           1 159 103 117 143 119    0.07   -1.37    1.9    2.4    0.32
  121 UBAR          -2 159 105 122 145 124   30.23  -19.62   38.1   52.5    0.32
  122 UQRK           2 159 103 108 144 121    1.39   -0.97    1.8    2.5    0.32
  123 SBAR          -3 159 105 124 138 110    0.61   -0.76    1.3    1.7    0.50
  124 SQRK           3 159 103 121 145 123    2.18   -1.52    2.9    4.0    0.50
  125 UBAR          -2 159 105 126 147 128    1.96   -1.32    2.5    3.5    0.32
  126 UQRK           2 159 103 133 146 125    0.04   -5.86    8.0    9.9    0.32
  127 UBAR          -2 159 105 128 139 112    0.04   -3.24    4.4    5.5    0.32
  128 UQRK           2 159 103 125 147 127    0.08   -1.23    1.7    2.1    0.32
  129 SBAR          -3 159 105 130 149 132    0.97   -0.86    1.5    2.1    0.50
  130 SQRK           3 159 103 135 148 129    0.06   -4.76    6.5    8.1    0.50
  131 UBAR          -2 159 105 132 141 116    0.04   -3.20    4.4    5.4    0.32
  132 UQRK           2 159 103 129 149 131    0.16   -0.69    1.0    1.3    0.32
  133 UBAR          -2 159 105 134 146 126    1.17   -0.84    1.6    2.2    0.32
  134 UQRK           2 159 103 109 150 133    0.31   -0.50    0.8    1.0    0.32
  135 UBAR          -2 159 105 136 148 130    0.22   -0.56    0.8    1.1    0.32
  136 UQRK           2 159 103 113 151 135    0.36   -0.49    0.8    1.1    0.32

                             ---CLUSTER FORMATION---  

 IHEP    ID      IDPDG IST MO1 MO2 DA1 DA2   P-X     P-Y     P-Z  ENERGY    MASS
  137 CLUS          91 183 107 119 152 152    0.76  -39.73   54.3   67.5    5.28
  138 CLUS          91 183 110 123 153 154    0.80   -1.36    2.2    2.8    0.87
  139 CLUS          91 183 112 127 155 156    0.10  -18.93   25.7   32.0    0.85
  140 CLUS          91 183 114 111 157 158    2.34   -5.72    8.7   11.1    3.32
  141 CLUS          91 183 116 131 159 160    0.14  -31.55   42.9   53.3    1.06
  142 CLUS          91 183 118 115 161 162    0.26   -6.79    9.3   11.6    1.33
  143 CLUS          91 183 120 117 163 164    0.31   -2.46    3.5    4.4    0.88
  144 CLUS          91 183 122 108 165 166   69.43  -45.44   88.0  121.1    5.49
  145 CLUS          91 183 124 121 167 168   32.41  -21.13   41.0   56.4    1.96
  146 CLUS          91 183 126 133 169 170    1.20   -6.69    9.5   12.1    2.81
  147 CLUS          91 183 128 125 171 172    2.04   -2.55    4.2    5.6    1.68
  148 CLUS          91 183 130 135 173 174    0.28   -5.32    7.3    9.1    1.24
  149 CLUS          91 183 132 129 175 176    1.13   -1.55    2.5    3.3    1.02
  150 CLUS          91 183 134 109 177 178    5.09   -3.62    6.8    9.4    1.35
  151 CLUS          91 183 136 113 179 180    1.93   -1.57    2.9    3.9    0.82

                              ---CLUSTER DECAYS---    

 IHEP    ID      IDPDG IST MO1 MO2 DA1 DA2   P-X     P-Y     P-Z  ENERGY    MASS
  152 B_DBAR0     -511 200 137 103 212 212    0.76  -39.73   54.3   67.5    5.28
  153 PI0          111   1 138 103   0   0    0.54   -0.84    1.5    1.8    0.13
  154 K+           321   1 138 103   0   0    0.26   -0.53    0.7    1.0    0.49
  155 PI0          111   1 139 103   0   0   -0.27   -7.56   10.7   13.1    0.13
  156 PI0          111   1 139 103   0   0    0.36  -11.37   15.0   18.9    0.13
  157 DELTA+      2214 197 140 103 213 214    1.73   -4.40    4.8    6.9    1.23
  158 DLTABR--   -2224 197 140 103 215 216    0.61   -1.33    3.8    4.3    1.23
  159 PI0          111   1 141 103   0   0    0.52  -10.20   14.0   17.3    0.13
  160 PI0          111   1 141 103   0   0   -0.38  -21.35   28.9   36.0    0.13
  161 K-          -321   1 142 103   0   0   -0.31   -4.89    6.9    8.5    0.49
  162 PI0          111   1 142 103   0   0    0.57   -1.90    2.4    3.1    0.13
  163 PI0          111   1 143 103   0   0    0.31   -0.59    1.1    1.3    0.13
  164 K0           311 197 143 103 217 217   -0.00   -1.87    2.3    3.0    0.50
  165 PI+          211   1 144 103   0   0    1.00   -0.67    1.3    1.8    0.14
  166 B*0          513 197 144 103 218 219   68.42  -44.77   86.8  119.3    5.32
  167 KBAR0       -311 197 145 103 220 220    6.72   -4.45    9.1   12.1    0.50
  168 B_1-      -10213 197 145 103 221 222   25.69  -16.69   31.9   44.3    1.23
  169 K+           321   1 146 103   0   0    0.82   -4.49    6.5    8.0    0.49
  170 KL_1-     -10323 197 146 103 223 224    0.38   -2.21    3.0    4.1    1.57
  171 A_0(H)+    10211 197 147 103 225 226    1.69   -2.19    3.8    4.9    1.47
  172 PI-         -211   1 147 103   0   0    0.36   -0.36    0.4    0.7    0.14
  173 K-          -321   1 148 103   0   0   -0.07   -1.00    1.8    2.1    0.49
  174 PI0          111   1 148 103   0   0    0.35   -4.32    5.5    7.0    0.13
  175 PI+          211   1 149 103   0   0    0.69   -1.25    1.5    2.1    0.14
  176 K0           311 197 149 103 227 227    0.44   -0.30    1.0    1.2    0.50
  177 ETA          221 197 150 103 228 229    2.21   -1.65    3.6    4.6    0.55
  178 ETA          221 197 150 103 230 232    2.88   -1.97    3.3    4.8    0.55
  179 PI+          211   1 151 103   0   0    1.52   -0.86    2.2    2.8    0.14
  180 PI0          111   1 151 103   0   0    0.41   -0.70    0.6    1.0    0.13

                           ---STRONG HADRON DECAYS--- 

 IHEP    ID      IDPDG IST MO1 MO2 DA1 DA2   P-X     P-Y     P-Z  ENERGY    MASS
  181 LAMBDA      3122 198  74  17 233 234    3.34    0.70 -631.4  631.4    1.12
  182 GAMMA         22   1  74  17   0   0    0.14   -0.04  -30.9   30.9    0.00
  183 LAMBDABR   -3122 198  75  17 235 236    0.98    0.15 -378.5  378.5    1.12
  184 GAMMA         22   1  75  17   0   0    0.12    0.05  -22.1   22.1    0.00
  185 RHO-        -213 198  76  19 237 238  -38.62   57.91  802.2  805.3    0.77
  186 PI+          211   1  76  19   0   0   -9.78   14.02  193.5  194.2    0.14
  187 PI+          211   1  77  19   0   0   -1.35    1.82   26.4   26.5    0.14
  188 PI-         -211   1  77  19   0   0   -3.50    5.10   70.5   70.8    0.14
  189 PI0          111   1  77  19   0   0   -3.77    5.25   75.9   76.1    0.13
  190 PI-         -211   1  81  19   0   0   -9.65   14.33  221.1  221.7    0.14
  191 ETAP         331 198  81  19 239 240   -9.83   15.24  238.7  239.4    0.96
  192 PI+          211   1  84  19   0   0   -2.57    4.13   70.7   70.8    0.14
  193 PI0          111   1  84  19   0   0   -0.69    1.05   13.9   13.9    0.13
  194 RHO-        -213 198  85  19 241 242   -1.51    2.31   42.4   42.5    0.77
  195 PI0          111   1  85  19   0   0   -0.81    2.10   26.4   26.5    0.13
  196 ETA          221 198  87  17 243 245    0.40    0.07-1133.5 1133.5    0.55
  197 PI0          111   1  87  17   0   0   -0.01   -0.50 -240.5  240.5    0.13
  198 N           2112   1  89  17   0   0    1.41    0.68 -463.8  463.8    0.94
  199 PI+          211   1  89  17   0   0    0.12    0.20 -116.4  116.4    0.14
  200 K+           321   1  91  17   0   0    1.06    0.43 -204.2  204.2    0.49
  201 PI-         -211   1  91  17   0   0    0.42   -0.19 -308.4  308.4    0.14
  202 K+           321   1  92  17   0   0    0.29    0.17 -146.4  146.4    0.49
  203 K-          -321   1  92  17   0   0    0.31   -0.03 -187.0  187.0    0.49
  204 LAMBDA      3122 198  93  19 246 247   -0.84    0.26  153.1  153.2    1.12
  205 PI0          111   1  93  19   0   0   -0.10    0.20   27.6   27.6    0.13
  206 LAMBDABR   -3122 198  94  19 248 249    0.41   -0.44  221.3  221.3    1.12
  207 PI0          111   1  94  19   0   0    0.36   -0.08   54.7   54.7    0.13
  208 PBAR       -2212   1  98  17   0   0    0.13    0.30 -303.1  303.1    0.94
  209 PI-         -211   1  98  17   0   0    0.04   -0.19 -105.0  105.0    0.14
  210 K_S0         310 198  99  19 250 251   -0.11    0.45   14.7   14.7    0.50
  211 K_L0         130   1 100  19   0   0   -0.15   -0.03   34.5   34.5    0.50
  212 B_DBAR0     -511 199 152 103 278 279    0.76  -39.73   54.3   67.5    5.28
  213 N           2112   1 157 103   0   0    1.39   -3.36    3.4    5.1    0.94
  214 PI+          211   1 157 103   0   0    0.34   -1.03    1.4    1.8    0.14
  215 PBAR       -2212   1 158 103   0   0    0.48   -1.22    2.8    3.3    0.94
  216 PI-         -211   1 158 103   0   0    0.13   -0.11    1.0    1.0    0.14
  217 K_L0         130   1 164 103   0   0   -0.00   -1.87    2.3    3.0    0.50
  218 B_D0         511 200 166 103 252 252   67.80  -44.35   85.9  118.2    5.28
  219 GAMMA         22   1 166 103   0   0    0.62   -0.42    0.9    1.1    0.00
  220 K_S0         310 198 167 103 255 256    6.72   -4.45    9.1   12.1    0.50
  221 OMEGA        223 198 168 103 257 259   14.46   -9.15   17.5   24.5    0.78
  222 PI-         -211   1 168 103   0   0   11.23   -7.54   14.4   19.8    0.14
  223 K*_0BAR0  -10311 198 170 103 260 261    0.37   -2.01    2.7    3.7    1.43
  224 PI-         -211   1 170 103   0   0    0.01   -0.19    0.3    0.4    0.14
  225 PI+          211   1 171 103   0   0    0.70   -0.28    1.1    1.4    0.14
  226 ETAP         331 198 171 103 262 263    0.98   -1.91    2.7    3.6    0.96
  227 K_S0         310 198 176 103 264 265    0.44   -0.30    1.0    1.2    0.50
  228 GAMMA         22   1 177 103   0   0    1.67   -1.20    3.0    3.7    0.00
  229 GAMMA         22   1 177 103   0   0    0.54   -0.45    0.6    0.9    0.00
  230 PI+          211   1 178 103   0   0    0.73   -0.54    0.7    1.2    0.14
  231 PI-         -211   1 178 103   0   0    1.58   -1.14    1.9    2.7    0.14
  232 PI0          111   1 178 103   0   0    0.57   -0.29    0.6    0.9    0.13
  233 P           2212   1 181  17   0   0    2.72    0.60 -532.8  532.8    0.94
  234 PI-         -211   1 181  17   0   0    0.62    0.09  -98.6   98.6    0.14
  235 PBAR       -2212   1 183  17   0   0    0.71    0.15 -306.6  306.6    0.94
  236 PI+          211   1 183  17   0   0    0.27   -0.00  -72.0   72.0    0.14
  237 PI-         -211   1 185  19   0   0  -12.34   18.74  255.1  256.1    0.14
  238 PI0          111   1 185  19   0   0  -26.28   39.16  547.1  549.1    0.13
  239 RHO0         113 198 191  19 266 267   -7.99   12.16  193.0  193.6    0.77
  240 GAMMA         22   1 191  19   0   0   -1.84    3.08   45.7   45.8    0.00
  241 PI-         -211   1 194  19   0   0   -0.86    1.67   24.2   24.3    0.14
  242 PI0          111   1 194  19   0   0   -0.65    0.63   18.2   18.2    0.13
  243 PI+          211   1 196  17   0   0    0.20   -0.01 -636.6  636.6    0.14
  244 PI-         -211   1 196  17   0   0    0.05   -0.05 -204.4  204.4    0.14
  245 PI0          111   1 196  17   0   0    0.16    0.13 -292.5  292.5    0.13
  246 N           2112   1 204  19   0   0   -0.66    0.21  116.2  116.2    0.94
  247 PI0          111   1 204  19   0   0   -0.17    0.05   36.9   36.9    0.13
  248 PBAR       -2212   1 206  19   0   0    0.42   -0.33  180.1  180.1    0.94
  249 PI+          211   1 206  19   0   0   -0.01   -0.11   41.1   41.1    0.14
  250 PI+          211   1 210  19   0   0   -0.26    0.34    9.7    9.7    0.14
  251 PI-         -211   1 210  19   0   0    0.15    0.11    5.0    5.0    0.14
  252 B_D0         511 198 218 103 253 254   67.80  -44.35   85.9  118.2    5.28
  253 D-          -411 198 252 103 268 272   30.03  -20.79   41.7   55.4    1.87
  254 PI+          211   1 252 103   0   0   37.78  -23.56   44.2   62.8    0.14
  255 PI+          211   1 220 103   0   0    1.66   -0.93    2.0    2.8    0.14
  256 PI-         -211   1 220 103   0   0    5.07   -3.52    7.0    9.4    0.14
  257 PI+          211   1 221 103   0   0    3.06   -1.78    3.9    5.2    0.14
  258 PI-         -211   1 221 103   0   0    3.72   -2.43    4.7    6.5    0.14
  259 PI0          111   1 221 103   0   0    7.67   -4.94    9.0   12.8    0.13
  260 K-          -321   1 223 103   0   0   -0.27   -0.90    0.6    1.2    0.49
  261 PI+          211   1 223 103   0   0    0.64   -1.11    2.1    2.5    0.14
  262 RHO0         113 198 226 103 273 274    0.61   -1.48    1.9    2.6    0.77
  263 GAMMA         22   1 226 103   0   0    0.37   -0.43    0.8    0.9    0.00
  264 PI+          211   1 227 103   0   0    0.29   -0.12    0.2    0.4    0.14
  265 PI-         -211   1 227 103   0   0    0.15   -0.19    0.8    0.8    0.14
  266 PI+          211   1 239  19   0   0   -0.84    1.30   18.1   18.2    0.14
  267 PI-         -211   1 239  19   0   0   -7.15   10.86  174.9  175.4    0.14
  268 K0           311 198 253 103 275 275    7.07   -4.76    9.6   12.8    0.50
  269 PI-         -211   1 253 103   0   0    5.41   -3.47    7.4    9.8    0.14
  270 PI-         -211   1 253 103   0   0    6.77   -5.26   10.2   13.3    0.14
  271 PI+          211   1 253 103   0   0    5.35   -3.70    7.5    9.9    0.14
  272 PI0          111   1 253 103   0   0    5.42   -3.60    7.1    9.6    0.13
  273 PI+          211   1 262 103   0   0    0.60   -0.59    1.1    1.4    0.14
  274 PI-         -211   1 262 103   0   0    0.01   -0.89    0.8    1.2    0.14
  275 K_S0         310 198 268 103 276 277    7.07   -4.76    9.6   12.8    0.50
  276 PI+          211   1 275 103   0   0    2.36   -1.81    3.4    4.5    0.14
  277 PI-         -211   1 275 103   0   0    4.71   -2.96    6.1    8.3    0.14

                           ---HEAVY PARTICLE DECAYS---

 IHEP    ID      IDPDG IST MO1 MO2 DA1 DA2   P-X     P-Y     P-Z  ENERGY    MASS
  278 BQRK           5 155 212 279 280 282    0.72  -37.32   51.0   63.4    4.96
  279 DBAR          -1 125 212 282 283 282    0.05   -2.41    3.3    4.1    0.32
  280 DQRK           1 123 278 281 284 281   -0.87   -4.68    5.2    7.0    0.32
  281 UBAR          -2 124 278 280 286 280    0.89   -4.87    7.7    9.2    0.32
  282 CQRK           4 124 278 278 288 278    0.70  -27.78   38.1   47.2    1.55
  283 DBAR          -1 160 279 292 294 292    0.05   -2.41    3.3    4.1    0.32

                              ---PARTON SHOWERS---    

 IHEP    ID      IDPDG IST MO1 MO2 DA1 DA2   P-X     P-Y     P-Z  ENERGY    MASS
  284 DQRK          94 143 280 278 285 285   -0.87   -4.68    5.2    7.0    0.32
  285 DQRK           1   2 284 287 290 287   -0.87   -4.68    5.2    7.0    0.32
  286 UBAR          94 144 281 278 287 287    0.89   -4.87    7.7    9.2    0.32
  287 UBAR          -2   2 286 290 291 290    0.89   -4.87    7.7    9.2    0.32
  288 CQRK          94 144 282 278 289 289    0.70  -27.78   38.1   47.2    1.55
  289 CQRK           4   2 288 283 292 283    0.70  -27.78   38.1   47.2    1.55

                              ---GLUON SPLITTING---   

 IHEP    ID      IDPDG IST MO1 MO2 DA1 DA2   P-X     P-Y     P-Z  ENERGY    MASS
  290 DQRK           1 158 284 291 293 291   -0.87   -4.68    5.2    7.0    0.32
  291 UBAR          -2 158 286 290 293 290    0.89   -4.87    7.7    9.2    0.32
  292 CQRK           4 158 288 283 294 283    0.70  -27.78   38.1   47.2    1.55

                             ---CLUSTER FORMATION---  

 IHEP    ID      IDPDG IST MO1 MO2 DA1 DA2   P-X     P-Y     P-Z  ENERGY    MASS
  293 CLUS          91 183 290 291 295 296    0.01   -9.32   12.6   15.8    2.32
  294 CLUS          91 183 292 283 297 297    0.76  -30.41   41.7   51.6    1.87

                              ---CLUSTER DECAYS---    

 IHEP    ID      IDPDG IST MO1 MO2 DA1 DA2   P-X     P-Y     P-Z  ENERGY    MASS
  295 P           2212   1 293 284   0   0   -0.32   -4.13    5.2    6.7    0.94
  296 DLTABR--   -2224 197 293 284 298 299    0.33   -5.19    7.4    9.2    1.23
  297 D+           411 196 294 288 300 302    0.76  -30.41   41.7   51.6    1.87

                           ---STRONG HADRON DECAYS--- 

 IHEP    ID      IDPDG IST MO1 MO2 DA1 DA2   P-X     P-Y     P-Z  ENERGY    MASS
  298 PBAR       -2212   1 296 284   0   0    0.17   -4.62    6.3    7.9    0.94
  299 PI-         -211   1 296 284   0   0    0.16   -0.57    1.1    1.3    0.14
  300 NU_MU         14   1 297 288   0   0    0.09   -0.31    0.4    0.5    0.00
  301 MU+          -13   1 297 288   0   0   -0.16   -4.88    5.9    7.7    0.11
  302 KBAR0       -311 198 297 288 303 303    0.83  -25.21   35.4   43.5    0.50
  303 K_L0         130   1 302 288   0   0    0.83  -25.21   35.4   43.5    0.50



 EVENT       2: 6500.00 GEV/C P        ON  6500.00 GEV/C P        PROCESS:-18000
 SEEDS:   208971635 &  1870944872   STATUS:  100 ERROR:   0  WEIGHT:  6.0197E-04


                               ---INITIAL STATE---    

 IHEP    ID      IDPDG IST MO1 MO2 DA1 DA2   P-X     P-Y     P-Z  ENERGY    MASS
    1 P           2212 101   0   0   0   0    0.00    0.00 6500.0 6500.0    0.94
    2 P           2212 102   0   0   0   0    0.00    0.00-6500.0 6500.0    0.94
    3 CMF            0 103   1   2   0   0    0.00    0.00    0.013000.013000.00

                              ---HARD SUBPROCESS---   

 IHEP    ID      IDPDG IST MO1 MO2 DA1 DA2   P-X     P-Y     P-Z  ENERGY    MASS
    4 DQRK           1 121   6   8  10   9    0.00    0.00  326.3  326.3    0.32
    5 UQRK           2 122   6   9  12   8    0.00    0.00-1291.5 1291.5    0.32
    6 HARD           0 120   4   5   7   9    0.00    0.00 -965.2 1617.8 1298.30
    7 HIGGS         25 123   6   7  14   7  -32.10  225.03 -230.5  347.0  125.00
    8 DQRK           1 124   6   5  15   4    6.98 -268.82 -982.1 1018.3    0.32
    9 UQRK           2 124   6   4  19   5   25.11   43.80  247.4  252.5    0.32

                              ---PARTON SHOWERS---    

 IHEP    ID      IDPDG IST MO1 MO2 DA1 DA2   P-X     P-Y     P-Z  ENERGY    MASS
   10 DQRK          94 141   4   6  11  11    0.00    0.00  326.3  326.3    0.20
   11 UU          2203   2  10  17  27  26    0.00    0.00 6173.7 6173.7    0.32
   12 UQRK          94 142   5   6  13  13    0.00   -0.00-1291.5 1291.5    0.39
   13 UD          2101   2  12  21  28  18    0.00    0.00-5208.5 5208.5    0.32
   14 HIGGS         25 195   7   6 172 173  -32.08  224.92 -230.4  346.9  125.00
   15 DQRK          94 144   8   6  17  18    6.98 -268.70 -982.0 1018.3   20.33
   16 CONE           0 100   8   5   0   0   -0.01    0.37   -2.4    2.5    0.00
   17 DQRK           1   2  15  18  29  27    8.23 -261.83 -965.1 1000.1    0.32
   18 GLUON         21   2  15  28  30  31   -1.25   -6.87  -16.8   18.2    0.75
   19 UQRK          94 144   9   6  21  26   25.10   43.78  247.1  252.6   13.44
   20 CONE           0 100   9   4   0   0   -0.18   -0.31    3.2    3.3    0.00
   21 UQRK           2   2  19  22  32  28    1.53    3.48   11.8   12.4    0.32
   22 GLUON         21   2  19  23  33  34    1.69    5.81   28.7   29.3    0.75
   23 GLUON         21   2  19  24  35  36    2.05    5.07   27.4   27.9    0.75
   24 GLUON         21   2  19  25  37  38   10.08   15.63   98.0   99.8    0.75
   25 GLUON         21   2  19  26  39  40    7.07   12.20   72.1   73.5    0.75
   26 GLUON         21   2  19  27  41  42    2.68    1.58    9.2    9.8    0.75

                              ---GLUON SPLITTING---   

 IHEP    ID      IDPDG IST MO1 MO2 DA1 DA2   P-X     P-Y     P-Z  ENERGY    MASS
   27 UU          2203 161  10  29  94  46    0.00    0.00  810.3  810.3    0.64
   28 UD          2101 162  12  32  93  44   -0.00   -0.00-3096.6 3096.6    0.64
   29 DQRK           1 158  15  51  85  27    5.14 -163.69 -603.4  625.2    0.32
   30 UBAR          -2 158  15  31 109  76   -0.34   -1.84   -4.5    4.9    0.32
   31 UQRK           2 158  15  57  86  30   -0.22   -1.45   -3.9    4.2    0.32
   32 UQRK           2 158  19  33  87  28    1.53    3.48   11.8   12.4    0.32
   33 DBAR          -1 158  19  34  87  32    0.43    1.53    8.0    8.2    0.32
   34 DQRK           1 158  19  35  88  33    1.26    4.28   20.7   21.1    0.32
   35 UBAR          -2 158  19  36  88  34    0.88    2.43   13.8   14.0    0.32
   36 UQRK           2 158  19  37  89  35    1.17    2.64   13.6   13.9    0.32
   37 DBAR          -1 158  19  38  89  36    6.54   10.39   64.3   65.4    0.32
   38 DQRK           1 158  19  39  90  37    3.54    5.24   33.7   34.3    0.32
   39 UBAR          -2 158  19  40  90  38    3.03    5.61   32.3   33.0    0.32
   40 UQRK           2 158  19  41  91  39    4.04    6.59   39.8   40.5    0.32
   41 DBAR          -1 158  19  42  91  40    0.63    0.37    2.2    2.4    0.32
   42 DQRK           1 158  19  63  92  41    1.38    0.81    4.8    5.1    0.32
   43 UBAR          -2 159  12  44 105  68   -0.00   -0.00 -644.4  644.4    0.32
   44 UQRK           2 159  15  28  93  43   -0.00   -0.00 -260.4  260.4    0.32
   45 UBAR          -2 159  10  46 110  78    0.00    0.00 1184.9 1184.9    0.32
   46 UQRK           2 159  19  27  94  45    0.00    0.00  115.1  115.1    0.32
   47 DBAR          -1 159  15  48  96  50    0.10   -3.89  -14.2   14.7    0.32
   48 DQRK           1 159  15  65  95  47    0.71  -22.77  -83.9   86.9    0.32
   49 UBAR          -2 159  15  50  97  52    0.04   -2.41   -8.6    9.0    0.32
   50 UQRK           2 159  15  47  96  49    0.67  -21.48  -79.2   82.0    0.32
   51 DBAR          -1 159  15  52  85  29    0.06   -2.96  -10.7   11.1    0.32
   52 DQRK           1 159  15  49  97  51    0.72  -23.09  -85.1   88.2    0.32
   53 UBAR          -2 159  12  54  99  56   -0.00   -0.00 -943.3  943.3    0.32
   54 UQRK           2 159  15  67  98  53   -0.01   -0.06   -4.8    4.8    0.32
   55 SBAR          -3 159  12  56 106  70   -0.00   -0.03  -21.5   21.5    0.50
   56 SQRK           3 159  15  53  99  55   -0.00   -0.00 -147.7  147.7    0.50
   57 SBAR          -3 159  12  58  86  31   -0.09   -0.58   -2.6    2.7    0.50
   58 SQRK           3 159  15  69 100  57   -0.13   -0.88   -3.0    3.1    0.50
   59 UBAR          -2 159  10  60 102  62    0.01    0.00   49.7   49.7    0.32
   60 UQRK           2 159  19  73 101  59    0.10    0.06    2.9    2.9    0.32
   61 UBAR          -2 159  10  62 103  64    0.02    0.01   14.4   14.5    0.32
   62 UQRK           2 159  19  59 102  61    0.15    0.09    2.2    2.3    0.32
   63 UBAR          -2 159  10  64  92  42    0.03    0.02    9.5    9.6    0.32
   64 UQRK           2 159  19  61 103  63    0.15    0.09    2.3    2.3    0.32
   65 SBAR          -3 159  15  66  95  48   -0.00   -2.77   -9.7   10.1    0.50
   66 SQRK           3 159  15  75 104  65    0.41  -13.42  -49.4   51.2    0.50
   67 SBAR          -3 159  12  68  98  54   -0.00   -0.03  -25.4   25.4    0.50
   68 SQRK           3 159  15  43 105  67   -0.00   -0.01  -53.6   53.6    0.50
   69 DBAR          -1 159  12  70 100  58   -0.00   -0.03   -8.3    8.3    0.32
   70 DQRK           1 159  15  55 106  69   -0.04   -0.26   -1.7    1.7    0.32
   71 SBAR          -3 159  10  72 113  84    0.00    0.00 1466.2 1466.2    0.50
   72 SQRK           3 159  19  79 107  71    0.04    0.02   16.6   16.6    0.50
   73 SBAR          -3 159  10  74 101  60    0.07    0.04    9.8    9.8    0.50
   74 SQRK           3 159  19  81 108  73    0.02    0.01   29.8   29.8    0.50
   75 SBAR          -3 159  15  76 104  66   -0.14   -1.88   -5.8    6.1    0.50
   76 SQRK           3 159  15  30 109  75    0.12   -5.19  -18.9   19.6    0.50
   77 DBAR          -1 159  10  78 111  80    0.00    0.00 1122.4 1122.4    0.32
   78 DQRK           1 159  19  45 110  77    0.01    0.00   36.2   36.2    0.32
   79 UBAR          -2 159  10  80 107  72    0.00    0.00  741.3  741.3    0.32
   80 UQRK           2 159  19  77 111  79    0.01    0.01   19.2   19.2    0.32
   81 UBAR          -2 159  10  82 108  74    0.01    0.01   21.2   21.2    0.32
   82 UQRK           2 159  19  83 112  81    0.05    0.03    5.5    5.6    0.32
   83 UBAR          -2 159  10  84 112  82    0.00    0.00   95.9   95.9    0.32
   84 UQRK           2 159  19  71 113  83    0.00    0.00  420.4  420.4    0.32

                             ---CLUSTER FORMATION---  

 IHEP    ID      IDPDG IST MO1 MO2 DA1 DA2   P-X     P-Y     P-Z  ENERGY    MASS
   85 CLUS          91 183  29  51 114 115    5.21 -166.65 -614.1  636.4    2.47
   86 CLUS          91 183  31  57 116 117   -0.31   -2.03   -6.5    6.9    1.01
   87 CLUS          91 183  32  33 118 119    1.96    5.01   19.8   20.6    1.38
   88 CLUS          91 183  34  35 120 121    2.14    6.71   34.4   35.2    0.84
   89 CLUS          91 183  36  37 122 123    7.70   13.03   77.8   79.3    1.37
   90 CLUS          91 183  38  39 124 125    6.58   10.85   66.1   67.3    0.95
   91 CLUS          91 183  40  41 126 127    4.66    6.96   42.0   42.9    2.18
   92 CLUS          91 183  42  63 128 129    1.41    0.83   14.4   14.6    2.31
   93 CLUS          91 185  44  28 130 131   -0.00   -0.00-3357.0 3357.0    1.33
   94 CLUS          91 184  46  27 132 133    0.00    0.00  925.5  925.5    1.14
   95 CLUS          91 183  48  65 134 135    0.71  -25.53  -93.6   97.0    1.65
   96 CLUS          91 183  50  47 136 137    0.77  -25.37  -93.4   96.8    0.90
   97 CLUS          91 183  52  49 138 139    0.76  -25.49  -93.7   97.1    1.13
   98 CLUS          91 183  54  67 140 141   -0.01   -0.08  -30.2   30.2    0.98
   99 CLUS          91 183  56  53 142 143   -0.00   -0.00-1091.1 1091.1    1.40
  100 CLUS          91 183  58  69 144 145   -0.14   -0.91  -11.2   11.4    1.77
  101 CLUS          91 183  60  73 146 147    0.17    0.10   12.7   12.7    0.90
  102 CLUS          91 183  62  59 148 149    0.16    0.09   51.9   52.0    1.78
  103 CLUS          91 183  64  61 150 151    0.16    0.10   16.7   16.8    1.02
  104 CLUS          91 183  66  75 152 153    0.27  -15.30  -55.2   57.3    1.91
  105 CLUS          91 183  68  43 154 155   -0.00   -0.01 -698.0  698.0    1.83
  106 CLUS          91 183  70  55 156 157   -0.04   -0.29  -23.2   23.3    1.59
  107 CLUS          91 183  72  79 158 159    0.04    0.02  757.9  757.9    3.41
  108 CLUS          91 183  74  81 160 161    0.03    0.02   51.0   51.0    0.82
  109 CLUS          91 183  76  30 162 163   -0.22   -7.03  -23.4   24.5    1.65
  110 CLUS          91 183  78  45 164 165    0.01    0.00 1221.1 1221.1    1.89
  111 CLUS          91 183  80  77 166 167    0.01    0.01 1141.6 1141.6    2.49
  112 CLUS          91 183  82  83 168 169    0.05    0.03  101.5  101.5    1.43
  113 CLUS          91 183  84  71 170 171    0.00    0.00 1886.5 1886.5    0.88

                              ---CLUSTER DECAYS---    

 IHEP    ID      IDPDG IST MO1 MO2 DA1 DA2   P-X     P-Y     P-Z  ENERGY    MASS
  114 DELTA+      2214 197  85  15 206 207    4.13 -131.67 -485.3  502.9    1.23
  115 PBAR       -2212   1  85  15   0   0    1.08  -34.98 -128.8  133.5    0.94
  116 PI+          211   1  86  15   0   0   -0.29   -1.08   -2.4    2.6    0.14
  117 K0           311 197  86  15 208 208   -0.02   -0.94   -4.1    4.2    0.50
  118 PI0          111   1  87  19   0   0    1.10    2.49    8.4    8.8    0.13
  119 RHO+         213 197  87  19 209 210    0.86    2.52   11.4   11.8    0.77
  120 PI0          111   1  88  19   0   0    1.26    4.60   21.7   22.2    0.13
  121 PI-         -211   1  88  19   0   0    0.88    2.12   12.8   13.0    0.14
  122 PI+          211   1  89  19   0   0    0.72    1.21    7.2    7.3    0.14
  123 B_10       10113 197  89  19 211 212    6.98   11.83   70.6   72.0    1.23
  124 PI0          111   1  90  19   0   0    0.87    1.58    9.0    9.2    0.13
  125 RHO-        -213 197  90  19 213 214    5.71    9.27   57.0   58.1    0.77
  126 A_1+       20213 197  91  19 215 216    3.58    5.21   32.4   33.0    1.23
  127 OMEGA        223 197  91  19 217 219    1.09    1.75    9.6    9.9    0.78
  128 B_10       10113 197  92  19 220 221    0.51   -0.00    8.2    8.3    1.23
  129 RHO-        -213 197  92  19 222 223    0.91    0.83    6.2    6.3    0.77
  130 PI+          211   1  93  15   0   0    0.08    0.13 -172.9  172.9    0.14
  131 N           2112   1  93  15   0   0   -0.08   -0.13-3184.1 3184.1    0.94
  132 PI+          211   1  94  19   0   0   -0.10   -0.07  182.5  182.5    0.14
  133 P           2212   1  94  19   0   0    0.11    0.07  743.0  743.0    0.94
  134 OMEGA        223 197  95  15 224 226    0.89  -13.56  -49.7   51.6    0.78
  135 K0           311 197  95  15 227 227   -0.18  -11.97  -43.9   45.5    0.50
  136 PI0          111   1  96  15   0   0    0.92  -22.74  -83.8   86.8    0.13
  137 PI+          211   1  96  15   0   0   -0.15   -2.63   -9.6    9.9    0.14
  138 PI0          111   1  97  15   0   0    0.24  -11.47  -42.7   44.3    0.13
  139 RHO-        -213 197  97  15 228 229    0.52  -14.02  -51.0   52.9    0.77
  140 PI0          111   1  98  15   0   0   -0.29    0.04   -5.7    5.7    0.13
  141 K+           321   1  98  15   0   0    0.28   -0.12  -24.5   24.5    0.49
  142 KBAR0       -311 197  99  15 230 230   -0.03   -0.28 -510.6  510.6    0.50
  143 RHO-        -213 197  99  15 231 232    0.03    0.28 -580.4  580.4    0.77
  144 K*-         -323 197 100  15 233 234   -0.14   -0.53   -4.4    4.5    0.89
  145 RHO+         213 197 100  15 235 236    0.00   -0.38   -6.8    6.9    0.77
  146 PI0          111   1 101  19   0   0   -0.24   -0.01    3.5    3.5    0.13
  147 K+           321   1 101  19   0   0    0.41    0.11    9.2    9.2    0.49
  148 PI+          211   1 102  19   0   0    0.52   -0.45   29.3   29.3    0.14
  149 RHO-        -213 197 102  19 237 238   -0.36    0.54   22.6   22.6    0.77
  150 OMEGA        223 197 103  19 239 241    0.16    0.06   10.4   10.5    0.78
  151 PI0          111   1 103  19   0   0    0.01    0.03    6.3    6.3    0.13
  152 K*-         -323 197 104  15 242 243    0.15   -9.42  -34.8   36.1    0.89
  153 K*+          323 197 104  15 244 245    0.11   -5.88  -20.4   21.2    0.89
  154 K*_2BAR0    -315 197 105  15 246 247   -0.06   -0.16 -673.0  673.0    1.43
  155 PI-         -211   1 105  15   0   0    0.06    0.14  -24.9   24.9    0.14
  156 PI-         -211   1 106  15   0   0    0.62   -0.43  -11.3   11.4    0.14
  157 K+           321   1 106  15   0   0   -0.67    0.14  -11.9   11.9    0.49
  158 OMEGA-      3334 197 107  19 248 249    0.34   -0.50  535.4  535.4    1.67
  159 XIBAR0     -3322 197 107  19 250 251   -0.30    0.52  222.5  222.5    1.31
  160 KBAR0       -311 197 108  19 252 252   -0.04   -0.14   23.6   23.6    0.50
  161 PI-         -211   1 108  19   0   0    0.08    0.16   27.4   27.4    0.14
  162 K*-         -323 197 109  15 253 254   -0.56   -5.86  -20.3   21.2    0.89
  163 PI0          111   1 109  15   0   0    0.34   -1.17   -3.1    3.3    0.13
  164 B_1-      -10213 197 110  19 255 256   -0.17    0.37  645.9  645.9    1.23
  165 PI0          111   1 110  19   0   0    0.17   -0.37  575.2  575.2    0.13
  166 P           2212   1 111  19   0   0    0.78    0.20  477.9  477.9    0.94
  167 NBAR       -2112   1 111  19   0   0   -0.76   -0.19  663.7  663.7    0.94
  168 PI+          211   1 112  19   0   0    0.13    0.02   11.0   11.0    0.14
  169 A_1-      -20213 197 112  19 257 258   -0.08    0.01   90.5   90.5    1.23
  170 PI0          111   1 113  19   0   0   -0.15    0.04  170.3  170.3    0.13
  171 K+           321   1 113  19   0   0    0.16   -0.04 1716.2 1716.2    0.49

                            ---H/W/Z BOSON DECAYS---  

 IHEP    ID      IDPDG IST MO1 MO2 DA1 DA2   P-X     P-Y     P-Z  ENERGY    MASS
  172 BQRK           5 123  14 173 174 173   26.50   25.88  -86.8   94.5    4.95
  173 BBAR          -5 124  14 172 178 172  -58.58  199.04 -143.6  252.4    4.95

                              ---PARTON SHOWERS---    

 IHEP    ID      IDPDG IST MO1 MO2 DA1 DA2   P-X     P-Y     P-Z  ENERGY    MASS
  174 BQRK          94 143 172  14 176 177   26.35   26.01  -86.7   94.5    6.38
  175 CONE           0 100 172 173   0   0   -0.55    0.84    0.0    1.0    0.00
  176 BQRK           5   2 174 177 182 181   21.17   22.24  -72.9   79.2    4.95
  177 GLUON         21   2 174 180 183 184    5.18    3.77  -13.8   15.2    0.75
  178 BBAR          94 144 173  14 180 181  -58.43  198.91 -143.7  252.4    8.67
  179 CONE           0 100 173 172   0   0    0.30    0.64   -1.4    1.6    0.00
  180 GLUON         21   2 178 181 185 186   -4.15   13.60   -8.0   16.3    0.75
  181 BBAR          -5   2 178 182 187 186  -54.28  185.32 -135.8  236.1    4.95

                              ---GLUON SPLITTING---   

 IHEP    ID      IDPDG IST MO1 MO2 DA1 DA2   P-X     P-Y     P-Z  ENERGY    MASS
  182 BQRK           5 158 174 183 192 187   21.17   22.24  -72.9   79.2    4.95
  183 DBAR          -1 158 174 184 192 182    2.88    2.09   -7.2    8.0    0.32
  184 DQRK           1 158 174 188 193 183    2.06    1.50   -5.9    6.4    0.32
  185 DBAR          -1 158 178 186 195 189   -2.44    8.29   -4.9    9.9    0.32
  186 DQRK           1 158 178 190 194 185   -1.04    3.27   -2.1    4.0    0.32
  187 BBAR          -5 158 178 182 196 191  -45.82  156.22 -114.2  198.9    4.95
  188 SBAR          -3 159 178 189 193 184   -0.17    0.93   -0.8    1.3    0.50
  189 SQRK           3 159 174 185 195 188    0.00    0.61   -0.7    1.1    0.50
  190 DBAR          -1 159 178 191 194 186   -7.31   25.03  -18.4   31.9    0.32
  191 DQRK           1 159 178 187 196 190   -1.41    4.73   -3.3    6.0    0.32

                             ---CLUSTER FORMATION---  

 IHEP    ID      IDPDG IST MO1 MO2 DA1 DA2   P-X     P-Y     P-Z  ENERGY    MASS
  192 CLUS          91 183 182 183 197 198   24.06   24.34  -80.1   87.3    5.83
  193 CLUS          91 183 184 188 199 200    1.89    2.43   -6.7    7.7    2.48
  194 CLUS          91 183 186 190 201 202   -8.35   28.31  -20.5   36.0    1.32
  195 CLUS          91 183 189 185 203 204   -2.44    8.90   -5.6   11.0    2.11
  196 CLUS          91 183 191 187 205 205  -47.24  160.94 -117.5  204.9    5.28

                              ---CLUSTER DECAYS---    

 IHEP    ID      IDPDG IST MO1 MO2 DA1 DA2   P-X     P-Y     P-Z  ENERGY    MASS
  197 B*-         -523 197 192 174 259 260   22.36   23.13  -75.9   82.6    5.32
  198 PI+          211   1 192 174   0   0    1.69    1.21   -4.2    4.7    0.14
  199 P           2212   1 193 174   0   0    0.48    1.40   -3.8    4.2    0.94
  200 SIGMABR-   -3222 197 193 174 261 262    1.41    1.03   -2.8    3.5    1.19
  201 RHO-        -213 197 194 178 263 264   -5.99   19.54  -14.6   25.1    0.77
  202 PI+          211   1 194 178   0   0   -2.36    8.77   -5.9   10.8    0.14
  203 K*_2BAR0    -315 197 195 174 265 266   -1.97    8.19   -5.5   10.1    1.43
  204 PI0          111   1 195 174   0   0   -0.47    0.71   -0.2    0.9    0.13
  205 B_D0         511 200 196 178 267 267  -47.24  160.94 -117.5  204.9    5.28

                           ---STRONG HADRON DECAYS--- 

 IHEP    ID      IDPDG IST MO1 MO2 DA1 DA2   P-X     P-Y     P-Z  ENERGY    MASS
  206 P           2212   1 114  15   0   0    2.73  -86.32 -317.6  329.1    0.94
  207 PI0          111   1 114  15   0   0    1.40  -45.35 -167.8  173.8    0.13
  208 K_L0         130   1 117  15   0   0   -0.02   -0.94   -4.1    4.2    0.50
  209 PI+          211   1 119  19   0   0    0.38    0.43    3.3    3.4    0.14
  210 PI0          111   1 119  19   0   0    0.48    2.08    8.1    8.4    0.13
  211 OMEGA        223 198 123  19 268 270    3.37    5.41   33.6   34.2    0.78
  212 PI0          111   1 123  19   0   0    3.62    6.42   37.0   37.8    0.13
  213 PI-         -211   1 125  19   0   0    4.42    6.68   41.0   41.8    0.14
  214 PI0          111   1 125  19   0   0    1.28    2.59   16.0   16.3    0.13
  215 RHO+         213 198 126  19 271 272    3.56    5.04   31.4   32.0    0.77
  216 PI0          111   1 126  19   0   0    0.02    0.17    0.9    1.0    0.13
  217 PI+          211   1 127  19   0   0    0.11    0.53    2.0    2.1    0.14
  218 PI-         -211   1 127  19   0   0    0.26    0.42    1.8    1.8    0.14
  219 PI0          111   1 127  19   0   0    0.71    0.80    5.9    6.0    0.13
  220 OMEGA        223 198 128  19 273 274    0.51   -0.11    4.2    4.3    0.78
  221 PI0          111   1 128  19   0   0   -0.00    0.11    4.0    4.0    0.13
  222 PI-         -211   1 129  19   0   0    0.58    0.41    1.9    2.0    0.14
  223 PI0          111   1 129  19   0   0    0.33    0.42    4.2    4.3    0.13
  224 PI+          211   1 134  15   0   0    0.30   -3.08  -11.9   12.3    0.14
  225 PI-         -211   1 134  15   0   0    0.29   -2.51   -9.4    9.8    0.14
  226 PI0          111   1 134  15   0   0    0.30   -7.97  -28.4   29.5    0.13
  227 K_S0         310 198 135  15 275 276   -0.18  -11.97  -43.9   45.5    0.50
  228 PI-         -211   1 139  15   0   0    0.10  -10.15  -36.3   37.7    0.14
  229 PI0          111   1 139  15   0   0    0.42   -3.87  -14.7   15.2    0.13
  230 K_L0         130   1 142  15   0   0   -0.03   -0.28 -510.6  510.6    0.50
  231 PI-         -211   1 143  15   0   0    0.09    0.42 -528.5  528.5    0.14
  232 PI0          111   1 143  15   0   0   -0.06   -0.14  -52.0   52.0    0.13
  233 KBAR0       -311 198 144  15 277 277   -0.19   -0.05   -1.9    2.0    0.50
  234 PI-         -211   1 144  15   0   0    0.05   -0.48   -2.5    2.5    0.14
  235 PI+          211   1 145  15   0   0   -0.21   -0.46   -5.6    5.6    0.14
  236 PI0          111   1 145  15   0   0    0.21    0.08   -1.2    1.2    0.13
  237 PI-         -211   1 149  19   0   0    0.16    0.12   10.8   10.8    0.14
  238 PI0          111   1 149  19   0   0   -0.52    0.43   11.8   11.9    0.13
  239 PI+          211   1 150  19   0   0   -0.10    0.05    0.7    0.7    0.14
  240 PI-         -211   1 150  19   0   0    0.18   -0.07    5.0    5.0    0.14
  241 PI0          111   1 150  19   0   0    0.08    0.08    4.8    4.8    0.13
  242 KBAR0       -311 198 152  15 278 278    0.16   -3.77  -14.6   15.1    0.50
  243 PI-         -211   1 152  15   0   0   -0.01   -5.65  -20.2   21.0    0.14
  244 K+           321   1 153  15   0   0   -0.07   -2.18   -8.1    8.4    0.49
  245 PI0          111   1 153  15   0   0    0.18   -3.70  -12.3   12.8    0.13
  246 K*-         -323 198 154  15 279 280   -0.11   -0.33 -640.4  640.4    0.89
  247 PI+          211   1 154  15   0   0    0.05    0.18  -32.6   32.6    0.14
  248 LAMBDA      3122 198 158  19 281 282    0.32   -0.15  362.0  362.0    1.12
  249 K-          -321   1 158  19   0   0    0.02   -0.35  173.4  173.4    0.49
  250 LAMBDABR   -3122 198 159  19 283 284   -0.30    0.32  192.8  192.8    1.12
  251 PI0          111   1 159  19   0   0   -0.01    0.20   29.7   29.7    0.13
  252 K_L0         130   1 160  19   0   0   -0.04   -0.14   23.6   23.6    0.50
  253 KBAR0       -311 198 162  15 285 285   -0.28   -2.82   -9.0    9.4    0.50
  254 PI-         -211   1 162  15   0   0   -0.29   -3.04  -11.3   11.7    0.14
  255 OMEGA        223 198 164  19 286 288   -0.04    0.07  561.2  561.2    0.78
  256 PI-         -211   1 164  19   0   0   -0.13    0.30   84.7   84.7    0.14
  257 RHO-        -213 198 169  19 289 290    0.19    0.14   78.1   78.1    0.77
  258 PI0          111   1 169  19   0   0   -0.27   -0.13   12.4   12.4    0.13
  259 B-          -521 199 197 174 323 324   22.33   23.05  -75.7   82.4    5.28
  260 GAMMA         22   1 197 174   0   0    0.04    0.08   -0.2    0.3    0.00
  261 PBAR       -2212   1 200 174   0   0    1.06    0.73   -2.4    2.9    0.94
  262 PI0          111   1 200 174   0   0    0.35    0.30   -0.4    0.6    0.13
  263 PI-         -211   1 201 178   0   0   -3.26    9.43   -7.1   12.2    0.14
  264 PI0          111   1 201 178   0   0   -2.72   10.11   -7.5   12.9    0.13
  265 KBAR0       -311 198 203 174 291 291   -1.79    4.87   -3.2    6.1    0.50
  266 PI0          111   1 203 174   0   0   -0.18    3.32   -2.3    4.0    0.13
  267 B_D0         511 199 205 178 297 298  -47.24  160.94 -117.5  204.9    5.28
  268 PI+          211   1 211  19   0   0    1.99    2.97   17.7   18.1    0.14
  269 PI-         -211   1 211  19   0   0    0.61    1.01    7.5    7.6    0.14
  270 PI0          111   1 211  19   0   0    0.77    1.43    8.4    8.6    0.13
  271 PI+          211   1 215  19   0   0    0.09    0.22    1.2    1.2    0.14
  272 PI0          111   1 215  19   0   0    3.46    4.82   30.2   30.8    0.13
  273 PI0          111   1 220  19   0   0    0.17    0.28    2.6    2.6    0.13
  274 GAMMA         22   1 220  19   0   0    0.34   -0.39    1.6    1.7    0.00
  275 PI+          211   1 227  15   0   0   -0.06   -1.27   -4.5    4.7    0.14
  276 PI-         -211   1 227  15   0   0   -0.11  -10.70  -39.3   40.8    0.14
  277 K_S0         310 198 233  15 292 293   -0.19   -0.05   -1.9    2.0    0.50
  278 K_L0         130   1 242  15   0   0    0.16   -3.77  -14.6   15.1    0.50
  279 KBAR0       -311 198 246  15 294 294    0.18   -0.29 -482.0  482.0    0.50
  280 PI-         -211   1 246  15   0   0   -0.29   -0.05 -158.4  158.4    0.14
  281 P           2212   1 248  19   0   0    0.29   -0.03  315.0  315.0    0.94
  282 PI-         -211   1 248  19   0   0    0.03   -0.12   47.0   47.0    0.14
  283 PBAR       -2212   1 250  19   0   0   -0.33    0.21  160.2  160.2    0.94
  284 PI+          211   1 250  19   0   0    0.03    0.11   32.6   32.6    0.14
  285 K_S0         310 198 253  15 295 296   -0.28   -2.82   -9.0    9.4    0.50
  286 PI+          211   1 255  19   0   0    0.08   -0.20  261.9  261.9    0.14
  287 PI-         -211   1 255  19   0   0   -0.06    0.05  206.9  206.9    0.14
  288 PI0          111   1 255  19   0   0   -0.05    0.22   92.5   92.5    0.13
  289 PI-         -211   1 257  19   0   0   -0.15   -0.20   21.6   21.6    0.14
  290 PI0          111   1 257  19   0   0    0.34    0.34   56.5   56.5    0.13
  291 K_L0         130   1 265 174   0   0   -1.79    4.87   -3.2    6.1    0.50
  292 PI+          211   1 277  15   0   0    0.00   -0.03   -1.5    1.6    0.14
  293 PI-         -211   1 277  15   0   0   -0.19   -0.02   -0.4    0.5    0.14
  294 K_L0         130   1 279  15   0   0    0.18   -0.29 -482.0  482.0    0.50
  295 PI0          111   1 285  15   0   0   -0.09   -1.38   -5.1    5.2    0.13
  296 PI0          111   1 285  15   0   0   -0.19   -1.44   -3.9    4.2    0.13

                           ---HEAVY PARTICLE DECAYS---

 IHEP    ID      IDPDG IST MO1 MO2 DA1 DA2   P-X     P-Y     P-Z  ENERGY    MASS
  297 DQRK           1 125 267 301 302 301   -2.86    9.76   -7.1   12.4    0.32
  298 BBAR          -5 155 267 297 299 301  -44.37  151.19 -110.4  192.4    4.96
  299 DBAR          -1 123 298 300 303 300  -12.99   40.28  -29.3   51.5    0.32
  300 UQRK           2 124 298 299 305 299   -7.61   27.13  -18.0   33.4    0.32
  301 UBAR          -2 124 298 298 307 298  -23.78   83.79  -63.1  107.5    0.32
  302 DQRK           1 160 297 311 312 311   -2.86    9.76   -7.1   12.4    0.32

                              ---PARTON SHOWERS---    

 IHEP    ID      IDPDG IST MO1 MO2 DA1 DA2   P-X     P-Y     P-Z  ENERGY    MASS
  303 DBAR          94 143 299 298 304 304  -12.99   40.28  -29.3   51.5    0.32
  304 DBAR          -1   2 303 306 309 306  -12.99   40.28  -29.3   51.5    0.32
  305 UQRK          94 144 300 298 306 306   -7.61   27.13  -18.0   33.4    0.32
  306 UQRK           2   2 305 309 310 309   -7.61   27.13  -18.0   33.4    0.32
  307 UBAR          94 144 301 298 308 308  -23.78   83.79  -63.1  107.5    0.32
  308 UBAR          -2   2 307 302 311 302  -23.78   83.79  -63.1  107.5    0.32

                              ---GLUON SPLITTING---   

 IHEP    ID      IDPDG IST MO1 MO2 DA1 DA2   P-X     P-Y     P-Z  ENERGY    MASS
  309 DBAR          -1 158 303 310 313 310  -12.99   40.28  -29.3   51.5    0.32
  310 UQRK           2 158 305 309 313 309   -7.61   27.13  -18.0   33.4    0.32
  311 UBAR          -2 158 307 302 312 302  -23.78   83.79  -63.1  107.5    0.32

                             ---CLUSTER FORMATION---  

 IHEP    ID      IDPDG IST MO1 MO2 DA1 DA2   P-X     P-Y     P-Z  ENERGY    MASS
  312 CLUS          91 183 302 311 314 315  -26.64   93.54  -70.2  120.0    1.23
  313 CLUS          91 183 310 309 316 317  -20.60   67.40  -47.3   84.9    2.14

                              ---CLUSTER DECAYS---    

 IHEP    ID      IDPDG IST MO1 MO2 DA1 DA2   P-X     P-Y     P-Z  ENERGY    MASS
  314 OMEGA        223 197 312 297 318 320  -11.69   40.84  -30.5   52.3    0.78
  315 PI-         -211   1 312 297   0   0  -14.95   52.70  -39.7   67.6    0.14
  316 RHO+         213 197 313 305 321 322   -9.14   31.95  -21.5   39.6    0.77
  317 PI0          111   1 313 305   0   0  -11.45   35.45  -25.8   45.3    0.13

                           ---STRONG HADRON DECAYS--- 

 IHEP    ID      IDPDG IST MO1 MO2 DA1 DA2   P-X     P-Y     P-Z  ENERGY    MASS
  318 PI+          211   1 314 297   0   0   -0.66    2.74   -2.0    3.5    0.14
  319 PI-         -211   1 314 297   0   0   -4.23   14.62  -10.9   18.7    0.14
  320 PI0          111   1 314 297   0   0   -6.80   23.47  -17.6   30.1    0.13
  321 PI+          211   1 316 305   0   0   -5.18   19.37  -12.9   23.9    0.14
  322 PI0          111   1 316 305   0   0   -3.96   12.58   -8.6   15.7    0.13

                           ---HEAVY PARTICLE DECAYS---

 IHEP    ID      IDPDG IST MO1 MO2 DA1 DA2   P-X     P-Y     P-Z  ENERGY    MASS
  323 BQRK           5 155 259 324 325 327   20.97   21.65  -71.1   77.4    4.96
  324 UBAR          -2 125 259 327 328 327    1.35    1.40   -4.6    5.0    0.32
  325 DQRK           1 123 323 326 329 326    1.34    0.52   -2.4    2.8    0.32
  326 UBAR          -2 124 323 325 331 325    4.31    3.30  -13.0   14.1    0.32
  327 CQRK           4 124 323 323 333 323   15.32   17.82  -55.7   60.5    1.55
  328 UBAR          -2 160 324 337 339 337    1.35    1.40   -4.6    5.0    0.32

                              ---PARTON SHOWERS---    

 IHEP    ID      IDPDG IST MO1 MO2 DA1 DA2   P-X     P-Y     P-Z  ENERGY    MASS
  329 DQRK          94 143 325 323 330 330    1.34    0.52   -2.4    2.8    0.32
  330 DQRK           1   2 329 332 335 332    1.34    0.52   -2.4    2.8    0.32
  331 UBAR          94 144 326 323 332 332    4.31    3.30  -13.0   14.1    0.32
  332 UBAR          -2   2 331 335 336 335    4.31    3.30  -13.0   14.1    0.32
  333 CQRK          94 144 327 323 334 334   15.32   17.82  -55.7   60.5    1.55
  334 CQRK           4   2 333 328 337 328   15.32   17.82  -55.7   60.5    1.55

                              ---GLUON SPLITTING---   

 IHEP    ID      IDPDG IST MO1 MO2 DA1 DA2   P-X     P-Y     P-Z  ENERGY    MASS
  335 DQRK           1 158 329 336 338 336    1.34    0.52   -2.4    2.8    0.32
  336 UBAR          -2 158 331 335 338 335    4.31    3.30  -13.0   14.1    0.32
  337 CQRK           4 158 333 328 339 328   15.32   17.82  -55.7   60.5    1.55

                             ---CLUSTER FORMATION---  

 IHEP    ID      IDPDG IST MO1 MO2 DA1 DA2   P-X     P-Y     P-Z  ENERGY    MASS
  338 CLUS          91 183 335 336 340 341    5.65    3.83  -15.4   16.9    1.47
  339 CLUS          91 183 337 328 342 343   16.67   19.22  -60.3   65.5    2.03

                              ---CLUSTER DECAYS---    

 IHEP    ID      IDPDG IST MO1 MO2 DA1 DA2   P-X     P-Y     P-Z  ENERGY    MASS
  340 PI-         -211   1 338 329   0   0    0.44    0.23   -1.0    1.1    0.14
  341 FL_1       20223 197 338 329 344 347    5.21    3.60  -14.4   15.8    1.28
  342 D+           411 197 339 333 348 350   15.91   18.38  -57.6   62.6    1.87
  343 PI-         -211   1 339 333   0   0    0.76    0.84   -2.7    2.9    0.14

                           ---STRONG HADRON DECAYS--- 

 IHEP    ID      IDPDG IST MO1 MO2 DA1 DA2   P-X     P-Y     P-Z  ENERGY    MASS
  344 PI0          111   1 341 329   0   0    0.78    0.47   -1.7    1.9    0.13
  345 PI0          111   1 341 329   0   0    0.23    0.29   -1.2    1.2    0.13
  346 PI+          211   1 341 329   0   0    3.94    2.58  -10.9   11.9    0.14
  347 PI-         -211   1 341 329   0   0    0.26    0.26   -0.7    0.8    0.14
  348 NU_E          12   1 342 333   0   0    7.33    7.93  -25.9   28.1    0.00
  349 E+           -11   1 342 333   0   0    5.90    6.47  -20.3   22.1    0.00
  350 KBAR0       -311 198 342 333 351 351    2.68    3.98  -11.4   12.4    0.50
  351 K_L0         130   1 350 333   0   0    2.68    3.98  -11.4   12.4    0.50

 HWWARN CALLED FROM SUBPROGRAM HWDFOR: CODE = 101
 EVENT    1984:   SEEDS =  745695162 & 1251795850  WEIGHT = 0.6020E-03
 EVENT KILLED.   EXECUTION CONTINUES

 HWWARN CALLED FROM SUBPROGRAM HWDFIV: CODE = 101
 EVENT    4821:   SEEDS =  150864191 & 1928047964  WEIGHT = 0.6020E-03
 EVENT KILLED.   EXECUTION CONTINUES

 HWWARN CALLED FROM SUBPROGRAM HWDFIV: CODE = 101
 EVENT    5456:   SEEDS =  528886609 &  231372763  WEIGHT = 0.6020E-03
 EVENT KILLED.   EXECUTION CONTINUES

 HWWARN CALLED FROM SUBPROGRAM HWDFIV: CODE = 101
 EVENT    8673:   SEEDS = 1185554075 &  664242860  WEIGHT =-0.6020E-03
 EVENT KILLED.   EXECUTION CONTINUES

 HWWARN CALLED FROM SUBPROGRAM HWDFIV: CODE = 101
 EVENT    9517:   SEEDS =  494502762 & 1782597259  WEIGHT = 0.6020E-03
 EVENT KILLED.   EXECUTION CONTINUES

          OUTPUT ON LES HOUCHES EVENTS


      PROC CODE  XSECT(pb)        XERR(pb)      Max wgt(nb) No. of events


          OUTPUT ON ELEMENTARY PROCESS

          N.B. NEGATIVE WEIGHTS ALLOWED

          NUMBER OF EVENTS   =        9995
          NEGATIVE  EVENTS   =        2734
          NUMBER OF WEIGHTS  =       10000
          NEGATIVE  WEIGHTS  =        2735
          MEAN VALUE OF WGT  =  2.7269E-04
          RMS SPREAD IN WGT  =  5.3666E-04
          MEAN ABS WEIGHT    =  6.0197E-04
          ACTUAL MAX ABS WGT =  1.0000E+00
          ASSUMED MAXABS WGT =  2.7269E-04

          PROCESS CODE IPROC =      -18000
          CROSS SECTION (PB) =  0.2727    
          ERROR IN C-S  (PB) =  5.3666E-03
          EFFICIENCY PERCENT =   100.0    
 # of events processed=        9995
