 Enter filename for events
 Enter maximum number of events to generate
 MUST coincide with the number of events on tape
 Enter 0 to use Herwig default PDFs
       1 to use PDFs from library
 Enter colliding particles (PART1, PART2)
 Enter beam momenta (PBEAM1, PBEAM2)


          HERWIG 6.521  11th Mar. 2013

          Please reference:  G. Marchesini, B.R. Webber,
          G.Abbiendi, I.G.Knowles, M.H.Seymour & L.Stanco
          Computer Physics Communications 67 (1992) 465
                             and
          G.Corcella, I.G.Knowles, G.Marchesini, S.Moretti,
          K.Odagiri, P.Richardson, M.H.Seymour & B.R.Webber,
          JHEP 0101 (2001) 010
 Enter .TRUE. for underlying event, .FALSE. otherwise

 Underlying event WILL NOT be generated

 Enter Lambda_QCD, <0 for Herwig default
 Enter Z mass, width
 Enter W mass, width
 Enter top mass, width
 Enter Higgs (SM) boson mass, width
 Enter quark (d,u,s,c,b) and gluon masses
 Enter lepton (e,mu,tau) masses
 Enter number of events to print
 Enter accepted error fraction
 Is it single-top (.TRUE. or .FALSE)?
 Is it b-bbar (.TRUE. or .FALSE)?
 Enter the two random seeds (0 0 for default)

          INPUT CONDITIONS FOR THIS RUN

          BEAM 1 (P       ) MOM. =   6500.00
          BEAM 2 (P       ) MOM. =   6500.00
          PROCESS CODE (IPROC)   =  -18000
          NUMBER OF FLAVOURS     =    6
          STRUCTURE FUNCTION SET =    8
          AZIM SPIN CORRELATIONS =    T
          AZIM SOFT CORRELATIONS =    T
          QCD LAMBDA (GEV)       =    0.1800
          DOWN     QUARK  MASS   =    0.3200
          UP       QUARK  MASS   =    0.3200
          STRANGE  QUARK  MASS   =    0.5000
          CHARMED  QUARK  MASS   =    1.5500
          BOTTOM   QUARK  MASS   =    4.9500
          TOP      QUARK  MASS   =  173.0000
          GLUON EFFECTIVE MASS   =    0.7500
          EXTRA SHOWER CUTOFF (Q)=    0.4800
          EXTRA SHOWER CUTOFF (G)=    0.1000
          PHOTON SHOWER CUTOFF   =    0.4000
          CLUSTER MASS PARAMETER =    3.3500
          SPACELIKE EVOLN CUTOFF =    2.5000
          INTRINSIC P-TRAN (RMS) =    0.0000
          DECAY SPIN CORRELATIONS=    T
          SUSY THREE BODY ME     =    T
          SUSY FOUR  BODY ME     =    F

          NO EVENTS WILL BE WRITTEN TO DISK

          B_d: Delt-M/Gam =0.7000 Delt-Gam/2*Gam =0.0000
          B_s: Delt-M/Gam = 10.00 Delt-Gam/2*Gam =0.2000

          PDFLIB NOT USED FOR BEAM 1
          PDFLIB NOT USED FOR BEAM 2


          Checking consistency of particle properties


          Checking consistency of decay tables


          WRITING SUDAKOV TABLE ON UNIT  77

          WRITING MATRIX ELEMENT TABLE ON UNIT  88

          CHECKING SUSY DECAY MATRIX ELEMENTS
 Do you want a stable Pi0 (.TRUE. or .FALSE)?
 Do you want a stable W+ (.TRUE. or .FALSE)?
 Do you want a stable W- (.TRUE. or .FALSE)?
 Do you want a stable Z0 (.TRUE. or .FALSE)?
 Do you want a stable Tau+ (.TRUE. or .FALSE)?
 Do you want a stable Tau- (.TRUE. or .FALSE)?
 Do you want a stable Mu+ (.TRUE. or .FALSE)?
 Do you want a stable Mu- (.TRUE. or .FALSE)?
 Do you want a stable Higgs (.TRUE. or .FALSE)?

          PARTICLE TYPE  21=PI0      SET STABLE
 How many decay modes do you want to set?
 How are the events normalized ("average" or "sum")?
 stdhep initialized

          SUBROUTINE TIMEL CALLED BUT NOT LINKED.
          DUMMY TIMEL WILL BE USED. DELETE DUMMY
          AND LINK CERNLIB FOR CPU TIME REMAINING.

 HWWARN CALLED FROM SUBPROGRAM HWSMRS: CODE =   5
 EVENT       1:   SEEDS = 1973774260 & 1099242306  WEIGHT = 0.5936E-03
 EVENT SURVIVES. EXECUTION CONTINUES
 WARNING: MRST98 CALLED WITH Q OUTSIDE ALLOWED RANGE!
 Q VALUE=1.430E+04, MINIMUM=1.118E+00, MAXIMUM=3.162E+03
 NO FURTHER WARNINGS WILL BE ISSUED



 EVENT       1: 6500.00 GEV/C P        ON  6500.00 GEV/C P        PROCESS:-18000
 SEEDS:  1973774260 &  1099242306   STATUS:  100 ERROR:   0  WEIGHT:  5.9361E-04


                               ---INITIAL STATE---    

 IHEP    ID      IDPDG IST MO1 MO2 DA1 DA2   P-X     P-Y     P-Z  ENERGY    MASS
    1 P           2212 101   0   0   0   0    0.00    0.00 6500.0 6500.0    0.94
    2 P           2212 102   0   0   0   0    0.00    0.00-6500.0 6500.0    0.94
    3 CMF            0 103   1   2   0   0    0.00    0.00    0.013000.013000.00

                              ---HARD SUBPROCESS---   

 IHEP    ID      IDPDG IST MO1 MO2 DA1 DA2   P-X     P-Y     P-Z  ENERGY    MASS
    4 UQRK           2 121   6   8  10   9    0.00    0.00 2362.8 2362.8    0.32
    5 DQRK           1 122   6   9  12   8    0.00    0.00-1243.4 1243.4    0.32
    6 HARD           0 120   4   5   7   9   -9.96   -4.63 1119.4 3606.2 3428.07
    7 HIGGS         25 123   6   7  22   7  211.53   63.23  251.3  357.1  125.00
    8 UQRK           2 124   6   5  23   4 -229.63  -64.96-1178.5 1202.4    0.32
    9 DQRK           1 124   6   4  28   5   18.10    1.73 2046.6 2046.6    0.32

                              ---PARTON SHOWERS---    

 IHEP    ID      IDPDG IST MO1 MO2 DA1 DA2   P-X     P-Y     P-Z  ENERGY    MASS
   10 UQRK          94 141   4   6  11  11    0.00    0.00 2363.8 2363.8    0.51
   11 UD          2101   2  10  25  30  29    0.00    0.00 4136.2 4136.2    0.32
   12 DQRK          94 142   5   6  14  21   -9.96   -4.63-1244.4 1242.4  -70.63
   13 CONE           0 100   5   8   0   0   -0.96   -0.27   -3.4    3.5    0.00
   14 GLUON         21   2  12  15  31  32   -4.36   -1.92  -19.3   19.9    0.75
   15 GLUON         21   2  12  16  33  34   12.76    1.77 -108.8  109.5    0.75
   16 GLUON         21   2  12  17  35  36    4.82    0.34  -50.9   51.2    0.75
   17 GLUON         21   2  12  18  37  38   -0.38    1.41  -18.5   18.6    0.75
   18 GLUON         21   2  12  19  39  40   -2.66    2.36  -31.7   31.9    0.75
   19 GLUON         21   2  12  20  41  42   -1.17    0.47  -19.3   19.4    0.75
   20 GLUON         21   2  12  21  43  44    0.96    0.20  -24.6   24.6    0.75
   21 UU          2203   2  12  29  45  44    0.00    0.00-4982.4 4982.4    0.28
   22 HIGGS         25 195   7   6 115 116  210.55   62.77  251.3  356.5  125.00
   23 UQRK          94 144   8   6  25  27 -232.95  -66.50-1178.5 1203.2   14.29
   24 CONE           0 100   8   5   0   0    0.28    0.08   -3.6    3.6    0.00
   25 UQRK           2   2  23  26  46  30 -155.96  -44.34 -791.5  807.9    0.32
   26 GLUON         21   2  23  27  47  48  -75.14  -20.91 -370.4  378.5    0.75
   27 GLUON         21   2  23  31  49  50   -1.85   -1.25  -16.6   16.8    0.75
   28 DQRK          94 144   9   6  29  29   12.45   -0.90 2046.5 2046.6    0.32
   29 DQRK           1   2  28  30  51  45   12.45   -0.90 2046.5 2046.6    0.32

                              ---GLUON SPLITTING---   

 IHEP    ID      IDPDG IST MO1 MO2 DA1 DA2   P-X     P-Y     P-Z  ENERGY    MASS
   30 UD          2101 161  10  46  76  55    0.04   -0.00 1754.4 1754.4    0.64
   31 DBAR          -1 158  12  32  73  50   -3.07   -1.35  -13.0   13.4    0.32
   32 DQRK           1 158  12  56  64  31   -1.13   -0.51   -5.6    5.7    0.32
   33 UBAR          -2 158  12  34  77  57    6.75    0.84  -57.9   58.3    0.32
   34 UQRK           2 158  12  35  65  33    4.06    0.69  -34.3   34.5    0.32
   35 DBAR          -1 158  12  36  65  34    2.89    0.31  -29.0   29.1    0.32
   36 DQRK           1 158  12  37  66  35    1.93    0.03  -21.9   22.0    0.32
   37 UBAR          -2 158  12  38  66  36   -0.13    0.80   -8.1    8.2    0.32
   38 UQRK           2 158  12  39  67  37   -0.26    0.60  -10.4   10.4    0.32
   39 DBAR          -1 158  12  40  67  38   -1.61    1.33  -19.9   20.0    0.32
   40 DQRK           1 158  12  41  68  39   -1.06    1.04  -11.8   11.9    0.32
   41 DBAR          -1 158  12  42  68  40   -0.44    0.31  -10.4   10.4    0.32
   42 DQRK           1 158  12  43  69  41   -0.73    0.16   -9.0    9.0    0.32
   43 UBAR          -2 158  12  44  69  42    0.53   -0.09  -12.3   12.3    0.32
   44 UQRK           2 158  12  58  70  43    0.35    0.24  -11.4   11.4    0.32
   45 UU          2203 162  12  51  75  53    0.00    0.00-3814.5 3814.5    0.64
   46 UQRK           2 158  23  47  71  30 -155.96  -44.34 -791.5  807.9    0.32
   47 UBAR          -2 158  23  48  71  46  -30.43   -8.29 -149.4  152.7    0.32
   48 UQRK           2 158  23  60  72  47  -22.83   -6.44 -112.8  115.3    0.32
   49 DBAR          -1 158  23  50  79  61   -0.43   -0.32   -4.3    4.3    0.32
   50 DQRK           1 158  23  31  73  49   -1.44   -0.89  -12.0   12.2    0.32
   51 DQRK           1 158  28  62  74  45   11.80   -0.85 1940.0 1940.0    0.32
   52 UBAR          -2 159  12  53  78  59    0.00    0.00 -764.9  764.9    0.32
   53 UQRK           2 159  12  45  75  52    0.00    0.00 -315.3  315.3    0.32
   54 UBAR          -2 159  10  55  80  63    0.01   -0.00 2106.0 2106.0    0.32
   55 UQRK           2 159  28  30  76  54    0.24   -0.02  109.3  109.3    0.32
   56 SBAR          -3 159  12  57  64  32    1.46    0.17  -13.0   13.0    0.50
   57 SQRK           3 159  12  33  77  56    0.33    0.00   -4.4    4.4    0.50
   58 DBAR          -1 159  12  59  70  44    0.03    0.02  -52.4   52.4    0.32
   59 DQRK           1 159  12  52  78  58    0.04    0.03  -36.2   36.2    0.32
   60 SBAR          -3 159  23  61  72  48   -5.95   -1.70  -29.7   30.3    0.50
   61 SQRK           3 159  23  49  79  60  -15.91   -4.50  -78.7   80.4    0.50
   62 UBAR          -2 159  10  63  74  51    0.11   -0.01  165.4  165.4    0.32
   63 UQRK           2 159  28  54  80  62    0.25   -0.02  107.6  107.6    0.32

                             ---CLUSTER FORMATION---  

 IHEP    ID      IDPDG IST MO1 MO2 DA1 DA2   P-X     P-Y     P-Z  ENERGY    MASS
   64 CLUS          91 183  32  56  81  82    0.33   -0.34  -18.6   18.8    2.94
   65 CLUS          91 183  34  35  83  84    6.95    1.00  -63.2   63.6    0.92
   66 CLUS          91 183  36  37  85  86    1.80    0.83  -30.1   30.2    2.03
   67 CLUS          91 183  38  39  87  88   -1.86    1.93  -30.3   30.4    1.06
   68 CLUS          91 183  40  41  89  90   -1.50    1.35  -22.2   22.3    1.04
   69 CLUS          91 183  42  43  91  92   -0.19    0.08  -21.3   21.3    1.48
   70 CLUS          91 183  44  58  93  94    0.38    0.26  -63.9   63.9    1.22
   71 CLUS          91 183  46  47  95  96 -186.38  -52.64 -940.9  960.6    2.41
   72 CLUS          91 183  48  60  97  98  -28.79   -8.15 -142.5  145.6    1.16
   73 CLUS          91 183  50  31  99 100   -4.51   -2.24  -25.0   25.6    1.62
   74 CLUS          91 183  51  62 101 102   11.91   -0.86 2105.4 2105.4    3.29
   75 CLUS          91 185  53  45 103 104    0.01    0.00-4129.8 4129.8    1.34
   76 CLUS          91 184  55  30 105 106    0.28   -0.02 1863.7 1863.7    1.76
   77 CLUS          91 183  57  33 107 108    7.08    0.84  -62.3   62.7    2.03
   78 CLUS          91 183  59  52 109 110    0.04    0.03 -801.1  801.1    1.56
   79 CLUS          91 183  61  49 111 112  -16.34   -4.82  -83.0   84.8    2.41
   80 CLUS          91 183  63  54 113 114    0.26   -0.02 2213.6 2213.6    1.86

                              ---CLUSTER DECAYS---    

 IHEP    ID      IDPDG IST MO1 MO2 DA1 DA2   P-X     P-Y     P-Z  ENERGY    MASS
   81 DELTA+      2214 197  64  12 148 149   -0.67   -0.16   -8.5    8.6    1.23
   82 SIGMABR-   -3222 197  64  12 150 151    1.00   -0.18  -10.0   10.2    1.19
   83 ETA          221 197  65  12 152 153    2.91    0.28  -25.9   26.1    0.55
   84 PI+          211   1  65  12   0   0    4.04    0.72  -37.3   37.6    0.14
   85 A_2-        -215 197  66  12 154 155    1.38    0.75  -25.4   25.5    1.32
   86 ETA          221 197  66  12 156 157    0.42    0.09   -4.7    4.8    0.55
   87 PI+          211   1  67  12   0   0   -0.85    0.47  -15.3   15.3    0.14
   88 PI0          111   1  67  12   0   0   -1.02    1.46  -15.0   15.1    0.13
   89 PI-         -211   1  68  12   0   0   -1.08    0.31  -12.2   12.2    0.14
   90 PI+          211   1  68  12   0   0   -0.42    1.03  -10.0   10.1    0.14
   91 PI-         -211   1  69  12   0   0   -0.28    0.51   -7.6    7.7    0.14
   92 OMEGA        223 197  69  12 158 160    0.09   -0.43  -13.6   13.7    0.78
   93 PI0          111   1  70  12   0   0   -0.21    0.20  -12.4   12.4    0.13
   94 RHO+         213 197  70  12 161 162    0.59    0.06  -51.4   51.4    0.77
   95 A_20         115 197  71  23 163 164 -143.21  -40.60 -725.1  740.2    1.32
   96 RHO0         113 197  71  23 165 166  -43.18  -12.04 -215.8  220.4    0.77
   97 PI0          111   1  72  23   0   0   -8.11   -2.14  -38.0   38.9    0.13
   98 K+           321   1  72  23   0   0  -20.67   -6.01 -104.5  106.7    0.49
   99 ETA          221 197  73  23 167 169   -1.19   -0.99   -6.2    6.4    0.55
  100 ETA          221 197  73  23 170 171   -3.32   -1.25  -18.8   19.1    0.55
  101 SIGMA*0     3214 197  74  28 172 173    9.17   -0.66 1540.9 1541.0    1.38
  102 SGMA*BR-   -3224 197  74  28 174 175    2.74   -0.20  564.4  564.4    1.38
  103 PI+          211   1  75  12   0   0    0.10    0.13 -225.9  225.9    0.14
  104 P           2212   1  75  12   0   0   -0.09   -0.12-3903.8 3903.8    0.94
  105 ETA          221 197  76  28 176 178    0.31    0.40  692.2  692.2    0.55
  106 P           2212   1  76  28   0   0   -0.03   -0.42 1171.5 1171.5    0.94
  107 K*BAR0      -313 197  77  12 179 180    4.62    0.02  -38.7   39.0    0.90
  108 RHO-        -213 197  77  12 181 182    2.47    0.82  -23.6   23.7    0.77
  109 PI-         -211   1  78  12   0   0    0.20    0.15 -214.8  214.8    0.14
  110 A_10       20113 197  78  12 183 184   -0.15   -0.13 -586.3  586.3    1.23
  111 PHI          333 197  79  23 185 186  -11.03   -3.46  -53.2   54.4    1.02
  112 K*BAR0      -313 197  79  23 187 188   -5.31   -1.36  -29.8   30.4    0.90
  113 PI+          211   1  80  28   0   0   -0.18    0.09   89.5   89.5    0.14
  114 A_2-        -215 197  80  28 189 190    0.44   -0.11 2124.1 2124.1    1.32

                            ---H/W/Z BOSON DECAYS---  

 IHEP    ID      IDPDG IST MO1 MO2 DA1 DA2   P-X     P-Y     P-Z  ENERGY    MASS
  115 BQRK           5 123  22 116 117 116  168.18   43.57  105.5  203.3    4.95
  116 BBAR          -5 124  22 115 119 115   42.37   19.19  145.8  153.1    4.95

                              ---PARTON SHOWERS---    

 IHEP    ID      IDPDG IST MO1 MO2 DA1 DA2   P-X     P-Y     P-Z  ENERGY    MASS
  117 BQRK          94 143 115  22 118 118  167.73   43.46  105.2  202.8    4.95
  118 BQRK           5   2 117 121 123 122  167.73   43.46  105.2  202.8    4.95
  119 BBAR          94 144 116  22 121 122   42.81   19.31  146.1  153.7    8.12
  120 CONE           0 100 116 115   0   0    1.10    0.26    0.3    1.2    0.00
  121 GLUON         21   2 119 122 124 125    2.09    1.41    5.0    5.6    0.75
  122 BBAR          -5   2 119 123 126 125   40.73   17.90  141.1  148.0    4.95

                              ---GLUON SPLITTING---   

 IHEP    ID      IDPDG IST MO1 MO2 DA1 DA2   P-X     P-Y     P-Z  ENERGY    MASS
  123 BQRK           5 158 117 129 133 126  149.21   38.67   93.7  180.4    4.95
  124 DBAR          -1 158 119 125 135 128    0.71    0.30    1.4    1.6    0.32
  125 DQRK           1 158 119 131 134 124    0.82    0.56    2.4    2.6    0.32
  126 BBAR          -5 158 119 123 137 132   36.02   15.96  124.5  130.7    4.95
  127 SBAR          -3 159 119 128 136 130    3.02    0.80    2.0    3.8    0.50
  128 SQRK           3 159 117 124 135 127    3.43    0.90    2.3    4.2    0.50
  129 UBAR          -2 159 119 130 133 123    1.44    0.39    1.0    1.8    0.32
  130 UQRK           2 159 117 127 136 129   10.82    2.80    6.8   13.1    0.32
  131 UBAR          -2 159 119 132 134 125    4.25    1.84   14.8   15.5    0.32
  132 UQRK           2 159 119 126 137 131    0.82    0.56    2.4    2.6    0.32

                             ---CLUSTER FORMATION---  

 IHEP    ID      IDPDG IST MO1 MO2 DA1 DA2   P-X     P-Y     P-Z  ENERGY    MASS
  133 CLUS          91 183 123 129 138 139  150.65   39.05   94.7  182.3    6.00
  134 CLUS          91 183 125 131 140 141    5.07    2.40   17.2   18.1    1.15
  135 CLUS          91 183 128 124 142 143    4.15    1.20    3.7    5.9    1.56
  136 CLUS          91 183 130 127 144 145   13.83    3.60    8.8   16.8    1.14
  137 CLUS          91 183 132 126 146 147   36.84   16.51  126.9  133.3    5.81

                              ---CLUSTER DECAYS---    

 IHEP    ID      IDPDG IST MO1 MO2 DA1 DA2   P-X     P-Y     P-Z  ENERGY    MASS
  138 BL_1-     -10523 197 133 117 191 192  149.55   38.77   94.0  180.9    5.76
  139 PI0          111   1 133 117   0   0    1.10    0.29    0.7    1.3    0.13
  140 PI0          111   1 134 119   0   0    1.28    0.38    4.7    4.9    0.13
  141 RHO-        -213 197 134 119 193 194    3.79    2.02   12.5   13.2    0.77
  142 PHI          333 197 135 117 195 196    2.74    0.95    2.4    3.9    1.02
  143 KBAR0       -311 197 135 117 197 197    1.41    0.25    1.3    2.0    0.50
  144 PI+          211   1 136 117   0   0    0.24    0.08    0.2    0.3    0.14
  145 K0           311 197 136 117 198 198   13.59    3.52    8.6   16.5    0.50
  146 PI0          111   1 137 119   0   0    0.38    0.29    1.0    1.2    0.13
  147 B+           521 199 137 119 222 223   36.46   16.22  125.9  132.2    5.28

                           ---STRONG HADRON DECAYS--- 

 IHEP    ID      IDPDG IST MO1 MO2 DA1 DA2   P-X     P-Y     P-Z  ENERGY    MASS
  148 P           2212   1  81  12   0   0   -0.71   -0.22   -6.4    6.5    0.94
  149 PI0          111   1  81  12   0   0    0.04    0.06   -2.1    2.1    0.13
  150 PBAR       -2212   1  82  12   0   0    0.89   -0.08   -7.3    7.5    0.94
  151 PI0          111   1  82  12   0   0    0.11   -0.10   -2.7    2.7    0.13
  152 GAMMA         22   1  83  12   0   0    1.66    0.14  -12.3   12.4    0.00
  153 GAMMA         22   1  83  12   0   0    1.25    0.15  -13.6   13.7    0.00
  154 RHO0         113 198  85  12 199 200    1.34    0.83  -19.1   19.2    0.77
  155 PI-         -211   1  85  12   0   0    0.04   -0.09   -6.2    6.3    0.14
  156 GAMMA         22   1  86  12   0   0    0.43   -0.07   -2.0    2.0    0.00
  157 GAMMA         22   1  86  12   0   0   -0.01    0.15   -2.7    2.7    0.00
  158 PI+          211   1  92  12   0   0   -0.20   -0.11   -7.4    7.4    0.14
  159 PI-         -211   1  92  12   0   0    0.07   -0.11   -1.4    1.4    0.14
  160 PI0          111   1  92  12   0   0    0.22   -0.22   -4.8    4.8    0.13
  161 PI+          211   1  94  12   0   0    0.59    0.30  -40.7   40.7    0.14
  162 PI0          111   1  94  12   0   0   -0.01   -0.24  -10.7   10.7    0.13
  163 ETA          221 198  95  23 201 202  -43.45  -12.09 -221.3  225.9    0.55
  164 PI0          111   1  95  23   0   0  -99.76  -28.50 -503.7  514.3    0.13
  165 PI+          211   1  96  23   0   0  -27.52   -7.43 -136.0  139.0    0.14
  166 PI-         -211   1  96  23   0   0  -15.65   -4.62  -79.8   81.4    0.14
  167 PI0          111   1  99  23   0   0   -0.20   -0.25   -1.0    1.1    0.13
  168 PI0          111   1  99  23   0   0   -0.23   -0.26   -1.4    1.5    0.13
  169 PI0          111   1  99  23   0   0   -0.77   -0.48   -3.8    3.9    0.13
  170 GAMMA         22   1 100  23   0   0   -1.79   -0.48   -8.7    8.9    0.00
  171 GAMMA         22   1 100  23   0   0   -1.53   -0.77  -10.1   10.3    0.00
  172 LAMBDA      3122 198 101  28 203 204    7.64   -0.76 1287.2 1287.3    1.12
  173 PI0          111   1 101  28   0   0    1.53    0.10  253.7  253.7    0.13
  174 LAMBDABR   -3122 198 102  28 205 206    2.16   -0.26  480.8  480.8    1.12
  175 PI-         -211   1 102  28   0   0    0.58    0.06   83.7   83.7    0.14
  176 PI0          111   1 105  28   0   0    0.12    0.20  307.7  307.7    0.13
  177 PI0          111   1 105  28   0   0   -0.03    0.07  203.5  203.5    0.13
  178 PI0          111   1 105  28   0   0    0.21    0.13  181.0  181.0    0.13
  179 KBAR0       -311 198 107  12 207 207    4.31    0.14  -36.3   36.5    0.50
  180 PI0          111   1 107  12   0   0    0.31   -0.12   -2.4    2.4    0.13
  181 PI-         -211   1 108  12   0   0    1.13    0.45  -14.1   14.2    0.14
  182 PI0          111   1 108  12   0   0    1.34    0.37   -9.4    9.6    0.13
  183 RHO+         213 198 110  12 208 209   -0.23   -0.38 -501.7  501.7    0.77
  184 PI-         -211   1 110  12   0   0    0.08    0.25  -84.7   84.7    0.14
  185 RHO0         113 198 111  23 210 211   -8.20   -2.48  -38.6   39.6    0.77
  186 PI0          111   1 111  23   0   0   -2.84   -0.97  -14.5   14.8    0.13
  187 K-          -321   1 112  23   0   0   -3.13   -1.07  -17.2   17.6    0.49
  188 PI+          211   1 112  23   0   0   -2.18   -0.30  -12.6   12.8    0.14
  189 K0           311 198 114  28 212 212   -0.14   -0.29  752.0  752.0    0.50
  190 K-          -321   1 114  28   0   0    0.58    0.18 1372.1 1372.1    0.49
  191 B*BAR0      -513 198 138 117 213 214  142.30   37.10   89.1  172.0    5.32
  192 PI-         -211   1 138 117   0   0    7.26    1.66    4.9    8.9    0.14
  193 PI-         -211   1 141 119   0   0    1.44    0.58    5.5    5.7    0.14
  194 PI0          111   1 141 119   0   0    2.35    1.44    7.0    7.5    0.13
  195 K+           321   1 142 117   0   0    1.09    0.32    0.9    1.5    0.49
  196 K-          -321   1 142 117   0   0    1.65    0.63    1.5    2.4    0.49
  197 K_S0         310 198 143 117 215 216    1.41    0.25    1.3    2.0    0.50
  198 K_S0         310 198 145 117 217 218   13.59    3.52    8.6   16.5    0.50
  199 PI+          211   1 154  12   0   0    1.06    0.84  -17.4   17.4    0.14
  200 PI-         -211   1 154  12   0   0    0.28   -0.00   -1.7    1.8    0.14
  201 GAMMA         22   1 163  23   0   0  -14.08   -4.18  -72.0   73.5    0.00
  202 GAMMA         22   1 163  23   0   0  -29.37   -7.91 -149.3  152.4    0.00
  203 P           2212   1 172  28   0   0    6.09   -0.59 1040.2 1040.2    0.94
  204 PI-         -211   1 172  28   0   0    1.56   -0.16  247.0  247.0    0.14
  205 PBAR       -2212   1 174  28   0   0    1.71   -0.16  372.4  372.4    0.94
  206 PI+          211   1 174  28   0   0    0.44   -0.10  108.4  108.4    0.14
  207 K_L0         130   1 179  12   0   0    4.31    0.14  -36.3   36.5    0.50
  208 PI+          211   1 183  12   0   0   -0.21    0.18 -148.2  148.2    0.14
  209 PI0          111   1 183  12   0   0   -0.02   -0.56 -353.4  353.4    0.13
  210 PI+          211   1 185  23   0   0   -7.72   -2.33  -36.8   37.7    0.14
  211 PI-         -211   1 185  23   0   0   -0.48   -0.15   -1.8    1.9    0.14
  212 K_S0         310 198 189  28 219 220   -0.14   -0.29  752.0  752.0    0.50
  213 B_DBAR0     -511 200 191 117 221 221  141.99   37.01   88.9  171.6    5.28
  214 GAMMA         22   1 191 117   0   0    0.31    0.09    0.2    0.4    0.00
  215 PI0          111   1 197 117   0   0    1.29    0.15    1.2    1.7    0.13
  216 PI0          111   1 197 117   0   0    0.12    0.10    0.1    0.2    0.13
  217 PI+          211   1 198 117   0   0   10.64    2.66    6.6   12.8    0.14
  218 PI-         -211   1 198 117   0   0    2.95    0.86    2.0    3.7    0.14
  219 PI+          211   1 212  28   0   0    0.01   -0.17  609.0  609.0    0.14
  220 PI-         -211   1 212  28   0   0   -0.15   -0.12  143.0  143.0    0.14
  221 B_DBAR0     -511 199 213 117 251 252  141.99   37.01   88.9  171.6    5.28

                           ---HEAVY PARTICLE DECAYS---

 IHEP    ID      IDPDG IST MO1 MO2 DA1 DA2   P-X     P-Y     P-Z  ENERGY    MASS
  222 UQRK           2 125 147 226 227 226    2.21    0.98    7.6    8.0    0.32
  223 BBAR          -5 155 147 222 224 226   34.25   15.24  118.3  124.2    4.96
  224 SBAR          -3 123 223 225 228 225    1.86    0.83    5.4    5.8    0.50
  225 CQRK           4 124 223 224 230 224   11.52    5.69   37.5   39.7    1.55
  226 CBAR          -4 124 223 223 232 223   20.87    8.72   75.3   78.6    1.55
  227 UQRK           2 160 222 236 237 236    2.21    0.98    7.6    8.0    0.32

                              ---PARTON SHOWERS---    

 IHEP    ID      IDPDG IST MO1 MO2 DA1 DA2   P-X     P-Y     P-Z  ENERGY    MASS
  228 SBAR          94 143 224 223 229 229    1.86    0.83    5.4    5.8    0.50
  229 SBAR          -3   2 228 231 234 231    1.86    0.83    5.4    5.8    0.50
  230 CQRK          94 144 225 223 231 231   11.52    5.69   37.5   39.7    1.55
  231 CQRK           4   2 230 234 235 234   11.52    5.69   37.5   39.7    1.55
  232 CBAR          94 144 226 223 233 233   20.87    8.72   75.3   78.6    1.55
  233 CBAR          -4   2 232 227 236 227   20.87    8.72   75.3   78.6    1.55

                              ---GLUON SPLITTING---   

 IHEP    ID      IDPDG IST MO1 MO2 DA1 DA2   P-X     P-Y     P-Z  ENERGY    MASS
  234 SBAR          -3 158 228 235 238 235    1.86    0.83    5.4    5.8    0.50
  235 CQRK           4 158 230 234 238 234   11.52    5.69   37.5   39.7    1.55
  236 CBAR          -4 158 232 227 237 227   20.87    8.72   75.3   78.6    1.55

                             ---CLUSTER FORMATION---  

 IHEP    ID      IDPDG IST MO1 MO2 DA1 DA2   P-X     P-Y     P-Z  ENERGY    MASS
  237 CLUS          91 183 227 236 239 239   24.24   10.15   87.4   91.3    1.86
  238 CLUS          91 183 235 234 240 240   12.22    6.07   38.5   40.9    1.97

                              ---CLUSTER DECAYS---    

 IHEP    ID      IDPDG IST MO1 MO2 DA1 DA2   P-X     P-Y     P-Z  ENERGY    MASS
  239 DBAR0       -421 196 237 222 241 243   24.24   10.15   87.4   91.3    1.86
  240 D_S+         431 196 238 230 244 248   12.22    6.07   38.5   40.9    1.97

                           ---STRONG HADRON DECAYS--- 

 IHEP    ID      IDPDG IST MO1 MO2 DA1 DA2   P-X     P-Y     P-Z  ENERGY    MASS
  241 PI-         -211   1 239 222   0   0   16.58    7.65   60.7   63.4    0.14
  242 PI+          211   1 239 222   0   0    1.97    0.76    6.2    6.6    0.14
  243 PI0          111   1 239 222   0   0    5.69    1.73   20.5   21.3    0.13
  244 PI+          211   1 240 230   0   0    2.11    1.35    6.6    7.0    0.14
  245 PI-         -211   1 240 230   0   0    1.16    0.64    3.5    3.8    0.14
  246 PI-         -211   1 240 230   0   0    1.81    0.87    6.0    6.3    0.14
  247 PI+          211   1 240 230   0   0    0.89    0.69    2.9    3.1    0.14
  248 RHO+         213 198 240 230 249 250    6.25    2.53   19.5   20.6    0.77
  249 PI+          211   1 248 230   0   0    3.52    1.73   11.9   12.6    0.14
  250 PI0          111   1 248 230   0   0    2.73    0.80    7.5    8.1    0.13

                           ---HEAVY PARTICLE DECAYS---

 IHEP    ID      IDPDG IST MO1 MO2 DA1 DA2   P-X     P-Y     P-Z  ENERGY    MASS
  251 BQRK           5 155 221 252 253 255  133.38   34.76   83.5  161.2    4.96
  252 DBAR          -1 125 221 255 256 255    8.61    2.24    5.4   10.4    0.32
  253 CQRK           4 123 251 254 257 254   72.43   18.05   46.0   87.7    1.55
  254 UBAR          -2 124 251 253 259 253    5.00    0.91    2.5    5.7    0.32
  255 DQRK           1 124 251 251 261 251   55.95   15.80   35.0   67.9    0.32
  256 DBAR          -1 160 252 265 267 265    8.61    2.24    5.4   10.4    0.32

                              ---PARTON SHOWERS---    

 IHEP    ID      IDPDG IST MO1 MO2 DA1 DA2   P-X     P-Y     P-Z  ENERGY    MASS
  257 CQRK          94 143 253 251 258 258   72.43   18.05   46.0   87.7    1.55
  258 CQRK           4   2 257 260 263 260   72.43   18.05   46.0   87.7    1.55
  259 UBAR          94 144 254 251 260 260    5.00    0.91    2.5    5.7    0.32
  260 UBAR          -2   2 259 263 264 263    5.00    0.91    2.5    5.7    0.32
  261 DQRK          94 144 255 251 262 262   55.95   15.80   35.0   67.9    0.32
  262 DQRK           1   2 261 256 265 256   55.95   15.80   35.0   67.9    0.32

                              ---GLUON SPLITTING---   

 IHEP    ID      IDPDG IST MO1 MO2 DA1 DA2   P-X     P-Y     P-Z  ENERGY    MASS
  263 CQRK           4 158 257 264 266 264   72.43   18.05   46.0   87.7    1.55
  264 UBAR          -2 158 259 263 266 263    5.00    0.91    2.5    5.7    0.32
  265 DQRK           1 158 261 256 267 256   55.95   15.80   35.0   67.9    0.32

                             ---CLUSTER FORMATION---  

 IHEP    ID      IDPDG IST MO1 MO2 DA1 DA2   P-X     P-Y     P-Z  ENERGY    MASS
  266 CLUS          91 183 263 264 268 269   77.43   18.97   48.5   93.4    3.28
  267 CLUS          91 183 265 256 270 271   64.55   18.04   40.4   78.3    1.05

                              ---CLUSTER DECAYS---    

 IHEP    ID      IDPDG IST MO1 MO2 DA1 DA2   P-X     P-Y     P-Z  ENERGY    MASS
  268 D_S+         431 197 266 257 272 274   71.50   17.76   45.3   86.5    1.97
  269 K-          -321   1 266 257   0   0    5.94    1.21    3.2    6.9    0.49
  270 PI-         -211   1 267 261   0   0   27.45    7.75   17.2   33.3    0.14
  271 RHO+         213 197 267 261 275 276   37.10   10.29   23.2   45.0    0.77

                           ---STRONG HADRON DECAYS--- 

 IHEP    ID      IDPDG IST MO1 MO2 DA1 DA2   P-X     P-Y     P-Z  ENERGY    MASS
  272 NU_MU         14   1 268 257   0   0    3.40    0.90    2.5    4.3    0.00
  273 MU+          -13   1 268 257   0   0    5.69    1.03    3.4    6.7    0.11
  274 ETA          221 198 268 257 277 278   62.40   15.82   39.4   75.5    0.55
  275 PI+          211   1 271 261   0   0   19.88    5.70   12.8   24.3    0.14
  276 PI0          111   1 271 261   0   0   17.22    4.59   10.4   20.6    0.13
  277 GAMMA         22   1 274 257   0   0   40.02    9.88   25.2   48.3    0.00
  278 GAMMA         22   1 274 257   0   0   22.38    5.94   14.2   27.2    0.00



 EVENT       2: 6500.00 GEV/C P        ON  6500.00 GEV/C P        PROCESS:-18000
 SEEDS:   838324616 &  1133763514   STATUS:  100 ERROR:   0  WEIGHT: -5.9361E-04


                               ---INITIAL STATE---    

 IHEP    ID      IDPDG IST MO1 MO2 DA1 DA2   P-X     P-Y     P-Z  ENERGY    MASS
    1 P           2212 101   0   0   0   0    0.00    0.00 6500.0 6500.0    0.94
    2 P           2212 102   0   0   0   0    0.00    0.00-6500.0 6500.0    0.94
    3 CMF            0 103   1   2   0   0    0.00    0.00    0.013000.013000.00

                              ---HARD SUBPROCESS---   

 IHEP    ID      IDPDG IST MO1 MO2 DA1 DA2   P-X     P-Y     P-Z  ENERGY    MASS
    4 CQRK           4 121   6   8  10   9    0.00    0.00  221.7  221.8    1.55
    5 SQRK           3 122   6   9  17   8    0.00    0.00 -624.9  624.9    0.50
    6 HARD           0 120   4   5   7   9  -10.54    6.93 -403.2  846.8  744.52
    7 HIGGS         25 123   6   7  23   7  137.16 -164.96  -55.5  254.4  125.00
    8 CQRK           4 124   6   5  24   4   45.54  -27.07 -321.6  325.9    1.55
    9 SQRK           3 124   6   4  28   5 -182.70  192.03  -26.1  266.3    0.50

                              ---PARTON SHOWERS---    

 IHEP    ID      IDPDG IST MO1 MO2 DA1 DA2   P-X     P-Y     P-Z  ENERGY    MASS
   10 CQRK          94 141   4   6  12  16   -7.89    4.40  222.6  221.1  -27.40
   11 CONE           0 100   4   9   0   0   -0.69    0.72   -0.1    1.0    0.00
   12 UBAR          -2   2  10  13  32  31    4.18   -1.83   15.1   15.7    0.32
   13 UQRK           2   2  10  14  33  32    3.54   -1.06    7.9    8.7    0.32
   14 UD          2101   2  10  15  34  33    0.00    0.00 3430.9 3430.9    0.32
   15 UQRK           2   2  10  16  35  34    1.96    0.25 1747.1 1747.1    0.32
   16 CBAR          -4   2  10  26  36  35   -1.78   -1.77 1076.4 1076.4    1.55
   17 SQRK          94 142   5   6  19  22   -2.64    2.53 -625.8  625.7  -13.20
   18 CONE           0 100   5   8   0   0    0.86   -0.51   -5.9    6.0    0.00
   19 GLUON         21   2  17  20  37  38    3.85   -0.33  -60.6   60.7    0.75
   20 UD          2101   2  17  21  39  38    0.00    0.00 -632.5  632.5    0.34
   21 UQRK           2   2  17  22  40  39   -0.72   -0.83-3314.5 3314.5    0.32
   22 SBAR          -3   2  17  30  41  40   -0.49   -1.37-1866.6 1866.6    0.50
   23 HIGGS         25 195   7   6 177 178  133.99 -162.86  -55.5  251.4  125.00
   24 CQRK          94 144   8   6  26  27   41.48  -24.40 -321.5  325.1    2.64
   25 CONE           0 100   8   5   0   0   -0.46    0.27   -3.2    3.2    0.00
   26 CQRK           4   2  24  27  42  36   29.37  -17.15 -231.1  233.6    1.55
   27 GLUON         21   2  24  37  43  44   12.11   -7.25  -90.5   91.6    0.75
   28 SQRK          94 144   9   6  30  31 -186.00  194.19  -26.2  270.3    8.68
   29 CONE           0 100   9   4   0   0   -0.11    0.11    1.0    1.0    0.00
   30 SQRK           3   2  28  31  45  41 -182.45  189.33  -24.9  264.1    0.50
   31 GLUON         21   2  28  32  46  47   -3.56    4.86   -1.3    6.2    0.75

                              ---GLUON SPLITTING---   

 IHEP    ID      IDPDG IST MO1 MO2 DA1 DA2   P-X     P-Y     P-Z  ENERGY    MASS
   32 UBAR          -2 158  10  33 115  83    2.20   -0.96    7.9    8.3    0.32
   33 UQRK           2 158  10  58  90  32    1.59   -0.47    3.7    4.0    0.32
   34 UD          2101 161  10  35  98  49    0.00   -0.00 1274.6 1274.6    0.64
   35 UQRK           2 158  10  60  91  34    0.96    0.12  875.3  875.3    0.32
   36 CBAR          -4 158  10  42 104  61   -1.27   -1.34  918.0  918.0    1.55
   37 DBAR          -1 158  17  38 106  65    1.65   -0.22  -23.6   23.6    0.32
   38 DQRK           1 158  17  62  92  37    1.06   -0.05  -19.2   19.3    0.32
   39 UD          2101 162  17  40  99  51    0.01   -0.00 -477.3  477.3    0.64
   40 UQRK           2 158  17  41  93  39   -0.72   -0.83-3314.5 3314.5    0.32
   41 SBAR          -3 158  17  45  93  40   -0.49   -1.37-1866.6 1866.6    0.50
   42 CQRK           4 158  24  43  94  36   29.37  -17.15 -231.1  233.6    1.55
   43 DBAR          -1 158  24  44  94  42    4.58   -2.55  -33.8   34.2    0.32
   44 DQRK           1 158  24  64  95  43    5.97   -3.73  -45.1   45.6    0.32
   45 SQRK           3 158  28  68  96  41 -150.08  155.74  -20.5  217.3    0.50
   46 DBAR          -1 158  28  47 107  67   -1.09    1.52   -0.3    1.9    0.32
   47 DQRK           1 158  28  70  97  46   -1.51    1.90   -0.5    2.5    0.32
   48 DBAR          -1 159  10  49 110  73    0.00   -0.00  733.2  733.2    0.32
   49 DQRK           1 159  10  34  98  48    0.00   -0.00  210.1  210.1    0.32
   50 UBAR          -2 159  17  51 105  63    0.02   -0.00 -108.6  108.6    0.32
   51 UQRK           2 159  17  39  99  50    0.07   -0.00  -25.4   25.4    0.32
   52 SBAR          -3 159  10  53 112  77    0.00   -0.00  289.2  289.2    0.50
   53 SQRK           3 159  10  74 100  52    0.12   -0.04    4.6    4.6    0.50
   54 DBAR          -1 159  10  55 118  89    0.00   -0.00  168.8  168.8    0.32
   55 DQRK           1 159  10  78 101  54    0.51   -0.15    1.6    1.7    0.32
   56 DBAR          -1 159  10  57 103  59    0.01   -0.00   16.2   16.2    0.32
   57 DQRK           1 159  10  80 102  56    0.19   -0.06    1.6    1.6    0.32
   58 SBAR          -3 159  10  59  90  33    0.05   -0.02   10.3   10.3    0.50
   59 SQRK           3 159  10  56 103  58    0.59   -0.18    2.2    2.4    0.50
   60 SBAR          -3 159  10  61  91  35   -0.30   -0.35  272.0  272.0    0.50
   61 SQRK           3 159  10  36 104  60    0.78    0.07  758.3  758.3    0.50
   62 SBAR          -3 159  17  63  92  38    0.48   -0.02  -16.7   16.7    0.50
   63 SQRK           3 159  17  50 105  62    0.31   -0.01  -18.6   18.6    0.50
   64 UBAR          -2 159  17  65  95  44    0.78   -0.41   -6.9    7.0    0.32
   65 UQRK           2 159  24  37 106  64    1.03   -0.59   -8.5    8.6    0.32
   66 UBAR          -2 159  28  67 108  69   -2.42    2.62   -0.4    3.6    0.32
   67 UQRK           2 159  28  46 107  66  -13.98   14.53   -1.9   20.3    0.32
   68 UBAR          -2 159  28  69  96  45   -3.78    4.00   -0.5    5.5    0.32
   69 UQRK           2 159  28  66 108  68  -12.18   12.66   -1.7   17.7    0.32
   70 SBAR          -3 159  10  71  97  47   -0.24    0.34    0.1    0.7    0.50
   71 SQRK           3 159  28  84 109  70   -0.52    0.68   -0.1    1.0    0.50
   72 DBAR          -1 159  10  73 111  75    0.00   -0.00  245.9  245.9    0.32
   73 DQRK           1 159  10  48 110  72    0.01   -0.00   17.1   17.1    0.32
   74 UBAR          -2 159  10  75 100  53    0.00   -0.00  126.5  126.5    0.32
   75 UQRK           2 159  10  72 111  74    0.03   -0.01    7.3    7.4    0.32
   76 DBAR          -1 159  10  77 113  79    0.00   -0.00  207.5  207.5    0.32
   77 DQRK           1 159  10  52 112  76    0.08   -0.02    2.9    2.9    0.32
   78 UBAR          -2 159  10  79 101  55    0.03   -0.01    7.4    7.4    0.32
   79 UQRK           2 159  10  76 113  78    0.02   -0.00   13.3   13.3    0.32
   80 DBAR          -1 159  10  81 102  57    0.01   -0.00   34.4   34.4    0.32
   81 DQRK           1 159  10  86 114  80    0.11   -0.03    2.2    2.2    0.32
   82 DBAR          -1 159  10  83 116  85    1.39   -0.61    5.0    5.3    0.32
   83 DQRK           1 159  28  32 115  82    0.21   -0.07    0.8    0.9    0.32
   84 DBAR          -1 159  10  85 109  71    0.17   -0.05    0.7    0.8    0.32
   85 DQRK           1 159  28  82 116  84    0.01    0.05    0.3    0.4    0.32
   86 SBAR          -3 159  10  87 114  81    0.03   -0.01   15.8   15.8    0.50
   87 SQRK           3 159  10  88 117  86    0.07   -0.02    8.0    8.0    0.50
   88 UBAR          -2 159  10  89 117  87    0.01   -0.00   30.4   30.4    0.32
   89 UQRK           2 159  10  54 118  88    0.06   -0.02    4.0    4.0    0.32

                             ---CLUSTER FORMATION---  

 IHEP    ID      IDPDG IST MO1 MO2 DA1 DA2   P-X     P-Y     P-Z  ENERGY    MASS
   90 CLUS          91 183  33  58 119 120    1.64   -0.49   14.0   14.4    2.81
   91 CLUS          91 183  35  60 121 122    0.66   -0.24 1147.3 1147.3    1.69
   92 CLUS          91 183  38  62 123 124    1.54   -0.07  -35.9   35.9    0.97
   93 CLUS          91 183  40  41 125 126   -1.21   -2.20-5181.1 5181.1    1.52
   94 CLUS          91 183  42  43 127 128   33.96  -19.70 -264.8  267.7    2.03
   95 CLUS          91 183  44  64 129 130    6.75   -4.14  -52.0   52.6    1.10
   96 CLUS          91 183  45  68 131 132 -153.87  159.74  -21.0  222.8    2.12
   97 CLUS          91 183  47  70 133 134   -1.74    2.24   -0.4    3.1    1.30
   98 CLUS          91 184  49  34 135 136    0.00   -0.00 1484.7 1484.7    1.10
   99 CLUS          91 185  51  39 137 138    0.08   -0.00 -502.7  502.7    1.60
  100 CLUS          91 183  53  74 139 140    0.13   -0.04  131.0  131.1    2.77
  101 CLUS          91 183  55  78 141 142    0.54   -0.16    8.9    9.1    1.39
  102 CLUS          91 183  57  80 143 144    0.19   -0.06   36.0   36.1    1.79
  103 CLUS          91 183  59  56 145 146    0.61   -0.18   18.4   18.5    2.19
  104 CLUS          91 183  61  36 147 148   -0.48   -1.27 1676.3 1676.3    3.26
  105 CLUS          91 183  63  50 149 150    0.33   -0.02 -127.1  127.1    1.54
  106 CLUS          91 183  65  37 151 152    2.68   -0.81  -32.0   32.2    1.33
  107 CLUS          91 183  67  46 153 154  -15.07   16.05   -2.3   22.2    1.54
  108 CLUS          91 183  69  66 155 156  -14.60   15.29   -2.1   21.3    0.88
  109 CLUS          91 183  71  84 157 158   -0.36    0.63    0.6    1.8    1.52
  110 CLUS          91 183  73  48 159 160    0.01   -0.00  750.3  750.3    2.14
  111 CLUS          91 183  75  72 161 162    0.03   -0.01  253.3  253.3    1.92
  112 CLUS          91 183  77  52 163 164    0.08   -0.03  292.0  292.0    3.38
  113 CLUS          91 183  79  76 165 166    0.02   -0.01  220.8  220.8    1.35
  114 CLUS          91 183  81  86 167 168    0.15   -0.04   18.0   18.1    1.10
  115 CLUS          91 183  83  32 169 170    2.40   -1.03    8.7    9.2    1.09
  116 CLUS          91 183  85  82 171 172    1.41   -0.56    5.3    5.7    1.40
  117 CLUS          91 183  87  88 173 174    0.08   -0.02   38.4   38.4    1.16
  118 CLUS          91 183  89  54 175 176    0.06   -0.02  172.8  172.8    2.17

                              ---CLUSTER DECAYS---    

 IHEP    ID      IDPDG IST MO1 MO2 DA1 DA2   P-X     P-Y     P-Z  ENERGY    MASS
  119 DELTA0      2114 197  90  10 250 251    1.08   -0.32    5.4    5.7    1.23
  120 SGMA*BR+   -3114 197  90  10 252 253    0.57   -0.17    8.6    8.7    1.39
  121 PI+          211   1  91  10   0   0    0.77    0.10  684.6  684.6    0.14
  122 K*0          313 197  91  10 254 255   -0.11   -0.34  462.6  462.6    0.90
  123 PI-         -211   1  92  17   0   0    0.75   -0.37  -16.7   16.7    0.14
  124 K+           321   1  92  17   0   0    0.79    0.30  -19.2   19.3    0.49
  125 PI0          111   1  93  17   0   0   -0.52   -0.58-2397.4 2397.4    0.13
  126 K*+          323 197  93  17 256 257   -0.69   -1.62-2783.7 2783.7    0.89
  127 D+           411 197  94  24 258 260   32.08  -18.64 -250.8  253.5    1.87
  128 PI0          111   1  94  24   0   0    1.87   -1.06  -14.0   14.2    0.13
  129 PI-         -211   1  95  24   0   0    6.69   -4.04  -50.9   51.5    0.14
  130 PI0          111   1  95  24   0   0    0.06   -0.10   -1.1    1.1    0.13
  131 K*BAR0      -313 197  96  28 261 262 -128.03  132.87  -17.5  185.3    0.90
  132 RHO-        -213 197  96  28 263 264  -25.83   26.87   -3.6   37.5    0.77
  133 PI0          111   1  97  28   0   0   -0.26    0.55   -0.4    0.7    0.13
  134 K*0          313 197  97  28 265 266   -1.48    1.69   -0.0    2.4    0.90
  135 PI-         -211   1  98  10   0   0    0.01   -0.07  213.5  213.5    0.14
  136 P           2212   1  98  10   0   0   -0.00    0.07 1271.2 1271.2    0.94
  137 PI+          211   1  99  17   0   0    0.20    0.43 -104.7  104.7    0.14
  138 N           2112   1  99  17   0   0   -0.12   -0.43 -398.0  398.0    0.94
  139 SIGMA*+     3224 197 100  10 267 268   -0.25   -0.25   80.0   80.0    1.38
  140 DLTABR--   -2224 197 100  10 269 270    0.38    0.21   51.1   51.1    1.23
  141 K0           311 197 101  10 271 271    0.15    0.30    5.7    5.8    0.50
  142 K-          -321   1 101  10   0   0    0.39   -0.46    3.2    3.3    0.49
  143 PI-         -211   1 102  10   0   0   -0.67    0.28   22.8   22.8    0.14
  144 PI+          211   1 102  10   0   0    0.86   -0.34   13.2   13.2    0.14
  145 KH_1BAR0  -20313 197 103  10 272 273    0.40   -0.40   16.4   16.5    1.85
  146 PI0          111   1 103  10   0   0    0.21    0.22    2.0    2.0    0.13
  147 KBAR0       -311 197 104  10 274 274    0.60    0.03  608.7  608.7    0.50
  148 D*-         -413 197 104  10 275 276   -1.08   -1.31 1067.5 1067.6    2.01
  149 ETA          221 197 105  17 277 279   -0.04    0.10  -62.9   62.9    0.55
  150 K*-         -323 197 105  17 280 281    0.36   -0.12  -64.3   64.3    0.89
  151 PI0          111   1 106  24   0   0   -0.00    0.10   -1.4    1.4    0.13
  152 RHO+         213 197 106  24 282 283    2.68   -0.91  -30.6   30.7    0.77
  153 PI+          211   1 107  28   0   0   -1.47    1.12   -0.3    1.9    0.14
  154 RHO0         113 197 107  28 284 285  -13.60   14.93   -1.9   20.3    0.77
  155 PI+          211   1 108  28   0   0  -13.06   13.93   -1.7   19.2    0.14
  156 PI-         -211   1 108  28   0   0   -1.54    1.36   -0.3    2.1    0.14
  157 K-          -321   1 109  28   0   0    0.31    0.54   -0.1    0.8    0.49
  158 PI+          211   1 109  28   0   0   -0.66    0.09    0.7    1.0    0.14
  159 N           2112   1 110  10   0   0    0.10    0.35  503.3  503.3    0.94
  160 NBAR       -2112   1 110  10   0   0   -0.09   -0.35  247.0  247.0    0.94
  161 PI0          111   1 111  10   0   0   -0.30    0.02  117.3  117.3    0.13
  162 A_2+         215 197 111  10 286 287    0.33   -0.03  136.0  136.0    1.32
  163 F_2          225 197 112  10 288 289    0.24    0.41   79.8   79.8    1.27
  164 KD_30        317 197 112  10 290 291   -0.15   -0.44  212.2  212.2    1.77
  165 ETA          221 197 113  10 292 294    0.13   -0.03   86.9   86.9    0.55
  166 RHO+         213 197 113  10 295 296   -0.12    0.03  133.9  133.9    0.77
  167 PI0          111   1 114  10   0   0    0.03    0.23    1.5    1.5    0.13
  168 K0           311 197 114  10 297 297    0.11   -0.27   16.6   16.6    0.50
  169 RHO0         113 197 115  28 298 299    1.23   -0.52    4.5    4.8    0.77
  170 PI-         -211   1 115  28   0   0    1.17   -0.51    4.2    4.4    0.14
  171 PI-         -211   1 116  28   0   0    0.15   -0.01    0.8    0.8    0.14
  172 B_1+       10213 197 116  28 300 301    1.25   -0.54    4.5    4.9    1.23
  173 K*BAR0      -313 197 117  10 302 303   -0.04    0.13   27.2   27.2    0.90
  174 PI-         -211   1 117  10   0   0    0.12   -0.15   11.2   11.2    0.14
  175 HL_10      10223 197 118  10 304 305   -0.13   -0.25   70.5   70.5    1.17
  176 RHO+         213 197 118  10 306 307    0.19    0.23  102.3  102.3    0.77

                            ---H/W/Z BOSON DECAYS---  

 IHEP    ID      IDPDG IST MO1 MO2 DA1 DA2   P-X     P-Y     P-Z  ENERGY    MASS
  177 BQRK           5 123  23 178 179 178   77.60 -123.64  -92.8  173.0    4.95
  178 BBAR          -5 124  23 177 181 177   56.39  -39.22   37.3   78.3    4.95

                              ---PARTON SHOWERS---    

 IHEP    ID      IDPDG IST MO1 MO2 DA1 DA2   P-X     P-Y     P-Z  ENERGY    MASS
  179 BQRK          94 143 177  23 180 180   70.30 -111.99  -84.0  156.7    4.95
  180 BQRK           5   2 179 183 185 184   70.30 -111.99  -84.0  156.7    4.95
  181 BBAR          94 144 178  23 183 184   63.69  -50.87   28.5   94.6   38.64
  182 CONE           0 100 178 177   0   0    0.09   -0.51   -0.9    1.0    0.00
  183 GLUON         21   2 181 184 186 187    8.68   -3.19   -8.7   12.7    0.75
  184 BBAR          -5   2 181 185 188 187   55.01  -47.67   37.2   81.9    4.95

                              ---GLUON SPLITTING---   

 IHEP    ID      IDPDG IST MO1 MO2 DA1 DA2   P-X     P-Y     P-Z  ENERGY    MASS
  185 BQRK           5 158 179 193 211 188   60.54  -96.32  -72.3  134.9    4.95
  186 UBAR          -2 158 181 187 213 190    1.49   -0.53   -1.5    2.2    0.32
  187 UQRK           2 158 181 197 212 186    1.62   -0.65   -1.6    2.4    0.32
  188 BBAR          -5 158 181 185 223 210   31.41  -27.14   21.0   46.8    4.95
  189 UBAR          -2 159 181 190 214 192    1.25   -0.48   -1.3    1.9    0.32
  190 UQRK           2 159 179 186 213 189    2.16   -3.40   -2.6    4.8    0.32
  191 SBAR          -3 159 181 192 215 194    1.60   -2.35   -1.9    3.4    0.50
  192 SQRK           3 159 179 189 214 191    3.72   -5.87   -4.4    8.3    0.50
  193 DBAR          -1 159 181 194 211 185    1.02   -1.50   -1.2    2.2    0.32
  194 DQRK           1 159 179 191 215 193    1.62   -2.52   -1.9    3.6    0.32
  195 DBAR          -1 159 181 196 217 198    3.92   -3.39    2.7    5.8    0.32
  196 DQRK           1 159 181 201 216 195    1.13   -0.46   -1.1    1.7    0.32
  197 DBAR          -1 159 181 198 212 187    0.38   -0.22   -0.1    0.6    0.32
  198 DQRK           1 159 181 195 217 197    0.76   -0.32   -0.7    1.1    0.32
  199 UBAR          -2 159 181 200 222 208    5.44   -4.72    3.7    8.1    0.32
  200 UQRK           2 159 181 205 218 199    0.62   -0.28   -0.5    0.9    0.32
  201 UBAR          -2 159 181 202 216 196    0.49   -0.23   -0.4    0.7    0.32
  202 UQRK           2 159 181 207 219 201    0.46   -0.22   -0.3    0.7    0.32
  203 UBAR          -2 159 181 204 221 206    5.48   -4.75    3.7    8.2    0.32
  204 UQRK           2 159 181 209 220 203    0.42   -0.32    0.1    0.6    0.32
  205 UBAR          -2 159 181 206 218 200    1.85   -1.60    1.2    2.8    0.32
  206 UQRK           2 159 181 203 221 205    1.07   -0.92    0.7    1.6    0.32
  207 DBAR          -1 159 181 208 219 202    1.93   -1.67    1.3    2.9    0.32
  208 DQRK           1 159 181 199 222 207    0.37   -0.25   -0.0    0.6    0.32
  209 DBAR          -1 159 181 210 220 204    2.85   -2.47    1.9    4.2    0.32
  210 DQRK           1 159 181 188 223 209    0.39   -0.27    0.0    0.6    0.32

                             ---CLUSTER FORMATION---  

 IHEP    ID      IDPDG IST MO1 MO2 DA1 DA2   P-X     P-Y     P-Z  ENERGY    MASS
  211 CLUS          91 183 185 193 224 225   61.55  -97.81  -73.5  137.1    5.63
  212 CLUS          91 183 187 197 226 227    2.00   -0.87   -1.7    2.9    0.95
  213 CLUS          91 183 190 186 228 229    3.65   -3.93   -4.1    7.0    1.88
  214 CLUS          91 183 192 189 230 231    4.97   -6.35   -5.7   10.1    2.25
  215 CLUS          91 183 194 191 232 233    3.22   -4.87   -3.8    7.0    0.85
  216 CLUS          91 183 196 201 234 235    1.62   -0.70   -1.4    2.4    0.72
  217 CLUS          91 183 198 195 236 237    4.67   -3.72    2.0    6.9    2.94
  218 CLUS          91 183 200 205 238 239    2.48   -1.88    0.7    3.7    1.84
  219 CLUS          91 183 202 207 240 241    2.39   -1.89    1.0    3.6    1.53
  220 CLUS          91 183 204 209 242 243    3.27   -2.79    2.0    4.9    1.06
  221 CLUS          91 183 206 203 244 245    6.55   -5.67    4.4    9.8    0.87
  222 CLUS          91 183 208 199 246 247    5.82   -4.97    3.7    8.7    1.65
  223 CLUS          91 183 210 188 248 249   31.79  -27.41   21.0   47.3    6.10

                              ---CLUSTER DECAYS---    

 IHEP    ID      IDPDG IST MO1 MO2 DA1 DA2   P-X     P-Y     P-Z  ENERGY    MASS
  224 B_DBAR0     -511 200 211 179 308 308   61.20  -97.31  -73.1  136.3    5.28
  225 PI0          111   1 211 179   0   0    0.36   -0.50   -0.4    0.8    0.13
  226 PI+          211   1 212 181   0   0    0.40   -0.26   -0.3    0.6    0.14
  227 RHO0         113 197 212 181 309 310    1.60   -0.61   -1.4    2.4    0.77
  228 PI+          211   1 213 179   0   0    0.77   -0.23   -0.8    1.2    0.14
  229 B_1-      -10213 197 213 179 311 312    2.87   -3.70   -3.3    5.8    1.23
  230 K*BAR0      -313 197 214 179 313 314    2.33   -2.38   -3.1    4.7    0.90
  231 RHO-        -213 197 214 179 315 316    2.64   -3.96   -2.6    5.5    0.77
  232 PI0          111   1 215 179   0   0    1.14   -1.29   -1.2    2.1    0.13
  233 K0           311 197 215 179 317 317    2.09   -3.58   -2.6    4.9    0.50
  234 PI-         -211   1 216 181   0   0    0.40   -0.40   -0.7    0.9    0.14
  235 PI0          111   1 216 181   0   0    1.23   -0.30   -0.7    1.4    0.13
  236 XI-         3312 197 217 181 318 319    1.64   -1.40    1.3    2.8    1.32
  237 XIBAR+     -3312 197 217 181 320 321    3.03   -2.32    0.7    4.1    1.32
  238 PI+          211   1 218 181   0   0    0.72   -0.04    0.0    0.7    0.14
  239 A_2-        -215 197 218 181 322 323    1.75   -1.84    0.7    2.9    1.32
  240 PI0          111   1 219 181   0   0    1.41   -1.27    1.0    2.2    0.13
  241 RHO+         213 197 219 181 324 325    0.98   -0.63   -0.0    1.4    0.77
  242 RHO+         213 197 220 181 326 327    2.01   -1.86    1.5    3.2    0.77
  243 PI0          111   1 220 181   0   0    1.26   -0.92    0.6    1.7    0.13
  244 PI+          211   1 221 181   0   0    5.33   -4.53    3.9    8.0    0.14
  245 PI-         -211   1 221 181   0   0    1.22   -1.14    0.5    1.8    0.14
  246 RHO-        -213 197 222 181 328 329    3.53   -2.71    2.0    4.9    0.77
  247 RHO0         113 197 222 181 330 331    2.29   -2.27    1.7    3.7    0.77
  248 K0           311 197 223 181 332 332    1.21   -1.02    0.7    1.8    0.50
  249 B*_S0        533 197 223 181 333 334   30.58  -26.39   20.3   45.5    5.42

                           ---STRONG HADRON DECAYS--- 

 IHEP    ID      IDPDG IST MO1 MO2 DA1 DA2   P-X     P-Y     P-Z  ENERGY    MASS
  250 N           2112   1 119  10   0   0    1.07   -0.13    4.5    4.8    0.94
  251 PI0          111   1 119  10   0   0    0.01   -0.19    0.9    0.9    0.13
  252 LAMBDABR   -3122 198 120  10 335 336    0.62   -0.23    8.1    8.2    1.12
  253 PI+          211   1 120  10   0   0   -0.06    0.06    0.5    0.5    0.14
  254 K+           321   1 122  10   0   0   -0.07   -0.46  253.0  253.0    0.49
  255 PI-         -211   1 122  10   0   0   -0.04    0.13  209.7  209.7    0.14
  256 K0           311 198 126  17 337 337   -0.16   -1.10-1712.1 1712.1    0.50
  257 PI+          211   1 126  17   0   0   -0.53   -0.52-1071.6 1071.6    0.14
  258 NU_MU         14   1 127  24   0   0    4.86   -2.27  -35.9   36.3    0.00
  259 MU+          -13   1 127  24   0   0    7.79   -4.84  -63.1   63.8    0.11
  260 K*BAR0      -313 198 127  24 338 339   19.43  -11.53 -151.8  153.5    0.90
  261 K-          -321   1 131  28   0   0  -57.84   60.36   -7.9   84.0    0.49
  262 PI+          211   1 131  28   0   0  -70.19   72.51   -9.6  101.4    0.14
  263 PI-         -211   1 132  28   0   0   -6.39    6.24   -0.8    9.0    0.14
  264 PI0          111   1 132  28   0   0  -19.44   20.63   -2.8   28.5    0.13
  265 K+           321   1 134  28   0   0   -1.47    1.46    0.0    2.1    0.49
  266 PI-         -211   1 134  28   0   0   -0.00    0.22   -0.1    0.3    0.14
  267 LAMBDA      3122 198 139  10 340 341   -0.13   -0.02   58.8   58.8    1.12
  268 PI+          211   1 139  10   0   0   -0.12   -0.23   21.2   21.2    0.14
  269 PBAR       -2212   1 140  10   0   0    0.20    0.35   36.3   36.3    0.94
  270 PI-         -211   1 140  10   0   0    0.18   -0.14   14.7   14.7    0.14
  271 K_S0         310 198 141  10 342 343    0.15    0.30    5.7    5.8    0.50
  272 K*BAR0      -313 198 145  10 344 345   -0.43   -0.46    9.4    9.5    0.90
  273 PI0          111   1 145  10   0   0    0.83    0.06    7.0    7.0    0.13
  274 K_L0         130   1 147  10   0   0    0.60    0.03  608.7  608.7    0.50
  275 DBAR0       -421 198 148  10 346 348   -1.04   -1.22 1002.5 1002.5    1.86
  276 PI-         -211   1 148  10   0   0   -0.03   -0.08   65.1   65.1    0.14
  277 PI0          111   1 149  17   0   0   -0.07    0.13  -18.7   18.7    0.13
  278 PI0          111   1 149  17   0   0    0.01   -0.07  -35.0   35.0    0.13
  279 PI0          111   1 149  17   0   0    0.02    0.04   -9.1    9.1    0.13
  280 KBAR0       -311 198 150  17 349 349   -0.05    0.01  -27.3   27.3    0.50
  281 PI-         -211   1 150  17   0   0    0.41   -0.12  -37.0   37.0    0.14
  282 PI+          211   1 152  24   0   0    1.38   -0.82  -18.3   18.4    0.14
  283 PI0          111   1 152  24   0   0    1.29   -0.09  -12.3   12.4    0.13
  284 PI+          211   1 154  28   0   0  -10.65   11.35   -1.7   15.7    0.14
  285 PI-         -211   1 154  28   0   0   -2.95    3.58   -0.3    4.6    0.14
  286 RHO0         113 198 162  10 350 351   -0.06    0.30   82.2   82.2    0.77
  287 PI+          211   1 162  10   0   0    0.39   -0.33   53.8   53.8    0.14
  288 PI0          111   1 163  10   0   0    0.50   -0.26   45.9   45.9    0.13
  289 PI0          111   1 163  10   0   0   -0.26    0.68   33.9   33.9    0.13
  290 K0           311 198 164  10 352 352    0.49   -0.47   64.1   64.1    0.50
  291 ETA          221 198 164  10 353 355   -0.64    0.03  148.2  148.2    0.55
  292 PI0          111   1 165  10   0   0    0.08    0.02   16.2   16.2    0.13
  293 PI0          111   1 165  10   0   0    0.12    0.07   41.8   41.8    0.13
  294 PI0          111   1 165  10   0   0   -0.06   -0.12   29.0   29.0    0.13
  295 PI+          211   1 166  10   0   0    0.01   -0.02    4.7    4.7    0.14
  296 PI0          111   1 166  10   0   0   -0.12    0.05  129.2  129.2    0.13
  297 K_S0         310 198 168  10 356 357    0.11   -0.27   16.6   16.6    0.50
  298 PI+          211   1 169  28   0   0    1.03   -0.39    4.2    4.4    0.14
  299 PI-         -211   1 169  28   0   0    0.20   -0.13    0.3    0.4    0.14
  300 OMEGA        223 198 172  28 358 359    0.67   -0.65    2.7    3.0    0.78
  301 PI+          211   1 172  28   0   0    0.58    0.10    1.8    1.9    0.14
  302 KBAR0       -311 198 173  10 360 360   -0.22    0.05   24.1   24.1    0.50
  303 PI0          111   1 173  10   0   0    0.18    0.07    3.1    3.1    0.13
  304 RHO0         113 198 175  10 361 362   -0.32   -0.39   56.8   56.8    0.77
  305 PI0          111   1 175  10   0   0    0.19    0.15   13.7   13.7    0.13
  306 PI+          211   1 176  10   0   0    0.21    0.29   98.1   98.1    0.14
  307 PI0          111   1 176  10   0   0   -0.02   -0.06    4.3    4.3    0.13
  308 B_DBAR0     -511 199 224 179 392 393   61.20  -97.31  -73.1  136.3    5.28
  309 PI+          211   1 227 181   0   0    0.57    0.08   -0.3    0.6    0.14
  310 PI-         -211   1 227 181   0   0    1.02   -0.69   -1.2    1.7    0.14
  311 OMEGA        223 198 229 179 363 364    2.12   -2.91   -2.1    4.2    0.78
  312 PI-         -211   1 229 179   0   0    0.76   -0.79   -1.2    1.6    0.14
  313 KBAR0       -311 198 230 179 365 365    1.43   -1.83   -2.0    3.1    0.50
  314 PI0          111   1 230 179   0   0    0.90   -0.55   -1.1    1.6    0.13
  315 PI-         -211   1 231 179   0   0    2.52   -3.78   -2.5    5.2    0.14
  316 PI0          111   1 231 179   0   0    0.12   -0.18   -0.0    0.3    0.13
  317 K_S0         310 198 233 179 366 367    2.09   -3.58   -2.6    4.9    0.50
  318 LAMBDA      3122 198 236 181 368 369    1.43   -1.36    1.2    2.6    1.12
  319 PI-         -211   1 236 181   0   0    0.20   -0.04    0.1    0.3    0.14
  320 LAMBDABR   -3122 198 237 181 370 371    2.83   -2.25    0.6    3.8    1.12
  321 PI+          211   1 237 181   0   0    0.20   -0.07    0.1    0.3    0.14
  322 ETA          221 198 239 181 372 374    0.14   -0.35    0.1    0.7    0.55
  323 PI-         -211   1 239 181   0   0    1.61   -1.49    0.5    2.3    0.14
  324 PI+          211   1 241 181   0   0   -0.04   -0.22    0.1    0.3    0.14
  325 PI0          111   1 241 181   0   0    1.02   -0.41   -0.1    1.1    0.13
  326 PI+          211   1 242 181   0   0    0.05   -0.29    0.2    0.4    0.14
  327 PI0          111   1 242 181   0   0    1.96   -1.58    1.2    2.8    0.13
  328 PI-         -211   1 246 181   0   0    2.38   -2.19    1.6    3.6    0.14
  329 PI0          111   1 246 181   0   0    1.15   -0.52    0.4    1.3    0.13
  330 PI+          211   1 247 181   0   0    1.52   -1.48    1.5    2.6    0.14
  331 PI-         -211   1 247 181   0   0    0.77   -0.79    0.2    1.1    0.14
  332 K_L0         130   1 248 181   0   0    1.21   -1.02    0.7    1.8    0.50
  333 B_S0         531 200 249 181 375 375   30.18  -26.00   20.0   44.9    5.37
  334 GAMMA         22   1 249 181   0   0    0.40   -0.39    0.3    0.6    0.00
  335 PBAR       -2212   1 252  10   0   0    0.48   -0.28    6.6    6.6    0.94
  336 PI+          211   1 252  10   0   0    0.14    0.05    1.6    1.6    0.14
  337 K_S0         310 198 256  17 378 379   -0.16   -1.10-1712.1 1712.1    0.50
  338 K-          -321   1 260  24   0   0   10.33   -6.43  -82.4   83.3    0.49
  339 PI+          211   1 260  24   0   0    9.10   -5.10  -69.4   70.2    0.14
  340 N           2112   1 267  10   0   0   -0.08    0.02   54.4   54.4    0.94
  341 PI0          111   1 267  10   0   0   -0.05   -0.04    4.4    4.4    0.13
  342 PI+          211   1 271  10   0   0    0.02    0.32    4.8    4.8    0.14
  343 PI-         -211   1 271  10   0   0    0.13   -0.01    1.0    1.0    0.14
  344 K-          -321   1 272  10   0   0   -0.10    0.01    4.4    4.4    0.49
  345 PI+          211   1 272  10   0   0   -0.33   -0.47    5.1    5.1    0.14
  346 NU_MUBAR     -14   1 275  10   0   0   -0.25    0.04   55.5   55.5    0.00
  347 MU-           13   1 275  10   0   0    0.09    0.02   13.8   13.8    0.11
  348 K*+          323 198 275  10 380 381   -0.88   -1.28  933.2  933.2    0.89
  349 K_L0         130   1 280  17   0   0   -0.05    0.01  -27.3   27.3    0.50
  350 PI+          211   1 286  10   0   0    0.22    0.10   12.1   12.1    0.14
  351 PI-         -211   1 286  10   0   0   -0.28    0.20   70.1   70.1    0.14
  352 K_L0         130   1 290  10   0   0    0.49   -0.47   64.1   64.1    0.50
  353 PI0          111   1 291  10   0   0   -0.47   -0.07   76.9   76.9    0.13
  354 PI0          111   1 291  10   0   0   -0.13    0.05   41.4   41.4    0.13
  355 PI0          111   1 291  10   0   0   -0.04    0.05   29.8   29.8    0.13
  356 PI+          211   1 297  10   0   0   -0.13   -0.18    5.7    5.7    0.14
  357 PI-         -211   1 297  10   0   0    0.24   -0.09   10.9   10.9    0.14
  358 PI+          211   1 300  28   0   0   -0.11   -0.27    0.5    0.6    0.14
  359 PI-         -211   1 300  28   0   0    0.78   -0.38    2.2    2.4    0.14
  360 K_L0         130   1 302  10   0   0   -0.22    0.05   24.1   24.1    0.50
  361 PI+          211   1 304  10   0   0    0.11    0.13   10.1   10.1    0.14
  362 PI-         -211   1 304  10   0   0   -0.43   -0.52   46.7   46.7    0.14
  363 PI+          211   1 311 179   0   0    1.14   -1.22   -0.6    1.8    0.14
  364 PI-         -211   1 311 179   0   0    0.98   -1.69   -1.5    2.5    0.14
  365 K_L0         130   1 313 179   0   0    1.43   -1.83   -2.0    3.1    0.50
  366 PI+          211   1 317 179   0   0    0.87   -1.25   -0.8    1.7    0.14
  367 PI-         -211   1 317 179   0   0    1.22   -2.33   -1.8    3.2    0.14
  368 P           2212   1 318 181   0   0    1.29   -1.21    1.2    2.3    0.94
  369 PI-         -211   1 318 181   0   0    0.15   -0.15    0.0    0.3    0.14
  370 PBAR       -2212   1 320 181   0   0    2.64   -2.05    0.5    3.5    0.94
  371 PI+          211   1 320 181   0   0    0.20   -0.20    0.1    0.3    0.14
  372 PI0          111   1 322 181   0   0    0.04   -0.19    0.1    0.3    0.13
  373 PI0          111   1 322 181   0   0   -0.01   -0.12   -0.1    0.2    0.13
  374 PI0          111   1 322 181   0   0    0.11   -0.03    0.1    0.2    0.13
  375 B_S0         531 198 333 181 376 377   30.18  -26.00   20.0   44.9    5.37
  376 D_S-        -431 198 375 181 382 385    7.33   -6.81    6.7   12.2    1.97
  377 A_1+       20213 198 375 181 386 387   22.85  -19.19   13.3   32.7    1.23
  378 PI+          211   1 337  17   0   0    0.07   -0.11 -280.2  280.2    0.14
  379 PI-         -211   1 337  17   0   0   -0.23   -0.99-1431.9 1431.9    0.14
  380 K0           311 198 348  10 388 388   -0.71   -1.15  870.0  870.0    0.50
  381 PI+          211   1 348  10   0   0   -0.18   -0.13   63.2   63.2    0.14
  382 K-          -321   1 376 181   0   0    2.52   -2.07    1.9    3.8    0.49
  383 K0           311 198 376 181 389 389    2.37   -2.07    2.0    3.8    0.50
  384 PI+          211   1 376 181   0   0    1.58   -2.15    1.9    3.3    0.14
  385 PI-         -211   1 376 181   0   0    0.86   -0.52    0.9    1.3    0.14
  386 RHO0         113 198 377 181 390 391    9.30   -7.90    5.5   13.4    0.77
  387 PI+          211   1 377 181   0   0   13.54  -11.29    7.8   19.3    0.14
  388 K_L0         130   1 380  10   0   0   -0.71   -1.15  870.0  870.0    0.50
  389 K_L0         130   1 383 181   0   0    2.37   -2.07    2.0    3.8    0.50
  390 PI+          211   1 386 181   0   0    1.06   -1.07    0.9    1.7    0.14
  391 PI-         -211   1 386 181   0   0    8.25   -6.84    4.6   11.7    0.14

                           ---HEAVY PARTICLE DECAYS---

 IHEP    ID      IDPDG IST MO1 MO2 DA1 DA2   P-X     P-Y     P-Z  ENERGY    MASS
  392 BQRK           5 155 308 393 394 396   57.49  -91.41  -68.7  128.1    4.96
  393 DBAR          -1 125 308 396 397 396    3.71   -5.90   -4.4    8.3    0.32
  394 DQRK           1 123 392 395 398 395    4.14   -5.43   -3.9    7.9    0.32
  395 UBAR          -2 124 392 394 400 394   10.56  -15.59  -10.9   21.8    0.32
  396 CQRK           4 124 392 392 402 392   42.79  -70.40  -53.9   98.4    1.55
  397 DBAR          -1 160 393 406 408 406    3.71   -5.90   -4.4    8.3    0.32

                              ---PARTON SHOWERS---    

 IHEP    ID      IDPDG IST MO1 MO2 DA1 DA2   P-X     P-Y     P-Z  ENERGY    MASS
  398 DQRK          94 143 394 392 399 399    4.14   -5.43   -3.9    7.9    0.32
  399 DQRK           1   2 398 401 404 401    4.14   -5.43   -3.9    7.9    0.32
  400 UBAR          94 144 395 392 401 401   10.56  -15.59  -10.9   21.8    0.32
  401 UBAR          -2   2 400 404 405 404   10.56  -15.59  -10.9   21.8    0.32
  402 CQRK          94 144 396 392 403 403   42.79  -70.40  -53.9   98.4    1.55
  403 CQRK           4   2 402 397 406 397   42.79  -70.40  -53.9   98.4    1.55

                              ---GLUON SPLITTING---   

 IHEP    ID      IDPDG IST MO1 MO2 DA1 DA2   P-X     P-Y     P-Z  ENERGY    MASS
  404 DQRK           1 158 398 405 407 405    4.14   -5.43   -3.9    7.9    0.32
  405 UBAR          -2 158 400 404 407 404   10.56  -15.59  -10.9   21.8    0.32
  406 CQRK           4 158 402 397 408 397   42.79  -70.40  -53.9   98.4    1.55

                             ---CLUSTER FORMATION---  

 IHEP    ID      IDPDG IST MO1 MO2 DA1 DA2   P-X     P-Y     P-Z  ENERGY    MASS
  407 CLUS          91 183 404 405 409 410   14.69  -21.02  -14.8   29.6    0.96
  408 CLUS          91 183 406 397 411 412   46.50  -76.30  -58.3  106.7    2.05

                              ---CLUSTER DECAYS---    

 IHEP    ID      IDPDG IST MO1 MO2 DA1 DA2   P-X     P-Y     P-Z  ENERGY    MASS
  409 PI-         -211   1 407 398   0   0    2.41   -3.02   -2.2    4.5    0.14
  410 ETA          221 197 407 398 413 414   12.29  -17.99  -12.6   25.2    0.55
  411 D+           411 197 408 402 415 417   44.78  -73.54  -56.2  102.8    1.87
  412 PI0          111   1 408 402   0   0    1.72   -2.76   -2.1    3.9    0.13

                           ---STRONG HADRON DECAYS--- 

 IHEP    ID      IDPDG IST MO1 MO2 DA1 DA2   P-X     P-Y     P-Z  ENERGY    MASS
  413 GAMMA         22   1 410 398   0   0    4.11   -5.58   -4.1    8.1    0.00
  414 GAMMA         22   1 410 398   0   0    8.18  -12.41   -8.5   17.1    0.00
  415 K*-         -323 198 411 402 418 419   25.85  -41.65  -32.1   58.6    0.89
  416 PI+          211   1 411 402   0   0   16.64  -28.04  -20.9   38.7    0.14
  417 PI+          211   1 411 402   0   0    2.29   -3.85   -3.2    5.5    0.14
  418 KBAR0       -311 198 415 402 420 420   13.98  -22.24  -17.5   31.6    0.50
  419 PI-         -211   1 415 402   0   0   11.87  -19.42  -14.7   27.1    0.14
  420 K_L0         130   1 418 402   0   0   13.98  -22.24  -17.5   31.6    0.50

 HWWARN CALLED FROM SUBPROGRAM HWSBRN: CODE = 105
 EVENT    1404:   SEEDS = 2094459178 &  312684229  WEIGHT = 0.5936E-03
 EVENT KILLED.   EXECUTION CONTINUES

 HWWARN CALLED FROM SUBPROGRAM HWBTIM: CODE = 101
 EVENT    1733:   SEEDS = 1237965464 &  231915400  WEIGHT =-0.5936E-03
 EVENT KILLED.   EXECUTION CONTINUES

 HWWARN CALLED FROM SUBPROGRAM HWBGEN: CODE = 100
 EVENT    5373:   SEEDS =   20496085 & 1488195539  WEIGHT = 0.5936E-03
 EVENT KILLED.   EXECUTION CONTINUES

 HWWARN CALLED FROM SUBPROGRAM HWDFIV: CODE = 101
 EVENT    5724:   SEEDS = 1402668719 & 1772957450  WEIGHT =-0.5936E-03
 EVENT KILLED.   EXECUTION CONTINUES

 HWWARN CALLED FROM SUBPROGRAM HWBTIM: CODE = 101
 EVENT    6327:   SEEDS = 2012372427 &   98380948  WEIGHT =-0.5936E-03
 EVENT KILLED.   EXECUTION CONTINUES

          OUTPUT ON LES HOUCHES EVENTS


      PROC CODE  XSECT(pb)        XERR(pb)      Max wgt(nb) No. of events


          OUTPUT ON ELEMENTARY PROCESS

          N.B. NEGATIVE WEIGHTS ALLOWED

          NUMBER OF EVENTS   =        9995
          NEGATIVE  EVENTS   =        2665
          NUMBER OF WEIGHTS  =       10000
          NEGATIVE  WEIGHTS  =        2669
          MEAN VALUE OF WGT  =  2.7674E-04
          RMS SPREAD IN WGT  =  5.2516E-04
          MEAN ABS WEIGHT    =  5.9361E-04
          ACTUAL MAX ABS WGT =  1.0000E+00
          ASSUMED MAXABS WGT =  2.7674E-04

          PROCESS CODE IPROC =      -18000
          CROSS SECTION (PB) =  0.2767    
          ERROR IN C-S  (PB) =  5.2516E-03
          EFFICIENCY PERCENT =   100.0    
 # of events processed=        9995
