 A PDF is used, so alpha_s(MZ) is going to be modified
 Old value of alpha_s from param_card:   0.11799999999999999     
  ****************************************
 
       NNPDFDriver version 1.0.3
   Grid: NNPDF23_lo_as_0130_qed_mem0.grid
  ****************************************
 New value of alpha_s from PDF nn23lo1:  0.13000000000000000     
 *****************************************************
 *               MadGraph/MadEvent                   *
 *        --------------------------------           *
 *          http://madgraph.hep.uiuc.edu             *
 *          http://madgraph.phys.ucl.ac.be           *
 *          http://madgraph.roma2.infn.it            *
 *        --------------------------------           *
 *                                                   *
 *          PARAMETER AND COUPLING VALUES            *
 *                                                   *
 *****************************************************

  External Params
  ---------------------------------
  
 MU_R =    91.188000000000002     
 aEWM1 =    132.50700000000001     
 mdl_Gf =    1.1663900000000000E-005
 aS =   0.11799999999999999     
 mdl_ymb =    4.7000000000000002     
 mdl_ymt =    173.00000000000000     
 mdl_ymtau =    1.7769999999999999     
 mdl_MT =    173.00000000000000     
 mdl_MB =    4.7000000000000002     
 mdl_MZ =    91.188000000000002     
 mdl_MH =    125.00000000000000     
 mdl_MTA =    1.7769999999999999     
 mdl_WT =    1.4915000000000000     
 mdl_WZ =    2.4414039999999999     
 mdl_WW =    2.0476000000000001     
 mdl_WH =    6.3823389999999999E-003
  Internal Params
  ---------------------------------
  
 mdl_conjg__CKM3x3 =    1.0000000000000000     
 mdl_CKM22 =    1.0000000000000000     
 mdl_lhv =    1.0000000000000000     
 mdl_CKM3x3 =    1.0000000000000000     
 mdl_conjg__CKM22 =    1.0000000000000000     
 mdl_conjg__CKM33 =    1.0000000000000000     
 mdl_Ncol =    3.0000000000000000     
 mdl_CA =    3.0000000000000000     
 mdl_TF =   0.50000000000000000     
 mdl_CF =    1.3333333333333333     
 mdl_complexi =                (0.0000000000000000,1.0000000000000000)
 mdl_MZ__exp__2 =    8315.2513440000002     
 mdl_MZ__exp__4 =    69143404.913893804     
 mdl_sqrt__2 =    1.4142135623730951     
 mdl_MH__exp__2 =    15625.000000000000     
 mdl_Ncol__exp__2 =    9.0000000000000000     
 mdl_MB__exp__2 =    22.090000000000003     
 mdl_MT__exp__2 =    29929.000000000000     
 mdl_aEW =    7.5467711139788835E-003
 mdl_MW =    80.419002445756163     
 mdl_sqrt__aEW =    8.6872153846781555E-002
 mdl_ee =   0.30795376724436879     
 mdl_MW__exp__2 =    6467.2159543705357     
 mdl_sw2 =   0.22224648578577766     
 mdl_cw =   0.88190334743339216     
 mdl_sqrt__sw2 =   0.47143025548407230     
 mdl_sw =   0.47143025548407230     
 mdl_g1 =   0.34919219678733299     
 mdl_gw =   0.65323293034757990     
 mdl_v =    246.21845810181637     
 mdl_v__exp__2 =    60623.529110035903     
 mdl_lam =   0.12886910601690263     
 mdl_yb =    2.6995554250465490E-002
 mdl_yt =   0.99366614581500623     
 mdl_ytau =    1.0206617000654717E-002
 mdl_muH =    88.388347648318430     
 mdl_AxialZUp =  -0.18517701861793787     
 mdl_AxialZDown =   0.18517701861793787     
 mdl_VectorZUp =    7.5430507588273299E-002
 mdl_VectorZDown =  -0.13030376310310560     
 mdl_VectorAUp =   0.20530251149624587     
 mdl_VectorADown =  -0.10265125574812294     
 mdl_VectorWmDxU =   0.23095271737156670     
 mdl_AxialWmDxU =  -0.23095271737156670     
 mdl_VectorWpUxD =   0.23095271737156670     
 mdl_AxialWpUxD =  -0.23095271737156670     
 mdl_I1x33 =          (2.69955542504654901E-002,0.0000000000000000)
 mdl_I2x33 =               (0.99366614581500623,0.0000000000000000)
 mdl_I3x33 =               (0.99366614581500623,0.0000000000000000)
 mdl_I4x33 =          (2.69955542504654901E-002,0.0000000000000000)
 mdl_Vector_tbGp =              (-0.96667059156454072,0.0000000000000000)
 mdl_Axial_tbGp =              (-1.0206617000654716,-0.0000000000000000)
 mdl_Vector_tbGm =               (0.96667059156454072,0.0000000000000000)
 mdl_Axial_tbGm =              (-1.0206617000654716,-0.0000000000000000)
 mdl_gw__exp__2 =   0.42671326129048615     
 mdl_cw__exp__2 =   0.77775351421422245     
 mdl_ee__exp__2 =    9.4835522759998875E-002
 mdl_sw__exp__2 =   0.22224648578577769     
 mdl_yb__exp__2 =    7.2875994928982540E-004
 mdl_yt__exp__2 =   0.98737240933884918     
  Internal Params evaluated point by point
  ----------------------------------------
  
 mdl_sqrt__aS =   0.34351128074635334     
 mdl_G__exp__4 =    2.1987899468922913     
 mdl_G__exp__2 =    1.4828317324943823     
 mdl_R2MixedFactor_FIN_ =   -2.5040377713124864E-002
 mdl_G_UVg_1EPS_ =   -5.1645779033320030E-002
 mdl_G_UVq_1EPS_ =    3.1300472141406080E-003
 mdl_GWcft_UV_b_1EPS_ =   -3.1300472141406080E-003
 mdl_GWcft_UV_t_1EPS_ =   -3.1300472141406080E-003
 mdl_bWcft_UV_1EPS_ =   -1.8780283284843650E-002
 mdl_tWcft_UV_1EPS_ =   -1.8780283284843650E-002
 mdl_G__exp__3 =    1.8056676068262196     
 mdl_MU_R__exp__2 =    8315.2513440000002     
 mdl_G_UVb_FIN_ =    1.8563438626678915E-002
 mdl_G_UVt_FIN_ =   -4.0087659331150384E-003
 mdl_GWcft_UV_b_FIN_ =   -1.8563438626678915E-002
 mdl_GWcft_UV_t_FIN_ =    4.0087659331150384E-003
 mdl_bWcft_UV_FIN_ =  -0.13642100947319838     
 mdl_tWcft_UV_FIN_ =   -9.8778211443463623E-004
  Couplings of loop_sm
  ---------------------------------
  
      UV_GQQb =   0.00000E+00   0.22605E-01
      UV_GQQt =   0.00000E+00  -0.48815E-02
   UVWfct_G_2 =   0.40088E-02   0.00000E+00
   UVWfct_G_1 =  -0.18563E-01   0.00000E+00
    R2_UUZ_V2 =  -0.00000E+00  -0.72127E-02
    R2_UUZ_V5 =   0.00000E+00   0.68702E-03
      R2_sxcW =  -0.00000E+00  -0.11566E-01
      R2_GGHb =   0.00000E+00  -0.33698E-02
      R2_GGHt =   0.00000E+00  -0.45657E+01
     R2_GGZup =  -0.46369E-02   0.00000E+00
         GC_4 =  -0.12177E+01   0.00000E+00
         GC_5 =   0.00000E+00   0.12177E+01
       R2_GQQ =  -0.00000E+00  -0.30492E-01
       R2_QQq =   0.00000E+00   0.12520E-01
 UV_GQQg_1eps =   0.00000E+00  -0.62890E-01
 UV_GQQq_1eps =   0.00000E+00   0.38115E-02
 UVWfct_G_2_1eps -0.31300E-02   0.00000E+00
        GC_22 =   0.00000E+00   0.28804E+00
        GC_23 =  -0.00000E+00  -0.27437E-01
        GC_31 =   0.00000E+00   0.52532E+02
        GC_32 =   0.00000E+00   0.67544E+02
        GC_33 =  -0.00000E+00  -0.19089E-01
        GC_37 =  -0.00000E+00  -0.70263E+00
        GC_47 =   0.00000E+00   0.46191E+00

 Collider parameters:
 --------------------

 Running at P P   machine @    13000.000000000000       GeV
 PDF set = nn23lo1
 alpha_s(Mz)= 0.1300 running at 2 loops.
 alpha_s(Mz)= 0.1300 running at 2 loops.
 Renormalization scale set on event-by-event basis
 Factorization   scale set on event-by-event basis


 ===============================================================
 INFO: MadFKS read these parameters from FKS_params.dat
 ===============================================================
  > IRPoleCheckThreshold      =    1.0000000000000001E-005
  > PrecisionVirtualAtRunTime =    1.0000000000000000E-003
  > NHelForMCoverHels         =            4
  > VirtualFraction           =    1.0000000000000000     
  > MinVirtualFraction        =    5.0000000000000001E-003
 ===============================================================
  Insert the number of points to test
 Insert the relative tolerance
  A negative number will mean use the default one:    1.0000000000000001E-005
Using random seed offsets:     1 ,     10 ,      0
  with seed                26142
 Ranmar initialization seeds       13122        6503
  ========================================================================================== 
 {                                                                                          }
 {       [32m                                                                            [0m       }
 {       [32m                               ,,                                           [0m       }
 {       [32m`7MMM.     ,MMF'             `7MM  `7MMF'                                   [0m       }
 {       [32m  MMMb    dPMM                 MM    MM                                     [0m       }
 {       [32m  M YM   ,M MM   ,6"Yb.   ,M""bMM    MM         ,pW"Wq.   ,pW"Wq.`7MMpdMAo. [0m       }
 {       [32m  M  Mb  M' MM  8)   MM ,AP    MM    MM        6W'   `Wb 6W'   `Wb MM   `Wb [0m       }
 {       [32m  M  YM.P'  MM   ,pm9MM 8MI    MM    MM      , 8M     M8 8M     M8 MM    M8 [0m       }
 {       [32m  M  `YM'   MM  8M   MM `Mb    MM    MM     ,M YA.   ,A9 YA.   ,A9 MM   ,AP [0m       }
 {       [32m.JML. `'  .JMML.`Moo9^Yo.`Wbmd"MML..JMMmmmmMMM  `Ybmd9'   `Ybmd9'  MMbmmd'  [0m       }
 {       [32m                                                                   MM       [0m       }
 {       [32m                                                                 .JMML.     [0m       }
 {       [32m[0mv2.6.7 (2019-10-16), Ref: arXiv:1103.0621v2, arXiv:1405.0301[32m                [0m       }
 {       [32m                                                                            [0m       }
 {                                                                                          }
  ========================================================================================== 
 ===============================================================
 INFO: MadLoop read these parameters from ./MadLoop5_resources/MadLoopParams.dat                                                                                                                                                                                                                                                                                                                                                                                                                                                                                          
 ===============================================================
  > MLReductionLib            = 6|7|1
  > CTModeRun                 =           -1
  > MLStabThres               =    1.0000000000000000E-003
  > NRotations_DP             =            0
  > NRotations_QP             =            0
  > CTStabThres               =    1.0000000000000000E-002
  > CTLoopLibrary             =            2
  > CTModeInit                =            1
  > CheckCycle                =            3
  > MaxAttempts               =           10
  > UseLoopFilter             =  F
  > HelicityFilterLevel       =            2
  > ImprovePSPoint            =            2
  > DoubleCheckHelicityFilter =  T
  > LoopInitStartOver         =  F
  > HelInitStartOver          =  F
  > ZeroThres                 =    1.0000000000000001E-009
  > OSThres                   =    1.0000000000000000E-008
  > WriteOutFilters           =  T
  > UseQPIntegrandForNinja    =  T
  > UseQPIntegrandForCutTools =  T
  > IREGIMODE                 =            2
  > IREGIRECY                 =  T
  > COLLIERMode               =            1
  > COLLIERRequiredAccuracy   =    1.0000000000000000E-008
  > COLLIERCanOutput          =  F
  > COLLIERComputeUVpoles     =  T
  > COLLIERComputeIRpoles     =  T
  > COLLIERGlobalCache        =           -1
  > COLLIERUseCacheForPoles   =  F
  > COLLIERUseInternalStabilityTest =  T
 ===============================================================
  
------------------------------------------------------------------------
|              You are using CutTools - Version 1.9.3                  |
|              Authors: G. Ossola, C. Papadopoulos, R. Pittau          |
|              Published in JHEP 0803:042,2008                         |
|              http://www.ugr.es/~pittau/CutTools                      |
|                                                                      |
|              Compiler with  34  significant digits detetected        |
 ---------------------------------------------------------------------- 
   
########################################################################
#                                                                      #
#                      You are using OneLOop-3.6                       #
#                                                                      #
# for the evaluation of 1-loop scalar 1-, 2-, 3- and 4-point functions #

  +----------------------------------------------------------------+
  |                                                                |
  |  Ninja - version 1.2.0                                         |
  |                                                                |
  |  Author: Tiziano Peraro                                        |
  |                                                                |
  |  Based on:                                                     |
  |                                                                |
  |      P. Mastrolia, E. Mirabella and T. Peraro,                 |
  |      "Integrand reduction of one-loop scattering amplitudes    |
  |      through Laurent series expansion,"                        |
  |      JHEP 1206 (2012) 095  [arXiv:1203.0291 [hep-ph]].         |
  |                                                                |
  |      T. Peraro,                                                |
  |      "Ninja: Automated Integrand Reduction via Laurent         |
  |      Expansion for One-Loop Amplitudes,"                       |
  |      Comput.Phys.Commun. 185 (2014) [arXiv:1403.1229 [hep-ph]] |
  |                                                                |
  +----------------------------------------------------------------+


#                                                                      #
# author: Andreas van Hameren <hamerenREMOVETHIS@ifj.edu.pl>           #
#   date: 18-02-2015                                                   #
#                                                                      #
# Please cite                                                          #
#    A. van Hameren,                                                   #
#      Comput.Phys.Commun. 182 (2011) 2427-2438, arXiv:1007.4716       #
#    A. van Hameren, C.G. Papadopoulos and R. Pittau,                  #
#      JHEP 0909:106,2009, arXiv:0903.4665                             #
# in publications with results obtained with the help of this program. #
#                                                                      #
########################################################################
########################################################################
#                                                                      #
#                      You are using OneLOop-3.6                       #
#                                                                      #
# for the evaluation of 1-loop scalar 1-, 2-, 3- and 4-point functions #
#                                                                      #
# author: Andreas van Hameren <hamerenREMOVETHIS@ifj.edu.pl>           #
#   date: 18-02-2015                                                   #
#                                                                      #
# Please cite                                                          #
#    A. van Hameren,                                                   #
#      Comput.Phys.Commun. 182 (2011) 2427-2438, arXiv:1007.4716       #
#    A. van Hameren, C.G. Papadopoulos and R. Pittau,                  #
#      JHEP 0909:106,2009, arXiv:0903.4665                             #
# in publications with results obtained with the help of this program. #
#                                                                      #
########################################################################
 PASSED   1.0000000000000001E-005
 MU_R    =    325.00000000000000     
 ALPHA_S =   0.11799999999999999     
 BORN                    2.0063542435664537E-008
 SINGLE POLE (MadFKS)   -9.5984608851248059E-010
 DOUBLE POLE (MadFKS)   -2.1351943936224843E-009
 SINGLE POLE (MadLoop)  -9.5984608851247232E-010
 DOUBLE POLE (MadLoop)  -2.1351943936224847E-009
 FINITE PART (MadLoop)  -2.1297247633178744E-009
   325.00000000000000        0.0000000000000000        0.0000000000000000        325.00000000000000        0.0000000000000000     
   325.00000000000000        0.0000000000000000        0.0000000000000000       -325.00000000000000        0.0000000000000000     
   134.10510782842573        13.450751117953445       -33.882673666136675       -32.097066303178813        125.00000000000000     
   286.70247220944827       -87.856497673197055        246.98433599913204        71.854226143469191        91.188000000000002     
   229.19241996212594        74.405746555243610       -213.10166233299532       -39.757159840290377        0.0000000000000000     

 PASSED   1.0000000000000001E-005
 MU_R    =    325.00000000000000     
 ALPHA_S =   0.11799999999999999     
 BORN                    7.4327896034804394E-008
 SINGLE POLE (MadFKS)   -1.0121895034005507E-008
 DOUBLE POLE (MadFKS)   -7.9100940131668554E-009
 SINGLE POLE (MadLoop)  -1.0121895034005472E-008
 DOUBLE POLE (MadLoop)  -7.9100940131668934E-009
 FINITE PART (MadLoop)   2.5456074277369091E-008
   325.00000000000000        0.0000000000000000        0.0000000000000000        325.00000000000000        0.0000000000000000     
   325.00000000000000        0.0000000000000000        0.0000000000000000       -325.00000000000000        0.0000000000000000     
   269.76404269439973       -203.46824693030737       -110.63847573297808       -59.223634719734811        125.00000000000000     
   158.63845842167822        64.493504992148345        48.357274054086410       -101.75004179995325        91.188000000000002     
   221.59749888392210        138.97474193815901        62.281201678891613        160.97367651968807        0.0000000000000000     

 PASSED   1.0000000000000001E-005
 MU_R    =    325.00000000000000     
 ALPHA_S =   0.11799999999999999     
 BORN                    1.3751366536355226E-008
 SINGLE POLE (MadFKS)   -1.1154491305144182E-009
 DOUBLE POLE (MadFKS)   -1.4634425016033319E-009
 SINGLE POLE (MadLoop)  -1.1154491305143305E-009
 DOUBLE POLE (MadLoop)  -1.4634425016033292E-009
 FINITE PART (MadLoop)   7.1082506580894653E-009
   325.00000000000000        0.0000000000000000        0.0000000000000000        325.00000000000000        0.0000000000000000     
   325.00000000000000        0.0000000000000000        0.0000000000000000       -325.00000000000000        0.0000000000000000     
   320.96110814792877       -16.415838638254350        236.34815921924496        176.80809036642987        125.00000000000000     
   237.29546523249718       -29.800027089301960       -166.70964721338146       -138.97387663648897        91.188000000000002     
   91.743426619574038        46.215865727556313       -69.638512005863504       -37.834213729940899        0.0000000000000000     

 PASSED   1.0000000000000001E-005
 MU_R    =    325.00000000000000     
 ALPHA_S =   0.11799999999999999     
 BORN                    1.3808958055335821E-007
 SINGLE POLE (MadFKS)   -2.1599658511118548E-008
 DOUBLE POLE (MadFKS)   -1.4695714835038054E-008
 SINGLE POLE (MadLoop)  -2.1599658511118988E-008
 DOUBLE POLE (MadLoop)  -1.4695714835038026E-008
 FINITE PART (MadLoop)   3.7257931451673678E-008
   325.00000000000000        0.0000000000000000        0.0000000000000000        325.00000000000000        0.0000000000000000     
   325.00000000000000        0.0000000000000000        0.0000000000000000       -325.00000000000000        0.0000000000000000     
   153.92341507270294        59.164293026014384        63.559416105477219        22.960939935166095        125.00000000000000     
   251.13192759559942        64.785823680246679       -1.2779556443169535       -224.84029352703780        91.188000000000002     
   244.94465733169761       -123.95011670626110       -62.281460461160286        201.87935359187168        0.0000000000000000     

 PASSED   1.0000000000000001E-005
 MU_R    =    325.00000000000000     
 ALPHA_S =   0.11799999999999999     
 BORN                    1.4025121944024278E-008
 SINGLE POLE (MadFKS)   -5.7625037425825356E-010
 DOUBLE POLE (MadFKS)   -1.4925759915417672E-009
 SINGLE POLE (MadLoop)  -5.7625037425819359E-010
 DOUBLE POLE (MadLoop)  -1.4925759915417645E-009
 FINITE PART (MadLoop)   1.9009770776163188E-008
   325.00000000000000        0.0000000000000000        0.0000000000000000        325.00000000000000        0.0000000000000000     
   325.00000000000000        0.0000000000000000        0.0000000000000000       -325.00000000000000        0.0000000000000000     
   314.25790522821109       -13.667307777257417       -251.28604617630947        140.71801126232074        125.00000000000000     
   125.11438858027478       -15.307808499893468        58.710351287678662       -60.474164206080168        91.188000000000002     
   210.62770619151411        28.975116277150882        192.57569488863078       -80.243847056240583        0.0000000000000000     

 PASSED   1.0000000000000001E-005
 MU_R    =    325.00000000000000     
 ALPHA_S =   0.11799999999999999     
 BORN                    1.3906420387387496E-008
 SINGLE POLE (MadFKS)   -3.5418940434257058E-010
 DOUBLE POLE (MadFKS)   -1.4799435813351530E-009
 SINGLE POLE (MadLoop)  -3.5418940434263086E-010
 DOUBLE POLE (MadLoop)  -1.4799435813351514E-009
 FINITE PART (MadLoop)   2.3390429753655745E-008
   325.00000000000000        0.0000000000000000        0.0000000000000000        325.00000000000000        0.0000000000000000     
   325.00000000000000        0.0000000000000000        0.0000000000000000       -325.00000000000000        0.0000000000000000     
   311.81058747325926       -27.560616794230921        194.86098284139143        207.05181049299631        125.00000000000000     
   116.53152499323197       -12.306072500030492       -29.212599559292762       -65.265071668241035        91.188000000000002     
   221.65788753350873        39.866689294261548       -165.64838328209868       -141.78673882475542        0.0000000000000000     

 PASSED   1.0000000000000001E-005
 MU_R    =    325.00000000000000     
 ALPHA_S =   0.11799999999999999     
 BORN                    1.4043109493109222E-008
 SINGLE POLE (MadFKS)   -3.1150937825489895E-010
 DOUBLE POLE (MadFKS)   -1.4944902553904535E-009
 SINGLE POLE (MadLoop)  -3.1150937825489626E-010
 DOUBLE POLE (MadLoop)  -1.4944902553904854E-009
 FINITE PART (MadLoop)  -1.4695221982298743E-008
   325.00000000000000        0.0000000000000000        0.0000000000000000        325.00000000000000        0.0000000000000000     
   325.00000000000000        0.0000000000000000        0.0000000000000000       -325.00000000000000        0.0000000000000000     
   208.22913363869534       -85.978456580959786        127.87993480770612       -63.156942401088926        125.00000000000000     
   272.26364379887747        14.160624997398621       -137.00827678764273        216.42654454111135        91.188000000000002     
   169.50722256242719        71.817831583561272        9.1283419799366268       -153.26960214002247        0.0000000000000000     

 PASSED   1.0000000000000001E-005
 MU_R    =    325.00000000000000     
 ALPHA_S =   0.11799999999999999     
 BORN                    3.6940869963498337E-008
 SINGLE POLE (MadFKS)   -1.8667983465877502E-009
 DOUBLE POLE (MadFKS)   -3.9313066819840666E-009
 SINGLE POLE (MadLoop)  -1.8667983465879475E-009
 DOUBLE POLE (MadLoop)  -3.9313066819840690E-009
 FINITE PART (MadLoop)   6.3087578123837137E-009
   325.00000000000000        0.0000000000000000        0.0000000000000000        325.00000000000000        0.0000000000000000     
   325.00000000000000        0.0000000000000000        0.0000000000000000       -325.00000000000000        0.0000000000000000     
   131.82603782222949       -17.392920967377247        26.794579739596834        27.067342771480885        125.00000000000000     
   267.79842694563058        224.02084207386559        114.04109677842682       -14.492642707384322        91.188000000000002     
   250.37553523213990       -206.62792110648837       -140.83567651802369       -12.574700064096559        0.0000000000000000     

 PASSED   1.0000000000000001E-005
 MU_R    =    325.00000000000000     
 ALPHA_S =   0.11799999999999999     
 BORN                    9.9996541580654791E-008
 SINGLE POLE (MadFKS)   -1.8198189480151703E-008
 DOUBLE POLE (MadFKS)   -1.0641792477539616E-008
 SINGLE POLE (MadLoop)  -1.8198189480149288E-008
 DOUBLE POLE (MadLoop)  -1.0641792477539792E-008
 FINITE PART (MadLoop)   1.4097382165174419E-008
   325.00000000000000        0.0000000000000000        0.0000000000000000        325.00000000000000        0.0000000000000000     
   325.00000000000000        0.0000000000000000        0.0000000000000000       -325.00000000000000        0.0000000000000000     
   257.52234626152682       -85.007216447450887       -207.63930400616150       -18.773689241455898        125.00000000000000     
   221.14592700147259        103.31743901486182        118.24051866418826       -126.23373648424266        91.188000000000002     
   171.33172673700059       -18.310222567410317        89.398785341972356        145.00742572569914        0.0000000000000000     

 PASSED   1.0000000000000001E-005
 MU_R    =    325.00000000000000     
 ALPHA_S =   0.11799999999999999     
 BORN                    2.2189150906094387E-008
 SINGLE POLE (MadFKS)   -4.7052075536016715E-010
 DOUBLE POLE (MadFKS)   -2.3614050592440540E-009
 SINGLE POLE (MadLoop)  -4.7052075535999396E-010
 DOUBLE POLE (MadLoop)  -2.3614050592440673E-009
 FINITE PART (MadLoop)  -9.1133723357658552E-009
   325.00000000000000        0.0000000000000000        0.0000000000000000        325.00000000000000        0.0000000000000000     
   325.00000000000000        0.0000000000000000        0.0000000000000000       -325.00000000000000        0.0000000000000000     
   192.23400986701841       -135.77143611966036       -37.523788829156643        38.561599493054956        125.00000000000000     
   252.64175278806280        184.79874485629065       -79.110164464452566        122.89674399987788        91.188000000000002     
   205.12423734491884       -49.027308736630282        116.63395329360924       -161.45834349293287        0.0000000000000000     

 PASSED   1.0000000000000001E-005
 MU_R    =    325.00000000000000     
 ALPHA_S =   0.11799999999999999     
 BORN                    3.9486211555970223E-008
 SINGLE POLE (MadFKS)   -2.0546918738870263E-009
 DOUBLE POLE (MadFKS)   -4.2021860202428631E-009
 SINGLE POLE (MadLoop)  -2.0546918738870027E-009
 DOUBLE POLE (MadLoop)  -4.2021860202428466E-009
 FINITE PART (MadLoop)   1.4756879311494704E-008
   325.00000000000000        0.0000000000000000        0.0000000000000000        325.00000000000000        0.0000000000000000     
   325.00000000000000        0.0000000000000000        0.0000000000000000       -325.00000000000000        0.0000000000000000     
   296.48792417863791        261.09955154007446        62.270477066758467        15.149292234559294        125.00000000000000     
   97.306053997894708       -6.8845217531684240       -30.440696353363791       -13.385969012128166        91.188000000000002     
   256.20602182346744       -254.21502978690600       -31.829780713394673       -1.7633232224311184        0.0000000000000000     

 PASSED   1.0000000000000001E-005
 MU_R    =    325.00000000000000     
 ALPHA_S =   0.11799999999999999     
 BORN                    4.7171328979779658E-008
 SINGLE POLE (MadFKS)   -8.6263533742256005E-009
 DOUBLE POLE (MadFKS)   -5.0200485532559609E-009
 SINGLE POLE (MadLoop)  -8.6263533742291689E-009
 DOUBLE POLE (MadLoop)  -5.0200485532558964E-009
 FINITE PART (MadLoop)   7.5122931278105935E-009
   325.00000000000000        0.0000000000000000        0.0000000000000000        325.00000000000000        0.0000000000000000     
   325.00000000000000        0.0000000000000000        0.0000000000000000       -325.00000000000000        0.0000000000000000     
   297.88546538669283       -134.25731172127459       -88.405777453924983        217.41698013446461        125.00000000000000     
   307.15363577501046        115.29397680086281        121.98641210911890       -240.53007878432604        91.188000000000002     
   44.960898838296679        18.963334920411782       -33.580634655193897        23.113098649861481        0.0000000000000000     

 PASSED   1.0000000000000001E-005
 MU_R    =    325.00000000000000     
 ALPHA_S =   0.11799999999999999     
 BORN                    2.0735897857346342E-008
 SINGLE POLE (MadFKS)   -9.7518996293923023E-010
 DOUBLE POLE (MadFKS)   -2.2067475369170981E-009
 SINGLE POLE (MadLoop)  -9.7518996293932763E-010
 DOUBLE POLE (MadLoop)  -2.2067475369171064E-009
 FINITE PART (MadLoop)  -1.4498053891051630E-009
   325.00000000000000        0.0000000000000000        0.0000000000000000        325.00000000000000        0.0000000000000000     
   325.00000000000000        0.0000000000000000        0.0000000000000000       -325.00000000000000        0.0000000000000000     
   226.05136227837028        81.864494074684089        160.66878887825376        54.387160968358543        125.00000000000000     
   253.86757466007714       -215.84044070714796       -94.048520006312899        26.481581519164486        91.188000000000002     
   170.08106306155256        133.97594663246386       -66.620268871940894       -80.868742487523065        0.0000000000000000     

 PASSED   1.0000000000000001E-005
 MU_R    =    325.00000000000000     
 ALPHA_S =   0.11799999999999999     
 BORN                    2.4891085740914607E-008
 SINGLE POLE (MadFKS)   -2.7027208003380470E-009
 DOUBLE POLE (MadFKS)   -2.6489493017296825E-009
 SINGLE POLE (MadLoop)  -2.7027208003380300E-009
 DOUBLE POLE (MadLoop)  -2.6489493017297106E-009
 FINITE PART (MadLoop)   5.9918802438093793E-009
   325.00000000000000        0.0000000000000000        0.0000000000000000        325.00000000000000        0.0000000000000000     
   325.00000000000000        0.0000000000000000        0.0000000000000000       -325.00000000000000        0.0000000000000000     
   213.67798478371628        141.88596973060328       -10.391980022056970        98.962919955191239        125.00000000000000     
   307.98737041183369       -259.01769224372737       -25.606057700500450       -137.09534602957336        91.188000000000002     
   128.33464480445002        117.13172251312398        35.998037722557420        38.132426074382153        0.0000000000000000     

 PASSED   1.0000000000000001E-005
 MU_R    =    325.00000000000000     
 ALPHA_S =   0.11799999999999999     
 BORN                    1.7056442283347141E-008
 SINGLE POLE (MadFKS)   -7.0947086589786967E-010
 DOUBLE POLE (MadFKS)   -1.8151739681727869E-009
 SINGLE POLE (MadLoop)  -7.0947086589655414E-010
 DOUBLE POLE (MadLoop)  -1.8151739681728066E-009
 FINITE PART (MadLoop)   2.0408863458374414E-008
   325.00000000000000        0.0000000000000000        0.0000000000000000        325.00000000000000        0.0000000000000000     
   325.00000000000000        0.0000000000000000        0.0000000000000000       -325.00000000000000        0.0000000000000000     
   261.03480945764767        225.93474647176586        31.780387311418096       -21.393201435632637        125.00000000000000     
   282.34451372885667       -227.93958489107624       -68.483282496347641        121.47740014913794        91.188000000000002     
   106.62067681349566        2.0048384193104196        36.702895184929588       -100.08419871350530        0.0000000000000000     

 PASSED   1.0000000000000001E-005
 MU_R    =    325.00000000000000     
 ALPHA_S =   0.11799999999999999     
 BORN                    2.4033616914054669E-008
 SINGLE POLE (MadFKS)   -2.1024000145933612E-009
 DOUBLE POLE (MadFKS)   -2.5576960926970204E-009
 SINGLE POLE (MadLoop)  -2.1024000145934365E-009
 DOUBLE POLE (MadLoop)  -2.5576960926970386E-009
 FINITE PART (MadLoop)  -4.0462316278828767E-009
   325.00000000000000        0.0000000000000000        0.0000000000000000        325.00000000000000        0.0000000000000000     
   325.00000000000000        0.0000000000000000        0.0000000000000000       -325.00000000000000        0.0000000000000000     
   265.02485099563359        68.856281277475787        142.63252563636846       -171.83697740732518        125.00000000000000     
   205.09840998571113       -130.62420917679631        20.400611659783145        127.55876079482007        91.188000000000002     
   179.87673901865526        61.767927899320448       -163.03313729615169        44.278216612505091        0.0000000000000000     

 PASSED   1.0000000000000001E-005
 MU_R    =    325.00000000000000     
 ALPHA_S =   0.11799999999999999     
 BORN                    1.8034063969769422E-008
 SINGLE POLE (MadFKS)   -1.2492992315325273E-009
 DOUBLE POLE (MadFKS)   -1.9192140373991500E-009
 SINGLE POLE (MadLoop)  -1.2492992315326384E-009
 DOUBLE POLE (MadLoop)  -1.9192140373991475E-009
 FINITE PART (MadLoop)   4.3603176181396334E-009
   325.00000000000000        0.0000000000000000        0.0000000000000000        325.00000000000000        0.0000000000000000     
   325.00000000000000        0.0000000000000000        0.0000000000000000       -325.00000000000000        0.0000000000000000     
   253.83262261295675        144.96878785380204       -114.95600691022622       -120.72765766810473        125.00000000000000     
   245.89314686479301       -172.91972076181602       -30.517212544029530        145.99882958869483        91.188000000000002     
   150.27423052225018        27.950932908013961        145.47321945425574       -25.271171920590159        0.0000000000000000     

 PASSED   1.0000000000000001E-005
 MU_R    =    325.00000000000000     
 ALPHA_S =   0.11799999999999999     
 BORN                    2.6753943943538833E-008
 SINGLE POLE (MadFKS)   -9.0889068815076642E-010
 DOUBLE POLE (MadFKS)   -2.8471976620634225E-009
 SINGLE POLE (MadLoop)  -9.0889068815062487E-010
 DOUBLE POLE (MadLoop)  -2.8471976620634217E-009
 FINITE PART (MadLoop)   7.0010768205884251E-009
   325.00000000000000        0.0000000000000000        0.0000000000000000        325.00000000000000        0.0000000000000000     
   325.00000000000000        0.0000000000000000        0.0000000000000000       -325.00000000000000        0.0000000000000000     
   155.63693874115751       -68.488211180437560        37.183396921552848        50.245563221013448        125.00000000000000     
   265.88917675645826        225.55111237084006        94.627226607897981        50.538961851241815        91.188000000000002     
   228.47388450238424       -157.06290119040253       -131.81062352945085       -100.78452507225531        0.0000000000000000     

 PASSED   1.0000000000000001E-005
 MU_R    =    325.00000000000000     
 ALPHA_S =   0.11799999999999999     
 BORN                    1.4088838521638685E-007
 SINGLE POLE (MadFKS)   -2.5318504082941146E-008
 DOUBLE POLE (MadFKS)   -1.4993568120144897E-008
 SINGLE POLE (MadLoop)  -2.5318504082941096E-008
 DOUBLE POLE (MadLoop)  -1.4993568120144870E-008
 FINITE PART (MadLoop)   8.6421556866202152E-009
   325.00000000000000        0.0000000000000000        0.0000000000000000        325.00000000000000        0.0000000000000000     
   325.00000000000000        0.0000000000000000        0.0000000000000000       -325.00000000000000        0.0000000000000000     
   176.54981099580377        102.62809598964834       -62.358452790543957       -33.522127643738116        125.00000000000000     
   256.96642605210212       -78.114255099063470        166.29909229181104       -154.78781549989196        91.188000000000002     
   216.48376295209408       -24.513840890584873       -103.94063950126707        188.30994314363008        0.0000000000000000     

 PASSED   1.0000000000000001E-005
 MU_R    =    325.00000000000000     
 ALPHA_S =   0.11799999999999999     
 BORN                    9.7197800846622133E-008
 SINGLE POLE (MadFKS)   -1.8653074896560339E-008
 DOUBLE POLE (MadFKS)   -1.0343945995859151E-008
 SINGLE POLE (MadLoop)  -1.8653074896561335E-008
 DOUBLE POLE (MadLoop)  -1.0343945995859196E-008
 FINITE PART (MadLoop)   1.2615532495563713E-008
   325.00000000000000        0.0000000000000000        0.0000000000000000        325.00000000000000        0.0000000000000000     
   325.00000000000000        0.0000000000000000        0.0000000000000000       -325.00000000000000        0.0000000000000000     
   307.84476004304395        133.58641614879107        231.40471848754572       -88.033641116229219        125.00000000000000     
   244.80621197932325       -76.303683928576064       -213.69126979189375        11.341036695179586        91.188000000000002     
   97.349027977632858       -57.282732220214989       -17.713448695651987        76.692604421049609        0.0000000000000000     

 NUMBER OF POINTS PASSING THE CHECK          20
 NUMBER OF POINTS FAILING THE CHECK           0
 TOLERANCE    1.0000000000000001E-005
