 Enter filename for events
 Enter maximum number of events to generate
 MUST coincide with the number of events on tape
 Enter 0 to use Herwig default PDFs
       1 to use PDFs from library
 Enter colliding particles (PART1, PART2)
 Enter beam momenta (PBEAM1, PBEAM2)


          HERWIG 6.521  11th Mar. 2013

          Please reference:  G. Marchesini, B.R. Webber,
          G.Abbiendi, I.G.Knowles, M.H.Seymour & L.Stanco
          Computer Physics Communications 67 (1992) 465
                             and
          G.Corcella, I.G.Knowles, G.Marchesini, S.Moretti,
          K.Odagiri, P.Richardson, M.H.Seymour & B.R.Webber,
          JHEP 0101 (2001) 010
 Enter .TRUE. for underlying event, .FALSE. otherwise

 Underlying event WILL NOT be generated

 Enter Lambda_QCD, <0 for Herwig default
 Enter Z mass, width
 Enter W mass, width
 Enter top mass, width
 Enter Higgs (SM) boson mass, width
 Enter quark (d,u,s,c,b) and gluon masses
 Enter lepton (e,mu,tau) masses
 Enter number of events to print
 Enter accepted error fraction
 Is it single-top (.TRUE. or .FALSE)?
 Is it b-bbar (.TRUE. or .FALSE)?
 Enter the two random seeds (0 0 for default)

          INPUT CONDITIONS FOR THIS RUN

          BEAM 1 (P       ) MOM. =   6500.00
          BEAM 2 (P       ) MOM. =   6500.00
          PROCESS CODE (IPROC)   =  -18000
          NUMBER OF FLAVOURS     =    6
          STRUCTURE FUNCTION SET =    8
          AZIM SPIN CORRELATIONS =    T
          AZIM SOFT CORRELATIONS =    T
          QCD LAMBDA (GEV)       =    0.1800
          DOWN     QUARK  MASS   =    0.3200
          UP       QUARK  MASS   =    0.3200
          STRANGE  QUARK  MASS   =    0.5000
          CHARMED  QUARK  MASS   =    1.5500
          BOTTOM   QUARK  MASS   =    4.9500
          TOP      QUARK  MASS   =  173.0000
          GLUON EFFECTIVE MASS   =    0.7500
          EXTRA SHOWER CUTOFF (Q)=    0.4800
          EXTRA SHOWER CUTOFF (G)=    0.1000
          PHOTON SHOWER CUTOFF   =    0.4000
          CLUSTER MASS PARAMETER =    3.3500
          SPACELIKE EVOLN CUTOFF =    2.5000
          INTRINSIC P-TRAN (RMS) =    0.0000
          DECAY SPIN CORRELATIONS=    T
          SUSY THREE BODY ME     =    T
          SUSY FOUR  BODY ME     =    F

          NO EVENTS WILL BE WRITTEN TO DISK

          B_d: Delt-M/Gam =0.7000 Delt-Gam/2*Gam =0.0000
          B_s: Delt-M/Gam = 10.00 Delt-Gam/2*Gam =0.2000

          PDFLIB NOT USED FOR BEAM 1
          PDFLIB NOT USED FOR BEAM 2


          Checking consistency of particle properties


          Checking consistency of decay tables


          WRITING SUDAKOV TABLE ON UNIT  77

          WRITING MATRIX ELEMENT TABLE ON UNIT  88

          CHECKING SUSY DECAY MATRIX ELEMENTS
 Do you want a stable Pi0 (.TRUE. or .FALSE)?
 Do you want a stable W+ (.TRUE. or .FALSE)?
 Do you want a stable W- (.TRUE. or .FALSE)?
 Do you want a stable Z0 (.TRUE. or .FALSE)?
 Do you want a stable Tau+ (.TRUE. or .FALSE)?
 Do you want a stable Tau- (.TRUE. or .FALSE)?
 Do you want a stable Mu+ (.TRUE. or .FALSE)?
 Do you want a stable Mu- (.TRUE. or .FALSE)?
 Do you want a stable Higgs (.TRUE. or .FALSE)?

          PARTICLE TYPE  21=PI0      SET STABLE
 How many decay modes do you want to set?
 How are the events normalized ("average" or "sum")?
 stdhep initialized

          SUBROUTINE TIMEL CALLED BUT NOT LINKED.
          DUMMY TIMEL WILL BE USED. DELETE DUMMY
          AND LINK CERNLIB FOR CPU TIME REMAINING.

 HWWARN CALLED FROM SUBPROGRAM HWSMRS: CODE =   5
 EVENT       1:   SEEDS = 1973774260 & 1099242306  WEIGHT = 0.5961E-03
 EVENT SURVIVES. EXECUTION CONTINUES
 WARNING: MRST98 CALLED WITH Q OUTSIDE ALLOWED RANGE!
 Q VALUE=1.430E+04, MINIMUM=1.118E+00, MAXIMUM=3.162E+03
 NO FURTHER WARNINGS WILL BE ISSUED



 EVENT       1: 6500.00 GEV/C P        ON  6500.00 GEV/C P        PROCESS:-18000
 SEEDS:  1973774260 &  1099242306   STATUS:  100 ERROR:   0  WEIGHT:  5.9615E-04


                               ---INITIAL STATE---    

 IHEP    ID      IDPDG IST MO1 MO2 DA1 DA2   P-X     P-Y     P-Z  ENERGY    MASS
    1 P           2212 101   0   0   0   0    0.00    0.00 6500.0 6500.0    0.94
    2 P           2212 102   0   0   0   0    0.00    0.00-6500.0 6500.0    0.94
    3 CMF            0 103   1   2   0   0    0.00    0.00    0.013000.013000.00

                              ---HARD SUBPROCESS---   

 IHEP    ID      IDPDG IST MO1 MO2 DA1 DA2   P-X     P-Y     P-Z  ENERGY    MASS
    4 UQRK           2 121   6   8  11   9    0.00    0.00 1503.7 1503.7    0.32
    5 DQRK           1 122   6   9  15  10    0.00    0.00 -364.6  364.6    0.32
    6 HARD           0 120   4   5   7  10    0.40    1.19 1139.1 1868.2 1480.78
    7 HIGGS         25 123   6   7  19   7  -81.60 -186.37   32.3  241.0  125.00
    8 UQRK           2 124   6  10  20   4   42.89   21.29 -130.5  139.0    0.32
    9 DQRK           1 124   6   4  26   5   17.89  135.96 1356.7 1363.6    0.32
   10 GLUON         21 124   6   5  33   8   20.82   29.12 -119.3  124.6    0.75

                              ---PARTON SHOWERS---    

 IHEP    ID      IDPDG IST MO1 MO2 DA1 DA2   P-X     P-Y     P-Z  ENERGY    MASS
   11 UQRK          94 141   4   6  13  14    1.18    1.76 1503.7 1503.7   -3.03
   12 CONE           0 100   4   9   0   0    0.13    0.99    7.3    7.4    0.00
   13 GLUON         21   2  11  14  38  39   -1.18   -1.76 1570.0 1570.0    0.75
   14 UD          2101   2  11  22  40  39    0.00    0.00 3426.3 3426.3    0.32
   15 DQRK          94 142   5   6  17  18   -0.78   -0.57 -364.6  364.5   -6.65
   16 CONE           0 100   5  10   0   0    0.58    0.81   -4.1    4.2    0.00
   17 GLUON         21   2  15  18  41  42    0.78    0.57  -12.6   12.6    0.75
   18 UU          2203   2  15  28  43  42    0.00    0.00-6122.8 6122.8    0.31
   19 HIGGS         25 195   7   6 158 159  -81.50 -186.10   32.3  240.7  125.00
   20 UQRK          94 144   8   6  22  25   42.89   21.36 -130.3  139.2   10.03
   21 CONE           0 100   8  10   0   0    0.75    1.29   -5.0    5.2    0.00
   22 UQRK           2   2  20  23  44  40   16.38    6.39  -36.7   40.7    0.32
   23 DBAR          -1   2  20  24  45  44   11.08    4.77  -37.4   39.3    0.32
   24 DQRK           1   2  20  25  46  45   10.87    6.74  -36.9   39.1    0.32
   25 GLUON         21   2  20  35  47  48    4.55    3.46  -19.2   20.1    0.75
   26 DQRK          94 144   9   6  28  32   18.17  136.75 1356.4 1363.7   29.92
   27 CONE           0 100   9   4   0   0   -0.04   -0.30    6.9    6.9    0.00
   28 DQRK           1   2  26  29  49  43   13.21   43.78  526.3  528.3    0.32
   29 GLUON         21   2  26  30  50  51    5.41   22.03  227.0  228.1    0.75
   30 GLUON         21   2  26  31  52  53   -2.45   33.74  268.9  271.0    0.75
   31 GLUON         21   2  26  32  54  55    1.40   32.28  297.0  298.8    0.75
   32 GLUON         21   2  26  38  56  57    0.60    4.92   37.2   37.5    0.75
   33 GLUON         94 144  10   6  35  37   20.83   29.18 -119.2  124.6    5.32
   34 CONE           0 100  10   5   0   0   -0.35   -0.49   -1.5    1.6    0.00
   35 GLUON         21   2  33  36  58  59    5.82    7.93  -35.1   36.5    0.75
   36 GLUON         21   2  33  37  60  61   12.41   19.45  -74.4   77.9    0.75
   37 GLUON         21   2  33  41  62  63    2.60    1.80   -9.8   10.3    0.75

                              ---GLUON SPLITTING---   

 IHEP    ID      IDPDG IST MO1 MO2 DA1 DA2   P-X     P-Y     P-Z  ENERGY    MASS
   38 DBAR          -1 158  11  39 108  83   -0.25   -0.30  358.4  358.4    0.32
   39 DQRK           1 158  11  64  86  38   -0.42   -0.70  572.5  572.5    0.32
   40 UD          2101 161  11  44  99  65   -0.04   -0.06 2799.2 2799.2    0.64
   41 DBAR          -1 158  15  42  98  63    0.41    0.09   -6.3    6.3    0.32
   42 DQRK           1 158  15  68  87  41    0.32    0.42   -5.9    5.9    0.32
   43 UU          2203 162  15  49 100  67    0.00    0.00-3848.2 3848.2    0.64
   44 UQRK           2 158  20  70  88  40   11.81    4.61  -26.5   29.4    0.32
   45 DBAR          -1 158  20  46 102  71    8.30    3.57  -28.0   29.4    0.32
   46 DQRK           1 158  20  47  89  45   10.87    6.74  -36.9   39.1    0.32
   47 DBAR          -1 158  20  48  89  46    1.94    1.66   -8.1    8.5    0.32
   48 DQRK           1 158  20  58  90  47    2.62    1.81  -11.1   11.5    0.32
   49 DQRK           1 158  26  72  91  43   11.75   38.94  468.1  469.9    0.32
   50 UBAR          -2 158  26  51 103  73    1.73    6.74   70.7   71.0    0.32
   51 UQRK           2 158  26  74  92  50    0.79    3.61   36.6   36.7    0.32
   52 UBAR          -2 158  26  53 104  75   -1.41   17.09  135.8  136.9    0.32
   53 UQRK           2 158  26  54  93  52   -0.93   15.35  122.7  123.7    0.32
   54 UBAR          -2 158  26  55  93  53    0.76   21.03  192.9  194.1    0.32
   55 UQRK           2 158  26  56  94  54    0.64   11.25  104.1  104.7    0.32
   56 DBAR          -1 158  26  57  94  55    0.23    1.27   10.1   10.2    0.32
   57 DQRK           1 158  26  78  95  56    0.11    1.12    8.9    9.0    0.32
   58 UBAR          -2 158  33  59  90  48    2.44    3.56  -15.9   16.5    0.32
   59 UQRK           2 158  33  60  96  58    3.38    4.38  -19.2   20.0    0.32
   60 UBAR          -2 158  33  61  96  59    7.82   12.47  -47.8   50.0    0.32
   61 UQRK           2 158  33  62  97  60    4.59    6.97  -26.5   27.8    0.32
   62 DBAR          -1 158  33  63  97  61    0.60    0.43   -2.5    2.6    0.32
   63 DQRK           1 158  33  41  98  62    2.00    1.37   -7.3    7.7    0.32
   64 UBAR          -2 159  11  65  86  39   -0.07   -0.12  534.9  534.9    0.32
   65 UQRK           2 159  11  40  99  64   -0.17   -0.28  387.8  387.8    0.32
   66 DBAR          -1 159  15  67 107  81    0.00    0.00-1569.0 1569.0    0.32
   67 DQRK           1 159  15  43 100  66    0.00    0.01 -107.9  107.9    0.32
   68 DBAR          -1 159  15  69  87  42    0.01    0.01  -46.2   46.2    0.32
   69 DQRK           1 159  15  80 101  68    0.03    0.03  -20.5   20.5    0.32
   70 DBAR          -1 159  20  71  88  44    2.88    1.23   -9.5   10.0    0.32
   71 DQRK           1 159  20  45 102  70    4.47    1.75  -10.2   11.3    0.32
   72 DBAR          -1 159  26  73  91  49    2.30    9.06   94.2   94.7    0.32
   73 DQRK           1 159  26  50 103  72    1.46    5.01   58.3   58.6    0.32
   74 UBAR          -2 159  26  75  92  51    0.39    2.14   21.1   21.2    0.32
   75 UQRK           2 159  26  52 104  74    0.11    1.62   14.6   14.7    0.32
   76 SBAR          -3 159  11  77 106  79   -0.02    0.01   40.3   40.3    0.50
   77 SQRK           3 159  26  84 105  76    0.06    0.62    7.5    7.5    0.50
   78 UBAR          -2 159  11  79  95  57    0.00    0.09    8.3    8.3    0.32
   79 UQRK           2 159  26  76 106  78    0.14    1.33   10.3   10.4    0.32
   80 DBAR          -1 159  15  81 101  69    0.00    0.00 -412.2  412.2    0.32
   81 DQRK           1 159  15  66 107  80    0.00    0.01 -119.4  119.4    0.32
   82 UBAR          -2 159  11  83 109  85   -0.16   -0.19  226.8  226.8    0.32
   83 UQRK           2 159  26  38 108  82    0.01    0.16    5.6    5.6    0.32
   84 SBAR          -3 159  11  85 105  77   -0.03   -0.01   53.2   53.2    0.50
   85 SQRK           3 159  26  82 109  84    0.02    0.22    9.6    9.6    0.50

                             ---CLUSTER FORMATION---  

 IHEP    ID      IDPDG IST MO1 MO2 DA1 DA2   P-X     P-Y     P-Z  ENERGY    MASS
   86 CLUS          91 183  39  64 110 111   -0.49   -0.81 1107.3 1107.3    0.91
   87 CLUS          91 183  42  68 112 113    0.33    0.43  -52.1   52.1    1.78
   88 CLUS          91 183  44  70 114 115   14.70    5.84  -36.0   39.4    2.30
   89 CLUS          91 183  46  47 116 117   12.81    8.39  -45.1   47.6    1.33
   90 CLUS          91 183  48  58 118 119    5.06    5.36  -27.0   28.0    1.51
   91 CLUS          91 183  49  72 120 121   14.04   48.00  562.3  564.6    2.84
   92 CLUS          91 183  51  74 122 123    1.18    5.75   57.7   58.0    0.67
   93 CLUS          91 183  53  54 124 125   -0.17   36.37  315.6  317.8    3.10
   94 CLUS          91 183  55  56 126 127    0.87   12.52  114.2  114.9    1.37
   95 CLUS          91 183  57  78 128 129    0.12    1.21   17.2   17.3    1.18
   96 CLUS          91 183  59  60 130 131   11.20   16.85  -67.1   70.0    1.28
   97 CLUS          91 183  61  62 132 133    5.19    7.40  -29.0   30.4    1.47
   98 CLUS          91 183  63  41 134 135    2.41    1.46  -13.6   14.0    1.91
   99 CLUS          91 184  65  40 136 137   -0.21   -0.34 3187.0 3187.0    1.42
  100 CLUS          91 185  67  43 138 139    0.01    0.01-3956.1 3956.1    2.04
  101 CLUS          91 183  69  80 140 141    0.03    0.03 -432.7  432.7    1.52
  102 CLUS          91 183  71  45 142 143   12.77    5.32  -38.2   40.7    2.45
  103 CLUS          91 183  73  50 144 145    3.18   11.74  129.0  129.6    0.88
  104 CLUS          91 183  75  52 146 147   -1.30   18.71  150.4  151.6    1.50
  105 CLUS          91 183  77  84 148 149    0.03    0.61   60.7   60.7    2.25
  106 CLUS          91 183  79  76 150 151    0.11    1.34   50.6   50.7    2.78
  107 CLUS          91 183  81  66 152 153    0.00    0.01-1688.3 1688.3    1.25
  108 CLUS          91 183  83  38 154 155   -0.23   -0.14  364.0  364.0    2.93
  109 CLUS          91 183  85  82 156 157   -0.14    0.03  236.4  236.5    2.73

                              ---CLUSTER DECAYS---    

 IHEP    ID      IDPDG IST MO1 MO2 DA1 DA2   P-X     P-Y     P-Z  ENERGY    MASS
  110 PI0          111   1  86  11   0   0    0.01    0.15  233.0  233.0    0.13
  111 PI-         -211   1  86  11   0   0   -0.50   -0.97  874.3  874.3    0.14
  112 PI-         -211   1  87  15   0   0   -0.28   -0.50  -28.8   28.8    0.14
  113 PI+          211   1  87  15   0   0    0.61    0.94  -23.3   23.3    0.14
  114 N           2112   1  88  20   0   0    7.96    3.14  -18.7   20.6    0.94
  115 DELTABR+   -1114 197  88  20 210 211    6.73    2.71  -17.3   18.8    1.23
  116 PI-         -211   1  89  20   0   0    7.59    4.69  -25.7   27.2    0.14
  117 RHO+         213 197  89  20 212 213    5.22    3.71  -19.4   20.4    0.77
  118 K*0          313 197  90  20 214 215    3.90    3.96  -20.8   21.5    0.90
  119 K-          -321   1  90  20   0   0    1.16    1.41   -6.2    6.4    0.49
  120 DELTA0      2114 197  91  26 216 217   10.69   35.72  426.4  428.0    1.23
  121 NBAR       -2112   1  91  26   0   0    3.36   12.27  136.0  136.5    0.94
  122 PI0          111   1  92  26   0   0    0.80    4.82   48.9   49.1    0.13
  123 PI0          111   1  92  26   0   0    0.37    0.93    8.8    8.9    0.13
  124 XI0         3322 197  93  26 218 219   -0.67   15.39  133.3  134.2    1.31
  125 XI*BAR     -3324 197  93  26 220 221    0.50   20.98  182.4  183.6    1.53
  126 PI+          211   1  94  26   0   0    0.06    2.15   17.0   17.2    0.14
  127 ETAP         331 197  94  26 222 223    0.81   10.37   97.2   97.7    0.96
  128 K0           311 197  95  26 224 224   -0.07    0.48    4.7    4.8    0.50
  129 K-          -321   1  95  26   0   0    0.19    0.73   12.5   12.5    0.49
  130 PI+          211   1  96  33   0   0    3.34    5.96  -21.7   22.7    0.14
  131 PI-         -211   1  96  33   0   0    7.86   10.89  -45.4   47.3    0.14
  132 PI+          211   1  97  33   0   0    0.94    1.10   -6.1    6.2    0.14
  133 OMEGA        223 197  97  33 225 227    4.25    6.31  -22.9   24.2    0.78
  134 N           2112   1  98  33   0   0    1.26    0.70   -7.6    7.8    0.94
  135 NBAR       -2112   1  98  33   0   0    1.16    0.76   -6.0    6.2    0.94
  136 PI0          111   1  99  11   0   0   -0.07    0.04  556.2  556.2    0.13
  137 DELTA+      2214 197  99  11 228 229   -0.14   -0.39 2630.8 2630.8    1.23
  138 PI0          111   1 100  15   0   0   -0.19   -0.45-2050.9 2050.9    0.13
  139 DELTA+      2214 197 100  15 230 231    0.20    0.46-1905.1 1905.1    1.23
  140 PI-         -211   1 101  15   0   0    0.56    0.07 -156.6  156.6    0.14
  141 RHO+         213 197 101  15 232 233   -0.53   -0.04 -276.1  276.1    0.77
  142 P           2212   1 102  20   0   0    5.11    2.05  -13.2   14.3    0.94
  143 PBAR       -2212   1 102  20   0   0    7.66    3.26  -25.0   26.4    0.94
  144 PI0          111   1 103  26   0   0    1.99    8.18   92.5   92.9    0.13
  145 PI-         -211   1 103  26   0   0    1.19    3.56   36.5   36.7    0.14
  146 PI0          111   1 104  26   0   0   -0.07    2.24   18.5   18.7    0.13
  147 A_20         115 197 104  26 234 235   -1.23   16.47  131.9  132.9    1.32
  148 K*-         -323 197 105  26 236 237   -0.01    0.50   48.9   48.9    0.89
  149 K*+          323 197 105  26 238 239    0.04    0.11   11.8   11.8    0.89
  150 DELTA++     2224 197 106  26 240 241   -0.19    0.25   24.6   24.6    1.23
  151 SGMA*BR-   -3224 197 106  26 242 243    0.30    1.10   26.1   26.1    1.38
  152 PI0          111   1 107  15   0   0    0.01   -0.28 -211.5  211.5    0.13
  153 OMEGA        223 197 107  15 244 246   -0.00    0.29-1476.9 1476.9    0.78
  154 DELTA++     2224 197 108  26 247 248    0.01    0.06  275.7  275.7    1.23
  155 DELTABR-   -2214 197 108  26 249 250   -0.24   -0.20   88.3   88.3    1.23
  156 SIGMA*-     3114 197 109  26 251 252    0.29    0.15  130.0  130.0    1.39
  157 DELTABR0   -2114 197 109  26 253 254   -0.42   -0.12  106.4  106.4    1.23

                            ---H/W/Z BOSON DECAYS---  

 IHEP    ID      IDPDG IST MO1 MO2 DA1 DA2   P-X     P-Y     P-Z  ENERGY    MASS
  158 BQRK           5 123  19 159 160 159   18.74   -0.41  -14.9   24.4    4.95
  159 BBAR          -5 124  19 158 165 158 -100.25 -185.69   47.2  216.3    4.95

                              ---PARTON SHOWERS---    

 IHEP    ID      IDPDG IST MO1 MO2 DA1 DA2   P-X     P-Y     P-Z  ENERGY    MASS
  160 BQRK          94 143 158  19 162 164   17.19   -3.28  -14.1   27.8   16.28
  161 CONE           0 100 158 159   0   0   -1.42   -0.75    1.0    1.9    0.00
  162 BQRK           5   2 160 163 167 166   17.69    1.06  -14.0   23.1    4.95
  163 DBAR          -1   2 160 164 168 167   -0.29   -2.65    0.6    2.8    0.32
  164 DQRK           1   2 160 166 169 168   -0.20   -1.69   -0.8    1.9    0.32
  165 BBAR          94 144 159  19 166 166  -98.70 -182.82   46.4  212.9    4.95
  166 BBAR          -5   2 165 167 170 169  -98.70 -182.82   46.4  212.9    4.95

                              ---GLUON SPLITTING---   

 IHEP    ID      IDPDG IST MO1 MO2 DA1 DA2   P-X     P-Y     P-Z  ENERGY    MASS
  167 BQRK           5 158 160 175 185 170   14.73    0.74  -11.6   19.4    4.95
  168 DBAR          -1 158 160 169 187 172   -0.12   -1.28    0.3    1.4    0.32
  169 DQRK           1 158 160 179 186 168   -0.17   -1.11   -0.4    1.2    0.32
  170 BBAR          -5 158 165 167 192 182  -40.73  -75.73   19.0   88.2    4.95
  171 SBAR          -3 159 160 172 188 174    0.02   -0.71    0.1    0.9    0.50
  172 SQRK           3 159 160 168 187 171    1.09    0.02   -0.9    1.5    0.50
  173 UBAR          -2 159 160 174 189 176    0.05   -0.32    0.0    0.5    0.32
  174 UQRK           2 159 160 171 188 173    0.56   -0.01   -0.4    0.8    0.32
  175 DBAR          -1 159 160 176 185 167    0.40   -0.04   -0.3    0.6    0.32
  176 DQRK           1 159 160 173 189 175    0.68    0.01   -0.5    0.9    0.32
  177 DBAR          -1 159 165 178 193 184  -39.34  -72.81   18.5   84.8    0.32
  178 DQRK           1 159 160 181 190 177   -1.74   -3.26    0.8    3.8    0.32
  179 DBAR          -1 159 165 180 186 169   -1.87   -3.49    0.9    4.1    0.32
  180 DQRK           1 159 160 183 191 179   -2.06   -3.85    1.0    4.5    0.32
  181 SBAR          -3 159 165 182 190 178   -4.43   -8.23    2.1    9.6    0.50
  182 SQRK           3 159 160 170 192 181   -2.32   -4.35    1.1    5.1    0.50
  183 SBAR          -3 159 165 184 191 180   -4.81   -8.93    2.2   10.4    0.50
  184 SQRK           3 159 160 177 193 183   -1.44   -2.77    0.6    3.2    0.50

                             ---CLUSTER FORMATION---  

 IHEP    ID      IDPDG IST MO1 MO2 DA1 DA2   P-X     P-Y     P-Z  ENERGY    MASS
  185 CLUS          91 183 167 175 194 194   15.13    0.71  -11.9   20.0    5.28
  186 CLUS          91 183 169 179 195 196   -2.04   -4.59    0.4    5.3    1.66
  187 CLUS          91 183 172 168 197 198    0.96   -1.26   -0.6    2.8    2.28
  188 CLUS          91 183 174 171 199 200    0.57   -0.72   -0.3    1.6    1.32
  189 CLUS          91 183 176 173 201 202    0.74   -0.31   -0.5    1.4    1.00
  190 CLUS          91 183 178 181 203 204   -6.17  -11.49    2.9   13.4    0.84
  191 CLUS          91 183 180 183 205 206  -11.50  -21.32    5.4   24.8    0.84
  192 CLUS          91 183 182 170 207 207  -38.42  -71.54   17.8   83.3    5.37
  193 CLUS          91 183 184 177 208 209  -40.79  -75.59   19.2   88.0    2.69

                              ---CLUSTER DECAYS---    

 IHEP    ID      IDPDG IST MO1 MO2 DA1 DA2   P-X     P-Y     P-Z  ENERGY    MASS
  194 B_DBAR0     -511 200 185 160 255 255   15.13    0.71  -11.9   20.0    5.28
  195 PI-         -211   1 186 160   0   0   -0.09   -0.82   -0.4    0.9    0.14
  196 RHO+         213 197 186 160 259 260   -1.94   -3.77    0.8    4.4    0.77
  197 SIGMA0      3212 197 187 160 261 262    0.75   -0.44   -0.5    1.6    1.19
  198 NBAR       -2112   1 187 160   0   0    0.21   -0.81   -0.0    1.3    0.94
  199 PI+          211   1 188 160   0   0    0.11   -0.47    0.1    0.5    0.14
  200 K*0          313 197 188 160 263 264    0.46   -0.24   -0.4    1.1    0.90
  201 OMEGA        223 197 189 160 265 267    0.75   -0.26   -0.5    1.2    0.78
  202 PI-         -211   1 189 160   0   0   -0.01   -0.05    0.0    0.1    0.14
  203 PI0          111   1 190 160   0   0   -0.34   -0.79    0.3    0.9    0.13
  204 K0           311 197 190 160 268 268   -5.83  -10.70    2.6   12.5    0.50
  205 PI0          111   1 191 160   0   0   -2.52   -4.47    0.9    5.2    0.13
  206 K0           311 197 191 160 269 269   -8.98  -16.85    4.5   19.6    0.50
  207 B_S0         531 200 192 160 270 270  -38.42  -71.54   17.8   83.3    5.37
  208 KBAR0       -311 197 193 160 271 271  -18.77  -33.50    8.5   39.3    0.50
  209 RHO_30       117 197 193 160 272 273  -22.02  -42.09   10.6   48.7    1.69

                           ---STRONG HADRON DECAYS--- 

 IHEP    ID      IDPDG IST MO1 MO2 DA1 DA2   P-X     P-Y     P-Z  ENERGY    MASS
  210 NBAR       -2112   1 115  20   0   0    5.60    2.48  -14.6   15.8    0.94
  211 PI+          211   1 115  20   0   0    1.13    0.22   -2.7    3.0    0.14
  212 PI+          211   1 117  20   0   0    3.51    2.07  -12.1   12.8    0.14
  213 PI0          111   1 117  20   0   0    1.71    1.64   -7.2    7.6    0.13
  214 K+           321   1 118  20   0   0    3.64    3.65  -18.6   19.3    0.49
  215 PI-         -211   1 118  20   0   0    0.26    0.31   -2.2    2.2    0.14
  216 N           2112   1 120  26   0   0    7.05   23.28  276.7  277.8    0.94
  217 PI0          111   1 120  26   0   0    3.63   12.44  149.7  150.3    0.13
  218 LAMBDA      3122 198 124  26 274 275   -0.55   12.08  103.9  104.6    1.12
  219 PI0          111   1 124  26   0   0   -0.11    3.31   29.4   29.6    0.13
  220 XIBAR+     -3312 198 125  26 276 277    0.46   17.46  150.7  151.7    1.32
  221 PI-         -211   1 125  26   0   0    0.03    3.52   31.7   31.9    0.14
  222 RHO0         113 198 127  26 278 279    0.71    9.37   89.1   89.6    0.77
  223 GAMMA         22   1 127  26   0   0    0.10    1.00    8.0    8.1    0.00
  224 K_S0         310 198 128  26 280 281   -0.07    0.48    4.7    4.8    0.50
  225 PI+          211   1 133  33   0   0    1.44    2.47   -8.1    8.6    0.14
  226 PI-         -211   1 133  33   0   0    1.46    1.92   -8.1    8.4    0.14
  227 PI0          111   1 133  33   0   0    1.35    1.91   -6.8    7.2    0.13
  228 P           2212   1 137  11   0   0   -0.18   -0.11 2173.4 2173.4    0.94
  229 PI0          111   1 137  11   0   0    0.04   -0.28  457.4  457.4    0.13
  230 P           2212   1 139  15   0   0    0.29    0.18-1531.4 1531.4    0.94
  231 PI0          111   1 139  15   0   0   -0.09    0.28 -373.7  373.7    0.13
  232 PI+          211   1 141  15   0   0   -0.52   -0.32 -195.6  195.7    0.14
  233 PI0          111   1 141  15   0   0   -0.01    0.28  -80.5   80.5    0.13
  234 RHO-        -213 198 147  26 282 283   -0.52    9.32   71.7   72.4    0.77
  235 PI+          211   1 147  26   0   0   -0.71    7.15   60.2   60.6    0.14
  236 KBAR0       -311 198 148  26 284 284    0.03    0.29   44.3   44.3    0.50
  237 PI-         -211   1 148  26   0   0   -0.05    0.20    4.6    4.6    0.14
  238 K0           311 198 149  26 285 285    0.20   -0.12    5.6    5.7    0.50
  239 PI+          211   1 149  26   0   0   -0.15    0.23    6.2    6.2    0.14
  240 P           2212   1 150  26   0   0   -0.20    0.39   22.4   22.4    0.94
  241 PI+          211   1 150  26   0   0    0.01   -0.14    2.2    2.2    0.14
  242 SIGMABR0   -3212 198 151  26 286 287    0.26    1.08   24.6   24.7    1.19
  243 PI-         -211   1 151  26   0   0    0.04    0.01    1.5    1.5    0.14
  244 PI+          211   1 153  15   0   0    0.06    0.12 -485.9  485.9    0.14
  245 PI-         -211   1 153  15   0   0   -0.30    0.05 -560.9  560.9    0.14
  246 PI0          111   1 153  15   0   0    0.23    0.11 -430.1  430.1    0.13
  247 P           2212   1 154  26   0   0   -0.18   -0.08  221.4  221.4    0.94
  248 PI+          211   1 154  26   0   0    0.19    0.14   54.3   54.3    0.14
  249 PBAR       -2212   1 155  26   0   0   -0.04   -0.29   60.3   60.3    0.94
  250 PI0          111   1 155  26   0   0   -0.20    0.09   28.0   28.0    0.13
  251 LAMBDA      3122 198 156  26 288 289    0.19   -0.06   94.9   94.9    1.12
  252 PI-         -211   1 156  26   0   0    0.10    0.21   35.1   35.1    0.14
  253 NBAR       -2112   1 157  26   0   0   -0.39    0.12   89.1   89.1    0.94
  254 PI0          111   1 157  26   0   0   -0.04   -0.24   17.3   17.3    0.13
  255 B_DBAR0     -511 196 194 160 256 258   15.13    0.71  -11.9   20.0    5.28
  256 MU-           13   1 255 160   0   0    3.98   -1.05   -2.4    4.8    0.11
  257 NU_MUBAR     -14   1 255 160   0   0    0.43    0.70   -1.2    1.5    0.00
  258 D*+          413 198 255 160 290 291   10.72    1.06   -8.3   13.7    2.01
  259 PI+          211   1 196 160   0   0   -0.53   -1.31   -0.0    1.4    0.14
  260 PI0          111   1 196 160   0   0   -1.41   -2.46    0.8    3.0    0.13
  261 LAMBDA      3122 198 197 160 292 293    0.76   -0.45   -0.6    1.5    1.12
  262 GAMMA         22   1 197 160   0   0   -0.01    0.01    0.0    0.0    0.00
  263 K0           311 198 200 160 294 294    0.52    0.04   -0.3    0.8    0.50
  264 PI0          111   1 200 160   0   0   -0.06   -0.28   -0.1    0.3    0.13
  265 PI+          211   1 201 160   0   0    0.56   -0.19   -0.4    0.7    0.14
  266 PI-         -211   1 201 160   0   0    0.20    0.01   -0.3    0.4    0.14
  267 PI0          111   1 201 160   0   0   -0.02   -0.08    0.1    0.2    0.13
  268 K_L0         130   1 204 160   0   0   -5.83  -10.70    2.6   12.5    0.50
  269 K_S0         310 198 206 160 295 296   -8.98  -16.85    4.5   19.6    0.50
  270 B_S0         531 199 207 160 311 312  -38.42  -71.54   17.8   83.3    5.37
  271 K_L0         130   1 208 160   0   0  -18.77  -33.50    8.5   39.3    0.50
  272 A_2+         215 198 209 160 297 298  -18.80  -35.68    8.8   41.3    1.32
  273 PI-         -211   1 209 160   0   0   -3.21   -6.41    1.9    7.4    0.14
  274 P           2212   1 218  26   0   0   -0.56   11.19   96.0   96.7    0.94
  275 PI-         -211   1 218  26   0   0    0.00    0.90    7.9    7.9    0.14
  276 LAMBDABR   -3122 198 220  26 299 300    0.36   13.06  113.1  113.8    1.12
  277 PI+          211   1 220  26   0   0    0.10    4.40   37.6   37.9    0.14
  278 PI+          211   1 222  26   0   0    0.66    4.52   44.7   44.9    0.14
  279 PI-         -211   1 222  26   0   0    0.04    4.85   44.4   44.7    0.14
  280 PI+          211   1 224  26   0   0    0.08    0.26    3.6    3.6    0.14
  281 PI-         -211   1 224  26   0   0   -0.14    0.22    1.2    1.2    0.14
  282 PI-         -211   1 234  26   0   0   -0.34    3.11   26.4   26.6    0.14
  283 PI0          111   1 234  26   0   0   -0.18    6.21   45.4   45.8    0.13
  284 K_S0         310 198 236  26 301 302    0.03    0.29   44.3   44.3    0.50
  285 K_L0         130   1 238  26   0   0    0.20   -0.12    5.6    5.7    0.50
  286 LAMBDABR   -3122 198 242  26 303 304    0.27    0.93   22.3   22.4    1.12
  287 GAMMA         22   1 242  26   0   0   -0.01    0.15    2.3    2.3    0.00
  288 P           2212   1 251  26   0   0    0.11   -0.09   86.0   86.0    0.94
  289 PI-         -211   1 251  26   0   0    0.08    0.03    8.9    8.9    0.14
  290 D0           421 198 258 160 305 308    9.84    1.00   -7.6   12.6    1.86
  291 PI+          211   1 258 160   0   0    0.88    0.06   -0.7    1.1    0.14
  292 P           2212   1 261 160   0   0    0.64   -0.34   -0.4    1.2    0.94
  293 PI-         -211   1 261 160   0   0    0.12   -0.11   -0.2    0.3    0.14
  294 K_L0         130   1 263 160   0   0    0.52    0.04   -0.3    0.8    0.50
  295 PI0          111   1 269 160   0   0   -7.54  -14.37    3.7   16.7    0.13
  296 PI0          111   1 269 160   0   0   -1.44   -2.49    0.7    3.0    0.13
  297 ETA          221 198 272 160 309 310  -10.22  -19.34    5.3   22.5    0.55
  298 PI+          211   1 272 160   0   0   -8.58  -16.35    3.5   18.8    0.14
  299 NBAR       -2112   1 276  26   0   0    0.34   12.25  106.2  106.9    0.94
  300 PI0          111   1 276  26   0   0    0.02    0.81    6.8    6.9    0.13
  301 PI+          211   1 284  26   0   0   -0.14    0.30   25.4   25.4    0.14
  302 PI-         -211   1 284  26   0   0    0.17   -0.00   18.8   18.8    0.14
  303 PBAR       -2212   1 286  26   0   0    0.13    0.79   19.0   19.0    0.94
  304 PI+          211   1 286  26   0   0    0.14    0.14    3.4    3.4    0.14
  305 K-          -321   1 290 160   0   0    5.39    0.81   -3.8    6.6    0.49
  306 PI+          211   1 290 160   0   0    1.41   -0.18   -1.6    2.1    0.14
  307 PI0          111   1 290 160   0   0    2.58    0.32   -1.7    3.1    0.13
  308 PI0          111   1 290 160   0   0    0.46    0.06   -0.5    0.7    0.13
  309 GAMMA         22   1 297 160   0   0   -7.50  -13.67    3.8   16.1    0.00
  310 GAMMA         22   1 297 160   0   0   -2.73   -5.67    1.4    6.5    0.00

                           ---HEAVY PARTICLE DECAYS---

 IHEP    ID      IDPDG IST MO1 MO2 DA1 DA2   P-X     P-Y     P-Z  ENERGY    MASS
  311 SQRK           3 125 270 315 316 315   -3.58   -6.66    1.7    7.8    0.50
  312 BBAR          -5 155 270 311 313 315  -34.84  -64.88   16.2   75.5    4.87
  313 SBAR          -3 123 312 314 317 314   -6.25  -13.31    2.3   14.9    0.50
  314 CQRK           4 124 312 313 319 313  -17.18  -31.17    7.9   36.5    1.55
  315 CBAR          -4 124 312 312 321 312  -11.41  -20.39    6.0   24.2    1.55
  316 SQRK           3 160 311 325 326 325   -3.58   -6.66    1.7    7.8    0.50

                              ---PARTON SHOWERS---    

 IHEP    ID      IDPDG IST MO1 MO2 DA1 DA2   P-X     P-Y     P-Z  ENERGY    MASS
  317 SBAR          94 143 313 312 318 318   -6.25  -13.31    2.3   14.9    0.50
  318 SBAR          -3   2 317 320 323 320   -6.25  -13.31    2.3   14.9    0.50
  319 CQRK          94 144 314 312 320 320  -17.18  -31.17    7.9   36.5    1.55
  320 CQRK           4   2 319 323 324 323  -17.18  -31.17    7.9   36.5    1.55
  321 CBAR          94 144 315 312 322 322  -11.41  -20.39    6.0   24.2    1.55
  322 CBAR          -4   2 321 316 325 316  -11.41  -20.39    6.0   24.2    1.55

                              ---GLUON SPLITTING---   

 IHEP    ID      IDPDG IST MO1 MO2 DA1 DA2   P-X     P-Y     P-Z  ENERGY    MASS
  323 SBAR          -3 158 317 324 327 324   -6.25  -13.31    2.3   14.9    0.50
  324 CQRK           4 158 319 323 327 323  -17.18  -31.17    7.9   36.5    1.55
  325 CBAR          -4 158 321 316 326 316  -11.41  -20.39    6.0   24.2    1.55

                             ---CLUSTER FORMATION---  

 IHEP    ID      IDPDG IST MO1 MO2 DA1 DA2   P-X     P-Y     P-Z  ENERGY    MASS
  326 CLUS          91 183 316 325 328 328  -14.31  -25.65    7.4   30.4    1.97
  327 CLUS          91 183 324 323 329 330  -24.11  -45.89   10.4   52.9    2.90

                              ---CLUSTER DECAYS---    

 IHEP    ID      IDPDG IST MO1 MO2 DA1 DA2   P-X     P-Y     P-Z  ENERGY    MASS
  328 D_S-        -431 196 326 311 331 332  -14.31  -25.65    7.4   30.4    1.97
  329 D*0          423 197 327 319 333 334  -18.55  -34.37    8.3   40.0    2.01
  330 K+           321   1 327 319   0   0   -5.55  -11.51    2.1   13.0    0.49

                           ---STRONG HADRON DECAYS--- 

 IHEP    ID      IDPDG IST MO1 MO2 DA1 DA2   P-X     P-Y     P-Z  ENERGY    MASS
  331 K*-         -323 198 328 311 335 336   -9.63  -17.83    4.5   20.8    0.89
  332 K0           311 198 328 311 337 337   -4.68   -7.82    2.9    9.6    0.50
  333 D0           421 198 329 319 338 340  -17.05  -31.62    7.6   36.8    1.86
  334 PI0          111   1 329 319   0   0   -1.51   -2.75    0.6    3.2    0.13
  335 KBAR0       -311 198 331 311 341 341   -5.96  -11.47    3.1   13.3    0.50
  336 PI-         -211   1 331 311   0   0   -3.67   -6.36    1.4    7.5    0.14
  337 K_S0         310 198 332 311 342 343   -4.68   -7.82    2.9    9.6    0.50
  338 K-          -321   1 333 319   0   0   -4.99   -8.86    1.9   10.4    0.49
  339 PI+          211   1 333 319   0   0   -4.96   -8.87    2.5   10.5    0.14
  340 RHO0         113 198 333 319 344 345   -7.10  -13.89    3.1   15.9    0.77
  341 K_S0         310 198 335 311 346 347   -5.96  -11.47    3.1   13.3    0.50
  342 PI+          211   1 337 311   0   0   -0.83   -1.55    0.4    1.8    0.14
  343 PI-         -211   1 337 311   0   0   -3.85   -6.27    2.5    7.8    0.14
  344 PI+          211   1 340 319   0   0   -2.11   -3.73    1.1    4.4    0.14
  345 PI-         -211   1 340 319   0   0   -4.99  -10.16    2.0   11.5    0.14
  346 PI0          111   1 341 311   0   0   -2.23   -4.69    1.1    5.3    0.13
  347 PI0          111   1 341 311   0   0   -3.73   -6.79    1.9    8.0    0.13



 EVENT       2: 6500.00 GEV/C P        ON  6500.00 GEV/C P        PROCESS:-18000
 SEEDS:   896337226 &   987636181   STATUS:  100 ERROR:   0  WEIGHT:  5.9615E-04


                               ---INITIAL STATE---    

 IHEP    ID      IDPDG IST MO1 MO2 DA1 DA2   P-X     P-Y     P-Z  ENERGY    MASS
    1 P           2212 101   0   0   0   0    0.00    0.00 6500.0 6500.0    0.94
    2 P           2212 102   0   0   0   0    0.00    0.00-6500.0 6500.0    0.94
    3 CMF            0 103   1   2   0   0    0.00    0.00    0.013000.013000.00

                              ---HARD SUBPROCESS---   

 IHEP    ID      IDPDG IST MO1 MO2 DA1 DA2   P-X     P-Y     P-Z  ENERGY    MASS
    4 UQRK           2 121   6   8  11   9    0.00    0.00  707.9  707.9    0.32
    5 DQRK           1 122   6   9  13  10    0.00    0.00 -585.2  585.2    0.32
    6 HARD           0 120   4   5   7  10    0.67   -0.30  122.7 1293.2 1287.32
    7 HIGGS         25 123   6   7  18   7  181.86  100.14  259.1  354.8  125.00
    8 UQRK           2 124   6  10  19   4 -146.25  -86.34 -305.0  349.1    0.32
    9 DQRK           1 124   6   4  23   5    9.86  -17.66  376.2  376.8    0.32
   10 GLUON         21 124   6   5  28   8  -45.47    3.85 -207.6  212.6    0.75

                              ---PARTON SHOWERS---    

 IHEP    ID      IDPDG IST MO1 MO2 DA1 DA2   P-X     P-Y     P-Z  ENERGY    MASS
   11 UQRK          94 141   4   6  12  12    0.00    0.00  708.0  708.0    0.29
   12 UD          2101   2  11  21  35  27    0.00    0.00 5792.0 5792.0    0.32
   13 DQRK          94 142   5   6  15  17    0.67   -0.30 -585.3  585.2   -8.41
   14 CONE           0 100   5  10   0   0   -1.00    0.08   -5.4    5.4    0.00
   15 GLUON         21   2  13  16  36  37   -0.24    1.31  -34.3   34.4    0.75
   16 GLUON         21   2  13  17  38  39   -0.43   -1.01  -33.7   33.7    0.75
   17 UU          2203   2  13  25  40  39    0.00    0.00-5846.7 5846.7    0.31
   18 HIGGS         25 195   7   6 130 131  182.00  100.04  259.0  354.8  125.00
   19 UQRK          94 144   8   6  21  22 -146.03  -86.40 -304.9  348.9    1.50
   20 CONE           0 100   8  10   0   0   -0.52    0.11   -2.6    2.7    0.00
   21 UQRK           2   2  19  22  41  35  -68.46  -41.00 -143.9  164.5    0.32
   22 GLUON         21   2  19  30  42  43  -77.57  -45.40 -161.0  184.4    0.75
   23 DQRK          94 144   9   6  25  27   10.05  -17.74  376.1  376.7    6.83
   24 CONE           0 100   9   4   0   0   -0.23    0.40    9.9    9.9    0.00
   25 DQRK           1   2  23  26  44  40    7.02   -7.99  227.9  228.1    0.32
   26 GLUON         21   2  23  27  45  46    1.71   -3.33   52.0   52.1    0.75
   27 GLUON         21   2  23  35  47  48    1.32   -6.42   96.2   96.5    0.75
   28 GLUON         94 144  10   6  30  34  -45.35    3.80 -207.6  212.7   10.08
   29 CONE           0 100  10   8   0   0   -0.94   -0.74   -1.3    1.7    0.00
   30 GLUON         21   2  28  31  49  50  -11.99    1.80  -50.0   51.5    0.75
   31 GLUON         21   2  28  32  51  52  -14.10    2.03  -64.3   65.9    0.75
   32 GLUON         21   2  28  33  53  54  -11.33    0.29  -45.1   46.5    0.75
   33 GLUON         21   2  28  34  55  56   -5.26    0.41  -36.9   37.3    0.75
   34 GLUON         21   2  28  36  57  58   -2.68   -0.73  -11.2   11.5    0.75

                              ---GLUON SPLITTING---   

 IHEP    ID      IDPDG IST MO1 MO2 DA1 DA2   P-X     P-Y     P-Z  ENERGY    MASS
   35 UD          2101 161  11  41  86  62    0.00   -0.00 5388.1 5388.1    0.64
   36 UBAR          -2 158  13  37  84  58   -0.30    0.70  -20.7   20.7    0.32
   37 UQRK           2 158  13  38  73  36    0.06    0.61  -13.6   13.6    0.32
   38 UBAR          -2 158  13  39  73  37   -0.32   -0.69  -25.2   25.2    0.32
   39 UQRK           2 158  13  63  74  38   -0.08   -0.21   -9.0    9.0    0.32
   40 UU          2203 162  13  44  85  60   -0.00   -0.00-1802.0 1802.0    0.64
   41 UQRK           2 158  19  42  75  35  -68.46  -41.00 -143.9  164.5    0.32
   42 UBAR          -2 158  19  43  75  41  -55.60  -32.49 -115.1  131.9    0.32
   43 UQRK           2 158  19  65  76  42  -19.66  -11.54  -41.0   46.9    0.32
   44 DQRK           1 158  23  45  77  40    7.02   -7.99  227.9  228.1    0.32
   45 UBAR          -2 158  23  46  77  44    0.82   -2.00   29.1   29.2    0.32
   46 UQRK           2 158  23  47  78  45    0.89   -1.34   22.9   22.9    0.32
   47 UBAR          -2 158  23  48  78  46    0.29   -1.55   23.4   23.5    0.32
   48 UQRK           2 158  23  69  79  47    0.72   -3.42   51.4   51.6    0.32
   49 DBAR          -1 158  28  50  88  66   -2.58    0.33  -10.8   11.1    0.32
   50 DQRK           1 158  28  51  80  49   -8.94    1.40  -37.2   38.3    0.32
   51 UBAR          -2 158  28  52  80  50   -3.76    0.57  -17.6   18.0    0.32
   52 UQRK           2 158  28  53  81  51  -10.34    1.46  -46.7   47.9    0.32
   53 DBAR          -1 158  28  54  81  52   -4.51    0.20  -17.3   17.9    0.32
   54 DQRK           1 158  28  55  82  53   -6.82    0.09  -27.8   28.6    0.32
   55 DBAR          -1 158  28  56  82  54   -1.35    0.15  -10.1   10.2    0.32
   56 DQRK           1 158  28  57  83  55   -3.91    0.26  -26.8   27.1    0.32
   57 DBAR          -1 158  28  58  83  56   -1.21   -0.47   -5.8    5.9    0.32
   58 DQRK           1 158  28  36  84  57   -1.46   -0.25   -5.4    5.6    0.32
   59 UBAR          -2 159  13  60  91  72   -0.00   -0.00-2356.6 2356.6    0.32
   60 UQRK           2 159  13  40  85  59   -0.01   -0.04  -35.7   35.7    0.32
   61 DBAR          -1 159  11  62  89  68    0.01   -0.04   36.6   36.6    0.32
   62 DQRK           1 159  23  35  86  61    0.00   -0.01  222.5  222.5    0.32
   63 DBAR          -1 159  13  64  74  39   -0.00   -0.00 -438.4  438.4    0.32
   64 DQRK           1 159  13  71  87  63   -0.02   -0.05  -26.5   26.5    0.32
   65 UBAR          -2 159  28  66  76  43   -0.62   -0.05   -2.2    2.4    0.32
   66 UQRK           2 159  19  49  88  65   -2.17   -1.25   -4.6    5.3    0.32
   67 SBAR          -3 159  11  68  90  70    0.01   -0.04   92.4   92.4    0.50
   68 SQRK           3 159  23  61  89  67    0.04   -0.17   23.9   23.9    0.50
   69 DBAR          -1 159  11  70  79  48    0.01   -0.05   31.7   31.7    0.32
   70 DQRK           1 159  23  67  90  69    0.24   -1.14   18.3   18.4    0.32
   71 UBAR          -2 159  13  72  87  64   -0.00   -0.01 -123.0  123.0    0.32
   72 UQRK           2 159  13  59  91  71   -0.00   -0.00-1064.1 1064.1    0.32

                             ---CLUSTER FORMATION---  

 IHEP    ID      IDPDG IST MO1 MO2 DA1 DA2   P-X     P-Y     P-Z  ENERGY    MASS
   73 CLUS          91 183  37  38  92  93   -0.26   -0.08  -38.8   38.8    1.53
   74 CLUS          91 183  39  63  94  95   -0.08   -0.22 -447.4  447.5    2.77
   75 CLUS          91 183  41  42  96  97 -124.05  -73.49 -259.0  296.5    1.14
   76 CLUS          91 183  43  65  98  99  -20.28  -11.59  -43.3   49.3    3.34
   77 CLUS          91 183  44  45 100 101    7.84   -9.99  257.0  257.3    2.92
   78 CLUS          91 183  46  47 102 103    1.18   -2.89   46.3   46.4    0.91
   79 CLUS          91 183  48  69 104 105    0.73   -3.47   83.1   83.3    2.76
   80 CLUS          91 183  50  51 106 107  -12.69    1.97  -54.8   56.3    0.96
   81 CLUS          91 183  52  53 108 109  -14.85    1.66  -64.1   65.8    1.41
   82 CLUS          91 183  54  55 110 111   -8.17    0.24  -37.9   38.8    1.99
   83 CLUS          91 183  56  57 112 113   -5.12   -0.21  -32.6   33.0    1.62
   84 CLUS          91 183  58  36 114 115   -1.76    0.44  -26.1   26.3    2.93
   85 CLUS          91 185  60  40 116 117   -0.01   -0.04-1837.6 1837.6    2.40
   86 CLUS          91 184  62  35 118 119    0.00   -0.01 5610.6 5610.6    1.73
   87 CLUS          91 183  64  71 120 121   -0.02   -0.06 -149.5  149.5    0.84
   88 CLUS          91 183  66  49 122 123   -4.75   -0.92  -15.4   16.4    2.66
   89 CLUS          91 183  68  61 124 125    0.04   -0.21   60.5   60.5    0.91
   90 CLUS          91 183  70  67 126 127    0.25   -1.18  110.7  110.7    2.77
   91 CLUS          91 183  72  59 128 129   -0.00   -0.00-3420.7 3420.7    0.69

                              ---CLUSTER DECAYS---    

 IHEP    ID      IDPDG IST MO1 MO2 DA1 DA2   P-X     P-Y     P-Z  ENERGY    MASS
   92 B_1+       10213 197  73  13 171 172   -0.12   -0.12  -36.8   36.8    1.23
   93 PI-         -211   1  73  13   0   0   -0.14    0.04   -2.0    2.0    0.14
   94 PI+          211   1  74  13   0   0    0.23    0.56 -301.6  301.6    0.14
   95 FL_1       20223 197  74  13 173 174   -0.31   -0.77 -145.8  145.8    1.28
   96 PI+          211   1  75  19   0   0  -38.30  -22.95  -80.5   92.1    0.14
   97 RHO-        -213 197  75  19 175 176  -85.76  -50.54 -178.5  204.4    0.77
   98 DELTA++     2224 197  76  19 177 178   -5.04   -2.08  -10.1   11.5    1.23
   99 DLTABR--   -2224 197  76  19 179 180  -15.25   -9.51  -33.2   37.8    1.23
  100 DELTA-      1114 197  77  23 181 182    6.33   -7.40  205.7  206.0    1.23
  101 NBAR       -2112   1  77  23   0   0    1.52   -2.58   51.3   51.4    0.94
  102 PI+          211   1  78  23   0   0    0.63   -1.59   31.3   31.4    0.14
  103 PI-         -211   1  78  23   0   0    0.55   -1.30   14.9   15.0    0.14
  104 DELTA++     2224 197  79  23 183 184    0.72   -2.66   54.8   54.9    1.23
  105 DELTABR-   -2214 197  79  23 185 186    0.02   -0.80   28.3   28.4    1.23
  106 RHO-        -213 197  80  28 187 188  -11.55    1.84  -50.2   51.5    0.77
  107 PI0          111   1  80  28   0   0   -1.14    0.13   -4.7    4.8    0.13
  108 PI+          211   1  81  28   0   0   -5.81    0.19  -25.5   26.2    0.14
  109 RHO0         113 197  81  28 189 190   -9.04    1.47  -38.6   39.6    0.77
  110 P           2212   1  82  28   0   0   -2.78    0.16  -12.7   13.1    0.94
  111 PBAR       -2212   1  82  28   0   0   -5.39    0.07  -25.1   25.7    0.94
  112 K0           311 197  83  28 191 191   -3.08   -0.29  -18.0   18.3    0.50
  113 K*BAR0      -313 197  83  28 192 193   -2.04    0.08  -14.6   14.7    0.90
  114 DELTA+      2214 197  84  28 194 195   -1.55   -0.27  -14.4   14.5    1.23
  115 DLTABR--   -2224 197  84  28 196 197   -0.21    0.72  -11.7   11.8    1.23
  116 RHO+         213 197  85  13 198 199   -0.19    0.52-1009.6 1009.6    0.77
  117 DELTA+      2214 197  85  13 200 201    0.18   -0.56 -828.1  828.1    1.23
  118 RHO-        -213 197  86  23 202 203   -0.03    0.14 2513.3 2513.3    0.77
  119 P           2212   1  86  23   0   0    0.03   -0.15 3097.3 3097.3    0.94
  120 PI-         -211   1  87  13   0   0   -0.32   -0.28  -86.9   86.9    0.14
  121 PI0          111   1  87  13   0   0    0.30    0.22  -62.6   62.6    0.13
  122 DELTA0      2114 197  88  19 204 205   -3.36   -0.52  -10.4   11.0    1.23
  123 DELTABR+   -1114 197  88  19 206 207   -1.39   -0.40   -5.0    5.4    1.23
  124 KBAR0       -311 197  89  23 208 208   -0.13    0.03   22.3   22.3    0.50
  125 PI0          111   1  89  23   0   0    0.17   -0.23   38.2   38.2    0.13
  126 DELTA-      1114 197  90  23 209 210    0.48   -0.62   43.9   43.9    1.23
  127 SGMA*BR+   -3114 197  90  23 211 212   -0.23   -0.56   66.8   66.8    1.39
  128 PI+          211   1  91  13   0   0   -0.02    0.15 -337.4  337.4    0.14
  129 PI-         -211   1  91  13   0   0    0.02   -0.15-3083.2 3083.2    0.14

                            ---H/W/Z BOSON DECAYS---  

 IHEP    ID      IDPDG IST MO1 MO2 DA1 DA2   P-X     P-Y     P-Z  ENERGY    MASS
  130 CQRK           4 123  18 131 132 131  120.96  114.54  233.9  287.1    1.55
  131 CBAR          -4 124  18 130 136 130   61.04  -14.51   25.2   67.6    1.55

                              ---PARTON SHOWERS---    

 IHEP    ID      IDPDG IST MO1 MO2 DA1 DA2   P-X     P-Y     P-Z  ENERGY    MASS
  132 CQRK          94 143 130  18 134 135  120.56  114.10  233.0  286.1    4.08
  133 CONE           0 100 130 131   0   0    1.43    0.02    1.0    1.8    0.00
  134 CQRK           4   2 132 135 141 140  108.22  103.26  208.9  256.9    1.55
  135 GLUON         21   2 132 138 142 143   12.34   10.84   24.1   29.2    0.75
  136 CBAR          94 144 131  18 138 140   61.44  -14.06   26.0   68.6    7.84
  137 CONE           0 100 131 130   0   0   -0.39    0.71    0.6    1.0    0.00
  138 GLUON         21   2 136 139 144 145    3.72   -1.84    2.5    4.9    0.75
  139 GLUON         21   2 136 140 146 147    4.20   -1.90    1.2    4.8    0.75
  140 CBAR          -4   2 136 141 148 147   53.53  -10.31   22.3   58.9    1.55

                              ---GLUON SPLITTING---   

 IHEP    ID      IDPDG IST MO1 MO2 DA1 DA2   P-X     P-Y     P-Z  ENERGY    MASS
  141 CQRK           4 158 132 142 153 148  108.22  103.26  208.9  256.9    1.55
  142 UBAR          -2 158 132 143 153 141    7.45    6.77   14.7   17.8    0.32
  143 UQRK           2 158 132 149 154 142    4.44    3.70    8.6   10.3    0.32
  144 DBAR          -1 158 136 145 157 150    1.77   -0.75    1.3    2.3    0.32
  145 DQRK           1 158 136 146 155 144    1.51   -0.89    0.9    2.0    0.32
  146 UBAR          -2 158 136 147 155 145    1.90   -0.79    0.4    2.1    0.32
  147 UQRK           2 158 136 151 156 146    1.85   -0.77    0.7    2.2    0.32
  148 CBAR          -4 158 136 141 158 152   46.20   -8.94   19.3   50.9    1.55
  149 UBAR          -2 159 136 150 154 143    0.44    0.07    0.6    0.8    0.32
  150 UQRK           2 159 132 144 157 149    0.44    0.10    0.6    0.8    0.32
  151 DBAR          -1 159 136 152 156 147    5.68   -1.13    2.4    6.3    0.32
  152 DQRK           1 159 136 148 158 151    2.09   -0.59    0.8    2.4    0.32

                             ---CLUSTER FORMATION---  

 IHEP    ID      IDPDG IST MO1 MO2 DA1 DA2   P-X     P-Y     P-Z  ENERGY    MASS
  153 CLUS          91 183 141 142 159 160  115.67  110.03  223.6  274.7    2.65
  154 CLUS          91 183 143 149 161 162    4.89    3.76    9.1   11.1    1.55
  155 CLUS          91 183 145 146 163 164    3.41   -1.68    1.2    4.1    0.91
  156 CLUS          91 183 147 151 165 166    7.53   -1.90    3.1    8.4    1.01
  157 CLUS          91 183 150 144 167 168    2.21   -0.65    1.9    3.1    1.04
  158 CLUS          91 183 152 148 169 170   48.29   -9.53   20.1   53.2    2.36

                              ---CLUSTER DECAYS---    

 IHEP    ID      IDPDG IST MO1 MO2 DA1 DA2   P-X     P-Y     P-Z  ENERGY    MASS
  159 D*0          423 197 153 132 213 214   99.80   95.05  192.8  237.0    2.01
  160 ETA          221 197 153 132 215 216   15.87   14.98   30.8   37.7    0.55
  161 RHO+         213 197 154 132 217 218    1.99    1.95    4.9    5.7    0.77
  162 PI-         -211   1 154 132   0   0    2.90    1.81    4.3    5.5    0.14
  163 PI0          111   1 155 136   0   0    0.49   -0.26    0.2    0.6    0.13
  164 RHO-        -213 197 155 136 219 220    2.92   -1.42    1.0    3.5    0.77
  165 RHO+         213 197 156 136 221 222    6.97   -1.66    2.8    7.7    0.77
  166 PI0          111   1 156 136   0   0    0.56   -0.24    0.2    0.7    0.13
  167 PI0          111   1 157 132   0   0    1.21   -0.66    1.6    2.1    0.13
  168 PI+          211   1 157 132   0   0    1.01    0.01    0.3    1.1    0.14
  169 PI0          111   1 158 136   0   0    0.76   -0.27    0.3    0.9    0.13
  170 D-          -411 197 158 136 223 225   47.53   -9.26   19.8   52.4    1.87

                           ---STRONG HADRON DECAYS--- 

 IHEP    ID      IDPDG IST MO1 MO2 DA1 DA2   P-X     P-Y     P-Z  ENERGY    MASS
  171 OMEGA        223 198  92  13 226 228    0.15   -0.00  -17.3   17.3    0.78
  172 PI+          211   1  92  13   0   0   -0.26   -0.12  -19.5   19.5    0.14
  173 A_0+     9000211 198  95  13 229 230   -0.18   -0.85 -126.6  126.6    1.00
  174 PI-         -211   1  95  13   0   0   -0.13    0.08  -19.2   19.2    0.14
  175 PI-         -211   1  97  19   0   0  -10.52   -6.39  -21.8   25.0    0.14
  176 PI0          111   1  97  19   0   0  -75.24  -44.14 -156.7  179.3    0.13
  177 P           2212   1  98  19   0   0   -4.15   -1.47   -8.1    9.2    0.94
  178 PI+          211   1  98  19   0   0   -0.89   -0.61   -2.0    2.3    0.14
  179 PBAR       -2212   1  99  19   0   0   -9.97   -6.05  -21.7   24.7    0.94
  180 PI-         -211   1  99  19   0   0   -5.28   -3.45  -11.5   13.1    0.14
  181 N           2112   1 100  23   0   0    4.63   -5.77  156.7  156.9    0.94
  182 PI-         -211   1 100  23   0   0    1.69   -1.64   49.0   49.1    0.14
  183 P           2212   1 104  23   0   0    0.80   -2.51   50.0   50.1    0.94
  184 PI+          211   1 104  23   0   0   -0.08   -0.15    4.8    4.8    0.14
  185 NBAR       -2112   1 105  23   0   0   -0.20   -0.70   23.5   23.6    0.94
  186 PI-         -211   1 105  23   0   0    0.22   -0.10    4.8    4.8    0.14
  187 PI-         -211   1 106  28   0   0   -5.75    0.83  -26.5   27.1    0.14
  188 PI0          111   1 106  28   0   0   -5.80    1.01  -23.7   24.4    0.13
  189 PI+          211   1 109  28   0   0   -8.57    1.49  -36.5   37.5    0.14
  190 PI-         -211   1 109  28   0   0   -0.47   -0.02   -2.1    2.2    0.14
  191 K_S0         310 198 112  28 231 232   -3.08   -0.29  -18.0   18.3    0.50
  192 K-          -321   1 113  28   0   0   -1.02   -0.11   -6.1    6.2    0.49
  193 PI+          211   1 113  28   0   0   -1.02    0.19   -8.4    8.5    0.14
  194 N           2112   1 114  28   0   0   -0.86   -0.14   -9.1    9.2    0.94
  195 PI+          211   1 114  28   0   0   -0.69   -0.13   -5.3    5.3    0.14
  196 PBAR       -2212   1 115  28   0   0    0.02    0.55   -7.8    7.9    0.94
  197 PI-         -211   1 115  28   0   0   -0.23    0.16   -3.9    3.9    0.14
  198 PI+          211   1 116  13   0   0   -0.15    0.34 -935.8  935.8    0.14
  199 PI0          111   1 116  13   0   0   -0.04    0.18  -73.7   73.7    0.13
  200 P           2212   1 117  13   0   0   -0.09   -0.48 -635.5  635.5    0.94
  201 PI0          111   1 117  13   0   0    0.26   -0.08 -192.6  192.6    0.13
  202 PI-         -211   1 118  23   0   0   -0.14    0.38 1941.5 1941.5    0.14
  203 PI0          111   1 118  23   0   0    0.11   -0.24  571.7  571.7    0.13
  204 P           2212   1 122  19   0   0   -2.33   -0.52   -7.8    8.2    0.94
  205 PI-         -211   1 122  19   0   0   -1.03    0.01   -2.6    2.8    0.14
  206 NBAR       -2112   1 123  19   0   0   -1.01   -0.51   -3.6    3.9    0.94
  207 PI+          211   1 123  19   0   0   -0.38    0.10   -1.4    1.4    0.14
  208 K_S0         310 198 124  23 233 234   -0.13    0.03   22.3   22.3    0.50
  209 N           2112   1 126  23   0   0    0.20   -0.39   27.1   27.1    0.94
  210 PI-         -211   1 126  23   0   0    0.28   -0.23   16.8   16.8    0.14
  211 LAMBDABR   -3122 198 127  23 235 236   -0.32   -0.57   51.6   51.6    1.12
  212 PI+          211   1 127  23   0   0    0.10    0.01   15.2   15.2    0.14
  213 D0           421 198 159 132 237 240   91.69   87.37  177.2  217.8    1.86
  214 PI0          111   1 159 132   0   0    8.11    7.68   15.6   19.2    0.13
  215 GAMMA         22   1 160 132   0   0   13.76   13.20   26.7   32.8    0.00
  216 GAMMA         22   1 160 132   0   0    2.11    1.77    4.0    4.9    0.00
  217 PI+          211   1 161 132   0   0    1.75    1.42    3.5    4.1    0.14
  218 PI0          111   1 161 132   0   0    0.24    0.52    1.4    1.5    0.13
  219 PI-         -211   1 164 136   0   0    0.50   -0.25   -0.1    0.6    0.14
  220 PI0          111   1 164 136   0   0    2.42   -1.16    1.1    2.9    0.13
  221 PI+          211   1 165 136   0   0    0.99   -0.41    0.6    1.2    0.14
  222 PI0          111   1 165 136   0   0    5.98   -1.25    2.2    6.5    0.13
  223 K*0          313 198 170 136 241 242   24.90   -5.11   10.4   27.5    0.90
  224 PI-         -211   1 170 136   0   0   10.45   -1.56    4.6   11.5    0.14
  225 PI0          111   1 170 136   0   0   12.18   -2.59    4.9   13.4    0.13
  226 PI+          211   1 171  13   0   0    0.11    0.09  -10.1   10.1    0.14
  227 PI-         -211   1 171  13   0   0   -0.05    0.02   -5.9    5.9    0.14
  228 PI0          111   1 171  13   0   0    0.09   -0.11   -1.3    1.3    0.13
  229 ETA          221 198 173  13 243 244   -0.42   -0.66 -104.6  104.7    0.55
  230 PI+          211   1 173  13   0   0    0.24   -0.19  -22.0   22.0    0.14
  231 PI+          211   1 191  28   0   0   -1.08   -0.01   -7.4    7.4    0.14
  232 PI-         -211   1 191  28   0   0   -2.00   -0.28  -10.7   10.9    0.14
  233 PI+          211   1 208  23   0   0    0.08   -0.10   13.6   13.6    0.14
  234 PI-         -211   1 208  23   0   0   -0.21    0.13    8.7    8.7    0.14
  235 NBAR       -2112   1 211  23   0   0   -0.28   -0.59   43.7   43.7    0.94
  236 PI0          111   1 211  23   0   0   -0.04    0.02    7.8    7.8    0.13
  237 KBAR0       -311 198 213 132 245 245   50.51   47.59   97.8  119.9    0.50
  238 PI+          211   1 213 132   0   0   15.38   14.93   29.2   36.2    0.14
  239 PI-         -211   1 213 132   0   0   19.85   19.28   38.8   47.6    0.14
  240 PI0          111   1 213 132   0   0    5.96    5.57   11.4   14.1    0.13
  241 K+           321   1 223 136   0   0   22.87   -4.76    9.7   25.3    0.49
  242 PI-         -211   1 223 136   0   0    2.04   -0.35    0.7    2.2    0.14
  243 GAMMA         22   1 229  13   0   0   -0.41   -0.73  -82.7   82.8    0.00
  244 GAMMA         22   1 229  13   0   0   -0.01    0.07  -21.9   21.9    0.00
  245 K_L0         130   1 237 132   0   0   50.51   47.59   97.8  119.9    0.50

 HWWARN CALLED FROM SUBPROGRAM HWDFIV: CODE = 101
 EVENT    2072:   SEEDS = 1367006802 &  505496320  WEIGHT = 0.5961E-03
 EVENT KILLED.   EXECUTION CONTINUES

 HWWARN CALLED FROM SUBPROGRAM HWDFIV: CODE = 101
 EVENT    5797:   SEEDS = 1979330767 &  756373621  WEIGHT = 0.5961E-03
 EVENT KILLED.   EXECUTION CONTINUES

 HWWARN CALLED FROM SUBPROGRAM HWDFIV: CODE = 101
 EVENT    8049:   SEEDS = 2073225544 & 1400111836  WEIGHT = 0.5961E-03
 EVENT KILLED.   EXECUTION CONTINUES

 HWWARN CALLED FROM SUBPROGRAM HWSBRN: CODE = 105
 EVENT    9661:   SEEDS = 1288405201 &  710258268  WEIGHT = 0.5961E-03
 EVENT KILLED.   EXECUTION CONTINUES

          OUTPUT ON LES HOUCHES EVENTS


      PROC CODE  XSECT(pb)        XERR(pb)      Max wgt(nb) No. of events


          OUTPUT ON ELEMENTARY PROCESS

          N.B. NEGATIVE WEIGHTS ALLOWED

          NUMBER OF EVENTS   =        9996
          NEGATIVE  EVENTS   =        2608
          NUMBER OF WEIGHTS  =       10000
          NEGATIVE  WEIGHTS  =        2608
          MEAN VALUE OF WGT  =  2.8520E-04
          RMS SPREAD IN WGT  =  5.2350E-04
          MEAN ABS WEIGHT    =  5.9615E-04
          ACTUAL MAX ABS WGT =  1.0000E+00
          ASSUMED MAXABS WGT =  2.8520E-04

          PROCESS CODE IPROC =      -18000
          CROSS SECTION (PB) =  0.2852    
          ERROR IN C-S  (PB) =  5.2350E-03
          EFFICIENCY PERCENT =   100.0    
 # of events processed=        9996
