 Enter filename for events
 Enter maximum number of events to generate
 MUST coincide with the number of events on tape
 Enter 0 to use Herwig default PDFs
       1 to use PDFs from library
 Enter colliding particles (PART1, PART2)
 Enter beam momenta (PBEAM1, PBEAM2)


          HERWIG 6.521  11th Mar. 2013

          Please reference:  G. Marchesini, B.R. Webber,
          G.Abbiendi, I.G.Knowles, M.H.Seymour & L.Stanco
          Computer Physics Communications 67 (1992) 465
                             and
          G.Corcella, I.G.Knowles, G.Marchesini, S.Moretti,
          K.Odagiri, P.Richardson, M.H.Seymour & B.R.Webber,
          JHEP 0101 (2001) 010
 Enter .TRUE. for underlying event, .FALSE. otherwise

 Underlying event WILL NOT be generated

 Enter Lambda_QCD, <0 for Herwig default
 Enter Z mass, width
 Enter W mass, width
 Enter top mass, width
 Enter Higgs (SM) boson mass, width
 Enter quark (d,u,s,c,b) and gluon masses
 Enter lepton (e,mu,tau) masses
 Enter number of events to print
 Enter accepted error fraction
 Is it single-top (.TRUE. or .FALSE)?
 Is it b-bbar (.TRUE. or .FALSE)?
 Enter the two random seeds (0 0 for default)

          INPUT CONDITIONS FOR THIS RUN

          BEAM 1 (P       ) MOM. =   6500.00
          BEAM 2 (P       ) MOM. =   6500.00
          PROCESS CODE (IPROC)   =  -18000
          NUMBER OF FLAVOURS     =    6
          STRUCTURE FUNCTION SET =    8
          AZIM SPIN CORRELATIONS =    T
          AZIM SOFT CORRELATIONS =    T
          QCD LAMBDA (GEV)       =    0.1800
          DOWN     QUARK  MASS   =    0.3200
          UP       QUARK  MASS   =    0.3200
          STRANGE  QUARK  MASS   =    0.5000
          CHARMED  QUARK  MASS   =    1.5500
          BOTTOM   QUARK  MASS   =    4.9500
          TOP      QUARK  MASS   =  173.0000
          GLUON EFFECTIVE MASS   =    0.7500
          EXTRA SHOWER CUTOFF (Q)=    0.4800
          EXTRA SHOWER CUTOFF (G)=    0.1000
          PHOTON SHOWER CUTOFF   =    0.4000
          CLUSTER MASS PARAMETER =    3.3500
          SPACELIKE EVOLN CUTOFF =    2.5000
          INTRINSIC P-TRAN (RMS) =    0.0000
          DECAY SPIN CORRELATIONS=    T
          SUSY THREE BODY ME     =    T
          SUSY FOUR  BODY ME     =    F

          NO EVENTS WILL BE WRITTEN TO DISK

          B_d: Delt-M/Gam =0.7000 Delt-Gam/2*Gam =0.0000
          B_s: Delt-M/Gam = 10.00 Delt-Gam/2*Gam =0.2000

          PDFLIB NOT USED FOR BEAM 1
          PDFLIB NOT USED FOR BEAM 2


          Checking consistency of particle properties


          Checking consistency of decay tables


          WRITING SUDAKOV TABLE ON UNIT  77

          WRITING MATRIX ELEMENT TABLE ON UNIT  88

          CHECKING SUSY DECAY MATRIX ELEMENTS
 Do you want a stable Pi0 (.TRUE. or .FALSE)?
 Do you want a stable W+ (.TRUE. or .FALSE)?
 Do you want a stable W- (.TRUE. or .FALSE)?
 Do you want a stable Z0 (.TRUE. or .FALSE)?
 Do you want a stable Tau+ (.TRUE. or .FALSE)?
 Do you want a stable Tau- (.TRUE. or .FALSE)?
 Do you want a stable Mu+ (.TRUE. or .FALSE)?
 Do you want a stable Mu- (.TRUE. or .FALSE)?
 Do you want a stable Higgs (.TRUE. or .FALSE)?

          PARTICLE TYPE  21=PI0      SET STABLE
 How many decay modes do you want to set?
 How are the events normalized ("average" or "sum")?
 stdhep initialized

          SUBROUTINE TIMEL CALLED BUT NOT LINKED.
          DUMMY TIMEL WILL BE USED. DELETE DUMMY
          AND LINK CERNLIB FOR CPU TIME REMAINING.

 HWWARN CALLED FROM SUBPROGRAM HWSMRS: CODE =   5
 EVENT       1:   SEEDS = 1973774260 & 1099242306  WEIGHT = 0.5938E-03
 EVENT SURVIVES. EXECUTION CONTINUES
 WARNING: MRST98 CALLED WITH Q OUTSIDE ALLOWED RANGE!
 Q VALUE=1.430E+04, MINIMUM=1.118E+00, MAXIMUM=3.162E+03
 NO FURTHER WARNINGS WILL BE ISSUED



 EVENT       1: 6500.00 GEV/C P        ON  6500.00 GEV/C P        PROCESS:-18000
 SEEDS:  1973774260 &  1099242306   STATUS:  100 ERROR:   0  WEIGHT:  5.9381E-04


                               ---INITIAL STATE---    

 IHEP    ID      IDPDG IST MO1 MO2 DA1 DA2   P-X     P-Y     P-Z  ENERGY    MASS
    1 P           2212 101   0   0   0   0    0.00    0.00 6500.0 6500.0    0.94
    2 P           2212 102   0   0   0   0    0.00    0.00-6500.0 6500.0    0.94
    3 CMF            0 103   1   2   0   0    0.00    0.00    0.013000.013000.00

                              ---HARD SUBPROCESS---   

 IHEP    ID      IDPDG IST MO1 MO2 DA1 DA2   P-X     P-Y     P-Z  ENERGY    MASS
    4 UQRK           2 121   6   8  10   9    0.00    0.00 1041.6 1041.6    0.32
    5 DQRK           1 122   6   9  15   8    0.00    0.00 -721.4  721.4    0.32
    6 HARD           0 120   4   5   7   9   12.51   -1.45  320.2 1763.1 1733.69
    7 HIGGS         25 123   6   7  21   7 -255.63  -56.26  359.3  461.8  125.00
    8 UQRK           2 124   6   5  22   4   96.36 -135.37 -634.5  655.9    0.32
    9 DQRK           1 124   6   4  27   5  159.28  191.63  595.3  645.4    0.32

                              ---PARTON SHOWERS---    

 IHEP    ID      IDPDG IST MO1 MO2 DA1 DA2   P-X     P-Y     P-Z  ENERGY    MASS
   10 UQRK          94 141   4   6  12  14   -2.72   -5.59 1042.3 1042.2  -11.08
   11 CONE           0 100   4   9   0   0    0.64    0.77    2.2    2.4    0.00
   12 GLUON         21   2  10  13  32  33    2.21    3.32  323.7  323.7    0.75
   13 GLUON         21   2  10  14  34  35    0.51    2.28  199.5  199.5    0.75
   14 UD          2101   2  10  24  36  35    0.00    0.00 4934.5 4934.5    0.32
   15 DQRK          94 142   5   6  17  20   15.23    4.14 -722.1  720.8  -45.52
   16 CONE           0 100   5   8   0   0    0.58   -0.81   -2.7    2.9    0.00
   17 GLUON         21   2  15  18  37  38   -3.41   -2.36  -32.9   33.2    0.75
   18 GLUON         21   2  15  19  39  40   -4.75   -1.76  -29.8   30.3    0.75
   19 GLUON         21   2  15  20  41  42   -7.06   -0.03  -44.9   45.5    0.75
   20 UU          2203   2  15  29  43  42    0.00    0.00-5670.3 5670.3    0.29
   21 HIGGS         25 195   7   6 152 153 -252.20  -56.61  359.1  459.8  125.00
   22 UQRK          94 144   8   6  24  26  100.96 -135.82 -633.9  657.0   34.86
   23 CONE           0 100   8   5   0   0   -0.18    0.24   -2.8    2.8    0.00
   24 UQRK           2   2  22  25  44  36   94.62 -134.88 -588.6  611.2    0.32
   25 GLUON         21   2  22  26  45  46    4.69   -1.25  -32.5   32.9    0.75
   26 GLUON         21   2  22  37  47  48    1.65    0.31  -12.8   13.0    0.75
   27 DQRK          94 144   9   6  29  31  163.76  190.98  595.0  646.3   17.88
   28 CONE           0 100   9   4   0   0   -0.29   -0.33    1.5    1.6    0.00
   29 DQRK           1   2  27  30  49  43  148.02  170.59  531.4  577.4    0.32
   30 GLUON         21   2  27  31  50  51   15.44   19.40   57.7   62.8    0.75
   31 GLUON         21   2  27  32  52  53    0.29    1.00    5.9    6.0    0.75

                              ---GLUON SPLITTING---   

 IHEP    ID      IDPDG IST MO1 MO2 DA1 DA2   P-X     P-Y     P-Z  ENERGY    MASS
   32 DBAR          -1 158  10  33  98  69    0.49    0.64   71.7   71.7    0.32
   33 DQRK           1 158  10  34  80  32    1.46    2.35  214.8  214.8    0.32
   34 DBAR          -1 158  10  35  80  33    0.30    1.32  129.2  129.2    0.32
   35 DQRK           1 158  10  58  81  34    0.16    0.73   57.1   57.1    0.32
   36 UD          2101 161  10  44  91  55    0.00    0.01 3771.9 3771.9    0.64
   37 DBAR          -1 158  15  38  87  48   -1.61   -1.10  -17.0   17.1    0.32
   38 DQRK           1 158  15  39  82  37   -1.80   -1.26  -15.9   16.0    0.32
   39 UBAR          -2 158  15  40  82  38   -1.88   -0.53  -12.0   12.1    0.32
   40 UQRK           2 158  15  41  83  39   -2.88   -1.23  -17.8   18.1    0.32
   41 DBAR          -1 158  15  42  83  40   -4.42   -0.17  -28.6   28.9    0.32
   42 DQRK           1 158  15  60  84  41   -2.17    0.11  -13.5   13.7    0.32
   43 UU          2203 162  15  49  92  57   -0.00    0.00-2277.7 2277.7    0.64
   44 UQRK           2 158  22  64  85  36   44.25  -63.08 -275.2  285.8    0.32
   45 DBAR          -1 158  22  46 102  77    2.28   -0.54  -14.8   15.0    0.32
   46 DQRK           1 158  22  47  86  45    1.79   -0.59  -13.7   13.8    0.32
   47 UBAR          -2 158  22  48  86  46    0.89   -0.03   -6.5    6.5    0.32
   48 UQRK           2 158  22  37  87  47    0.77    0.34   -6.4    6.4    0.32
   49 DQRK           1 158  27  66  88  43  126.30  145.56  453.4  492.7    0.32
   50 UBAR          -2 158  27  51  97  67    7.14    8.98   26.7   29.1    0.32
   51 UQRK           2 158  27  52  89  50    5.80    7.01   21.2   23.1    0.32
   52 DBAR          -1 158  27  53  89  51    0.32    0.69    4.2    4.3    0.32
   53 DQRK           1 158  27  68  90  52   -0.02    0.28    1.7    1.7    0.32
   54 UBAR          -2 159  10  55  93  59    0.00    0.01  521.6  521.6    0.32
   55 UQRK           2 159  10  36  91  54    0.00    0.02  313.0  313.0    0.32
   56 UBAR          -2 159  15  57  99  71   -0.00    0.00-2107.6 2107.6    0.32
   57 UQRK           2 159  15  43  92  56   -0.01    0.00  -91.3   91.3    0.32
   58 SBAR          -3 159  10  59  81  35    0.02    0.10  158.0  158.0    0.50
   59 SQRK           3 159  10  54  93  58    0.02    0.09  183.3  183.3    0.50
   60 DBAR          -1 159  15  61  84  42   -0.05    0.00  -13.5   13.5    0.32
   61 DQRK           1 159  15  74  94  60   -0.25    0.01   -4.0    4.0    0.32
   62 DBAR          -1 159  22  63  96  65    0.67   -0.81   -4.2    4.4    0.32
   63 DQRK           1 159  22  76  95  62    6.21   -8.84  -38.6   40.1    0.32
   64 SBAR          -3 159  22  65  85  44   10.98  -15.63  -68.3   70.9    0.50
   65 SQRK           3 159  22  62  96  64   30.55  -43.55 -190.1  197.4    0.50
   66 UBAR          -2 159  27  67  88  49   17.57   20.35   63.2   68.7    0.32
   67 UQRK           2 159  27  50  97  66    6.66    8.08   24.5   26.7    0.32
   68 UBAR          -2 159  10  69  90  53    0.10    0.15   15.2   15.2    0.32
   69 UQRK           2 159  27  32  98  68    0.15    0.21   22.0   22.0    0.32
   70 DBAR          -1 159  15  71 103  79   -0.00    0.00 -680.3  680.3    0.32
   71 DQRK           1 159  15  56  99  70   -0.01    0.00  -52.4   52.4    0.32
   72 UBAR          -2 159  15  73 101  75   -0.00    0.00 -152.2  152.2    0.32
   73 UQRK           2 159  15  78 100  72   -0.04    0.00  -16.6   16.6    0.32
   74 UBAR          -2 159  15  75  94  61   -0.05    0.00  -12.5   12.5    0.32
   75 UQRK           2 159  15  72 101  74   -0.00    0.00 -126.0  126.0    0.32
   76 DBAR          -1 159  22  77  95  63    0.59   -0.32   -3.8    3.9    0.32
   77 DQRK           1 159  22  45 102  76    1.98   -2.78  -12.3   12.8    0.32
   78 SBAR          -3 159  15  79 100  73   -0.01    0.00 -102.7  102.7    0.50
   79 SQRK           3 159  15  70 103  78   -0.04    0.00  -36.4   36.4    0.50

                             ---CLUSTER FORMATION---  

 IHEP    ID      IDPDG IST MO1 MO2 DA1 DA2   P-X     P-Y     P-Z  ENERGY    MASS
   80 CLUS          91 183  33  34 104 105    1.76    3.67  343.9  344.0    1.01
   81 CLUS          91 183  35  58 106 107    0.18    0.83  215.1  215.1    1.45
   82 CLUS          91 183  38  39 108 109   -3.68   -1.78  -27.8   28.1    1.00
   83 CLUS          91 183  40  41 110 111   -7.30   -1.40  -46.4   47.1    1.57
   84 CLUS          91 183  42  60 112 113   -2.21    0.12  -26.9   27.1    2.21
   85 CLUS          91 183  44  64 114 115   55.23  -78.71 -343.5  356.7    1.18
   86 CLUS          91 183  46  47 116 117    2.68   -0.62  -20.1   20.3    0.78
   87 CLUS          91 183  48  37 118 119   -0.85   -0.76  -23.4   23.6    2.66
   88 CLUS          91 183  49  66 120 121  143.87  165.90  516.7  561.4    0.99
   89 CLUS          91 183  51  52 122 123    6.12    7.70   25.4   27.4    2.51
   90 CLUS          91 183  53  68 124 125    0.08    0.43   16.9   16.9    1.31
   91 CLUS          91 184  55  36 126 127    0.01    0.03 4084.9 4084.9    1.34
   92 CLUS          91 185  57  43 128 129   -0.01    0.00-2369.0 2369.0    1.76
   93 CLUS          91 183  59  54 130 131    0.02    0.10  704.9  704.9    1.06
   94 CLUS          91 183  61  74 132 133   -0.30    0.02  -16.5   16.5    0.85
   95 CLUS          91 183  63  76 134 135    6.80   -9.15  -42.4   44.0    2.07
   96 CLUS          91 183  65  62 136 137   31.23  -44.36 -194.3  201.7    2.46
   97 CLUS          91 183  67  50 138 139   13.79   17.07   51.3   55.8    0.67
   98 CLUS          91 183  69  32 140 141    0.64    0.84   93.7   93.7    0.75
   99 CLUS          91 183  71  56 142 143   -0.01    0.00-2159.9 2160.0    2.08
  100 CLUS          91 183  73  78 144 145   -0.05    0.00 -119.2  119.3    1.02
  101 CLUS          91 183  75  72 146 147   -0.01    0.00 -278.2  278.2    0.64
  102 CLUS          91 183  77  45 148 149    4.26   -3.32  -27.2   27.8    2.62
  103 CLUS          91 183  79  70 150 151   -0.04    0.00 -716.8  716.8    2.25

                              ---CLUSTER DECAYS---    

 IHEP    ID      IDPDG IST MO1 MO2 DA1 DA2   P-X     P-Y     P-Z  ENERGY    MASS
  104 PI-         -211   1  80  10   0   0    1.67    3.13  315.1  315.1    0.14
  105 PI+          211   1  80  10   0   0    0.08    0.54   28.8   28.8    0.14
  106 PI-         -211   1  81  10   0   0    0.24    0.73  107.8  107.8    0.14
  107 K*+          323 197  81  10 211 212   -0.06    0.10  107.3  107.3    0.89
  108 PI-         -211   1  82  15   0   0   -3.04   -1.07  -20.2   20.5    0.14
  109 PI0          111   1  82  15   0   0   -0.64   -0.71   -7.6    7.7    0.13
  110 PI0          111   1  83  15   0   0   -1.86   -0.91  -13.7   13.8    0.13
  111 RHO+         213 197  83  15 213 214   -5.43   -0.49  -32.8   33.2    0.77
  112 PI-         -211   1  84  15   0   0   -0.34   -0.64   -5.2    5.3    0.14
  113 A_1+       20213 197  84  15 215 216   -1.87    0.76  -21.7   21.8    1.23
  114 PI+          211   1  85  22   0   0   45.18  -64.40 -281.0  291.8    0.14
  115 K0           311 197  85  22 217 217   10.05  -14.31  -62.5   64.9    0.50
  116 PI-         -211   1  86  22   0   0    2.31   -0.29  -15.7   15.9    0.14
  117 PI0          111   1  86  22   0   0    0.37   -0.32   -4.4    4.5    0.13
  118 DELTA++     2224 197  87  22 218 219   -0.31   -0.79  -10.2   10.3    1.23
  119 DELTABR-   -2214 197  87  22 220 221   -0.54    0.03  -13.2   13.3    1.23
  120 PI0          111   1  88  27   0   0   52.06   59.99  186.9  203.1    0.13
  121 RHO-        -213 197  88  27 222 223   91.82  105.91  329.8  358.3    0.77
  122 DELTA+      2214 197  89  27 224 225    3.27    3.75   13.0   14.0    1.23
  123 DELTABR0   -2114 197  89  27 226 227    2.85    3.96   12.4   13.4    1.23
  124 PI-         -211   1  90  27   0   0    0.17    0.55    7.2    7.2    0.14
  125 OMEGA        223 197  90  27 228 230   -0.09   -0.12    9.6    9.7    0.78
  126 PI0          111   1  91  10   0   0    0.13    0.17  341.8  341.8    0.13
  127 P           2212   1  91  10   0   0   -0.13   -0.15 3743.1 3743.1    0.94
  128 PI+          211   1  92  15   0   0    0.37    0.02 -320.5  320.5    0.14
  129 DELTA+      2214 197  92  15 231 232   -0.38   -0.02-2048.4 2048.4    1.23
  130 K-          -321   1  93  10   0   0    0.34   -0.02  283.1  283.1    0.49
  131 PI0          111   1  93  10   0   0   -0.32    0.12  421.8  421.8    0.13
  132 PI-         -211   1  94  15   0   0   -0.05   -0.16   -1.1    1.1    0.14
  133 PI0          111   1  94  15   0   0   -0.25    0.17  -15.4   15.4    0.13
  134 P           2212   1  95  22   0   0    4.43   -5.64  -27.6   28.6    0.94
  135 PBAR       -2212   1  95  22   0   0    2.36   -3.51  -14.8   15.4    0.94
  136 K*_2BAR0    -315 197  96  22 233 235   15.58  -22.42  -97.6  101.4    1.43
  137 ETAP         331 197  96  22 236 238   15.64  -21.95  -96.6  100.3    0.96
  138 PI+          211   1  97  27   0   0    9.54   11.77   34.7   37.9    0.14
  139 PI-         -211   1  97  27   0   0    4.25    5.30   16.6   17.9    0.14
  140 PI+          211   1  98  27   0   0    0.60    0.43   38.5   38.5    0.14
  141 PI0          111   1  98  27   0   0    0.04    0.41   55.2   55.2    0.13
  142 ETA          221 197  99  15 239 241    0.46   -0.15 -604.0  604.0    0.55
  143 B_1-      -10213 197  99  15 242 243   -0.47    0.16-1555.9 1555.9    1.23
  144 PI0          111   1 100  15   0   0   -0.11   -0.36  -40.1   40.1    0.13
  145 K+           321   1 100  15   0   0    0.05    0.36  -79.1   79.1    0.49
  146 PI+          211   1 101  15   0   0    0.00   -0.26  -81.0   81.0    0.14
  147 PI-         -211   1 101  15   0   0   -0.01    0.26 -197.3  197.3    0.14
  148 DELTA+      2214 197 102  22 244 245    3.45   -2.78  -19.3   19.8    1.23
  149 PBAR       -2212   1 102  22   0   0    0.81   -0.54   -7.9    8.0    0.94
  150 ETA_2(L)   10225 197 103  15 246 247   -0.25    0.17 -482.7  482.7    1.63
  151 KBAR0       -311 197 103  15 248 248    0.21   -0.17 -234.0  234.0    0.50

                            ---H/W/Z BOSON DECAYS---  

 IHEP    ID      IDPDG IST MO1 MO2 DA1 DA2   P-X     P-Y     P-Z  ENERGY    MASS
  152 BQRK           5 123  21 153 154 153  -82.88  -48.59   53.0  109.8    4.95
  153 BBAR          -5 124  21 152 159 152 -169.33   -8.01  306.1  349.9    4.95

                              ---PARTON SHOWERS---    

 IHEP    ID      IDPDG IST MO1 MO2 DA1 DA2   P-X     P-Y     P-Z  ENERGY    MASS
  154 BQRK          94 143 152  21 156 158  -82.24  -45.85   57.7  112.2   20.04
  155 CONE           0 100 152 153   0   0    0.05    0.47    0.9    1.0    0.00
  156 BQRK           5   2 154 157 166 165  -66.60  -35.68   40.3   85.8    4.95
  157 GLUON         21   2 154 158 167 168   -8.22   -3.11    4.3    9.8    0.75
  158 GLUON         21   2 154 161 169 170   -7.42   -7.05   13.1   16.7    0.75
  159 BBAR          94 144 153  21 161 165 -169.96  -10.76  301.3  347.5   30.75
  160 CONE           0 100 153 152   0   0   -1.54   -0.76    1.3    2.2    0.00
  161 GLUON         21   2 159 162 171 172   -8.15    0.47   10.8   13.5    0.75
  162 GLUON         21   2 159 163 173 174  -24.42   -5.66   32.8   41.3    0.75
  163 GLUON         21   2 159 164 175 176  -17.10   -4.78   27.2   32.5    0.75
  164 GLUON         21   2 159 165 177 178   -5.20   -1.00   10.7   12.0    0.75
  165 BBAR          -5   2 159 166 179 178 -115.10    0.21  219.9  248.2    4.95

                              ---GLUON SPLITTING---   

 IHEP    ID      IDPDG IST MO1 MO2 DA1 DA2   P-X     P-Y     P-Z  ENERGY    MASS
  166 BQRK           5 158 154 167 184 179  -66.60  -35.68   40.3   85.8    4.95
  167 UBAR          -2 158 154 168 184 166   -2.89   -1.27    1.5    3.5    0.32
  168 UQRK           2 158 154 180 185 167   -4.32   -1.50    2.2    5.1    0.32
  169 UBAR          -2 158 154 170 191 181   -4.61   -4.31    8.0   10.2    0.32
  170 UQRK           2 158 154 171 186 169   -1.90   -1.88    3.5    4.4    0.32
  171 UBAR          -2 158 159 172 186 170   -3.97    0.11    5.5    6.8    0.32
  172 UQRK           2 158 159 173 187 171   -4.18    0.35    5.3    6.7    0.32
  173 UBAR          -2 158 159 174 187 172  -11.71   -2.70   15.4   19.5    0.32
  174 UQRK           2 158 159 175 188 173  -12.70   -2.96   17.4   21.7    0.32
  175 DBAR          -1 158 159 176 188 174   -6.77   -1.75   10.9   13.0    0.32
  176 DQRK           1 158 159 177 189 175  -10.33   -3.02   16.3   19.5    0.32
  177 DBAR          -1 158 159 178 189 176   -3.79   -0.70    8.0    8.9    0.32
  178 DQRK           1 158 159 182 190 177   -3.58   -0.05    6.8    7.7    0.32
  179 BBAR          -5 158 159 166 192 183 -102.45    0.07  195.7  221.0    4.95
  180 DBAR          -1 159 154 181 185 168   -0.93   -0.77    1.4    1.9    0.32
  181 DQRK           1 159 154 169 191 180   -0.99   -0.43    0.7    1.3    0.32
  182 UBAR          -2 159 159 183 190 178   -8.68    0.03   16.6   18.7    0.32
  183 UQRK           2 159 159 179 192 182   -1.79   -0.15    3.5    3.9    0.32

                             ---CLUSTER FORMATION---  

 IHEP    ID      IDPDG IST MO1 MO2 DA1 DA2   P-X     P-Y     P-Z  ENERGY    MASS
  184 CLUS          91 183 166 167 193 194  -69.49  -36.95   41.9   89.3    5.47
  185 CLUS          91 183 168 180 195 196   -5.25   -2.27    3.6    7.0    1.66
  186 CLUS          91 183 170 171 197 198   -5.87   -1.77    9.0   11.2    2.65
  187 CLUS          91 183 172 173 199 200  -15.89   -2.35   20.7   26.3    2.32
  188 CLUS          91 183 174 175 201 202  -19.47   -4.71   28.3   34.7    1.44
  189 CLUS          91 183 176 177 203 204  -14.13   -3.72   24.2   28.4    2.00
  190 CLUS          91 183 178 182 205 206  -12.26   -0.02   23.4   26.5    0.71
  191 CLUS          91 183 181 169 207 208   -5.60   -4.74    8.7   11.5    1.79
  192 CLUS          91 183 183 179 209 210 -104.25   -0.07  199.2  224.9    5.66

                              ---CLUSTER DECAYS---    

 IHEP    ID      IDPDG IST MO1 MO2 DA1 DA2   P-X     P-Y     P-Z  ENERGY    MASS
  193 B-          -521 197 184 154 249 251  -68.28  -36.40   41.2   87.8    5.28
  194 PI0          111   1 184 154   0   0   -1.21   -0.55    0.7    1.5    0.13
  195 PI+          211   1 185 154   0   0   -1.86   -0.56    0.9    2.2    0.14
  196 A_10       20113 197 185 154 252 253   -3.40   -1.71    2.7    4.8    1.23
  197 SIGMA0      3212 197 186 154 254 255   -4.44   -1.43    6.9    8.4    1.19
  198 LAMBDABR   -3122 197 186 154 256 257   -1.42   -0.34    2.1    2.8    1.12
  199 RHO+         213 197 187 159 258 259   -7.48   -1.43    9.2   12.0    0.77
  200 A_2-        -215 197 187 159 260 261   -8.41   -0.92   11.4   14.3    1.32
  201 K+           321   1 188 159   0   0  -13.01   -2.67   18.9   23.1    0.49
  202 KBAR0       -311 197 188 159 262 262   -6.46   -2.04    9.5   11.7    0.50
  203 B_1-      -10213 197 189 159 263 264   -8.59   -2.84   15.4   17.9    1.23
  204 PI+          211   1 189 159   0   0   -5.54   -0.88    8.8   10.5    0.14
  205 PI-         -211   1 190 159   0   0  -10.44   -0.20   19.7   22.3    0.14
  206 PI0          111   1 190 159   0   0   -1.82    0.18    3.7    4.2    0.13
  207 RHO-        -213 197 191 154 265 266   -3.24   -1.85    4.1    5.6    0.77
  208 PI0          111   1 191 154   0   0   -2.36   -2.89    4.6    5.9    0.13
  209 PI0          111   1 192 159   0   0   -0.69   -0.07    1.3    1.5    0.13
  210 B*+          523 197 192 159 267 268 -103.56   -0.00  197.8  223.4    5.32

                           ---STRONG HADRON DECAYS--- 

 IHEP    ID      IDPDG IST MO1 MO2 DA1 DA2   P-X     P-Y     P-Z  ENERGY    MASS
  211 K+           321   1 107  10   0   0   -0.30    0.14   60.0   60.0    0.49
  212 PI0          111   1 107  10   0   0    0.24   -0.04   47.4   47.4    0.13
  213 PI+          211   1 111  15   0   0   -3.52   -0.31  -23.2   23.5    0.14
  214 PI0          111   1 111  15   0   0   -1.91   -0.18   -9.6    9.7    0.13
  215 RHO+         213 198 113  15 269 270   -1.53    0.89  -19.4   19.5    0.77
  216 PI0          111   1 113  15   0   0   -0.34   -0.13   -2.3    2.4    0.13
  217 K_L0         130   1 115  22   0   0   10.05  -14.31  -62.5   64.9    0.50
  218 P           2212   1 118  22   0   0   -0.01   -0.61   -7.5    7.6    0.94
  219 PI+          211   1 118  22   0   0   -0.30   -0.18   -2.6    2.7    0.14
  220 PBAR       -2212   1 119  22   0   0   -0.51   -0.19  -10.8   10.9    0.94
  221 PI0          111   1 119  22   0   0   -0.03    0.22   -2.4    2.4    0.13
  222 PI-         -211   1 121  27   0   0   50.84   58.22  181.3  197.1    0.14
  223 PI0          111   1 121  27   0   0   40.97   47.69  148.5  161.3    0.13
  224 P           2212   1 122  27   0   0    2.11    2.25    8.4    9.0    0.94
  225 PI0          111   1 122  27   0   0    1.16    1.49    4.7    5.0    0.13
  226 NBAR       -2112   1 123  27   0   0    1.74    2.59    8.3    9.0    0.94
  227 PI0          111   1 123  27   0   0    1.11    1.37    4.1    4.4    0.13
  228 PI+          211   1 125  27   0   0    0.10    0.01    0.9    0.9    0.14
  229 PI-         -211   1 125  27   0   0    0.12   -0.03    2.3    2.3    0.14
  230 PI0          111   1 125  27   0   0   -0.31   -0.09    6.4    6.4    0.13
  231 P           2212   1 129  15   0   0   -0.18    0.01-1865.2 1865.2    0.94
  232 PI0          111   1 129  15   0   0   -0.20   -0.04 -183.2  183.2    0.13
  233 KBAR0       -311 198 136  22 271 271   10.53  -14.90  -66.4   68.9    0.50
  234 PI+          211   1 136  22   0   0    2.83   -3.90  -17.3   18.0    0.14
  235 PI-         -211   1 136  22   0   0    2.23   -3.62  -13.9   14.5    0.14
  236 PI+          211   1 137  22   0   0    2.86   -4.02  -17.6   18.2    0.14
  237 PI-         -211   1 137  22   0   0    5.38   -7.76  -33.6   34.9    0.14
  238 ETA          221 198 137  22 272 273    7.41  -10.17  -45.5   47.2    0.55
  239 PI0          111   1 142  15   0   0    0.14   -0.16 -255.2  255.2    0.13
  240 PI0          111   1 142  15   0   0    0.08    0.07  -91.5   91.5    0.13
  241 PI0          111   1 142  15   0   0    0.23   -0.07 -257.4  257.4    0.13
  242 OMEGA        223 198 143  15 274 276   -0.60   -0.07-1338.2 1338.2    0.78
  243 PI-         -211   1 143  15   0   0    0.13    0.22 -217.7  217.7    0.14
  244 P           2212   1 148  22   0   0    3.21   -2.36  -17.1   17.6    0.94
  245 PI0          111   1 148  22   0   0    0.23   -0.42   -2.2    2.3    0.13
  246 A_2+         215 198 150  15 277 278   -0.27    0.17 -330.6  330.6    1.32
  247 PI-         -211   1 150  15   0   0    0.03   -0.00 -152.1  152.1    0.14
  248 K_S0         310 198 151  15 279 280    0.21   -0.17 -234.0  234.0    0.50
  249 MU-           13   1 193 154   0   0  -35.62  -21.08   22.1   46.9    0.11
  250 NU_MUBAR     -14   1 193 154   0   0  -12.02   -5.38    7.1   15.0    0.00
  251 D*0          423 198 193 154 281 282  -20.63   -9.95   12.1   26.0    2.01
  252 RHO-        -213 198 196 154 283 284   -2.33   -0.92    1.5    3.0    0.77
  253 PI+          211   1 196 154   0   0   -1.07   -0.79    1.2    1.8    0.14
  254 LAMBDA      3122 198 197 154 285 286   -4.05   -1.24    6.3    7.7    1.12
  255 GAMMA         22   1 197 154   0   0   -0.39   -0.19    0.6    0.7    0.00
  256 NBAR       -2112   1 198 154   0   0   -1.27   -0.28    2.0    2.6    0.94
  257 PI0          111   1 198 154   0   0   -0.15   -0.06    0.1    0.2    0.13
  258 PI+          211   1 199 159   0   0   -3.10   -0.59    3.3    4.6    0.14
  259 PI0          111   1 199 159   0   0   -4.38   -0.83    5.9    7.4    0.13
  260 ETA          221 198 200 159 287 288   -2.48   -0.41    2.9    3.9    0.55
  261 PI-         -211   1 200 159   0   0   -5.93   -0.51    8.6   10.4    0.14
  262 K_S0         310 198 202 159 289 290   -6.46   -2.04    9.5   11.7    0.50
  263 OMEGA        223 198 203 159 291 293   -3.82   -1.44    7.1    8.2    0.78
  264 PI-         -211   1 203 159   0   0   -4.77   -1.40    8.3    9.7    0.14
  265 PI-         -211   1 207 154   0   0   -0.99   -0.93    1.7    2.2    0.14
  266 PI0          111   1 207 154   0   0   -2.24   -0.91    2.4    3.4    0.13
  267 B+           521 198 210 159 294 295 -103.52    0.00  197.8  223.3    5.28
  268 GAMMA         22   1 210 159   0   0   -0.03   -0.01    0.1    0.1    0.00
  269 PI+          211   1 215  15   0   0   -0.30   -0.10   -3.1    3.1    0.14
  270 PI0          111   1 215  15   0   0   -1.24    0.99  -16.3   16.4    0.13
  271 K_L0         130   1 233  22   0   0   10.53  -14.90  -66.4   68.9    0.50
  272 GAMMA         22   1 238  22   0   0    3.23   -4.79  -20.2   21.0    0.00
  273 GAMMA         22   1 238  22   0   0    4.18   -5.39  -25.3   26.2    0.00
  274 PI+          211   1 242  15   0   0   -0.42    0.24 -742.5  742.5    0.14
  275 PI-         -211   1 242  15   0   0   -0.15   -0.26 -445.8  445.8    0.14
  276 PI0          111   1 242  15   0   0   -0.04   -0.05 -149.9  149.9    0.13
  277 RHO+         213 198 246  15 296 297   -0.02    0.42 -161.9  161.9    0.77
  278 PI0          111   1 246  15   0   0   -0.25   -0.24 -168.7  168.7    0.13
  279 PI+          211   1 248  15   0   0    0.15   -0.08  -40.1   40.1    0.14
  280 PI-         -211   1 248  15   0   0    0.06   -0.08 -193.9  193.9    0.14
  281 D0           421 198 251 154 298 300  -19.47   -9.36   11.4   24.5    1.86
  282 PI0          111   1 251 154   0   0   -1.17   -0.59    0.7    1.5    0.13
  283 PI-         -211   1 252 154   0   0   -1.17   -0.51    0.3    1.3    0.14
  284 PI0          111   1 252 154   0   0   -1.16   -0.40    1.1    1.7    0.13
  285 P           2212   1 254 154   0   0   -3.64   -1.05    5.5    6.8    0.94
  286 PI-         -211   1 254 154   0   0   -0.41   -0.19    0.8    0.9    0.14
  287 GAMMA         22   1 260 159   0   0   -0.01    0.04    0.1    0.2    0.00
  288 GAMMA         22   1 260 159   0   0   -2.47   -0.44    2.7    3.7    0.00
  289 PI+          211   1 262 159   0   0   -3.97   -1.45    6.0    7.3    0.14
  290 PI-         -211   1 262 159   0   0   -2.50   -0.59    3.5    4.3    0.14
  291 PI+          211   1 263 159   0   0   -0.86   -0.14    1.5    1.8    0.14
  292 PI-         -211   1 263 159   0   0   -1.09   -0.68    2.4    2.7    0.14
  293 PI0          111   1 263 159   0   0   -1.86   -0.62    3.1    3.7    0.13
  294 D*BAR0      -423 198 267 159 301 302  -34.11    1.77   66.1   74.4    2.01
  295 RHO+         213 198 267 159 303 304  -69.41   -1.77  131.7  148.9    0.77
  296 PI+          211   1 277  15   0   0   -0.14    0.59 -126.3  126.3    0.14
  297 PI0          111   1 277  15   0   0    0.11   -0.17  -35.6   35.6    0.13
  298 K-          -321   1 281 154   0   0   -4.90   -2.21    2.6    6.0    0.49
  299 PI+          211   1 281 154   0   0   -4.39   -2.56    2.9    5.9    0.14
  300 OMEGA        223 198 281 154 305 307  -10.17   -4.59    5.9   12.6    0.78
  301 DBAR0       -421 198 294 159 308 309  -31.44    1.67   60.9   68.6    1.86
  302 PI0          111   1 294 159   0   0   -2.68    0.10    5.2    5.8    0.13
  303 PI+          211   1 295 159   0   0   -7.44   -0.02   13.9   15.8    0.14
  304 PI0          111   1 295 159   0   0  -61.97   -1.75  117.8  133.1    0.13
  305 PI+          211   1 300 154   0   0   -2.37   -1.30    1.5    3.1    0.14
  306 PI-         -211   1 300 154   0   0   -3.94   -1.52    2.1    4.7    0.14
  307 PI0          111   1 300 154   0   0   -3.86   -1.77    2.4    4.9    0.13
  308 K+           321   1 301 159   0   0   -4.50    0.23    8.8    9.9    0.49
  309 A_1-      -20213 198 301 159 310 311  -26.93    1.44   52.0   58.6    1.23
  310 RHO0         113 198 309 159 312 313  -14.20    0.55   27.0   30.5    0.77
  311 PI-         -211   1 309 159   0   0  -12.73    0.89   25.0   28.1    0.14
  312 PI+          211   1 310 159   0   0  -12.08    0.24   23.1   26.1    0.14
  313 PI-         -211   1 310 159   0   0   -2.12    0.31    3.9    4.5    0.14



 EVENT       2: 6500.00 GEV/C P        ON  6500.00 GEV/C P        PROCESS:-18000
 SEEDS:  1965438184 &   391228990   STATUS:  100 ERROR:   0  WEIGHT:  5.9381E-04


                               ---INITIAL STATE---    

 IHEP    ID      IDPDG IST MO1 MO2 DA1 DA2   P-X     P-Y     P-Z  ENERGY    MASS
    1 P           2212 101   0   0   0   0    0.00    0.00 6500.0 6500.0    0.94
    2 P           2212 102   0   0   0   0    0.00    0.00-6500.0 6500.0    0.94
    3 CMF            0 103   1   2   0   0    0.00    0.00    0.013000.013000.00

                              ---HARD SUBPROCESS---   

 IHEP    ID      IDPDG IST MO1 MO2 DA1 DA2   P-X     P-Y     P-Z  ENERGY    MASS
    4 UQRK           2 121   6   8  11  10    0.00    0.00  833.0  833.0    0.32
    5 DQRK           1 122   6   9  16   8    0.00    0.00 -575.2  575.2    0.32
    6 HARD           0 120   4   5   7  10   -6.35    1.39  257.8 1408.3 1384.46
    7 HIGGS         25 123   6   7  20   7 -234.48 -137.93  -95.0  314.1  125.00
    8 UQRK           2 124   6   5  21   4   15.36    1.68 -347.3  347.7    0.32
    9 DQRK           1 124   6  10  23   5  148.69   94.35  507.5  537.2    0.32
   10 GLUON         21 124   6   4  27   9   70.43   41.90  192.6  209.4    0.75

                              ---PARTON SHOWERS---    

 IHEP    ID      IDPDG IST MO1 MO2 DA1 DA2   P-X     P-Y     P-Z  ENERGY    MASS
   11 UQRK          94 141   4   6  13  15   -4.49    0.77  833.2  833.0  -18.08
   12 CONE           0 100   4  10   0   0    0.86    0.51    3.4    3.6    0.00
   13 GLUON         21   2  11  14  35  36   -1.03    0.68    8.6    8.7    0.75
   14 GLUON         21   2  11  15  37  38    5.51   -1.46  259.7  259.8    0.75
   15 UD          2101   2  11  22  39  38    0.00    0.00 5398.5 5398.5    0.31
   16 DQRK          94 142   5   6  18  19   -1.86    0.62 -575.3  575.3   -4.93
   17 CONE           0 100   5   8   0   0    0.99    0.11  -19.9   20.0    0.00
   18 GLUON         21   2  16  19  40  41    1.86   -0.62 -123.8  123.8    0.75
   19 UU          2203   2  16  25  42  41    0.00    0.00-5800.8 5800.8    0.29
   20 HIGGS         25 195   7   6 145 146 -235.57 -137.42  -94.8  314.6  125.00
   21 UQRK          94 144   8   6  22  22   13.77    2.02 -346.8  347.1    0.32
   22 UQRK           2   2  21  40  43  39   13.77    2.02 -346.8  347.1    0.32
   23 DQRK          94 144   9   6  25  26  146.07   94.74  506.8  535.9    6.39
   24 CONE           0 100   9  10   0   0    5.53    3.34   15.8   17.0    0.00
   25 DQRK           1   2  23  26  44  42  139.05   89.16  483.1  510.5    0.32
   26 GLUON         21   2  23  29  45  46    7.02    5.58   23.7   25.4    0.75
   27 GLUON         94 144  10   6  29  34   69.38   42.05  192.7  210.7   25.61
   28 CONE           0 100  10   4   0   0   -0.58   -0.35    1.0    1.2    0.00
   29 GLUON         21   2  27  30  47  48   22.32   12.78   63.8   68.7    0.75
   30 GLUON         21   2  27  31  49  50   25.79   13.02   70.3   76.0    0.75
   31 GLUON         21   2  27  32  51  52   16.25   13.66   44.2   49.0    0.75
   32 GLUON         21   2  27  33  53  54    5.32    1.45    6.3    8.4    0.75
   33 GLUON         21   2  27  34  55  56   -0.01    0.17    4.8    4.9    0.75
   34 GLUON         21   2  27  35  57  58   -0.28    0.97    3.4    3.6    0.75

                              ---GLUON SPLITTING---   

 IHEP    ID      IDPDG IST MO1 MO2 DA1 DA2   P-X     P-Y     P-Z  ENERGY    MASS
   35 DBAR          -1 158  11  36  90  58   -0.24    0.10    2.4    2.5    0.32
   36 DQRK           1 158  11  63  79  35   -0.63    0.47    5.1    5.2    0.32
   37 UBAR          -2 158  11  38  93  64    1.07   -0.21   51.0   51.0    0.32
   38 UQRK           2 158  11  69  80  37    1.95   -0.56   93.4   93.4    0.32
   39 UD          2101 161  11  43  91  60    0.00   -0.00 3312.4 3312.4    0.64
   40 UBAR          -2 158  16  41  97  72    0.61   -0.29  -37.7   37.7    0.32
   41 UQRK           2 158  16  61  81  40    0.95   -0.14  -63.5   63.5    0.32
   42 UU          2203 162  16  44  92  62    0.00   -0.00-5376.7 5376.7    0.64
   43 UQRK           2 158  21  71  82  39   12.77    1.87 -321.7  322.0    0.32
   44 DQRK           1 158  23  73  83  42  110.07   70.58  382.4  404.1    0.32
   45 UBAR          -2 158  23  46  98  74    2.35    1.92    7.9    8.5    0.32
   46 UQRK           2 158  23  47  84  45    4.24    3.22   14.4   15.4    0.32
   47 UBAR          -2 158  27  48  84  46   10.68    5.91   30.5   32.8    0.32
   48 UQRK           2 158  27  49  85  47   11.63    6.87   33.3   35.9    0.32
   49 UBAR          -2 158  27  50  85  48    8.29    4.04   22.6   24.4    0.32
   50 UQRK           2 158  27  75  86  49   12.63    6.49   34.4   37.2    0.32
   51 UBAR          -2 158  27  52  99  76    5.89    4.95   16.4   18.1    0.32
   52 UQRK           2 158  27  77  87  51    5.87    4.91   15.6   17.4    0.32
   53 DBAR          -1 158  27  54 100  78    1.43    0.49    1.6    2.3    0.32
   54 DQRK           1 158  27  55  88  53    3.41    0.84    4.2    5.5    0.32
   55 DBAR          -1 158  27  56  88  54   -0.03   -0.10    2.7    2.7    0.32
   56 DQRK           1 158  27  57  89  55    0.02    0.26    2.1    2.2    0.32
   57 UBAR          -2 158  27  58  89  56   -0.07    0.43    1.0    1.2    0.32
   58 UQRK           2 158  27  35  90  57   -0.21    0.54    2.4    2.5    0.32
   59 UBAR          -2 159  11  60  94  66    0.00   -0.00  940.6  940.6    0.32
   60 UQRK           2 159  11  39  91  59    0.01   -0.00  571.1  571.1    0.32
   61 DBAR          -1 159  16  62  81  41    0.05   -0.01 -113.1  113.1    0.32
   62 DQRK           1 159  16  42  92  61    0.02   -0.00 -315.3  315.3    0.32
   63 UBAR          -2 159  11  64  79  36    0.36   -0.06   18.0   18.0    0.32
   64 UQRK           2 159  11  37  93  63   -0.08    0.09    3.8    3.8    0.32
   65 SBAR          -3 159  11  66  95  68    0.04   -0.01  274.0  274.0    0.50
   66 SQRK           3 159  11  59  94  65    0.28   -0.08   51.9   51.9    0.50
   67 DBAR          -1 159  11  68  96  70    0.02   -0.01  235.5  235.5    0.32
   68 DQRK           1 159  11  65  95  67    0.40   -0.12   29.8   29.8    0.32
   69 UBAR          -2 159  11  70  80  38    0.35   -0.10   29.0   29.0    0.32
   70 UQRK           2 159  11  67  96  69    0.94   -0.27   48.7   48.7    0.32
   71 UBAR          -2 159  16  72  82  43    0.56   -0.04  -21.5   21.5    0.32
   72 UQRK           2 159  21  40  97  71    0.66    0.00  -22.0   22.1    0.32
   73 UBAR          -2 159  23  74  83  44    2.60    1.82    8.9    9.5    0.32
   74 UQRK           2 159  23  45  98  73   26.81   17.20   93.1   98.4    0.32
   75 UBAR          -2 159  27  76  86  50    3.64    1.96    9.9   10.8    0.32
   76 UQRK           2 159  27  51  99  75    2.19    1.35    6.0    6.6    0.32
   77 UBAR          -2 159  27  78  87  52    0.76    0.40    1.3    1.6    0.32
   78 UQRK           2 159  27  53 100  77    3.24    2.69    8.6    9.6    0.32

                             ---CLUSTER FORMATION---  

 IHEP    ID      IDPDG IST MO1 MO2 DA1 DA2   P-X     P-Y     P-Z  ENERGY    MASS
   79 CLUS          91 183  36  63 101 102   -0.27    0.41   23.2   23.2    1.80
   80 CLUS          91 183  38  69 103 104    2.30   -0.67  122.4  122.4    0.89
   81 CLUS          91 183  41  61 105 106    1.01   -0.14 -176.6  176.6    1.41
   82 CLUS          91 183  43  71 107 108   13.34    1.83 -343.2  343.5    1.84
   83 CLUS          91 183  44  73 109 110  112.67   72.40  391.3  413.6    2.42
   84 CLUS          91 183  46  47 111 112   14.92    9.13   44.9   48.2    1.48
   85 CLUS          91 183  48  49 113 114   19.93   10.91   55.9   60.3    1.11
   86 CLUS          91 183  50  75 115 116   16.27    8.46   44.4   48.0    0.79
   87 CLUS          91 183  52  77 117 118    6.63    5.31   17.0   19.0    1.45
   88 CLUS          91 183  54  55 119 120    3.38    0.74    6.8    8.1    2.76
   89 CLUS          91 183  56  57 121 122   -0.05    0.70    3.2    3.3    0.80
   90 CLUS          91 183  58  35 123 124   -0.45    0.64    4.8    5.0    0.78
   91 CLUS          91 184  60  39 125 126    0.01   -0.00 3883.5 3883.5    1.08
   92 CLUS          91 185  62  42 127 128    0.02   -0.00-5691.9 5691.9    1.51
   93 CLUS          91 183  64  37 129 130    0.99   -0.12   54.8   54.8    1.44
   94 CLUS          91 183  66  59 131 132    0.28   -0.08  992.5  992.5    2.53
   95 CLUS          91 183  68  65 133 134    0.44   -0.13  303.9  303.9    1.71
   96 CLUS          91 183  70  67 135 136    0.96   -0.28  284.2  284.2    2.31
   97 CLUS          91 183  72  40 137 138    1.26   -0.29  -59.8   59.8    0.80
   98 CLUS          91 183  74  45 139 140   29.17   19.13  101.0  106.9    1.97
   99 CLUS          91 183  76  51 141 142    8.08    6.30   22.4   24.7    1.05
  100 CLUS          91 183  78  53 143 144    4.67    3.18   10.2   11.8    1.81

                              ---CLUSTER DECAYS---    

 IHEP    ID      IDPDG IST MO1 MO2 DA1 DA2   P-X     P-Y     P-Z  ENERGY    MASS
  101 K0           311 197  79  11 212 212   -0.04    0.96   14.2   14.2    0.50
  102 K-          -321   1  79  11   0   0   -0.22   -0.56    9.0    9.0    0.49
  103 PI0          111   1  80  11   0   0    1.53   -0.01   76.1   76.1    0.13
  104 PI0          111   1  80  11   0   0    0.77   -0.65   46.3   46.3    0.13
  105 K+           321   1  81  16   0   0   -0.02    0.13  -76.6   76.6    0.49
  106 KBAR0       -311 197  81  16 213 213    1.03   -0.27 -100.0  100.0    0.50
  107 F_2          225 197  82  21 214 215   13.12    1.86 -333.8  334.1    1.27
  108 PI0          111   1  82  21   0   0    0.22   -0.03   -9.4    9.4    0.13
  109 PI-         -211   1  83  23   0   0   56.88   36.47  197.6  208.9    0.14
  110 RHO_30       117 197  83  23 216 217   55.78   35.92  193.7  204.7    1.69
  111 B_1+       10213 197  84  23 218 219   11.52    6.91   34.2   36.8    1.23
  112 PI-         -211   1  84  23   0   0    3.40    2.22   10.7   11.4    0.14
  113 PI+          211   1  85  27   0   0   11.93    6.56   32.1   34.9    0.14
  114 PI-         -211   1  85  27   0   0    7.99    4.35   23.8   25.5    0.14
  115 PI0          111   1  86  27   0   0   12.68    6.37   33.7   36.6    0.13
  116 PI0          111   1  86  27   0   0    3.59    2.09   10.6   11.4    0.13
  117 PI+          211   1  87  27   0   0    1.19    1.07    3.4    3.8    0.14
  118 B_1-      -10213 197  87  27 220 221    5.44    4.24   13.5   15.2    1.23
  119 P           2212   1  88  27   0   0    1.86    0.42    5.0    5.5    0.94
  120 DELTABR-   -2214 197  88  27 222 223    1.52    0.32    1.8    2.7    1.23
  121 PI0          111   1  89  27   0   0    0.20    0.46    0.9    1.0    0.13
  122 PI-         -211   1  89  27   0   0   -0.26    0.24    2.3    2.3    0.14
  123 PI0          111   1  90  27   0   0   -0.21   -0.13    1.4    1.4    0.13
  124 PI+          211   1  90  27   0   0   -0.24    0.77    3.5    3.6    0.14
  125 PI+          211   1  91  11   0   0   -0.03   -0.02  535.9  535.9    0.14
  126 N           2112   1  91  11   0   0    0.04    0.02 3347.5 3347.5    0.94
  127 PI-         -211   1  92  16   0   0    0.14   -0.14 -591.1  591.1    0.14
  128 DELTA++     2224 197  92  16 224 225   -0.12    0.13-5100.8 5100.8    1.23
  129 OMEGA        223 197  93  11 226 228    0.48   -0.03   17.3   17.4    0.78
  130 PI0          111   1  93  11   0   0    0.51   -0.09   37.4   37.4    0.13
  131 K-          -321   1  94  11   0   0    1.11    0.09  688.9  688.9    0.49
  132 OMEGA        223 197  94  11 229 231   -0.83   -0.17  303.6  303.6    0.78
  133 RHO-        -213 197  95  11 232 233    0.15    0.04  110.1  110.1    0.77
  134 K*+          323 197  95  11 234 235    0.29   -0.17  193.7  193.7    0.89
  135 N           2112   1  96  11   0   0    0.38    0.05   81.9   81.9    0.94
  136 DELTABR+   -1114 197  96  11 236 237    0.58   -0.33  202.3  202.3    1.23
  137 PI+          211   1  97  21   0   0    1.31   -0.16  -53.4   53.4    0.14
  138 PI-         -211   1  97  21   0   0   -0.04   -0.13   -6.4    6.4    0.14
  139 OMEGA        223 197  98  23 238 240   12.67    7.69   43.8   46.2    0.78
  140 RHO0         113 197  98  23 241 242   16.50   11.44   57.3   60.7    0.77
  141 RHO+         213 197  99  27 243 244    7.39    5.72   20.7   22.8    0.77
  142 PI-         -211   1  99  27   0   0    0.69    0.58    1.7    1.9    0.14
  143 A_1+       20213 197 100  27 245 246    4.30    3.24    9.7   11.2    1.23
  144 PI0          111   1 100  27   0   0    0.37   -0.06    0.5    0.7    0.13

                            ---H/W/Z BOSON DECAYS---  

 IHEP    ID      IDPDG IST MO1 MO2 DA1 DA2   P-X     P-Y     P-Z  ENERGY    MASS
  145 BQRK           5 123  20 146 147 146 -166.12  -85.04   -1.1  186.7    4.95
  146 BBAR          -5 124  20 145 151 145  -69.45  -52.39  -93.7  127.9    4.95

                              ---PARTON SHOWERS---    

 IHEP    ID      IDPDG IST MO1 MO2 DA1 DA2   P-X     P-Y     P-Z  ENERGY    MASS
  147 BQRK          94 143 145  20 149 150 -151.72  -77.90   -2.4  171.2   14.88
  148 CONE           0 100 145 146   0   0   -0.55   -0.46   -1.0    1.2    0.00
  149 BQRK           5   2 147 150 158 157 -145.35  -74.44    0.5  163.4    4.95
  150 GLUON         21   2 147 153 159 160   -6.37   -3.46   -2.9    7.8    0.75
  151 BBAR          94 144 146  20 153 157  -83.85  -59.52  -92.5  143.4   38.04
  152 CONE           0 100 146 145   0   0   -0.98   -0.44    0.4    1.1    0.00
  153 GLUON         21   2 151 154 161 162   -1.77    0.94   -1.3    2.5    0.75
  154 GLUON         21   2 151 155 163 164   -5.58   -0.60   -1.5    5.9    0.75
  155 GLUON         21   2 151 156 165 166  -15.86   -2.37  -17.2   23.5    0.75
  156 GLUON         21   2 151 157 167 168   -7.66   -5.44   -3.4   10.0    0.75
  157 BBAR          -5   2 151 158 169 168  -52.98  -52.04  -69.0  101.5    4.95

                              ---GLUON SPLITTING---   

 IHEP    ID      IDPDG IST MO1 MO2 DA1 DA2   P-X     P-Y     P-Z  ENERGY    MASS
  158 BQRK           5 158 147 170 180 169 -121.88  -62.43    0.3  137.0    4.95
  159 UBAR          -2 158 147 160 190 179   -1.97   -1.04   -1.0    2.5    0.32
  160 UQRK           2 158 147 161 181 159   -3.90   -2.15   -1.6    4.7    0.32
  161 UBAR          -2 158 151 162 181 160   -0.65    0.54   -0.5    1.0    0.32
  162 UQRK           2 158 151 163 182 161   -1.13    0.40   -0.8    1.5    0.32
  163 DBAR          -1 158 151 164 182 162   -4.21   -0.42   -1.1    4.4    0.32
  164 DQRK           1 158 151 165 183 163   -1.38   -0.18   -0.4    1.5    0.32
  165 DBAR          -1 158 151 166 183 164   -4.70   -0.62   -4.9    6.9    0.32
  166 DQRK           1 158 151 174 184 165   -3.75   -0.61   -4.1    5.6    0.32
  167 UBAR          -2 158 151 168 187 173   -2.76   -2.03   -1.2    3.7    0.32
  168 UQRK           2 158 151 176 185 167   -2.09   -1.38   -1.0    2.7    0.32
  169 BBAR          -5 158 151 158 189 177  -41.01  -40.09  -52.9   78.2    4.95
  170 UBAR          -2 159 147 171 180 158   -2.52   -1.30   -0.1    2.9    0.32
  171 UQRK           2 159 147 178 186 170   -6.38   -3.27    0.0    7.2    0.32
  172 UBAR          -2 159 151 173 188 175   -1.51   -1.07   -0.7    2.0    0.32
  173 UQRK           2 159 151 167 187 172   -0.85   -0.51   -0.5    1.2    0.32
  174 SBAR          -3 159 151 175 184 166   -3.04   -0.54   -3.3    4.5    0.50
  175 SQRK           3 159 151 172 188 174   -4.26   -0.71   -4.6    6.3    0.50
  176 UBAR          -2 159 151 177 185 168  -11.29  -11.16  -14.9   21.8    0.32
  177 UQRK           2 159 151 169 189 176   -1.23   -1.14   -1.4    2.2    0.32
  178 DBAR          -1 159 147 179 186 171   -1.77   -0.91   -0.1    2.0    0.32
  179 DQRK           1 159 147 159 190 178  -13.29   -6.81    0.1   14.9    0.32

                             ---CLUSTER FORMATION---  

 IHEP    ID      IDPDG IST MO1 MO2 DA1 DA2   P-X     P-Y     P-Z  ENERGY    MASS
  180 CLUS          91 183 158 170 191 192 -124.41  -63.72    0.3  139.9    5.50
  181 CLUS          91 183 160 161 193 194   -4.54   -1.61   -2.0    5.7    2.37
  182 CLUS          91 183 162 163 195 196   -5.34   -0.02   -1.9    5.9    1.51
  183 CLUS          91 183 164 165 197 198   -6.07   -0.80   -5.4    8.3    1.80
  184 CLUS          91 183 166 174 199 200   -6.79   -1.15   -7.3   10.1    0.87
  185 CLUS          91 183 168 176 201 202  -13.38  -12.54  -15.9   24.5    3.21
  186 CLUS          91 183 171 178 203 204   -8.15   -4.18   -0.1    9.2    0.81
  187 CLUS          91 183 173 167 205 206   -3.62   -2.54   -1.7    4.8    0.81
  188 CLUS          91 183 175 172 207 208   -5.77   -1.78   -5.3    8.3    2.20
  189 CLUS          91 183 177 169 209 209  -42.21  -41.21  -54.4   80.4    5.28
  190 CLUS          91 183 179 159 210 211  -15.29   -7.86   -0.9   17.4    2.70

                              ---CLUSTER DECAYS---    

 IHEP    ID      IDPDG IST MO1 MO2 DA1 DA2   P-X     P-Y     P-Z  ENERGY    MASS
  191 B*BAR0      -513 197 180 147 247 248 -122.85  -62.93    0.3  138.1    5.32
  192 PI-         -211   1 180 147   0   0   -1.55   -0.80   -0.0    1.8    0.14
  193 RHO+         213 197 181 147 249 250   -2.00   -0.57   -1.2    2.5    0.77
  194 A_0(H)-   -10211 197 181 147 251 252   -2.55   -1.04   -0.9    3.2    1.47
  195 PI+          211   1 182 151   0   0   -2.97    0.18   -1.2    3.2    0.14
  196 ETAP         331 197 182 151 253 255   -2.37   -0.20   -0.7    2.7    0.96
  197 RHO-        -213 197 183 151 256 257   -1.79   -0.15   -2.4    3.1    0.77
  198 PI+          211   1 183 151   0   0   -4.29   -0.65   -3.0    5.3    0.14
  199 PI-         -211   1 184 151   0   0   -4.32   -0.76   -4.5    6.3    0.14
  200 K+           321   1 184 151   0   0   -2.47   -0.39   -2.9    3.8    0.49
  201 DELTA+      2214 197 185 151 258 259   -5.70   -4.95   -7.8   11.0    1.23
  202 DELTABR-   -2214 197 185 151 260 261   -7.68   -7.58   -8.1   13.5    1.23
  203 PI0          111   1 186 147   0   0   -6.58   -3.06   -0.2    7.3    0.13
  204 PI+          211   1 186 147   0   0   -1.57   -1.12    0.1    1.9    0.14
  205 PI+          211   1 187 151   0   0   -1.10   -1.21   -0.6    1.8    0.14
  206 PI-         -211   1 187 151   0   0   -2.52   -1.32   -1.1    3.1    0.14
  207 K*_2-       -325 197 188 151 262 263   -4.09   -1.02   -4.5    6.3    1.43
  208 PI0          111   1 188 151   0   0   -1.68   -0.76   -0.9    2.0    0.13
  209 B+           521 199 189 151 299 300  -42.21  -41.21  -54.4   80.4    5.28
  210 DELTA0      2114 197 190 147 264 265   -7.02   -3.89   -0.9    8.2    1.23
  211 DELTABR-   -2214 197 190 147 266 267   -8.27   -3.98   -0.0    9.3    1.23

                           ---STRONG HADRON DECAYS--- 

 IHEP    ID      IDPDG IST MO1 MO2 DA1 DA2   P-X     P-Y     P-Z  ENERGY    MASS
  212 K_S0         310 198 101  11 268 269   -0.04    0.96   14.2   14.2    0.50
  213 K_S0         310 198 106  16 270 271    1.03   -0.27 -100.0  100.0    0.50
  214 PI+          211   1 107  21   0   0    4.08    0.01 -104.9  105.0    0.14
  215 PI-         -211   1 107  21   0   0    9.04    1.85 -228.9  229.1    0.14
  216 RHO+         213 198 110  23 272 273   22.52   14.56   79.2   83.7    0.77
  217 RHO-        -213 198 110  23 274 275   33.26   21.36  114.4  121.1    0.77
  218 OMEGA        223 198 111  23 276 278    6.28    4.07   19.5   20.9    0.78
  219 PI+          211   1 111  23   0   0    5.24    2.83   14.7   15.9    0.14
  220 OMEGA        223 198 118  27 279 280    5.05    4.11   12.4   14.1    0.78
  221 PI-         -211   1 118  27   0   0    0.39    0.13    1.1    1.2    0.14
  222 NBAR       -2112   1 120  27   0   0    1.40    0.45    1.7    2.4    0.94
  223 PI-         -211   1 120  27   0   0    0.12   -0.13    0.1    0.3    0.14
  224 P           2212   1 128  16   0   0   -0.13   -0.01-4739.1 4739.1    0.94
  225 PI+          211   1 128  16   0   0    0.01    0.15 -361.7  361.7    0.14
  226 PI+          211   1 129  11   0   0    0.30   -0.09    3.2    3.2    0.14
  227 PI-         -211   1 129  11   0   0    0.03    0.00    9.9    9.9    0.14
  228 PI0          111   1 129  11   0   0    0.15    0.05    4.2    4.2    0.13
  229 PI+          211   1 132  11   0   0   -0.61   -0.12  120.8  120.8    0.14
  230 PI-         -211   1 132  11   0   0   -0.09   -0.11   55.1   55.1    0.14
  231 PI0          111   1 132  11   0   0   -0.13    0.06  127.7  127.7    0.13
  232 PI-         -211   1 133  11   0   0    0.43   -0.06   61.8   61.8    0.14
  233 PI0          111   1 133  11   0   0   -0.28    0.10   48.3   48.3    0.13
  234 K0           311 198 134  11 281 281    0.24    0.07   77.3   77.3    0.50
  235 PI+          211   1 134  11   0   0    0.05   -0.24  116.4  116.4    0.14
  236 NBAR       -2112   1 136  11   0   0    0.46   -0.21  125.8  125.8    0.94
  237 PI+          211   1 136  11   0   0    0.11   -0.11   76.5   76.5    0.14
  238 PI+          211   1 139  23   0   0    3.12    1.74   10.0   10.6    0.14
  239 PI-         -211   1 139  23   0   0    5.01    2.95   17.7   18.7    0.14
  240 PI0          111   1 139  23   0   0    4.53    2.99   16.0   16.9    0.13
  241 PI+          211   1 140  23   0   0    4.98    3.46   18.3   19.3    0.14
  242 PI-         -211   1 140  23   0   0   11.52    7.98   39.0   41.4    0.14
  243 PI+          211   1 141  27   0   0    0.93    0.84    3.3    3.5    0.14
  244 PI0          111   1 141  27   0   0    6.46    4.87   17.4   19.2    0.13
  245 RHO+         213 198 143  27 282 283    3.24    2.86    7.7    8.8    0.77
  246 PI0          111   1 143  27   0   0    1.06    0.38    2.0    2.3    0.13
  247 B_DBAR0     -511 200 191 147 284 284 -121.11  -62.07    0.3  136.2    5.28
  248 GAMMA         22   1 191 147   0   0   -1.75   -0.86    0.0    1.9    0.00
  249 PI+          211   1 193 147   0   0   -1.90   -0.35   -1.0    2.2    0.14
  250 PI0          111   1 193 147   0   0   -0.09   -0.22   -0.1    0.3    0.13
  251 PI-         -211   1 194 147   0   0   -0.90    0.07   -0.3    1.0    0.14
  252 ETAP         331 198 194 147 285 287   -1.64   -1.11   -0.6    2.3    0.96
  253 PI0          111   1 196 151   0   0   -0.19   -0.06   -0.1    0.3    0.13
  254 PI0          111   1 196 151   0   0   -0.74   -0.09   -0.1    0.8    0.13
  255 ETA          221 198 196 151 288 290   -1.44   -0.05   -0.6    1.7    0.55
  256 PI-         -211   1 197 151   0   0   -1.68   -0.02   -2.3    2.8    0.14
  257 PI0          111   1 197 151   0   0   -0.10   -0.13   -0.1    0.2    0.13
  258 P           2212   1 201 151   0   0   -4.67   -4.26   -6.3    9.0    0.94
  259 PI0          111   1 201 151   0   0   -1.03   -0.70   -1.5    2.0    0.13
  260 PBAR       -2212   1 202 151   0   0   -7.23   -7.26   -7.7   12.9    0.94
  261 PI0          111   1 202 151   0   0   -0.46   -0.32   -0.4    0.7    0.13
  262 K*-         -323 198 207 151 291 292   -3.34   -1.11   -3.3    4.9    0.89
  263 PI0          111   1 207 151   0   0   -0.75    0.09   -1.2    1.4    0.13
  264 N           2112   1 210 147   0   0   -4.81   -2.74   -0.8    5.7    0.94
  265 PI0          111   1 210 147   0   0   -2.21   -1.14   -0.1    2.5    0.13
  266 PBAR       -2212   1 211 147   0   0   -5.90   -2.64   -0.1    6.5    0.94
  267 PI0          111   1 211 147   0   0   -2.37   -1.34    0.1    2.7    0.13
  268 PI+          211   1 212  11   0   0    0.13    0.73    9.2    9.2    0.14
  269 PI-         -211   1 212  11   0   0   -0.18    0.24    5.0    5.0    0.14
  270 PI0          111   1 213  16   0   0    0.57    0.06  -45.0   45.0    0.13
  271 PI0          111   1 213  16   0   0    0.46   -0.32  -55.0   55.0    0.13
  272 PI+          211   1 216  23   0   0   14.26    8.92   50.4   53.2    0.14
  273 PI0          111   1 216  23   0   0    8.26    5.64   28.8   30.5    0.13
  274 PI-         -211   1 217  23   0   0   10.17    6.67   34.3   36.4    0.14
  275 PI0          111   1 217  23   0   0   23.10   14.69   80.2   84.7    0.13
  276 PI+          211   1 218  23   0   0    1.54    1.28    5.3    5.7    0.14
  277 PI-         -211   1 218  23   0   0    2.69    1.76    8.2    8.8    0.14
  278 PI0          111   1 218  23   0   0    2.05    1.03    6.0    6.4    0.13
  279 PI0          111   1 220  27   0   0    2.82    2.58    7.9    8.8    0.13
  280 GAMMA         22   1 220  27   0   0    2.24    1.53    4.5    5.3    0.00
  281 K_S0         310 198 234  11 293 294    0.24    0.07   77.3   77.3    0.50
  282 PI+          211   1 245  27   0   0    0.56    0.40    0.8    1.1    0.14
  283 PI0          111   1 245  27   0   0    2.68    2.46    6.9    7.8    0.13
  284 B_DBAR0     -511 199 247 147 330 331 -121.11  -62.07    0.3  136.2    5.28
  285 PI+          211   1 252 147   0   0   -0.29   -0.37   -0.0    0.5    0.14
  286 PI-         -211   1 252 147   0   0   -0.25   -0.06   -0.1    0.3    0.14
  287 ETA          221 198 252 147 295 297   -1.10   -0.68   -0.5    1.5    0.55
  288 PI+          211   1 255 151   0   0   -0.40    0.05   -0.2    0.5    0.14
  289 PI-         -211   1 255 151   0   0   -0.22   -0.02   -0.2    0.3    0.14
  290 PI0          111   1 255 151   0   0   -0.82   -0.07   -0.2    0.9    0.13
  291 KBAR0       -311 198 262 151 298 298   -1.94   -0.90   -1.8    2.8    0.50
  292 PI-         -211   1 262 151   0   0   -1.40   -0.21   -1.5    2.1    0.14
  293 PI+          211   1 281  11   0   0    0.32    0.07   37.3   37.3    0.14
  294 PI-         -211   1 281  11   0   0   -0.08   -0.01   40.1   40.1    0.14
  295 PI0          111   1 287 147   0   0   -0.53   -0.29   -0.2    0.6    0.13
  296 PI0          111   1 287 147   0   0   -0.48   -0.35   -0.2    0.7    0.13
  297 PI0          111   1 287 147   0   0   -0.09   -0.04   -0.1    0.2    0.13
  298 K_L0         130   1 291 151   0   0   -1.94   -0.90   -1.8    2.8    0.50

                           ---HEAVY PARTICLE DECAYS---

 IHEP    ID      IDPDG IST MO1 MO2 DA1 DA2   P-X     P-Y     P-Z  ENERGY    MASS
  299 UQRK           2 125 209 303 304 303   -2.56   -2.50   -3.3    4.9    0.32
  300 BBAR          -5 155 209 299 301 303  -39.65  -38.71  -51.1   75.5    4.96
  301 SBAR          -3 123 300 302 305 302   -6.37   -7.05   -8.5   12.7    0.50
  302 CQRK           4 124 300 301 307 301  -12.99  -13.32  -18.8   26.5    1.55
  303 CBAR          -4 124 300 300 309 300  -20.29  -18.35  -23.8   36.3    1.55
  304 UQRK           2 160 299 313 314 313   -2.56   -2.50   -3.3    4.9    0.32

                              ---PARTON SHOWERS---    

 IHEP    ID      IDPDG IST MO1 MO2 DA1 DA2   P-X     P-Y     P-Z  ENERGY    MASS
  305 SBAR          94 143 301 300 306 306   -6.37   -7.05   -8.5   12.7    0.50
  306 SBAR          -3   2 305 308 311 308   -6.37   -7.05   -8.5   12.7    0.50
  307 CQRK          94 144 302 300 308 308  -12.99  -13.32  -18.8   26.5    1.55
  308 CQRK           4   2 307 311 312 311  -12.99  -13.32  -18.8   26.5    1.55
  309 CBAR          94 144 303 300 310 310  -20.29  -18.35  -23.8   36.3    1.55
  310 CBAR          -4   2 309 304 313 304  -20.29  -18.35  -23.8   36.3    1.55

                              ---GLUON SPLITTING---   

 IHEP    ID      IDPDG IST MO1 MO2 DA1 DA2   P-X     P-Y     P-Z  ENERGY    MASS
  311 SBAR          -3 158 305 312 315 312   -6.37   -7.05   -8.5   12.7    0.50
  312 CQRK           4 158 307 311 315 311  -12.99  -13.32  -18.8   26.5    1.55
  313 CBAR          -4 158 309 304 314 304  -20.29  -18.35  -23.8   36.3    1.55

                             ---CLUSTER FORMATION---  

 IHEP    ID      IDPDG IST MO1 MO2 DA1 DA2   P-X     P-Y     P-Z  ENERGY    MASS
  314 CLUS          91 183 304 313 316 316  -22.71  -20.65  -26.9   40.8    1.86
  315 CLUS          91 183 312 311 317 318  -19.50  -20.57  -27.5   39.6    2.42

                              ---CLUSTER DECAYS---    

 IHEP    ID      IDPDG IST MO1 MO2 DA1 DA2   P-X     P-Y     P-Z  ENERGY    MASS
  316 DBAR0       -421 196 314 299 319 322  -22.71  -20.65  -26.9   40.8    1.86
  317 D0           421 197 315 307 323 324  -15.00  -15.66  -21.3   30.5    1.86
  318 K+           321   1 315 307   0   0   -4.51   -4.91   -6.2    9.1    0.49

                           ---STRONG HADRON DECAYS--- 

 IHEP    ID      IDPDG IST MO1 MO2 DA1 DA2   P-X     P-Y     P-Z  ENERGY    MASS
  319 K0           311 198 316 299 325 325  -11.06   -9.56  -13.1   19.7    0.50
  320 PI-         -211   1 316 299   0   0   -0.36   -0.29   -0.4    0.6    0.14
  321 PI+          211   1 316 299   0   0   -4.47   -3.92   -5.2    7.9    0.14
  322 PI0          111   1 316 299   0   0   -6.82   -6.88   -8.1   12.6    0.13
  323 K-          -321   1 317 307   0   0   -3.59   -4.08   -5.6    7.8    0.49
  324 A_1+       20213 198 317 307 326 327  -11.41  -11.58  -15.7   22.6    1.23
  325 K_L0         130   1 319 299   0   0  -11.06   -9.56  -13.1   19.7    0.50
  326 RHO0         113 198 324 307 328 329   -9.74   -9.53  -13.4   19.1    0.77
  327 PI+          211   1 324 307   0   0   -1.67   -2.05   -2.3    3.5    0.14
  328 PI+          211   1 326 307   0   0   -9.09   -9.05  -12.5   17.9    0.14
  329 PI-         -211   1 326 307   0   0   -0.65   -0.48   -0.9    1.2    0.14

                           ---HEAVY PARTICLE DECAYS---

 IHEP    ID      IDPDG IST MO1 MO2 DA1 DA2   P-X     P-Y     P-Z  ENERGY    MASS
  330 BQRK           5 155 284 331 332 334 -113.76  -58.31    0.2  127.9    4.96
  331 DBAR          -1 125 284 334 335 334   -7.34   -3.76    0.0    8.3    0.32
  332 SQRK           3 123 330 333 336 333  -35.02  -16.88    0.8   38.9    0.50
  333 CBAR          -4 124 330 332 338 332  -42.78  -21.66   -0.4   48.0    1.55
  334 CQRK           4 124 330 330 340 330  -35.96  -19.77   -0.2   41.1    1.55
  335 DBAR          -1 160 331 344 346 344   -7.34   -3.76    0.0    8.3    0.32

                              ---PARTON SHOWERS---    

 IHEP    ID      IDPDG IST MO1 MO2 DA1 DA2   P-X     P-Y     P-Z  ENERGY    MASS
  336 SQRK          94 143 332 330 337 337  -35.02  -16.88    0.8   38.9    0.50
  337 SQRK           3   2 336 339 342 339  -35.02  -16.88    0.8   38.9    0.50
  338 CBAR          94 144 333 330 339 339  -42.78  -21.66   -0.4   48.0    1.55
  339 CBAR          -4   2 338 342 343 342  -42.78  -21.66   -0.4   48.0    1.55
  340 CQRK          94 144 334 330 341 341  -35.96  -19.77   -0.2   41.1    1.55
  341 CQRK           4   2 340 335 344 335  -35.96  -19.77   -0.2   41.1    1.55

                              ---GLUON SPLITTING---   

 IHEP    ID      IDPDG IST MO1 MO2 DA1 DA2   P-X     P-Y     P-Z  ENERGY    MASS
  342 SQRK           3 158 336 343 345 343  -35.02  -16.88    0.8   38.9    0.50
  343 CBAR          -4 158 338 342 345 342  -42.78  -21.66   -0.4   48.0    1.55
  344 CQRK           4 158 340 335 346 335  -35.96  -19.77   -0.2   41.1    1.55

                             ---CLUSTER FORMATION---  

 IHEP    ID      IDPDG IST MO1 MO2 DA1 DA2   P-X     P-Y     P-Z  ENERGY    MASS
  345 CLUS          91 183 342 343 347 348  -78.95  -39.06    0.4   88.1    2.65
  346 CLUS          91 183 344 335 349 349  -42.15  -23.01   -0.1   48.1    1.87

                              ---CLUSTER DECAYS---    

 IHEP    ID      IDPDG IST MO1 MO2 DA1 DA2   P-X     P-Y     P-Z  ENERGY    MASS
  347 KBAR0       -311 197 345 336 350 350  -21.93  -10.64    0.4   24.4    0.50
  348 D*-         -413 197 345 336 351 352  -57.02  -28.42    0.0   63.7    2.01
  349 D+           411 196 346 340 353 357  -42.15  -23.01   -0.1   48.1    1.87

                           ---STRONG HADRON DECAYS--- 

 IHEP    ID      IDPDG IST MO1 MO2 DA1 DA2   P-X     P-Y     P-Z  ENERGY    MASS
  350 K_L0         130   1 347 336   0   0  -21.93  -10.64    0.4   24.4    0.50
  351 D-          -411 198 348 336 358 360  -52.43  -26.10    0.0   58.6    1.87
  352 PI0          111   1 348 336   0   0   -4.60   -2.32    0.0    5.2    0.13
  353 K-          -321   1 349 340   0   0  -17.28   -9.59   -0.4   19.8    0.49
  354 PI+          211   1 349 340   0   0  -13.67   -7.44   -0.0   15.6    0.14
  355 PI+          211   1 349 340   0   0   -3.61   -2.20    0.1    4.2    0.14
  356 PI0          111   1 349 340   0   0   -6.11   -3.07    0.2    6.8    0.13
  357 PI0          111   1 349 340   0   0   -1.49   -0.71   -0.1    1.7    0.13
  358 PI-         -211   1 351 336   0   0   -8.72   -4.66   -0.2    9.9    0.14
  359 PHI          333 198 351 336 361 362  -34.67  -17.35    0.3   38.8    1.02
  360 PI0          111   1 351 336   0   0   -9.03   -4.09   -0.1    9.9    0.13
  361 K_L0         130   1 359 336   0   0  -17.40   -8.67    0.1   19.4    0.50
  362 K_S0         310 198 359 336 363 364  -17.27   -8.68    0.3   19.3    0.50
  363 PI+          211   1 362 336   0   0   -3.54   -1.65   -0.0    3.9    0.14
  364 PI-         -211   1 362 336   0   0  -13.73   -7.03    0.3   15.4    0.14

 HWWARN CALLED FROM SUBPROGRAM HWDFIV: CODE = 101
 EVENT     718:   SEEDS = 1499925283 &  242030011  WEIGHT = 0.5938E-03
 EVENT KILLED.   EXECUTION CONTINUES

 HWWARN CALLED FROM SUBPROGRAM HWBTIM: CODE = 101
 EVENT    1085:   SEEDS = 1745655750 & 1195447603  WEIGHT = 0.5938E-03
 EVENT KILLED.   EXECUTION CONTINUES

 HWWARN CALLED FROM SUBPROGRAM HWBTIM: CODE = 101
 EVENT    2074:   SEEDS = 1631803384 & 1487904738  WEIGHT = 0.5938E-03
 EVENT KILLED.   EXECUTION CONTINUES

 HWWARN CALLED FROM SUBPROGRAM HWDFIV: CODE = 101
 EVENT    2234:   SEEDS =  785894075 &  437839402  WEIGHT = 0.5938E-03
 EVENT KILLED.   EXECUTION CONTINUES

 HWWARN CALLED FROM SUBPROGRAM HWDFIV: CODE = 101
 EVENT    4446:   SEEDS =  666299923 &  586869496  WEIGHT =-0.5938E-03
 EVENT KILLED.   EXECUTION CONTINUES

 HWWARN CALLED FROM SUBPROGRAM HWDFIV: CODE = 101
 EVENT    5033:   SEEDS = 1446504173 & 1108680628  WEIGHT = 0.5938E-03
 EVENT KILLED.   EXECUTION CONTINUES

 HWWARN CALLED FROM SUBPROGRAM HWDFOR: CODE = 101
 EVENT    5223:   SEEDS =   17155773 &  281455403  WEIGHT = 0.5938E-03
 EVENT KILLED.   EXECUTION CONTINUES

          OUTPUT ON LES HOUCHES EVENTS


      PROC CODE  XSECT(pb)        XERR(pb)      Max wgt(nb) No. of events


          OUTPUT ON ELEMENTARY PROCESS

          N.B. NEGATIVE WEIGHTS ALLOWED

          NUMBER OF EVENTS   =        9993
          NEGATIVE  EVENTS   =        2648
          NUMBER OF WEIGHTS  =       10000
          NEGATIVE  WEIGHTS  =        2649
          MEAN VALUE OF WGT  =  2.7921E-04
          RMS SPREAD IN WGT  =  5.2408E-04
          MEAN ABS WEIGHT    =  5.9381E-04
          ACTUAL MAX ABS WGT =  1.0000E+00
          ASSUMED MAXABS WGT =  2.7921E-04

          PROCESS CODE IPROC =      -18000
          CROSS SECTION (PB) =  0.2792    
          ERROR IN C-S  (PB) =  5.2408E-03
          EFFICIENCY PERCENT =   100.0    
 # of events processed=        9993
