 A PDF is used, so alpha_s(MZ) is going to be modified
 Old value of alpha_s from param_card:   0.11799999999999999     
  ****************************************
 
       NNPDFDriver version 1.0.3
   Grid: NNPDF23nlo_as_0119_qed_mem0.grid
  ****************************************
 New value of alpha_s from PDF nn23nlo:  0.11899999999999999     
 *****************************************************
 *               MadGraph/MadEvent                   *
 *        --------------------------------           *
 *          http://madgraph.hep.uiuc.edu             *
 *          http://madgraph.phys.ucl.ac.be           *
 *          http://madgraph.roma2.infn.it            *
 *        --------------------------------           *
 *                                                   *
 *          PARAMETER AND COUPLING VALUES            *
 *                                                   *
 *****************************************************

  External Params
  ---------------------------------
  
 MU_R =    91.188000000000002     
 aEWM1 =    132.50700000000001     
 mdl_Gf =    1.1663900000000000E-005
 aS =   0.11799999999999999     
 mdl_ymb =    4.7000000000000002     
 mdl_ymt =    173.00000000000000     
 mdl_ymtau =    1.7769999999999999     
 mdl_MT =    173.00000000000000     
 mdl_MB =    4.7000000000000002     
 mdl_MZ =    91.188000000000002     
 mdl_MH =    125.00000000000000     
 mdl_MTA =    1.7769999999999999     
 mdl_WT =    1.4915000000000000     
 mdl_WZ =    2.4414039999999999     
 mdl_WW =    2.0476000000000001     
 mdl_WH =    6.3823389999999999E-003
  Internal Params
  ---------------------------------
  
 mdl_conjg__CKM3x3 =    1.0000000000000000     
 mdl_CKM22 =    1.0000000000000000     
 mdl_lhv =    1.0000000000000000     
 mdl_CKM3x3 =    1.0000000000000000     
 mdl_conjg__CKM22 =    1.0000000000000000     
 mdl_conjg__CKM33 =    1.0000000000000000     
 mdl_Ncol =    3.0000000000000000     
 mdl_CA =    3.0000000000000000     
 mdl_TF =   0.50000000000000000     
 mdl_CF =    1.3333333333333333     
 mdl_complexi =                (0.0000000000000000,1.0000000000000000)
 mdl_MZ__exp__2 =    8315.2513440000002     
 mdl_MZ__exp__4 =    69143404.913893804     
 mdl_sqrt__2 =    1.4142135623730951     
 mdl_MH__exp__2 =    15625.000000000000     
 mdl_Ncol__exp__2 =    9.0000000000000000     
 mdl_MB__exp__2 =    22.090000000000003     
 mdl_MT__exp__2 =    29929.000000000000     
 mdl_aEW =    7.5467711139788835E-003
 mdl_MW =    80.419002445756163     
 mdl_sqrt__aEW =    8.6872153846781555E-002
 mdl_ee =   0.30795376724436879     
 mdl_MW__exp__2 =    6467.2159543705357     
 mdl_sw2 =   0.22224648578577766     
 mdl_cw =   0.88190334743339216     
 mdl_sqrt__sw2 =   0.47143025548407230     
 mdl_sw =   0.47143025548407230     
 mdl_g1 =   0.34919219678733299     
 mdl_gw =   0.65323293034757990     
 mdl_v =    246.21845810181637     
 mdl_v__exp__2 =    60623.529110035903     
 mdl_lam =   0.12886910601690263     
 mdl_yb =    2.6995554250465490E-002
 mdl_yt =   0.99366614581500623     
 mdl_ytau =    1.0206617000654717E-002
 mdl_muH =    88.388347648318430     
 mdl_AxialZUp =  -0.18517701861793787     
 mdl_AxialZDown =   0.18517701861793787     
 mdl_VectorZUp =    7.5430507588273299E-002
 mdl_VectorZDown =  -0.13030376310310560     
 mdl_VectorAUp =   0.20530251149624587     
 mdl_VectorADown =  -0.10265125574812294     
 mdl_VectorWmDxU =   0.23095271737156670     
 mdl_AxialWmDxU =  -0.23095271737156670     
 mdl_VectorWpUxD =   0.23095271737156670     
 mdl_AxialWpUxD =  -0.23095271737156670     
 mdl_I1x33 =          (2.69955542504654901E-002,0.0000000000000000)
 mdl_I2x33 =               (0.99366614581500623,0.0000000000000000)
 mdl_I3x33 =               (0.99366614581500623,0.0000000000000000)
 mdl_I4x33 =          (2.69955542504654901E-002,0.0000000000000000)
 mdl_Vector_tbGp =              (-0.96667059156454072,0.0000000000000000)
 mdl_Axial_tbGp =              (-1.0206617000654716,-0.0000000000000000)
 mdl_Vector_tbGm =               (0.96667059156454072,0.0000000000000000)
 mdl_Axial_tbGm =              (-1.0206617000654716,-0.0000000000000000)
 mdl_gw__exp__2 =   0.42671326129048615     
 mdl_cw__exp__2 =   0.77775351421422245     
 mdl_ee__exp__2 =    9.4835522759998875E-002
 mdl_sw__exp__2 =   0.22224648578577769     
 mdl_yb__exp__2 =    7.2875994928982540E-004
 mdl_yt__exp__2 =   0.98737240933884918     
  Internal Params evaluated point by point
  ----------------------------------------
  
 mdl_sqrt__aS =   0.34351128074635334     
 mdl_G__exp__4 =    2.1987899468922913     
 mdl_G__exp__2 =    1.4828317324943823     
 mdl_R2MixedFactor_FIN_ =   -2.5040377713124864E-002
 mdl_GWcft_UV_b_1EPS_ =   -3.1300472141406080E-003
 mdl_GWcft_UV_t_1EPS_ =   -3.1300472141406080E-003
 mdl_bWcft_UV_1EPS_ =   -1.8780283284843650E-002
 mdl_tWcft_UV_1EPS_ =   -1.8780283284843650E-002
 mdl_G__exp__3 =    1.8056676068262196     
 mdl_MU_R__exp__2 =    8315.2513440000002     
 mdl_GWcft_UV_b_FIN_ =   -1.8563438626678915E-002
 mdl_GWcft_UV_t_FIN_ =    4.0087659331150384E-003
 mdl_bWcft_UV_FIN_ =  -0.13642100947319838     
 mdl_tWcft_UV_FIN_ =   -9.8778211443463623E-004
  Couplings of loop_sm
  ---------------------------------
  
    R2_UUZ_V2 =  -0.00000E+00  -0.72127E-02
    R2_UUZ_V5 =   0.00000E+00   0.68702E-03
      R2_sxcW =  -0.00000E+00  -0.11566E-01
         GC_5 =   0.00000E+00   0.12177E+01
        GC_22 =   0.00000E+00   0.28804E+00
        GC_23 =  -0.00000E+00  -0.27437E-01
        GC_31 =   0.00000E+00   0.52532E+02
        GC_32 =   0.00000E+00   0.67544E+02
        GC_47 =   0.00000E+00   0.46191E+00

 Collider parameters:
 --------------------

 Running at P P   machine @    13000.000000000000       GeV
 PDF set = nn23nlo
 alpha_s(Mz)= 0.1190 running at 2 loops.
 alpha_s(Mz)= 0.1190 running at 2 loops.
 Renormalization scale set on event-by-event basis
 Factorization   scale set on event-by-event basis


 ===============================================================
 INFO: MadFKS read these parameters from FKS_params.dat
 ===============================================================
  > IRPoleCheckThreshold      =   -1.0000000000000000     
  > PrecisionVirtualAtRunTime =   -1.0000000000000000     
  > NHelForMCoverHels         =            4
  > VirtualFraction           =    1.0000000000000000     
  > MinVirtualFraction        =    5.0000000000000001E-003
 ===============================================================
  Insert the number of points to test
 Insert the relative tolerance
  A negative number will mean use the default one:   -1.0000000000000000     
Using random seed offsets:     1 ,     16 ,      0
  with seed                15455
 Ranmar initialization seeds       10742       25470
  ========================================================================================== 
 {                                                                                          }
 {       [32m                                                                            [0m       }
 {       [32m                               ,,                                           [0m       }
 {       [32m`7MMM.     ,MMF'             `7MM  `7MMF'                                   [0m       }
 {       [32m  MMMb    dPMM                 MM    MM                                     [0m       }
 {       [32m  M YM   ,M MM   ,6"Yb.   ,M""bMM    MM         ,pW"Wq.   ,pW"Wq.`7MMpdMAo. [0m       }
 {       [32m  M  Mb  M' MM  8)   MM ,AP    MM    MM        6W'   `Wb 6W'   `Wb MM   `Wb [0m       }
 {       [32m  M  YM.P'  MM   ,pm9MM 8MI    MM    MM      , 8M     M8 8M     M8 MM    M8 [0m       }
 {       [32m  M  `YM'   MM  8M   MM `Mb    MM    MM     ,M YA.   ,A9 YA.   ,A9 MM   ,AP [0m       }
 {       [32m.JML. `'  .JMML.`Moo9^Yo.`Wbmd"MML..JMMmmmmMMM  `Ybmd9'   `Ybmd9'  MMbmmd'  [0m       }
 {       [32m                                                                   MM       [0m       }
 {       [32m                                                                 .JMML.     [0m       }
 {       [32m[0mv2.6.7 (2019-10-16), Ref: arXiv:1103.0621v2, arXiv:1405.0301[32m                [0m       }
 {       [32m                                                                            [0m       }
 {                                                                                          }
  ========================================================================================== 
 ===============================================================
 INFO: MadLoop read these parameters from ./MadLoop5_resources/MadLoopParams.dat                                                                                                                                                                                                                                                                                                                                                                                                                                                                                          
 ===============================================================
  > MLReductionLib            = 6|7|1
  > CTModeRun                 =           -1
  > MLStabThres               =    1.0000000000000000E-003
  > NRotations_DP             =            0
  > NRotations_QP             =            0
  > CTStabThres               =    1.0000000000000000E-002
  > CTLoopLibrary             =            2
  > CTModeInit                =            1
  > CheckCycle                =            3
  > MaxAttempts               =           10
  > UseLoopFilter             =  F
  > HelicityFilterLevel       =            2
  > ImprovePSPoint            =            2
  > DoubleCheckHelicityFilter =  T
  > LoopInitStartOver         =  F
  > HelInitStartOver          =  F
  > ZeroThres                 =    1.0000000000000001E-009
  > OSThres                   =    1.0000000000000000E-008
  > WriteOutFilters           =  T
  > UseQPIntegrandForNinja    =  T
  > UseQPIntegrandForCutTools =  T
  > IREGIMODE                 =            2
  > IREGIRECY                 =  T
  > COLLIERMode               =            1
  > COLLIERRequiredAccuracy   =    1.0000000000000000E-008
  > COLLIERCanOutput          =  F
  > COLLIERComputeUVpoles     =  T
  > COLLIERComputeIRpoles     =  T
  > COLLIERGlobalCache        =           -1
  > COLLIERUseCacheForPoles   =  F
  > COLLIERUseInternalStabilityTest =  T
 ===============================================================
  
------------------------------------------------------------------------
|              You are using CutTools - Version 1.9.3                  |
|              Authors: G. Ossola, C. Papadopoulos, R. Pittau          |
|              Published in JHEP 0803:042,2008                         |
|              http://www.ugr.es/~pittau/CutTools                      |
|                                                                      |
|              Compiler with  34  significant digits detetected        |
 ---------------------------------------------------------------------- 
   
########################################################################
#                                                                      #
#                      You are using OneLOop-3.6                       #
#                                                                      #
# for the evaluation of 1-loop scalar 1-, 2-, 3- and 4-point functions #
#                                                                      #
# author: Andreas van Hameren <hamerenREMOVETHIS@ifj.edu.pl>           #
#   date: 18-02-2015                                                   #
#                                                                      #
# Please cite                                                          #
#    A. van Hameren,                                                   #
#      Comput.Phys.Commun. 182 (2011) 2427-2438, arXiv:1007.4716       #
#    A. van Hameren, C.G. Papadopoulos and R. Pittau,                  #
#      JHEP 0909:106,2009, arXiv:0903.4665                             #
# in publications with results obtained with the help of this program. #
#                                                                      #

  +----------------------------------------------------------------+
  |                                                                |
  |  Ninja - version 1.2.0                                         |
  |                                                                |
  |  Author: Tiziano Peraro                                        |
  |                                                                |
  |  Based on:                                                     |
  |                                                                |
  |      P. Mastrolia, E. Mirabella and T. Peraro,                 |
  |      "Integrand reduction of one-loop scattering amplitudes    |
  |      through Laurent series expansion,"                        |
  |      JHEP 1206 (2012) 095  [arXiv:1203.0291 [hep-ph]].         |
  |                                                                |
  |      T. Peraro,                                                |
  |      "Ninja: Automated Integrand Reduction via Laurent         |
  |      Expansion for One-Loop Amplitudes,"                       |
  |      Comput.Phys.Commun. 185 (2014) [arXiv:1403.1229 [hep-ph]] |
  |                                                                |
  +----------------------------------------------------------------+


########################################################################
########################################################################
#                                                                      #
#                      You are using OneLOop-3.6                       #
#                                                                      #
# for the evaluation of 1-loop scalar 1-, 2-, 3- and 4-point functions #
#                                                                      #
# author: Andreas van Hameren <hamerenREMOVETHIS@ifj.edu.pl>           #
#   date: 18-02-2015                                                   #
#                                                                      #
# Please cite                                                          #
#    A. van Hameren,                                                   #
#      Comput.Phys.Commun. 182 (2011) 2427-2438, arXiv:1007.4716       #
#    A. van Hameren, C.G. Papadopoulos and R. Pittau,                  #
#      JHEP 0909:106,2009, arXiv:0903.4665                             #
# in publications with results obtained with the help of this program. #
#                                                                      #
########################################################################
 PASSED  -1.0000000000000000     
 MU_R    =    325.00000000000000     
 ALPHA_S =   0.11799999999999999     
 BORN                    1.9253133405435291E-008
 SINGLE POLE (MadFKS)   -2.0659913400855284E-009
 DOUBLE POLE (MadFKS)   -1.9284229305331269E-009
 SINGLE POLE (MadLoop)  -2.6780670401428203E-009
 DOUBLE POLE (MadLoop)  -1.9284229305331281E-009
 FINITE PART (MadLoop)  -7.6612957747317961E-009
   325.00000000000000        0.0000000000000000        0.0000000000000000        325.00000000000000        0.0000000000000000     
   325.00000000000000        0.0000000000000000        0.0000000000000000       -325.00000000000000        0.0000000000000000     
   242.74317471606042        76.654390413438037       -163.76312507870472        102.98054265749694        125.00000000000000     
   116.06665029625063        110.09278120579606       -36.538023810927314       -4.0024559156793966        0.0000000000000000     
   291.19017498768903       -186.74717161923422        200.30114888963197       -98.978086741817535        0.0000000000000000     

 PASSED  -1.0000000000000000     
 MU_R    =    325.00000000000000     
 ALPHA_S =   0.11799999999999999     
 BORN                    2.9075831072858996E-008
 SINGLE POLE (MadFKS)   -4.1152184817340944E-009
 DOUBLE POLE (MadFKS)   -2.9122791695496076E-009
 SINGLE POLE (MadLoop)  -4.7007175813754887E-009
 DOUBLE POLE (MadLoop)  -2.9122791695496068E-009
 FINITE PART (MadLoop)  -1.2199088442296114E-008
   325.00000000000000        0.0000000000000000        0.0000000000000000        325.00000000000000        0.0000000000000000     
   325.00000000000000        0.0000000000000000        0.0000000000000000       -325.00000000000000        0.0000000000000000     
   160.88928365025720       -67.336931399106220        37.955341435580728        65.463664117993588        125.00000000000000     
   221.91746000558123        87.296476751198583        191.89343101378506        69.307974547766676        0.0000000000000000     
   267.19325634416151       -19.959545352092373       -229.84877244936581       -134.77163866576021        0.0000000000000000     

 PASSED  -1.0000000000000000     
 MU_R    =    325.00000000000000     
 ALPHA_S =   0.11799999999999999     
 BORN                    1.0638775440790271E-007
 SINGLE POLE (MadFKS)   -2.0405470241741338E-008
 DOUBLE POLE (MadFKS)   -1.0655958217700196E-008
 SINGLE POLE (MadLoop)  -2.1638580855699647E-008
 DOUBLE POLE (MadLoop)  -1.0655958217700239E-008
 FINITE PART (MadLoop)  -5.6536045373964400E-008
   325.00000000000000        0.0000000000000000        0.0000000000000000        325.00000000000000        0.0000000000000000     
   325.00000000000000        0.0000000000000000        0.0000000000000000       -325.00000000000000        0.0000000000000000     
   292.29751006774035       -233.82384728533336       -98.327857849741335        73.965364889026873        125.00000000000000     
   310.15990529300689        280.36966243374559        105.16211057393943       -80.826664769672377        0.0000000000000000     
   47.542584639252809       -46.545815148412231       -6.8342527241980413        6.8612998806456593        0.0000000000000000     

 PASSED  -1.0000000000000000     
 MU_R    =    325.00000000000000     
 ALPHA_S =   0.11799999999999999     
 BORN                    3.3361347303404745E-008
 SINGLE POLE (MadFKS)   -4.4071129309278585E-009
 DOUBLE POLE (MadFKS)   -3.3415229499839779E-009
 SINGLE POLE (MadLoop)  -4.9719946486979025E-009
 DOUBLE POLE (MadLoop)  -3.3415229499839853E-009
 FINITE PART (MadLoop)  -1.3352012569092119E-008
   325.00000000000000        0.0000000000000000        0.0000000000000000        325.00000000000000        0.0000000000000000     
   325.00000000000000        0.0000000000000000        0.0000000000000000       -325.00000000000000        0.0000000000000000     
   248.35553804562298       -33.315089775739267        179.32018473243869        113.09221643724817        125.00000000000000     
   281.48532569054458       -52.065408776023993       -261.06153009836805       -91.488028128254697        0.0000000000000000     
   120.15913626383239        85.380498551763239        81.741345365929391       -21.604188308993439        0.0000000000000000     

 PASSED  -1.0000000000000000     
 MU_R    =    325.00000000000000     
 ALPHA_S =   0.11799999999999999     
 BORN                    2.3226993452031129E-006
 SINGLE POLE (MadFKS)   -9.3681201910174724E-007
 DOUBLE POLE (MadFKS)   -2.3264507567165500E-007
 SINGLE POLE (MadLoop)  -9.4261107171600798E-007
 DOUBLE POLE (MadLoop)  -2.3264507567164433E-007
 FINITE PART (MadLoop)  -3.4369285307240963E-006
   325.00000000000000        0.0000000000000000        0.0000000000000000        325.00000000000000        0.0000000000000000     
   325.00000000000000        0.0000000000000000        0.0000000000000000       -325.00000000000000        0.0000000000000000     
   306.72570530203973       -29.012949009243503       -113.39926470064830        254.46908230308262        125.00000000000000     
   201.28364122950342       -15.530697889627135       -10.119167997027061       -200.42830161610539        0.0000000000000000     
   141.99065346845686        44.543646898870634        123.51843269767537       -54.040780686977214        0.0000000000000000     

 PASSED  -1.0000000000000000     
 MU_R    =    325.00000000000000     
 ALPHA_S =   0.11799999999999999     
 BORN                    3.8381126508135901E-006
 SINGLE POLE (MadFKS)   -1.0651520413300781E-006
 DOUBLE POLE (MadFKS)   -3.8443116192758084E-007
 SINGLE POLE (MadLoop)  -1.0682989578842274E-006
 DOUBLE POLE (MadLoop)  -3.8443116192758042E-007
 FINITE PART (MadLoop)  -2.6716866016648533E-006
   325.00000000000000        0.0000000000000000        0.0000000000000000        325.00000000000000        0.0000000000000000     
   325.00000000000000        0.0000000000000000        0.0000000000000000       -325.00000000000000        0.0000000000000000     
   228.63988688030497       -183.93240054265229        32.149407539041356        42.266836859938024        125.00000000000000     
   199.24727276095700        16.921060873546512       -92.246207607222601       -175.79473992039158        0.0000000000000000     
   222.11284035873803        167.01133966910578        60.096800068181238        133.52790306045353        0.0000000000000000     

 PASSED  -1.0000000000000000     
 MU_R    =    325.00000000000000     
 ALPHA_S =   0.11799999999999999     
 BORN                    1.9635078663503077E-006
 SINGLE POLE (MadFKS)   -5.8992563293749742E-007
 DOUBLE POLE (MadFKS)   -1.9666791446441443E-007
 SINGLE POLE (MadLoop)  -5.9278919502897387E-007
 DOUBLE POLE (MadLoop)  -1.9666791446442190E-007
 FINITE PART (MadLoop)  -1.7118788996334895E-006
   325.00000000000000        0.0000000000000000        0.0000000000000000        325.00000000000000        0.0000000000000000     
   325.00000000000000        0.0000000000000000        0.0000000000000000       -325.00000000000000        0.0000000000000000     
   281.51855464038175        100.51529407496533        162.24366545631287        164.92836409524239        125.00000000000000     
   179.95494672760108        37.466359092185122       -34.013394861683679       -172.69378610156289        0.0000000000000000     
   188.52649863201725       -137.98165316715065       -128.23027059462927        7.7654220063205530        0.0000000000000000     

 PASSED  -1.0000000000000000     
 MU_R    =    325.00000000000000     
 ALPHA_S =   0.11799999999999999     
 BORN                    4.9823914507257085E-008
 SINGLE POLE (MadFKS)   -1.0600137225046048E-008
 DOUBLE POLE (MadFKS)   -4.9904385536326360E-009
 SINGLE POLE (MadLoop)  -1.0920135948981030E-008
 DOUBLE POLE (MadLoop)  -4.9904385536326550E-009
 FINITE PART (MadLoop)  -2.6242468793829548E-008
   325.00000000000000        0.0000000000000000        0.0000000000000000        325.00000000000000        0.0000000000000000     
   325.00000000000000        0.0000000000000000        0.0000000000000000       -325.00000000000000        0.0000000000000000     
   299.13689234167703       -116.19147940692999        230.31437882031290        85.514369445599229        125.00000000000000     
   132.89456809996582       -16.339236527416702       -122.20162148497393        49.606040827914811        0.0000000000000000     
   217.96853955835724        132.53071593434669       -108.11275733533898       -135.12041027351404        0.0000000000000000     

 PASSED  -1.0000000000000000     
 MU_R    =    325.00000000000000     
 ALPHA_S =   0.11799999999999999     
 BORN                    4.4257026040999604E-006
 SINGLE POLE (MadFKS)   -1.5607319609522986E-006
 DOUBLE POLE (MadFKS)   -4.4328505941049331E-007
 SINGLE POLE (MadLoop)  -1.5689419050470842E-006
 DOUBLE POLE (MadLoop)  -4.4328505941049553E-007
 FINITE PART (MadLoop)  -4.3685223389289911E-006
   325.00000000000000        0.0000000000000000        0.0000000000000000        325.00000000000000        0.0000000000000000     
   325.00000000000000        0.0000000000000000        0.0000000000000000       -325.00000000000000        0.0000000000000000     
   232.76756002302767        31.224954248442764       -145.67509374440277       -127.90428567415536        125.00000000000000     
   239.56412403329347       -54.777536307194332        4.5028824314136298        233.17400174496751        0.0000000000000000     
   177.66831594367883        23.552582058751550        141.17221131298911       -105.26971607081219        0.0000000000000000     

 PASSED  -1.0000000000000000     
 MU_R    =    325.00000000000000     
 ALPHA_S =   0.11799999999999999     
 BORN                    1.0466588812398963E-007
 SINGLE POLE (MadFKS)   -3.3240878960035726E-008
 DOUBLE POLE (MadFKS)   -1.0483493489217481E-008
 SINGLE POLE (MadLoop)  -3.3303890081927524E-008
 DOUBLE POLE (MadLoop)  -1.0483493489217034E-008
 FINITE PART (MadLoop)  -9.2437208121782727E-008
   325.00000000000000        0.0000000000000000        0.0000000000000000        325.00000000000000        0.0000000000000000     
   325.00000000000000        0.0000000000000000        0.0000000000000000       -325.00000000000000        0.0000000000000000     
   335.44028060214885       -165.12468468825682        186.64676894325461       -186.52614830123787        125.00000000000000     
   7.2876589316783074        7.2624747527985587       0.20933773524566127       0.56798845237938234        0.0000000000000000     
   307.27206046617289        157.86220993545831       -186.85610667850023        185.95815984885851        0.0000000000000000     

 PASSED  -1.0000000000000000     
 MU_R    =    325.00000000000000     
 ALPHA_S =   0.11799999999999999     
 BORN                    8.7089048052610495E-007
 SINGLE POLE (MadFKS)   -2.1200017642845930E-007
 DOUBLE POLE (MadFKS)   -8.7229706316553934E-008
 SINGLE POLE (MadLoop)  -2.1328864464502007E-007
 DOUBLE POLE (MadLoop)  -8.7229706316552848E-008
 FINITE PART (MadLoop)  -5.2670435681555964E-007
   325.00000000000000        0.0000000000000000        0.0000000000000000        325.00000000000000        0.0000000000000000     
   325.00000000000000        0.0000000000000000        0.0000000000000000       -325.00000000000000        0.0000000000000000     
   262.27495321668084        207.18109687613281        101.18136984158848        1.2143224424894667        125.00000000000000     
   235.58570747605691       -203.62867692253511       -4.2192801781189351       -118.39841712012358        0.0000000000000000     
   152.13933930726222       -3.5524199535978562       -96.962089663469825        117.18409467763415        0.0000000000000000     

 PASSED  -1.0000000000000000     
 MU_R    =    325.00000000000000     
 ALPHA_S =   0.11799999999999999     
 BORN                    9.3059254081430817E-008
 SINGLE POLE (MadFKS)   -1.5511433115496123E-008
 DOUBLE POLE (MadFKS)   -9.3209554876027384E-009
 SINGLE POLE (MadLoop)  -1.6120032942728951E-008
 DOUBLE POLE (MadLoop)  -9.3209554876027218E-009
 FINITE PART (MadLoop)  -4.1929439425360857E-008
   325.00000000000000        0.0000000000000000        0.0000000000000000        325.00000000000000        0.0000000000000000     
   325.00000000000000        0.0000000000000000        0.0000000000000000       -325.00000000000000        0.0000000000000000     
   229.05292371803293       -13.982397470090467        191.08510472271101       -11.455006672978897        125.00000000000000     
   275.42664609059432        136.39430395762992       -232.81642544750719       -55.253445742980354        0.0000000000000000     
   145.52043019137275       -122.41190648753941        41.731320724796170        66.708452415959258        0.0000000000000000     

 PASSED  -1.0000000000000000     
 MU_R    =    325.00000000000000     
 ALPHA_S =   0.11799999999999999     
 BORN                    1.0462286405318574E-008
 SINGLE POLE (MadFKS)   -1.4262039526594950E-009
 DOUBLE POLE (MadFKS)   -1.0479184133282741E-009
 SINGLE POLE (MadLoop)  -1.5498475251164236E-009
 DOUBLE POLE (MadLoop)  -1.0479184133282737E-009
 FINITE PART (MadLoop)  -4.2144411185896275E-009
   325.00000000000000        0.0000000000000000        0.0000000000000000        325.00000000000000        0.0000000000000000     
   325.00000000000000        0.0000000000000000        0.0000000000000000       -325.00000000000000        0.0000000000000000     
   301.48909428249891        246.45475278323889        79.205889027900014       -90.868894266046993        125.00000000000000     
   202.40269465585214       -116.69366455784994       -145.29896610962578        78.978794011328930        0.0000000000000000     
   146.10821106164897       -129.76108822538896        66.093077081725696        11.890100254718035        0.0000000000000000     

 PASSED  -1.0000000000000000     
 MU_R    =    325.00000000000000     
 ALPHA_S =   0.11799999999999999     
 BORN                    1.3554453564283416E-008
 SINGLE POLE (MadFKS)   -1.0960991511361563E-009
 DOUBLE POLE (MadFKS)   -1.3576345477786735E-009
 SINGLE POLE (MadLoop)  -1.4747408171695440E-009
 DOUBLE POLE (MadLoop)  -1.3576345477786766E-009
 FINITE PART (MadLoop)  -4.7168419600416246E-009
   325.00000000000000        0.0000000000000000        0.0000000000000000        325.00000000000000        0.0000000000000000     
   325.00000000000000        0.0000000000000000        0.0000000000000000       -325.00000000000000        0.0000000000000000     
   170.57445704781458        65.875460101295715        66.987010705891691       -68.145502788431159        125.00000000000000     
   233.24711730094759        159.96112278444417       -162.85898543980773        47.891625450160426        0.0000000000000000     
   246.17842565123780       -225.83658288573983        95.871974733916034        20.253877338270719        0.0000000000000000     

 PASSED  -1.0000000000000000     
 MU_R    =    325.00000000000000     
 ALPHA_S =   0.11799999999999999     
 BORN                    1.7666140687238348E-005
 SINGLE POLE (MadFKS)   -6.4077949012123324E-006
 DOUBLE POLE (MadFKS)   -1.7694673421666062E-006
 SINGLE POLE (MadLoop)  -6.4227693793723325E-006
 DOUBLE POLE (MadLoop)  -1.7694673421665998E-006
 FINITE PART (MadLoop)  -1.6948721522813973E-005
   325.00000000000000        0.0000000000000000        0.0000000000000000        325.00000000000000        0.0000000000000000     
   325.00000000000000        0.0000000000000000        0.0000000000000000       -325.00000000000000        0.0000000000000000     
   145.96268108913091        18.188964347719331        72.205556231120809        11.645750127801310        125.00000000000000     
   235.89943315160716        70.916375863411119        19.169194961860576        224.16947196298415        0.0000000000000000     
   268.13788575926191       -89.105340211130482       -91.374751192981392       -235.81522209078551        0.0000000000000000     

 PASSED  -1.0000000000000000     
 MU_R    =    325.00000000000000     
 ALPHA_S =   0.11799999999999999     
 BORN                    1.3943627651127908E-006
 SINGLE POLE (MadFKS)   -3.1507187556018619E-007
 DOUBLE POLE (MadFKS)   -1.3966148123016595E-007
 SINGLE POLE (MadLoop)  -3.1685172865087283E-007
 DOUBLE POLE (MadLoop)  -1.3966148123016566E-007
 FINITE PART (MadLoop)  -7.6233521276029585E-007
   325.00000000000000        0.0000000000000000        0.0000000000000000        325.00000000000000        0.0000000000000000     
   325.00000000000000        0.0000000000000000        0.0000000000000000       -325.00000000000000        0.0000000000000000     
   135.25894500151963        26.930755370284459       -41.068366003256848       -16.065675582823825        125.00000000000000     
   234.50610304889742        112.91532505158261       -112.81908722906081       -171.79957884836949        0.0000000000000000     
   280.23495194958292       -139.84608042186710        153.88745323231760        187.86525443119336        0.0000000000000000     

 PASSED  -1.0000000000000000     
 MU_R    =    325.00000000000000     
 ALPHA_S =   0.11799999999999999     
 BORN                    4.0974420388264506E-008
 SINGLE POLE (MadFKS)   -7.0594435381025501E-009
 DOUBLE POLE (MadFKS)   -4.1040598523940310E-009
 SINGLE POLE (MadLoop)  -8.4325490012582760E-009
 DOUBLE POLE (MadLoop)  -4.1040598523940625E-009
 FINITE PART (MadLoop)  -2.3771803465677452E-008
   325.00000000000000        0.0000000000000000        0.0000000000000000        325.00000000000000        0.0000000000000000     
   325.00000000000000        0.0000000000000000        0.0000000000000000       -325.00000000000000        0.0000000000000000     
   310.88723427297998        185.76208643901998        100.88450978280947        190.63219917319080        125.00000000000000     
   279.64662083958240       -204.12797673907667       -128.65295405068832       -141.35918460941849        0.0000000000000000     
   59.466144887437601        18.365890300056620        27.768444267878866       -49.273014563772264        0.0000000000000000     

 PASSED  -1.0000000000000000     
 MU_R    =    325.00000000000000     
 ALPHA_S =   0.11799999999999999     
 BORN                    1.4751982806459461E-008
 SINGLE POLE (MadFKS)   -1.2246532759832596E-009
 DOUBLE POLE (MadFKS)   -1.4775808859650748E-009
 SINGLE POLE (MadLoop)  -1.5902083595496334E-009
 DOUBLE POLE (MadLoop)  -1.4775808859650639E-009
 FINITE PART (MadLoop)  -5.1263744556849792E-009
   325.00000000000000        0.0000000000000000        0.0000000000000000        325.00000000000000        0.0000000000000000     
   325.00000000000000        0.0000000000000000        0.0000000000000000       -325.00000000000000        0.0000000000000000     
   153.22190042537721        27.534723346049443       -72.808056320035547        42.341194068179639        125.00000000000000     
   223.22150754245425       -133.75372673874844       -177.95217887642022       -16.456124882752540        0.0000000000000000     
   273.55659203216857        106.21900339269899        250.76023519645565       -25.885069185427120        0.0000000000000000     

 PASSED  -1.0000000000000000     
 MU_R    =    325.00000000000000     
 ALPHA_S =   0.11799999999999999     
 BORN                    3.6753227294601938E-007
 SINGLE POLE (MadFKS)   -1.0184525658448385E-007
 DOUBLE POLE (MadFKS)   -3.6812587745326516E-008
 SINGLE POLE (MadLoop)  -1.0466510101315053E-007
 DOUBLE POLE (MadLoop)  -3.6812587745328336E-008
 FINITE PART (MadLoop)  -2.9104401723574182E-007
   325.00000000000000        0.0000000000000000        0.0000000000000000        325.00000000000000        0.0000000000000000     
   325.00000000000000        0.0000000000000000        0.0000000000000000       -325.00000000000000        0.0000000000000000     
   262.16648310014335       -222.00686059116168        55.331535583823509        27.525258972265174        125.00000000000000     
   94.108970486497171       -40.225491635884360        16.801227735727075        83.403398583343233        0.0000000000000000     
   293.72454641335946        262.23235222704562       -72.132763319551600       -110.92865755560760        0.0000000000000000     

 PASSED  -1.0000000000000000     
 MU_R    =    325.00000000000000     
 ALPHA_S =   0.11799999999999999     
 BORN                    4.5929109414662821E-008
 SINGLE POLE (MadFKS)   -7.4812999912037670E-009
 DOUBLE POLE (MadFKS)   -4.6003289910823847E-009
 SINGLE POLE (MadLoop)  -8.2245092663202825E-009
 DOUBLE POLE (MadLoop)  -4.6003289910823599E-009
 FINITE PART (MadLoop)  -2.0955216905359011E-008
   325.00000000000000        0.0000000000000000        0.0000000000000000        325.00000000000000        0.0000000000000000     
   325.00000000000000        0.0000000000000000        0.0000000000000000       -325.00000000000000        0.0000000000000000     
   168.10135451419893       -34.037965421370885       -63.420956195709024       -86.326500072132575        125.00000000000000     
   231.30937035942722       -3.7504206549338259       -175.95258659338174        150.10212001195785        0.0000000000000000     
   250.58927512637382        37.788386076304789        239.37354278909075       -63.775619939825297        0.0000000000000000     

 NUMBER OF POINTS PASSING THE CHECK          20
 NUMBER OF POINTS FAILING THE CHECK           0
 TOLERANCE   -1.0000000000000000     
