 A PDF is used, so alpha_s(MZ) is going to be modified
 Old value of alpha_s from param_card:   0.11799999999999999     
  ****************************************
 
       NNPDFDriver version 1.0.3
   Grid: NNPDF23nlo_as_0119_qed_mem0.grid
  ****************************************
 New value of alpha_s from PDF nn23nlo:  0.11899999999999999     
 *****************************************************
 *               MadGraph/MadEvent                   *
 *        --------------------------------           *
 *          http://madgraph.hep.uiuc.edu             *
 *          http://madgraph.phys.ucl.ac.be           *
 *          http://madgraph.roma2.infn.it            *
 *        --------------------------------           *
 *                                                   *
 *          PARAMETER AND COUPLING VALUES            *
 *                                                   *
 *****************************************************

  External Params
  ---------------------------------
  
 MU_R =    91.188000000000002     
 aEWM1 =    132.50700000000001     
 mdl_Gf =    1.1663900000000000E-005
 aS =   0.11799999999999999     
 mdl_ymb =    4.7000000000000002     
 mdl_ymt =    173.00000000000000     
 mdl_ymtau =    1.7769999999999999     
 mdl_MT =    173.00000000000000     
 mdl_MB =    4.7000000000000002     
 mdl_MZ =    91.188000000000002     
 mdl_MH =    125.00000000000000     
 mdl_MTA =    1.7769999999999999     
 mdl_WT =    1.4915000000000000     
 mdl_WZ =    2.4414039999999999     
 mdl_WW =    2.0476000000000001     
 mdl_WH =    6.3823389999999999E-003
  Internal Params
  ---------------------------------
  
 mdl_conjg__CKM3x3 =    1.0000000000000000     
 mdl_CKM22 =    1.0000000000000000     
 mdl_lhv =    1.0000000000000000     
 mdl_CKM3x3 =    1.0000000000000000     
 mdl_conjg__CKM22 =    1.0000000000000000     
 mdl_conjg__CKM33 =    1.0000000000000000     
 mdl_Ncol =    3.0000000000000000     
 mdl_CA =    3.0000000000000000     
 mdl_TF =   0.50000000000000000     
 mdl_CF =    1.3333333333333333     
 mdl_complexi =                (0.0000000000000000,1.0000000000000000)
 mdl_MZ__exp__2 =    8315.2513440000002     
 mdl_MZ__exp__4 =    69143404.913893804     
 mdl_sqrt__2 =    1.4142135623730951     
 mdl_MH__exp__2 =    15625.000000000000     
 mdl_Ncol__exp__2 =    9.0000000000000000     
 mdl_MB__exp__2 =    22.090000000000003     
 mdl_MT__exp__2 =    29929.000000000000     
 mdl_aEW =    7.5467711139788835E-003
 mdl_MW =    80.419002445756163     
 mdl_sqrt__aEW =    8.6872153846781555E-002
 mdl_ee =   0.30795376724436879     
 mdl_MW__exp__2 =    6467.2159543705357     
 mdl_sw2 =   0.22224648578577766     
 mdl_cw =   0.88190334743339216     
 mdl_sqrt__sw2 =   0.47143025548407230     
 mdl_sw =   0.47143025548407230     
 mdl_g1 =   0.34919219678733299     
 mdl_gw =   0.65323293034757990     
 mdl_v =    246.21845810181637     
 mdl_v__exp__2 =    60623.529110035903     
 mdl_lam =   0.12886910601690263     
 mdl_yb =    2.6995554250465490E-002
 mdl_yt =   0.99366614581500623     
 mdl_ytau =    1.0206617000654717E-002
 mdl_muH =    88.388347648318430     
 mdl_AxialZUp =  -0.18517701861793787     
 mdl_AxialZDown =   0.18517701861793787     
 mdl_VectorZUp =    7.5430507588273299E-002
 mdl_VectorZDown =  -0.13030376310310560     
 mdl_VectorAUp =   0.20530251149624587     
 mdl_VectorADown =  -0.10265125574812294     
 mdl_VectorWmDxU =   0.23095271737156670     
 mdl_AxialWmDxU =  -0.23095271737156670     
 mdl_VectorWpUxD =   0.23095271737156670     
 mdl_AxialWpUxD =  -0.23095271737156670     
 mdl_I1x33 =          (2.69955542504654901E-002,0.0000000000000000)
 mdl_I2x33 =               (0.99366614581500623,0.0000000000000000)
 mdl_I3x33 =               (0.99366614581500623,0.0000000000000000)
 mdl_I4x33 =          (2.69955542504654901E-002,0.0000000000000000)
 mdl_Vector_tbGp =              (-0.96667059156454072,0.0000000000000000)
 mdl_Axial_tbGp =              (-1.0206617000654716,-0.0000000000000000)
 mdl_Vector_tbGm =               (0.96667059156454072,0.0000000000000000)
 mdl_Axial_tbGm =              (-1.0206617000654716,-0.0000000000000000)
 mdl_gw__exp__2 =   0.42671326129048615     
 mdl_cw__exp__2 =   0.77775351421422245     
 mdl_ee__exp__2 =    9.4835522759998875E-002
 mdl_sw__exp__2 =   0.22224648578577769     
 mdl_yb__exp__2 =    7.2875994928982540E-004
 mdl_yt__exp__2 =   0.98737240933884918     
  Internal Params evaluated point by point
  ----------------------------------------
  
 mdl_sqrt__aS =   0.34351128074635334     
 mdl_G__exp__4 =    2.1987899468922913     
 mdl_G__exp__2 =    1.4828317324943823     
 mdl_R2MixedFactor_FIN_ =   -2.5040377713124864E-002
 mdl_GWcft_UV_b_1EPS_ =   -3.1300472141406080E-003
 mdl_GWcft_UV_t_1EPS_ =   -3.1300472141406080E-003
 mdl_bWcft_UV_1EPS_ =   -1.8780283284843650E-002
 mdl_tWcft_UV_1EPS_ =   -1.8780283284843650E-002
 mdl_G__exp__3 =    1.8056676068262196     
 mdl_MU_R__exp__2 =    8315.2513440000002     
 mdl_GWcft_UV_b_FIN_ =   -1.8563438626678915E-002
 mdl_GWcft_UV_t_FIN_ =    4.0087659331150384E-003
 mdl_bWcft_UV_FIN_ =  -0.13642100947319838     
 mdl_tWcft_UV_FIN_ =   -9.8778211443463623E-004
  Couplings of loop_sm
  ---------------------------------
  
    R2_UUZ_V2 =  -0.00000E+00  -0.72127E-02
    R2_UUZ_V5 =   0.00000E+00   0.68702E-03
      R2_sxcW =  -0.00000E+00  -0.11566E-01
         GC_5 =   0.00000E+00   0.12177E+01
        GC_22 =   0.00000E+00   0.28804E+00
        GC_23 =  -0.00000E+00  -0.27437E-01
        GC_31 =   0.00000E+00   0.52532E+02
        GC_32 =   0.00000E+00   0.67544E+02
        GC_47 =   0.00000E+00   0.46191E+00

 Collider parameters:
 --------------------

 Running at P P   machine @    13000.000000000000       GeV
 PDF set = nn23nlo
 alpha_s(Mz)= 0.1190 running at 2 loops.
 alpha_s(Mz)= 0.1190 running at 2 loops.
 Renormalization scale set on event-by-event basis
 Factorization   scale set on event-by-event basis


 ===============================================================
 INFO: MadFKS read these parameters from FKS_params.dat
 ===============================================================
  > IRPoleCheckThreshold      =   -1.0000000000000000     
  > PrecisionVirtualAtRunTime =   -1.0000000000000000     
  > NHelForMCoverHels         =            4
  > VirtualFraction           =    1.0000000000000000     
  > MinVirtualFraction        =    5.0000000000000001E-003
 ===============================================================
  Insert the number of points to test
 Insert the relative tolerance
  A negative number will mean use the default one:   -1.0000000000000000     
Using random seed offsets:     1 ,      6 ,      0
  with seed                15455
 Ranmar initialization seeds       10742       25460
  ========================================================================================== 
 {                                                                                          }
 {       [32m                                                                            [0m       }
 {       [32m                               ,,                                           [0m       }
 {       [32m`7MMM.     ,MMF'             `7MM  `7MMF'                                   [0m       }
 {       [32m  MMMb    dPMM                 MM    MM                                     [0m       }
 {       [32m  M YM   ,M MM   ,6"Yb.   ,M""bMM    MM         ,pW"Wq.   ,pW"Wq.`7MMpdMAo. [0m       }
 {       [32m  M  Mb  M' MM  8)   MM ,AP    MM    MM        6W'   `Wb 6W'   `Wb MM   `Wb [0m       }
 {       [32m  M  YM.P'  MM   ,pm9MM 8MI    MM    MM      , 8M     M8 8M     M8 MM    M8 [0m       }
 {       [32m  M  `YM'   MM  8M   MM `Mb    MM    MM     ,M YA.   ,A9 YA.   ,A9 MM   ,AP [0m       }
 {       [32m.JML. `'  .JMML.`Moo9^Yo.`Wbmd"MML..JMMmmmmMMM  `Ybmd9'   `Ybmd9'  MMbmmd'  [0m       }
 {       [32m                                                                   MM       [0m       }
 {       [32m                                                                 .JMML.     [0m       }
 {       [32m[0mv2.6.7 (2019-10-16), Ref: arXiv:1103.0621v2, arXiv:1405.0301[32m                [0m       }
 {       [32m                                                                            [0m       }
 {                                                                                          }
  ========================================================================================== 
 ===============================================================
 INFO: MadLoop read these parameters from ./MadLoop5_resources/MadLoopParams.dat                                                                                                                                                                                                                                                                                                                                                                                                                                                                                          
 ===============================================================
  > MLReductionLib            = 6|7|1
  > CTModeRun                 =           -1
  > MLStabThres               =    1.0000000000000000E-003
  > NRotations_DP             =            0
  > NRotations_QP             =            0
  > CTStabThres               =    1.0000000000000000E-002
  > CTLoopLibrary             =            2
  > CTModeInit                =            1
  > CheckCycle                =            3
  > MaxAttempts               =           10
  > UseLoopFilter             =  F
  > HelicityFilterLevel       =            2
  > ImprovePSPoint            =            2
  > DoubleCheckHelicityFilter =  T
  > LoopInitStartOver         =  F
  > HelInitStartOver          =  F
  > ZeroThres                 =    1.0000000000000001E-009
  > OSThres                   =    1.0000000000000000E-008
  > WriteOutFilters           =  T
  > UseQPIntegrandForNinja    =  T
  > UseQPIntegrandForCutTools =  T
  > IREGIMODE                 =            2
  > IREGIRECY                 =  T
  > COLLIERMode               =            1
  > COLLIERRequiredAccuracy   =    1.0000000000000000E-008
  > COLLIERCanOutput          =  F
  > COLLIERComputeUVpoles     =  T
  > COLLIERComputeIRpoles     =  T
  > COLLIERGlobalCache        =           -1
  > COLLIERUseCacheForPoles   =  F
  > COLLIERUseInternalStabilityTest =  T
 ===============================================================
  
------------------------------------------------------------------------
|              You are using CutTools - Version 1.9.3                  |
|              Authors: G. Ossola, C. Papadopoulos, R. Pittau          |
|              Published in JHEP 0803:042,2008                         |
|              http://www.ugr.es/~pittau/CutTools                      |
|                                                                      |
|              Compiler with  34  significant digits detetected        |
 ---------------------------------------------------------------------- 
   
########################################################################
#                                                                      #
#                      You are using OneLOop-3.6                       #
#                                                                      #
# for the evaluation of 1-loop scalar 1-, 2-, 3- and 4-point functions #
#                                                                      #
# author: Andreas van Hameren <hamerenREMOVETHIS@ifj.edu.pl>           #
#   date: 18-02-2015                                                   #
#                                                                      #
# Please cite                                                          #
#    A. van Hameren,                                                   #
#      Comput.Phys.Commun. 182 (2011) 2427-2438, arXiv:1007.4716       #
#    A. van Hameren, C.G. Papadopoulos and R. Pittau,                  #
#      JHEP 0909:106,2009, arXiv:0903.4665                             #
# in publications with results obtained with the help of this program. #
#                                                                      #

  +----------------------------------------------------------------+
  |                                                                |
  |  Ninja - version 1.2.0                                         |
  |                                                                |
  |  Author: Tiziano Peraro                                        |
  |                                                                |
  |  Based on:                                                     |
  |                                                                |
  |      P. Mastrolia, E. Mirabella and T. Peraro,                 |
  |      "Integrand reduction of one-loop scattering amplitudes    |
  |      through Laurent series expansion,"                        |
  |      JHEP 1206 (2012) 095  [arXiv:1203.0291 [hep-ph]].         |
  |                                                                |
  |      T. Peraro,                                                |
  |      "Ninja: Automated Integrand Reduction via Laurent         |
  |      Expansion for One-Loop Amplitudes,"                       |
  |      Comput.Phys.Commun. 185 (2014) [arXiv:1403.1229 [hep-ph]] |
  |                                                                |
  +----------------------------------------------------------------+


########################################################################
########################################################################
#                                                                      #
#                      You are using OneLOop-3.6                       #
#                                                                      #
# for the evaluation of 1-loop scalar 1-, 2-, 3- and 4-point functions #
#                                                                      #
# author: Andreas van Hameren <hamerenREMOVETHIS@ifj.edu.pl>           #
#   date: 18-02-2015                                                   #
#                                                                      #
# Please cite                                                          #
#    A. van Hameren,                                                   #
#      Comput.Phys.Commun. 182 (2011) 2427-2438, arXiv:1007.4716       #
#    A. van Hameren, C.G. Papadopoulos and R. Pittau,                  #
#      JHEP 0909:106,2009, arXiv:0903.4665                             #
# in publications with results obtained with the help of this program. #
#                                                                      #
########################################################################
 PASSED  -1.0000000000000000     
 MU_R    =    325.00000000000000     
 ALPHA_S =   0.11799999999999999     
 BORN                    7.5717738961800657E-009
 SINGLE POLE (MadFKS)   -1.1120985958830380E-009
 DOUBLE POLE (MadFKS)   -7.5840031327491178E-010
 SINGLE POLE (MadLoop)  -1.1107494668129862E-009
 DOUBLE POLE (MadLoop)  -7.5840031327490992E-010
 FINITE PART (MadLoop)  -2.8446082426926832E-009
   325.00000000000000        0.0000000000000000        0.0000000000000000        325.00000000000000        0.0000000000000000     
   325.00000000000000        0.0000000000000000        0.0000000000000000       -325.00000000000000        0.0000000000000000     
   218.71611339307205        129.94991813153715       -98.209392511053338       -75.363600351813091        125.00000000000000     
   188.87889973658545       -94.981434982190891       -141.58707957778412        81.282622196021450        0.0000000000000000     
   242.40498687034250       -34.968483149346227        239.79647208883745       -5.9190218442083360        0.0000000000000000     

 PASSED  -1.0000000000000000     
 MU_R    =    325.00000000000000     
 ALPHA_S =   0.11799999999999999     
 BORN                    7.4156974666931660E-010
 SINGLE POLE (MadFKS)   -7.8411067160371676E-011
 DOUBLE POLE (MadFKS)   -7.4276746228904033E-011
 SINGLE POLE (MadLoop)  -8.2193709488932790E-011
 DOUBLE POLE (MadLoop)  -7.4276746228903981E-011
 FINITE PART (MadLoop)  -7.1939259088839745E-011
   325.00000000000000        0.0000000000000000        0.0000000000000000        325.00000000000000        0.0000000000000000     
   325.00000000000000        0.0000000000000000        0.0000000000000000       -325.00000000000000        0.0000000000000000     
   290.77828327184710        149.33859300144530        196.64810839713414       -89.188094086040948        125.00000000000000     
   71.100613540087252        33.228373444214704       -27.832661206196324       -56.360583870376487        0.0000000000000000     
   288.12110318806560       -182.56696644565992       -168.81544719093779        145.54867795641744        0.0000000000000000     

 PASSED  -1.0000000000000000     
 MU_R    =    325.00000000000000     
 ALPHA_S =   0.11799999999999999     
 BORN                    5.2389133244883184E-009
 SINGLE POLE (MadFKS)   -7.1773370175797428E-010
 DOUBLE POLE (MadFKS)   -5.2473747380604079E-010
 SINGLE POLE (MadLoop)  -7.3508743990935017E-010
 DOUBLE POLE (MadLoop)  -5.2473747380603490E-010
 FINITE PART (MadLoop)  -5.8298086797849315E-010
   325.00000000000000        0.0000000000000000        0.0000000000000000        325.00000000000000        0.0000000000000000     
   325.00000000000000        0.0000000000000000        0.0000000000000000       -325.00000000000000        0.0000000000000000     
   311.90796760066922        224.82324421878789        176.19449237132903       -8.4610856117318409        125.00000000000000     
   205.14037405098387       -199.56370119261976       -46.758148654821838       -8.4010574604561601        0.0000000000000000     
   132.95165834834694       -25.259543026168124       -129.43634371650720        16.862143072188001        0.0000000000000000     

 PASSED  -1.0000000000000000     
 MU_R    =    325.00000000000000     
 ALPHA_S =   0.11799999999999999     
 BORN                    1.4058953077540945E-009
 SINGLE POLE (MadFKS)   -1.4518945379084549E-010
 DOUBLE POLE (MadFKS)   -1.4081659812508982E-010
 SINGLE POLE (MadLoop)  -1.5190312144870849E-010
 DOUBLE POLE (MadLoop)  -1.4081659812510277E-010
 FINITE PART (MadLoop)  -4.1500733162249450E-010
   325.00000000000000        0.0000000000000000        0.0000000000000000        325.00000000000000        0.0000000000000000     
   325.00000000000000        0.0000000000000000        0.0000000000000000       -325.00000000000000        0.0000000000000000     
   218.78129664526489        48.050299789066983       -148.41437190859901       -88.907809909704255        125.00000000000000     
   148.21391154244955        141.79510556452607       -43.046087174145192        2.9233528103563224        0.0000000000000000     
   283.00479181228548       -189.84540535359295        191.46045908274434        85.984457099348461        0.0000000000000000     

 PASSED  -1.0000000000000000     
 MU_R    =    325.00000000000000     
 ALPHA_S =   0.11799999999999999     
 BORN                    3.4603938134863440E-010
 SINGLE POLE (MadFKS)   -2.3807269876739569E-011
 DOUBLE POLE (MadFKS)   -3.4659827250343443E-011
 SINGLE POLE (MadLoop)  -2.5660453951272220E-011
 DOUBLE POLE (MadLoop)  -3.4659827250343437E-011
 FINITE PART (MadLoop)  -6.2028426143197243E-011
   325.00000000000000        0.0000000000000000        0.0000000000000000        325.00000000000000        0.0000000000000000     
   325.00000000000000        0.0000000000000000        0.0000000000000000       -325.00000000000000        0.0000000000000000     
   211.92205270803646        135.15796671363591        6.1497522172268324        104.78769491447990        125.00000000000000     
   302.71655519022198       -232.18620491438494       -52.506503732343589       -187.00252966068498        0.0000000000000000     
   135.36139210174153        97.028238200749129        46.356751515116571        82.214834746205113        0.0000000000000000     

 PASSED  -1.0000000000000000     
 MU_R    =    325.00000000000000     
 ALPHA_S =   0.11799999999999999     
 BORN                    1.8497835113611558E-007
 SINGLE POLE (MadFKS)   -5.4500301248558429E-008
 DOUBLE POLE (MadFKS)   -1.8527711124797496E-008
 SINGLE POLE (MadLoop)  -5.3466404058204842E-008
 DOUBLE POLE (MadLoop)  -1.8527711124797526E-008
 FINITE PART (MadLoop)  -1.3291723255662333E-007
   325.00000000000000        0.0000000000000000        0.0000000000000000        325.00000000000000        0.0000000000000000     
   325.00000000000000        0.0000000000000000        0.0000000000000000       -325.00000000000000        0.0000000000000000     
   321.18182759230160        51.589645784753266       -83.062887236096557       -279.23436677339373        125.00000000000000     
   265.44692061452099       -79.535716480279689        33.689068991848650        251.00036672914018        0.0000000000000000     
   63.371251793177471        27.946070695526430        49.373818244247907        28.234000044253580        0.0000000000000000     

 PASSED  -1.0000000000000000     
 MU_R    =    325.00000000000000     
 ALPHA_S =   0.11799999999999999     
 BORN                    1.7816876344291942E-010
 SINGLE POLE (MadFKS)   -7.2805265334535620E-012
 DOUBLE POLE (MadFKS)   -1.7845652533164381E-011
 SINGLE POLE (MadLoop)  -7.9554781628678410E-012
 DOUBLE POLE (MadLoop)  -1.7845652533164368E-011
 FINITE PART (MadLoop)  -2.3695193445320015E-011
   325.00000000000000        0.0000000000000000        0.0000000000000000        325.00000000000000        0.0000000000000000     
   325.00000000000000        0.0000000000000000        0.0000000000000000       -325.00000000000000        0.0000000000000000     
   131.29443348871791       -8.9806544868457738       -38.441416562549222       -7.4049714905482267        125.00000000000000     
   270.42822869444745        76.384765377634864        187.18175369837442       -179.61009318916652        0.0000000000000000     
   248.27733781683466       -67.404110890789212       -148.74033713582520        187.01506467971473        0.0000000000000000     

 PASSED  -1.0000000000000000     
 MU_R    =    325.00000000000000     
 ALPHA_S =   0.11799999999999999     
 BORN                    1.2525843277231272E-008
 SINGLE POLE (MadFKS)   -2.0233032246185205E-009
 DOUBLE POLE (MadFKS)   -1.2546073873491076E-009
 SINGLE POLE (MadLoop)  -2.0154668037785752E-009
 DOUBLE POLE (MadLoop)  -1.2546073873489658E-009
 FINITE PART (MadLoop)  -5.0076665189962099E-009
   325.00000000000000        0.0000000000000000        0.0000000000000000        325.00000000000000        0.0000000000000000     
   325.00000000000000        0.0000000000000000        0.0000000000000000       -325.00000000000000        0.0000000000000000     
   218.18763948547871        104.78151086270888        12.213987666303135       -144.40394562081966        125.00000000000000     
   263.23740685008227       -125.23082805168245       -179.53422823773701        146.21433911120295        0.0000000000000000     
   168.57495366443894        20.449317188973549        167.32024057143383       -1.8103934903832752        0.0000000000000000     

 PASSED  -1.0000000000000000     
 MU_R    =    325.00000000000000     
 ALPHA_S =   0.11799999999999999     
 BORN                    7.3875650471349966E-008
 SINGLE POLE (MadFKS)   -1.7907680382890518E-008
 DOUBLE POLE (MadFKS)   -7.3994967664215768E-009
 SINGLE POLE (MadLoop)  -1.7058957340108898E-008
 DOUBLE POLE (MadLoop)  -7.3994967664215735E-009
 FINITE PART (MadLoop)  -4.0604904504804956E-008
   325.00000000000000        0.0000000000000000        0.0000000000000000        325.00000000000000        0.0000000000000000     
   325.00000000000000        0.0000000000000000        0.0000000000000000       -325.00000000000000        0.0000000000000000     
   318.07289947947584       -8.6486127162316020        233.27953716117023        176.21358751025878        125.00000000000000     
   179.12060064955674       -25.561808735929265       -172.67537740035286       -40.174588371898217        0.0000000000000000     
   152.80649987096754        34.210421452160865       -60.604159760817403       -136.03899913836051        0.0000000000000000     

 PASSED  -1.0000000000000000     
 MU_R    =    325.00000000000000     
 ALPHA_S =   0.11799999999999999     
 BORN                    6.4412538328104336E-010
 SINGLE POLE (MadFKS)   -5.9028975162963549E-011
 DOUBLE POLE (MadFKS)   -6.4516571567874605E-011
 SINGLE POLE (MadLoop)  -6.3850990674948484E-011
 DOUBLE POLE (MadLoop)  -6.4516571567874540E-011
 FINITE PART (MadLoop)  -7.3093325630972185E-011
   325.00000000000000        0.0000000000000000        0.0000000000000000        325.00000000000000        0.0000000000000000     
   325.00000000000000        0.0000000000000000        0.0000000000000000       -325.00000000000000        0.0000000000000000     
   275.49080302479439        235.01841404472606       -34.002025280649576       -62.292775567972797        125.00000000000000     
   105.22952058757933       -26.070280684477598       -78.745443808196910       -64.751428923031852        0.0000000000000000     
   269.27967638762630       -208.94813336024845        112.74746908884650        127.04420449100465        0.0000000000000000     

 PASSED  -1.0000000000000000     
 MU_R    =    325.00000000000000     
 ALPHA_S =   0.11799999999999999     
 BORN                    2.3938997159060981E-008
 SINGLE POLE (MadFKS)   -4.6522583941652918E-009
 DOUBLE POLE (MadFKS)   -2.3977661237452403E-009
 SINGLE POLE (MadLoop)  -4.6233003454002803E-009
 DOUBLE POLE (MadLoop)  -2.3977661237450823E-009
 FINITE PART (MadLoop)  -1.2179185182501436E-008
   325.00000000000000        0.0000000000000000        0.0000000000000000        325.00000000000000        0.0000000000000000     
   325.00000000000000        0.0000000000000000        0.0000000000000000       -325.00000000000000        0.0000000000000000     
   253.68655723074014       -183.66994315203038        96.753482806058486       -75.073196728348293        125.00000000000000     
   112.40270737386889       -48.200482314815297        67.075878560245926        76.235875052142703        0.0000000000000000     
   283.91073539539104        231.87042546684560       -163.82936136630437       -1.1626783237943972        0.0000000000000000     

 PASSED  -1.0000000000000000     
 MU_R    =    325.00000000000000     
 ALPHA_S =   0.11799999999999999     
 BORN                    5.6990276565594410E-008
 SINGLE POLE (MadFKS)   -1.4517837861025095E-008
 DOUBLE POLE (MadFKS)   -5.7082322047117309E-009
 SINGLE POLE (MadLoop)  -1.4392278086710068E-008
 DOUBLE POLE (MadLoop)  -5.7082322047116937E-009
 FINITE PART (MadLoop)  -3.7575129134035442E-008
   325.00000000000000        0.0000000000000000        0.0000000000000000        325.00000000000000        0.0000000000000000     
   325.00000000000000        0.0000000000000000        0.0000000000000000       -325.00000000000000        0.0000000000000000     
   308.33223180205863       -170.68899617498104       -198.95996574899939       -103.55657285741320        125.00000000000000     
   310.35981842116610        195.63849843499491        209.25289911835100        119.42369543388337        0.0000000000000000     
   31.307949776775185       -24.949502260013855       -10.292933369351603       -15.867122576470164        0.0000000000000000     

 PASSED  -1.0000000000000000     
 MU_R    =    325.00000000000000     
 ALPHA_S =   0.11799999999999999     
 BORN                    1.9606761856905997E-010
 SINGLE POLE (MadFKS)   -8.4800580443670234E-012
 DOUBLE POLE (MadFKS)   -1.9638428905128627E-011
 SINGLE POLE (MadLoop)  -9.3594793761541218E-012
 DOUBLE POLE (MadLoop)  -1.9638428905128653E-011
 FINITE PART (MadLoop)  -2.8823228134375587E-011
   325.00000000000000        0.0000000000000000        0.0000000000000000        325.00000000000000        0.0000000000000000     
   325.00000000000000        0.0000000000000000        0.0000000000000000       -325.00000000000000        0.0000000000000000     
   135.76127450695856        25.917720812390964        27.048112068038598        37.453905499954672        125.00000000000000     
   273.03821622729987        87.803314306291256       -174.48173606778789       -190.77884918456559        0.0000000000000000     
   241.20050926574154       -113.72103511868211        147.43362399974927        153.32494368461090        0.0000000000000000     

 PASSED  -1.0000000000000000     
 MU_R    =    325.00000000000000     
 ALPHA_S =   0.11799999999999999     
 BORN                    5.9812173479764575E-010
 SINGLE POLE (MadFKS)   -6.0272283516345262E-011
 DOUBLE POLE (MadFKS)   -5.9908776631050203E-011
 SINGLE POLE (MadLoop)  -6.1589041213591527E-011
 DOUBLE POLE (MadLoop)  -5.9908776631050164E-011
 FINITE PART (MadLoop)  -2.8866796858627113E-011
   325.00000000000000        0.0000000000000000        0.0000000000000000        325.00000000000000        0.0000000000000000     
   325.00000000000000        0.0000000000000000        0.0000000000000000       -325.00000000000000        0.0000000000000000     
   285.56134668472373        182.95785484688167       -119.44562099901550       -134.83118962013171        125.00000000000000     
   207.99560841415328       -188.92857254922311        85.176495505354964       -17.695542023713084        0.0000000000000000     
   156.44304490112287        5.9707177023414264        34.269125493660596        152.52673164384478        0.0000000000000000     

 PASSED  -1.0000000000000000     
 MU_R    =    325.00000000000000     
 ALPHA_S =   0.11799999999999999     
 BORN                    4.6240752701973359E-007
 SINGLE POLE (MadFKS)   -1.4157307837068458E-007
 DOUBLE POLE (MadFKS)   -4.6315436535864483E-008
 SINGLE POLE (MadLoop)  -1.4052256656793396E-007
 DOUBLE POLE (MadLoop)  -4.6315436535863623E-008
 FINITE PART (MadLoop)  -3.6989368783233065E-007
   325.00000000000000        0.0000000000000000        0.0000000000000000        325.00000000000000        0.0000000000000000     
   325.00000000000000        0.0000000000000000        0.0000000000000000       -325.00000000000000        0.0000000000000000     
   294.45916102564092        59.265116245619723       -198.57896092054852        167.73562468370497        125.00000000000000     
   50.770170779039368       -23.501201624826670       -22.504406799342021        38.972495913551576        0.0000000000000000     
   304.77066819531973       -35.763914620792960        221.08336771989056       -206.70812059725660        0.0000000000000000     

 PASSED  -1.0000000000000000     
 MU_R    =    325.00000000000000     
 ALPHA_S =   0.11799999999999999     
 BORN                    2.6521490591785616E-007
 SINGLE POLE (MadFKS)   -6.3028729308571467E-008
 DOUBLE POLE (MadFKS)   -2.6564325677335974E-008
 SINGLE POLE (MadLoop)  -6.2668351667570110E-008
 DOUBLE POLE (MadLoop)  -2.6564325677335964E-008
 FINITE PART (MadLoop)  -1.4953406805919606E-007
   325.00000000000000        0.0000000000000000        0.0000000000000000        325.00000000000000        0.0000000000000000     
   325.00000000000000        0.0000000000000000        0.0000000000000000       -325.00000000000000        0.0000000000000000     
   193.96382995735294        119.28740430530763        76.792348191434655       -43.248326731475792        125.00000000000000     
   253.65661525286541       -10.659705093203689       -176.49128007569138        181.87599403469952        0.0000000000000000     
   202.37955478978162       -108.62769921210393        99.698931884256680       -138.62766730322363        0.0000000000000000     

 PASSED  -1.0000000000000000     
 MU_R    =    325.00000000000000     
 ALPHA_S =   0.11799999999999999     
 BORN                    7.6674498787105296E-009
 SINGLE POLE (MadFKS)   -1.0505956178736532E-009
 DOUBLE POLE (MadFKS)   -7.6798336423746042E-010
 SINGLE POLE (MadLoop)  -1.0480926744780055E-009
 DOUBLE POLE (MadLoop)  -7.6798336423746114E-010
 FINITE PART (MadLoop)  -2.7932268753728559E-009
   325.00000000000000        0.0000000000000000        0.0000000000000000        325.00000000000000        0.0000000000000000     
   325.00000000000000        0.0000000000000000        0.0000000000000000       -325.00000000000000        0.0000000000000000     
   146.53772222769186       -2.2408852293847525        23.170956713247268       -72.844967115523687        125.00000000000000     
   264.62130715597203        237.58306149454680       -43.708888765087885        108.01971178787196        0.0000000000000000     
   238.84097061633605       -235.34217626516201        20.537932051840563       -35.174744672348282        0.0000000000000000     

 PASSED  -1.0000000000000000     
 MU_R    =    325.00000000000000     
 ALPHA_S =   0.11799999999999999     
 BORN                    2.2996277577490297E-008
 SINGLE POLE (MadFKS)   -5.9529480236321948E-009
 DOUBLE POLE (MadFKS)   -2.3033419061448843E-009
 SINGLE POLE (MadLoop)  -5.9468436156655716E-009
 DOUBLE POLE (MadLoop)  -2.3033419061451357E-009
 FINITE PART (MadLoop)  -9.8273511668115108E-009
   325.00000000000000        0.0000000000000000        0.0000000000000000        325.00000000000000        0.0000000000000000     
   325.00000000000000        0.0000000000000000        0.0000000000000000       -325.00000000000000        0.0000000000000000     
   334.62970692105949       -31.135233423359310       -201.64011511578653       -233.93140441129191        125.00000000000000     
   124.97748241089515        21.696084479416196        97.946666040695860        74.532554226593490        0.0000000000000000     
   190.39281066804540        9.4391489439430813        103.69344907509071        159.39885018469846        0.0000000000000000     

 PASSED  -1.0000000000000000     
 MU_R    =    325.00000000000000     
 ALPHA_S =   0.11799999999999999     
 BORN                    8.6482623202970855E-010
 SINGLE POLE (MadFKS)   -7.7260816531823334E-011
 DOUBLE POLE (MadFKS)   -8.6622302024969873E-011
 SINGLE POLE (MadLoop)  -8.4492650703094256E-011
 DOUBLE POLE (MadLoop)  -8.6622302024970028E-011
 FINITE PART (MadLoop)  -1.4792801974399240E-010
   325.00000000000000        0.0000000000000000        0.0000000000000000        325.00000000000000        0.0000000000000000     
   325.00000000000000        0.0000000000000000        0.0000000000000000       -325.00000000000000        0.0000000000000000     
   260.83081185917928       -41.777894478125006        221.96662739832627        37.324740715855839        125.00000000000000     
   201.16350558118413        163.41413625725605       -85.284800790527157       -80.554818621396905        0.0000000000000000     
   188.00568255963654       -121.63624177913104       -136.68182660779914        43.230077905541066        0.0000000000000000     

 PASSED  -1.0000000000000000     
 MU_R    =    325.00000000000000     
 ALPHA_S =   0.11799999999999999     
 BORN                    1.8583585447097334E-008
 SINGLE POLE (MadFKS)   -3.1032579716438698E-009
 DOUBLE POLE (MadFKS)   -1.8613599954377909E-009
 SINGLE POLE (MadLoop)  -3.0837163449783993E-009
 DOUBLE POLE (MadLoop)  -1.8613599954377985E-009
 FINITE PART (MadLoop)  -7.6655157159777513E-009
   325.00000000000000        0.0000000000000000        0.0000000000000000        325.00000000000000        0.0000000000000000     
   325.00000000000000        0.0000000000000000        0.0000000000000000       -325.00000000000000        0.0000000000000000     
   192.29232791412309       -31.895566734503763        84.352542133446946        114.97243510051665        125.00000000000000     
   183.69284099073082        134.82107618556822        119.18659094309302        36.890293937226026        0.0000000000000000     
   274.01483109514612       -102.92550945106446       -203.53913307653988       -151.86272903774264        0.0000000000000000     

 NUMBER OF POINTS PASSING THE CHECK          20
 NUMBER OF POINTS FAILING THE CHECK           0
 TOLERANCE   -1.0000000000000000     
