 A PDF is used, so alpha_s(MZ) is going to be modified
 Old value of alpha_s from param_card:   0.11799999999999999     
  ****************************************
 
       NNPDFDriver version 1.0.3
   Grid: NNPDF23_lo_as_0130_qed_mem0.grid
  ****************************************
 New value of alpha_s from PDF nn23lo1:  0.13000000000000000     
 *****************************************************
 *               MadGraph/MadEvent                   *
 *        --------------------------------           *
 *          http://madgraph.hep.uiuc.edu             *
 *          http://madgraph.phys.ucl.ac.be           *
 *          http://madgraph.roma2.infn.it            *
 *        --------------------------------           *
 *                                                   *
 *          PARAMETER AND COUPLING VALUES            *
 *                                                   *
 *****************************************************

  External Params
  ---------------------------------
  
 MU_R =    91.188000000000002     
 aEWM1 =    132.50700000000001     
 mdl_Gf =    1.1663900000000000E-005
 aS =   0.11799999999999999     
 mdl_ymb =    4.7000000000000002     
 mdl_ymt =    173.00000000000000     
 mdl_ymtau =    1.7769999999999999     
 mdl_MT =    173.00000000000000     
 mdl_MB =    4.7000000000000002     
 mdl_MZ =    91.188000000000002     
 mdl_MH =    125.00000000000000     
 mdl_MTA =    1.7769999999999999     
 mdl_WT =    1.4915000000000000     
 mdl_WZ =    2.4414039999999999     
 mdl_WW =    2.0476000000000001     
 mdl_WH =    6.3823389999999999E-003
  Internal Params
  ---------------------------------
  
 mdl_conjg__CKM3x3 =    1.0000000000000000     
 mdl_CKM22 =    1.0000000000000000     
 mdl_lhv =    1.0000000000000000     
 mdl_CKM3x3 =    1.0000000000000000     
 mdl_conjg__CKM22 =    1.0000000000000000     
 mdl_conjg__CKM33 =    1.0000000000000000     
 mdl_Ncol =    3.0000000000000000     
 mdl_CA =    3.0000000000000000     
 mdl_TF =   0.50000000000000000     
 mdl_CF =    1.3333333333333333     
 mdl_complexi =                (0.0000000000000000,1.0000000000000000)
 mdl_MZ__exp__2 =    8315.2513440000002     
 mdl_MZ__exp__4 =    69143404.913893804     
 mdl_sqrt__2 =    1.4142135623730951     
 mdl_MH__exp__2 =    15625.000000000000     
 mdl_Ncol__exp__2 =    9.0000000000000000     
 mdl_MB__exp__2 =    22.090000000000003     
 mdl_MT__exp__2 =    29929.000000000000     
 mdl_aEW =    7.5467711139788835E-003
 mdl_MW =    80.419002445756163     
 mdl_sqrt__aEW =    8.6872153846781555E-002
 mdl_ee =   0.30795376724436879     
 mdl_MW__exp__2 =    6467.2159543705357     
 mdl_sw2 =   0.22224648578577766     
 mdl_cw =   0.88190334743339216     
 mdl_sqrt__sw2 =   0.47143025548407230     
 mdl_sw =   0.47143025548407230     
 mdl_g1 =   0.34919219678733299     
 mdl_gw =   0.65323293034757990     
 mdl_v =    246.21845810181637     
 mdl_v__exp__2 =    60623.529110035903     
 mdl_lam =   0.12886910601690263     
 mdl_yb =    2.6995554250465490E-002
 mdl_yt =   0.99366614581500623     
 mdl_ytau =    1.0206617000654717E-002
 mdl_muH =    88.388347648318430     
 mdl_AxialZUp =  -0.18517701861793787     
 mdl_AxialZDown =   0.18517701861793787     
 mdl_VectorZUp =    7.5430507588273299E-002
 mdl_VectorZDown =  -0.13030376310310560     
 mdl_VectorAUp =   0.20530251149624587     
 mdl_VectorADown =  -0.10265125574812294     
 mdl_VectorWmDxU =   0.23095271737156670     
 mdl_AxialWmDxU =  -0.23095271737156670     
 mdl_VectorWpUxD =   0.23095271737156670     
 mdl_AxialWpUxD =  -0.23095271737156670     
 mdl_I1x33 =          (2.69955542504654901E-002,0.0000000000000000)
 mdl_I2x33 =               (0.99366614581500623,0.0000000000000000)
 mdl_I3x33 =               (0.99366614581500623,0.0000000000000000)
 mdl_I4x33 =          (2.69955542504654901E-002,0.0000000000000000)
 mdl_Vector_tbGp =              (-0.96667059156454072,0.0000000000000000)
 mdl_Axial_tbGp =              (-1.0206617000654716,-0.0000000000000000)
 mdl_Vector_tbGm =               (0.96667059156454072,0.0000000000000000)
 mdl_Axial_tbGm =              (-1.0206617000654716,-0.0000000000000000)
 mdl_gw__exp__2 =   0.42671326129048615     
 mdl_cw__exp__2 =   0.77775351421422245     
 mdl_ee__exp__2 =    9.4835522759998875E-002
 mdl_sw__exp__2 =   0.22224648578577769     
 mdl_yb__exp__2 =    7.2875994928982540E-004
 mdl_yt__exp__2 =   0.98737240933884918     
  Internal Params evaluated point by point
  ----------------------------------------
  
 mdl_sqrt__aS =   0.34351128074635334     
 mdl_G__exp__4 =    2.1987899468922913     
 mdl_G__exp__2 =    1.4828317324943823     
 mdl_R2MixedFactor_FIN_ =   -2.5040377713124864E-002
 mdl_G_UVg_1EPS_ =   -5.1645779033320030E-002
 mdl_G_UVq_1EPS_ =    3.1300472141406080E-003
 mdl_GWcft_UV_b_1EPS_ =   -3.1300472141406080E-003
 mdl_GWcft_UV_t_1EPS_ =   -3.1300472141406080E-003
 mdl_bWcft_UV_1EPS_ =   -1.8780283284843650E-002
 mdl_tWcft_UV_1EPS_ =   -1.8780283284843650E-002
 mdl_G__exp__3 =    1.8056676068262196     
 mdl_MU_R__exp__2 =    8315.2513440000002     
 mdl_G_UVb_FIN_ =    1.8563438626678915E-002
 mdl_G_UVt_FIN_ =   -4.0087659331150384E-003
 mdl_GWcft_UV_b_FIN_ =   -1.8563438626678915E-002
 mdl_GWcft_UV_t_FIN_ =    4.0087659331150384E-003
 mdl_bWcft_UV_FIN_ =  -0.13642100947319838     
 mdl_tWcft_UV_FIN_ =   -9.8778211443463623E-004
  Couplings of loop_sm
  ---------------------------------
  
      UV_GQQb =   0.00000E+00   0.22605E-01
      UV_GQQt =   0.00000E+00  -0.48815E-02
   UVWfct_G_2 =   0.40088E-02   0.00000E+00
   UVWfct_G_1 =  -0.18563E-01   0.00000E+00
    R2_UUZ_V2 =  -0.00000E+00  -0.72127E-02
    R2_UUZ_V5 =   0.00000E+00   0.68702E-03
      R2_sxcW =  -0.00000E+00  -0.11566E-01
      R2_GGHb =   0.00000E+00  -0.33698E-02
      R2_GGHt =   0.00000E+00  -0.45657E+01
     R2_GGZup =  -0.46369E-02   0.00000E+00
         GC_4 =  -0.12177E+01   0.00000E+00
         GC_5 =   0.00000E+00   0.12177E+01
       R2_GQQ =  -0.00000E+00  -0.30492E-01
       R2_QQq =   0.00000E+00   0.12520E-01
 UV_GQQg_1eps =   0.00000E+00  -0.62890E-01
 UV_GQQq_1eps =   0.00000E+00   0.38115E-02
 UVWfct_G_2_1eps -0.31300E-02   0.00000E+00
        GC_22 =   0.00000E+00   0.28804E+00
        GC_23 =  -0.00000E+00  -0.27437E-01
        GC_31 =   0.00000E+00   0.52532E+02
        GC_32 =   0.00000E+00   0.67544E+02
        GC_33 =  -0.00000E+00  -0.19089E-01
        GC_37 =  -0.00000E+00  -0.70263E+00
        GC_47 =   0.00000E+00   0.46191E+00

 Collider parameters:
 --------------------

 Running at P P   machine @    13000.000000000000       GeV
 PDF set = nn23lo1
 alpha_s(Mz)= 0.1300 running at 2 loops.
 alpha_s(Mz)= 0.1300 running at 2 loops.
 Renormalization scale set on event-by-event basis
 Factorization   scale set on event-by-event basis


 ===============================================================
 INFO: MadFKS read these parameters from FKS_params.dat
 ===============================================================
  > IRPoleCheckThreshold      =    1.0000000000000001E-005
  > PrecisionVirtualAtRunTime =    1.0000000000000000E-003
  > NHelForMCoverHels         =            4
  > VirtualFraction           =    1.0000000000000000     
  > MinVirtualFraction        =    5.0000000000000001E-003
 ===============================================================
  Insert the number of points to test
 Insert the relative tolerance
  A negative number will mean use the default one:    1.0000000000000001E-005
Using random seed offsets:     1 ,     28 ,      0
  with seed                26142
 Ranmar initialization seeds       13122        6521
  ========================================================================================== 
 {                                                                                          }
 {       [32m                                                                            [0m       }
 {       [32m                               ,,                                           [0m       }
 {       [32m`7MMM.     ,MMF'             `7MM  `7MMF'                                   [0m       }
 {       [32m  MMMb    dPMM                 MM    MM                                     [0m       }
 {       [32m  M YM   ,M MM   ,6"Yb.   ,M""bMM    MM         ,pW"Wq.   ,pW"Wq.`7MMpdMAo. [0m       }
 {       [32m  M  Mb  M' MM  8)   MM ,AP    MM    MM        6W'   `Wb 6W'   `Wb MM   `Wb [0m       }
 {       [32m  M  YM.P'  MM   ,pm9MM 8MI    MM    MM      , 8M     M8 8M     M8 MM    M8 [0m       }
 {       [32m  M  `YM'   MM  8M   MM `Mb    MM    MM     ,M YA.   ,A9 YA.   ,A9 MM   ,AP [0m       }
 {       [32m.JML. `'  .JMML.`Moo9^Yo.`Wbmd"MML..JMMmmmmMMM  `Ybmd9'   `Ybmd9'  MMbmmd'  [0m       }
 {       [32m                                                                   MM       [0m       }
 {       [32m                                                                 .JMML.     [0m       }
 {       [32m[0mv2.6.7 (2019-10-16), Ref: arXiv:1103.0621v2, arXiv:1405.0301[32m                [0m       }
 {       [32m                                                                            [0m       }
 {                                                                                          }
  ========================================================================================== 
 ===============================================================
 INFO: MadLoop read these parameters from ./MadLoop5_resources/MadLoopParams.dat                                                                                                                                                                                                                                                                                                                                                                                                                                                                                          
 ===============================================================
  > MLReductionLib            = 6|7|1
  > CTModeRun                 =           -1
  > MLStabThres               =    1.0000000000000000E-003
  > NRotations_DP             =            0
  > NRotations_QP             =            0
  > CTStabThres               =    1.0000000000000000E-002
  > CTLoopLibrary             =            2
  > CTModeInit                =            1
  > CheckCycle                =            3
  > MaxAttempts               =           10
  > UseLoopFilter             =  F
  > HelicityFilterLevel       =            2
  > ImprovePSPoint            =            2
  > DoubleCheckHelicityFilter =  T
  > LoopInitStartOver         =  F
  > HelInitStartOver          =  F
  > ZeroThres                 =    1.0000000000000001E-009
  > OSThres                   =    1.0000000000000000E-008
  > WriteOutFilters           =  T
  > UseQPIntegrandForNinja    =  T
  > UseQPIntegrandForCutTools =  T
  > IREGIMODE                 =            2
  > IREGIRECY                 =  T
  > COLLIERMode               =            1
  > COLLIERRequiredAccuracy   =    1.0000000000000000E-008
  > COLLIERCanOutput          =  F
  > COLLIERComputeUVpoles     =  T
  > COLLIERComputeIRpoles     =  T
  > COLLIERGlobalCache        =           -1
  > COLLIERUseCacheForPoles   =  F
  > COLLIERUseInternalStabilityTest =  T
 ===============================================================
  
------------------------------------------------------------------------
|              You are using CutTools - Version 1.9.3                  |
|              Authors: G. Ossola, C. Papadopoulos, R. Pittau          |
|              Published in JHEP 0803:042,2008                         |
|              http://www.ugr.es/~pittau/CutTools                      |
|                                                                      |
|              Compiler with  34  significant digits detetected        |
 ---------------------------------------------------------------------- 
   
########################################################################
#                                                                      #
#                      You are using OneLOop-3.6                       #
#                                                                      #
# for the evaluation of 1-loop scalar 1-, 2-, 3- and 4-point functions #

  +----------------------------------------------------------------+
  |                                                                |
  |  Ninja - version 1.2.0                                         |
  |                                                                |
  |  Author: Tiziano Peraro                                        |
  |                                                                |
  |  Based on:                                                     |
  |                                                                |
  |      P. Mastrolia, E. Mirabella and T. Peraro,                 |
  |      "Integrand reduction of one-loop scattering amplitudes    |
  |      through Laurent series expansion,"                        |
  |      JHEP 1206 (2012) 095  [arXiv:1203.0291 [hep-ph]].         |
  |                                                                |
  |      T. Peraro,                                                |
  |      "Ninja: Automated Integrand Reduction via Laurent         |
  |      Expansion for One-Loop Amplitudes,"                       |
  |      Comput.Phys.Commun. 185 (2014) [arXiv:1403.1229 [hep-ph]] |
  |                                                                |
  +----------------------------------------------------------------+


#                                                                      #
# author: Andreas van Hameren <hamerenREMOVETHIS@ifj.edu.pl>           #
#   date: 18-02-2015                                                   #
#                                                                      #
# Please cite                                                          #
#    A. van Hameren,                                                   #
#      Comput.Phys.Commun. 182 (2011) 2427-2438, arXiv:1007.4716       #
#    A. van Hameren, C.G. Papadopoulos and R. Pittau,                  #
#      JHEP 0909:106,2009, arXiv:0903.4665                             #
# in publications with results obtained with the help of this program. #
#                                                                      #
########################################################################
########################################################################
#                                                                      #
#                      You are using OneLOop-3.6                       #
#                                                                      #
# for the evaluation of 1-loop scalar 1-, 2-, 3- and 4-point functions #
#                                                                      #
# author: Andreas van Hameren <hamerenREMOVETHIS@ifj.edu.pl>           #
#   date: 18-02-2015                                                   #
#                                                                      #
# Please cite                                                          #
#    A. van Hameren,                                                   #
#      Comput.Phys.Commun. 182 (2011) 2427-2438, arXiv:1007.4716       #
#    A. van Hameren, C.G. Papadopoulos and R. Pittau,                  #
#      JHEP 0909:106,2009, arXiv:0903.4665                             #
# in publications with results obtained with the help of this program. #
#                                                                      #
########################################################################
 PASSED   1.0000000000000001E-005
 MU_R    =    325.00000000000000     
 ALPHA_S =   0.11799999999999999     
 BORN                    5.4947248370464800E-007
 SINGLE POLE (MadFKS)   -7.8204180755077060E-008
 DOUBLE POLE (MadFKS)   -5.8475743773466238E-008
 SINGLE POLE (MadLoop)  -7.8204180755076398E-008
 DOUBLE POLE (MadLoop)  -5.8475743773466317E-008
 FINITE PART (MadLoop)   1.1163196511328444E-007
   325.00000000000000        0.0000000000000000        0.0000000000000000        325.00000000000000        0.0000000000000000     
   325.00000000000000        0.0000000000000000        0.0000000000000000       -325.00000000000000        0.0000000000000000     
   242.26881101155843        84.981798327008690       -187.69496984198653       -24.856971619196994        125.00000000000000     
   213.81659880288723        107.37856916910525        165.93840617310985        13.587133957828799        80.419002445756163     
   193.91459018555432       -192.36036749611392        21.756563668876666        11.269837661368209        0.0000000000000000     

 PASSED   1.0000000000000001E-005
 MU_R    =    325.00000000000000     
 ALPHA_S =   0.11799999999999999     
 BORN                    6.5504212609429701E-007
 SINGLE POLE (MadFKS)   -1.0823098891461164E-007
 DOUBLE POLE (MadFKS)   -6.9710634585490644E-008
 SINGLE POLE (MadLoop)  -1.0823098891461079E-007
 DOUBLE POLE (MadLoop)  -6.9710634585490247E-008
 FINITE PART (MadLoop)   1.2551511119856731E-007
   325.00000000000000        0.0000000000000000        0.0000000000000000        325.00000000000000        0.0000000000000000     
   325.00000000000000        0.0000000000000000        0.0000000000000000       -325.00000000000000        0.0000000000000000     
   140.35631670077842        32.873641279745051       -43.572470302250665       -33.100742870505684        125.00000000000000     
   291.80007591837102       -120.89729875508122        174.76059473304522        183.09190597586056        80.419002445756163     
   217.84360738085053        88.023657475336194       -131.18812443079469       -149.99116310535487        0.0000000000000000     

 PASSED   1.0000000000000001E-005
 MU_R    =    325.00000000000000     
 ALPHA_S =   0.11799999999999999     
 BORN                    7.9788042142586597E-007
 SINGLE POLE (MadFKS)   -1.4559988542364455E-007
 DOUBLE POLE (MadFKS)   -8.4911715270246455E-008
 SINGLE POLE (MadLoop)  -1.4559988542364444E-007
 DOUBLE POLE (MadLoop)  -8.4911715270246601E-008
 FINITE PART (MadLoop)   1.2012436448338375E-007
   325.00000000000000        0.0000000000000000        0.0000000000000000        325.00000000000000        0.0000000000000000     
   325.00000000000000        0.0000000000000000        0.0000000000000000       -325.00000000000000        0.0000000000000000     
   303.70326084693363       -170.81200558495024       -126.00367853481582       -177.64290695888289        125.00000000000000     
   171.31709887622415        35.350996290855136        130.93831358306352        66.991025594945867        80.419002445756163     
   174.97964027684222        135.46100929409511       -4.9346350482476966        110.65188136393708        0.0000000000000000     

 PASSED   1.0000000000000001E-005
 MU_R    =    325.00000000000000     
 ALPHA_S =   0.11799999999999999     
 BORN                    2.0802036894600996E-006
 SINGLE POLE (MadFKS)   -4.9366466414895960E-007
 DOUBLE POLE (MadFKS)   -2.2137861594334636E-007
 SINGLE POLE (MadLoop)  -4.9366466414895177E-007
 DOUBLE POLE (MadLoop)  -2.2137861594335030E-007
 FINITE PART (MadLoop)   1.5917523028147856E-007
   325.00000000000000        0.0000000000000000        0.0000000000000000        325.00000000000000        0.0000000000000000     
   325.00000000000000        0.0000000000000000        0.0000000000000000       -325.00000000000000        0.0000000000000000     
   322.61514604372832        124.76958922990765        255.16762023418431       -88.190519015591406        125.00000000000000     
   243.34397945057219       -65.586433927585816       -196.51416501493406        99.144737700070053        80.419002445756163     
   84.040874505699549       -59.183155302321907       -58.653455219250354       -10.954218684478784        0.0000000000000000     

 PASSED   1.0000000000000001E-005
 MU_R    =    325.00000000000000     
 ALPHA_S =   0.11799999999999999     
 BORN                    6.7488523076784132E-005
 SINGLE POLE (MadFKS)   -3.1145484869802770E-005
 DOUBLE POLE (MadFKS)   -7.1822369638603788E-006
 SINGLE POLE (MadLoop)  -3.1145484869803515E-005
 DOUBLE POLE (MadLoop)  -7.1822369638598367E-006
 FINITE PART (MadLoop)  -6.2390614944174308E-005
   325.00000000000000        0.0000000000000000        0.0000000000000000        325.00000000000000        0.0000000000000000     
   325.00000000000000        0.0000000000000000        0.0000000000000000       -325.00000000000000        0.0000000000000000     
   263.06986879095263        149.92443695573326        85.951595849213248       -153.99916311515764        125.00000000000000     
   301.03882495541740       -138.70440512034662       -87.946338254915958        239.13110998766058        80.419002445756163     
   85.891306253629992       -11.220031835386621        1.9947424057026590       -85.131946872502922        0.0000000000000000     

 PASSED   1.0000000000000001E-005
 MU_R    =    325.00000000000000     
 ALPHA_S =   0.11799999999999999     
 BORN                    3.6810507501534650E-007
 SINGLE POLE (MadFKS)   -4.4343943274118551E-008
 DOUBLE POLE (MadFKS)   -3.9174332995135365E-008
 SINGLE POLE (MadLoop)  -4.4343943274118505E-008
 DOUBLE POLE (MadLoop)  -3.9174332995135788E-008
 FINITE PART (MadLoop)   7.5864961420810431E-008
   325.00000000000000        0.0000000000000000        0.0000000000000000        325.00000000000000        0.0000000000000000     
   325.00000000000000        0.0000000000000000        0.0000000000000000       -325.00000000000000        0.0000000000000000     
   164.55045043544524       0.64209424506330970        66.788942129478457       -83.610260510977653        125.00000000000000     
   250.40223536814855        220.57185389999930        12.616002835923712        86.156585717845431        80.419002445756163     
   235.04731419640618       -221.21394814506257       -79.404944965402152       -2.5463252068677873        0.0000000000000000     

 PASSED   1.0000000000000001E-005
 MU_R    =    325.00000000000000     
 ALPHA_S =   0.11799999999999999     
 BORN                    1.3591186483950086E-004
 SINGLE POLE (MadFKS)   -6.1152286554372312E-005
 DOUBLE POLE (MadFKS)   -1.4463958832924174E-005
 SINGLE POLE (MadLoop)  -6.1152286554444859E-005
 DOUBLE POLE (MadLoop)  -1.4463958832909817E-005
 FINITE PART (MadLoop)  -9.0110347199007489E-005
   325.00000000000000        0.0000000000000000        0.0000000000000000        325.00000000000000        0.0000000000000000     
   325.00000000000000        0.0000000000000000        0.0000000000000000       -325.00000000000000        0.0000000000000000     
   286.90807523256871       -129.30637338616248        51.287135880914505        217.57926171514654        125.00000000000000     
   150.96797734690071        116.68725227183758       -51.712608278838438       -5.8314262485030692        80.419002445756163     
   212.12394742053053        12.619121114325255       0.42547239792376851       -211.74783546664270        0.0000000000000000     

 PASSED   1.0000000000000001E-005
 MU_R    =    325.00000000000000     
 ALPHA_S =   0.11799999999999999     
 BORN                    4.7176656785926975E-007
 SINGLE POLE (MadFKS)   -7.0286663162675901E-008
 DOUBLE POLE (MadFKS)   -5.0206155469387834E-008
 SINGLE POLE (MadLoop)  -7.0286663162676537E-008
 DOUBLE POLE (MadLoop)  -5.0206155469387873E-008
 FINITE PART (MadLoop)   9.4750267090594012E-008
   325.00000000000000        0.0000000000000000        0.0000000000000000        325.00000000000000        0.0000000000000000     
   325.00000000000000        0.0000000000000000        0.0000000000000000       -325.00000000000000        0.0000000000000000     
   224.63126383170646       -28.551570029780962        130.84611022382154       -129.99349206310202        125.00000000000000     
   239.20727091320319       -153.86098948202607       -135.66677640745601        93.135515235560163        80.419002445756163     
   186.16146525509032        182.41255951180705        4.8206661836344740        36.857976827541897        0.0000000000000000     

 PASSED   1.0000000000000001E-005
 MU_R    =    325.00000000000000     
 ALPHA_S =   0.11799999999999999     
 BORN                    1.1861788277016511E-006
 SINGLE POLE (MadFKS)   -2.5232860464880548E-007
 DOUBLE POLE (MadFKS)   -1.2623505499408428E-007
 SINGLE POLE (MadLoop)  -2.5232860464880765E-007
 DOUBLE POLE (MadLoop)  -1.2623505499408682E-007
 FINITE PART (MadLoop)   1.7602658248354746E-007
   325.00000000000000        0.0000000000000000        0.0000000000000000        325.00000000000000        0.0000000000000000     
   325.00000000000000        0.0000000000000000        0.0000000000000000       -325.00000000000000        0.0000000000000000     
   306.21936745294522       -148.61107448456298       -204.73049592698601        118.93474505507589        125.00000000000000     
   236.39446122052178        56.726244930507953        156.77694576984686       -147.03145157595631        80.419002445756163     
   107.38617132653299        91.884829554055031        47.953550157139247        28.096706520880414        0.0000000000000000     

 PASSED   1.0000000000000001E-005
 MU_R    =    325.00000000000000     
 ALPHA_S =   0.11799999999999999     
 BORN                    5.6253551916460085E-007
 SINGLE POLE (MadFKS)   -7.3621206032581255E-008
 DOUBLE POLE (MadFKS)   -5.9865932976954189E-008
 SINGLE POLE (MadLoop)  -7.3621206032583267E-008
 DOUBLE POLE (MadLoop)  -5.9865932976954732E-008
 FINITE PART (MadLoop)   9.9544141187373167E-008
   325.00000000000000        0.0000000000000000        0.0000000000000000        325.00000000000000        0.0000000000000000     
   325.00000000000000        0.0000000000000000        0.0000000000000000       -325.00000000000000        0.0000000000000000     
   296.81074540404148        252.63497593064091       -53.240206566170990       -76.240854721197152        125.00000000000000     
   113.67057593015593       -38.580161916149201        63.403182077203503       -30.747219173959589        80.419002445756163     
   239.51867866580258       -214.05481401449188       -10.162975511032572        106.98807389515667        0.0000000000000000     

 PASSED   1.0000000000000001E-005
 MU_R    =    325.00000000000000     
 ALPHA_S =   0.11799999999999999     
 BORN                    4.1888357168782621E-007
 SINGLE POLE (MadFKS)   -5.7174956086634543E-008
 DOUBLE POLE (MadFKS)   -4.4578262124765440E-008
 SINGLE POLE (MadLoop)  -5.7174956086632856E-008
 DOUBLE POLE (MadLoop)  -4.4578262124765327E-008
 FINITE PART (MadLoop)   7.6054972429192447E-008
   325.00000000000000        0.0000000000000000        0.0000000000000000        325.00000000000000        0.0000000000000000     
   325.00000000000000        0.0000000000000000        0.0000000000000000       -325.00000000000000        0.0000000000000000     
   320.10839785556544        283.72514842393286        16.215419021349792        77.983887537339371        125.00000000000000     
   123.53851393150961       -81.293390000401175        7.9620354333335195       -46.071023475024674        80.419002445756163     
   206.35308821292492       -202.43175842353168       -24.177454454683282       -31.912864062314789        0.0000000000000000     

 PASSED   1.0000000000000001E-005
 MU_R    =    325.00000000000000     
 ALPHA_S =   0.11799999999999999     
 BORN                    1.0179948607119600E-006
 SINGLE POLE (MadFKS)   -1.8049015456859215E-007
 DOUBLE POLE (MadFKS)   -1.0833664724455152E-007
 SINGLE POLE (MadLoop)  -1.8049015456859021E-007
 DOUBLE POLE (MadLoop)  -1.0833664724455148E-007
 FINITE PART (MadLoop)   1.9272668413170123E-007
   325.00000000000000        0.0000000000000000        0.0000000000000000        325.00000000000000        0.0000000000000000     
   325.00000000000000        0.0000000000000000        0.0000000000000000       -325.00000000000000        0.0000000000000000     
   129.03826906042798        7.1131380734621983        28.158352431980465       -13.505011557775386        125.00000000000000     
   277.93939616926667       -134.17800808339280       -91.398186225254307        210.77411057829841        80.419002445756163     
   243.02233477030541        127.06487000993060        63.239833793273803       -197.26909902052310        0.0000000000000000     

 PASSED   1.0000000000000001E-005
 MU_R    =    325.00000000000000     
 ALPHA_S =   0.11799999999999999     
 BORN                    1.7977947074841229E-006
 SINGLE POLE (MadFKS)   -3.6664660945032729E-007
 DOUBLE POLE (MadFKS)   -1.9132419873575188E-007
 SINGLE POLE (MadLoop)  -3.6664660945032231E-007
 DOUBLE POLE (MadLoop)  -1.9132419873575151E-007
 FINITE PART (MadLoop)   3.6777744851684673E-007
   325.00000000000000        0.0000000000000000        0.0000000000000000        325.00000000000000        0.0000000000000000     
   325.00000000000000        0.0000000000000000        0.0000000000000000       -325.00000000000000        0.0000000000000000     
   128.97006413551534       -30.163875220741115        8.9945704278898528       -4.1851854922133755        125.00000000000000     
   273.98734374618385        125.81404807334252        49.360295987998448        224.35738246399384        80.419002445756163     
   247.04259211830089       -95.650172852601386       -58.354866415888310       -220.17219697178047        0.0000000000000000     

 PASSED   1.0000000000000001E-005
 MU_R    =    325.00000000000000     
 ALPHA_S =   0.11799999999999999     
 BORN                    3.9311834787689843E-007
 SINGLE POLE (MadFKS)   -4.4651979663925618E-008
 DOUBLE POLE (MadFKS)   -4.1836285646387908E-008
 SINGLE POLE (MadLoop)  -4.4651979663925122E-008
 DOUBLE POLE (MadLoop)  -4.1836285646387710E-008
 FINITE PART (MadLoop)   6.5210214182698967E-008
   325.00000000000000        0.0000000000000000        0.0000000000000000        325.00000000000000        0.0000000000000000     
   325.00000000000000        0.0000000000000000        0.0000000000000000       -325.00000000000000        0.0000000000000000     
   126.01870377061005       -6.3862745251111770        8.7977668758426706       -11.727254397897635        125.00000000000000     
   273.13470713788257        243.14380952177427       -88.566073311950760        34.241653556271189        80.419002445756163     
   250.84658909150741       -236.75753499666311        79.768306436108091       -22.514399158373482        0.0000000000000000     

 PASSED   1.0000000000000001E-005
 MU_R    =    325.00000000000000     
 ALPHA_S =   0.11799999999999999     
 BORN                    6.2740137417485046E-006
 SINGLE POLE (MadFKS)   -2.2721833381546000E-006
 DOUBLE POLE (MadFKS)   -6.6769061395055320E-007
 SINGLE POLE (MadLoop)  -2.2721833381545280E-006
 DOUBLE POLE (MadLoop)  -6.6769061395054600E-007
 FINITE PART (MadLoop)  -2.3810009160358135E-006
   325.00000000000000        0.0000000000000000        0.0000000000000000        325.00000000000000        0.0000000000000000     
   325.00000000000000        0.0000000000000000        0.0000000000000000       -325.00000000000000        0.0000000000000000     
   274.00121412643983       -99.173971268249957       -41.441528459122551       -218.85791848735840        125.00000000000000     
   311.18941083504876        114.06475823171080        18.301364620968776        277.53544718476223        80.419002445756163     
   64.809375038511405       -14.890786963460815        23.140163838153786       -58.677528697403822        0.0000000000000000     

 PASSED   1.0000000000000001E-005
 MU_R    =    325.00000000000000     
 ALPHA_S =   0.11799999999999999     
 BORN                    3.4442460845798436E-007
 SINGLE POLE (MadFKS)   -4.0224689486434552E-008
 DOUBLE POLE (MadFKS)   -3.6654219730303051E-008
 SINGLE POLE (MadLoop)  -4.0224689486435452E-008
 DOUBLE POLE (MadLoop)  -3.6654219730303197E-008
 FINITE PART (MadLoop)   7.1730369834007972E-008
   325.00000000000000        0.0000000000000000        0.0000000000000000        325.00000000000000        0.0000000000000000     
   325.00000000000000        0.0000000000000000        0.0000000000000000       -325.00000000000000        0.0000000000000000     
   157.75322512001202       -46.451197253380556        21.827398084318901       -81.405964169472227        125.00000000000000     
   247.52337596424312       -189.05907879594275       -81.000871982414012        111.78608659973553        80.419002445756163     
   244.72339891574487        235.51027604932329        59.173473898095118       -30.380122430263267        0.0000000000000000     

 PASSED   1.0000000000000001E-005
 MU_R    =    325.00000000000000     
 ALPHA_S =   0.11799999999999999     
 BORN                    2.4375546844578683E-005
 SINGLE POLE (MadFKS)   -9.1204275321126845E-006
 DOUBLE POLE (MadFKS)   -2.5940848247969312E-006
 SINGLE POLE (MadLoop)  -9.1204275321121847E-006
 DOUBLE POLE (MadLoop)  -2.5940848247968974E-006
 FINITE PART (MadLoop)  -1.0930140394972617E-005
   325.00000000000000        0.0000000000000000        0.0000000000000000        325.00000000000000        0.0000000000000000     
   325.00000000000000        0.0000000000000000        0.0000000000000000       -325.00000000000000        0.0000000000000000     
   300.11961727821551       -161.63358714984142       -211.55379160479441       -59.719020738223662        125.00000000000000     
   300.41463489344591        183.13103391266890        199.31661426761571        102.55558784758280        80.419002445756163     
   49.465747828338607       -21.497446762827469        12.237177337178657       -42.836567109359095        0.0000000000000000     

 PASSED   1.0000000000000001E-005
 MU_R    =    325.00000000000000     
 ALPHA_S =   0.11799999999999999     
 BORN                    5.0203101105729941E-007
 SINGLE POLE (MadFKS)   -5.6728449492203518E-008
 DOUBLE POLE (MadFKS)   -5.3426946097451156E-008
 SINGLE POLE (MadLoop)  -5.6728449492203531E-008
 DOUBLE POLE (MadLoop)  -5.3426946097451136E-008
 FINITE PART (MadLoop)   1.0360805896483762E-007
   325.00000000000000        0.0000000000000000        0.0000000000000000        325.00000000000000        0.0000000000000000     
   325.00000000000000        0.0000000000000000        0.0000000000000000       -325.00000000000000        0.0000000000000000     
   154.34722816520929        41.180027403846317       -76.930481851580183       -24.165536356251923        125.00000000000000     
   237.33536113742485        209.77453080155539        67.354747399429655       -36.315863222669805        80.419002445756163     
   258.31741069736591       -250.95455820540161        9.5757344521504795        60.481399578921717        0.0000000000000000     

 PASSED   1.0000000000000001E-005
 MU_R    =    325.00000000000000     
 ALPHA_S =   0.11799999999999999     
 BORN                    4.7048348030014960E-007
 SINGLE POLE (MadFKS)   -6.2206679495102321E-008
 DOUBLE POLE (MadFKS)   -5.0069607231630472E-008
 SINGLE POLE (MadLoop)  -6.2206679495102242E-008
 DOUBLE POLE (MadLoop)  -5.0069607231630465E-008
 FINITE PART (MadLoop)   8.1680110665341233E-008
   325.00000000000000        0.0000000000000000        0.0000000000000000        325.00000000000000        0.0000000000000000     
   325.00000000000000        0.0000000000000000        0.0000000000000000       -325.00000000000000        0.0000000000000000     
   174.31536806692372       -33.527019142954579       -48.790736956755318        106.09547831510893        125.00000000000000     
   252.49773623156392        236.38925292929710       -11.926264383365046       -35.577748173272454        80.419002445756163     
   223.18689570151236       -202.86223378634250        60.717001340120376       -70.517730141836495        0.0000000000000000     

 PASSED   1.0000000000000001E-005
 MU_R    =    325.00000000000000     
 ALPHA_S =   0.11799999999999999     
 BORN                    2.3002954393453026E-006
 SINGLE POLE (MadFKS)   -5.5531178972735957E-007
 DOUBLE POLE (MadFKS)   -2.4480113327518576E-007
 SINGLE POLE (MadLoop)  -5.5531178972734793E-007
 DOUBLE POLE (MadLoop)  -2.4480113327518661E-007
 FINITE PART (MadLoop)   1.3613774700555233E-007
   325.00000000000000        0.0000000000000000        0.0000000000000000        325.00000000000000        0.0000000000000000     
   325.00000000000000        0.0000000000000000        0.0000000000000000       -325.00000000000000        0.0000000000000000     
   283.62199476388412        245.60518808604826       -27.221159163488093        61.266108027665823        125.00000000000000     
   248.32663993779624       -172.40774798982309        60.364376399105744       -147.75186849393847        80.419002445756163     
   118.05136529831964       -73.197440096225165       -33.143217235617612        86.485760466272666        0.0000000000000000     

 NUMBER OF POINTS PASSING THE CHECK          20
 NUMBER OF POINTS FAILING THE CHECK           0
 TOLERANCE    1.0000000000000001E-005
