 Enter filename for events
 Enter maximum number of events to generate
 MUST coincide with the number of events on tape
 Enter 0 to use Herwig default PDFs
       1 to use PDFs from library
 Enter colliding particles (PART1, PART2)
 Enter beam momenta (PBEAM1, PBEAM2)


          HERWIG 6.521  11th Mar. 2013

          Please reference:  G. Marchesini, B.R. Webber,
          G.Abbiendi, I.G.Knowles, M.H.Seymour & L.Stanco
          Computer Physics Communications 67 (1992) 465
                             and
          G.Corcella, I.G.Knowles, G.Marchesini, S.Moretti,
          K.Odagiri, P.Richardson, M.H.Seymour & B.R.Webber,
          JHEP 0101 (2001) 010
 Enter .TRUE. for underlying event, .FALSE. otherwise

 Underlying event WILL NOT be generated

 Enter Lambda_QCD, <0 for Herwig default
 Enter Z mass, width
 Enter W mass, width
 Enter top mass, width
 Enter Higgs (SM) boson mass, width
 Enter quark (d,u,s,c,b) and gluon masses
 Enter lepton (e,mu,tau) masses
 Enter number of events to print
 Enter accepted error fraction
 Is it single-top (.TRUE. or .FALSE)?
 Is it b-bbar (.TRUE. or .FALSE)?
 Enter the two random seeds (0 0 for default)

          INPUT CONDITIONS FOR THIS RUN

          BEAM 1 (P       ) MOM. =   6500.00
          BEAM 2 (P       ) MOM. =   6500.00
          PROCESS CODE (IPROC)   =  -18000
          NUMBER OF FLAVOURS     =    6
          STRUCTURE FUNCTION SET =    8
          AZIM SPIN CORRELATIONS =    T
          AZIM SOFT CORRELATIONS =    T
          QCD LAMBDA (GEV)       =    0.1800
          DOWN     QUARK  MASS   =    0.3200
          UP       QUARK  MASS   =    0.3200
          STRANGE  QUARK  MASS   =    0.5000
          CHARMED  QUARK  MASS   =    1.5500
          BOTTOM   QUARK  MASS   =    4.9500
          TOP      QUARK  MASS   =  173.0000
          GLUON EFFECTIVE MASS   =    0.7500
          EXTRA SHOWER CUTOFF (Q)=    0.4800
          EXTRA SHOWER CUTOFF (G)=    0.1000
          PHOTON SHOWER CUTOFF   =    0.4000
          CLUSTER MASS PARAMETER =    3.3500
          SPACELIKE EVOLN CUTOFF =    2.5000
          INTRINSIC P-TRAN (RMS) =    0.0000
          DECAY SPIN CORRELATIONS=    T
          SUSY THREE BODY ME     =    T
          SUSY FOUR  BODY ME     =    F

          NO EVENTS WILL BE WRITTEN TO DISK

          B_d: Delt-M/Gam =0.7000 Delt-Gam/2*Gam =0.0000
          B_s: Delt-M/Gam = 10.00 Delt-Gam/2*Gam =0.2000

          PDFLIB NOT USED FOR BEAM 1
          PDFLIB NOT USED FOR BEAM 2


          Checking consistency of particle properties


          Checking consistency of decay tables


          WRITING SUDAKOV TABLE ON UNIT  77

          WRITING MATRIX ELEMENT TABLE ON UNIT  88

          CHECKING SUSY DECAY MATRIX ELEMENTS
 Do you want a stable Pi0 (.TRUE. or .FALSE)?
 Do you want a stable W+ (.TRUE. or .FALSE)?
 Do you want a stable W- (.TRUE. or .FALSE)?
 Do you want a stable Z0 (.TRUE. or .FALSE)?
 Do you want a stable Tau+ (.TRUE. or .FALSE)?
 Do you want a stable Tau- (.TRUE. or .FALSE)?
 Do you want a stable Mu+ (.TRUE. or .FALSE)?
 Do you want a stable Mu- (.TRUE. or .FALSE)?
 Do you want a stable Higgs (.TRUE. or .FALSE)?

          PARTICLE TYPE  21=PI0      SET STABLE
 How many decay modes do you want to set?
 How are the events normalized ("average" or "sum")?
 stdhep initialized

          SUBROUTINE TIMEL CALLED BUT NOT LINKED.
          DUMMY TIMEL WILL BE USED. DELETE DUMMY
          AND LINK CERNLIB FOR CPU TIME REMAINING.

 HWWARN CALLED FROM SUBPROGRAM HWSMRS: CODE =   5
 EVENT       1:   SEEDS = 1973774260 & 1099242306  WEIGHT = 0.5901E-03
 EVENT SURVIVES. EXECUTION CONTINUES
 WARNING: MRST98 CALLED WITH Q OUTSIDE ALLOWED RANGE!
 Q VALUE=1.430E+04, MINIMUM=1.118E+00, MAXIMUM=3.162E+03
 NO FURTHER WARNINGS WILL BE ISSUED



 EVENT       1: 6500.00 GEV/C P        ON  6500.00 GEV/C P        PROCESS:-18000
 SEEDS:  1973774260 &  1099242306   STATUS:  100 ERROR:   0  WEIGHT:  5.9006E-04


                               ---INITIAL STATE---    

 IHEP    ID      IDPDG IST MO1 MO2 DA1 DA2   P-X     P-Y     P-Z  ENERGY    MASS
    1 P           2212 101   0   0   0   0    0.00    0.00 6500.0 6500.0    0.94
    2 P           2212 102   0   0   0   0    0.00    0.00-6500.0 6500.0    0.94
    3 CMF            0 103   1   2   0   0    0.00    0.00    0.013000.013000.00

                              ---HARD SUBPROCESS---   

 IHEP    ID      IDPDG IST MO1 MO2 DA1 DA2   P-X     P-Y     P-Z  ENERGY    MASS
    4 UQRK           2 121   6   8  10   9    0.00    0.00  830.8  830.8    0.32
    5 DQRK           1 122   6   9  15   8    0.00    0.00 -694.2  694.2    0.32
    6 HARD           0 120   4   5   7   9   11.96  -14.68  136.6 1525.1 1518.88
    7 HIGGS         25 123   6   7  21   7  302.55   18.39  271.3  425.6  125.00
    8 UQRK           2 124   6   5  22   4  -95.53  -86.36 -585.1  599.1    0.32
    9 DQRK           1 124   6   4  27   5 -207.02   67.97  450.4  500.3    0.32

                              ---PARTON SHOWERS---    

 IHEP    ID      IDPDG IST MO1 MO2 DA1 DA2   P-X     P-Y     P-Z  ENERGY    MASS
   10 UQRK          94 141   4   6  12  14    6.25   -0.48  831.3  831.3  -10.49
   11 CONE           0 100   4   9   0   0   -0.95    0.31    1.9    2.2    0.00
   12 GLUON         21   2  10  13  33  34   -3.95    0.85  313.6  313.6    0.75
   13 GLUON         21   2  10  14  35  36   -2.30   -0.37  190.5  190.5    0.75
   14 UD          2101   2  10  24  37  36    0.00    0.00 5164.5 5164.5    0.32
   15 DQRK          94 142   5   6  17  20    5.71  -14.21 -694.8  693.8  -39.47
   16 CONE           0 100   5   8   0   0   -0.74   -0.67   -3.3    3.5    0.00
   17 GLUON         21   2  15  18  38  39   -2.61    3.03  -40.5   40.7    0.75
   18 GLUON         21   2  15  19  40  41   -2.22    4.35  -37.3   37.6    0.75
   19 GLUON         21   2  15  20  42  43   -0.88    6.82  -56.4   56.8    0.75
   20 UU          2203   2  15  29  44  43    0.00    0.00-5671.0 5671.0    0.28
   21 HIGGS         25 195   7   6 133 134  305.63   14.27  271.0  427.4  125.00
   22 UQRK          94 144   8   6  24  26  -90.75  -92.05 -584.5  599.4   29.02
   23 CONE           0 100   8   5   0   0    0.23    0.23   -3.2    3.2    0.00
   24 UQRK           2   2  22  25  45  37  -88.94  -89.96 -536.8  551.5    0.32
   25 GLUON         21   2  22  26  46  47   -1.64   -1.08  -30.8   30.9    0.75
   26 GLUON         21   2  22  38  48  49   -0.17   -1.02  -16.9   17.0    0.75
   27 DQRK          94 144   9   6  29  32 -202.92   63.10  450.1  498.3   25.02
   28 CONE           0 100   9   4   0   0    0.45   -0.14    1.4    1.4    0.00
   29 DQRK           1   2  27  30  50  44 -100.48   30.73  221.7  245.3    0.32
   30 GLUON         21   2  27  31  51  52  -96.50   30.13  215.4  237.9    0.75
   31 GLUON         21   2  27  32  53  54   -6.23    1.34   10.3   12.1    0.75
   32 GLUON         21   2  27  33  55  56    0.28    0.90    2.7    2.9    0.75

                              ---GLUON SPLITTING---   

 IHEP    ID      IDPDG IST MO1 MO2 DA1 DA2   P-X     P-Y     P-Z  ENERGY    MASS
   33 DBAR          -1 158  10  34  91  70   -0.74    0.08   58.8   58.8    0.32
   34 DQRK           1 158  10  35  73  33   -2.62    0.71  207.7  207.7    0.32
   35 DBAR          -1 158  10  36  73  34   -1.53   -0.40  124.0  124.0    0.32
   36 DQRK           1 158  10  57  74  35   -0.61    0.02   57.3   57.3    0.32
   37 UD          2101 161  10  45  85  58   -0.01    0.00 3942.4 3942.4    0.64
   38 DBAR          -1 158  15  39  80  49   -1.28    1.78  -22.2   22.3    0.32
   39 DQRK           1 158  15  40  75  38   -1.33    1.25  -18.3   18.4    0.32
   40 UBAR          -2 158  15  41  75  39   -0.96    2.14  -16.7   16.9    0.32
   41 UQRK           2 158  15  42  76  40   -1.26    2.21  -20.6   20.7    0.32
   42 DBAR          -1 158  15  43  76  41   -0.49    4.09  -35.2   35.4    0.32
   43 DQRK           1 158  15  63  77  42   -0.15    1.08   -9.0    9.1    0.32
   44 UU          2203 162  15  50  86  60   -0.00    0.00-4735.4 4735.4    0.64
   45 UQRK           2 158  22  67  78  37  -79.35  -80.25 -478.8  492.0    0.32
   46 DBAR          -1 158  22  47  89  66   -0.64   -0.48  -15.2   15.2    0.32
   47 DQRK           1 158  22  48  79  46   -0.95   -0.56  -14.4   14.4    0.32
   48 UBAR          -2 158  22  49  79  47   -0.03   -0.71   -8.7    8.7    0.32
   49 UQRK           2 158  22  38  80  48   -0.14   -0.31   -8.2    8.3    0.32
   50 DQRK           1 158  27  51  81  44 -100.48   30.73  221.7  245.3    0.32
   51 UBAR          -2 158  27  52  81  50  -65.85   20.67  146.9  162.3    0.32
   52 UQRK           2 158  27  53  82  51  -30.65    9.46   68.5   75.7    0.32
   53 DBAR          -1 158  27  54  82  52   -3.59    0.80    6.3    7.3    0.32
   54 DQRK           1 158  27  55  83  53   -2.64    0.54    4.0    4.9    0.32
   55 UBAR          -2 158  27  56  83  54    0.27    0.62    2.0    2.1    0.32
   56 UQRK           2 158  27  69  84  55    0.01    0.27    0.7    0.8    0.32
   57 UBAR          -2 159  10  58  74  36   -0.01    0.00 1169.8 1169.8    0.32
   58 UQRK           2 159  10  37  85  57   -0.15    0.01   61.6   61.6    0.32
   59 DBAR          -1 159  15  60  92  72   -0.00    0.00 -470.5  470.5    0.32
   60 DQRK           1 159  15  44  86  59   -0.00    0.00 -239.8  239.8    0.32
   61 DBAR          -1 159  15  62  88  64   -0.00    0.03  -29.5   29.5    0.32
   62 DQRK           1 159  15  71  87  61   -0.03    0.18   -5.7    5.7    0.32
   63 SBAR          -3 159  15  64  77  43   -0.07    0.51   -7.6    7.6    0.50
   64 SQRK           3 159  15  61  88  63   -0.12    0.87   -8.8    8.9    0.50
   65 UBAR          -2 159  22  66  90  68   -0.72   -0.72   -4.9    5.0    0.32
   66 UQRK           2 159  22  46  89  65   -1.77   -1.79  -10.9   11.2    0.32
   67 UBAR          -2 159  22  68  78  45   -3.63   -3.67  -22.0   22.6    0.32
   68 UQRK           2 159  22  65  90  67   -3.53   -3.57  -21.4   22.0    0.32
   69 DBAR          -1 159  10  70  84  56   -0.45    0.05   35.8   35.8    0.32
   70 DQRK           1 159  27  33  91  69   -0.14    0.02   11.4   11.4    0.32
   71 UBAR          -2 159  15  72  87  62   -0.00    0.00 -172.1  172.1    0.32
   72 UQRK           2 159  15  59  92  71   -0.01    0.06  -13.7   13.7    0.32

                             ---CLUSTER FORMATION---  

 IHEP    ID      IDPDG IST MO1 MO2 DA1 DA2   P-X     P-Y     P-Z  ENERGY    MASS
   73 CLUS          91 183  34  35  93  94   -4.14    0.32  331.6  331.7    1.26
   74 CLUS          91 183  36  57  95  96   -0.62    0.02 1227.1 1227.1    3.16
   75 CLUS          91 183  39  40  97  98   -2.29    3.39  -35.0   35.3    1.25
   76 CLUS          91 183  41  42  99 100   -1.75    6.31  -55.8   56.2    1.46
   77 CLUS          91 183  43  63 101 102   -0.23    1.59  -16.6   16.7    0.97
   78 CLUS          91 183  45  67 103 104  -82.98  -83.92 -500.9  514.6    1.57
   79 CLUS          91 183  47  48 105 106   -0.98   -1.27  -23.1   23.2    1.07
   80 CLUS          91 183  49  38 107 108   -1.41    1.47  -30.5   30.6    1.83
   81 CLUS          91 183  50  51 109 110 -166.33   51.41  368.5  407.6    1.11
   82 CLUS          91 183  52  53 111 112  -34.23   10.25   74.8   83.0    2.59
   83 CLUS          91 183  54  55 113 114   -2.37    1.16    6.0    7.0    2.37
   84 CLUS          91 183  56  69 115 116   -0.44    0.31   36.4   36.6    2.92
   85 CLUS          91 184  58  37 117 118   -0.15    0.01 4004.0 4004.0    2.91
   86 CLUS          91 185  60  44 119 120   -0.00    0.00-4975.2 4975.2    1.60
   87 CLUS          91 183  62  71 121 122   -0.03    0.18 -177.8  177.8    2.07
   88 CLUS          91 183  64  61 123 124   -0.13    0.90  -38.3   38.3    1.93
   89 CLUS          91 183  66  46 125 126   -2.41   -2.27  -26.1   26.4    2.37
   90 CLUS          91 183  68  65 127 128   -4.24   -4.28  -26.3   27.0    0.87
   91 CLUS          91 183  70  33 129 130   -0.88    0.10   70.2   70.2    0.87
   92 CLUS          91 183  72  59 131 132   -0.01    0.06 -484.3  484.3    1.96

                              ---CLUSTER DECAYS---    

 IHEP    ID      IDPDG IST MO1 MO2 DA1 DA2   P-X     P-Y     P-Z  ENERGY    MASS
   93 PI-         -211   1  73  10   0   0   -3.74    0.00  306.2  306.3    0.14
   94 PI+          211   1  73  10   0   0   -0.41    0.31   25.4   25.4    0.14
   95 SIGMA0      3212 197  74  10 173 174   -0.37   -0.18  230.6  230.6    1.19
   96 SIGMABR-   -3222 197  74  10 175 176   -0.24    0.20  996.5  996.5    1.19
   97 PI-         -211   1  75  15   0   0   -1.17    1.17  -14.8   14.9    0.14
   98 OMEGA        223 197  75  15 177 179   -1.12    2.22  -20.2   20.3    0.78
   99 PI0          111   1  76  15   0   0   -0.25    0.47   -4.0    4.1    0.13
  100 B_1+       10213 197  76  15 180 181   -1.50    5.83  -51.7   52.1    1.23
  101 PI-         -211   1  77  15   0   0    0.18    0.24   -4.8    4.8    0.14
  102 K+           321   1  77  15   0   0   -0.41    1.35  -11.8   11.9    0.49
  103 K*+          323 197  78  22 182 183  -69.50  -70.29 -419.5  431.0    0.89
  104 K-          -321   1  78  22   0   0  -13.48  -13.63  -81.4   83.6    0.49
  105 PI0          111   1  79  22   0   0   -0.23    0.11   -6.3    6.3    0.13
  106 PI-         -211   1  79  22   0   0   -0.75   -1.38  -16.8   16.9    0.14
  107 PI+          211   1  80  22   0   0   -0.95    1.36  -17.7   17.7    0.14
  108 ETAP         331 197  80  22 184 186   -0.47    0.11  -12.8   12.8    0.96
  109 K0           311 197  81  27 187 187  -93.08   28.59  205.7  227.6    0.50
  110 K-          -321   1  81  27   0   0  -73.24   22.82  162.8  180.0    0.49
  111 N           2112   1  82  27   0   0  -14.28    4.65   30.1   33.6    0.94
  112 DELTABR+   -1114 197  82  27 188 189  -19.96    5.61   44.8   49.3    1.23
  113 A_20         115 197  83  27 190 192   -1.00    1.01    3.7    4.2    1.32
  114 RHO-        -213 197  83  27 193 194   -1.37    0.15    2.3    2.8    0.77
  115 PI0          111   1  84  27   0   0   -0.03   -0.59   19.0   19.1    0.13
  116 RHOD+      30213 197  84  27 195 197   -0.42    0.91   17.4   17.5    1.70
  117 OMEGA(H)   30223 197  85  10 198 200   -0.43   -0.39 1926.9 1926.9    1.65
  118 P           2212   1  85  10   0   0    0.28    0.40 2077.1 2077.1    0.94
  119 PI-         -211   1  86  15   0   0    0.09    0.12 -225.0  225.0    0.14
  120 DELTA++     2224 197  86  15 201 202   -0.09   -0.12-4750.3 4750.3    1.23
  121 RHO0         113 197  87  15 203 204    0.18   -0.05 -143.3  143.3    0.77
  122 RHO-        -213 197  87  15 205 206   -0.20    0.24  -34.5   34.5    0.77
  123 ETAP         331 197  88  15 207 208   -0.09    0.73  -19.7   19.7    0.96
  124 K*BAR0      -313 197  88  15 209 210   -0.04    0.17  -18.6   18.6    0.90
  125 K+           321   1  89  22   0   0   -1.01   -0.53   -7.1    7.2    0.49
  126 KD*BAR0   -30313 197  89  22 211 212   -1.40   -1.74  -19.0   19.2    1.72
  127 PI0          111   1  90  22   0   0   -2.60   -3.10  -16.6   17.1    0.13
  128 PI0          111   1  90  22   0   0   -1.64   -1.18   -9.6    9.9    0.13
  129 PI-         -211   1  91  27   0   0   -0.41   -0.08   55.5   55.5    0.14
  130 PI+          211   1  91  27   0   0   -0.47    0.18   14.7   14.7    0.14
  131 PI+          211   1  92  15   0   0   -0.34   -0.30  -65.0   65.0    0.14
  132 F_2          225 197  92  15 213 214    0.33    0.36 -419.3  419.3    1.27

                            ---H/W/Z BOSON DECAYS---  

 IHEP    ID      IDPDG IST MO1 MO2 DA1 DA2   P-X     P-Y     P-Z  ENERGY    MASS
  133 BQRK           5 123  21 134 135 134  224.59   65.48  181.0  295.9    4.95
  134 BBAR          -5 124  21 133 139 133   81.04  -51.21   90.0  131.6    4.95

                              ---PARTON SHOWERS---    

 IHEP    ID      IDPDG IST MO1 MO2 DA1 DA2   P-X     P-Y     P-Z  ENERGY    MASS
  135 BQRK          94 143 133  21 137 138  223.18   64.61  180.1  294.2   10.92
  136 CONE           0 100 133 134   0   0    1.17   -0.61    1.3    1.8    0.00
  137 BQRK           5   2 135 138 143 142  216.44   64.15  174.5  285.4    4.95
  138 GLUON         21   2 135 141 144 145    6.74    0.46    5.5    8.8    0.75
  139 BBAR          94 144 134  21 141 142   82.44  -50.34   91.0  133.3   12.46
  140 CONE           0 100 134 133   0   0    0.70    0.73    0.4    1.1    0.00
  141 GLUON         21   2 139 142 146 147    0.12   -0.21    1.4    1.6    0.75
  142 BBAR          -5   2 139 143 148 147   82.32  -50.13   89.6  131.7    4.95

                              ---GLUON SPLITTING---   

 IHEP    ID      IDPDG IST MO1 MO2 DA1 DA2   P-X     P-Y     P-Z  ENERGY    MASS
  143 BQRK           5 158 135 149 155 148  198.56   58.78  160.1  261.8    4.95
  144 UBAR          -2 158 135 145 158 150    3.07    0.78    2.5    4.0    0.32
  145 UQRK           2 158 135 146 156 144    4.52    0.17    3.7    5.9    0.32
  146 UBAR          -2 158 139 147 156 145    0.19    0.02    0.8    0.9    0.32
  147 UQRK           2 158 139 151 157 146    0.12   -0.22    0.5    0.6    0.32
  148 BBAR          -5 158 139 143 160 154   70.60  -43.03   76.9  113.0    4.95
  149 DBAR          -1 159 135 150 155 143    2.69    0.63    2.2    3.5    0.32
  150 DQRK           1 159 135 144 158 149   14.34    4.25   11.6   18.9    0.32
  151 SBAR          -3 159 139 152 157 147    2.34   -1.46    2.6    3.8    0.50
  152 SQRK           3 159 139 153 159 151    2.37   -1.47    2.6    3.9    0.50
  153 DBAR          -1 159 139 154 159 152    5.72   -3.48    6.2    9.2    0.32
  154 DQRK           1 159 139 148 160 153    1.10   -0.70    1.3    1.8    0.32

                             ---CLUSTER FORMATION---  

 IHEP    ID      IDPDG IST MO1 MO2 DA1 DA2   P-X     P-Y     P-Z  ENERGY    MASS
  155 CLUS          91 183 143 149 161 162  201.25   59.41  162.3  265.3    5.87
  156 CLUS          91 183 145 146 163 164    4.71    0.19    4.6    6.8    1.74
  157 CLUS          91 183 147 151 165 166    2.46   -1.68    3.1    4.5    1.21
  158 CLUS          91 183 150 144 167 168   17.41    5.03   14.0   22.9    0.89
  159 CLUS          91 183 152 153 169 170    8.09   -4.96    8.9   13.0    1.00
  160 CLUS          91 183 154 148 171 172   71.70  -43.72   78.2  114.9    5.61

                              ---CLUSTER DECAYS---    

 IHEP    ID      IDPDG IST MO1 MO2 DA1 DA2   P-X     P-Y     P-Z  ENERGY    MASS
  161 B*-         -523 197 155 135 215 216  200.24   59.22  161.5  264.0    5.32
  162 PI+          211   1 155 135   0   0    1.01    0.20    0.8    1.3    0.14
  163 PI+          211   1 156 135   0   0    0.62    0.27    0.4    0.8    0.14
  164 A_2-        -215 197 156 135 217 218    4.09   -0.09    4.2    6.0    1.32
  165 PI0          111   1 157 139   0   0    1.23   -0.51    0.8    1.5    0.13
  166 K+           321   1 157 139   0   0    1.24   -1.16    2.3    2.9    0.49
  167 PI0          111   1 158 135   0   0   12.51    3.27    9.8   16.2    0.13
  168 PI-         -211   1 158 135   0   0    4.90    1.77    4.2    6.7    0.14
  169 K-          -321   1 159 139   0   0    7.13   -4.10    7.5   11.2    0.49
  170 PI+          211   1 159 139   0   0    0.96   -0.86    1.4    1.9    0.14
  171 PI-         -211   1 160 139   0   0    0.40   -0.26    0.5    0.7    0.14
  172 B+           521 197 160 139 219 220   71.30  -43.47   77.7  114.2    5.28

                           ---STRONG HADRON DECAYS--- 

 IHEP    ID      IDPDG IST MO1 MO2 DA1 DA2   P-X     P-Y     P-Z  ENERGY    MASS
  173 LAMBDA      3122 198  95  10 221 222   -0.38   -0.18  206.4  206.4    1.12
  174 GAMMA         22   1  95  10   0   0    0.01    0.01   24.2   24.2    0.00
  175 PBAR       -2212   1  96  10   0   0   -0.31    0.13  938.7  938.7    0.94
  176 PI0          111   1  96  10   0   0    0.06    0.07   57.8   57.8    0.13
  177 PI+          211   1  98  15   0   0   -0.62    1.21   -9.8    9.9    0.14
  178 PI-         -211   1  98  15   0   0   -0.27    0.79   -8.4    8.5    0.14
  179 PI0          111   1  98  15   0   0   -0.23    0.21   -1.9    1.9    0.13
  180 OMEGA        223 198 100  15 223 225   -0.53    2.49  -22.6   22.7    0.78
  181 PI+          211   1 100  15   0   0   -0.97    3.35  -29.2   29.4    0.14
  182 K0           311 198 103  22 226 226  -64.19  -64.76 -387.3  397.9    0.50
  183 PI+          211   1 103  22   0   0   -5.31   -5.53  -32.2   33.1    0.14
  184 PI+          211   1 108  22   0   0   -0.14    0.02   -1.1    1.1    0.14
  185 PI-         -211   1 108  22   0   0   -0.13    0.06   -3.8    3.8    0.14
  186 ETA          221 198 108  22 227 229   -0.20    0.04   -7.9    7.9    0.55
  187 K_L0         130   1 109  27   0   0  -93.08   28.59  205.7  227.6    0.50
  188 NBAR       -2112   1 112  27   0   0  -12.65    3.60   28.1   31.1    0.94
  189 PI+          211   1 112  27   0   0   -7.31    2.01   16.6   18.3    0.14
  190 OMEGA        223 198 113  27 230 232   -0.46    0.77    2.4    2.7    0.78
  191 PI+          211   1 113  27   0   0   -0.44    0.26    1.2    1.3    0.14
  192 PI-         -211   1 113  27   0   0   -0.11   -0.01    0.1    0.2    0.14
  193 PI-         -211   1 114  27   0   0   -0.75    0.42    1.5    1.7    0.14
  194 PI0          111   1 114  27   0   0   -0.62   -0.28    0.8    1.1    0.13
  195 RHO-        -213 198 116  27 233 234   -0.74    0.93   11.6   11.7    0.77
  196 PI+          211   1 116  27   0   0   -0.03    0.05    2.0    2.0    0.14
  197 PI+          211   1 116  27   0   0    0.35   -0.07    3.8    3.8    0.14
  198 OMEGA        223 198 117  10 235 237   -0.44   -0.08 1227.3 1227.3    0.78
  199 PI+          211   1 117  10   0   0    0.26   -0.12  144.5  144.5    0.14
  200 PI-         -211   1 117  10   0   0   -0.25   -0.19  555.1  555.1    0.14
  201 P           2212   1 120  15   0   0   -0.10    0.13-3810.2 3810.2    0.94
  202 PI+          211   1 120  15   0   0    0.01   -0.25 -940.1  940.1    0.14
  203 PI+          211   1 121  15   0   0    0.20    0.06 -134.8  134.8    0.14
  204 PI-         -211   1 121  15   0   0   -0.02   -0.11   -8.5    8.5    0.14
  205 PI-         -211   1 122  15   0   0   -0.41    0.02  -25.9   25.9    0.14
  206 PI0          111   1 122  15   0   0    0.21    0.22   -8.6    8.6    0.13
  207 GAMMA         22   1 123  15   0   0    0.37    0.60  -13.6   13.6    0.00
  208 GAMMA         22   1 123  15   0   0   -0.46    0.13   -6.1    6.1    0.00
  209 K-          -321   1 124  15   0   0    0.18    0.24   -9.1    9.1    0.49
  210 PI+          211   1 124  15   0   0   -0.22   -0.08   -9.6    9.6    0.14
  211 K-          -321   1 126  22   0   0   -0.72   -0.11   -5.2    5.3    0.49
  212 RHO+         213 198 126  22 238 239   -0.68   -1.63  -13.8   13.9    0.77
  213 PI0          111   1 132  15   0   0   -0.32    0.48 -278.1  278.1    0.13
  214 PI0          111   1 132  15   0   0    0.65   -0.12 -141.2  141.2    0.13
  215 B-          -521 199 161 135 253 254  197.77   58.51  159.5  260.8    5.28
  216 GAMMA         22   1 161 135   0   0    2.47    0.71    1.9    3.2    0.00
  217 RHO0         113 198 164 135 240 241    2.41    0.30    2.2    3.4    0.77
  218 PI-         -211   1 164 135   0   0    1.68   -0.39    2.0    2.6    0.14
  219 D*BAR0      -423 198 172 139 242 243   18.05  -11.58   18.1   28.1    2.01
  220 PI+          211   1 172 139   0   0   53.25  -31.89   59.6   86.1    0.14
  221 N           2112   1 173  10   0   0   -0.33   -0.26  179.7  179.7    0.94
  222 PI0          111   1 173  10   0   0   -0.06    0.08   26.8   26.8    0.13
  223 PI+          211   1 180  15   0   0    0.06    0.67   -5.9    5.9    0.14
  224 PI-         -211   1 180  15   0   0   -0.47    0.96  -10.4   10.5    0.14
  225 PI0          111   1 180  15   0   0   -0.13    0.85   -6.3    6.4    0.13
  226 K_S0         310 198 182  22 244 245  -64.19  -64.76 -387.3  397.9    0.50
  227 PI0          111   1 186  22   0   0   -0.10   -0.11   -2.2    2.2    0.13
  228 PI0          111   1 186  22   0   0   -0.09    0.15   -2.9    2.9    0.13
  229 PI0          111   1 186  22   0   0   -0.00   -0.00   -2.8    2.8    0.13
  230 PI+          211   1 190  27   0   0    0.00    0.05    0.3    0.3    0.14
  231 PI-         -211   1 190  27   0   0   -0.24    0.13    0.3    0.4    0.14
  232 PI0          111   1 190  27   0   0   -0.22    0.59    1.8    1.9    0.13
  233 PI-         -211   1 195  27   0   0   -0.20    0.09    5.3    5.3    0.14
  234 PI0          111   1 195  27   0   0   -0.54    0.83    6.3    6.3    0.13
  235 PI+          211   1 198  10   0   0   -0.22   -0.14  618.4  618.4    0.14
  236 PI-         -211   1 198  10   0   0   -0.27    0.20  426.5  426.5    0.14
  237 PI0          111   1 198  10   0   0    0.05   -0.13  182.4  182.4    0.13
  238 PI+          211   1 212  22   0   0   -0.41   -1.56  -11.8   11.9    0.14
  239 PI0          111   1 212  22   0   0   -0.27   -0.08   -2.0    2.0    0.13
  240 PI+          211   1 217 135   0   0    1.36    0.32    1.7    2.2    0.14
  241 PI-         -211   1 217 135   0   0    1.05   -0.02    0.5    1.2    0.14
  242 DBAR0       -421 198 219 139 246 247   16.44  -10.55   16.5   25.6    1.86
  243 PI0          111   1 219 139   0   0    1.61   -1.03    1.6    2.5    0.13
  244 PI+          211   1 226  22   0   0  -26.72  -26.79 -160.0  164.4    0.14
  245 PI-         -211   1 226  22   0   0  -37.46  -37.97 -227.3  233.5    0.14
  246 K0           311 198 242 139 248 248    2.67   -1.71    3.3    4.6    0.50
  247 RHO0         113 198 242 139 249 250   13.77   -8.83   13.2   21.1    0.77
  248 K_S0         310 198 246 139 251 252    2.67   -1.71    3.3    4.6    0.50
  249 PI+          211   1 247 139   0   0    8.82   -5.28    8.1   13.1    0.14
  250 PI-         -211   1 247 139   0   0    4.95   -3.55    5.1    8.0    0.14
  251 PI0          111   1 248 139   0   0    1.09   -0.53    1.4    1.9    0.13
  252 PI0          111   1 248 139   0   0    1.59   -1.19    1.8    2.7    0.13

                           ---HEAVY PARTICLE DECAYS---

 IHEP    ID      IDPDG IST MO1 MO2 DA1 DA2   P-X     P-Y     P-Z  ENERGY    MASS
  253 BQRK           5 155 215 254 255 257  185.79   54.96  149.9  245.0    4.96
  254 UBAR          -2 125 215 257 258 257   11.99    3.55    9.7   15.8    0.32
  255 DQRK           1 123 253 256 259 256    6.05    1.56    5.3    8.2    0.32
  256 UBAR          -2 124 253 255 261 255   49.08   15.41   38.1   64.0    0.32
  257 CQRK           4 124 253 253 263 253  130.66   38.00  106.5  172.8    1.55
  258 UBAR          -2 160 254 267 269 267   11.99    3.55    9.7   15.8    0.32

                              ---PARTON SHOWERS---    

 IHEP    ID      IDPDG IST MO1 MO2 DA1 DA2   P-X     P-Y     P-Z  ENERGY    MASS
  259 DQRK          94 143 255 253 260 260    6.05    1.56    5.3    8.2    0.32
  260 DQRK           1   2 259 262 265 262    6.05    1.56    5.3    8.2    0.32
  261 UBAR          94 144 256 253 262 262   49.08   15.41   38.1   64.0    0.32
  262 UBAR          -2   2 261 265 266 265   49.08   15.41   38.1   64.0    0.32
  263 CQRK          94 144 257 253 264 264  130.66   38.00  106.5  172.8    1.55
  264 CQRK           4   2 263 258 267 258  130.66   38.00  106.5  172.8    1.55

                              ---GLUON SPLITTING---   

 IHEP    ID      IDPDG IST MO1 MO2 DA1 DA2   P-X     P-Y     P-Z  ENERGY    MASS
  265 DQRK           1 158 259 266 268 266    6.05    1.56    5.3    8.2    0.32
  266 UBAR          -2 158 261 265 268 265   49.08   15.41   38.1   64.0    0.32
  267 CQRK           4 158 263 258 269 258  130.66   38.00  106.5  172.8    1.55

                             ---CLUSTER FORMATION---  

 IHEP    ID      IDPDG IST MO1 MO2 DA1 DA2   P-X     P-Y     P-Z  ENERGY    MASS
  268 CLUS          91 183 265 266 270 271   54.88   16.92   43.2   71.9    2.09
  269 CLUS          91 183 267 258 272 272  142.89   41.59  116.4  188.9    1.86

                              ---CLUSTER DECAYS---    

 IHEP    ID      IDPDG IST MO1 MO2 DA1 DA2   P-X     P-Y     P-Z  ENERGY    MASS
  270 B_1-      -10213 197 268 259 273 274   23.76    7.16   19.0   31.3    1.23
  271 ETA          221 197 268 259 275 276   31.12    9.76   24.2   40.6    0.55
  272 D0           421 196 269 263 277 279  142.89   41.59  116.4  188.9    1.86

                           ---STRONG HADRON DECAYS--- 

 IHEP    ID      IDPDG IST MO1 MO2 DA1 DA2   P-X     P-Y     P-Z  ENERGY    MASS
  273 OMEGA        223 198 270 259 280 282   20.50    6.11   16.7   27.2    0.78
  274 PI-         -211   1 270 259   0   0    3.25    1.05    2.3    4.1    0.14
  275 GAMMA         22   1 271 259   0   0   13.25    4.27   10.0   17.1    0.00
  276 GAMMA         22   1 271 259   0   0   17.87    5.49   14.2   23.5    0.00
  277 NU_MU         14   1 272 263   0   0   21.61    6.32   17.0   28.2    0.00
  278 MU+          -13   1 272 263   0   0   37.95   11.24   31.7   50.7    0.11
  279 K-          -321   1 272 263   0   0   83.33   24.03   67.6  110.0    0.49
  280 PI+          211   1 273 259   0   0   12.09    3.73    9.8   16.0    0.14
  281 PI-         -211   1 273 259   0   0    1.02    0.25    0.9    1.4    0.14
  282 PI0          111   1 273 259   0   0    7.39    2.12    6.0    9.8    0.13



 EVENT       2: 6500.00 GEV/C P        ON  6500.00 GEV/C P        PROCESS:-18000
 SEEDS:   401622266 &  1715347348   STATUS:  100 ERROR:   0  WEIGHT: -5.9006E-04


                               ---INITIAL STATE---    

 IHEP    ID      IDPDG IST MO1 MO2 DA1 DA2   P-X     P-Y     P-Z  ENERGY    MASS
    1 P           2212 101   0   0   0   0    0.00    0.00 6500.0 6500.0    0.94
    2 P           2212 102   0   0   0   0    0.00    0.00-6500.0 6500.0    0.94
    3 CMF            0 103   1   2   0   0    0.00    0.00    0.013000.013000.00

                              ---HARD SUBPROCESS---   

 IHEP    ID      IDPDG IST MO1 MO2 DA1 DA2   P-X     P-Y     P-Z  ENERGY    MASS
    4 UQRK           2 121   6   8  10   9    0.00    0.00  593.7  593.7    0.32
    5 DQRK           1 122   6   9  14   8   -0.00   -0.00-1182.4 1182.4    0.32
    6 HARD           0 120   4   5   7   9    0.62    2.17 -588.7 1776.2 1675.77
    7 HIGGS         25 123   6   7  20   7  168.90  175.20  239.1  363.4  125.00
    8 UQRK           2 124   6   5  21   4 -150.27 -159.97-1109.0 1130.5    0.32
    9 DQRK           1 124   6   4  30   5  -18.63  -15.23  281.2  282.2    0.32

                              ---PARTON SHOWERS---    

 IHEP    ID      IDPDG IST MO1 MO2 DA1 DA2   P-X     P-Y     P-Z  ENERGY    MASS
   10 UQRK          94 141   4   6  12  13   -0.28    0.94  593.9  593.8   -6.52
   11 CONE           0 100   4   9   0   0   -0.77   -0.63   11.8   11.8    0.00
   12 GLUON         21   2  10  13  32  33    0.28   -0.94   21.6   21.7    0.75
   13 UD          2101   2  10  23  34  33    0.00    0.00 5884.5 5884.5    0.30
   14 DQRK          94 142   5   6  16  19    0.90    1.24-1182.5 1182.3  -21.18
   15 CONE           0 100   5   8   0   0   -0.68   -0.73   -3.6    3.8    0.00
   16 GLUON         21   2  14  17  35  36   -0.55   -0.48   -6.4    6.4    0.75
   17 GLUON         21   2  14  18  37  38   -1.02    2.60  -62.9   63.0    0.75
   18 GLUON         21   2  14  19  39  40    0.67   -3.36 -167.4  167.4    0.75
   19 UU          2203   2  14  31  41  40    0.00    0.00-5080.8 5080.8    0.32
   20 HIGGS         25 195   7   6 127 128  168.98  175.60  239.1  363.6  125.00
   21 UQRK          94 144   8   6  23  29 -149.84 -158.54-1108.9 1130.5   26.32
   22 CONE           0 100   8   5   0   0    0.21    0.22   -3.6    3.6    0.00
   23 UQRK           2   2  21  24  42  34  -68.32  -67.00 -482.8  492.2    0.32
   24 GLUON         21   2  21  25  43  44  -47.82  -49.17 -339.4  346.3    0.75
   25 GLUON         21   2  21  26  45  46  -15.62  -17.52 -114.3  116.7    0.75
   26 GLUON         21   2  21  27  47  48  -10.50  -12.73  -76.8   78.6    0.75
   27 GLUON         21   2  21  28  49  50   -3.54   -7.35  -45.1   45.8    0.75
   28 GLUON         21   2  21  29  51  52   -3.40   -3.68  -37.0   37.3    0.75
   29 GLUON         21   2  21  35  53  54   -0.63   -1.09  -13.4   13.5    0.75
   30 DQRK          94 144   9   6  31  31  -18.53  -14.88  281.1  282.2    0.32
   31 DQRK           1   2  30  32  55  41  -18.53  -14.88  281.1  282.2    0.32

                              ---GLUON SPLITTING---   

 IHEP    ID      IDPDG IST MO1 MO2 DA1 DA2   P-X     P-Y     P-Z  ENERGY    MASS
   32 UBAR          -2 158  10  33  88  69   -0.24   -0.41    7.2    7.2    0.32
   33 UQRK           2 158  10  60  70  32    0.17   -0.30   12.5   12.5    0.32
   34 UD          2101 161  10  42  82  57    0.00   -0.00 3568.4 3568.4    0.64
   35 DBAR          -1 158  14  36  80  54   -0.07   -0.09   -2.6    2.6    0.32
   36 DQRK           1 158  14  37  71  35   -0.48   -0.38   -3.8    3.8    0.32
   37 UBAR          -2 158  14  38  71  36   -0.31    0.62  -17.2   17.2    0.32
   38 UQRK           2 158  14  62  72  37   -0.62    1.72  -39.9   40.0    0.32
   39 DBAR          -1 158  14  40  85  63    0.34   -1.02  -50.7   50.7    0.32
   40 DQRK           1 158  14  66  73  39    0.12   -1.07  -57.3   57.4    0.32
   41 UU          2203 162  14  55  83  59    0.00   -0.01-3250.3 3250.3    0.64
   42 UQRK           2 158  21  43  74  34  -68.32  -67.00 -482.8  492.2    0.32
   43 DBAR          -1 158  21  44  74  42  -31.45  -32.55 -223.8  228.3    0.32
   44 DQRK           1 158  21  45  75  43  -16.37  -16.62 -115.7  118.0    0.32
   45 DBAR          -1 158  21  46  75  44   -6.84   -7.48  -48.7   49.7    0.32
   46 DQRK           1 158  21  47  76  45   -8.78  -10.04  -65.6   67.0    0.32
   47 UBAR          -2 158  21  48  76  46   -3.29   -3.84  -24.0   24.5    0.32
   48 UQRK           2 158  21  49  77  47   -7.21   -8.90  -52.9   54.1    0.32
   49 DBAR          -1 158  21  50  77  48   -1.28   -3.07  -18.3   18.6    0.32
   50 DQRK           1 158  21  51  78  49   -2.26   -4.28  -26.8   27.3    0.32
   51 DBAR          -1 158  21  52  78  50   -1.70   -1.85  -17.1   17.3    0.32
   52 DQRK           1 158  21  53  79  51   -1.70   -1.83  -19.9   20.0    0.32
   53 DBAR          -1 158  21  54  79  52   -0.55   -0.60   -8.3    8.4    0.32
   54 DQRK           1 158  21  35  80  53   -0.08   -0.49   -5.1    5.2    0.32
   55 DQRK           1 158  30  68  81  41  -16.17  -12.99  245.4  246.3    0.32
   56 DBAR          -1 159  10  57  84  61    0.00   -0.00 2076.4 2076.4    0.32
   57 DQRK           1 159  10  34  82  56    0.02   -0.03   56.4   56.4    0.32
   58 UBAR          -2 159  14  59  86  65    0.00   -0.00-1212.3 1212.3    0.32
   59 UQRK           2 159  14  41  83  58    0.01   -0.10  -53.3   53.3    0.32
   60 UBAR          -2 159  10  61  70  33    0.01   -0.01  162.2  162.2    0.32
   61 UQRK           2 159  10  56  84  60    0.05   -0.08   22.3   22.3    0.32
   62 DBAR          -1 159  14  63  72  38    0.04   -0.13  -12.7   12.7    0.32
   63 DQRK           1 159  14  39  85  62   -0.02    0.04   -9.6    9.6    0.32
   64 SBAR          -3 159  14  65  87  67    0.00   -0.03 -428.1  428.1    0.50
   65 SQRK           3 159  14  58  86  64    0.03   -0.28  -57.0   57.0    0.50
   66 SBAR          -3 159  14  67  73  40    0.03   -0.26  -59.7   59.7    0.50
   67 SQRK           3 159  14  64  87  66    0.03   -0.24  -63.0   63.0    0.50
   68 SBAR          -3 159  10  69  81  55   -1.29   -1.16   21.5   21.6    0.50
   69 SQRK           3 159  30  32  88  68   -0.78   -0.82   15.0   15.1    0.50

                             ---CLUSTER FORMATION---  

 IHEP    ID      IDPDG IST MO1 MO2 DA1 DA2   P-X     P-Y     P-Z  ENERGY    MASS
   70 CLUS          91 183  33  60  89  90    0.18   -0.31  174.6  174.6    1.76
   71 CLUS          91 183  36  37  91  92   -0.79    0.24  -21.0   21.0    1.64
   72 CLUS          91 183  38  62  93  94   -0.58    1.59  -52.6   52.7    1.47
   73 CLUS          91 183  40  66  95  96    0.15   -1.33 -117.0  117.0    1.19
   74 CLUS          91 183  42  43  97  98  -99.77  -99.55 -706.6  720.5    2.31
   75 CLUS          91 183  44  45  99 100  -23.21  -24.10 -164.4  167.7    1.02
   76 CLUS          91 183  46  47 101 102  -12.06  -13.88  -89.6   91.5    0.78
   77 CLUS          91 183  48  49 103 104   -8.49  -11.97  -71.1   72.7    2.18
   78 CLUS          91 183  50  51 105 106   -3.96   -6.13  -43.9   44.5    1.31
   79 CLUS          91 183  52  53 107 108   -2.25   -2.44  -28.2   28.4    0.79
   80 CLUS          91 183  54  35 109 110   -0.16   -0.58   -7.7    7.8    0.71
   81 CLUS          91 183  55  68 111 112  -17.46  -14.15  267.0  267.9    1.85
   82 CLUS          91 184  57  34 113 114    0.02   -0.03 3624.8 3624.8    2.66
   83 CLUS          91 185  59  41 115 116    0.01   -0.11-3303.6 3303.6    2.72
   84 CLUS          91 183  61  56 117 118    0.05   -0.09 2098.7 2098.7    3.26
   85 CLUS          91 183  63  39 119 120    0.32   -0.98  -60.3   60.3    1.05
   86 CLUS          91 183  65  58 121 122    0.03   -0.28-1269.3 1269.3    2.71
   87 CLUS          91 183  67  64 123 124    0.03   -0.26 -491.1  491.1    1.61
   88 CLUS          91 183  69  32 125 126   -1.03   -1.24   22.2   22.3    0.85

                              ---CLUSTER DECAYS---    

 IHEP    ID      IDPDG IST MO1 MO2 DA1 DA2   P-X     P-Y     P-Z  ENERGY    MASS
   89 OMEGA        223 197  70  10 182 183   -0.27   -0.52  125.0  125.0    0.78
   90 ETA          221 197  70  10 184 185    0.45    0.21   49.7   49.7    0.55
   91 PI-         -211   1  71  14   0   0    0.20   -0.10   -0.9    1.0    0.14
   92 RHO0         113 197  71  14 186 187   -1.00    0.34  -20.0   20.1    0.77
   93 PI+          211   1  72  14   0   0   -0.22   -0.14   -9.4    9.4    0.14
   94 OMEGA        223 197  72  14 188 190   -0.35    1.73  -43.3   43.3    0.78
   95 PI0          111   1  73  14   0   0    0.23   -0.16  -19.3   19.3    0.13
   96 K*0          313 197  73  14 191 192   -0.08   -1.17  -97.7   97.7    0.90
   97 DELTA+      2214 197  74  21 193 194  -62.33  -61.78 -441.0  449.7    1.23
   98 NBAR       -2112   1  74  21   0   0  -37.44  -37.77 -265.5  270.8    0.94
   99 PI-         -211   1  75  21   0   0   -5.08   -5.04  -34.8   35.6    0.14
  100 RHO+         213 197  75  21 195 196  -18.13  -19.06 -129.5  132.2    0.77
  101 PI-         -211   1  76  21   0   0   -6.09   -6.55  -42.5   43.5    0.14
  102 PI0          111   1  76  21   0   0   -5.97   -7.33  -47.0   48.0    0.13
  103 N           2112   1  77  21   0   0   -4.01   -5.51  -33.0   33.7    0.94
  104 DELTABR+   -1114 197  77  21 197 198   -4.48   -6.46  -38.1   38.9    1.23
  105 PI-         -211   1  78  21   0   0   -0.08   -0.44   -1.7    1.7    0.14
  106 PI+          211   1  78  21   0   0   -3.88   -5.69  -42.2   42.8    0.14
  107 PI-         -211   1  79  21   0   0   -1.13   -1.63  -14.6   14.7    0.14
  108 PI+          211   1  79  21   0   0   -1.12   -0.81  -13.6   13.7    0.14
  109 PI-         -211   1  80  21   0   0   -0.17    0.10   -2.1    2.2    0.14
  110 PI+          211   1  80  21   0   0    0.01   -0.68   -5.6    5.6    0.14
  111 B_10       10113 197  81  30 199 200  -14.81  -11.96  225.8  226.6    1.23
  112 K0           311 197  81  30 201 201   -2.65   -2.19   41.1   41.3    0.50
  113 F_2          225 197  82  10 202 203   -0.49    0.43 1607.1 1607.1    1.27
  114 N           2112   1  82  10   0   0    0.51   -0.47 2017.7 2017.7    0.94
  115 OMEGA        223 197  83  14 204 206   -0.62   -0.62-1093.8 1093.8    0.78
  116 DELTA++     2224 197  83  14 207 208    0.63    0.51-2209.8 2209.8    1.23
  117 XI0         3322 197  84  10 209 210   -0.40    0.59  833.1  833.1    1.31
  118 XI*BAR+    -3314 197  84  10 211 212    0.45   -0.68 1265.6 1265.6    1.53
  119 OMEGA        223 197  85  14 213 215    0.29   -0.91  -57.8   57.8    0.78
  120 PI0          111   1  85  14   0   0    0.02   -0.07   -2.6    2.6    0.13
  121 SIGMA0      3212 197  86  14 216 217   -0.05    0.68 -698.4  698.4    1.19
  122 PBAR       -2212   1  86  14   0   0    0.08   -0.96 -570.9  570.9    0.94
  123 KBAR0       -311 197  87  14 218 218   -0.04    0.28 -204.0  204.0    0.50
  124 K*0          313 197  87  14 219 220    0.06   -0.55 -287.1  287.1    0.90
  125 KBAR0       -311 197  88  30 221 221   -0.60   -0.43   11.5   11.5    0.50
  126 PI-         -211   1  88  30   0   0   -0.42   -0.81   10.7   10.7    0.14

                            ---H/W/Z BOSON DECAYS---  

 IHEP    ID      IDPDG IST MO1 MO2 DA1 DA2   P-X     P-Y     P-Z  ENERGY    MASS
  127 BQRK           5 123  20 128 129 128   90.17   70.27  192.5  223.9    4.95
  128 BBAR          -5 124  20 127 134 127   78.82  105.33   46.6  139.7    4.95

                              ---PARTON SHOWERS---    

 IHEP    ID      IDPDG IST MO1 MO2 DA1 DA2   P-X     P-Y     P-Z  ENERGY    MASS
  129 BQRK          94 143 127  20 131 133   84.29   66.04  178.9  208.9   11.65
  130 CONE           0 100 127 128   0   0    0.79    1.09    0.4    1.4    0.00
  131 BQRK           5   2 129 132 139 138   75.30   58.74  162.4  188.5    4.95
  132 GLUON         21   2 129 133 140 141    4.32    4.99    9.8   11.8    0.75
  133 GLUON         21   2 129 136 142 143    4.67    2.31    6.7    8.5    0.75
  134 BBAR          94 144 128  20 136 138   84.69  109.56   60.1  154.7   33.73
  135 CONE           0 100 128 127   0   0    0.28    0.02    1.1    1.2    0.00
  136 DBAR          -1   2 134 137 144 143    1.05    1.32    1.4    2.2    0.32
  137 DQRK           1   2 134 138 145 144   -1.20    8.01    8.6   11.8    0.32
  138 BBAR          -5   2 134 139 146 145   84.85  100.24   50.1  140.6    4.95

                              ---GLUON SPLITTING---   

 IHEP    ID      IDPDG IST MO1 MO2 DA1 DA2   P-X     P-Y     P-Z  ENERGY    MASS
  139 BQRK           5 158 129 147 157 146   68.35   53.55  147.5  171.3    4.95
  140 UBAR          -2 158 129 141 161 148    2.06    2.23    4.6    5.5    0.32
  141 UQRK           2 158 129 142 158 140    1.03    1.19    2.3    2.8    0.32
  142 DBAR          -1 158 129 143 158 141    2.48    1.01    3.5    4.4    0.32
  143 DQRK           1 158 129 144 159 142    2.19    1.30    3.3    4.2    0.32
  144 DBAR          -1 158 134 145 159 143    1.05    1.32    1.4    2.2    0.32
  145 DQRK           1 158 134 151 160 144   -1.01    6.74    7.2    9.9    0.32
  146 BBAR          -5 158 134 139 164 154   53.90   63.88   32.0   89.6    4.95
  147 SBAR          -3 159 129 148 157 139    4.80    3.87   10.4   12.1    0.50
  148 SQRK           3 159 129 140 161 147    3.37    2.90    7.3    8.6    0.50
  149 SBAR          -3 159 134 150 163 152   10.86   12.81    6.4   18.0    0.50
  150 SQRK           3 159 134 155 162 149    0.14    0.95    0.9    1.4    0.50
  151 UBAR          -2 159 134 152 160 145    0.40    0.65    0.4    0.9    0.32
  152 UQRK           2 159 134 149 163 151    0.30    0.59    0.4    0.8    0.32
  153 DBAR          -1 159 134 154 165 156   11.71   13.81    6.9   19.4    0.32
  154 DQRK           1 159 134 146 164 153    2.06    2.47    1.2    3.5    0.32
  155 UBAR          -2 159 134 156 162 150    4.37    5.17    2.6    7.2    0.32
  156 UQRK           2 159 134 153 165 155    0.93    1.18    0.6    1.7    0.32

                             ---CLUSTER FORMATION---  

 IHEP    ID      IDPDG IST MO1 MO2 DA1 DA2   P-X     P-Y     P-Z  ENERGY    MASS
  157 CLUS          91 183 139 147 166 166   73.15   57.40  157.9  183.3    5.37
  158 CLUS          91 183 141 142 167 168    3.51    2.20    5.8    7.2    1.18
  159 CLUS          91 183 143 144 169 170    3.24    2.62    4.7    6.4    1.17
  160 CLUS          91 183 145 151 171 172   -0.61    7.39    7.6   10.9    2.15
  161 CLUS          91 183 148 140 173 174    5.43    5.12   12.0   14.1    0.96
  162 CLUS          91 183 150 155 175 176    4.50    6.12    3.4    8.6    2.22
  163 CLUS          91 183 152 149 177 178   11.15   13.40    6.8   18.8    1.93
  164 CLUS          91 183 154 146 179 179   58.21   68.98   34.6   96.8    5.28
  165 CLUS          91 183 156 153 180 181   10.40   12.37    6.2   17.4    1.22

                              ---CLUSTER DECAYS---    

 IHEP    ID      IDPDG IST MO1 MO2 DA1 DA2   P-X     P-Y     P-Z  ENERGY    MASS
  166 B_SBAR0     -531 200 157 129 222 222   73.15   57.40  157.9  183.3    5.37
  167 PI0          111   1 158 129   0   0    3.37    1.95    5.7    6.9    0.13
  168 PI+          211   1 158 129   0   0    0.15    0.25    0.1    0.3    0.14
  169 PI0          111   1 159 129   0   0    1.31    0.76    1.9    2.5    0.13
  170 RHO0         113 197 159 129 223 224    1.93    1.86    2.8    3.9    0.77
  171 RHOD0      30113 197 160 134 225 227   -0.76    7.13    7.5   10.5    1.70
  172 PI-         -211   1 160 134   0   0    0.14    0.26    0.2    0.4    0.14
  173 K-          -321   1 161 129   0   0    2.63    2.71    5.6    6.7    0.49
  174 PI0          111   1 161 129   0   0    2.80    2.41    6.4    7.4    0.13
  175 K-          -321   1 162 134   0   0    1.24    1.56    0.7    2.2    0.49
  176 RHO_30       117 197 162 134 228 229    3.27    4.55    2.7    6.4    1.69
  177 RHO+         213 197 163 134 230 231    3.34    4.84    2.6    6.5    0.77
  178 K0           311 197 163 134 232 232    7.82    8.56    4.2   12.3    0.50
  179 B_D0         511 200 164 134 233 233   58.21   68.98   34.6   96.8    5.28
  180 RHO+         213 197 165 134 237 238    4.32    5.25    2.5    7.3    0.77
  181 PI0          111   1 165 134   0   0    6.08    7.12    3.7   10.1    0.13

                           ---STRONG HADRON DECAYS--- 

 IHEP    ID      IDPDG IST MO1 MO2 DA1 DA2   P-X     P-Y     P-Z  ENERGY    MASS
  182 ETA          221 198  89  10 239 241   -0.07   -0.50   83.5   83.5    0.55
  183 GAMMA         22   1  89  10   0   0   -0.20   -0.02   41.5   41.5    0.00
  184 GAMMA         22   1  90  10   0   0    0.53    0.05   30.7   30.7    0.00
  185 GAMMA         22   1  90  10   0   0   -0.08    0.16   18.9   18.9    0.00
  186 PI+          211   1  92  14   0   0   -0.64    0.29  -17.4   17.4    0.14
  187 PI-         -211   1  92  14   0   0   -0.35    0.04   -2.7    2.7    0.14
  188 PI+          211   1  94  14   0   0   -0.05    0.38   -8.2    8.2    0.14
  189 PI-         -211   1  94  14   0   0   -0.42    0.60  -17.1   17.1    0.14
  190 PI0          111   1  94  14   0   0    0.12    0.75  -18.0   18.0    0.13
  191 K+           321   1  96  14   0   0    0.15   -0.91  -58.5   58.5    0.49
  192 PI-         -211   1  96  14   0   0   -0.23   -0.26  -39.2   39.2    0.14
  193 P           2212   1  97  21   0   0  -51.73  -51.59 -367.3  374.5    0.94
  194 PI0          111   1  97  21   0   0  -10.59  -10.19  -73.8   75.2    0.13
  195 PI+          211   1 100  21   0   0   -3.28   -3.67  -25.4   25.8    0.14
  196 PI0          111   1 100  21   0   0  -14.85  -15.39 -104.2  106.3    0.13
  197 NBAR       -2112   1 104  21   0   0   -3.34   -5.20  -30.3   30.9    0.94
  198 PI+          211   1 104  21   0   0   -1.14   -1.26   -7.8    8.0    0.14
  199 OMEGA        223 198 111  30 242 244  -11.70   -9.31  173.6  174.2    0.78
  200 PI0          111   1 111  30   0   0   -3.11   -2.65   52.3   52.4    0.13
  201 K_L0         130   1 112  30   0   0   -2.65   -2.19   41.1   41.3    0.50
  202 PI+          211   1 113  10   0   0   -0.47    0.30  267.3  267.3    0.14
  203 PI-         -211   1 113  10   0   0   -0.02    0.13 1339.8 1339.8    0.14
  204 PI0          111   1 115  14   0   0   -0.40   -0.20 -562.0  562.0    0.13
  205 E+           -11   1 115  14   0   0    0.02   -0.39 -418.2  418.2    0.00
  206 E-            11   1 115  14   0   0   -0.24   -0.03 -113.6  113.6    0.00
  207 P           2212   1 116  14   0   0    0.58    0.44-2124.2 2124.2    0.94
  208 PI+          211   1 116  14   0   0    0.06    0.07  -85.6   85.6    0.14
  209 LAMBDA      3122 198 117  10 245 246   -0.26    0.51  641.9  641.9    1.12
  210 PI0          111   1 117  10   0   0   -0.14    0.08  191.2  191.2    0.13
  211 XIBAR0     -3322 198 118  10 247 248    0.40   -0.74 1185.8 1185.8    1.31
  212 PI+          211   1 118  10   0   0    0.05    0.06   79.8   79.8    0.14
  213 PI+          211   1 119  14   0   0    0.11   -0.53  -22.1   22.1    0.14
  214 PI-         -211   1 119  14   0   0    0.16    0.01   -7.6    7.6    0.14
  215 PI0          111   1 119  14   0   0    0.02   -0.38  -28.1   28.1    0.13
  216 LAMBDA      3122 198 121  14 249 250   -0.06    0.66 -627.3  627.3    1.12
  217 GAMMA         22   1 121  14   0   0    0.02    0.01  -71.0   71.0    0.00
  218 K_L0         130   1 123  14   0   0   -0.04    0.28 -204.0  204.0    0.50
  219 K+           321   1 124  14   0   0    0.11   -0.64 -185.9  185.9    0.49
  220 PI-         -211   1 124  14   0   0   -0.05    0.09 -101.1  101.1    0.14
  221 K_S0         310 198 125  30 251 252   -0.60   -0.43   11.5   11.5    0.50
  222 B_S0         531 199 166 129 274 275   73.15   57.40  157.9  183.3    5.37
  223 PI+          211   1 170 129   0   0    0.00    0.16    0.3    0.3    0.14
  224 PI-         -211   1 170 129   0   0    1.93    1.70    2.5    3.6    0.14
  225 RHO0         113 198 171 134 253 254   -0.47    4.40    4.6    6.4    0.77
  226 PI0          111   1 171 134   0   0   -0.49    1.73    2.1    2.8    0.13
  227 PI0          111   1 171 134   0   0    0.20    1.00    0.7    1.2    0.13
  228 RHO+         213 198 176 134 255 256    2.25    2.95    1.5    4.1    0.77
  229 RHO-        -213 198 176 134 257 258    1.01    1.60    1.2    2.4    0.77
  230 PI+          211   1 177 134   0   0    2.05    2.42    1.2    3.4    0.14
  231 PI0          111   1 177 134   0   0    1.29    2.43    1.4    3.1    0.13
  232 K_S0         310 198 178 134 259 260    7.82    8.56    4.2   12.3    0.50
  233 B_D0         511 196 179 134 234 236   58.21   68.98   34.6   96.8    5.28
  234 TAU+         -15 198 233 134 261 263   34.16   39.44   19.1   55.6    1.78
  235 NU_TAU        16   1 233 134   0   0    6.12    6.56    3.8    9.8    0.00
  236 D*-         -413 198 233 134 264 265   17.93   22.98   11.7   31.5    2.01
  237 PI+          211   1 180 134   0   0    2.53    3.59    1.6    4.7    0.14
  238 PI0          111   1 180 134   0   0    1.80    1.65    1.0    2.6    0.13
  239 PI0          111   1 182  10   0   0   -0.03   -0.25   47.8   47.8    0.13
  240 PI0          111   1 182  10   0   0   -0.10   -0.07   15.5   15.5    0.13
  241 PI0          111   1 182  10   0   0    0.07   -0.19   20.2   20.2    0.13
  242 PI+          211   1 199  30   0   0   -3.96   -3.04   61.2   61.4    0.14
  243 PI-         -211   1 199  30   0   0   -4.48   -3.62   63.8   64.1    0.14
  244 PI0          111   1 199  30   0   0   -3.26   -2.65   48.5   48.7    0.13
  245 P           2212   1 209  10   0   0   -0.30    0.40  526.0  526.0    0.94
  246 PI-         -211   1 209  10   0   0    0.05    0.12  115.9  115.9    0.14
  247 LAMBDABR   -3122 198 211  10 266 267    0.39   -0.61 1109.5 1109.5    1.12
  248 PI0          111   1 211  10   0   0    0.00   -0.13   76.3   76.3    0.13
  249 N           2112   1 216  14   0   0    0.01    0.58 -497.5  497.5    0.94
  250 PI0          111   1 216  14   0   0   -0.08    0.08 -129.8  129.8    0.13
  251 PI+          211   1 221  30   0   0   -0.47   -0.22    5.1    5.1    0.14
  252 PI-         -211   1 221  30   0   0   -0.14   -0.21    6.4    6.4    0.14
  253 PI+          211   1 225 134   0   0    0.10    0.44    0.7    0.8    0.14
  254 PI-         -211   1 225 134   0   0   -0.56    3.95    3.9    5.6    0.14
  255 PI+          211   1 228 134   0   0    0.34    0.82    0.6    1.1    0.14
  256 PI0          111   1 228 134   0   0    1.92    2.14    1.0    3.0    0.13
  257 PI-         -211   1 229 134   0   0    0.47    0.70    0.9    1.3    0.14
  258 PI0          111   1 229 134   0   0    0.55    0.89    0.2    1.1    0.13
  259 PI+          211   1 232 134   0   0    5.07    5.27    2.6    7.8    0.14
  260 PI-         -211   1 232 134   0   0    2.74    3.29    1.6    4.6    0.14
  261 E+           -11   1 234 134   0   0    1.25    1.14    0.8    1.9    0.00
  262 NU_E          12   1 234 134   0   0    3.63    4.56    2.2    6.2    0.00
  263 NU_TAUBR     -16   1 234 134   0   0   29.29   33.74   16.0   47.5    0.00
  264 DBAR0       -421 198 236 134 268 269   16.55   21.16   10.7   29.0    1.86
  265 PI-         -211   1 236 134   0   0    1.38    1.82    0.9    2.5    0.14
  266 PBAR       -2212   1 247  10   0   0    0.28   -0.45  962.7  962.7    0.94
  267 PI+          211   1 247  10   0   0    0.11   -0.16  146.7  146.7    0.14
  268 K+           321   1 264 134   0   0    2.43    3.08    1.5    4.2    0.49
  269 A_1-      -20213 198 264 134 270 271   14.12   18.08    9.2   24.8    1.23
  270 RHO-        -213 198 269 134 272 273    7.42    9.16    4.5   12.7    0.77
  271 PI0          111   1 269 134   0   0    6.70    8.92    4.7   12.1    0.13
  272 PI-         -211   1 270 134   0   0    2.10    2.40    1.5    3.5    0.14
  273 PI0          111   1 270 134   0   0    5.32    6.76    3.0    9.1    0.13

                           ---HEAVY PARTICLE DECAYS---

 IHEP    ID      IDPDG IST MO1 MO2 DA1 DA2   P-X     P-Y     P-Z  ENERGY    MASS
  274 SQRK           3 125 222 278 279 278    6.81    5.35   14.7   17.1    0.50
  275 BBAR          -5 155 222 274 276 278   66.34   52.06  143.2  166.3    4.87
  276 DBAR          -1 123 275 277 280 277    8.73    7.46   19.2   22.4    0.32
  277 UQRK           2 124 275 276 282 276   40.01   32.70   88.5  102.5    0.32
  278 CBAR          -4 124 275 275 284 275   17.60   11.90   35.5   41.4    1.55
  279 SQRK           3 160 274 288 289 288    6.81    5.35   14.7   17.1    0.50

                              ---PARTON SHOWERS---    

 IHEP    ID      IDPDG IST MO1 MO2 DA1 DA2   P-X     P-Y     P-Z  ENERGY    MASS
  280 DBAR          94 143 276 275 281 281    8.73    7.46   19.2   22.4    0.32
  281 DBAR          -1   2 280 283 286 283    8.73    7.46   19.2   22.4    0.32
  282 UQRK          94 144 277 275 283 283   40.01   32.70   88.5  102.5    0.32
  283 UQRK           2   2 282 286 287 286   40.01   32.70   88.5  102.5    0.32
  284 CBAR          94 144 278 275 285 285   17.60   11.90   35.5   41.4    1.55
  285 CBAR          -4   2 284 279 288 279   17.60   11.90   35.5   41.4    1.55

                              ---GLUON SPLITTING---   

 IHEP    ID      IDPDG IST MO1 MO2 DA1 DA2   P-X     P-Y     P-Z  ENERGY    MASS
  286 DBAR          -1 158 280 287 290 287    8.73    7.46   19.2   22.4    0.32
  287 UQRK           2 158 282 286 290 286   40.01   32.70   88.5  102.5    0.32
  288 CBAR          -4 158 284 279 289 279   17.60   11.90   35.5   41.4    1.55

                             ---CLUSTER FORMATION---  

 IHEP    ID      IDPDG IST MO1 MO2 DA1 DA2   P-X     P-Y     P-Z  ENERGY    MASS
  289 CLUS          91 183 279 288 291 291   21.53   14.86   43.8   51.0    1.97
  290 CLUS          91 183 287 286 292 293   51.62   42.55  114.1  132.3    1.11

                              ---CLUSTER DECAYS---    

 IHEP    ID      IDPDG IST MO1 MO2 DA1 DA2   P-X     P-Y     P-Z  ENERGY    MASS
  291 D_S-        -431 196 289 274 294 295   21.53   14.86   43.8   51.0    1.97
  292 RHO+         213 197 290 282 296 297   47.02   38.59  104.0  120.5    0.77
  293 PI0          111   1 290 282   0   0    4.60    3.96   10.1   11.8    0.13

                           ---STRONG HADRON DECAYS--- 

 IHEP    ID      IDPDG IST MO1 MO2 DA1 DA2   P-X     P-Y     P-Z  ENERGY    MASS
  294 K*-         -323 198 291 274 298 299   11.90    7.92   25.2   29.0    0.89
  295 K0           311 198 291 274 300 300    9.63    6.94   18.6   22.1    0.50
  296 PI+          211   1 292 282   0   0   37.08   30.35   82.5   95.4    0.14
  297 PI0          111   1 292 282   0   0    9.95    8.24   21.5   25.1    0.13
  298 K-          -321   1 294 274   0   0   10.96    7.34   23.5   26.9    0.49
  299 PI0          111   1 294 274   0   0    0.94    0.58    1.7    2.0    0.13
  300 K_S0         310 198 295 274 301 302    9.63    6.94   18.6   22.1    0.50
  301 PI+          211   1 300 274   0   0    6.82    4.70   13.1   15.5    0.14
  302 PI-         -211   1 300 274   0   0    2.80    2.23    5.5    6.6    0.14

 HWWARN CALLED FROM SUBPROGRAM HWDFIV: CODE = 101
 EVENT    1065:   SEEDS = 1215519364 &  921612307  WEIGHT = 0.5901E-03
 EVENT KILLED.   EXECUTION CONTINUES

          OUTPUT ON LES HOUCHES EVENTS


      PROC CODE  XSECT(pb)        XERR(pb)      Max wgt(nb) No. of events


          OUTPUT ON ELEMENTARY PROCESS

          N.B. NEGATIVE WEIGHTS ALLOWED

          NUMBER OF EVENTS   =        9999
          NEGATIVE  EVENTS   =        2717
          NUMBER OF WEIGHTS  =       10000
          NEGATIVE  WEIGHTS  =        2717
          MEAN VALUE OF WGT  =  2.6942E-04
          RMS SPREAD IN WGT  =  5.2496E-04
          MEAN ABS WEIGHT    =  5.9006E-04
          ACTUAL MAX ABS WGT =  1.0000E+00
          ASSUMED MAXABS WGT =  2.6942E-04

          PROCESS CODE IPROC =      -18000
          CROSS SECTION (PB) =  0.2694    
          ERROR IN C-S  (PB) =  5.2496E-03
          EFFICIENCY PERCENT =   100.0    
 # of events processed=        9999
