 Enter filename for events
 Enter maximum number of events to generate
 MUST coincide with the number of events on tape
 Enter 0 to use Herwig default PDFs
       1 to use PDFs from library
 Enter colliding particles (PART1, PART2)
 Enter beam momenta (PBEAM1, PBEAM2)


          HERWIG 6.521  11th Mar. 2013

          Please reference:  G. Marchesini, B.R. Webber,
          G.Abbiendi, I.G.Knowles, M.H.Seymour & L.Stanco
          Computer Physics Communications 67 (1992) 465
                             and
          G.Corcella, I.G.Knowles, G.Marchesini, S.Moretti,
          K.Odagiri, P.Richardson, M.H.Seymour & B.R.Webber,
          JHEP 0101 (2001) 010
 Enter .TRUE. for underlying event, .FALSE. otherwise

 Underlying event WILL NOT be generated

 Enter Lambda_QCD, <0 for Herwig default
 Enter Z mass, width
 Enter W mass, width
 Enter top mass, width
 Enter Higgs (SM) boson mass, width
 Enter quark (d,u,s,c,b) and gluon masses
 Enter lepton (e,mu,tau) masses
 Enter number of events to print
 Enter accepted error fraction
 Is it single-top (.TRUE. or .FALSE)?
 Is it b-bbar (.TRUE. or .FALSE)?
 Enter the two random seeds (0 0 for default)

          INPUT CONDITIONS FOR THIS RUN

          BEAM 1 (P       ) MOM. =   6500.00
          BEAM 2 (P       ) MOM. =   6500.00
          PROCESS CODE (IPROC)   =  -18000
          NUMBER OF FLAVOURS     =    6
          STRUCTURE FUNCTION SET =    8
          AZIM SPIN CORRELATIONS =    T
          AZIM SOFT CORRELATIONS =    T
          QCD LAMBDA (GEV)       =    0.1800
          DOWN     QUARK  MASS   =    0.3200
          UP       QUARK  MASS   =    0.3200
          STRANGE  QUARK  MASS   =    0.5000
          CHARMED  QUARK  MASS   =    1.5500
          BOTTOM   QUARK  MASS   =    4.9500
          TOP      QUARK  MASS   =  173.0000
          GLUON EFFECTIVE MASS   =    0.7500
          EXTRA SHOWER CUTOFF (Q)=    0.4800
          EXTRA SHOWER CUTOFF (G)=    0.1000
          PHOTON SHOWER CUTOFF   =    0.4000
          CLUSTER MASS PARAMETER =    3.3500
          SPACELIKE EVOLN CUTOFF =    2.5000
          INTRINSIC P-TRAN (RMS) =    0.0000
          DECAY SPIN CORRELATIONS=    T
          SUSY THREE BODY ME     =    T
          SUSY FOUR  BODY ME     =    F

          NO EVENTS WILL BE WRITTEN TO DISK

          B_d: Delt-M/Gam =0.7000 Delt-Gam/2*Gam =0.0000
          B_s: Delt-M/Gam = 10.00 Delt-Gam/2*Gam =0.2000

          PDFLIB NOT USED FOR BEAM 1
          PDFLIB NOT USED FOR BEAM 2


          Checking consistency of particle properties


          Checking consistency of decay tables


          WRITING SUDAKOV TABLE ON UNIT  77

          WRITING MATRIX ELEMENT TABLE ON UNIT  88

          CHECKING SUSY DECAY MATRIX ELEMENTS
 Do you want a stable Pi0 (.TRUE. or .FALSE)?
 Do you want a stable W+ (.TRUE. or .FALSE)?
 Do you want a stable W- (.TRUE. or .FALSE)?
 Do you want a stable Z0 (.TRUE. or .FALSE)?
 Do you want a stable Tau+ (.TRUE. or .FALSE)?
 Do you want a stable Tau- (.TRUE. or .FALSE)?
 Do you want a stable Mu+ (.TRUE. or .FALSE)?
 Do you want a stable Mu- (.TRUE. or .FALSE)?
 Do you want a stable Higgs (.TRUE. or .FALSE)?

          PARTICLE TYPE  21=PI0      SET STABLE
 How many decay modes do you want to set?
 How are the events normalized ("average" or "sum")?
 stdhep initialized

          SUBROUTINE TIMEL CALLED BUT NOT LINKED.
          DUMMY TIMEL WILL BE USED. DELETE DUMMY
          AND LINK CERNLIB FOR CPU TIME REMAINING.

 HWWARN CALLED FROM SUBPROGRAM HWSMRS: CODE =   5
 EVENT       1:   SEEDS = 1973774260 & 1099242306  WEIGHT = 0.6039E-03
 EVENT SURVIVES. EXECUTION CONTINUES
 WARNING: MRST98 CALLED WITH Q OUTSIDE ALLOWED RANGE!
 Q VALUE=1.430E+04, MINIMUM=1.118E+00, MAXIMUM=3.162E+03
 NO FURTHER WARNINGS WILL BE ISSUED



 EVENT       1: 6500.00 GEV/C P        ON  6500.00 GEV/C P        PROCESS:-18000
 SEEDS:  1973774260 &  1099242306   STATUS:  100 ERROR:   0  WEIGHT:  6.0390E-04


                               ---INITIAL STATE---    

 IHEP    ID      IDPDG IST MO1 MO2 DA1 DA2   P-X     P-Y     P-Z  ENERGY    MASS
    1 P           2212 101   0   0   0   0    0.00    0.00 6500.0 6500.0    0.94
    2 P           2212 102   0   0   0   0    0.00    0.00-6500.0 6500.0    0.94
    3 CMF            0 103   1   2   0   0    0.00    0.00    0.013000.013000.00

                              ---HARD SUBPROCESS---   

 IHEP    ID      IDPDG IST MO1 MO2 DA1 DA2   P-X     P-Y     P-Z  ENERGY    MASS
    4 UQRK           2 121   6   8  10   9    0.00    0.00  787.8  787.8    0.32
    5 DQRK           1 122   6   9  14   8    0.00    0.00 -763.0  763.0    0.32
    6 HARD           0 120   4   5   7   9   -9.36  -19.60   24.8 1550.9 1550.60
    7 HIGGS         25 123   6   7  21   7  -85.25 -251.31 -404.9  500.0  125.00
    8 UQRK           2 124   6   5  22   4   -0.86  155.79 -284.9  324.7    0.32
    9 DQRK           1 124   6   4  26   5   86.10   95.53  714.6  726.1    0.32

                              ---PARTON SHOWERS---    

 IHEP    ID      IDPDG IST MO1 MO2 DA1 DA2   P-X     P-Y     P-Z  ENERGY    MASS
   10 UQRK          94 141   4   6  12  13    1.66    2.35  789.3  789.3   -3.93
   11 CONE           0 100   4   9   0   0    0.67    0.74    4.1    4.2    0.00
   12 GLUON         21   2  10  13  32  33   -1.66   -2.35  964.7  964.7    0.75
   13 UD          2101   2  10  24  34  33    0.00    0.00 4746.0 4746.0    0.32
   14 DQRK          94 142   5   6  16  20  -11.02  -21.95 -764.5  761.7  -69.91
   15 CONE           0 100   5   8   0   0   -0.01    1.00   -2.0    2.2    0.00
   16 GLUON         21   2  14  17  35  36    4.65   15.40  -83.0   84.6    0.75
   17 GLUON         21   2  14  18  37  38    0.47    5.79  -26.1   26.8    0.75
   18 GLUON         21   2  14  19  39  40    1.70   -0.30   -6.4    6.7    0.75
   19 GLUON         21   2  14  20  41  42    4.21    1.06  -28.1   28.5    0.75
   20 UU          2203   2  14  28  43  42    0.00    0.00-5591.8 5591.8    0.28
   21 HIGGS         25 195   7   6 132 133  -88.22 -257.49 -404.7  503.5  125.00
   22 UQRK          94 144   8   6  24  25   -2.81  151.58 -284.7  323.5   24.72
   23 CONE           0 100   8   5   0   0    0.01   -0.57   -1.1    1.2    0.00
   24 UQRK           2   2  22  25  44  34   -4.65  150.48 -283.3  320.8    0.32
   25 GLUON         21   2  22  35  45  46    1.84    1.10   -1.4    2.7    0.75
   26 DQRK          94 144   9   6  28  31   81.67   86.30  714.1  724.0   10.68
   27 CONE           0 100   9   4   0   0   -0.25   -0.27    3.9    3.9    0.00
   28 DQRK           1   2  26  29  47  43   40.69   44.07  346.2  351.4    0.32
   29 GLUON         21   2  26  30  48  49   28.05   29.21  246.6  249.9    0.75
   30 GLUON         21   2  26  31  50  51   11.63   11.15   99.0  100.3    0.75
   31 GLUON         21   2  26  32  52  53    1.30    1.87   22.3   22.5    0.75

                              ---GLUON SPLITTING---   

 IHEP    ID      IDPDG IST MO1 MO2 DA1 DA2   P-X     P-Y     P-Z  ENERGY    MASS
   32 DBAR          -1 158  10  33  88  65   -0.39   -0.79  299.6  299.6    0.32
   33 DQRK           1 158  10  54  72  32   -0.74   -0.89  401.4  401.4    0.32
   34 UD          2101 161  10  44  83  55   -0.02   -0.02 4338.1 4338.1    0.64
   35 DBAR          -1 158  14  36  87  63    1.91    6.22  -33.8   34.4    0.32
   36 DQRK           1 158  14  37  73  35    1.24    4.27  -22.5   22.9    0.32
   37 DBAR          -1 158  14  38  73  36    0.06    3.04  -13.5   13.8    0.32
   38 DQRK           1 158  14  39  74  37    0.42    2.75  -12.6   13.0    0.32
   39 DBAR          -1 158  14  40  74  38    1.11   -0.35   -4.3    4.5    0.32
   40 DQRK           1 158  14  41  75  39    0.59    0.05   -2.1    2.2    0.32
   41 DBAR          -1 158  14  42  75  40    1.41    0.20   -9.5    9.6    0.32
   42 DQRK           1 158  14  58  76  41    2.21    0.67  -14.8   15.0    0.32
   43 UU          2203 162  14  47  84  57    0.00    0.00-4313.9 4313.9    0.64
   44 UQRK           2 158  22  60  77  34   -4.38  141.59 -266.6  301.9    0.32
   45 DBAR          -1 158  22  46  90  69    1.02    0.66   -0.8    1.5    0.32
   46 DQRK           1 158  22  62  78  45    0.34    0.20   -0.4    0.7    0.32
   47 DQRK           1 158  26  48  79  43   40.69   44.07  346.2  351.4    0.32
   48 UBAR          -2 158  26  49  79  47   17.17   18.01  150.6  152.6    0.32
   49 UQRK           2 158  26  50  80  48   10.89   11.20   96.0   97.3    0.32
   50 DBAR          -1 158  26  51  80  49    4.01    3.64   33.5   34.0    0.32
   51 DQRK           1 158  26  52  81  50    7.62    7.51   65.4   66.3    0.32
   52 DBAR          -1 158  26  53  81  51    0.80    0.94   10.5   10.6    0.32
   53 DQRK           1 158  26  64  82  52    0.43    0.79   10.4   10.4    0.32
   54 UBAR          -2 159  10  55  72  33   -0.06   -0.07  383.4  383.4    0.32
   55 UQRK           2 159  10  34  83  54   -0.42   -0.50  259.0  259.1    0.32
   56 DBAR          -1 159  14  57  91  71    0.00    0.00 -728.4  728.4    0.32
   57 DQRK           1 159  14  43  84  56    0.01    0.00  -92.5   92.5    0.32
   58 DBAR          -1 159  14  59  76  42    0.30    0.09   -4.0    4.1    0.32
   59 DQRK           1 159  14  66  85  58    0.17    0.05   -4.8    4.8    0.32
   60 UBAR          -2 159  22  61  77  44   -0.01    1.37   -2.6    2.9    0.32
   61 UQRK           2 159  22  68  86  60   -0.20    6.83  -12.9   14.6    0.32
   62 UBAR          -2 159  14  63  78  46    1.46    4.75  -25.8   26.3    0.32
   63 UQRK           2 159  22  35  87  62    0.15    0.20   -0.9    1.0    0.32
   64 DBAR          -1 159  10  65  82  53   -0.00   -0.01   19.9   19.9    0.32
   65 DQRK           1 159  26  32  88  64    0.04    0.06   10.8   10.8    0.32
   66 SBAR          -3 159  14  67  85  59    0.01    0.00 -116.2  116.2    0.50
   67 SQRK           3 159  14  70  89  66    0.09    0.03  -17.0   17.0    0.50
   68 UBAR          -2 159  22  69  86  61    0.08    0.55   -1.0    1.2    0.32
   69 UQRK           2 159  22  45  90  68    0.23    0.35   -0.5    0.8    0.32
   70 UBAR          -2 159  14  71  89  67    0.00    0.00 -158.8  158.8    0.32
   71 UQRK           2 159  14  56  91  70    0.00    0.00 -160.0  160.0    0.32

                             ---CLUSTER FORMATION---  

 IHEP    ID      IDPDG IST MO1 MO2 DA1 DA2   P-X     P-Y     P-Z  ENERGY    MASS
   72 CLUS          91 183  33  54  92  93   -0.80   -0.96  784.8  784.8    1.22
   73 CLUS          91 183  36  37  94  95    1.30    7.31  -36.0   36.8    1.26
   74 CLUS          91 183  38  39  96  97    1.52    2.40  -16.9   17.4    2.84
   75 CLUS          91 183  40  41  98  99    2.00    0.25  -11.6   11.9    1.00
   76 CLUS          91 183  42  58 100 101    2.51    0.76  -18.9   19.1    0.99
   77 CLUS          91 183  44  60 102 103   -4.38  142.96 -269.1  304.8    3.30
   78 CLUS          91 183  46  62 104 105    1.79    4.94  -26.2   26.9    3.21
   79 CLUS          91 183  47  48 106 107   57.85   62.08  496.8  504.0    2.03
   80 CLUS          91 183  49  50 108 109   14.90   14.84  129.6  131.3    0.93
   81 CLUS          91 183  51  52 110 111    8.42    8.46   76.0   76.9    1.55
   82 CLUS          91 183  53  64 112 113    0.43    0.79   30.2   30.3    1.42
   83 CLUS          91 184  55  34 114 115   -0.43   -0.52 4597.1 4597.1    3.04
   84 CLUS          91 185  57  43 116 117    0.01    0.00-4406.4 4406.4    2.30
   85 CLUS          91 183  59  66 118 119    0.18    0.05 -121.1  121.1    1.88
   86 CLUS          91 183  61  68 120 121   -0.12    7.38  -13.8   15.7    1.28
   87 CLUS          91 183  63  35 122 123    2.05    6.43  -34.7   35.4    2.05
   88 CLUS          91 183  65  32 124 125   -0.35   -0.73  310.4  310.4    1.83
   89 CLUS          91 183  67  70 126 127    0.10    0.03 -175.7  175.7    1.67
   90 CLUS          91 183  69  45 128 129    1.26    1.00   -1.3    2.2    0.82
   91 CLUS          91 183  71  56 130 131    0.00    0.00 -888.4  888.4    0.83

                              ---CLUSTER DECAYS---    

 IHEP    ID      IDPDG IST MO1 MO2 DA1 DA2   P-X     P-Y     P-Z  ENERGY    MASS
   92 PI-         -211   1  72  10   0   0   -0.34   -0.42  144.4  144.4    0.14
   93 OMEGA        223 197  72  10 202 204   -0.46   -0.54  640.4  640.4    0.78
   94 PI-         -211   1  73  14   0   0    0.91    2.23  -12.9   13.1    0.14
   95 PI+          211   1  73  14   0   0    0.38    5.09  -23.2   23.7    0.14
   96 DELTA-      1114 197  74  14 205 206    1.31    0.78   -9.0    9.2    1.23
   97 DELTABR+   -1114 197  74  14 207 208    0.21    1.62   -7.9    8.2    1.23
   98 PI0          111   1  75  14   0   0    1.59   -0.22   -8.4    8.6    0.13
   99 PI0          111   1  75  14   0   0    0.41    0.47   -3.2    3.3    0.13
  100 OMEGA        223 197  76  14 209 211    1.93    0.72  -15.2   15.4    0.78
  101 PI0          111   1  76  14   0   0    0.58    0.04   -3.6    3.7    0.13
  102 DELTA+      2214 197  77  22 212 213   -3.99  129.33 -243.5  275.7    1.23
  103 PBAR       -2212   1  77  22   0   0   -0.39   13.63  -25.6   29.1    0.94
  104 K0           311 197  78  22 214 214   -0.05    2.81  -12.6   12.9    0.50
  105 KD*-      -30323 197  78  22 215 216    1.84    2.14  -13.6   14.0    1.72
  106 ETA          221 197  79  26 217 219   36.25   39.22  308.7  313.3    0.55
  107 RHO-        -213 197  79  26 220 221   21.61   22.86  188.1  190.7    0.77
  108 PI0          111   1  80  26   0   0    1.40    1.71   13.0   13.2    0.13
  109 PI+          211   1  80  26   0   0   13.50   13.13  116.6  118.1    0.14
  110 A_1-      -20213 197  81  26 222 223    7.25    7.41   64.5   65.3    1.23
  111 PI+          211   1  81  26   0   0    1.17    1.04   11.5   11.6    0.14
  112 PI-         -211   1  82  26   0   0   -0.27    0.37   13.8   13.8    0.14
  113 RHO+         213 197  82  26 224 225    0.70    0.41   16.4   16.5    0.77
  114 F_2          225 197  83  10 226 227   -1.14   -0.65 3337.9 3337.9    1.27
  115 P           2212   1  83  10   0   0    0.71    0.13 1259.2 1259.2    0.94
  116 RHO-        -213 197  84  14 228 229    0.50   -0.22-1645.2 1645.2    0.77
  117 DELTA++     2224 197  84  14 230 231   -0.50    0.22-2761.3 2761.3    1.23
  118 RHO-        -213 197  85  14 232 233   -0.06   -0.14  -80.5   80.5    0.77
  119 K*+          323 197  85  14 234 235    0.24    0.19  -40.6   40.6    0.89
  120 PI+          211   1  86  22   0   0   -0.14    0.80   -2.1    2.3    0.14
  121 RHO-        -213 197  86  22 236 237    0.02    6.58  -11.7   13.5    0.77
  122 FL_1       20223 197  87  22 238 239    0.81    2.58  -13.6   14.0    1.28
  123 PI+          211   1  87  22   0   0    1.25    3.84  -21.1   21.5    0.14
  124 PI-         -211   1  88  26   0   0   -0.04   -0.04   26.0   26.0    0.14
  125 RHO_3+       217 197  88  26 240 241   -0.32   -0.69  284.4  284.4    1.69
  126 ETA          221 197  89  14 242 244    0.55    0.12 -135.1  135.1    0.55
  127 K-          -321   1  89  14   0   0   -0.46   -0.09  -40.6   40.6    0.49
  128 PI0          111   1  90  22   0   0    0.19    0.50   -0.7    0.9    0.13
  129 PI+          211   1  90  22   0   0    1.07    0.50   -0.6    1.3    0.14
  130 PI0          111   1  91  14   0   0    0.02   -0.31 -185.3  185.3    0.13
  131 PI+          211   1  91  14   0   0   -0.02    0.31 -703.0  703.0    0.14

                            ---H/W/Z BOSON DECAYS---  

 IHEP    ID      IDPDG IST MO1 MO2 DA1 DA2   P-X     P-Y     P-Z  ENERGY    MASS
  132 BQRK           5 123  21 133 134 133  -72.86 -247.51 -294.1  391.3    4.95
  133 BBAR          -5 124  21 132 136 132  -15.36   -9.98 -110.6  112.2    4.95

                              ---PARTON SHOWERS---    

 IHEP    ID      IDPDG IST MO1 MO2 DA1 DA2   P-X     P-Y     P-Z  ENERGY    MASS
  134 BQRK          94 143 132  21 135 135  -72.86 -247.51 -294.1  391.3    4.95
  135 BQRK           5   2 134 137 138 137  -72.86 -247.51 -294.1  391.3    4.95
  136 BBAR          94 144 133  21 137 137  -15.36   -9.98 -110.6  112.2    4.95
  137 BBAR          -5   2 136 138 139 138  -15.36   -9.98 -110.6  112.2    4.95

                              ---GLUON SPLITTING---   

 IHEP    ID      IDPDG IST MO1 MO2 DA1 DA2   P-X     P-Y     P-Z  ENERGY    MASS
  138 BQRK           5 158 134 146 164 139  -54.18 -184.03 -218.8  291.0    4.95
  139 BBAR          -5 158 136 138 171 153  -11.18   -7.47  -80.2   81.5    4.95
  140 DBAR          -1 159 136 141 176 163   -0.88   -0.58   -6.4    6.5    0.32
  141 DQRK           1 159 134 148 165 140   -0.17   -0.37   -0.9    1.1    0.32
  142 UBAR          -2 159 136 143 167 145   -0.18   -0.30   -1.0    1.2    0.32
  143 UQRK           2 159 134 150 166 142   -3.25  -11.04  -13.1   17.5    0.32
  144 SBAR          -3 159 136 145 168 147   -0.66   -2.15   -2.7    3.6    0.50
  145 SQRK           3 159 134 142 167 144   -0.56   -1.81   -2.4    3.1    0.50
  146 UBAR          -2 159 136 147 164 138   -1.45   -4.90   -5.9    7.8    0.32
  147 UQRK           2 159 134 144 168 146   -3.24  -10.99  -13.1   17.4    0.32
  148 SBAR          -3 159 136 149 165 141   -0.60   -0.46   -4.2    4.3    0.50
  149 SQRK           3 159 134 152 169 148   -0.31   -0.41   -2.0    2.1    0.50
  150 SBAR          -3 159 136 151 166 143   -2.03   -6.89   -8.2   10.9    0.50
  151 SQRK           3 159 134 156 170 150   -2.68   -9.07  -10.8   14.4    0.50
  152 DBAR          -1 159 136 153 169 149   -0.27   -0.25   -1.9    1.9    0.32
  153 DQRK           1 159 134 139 171 152   -0.30   -0.26   -2.1    2.1    0.32
  154 DBAR          -1 159 136 155 175 161   -0.76   -0.51   -5.5    5.5    0.32
  155 DQRK           1 159 134 158 172 154   -2.31   -7.85   -9.3   12.4    0.32
  156 SBAR          -3 159 136 157 170 151   -0.29   -0.43   -1.8    2.0    0.50
  157 SQRK           3 159 134 160 173 156   -0.74   -2.45   -3.1    4.0    0.50
  158 UBAR          -2 159 136 159 172 155   -0.24   -0.72   -1.1    1.4    0.32
  159 UQRK           2 159 134 162 174 158   -0.57   -1.90   -2.3    3.1    0.32
  160 DBAR          -1 159 136 161 173 157   -0.26   -0.25   -1.8    1.9    0.32
  161 DQRK           1 159 134 154 175 160   -0.31   -0.98   -1.3    1.7    0.32
  162 UBAR          -2 159 136 163 174 159   -0.46   -0.34   -3.3    3.3    0.32
  163 UQRK           2 159 134 140 176 162   -0.34   -1.10   -1.5    1.9    0.32

                             ---CLUSTER FORMATION---  

 IHEP    ID      IDPDG IST MO1 MO2 DA1 DA2   P-X     P-Y     P-Z  ENERGY    MASS
  164 CLUS          91 183 138 146 177 177  -55.63 -188.93 -224.6  298.8    5.28
  165 CLUS          91 183 141 148 178 179   -0.77   -0.83   -5.2    5.4    1.06
  166 CLUS          91 183 143 150 180 181   -5.29  -17.93  -21.4   28.4    0.90
  167 CLUS          91 183 145 142 182 183   -0.73   -2.11   -3.4    4.2    1.08
  168 CLUS          91 183 147 144 184 185   -3.89  -13.14  -15.8   21.0    1.29
  169 CLUS          91 183 149 152 186 187   -0.58   -0.66   -3.9    4.1    0.84
  170 CLUS          91 183 151 156 188 189   -2.97   -9.50  -12.6   16.3    2.85
  171 CLUS          91 183 153 139 190 191  -11.48   -7.73  -82.3   83.6    5.42
  172 CLUS          91 183 155 158 192 193   -2.55   -8.57  -10.4   13.8    1.17
  173 CLUS          91 183 157 160 194 195   -1.00   -2.71   -4.9    5.9    1.64
  174 CLUS          91 183 159 162 196 197   -1.03   -2.24   -5.6    6.4    1.92
  175 CLUS          91 183 161 154 198 199   -1.07   -1.48   -6.8    7.3    1.78
  176 CLUS          91 183 163 140 200 201   -1.23   -1.68   -7.8    8.3    2.03

                              ---CLUSTER DECAYS---    

 IHEP    ID      IDPDG IST MO1 MO2 DA1 DA2   P-X     P-Y     P-Z  ENERGY    MASS
  177 B-          -521 199 164 134 293 294  -55.63 -188.93 -224.6  298.8    5.28
  178 PI-         -211   1 165 134   0   0   -0.46    0.03   -2.2    2.2    0.14
  179 K+           321   1 165 134   0   0   -0.32   -0.86   -3.0    3.2    0.49
  180 PI+          211   1 166 134   0   0   -1.64   -4.65   -5.5    7.4    0.14
  181 K0           311 197 166 134 245 245   -3.64  -13.28  -15.9   21.0    0.50
  182 K*BAR0      -313 197 167 134 246 247   -0.73   -1.76   -2.9    3.6    0.90
  183 PI-         -211   1 167 134   0   0   -0.00   -0.35   -0.5    0.7    0.14
  184 ETA          221 197 168 134 248 250   -1.13   -4.02   -5.2    6.7    0.55
  185 K+           321   1 168 134   0   0   -2.76   -9.12  -10.6   14.2    0.49
  186 KBAR0       -311 197 169 134 251 251   -0.34   -0.44   -3.3    3.4    0.50
  187 PI0          111   1 169 134   0   0   -0.24   -0.22   -0.5    0.6    0.13
  188 LAMBDA      3122 197 170 134 252 253   -1.63   -3.06   -3.9    5.4    1.12
  189 SIGMABR0   -3212 197 170 134 254 255   -1.33   -6.44   -8.7   11.0    1.19
  190 PI-         -211   1 171 134   0   0   -0.27   -0.18   -1.9    2.0    0.14
  191 B+           521 199 171 134 323 324  -11.21   -7.55  -80.4   81.7    5.28
  192 PI-         -211   1 172 134   0   0   -0.39   -1.33   -2.0    2.5    0.14
  193 OMEGA        223 197 172 134 256 258   -2.16   -7.24   -8.4   11.3    0.78
  194 PHI          333 197 173 134 259 260   -0.72   -1.96   -3.9    4.5    1.02
  195 KBAR0       -311 197 173 134 261 261   -0.29   -0.75   -1.0    1.3    0.50
  196 PI0          111   1 174 134   0   0   -0.54   -2.32   -3.4    4.2    0.13
  197 PI0          111   1 174 134   0   0   -0.49    0.08   -2.2    2.3    0.13
  198 B_10       10113 197 175 134 262 263   -0.82   -1.07   -4.9    5.3    1.23
  199 ETA          221 197 175 134 264 265   -0.25   -0.41   -1.9    2.0    0.55
  200 PI+          211   1 176 134   0   0   -1.08   -0.53   -3.6    3.8    0.14
  201 A_10       20113 197 176 134 266 267   -0.15   -1.15   -4.3    4.6    1.23

                           ---STRONG HADRON DECAYS--- 

 IHEP    ID      IDPDG IST MO1 MO2 DA1 DA2   P-X     P-Y     P-Z  ENERGY    MASS
  202 PI+          211   1  93  10   0   0    0.15   -0.04  130.0  130.0    0.14
  203 PI-         -211   1  93  10   0   0   -0.33   -0.36  333.3  333.3    0.14
  204 PI0          111   1  93  10   0   0   -0.28   -0.14  177.1  177.2    0.13
  205 N           2112   1  96  14   0   0    1.00    0.57   -8.0    8.1    0.94
  206 PI-         -211   1  96  14   0   0    0.31    0.21   -1.1    1.1    0.14
  207 NBAR       -2112   1  97  14   0   0    0.20    1.61   -7.6    7.9    0.94
  208 PI+          211   1  97  14   0   0    0.01    0.01   -0.3    0.3    0.14
  209 PI+          211   1 100  14   0   0    0.74    0.52   -6.7    6.8    0.14
  210 PI-         -211   1 100  14   0   0    1.00    0.23   -7.3    7.4    0.14
  211 PI0          111   1 100  14   0   0    0.19   -0.03   -1.2    1.2    0.13
  212 P           2212   1 102  22   0   0   -3.39  114.92 -216.6  245.2    0.94
  213 PI0          111   1 102  22   0   0   -0.60   14.42  -26.9   30.5    0.13
  214 K_L0         130   1 104  22   0   0   -0.05    2.81  -12.6   12.9    0.50
  215 KBAR0       -311 198 105  22 268 268    0.22    1.43   -6.3    6.4    0.50
  216 PI-         -211   1 105  22   0   0    1.62    0.71   -7.3    7.5    0.14
  217 PI+          211   1 106  26   0   0   12.93   13.88  110.0  111.6    0.14
  218 PI-         -211   1 106  26   0   0   16.76   18.26  143.5  145.7    0.14
  219 PI0          111   1 106  26   0   0    6.55    7.07   55.1   56.0    0.13
  220 PI-         -211   1 107  26   0   0    9.05    9.49   76.3   77.4    0.14
  221 PI0          111   1 107  26   0   0   12.56   13.37  111.8  113.3    0.13
  222 RHO-        -213 198 110  26 269 270    6.87    6.73   59.5   60.3    0.77
  223 PI0          111   1 110  26   0   0    0.38    0.69    4.9    5.0    0.13
  224 PI+          211   1 113  26   0   0    0.22    0.39   12.2   12.2    0.14
  225 PI0          111   1 113  26   0   0    0.47    0.02    4.2    4.3    0.13
  226 PI0          111   1 114  10   0   0   -0.58   -0.93 1601.0 1601.0    0.13
  227 PI0          111   1 114  10   0   0   -0.56    0.29 1736.9 1736.9    0.13
  228 PI-         -211   1 116  14   0   0    0.48   -0.15-1582.7 1582.7    0.14
  229 PI0          111   1 116  14   0   0    0.03   -0.07  -62.5   62.5    0.13
  230 P           2212   1 117  14   0   0   -0.35    0.39-2054.1 2054.1    0.94
  231 PI+          211   1 117  14   0   0   -0.14   -0.16 -707.2  707.2    0.14
  232 PI-         -211   1 118  14   0   0    0.11   -0.40  -38.1   38.1    0.14
  233 PI0          111   1 118  14   0   0   -0.18    0.25  -42.4   42.4    0.13
  234 K0           311 198 119  14 271 271    0.20   -0.05  -34.7   34.7    0.50
  235 PI+          211   1 119  14   0   0    0.04    0.24   -5.9    5.9    0.14
  236 PI-         -211   1 121  22   0   0   -0.24    1.65   -2.6    3.1    0.14
  237 PI0          111   1 121  22   0   0    0.26    4.93   -9.1   10.4    0.13
  238 GAMMA         22   1 122  22   0   0    0.66    1.42   -8.1    8.3    0.00
  239 RHO0         113 198 122  22 272 273    0.15    1.17   -5.5    5.7    0.77
  240 A_2+         215 198 125  26 274 275   -0.52   -0.73  235.0  235.0    1.32
  241 PI0          111   1 125  26   0   0    0.20    0.04   49.4   49.4    0.13
  242 PI0          111   1 126  14   0   0    0.21   -0.01  -33.1   33.1    0.13
  243 PI0          111   1 126  14   0   0   -0.00    0.03  -27.4   27.4    0.13
  244 PI0          111   1 126  14   0   0    0.34    0.10  -74.6   74.6    0.13
  245 K_S0         310 198 181 134 276 277   -3.64  -13.28  -15.9   21.0    0.50
  246 K-          -321   1 182 134   0   0   -0.43   -1.57   -2.2    2.7    0.49
  247 PI+          211   1 182 134   0   0   -0.30   -0.18   -0.7    0.8    0.14
  248 PI+          211   1 184 134   0   0   -0.23   -0.84   -1.0    1.3    0.14
  249 PI-         -211   1 184 134   0   0   -0.54   -1.99   -2.8    3.5    0.14
  250 PI0          111   1 184 134   0   0   -0.36   -1.19   -1.4    1.9    0.13
  251 K_S0         310 198 186 134 278 279   -0.34   -0.44   -3.3    3.4    0.50
  252 N           2112   1 188 134   0   0   -1.40   -2.79   -3.6    4.8    0.94
  253 PI0          111   1 188 134   0   0   -0.23   -0.27   -0.3    0.5    0.13
  254 LAMBDABR   -3122 198 189 134 280 281   -1.29   -6.16   -8.5   10.6    1.12
  255 GAMMA         22   1 189 134   0   0   -0.05   -0.28   -0.3    0.4    0.00
  256 PI+          211   1 193 134   0   0   -0.78   -3.02   -3.5    4.7    0.14
  257 PI-         -211   1 193 134   0   0   -0.16   -0.87   -1.2    1.5    0.14
  258 PI0          111   1 193 134   0   0   -1.22   -3.35   -3.7    5.2    0.13
  259 K_L0         130   1 194 134   0   0   -0.29   -1.08   -2.0    2.3    0.50
  260 K_S0         310 198 194 134 282 283   -0.43   -0.88   -1.9    2.2    0.50
  261 K_L0         130   1 195 134   0   0   -0.29   -0.75   -1.0    1.3    0.50
  262 OMEGA        223 198 198 134 284 286   -0.86   -1.12   -4.8    5.1    0.78
  263 PI0          111   1 198 134   0   0    0.04    0.04   -0.1    0.2    0.13
  264 GAMMA         22   1 199 134   0   0   -0.20   -0.18   -0.2    0.4    0.00
  265 GAMMA         22   1 199 134   0   0   -0.06   -0.23   -1.6    1.6    0.00
  266 RHO+         213 198 201 134 287 288   -0.08   -1.19   -4.1    4.4    0.77
  267 PI-         -211   1 201 134   0   0   -0.07    0.04   -0.1    0.2    0.14
  268 K_L0         130   1 215  22   0   0    0.22    1.43   -6.3    6.4    0.50
  269 PI-         -211   1 222  26   0   0    1.15    0.93   10.5   10.6    0.14
  270 PI0          111   1 222  26   0   0    5.72    5.79   49.1   49.7    0.13
  271 K_S0         310 198 234  14 289 290    0.20   -0.05  -34.7   34.7    0.50
  272 PI+          211   1 239  22   0   0    0.16    0.96   -5.2    5.3    0.14
  273 PI-         -211   1 239  22   0   0   -0.01    0.21   -0.3    0.4    0.14
  274 RHO+         213 198 240  26 291 292   -0.30   -0.05  151.6  151.6    0.77
  275 PI0          111   1 240  26   0   0   -0.23   -0.68   83.4   83.4    0.13
  276 PI+          211   1 245 134   0   0   -2.30   -8.61  -10.0   13.4    0.14
  277 PI-         -211   1 245 134   0   0   -1.34   -4.66   -5.9    7.6    0.14
  278 PI0          111   1 251 134   0   0   -0.14   -0.04   -1.8    1.8    0.13
  279 PI0          111   1 251 134   0   0   -0.21   -0.40   -1.5    1.6    0.13
  280 PBAR       -2212   1 254 134   0   0   -1.16   -5.09   -7.0    8.8    0.94
  281 PI+          211   1 254 134   0   0   -0.12   -1.07   -1.5    1.8    0.14
  282 PI+          211   1 260 134   0   0   -0.03   -0.15   -0.2    0.3    0.14
  283 PI-         -211   1 260 134   0   0   -0.40   -0.72   -1.7    1.9    0.14
  284 PI+          211   1 262 134   0   0   -0.58   -0.75   -2.3    2.5    0.14
  285 PI-         -211   1 262 134   0   0    0.01   -0.07   -0.9    0.9    0.14
  286 PI0          111   1 262 134   0   0   -0.28   -0.30   -1.6    1.7    0.13
  287 PI+          211   1 266 134   0   0    0.00    0.05   -0.8    0.8    0.14
  288 PI0          111   1 266 134   0   0   -0.08   -1.24   -3.4    3.6    0.13
  289 PI0          111   1 271  14   0   0    0.32   -0.06  -24.6   24.6    0.13
  290 PI0          111   1 271  14   0   0   -0.12    0.02  -10.1   10.1    0.13
  291 PI+          211   1 274  26   0   0   -0.40    0.22   71.2   71.2    0.14
  292 PI0          111   1 274  26   0   0    0.10   -0.27   80.4   80.4    0.13

                           ---HEAVY PARTICLE DECAYS---

 IHEP    ID      IDPDG IST MO1 MO2 DA1 DA2   P-X     P-Y     P-Z  ENERGY    MASS
  293 BQRK           5 155 177 294 295 297  -52.26 -177.47 -211.0  280.7    4.96
  294 UBAR          -2 125 177 297 298 297   -3.37  -11.45  -13.6   18.1    0.32
  295 SQRK           3 123 293 296 299 296  -17.75  -55.37  -64.9   87.1    0.50
  296 UBAR          -2 124 293 295 301 295  -20.65  -71.34  -85.0  112.9    0.32
  297 CQRK           4 124 293 293 303 293  -13.85  -50.77  -61.1   80.7    1.55
  298 UBAR          -2 160 294 307 309 307   -3.37  -11.45  -13.6   18.1    0.32

                              ---PARTON SHOWERS---    

 IHEP    ID      IDPDG IST MO1 MO2 DA1 DA2   P-X     P-Y     P-Z  ENERGY    MASS
  299 SQRK          94 143 295 293 300 300  -17.75  -55.37  -64.9   87.1    0.50
  300 SQRK           3   2 299 302 305 302  -17.75  -55.37  -64.9   87.1    0.50
  301 UBAR          94 144 296 293 302 302  -20.65  -71.34  -85.0  112.9    0.32
  302 UBAR          -2   2 301 305 306 305  -20.65  -71.34  -85.0  112.9    0.32
  303 CQRK          94 144 297 293 304 304  -13.85  -50.77  -61.1   80.7    1.55
  304 CQRK           4   2 303 298 307 298  -13.85  -50.77  -61.1   80.7    1.55

                              ---GLUON SPLITTING---   

 IHEP    ID      IDPDG IST MO1 MO2 DA1 DA2   P-X     P-Y     P-Z  ENERGY    MASS
  305 SQRK           3 158 299 306 308 306  -17.75  -55.37  -64.9   87.1    0.50
  306 UBAR          -2 158 301 305 308 305  -20.65  -71.34  -85.0  112.9    0.32
  307 CQRK           4 158 303 298 309 298  -13.85  -50.77  -61.1   80.7    1.55

                             ---CLUSTER FORMATION---  

 IHEP    ID      IDPDG IST MO1 MO2 DA1 DA2   P-X     P-Y     P-Z  ENERGY    MASS
  308 CLUS          91 183 305 306 310 311  -39.21 -129.27 -152.9  204.0    2.42
  309 CLUS          91 183 307 298 312 312  -16.42  -59.66  -71.7   94.7    1.86

                              ---CLUSTER DECAYS---    

 IHEP    ID      IDPDG IST MO1 MO2 DA1 DA2   P-X     P-Y     P-Z  ENERGY    MASS
  310 KBAR0       -311 197 308 299 313 313  -16.49  -51.48  -60.3   81.0    0.50
  311 RHO-        -213 197 308 299 314 315  -22.72  -77.79  -92.6  123.0    0.77
  312 D0           421 196 309 303 316 318  -16.42  -59.66  -71.7   94.7    1.86

                           ---STRONG HADRON DECAYS--- 

 IHEP    ID      IDPDG IST MO1 MO2 DA1 DA2   P-X     P-Y     P-Z  ENERGY    MASS
  313 K_S0         310 198 310 299 319 320  -16.49  -51.48  -60.3   81.0    0.50
  314 PI-         -211   1 311 299   0   0   -5.19  -17.85  -21.7   28.6    0.14
  315 PI0          111   1 311 299   0   0  -17.53  -59.94  -70.9   94.5    0.13
  316 NU_MU         14   1 312 303   0   0   -2.10   -9.08  -10.5   14.0    0.00
  317 MU+          -13   1 312 303   0   0   -5.43  -18.81  -23.2   30.4    0.11
  318 K*-         -323 198 312 303 321 322   -8.89  -31.77  -38.0   50.4    0.89
  319 PI+          211   1 313 299   0   0   -4.32  -13.68  -16.2   21.7    0.14
  320 PI-         -211   1 313 299   0   0  -12.17  -37.80  -44.1   59.3    0.14
  321 K-          -321   1 318 303   0   0   -8.05  -28.60  -34.5   45.5    0.49
  322 PI0          111   1 318 303   0   0   -0.84   -3.17   -3.5    4.8    0.13

                           ---HEAVY PARTICLE DECAYS---

 IHEP    ID      IDPDG IST MO1 MO2 DA1 DA2   P-X     P-Y     P-Z  ENERGY    MASS
  323 UQRK           2 125 191 327 328 327   -0.68   -0.46   -4.9    5.0    0.32
  324 BBAR          -5 155 191 323 325 327  -10.53   -7.09  -75.5   76.7    4.96
  325 DBAR          -1 123 324 326 329 326   -2.21   -2.08  -19.5   19.7    0.32
  326 UQRK           2 124 324 325 331 325   -6.72   -4.87  -43.4   44.2    0.32
  327 CBAR          -4 124 324 324 333 324   -1.60   -0.15  -12.6   12.8    1.55
  328 UQRK           2 160 323 337 338 337   -0.68   -0.46   -4.9    5.0    0.32

                              ---PARTON SHOWERS---    

 IHEP    ID      IDPDG IST MO1 MO2 DA1 DA2   P-X     P-Y     P-Z  ENERGY    MASS
  329 DBAR          94 143 325 324 330 330   -2.21   -2.08  -19.5   19.7    0.32
  330 DBAR          -1   2 329 332 335 332   -2.21   -2.08  -19.5   19.7    0.32
  331 UQRK          94 144 326 324 332 332   -6.72   -4.87  -43.4   44.2    0.32
  332 UQRK           2   2 331 335 336 335   -6.72   -4.87  -43.4   44.2    0.32
  333 CBAR          94 144 327 324 334 334   -1.60   -0.15  -12.6   12.8    1.55
  334 CBAR          -4   2 333 328 337 328   -1.60   -0.15  -12.6   12.8    1.55

                              ---GLUON SPLITTING---   

 IHEP    ID      IDPDG IST MO1 MO2 DA1 DA2   P-X     P-Y     P-Z  ENERGY    MASS
  335 DBAR          -1 158 329 336 339 336   -2.21   -2.08  -19.5   19.7    0.32
  336 UQRK           2 158 331 335 339 335   -6.72   -4.87  -43.4   44.2    0.32
  337 CBAR          -4 158 333 328 338 328   -1.60   -0.15  -12.6   12.8    1.55

                             ---CLUSTER FORMATION---  

 IHEP    ID      IDPDG IST MO1 MO2 DA1 DA2   P-X     P-Y     P-Z  ENERGY    MASS
  338 CLUS          91 183 328 337 340 341   -2.28   -0.61  -17.5   17.8    2.03
  339 CLUS          91 183 336 335 342 343   -8.92   -6.94  -62.9   63.9    1.39

                              ---CLUSTER DECAYS---    

 IHEP    ID      IDPDG IST MO1 MO2 DA1 DA2   P-X     P-Y     P-Z  ENERGY    MASS
  340 PI+          211   1 338 323   0   0   -0.22   -0.13   -1.6    1.6    0.14
  341 D-          -411 197 338 323 344 346   -2.06   -0.48  -15.9   16.1    1.87
  342 PI0          111   1 339 331   0   0   -6.95   -5.01  -44.6   45.4    0.13
  343 PI+          211   1 339 331   0   0   -1.97   -1.93  -18.2   18.5    0.14

                           ---STRONG HADRON DECAYS--- 

 IHEP    ID      IDPDG IST MO1 MO2 DA1 DA2   P-X     P-Y     P-Z  ENERGY    MASS
  344 NU_EBAR      -12   1 341 323   0   0   -0.24    0.28   -0.7    0.8    0.00
  345 E-            11   1 341 323   0   0   -0.41   -0.44   -5.7    5.7    0.00
  346 K0           311 198 341 323 347 347   -1.41   -0.32   -9.6    9.7    0.50
  347 K_L0         130   1 346 323   0   0   -1.41   -0.32   -9.6    9.7    0.50



 EVENT       2: 6500.00 GEV/C P        ON  6500.00 GEV/C P        PROCESS:-18000
 SEEDS:  1984696257 &  1360920010   STATUS:  100 ERROR:   0  WEIGHT:  6.0390E-04


                               ---INITIAL STATE---    

 IHEP    ID      IDPDG IST MO1 MO2 DA1 DA2   P-X     P-Y     P-Z  ENERGY    MASS
    1 P           2212 101   0   0   0   0    0.00    0.00 6500.0 6500.0    0.94
    2 P           2212 102   0   0   0   0    0.00    0.00-6500.0 6500.0    0.94
    3 CMF            0 103   1   2   0   0    0.00    0.00    0.013000.013000.00

                              ---HARD SUBPROCESS---   

 IHEP    ID      IDPDG IST MO1 MO2 DA1 DA2   P-X     P-Y     P-Z  ENERGY    MASS
    4 UQRK           2 121   6   8  10   9    0.00    0.00 2345.3 2345.3    0.32
    5 DQRK           1 122   6   9  15   8    0.00    0.00 -716.5  716.5    0.32
    6 HARD           0 120   4   5   7   9   -4.11   -2.66 1628.9 3061.8 2592.57
    7 HIGGS         25 123   6   7  21   7 -150.36 -241.04  123.2  333.9  125.00
    8 UQRK           2 124   6   5  22   4   68.56  268.43 -578.8  641.7    0.32
    9 DQRK           1 124   6   4  29   5   81.80  -27.39 2084.4 2086.2    0.32

                              ---PARTON SHOWERS---    

 IHEP    ID      IDPDG IST MO1 MO2 DA1 DA2   P-X     P-Y     P-Z  ENERGY    MASS
   10 UQRK          94 141   4   6  12  14   -1.28   -0.19 2345.5 2345.5   -4.18
   11 CONE           0 100   4   9   0   0    0.95   -0.32   18.1   18.1    0.00
   12 GLUON         21   2  10  13  33  34    0.86   -0.82  438.0  438.0    0.75
   13 GLUON         21   2  10  14  35  36    0.42    1.01  762.3  762.3    0.75
   14 UD          2101   2  10  24  37  36    0.00    0.00 2954.2 2954.2    0.32
   15 DQRK          94 142   5   6  17  20   -2.83   -2.47 -716.6  716.3  -22.57
   16 CONE           0 100   5   8   0   0    0.25    0.97   -1.5    1.8    0.00
   17 GLUON         21   2  15  18  38  39    1.86    2.14  -14.1   14.4    0.75
   18 GLUON         21   2  15  19  40  41   -0.19    1.12  -29.5   29.5    0.75
   19 GLUON         21   2  15  20  42  43    1.16   -0.79 -102.6  102.6    0.75
   20 UU          2203   2  15  31  44  43    0.00    0.00-5637.2 5637.2    0.32
   21 HIGGS         25 195   7   6 123 124 -150.80 -241.32  123.2  334.3  125.00
   22 UQRK          94 144   8   6  24  28   67.70  267.86 -578.6  641.4   17.21
   23 CONE           0 100   8   5   0   0   -0.08   -0.31   -1.6    1.7    0.00
   24 UQRK           2   2  22  25  45  37   35.03  142.55 -309.7  342.7    0.32
   25 GLUON         21   2  22  26  46  47    6.22   24.94  -56.5   62.1    0.75
   26 GLUON         21   2  22  27  48  49   20.40   87.06 -181.4  202.3    0.75
   27 GLUON         21   2  22  28  50  51    2.92    8.26  -17.1   19.2    0.75
   28 GLUON         21   2  22  38  52  53    3.13    5.04  -13.9   15.2    0.75
   29 DQRK          94 144   9   6  31  32   78.99  -29.20 2084.3 2086.0    4.81
   30 CONE           0 100   9   4   0   0   -0.33    0.12   16.2   16.2    0.00
   31 DQRK           1   2  29  32  54  44    6.81   -1.40  155.4  155.5    0.32
   32 GLUON         21   2  29  33  55  56   72.18  -27.80 1928.9 1930.5    0.75

                              ---GLUON SPLITTING---   

 IHEP    ID      IDPDG IST MO1 MO2 DA1 DA2   P-X     P-Y     P-Z  ENERGY    MASS
   33 DBAR          -1 158  10  34  86  68    0.35   -0.36  185.7  185.7    0.32
   34 DQRK           1 158  10  35  69  33    0.25   -0.19  107.3  107.3    0.32
   35 DBAR          -1 158  10  36  69  34    0.16    0.34  395.3  395.3    0.32
   36 DQRK           1 158  10  57  70  35    0.13    0.34  273.7  273.7    0.32
   37 UD          2101 161  10  45  81  58    0.04    0.10 1542.9 1542.9    0.64
   38 UBAR          -2 158  15  39  78  53    1.15    1.54   -9.2    9.4    0.32
   39 UQRK           2 158  15  40  71  38    0.72    0.60   -4.9    5.0    0.32
   40 UBAR          -2 158  15  41  71  39   -0.27    0.61  -14.1   14.1    0.32
   41 UQRK           2 158  15  42  72  40    0.08    0.52  -15.4   15.4    0.32
   42 UBAR          -2 158  15  43  72  41    0.57   -0.24  -55.1   55.1    0.32
   43 UQRK           2 158  15  59  73  42    0.55   -0.52  -45.6   45.6    0.32
   44 UU          2203 162  15  54  82  60    0.00   -0.00-5014.6 5014.6    0.64
   45 UQRK           2 158  22  46  74  37   35.03  142.55 -309.7  342.7    0.32
   46 UBAR          -2 158  22  47  74  45    3.07   12.55  -28.8   31.6    0.32
   47 UQRK           2 158  22  48  75  46    3.15   12.39  -27.6   30.5    0.32
   48 DBAR          -1 158  22  49  75  47   10.13   42.45  -88.4   98.5    0.32
   49 DQRK           1 158  22  50  76  48   10.27   44.61  -93.1  103.7    0.32
   50 DBAR          -1 158  22  51  76  49    0.77    2.59   -5.3    6.0    0.32
   51 DQRK           1 158  22  52  77  50    2.14    5.67  -11.8   13.2    0.32
   52 DBAR          -1 158  22  53  77  51    1.97    2.82   -8.0    8.8    0.32
   53 DQRK           1 158  22  38  78  52    1.16    2.22   -5.9    6.4    0.32
   54 DQRK           1 158  29  55  79  44    6.81   -1.40  155.4  155.5    0.32
   55 DBAR          -1 158  29  56  79  54   29.44  -11.28  781.9  782.6    0.32
   56 DQRK           1 158  29  63  80  55   16.32   -6.31  438.1  438.4    0.32
   57 DBAR          -1 159  10  58  70  36    0.01    0.03 1214.5 1214.5    0.32
   58 DQRK           1 159  10  37  81  57    0.08    0.21  290.0  290.0    0.32
   59 DBAR          -1 159  15  60  73  43    0.01   -0.01 -446.2  446.2    0.32
   60 DQRK           1 159  15  44  82  59    0.02   -0.02 -178.3  178.3    0.32
   61 UBAR          -2 159  10  62  84  64    0.19   -0.09   21.2   21.3    0.32
   62 UQRK           2 159  29  65  83  61    3.40   -1.32   92.1   92.2    0.32
   63 SBAR          -3 159  10  64  80  56    3.62   -1.40   98.9   99.0    0.50
   64 SQRK           3 159  29  61  84  63    9.21   -3.56  247.9  248.0    0.50
   65 UBAR          -2 159  10  66  83  62    0.23   -0.10   18.8   18.8    0.32
   66 UQRK           2 159  29  67  85  65    9.69   -3.75  260.3  260.5    0.32
   67 DBAR          -1 159  10  68  85  66    0.15   -0.09   28.2   28.2    0.32
   68 DQRK           1 159  29  33  86  67    0.19   -0.18   86.5   86.5    0.32

                             ---CLUSTER FORMATION---  

 IHEP    ID      IDPDG IST MO1 MO2 DA1 DA2   P-X     P-Y     P-Z  ENERGY    MASS
   69 CLUS          91 183  34  35  87  88    0.41    0.15  502.6  502.6    1.02
   70 CLUS          91 183  36  57  89  90    0.14    0.37 1488.2 1488.2    1.12
   71 CLUS          91 183  39  40  91  92    0.45    1.21  -19.0   19.1    1.68
   72 CLUS          91 183  41  42  93  94    0.65    0.28  -70.5   70.5    1.35
   73 CLUS          91 183  43  59  95  96    0.56   -0.53 -491.8  491.8    2.62
   74 CLUS          91 183  45  46  97  98   38.10  155.10 -338.5  374.3    2.52
   75 CLUS          91 183  47  48  99 100   13.28   54.84 -116.0  129.0    1.63
   76 CLUS          91 183  49  50 101 102   11.05   47.20  -98.4  109.7    1.61
   77 CLUS          91 183  51  52 103 104    4.11    8.49  -19.8   22.0    1.51
   78 CLUS          91 183  53  38 105 106    2.31    3.76  -15.1   15.8    1.70
   79 CLUS          91 183  54  55 107 108   36.25  -12.67  937.3  938.1    3.00
   80 CLUS          91 183  56  63 109 110   19.94   -7.71  537.0  537.4    1.23
   81 CLUS          91 184  58  37 111 112    0.12    0.31 1833.0 1833.0    1.16
   82 CLUS          91 185  60  44 113 114    0.02   -0.02-5192.9 5192.9    1.85
   83 CLUS          91 183  62  65 115 116    3.63   -1.42  111.0  111.0    1.39
   84 CLUS          91 183  64  61 117 118    9.40   -3.66  269.1  269.3    2.50
   85 CLUS          91 183  66  67 119 120    9.84   -3.84  288.4  288.6    3.08
   86 CLUS          91 183  68  33 121 122    0.54   -0.54  272.3  272.3    0.69

                              ---CLUSTER DECAYS---    

 IHEP    ID      IDPDG IST MO1 MO2 DA1 DA2   P-X     P-Y     P-Z  ENERGY    MASS
   87 OMEGA        223 197  69  10 193 195    0.24    0.12  308.0  308.0    0.78
   88 PI0          111   1  69  10   0   0    0.17    0.03  194.6  194.6    0.13
   89 PI0          111   1  70  10   0   0    0.08   -0.18  334.0  334.0    0.13
   90 RHO0         113 197  70  10 196 197    0.06    0.55 1154.2 1154.2    0.77
   91 A_20         115 197  71  15 198 199    0.53    1.30  -16.5   16.6    1.32
   92 PI0          111   1  71  15   0   0   -0.08   -0.09   -2.5    2.5    0.13
   93 OMEGA        223 197  72  15 200 202    0.24    0.53  -54.1   54.1    0.78
   94 PI0          111   1  72  15   0   0    0.42   -0.25  -16.4   16.4    0.13
   95 DELTA++     2224 197  73  15 203 204   -0.02   -0.22 -294.1  294.1    1.23
   96 DELTABR-   -2214 197  73  15 205 206    0.58   -0.31 -197.7  197.7    1.23
   97 DELTA0      2114 197  74  22 207 208   29.26  119.07 -259.1  286.7    1.23
   98 NBAR       -2112   1  74  22   0   0    8.85   36.03  -79.4   87.6    0.94
   99 K*+          323 197  75  22 209 210    8.04   32.39  -69.4   77.0    0.89
  100 KBAR0       -311 197  75  22 211 211    5.24   22.45  -46.6   52.0    0.50
  101 OMEGA        223 197  76  22 212 213    5.72   25.49  -54.3   60.2    0.78
  102 PI0          111   1  76  22   0   0    5.33   21.71  -44.2   49.5    0.13
  103 PI-         -211   1  77  22   0   0    2.89    5.97  -14.3   15.8    0.14
  104 RHO+         213 197  77  22 214 215    1.22    2.52   -5.5    6.2    0.77
  105 K0           311 197  78  22 216 216    1.27    2.55   -7.4    7.9    0.50
  106 K-          -321   1  78  22   0   0    1.04    1.21   -7.7    7.8    0.49
  107 DELTA-      1114 197  79  29 217 218   11.54   -3.46  286.3  286.5    1.23
  108 DELTABR+   -1114 197  79  29 219 220   24.71   -9.21  651.0  651.6    1.23
  109 PI-         -211   1  80  29   0   0    7.54   -2.98  191.4  191.5    0.14
  110 K+           321   1  80  29   0   0   12.40   -4.73  345.6  345.8    0.49
  111 PI-         -211   1  81  10   0   0    0.06    0.18  243.7  243.7    0.14
  112 P           2212   1  81  10   0   0    0.05    0.13 1589.3 1589.3    0.94
  113 ETA          221 197  82  15 221 222    0.01    0.22-1862.7 1862.7    0.55
  114 DELTA+      2214 197  82  15 223 224    0.01   -0.24-3330.2 3330.2    1.23
  115 B_1+       10213 197  83  29 225 226    3.11   -1.23   93.5   93.5    1.23
  116 PI-         -211   1  83  29   0   0    0.52   -0.19   17.5   17.5    0.14
  117 SIGMA+      3222 197  84  29 227 228    3.77   -1.68  107.5  107.6    1.19
  118 DLTABR--   -2224 197  84  29 229 230    5.63   -1.97  161.6  161.7    1.23
  119 SIGMA*0     3214 197  85  29 231 232    4.29   -1.65  143.8  143.8    1.38
  120 SGMA*BR+   -3114 197  85  29 233 234    5.56   -2.18  144.6  144.8    1.39
  121 PI0          111   1  86  29   0   0    0.12   -0.36  197.8  197.8    0.13
  122 PI0          111   1  86  29   0   0    0.42   -0.18   74.5   74.5    0.13

                            ---H/W/Z BOSON DECAYS---  

 IHEP    ID      IDPDG IST MO1 MO2 DA1 DA2   P-X     P-Y     P-Z  ENERGY    MASS
  123 BQRK           5 123  21 124 125 124   -8.15   -0.63   41.8   42.9    4.95
  124 BBAR          -5 124  21 123 130 123 -142.65 -240.69   81.4  291.4    4.95

                              ---PARTON SHOWERS---    

 IHEP    ID      IDPDG IST MO1 MO2 DA1 DA2   P-X     P-Y     P-Z  ENERGY    MASS
  125 BQRK          94 143 123  21 127 129  -15.35  -13.80   43.0   55.6   28.46
  126 CONE           0 100 123 124   0   0   -0.20   -0.69   -0.9    1.1    0.00
  127 BQRK           5   2 125 128 138 137  -20.10  -13.71   43.5   50.1    4.95
  128 GLUON         21   2 125 129 139 140    1.99    1.00    0.1    2.4    0.75
  129 GLUON         21   2 125 132 141 142    2.76   -1.10   -0.6    3.1    0.75
  130 BBAR          94 144 124  21 132 137 -135.45 -227.52   80.2  278.8   34.24
  131 CONE           0 100 124 123   0   0   -0.73   -0.89    1.4    1.8    0.00
  132 GLUON         21   2 130 133 143 144   -4.65   -7.45    1.0    8.9    0.75
  133 GLUON         21   2 130 134 145 146   -7.72  -10.77    3.9   13.8    0.75
  134 GLUON         21   2 130 135 147 148   -7.64   -6.37    3.0   10.4    0.75
  135 GLUON         21   2 130 136 149 150   -7.79   -5.39    1.6    9.6    0.75
  136 GLUON         21   2 130 137 151 152  -10.41  -16.24    4.2   19.8    0.75
  137 BBAR          -5   2 130 138 153 152  -97.23 -181.29   66.4  216.2    4.95

                              ---GLUON SPLITTING---   

 IHEP    ID      IDPDG IST MO1 MO2 DA1 DA2   P-X     P-Y     P-Z  ENERGY    MASS
  138 BQRK           5 158 125 154 160 153  -19.59  -13.35   42.4   48.8    4.95
  139 DBAR          -1 158 125 140 168 155    0.73    0.56    0.0    1.0    0.32
  140 DQRK           1 158 125 141 161 139    1.15    0.37    0.1    1.3    0.32
  141 DBAR          -1 158 125 142 161 140    1.63   -0.69   -0.2    1.8    0.32
  142 DQRK           1 158 125 156 162 141    0.81   -0.31   -0.3    1.0    0.32
  143 UBAR          -2 158 130 144 169 157   -3.15   -5.05    0.6    6.0    0.32
  144 UQRK           2 158 130 145 163 143   -1.25   -1.99    0.4    2.4    0.32
  145 DBAR          -1 158 130 146 163 144   -4.45   -6.51    2.3    8.2    0.32
  146 DQRK           1 158 130 147 164 145   -3.27   -4.26    1.6    5.6    0.32
  147 DBAR          -1 158 130 148 164 146   -2.87   -2.57    1.0    4.0    0.32
  148 DQRK           1 158 130 149 165 147   -4.78   -3.80    1.9    6.4    0.32
  149 DBAR          -1 158 130 150 165 148   -5.63   -3.88    1.2    7.0    0.32
  150 DQRK           1 158 130 151 166 149   -2.16   -1.51    0.3    2.7    0.32
  151 UBAR          -2 158 130 152 166 150   -4.62   -7.53    2.0    9.1    0.32
  152 UQRK           2 158 130 158 167 151   -3.49   -5.35    1.4    6.6    0.32
  153 BBAR          -5 158 130 138 170 159  -84.80 -157.80   57.7  188.3    4.95
  154 UBAR          -2 159 125 155 160 138   -0.11   -0.07    0.4    0.5    0.32
  155 UQRK           2 159 125 139 168 154   -0.30   -0.20    0.7    0.9    0.32
  156 DBAR          -1 159 130 157 162 142    0.07   -0.23   -0.0    0.4    0.32
  157 DQRK           1 159 125 143 169 156    0.01   -0.26   -0.0    0.4    0.32
  158 UBAR          -2 159 130 159 167 152  -12.23  -22.90    8.4   27.3    0.32
  159 UQRK           2 159 130 153 170 158   -2.50   -3.95    1.1    4.8    0.32

                             ---CLUSTER FORMATION---  

 IHEP    ID      IDPDG IST MO1 MO2 DA1 DA2   P-X     P-Y     P-Z  ENERGY    MASS
  160 CLUS          91 183 138 154 171 172  -19.70  -13.43   42.8   49.3    6.02
  161 CLUS          91 183 140 141 173 174    2.78   -0.32   -0.1    3.1    1.24
  162 CLUS          91 183 142 156 175 176    0.88   -0.54   -0.4    1.4    0.84
  163 CLUS          91 183 144 145 177 178   -5.70   -8.50    2.7   10.6    0.96
  164 CLUS          91 183 146 147 179 180   -6.14   -6.83    2.7    9.6    1.07
  165 CLUS          91 183 148 149 181 182  -10.41   -7.68    3.2   13.4    1.15
  166 CLUS          91 183 150 151 183 184   -6.78   -9.05    2.4   11.8    2.16
  167 CLUS          91 183 152 158 185 186  -15.72  -28.25    9.8   33.8    1.91
  168 CLUS          91 183 155 139 187 188    0.44    0.36    0.8    1.8    1.58
  169 CLUS          91 183 157 143 189 190   -3.14   -5.32    0.6    6.4    1.61
  170 CLUS          91 183 159 153 191 192  -87.30 -161.75   58.8  193.1    6.23

                              ---CLUSTER DECAYS---    

 IHEP    ID      IDPDG IST MO1 MO2 DA1 DA2   P-X     P-Y     P-Z  ENERGY    MASS
  171 B*-         -523 197 160 125 235 236  -18.82  -12.83   40.8   47.0    5.32
  172 ETA          221 197 160 125 237 238   -0.88   -0.60    2.0    2.3    0.55
  173 PI-         -211   1 161 125   0   0   -0.00   -0.06   -0.2    0.3    0.14
  174 PI+          211   1 161 125   0   0    2.78   -0.26    0.1    2.8    0.14
  175 PI-         -211   1 162 125   0   0    0.64   -0.72   -0.1    1.0    0.14
  176 PI+          211   1 162 125   0   0    0.24    0.18   -0.2    0.4    0.14
  177 PI+          211   1 163 130   0   0   -1.56   -2.47    0.8    3.0    0.14
  178 RHO0         113 197 163 130 239 240   -4.13   -6.04    1.9    7.6    0.77
  179 OMEGA        223 197 164 130 241 243   -5.32   -5.68    2.1    8.1    0.78
  180 PI0          111   1 164 130   0   0   -0.82   -1.15    0.5    1.5    0.13
  181 PI0          111   1 165 130   0   0   -9.78   -7.43    2.9   12.6    0.13
  182 PI0          111   1 165 130   0   0   -0.63   -0.25    0.3    0.8    0.13
  183 RHO0         113 197 166 130 244 245   -2.33   -2.66    1.3    3.9    0.77
  184 RHO-        -213 197 166 130 246 247   -4.45   -6.39    1.0    7.9    0.77
  185 A_2+         215 197 167 130 248 249   -7.90  -14.25    5.2   17.1    1.32
  186 PI-         -211   1 167 130   0   0   -7.83  -14.00    4.7   16.7    0.14
  187 PI0          111   1 168 125   0   0    0.27   -0.31   -0.2    0.5    0.13
  188 RHO+         213 197 168 125 250 251    0.17    0.67    0.9    1.4    0.77
  189 RHO-        -213 197 169 125 252 253   -1.48   -2.82   -0.3    3.3    0.77
  190 PI0          111   1 169 125   0   0   -1.66   -2.49    0.9    3.1    0.13
  191 PI0          111   1 170 130   0   0   -1.55   -2.36    0.6    2.9    0.13
  192 B*+          523 197 170 130 254 255  -85.75 -159.39   58.2  190.2    5.32

                           ---STRONG HADRON DECAYS--- 

 IHEP    ID      IDPDG IST MO1 MO2 DA1 DA2   P-X     P-Y     P-Z  ENERGY    MASS
  193 PI+          211   1  87  10   0   0    0.12    0.07   25.4   25.4    0.14
  194 PI-         -211   1  87  10   0   0    0.10    0.02   48.3   48.3    0.14
  195 PI0          111   1  87  10   0   0    0.02    0.03  234.2  234.2    0.13
  196 PI+          211   1  90  10   0   0    0.11    0.35  216.5  216.5    0.14
  197 PI-         -211   1  90  10   0   0   -0.05    0.20  937.7  937.7    0.14
  198 RHO-        -213 198  91  15 256 257    0.26    0.81   -6.9    7.0    0.77
  199 PI+          211   1  91  15   0   0    0.27    0.48   -9.6    9.6    0.14
  200 PI+          211   1  93  15   0   0   -0.14    0.23  -14.6   14.6    0.14
  201 PI-         -211   1  93  15   0   0    0.17    0.16  -30.6   30.6    0.14
  202 PI0          111   1  93  15   0   0    0.20    0.14   -8.9    8.9    0.13
  203 P           2212   1  95  15   0   0   -0.17   -0.28 -206.5  206.5    0.94
  204 PI+          211   1  95  15   0   0    0.15    0.06  -87.5   87.5    0.14
  205 NBAR       -2112   1  96  15   0   0    0.31   -0.04 -139.4  139.4    0.94
  206 PI-         -211   1  96  15   0   0    0.27   -0.27  -58.3   58.3    0.14
  207 N           2112   1  97  22   0   0   25.51  103.31 -225.3  249.1    0.94
  208 PI0          111   1  97  22   0   0    3.75   15.76  -33.8   37.5    0.13
  209 K0           311 198  99  22 258 258    4.87   20.57  -44.4   49.1    0.50
  210 PI+          211   1  99  22   0   0    3.17   11.82  -25.1   27.9    0.14
  211 K_L0         130   1 100  22   0   0    5.24   22.45  -46.6   52.0    0.50
  212 PI0          111   1 101  22   0   0    1.72    8.89  -19.3   21.3    0.13
  213 GAMMA         22   1 101  22   0   0    4.00   16.60  -34.9   38.9    0.00
  214 PI+          211   1 104  22   0   0    0.42    0.64   -0.9    1.2    0.14
  215 PI0          111   1 104  22   0   0    0.80    1.88   -4.5    5.0    0.13
  216 K_S0         310 198 105  22 259 260    1.27    2.55   -7.4    7.9    0.50
  217 N           2112   1 107  29   0   0    8.82   -2.41  216.7  216.9    0.94
  218 PI-         -211   1 107  29   0   0    2.72   -1.05   69.6   69.6    0.14
  219 NBAR       -2112   1 108  29   0   0   23.00   -8.52  608.4  608.9    0.94
  220 PI+          211   1 108  29   0   0    1.72   -0.69   42.6   42.7    0.14
  221 GAMMA         22   1 113  15   0   0    0.26    0.19-1282.4 1282.4    0.00
  222 GAMMA         22   1 113  15   0   0   -0.25    0.03 -580.4  580.4    0.00
  223 P           2212   1 114  15   0   0    0.03   -0.00-2873.1 2873.1    0.94
  224 PI0          111   1 114  15   0   0   -0.02   -0.24 -457.1  457.1    0.13
  225 OMEGA        223 198 115  29 261 263    2.12   -1.09   73.0   73.1    0.78
  226 PI+          211   1 115  29   0   0    0.98   -0.14   20.4   20.4    0.14
  227 N           2112   1 117  29   0   0    3.53   -1.52   96.5   96.6    0.94
  228 PI+          211   1 117  29   0   0    0.24   -0.16   11.0   11.0    0.14
  229 PBAR       -2212   1 118  29   0   0    4.87   -1.91  142.3  142.4    0.94
  230 PI-         -211   1 118  29   0   0    0.76   -0.06   19.2   19.2    0.14
  231 LAMBDA      3122 198 119  29 264 265    3.40   -1.14  108.7  108.8    1.12
  232 PI0          111   1 119  29   0   0    0.89   -0.51   35.0   35.1    0.13
  233 LAMBDABR   -3122 198 120  29 266 267    3.78   -1.61  100.1  100.2    1.12
  234 PI+          211   1 120  29   0   0    1.77   -0.58   44.5   44.6    0.14
  235 B-          -521 199 171 125 270 271  -18.68  -12.73   40.4   46.6    5.28
  236 GAMMA         22   1 171 125   0   0   -0.14   -0.10    0.4    0.4    0.00
  237 GAMMA         22   1 172 125   0   0    0.03    0.00    0.3    0.3    0.00
  238 GAMMA         22   1 172 125   0   0   -0.91   -0.60    1.6    2.0    0.00
  239 PI+          211   1 178 130   0   0   -0.18   -0.43    0.0    0.5    0.14
  240 PI-         -211   1 178 130   0   0   -3.96   -5.61    1.8    7.1    0.14
  241 PI+          211   1 179 130   0   0   -1.28   -1.32    0.5    1.9    0.14
  242 PI-         -211   1 179 130   0   0   -3.61   -3.65    1.4    5.3    0.14
  243 PI0          111   1 179 130   0   0   -0.44   -0.72    0.2    0.9    0.13
  244 PI+          211   1 183 130   0   0   -1.54   -2.07    0.7    2.7    0.14
  245 PI-         -211   1 183 130   0   0   -0.80   -0.59    0.6    1.2    0.14
  246 PI-         -211   1 184 130   0   0   -0.86   -0.89    0.0    1.2    0.14
  247 PI0          111   1 184 130   0   0   -3.60   -5.50    1.0    6.6    0.13
  248 RHO+         213 198 185 130 268 269   -7.72  -13.67    5.1   16.5    0.77
  249 PI0          111   1 185 130   0   0   -0.18   -0.58    0.1    0.6    0.13
  250 PI+          211   1 188 125   0   0   -0.24    0.39    0.6    0.8    0.14
  251 PI0          111   1 188 125   0   0    0.41    0.28    0.3    0.6    0.13
  252 PI-         -211   1 189 125   0   0   -1.36   -2.55   -0.0    2.9    0.14
  253 PI0          111   1 189 125   0   0   -0.12   -0.28   -0.2    0.4    0.13
  254 B+           521 199 192 130 303 304  -84.64 -157.35   57.5  187.8    5.28
  255 GAMMA         22   1 192 130   0   0   -1.11   -2.04    0.7    2.4    0.00
  256 PI-         -211   1 198  15   0   0    0.47    0.72   -4.9    4.9    0.14
  257 PI0          111   1 198  15   0   0   -0.21    0.09   -2.1    2.1    0.13
  258 K_L0         130   1 209  22   0   0    4.87   20.57  -44.4   49.1    0.50
  259 PI+          211   1 216  22   0   0    0.96    1.82   -4.8    5.3    0.14
  260 PI-         -211   1 216  22   0   0    0.30    0.73   -2.6    2.7    0.14
  261 PI+          211   1 225  29   0   0    1.03   -0.58   36.8   36.8    0.14
  262 PI-         -211   1 225  29   0   0    0.80   -0.15   20.8   20.8    0.14
  263 PI0          111   1 225  29   0   0    0.30   -0.36   15.4   15.4    0.13
  264 N           2112   1 231  29   0   0    2.72   -0.91   90.2   90.3    0.94
  265 PI0          111   1 231  29   0   0    0.67   -0.24   18.5   18.5    0.13
  266 NBAR       -2112   1 233  29   0   0    3.24   -1.42   88.3   88.4    0.94
  267 PI0          111   1 233  29   0   0    0.54   -0.18   11.8   11.8    0.13
  268 PI+          211   1 248 130   0   0   -5.10   -9.21    3.7   11.2    0.14
  269 PI0          111   1 248 130   0   0   -2.62   -4.46    1.3    5.3    0.13

                           ---HEAVY PARTICLE DECAYS---

 IHEP    ID      IDPDG IST MO1 MO2 DA1 DA2   P-X     P-Y     P-Z  ENERGY    MASS
  270 BQRK           5 155 235 271 272 274  -17.55  -11.96   38.0   43.8    4.96
  271 UBAR          -2 125 235 274 275 274   -1.13   -0.77    2.4    2.8    0.32
  272 SQRK           3 123 270 273 276 273   -3.04   -1.76    8.4    9.1    0.50
  273 CBAR          -4 124 270 272 278 272   -3.60   -2.90    8.4    9.8    1.55
  274 CQRK           4 124 270 270 280 270  -10.90   -7.30   21.1   24.9    1.55
  275 UBAR          -2 160 271 284 286 284   -1.13   -0.77    2.4    2.8    0.32

                              ---PARTON SHOWERS---    

 IHEP    ID      IDPDG IST MO1 MO2 DA1 DA2   P-X     P-Y     P-Z  ENERGY    MASS
  276 SQRK          94 143 272 270 277 277   -3.04   -1.76    8.4    9.1    0.50
  277 SQRK           3   2 276 279 282 279   -3.04   -1.76    8.4    9.1    0.50
  278 CBAR          94 144 273 270 279 279   -3.60   -2.90    8.4    9.8    1.55
  279 CBAR          -4   2 278 282 283 282   -3.60   -2.90    8.4    9.8    1.55
  280 CQRK          94 144 274 270 281 281  -10.90   -7.30   21.1   24.9    1.55
  281 CQRK           4   2 280 275 284 275  -10.90   -7.30   21.1   24.9    1.55

                              ---GLUON SPLITTING---   

 IHEP    ID      IDPDG IST MO1 MO2 DA1 DA2   P-X     P-Y     P-Z  ENERGY    MASS
  282 SQRK           3 158 276 283 285 283   -3.04   -1.76    8.4    9.1    0.50
  283 CBAR          -4 158 278 282 285 282   -3.60   -2.90    8.4    9.8    1.55
  284 CQRK           4 158 280 275 286 275  -10.90   -7.30   21.1   24.9    1.55

                             ---CLUSTER FORMATION---  

 IHEP    ID      IDPDG IST MO1 MO2 DA1 DA2   P-X     P-Y     P-Z  ENERGY    MASS
  285 CLUS          91 183 282 283 287 288   -6.58   -4.62   16.8   18.8    2.55
  286 CLUS          91 183 284 275 289 289  -12.10   -8.11   23.6   27.8    1.86

                              ---CLUSTER DECAYS---    

 IHEP    ID      IDPDG IST MO1 MO2 DA1 DA2   P-X     P-Y     P-Z  ENERGY    MASS
  287 KBAR0       -311 197 285 276 290 290   -2.16   -1.29    5.9    6.4    0.50
  288 D-          -411 197 285 276 291 293   -4.43   -3.33   10.9   12.4    1.87
  289 D0           421 196 286 280 294 295  -12.10   -8.11   23.6   27.8    1.86

                           ---STRONG HADRON DECAYS--- 

 IHEP    ID      IDPDG IST MO1 MO2 DA1 DA2   P-X     P-Y     P-Z  ENERGY    MASS
  290 K_S0         310 198 287 276 296 297   -2.16   -1.29    5.9    6.4    0.50
  291 NU_EBAR      -12   1 288 276   0   0   -2.19   -0.99    4.1    4.7    0.00
  292 E-            11   1 288 276   0   0   -1.60   -1.95    5.3    5.9    0.00
  293 K0           311 198 288 276 298 298   -0.64   -0.40    1.5    1.8    0.50
  294 K*BAR0      -313 198 289 280 299 300   -3.87   -2.68    8.6    9.8    0.90
  295 PI0          111   1 289 280   0   0   -8.23   -5.43   15.0   18.0    0.13
  296 PI+          211   1 290 276   0   0   -0.58   -0.31    1.2    1.3    0.14
  297 PI-         -211   1 290 276   0   0   -1.58   -0.98    4.7    5.1    0.14
  298 K_S0         310 198 293 276 301 302   -0.64   -0.40    1.5    1.8    0.50
  299 K-          -321   1 294 280   0   0   -3.33   -2.51    7.3    8.4    0.49
  300 PI+          211   1 294 280   0   0   -0.54   -0.17    1.3    1.4    0.14
  301 PI+          211   1 298 276   0   0   -0.40   -0.07    1.1    1.1    0.14
  302 PI-         -211   1 298 276   0   0   -0.25   -0.32    0.5    0.6    0.14

                           ---HEAVY PARTICLE DECAYS---

 IHEP    ID      IDPDG IST MO1 MO2 DA1 DA2   P-X     P-Y     P-Z  ENERGY    MASS
  303 UQRK           2 125 254 307 308 307   -5.13   -9.54    3.5   11.4    0.32
  304 BBAR          -5 155 254 303 305 307  -79.51 -147.81   54.0  176.4    4.96
  305 DBAR          -1 123 304 306 309 306   -3.57   -7.74    2.1    8.8    0.32
  306 UQRK           2 124 304 305 311 305  -34.87  -65.87   23.4   78.1    0.32
  307 CBAR          -4 124 304 304 313 304  -41.07  -74.20   28.4   89.5    1.55
  308 UQRK           2 160 303 317 318 317   -5.13   -9.54    3.5   11.4    0.32

                              ---PARTON SHOWERS---    

 IHEP    ID      IDPDG IST MO1 MO2 DA1 DA2   P-X     P-Y     P-Z  ENERGY    MASS
  309 DBAR          94 143 305 304 310 310   -3.57   -7.74    2.1    8.8    0.32
  310 DBAR          -1   2 309 312 315 312   -3.57   -7.74    2.1    8.8    0.32
  311 UQRK          94 144 306 304 312 312  -34.87  -65.87   23.4   78.1    0.32
  312 UQRK           2   2 311 315 316 315  -34.87  -65.87   23.4   78.1    0.32
  313 CBAR          94 144 307 304 314 314  -41.07  -74.20   28.4   89.5    1.55
  314 CBAR          -4   2 313 308 317 308  -41.07  -74.20   28.4   89.5    1.55

                              ---GLUON SPLITTING---   

 IHEP    ID      IDPDG IST MO1 MO2 DA1 DA2   P-X     P-Y     P-Z  ENERGY    MASS
  315 DBAR          -1 158 309 316 319 316   -3.57   -7.74    2.1    8.8    0.32
  316 UQRK           2 158 311 315 319 315  -34.87  -65.87   23.4   78.1    0.32
  317 CBAR          -4 158 313 308 318 308  -41.07  -74.20   28.4   89.5    1.55

                             ---CLUSTER FORMATION---  

 IHEP    ID      IDPDG IST MO1 MO2 DA1 DA2   P-X     P-Y     P-Z  ENERGY    MASS
  318 CLUS          91 183 308 317 320 320  -45.83  -82.96   31.7  100.0    1.86
  319 CLUS          91 183 316 315 321 322  -38.80  -74.39   25.8   87.8    2.31

                              ---CLUSTER DECAYS---    

 IHEP    ID      IDPDG IST MO1 MO2 DA1 DA2   P-X     P-Y     P-Z  ENERGY    MASS
  320 DBAR0       -421 196 318 303 323 324  -45.83  -82.96   31.7  100.0    1.86
  321 A_2+         215 197 319 311 325 326  -33.48  -63.61   22.4   75.3    1.32
  322 ETA          221 197 319 311 327 328   -5.33  -10.78    3.4   12.5    0.55

                           ---STRONG HADRON DECAYS--- 

 IHEP    ID      IDPDG IST MO1 MO2 DA1 DA2   P-X     P-Y     P-Z  ENERGY    MASS
  323 K0           311 198 320 303 329 329  -15.77  -27.52   10.8   33.5    0.50
  324 F0P0     9010221 198 320 303 330 331  -30.06  -55.44   20.9   66.4    1.00
  325 RHO+         213 198 321 311 332 333  -28.40  -53.35   18.6   63.2    0.77
  326 PI0          111   1 321 311   0   0   -5.08  -10.26    3.8   12.1    0.13
  327 GAMMA         22   1 322 311   0   0   -3.23   -7.00    2.3    8.1    0.00
  328 GAMMA         22   1 322 311   0   0   -2.09   -3.78    1.0    4.4    0.00
  329 K_S0         310 198 323 303 334 335  -15.77  -27.52   10.8   33.5    0.50
  330 PI+          211   1 324 303   0   0   -3.87   -6.85    2.3    8.2    0.14
  331 PI-         -211   1 324 303   0   0  -26.20  -48.59   18.6   58.2    0.14
  332 PI+          211   1 325 311   0   0   -7.66  -14.32    5.3   17.1    0.14
  333 PI0          111   1 325 311   0   0  -20.74  -39.03   13.3   46.2    0.13
  334 PI0          111   1 329 303   0   0   -1.35   -2.40    0.9    2.9    0.13
  335 PI0          111   1 329 303   0   0  -14.42  -25.12    9.9   30.6    0.13

 HWWARN CALLED FROM SUBPROGRAM HWDFOR: CODE = 101
 EVENT    2335:   SEEDS = 1497661658 &  620209613  WEIGHT = 0.6039E-03
 EVENT KILLED.   EXECUTION CONTINUES

 HWWARN CALLED FROM SUBPROGRAM HWSBRN: CODE = 105
 EVENT    3721:   SEEDS =  379953063 & 1091313570  WEIGHT = 0.6039E-03
 EVENT KILLED.   EXECUTION CONTINUES

 HWWARN CALLED FROM SUBPROGRAM HWDFIV: CODE = 101
 EVENT    4028:   SEEDS =  890628814 &  636299593  WEIGHT = 0.6039E-03
 EVENT KILLED.   EXECUTION CONTINUES

          OUTPUT ON LES HOUCHES EVENTS


      PROC CODE  XSECT(pb)        XERR(pb)      Max wgt(nb) No. of events


          OUTPUT ON ELEMENTARY PROCESS

          N.B. NEGATIVE WEIGHTS ALLOWED

          NUMBER OF EVENTS   =        9997
          NEGATIVE  EVENTS   =        2614
          NUMBER OF WEIGHTS  =       10000
          NEGATIVE  WEIGHTS  =        2614
          MEAN VALUE OF WGT  =  2.8818E-04
          RMS SPREAD IN WGT  =  5.3070E-04
          MEAN ABS WEIGHT    =  6.0390E-04
          ACTUAL MAX ABS WGT =  1.0000E+00
          ASSUMED MAXABS WGT =  2.8818E-04

          PROCESS CODE IPROC =      -18000
          CROSS SECTION (PB) =  0.2882    
          ERROR IN C-S  (PB) =  5.3070E-03
          EFFICIENCY PERCENT =   100.0    
 # of events processed=        9997
