 A PDF is used, so alpha_s(MZ) is going to be modified
 Old value of alpha_s from param_card:   0.11799999999999999     
  ****************************************
 
       NNPDFDriver version 1.0.3
   Grid: NNPDF23nlo_as_0119_qed_mem0.grid
  ****************************************
 New value of alpha_s from PDF nn23nlo:  0.11899999999999999     
 *****************************************************
 *               MadGraph/MadEvent                   *
 *        --------------------------------           *
 *          http://madgraph.hep.uiuc.edu             *
 *          http://madgraph.phys.ucl.ac.be           *
 *          http://madgraph.roma2.infn.it            *
 *        --------------------------------           *
 *                                                   *
 *          PARAMETER AND COUPLING VALUES            *
 *                                                   *
 *****************************************************

  External Params
  ---------------------------------
  
 MU_R =    91.188000000000002     
 aEWM1 =    132.50700000000001     
 mdl_Gf =    1.1663900000000000E-005
 aS =   0.11799999999999999     
 mdl_ymb =    4.7000000000000002     
 mdl_ymt =    173.00000000000000     
 mdl_ymtau =    1.7769999999999999     
 mdl_MT =    173.00000000000000     
 mdl_MB =    4.7000000000000002     
 mdl_MZ =    91.188000000000002     
 mdl_MH =    125.00000000000000     
 mdl_MTA =    1.7769999999999999     
 mdl_WT =    1.4915000000000000     
 mdl_WZ =    2.4414039999999999     
 mdl_WW =    2.0476000000000001     
 mdl_WH =    6.3823389999999999E-003
  Internal Params
  ---------------------------------
  
 mdl_conjg__CKM3x3 =    1.0000000000000000     
 mdl_CKM22 =    1.0000000000000000     
 mdl_lhv =    1.0000000000000000     
 mdl_CKM3x3 =    1.0000000000000000     
 mdl_conjg__CKM22 =    1.0000000000000000     
 mdl_conjg__CKM33 =    1.0000000000000000     
 mdl_Ncol =    3.0000000000000000     
 mdl_CA =    3.0000000000000000     
 mdl_TF =   0.50000000000000000     
 mdl_CF =    1.3333333333333333     
 mdl_complexi =                (0.0000000000000000,1.0000000000000000)
 mdl_MZ__exp__2 =    8315.2513440000002     
 mdl_MZ__exp__4 =    69143404.913893804     
 mdl_sqrt__2 =    1.4142135623730951     
 mdl_MH__exp__2 =    15625.000000000000     
 mdl_Ncol__exp__2 =    9.0000000000000000     
 mdl_MB__exp__2 =    22.090000000000003     
 mdl_MT__exp__2 =    29929.000000000000     
 mdl_aEW =    7.5467711139788835E-003
 mdl_MW =    80.419002445756163     
 mdl_sqrt__aEW =    8.6872153846781555E-002
 mdl_ee =   0.30795376724436879     
 mdl_MW__exp__2 =    6467.2159543705357     
 mdl_sw2 =   0.22224648578577766     
 mdl_cw =   0.88190334743339216     
 mdl_sqrt__sw2 =   0.47143025548407230     
 mdl_sw =   0.47143025548407230     
 mdl_g1 =   0.34919219678733299     
 mdl_gw =   0.65323293034757990     
 mdl_v =    246.21845810181637     
 mdl_v__exp__2 =    60623.529110035903     
 mdl_lam =   0.12886910601690263     
 mdl_yb =    2.6995554250465490E-002
 mdl_yt =   0.99366614581500623     
 mdl_ytau =    1.0206617000654717E-002
 mdl_muH =    88.388347648318430     
 mdl_AxialZUp =  -0.18517701861793787     
 mdl_AxialZDown =   0.18517701861793787     
 mdl_VectorZUp =    7.5430507588273299E-002
 mdl_VectorZDown =  -0.13030376310310560     
 mdl_VectorAUp =   0.20530251149624587     
 mdl_VectorADown =  -0.10265125574812294     
 mdl_VectorWmDxU =   0.23095271737156670     
 mdl_AxialWmDxU =  -0.23095271737156670     
 mdl_VectorWpUxD =   0.23095271737156670     
 mdl_AxialWpUxD =  -0.23095271737156670     
 mdl_I1x33 =          (2.69955542504654901E-002,0.0000000000000000)
 mdl_I2x33 =               (0.99366614581500623,0.0000000000000000)
 mdl_I3x33 =               (0.99366614581500623,0.0000000000000000)
 mdl_I4x33 =          (2.69955542504654901E-002,0.0000000000000000)
 mdl_Vector_tbGp =              (-0.96667059156454072,0.0000000000000000)
 mdl_Axial_tbGp =              (-1.0206617000654716,-0.0000000000000000)
 mdl_Vector_tbGm =               (0.96667059156454072,0.0000000000000000)
 mdl_Axial_tbGm =              (-1.0206617000654716,-0.0000000000000000)
 mdl_gw__exp__2 =   0.42671326129048615     
 mdl_cw__exp__2 =   0.77775351421422245     
 mdl_ee__exp__2 =    9.4835522759998875E-002
 mdl_sw__exp__2 =   0.22224648578577769     
 mdl_yb__exp__2 =    7.2875994928982540E-004
 mdl_yt__exp__2 =   0.98737240933884918     
  Internal Params evaluated point by point
  ----------------------------------------
  
 mdl_sqrt__aS =   0.34351128074635334     
 mdl_G__exp__4 =    2.1987899468922913     
 mdl_G__exp__2 =    1.4828317324943823     
 mdl_R2MixedFactor_FIN_ =   -2.5040377713124864E-002
 mdl_GWcft_UV_b_1EPS_ =   -3.1300472141406080E-003
 mdl_GWcft_UV_t_1EPS_ =   -3.1300472141406080E-003
 mdl_bWcft_UV_1EPS_ =   -1.8780283284843650E-002
 mdl_tWcft_UV_1EPS_ =   -1.8780283284843650E-002
 mdl_G__exp__3 =    1.8056676068262196     
 mdl_MU_R__exp__2 =    8315.2513440000002     
 mdl_GWcft_UV_b_FIN_ =   -1.8563438626678915E-002
 mdl_GWcft_UV_t_FIN_ =    4.0087659331150384E-003
 mdl_bWcft_UV_FIN_ =  -0.13642100947319838     
 mdl_tWcft_UV_FIN_ =   -9.8778211443463623E-004
  Couplings of loop_sm
  ---------------------------------
  
    R2_UUZ_V2 =  -0.00000E+00  -0.72127E-02
    R2_UUZ_V5 =   0.00000E+00   0.68702E-03
      R2_sxcW =  -0.00000E+00  -0.11566E-01
         GC_5 =   0.00000E+00   0.12177E+01
        GC_22 =   0.00000E+00   0.28804E+00
        GC_23 =  -0.00000E+00  -0.27437E-01
        GC_31 =   0.00000E+00   0.52532E+02
        GC_32 =   0.00000E+00   0.67544E+02
        GC_47 =   0.00000E+00   0.46191E+00

 Collider parameters:
 --------------------

 Running at P P   machine @    13000.000000000000       GeV
 PDF set = nn23nlo
 alpha_s(Mz)= 0.1190 running at 2 loops.
 alpha_s(Mz)= 0.1190 running at 2 loops.
 Renormalization scale set on event-by-event basis
 Factorization   scale set on event-by-event basis


 ===============================================================
 INFO: MadFKS read these parameters from FKS_params.dat
 ===============================================================
  > IRPoleCheckThreshold      =   -1.0000000000000000     
  > PrecisionVirtualAtRunTime =   -1.0000000000000000     
  > NHelForMCoverHels         =            4
  > VirtualFraction           =    1.0000000000000000     
  > MinVirtualFraction        =    5.0000000000000001E-003
 ===============================================================
  Insert the number of points to test
 Insert the relative tolerance
  A negative number will mean use the default one:   -1.0000000000000000     
Using random seed offsets:     1 ,      3 ,      0
  with seed                15455
 Ranmar initialization seeds       10742       25457
  ========================================================================================== 
 {                                                                                          }
 {       [32m                                                                            [0m       }
 {       [32m                               ,,                                           [0m       }
 {       [32m`7MMM.     ,MMF'             `7MM  `7MMF'                                   [0m       }
 {       [32m  MMMb    dPMM                 MM    MM                                     [0m       }
 {       [32m  M YM   ,M MM   ,6"Yb.   ,M""bMM    MM         ,pW"Wq.   ,pW"Wq.`7MMpdMAo. [0m       }
 {       [32m  M  Mb  M' MM  8)   MM ,AP    MM    MM        6W'   `Wb 6W'   `Wb MM   `Wb [0m       }
 {       [32m  M  YM.P'  MM   ,pm9MM 8MI    MM    MM      , 8M     M8 8M     M8 MM    M8 [0m       }
 {       [32m  M  `YM'   MM  8M   MM `Mb    MM    MM     ,M YA.   ,A9 YA.   ,A9 MM   ,AP [0m       }
 {       [32m.JML. `'  .JMML.`Moo9^Yo.`Wbmd"MML..JMMmmmmMMM  `Ybmd9'   `Ybmd9'  MMbmmd'  [0m       }
 {       [32m                                                                   MM       [0m       }
 {       [32m                                                                 .JMML.     [0m       }
 {       [32m[0mv2.6.7 (2019-10-16), Ref: arXiv:1103.0621v2, arXiv:1405.0301[32m                [0m       }
 {       [32m                                                                            [0m       }
 {                                                                                          }
  ========================================================================================== 
 ===============================================================
 INFO: MadLoop read these parameters from ./MadLoop5_resources/MadLoopParams.dat                                                                                                                                                                                                                                                                                                                                                                                                                                                                                          
 ===============================================================
  > MLReductionLib            = 6|7|1
  > CTModeRun                 =           -1
  > MLStabThres               =    1.0000000000000000E-003
  > NRotations_DP             =            0
  > NRotations_QP             =            0
  > CTStabThres               =    1.0000000000000000E-002
  > CTLoopLibrary             =            2
  > CTModeInit                =            1
  > CheckCycle                =            3
  > MaxAttempts               =           10
  > UseLoopFilter             =  F
  > HelicityFilterLevel       =            2
  > ImprovePSPoint            =            2
  > DoubleCheckHelicityFilter =  T
  > LoopInitStartOver         =  F
  > HelInitStartOver          =  F
  > ZeroThres                 =    1.0000000000000001E-009
  > OSThres                   =    1.0000000000000000E-008
  > WriteOutFilters           =  T
  > UseQPIntegrandForNinja    =  T
  > UseQPIntegrandForCutTools =  T
  > IREGIMODE                 =            2
  > IREGIRECY                 =  T
  > COLLIERMode               =            1
  > COLLIERRequiredAccuracy   =    1.0000000000000000E-008
  > COLLIERCanOutput          =  F
  > COLLIERComputeUVpoles     =  T
  > COLLIERComputeIRpoles     =  T
  > COLLIERGlobalCache        =           -1
  > COLLIERUseCacheForPoles   =  F
  > COLLIERUseInternalStabilityTest =  T
 ===============================================================
  
------------------------------------------------------------------------
|              You are using CutTools - Version 1.9.3                  |
|              Authors: G. Ossola, C. Papadopoulos, R. Pittau          |
|              Published in JHEP 0803:042,2008                         |
|              http://www.ugr.es/~pittau/CutTools                      |
|                                                                      |
|              Compiler with  34  significant digits detetected        |
 ---------------------------------------------------------------------- 
   
########################################################################
#                                                                      #
#                      You are using OneLOop-3.6                       #
#                                                                      #
# for the evaluation of 1-loop scalar 1-, 2-, 3- and 4-point functions #
#                                                                      #
# author: Andreas van Hameren <hamerenREMOVETHIS@ifj.edu.pl>           #
#   date: 18-02-2015                                                   #
#                                                                      #
# Please cite                                                          #
#    A. van Hameren,                                                   #
#      Comput.Phys.Commun. 182 (2011) 2427-2438, arXiv:1007.4716       #
#    A. van Hameren, C.G. Papadopoulos and R. Pittau,                  #
#      JHEP 0909:106,2009, arXiv:0903.4665                             #
# in publications with results obtained with the help of this program. #
#                                                                      #

  +----------------------------------------------------------------+
  |                                                                |
  |  Ninja - version 1.2.0                                         |
  |                                                                |
  |  Author: Tiziano Peraro                                        |
  |                                                                |
  |  Based on:                                                     |
  |                                                                |
  |      P. Mastrolia, E. Mirabella and T. Peraro,                 |
  |      "Integrand reduction of one-loop scattering amplitudes    |
  |      through Laurent series expansion,"                        |
  |      JHEP 1206 (2012) 095  [arXiv:1203.0291 [hep-ph]].         |
  |                                                                |
  |      T. Peraro,                                                |
  |      "Ninja: Automated Integrand Reduction via Laurent         |
  |      Expansion for One-Loop Amplitudes,"                       |
  |      Comput.Phys.Commun. 185 (2014) [arXiv:1403.1229 [hep-ph]] |
  |                                                                |
  +----------------------------------------------------------------+


########################################################################
########################################################################
#                                                                      #
#                      You are using OneLOop-3.6                       #
#                                                                      #
# for the evaluation of 1-loop scalar 1-, 2-, 3- and 4-point functions #
#                                                                      #
# author: Andreas van Hameren <hamerenREMOVETHIS@ifj.edu.pl>           #
#   date: 18-02-2015                                                   #
#                                                                      #
# Please cite                                                          #
#    A. van Hameren,                                                   #
#      Comput.Phys.Commun. 182 (2011) 2427-2438, arXiv:1007.4716       #
#    A. van Hameren, C.G. Papadopoulos and R. Pittau,                  #
#      JHEP 0909:106,2009, arXiv:0903.4665                             #
# in publications with results obtained with the help of this program. #
#                                                                      #
########################################################################
 PASSED  -1.0000000000000000     
 MU_R    =    325.00000000000000     
 ALPHA_S =   0.11799999999999999     
 BORN                    6.0205541388768117E-008
 SINGLE POLE (MadFKS)   -1.5358981514493076E-008
 DOUBLE POLE (MadFKS)   -6.0302779871917031E-009
 SINGLE POLE (MadLoop)  -1.5859144701628614E-008
 DOUBLE POLE (MadLoop)  -6.0302779871907916E-009
 FINITE PART (MadLoop)  -5.0331333371896730E-008
   325.00000000000000        0.0000000000000000        0.0000000000000000        325.00000000000000        0.0000000000000000     
   325.00000000000000        0.0000000000000000        0.0000000000000000       -325.00000000000000        0.0000000000000000     
   328.90311666817399       -33.482487165864477       -131.36967260504665        272.34755796017180        125.00000000000000     
   105.42851419754714       -31.332849783734048        21.761849551525767       -98.284515740929947        0.0000000000000000     
   215.66836913427886        64.815336949598503        109.60782305352083       -174.06304221924185        0.0000000000000000     

 PASSED  -1.0000000000000000     
 MU_R    =    325.00000000000000     
 ALPHA_S =   0.11799999999999999     
 BORN                    3.4553770363594483E-008
 SINGLE POLE (MadFKS)   -7.3721351689125110E-009
 DOUBLE POLE (MadFKS)   -3.4609578452679435E-009
 SINGLE POLE (MadLoop)  -7.4153647173501789E-009
 DOUBLE POLE (MadLoop)  -3.4609578452680353E-009
 FINITE PART (MadLoop)  -2.0914096356363230E-008
   325.00000000000000        0.0000000000000000        0.0000000000000000        325.00000000000000        0.0000000000000000     
   325.00000000000000        0.0000000000000000        0.0000000000000000       -325.00000000000000        0.0000000000000000     
   325.07908338495940       -235.35696146889589       -75.038243258418930        170.37538904203390        125.00000000000000     
   99.085715784653743        57.785674151106520       -27.436126842009884       -75.670693662529999        0.0000000000000000     
   225.83520083038684        177.57128731778937        102.47437010042879       -94.704695379503875        0.0000000000000000     

 PASSED  -1.0000000000000000     
 MU_R    =    325.00000000000000     
 ALPHA_S =   0.11799999999999999     
 BORN                    7.5081608968538491E-008
 SINGLE POLE (MadFKS)   -1.8937354366070259E-008
 DOUBLE POLE (MadFKS)   -7.5202873915253902E-009
 SINGLE POLE (MadLoop)  -2.0542713997144919E-008
 DOUBLE POLE (MadLoop)  -7.5202873915252198E-009
 FINITE PART (MadLoop)  -5.9117988793427987E-008
   325.00000000000000        0.0000000000000000        0.0000000000000000        325.00000000000000        0.0000000000000000     
   325.00000000000000        0.0000000000000000        0.0000000000000000       -325.00000000000000        0.0000000000000000     
   318.04701952520907        61.284193360850267        277.06630533427517        70.763102824797357        125.00000000000000     
   26.385928540094991       -15.895753795123211        11.989891980016127        17.314292550242129        0.0000000000000000     
   305.56705193469594       -45.388439565727062       -289.05619731429124       -88.077395375039501        0.0000000000000000     

 PASSED  -1.0000000000000000     
 MU_R    =    325.00000000000000     
 ALPHA_S =   0.11799999999999999     
 BORN                    6.0961054966508961E-006
 SINGLE POLE (MadFKS)   -1.9107785580988504E-006
 DOUBLE POLE (MadFKS)   -6.1059513686078036E-007
 SINGLE POLE (MadLoop)  -1.9146875681851295E-006
 DOUBLE POLE (MadLoop)  -6.1059513686078936E-007
 FINITE PART (MadLoop)  -5.0696175041894818E-006
   325.00000000000000        0.0000000000000000        0.0000000000000000        325.00000000000000        0.0000000000000000     
   325.00000000000000        0.0000000000000000        0.0000000000000000       -325.00000000000000        0.0000000000000000     
   266.62040391574357       -228.99902410880276       -54.789569177180859       -4.3577345936984289        125.00000000000000     
   151.19109063263232        48.328640653118448        31.863304987671849       -139.67039118785777        0.0000000000000000     
   232.18850545162420        180.67038345568437        22.926264189508984        144.02812578155618        0.0000000000000000     

 PASSED  -1.0000000000000000     
 MU_R    =    325.00000000000000     
 ALPHA_S =   0.11799999999999999     
 BORN                    2.7124858807142676E-004
 SINGLE POLE (MadFKS)   -1.1454254386354014E-004
 DOUBLE POLE (MadFKS)   -2.7168668397841369E-005
 SINGLE POLE (MadLoop)  -1.1457978143928261E-004
 DOUBLE POLE (MadLoop)  -2.7168668397840844E-005
 FINITE PART (MadLoop)  -3.2450457865080775E-004
   325.00000000000000        0.0000000000000000        0.0000000000000000        325.00000000000000        0.0000000000000000     
   325.00000000000000        0.0000000000000000        0.0000000000000000       -325.00000000000000        0.0000000000000000     
   183.34544476323566        65.361996982367572       -86.049429026684408       -79.459783727916559        125.00000000000000     
   186.78595192494905        25.855876882754895        38.799554962424125       -180.87304940717686        0.0000000000000000     
   279.86860331181532       -91.217873865122428        47.249874064260354        260.33283313509349        0.0000000000000000     

 PASSED  -1.0000000000000000     
 MU_R    =    325.00000000000000     
 ALPHA_S =   0.11799999999999999     
 BORN                    2.3368806170907065E-008
 SINGLE POLE (MadFKS)   -2.4458442551088581E-009
 DOUBLE POLE (MadFKS)   -2.3406549328972646E-009
 SINGLE POLE (MadLoop)  -2.8476428232329023E-009
 DOUBLE POLE (MadLoop)  -2.3406549328972808E-009
 FINITE PART (MadLoop)  -8.4632125140754221E-009
   325.00000000000000        0.0000000000000000        0.0000000000000000        325.00000000000000        0.0000000000000000     
   325.00000000000000        0.0000000000000000        0.0000000000000000       -325.00000000000000        0.0000000000000000     
   162.25029831489064       -50.375209351610451       -62.178433355832482        65.546472151189960        125.00000000000000     
   282.78323535317566        244.01569908820809        129.21777858885866       -61.036566842044074        0.0000000000000000     
   204.96646633193373       -193.64048973659769       -67.039345233026197       -4.5099053091458723        0.0000000000000000     

 PASSED  -1.0000000000000000     
 MU_R    =    325.00000000000000     
 ALPHA_S =   0.11799999999999999     
 BORN                    5.2367867262104080E-006
 SINGLE POLE (MadFKS)   -1.9857039220166755E-006
 DOUBLE POLE (MadFKS)   -5.2452447050954893E-007
 SINGLE POLE (MadLoop)  -1.9967013493932566E-006
 DOUBLE POLE (MadLoop)  -5.2452447050955687E-007
 FINITE PART (MadLoop)  -5.4921260139426246E-006
   325.00000000000000        0.0000000000000000        0.0000000000000000        325.00000000000000        0.0000000000000000     
   325.00000000000000        0.0000000000000000        0.0000000000000000       -325.00000000000000        0.0000000000000000     
   288.74103505760752        47.575458949722609       -102.12482166259974       -234.63478393504241        125.00000000000000     
   281.75074791284555        7.7824103444585599        61.603936479276712        274.82334880598381        0.0000000000000000     
   79.508217029546984       -55.357869294180986        40.520885183323067       -40.188564870941420        0.0000000000000000     

 PASSED  -1.0000000000000000     
 MU_R    =    325.00000000000000     
 ALPHA_S =   0.11799999999999999     
 BORN                    2.5730094110843932E-008
 SINGLE POLE (MadFKS)   -2.9336263521458265E-009
 DOUBLE POLE (MadFKS)   -2.5771651005191272E-009
 SINGLE POLE (MadLoop)  -3.4067502327112586E-009
 DOUBLE POLE (MadLoop)  -2.5771651005191694E-009
 FINITE PART (MadLoop)  -9.9084848625055878E-009
   325.00000000000000        0.0000000000000000        0.0000000000000000        325.00000000000000        0.0000000000000000     
   325.00000000000000        0.0000000000000000        0.0000000000000000       -325.00000000000000        0.0000000000000000     
   207.29360120155482        116.85928424929968        109.44045005032490        41.380341668876717        125.00000000000000     
   153.83050422791371        7.9507231995858696        150.80205932177856       -29.314653945229104        0.0000000000000000     
   288.87589457053139       -124.81000744888556       -260.24250937210348       -12.065687723647617        0.0000000000000000     

 PASSED  -1.0000000000000000     
 MU_R    =    325.00000000000000     
 ALPHA_S =   0.11799999999999999     
 BORN                    1.1855340732598922E-007
 SINGLE POLE (MadFKS)   -2.2415511103226357E-008
 DOUBLE POLE (MadFKS)   -1.1874488394482859E-008
 SINGLE POLE (MadLoop)  -2.2817546293919844E-008
 DOUBLE POLE (MadLoop)  -1.1874488394482915E-008
 FINITE PART (MadLoop)  -5.6123176554430374E-008
   325.00000000000000        0.0000000000000000        0.0000000000000000        325.00000000000000        0.0000000000000000     
   325.00000000000000        0.0000000000000000        0.0000000000000000       -325.00000000000000        0.0000000000000000     
   272.41740944363505        124.01666461923132        207.58261921915312       -10.750258732620660        125.00000000000000     
   164.93687715170412        57.867357422370716       -136.08087054178557       -73.058463316016287        0.0000000000000000     
   212.64571340466080       -181.88402204160204       -71.501748677367516        83.808722048636952        0.0000000000000000     

 PASSED  -1.0000000000000000     
 MU_R    =    325.00000000000000     
 ALPHA_S =   0.11799999999999999     
 BORN                    3.4210751518564460E-008
 SINGLE POLE (MadFKS)   -5.2279924432070156E-009
 DOUBLE POLE (MadFKS)   -3.4266005594988565E-009
 SINGLE POLE (MadLoop)  -6.2294317018373875E-009
 DOUBLE POLE (MadLoop)  -3.4266005594988557E-009
 FINITE PART (MadLoop)  -1.6003014346915842E-008
   325.00000000000000        0.0000000000000000        0.0000000000000000        325.00000000000000        0.0000000000000000     
   325.00000000000000        0.0000000000000000        0.0000000000000000       -325.00000000000000        0.0000000000000000     
   276.87345678587872        82.247079797042218        160.64938220695367        168.70419358731098        125.00000000000000     
   78.571050279253299        73.412288304611309        27.684819031146048       -4.1948376700743397        0.0000000000000000     
   294.55549293486808       -155.65936810165351       -188.33420123809969       -164.50935591723655        0.0000000000000000     

 PASSED  -1.0000000000000000     
 MU_R    =    325.00000000000000     
 ALPHA_S =   0.11799999999999999     
 BORN                    3.2493298250035339E-008
 SINGLE POLE (MadFKS)   -3.8290577176422091E-009
 DOUBLE POLE (MadFKS)   -3.2545778453044165E-009
 SINGLE POLE (MadLoop)  -4.2502460268920485E-009
 DOUBLE POLE (MadLoop)  -3.2545778453043863E-009
 FINITE PART (MadLoop)  -1.2135428417881661E-008
   325.00000000000000        0.0000000000000000        0.0000000000000000        325.00000000000000        0.0000000000000000     
   325.00000000000000        0.0000000000000000        0.0000000000000000       -325.00000000000000        0.0000000000000000     
   159.45033784444095        74.171533432236714        35.163766246869073       -55.330854054067380        125.00000000000000     
   202.44627453107861        130.84877788673535        153.39305451064411       -18.266423430853806        0.0000000000000000     
   288.10338762448043       -205.02031131897203       -188.55682075751318        73.597277484921193        0.0000000000000000     

 PASSED  -1.0000000000000000     
 MU_R    =    325.00000000000000     
 ALPHA_S =   0.11799999999999999     
 BORN                    5.3400679176660554E-007
 SINGLE POLE (MadFKS)   -1.3549018593486136E-007
 DOUBLE POLE (MadFKS)   -5.3486927068839282E-008
 SINGLE POLE (MadLoop)  -1.3609805215206971E-007
 DOUBLE POLE (MadLoop)  -5.3486927068838733E-008
 FINITE PART (MadLoop)  -3.4367280277033163E-007
   325.00000000000000        0.0000000000000000        0.0000000000000000        325.00000000000000        0.0000000000000000     
   325.00000000000000        0.0000000000000000        0.0000000000000000       -325.00000000000000        0.0000000000000000     
   301.61793043586255        259.26355550490786       -57.274541274298066        69.644896935706299        125.00000000000000     
   157.34232500275783       -80.062091099783714        33.201783735109174       -131.31759350068239        0.0000000000000000     
   191.03974456137962       -179.20146440512414        24.072757539188935        61.672696564976107        0.0000000000000000     

 PASSED  -1.0000000000000000     
 MU_R    =    325.00000000000000     
 ALPHA_S =   0.11799999999999999     
 BORN                    1.5981203492359783E-006
 SINGLE POLE (MadFKS)   -4.1508706559623876E-007
 DOUBLE POLE (MadFKS)   -1.6007014870359968E-007
 SINGLE POLE (MadLoop)  -4.1780076190327472E-007
 DOUBLE POLE (MadLoop)  -1.6007014870360077E-007
 FINITE PART (MadLoop)  -1.0204959492148525E-006
   325.00000000000000        0.0000000000000000        0.0000000000000000        325.00000000000000        0.0000000000000000     
   325.00000000000000        0.0000000000000000        0.0000000000000000       -325.00000000000000        0.0000000000000000     
   261.51440592991992       -142.74994881828871       -73.048713489062109       -164.47225321873535        125.00000000000000     
   86.216809538661224       -14.955427324437416       -67.171930088413148       -51.938475610731885        0.0000000000000000     
   302.26878453141893        157.70537614272612        140.22064357747524        216.41072882946725        0.0000000000000000     

 PASSED  -1.0000000000000000     
 MU_R    =    325.00000000000000     
 ALPHA_S =   0.11799999999999999     
 BORN                    1.3977646335414220E-008
 SINGLE POLE (MadFKS)   -1.7184179305674943E-009
 DOUBLE POLE (MadFKS)   -1.4000221751169906E-009
 SINGLE POLE (MadLoop)  -2.0120349348502885E-009
 DOUBLE POLE (MadLoop)  -1.4000221751169900E-009
 FINITE PART (MadLoop)  -5.5858937427763984E-009
   325.00000000000000        0.0000000000000000        0.0000000000000000        325.00000000000000        0.0000000000000000     
   325.00000000000000        0.0000000000000000        0.0000000000000000       -325.00000000000000        0.0000000000000000     
   281.46419650055378       -108.39124416459515       -186.12046642104744       -131.17775756341183        125.00000000000000     
   194.69118551920147       -59.507358231424867        159.14263073256427        95.063952782890667        0.0000000000000000     
   173.84461798024466        167.89860239602001        26.977835688483168        36.113804780521100        0.0000000000000000     

 PASSED  -1.0000000000000000     
 MU_R    =    325.00000000000000     
 ALPHA_S =   0.11799999999999999     
 BORN                    5.7215459236419273E-006
 SINGLE POLE (MadFKS)   -1.8670163004011486E-006
 DOUBLE POLE (MadFKS)   -5.7307868412393493E-007
 SINGLE POLE (MadLoop)  -1.8751706871901207E-006
 DOUBLE POLE (MadLoop)  -5.7307868412393536E-007
 FINITE PART (MadLoop)  -4.7121096643904742E-006
   325.00000000000000        0.0000000000000000        0.0000000000000000        325.00000000000000        0.0000000000000000     
   325.00000000000000        0.0000000000000000        0.0000000000000000       -325.00000000000000        0.0000000000000000     
   195.41775154926333        120.44917927574691       -8.6802210978959842        89.329427368925892        125.00000000000000     
   186.99248026364708       -49.274312786612889        93.432454760374910        154.30037644804358        0.0000000000000000     
   267.58976818708965       -71.174866489134203       -84.752233662478403       -243.62980381696960        0.0000000000000000     

 PASSED  -1.0000000000000000     
 MU_R    =    325.00000000000000     
 ALPHA_S =   0.11799999999999999     
 BORN                    1.6944135422319463E-008
 SINGLE POLE (MadFKS)   -2.0470704287475105E-009
 DOUBLE POLE (MadFKS)   -1.6971502039888714E-009
 SINGLE POLE (MadLoop)  -2.3380039801965786E-009
 DOUBLE POLE (MadLoop)  -1.6971502039888673E-009
 FINITE PART (MadLoop)  -6.5954423097567558E-009
   325.00000000000000        0.0000000000000000        0.0000000000000000        325.00000000000000        0.0000000000000000     
   325.00000000000000        0.0000000000000000        0.0000000000000000       -325.00000000000000        0.0000000000000000     
   269.97501847853874        235.72168348389752       -14.146217486058342        38.686988366138053        125.00000000000000     
   139.76650287136567       -46.265955246817647       -131.28394327394841       -12.596148158609468        0.0000000000000000     
   240.25847865009555       -189.45572823707982        145.43016076000669       -26.090840207528668        0.0000000000000000     

 PASSED  -1.0000000000000000     
 MU_R    =    325.00000000000000     
 ALPHA_S =   0.11799999999999999     
 BORN                    1.4339353152265242E-008
 SINGLE POLE (MadFKS)   -1.2902019172811041E-009
 DOUBLE POLE (MadFKS)   -1.4362512763784374E-009
 SINGLE POLE (MadLoop)  -1.7658470120281711E-009
 DOUBLE POLE (MadLoop)  -1.4362512763784575E-009
 FINITE PART (MadLoop)  -5.3213380797065468E-009
   325.00000000000000        0.0000000000000000        0.0000000000000000        325.00000000000000        0.0000000000000000     
   325.00000000000000        0.0000000000000000        0.0000000000000000       -325.00000000000000        0.0000000000000000     
   184.49739888367347        80.812980349921361       -59.405026241770031        91.403475092685184        125.00000000000000     
   265.37903026094585       -119.37493499176345        236.89882221628054       -7.3893592747587427        0.0000000000000000     
   200.12357085538073        38.561954641842156       -177.49379597451042       -84.014115817926424        0.0000000000000000     

 PASSED  -1.0000000000000000     
 MU_R    =    325.00000000000000     
 ALPHA_S =   0.11799999999999999     
 BORN                    1.1945007608694153E-008
 SINGLE POLE (MadFKS)   -9.0277353338542296E-010
 DOUBLE POLE (MadFKS)   -1.1964300092314080E-009
 SINGLE POLE (MadLoop)  -1.2922620944460917E-009
 DOUBLE POLE (MadLoop)  -1.1964300092314074E-009
 FINITE PART (MadLoop)  -4.1622715096908998E-009
   325.00000000000000        0.0000000000000000        0.0000000000000000        325.00000000000000        0.0000000000000000     
   325.00000000000000        0.0000000000000000        0.0000000000000000       -325.00000000000000        0.0000000000000000     
   157.92729837063308       -37.192718224920185       -74.826552589467809        48.308594569333764        125.00000000000000     
   218.82910083288681        132.68820964142981       -173.42782669330035        14.240903128673699        0.0000000000000000     
   273.24360079648011       -95.495491416509637        248.25437928276813       -62.549497698007436        0.0000000000000000     

 PASSED  -1.0000000000000000     
 MU_R    =    325.00000000000000     
 ALPHA_S =   0.11799999999999999     
 BORN                    2.1077984220167242E-008
 SINGLE POLE (MadFKS)   -2.4229572132440033E-009
 DOUBLE POLE (MadFKS)   -2.1112027452170940E-009
 SINGLE POLE (MadLoop)  -3.0901179499305038E-009
 DOUBLE POLE (MadLoop)  -2.1112027452170655E-009
 FINITE PART (MadLoop)  -8.6725262461694851E-009
   325.00000000000000        0.0000000000000000        0.0000000000000000        325.00000000000000        0.0000000000000000     
   325.00000000000000        0.0000000000000000        0.0000000000000000       -325.00000000000000        0.0000000000000000     
   254.73537531383585       -51.200516750397220       -97.339600776642143        192.79165086024094        125.00000000000000     
   146.96460319548171       -136.74894227678570        27.041892540564628       -46.551664056296651        0.0000000000000000     
   248.30002149068244        187.94945902718294        70.297708236077526       -146.23998680394439        0.0000000000000000     

 PASSED  -1.0000000000000000     
 MU_R    =    325.00000000000000     
 ALPHA_S =   0.11799999999999999     
 BORN                    8.5892885945938371E-008
 SINGLE POLE (MadFKS)   -1.3419093453862409E-008
 DOUBLE POLE (MadFKS)   -8.6031612278266051E-009
 SINGLE POLE (MadLoop)  -1.3974547590456429E-008
 DOUBLE POLE (MadLoop)  -8.6031612278266332E-009
 FINITE PART (MadLoop)  -3.6366503810500927E-008
   325.00000000000000        0.0000000000000000        0.0000000000000000        325.00000000000000        0.0000000000000000     
   325.00000000000000        0.0000000000000000        0.0000000000000000       -325.00000000000000        0.0000000000000000     
   193.54483965589390        57.219851597138359        95.889074906771441       -96.776954147930894        125.00000000000000     
   221.47991773917744        122.22390535119648       -182.61414335954595       -27.690170954939266        0.0000000000000000     
   234.97524260492864       -179.44375694833499        86.725068452774536        124.46712510287016        0.0000000000000000     

 NUMBER OF POINTS PASSING THE CHECK          20
 NUMBER OF POINTS FAILING THE CHECK           0
 TOLERANCE   -1.0000000000000000     
