 Enter filename for events
 Enter maximum number of events to generate
 MUST coincide with the number of events on tape
 Enter 0 to use Herwig default PDFs
       1 to use PDFs from library
 Enter colliding particles (PART1, PART2)
 Enter beam momenta (PBEAM1, PBEAM2)


          HERWIG 6.521  11th Mar. 2013

          Please reference:  G. Marchesini, B.R. Webber,
          G.Abbiendi, I.G.Knowles, M.H.Seymour & L.Stanco
          Computer Physics Communications 67 (1992) 465
                             and
          G.Corcella, I.G.Knowles, G.Marchesini, S.Moretti,
          K.Odagiri, P.Richardson, M.H.Seymour & B.R.Webber,
          JHEP 0101 (2001) 010
 Enter .TRUE. for underlying event, .FALSE. otherwise

 Underlying event WILL NOT be generated

 Enter Lambda_QCD, <0 for Herwig default
 Enter Z mass, width
 Enter W mass, width
 Enter top mass, width
 Enter Higgs (SM) boson mass, width
 Enter quark (d,u,s,c,b) and gluon masses
 Enter lepton (e,mu,tau) masses
 Enter number of events to print
 Enter accepted error fraction
 Is it single-top (.TRUE. or .FALSE)?
 Is it b-bbar (.TRUE. or .FALSE)?
 Enter the two random seeds (0 0 for default)

          INPUT CONDITIONS FOR THIS RUN

          BEAM 1 (P       ) MOM. =   6500.00
          BEAM 2 (P       ) MOM. =   6500.00
          PROCESS CODE (IPROC)   =  -18000
          NUMBER OF FLAVOURS     =    6
          STRUCTURE FUNCTION SET =    8
          AZIM SPIN CORRELATIONS =    T
          AZIM SOFT CORRELATIONS =    T
          QCD LAMBDA (GEV)       =    0.1800
          DOWN     QUARK  MASS   =    0.3200
          UP       QUARK  MASS   =    0.3200
          STRANGE  QUARK  MASS   =    0.5000
          CHARMED  QUARK  MASS   =    1.5500
          BOTTOM   QUARK  MASS   =    4.9500
          TOP      QUARK  MASS   =  173.0000
          GLUON EFFECTIVE MASS   =    0.7500
          EXTRA SHOWER CUTOFF (Q)=    0.4800
          EXTRA SHOWER CUTOFF (G)=    0.1000
          PHOTON SHOWER CUTOFF   =    0.4000
          CLUSTER MASS PARAMETER =    3.3500
          SPACELIKE EVOLN CUTOFF =    2.5000
          INTRINSIC P-TRAN (RMS) =    0.0000
          DECAY SPIN CORRELATIONS=    T
          SUSY THREE BODY ME     =    T
          SUSY FOUR  BODY ME     =    F

          NO EVENTS WILL BE WRITTEN TO DISK

          B_d: Delt-M/Gam =0.7000 Delt-Gam/2*Gam =0.0000
          B_s: Delt-M/Gam = 10.00 Delt-Gam/2*Gam =0.2000

          PDFLIB NOT USED FOR BEAM 1
          PDFLIB NOT USED FOR BEAM 2


          Checking consistency of particle properties


          Checking consistency of decay tables


          WRITING SUDAKOV TABLE ON UNIT  77

          WRITING MATRIX ELEMENT TABLE ON UNIT  88

          CHECKING SUSY DECAY MATRIX ELEMENTS
 Do you want a stable Pi0 (.TRUE. or .FALSE)?
 Do you want a stable W+ (.TRUE. or .FALSE)?
 Do you want a stable W- (.TRUE. or .FALSE)?
 Do you want a stable Z0 (.TRUE. or .FALSE)?
 Do you want a stable Tau+ (.TRUE. or .FALSE)?
 Do you want a stable Tau- (.TRUE. or .FALSE)?
 Do you want a stable Mu+ (.TRUE. or .FALSE)?
 Do you want a stable Mu- (.TRUE. or .FALSE)?
 Do you want a stable Higgs (.TRUE. or .FALSE)?

          PARTICLE TYPE  21=PI0      SET STABLE
 How many decay modes do you want to set?
 How are the events normalized ("average" or "sum")?
 stdhep initialized

          SUBROUTINE TIMEL CALLED BUT NOT LINKED.
          DUMMY TIMEL WILL BE USED. DELETE DUMMY
          AND LINK CERNLIB FOR CPU TIME REMAINING.

 HWWARN CALLED FROM SUBPROGRAM HWSMRS: CODE =   5
 EVENT       1:   SEEDS = 1973774260 & 1099242306  WEIGHT = 0.5922E-03
 EVENT SURVIVES. EXECUTION CONTINUES
 WARNING: MRST98 CALLED WITH Q OUTSIDE ALLOWED RANGE!
 Q VALUE=1.430E+04, MINIMUM=1.118E+00, MAXIMUM=3.162E+03
 NO FURTHER WARNINGS WILL BE ISSUED



 EVENT       1: 6500.00 GEV/C P        ON  6500.00 GEV/C P        PROCESS:-18000
 SEEDS:  1973774260 &  1099242306   STATUS:  100 ERROR:   0  WEIGHT:  5.9217E-04


                               ---INITIAL STATE---    

 IHEP    ID      IDPDG IST MO1 MO2 DA1 DA2   P-X     P-Y     P-Z  ENERGY    MASS
    1 P           2212 101   0   0   0   0    0.00    0.00 6500.0 6500.0    0.94
    2 P           2212 102   0   0   0   0    0.00    0.00-6500.0 6500.0    0.94
    3 CMF            0 103   1   2   0   0    0.00    0.00    0.013000.013000.00

                              ---HARD SUBPROCESS---   

 IHEP    ID      IDPDG IST MO1 MO2 DA1 DA2   P-X     P-Y     P-Z  ENERGY    MASS
    4 UQRK           2 121   6   8  11  10    0.00    0.00  697.4  697.4    0.32
    5 DQRK           1 122   6   9  16   8    0.00    0.00 -332.9  332.9    0.32
    6 HARD           0 120   4   5   7  10    4.25    4.54  364.5 1030.4  963.71
    7 HIGGS         25 123   6   7  20   7 -208.83   89.94   42.3  262.9  125.00
    8 UQRK           2 124   6   5  21   4    4.34  -27.34 -191.5  193.5    0.32
    9 DQRK           1 124   6  10  26   5   44.93  -83.52  199.7  221.0    0.32
   10 GLUON         21 124   6   4  30   9  159.56   20.92  314.1  352.9    0.75

                              ---PARTON SHOWERS---    

 IHEP    ID      IDPDG IST MO1 MO2 DA1 DA2   P-X     P-Y     P-Z  ENERGY    MASS
   11 UQRK          94 141   4   6  13  15    2.36    4.98  697.5  697.4   -8.55
   12 CONE           0 100   4  10   0   0    0.99    0.13    2.0    2.2    0.00
   13 GLUON         21   2  11  14  38  39   -1.08   -2.04  267.9  267.9    0.75
   14 GLUON         21   2  11  15  40  41   -1.29   -2.94  275.5  275.5    0.75
   15 UD          2101   2  11  23  42  41    0.00    0.00 5259.1 5259.1    0.32
   16 DQRK          94 142   5   6  18  19    1.88   -0.44 -332.9  332.9   -4.97
   17 CONE           0 100   5   8   0   0    0.16   -0.99   -6.4    6.5    0.00
   18 GLUON         21   2  16  19  43  44   -1.88    0.44  -68.1   68.1    0.75
   19 UU          2203   2  16  28  45  44    0.00    0.00-6099.0 6099.0    0.31
   20 HIGGS         25 195   7   6 153 154 -207.23   90.87   42.2  261.9  125.00
   21 UQRK          94 144   8   6  23  25    5.12  -26.42 -191.0  193.1   10.16
   22 CONE           0 100   8   5   0   0   -0.09    0.45   -3.9    4.0    0.00
   23 UQRK           2   2  21  24  46  42    5.44  -26.76 -178.4  180.5    0.32
   24 DBAR          -1   2  21  25  47  46   -0.71    0.12   -5.6    5.7    0.32
   25 DQRK           1   2  21  43  48  47    0.39    0.22   -6.9    6.9    0.32
   26 DQRK          94 144   9   6  28  29   45.73  -82.34  199.6  221.4   17.97
   27 CONE           0 100   9  10   0   0    0.75    0.47    1.0    1.3    0.00
   28 DQRK           1   2  26  29  49  45   34.05  -72.73  175.0  192.5    0.32
   29 GLUON         21   2  26  32  50  51   11.68   -9.62   24.6   28.9    0.75
   30 GLUON         94 144  10   6  32  37  160.63   22.43  313.7  353.9   23.14
   31 CONE           0 100  10   4   0   0   -0.49   -0.07    1.2    1.3    0.00
   32 UBAR          -2   2  30  33  52  51    0.10    0.30    0.8    0.9    0.32
   33 UQRK           2   2  30  34  53  52    1.03   -0.27    6.3    6.4    0.32
   34 GLUON         21   2  30  35  54  55    1.64   -0.67    2.9    3.5    0.75
   35 GLUON         21   2  30  36  56  57   31.50    3.87   57.7   65.8    0.75
   36 GLUON         21   2  30  37  58  59  111.52   18.04  217.5  245.1    0.75
   37 GLUON         21   2  30  38  60  61   14.84    1.16   28.6   32.3    0.75

                              ---GLUON SPLITTING---   

 IHEP    ID      IDPDG IST MO1 MO2 DA1 DA2   P-X     P-Y     P-Z  ENERGY    MASS
   38 UBAR          -2 158  11  39 106  83   -0.42   -0.52   81.4   81.4    0.32
   39 UQRK           2 158  11  40  84  38   -0.53   -1.38  164.2  164.2    0.32
   40 UBAR          -2 158  11  41  84  39   -0.38   -0.70   70.8   70.8    0.32
   41 UQRK           2 158  11  66  85  40   -0.78   -1.91  175.5  175.5    0.32
   42 UD          2101 161  11  46  96  63   -0.00   -0.01 4511.5 4511.5    0.64
   43 UBAR          -2 158  16  44  88  48   -0.64    0.12  -29.4   29.4    0.32
   44 UQRK           2 158  16  68  86  43   -0.61    0.16  -22.4   22.4    0.32
   45 UU          2203 162  16  49  97  65   -0.00    0.00-5653.7 5653.7    0.64
   46 UQRK           2 158  21  70  87  42    4.56  -22.41 -149.4  151.2    0.32
   47 DBAR          -1 158  21  48 100  71   -0.68    0.11   -5.4    5.4    0.32
   48 DQRK           1 158  21  43  88  47    0.39    0.22   -6.9    6.9    0.32
   49 DQRK           1 158  26  74  89  45   22.38  -47.81  115.0  126.6    0.32
   50 UBAR          -2 158  26  51 104  79    3.06   -2.62    6.8    7.9    0.32
   51 UQRK           2 158  26  52  90  50    7.14   -5.78   14.6   17.2    0.32
   52 UBAR          -2 158  30  53  90  51    0.10    0.30    0.8    0.9    0.32
   53 UQRK           2 158  30  54  91  52    1.03   -0.27    6.3    6.4    0.32
   54 UBAR          -2 158  30  55  91  53    0.68   -0.26    1.6    1.8    0.32
   55 UQRK           2 158  30  56  92  54    0.96   -0.41    1.3    1.7    0.32
   56 DBAR          -1 158  30  57  92  55   10.97    1.25   19.8   22.7    0.32
   57 DQRK           1 158  30  58  93  56   20.53    2.62   37.9   43.2    0.32
   58 UBAR          -2 158  30  59  93  57   42.14    6.82   82.6   93.0    0.32
   59 UQRK           2 158  30  60  94  58   69.38   11.22  134.9  152.2    0.32
   60 UBAR          -2 158  30  61  94  59    3.71    0.30    7.3    8.2    0.32
   61 UQRK           2 158  30  76  95  60    9.70    0.75   18.6   21.0    0.32
   62 DBAR          -1 159  11  63  98  67   -0.01   -0.02  437.1  437.1    0.32
   63 DQRK           1 159  11  42  96  62   -0.02   -0.06  138.8  138.8    0.32
   64 UBAR          -2 159  16  65  99  69   -0.01    0.00 -282.2  282.2    0.32
   65 UQRK           2 159  16  45  97  64   -0.02    0.01 -137.9  137.9    0.32
   66 UBAR          -2 159  11  67  85  41   -0.02   -0.06  142.4  142.4    0.32
   67 UQRK           2 159  11  62  98  66   -0.08   -0.19   58.4   58.4    0.32
   68 UBAR          -2 159  16  69  86  44   -0.16    0.04  -22.1   22.1    0.32
   69 UQRK           2 159  16  64  99  68   -0.45    0.12  -19.4   19.4    0.32
   70 DBAR          -1 159  21  71  87  46    0.38   -1.97  -13.3   13.5    0.32
   71 DQRK           1 159  21  47 100  70    0.47   -2.37  -15.9   16.1    0.32
   72 DBAR          -1 159  26  73 102  75    0.74   -1.05    2.6    2.9    0.32
   73 DQRK           1 159  26  78 101  72    5.14  -10.95   26.4   29.0    0.32
   74 DBAR          -1 159  26  75  89  49    0.82   -0.99    2.5    2.8    0.32
   75 DQRK           1 159  26  72 102  74    2.27   -4.77   11.5   12.7    0.32
   76 UBAR          -2 159  11  77  95  61    0.13    0.00    1.7    1.7    0.32
   77 UQRK           2 159  30  80 103  76    0.61    0.04    1.5    1.6    0.32
   78 SBAR          -3 159  26  79 101  73    1.47   -2.77    6.7    7.4    0.50
   79 SQRK           3 159  26  50 104  78    2.70   -5.60   13.5   14.9    0.50
   80 UBAR          -2 159  11  81 103  77   -0.07   -0.10   15.9   15.9    0.32
   81 UQRK           2 159  30  82 105  80    0.45    0.03    1.3    1.4    0.32
   82 DBAR          -1 159  11  83 105  81    0.14    0.00    1.7    1.7    0.32
   83 DQRK           1 159  30  38 106  82    0.06   -0.01    3.0    3.0    0.32

                             ---CLUSTER FORMATION---  

 IHEP    ID      IDPDG IST MO1 MO2 DA1 DA2   P-X     P-Y     P-Z  ENERGY    MASS
   84 CLUS          91 183  39  40 107 108   -0.91   -2.08  235.1  235.1    0.75
   85 CLUS          91 183  41  66 109 110   -0.80   -1.96  318.0  318.0    1.90
   86 CLUS          91 183  44  68 111 112   -0.77    0.20  -44.5   44.5    0.78
   87 CLUS          91 183  46  70 113 114    4.94  -24.38 -162.7  164.6    1.17
   88 CLUS          91 183  48  43 115 116   -0.25    0.34  -36.3   36.3    1.43
   89 CLUS          91 183  49  74 117 118   23.20  -48.80  117.5  129.4    3.16
   90 CLUS          91 183  51  52 119 120    7.23   -5.47   15.3   18.1    3.26
   91 CLUS          91 183  53  54 121 122    1.71   -0.54    7.8    8.1    1.19
   92 CLUS          91 183  55  56 123 124   11.93    0.85   21.1   24.4    2.34
   93 CLUS          91 183  57  58 125 126   62.67    9.44  120.5  136.1    1.89
   94 CLUS          91 183  59  60 127 128   73.08   11.52  142.2  160.3    1.95
   95 CLUS          91 183  61  76 129 130    9.83    0.75   20.3   22.7    2.69
   96 CLUS          91 184  63  42 131 132   -0.03   -0.06 4650.3 4650.3    2.00
   97 CLUS          91 185  65  45 133 134   -0.02    0.01-5791.6 5791.6    2.18
   98 CLUS          91 183  67  62 135 136   -0.09   -0.21  495.5  495.5    1.14
   99 CLUS          91 183  69  64 137 138   -0.46    0.12 -301.6  301.6    2.19
  100 CLUS          91 183  71  47 139 140   -0.21   -2.26  -21.3   21.6    2.25
  101 CLUS          91 183  73  78 141 142    6.61  -13.73   33.1   36.4    1.21
  102 CLUS          91 183  75  72 143 144    3.02   -5.82   14.1   15.6    0.95
  103 CLUS          91 183  77  80 145 146    0.54   -0.06   17.4   17.5    2.25
  104 CLUS          91 183  79  50 147 148    5.76   -8.22   20.3   22.8    2.49
  105 CLUS          91 183  81  82 149 150    0.59    0.03    3.0    3.1    0.74
  106 CLUS          91 183  83  38 151 152   -0.37   -0.54   84.4   84.4    1.78

                              ---CLUSTER DECAYS---    

 IHEP    ID      IDPDG IST MO1 MO2 DA1 DA2   P-X     P-Y     P-Z  ENERGY    MASS
  107 PI0          111   1  84  11   0   0   -0.79   -1.06  114.8  114.8    0.13
  108 PI0          111   1  84  11   0   0   -0.12   -1.01  120.3  120.3    0.13
  109 PI+          211   1  85  11   0   0    0.08   -0.90   85.0   85.0    0.14
  110 A_2-        -215 197  85  11 217 218   -0.88   -1.06  233.0  233.0    1.32
  111 PI0          111   1  86  16   0   0   -0.35    0.46  -26.6   26.6    0.13
  112 PI0          111   1  86  16   0   0   -0.42   -0.26  -17.9   17.9    0.13
  113 OMEGA        223 197  87  21 219 221    4.82  -23.75 -158.4  160.3    0.78
  114 PI+          211   1  87  21   0   0    0.12   -0.63   -4.3    4.4    0.14
  115 ETA          221 197  88  21 222 223    0.12    0.17  -10.6   10.7    0.55
  116 RHO-        -213 197  88  21 224 225   -0.36    0.17  -25.6   25.6    0.77
  117 XI-         3312 197  89  26 226 227   17.63  -37.50   90.2   99.3    1.32
  118 XIBAR+     -3312 197  89  26 228 229    5.57  -11.30   27.3   30.1    1.32
  119 DELTA0      2114 197  90  26 230 231    6.50   -5.20   13.4   15.8    1.23
  120 NBAR       -2112   1  90  26   0   0    0.74   -0.27    2.0    2.3    0.94
  121 K+           321   1  91  30   0   0    0.97   -0.27    5.5    5.6    0.49
  122 K-          -321   1  91  30   0   0    0.74   -0.27    2.4    2.5    0.49
  123 P           2212   1  92  30   0   0    5.71    0.76   11.4   12.8    0.94
  124 NBAR       -2112   1  92  30   0   0    6.22    0.09    9.7   11.6    0.94
  125 RHO0         113 197  93  30 232 233   18.92    2.67   35.6   40.4    0.77
  126 RHO-        -213 197  93  30 234 235   43.76    6.77   84.9   95.8    0.77
  127 A_1+       20213 197  94  30 236 237   58.33    9.68  113.1  127.6    1.23
  128 PI-         -211   1  94  30   0   0   14.75    1.84   29.1   32.7    0.14
  129 RHO_3+       217 197  95  30 238 239    8.20    0.66   17.1   19.1    1.69
  130 RHO-        -213 197  95  30 240 241    1.63    0.09    3.1    3.6    0.77
  131 PI-         -211   1  96  11   0   0   -0.32   -0.41  706.4  706.4    0.14
  132 DELTA+      2214 197  96  11 242 243    0.30    0.35 3943.9 3943.9    1.23
  133 RHO+         213 197  97  16 244 245   -0.26   -0.28-2825.1 2825.1    0.77
  134 DELTA+      2214 197  97  16 246 247    0.23    0.28-2966.5 2966.5    1.23
  135 OMEGA        223 197  98  11 248 250    0.18   -0.27  380.6  380.6    0.78
  136 PI+          211   1  98  11   0   0   -0.27    0.06  115.0  115.0    0.14
  137 PI_20      10115 197  99  16 251 252   -0.50    0.26 -294.9  294.9    1.67
  138 PI0          111   1  99  16   0   0    0.04   -0.14   -6.7    6.7    0.13
  139 RHO-        -213 197 100  21 253 254    0.14   -1.35  -10.3   10.4    0.77
  140 A_2+         215 197 100  21 255 256   -0.35   -0.91  -11.1   11.2    1.32
  141 PI-         -211   1 101  26   0   0    1.62   -2.97    7.8    8.5    0.14
  142 K*+          323 197 101  26 257 258    5.00  -10.76   25.3   28.0    0.89
  143 PI-         -211   1 102  26   0   0    0.32   -0.26    1.1    1.2    0.14
  144 PI+          211   1 102  26   0   0    2.70   -5.56   12.9   14.3    0.14
  145 K+           321   1 103  30   0   0    0.30   -0.57   13.1   13.1    0.49
  146 K*-         -323 197 103  30 259 260    0.24    0.51    4.3    4.4    0.89
  147 KL_1-     -10323 197 104  26 261 262    3.54   -4.59   12.2   13.6    1.57
  148 OMEGA        223 197 104  26 263 265    2.23   -3.63    8.0    9.1    0.78
  149 PI+          211   1 105  30   0   0    0.12   -0.03    2.2    2.2    0.14
  150 PI0          111   1 105  30   0   0    0.48    0.07    0.8    1.0    0.13
  151 PI-         -211   1 106  30   0   0    0.16    0.04   24.4   24.4    0.14
  152 FH_00      10221 197 106  30 266 267   -0.53   -0.57   60.0   60.0    1.35

                            ---H/W/Z BOSON DECAYS---  

 IHEP    ID      IDPDG IST MO1 MO2 DA1 DA2   P-X     P-Y     P-Z  ENERGY    MASS
  153 BQRK           5 123  20 154 155 154 -216.57   83.01   15.9  232.5    4.95
  154 BBAR          -5 124  20 153 157 153    9.34    7.86   26.3   29.4    4.95

                              ---PARTON SHOWERS---    

 IHEP    ID      IDPDG IST MO1 MO2 DA1 DA2   P-X     P-Y     P-Z  ENERGY    MASS
  155 BQRK          94 143 153  20 156 156 -199.38   76.42   14.7  214.1    4.95
  156 BQRK           5   2 155 159 163 162 -199.38   76.42   14.7  214.1    4.95
  157 BBAR          94 144 154  20 159 162   -7.86   14.45   27.5   47.9   35.51
  158 CONE           0 100 154 153   0   0   -0.72   -0.20   -1.1    1.3    0.00
  159 GLUON         21   2 157 160 164 165   -0.73   -0.60    0.4    1.3    0.75
  160 GLUON         21   2 157 161 166 167   -5.95   -0.19   -4.4    7.4    0.75
  161 GLUON         21   2 157 162 168 169   -4.04    0.14    0.4    4.1    0.75
  162 BBAR          -5   2 157 163 170 169    2.86   15.11   31.1   35.0    4.95

                              ---GLUON SPLITTING---   

 IHEP    ID      IDPDG IST MO1 MO2 DA1 DA2   P-X     P-Y     P-Z  ENERGY    MASS
  163 BQRK           5 158 155 173 185 170 -150.99   57.84   11.2  162.2    4.95
  164 DBAR          -1 158 157 165 193 180   -0.41   -0.08    0.2    0.6    0.32
  165 DQRK           1 158 157 166 186 164   -0.21   -0.19   -0.0    0.4    0.32
  166 DBAR          -1 158 157 167 186 165   -3.69   -0.00   -2.9    4.7    0.32
  167 DQRK           1 158 157 168 187 166   -2.26   -0.19   -1.5    2.7    0.32
  168 DBAR          -1 158 157 169 187 167   -1.81    0.18    0.0    1.8    0.32
  169 DQRK           1 158 157 177 188 168   -1.02   -0.00    0.2    1.1    0.32
  170 BBAR          -5 158 157 163 195 184    1.14    8.40   17.4   19.9    4.95
  171 SBAR          -3 159 157 172 190 174   -2.13    0.75    0.2    2.3    0.50
  172 SQRK           3 159 155 179 189 171  -15.96    6.11    1.2   17.1    0.50
  173 UBAR          -2 159 157 174 185 163   -3.94    1.50    0.3    4.2    0.32
  174 UQRK           2 159 155 171 190 173  -23.93    9.18    1.8   25.7    0.32
  175 DBAR          -1 159 157 176 192 178    0.76    3.58    7.3    8.2    0.32
  176 DQRK           1 159 157 181 191 175   -0.07    0.20    0.4    0.6    0.32
  177 DBAR          -1 159 157 178 188 169    0.10    0.65    1.3    1.5    0.32
  178 DQRK           1 159 157 175 192 177   -0.32    0.06    0.2    0.5    0.32
  179 SBAR          -3 159 157 180 189 172   -1.33    0.39    0.2    1.5    0.50
  180 SQRK           3 159 155 164 193 179   -1.20    0.33    0.2    1.4    0.50
  181 DBAR          -1 159 157 182 191 176    0.06    0.48    1.0    1.2    0.32
  182 DQRK           1 159 157 183 194 181   -0.21    0.09    0.2    0.5    0.32
  183 UBAR          -2 159 157 184 194 182    0.29    1.44    2.9    3.3    0.32
  184 UQRK           2 159 157 170 195 183   -0.09    0.17    0.4    0.5    0.32

                             ---CLUSTER FORMATION---  

 IHEP    ID      IDPDG IST MO1 MO2 DA1 DA2   P-X     P-Y     P-Z  ENERGY    MASS
  185 CLUS          91 183 163 173 196 196 -154.92   59.33   11.5  166.4    5.28
  186 CLUS          91 183 165 166 197 198   -3.91   -0.20   -2.9    5.1    1.62
  187 CLUS          91 183 167 168 199 200   -4.06   -0.01   -1.5    4.6    1.53
  188 CLUS          91 183 169 177 201 202   -0.92    0.65    1.6    2.6    1.78
  189 CLUS          91 183 172 179 203 204  -17.28    6.51    1.4   18.6    1.93
  190 CLUS          91 183 174 171 205 206  -26.06    9.93    2.0   28.0    1.80
  191 CLUS          91 183 176 181 207 208   -0.02    0.68    1.4    1.7    0.70
  192 CLUS          91 183 178 175 209 210    0.44    3.64    7.5    8.7    2.35
  193 CLUS          91 183 180 164 211 212   -1.62    0.25    0.4    1.9    0.93
  194 CLUS          91 183 182 183 213 214    0.08    1.53    3.2    3.8    1.31
  195 CLUS          91 183 184 170 215 216    1.05    8.57   17.7   20.5    5.48

                              ---CLUSTER DECAYS---    

 IHEP    ID      IDPDG IST MO1 MO2 DA1 DA2   P-X     P-Y     P-Z  ENERGY    MASS
  196 B-          -521 199 185 155 329 330 -154.92   59.33   11.5  166.4    5.28
  197 RHO-        -213 197 186 157 268 269   -2.30   -0.23   -1.4    2.8    0.77
  198 RHO+         213 197 186 157 270 271   -1.61    0.03   -1.4    2.3    0.77
  199 PI-         -211   1 187 157   0   0   -1.40    0.32   -1.0    1.8    0.14
  200 RHO+         213 197 187 157 272 273   -2.66   -0.33   -0.5    2.8    0.77
  201 RHO0         113 197 188 157 274 275   -0.28    0.52    0.3    1.0    0.77
  202 RHO0         113 197 188 157 276 277   -0.64    0.13    1.2    1.6    0.77
  203 K*BAR0      -313 197 189 155 278 279   -9.63    3.98    0.8   10.5    0.90
  204 K*0          313 197 189 155 280 281   -7.65    2.53    0.5    8.1    0.90
  205 K+           321   1 190 155   0   0  -12.77    4.51    1.2   13.6    0.49
  206 PHI          333 197 190 155 282 283  -13.30    5.42    0.7   14.4    1.02
  207 PI-         -211   1 191 157   0   0    0.13    0.33    1.2    1.3    0.14
  208 PI+          211   1 191 157   0   0   -0.15    0.35    0.2    0.5    0.14
  209 DELTA+      2214 197 192 157 284 285    0.58    2.39    4.3    5.1    1.23
  210 PBAR       -2212   1 192 157   0   0   -0.14    1.25    3.3    3.6    0.94
  211 K-          -321   1 193 155   0   0   -1.21    0.45    0.1    1.4    0.49
  212 PI+          211   1 193 155   0   0   -0.40   -0.20    0.2    0.5    0.14
  213 PI-         -211   1 194 157   0   0   -0.34    0.76    1.3    1.5    0.14
  214 OMEGA        223 197 194 157 286 288    0.41    0.77    1.9    2.2    0.78
  215 PI+          211   1 195 157   0   0   -0.00    0.14    0.3    0.4    0.14
  216 B*0          513 197 195 157 289 290    1.05    8.43   17.5   20.1    5.32

                           ---STRONG HADRON DECAYS--- 

 IHEP    ID      IDPDG IST MO1 MO2 DA1 DA2   P-X     P-Y     P-Z  ENERGY    MASS
  217 RHO-        -213 198 110  11 291 292   -0.87   -0.66  128.8  128.8    0.77
  218 PI0          111   1 110  11   0   0   -0.01   -0.40  104.2  104.2    0.13
  219 PI+          211   1 113  21   0   0    2.90  -15.09 -100.0  101.1    0.14
  220 PI-         -211   1 113  21   0   0    1.33   -6.40  -42.7   43.2    0.14
  221 PI0          111   1 113  21   0   0    0.60   -2.25  -15.8   16.0    0.13
  222 GAMMA         22   1 115  21   0   0    0.26    0.29   -7.6    7.6    0.00
  223 GAMMA         22   1 115  21   0   0   -0.14   -0.13   -3.1    3.1    0.00
  224 PI-         -211   1 116  21   0   0    0.20    0.16   -8.9    8.9    0.14
  225 PI0          111   1 116  21   0   0   -0.56    0.01  -16.7   16.7    0.13
  226 LAMBDA      3122 198 117  26 293 294   16.64  -35.50   85.3   93.9    1.12
  227 PI-         -211   1 117  26   0   0    0.99   -2.00    4.9    5.4    0.14
  228 LAMBDABR   -3122 198 118  26 295 296    5.06  -10.49   25.3   27.9    1.12
  229 PI+          211   1 118  26   0   0    0.50   -0.81    2.0    2.2    0.14
  230 N           2112   1 119  26   0   0    5.75   -4.83   12.0   14.2    0.94
  231 PI0          111   1 119  26   0   0    0.75   -0.38    1.4    1.6    0.13
  232 PI+          211   1 125  30   0   0    3.35    0.30    5.9    6.8    0.14
  233 PI-         -211   1 125  30   0   0   15.57    2.36   29.7   33.6    0.14
  234 PI-         -211   1 126  30   0   0   31.98    4.81   62.6   70.5    0.14
  235 PI0          111   1 126  30   0   0   11.78    1.96   22.3   25.3    0.13
  236 RHO0         113 198 127  30 297 298   29.77    4.68   57.4   64.9    0.77
  237 PI+          211   1 127  30   0   0   28.56    5.00   55.7   62.8    0.14
  238 A_20         115 198 129  30 299 300    7.38    0.56   14.8   16.6    1.32
  239 PI+          211   1 129  30   0   0    0.82    0.10    2.4    2.5    0.14
  240 PI-         -211   1 130  30   0   0    0.65    0.37    1.1    1.3    0.14
  241 PI0          111   1 130  30   0   0    0.98   -0.28    2.0    2.3    0.13
  242 P           2212   1 132  11   0   0    0.45    0.34 3048.4 3048.4    0.94
  243 PI0          111   1 132  11   0   0   -0.15    0.01  895.6  895.6    0.13
  244 PI+          211   1 133  16   0   0    0.11    0.18 -823.1  823.1    0.14
  245 PI0          111   1 133  16   0   0   -0.37   -0.46-2002.0 2002.0    0.13
  246 P           2212   1 134  16   0   0    0.30    0.03-2177.5 2177.5    0.94
  247 PI0          111   1 134  16   0   0   -0.06    0.26 -789.0  789.0    0.13
  248 PI+          211   1 135  11   0   0    0.11    0.01  166.9  166.9    0.14
  249 PI-         -211   1 135  11   0   0    0.17    0.03   58.1   58.1    0.14
  250 PI0          111   1 135  11   0   0   -0.10   -0.32  155.6  155.6    0.13
  251 F_2          225 198 137  16 301 304   -0.32   -0.04 -258.2  258.2    1.27
  252 PI0          111   1 137  16   0   0   -0.18    0.30  -36.8   36.8    0.13
  253 PI-         -211   1 139  21   0   0    0.34   -1.24   -8.3    8.4    0.14
  254 PI0          111   1 139  21   0   0   -0.20   -0.11   -2.0    2.0    0.13
  255 RHO+         213 198 140  21 305 306   -0.66   -0.65   -7.7    7.8    0.77
  256 PI0          111   1 140  21   0   0    0.31   -0.26   -3.4    3.4    0.13
  257 K0           311 198 142  26 307 307    3.55   -7.11   16.5   18.4    0.50
  258 PI+          211   1 142  26   0   0    1.45   -3.65    8.8    9.6    0.14
  259 KBAR0       -311 198 146  30 308 308    0.10    0.50    2.0    2.2    0.50
  260 PI-         -211   1 146  30   0   0    0.14    0.01    2.2    2.2    0.14
  261 K-          -321   1 147  26   0   0    1.02   -1.04    3.9    4.2    0.49
  262 RHO0         113 198 147  26 309 310    2.52   -3.55    8.3    9.4    0.77
  263 PI+          211   1 148  26   0   0    1.44   -2.01    4.9    5.5    0.14
  264 PI-         -211   1 148  26   0   0    0.30   -0.90    1.5    1.8    0.14
  265 PI0          111   1 148  26   0   0    0.50   -0.72    1.6    1.8    0.13
  266 PI+          211   1 152  30   0   0   -0.19    0.24    4.4    4.4    0.14
  267 PI-         -211   1 152  30   0   0   -0.34   -0.82   55.7   55.7    0.14
  268 PI-         -211   1 197 157   0   0   -0.19    0.13   -0.1    0.3    0.14
  269 PI0          111   1 197 157   0   0   -2.11   -0.36   -1.4    2.6    0.13
  270 PI+          211   1 198 157   0   0   -0.25    0.20   -0.1    0.4    0.14
  271 PI0          111   1 198 157   0   0   -1.35   -0.17   -1.4    1.9    0.13
  272 PI+          211   1 200 157   0   0   -1.97   -0.44   -0.6    2.1    0.14
  273 PI0          111   1 200 157   0   0   -0.69    0.11    0.1    0.7    0.13
  274 PI+          211   1 201 157   0   0    0.16    0.45    0.1    0.5    0.14
  275 PI-         -211   1 201 157   0   0   -0.45    0.07    0.2    0.5    0.14
  276 PI+          211   1 202 157   0   0   -0.74    0.24    0.8    1.2    0.14
  277 PI-         -211   1 202 157   0   0    0.10   -0.11    0.4    0.4    0.14
  278 K-          -321   1 203 155   0   0   -4.54    2.12    0.3    5.0    0.49
  279 PI+          211   1 203 155   0   0   -5.09    1.86    0.5    5.4    0.14
  280 K+           321   1 204 155   0   0   -4.91    1.76    0.1    5.2    0.49
  281 PI-         -211   1 204 155   0   0   -2.74    0.76    0.4    2.9    0.14
  282 K+           321   1 206 155   0   0   -6.34    2.59    0.5    6.9    0.49
  283 K-          -321   1 206 155   0   0   -6.95    2.83    0.3    7.5    0.49
  284 N           2112   1 209 157   0   0    0.21    1.60    3.0    3.5    0.94
  285 PI+          211   1 209 157   0   0    0.37    0.79    1.3    1.6    0.14
  286 PI+          211   1 214 157   0   0    0.12    0.16    0.4    0.5    0.14
  287 PI-         -211   1 214 157   0   0    0.43    0.56    1.1    1.3    0.14
  288 PI0          111   1 214 157   0   0   -0.14    0.05    0.4    0.4    0.13
  289 B_D0         511 200 216 157 311 311    1.01    8.30   17.3   19.9    5.28
  290 GAMMA         22   1 216 157   0   0    0.04    0.13    0.2    0.2    0.00
  291 PI-         -211   1 217  11   0   0   -0.53   -0.12   33.9   33.9    0.14
  292 PI0          111   1 217  11   0   0   -0.34   -0.54   94.9   94.9    0.13
  293 N           2112   1 226  26   0   0   15.51  -33.15   79.5   87.6    0.94
  294 PI0          111   1 226  26   0   0    1.13   -2.35    5.8    6.3    0.13
  295 PBAR       -2212   1 228  26   0   0    3.94   -8.24   20.0   22.0    0.94
  296 PI+          211   1 228  26   0   0    1.13   -2.25    5.3    5.9    0.14
  297 PI+          211   1 236  30   0   0    9.34    1.78   17.9   20.3    0.14
  298 PI-         -211   1 236  30   0   0   20.43    2.90   39.5   44.6    0.14
  299 RHO+         213 198 238  30 315 316    5.23   -0.01   10.2   11.5    0.77
  300 PI-         -211   1 238  30   0   0    2.15    0.57    4.6    5.1    0.14
  301 PI+          211   1 251  16   0   0   -0.43    0.01 -156.9  156.9    0.14
  302 PI-         -211   1 251  16   0   0    0.23    0.10  -22.3   22.3    0.14
  303 PI0          111   1 251  16   0   0   -0.04    0.00  -22.0   22.0    0.13
  304 PI0          111   1 251  16   0   0   -0.08   -0.16  -56.9   56.9    0.13
  305 PI+          211   1 255  21   0   0    0.00   -0.49   -3.4    3.5    0.14
  306 PI0          111   1 255  21   0   0   -0.66   -0.16   -4.2    4.3    0.13
  307 K_S0         310 198 257  26 317 318    3.55   -7.11   16.5   18.4    0.50
  308 K_L0         130   1 259  30   0   0    0.10    0.50    2.0    2.2    0.50
  309 PI+          211   1 262  26   0   0    0.10   -0.15    0.3    0.4    0.14
  310 PI-         -211   1 262  26   0   0    2.42   -3.40    8.0    9.1    0.14
  311 B_D0         511 198 289 157 312 314    1.01    8.30   17.3   19.9    5.28
  312 E+           -11   1 311 157   0   0    0.03    0.09   -0.2    0.3    0.00
  313 NU_E          12   1 311 157   0   0    0.24    5.02    9.6   10.8    0.00
  314 D*-         -413 198 311 157 319 320    0.74    3.19    7.9    8.8    2.01
  315 PI+          211   1 299  30   0   0    1.06   -0.28    2.1    2.4    0.14
  316 PI0          111   1 299  30   0   0    4.17    0.27    8.1    9.1    0.13
  317 PI+          211   1 307  26   0   0    1.78   -3.13    7.3    8.2    0.14
  318 PI-         -211   1 307  26   0   0    1.77   -3.98    9.2   10.2    0.14
  319 DBAR0       -421 198 314 157 321 325    0.68    3.01    7.4    8.2    1.86
  320 PI-         -211   1 314 157   0   0    0.06    0.18    0.5    0.6    0.14
  321 K0           311 198 319 157 326 326    0.28    0.57    1.4    1.6    0.50
  322 PI-         -211   1 319 157   0   0   -0.08    1.12    3.0    3.2    0.14
  323 PI+          211   1 319 157   0   0    0.14    0.93    1.7    2.0    0.14
  324 PI0          111   1 319 157   0   0    0.12    0.13    0.8    0.9    0.13
  325 PI0          111   1 319 157   0   0    0.22    0.27    0.4    0.6    0.13
  326 K_S0         310 198 321 157 327 328    0.28    0.57    1.4    1.6    0.50
  327 PI+          211   1 326 157   0   0    0.04    0.45    1.0    1.1    0.14
  328 PI-         -211   1 326 157   0   0    0.25    0.12    0.3    0.5    0.14

                           ---HEAVY PARTICLE DECAYS---

 IHEP    ID      IDPDG IST MO1 MO2 DA1 DA2   P-X     P-Y     P-Z  ENERGY    MASS
  329 BQRK           5 155 196 330 331 333 -145.53   55.74   10.8  156.3    4.96
  330 UBAR          -2 125 196 333 334 333   -9.39    3.60    0.7   10.1    0.32
  331 CQRK           4 123 329 332 335 332  -39.80   15.04    2.1   42.6    1.55
  332 CBAR          -4 124 329 331 337 331  -77.91   30.59    7.1   84.0    1.55
  333 SQRK           3 124 329 329 339 329  -27.83   10.10    1.5   29.6    0.50
  334 UBAR          -2 160 330 343 345 343   -9.39    3.60    0.7   10.1    0.32

                              ---PARTON SHOWERS---    

 IHEP    ID      IDPDG IST MO1 MO2 DA1 DA2   P-X     P-Y     P-Z  ENERGY    MASS
  335 CQRK          94 143 331 329 336 336  -39.80   15.04    2.1   42.6    1.55
  336 CQRK           4   2 335 338 341 338  -39.80   15.04    2.1   42.6    1.55
  337 CBAR          94 144 332 329 338 338  -77.91   30.59    7.1   84.0    1.55
  338 CBAR          -4   2 337 341 342 341  -77.91   30.59    7.1   84.0    1.55
  339 SQRK          94 144 333 329 340 340  -27.83   10.10    1.5   29.6    0.50
  340 SQRK           3   2 339 334 343 334  -27.83   10.10    1.5   29.6    0.50

                              ---GLUON SPLITTING---   

 IHEP    ID      IDPDG IST MO1 MO2 DA1 DA2   P-X     P-Y     P-Z  ENERGY    MASS
  341 CQRK           4 158 335 342 344 342  -39.80   15.04    2.1   42.6    1.55
  342 CBAR          -4 158 337 341 344 341  -77.91   30.59    7.1   84.0    1.55
  343 SQRK           3 158 339 334 345 334  -27.83   10.10    1.5   29.6    0.50

                             ---CLUSTER FORMATION---  

 IHEP    ID      IDPDG IST MO1 MO2 DA1 DA2   P-X     P-Y     P-Z  ENERGY    MASS
  344 CLUS          91 183 341 342 346 347 -117.71   45.64    9.3  126.6    3.96
  345 CLUS          91 183 343 334 348 349  -37.22   13.70    2.2   39.7    0.97

                              ---CLUSTER DECAYS---    

 IHEP    ID      IDPDG IST MO1 MO2 DA1 DA2   P-X     P-Y     P-Z  ENERGY    MASS
  346 D+           411 197 344 335 350 351  -50.74   19.55    3.7   54.5    1.87
  347 D*-         -413 197 344 335 352 353  -66.96   26.08    5.6   72.1    2.01
  348 K-          -321   1 345 339   0   0  -31.53   11.41    1.6   33.6    0.49
  349 PI0          111   1 345 339   0   0   -5.69    2.28    0.5    6.2    0.13

                           ---STRONG HADRON DECAYS--- 

 IHEP    ID      IDPDG IST MO1 MO2 DA1 DA2   P-X     P-Y     P-Z  ENERGY    MASS
  350 KL_1BAR0  -10313 198 346 335 354 355  -42.85   16.76    3.2   46.1    1.57
  351 PI+          211   1 346 335   0   0   -7.90    2.79    0.5    8.4    0.14
  352 D-          -411 198 347 335 356 358  -61.85   24.06    5.2   66.6    1.87
  353 PI0          111   1 347 335   0   0   -5.11    2.03    0.4    5.5    0.13
  354 K*_0-     -10321 198 350 335 359 360  -38.98   15.27    2.9   42.0    1.43
  355 PI+          211   1 350 335   0   0   -3.87    1.49    0.3    4.2    0.14
  356 K*0          313 198 352 335 361 362  -30.95   12.59    2.4   33.5    0.90
  357 PI-         -211   1 352 335   0   0   -9.48    3.42    0.6   10.1    0.14
  358 PI0          111   1 352 335   0   0  -21.42    8.04    2.1   23.0    0.13
  359 KBAR0       -311 198 354 335 363 363   -9.94    4.10    1.2   10.8    0.50
  360 PI-         -211   1 354 335   0   0  -29.03   11.17    1.7   31.2    0.14
  361 K0           311 198 356 335 364 364  -11.57    4.58    0.8   12.5    0.50
  362 PI0          111   1 356 335   0   0  -19.38    8.01    1.6   21.0    0.13
  363 K_L0         130   1 359 335   0   0   -9.94    4.10    1.2   10.8    0.50
  364 K_S0         310 198 361 335 365 366  -11.57    4.58    0.8   12.5    0.50
  365 PI+          211   1 364 335   0   0   -6.93    2.96    0.5    7.6    0.14
  366 PI-         -211   1 364 335   0   0   -4.64    1.62    0.3    4.9    0.14



 EVENT       2: 6500.00 GEV/C P        ON  6500.00 GEV/C P        PROCESS:-18000
 SEEDS:   419428685 &   778819040   STATUS:  100 ERROR:   0  WEIGHT: -5.9217E-04


                               ---INITIAL STATE---    

 IHEP    ID      IDPDG IST MO1 MO2 DA1 DA2   P-X     P-Y     P-Z  ENERGY    MASS
    1 P           2212 101   0   0   0   0    0.00    0.00 6500.0 6500.0    0.94
    2 P           2212 102   0   0   0   0    0.00    0.00-6500.0 6500.0    0.94
    3 CMF            0 103   1   2   0   0    0.00    0.00    0.013000.013000.00

                              ---HARD SUBPROCESS---   

 IHEP    ID      IDPDG IST MO1 MO2 DA1 DA2   P-X     P-Y     P-Z  ENERGY    MASS
    4 UQRK           2 121   6   8  10   9    0.00    0.00 2019.7 2019.7    0.32
    5 DQRK           1 122   6   9  14   8    0.00    0.00-1632.6 1632.6    0.32
    6 HARD           0 120   4   5   7   9    4.70   -1.29  387.1 3652.4 3631.80
    7 HIGGS         25 123   6   7  23   7 -184.06   81.87  704.1  742.9  125.00
    8 UQRK           2 124   6   5  24   4  100.12   36.15-1607.4 1610.9    0.32
    9 DQRK           1 124   6   4  26   5   83.93 -118.01 1290.5 1298.6    0.32

                              ---PARTON SHOWERS---    

 IHEP    ID      IDPDG IST MO1 MO2 DA1 DA2   P-X     P-Y     P-Z  ENERGY    MASS
   10 UQRK          94 141   4   6  12  13    0.63    1.48 2019.8 2019.8   -5.43
   11 CONE           0 100   4   9   0   0    0.58   -0.81    7.9    7.9    0.00
   12 GLUON         21   2  10  13  30  31   -0.63   -1.48  234.5  234.5    0.75
   13 UD          2101   2  10  25  32  31    0.00    0.00 4245.6 4245.6    0.32
   14 DQRK          94 142   5   6  16  22    4.07   -2.77-1632.7 1632.6  -23.40
   15 CONE           0 100   5   8   0   0    0.94    0.34  -10.5   10.6    0.00
   16 GLUON         21   2  14  17  33  34    1.18    1.70 -515.8  515.8    0.75
   17 UD          2101   2  14  18  35  34    0.00    0.00-1822.0 1822.0    0.32
   18 UQRK           2   2  14  19  36  35    0.19   -1.10-1509.7 1509.7    0.32
   19 GLUON         21   2  14  20  37  38   -0.44    1.15 -728.2  728.2    0.75
   20 GLUON         21   2  14  21  39  40   -2.70   -1.17 -172.0  172.1    0.75
   21 GLUON         21   2  14  22  41  42   -3.38    0.61  -84.8   84.8    0.75
   22 DBAR          -1   2  14  28  43  42    1.09    1.58  -34.7   34.8    0.32
   23 HIGGS         25 195   7   6 140 141 -183.09   81.60  704.0  742.6  125.00
   24 UQRK          94 144   8   6  25  25  102.19   35.57-1607.3 1611.0    0.32
   25 UQRK           2   2  24  33  44  32  102.19   35.57-1607.3 1611.0    0.32
   26 DQRK          94 144   9   6  28  29   85.60 -118.47 1290.4 1298.8   16.89
   27 CONE           0 100   9   4   0   0   -0.25    0.34    5.1    5.1    0.00
   28 DQRK           1   2  26  29  45  43   70.04  -98.84 1008.7 1015.9    0.32
   29 GLUON         21   2  26  30  46  47   15.56  -19.63  281.8  282.9    0.75

                              ---GLUON SPLITTING---   

 IHEP    ID      IDPDG IST MO1 MO2 DA1 DA2   P-X     P-Y     P-Z  ENERGY    MASS
   30 DBAR          -1 158  10  31  88  59   -0.11   -0.66   93.0   93.0    0.32
   31 DQRK           1 158  10  48  74  30   -0.35   -0.46   94.5   94.5    0.32
   32 UD          2101 161  10  44  83  49   -0.01   -0.01 2654.0 2654.0    0.64
   33 DBAR          -1 158  14  34  90  63    0.49    0.76 -196.6  196.6    0.32
   34 DQRK           1 158  14  50  75  33    0.14    0.17 -172.7  172.7    0.32
   35 UD          2101 162  14  36  84  51    0.04    0.05-1404.8 1404.8    0.64
   36 UQRK           2 158  14  37  76  35    0.19   -1.10-1509.7 1509.7    0.32
   37 DBAR          -1 158  14  38  76  36   -0.32    0.94 -528.6  528.6    0.32
   38 DQRK           1 158  14  39  77  37   -0.12    0.22 -199.6  199.6    0.32
   39 UBAR          -2 158  14  40  77  38   -1.62   -0.76  -93.4   93.4    0.32
   40 UQRK           2 158  14  41  78  39   -1.09   -0.41  -78.7   78.7    0.32
   41 UBAR          -2 158  14  42  78  40   -1.82    0.35  -50.3   50.3    0.32
   42 UQRK           2 158  14  43  79  41   -1.55    0.26  -34.5   34.5    0.32
   43 DBAR          -1 158  14  45  79  42    1.09    1.58  -34.7   34.8    0.32
   44 UQRK           2 158  24  54  80  32   57.60   20.05 -906.0  908.0    0.32
   45 DQRK           1 158  26  56  81  43   35.96  -50.74  517.8  521.6    0.32
   46 UBAR          -2 158  26  47  95  73    3.51   -4.36   63.6   63.9    0.32
   47 UQRK           2 158  26  60  82  46    7.83   -9.99  141.4  142.0    0.32
   48 UBAR          -2 159  10  49  74  31   -0.00   -0.01 1529.5 1529.5    0.32
   49 UQRK           2 159  10  32  83  48   -0.13   -0.17   86.0   86.0    0.32
   50 DBAR          -1 159  14  51  75  34    0.06    0.08 -284.0  284.0    0.32
   51 DQRK           1 159  14  35  84  50    0.17    0.21 -164.2  164.2    0.32
   52 UBAR          -2 159  14  53  94  71    0.17    0.22  -55.8   55.8    0.32
   53 UQRK           2 159  24  64  85  52    4.68    1.63  -73.9   74.1    0.32
   54 UBAR          -2 159  14  55  80  44    0.58    0.21  -11.8   11.9    0.32
   55 UQRK           2 159  24  66  86  54   24.03    8.37 -378.1  378.9    0.32
   56 SBAR          -3 159  26  57  81  45    1.86   -2.48   30.0   30.2    0.50
   57 SQRK           3 159  26  68  87  56   19.09  -26.93  275.1  277.1    0.50
   58 SBAR          -3 159  10  59  89  61    0.21   -0.34   12.6   12.7    0.50
   59 SQRK           3 159  26  30  88  58    0.65   -0.85   14.7   14.7    0.50
   60 DBAR          -1 159  10  61  82  47    0.06   -0.17   12.1   12.1    0.32
   61 DQRK           1 159  26  58  89  60    0.82   -1.06   15.8   15.9    0.32
   62 SBAR          -3 159  14  63  91  65    0.25    0.14  -22.5   22.5    0.50
   63 SQRK           3 159  24  33  90  62    0.63    0.24  -16.0   16.1    0.50
   64 SBAR          -3 159  14  65  85  53    3.50    1.22  -56.2   56.3    0.50
   65 SQRK           3 159  24  62  91  64    3.79    1.32  -60.6   60.7    0.50
   66 SBAR          -3 159  14  67  86  55    0.99    0.36  -19.4   19.4    0.50
   67 SQRK           3 159  24  70  92  66    5.42    1.89  -86.0   86.2    0.50
   68 SBAR          -3 159  26  69  87  57    2.08   -2.84   32.2   32.4    0.50
   69 SQRK           3 159  26  72  93  68   10.91  -15.38  157.4  158.5    0.50
   70 SBAR          -3 159  14  71  92  67    0.56    0.22  -15.7   15.8    0.50
   71 SQRK           3 159  24  52  94  70    0.27    0.14  -20.9   20.9    0.50
   72 DBAR          -1 159  26  73  93  69    1.41   -1.93   21.5   21.6    0.32
   73 DQRK           1 159  26  46  95  72    1.19   -1.57   19.5   19.6    0.32

                             ---CLUSTER FORMATION---  

 IHEP    ID      IDPDG IST MO1 MO2 DA1 DA2   P-X     P-Y     P-Z  ENERGY    MASS
   74 CLUS          91 183  31  48  96  97   -0.35   -0.47 1624.0 1624.0    2.70
   75 CLUS          91 183  34  50  98  99    0.20    0.25 -456.6  456.7    0.69
   76 CLUS          91 183  36  37 100 101   -0.13   -0.17-2038.4 2038.4    2.44
   77 CLUS          91 183  38  39 102 103   -1.74   -0.54 -293.0  293.0    2.69
   78 CLUS          91 183  40  41 104 105   -2.91   -0.06 -129.0  129.0    1.73
   79 CLUS          91 183  42  43 106 107   -0.47    1.84  -69.2   69.3    3.02
   80 CLUS          91 183  44  54 108 109   58.18   20.26 -917.8  919.9    3.23
   81 CLUS          91 183  45  56 110 111   37.82  -53.22  547.8  551.7    3.03
   82 CLUS          91 183  47  60 112 113    7.89  -10.16  153.5  154.1    3.35
   83 CLUS          91 184  49  32 114 115   -0.14   -0.19 2739.9 2739.9    2.27
   84 CLUS          91 185  51  35 116 117    0.21    0.26-1569.0 1569.0    1.42
   85 CLUS          91 183  53  64 118 119    8.18    2.85 -130.1  130.4    0.87
   86 CLUS          91 183  55  66 120 121   25.02    8.72 -397.5  398.3    2.55
   87 CLUS          91 183  57  68 122 123   21.18  -29.78  307.3  309.4    1.91
   88 CLUS          91 183  59  30 124 125    0.54   -1.51  107.6  107.7    2.87
   89 CLUS          91 183  61  58 126 127    1.03   -1.40   28.5   28.5    1.15
   90 CLUS          91 183  63  33 128 129    1.13    0.99 -212.6  212.6    2.85
   91 CLUS          91 183  65  62 130 131    4.04    1.47  -83.1   83.2    2.28
   92 CLUS          91 183  67  70 132 133    5.98    2.11 -101.7  101.9    1.74
   93 CLUS          91 183  69  72 134 135   12.31  -17.30  178.8  180.1    1.18
   94 CLUS          91 183  71  52 136 137    0.43    0.37  -76.7   76.7    1.09
   95 CLUS          91 183  73  46 138 139    4.70   -5.92   83.1   83.5    0.88

                              ---CLUSTER DECAYS---    

 IHEP    ID      IDPDG IST MO1 MO2 DA1 DA2   P-X     P-Y     P-Z  ENERGY    MASS
   96 RHOD-     -30213 197  74  10 188 190    0.10   -0.12  817.7  817.7    1.70
   97 RHO0         113 197  74  10 191 192   -0.46   -0.35  806.3  806.3    0.77
   98 PI-         -211   1  75  14   0   0   -0.06    0.33 -138.0  138.0    0.14
   99 PI+          211   1  75  14   0   0    0.26   -0.09 -318.6  318.6    0.14
  100 N           2112   1  76  14   0   0    0.06   -0.55-1139.8 1139.8    0.94
  101 DELTABR+   -1114 197  76  14 193 194   -0.19    0.38 -898.6  898.6    1.23
  102 DELTA-      1114 197  77  14 195 196   -0.55   -0.96 -136.2  136.2    1.23
  103 NBAR       -2112   1  77  14   0   0   -1.19    0.43 -156.8  156.8    0.94
  104 PI+          211   1  78  14   0   0   -1.46   -0.73  -46.5   46.5    0.14
  105 PI-         -211   1  78  14   0   0   -1.45    0.67  -82.5   82.5    0.14
  106 P           2212   1  79  14   0   0   -1.15    0.39  -32.1   32.1    0.94
  107 DELTABR0   -2114 197  79  14 197 198    0.68    1.45  -37.1   37.2    1.23
  108 XI*0        3324 197  80  24 199 200   38.32   13.34 -603.6  605.0    1.53
  109 XI*BAR     -3324 197  80  24 201 202   19.86    6.92 -314.2  314.9    1.53
  110 DELTA+      2214 197  81  26 203 204   27.21  -38.36  392.5  395.3    1.23
  111 SGMA*BR-   -3224 197  81  26 205 206   10.61  -14.86  155.3  156.4    1.38
  112 DELTA++     2224 197  82  26 207 208    2.67   -4.63   54.5   54.8    1.23
  113 DELTABR-   -2214 197  82  26 209 210    5.22   -5.53   99.0   99.3    1.23
  114 ETA          221 197  83  10 211 212    0.20   -0.42 1679.0 1679.0    0.55
  115 DELTA+      2214 197  83  10 213 214   -0.34    0.23 1061.0 1061.0    1.23
  116 PI-         -211   1  84  14   0   0    0.18   -0.17 -712.1  712.1    0.14
  117 P           2212   1  84  14   0   0    0.03    0.42 -856.9  856.9    0.94
  118 PI+          211   1  85  24   0   0    3.37    1.39  -57.2   57.3    0.14
  119 K0           311 197  85  24 215 215    4.81    1.46  -72.9   73.1    0.50
  120 DELTA+      2214 197  86  24 216 217   13.29    5.14 -211.7  212.2    1.23
  121 LAMBDABR   -3122 197  86  24 218 219   11.73    3.58 -185.7  186.1    1.12
  122 K*BAR0      -313 197  87  26 220 221   11.85  -16.58  173.9  175.1    0.90
  123 K*0          313 197  87  26 222 223    9.33  -13.20  133.4  134.4    0.90
  124 LAMBDA      3122 197  88  26 224 225   -0.30   -0.06   29.7   29.8    1.12
  125 DELTABR0   -2114 197  88  26 226 227    0.83   -1.45   77.9   77.9    1.23
  126 PI-         -211   1  89  26   0   0    0.39   -0.56   10.3   10.4    0.14
  127 K*+          323 197  89  26 228 229    0.64   -0.84   18.1   18.2    0.89
  128 KDL_2BR0  -10315 197  90  24 230 231    0.30    0.28 -141.4  141.4    1.77
  129 OMEGA        223 197  90  24 232 234    0.82    0.72  -71.2   71.3    0.78
  130 PHI          333 197  91  24 235 236    2.37    1.39  -48.0   48.0    1.02
  131 ETAP         331 197  91  24 237 239    1.67    0.08  -35.1   35.2    0.96
  132 KBAR0       -311 197  92  24 240 240    1.44   -0.04  -24.7   24.8    0.50
  133 K0           311 197  92  24 241 241    4.55    2.15  -77.0   77.2    0.50
  134 KBAR0       -311 197  93  26 242 242    6.44   -8.98   97.1   97.7    0.50
  135 PI0          111   1  93  26   0   0    5.87   -8.33   81.8   82.4    0.13
  136 KBAR0       -311 197  94  24 243 243    0.64    0.46  -52.5   52.5    0.50
  137 PI-         -211   1  94  24   0   0   -0.21   -0.09  -24.2   24.2    0.14
  138 PI0          111   1  95  26   0   0    3.52   -3.99   61.0   61.2    0.13
  139 PI-         -211   1  95  26   0   0    1.18   -1.93   22.1   22.2    0.14

                            ---H/W/Z BOSON DECAYS---  

 IHEP    ID      IDPDG IST MO1 MO2 DA1 DA2   P-X     P-Y     P-Z  ENERGY    MASS
  140 CQRK           4 123  23 141 142 141 -114.57   -9.95  264.1  288.1    1.55
  141 CBAR          -4 124  23 140 147 140  -68.52   91.55  439.9  454.5    1.55

                              ---PARTON SHOWERS---    

 IHEP    ID      IDPDG IST MO1 MO2 DA1 DA2   P-X     P-Y     P-Z  ENERGY    MASS
  142 CQRK          94 143 140  23 144 146 -113.36   -9.74  261.7  285.4    4.34
  143 CONE           0 100 140 141   0   0    0.08    0.64    1.6    1.8    0.00
  144 CQRK           4   2 142 145 153 152  -52.14   -4.83  116.8  128.0    1.55
  145 SBAR          -3   2 142 146 154 153  -24.52   -1.41   57.5   62.5    0.50
  146 SQRK           3   2 142 149 155 154  -36.71   -3.51   87.4   94.9    0.50
  147 CBAR          94 144 141  23 149 152  -69.73   91.34  442.4  457.2   13.28
  148 CONE           0 100 141 140   0   0   -1.13   -0.16    2.4    2.7    0.00
  149 GLUON         21   2 147 150 156 157   -0.48    2.42   12.4   12.7    0.75
  150 GLUON         21   2 147 151 158 159  -18.37   20.51  108.7  112.1    0.75
  151 GLUON         21   2 147 152 160 161  -12.25   12.82   65.1   67.4    0.75
  152 CBAR          -4   2 147 153 162 161  -38.64   55.59  256.2  265.0    1.55

                              ---GLUON SPLITTING---   

 IHEP    ID      IDPDG IST MO1 MO2 DA1 DA2   P-X     P-Y     P-Z  ENERGY    MASS
  153 CQRK           4 158 142 154 167 162  -52.14   -4.83  116.8  128.0    1.55
  154 SBAR          -3 158 142 155 167 153  -24.52   -1.41   57.5   62.5    0.50
  155 SQRK           3 158 142 165 168 154  -32.86   -3.14   78.2   84.9    0.50
  156 DBAR          -1 158 147 157 172 164   -0.26    1.14    5.5    5.6    0.32
  157 DQRK           1 158 147 158 169 156   -0.11    0.63    3.9    3.9    0.32
  158 UBAR          -2 158 147 159 169 157   -5.63    6.21   33.6   34.6    0.32
  159 UQRK           2 158 147 160 170 158  -12.74   14.31   75.1   77.5    0.32
  160 UBAR          -2 158 147 161 170 159   -8.98    9.51   47.9   49.7    0.32
  161 UQRK           2 158 147 162 171 160   -3.27    3.31   17.1   17.7    0.32
  162 CBAR          -4 158 147 153 171 161  -38.64   55.59  256.2  265.0    1.55
  163 SBAR          -3 159 147 164 173 166   -0.34    0.40    2.6    2.7    0.50
  164 SQRK           3 159 142 156 172 163   -0.97    0.02    2.8    3.0    0.50
  165 DBAR          -1 159 147 166 168 155   -0.50    0.05    1.6    1.7    0.32
  166 DQRK           1 159 142 163 173 165   -2.14   -0.18    5.2    5.6    0.32

                             ---CLUSTER FORMATION---  

 IHEP    ID      IDPDG IST MO1 MO2 DA1 DA2   P-X     P-Y     P-Z  ENERGY    MASS
  167 CLUS          91 183 153 154 174 175  -76.66   -6.23  174.3  190.5    2.91
  168 CLUS          91 183 155 165 176 177  -33.37   -3.09   79.8   86.6    2.70
  169 CLUS          91 183 157 158 178 179   -5.73    6.83   37.4   38.5    1.92
  170 CLUS          91 183 159 160 180 181  -21.72   23.82  123.1  127.2    1.30
  171 CLUS          91 183 161 162 182 183  -41.91   58.90  273.3  282.7    3.71
  172 CLUS          91 183 164 156 184 185   -1.23    1.17    8.3    8.6    1.69
  173 CLUS          91 183 166 163 186 187   -2.48    0.22    7.8    8.3    1.56

                              ---CLUSTER DECAYS---    

 IHEP    ID      IDPDG IST MO1 MO2 DA1 DA2   P-X     P-Y     P-Z  ENERGY    MASS
  174 D*_S+        433 197 167 142 244 245  -59.29   -5.13  133.9  146.5    2.11
  175 ETA          221 197 167 142 246 247  -17.37   -1.11   40.4   44.0    0.55
  176 SIGMA+      3222 197 168 142 248 249  -28.12   -2.67   67.0   72.8    1.19
  177 PBAR       -2212   1 168 142   0   0   -5.24   -0.43   12.8   13.9    0.94
  178 A_2-        -215 197 169 147 250 251   -4.48    5.08   28.5   29.3    1.32
  179 ETA          221 197 169 147 252 253   -1.25    1.75    9.0    9.2    0.55
  180 PI+          211   1 170 147   0   0   -2.09    1.91   10.9   11.2    0.14
  181 RHO-        -213 197 170 147 254 255  -19.63   21.91  112.2  116.0    0.77
  182 DELTA+      2214 197 171 147 256 257   -9.99   13.55   63.5   65.7    1.23
  183 LMBDA_C-   -4122 197 171 147 258 260  -31.92   45.35  209.8  217.0    2.28
  184 K-          -321   1 172 142   0   0    0.11    0.47    2.5    2.6    0.49
  185 RHO+         213 197 172 142 261 262   -1.34    0.69    5.7    6.0    0.77
  186 PI0          111   1 173 142   0   0   -1.26    0.51    5.5    5.7    0.13
  187 K0           311 197 173 142 263 263   -1.22   -0.29    2.3    2.7    0.50

                           ---STRONG HADRON DECAYS--- 

 IHEP    ID      IDPDG IST MO1 MO2 DA1 DA2   P-X     P-Y     P-Z  ENERGY    MASS
  188 RHO+         213 198  96  10 264 265    0.40   -0.35  627.7  627.7    0.77
  189 PI-         -211   1  96  10   0   0   -0.26    0.30   90.0   90.0    0.14
  190 PI-         -211   1  96  10   0   0   -0.04   -0.06  100.0  100.0    0.14
  191 PI+          211   1  97  10   0   0   -0.18    0.20  184.2  184.2    0.14
  192 PI-         -211   1  97  10   0   0   -0.27   -0.55  622.1  622.1    0.14
  193 NBAR       -2112   1 101  14   0   0   -0.37    0.37 -759.4  759.4    0.94
  194 PI+          211   1 101  14   0   0    0.18    0.02 -139.2  139.2    0.14
  195 N           2112   1 102  14   0   0   -0.34   -0.64  -82.7   82.7    0.94
  196 PI-         -211   1 102  14   0   0   -0.21   -0.32  -53.5   53.5    0.14
  197 PBAR       -2212   1 107  14   0   0    0.36    0.96  -28.6   28.6    0.94
  198 PI+          211   1 107  14   0   0    0.33    0.48   -8.5    8.6    0.14
  199 XI-         3312 198 108  24 266 267   31.98   11.08 -505.5  506.6    1.32
  200 PI+          211   1 108  24   0   0    6.33    2.26  -98.1   98.4    0.14
  201 XIBAR0     -3322 198 109  24 268 269   17.48    5.93 -275.1  275.7    1.31
  202 PI0          111   1 109  24   0   0    2.38    0.99  -39.1   39.2    0.13
  203 P           2212   1 110  26   0   0   17.44  -24.82  252.6  254.4    0.94
  204 PI0          111   1 110  26   0   0    9.76  -13.54  140.0  140.9    0.13
  205 LAMBDABR   -3122 198 111  26 270 271    8.54  -12.31  127.4  128.2    1.12
  206 PI-         -211   1 111  26   0   0    2.07   -2.55   28.0   28.2    0.14
  207 P           2212   1 112  26   0   0    2.04   -3.62   44.6   44.8    0.94
  208 PI+          211   1 112  26   0   0    0.63   -1.01    9.9    9.9    0.14
  209 PBAR       -2212   1 113  26   0   0    4.20   -4.78   82.6   82.9    0.94
  210 PI0          111   1 113  26   0   0    1.02   -0.76   16.3   16.4    0.13
  211 GAMMA         22   1 114  10   0   0    0.14   -0.41 1657.2 1657.2    0.00
  212 GAMMA         22   1 114  10   0   0    0.06   -0.01   21.7   21.7    0.00
  213 P           2212   1 115  10   0   0   -0.45    0.10  761.2  761.2    0.94
  214 PI0          111   1 115  10   0   0    0.11    0.13  299.7  299.7    0.13
  215 K_L0         130   1 119  24   0   0    4.81    1.46  -72.9   73.1    0.50
  216 P           2212   1 120  24   0   0   11.61    4.55 -188.0  188.4    0.94
  217 PI0          111   1 120  24   0   0    1.68    0.59  -23.7   23.8    0.13
  218 NBAR       -2112   1 121  24   0   0    9.09    2.85 -144.4  144.7    0.94
  219 PI0          111   1 121  24   0   0    2.64    0.73  -41.4   41.4    0.13
  220 KBAR0       -311 198 122  26 272 272   11.17  -15.45  163.2  164.3    0.50
  221 PI0          111   1 122  26   0   0    0.68   -1.13   10.7   10.8    0.13
  222 K+           321   1 123  26   0   0    3.99   -5.79   59.9   60.3    0.49
  223 PI-         -211   1 123  26   0   0    5.34   -7.41   73.5   74.0    0.14
  224 N           2112   1 124  26   0   0   -0.20   -0.01   27.0   27.0    0.94
  225 PI0          111   1 124  26   0   0   -0.09   -0.05    2.8    2.8    0.13
  226 NBAR       -2112   1 125  26   0   0    0.57   -0.79   51.0   51.0    0.94
  227 PI0          111   1 125  26   0   0    0.27   -0.66   26.9   26.9    0.13
  228 K+           321   1 127  26   0   0    0.12   -0.22    8.1    8.1    0.49
  229 PI0          111   1 127  26   0   0    0.53   -0.62   10.1   10.1    0.13
  230 K*_2-       -325 198 128  24 273 274    0.43    0.05 -126.3  126.3    1.43
  231 PI+          211   1 128  24   0   0   -0.13    0.23  -15.1   15.1    0.14
  232 PI+          211   1 129  24   0   0    0.09    0.23  -30.1   30.1    0.14
  233 PI-         -211   1 129  24   0   0    0.31    0.37  -22.6   22.6    0.14
  234 PI0          111   1 129  24   0   0    0.43    0.12  -18.6   18.6    0.13
  235 K_L0         130   1 130  24   0   0    1.21    0.63  -25.2   25.2    0.50
  236 K_S0         310 198 130  24 275 276    1.16    0.76  -22.8   22.8    0.50
  237 PI+          211   1 131  24   0   0    0.40    0.15   -8.7    8.7    0.14
  238 PI-         -211   1 131  24   0   0    0.14    0.02   -2.4    2.4    0.14
  239 ETA          221 198 131  24 277 279    1.13   -0.09  -24.0   24.1    0.55
  240 K_L0         130   1 132  24   0   0    1.44   -0.04  -24.7   24.8    0.50
  241 K_S0         310 198 133  24 280 281    4.55    2.15  -77.0   77.2    0.50
  242 K_L0         130   1 134  26   0   0    6.44   -8.98   97.1   97.7    0.50
  243 K_L0         130   1 136  24   0   0    0.64    0.46  -52.5   52.5    0.50
  244 D_S+         431 198 174 142 282 284  -56.99   -4.89  129.0  141.1    1.97
  245 GAMMA         22   1 174 142   0   0   -2.30   -0.23    4.9    5.4    0.00
  246 GAMMA         22   1 175 142   0   0  -14.85   -0.82   34.1   37.2    0.00
  247 GAMMA         22   1 175 142   0   0   -2.52   -0.29    6.2    6.7    0.00
  248 N           2112   1 176 142   0   0  -24.84   -2.49   59.5   64.5    0.94
  249 PI+          211   1 176 142   0   0   -3.28   -0.18    7.6    8.2    0.14
  250 ETAP         331 198 178 147 285 287   -3.23    4.03   22.4   23.0    0.96
  251 PI-         -211   1 178 147   0   0   -1.25    1.05    6.1    6.3    0.14
  252 GAMMA         22   1 179 147   0   0   -0.45    0.85    3.0    3.1    0.00
  253 GAMMA         22   1 179 147   0   0   -0.81    0.91    6.0    6.1    0.00
  254 PI-         -211   1 181 147   0   0  -17.30   19.37   99.8  103.1    0.14
  255 PI0          111   1 181 147   0   0   -2.33    2.54   12.4   12.9    0.13
  256 P           2212   1 182 147   0   0   -8.81   12.01   55.5   57.4    0.94
  257 PI0          111   1 182 147   0   0   -1.18    1.54    8.1    8.3    0.13
  258 NU_MUBAR     -14   1 183 147   0   0   -5.23    6.64   33.4   34.5    0.00
  259 MU-           13   1 183 147   0   0   -2.44    3.28   14.7   15.2    0.11
  260 LAMBDABR   -3122 198 183 147 288 289  -24.25   35.42  161.7  167.3    1.12
  261 PI+          211   1 185 142   0   0   -0.35    0.01    0.6    0.7    0.14
  262 PI0          111   1 185 142   0   0   -0.99    0.68    5.1    5.3    0.13
  263 K_L0         130   1 187 142   0   0   -1.22   -0.29    2.3    2.7    0.50
  264 PI+          211   1 188  10   0   0    0.56   -0.42  472.4  472.4    0.14
  265 PI0          111   1 188  10   0   0   -0.16    0.07  155.4  155.4    0.13
  266 LAMBDA      3122 198 199  24 290 291   26.62    9.18 -418.5  419.5    1.12
  267 PI-         -211   1 199  24   0   0    5.37    1.90  -86.9   87.1    0.14
  268 LAMBDABR   -3122 198 201  24 292 293   13.17    4.45 -207.3  207.7    1.12
  269 PI0          111   1 201  24   0   0    4.31    1.48  -67.8   67.9    0.13
  270 PBAR       -2212   1 205  26   0   0    7.85  -11.27  117.1  117.9    0.94
  271 PI+          211   1 205  26   0   0    0.69   -1.05   10.2   10.3    0.14
  272 K_L0         130   1 220  26   0   0   11.17  -15.45  163.2  164.3    0.50
  273 K*BAR0      -313 198 230  24 294 295   -0.05    0.24  -91.3   91.3    0.90
  274 PI-         -211   1 230  24   0   0    0.48   -0.19  -35.0   35.0    0.14
  275 PI0          111   1 236  24   0   0    0.62    0.27   -8.3    8.3    0.13
  276 PI0          111   1 236  24   0   0    0.54    0.50  -14.5   14.5    0.13
  277 PI+          211   1 239  24   0   0    0.64   -0.02  -11.8   11.8    0.14
  278 PI-         -211   1 239  24   0   0    0.18    0.05   -5.9    5.9    0.14
  279 PI0          111   1 239  24   0   0    0.30   -0.12   -6.3    6.3    0.13
  280 PI0          111   1 241  24   0   0    3.28    1.40  -56.3   56.4    0.13
  281 PI0          111   1 241  24   0   0    1.27    0.75  -20.7   20.8    0.13
  282 NU_E          12   1 244 142   0   0  -18.02   -1.84   41.1   44.9    0.00
  283 E+           -11   1 244 142   0   0  -17.09   -1.74   39.9   43.5    0.00
  284 ETA          221 198 244 142 296 298  -21.87   -1.31   48.0   52.7    0.55
  285 PI0          111   1 250 147   0   0   -0.75    0.85    5.5    5.6    0.13
  286 PI0          111   1 250 147   0   0   -0.69    0.67    4.0    4.1    0.13
  287 ETA          221 198 250 147 299 301   -1.80    2.50   12.9   13.3    0.55
  288 PBAR       -2212   1 260 147   0   0  -20.88   30.33  138.5  143.3    0.94
  289 PI+          211   1 260 147   0   0   -3.38    5.09   23.2   24.0    0.14
  290 P           2212   1 266  24   0   0   21.36    7.39 -337.2  337.9    0.94
  291 PI-         -211   1 266  24   0   0    5.26    1.79  -81.3   81.5    0.14
  292 PBAR       -2212   1 268  24   0   0   10.35    3.58 -163.3  163.6    0.94
  293 PI+          211   1 268  24   0   0    2.82    0.87  -44.0   44.1    0.14
  294 K-          -321   1 273  24   0   0   -0.06    0.17  -30.4   30.4    0.49
  295 PI+          211   1 273  24   0   0    0.01    0.07  -60.9   60.9    0.14
  296 PI+          211   1 284 142   0   0   -8.50   -0.54   18.9   20.7    0.14
  297 PI-         -211   1 284 142   0   0   -8.97   -0.44   19.6   21.5    0.14
  298 PI0          111   1 284 142   0   0   -4.41   -0.34    9.5   10.5    0.13
  299 PI+          211   1 287 147   0   0   -0.20    0.35    2.0    2.0    0.14
  300 PI-         -211   1 287 147   0   0   -1.07    1.32    6.9    7.1    0.14
  301 PI0          111   1 287 147   0   0   -0.52    0.83    4.0    4.1    0.13

 HWWARN CALLED FROM SUBPROGRAM HWDFIV: CODE = 101
 EVENT     139:   SEEDS =  612229954 & 2146932387  WEIGHT = 0.5922E-03
 EVENT KILLED.   EXECUTION CONTINUES

 HWWARN CALLED FROM SUBPROGRAM HWDFOR: CODE = 101
 EVENT    1652:   SEEDS = 1076526300 &  319464412  WEIGHT =-0.5922E-03
 EVENT KILLED.   EXECUTION CONTINUES

 HWWARN CALLED FROM SUBPROGRAM HWDFOR: CODE = 101
 EVENT    2608:   SEEDS = 1715028484 & 1184454293  WEIGHT =-0.5922E-03
 EVENT KILLED.   EXECUTION CONTINUES

 HWWARN CALLED FROM SUBPROGRAM HWSBRN: CODE = 102
 EVENT    6711:   SEEDS =   90103772 & 2122879872  WEIGHT = 0.5922E-03
 EVENT KILLED.   EXECUTION CONTINUES

 HWWARN CALLED FROM SUBPROGRAM HWDFIV: CODE = 101
 EVENT    7745:   SEEDS =  508834140 &  924043569  WEIGHT = 0.5922E-03
 EVENT KILLED.   EXECUTION CONTINUES

 HWWARN CALLED FROM SUBPROGRAM HWDFIV: CODE = 101
 EVENT    8981:   SEEDS = 1297715667 &  671215536  WEIGHT = 0.5922E-03
 EVENT KILLED.   EXECUTION CONTINUES

 HWWARN CALLED FROM SUBPROGRAM HWBTIM: CODE = 101
 EVENT    9462:   SEEDS = 1087590637 &  630763141  WEIGHT =-0.5922E-03
 EVENT KILLED.   EXECUTION CONTINUES

 HWWARN CALLED FROM SUBPROGRAM HWSBRN: CODE = 102
 EVENT    9848:   SEEDS =  843495065 &  676994012  WEIGHT =-0.5922E-03
 EVENT KILLED.   EXECUTION CONTINUES

          OUTPUT ON LES HOUCHES EVENTS


      PROC CODE  XSECT(pb)        XERR(pb)      Max wgt(nb) No. of events


          OUTPUT ON ELEMENTARY PROCESS

          N.B. NEGATIVE WEIGHTS ALLOWED

          NUMBER OF EVENTS   =        9992
          NEGATIVE  EVENTS   =        2645
          NUMBER OF WEIGHTS  =       10000
          NEGATIVE  WEIGHTS  =        2649
          MEAN VALUE OF WGT  =  2.7844E-04
          RMS SPREAD IN WGT  =  5.2263E-04
          MEAN ABS WEIGHT    =  5.9217E-04
          ACTUAL MAX ABS WGT =  1.0000E+00
          ASSUMED MAXABS WGT =  2.7844E-04

          PROCESS CODE IPROC =      -18000
          CROSS SECTION (PB) =  0.2784    
          ERROR IN C-S  (PB) =  5.2263E-03
          EFFICIENCY PERCENT =   100.0    
 # of events processed=        9992
