 A PDF is used, so alpha_s(MZ) is going to be modified
 Old value of alpha_s from param_card:   0.11799999999999999     
  ****************************************
 
       NNPDFDriver version 1.0.3
   Grid: NNPDF23nlo_as_0119_qed_mem0.grid
  ****************************************
 New value of alpha_s from PDF nn23nlo:  0.11899999999999999     
 *****************************************************
 *               MadGraph/MadEvent                   *
 *        --------------------------------           *
 *          http://madgraph.hep.uiuc.edu             *
 *          http://madgraph.phys.ucl.ac.be           *
 *          http://madgraph.roma2.infn.it            *
 *        --------------------------------           *
 *                                                   *
 *          PARAMETER AND COUPLING VALUES            *
 *                                                   *
 *****************************************************

  External Params
  ---------------------------------
  
 MU_R =    91.188000000000002     
 aEWM1 =    132.50700000000001     
 mdl_Gf =    1.1663900000000000E-005
 aS =   0.11799999999999999     
 mdl_ymb =    4.7000000000000002     
 mdl_ymt =    173.00000000000000     
 mdl_ymtau =    1.7769999999999999     
 mdl_MT =    173.00000000000000     
 mdl_MB =    4.7000000000000002     
 mdl_MZ =    91.188000000000002     
 mdl_MH =    125.00000000000000     
 mdl_MTA =    1.7769999999999999     
 mdl_WT =    1.4915000000000000     
 mdl_WZ =    2.4414039999999999     
 mdl_WW =    2.0476000000000001     
 mdl_WH =    6.3823389999999999E-003
  Internal Params
  ---------------------------------
  
 mdl_conjg__CKM3x3 =    1.0000000000000000     
 mdl_CKM22 =    1.0000000000000000     
 mdl_lhv =    1.0000000000000000     
 mdl_CKM3x3 =    1.0000000000000000     
 mdl_conjg__CKM22 =    1.0000000000000000     
 mdl_conjg__CKM33 =    1.0000000000000000     
 mdl_Ncol =    3.0000000000000000     
 mdl_CA =    3.0000000000000000     
 mdl_TF =   0.50000000000000000     
 mdl_CF =    1.3333333333333333     
 mdl_complexi =                (0.0000000000000000,1.0000000000000000)
 mdl_MZ__exp__2 =    8315.2513440000002     
 mdl_MZ__exp__4 =    69143404.913893804     
 mdl_sqrt__2 =    1.4142135623730951     
 mdl_MH__exp__2 =    15625.000000000000     
 mdl_Ncol__exp__2 =    9.0000000000000000     
 mdl_MB__exp__2 =    22.090000000000003     
 mdl_MT__exp__2 =    29929.000000000000     
 mdl_aEW =    7.5467711139788835E-003
 mdl_MW =    80.419002445756163     
 mdl_sqrt__aEW =    8.6872153846781555E-002
 mdl_ee =   0.30795376724436879     
 mdl_MW__exp__2 =    6467.2159543705357     
 mdl_sw2 =   0.22224648578577766     
 mdl_cw =   0.88190334743339216     
 mdl_sqrt__sw2 =   0.47143025548407230     
 mdl_sw =   0.47143025548407230     
 mdl_g1 =   0.34919219678733299     
 mdl_gw =   0.65323293034757990     
 mdl_v =    246.21845810181637     
 mdl_v__exp__2 =    60623.529110035903     
 mdl_lam =   0.12886910601690263     
 mdl_yb =    2.6995554250465490E-002
 mdl_yt =   0.99366614581500623     
 mdl_ytau =    1.0206617000654717E-002
 mdl_muH =    88.388347648318430     
 mdl_AxialZUp =  -0.18517701861793787     
 mdl_AxialZDown =   0.18517701861793787     
 mdl_VectorZUp =    7.5430507588273299E-002
 mdl_VectorZDown =  -0.13030376310310560     
 mdl_VectorAUp =   0.20530251149624587     
 mdl_VectorADown =  -0.10265125574812294     
 mdl_VectorWmDxU =   0.23095271737156670     
 mdl_AxialWmDxU =  -0.23095271737156670     
 mdl_VectorWpUxD =   0.23095271737156670     
 mdl_AxialWpUxD =  -0.23095271737156670     
 mdl_I1x33 =          (2.69955542504654901E-002,0.0000000000000000)
 mdl_I2x33 =               (0.99366614581500623,0.0000000000000000)
 mdl_I3x33 =               (0.99366614581500623,0.0000000000000000)
 mdl_I4x33 =          (2.69955542504654901E-002,0.0000000000000000)
 mdl_Vector_tbGp =              (-0.96667059156454072,0.0000000000000000)
 mdl_Axial_tbGp =              (-1.0206617000654716,-0.0000000000000000)
 mdl_Vector_tbGm =               (0.96667059156454072,0.0000000000000000)
 mdl_Axial_tbGm =              (-1.0206617000654716,-0.0000000000000000)
 mdl_gw__exp__2 =   0.42671326129048615     
 mdl_cw__exp__2 =   0.77775351421422245     
 mdl_ee__exp__2 =    9.4835522759998875E-002
 mdl_sw__exp__2 =   0.22224648578577769     
 mdl_yb__exp__2 =    7.2875994928982540E-004
 mdl_yt__exp__2 =   0.98737240933884918     
  Internal Params evaluated point by point
  ----------------------------------------
  
 mdl_sqrt__aS =   0.34351128074635334     
 mdl_G__exp__4 =    2.1987899468922913     
 mdl_G__exp__2 =    1.4828317324943823     
 mdl_R2MixedFactor_FIN_ =   -2.5040377713124864E-002
 mdl_GWcft_UV_b_1EPS_ =   -3.1300472141406080E-003
 mdl_GWcft_UV_t_1EPS_ =   -3.1300472141406080E-003
 mdl_bWcft_UV_1EPS_ =   -1.8780283284843650E-002
 mdl_tWcft_UV_1EPS_ =   -1.8780283284843650E-002
 mdl_G__exp__3 =    1.8056676068262196     
 mdl_MU_R__exp__2 =    8315.2513440000002     
 mdl_GWcft_UV_b_FIN_ =   -1.8563438626678915E-002
 mdl_GWcft_UV_t_FIN_ =    4.0087659331150384E-003
 mdl_bWcft_UV_FIN_ =  -0.13642100947319838     
 mdl_tWcft_UV_FIN_ =   -9.8778211443463623E-004
  Couplings of loop_sm
  ---------------------------------
  
    R2_UUZ_V2 =  -0.00000E+00  -0.72127E-02
    R2_UUZ_V5 =   0.00000E+00   0.68702E-03
      R2_sxcW =  -0.00000E+00  -0.11566E-01
         GC_5 =   0.00000E+00   0.12177E+01
        GC_22 =   0.00000E+00   0.28804E+00
        GC_23 =  -0.00000E+00  -0.27437E-01
        GC_31 =   0.00000E+00   0.52532E+02
        GC_32 =   0.00000E+00   0.67544E+02
        GC_47 =   0.00000E+00   0.46191E+00

 Collider parameters:
 --------------------

 Running at P P   machine @    13000.000000000000       GeV
 PDF set = nn23nlo
 alpha_s(Mz)= 0.1190 running at 2 loops.
 alpha_s(Mz)= 0.1190 running at 2 loops.
 Renormalization scale set on event-by-event basis
 Factorization   scale set on event-by-event basis


 ===============================================================
 INFO: MadFKS read these parameters from FKS_params.dat
 ===============================================================
  > IRPoleCheckThreshold      =   -1.0000000000000000     
  > PrecisionVirtualAtRunTime =   -1.0000000000000000     
  > NHelForMCoverHels         =            4
  > VirtualFraction           =    1.0000000000000000     
  > MinVirtualFraction        =    5.0000000000000001E-003
 ===============================================================
  Insert the number of points to test
 Insert the relative tolerance
  A negative number will mean use the default one:   -1.0000000000000000     
Using random seed offsets:     1 ,      4 ,      0
  with seed                15455
 Ranmar initialization seeds       10742       25458
  ========================================================================================== 
 {                                                                                          }
 {       [32m                                                                            [0m       }
 {       [32m                               ,,                                           [0m       }
 {       [32m`7MMM.     ,MMF'             `7MM  `7MMF'                                   [0m       }
 {       [32m  MMMb    dPMM                 MM    MM                                     [0m       }
 {       [32m  M YM   ,M MM   ,6"Yb.   ,M""bMM    MM         ,pW"Wq.   ,pW"Wq.`7MMpdMAo. [0m       }
 {       [32m  M  Mb  M' MM  8)   MM ,AP    MM    MM        6W'   `Wb 6W'   `Wb MM   `Wb [0m       }
 {       [32m  M  YM.P'  MM   ,pm9MM 8MI    MM    MM      , 8M     M8 8M     M8 MM    M8 [0m       }
 {       [32m  M  `YM'   MM  8M   MM `Mb    MM    MM     ,M YA.   ,A9 YA.   ,A9 MM   ,AP [0m       }
 {       [32m.JML. `'  .JMML.`Moo9^Yo.`Wbmd"MML..JMMmmmmMMM  `Ybmd9'   `Ybmd9'  MMbmmd'  [0m       }
 {       [32m                                                                   MM       [0m       }
 {       [32m                                                                 .JMML.     [0m       }
 {       [32m[0mv2.6.7 (2019-10-16), Ref: arXiv:1103.0621v2, arXiv:1405.0301[32m                [0m       }
 {       [32m                                                                            [0m       }
 {                                                                                          }
  ========================================================================================== 
 ===============================================================
 INFO: MadLoop read these parameters from ./MadLoop5_resources/MadLoopParams.dat                                                                                                                                                                                                                                                                                                                                                                                                                                                                                          
 ===============================================================
  > MLReductionLib            = 6|7|1
  > CTModeRun                 =           -1
  > MLStabThres               =    1.0000000000000000E-003
  > NRotations_DP             =            0
  > NRotations_QP             =            0
  > CTStabThres               =    1.0000000000000000E-002
  > CTLoopLibrary             =            2
  > CTModeInit                =            1
  > CheckCycle                =            3
  > MaxAttempts               =           10
  > UseLoopFilter             =  F
  > HelicityFilterLevel       =            2
  > ImprovePSPoint            =            2
  > DoubleCheckHelicityFilter =  T
  > LoopInitStartOver         =  F
  > HelInitStartOver          =  F
  > ZeroThres                 =    1.0000000000000001E-009
  > OSThres                   =    1.0000000000000000E-008
  > WriteOutFilters           =  T
  > UseQPIntegrandForNinja    =  T
  > UseQPIntegrandForCutTools =  T
  > IREGIMODE                 =            2
  > IREGIRECY                 =  T
  > COLLIERMode               =            1
  > COLLIERRequiredAccuracy   =    1.0000000000000000E-008
  > COLLIERCanOutput          =  F
  > COLLIERComputeUVpoles     =  T
  > COLLIERComputeIRpoles     =  T
  > COLLIERGlobalCache        =           -1
  > COLLIERUseCacheForPoles   =  F
  > COLLIERUseInternalStabilityTest =  T
 ===============================================================
  
------------------------------------------------------------------------
|              You are using CutTools - Version 1.9.3                  |
|              Authors: G. Ossola, C. Papadopoulos, R. Pittau          |
|              Published in JHEP 0803:042,2008                         |
|              http://www.ugr.es/~pittau/CutTools                      |
|                                                                      |
|              Compiler with  34  significant digits detetected        |
 ---------------------------------------------------------------------- 
   
########################################################################
#                                                                      #
#                      You are using OneLOop-3.6                       #
#                                                                      #
# for the evaluation of 1-loop scalar 1-, 2-, 3- and 4-point functions #
#                                                                      #
# author: Andreas van Hameren <hamerenREMOVETHIS@ifj.edu.pl>           #
#   date: 18-02-2015                                                   #
#                                                                      #
# Please cite                                                          #
#    A. van Hameren,                                                   #
#      Comput.Phys.Commun. 182 (2011) 2427-2438, arXiv:1007.4716       #
#    A. van Hameren, C.G. Papadopoulos and R. Pittau,                  #
#      JHEP 0909:106,2009, arXiv:0903.4665                             #
# in publications with results obtained with the help of this program. #
#                                                                      #

  +----------------------------------------------------------------+
  |                                                                |
  |  Ninja - version 1.2.0                                         |
  |                                                                |
  |  Author: Tiziano Peraro                                        |
  |                                                                |
  |  Based on:                                                     |
  |                                                                |
  |      P. Mastrolia, E. Mirabella and T. Peraro,                 |
  |      "Integrand reduction of one-loop scattering amplitudes    |
  |      through Laurent series expansion,"                        |
  |      JHEP 1206 (2012) 095  [arXiv:1203.0291 [hep-ph]].         |
  |                                                                |
  |      T. Peraro,                                                |
  |      "Ninja: Automated Integrand Reduction via Laurent         |
  |      Expansion for One-Loop Amplitudes,"                       |
  |      Comput.Phys.Commun. 185 (2014) [arXiv:1403.1229 [hep-ph]] |
  |                                                                |
  +----------------------------------------------------------------+


########################################################################
########################################################################
#                                                                      #
#                      You are using OneLOop-3.6                       #
#                                                                      #
# for the evaluation of 1-loop scalar 1-, 2-, 3- and 4-point functions #
#                                                                      #
# author: Andreas van Hameren <hamerenREMOVETHIS@ifj.edu.pl>           #
#   date: 18-02-2015                                                   #
#                                                                      #
# Please cite                                                          #
#    A. van Hameren,                                                   #
#      Comput.Phys.Commun. 182 (2011) 2427-2438, arXiv:1007.4716       #
#    A. van Hameren, C.G. Papadopoulos and R. Pittau,                  #
#      JHEP 0909:106,2009, arXiv:0903.4665                             #
# in publications with results obtained with the help of this program. #
#                                                                      #
########################################################################
 PASSED  -1.0000000000000000     
 MU_R    =    325.00000000000000     
 ALPHA_S =   0.11799999999999999     
 BORN                    4.9178547122139070E-010
 SINGLE POLE (MadFKS)   -2.6251105527580920E-011
 DOUBLE POLE (MadFKS)   -4.9257975812842885E-011
 SINGLE POLE (MadLoop)  -2.6251105527580769E-011
 DOUBLE POLE (MadLoop)  -4.9257975812842781E-011
 FINITE PART (MadLoop)  -1.4904401981091991E-010
   325.00000000000000        0.0000000000000000        0.0000000000000000        325.00000000000000        0.0000000000000000     
   325.00000000000000        0.0000000000000000        0.0000000000000000       -325.00000000000000        0.0000000000000000     
   144.11420273331123        23.820035271487818       0.95248727015612134        67.643197123755243        125.00000000000000     
   275.91465769887088        13.356575553327350       -176.03022360499793       -212.04683586450361        0.0000000000000000     
   229.97113956781780       -37.176610824815178        175.07773633484183        144.40363874074839        0.0000000000000000     

 PASSED  -1.0000000000000000     
 MU_R    =    325.00000000000000     
 ALPHA_S =   0.11799999999999999     
 BORN                    4.6850306361810410E-010
 SINGLE POLE (MadFKS)   -3.5570370919090311E-011
 DOUBLE POLE (MadFKS)   -4.6925974691013974E-011
 SINGLE POLE (MadLoop)  -3.5570370919094628E-011
 DOUBLE POLE (MadLoop)  -4.6925974691014149E-011
 FINITE PART (MadLoop)  -1.4839406428803448E-010
   325.00000000000000        0.0000000000000000        0.0000000000000000        325.00000000000000        0.0000000000000000     
   325.00000000000000        0.0000000000000000        0.0000000000000000       -325.00000000000000        0.0000000000000000     
   260.07063968714778       -207.65878517389550       -89.797446565589198        28.739957510133731        125.00000000000000     
   178.96699628003120        77.962026152232880       -11.575487601041763       -160.67705599286219        0.0000000000000000     
   210.96236403282111        129.69675902166261        101.37293416663093        131.93709848272854        0.0000000000000000     

 PASSED  -1.0000000000000000     
 MU_R    =    325.00000000000000     
 ALPHA_S =   0.11799999999999999     
 BORN                    2.4542422149302867E-006
 SINGLE POLE (MadFKS)   -8.1665780441420111E-007
 DOUBLE POLE (MadFKS)   -2.4582060824540222E-007
 SINGLE POLE (MadLoop)  -8.1665780441420206E-007
 DOUBLE POLE (MadLoop)  -2.4582060824540217E-007
 FINITE PART (MadLoop)  -2.2121940365429267E-006
   325.00000000000000        0.0000000000000000        0.0000000000000000        325.00000000000000        0.0000000000000000     
   325.00000000000000        0.0000000000000000        0.0000000000000000       -325.00000000000000        0.0000000000000000     
   253.75741426400137        115.72483631012987       -98.090509612671539       -160.48002828661299        125.00000000000000     
   243.23853983430416        13.551178137786167        63.175965091246034        234.49978734871377        0.0000000000000000     
   153.00404590169444       -129.27601444791594        34.914544521425526       -74.019759062100732        0.0000000000000000     

 PASSED  -1.0000000000000000     
 MU_R    =    325.00000000000000     
 ALPHA_S =   0.11799999999999999     
 BORN                    3.1609412569087888E-008
 SINGLE POLE (MadFKS)   -6.6072981968465650E-009
 DOUBLE POLE (MadFKS)   -3.1660465200798292E-009
 SINGLE POLE (MadLoop)  -6.6072981968465575E-009
 DOUBLE POLE (MadLoop)  -3.1660465200798077E-009
 FINITE PART (MadLoop)  -1.6290195326310835E-008
   325.00000000000000        0.0000000000000000        0.0000000000000000        325.00000000000000        0.0000000000000000     
   325.00000000000000        0.0000000000000000        0.0000000000000000       -325.00000000000000        0.0000000000000000     
   307.26490842946146       -87.549118056538731        257.34381860641128       -69.971672159225363        125.00000000000000     
   166.24509654709541        94.099945455216073       -85.013476370770064        107.49577306403701        0.0000000000000000     
   176.48999502344310       -6.5508273986773800       -172.33034223564124       -37.524100904811583        0.0000000000000000     

 PASSED  -1.0000000000000000     
 MU_R    =    325.00000000000000     
 ALPHA_S =   0.11799999999999999     
 BORN                    3.1111696734484640E-010
 SINGLE POLE (MadFKS)   -1.4474989134095704E-011
 DOUBLE POLE (MadFKS)   -3.1161945501107557E-011
 SINGLE POLE (MadLoop)  -1.4474989134095736E-011
 DOUBLE POLE (MadLoop)  -3.1161945501107505E-011
 FINITE PART (MadLoop)  -9.3272762111362482E-011
   325.00000000000000        0.0000000000000000        0.0000000000000000        325.00000000000000        0.0000000000000000     
   325.00000000000000        0.0000000000000000        0.0000000000000000       -325.00000000000000        0.0000000000000000     
   177.06305077721296       -95.797830648522606       -27.589159659157186       -76.078498032442866        125.00000000000000     
   208.66261119279437        84.383782961927423        33.451615422344936       -187.88414490974256        0.0000000000000000     
   264.27433802999275        11.414047686595129       -5.8624557631877527        263.96264294218554        0.0000000000000000     

 PASSED  -1.0000000000000000     
 MU_R    =    325.00000000000000     
 ALPHA_S =   0.11799999999999999     
 BORN                    1.5375216906781723E-009
 SINGLE POLE (MadFKS)   -1.3402406872632637E-010
 DOUBLE POLE (MadFKS)   -1.5400049550681508E-010
 SINGLE POLE (MadLoop)  -1.3402406872632642E-010
 DOUBLE POLE (MadLoop)  -1.5400049550681363E-010
 FINITE PART (MadLoop)  -5.0129033243001309E-010
   325.00000000000000        0.0000000000000000        0.0000000000000000        325.00000000000000        0.0000000000000000     
   325.00000000000000        0.0000000000000000        0.0000000000000000       -325.00000000000000        0.0000000000000000     
   176.22770439394435       -107.86649654037656        27.048012462188488        55.357273613407493        125.00000000000000     
   192.91593000660234       -165.99613512331754        19.932147717578822       -96.252525482701927        0.0000000000000000     
   280.85636559945340        273.86263166369406       -46.980160179767253        40.895251869294434        0.0000000000000000     

 PASSED  -1.0000000000000000     
 MU_R    =    325.00000000000000     
 ALPHA_S =   0.11799999999999999     
 BORN                    4.2335449045022404E-009
 SINGLE POLE (MadFKS)   -4.9450832904940920E-010
 DOUBLE POLE (MadFKS)   -4.2403825389684495E-010
 SINGLE POLE (MadLoop)  -4.9450832904940279E-010
 DOUBLE POLE (MadLoop)  -4.2403825389684484E-010
 FINITE PART (MadLoop)  -1.5129682499324446E-009
   325.00000000000000        0.0000000000000000        0.0000000000000000        325.00000000000000        0.0000000000000000     
   325.00000000000000        0.0000000000000000        0.0000000000000000       -325.00000000000000        0.0000000000000000     
   196.69115050821611        19.059872952950869        75.169017440592796        130.57085719362857        125.00000000000000     
   198.11668178514969       -92.683680528662364        161.15214705823041       -68.483139996217986        0.0000000000000000     
   255.19216770663419        73.623807575711510       -236.32116449882326       -62.087717197410555        0.0000000000000000     

 PASSED  -1.0000000000000000     
 MU_R    =    325.00000000000000     
 ALPHA_S =   0.11799999999999999     
 BORN                    5.8723114415486733E-008
 SINGLE POLE (MadFKS)   -1.2501354972161307E-008
 DOUBLE POLE (MadFKS)   -5.8817958618193418E-009
 SINGLE POLE (MadLoop)  -1.2501354972161350E-008
 DOUBLE POLE (MadLoop)  -5.8817958618193518E-009
 FINITE PART (MadLoop)  -3.0208327931923473E-008
   325.00000000000000        0.0000000000000000        0.0000000000000000        325.00000000000000        0.0000000000000000     
   325.00000000000000        0.0000000000000000        0.0000000000000000       -325.00000000000000        0.0000000000000000     
   285.05351881974968       -141.05526616150166       -153.48153664899095        148.92057744816117        125.00000000000000     
   113.74782613369852       -37.674369864959544        105.27663500868890        20.881569066227819        0.0000000000000000     
   251.19865504655175        178.72963602646121        48.204901640302040       -169.80214651438899        0.0000000000000000     

 PASSED  -1.0000000000000000     
 MU_R    =    325.00000000000000     
 ALPHA_S =   0.11799999999999999     
 BORN                    2.9970225757962578E-009
 SINGLE POLE (MadFKS)   -3.8306102900349594E-010
 DOUBLE POLE (MadFKS)   -3.0018630925080275E-010
 SINGLE POLE (MadLoop)  -3.8306102900352970E-010
 DOUBLE POLE (MadLoop)  -3.0018630925080885E-010
 FINITE PART (MadLoop)  -1.1167888768760327E-009
   325.00000000000000        0.0000000000000000        0.0000000000000000        325.00000000000000        0.0000000000000000     
   325.00000000000000        0.0000000000000000        0.0000000000000000       -325.00000000000000        0.0000000000000000     
   269.70605511222857        194.96083518695647        108.50255186516351        85.637755377825897        125.00000000000000     
   96.075190237241173        71.875741550929646       -13.451666788749021       -62.316712174428254        0.0000000000000000     
   284.21875465053023       -266.83657673788611       -95.050885076414488       -23.321043203397636        0.0000000000000000     

 PASSED  -1.0000000000000000     
 MU_R    =    325.00000000000000     
 ALPHA_S =   0.11799999999999999     
 BORN                    4.7028578831464607E-009
 SINGLE POLE (MadFKS)   -7.8281420693594770E-010
 DOUBLE POLE (MadFKS)   -4.7104535090053686E-010
 SINGLE POLE (MadLoop)  -7.8281420693597137E-010
 DOUBLE POLE (MadLoop)  -4.7104535090053427E-010
 FINITE PART (MadLoop)  -2.1839368165055946E-009
   325.00000000000000        0.0000000000000000        0.0000000000000000        325.00000000000000        0.0000000000000000     
   325.00000000000000        0.0000000000000000        0.0000000000000000       -325.00000000000000        0.0000000000000000     
   311.27171440390282       -104.71281152278662       -209.69274985567884       -162.26292844917435        125.00000000000000     
   114.04621278573421       -49.848620453350421        85.760412345141944        56.274375732281591        0.0000000000000000     
   224.68207281036297        154.56143197613704        123.93233751053687        105.98855271689280        0.0000000000000000     

 PASSED  -1.0000000000000000     
 MU_R    =    325.00000000000000     
 ALPHA_S =   0.11799999999999999     
 BORN                    5.2281457842145481E-008
 SINGLE POLE (MadFKS)   -1.0222011463604221E-008
 DOUBLE POLE (MadFKS)   -5.2365898070405477E-009
 SINGLE POLE (MadLoop)  -1.0222011463604193E-008
 DOUBLE POLE (MadLoop)  -5.2365898070405452E-009
 FINITE PART (MadLoop)  -2.5032409656502958E-008
   325.00000000000000        0.0000000000000000        0.0000000000000000        325.00000000000000        0.0000000000000000     
   325.00000000000000        0.0000000000000000        0.0000000000000000       -325.00000000000000        0.0000000000000000     
   247.13399582992244       -106.78231171422262        88.745670689033375       -161.77748834057348        125.00000000000000     
   283.51238472254192        81.740182046154274       -204.17798471452633        178.91105468371384        0.0000000000000000     
   119.35361944753565        25.042129668068341        115.43231402549297       -17.133566343140370        0.0000000000000000     

 PASSED  -1.0000000000000000     
 MU_R    =    325.00000000000000     
 ALPHA_S =   0.11799999999999999     
 BORN                    6.1857896010787424E-010
 SINGLE POLE (MadFKS)   -5.6035397505525531E-011
 DOUBLE POLE (MadFKS)   -6.1957803225972680E-011
 SINGLE POLE (MadLoop)  -5.6035397505362848E-011
 DOUBLE POLE (MadLoop)  -6.1957803225971917E-011
 FINITE PART (MadLoop)  -2.0617300317083826E-010
   325.00000000000000        0.0000000000000000        0.0000000000000000        325.00000000000000        0.0000000000000000     
   325.00000000000000        0.0000000000000000        0.0000000000000000       -325.00000000000000        0.0000000000000000     
   278.63790512956678       -188.21081065919427        160.63112112379710       -28.078743784475538        125.00000000000000     
   111.34178669509882        24.355602977736762       -11.515261939419805       -108.03331342930429        0.0000000000000000     
   260.02030817533432        163.85520768145736       -149.11585918437765        136.11205721377979        0.0000000000000000     

 PASSED  -1.0000000000000000     
 MU_R    =    325.00000000000000     
 ALPHA_S =   0.11799999999999999     
 BORN                    5.7095305619572676E-009
 SINGLE POLE (MadFKS)   -1.1273162609054386E-009
 DOUBLE POLE (MadFKS)   -5.7187520734416020E-010
 SINGLE POLE (MadLoop)  -1.1273162609054072E-009
 DOUBLE POLE (MadLoop)  -5.7187520734414811E-010
 FINITE PART (MadLoop)  -2.9533154425451907E-009
   325.00000000000000        0.0000000000000000        0.0000000000000000        325.00000000000000        0.0000000000000000     
   325.00000000000000        0.0000000000000000        0.0000000000000000       -325.00000000000000        0.0000000000000000     
   329.90435772550740       -300.52798307499052       -42.998198447676849       -32.341483661268661        125.00000000000000     
   81.709868369302896        62.269317979078977        37.240351988069143        37.579127333585994        0.0000000000000000     
   238.38577390518975        238.25866509591140        5.7578464596077099       -5.2376436723173727        0.0000000000000000     

 PASSED  -1.0000000000000000     
 MU_R    =    325.00000000000000     
 ALPHA_S =   0.11799999999999999     
 BORN                    2.1130761009679054E-009
 SINGLE POLE (MadFKS)   -4.2998193503110508E-010
 DOUBLE POLE (MadFKS)   -2.1164889481925411E-010
 SINGLE POLE (MadLoop)  -4.2998193503103172E-010
 DOUBLE POLE (MadLoop)  -2.1164889481925889E-010
 FINITE PART (MadLoop)  -1.2840739872322085E-009
   325.00000000000000        0.0000000000000000        0.0000000000000000        325.00000000000000        0.0000000000000000     
   325.00000000000000        0.0000000000000000        0.0000000000000000       -325.00000000000000        0.0000000000000000     
   332.87958755285013        163.81236778578898       -40.114974439260351        258.34108615453829        125.00000000000000     
   233.23010554432022       -111.70774901619600        60.121374535570105       -195.71173001612107        0.0000000000000000     
   83.890306902829636       -52.104618769593166       -20.006400096309740       -62.629356138417137        0.0000000000000000     

 PASSED  -1.0000000000000000     
 MU_R    =    325.00000000000000     
 ALPHA_S =   0.11799999999999999     
 BORN                    1.2043826816349012E-007
 SINGLE POLE (MadFKS)   -2.5873501930079764E-008
 DOUBLE POLE (MadFKS)   -1.2063278903713655E-008
 SINGLE POLE (MadLoop)  -2.5873501930079621E-008
 DOUBLE POLE (MadLoop)  -1.2063278903713612E-008
 FINITE PART (MadLoop)  -6.4804904693179695E-008
   325.00000000000000        0.0000000000000000        0.0000000000000000        325.00000000000000        0.0000000000000000     
   325.00000000000000        0.0000000000000000        0.0000000000000000       -325.00000000000000        0.0000000000000000     
   224.71888470075339        4.8691498855959869       -125.89439021816428        137.84219612346098        125.00000000000000     
   200.82407060323530        128.73518837904439        148.55654172119353        41.091513947583564        0.0000000000000000     
   224.45704469601137       -133.60433826464035       -22.662151503029257       -178.93371007104443        0.0000000000000000     

 PASSED  -1.0000000000000000     
 MU_R    =    325.00000000000000     
 ALPHA_S =   0.11799999999999999     
 BORN                    4.8858724325377516E-007
 SINGLE POLE (MadFKS)   -1.5671055809891970E-007
 DOUBLE POLE (MadFKS)   -4.8937636467555795E-008
 SINGLE POLE (MadLoop)  -1.5671055809891925E-007
 DOUBLE POLE (MadLoop)  -4.8937636467555101E-008
 FINITE PART (MadLoop)  -4.5727514963759898E-007
   325.00000000000000        0.0000000000000000        0.0000000000000000        325.00000000000000        0.0000000000000000     
   325.00000000000000        0.0000000000000000        0.0000000000000000       -325.00000000000000        0.0000000000000000     
   295.56841636412747       -73.822868449280463       -6.3987152075829572        257.38090311755974        125.00000000000000     
   121.85575536773277        109.78342771264433        43.156076837433744       -30.561039705887417        0.0000000000000000     
   232.57582826813973       -35.960559263363891       -36.757361629850671       -226.81986341167232        0.0000000000000000     

 PASSED  -1.0000000000000000     
 MU_R    =    325.00000000000000     
 ALPHA_S =   0.11799999999999999     
 BORN                    3.5485066015523913E-009
 SINGLE POLE (MadFKS)   -4.1625259101915289E-010
 DOUBLE POLE (MadFKS)   -3.5542378248155583E-010
 SINGLE POLE (MadLoop)  -4.1625259101913619E-010
 DOUBLE POLE (MadLoop)  -3.5542378248153034E-010
 FINITE PART (MadLoop)  -1.2764396168720646E-009
   325.00000000000000        0.0000000000000000        0.0000000000000000        325.00000000000000        0.0000000000000000     
   325.00000000000000        0.0000000000000000        0.0000000000000000       -325.00000000000000        0.0000000000000000     
   220.45791648987750        177.09410073555858       -4.4372654410644845       -39.933483483502506        125.00000000000000     
   291.09457314521228       -275.40716881154293        94.248578626507296        2.0364942147611389        0.0000000000000000     
   138.44751036491022        98.313068075984347       -89.811313185442799        37.896989268741414        0.0000000000000000     

 PASSED  -1.0000000000000000     
 MU_R    =    325.00000000000000     
 ALPHA_S =   0.11799999999999999     
 BORN                    6.1680377705572330E-009
 SINGLE POLE (MadFKS)   -1.1990037044793634E-009
 DOUBLE POLE (MadFKS)   -6.1779998209429485E-010
 SINGLE POLE (MadLoop)  -1.1990037044793024E-009
 DOUBLE POLE (MadLoop)  -6.1779998209428358E-010
 FINITE PART (MadLoop)  -3.0062414845747097E-009
   325.00000000000000        0.0000000000000000        0.0000000000000000        325.00000000000000        0.0000000000000000     
   325.00000000000000        0.0000000000000000        0.0000000000000000       -325.00000000000000        0.0000000000000000     
   330.38973506205713        90.767063836226413        273.92062614251370       -101.29761957035289        125.00000000000000     
   160.14224974789454       -36.929953665470066       -123.97362928630552        94.404755802686864        0.0000000000000000     
   159.46801519004828       -53.837110170756347       -149.94699685620816        6.8928637676659941        0.0000000000000000     

 PASSED  -1.0000000000000000     
 MU_R    =    325.00000000000000     
 ALPHA_S =   0.11799999999999999     
 BORN                    1.4780320160885055E-009
 SINGLE POLE (MadFKS)   -1.2214648985138019E-010
 DOUBLE POLE (MadFKS)   -1.4804191981979052E-010
 SINGLE POLE (MadLoop)  -1.2214648985137929E-010
 DOUBLE POLE (MadLoop)  -1.4804191981978995E-010
 FINITE PART (MadLoop)  -4.7872183751081243E-010
   325.00000000000000        0.0000000000000000        0.0000000000000000        325.00000000000000        0.0000000000000000     
   325.00000000000000        0.0000000000000000        0.0000000000000000       -325.00000000000000        0.0000000000000000     
   153.10570288236028        41.196177742036056       -62.464590269951820        47.089342286288002        125.00000000000000     
   286.34947878529175       -231.16673601488978        136.16220390159688       -100.08905229589529        0.0000000000000000     
   210.54481833234803        189.97055827285359       -73.697613631645083        52.999710009607305        0.0000000000000000     

 PASSED  -1.0000000000000000     
 MU_R    =    325.00000000000000     
 ALPHA_S =   0.11799999999999999     
 BORN                    8.7188580970954475E-009
 SINGLE POLE (MadFKS)   -1.4869625755393077E-009
 DOUBLE POLE (MadFKS)   -8.7329399991362851E-010
 SINGLE POLE (MadLoop)  -1.4869625755393788E-009
 DOUBLE POLE (MadLoop)  -8.7329399991363203E-010
 FINITE PART (MadLoop)  -3.9272415865998919E-009
   325.00000000000000        0.0000000000000000        0.0000000000000000        325.00000000000000        0.0000000000000000     
   325.00000000000000        0.0000000000000000        0.0000000000000000       -325.00000000000000        0.0000000000000000     
   297.39857391270618       -194.22259244219609        182.67017070011667       -41.594531933106275        125.00000000000000     
   279.57578290849835        144.28924406340943       -235.95129219443703        40.868326957254752        0.0000000000000000     
   73.025643178795463        49.933348378786654        53.281121494320381       0.72620497585149602        0.0000000000000000     

 NUMBER OF POINTS PASSING THE CHECK          20
 NUMBER OF POINTS FAILING THE CHECK           0
 TOLERANCE   -1.0000000000000000     
