 Enter filename for events
 Enter maximum number of events to generate
 MUST coincide with the number of events on tape
 Enter 0 to use Herwig default PDFs
       1 to use PDFs from library
 Enter colliding particles (PART1, PART2)
 Enter beam momenta (PBEAM1, PBEAM2)


          HERWIG 6.521  11th Mar. 2013

          Please reference:  G. Marchesini, B.R. Webber,
          G.Abbiendi, I.G.Knowles, M.H.Seymour & L.Stanco
          Computer Physics Communications 67 (1992) 465
                             and
          G.Corcella, I.G.Knowles, G.Marchesini, S.Moretti,
          K.Odagiri, P.Richardson, M.H.Seymour & B.R.Webber,
          JHEP 0101 (2001) 010
 Enter .TRUE. for underlying event, .FALSE. otherwise

 Underlying event WILL NOT be generated

 Enter Lambda_QCD, <0 for Herwig default
 Enter Z mass, width
 Enter W mass, width
 Enter top mass, width
 Enter Higgs (SM) boson mass, width
 Enter quark (d,u,s,c,b) and gluon masses
 Enter lepton (e,mu,tau) masses
 Enter number of events to print
 Enter accepted error fraction
 Is it single-top (.TRUE. or .FALSE)?
 Is it b-bbar (.TRUE. or .FALSE)?
 Enter the two random seeds (0 0 for default)

          INPUT CONDITIONS FOR THIS RUN

          BEAM 1 (P       ) MOM. =   6500.00
          BEAM 2 (P       ) MOM. =   6500.00
          PROCESS CODE (IPROC)   =  -18000
          NUMBER OF FLAVOURS     =    6
          STRUCTURE FUNCTION SET =    8
          AZIM SPIN CORRELATIONS =    T
          AZIM SOFT CORRELATIONS =    T
          QCD LAMBDA (GEV)       =    0.1800
          DOWN     QUARK  MASS   =    0.3200
          UP       QUARK  MASS   =    0.3200
          STRANGE  QUARK  MASS   =    0.5000
          CHARMED  QUARK  MASS   =    1.5500
          BOTTOM   QUARK  MASS   =    4.9500
          TOP      QUARK  MASS   =  173.0000
          GLUON EFFECTIVE MASS   =    0.7500
          EXTRA SHOWER CUTOFF (Q)=    0.4800
          EXTRA SHOWER CUTOFF (G)=    0.1000
          PHOTON SHOWER CUTOFF   =    0.4000
          CLUSTER MASS PARAMETER =    3.3500
          SPACELIKE EVOLN CUTOFF =    2.5000
          INTRINSIC P-TRAN (RMS) =    0.0000
          DECAY SPIN CORRELATIONS=    T
          SUSY THREE BODY ME     =    T
          SUSY FOUR  BODY ME     =    F

          NO EVENTS WILL BE WRITTEN TO DISK

          B_d: Delt-M/Gam =0.7000 Delt-Gam/2*Gam =0.0000
          B_s: Delt-M/Gam = 10.00 Delt-Gam/2*Gam =0.2000

          PDFLIB NOT USED FOR BEAM 1
          PDFLIB NOT USED FOR BEAM 2


          Checking consistency of particle properties


          Checking consistency of decay tables


          WRITING SUDAKOV TABLE ON UNIT  77

          WRITING MATRIX ELEMENT TABLE ON UNIT  88

          CHECKING SUSY DECAY MATRIX ELEMENTS
 Do you want a stable Pi0 (.TRUE. or .FALSE)?
 Do you want a stable W+ (.TRUE. or .FALSE)?
 Do you want a stable W- (.TRUE. or .FALSE)?
 Do you want a stable Z0 (.TRUE. or .FALSE)?
 Do you want a stable Tau+ (.TRUE. or .FALSE)?
 Do you want a stable Tau- (.TRUE. or .FALSE)?
 Do you want a stable Mu+ (.TRUE. or .FALSE)?
 Do you want a stable Mu- (.TRUE. or .FALSE)?
 Do you want a stable Higgs (.TRUE. or .FALSE)?

          PARTICLE TYPE  21=PI0      SET STABLE
 How many decay modes do you want to set?
 How are the events normalized ("average" or "sum")?
 stdhep initialized

          SUBROUTINE TIMEL CALLED BUT NOT LINKED.
          DUMMY TIMEL WILL BE USED. DELETE DUMMY
          AND LINK CERNLIB FOR CPU TIME REMAINING.

 HWWARN CALLED FROM SUBPROGRAM HWSMRS: CODE =   5
 EVENT       1:   SEEDS = 1973774260 & 1099242306  WEIGHT = 0.5940E-03
 EVENT SURVIVES. EXECUTION CONTINUES
 WARNING: MRST98 CALLED WITH Q OUTSIDE ALLOWED RANGE!
 Q VALUE=1.430E+04, MINIMUM=1.118E+00, MAXIMUM=3.162E+03
 NO FURTHER WARNINGS WILL BE ISSUED



 EVENT       1: 6500.00 GEV/C P        ON  6500.00 GEV/C P        PROCESS:-18000
 SEEDS:  1973774260 &  1099242306   STATUS:  100 ERROR:   0  WEIGHT:  5.9403E-04


                               ---INITIAL STATE---    

 IHEP    ID      IDPDG IST MO1 MO2 DA1 DA2   P-X     P-Y     P-Z  ENERGY    MASS
    1 P           2212 101   0   0   0   0    0.00    0.00 6500.0 6500.0    0.94
    2 P           2212 102   0   0   0   0    0.00    0.00-6500.0 6500.0    0.94
    3 CMF            0 103   1   2   0   0    0.00    0.00    0.013000.013000.00

                              ---HARD SUBPROCESS---   

 IHEP    ID      IDPDG IST MO1 MO2 DA1 DA2   P-X     P-Y     P-Z  ENERGY    MASS
    4 UQRK           2 121   6   8  10   9    0.00    0.00 1105.2 1105.2    0.32
    5 DQRK           1 122   6   9  12   8    0.00    0.00 -477.9  477.9    0.32
    6 HARD           0 120   4   5   7   9   -8.69   14.37  627.4 1583.3 1453.56
    7 HIGGS         25 123   6   7  22   7  136.73 -240.54   96.3  318.5  125.00
    8 UQRK           2 124   6   5  23   4 -113.75  218.75 -325.0  408.0    0.32
    9 DQRK           1 124   6   4  30   5  -22.99   21.80  856.1  856.7    0.32

                              ---PARTON SHOWERS---    

 IHEP    ID      IDPDG IST MO1 MO2 DA1 DA2   P-X     P-Y     P-Z  ENERGY    MASS
   10 UQRK          94 141   4   6  11  11    0.00    0.00 1109.3 1109.3    0.36
   11 UD          2101   2  10  25  34  33    0.00    0.00 5390.7 5390.7    0.32
   12 DQRK          94 142   5   6  14  21   -8.69   14.37 -481.9  474.0  -88.36
   13 CONE           0 100   5   8   0   0   -0.46    0.89   -0.9    1.4    0.00
   14 GLUON         21   2  12  15  35  36   -3.42    4.79   -6.8    9.0    0.75
   15 GLUON         21   2  12  16  37  38    6.22  -20.67  -60.3   64.1    0.75
   16 GLUON         21   2  12  17  39  40    2.14   -4.29  -17.2   17.9    0.75
   17 GLUON         21   2  12  18  41  42   -0.10    1.40   -5.2    5.4    0.75
   18 GLUON         21   2  12  19  43  44    0.74    0.64   -5.5    5.7    0.75
   19 GLUON         21   2  12  20  45  46    2.81    2.18   -9.7   10.3    0.75
   20 GLUON         21   2  12  21  47  48    0.29    1.58   -7.6    7.8    0.75
   21 UU          2203   2  12  32  49  48    0.00    0.00-5905.7 5905.7    0.27
   22 HIGGS         25 195   7   6 169 170  134.72 -237.19   96.1  315.1  125.00
   23 UQRK          94 144   8   6  25  29 -115.78  222.05 -323.2  412.8   57.14
   24 CONE           0 100   8   5   0   0    0.13   -0.26   -1.3    1.3    0.00
   25 UQRK           2   2  23  26  50  34  -49.08  126.83 -167.1  215.5    0.32
   26 GLUON         21   2  23  27  51  52  -61.64   86.87 -125.2  164.4    0.75
   27 GLUON         21   2  23  28  53  54    0.64    2.19   -4.9    5.4    0.75
   28 GLUON         21   2  23  29  55  56   -0.52    2.57   -6.3    6.8    0.75
   29 GLUON         21   2  23  35  57  58   -5.18    3.59  -19.7   20.7    0.75
   30 DQRK          94 144   9   6  32  33  -27.63   29.52  854.4  855.4    2.16
   31 CONE           0 100   9   4   0   0    0.14   -0.15   16.9   16.9    0.00
   32 DQRK           1   2  30  33  59  49  -18.84   19.73  560.4  561.0    0.32
   33 GLUON         21   2  30  34  60  61   -8.79    9.79  294.1  294.4    0.75

                              ---GLUON SPLITTING---   

 IHEP    ID      IDPDG IST MO1 MO2 DA1 DA2   P-X     P-Y     P-Z  ENERGY    MASS
   34 UD          2101 161  10  50 103  65   -0.00    0.00 4935.0 4935.0    0.64
   35 UBAR          -2 158  12  36  99  58   -0.95    1.50   -2.2    2.8    0.32
   36 UQRK           2 158  12  68  88  35   -1.85    2.46   -3.5    4.7    0.32
   37 UBAR          -2 158  12  38 104  67    1.02   -3.64  -10.7   11.4    0.32
   38 UQRK           2 158  12  39  89  37    3.78  -11.99  -34.9   37.1    0.32
   39 UBAR          -2 158  12  40  89  38    0.55   -1.32   -5.5    5.7    0.32
   40 UQRK           2 158  12  41  90  39    1.59   -2.97  -11.7   12.2    0.32
   41 DBAR          -1 158  12  42  90  40   -0.00    0.82   -3.6    3.7    0.32
   42 DQRK           1 158  12  43  91  41   -0.10    0.57   -1.6    1.8    0.32
   43 UBAR          -2 158  12  44  91  42    0.15    0.27   -2.6    2.6    0.32
   44 UQRK           2 158  12  45  92  43    0.59    0.37   -3.0    3.1    0.32
   45 UBAR          -2 158  12  46  92  44    1.57    1.33   -6.0    6.4    0.32
   46 UQRK           2 158  12  47  93  45    1.24    0.85   -3.6    4.0    0.32
   47 DBAR          -1 158  12  48  93  46   -0.01    0.41   -2.1    2.1    0.32
   48 DQRK           1 158  12  72  94  47    0.09    0.35   -2.8    2.8    0.32
   49 UU          2203 162  12  59 102  63    0.00    0.00-4593.1 4593.1    0.64
   50 UQRK           2 158  23  74  95  34  -43.25  111.75 -147.3  189.8    0.32
   51 UBAR          -2 158  23  52 114  87  -24.45   34.46  -49.9   65.4    0.32
   52 UQRK           2 158  23  78  96  51  -22.39   31.56  -45.3   59.6    0.32
   53 UBAR          -2 158  23  54 109  77    0.31    0.73   -1.9    2.1    0.32
   54 UQRK           2 158  23  55  97  53    0.23    1.31   -2.5    2.9    0.32
   55 UBAR          -2 158  23  56  97  54   -0.13    1.12   -3.1    3.3    0.32
   56 UQRK           2 158  23  57  98  55   -0.39    1.45   -3.1    3.5    0.32
   57 DBAR          -1 158  23  58  98  56   -2.69    1.66  -10.2   10.7    0.32
   58 DQRK           1 158  23  35  99  57   -2.49    1.93   -9.5   10.0    0.32
   59 DQRK           1 158  30  60 100  49  -18.84   19.73  560.4  561.0    0.32
   60 UBAR          -2 158  30  61 100  59   -3.57    3.71  114.2  114.4    0.32
   61 UQRK           2 158  30  80 101  60   -3.55    4.13  122.4  122.5    0.32
   62 UBAR          -2 159  12  63 112  83    0.00    0.00 -477.2  477.2    0.32
   63 UQRK           2 159  12  49 102  62    0.00    0.00 -171.3  171.3    0.32
   64 DBAR          -1 159  10  65 111  81   -0.02    0.03   66.1   66.1    0.32
   65 DQRK           1 159  30  34 103  64   -0.00    0.00  373.6  373.6    0.32
   66 DBAR          -1 159  12  67 105  69    1.36   -4.82  -14.2   15.0    0.32
   67 DQRK           1 159  12  37 104  66   -0.17    0.18   -0.6    0.7    0.32
   68 UBAR          -2 159  12  69  88  36   -0.13    0.12   -0.5    0.6    0.32
   69 UQRK           2 159  12  66 105  68   -0.26    0.32   -0.7    0.8    0.32
   70 SBAR          -3 159  12  71 107  73    0.00    0.02  -65.1   65.1    0.50
   71 SQRK           3 159  12  84 106  70    0.07    0.26   -5.2    5.2    0.50
   72 UBAR          -2 159  12  73  94  48    0.01    0.03  -12.6   12.6    0.32
   73 UQRK           2 159  12  70 107  72    0.11    0.42   -2.9    2.9    0.32
   74 DBAR          -1 159  23  75  95  50   -1.39    3.20   -4.3    5.5    0.32
   75 DQRK           1 159  23  86 108  74   -3.76    9.60  -12.7   16.3    0.32
   76 DBAR          -1 159  23  77 110  79   -0.37    0.67   -1.1    1.4    0.32
   77 DQRK           1 159  23  53 109  76   -4.13    5.83   -8.4   11.0    0.32
   78 UBAR          -2 159  23  79  96  52   -0.48    0.80   -1.2    1.6    0.32
   79 UQRK           2 159  23  76 110  78   -4.92    6.94  -10.0   13.1    0.32
   80 SBAR          -3 159  10  81 101  61   -0.26    0.30   23.0   23.0    0.50
   81 SQRK           3 159  30  64 111  80   -1.39    1.62   50.4   50.4    0.50
   82 SBAR          -3 159  12  83 113  85    0.00    0.00 -297.0  297.0    0.50
   83 SQRK           3 159  12  62 112  82    0.00    0.00 -243.1  243.1    0.50
   84 DBAR          -1 159  12  85 106  71    0.00    0.01  -33.4   33.4    0.32
   85 DQRK           1 159  12  82 113  84    0.01    0.06   -7.6    7.6    0.32
   86 SBAR          -3 159  23  87 108  75   -1.84    3.60   -4.9    6.4    0.50
   87 SQRK           3 159  23  51 114  86   -3.65    5.43   -7.8   10.2    0.50

                             ---CLUSTER FORMATION---  

 IHEP    ID      IDPDG IST MO1 MO2 DA1 DA2   P-X     P-Y     P-Z  ENERGY    MASS
   88 CLUS          91 183  36  68 115 116   -1.98    2.58   -4.0    5.3    1.21
   89 CLUS          91 183  38  39 117 118    4.33  -13.31  -40.4   42.8    1.66
   90 CLUS          91 183  40  41 119 120    1.59   -2.15  -15.3   15.9    3.34
   91 CLUS          91 183  42  43 121 122    0.06    0.84   -4.2    4.4    0.85
   92 CLUS          91 183  44  45 123 124    2.16    1.70   -9.0    9.4    0.83
   93 CLUS          91 183  46  47 125 126    1.22    1.26   -5.7    6.1    1.16
   94 CLUS          91 183  48  72 127 128    0.10    0.39  -15.4   15.4    1.13
   95 CLUS          91 183  50  74 129 130  -44.64  114.95 -151.5  195.4    2.09
   96 CLUS          91 183  52  78 131 132  -22.88   32.36  -46.5   61.1    2.15
   97 CLUS          91 183  54  55 133 134    0.10    2.43   -5.7    6.2    0.85
   98 CLUS          91 183  56  57 135 136   -3.07    3.11  -13.3   14.1    1.98
   99 CLUS          91 183  58  35 137 138   -3.44    3.44  -11.7   12.9    2.21
  100 CLUS          91 183  59  60 139 140  -22.41   23.44  674.6  675.4    1.25
  101 CLUS          91 183  61  80 141 142   -3.81    4.43  145.5  145.6    1.95
  102 CLUS          91 185  63  49 143 144    0.00    0.00-4764.4 4764.4    1.81
  103 CLUS          91 184  65  34 145 146   -0.00    0.01 5308.6 5308.6    1.38
  104 CLUS          91 183  67  37 147 148    0.86   -3.46  -11.3   12.0    2.35
  105 CLUS          91 183  69  66 149 150    1.09   -4.50  -14.8   15.9    3.26
  106 CLUS          91 183  71  84 151 152    0.07    0.27  -38.5   38.6    1.56
  107 CLUS          91 183  73  70 153 154    0.11    0.44  -68.0   68.1    2.64
  108 CLUS          91 183  75  86 155 156   -5.59   13.20  -17.6   22.7    1.20
  109 CLUS          91 183  77  53 157 158   -3.82    6.56  -10.3   13.1    2.90
  110 CLUS          91 183  79  76 159 160   -5.29    7.61  -11.0   14.5    1.19
  111 CLUS          91 183  81  64 161 162   -1.41    1.64  116.5  116.5    2.56
  112 CLUS          91 183  83  62 163 164    0.00    0.01 -720.3  720.3    0.95
  113 CLUS          91 183  85  82 165 166    0.02    0.06 -304.7  304.7    2.12
  114 CLUS          91 183  87  51 167 168  -28.10   39.90  -57.7   75.6    1.47

                              ---CLUSTER DECAYS---    

 IHEP    ID      IDPDG IST MO1 MO2 DA1 DA2   P-X     P-Y     P-Z  ENERGY    MASS
  115 PI0          111   1  88  12   0   0    0.02    0.04   -0.1    0.2    0.13
  116 RHO0         113 197  88  12 219 220   -2.00    2.54   -3.9    5.1    0.77
  117 PI+          211   1  89  12   0   0    0.95   -3.63  -10.4   11.0    0.14
  118 A_2-        -215 197  89  12 221 222    3.38   -9.69  -30.0   31.7    1.32
  119 SIGMA*0     3214 197  90  12 223 224    1.64   -2.02   -8.9    9.4    1.38
  120 SIGMABR+   -3112 197  90  12 225 226   -0.04   -0.13   -6.4    6.5    1.20
  121 PI-         -211   1  91  12   0   0    0.14    0.39   -0.6    0.8    0.14
  122 PI0          111   1  91  12   0   0   -0.08    0.45   -3.6    3.6    0.13
  123 PI0          111   1  92  12   0   0    0.58    0.08   -2.1    2.2    0.13
  124 PI0          111   1  92  12   0   0    1.59    1.62   -6.9    7.3    0.13
  125 OMEGA        223 197  93  12 227 228    0.72    1.15   -4.3    4.5    0.78
  126 PI+          211   1  93  12   0   0    0.51    0.11   -1.4    1.5    0.14
  127 K0           311 197  94  12 229 229   -0.02    0.38  -10.9   10.9    0.50
  128 K-          -321   1  94  12   0   0    0.12    0.01   -4.5    4.5    0.49
  129 F_2          225 197  95  23 230 231  -44.11  113.85 -150.0  193.4    1.27
  130 PI+          211   1  95  23   0   0   -0.52    1.11   -1.5    1.9    0.14
  131 A_1+       20213 197  96  23 232 233  -16.69   24.67  -34.5   45.6    1.23
  132 PI-         -211   1  96  23   0   0   -6.19    7.69  -12.1   15.6    0.14
  133 PI0          111   1  97  23   0   0   -0.19    0.16   -0.6    0.7    0.13
  134 PI0          111   1  97  23   0   0    0.29    2.26   -5.0    5.5    0.13
  135 PI+          211   1  98  23   0   0   -1.46    0.95   -6.5    6.8    0.14
  136 HL_10      10223 197  98  23 234 235   -1.61    2.16   -6.8    7.4    1.17
  137 DELTA-      1114 197  99  23 236 237   -1.91    1.85   -6.0    6.6    1.23
  138 NBAR       -2112   1  99  23   0   0   -1.53    1.59   -5.8    6.2    0.94
  139 PI-         -211   1 100  30   0   0  -19.89   20.83  591.0  591.7    0.14
  140 PI0          111   1 100  30   0   0   -2.52    2.61   83.6   83.7    0.13
  141 RHO+         213 197 101  30 238 239   -1.21    1.88   71.5   71.5    0.77
  142 K0           311 197 101  30 240 240   -2.60    2.55   73.9   74.0    0.50
  143 PI+          211   1 102  12   0   0   -0.30    0.15 -437.2  437.2    0.14
  144 DELTA+      2214 197 102  12 241 242    0.31   -0.15-4327.1 4327.1    1.23
  145 PI-         -211   1 103  30   0   0   -0.32    0.03  920.9  920.9    0.14
  146 P           2212   1 103  30   0   0    0.32   -0.03 4387.7 4387.7    0.94
  147 RHO-        -213 197 104  12 243 244   -0.29   -0.54   -3.5    3.7    0.77
  148 OMEGA        223 197 104  12 245 247    1.14   -2.92   -7.7    8.4    0.78
  149 DELTA++     2224 197 105  12 248 249    1.05   -0.72   -4.6    5.0    1.23
  150 PBAR       -2212   1 105  12   0   0    0.04   -3.78  -10.2   10.9    0.94
  151 K-          -321   1 106  12   0   0    0.43    0.22   -7.9    8.0    0.49
  152 PI+          211   1 106  12   0   0   -0.36    0.06  -30.6   30.6    0.14
  153 K*_2+        325 197 107  12 250 251    0.35    0.54  -47.4   47.4    1.43
  154 PHI          333 197 107  12 252 253   -0.24   -0.10  -20.6   20.6    1.02
  155 PI-         -211   1 108  23   0   0   -0.11    0.40   -0.7    0.9    0.14
  156 K+           321   1 108  23   0   0   -5.48   12.80  -16.9   21.9    0.49
  157 DELTA0      2114 197 109  23 254 255   -2.36    3.14   -6.3    7.5    1.23
  158 DELTABR-   -2214 197 109  23 256 257   -1.45    3.42   -4.0    5.6    1.23
  159 RHO+         213 197 110  23 258 259   -3.69    5.69   -8.4   10.9    0.77
  160 PI0          111   1 110  23   0   0   -1.60    1.92   -2.6    3.6    0.13
  161 SIGMA0      3212 197 111  30 260 261   -0.67    0.45   41.2   41.2    1.19
  162 DELTABR0   -2114 197 111  30 262 263   -0.75    1.19   75.3   75.3    1.23
  163 KBAR0       -311 197 112  12 264 264   -0.15    0.29 -438.6  438.6    0.50
  164 PI-         -211   1 112  12   0   0    0.15   -0.28 -281.7  281.7    0.14
  165 ETA          221 197 113  12 265 266    0.32   -0.13  -37.2   37.2    0.55
  166 K*0          313 197 113  12 267 268   -0.30    0.20 -267.5  267.5    0.90
  167 K-          -321   1 114  23   0   0  -26.12   37.38  -53.5   70.3    0.49
  168 PI0          111   1 114  23   0   0   -1.98    2.51   -4.2    5.3    0.13

                            ---H/W/Z BOSON DECAYS---  

 IHEP    ID      IDPDG IST MO1 MO2 DA1 DA2   P-X     P-Y     P-Z  ENERGY    MASS
  169 BQRK           5 123  22 170 171 170  151.32 -202.14  107.3  274.4    4.95
  170 BBAR          -5 124  22 169 173 169  -16.60  -35.05  -11.2   40.7    4.95

                              ---PARTON SHOWERS---    

 IHEP    ID      IDPDG IST MO1 MO2 DA1 DA2   P-X     P-Y     P-Z  ENERGY    MASS
  171 BQRK          94 143 169  22 172 172  144.15 -192.57  102.2  261.4    4.95
  172 BQRK           5   2 171 175 180 179  144.15 -192.57  102.2  261.4    4.95
  173 BBAR          94 144 170  22 175 179   -9.42  -44.62   -6.1   53.7   27.61
  174 CONE           0 100 170 169   0   0    0.91    0.31    0.6    1.2    0.00
  175 GLUON         21   2 173 176 181 182    6.29   -6.03    0.4    8.8    0.75
  176 GLUON         21   2 173 177 183 184    0.57   -1.02   -0.8    1.6    0.75
  177 GLUON         21   2 173 178 185 186    0.62   -3.87   -2.5    4.7    0.75
  178 GLUON         21   2 173 179 187 188   -5.15   -5.96   -0.4    7.9    0.75
  179 BBAR          -5   2 173 180 189 188  -11.76  -27.74   -2.7   30.7    4.95

                              ---GLUON SPLITTING---   

 IHEP    ID      IDPDG IST MO1 MO2 DA1 DA2   P-X     P-Y     P-Z  ENERGY    MASS
  180 BQRK           5 158 171 192 196 189  136.69 -182.59   96.9  247.9    4.95
  181 DBAR          -1 158 173 182 201 191    1.96   -2.03    0.3    2.9    0.32
  182 DQRK           1 158 173 183 197 181    3.15   -2.86    0.0    4.3    0.32
  183 DBAR          -1 158 173 184 197 182    0.47   -0.76   -0.6    1.2    0.32
  184 DQRK           1 158 173 185 198 183    0.10   -0.25   -0.1    0.4    0.32
  185 DBAR          -1 158 173 186 198 184    0.53   -2.80   -1.9    3.4    0.32
  186 DQRK           1 158 173 187 199 185    0.09   -1.07   -0.6    1.3    0.32
  187 DBAR          -1 158 173 188 199 186   -2.47   -2.70   -0.0    3.7    0.32
  188 DQRK           1 158 173 194 200 187   -1.41   -1.86   -0.2    2.4    0.32
  189 BBAR          -5 158 173 180 203 195  -11.53  -26.13   -2.6   29.1    4.95
  190 SBAR          -3 159 173 191 202 193    1.90   -2.35    1.0    3.2    0.50
  191 SQRK           3 159 171 181 201 190    2.59   -3.36    1.6    4.6    0.50
  192 UBAR          -2 159 173 193 196 180    1.77   -2.31    1.1    3.1    0.32
  193 UQRK           2 159 171 190 202 192    2.36   -3.11    1.6    4.2    0.32
  194 DBAR          -1 159 173 195 200 188   -0.74   -1.52   -0.2    1.7    0.32
  195 DQRK           1 159 173 189 203 194   -0.75   -1.48   -0.2    1.7    0.32

                             ---CLUSTER FORMATION---  

 IHEP    ID      IDPDG IST MO1 MO2 DA1 DA2   P-X     P-Y     P-Z  ENERGY    MASS
  196 CLUS          91 183 180 192 204 205  138.47 -184.90   98.0  251.0    5.81
  197 CLUS          91 183 182 183 206 207    3.62   -3.62   -0.6    5.4    1.66
  198 CLUS          91 183 184 185 208 209    0.63   -3.05   -2.0    3.9    1.10
  199 CLUS          91 183 186 187 210 211   -2.38   -3.78   -0.7    5.0    2.08
  200 CLUS          91 183 188 194 212 213   -2.15   -3.38   -0.4    4.1    0.76
  201 CLUS          91 183 191 181 214 215    4.56   -5.38    1.9    7.4    1.32
  202 CLUS          91 183 193 190 216 217    4.26   -5.47    2.6    7.5    0.91
  203 CLUS          91 183 195 189 218 218  -12.28  -27.61   -2.8   30.8    5.28

                              ---CLUSTER DECAYS---    

 IHEP    ID      IDPDG IST MO1 MO2 DA1 DA2   P-X     P-Y     P-Z  ENERGY    MASS
  204 B*BAR0      -513 197 196 171 269 270  137.84 -184.10   97.7  249.9    5.32
  205 PI-         -211   1 196 171   0   0    0.62   -0.80    0.4    1.1    0.14
  206 PI0          111   1 197 173   0   0    2.64   -2.70   -0.8    3.9    0.13
  207 RHO0         113 197 197 173 271 272    0.98   -0.92    0.2    1.6    0.77
  208 RHO-        -213 197 198 173 273 274    0.31   -2.57   -1.8    3.2    0.77
  209 PI+          211   1 198 173   0   0    0.32   -0.48   -0.3    0.7    0.14
  210 A_20         115 197 199 173 275 276   -1.51   -2.54    0.1    3.2    1.32
  211 PI0          111   1 199 173   0   0   -0.87   -1.23   -0.8    1.7    0.13
  212 PI-         -211   1 200 173   0   0   -1.78   -2.21   -0.3    2.9    0.14
  213 PI+          211   1 200 173   0   0   -0.38   -1.18   -0.1    1.2    0.14
  214 K-          -321   1 201 171   0   0    1.24   -1.91    1.0    2.5    0.49
  215 PI+          211   1 201 171   0   0    3.32   -3.47    0.9    4.9    0.14
  216 PI+          211   1 202 171   0   0    1.95   -2.93    1.4    3.8    0.14
  217 K0           311 197 202 171 277 277    2.31   -2.54    1.2    3.7    0.50
  218 B_D0         511 200 203 173 278 278  -12.28  -27.61   -2.8   30.8    5.28

                           ---STRONG HADRON DECAYS--- 

 IHEP    ID      IDPDG IST MO1 MO2 DA1 DA2   P-X     P-Y     P-Z  ENERGY    MASS
  219 PI+          211   1 116  12   0   0   -0.69    0.51   -1.4    1.6    0.14
  220 PI-         -211   1 116  12   0   0   -1.30    2.03   -2.5    3.5    0.14
  221 RHO-        -213 198 118  12 279 280    2.29   -7.68  -22.9   24.3    0.77
  222 PI0          111   1 118  12   0   0    1.09   -2.01   -7.0    7.4    0.13
  223 LAMBDA      3122 198 119  12 281 282    1.58   -1.79   -8.4    8.8    1.12
  224 PI0          111   1 119  12   0   0    0.06   -0.23   -0.5    0.6    0.13
  225 NBAR       -2112   1 120  12   0   0    0.02   -0.01   -4.2    4.3    0.94
  226 PI+          211   1 120  12   0   0   -0.06   -0.12   -2.2    2.2    0.14
  227 PI+          211   1 125  12   0   0    0.18    0.74   -3.0    3.1    0.14
  228 PI-         -211   1 125  12   0   0    0.54    0.41   -1.2    1.4    0.14
  229 K_S0         310 198 127  12 283 284   -0.02    0.38  -10.9   10.9    0.50
  230 PI+          211   1 129  23   0   0  -15.24   40.05  -51.8   67.2    0.14
  231 PI-         -211   1 129  23   0   0  -28.87   73.80  -98.2  126.2    0.14
  232 RHO0         113 198 131  23 285 286  -11.26   16.66  -23.8   31.2    0.77
  233 PI+          211   1 131  23   0   0   -5.43    8.01  -10.7   14.4    0.14
  234 RHO-        -213 198 136  23 287 288   -1.02    1.74   -4.5    5.0    0.77
  235 PI+          211   1 136  23   0   0   -0.59    0.42   -2.3    2.4    0.14
  236 N           2112   1 137  23   0   0   -1.83    1.85   -5.5    6.2    0.94
  237 PI-         -211   1 137  23   0   0   -0.08    0.00   -0.4    0.4    0.14
  238 PI+          211   1 141  30   0   0   -0.98    1.66   65.9   66.0    0.14
  239 PI0          111   1 141  30   0   0   -0.23    0.22    5.6    5.6    0.13
  240 K_L0         130   1 142  30   0   0   -2.60    2.55   73.9   74.0    0.50
  241 P           2212   1 144  12   0   0    0.14   -0.11-2604.6 2604.6    0.94
  242 PI0          111   1 144  12   0   0    0.17   -0.04-1722.6 1722.6    0.13
  243 PI-         -211   1 147  12   0   0   -0.52   -0.43   -2.5    2.6    0.14
  244 PI0          111   1 147  12   0   0    0.23   -0.11   -1.0    1.1    0.13
  245 PI+          211   1 148  12   0   0    0.42   -0.85   -1.8    2.0    0.14
  246 PI-         -211   1 148  12   0   0    0.51   -0.98   -3.2    3.4    0.14
  247 PI0          111   1 148  12   0   0    0.21   -1.09   -2.7    2.9    0.13
  248 P           2212   1 149  12   0   0    0.83   -0.45   -3.0    3.3    0.94
  249 PI+          211   1 149  12   0   0    0.22   -0.27   -1.7    1.7    0.14
  250 K+           321   1 153  12   0   0    0.11   -0.17  -34.0   34.0    0.49
  251 PI0          111   1 153  12   0   0    0.24    0.71  -13.4   13.4    0.13
  252 K+           321   1 154  12   0   0    0.01   -0.03   -9.1    9.1    0.49
  253 K-          -321   1 154  12   0   0   -0.24   -0.07  -11.6   11.6    0.49
  254 N           2112   1 157  23   0   0   -1.39    1.87   -3.8    4.6    0.94
  255 PI0          111   1 157  23   0   0   -0.97    1.28   -2.4    2.9    0.13
  256 PBAR       -2212   1 158  23   0   0   -1.30    2.48   -3.0    4.2    0.94
  257 PI0          111   1 158  23   0   0   -0.16    0.94   -1.0    1.4    0.13
  258 PI+          211   1 159  23   0   0   -0.25    0.51   -0.5    0.8    0.14
  259 PI0          111   1 159  23   0   0   -3.45    5.18   -7.9   10.1    0.13
  260 LAMBDA      3122 198 161  30 289 290   -0.61    0.49   38.4   38.5    1.12
  261 GAMMA         22   1 161  30   0   0   -0.05   -0.04    2.8    2.8    0.00
  262 NBAR       -2112   1 162  30   0   0   -0.35    0.79   55.2   55.2    0.94
  263 PI0          111   1 162  30   0   0   -0.40    0.40   20.1   20.1    0.13
  264 K_S0         310 198 163  12 291 292   -0.15    0.29 -438.6  438.6    0.50
  265 GAMMA         22   1 165  12   0   0    0.01   -0.10  -28.7   28.7    0.00
  266 GAMMA         22   1 165  12   0   0    0.30   -0.04   -8.5    8.5    0.00
  267 K0           311 198 166  12 293 293    0.02   -0.08 -164.8  164.8    0.50
  268 PI0          111   1 166  12   0   0   -0.32    0.28 -102.7  102.7    0.13
  269 B_DBAR0     -511 200 204 171 294 294  136.15 -181.79   96.4  246.8    5.28
  270 GAMMA         22   1 204 171   0   0    1.69   -2.31    1.2    3.1    0.00
  271 PI+          211   1 207 173   0   0    0.39   -0.75    0.3    0.9    0.14
  272 PI-         -211   1 207 173   0   0    0.59   -0.17   -0.1    0.6    0.14
  273 PI-         -211   1 208 173   0   0    0.43   -2.34   -1.7    2.9    0.14
  274 PI0          111   1 208 173   0   0   -0.12   -0.23   -0.1    0.3    0.13
  275 RHO-        -213 198 210 173 298 299   -1.31   -2.47   -0.1    2.9    0.77
  276 PI+          211   1 210 173   0   0   -0.20   -0.07    0.2    0.3    0.14
  277 K_S0         310 198 217 171 300 301    2.31   -2.54    1.2    3.7    0.50
  278 B_D0         511 199 218 173 306 307  -12.28  -27.61   -2.8   30.8    5.28
  279 PI-         -211   1 221  12   0   0    0.04   -0.47   -1.6    1.7    0.14
  280 PI0          111   1 221  12   0   0    2.25   -7.21  -21.3   22.6    0.13
  281 N           2112   1 223  12   0   0    1.46   -1.71   -7.8    8.2    0.94
  282 PI0          111   1 223  12   0   0    0.12   -0.08   -0.6    0.6    0.13
  283 PI0          111   1 229  12   0   0    0.18    0.23   -4.4    4.4    0.13
  284 PI0          111   1 229  12   0   0   -0.20    0.15   -6.5    6.5    0.13
  285 PI+          211   1 232  23   0   0   -8.57   12.60  -18.5   24.0    0.14
  286 PI-         -211   1 232  23   0   0   -2.68    4.06   -5.3    7.2    0.14
  287 PI-         -211   1 234  23   0   0   -0.32    1.20   -2.3    2.6    0.14
  288 PI0          111   1 234  23   0   0   -0.70    0.54   -2.1    2.3    0.13
  289 N           2112   1 260  30   0   0   -0.52    0.36   34.5   34.6    0.94
  290 PI0          111   1 260  30   0   0   -0.09    0.13    3.9    3.9    0.13
  291 PI0          111   1 264  12   0   0   -0.03   -0.10 -138.2  138.2    0.13
  292 PI0          111   1 264  12   0   0   -0.12    0.38 -300.4  300.4    0.13
  293 K_L0         130   1 267  12   0   0    0.02   -0.08 -164.8  164.8    0.50
  294 B_D0         511 198 269 171 295 297  136.15 -181.79   96.4  246.8    5.28
  295 MU+          -13   1 294 171   0   0   28.06  -37.13   17.9   49.9    0.11
  296 NU_MU         14   1 294 171   0   0   59.04  -79.30   43.2  107.9    0.00
  297 D-          -411 198 294 171 302 304   49.05  -65.36   35.3   89.0    1.87
  298 PI-         -211   1 275 173   0   0   -0.34   -0.18    0.0    0.4    0.14
  299 PI0          111   1 275 173   0   0   -0.98   -2.29   -0.1    2.5    0.13
  300 PI0          111   1 277 171   0   0    0.88   -0.68    0.4    1.2    0.13
  301 PI0          111   1 277 171   0   0    1.43   -1.85    0.8    2.5    0.13
  302 NU_EBAR      -12   1 297 171   0   0   38.56  -50.72   27.3   69.3    0.00
  303 E-            11   1 297 171   0   0    0.60   -0.95    0.6    1.3    0.00
  304 K0           311 198 297 171 305 305    9.89  -13.69    7.4   18.4    0.50
  305 K_L0         130   1 304 171   0   0    9.89  -13.69    7.4   18.4    0.50

                           ---HEAVY PARTICLE DECAYS---

 IHEP    ID      IDPDG IST MO1 MO2 DA1 DA2   P-X     P-Y     P-Z  ENERGY    MASS
  306 DQRK           1 125 278 310 311 310   -0.74   -1.67   -0.2    1.9    0.32
  307 BBAR          -5 155 278 306 308 310  -11.53  -25.94   -2.6   28.9    4.96
  308 CBAR          -4 123 307 309 312 309   -9.58  -22.89   -3.1   25.1    1.55
  309 UQRK           2 124 307 308 314 308   -1.60   -1.68    0.6    2.4    0.32
  310 DBAR          -1 124 307 307 316 307   -0.36   -1.36   -0.1    1.4    0.32
  311 DQRK           1 160 306 320 323 320   -0.74   -1.67   -0.2    1.9    0.32

                              ---PARTON SHOWERS---    

 IHEP    ID      IDPDG IST MO1 MO2 DA1 DA2   P-X     P-Y     P-Z  ENERGY    MASS
  312 CBAR          94 143 308 307 313 313   -9.58  -22.89   -3.1   25.1    1.55
  313 CBAR          -4   2 312 315 318 315   -9.58  -22.89   -3.1   25.1    1.55
  314 UQRK          94 144 309 307 315 315   -1.60   -1.68    0.6    2.4    0.32
  315 UQRK           2   2 314 318 319 318   -1.60   -1.68    0.6    2.4    0.32
  316 DBAR          94 144 310 307 317 317   -0.36   -1.36   -0.1    1.4    0.32
  317 DBAR          -1   2 316 311 320 311   -0.36   -1.36   -0.1    1.4    0.32

                              ---GLUON SPLITTING---   

 IHEP    ID      IDPDG IST MO1 MO2 DA1 DA2   P-X     P-Y     P-Z  ENERGY    MASS
  318 CBAR          -4 158 312 319 325 322   -7.07  -16.71   -2.2   18.3    1.55
  319 UQRK           2 158 314 321 324 318   -0.90   -1.05    0.3    1.4    0.32
  320 DBAR          -1 158 316 311 323 311   -0.36   -1.36   -0.1    1.4    0.32
  321 UBAR          -2 159 312 322 324 319   -2.44   -5.86   -0.8    6.4    0.32
  322 UQRK           2 159 314 318 325 321   -0.77   -0.96    0.2    1.3    0.32

                             ---CLUSTER FORMATION---  

 IHEP    ID      IDPDG IST MO1 MO2 DA1 DA2   P-X     P-Y     P-Z  ENERGY    MASS
  323 CLUS          91 183 311 320 326 327   -1.10   -3.03   -0.3    3.3    0.70
  324 CLUS          91 183 319 321 328 329   -3.34   -6.91   -0.5    7.9    1.60
  325 CLUS          91 183 322 318 330 331   -7.84  -17.67   -2.0   19.6    2.81

                              ---CLUSTER DECAYS---    

 IHEP    ID      IDPDG IST MO1 MO2 DA1 DA2   P-X     P-Y     P-Z  ENERGY    MASS
  326 PI0          111   1 323 306   0   0   -1.00   -1.88   -0.2    2.1    0.13
  327 PI0          111   1 323 306   0   0   -0.10   -1.15   -0.1    1.2    0.13
  328 RHO+         213 197 324 314 332 333   -1.41   -2.25    0.1    2.8    0.77
  329 PI-         -211   1 324 314   0   0   -1.93   -4.66   -0.7    5.1    0.14
  330 PI+          211   1 325 314   0   0   -0.30   -0.40    0.1    0.5    0.14
  331 DL_1-     -10413 197 325 314 334 335   -7.54  -17.27   -2.0   19.1    2.43

                           ---STRONG HADRON DECAYS--- 

 IHEP    ID      IDPDG IST MO1 MO2 DA1 DA2   P-X     P-Y     P-Z  ENERGY    MASS
  332 PI+          211   1 328 314   0   0   -1.10   -1.91    0.4    2.2    0.14
  333 PI0          111   1 328 314   0   0   -0.31   -0.34   -0.2    0.5    0.13
  334 DBAR0       -421 198 331 314 336 338   -7.27  -16.28   -1.7   18.0    1.86
  335 PI-         -211   1 331 314   0   0   -0.28   -0.98   -0.4    1.1    0.14
  336 K0           311 198 334 314 339 339   -1.26   -3.00   -0.3    3.3    0.50
  337 K-          -321   1 334 314   0   0   -2.81   -5.51   -0.9    6.3    0.49
  338 K+           321   1 334 314   0   0   -3.20   -7.77   -0.5    8.4    0.49
  339 K_L0         130   1 336 314   0   0   -1.26   -3.00   -0.3    3.3    0.50



 EVENT       2: 6500.00 GEV/C P        ON  6500.00 GEV/C P        PROCESS:-18000
 SEEDS:  1406354849 &   426040998   STATUS:  100 ERROR:   0  WEIGHT:  5.9403E-04


                               ---INITIAL STATE---    

 IHEP    ID      IDPDG IST MO1 MO2 DA1 DA2   P-X     P-Y     P-Z  ENERGY    MASS
    1 P           2212 101   0   0   0   0    0.00    0.00 6500.0 6500.0    0.94
    2 P           2212 102   0   0   0   0    0.00    0.00-6500.0 6500.0    0.94
    3 CMF            0 103   1   2   0   0    0.00    0.00    0.013000.013000.00

                              ---HARD SUBPROCESS---   

 IHEP    ID      IDPDG IST MO1 MO2 DA1 DA2   P-X     P-Y     P-Z  ENERGY    MASS
    4 UQRK           2 121   6   8  11   9    0.00    0.00  915.3  915.3    0.32
    5 DQRK           1 122   6   9  16  10    0.00    0.00 -491.0  491.0    0.32
    6 HARD           0 120   4   5   7  10    6.76   -3.40  424.3 1406.3 1340.74
    7 HIGGS         25 123   6   7  22   7   46.01  214.20  412.1  483.2  125.00
    8 UQRK           2 124   6  10  23   4    3.71 -192.27  -98.4  216.0    0.32
    9 DQRK           1 124   6   4  27   5  -19.12    3.47  407.3  407.7    0.32
   10 GLUON         21 124   6   5  31   8  -30.61  -25.40 -296.7  299.3    0.75

                              ---PARTON SHOWERS---    

 IHEP    ID      IDPDG IST MO1 MO2 DA1 DA2   P-X     P-Y     P-Z  ENERGY    MASS
   11 UQRK          94 141   4   6  13  15    2.13   -0.90  915.3  915.3   -6.05
   12 CONE           0 100   4   9   0   0   -0.98    0.18   21.8   21.8    0.00
   13 GLUON         21   2  11  14  43  44   -1.16    0.32   69.0   69.0    0.75
   14 GLUON         21   2  11  15  45  46   -0.97    0.58  358.0  358.0    0.75
   15 UD          2101   2  11  25  47  46    0.00    0.00 5157.7 5157.7    0.30
   16 DQRK          94 142   5   6  18  21    4.63   -2.50 -491.0  491.0   -7.40
   17 CONE           0 100   5  10   0   0   -0.77   -0.64   -6.7    6.8    0.00
   18 GLUON         21   2  16  19  48  49   -0.54    0.77 -154.9  154.9    0.75
   19 GLUON         21   2  16  20  50  51   -3.11    1.09 -313.8  313.8    0.75
   20 GLUON         21   2  16  21  52  53   -0.98    0.64 -198.2  198.2    0.75
   21 UU          2203   2  16  29  54  53    0.00    0.00-5342.0 5342.0    0.32
   22 HIGGS         25 195   7   6 158 159   48.31  212.96  412.0  482.7  125.00
   23 UQRK          94 144   8   6  25  26    4.75 -192.72  -98.3  216.6    7.82
   24 CONE           0 100   8  10   0   0   -0.13    0.26   -1.0    1.0    0.00
   25 UQRK           2   2  23  26  55  47    3.58 -186.52  -95.8  209.7    0.32
   26 GLUON         21   2  23  33  56  57    1.17   -6.20   -2.6    6.9    0.75
   27 DQRK          94 144   9   6  29  30  -17.16    2.49  407.1  407.5    1.73
   28 CONE           0 100   9   4   0   0    0.57   -0.08    9.9    9.9    0.00
   29 DQRK           1   2  27  30  58  54   -8.45    1.03  214.1  214.3    0.32
   30 GLUON         21   2  27  43  59  60   -8.70    1.45  193.0  193.2    0.75
   31 GLUON         94 144  10   6  33  42  -29.16  -26.12 -296.5  299.5   17.11
   32 CONE           0 100  10   5   0   0    0.31    0.28   -4.4    4.5    0.00
   33 GLUON         21   2  31  34  61  62   -1.10   -1.83  -16.3   16.5    0.75
   34 GLUON         21   2  31  35  63  64   -0.50   -1.57  -17.1   17.2    0.75
   35 GLUON         21   2  31  36  65  66   -2.23   -1.47  -12.4   12.7    0.75
   36 GLUON         21   2  31  37  67  68   -9.32   -7.44  -74.0   74.9    0.75
   37 GLUON         21   2  31  38  69  70   -5.49   -5.19  -51.1   51.7    0.75
   38 GLUON         21   2  31  39  71  72   -2.30   -0.97  -24.1   24.3    0.75
   39 GLUON         21   2  31  40  73  74   -4.16   -0.70  -31.8   32.0    0.75
   40 GLUON         21   2  31  41  75  76   -1.90   -2.27  -21.9   22.1    0.75
   41 GLUON         21   2  31  42  77  78   -1.27   -3.64  -26.8   27.1    0.75
   42 GLUON         21   2  31  48  79  80   -0.89   -1.04  -20.9   21.0    0.75

                              ---GLUON SPLITTING---   

 IHEP    ID      IDPDG IST MO1 MO2 DA1 DA2   P-X     P-Y     P-Z  ENERGY    MASS
   43 UBAR          -2 158  11  44  97  60   -0.87    0.32   50.5   50.6    0.32
   44 UQRK           2 158  11  45  89  43   -0.29    0.00   18.4   18.4    0.32
   45 DBAR          -1 158  11  46  89  44   -0.59    0.22  149.3  149.3    0.32
   46 DQRK           1 158  11  81  90  45   -0.26    0.24  186.3  186.3    0.32
   47 UD          2101 161  11  55 108  82   -0.02    0.02 4047.7 4047.7    0.64
   48 UBAR          -2 158  16  49 107  80   -0.28    0.58 -111.5  111.5    0.32
   49 UQRK           2 158  16  50  91  48   -0.25    0.19  -43.4   43.4    0.32
   50 UBAR          -2 158  16  51  91  49   -1.28    0.26 -128.9  128.9    0.32
   51 UQRK           2 158  16  52  92  50   -1.83    0.83 -184.9  184.9    0.32
   52 UBAR          -2 158  16  53  92  51   -0.76    0.55 -143.8  143.8    0.32
   53 UQRK           2 158  16  83  93  52   -0.18    0.07  -58.5   58.5    0.32
   54 UU          2203 162  16  58 109  84   -0.01    0.00-2598.3 2598.3    0.64
   55 UQRK           2 158  23  85  94  47    3.07 -159.86  -82.1  179.7    0.32
   56 DBAR          -1 158  23  57 110  86    0.20   -2.28   -1.0    2.5    0.32
   57 DQRK           1 158  23  87  95  56    0.45   -2.09   -1.0    2.4    0.32
   58 DQRK           1 158  27  59  96  54   -8.45    1.03  214.1  214.3    0.32
   59 DBAR          -1 158  27  60  96  58   -5.69    0.96  122.5  122.7    0.32
   60 DQRK           1 158  27  43  97  59   -3.02    0.49   70.5   70.5    0.32
   61 DBAR          -1 158  31  62 111  88   -0.28   -0.76   -5.7    5.7    0.32
   62 DQRK           1 158  31  63  98  61   -0.77   -0.93   -9.6    9.6    0.32
   63 DBAR          -1 158  31  64  98  62   -0.19   -0.69   -9.4    9.5    0.32
   64 DQRK           1 158  31  65  99  63   -0.31   -0.88   -7.7    7.8    0.32
   65 DBAR          -1 158  31  66  99  64   -0.91   -0.76   -4.9    5.1    0.32
   66 DQRK           1 158  31  67 100  65   -1.32   -0.70   -7.5    7.6    0.32
   67 UBAR          -2 158  31  68 100  66   -4.52   -3.37  -35.4   35.8    0.32
   68 UQRK           2 158  31  69 101  67   -4.81   -4.07  -38.6   39.1    0.32
   69 DBAR          -1 158  31  70 101  68   -1.38   -1.40  -13.7   13.9    0.32
   70 DQRK           1 158  31  71 102  69   -4.10   -3.79  -37.4   37.8    0.32
   71 UBAR          -2 158  31  72 102  70   -0.97   -0.48   -8.9    9.0    0.32
   72 UQRK           2 158  31  73 103  71   -1.33   -0.49  -15.2   15.3    0.32
   73 DBAR          -1 158  31  74 103  72   -2.40   -0.43  -19.6   19.8    0.32
   74 DQRK           1 158  31  75 104  73   -1.77   -0.26  -12.1   12.3    0.32
   75 DBAR          -1 158  31  76 104  74   -1.14   -1.54  -13.1   13.2    0.32
   76 DQRK           1 158  31  77 105  75   -0.76   -0.73   -8.8    8.9    0.32
   77 DBAR          -1 158  31  78 105  76   -0.38   -1.28   -8.4    8.5    0.32
   78 DQRK           1 158  31  79 106  77   -0.90   -2.36  -18.4   18.6    0.32
   79 UBAR          -2 158  31  80 106  78   -0.19   -0.44   -8.9    8.9    0.32
   80 UQRK           2 158  31  48 107  79   -0.70   -0.60  -12.0   12.1    0.32
   81 DBAR          -1 159  11  82  90  46   -0.03    0.02  838.9  838.9    0.32
   82 DQRK           1 159  11  47 108  81   -0.08    0.08  293.6  293.6    0.32
   83 UBAR          -2 159  16  84  93  53   -0.00    0.00-2435.6 2435.6    0.32
   84 UQRK           2 159  16  54 109  83   -0.03    0.01 -304.1  304.1    0.32
   85 UBAR          -2 159  23  86  94  55    0.17   -2.47   -1.1    2.7    0.32
   86 UQRK           2 159  23  56 110  85    0.48  -24.29  -12.5   27.3    0.32
   87 UBAR          -2 159  31  88  95  57   -0.03   -0.22   -1.1    1.1    0.32
   88 UQRK           2 159  23  61 111  87    0.35   -1.65   -0.8    1.9    0.32

                             ---CLUSTER FORMATION---  

 IHEP    ID      IDPDG IST MO1 MO2 DA1 DA2   P-X     P-Y     P-Z  ENERGY    MASS
   89 CLUS          91 183  44  45 112 113   -0.87    0.22  167.7  167.7    1.19
   90 CLUS          91 183  46  81 114 115   -0.28    0.27 1025.2 1025.2    1.10
   91 CLUS          91 183  49  50 116 117   -1.53    0.45 -172.3  172.3    0.82
   92 CLUS          91 183  51  52 118 119   -2.59    1.38 -328.7  328.7    1.00
   93 CLUS          91 183  53  83 120 121   -0.18    0.08-2494.1 2494.1    2.46
   94 CLUS          91 183  55  85 122 123    3.24 -162.33  -83.2  182.5    3.07
   95 CLUS          91 183  57  87 124 125    0.42   -2.31   -2.1    3.5    1.62
   96 CLUS          91 183  58  59 126 127  -14.14    2.00  336.6  336.9    1.40
   97 CLUS          91 183  60  43 128 129   -3.89    0.81  121.0  121.1    1.65
   98 CLUS          91 183  62  63 130 131   -0.96   -1.62  -19.0   19.1    0.89
   99 CLUS          91 183  64  65 132 133   -1.21   -1.64  -12.6   12.8    1.13
  100 CLUS          91 183  66  67 134 135   -5.84   -4.08  -42.8   43.4    1.16
  101 CLUS          91 183  68  69 136 137   -6.19   -5.47  -52.4   53.0    0.91
  102 CLUS          91 183  70  71 138 139   -5.07   -4.26  -46.3   46.8    1.19
  103 CLUS          91 183  72  73 140 141   -3.72   -0.93  -34.9   35.1    0.90
  104 CLUS          91 183  74  75 142 143   -2.90   -1.80  -25.2   25.5    1.55
  105 CLUS          91 183  76  77 144 145   -1.14   -2.01  -17.2   17.4    0.94
  106 CLUS          91 183  78  79 146 147   -1.09   -2.80  -27.3   27.5    1.26
  107 CLUS          91 183  80  48 148 149   -0.98   -0.02 -123.6  123.6    3.06
  108 CLUS          91 184  82  47 150 151   -0.10    0.10 4341.3 4341.3    1.46
  109 CLUS          91 185  84  54 152 153   -0.04    0.01-2902.3 2902.3    1.20
  110 CLUS          91 183  86  56 154 155    0.68  -26.57  -13.4   29.8    1.41
  111 CLUS          91 183  88  61 156 157    0.07   -2.41   -6.5    7.6    3.25

                              ---CLUSTER DECAYS---    

 IHEP    ID      IDPDG IST MO1 MO2 DA1 DA2   P-X     P-Y     P-Z  ENERGY    MASS
  112 PI+          211   1  89  11   0   0   -0.00   -0.18   14.4   14.4    0.14
  113 RHO0         113 197  89  11 221 222   -0.87    0.39  153.3  153.3    0.77
  114 PI-         -211   1  90  11   0   0    0.15   -0.05  286.8  286.8    0.14
  115 RHO+         213 197  90  11 223 224   -0.43    0.31  738.4  738.4    0.77
  116 PI0          111   1  91  16   0   0   -0.22    0.00  -62.6   62.6    0.13
  117 PI0          111   1  91  16   0   0   -1.31    0.45 -109.8  109.8    0.13
  118 RHO+         213 197  92  16 225 226   -1.67    1.00 -226.8  226.8    0.77
  119 PI-         -211   1  92  16   0   0   -0.92    0.38 -101.9  101.9    0.14
  120 N           2112   1  93  16   0   0    0.32    0.41 -914.5  914.5    0.94
  121 DELTABR0   -2114 197  93  16 227 228   -0.51   -0.33-1579.6 1579.6    1.23
  122 DELTA++     2224 197  94  23 229 230    2.51 -129.23  -66.3  145.3    1.23
  123 DLTABR--   -2224 197  94  23 231 232    0.74  -33.10  -16.9   37.2    1.23
  124 B_1-      -10213 197  95  23 233 234    0.24   -1.53   -1.8    2.6    1.23
  125 PI0          111   1  95  23   0   0    0.18   -0.79   -0.3    0.9    0.13
  126 PI-         -211   1  96  27   0   0   -1.87    0.24   46.3   46.3    0.14
  127 B_1+       10213 197  96  27 235 236  -12.27    1.76  290.3  290.6    1.23
  128 PI0          111   1  97  27   0   0   -1.05   -0.05   18.2   18.3    0.13
  129 RHO-        -213 197  97  27 237 238   -2.84    0.86  102.8  102.8    0.77
  130 PI0          111   1  98  31   0   0   -0.88   -0.67   -9.7    9.7    0.13
  131 PI0          111   1  98  31   0   0   -0.08   -0.95   -9.3    9.4    0.13
  132 OMEGA        223 197  99  31 239 241   -0.87   -1.56  -10.7   10.8    0.78
  133 PI0          111   1  99  31   0   0   -0.35   -0.08   -1.9    2.0    0.13
  134 PI-         -211   1 100  31   0   0   -1.57   -1.01  -14.4   14.6    0.14
  135 PI0          111   1 100  31   0   0   -4.27   -3.06  -28.4   28.9    0.13
  136 PI0          111   1 101  31   0   0   -5.95   -5.37  -50.3   51.0    0.13
  137 PI+          211   1 101  31   0   0   -0.24   -0.10   -2.0    2.0    0.14
  138 RHO-        -213 197 102  31 242 243   -4.11   -3.16  -34.6   35.0    0.77
  139 PI0          111   1 102  31   0   0   -0.96   -1.10  -11.7   11.8    0.13
  140 PI+          211   1 103  31   0   0   -2.95   -1.01  -29.4   29.6    0.14
  141 PI0          111   1 103  31   0   0   -0.78    0.08   -5.5    5.5    0.13
  142 PI-         -211   1 104  31   0   0   -0.23   -0.15   -3.9    4.0    0.14
  143 A_1+       20213 197 104  31 244 245   -2.67   -1.66  -21.3   21.5    1.23
  144 PI-         -211   1 105  31   0   0   -0.00   -0.24   -0.8    0.9    0.14
  145 PI+          211   1 105  31   0   0   -1.13   -1.77  -16.4   16.5    0.14
  146 RHO0         113 197 106  31 246 247   -1.16   -2.02  -19.6   19.8    0.77
  147 PI-         -211   1 106  31   0   0    0.07   -0.78   -7.7    7.7    0.14
  148 DELTA++     2224 197 107  31 248 249    0.14   -0.38  -76.0   76.0    1.23
  149 DLTABR--   -2224 197 107  31 250 251   -1.13    0.36  -47.6   47.6    1.23
  150 PI-         -211   1 108  11   0   0   -0.21    0.33 2028.6 2028.6    0.14
  151 P           2212   1 108  11   0   0    0.11   -0.23 2312.8 2312.8    0.94
  152 PI+          211   1 109  16   0   0    0.16    0.05 -350.6  350.6    0.14
  153 P           2212   1 109  16   0   0   -0.20   -0.03-2551.8 2551.8    0.94
  154 PI0          111   1 110  23   0   0    0.47  -25.56  -13.1   28.7    0.13
  155 PI+          211   1 110  23   0   0    0.20   -1.02   -0.4    1.1    0.14
  156 N           2112   1 111  23   0   0   -0.85   -1.83   -2.6    3.4    0.94
  157 DELTABR+   -1114 197 111  23 252 253    0.92   -0.58   -3.9    4.2    1.23

                            ---H/W/Z BOSON DECAYS---  

 IHEP    ID      IDPDG IST MO1 MO2 DA1 DA2   P-X     P-Y     P-Z  ENERGY    MASS
  158 BQRK           5 123  22 159 160 159  -17.32  169.27  249.0  301.7    4.95
  159 BBAR          -5 124  22 158 162 158   65.63   43.68  162.9  181.1    4.95

                              ---PARTON SHOWERS---    

 IHEP    ID      IDPDG IST MO1 MO2 DA1 DA2   P-X     P-Y     P-Z  ENERGY    MASS
  160 BQRK          94 143 158  22 161 161  -17.27  168.77  248.3  300.8    4.95
  161 BQRK           5   2 160 164 167 166  -17.27  168.77  248.3  300.8    4.95
  162 BBAR          94 144 159  22 164 166   65.58   44.19  163.7  182.0    8.42
  163 CONE           0 100 159 158   0   0   -0.43    0.88    0.8    1.3    0.00
  164 GLUON         21   2 162 165 168 169    9.80    4.63   23.4   25.8    0.75
  165 GLUON         21   2 162 166 170 171    9.01    6.08   23.8   26.2    0.75
  166 BBAR          -5   2 162 167 172 171   46.77   33.48  116.4  130.0    4.95

                              ---GLUON SPLITTING---   

 IHEP    ID      IDPDG IST MO1 MO2 DA1 DA2   P-X     P-Y     P-Z  ENERGY    MASS
  167 BQRK           5 158 160 179 189 172  -10.33  101.94  150.1  181.8    4.95
  168 DBAR          -1 158 162 169 192 174    1.47    0.76    3.6    4.0    0.32
  169 DQRK           1 158 162 170 190 168    2.71    1.17    6.4    7.0    0.32
  170 DBAR          -1 158 162 171 190 169    6.09    4.21   15.9   17.5    0.32
  171 DQRK           1 158 162 172 191 170    2.92    1.88    7.9    8.6    0.32
  172 BBAR          -5 158 162 167 191 171   46.77   33.48  116.4  130.0    4.95
  173 SBAR          -3 159 162 174 199 188    2.03    1.07    5.0    5.5    0.50
  174 SQRK           3 159 160 168 192 173   -0.12    1.96    3.0    3.6    0.50
  175 DBAR          -1 159 162 176 194 178    0.37    0.35    1.2    1.3    0.32
  176 DQRK           1 159 160 185 193 175   -3.57   34.76   51.1   61.9    0.32
  177 UBAR          -2 159 162 178 195 180   -0.02    0.91    1.5    1.7    0.32
  178 UQRK           2 159 160 175 194 177   -0.71    6.96   10.2   12.4    0.32
  179 DBAR          -1 159 162 180 189 167   -0.36    3.66    5.4    6.5    0.32
  180 DQRK           1 159 160 177 195 179   -0.28    2.91    4.3    5.2    0.32
  181 UBAR          -2 159 162 182 197 184    0.12    0.48    1.0    1.1    0.32
  182 UQRK           2 159 160 187 196 181   -0.10    1.46    2.2    2.7    0.32
  183 DBAR          -1 159 162 184 198 186    1.13    0.61    2.8    3.1    0.32
  184 DQRK           1 159 160 181 197 183   -0.16    1.91    2.9    3.5    0.32
  185 DBAR          -1 159 162 186 193 176   -1.04   10.22   15.0   18.2    0.32
  186 DQRK           1 159 160 183 198 185    0.37    0.35    1.2    1.3    0.32
  187 SBAR          -3 159 162 188 196 182    1.01    0.65    2.7    3.0    0.50
  188 SQRK           3 159 160 173 199 187    0.00    1.27    2.1    2.5    0.50

                             ---CLUSTER FORMATION---  

 IHEP    ID      IDPDG IST MO1 MO2 DA1 DA2   P-X     P-Y     P-Z  ENERGY    MASS
  189 CLUS          91 183 167 179 200 200  -10.69  105.60  155.5  188.4    5.28
  190 CLUS          91 183 169 170 201 202    8.80    5.38   22.3   24.6    1.16
  191 CLUS          91 183 171 172 203 204   49.69   35.35  124.3  138.6    5.52
  192 CLUS          91 183 174 168 205 206    1.36    2.72    6.6    7.6    2.21
  193 CLUS          91 183 176 185 207 208   -4.62   44.97   66.1   80.1    0.76
  194 CLUS          91 183 178 175 209 210   -0.33    7.31   11.4   13.7    2.14
  195 CLUS          91 183 180 177 211 212   -0.29    3.81    5.8    7.0    0.76
  196 CLUS          91 183 182 187 213 214    0.90    2.11    4.9    5.7    1.65
  197 CLUS          91 183 184 181 215 216   -0.04    2.39    3.8    4.6    0.84
  198 CLUS          91 183 186 183 217 218    1.50    0.96    4.0    4.4    0.74
  199 CLUS          91 183 188 173 219 220    2.04    2.34    7.1    8.0    2.11

                              ---CLUSTER DECAYS---    

 IHEP    ID      IDPDG IST MO1 MO2 DA1 DA2   P-X     P-Y     P-Z  ENERGY    MASS
  200 B_DBAR0     -511 200 189 160 254 254  -10.69  105.60  155.5  188.4    5.28
  201 RHO-        -213 197 190 162 255 256    4.71    2.68   11.5   12.7    0.77
  202 PI+          211   1 190 162   0   0    4.09    2.71   10.8   11.8    0.14
  203 PI0          111   1 191 162   0   0    1.12    0.73    3.0    3.3    0.13
  204 B*0          513 197 191 162 257 258   48.57   34.62  121.4  135.3    5.32
  205 PHI          333 197 192 160 259 260    1.02    1.84    3.3    4.0    1.02
  206 K*BAR0      -313 197 192 160 261 262    0.34    0.88    3.4    3.6    0.90
  207 PI0          111   1 193 160   0   0   -0.82    9.07   13.2   16.0    0.13
  208 ETA          221 197 193 160 263 265   -3.80   35.90   53.0   64.1    0.55
  209 PI0          111   1 194 160   0   0    0.20    1.11    2.2    2.5    0.13
  210 RHOD+      30213 197 194 160 266 268   -0.53    6.21    9.2   11.2    1.70
  211 PI0          111   1 195 160   0   0   -0.04    3.34    4.8    5.9    0.13
  212 PI-         -211   1 195 160   0   0   -0.25    0.47    0.9    1.1    0.14
  213 PI+          211   1 196 160   0   0    0.18    0.16    0.3    0.4    0.14
  214 K*_20        315 197 196 160 269 270    0.73    1.95    4.6    5.3    1.43
  215 PI-         -211   1 197 160   0   0    0.18    1.84    2.4    3.0    0.14
  216 PI0          111   1 197 160   0   0   -0.22    0.55    1.5    1.6    0.13
  217 PI0          111   1 198 160   0   0    1.42    0.96    3.3    3.7    0.13
  218 PI0          111   1 198 160   0   0    0.07   -0.00    0.7    0.7    0.13
  219 K*_2-       -325 197 199 160 271 272    1.62    1.28    4.9    5.5    1.43
  220 K+           321   1 199 160   0   0    0.42    1.06    2.2    2.5    0.49

                           ---STRONG HADRON DECAYS--- 

 IHEP    ID      IDPDG IST MO1 MO2 DA1 DA2   P-X     P-Y     P-Z  ENERGY    MASS
  221 PI+          211   1 113  11   0   0   -0.25   -0.08   81.2   81.2    0.14
  222 PI-         -211   1 113  11   0   0   -0.63    0.47   72.1   72.1    0.14
  223 PI+          211   1 115  11   0   0   -0.21    0.49  589.0  589.0    0.14
  224 PI0          111   1 115  11   0   0   -0.22   -0.18  149.4  149.4    0.13
  225 PI+          211   1 118  16   0   0   -0.42    0.59  -62.9   63.0    0.14
  226 PI0          111   1 118  16   0   0   -1.25    0.41 -163.9  163.9    0.13
  227 NBAR       -2112   1 121  16   0   0   -0.26   -0.27 -967.1  967.2    0.94
  228 PI0          111   1 121  16   0   0   -0.24   -0.06 -612.4  612.4    0.13
  229 P           2212   1 122  23   0   0    2.29 -121.17  -62.3  136.3    0.94
  230 PI+          211   1 122  23   0   0    0.22   -8.06   -4.0    9.0    0.14
  231 PBAR       -2212   1 123  23   0   0    0.42  -28.33  -14.4   31.8    0.94
  232 PI-         -211   1 123  23   0   0    0.31   -4.77   -2.5    5.4    0.14
  233 OMEGA        223 198 124  23 273 275    0.07   -0.90   -1.5    2.0    0.78
  234 PI-         -211   1 124  23   0   0    0.17   -0.62   -0.2    0.7    0.14
  235 OMEGA        223 198 127  27 276 278   -8.24    0.93  199.8  200.0    0.78
  236 PI+          211   1 127  27   0   0   -4.03    0.83   90.5   90.6    0.14
  237 PI-         -211   1 129  27   0   0   -1.75    0.65   52.7   52.8    0.14
  238 PI0          111   1 129  27   0   0   -1.09    0.21   50.1   50.1    0.13
  239 PI+          211   1 132  31   0   0   -0.17   -0.09   -1.0    1.1    0.14
  240 PI-         -211   1 132  31   0   0   -0.27   -0.39   -2.0    2.0    0.14
  241 PI0          111   1 132  31   0   0   -0.43   -1.08   -7.6    7.7    0.13
  242 PI-         -211   1 138  31   0   0   -3.70   -3.02  -32.1   32.5    0.14
  243 PI0          111   1 138  31   0   0   -0.41   -0.15   -2.4    2.5    0.13
  244 RHO+         213 198 143  31 279 280   -1.96   -0.94  -13.0   13.2    0.77
  245 PI0          111   1 143  31   0   0   -0.70   -0.72   -8.3    8.4    0.13
  246 PI+          211   1 146  31   0   0   -0.02   -0.21   -1.1    1.1    0.14
  247 PI-         -211   1 146  31   0   0   -1.14   -1.81  -18.5   18.7    0.14
  248 P           2212   1 148  31   0   0    0.13   -0.50  -70.3   70.3    0.94
  249 PI+          211   1 148  31   0   0    0.01    0.12   -5.7    5.7    0.14
  250 PBAR       -2212   1 149  31   0   0   -0.83    0.08  -31.6   31.6    0.94
  251 PI-         -211   1 149  31   0   0   -0.30    0.27  -16.0   16.0    0.14
  252 NBAR       -2112   1 157  23   0   0    0.73   -0.24   -2.6    2.9    0.94
  253 PI+          211   1 157  23   0   0    0.19   -0.34   -1.3    1.3    0.14
  254 B_DBAR0     -511 199 200 160 289 290  -10.69  105.60  155.5  188.4    5.28
  255 PI-         -211   1 201 162   0   0    1.04    0.32    2.0    2.3    0.14
  256 PI0          111   1 201 162   0   0    3.67    2.35    9.5   10.5    0.13
  257 B_D0         511 200 204 162 281 281   48.30   34.43  120.8  134.6    5.28
  258 GAMMA         22   1 204 162   0   0    0.28    0.20    0.6    0.7    0.00
  259 K+           321   1 205 160   0   0    0.55    0.76    1.5    1.8    0.49
  260 K-          -321   1 205 160   0   0    0.47    1.08    1.8    2.2    0.49
  261 K-          -321   1 206 160   0   0   -0.03    0.67    2.4    2.6    0.49
  262 PI+          211   1 206 160   0   0    0.37    0.20    0.9    1.0    0.14
  263 PI+          211   1 208 160   0   0   -2.26   23.29   34.4   41.6    0.14
  264 PI-         -211   1 208 160   0   0   -1.02    8.44   12.4   15.0    0.14
  265 GAMMA         22   1 208 160   0   0   -0.51    4.18    6.2    7.5    0.00
  266 RHO-        -213 198 210 160 282 283   -0.52    2.41    3.8    4.6    0.77
  267 PI+          211   1 210 160   0   0   -0.00    1.40    2.6    3.0    0.14
  268 PI+          211   1 210 160   0   0   -0.00    2.39    2.8    3.7    0.14
  269 K+           321   1 214 160   0   0   -0.12    1.23    3.1    3.4    0.49
  270 PI-         -211   1 214 160   0   0    0.84    0.72    1.5    1.9    0.14
  271 K*-         -323 198 219 160 284 285    0.76    0.55    3.3    3.5    0.89
  272 PI0          111   1 219 160   0   0    0.86    0.73    1.6    2.0    0.13
  273 PI+          211   1 233  23   0   0    0.10   -0.23   -0.9    0.9    0.14
  274 PI-         -211   1 233  23   0   0    0.13   -0.27   -0.2    0.4    0.14
  275 PI0          111   1 233  23   0   0   -0.15   -0.40   -0.4    0.6    0.13
  276 PI+          211   1 235  27   0   0   -1.44    0.24   40.7   40.8    0.14
  277 PI-         -211   1 235  27   0   0   -1.77    0.14   41.0   41.0    0.14
  278 PI0          111   1 235  27   0   0   -5.03    0.55  118.2  118.3    0.13
  279 PI+          211   1 244  31   0   0   -1.75   -0.94  -10.2   10.4    0.14
  280 PI0          111   1 244  31   0   0   -0.22   -0.00   -2.8    2.8    0.13
  281 B_D0         511 199 257 162 319 320   48.30   34.43  120.8  134.6    5.28
  282 PI-         -211   1 266 160   0   0   -0.24    0.97    2.2    2.4    0.14
  283 PI0          111   1 266 160   0   0   -0.28    1.45    1.6    2.2    0.13
  284 KBAR0       -311 198 271 160 286 286    0.54    0.08    1.6    1.7    0.50
  285 PI-         -211   1 271 160   0   0    0.22    0.46    1.7    1.8    0.14
  286 K_S0         310 198 284 160 287 288    0.54    0.08    1.6    1.7    0.50
  287 PI0          111   1 286 160   0   0    0.29    0.22    0.6    0.7    0.13
  288 PI0          111   1 286 160   0   0    0.25   -0.14    1.0    1.0    0.13

                           ---HEAVY PARTICLE DECAYS---

 IHEP    ID      IDPDG IST MO1 MO2 DA1 DA2   P-X     P-Y     P-Z  ENERGY    MASS
  289 BQRK           5 155 254 290 291 293  -10.04   99.20  146.1  177.0    4.96
  290 DBAR          -1 125 254 293 294 293   -0.65    6.40    9.4   11.4    0.32
  291 DQRK           1 123 289 292 295 292   -1.67    8.46   11.5   14.4    0.32
  292 UBAR          -2 124 289 291 297 291   -0.96   15.77   24.7   29.3    0.32
  293 CQRK           4 124 289 289 299 289   -7.41   74.97  110.0  133.3    1.55
  294 DBAR          -1 160 290 303 305 303   -0.65    6.40    9.4   11.4    0.32

                              ---PARTON SHOWERS---    

 IHEP    ID      IDPDG IST MO1 MO2 DA1 DA2   P-X     P-Y     P-Z  ENERGY    MASS
  295 DQRK          94 143 291 289 296 296   -1.67    8.46   11.5   14.4    0.32
  296 DQRK           1   2 295 298 301 298   -1.67    8.46   11.5   14.4    0.32
  297 UBAR          94 144 292 289 298 298   -0.96   15.77   24.7   29.3    0.32
  298 UBAR          -2   2 297 301 302 301   -0.96   15.77   24.7   29.3    0.32
  299 CQRK          94 144 293 289 300 300   -7.41   74.97  110.0  133.3    1.55
  300 CQRK           4   2 299 294 303 294   -7.41   74.97  110.0  133.3    1.55

                              ---GLUON SPLITTING---   

 IHEP    ID      IDPDG IST MO1 MO2 DA1 DA2   P-X     P-Y     P-Z  ENERGY    MASS
  301 DQRK           1 158 295 302 304 302   -1.67    8.46   11.5   14.4    0.32
  302 UBAR          -2 158 297 301 304 301   -0.96   15.77   24.7   29.3    0.32
  303 CQRK           4 158 299 294 305 294   -7.41   74.97  110.0  133.3    1.55

                             ---CLUSTER FORMATION---  

 IHEP    ID      IDPDG IST MO1 MO2 DA1 DA2   P-X     P-Y     P-Z  ENERGY    MASS
  304 CLUS          91 183 301 302 306 307   -2.58   23.66   35.3   42.7    2.27
  305 CLUS          91 183 303 294 308 308   -8.11   81.94  120.2  145.7    1.87

                              ---CLUSTER DECAYS---    

 IHEP    ID      IDPDG IST MO1 MO2 DA1 DA2   P-X     P-Y     P-Z  ENERGY    MASS
  306 K0           311 197 304 295 309 309   -1.04    6.04    8.5   10.5    0.50
  307 K*_0-     -10321 197 304 295 310 311   -1.54   17.62   26.9   32.2    1.43
  308 D+           411 196 305 299 312 314   -8.11   81.94  120.2  145.7    1.87

                           ---STRONG HADRON DECAYS--- 

 IHEP    ID      IDPDG IST MO1 MO2 DA1 DA2   P-X     P-Y     P-Z  ENERGY    MASS
  309 K_L0         130   1 306 295   0   0   -1.04    6.04    8.5   10.5    0.50
  310 KBAR0       -311 198 307 295 315 315   -1.38   17.27   26.3   31.5    0.50
  311 PI-         -211   1 307 295   0   0   -0.17    0.35    0.6    0.7    0.14
  312 NU_E          12   1 308 299   0   0   -4.58   52.28   76.4   92.7    0.00
  313 E+           -11   1 308 299   0   0   -1.00    7.89   11.2   13.7    0.00
  314 KBAR0       -311 198 308 299 316 316   -2.53   21.77   32.6   39.3    0.50
  315 K_S0         310 198 310 295 317 318   -1.38   17.27   26.3   31.5    0.50
  316 K_L0         130   1 314 299   0   0   -2.53   21.77   32.6   39.3    0.50
  317 PI0          111   1 315 295   0   0   -0.29    3.51    5.6    6.6    0.13
  318 PI0          111   1 315 295   0   0   -1.08   13.76   20.7   24.9    0.13

                           ---HEAVY PARTICLE DECAYS---

 IHEP    ID      IDPDG IST MO1 MO2 DA1 DA2   P-X     P-Y     P-Z  ENERGY    MASS
  319 DQRK           1 125 281 323 324 323    2.93    2.09    7.3    8.2    0.32
  320 BBAR          -5 155 281 319 321 323   45.37   32.34  113.4  126.5    4.96
  321 DBAR          -1 123 320 322 325 322   10.18    5.56   25.4   28.0    0.32
  322 UQRK           2 124 320 321 327 321   18.40   14.71   47.1   52.6    0.32
  323 CBAR          -4 124 320 320 331 320   16.79   12.07   40.9   45.9    1.55
  324 DQRK           1 160 319 337 338 337    2.93    2.09    7.3    8.2    0.32

                              ---PARTON SHOWERS---    

 IHEP    ID      IDPDG IST MO1 MO2 DA1 DA2   P-X     P-Y     P-Z  ENERGY    MASS
  325 DBAR          94 143 321 320 326 326    8.12    4.45   20.3   22.3    0.32
  326 DBAR          -1   2 325 329 333 330    8.12    4.45   20.3   22.3    0.32
  327 UQRK          94 144 322 320 329 330   21.15   16.33   53.7   60.0    1.53
  328 CONE           0 100 322 321   0   0    5.45    3.12   13.6   15.0    0.00
  329 UQRK           2   2 327 330 334 333   10.48    8.66   26.8   30.1    0.32
  330 GLUON         21   2 327 333 335 336   10.67    7.68   26.9   30.0    0.75
  331 CBAR          94 144 323 320 332 332   16.09   11.55   39.4   44.1    1.55
  332 CBAR          -4   2 331 324 337 324   16.09   11.55   39.4   44.1    1.55

                              ---GLUON SPLITTING---   

 IHEP    ID      IDPDG IST MO1 MO2 DA1 DA2   P-X     P-Y     P-Z  ENERGY    MASS
  333 DBAR          -1 158 325 334 340 336    8.12    4.45   20.3   22.3    0.32
  334 UQRK           2 158 327 335 339 333   10.48    8.66   26.8   30.1    0.32
  335 UBAR          -2 158 327 336 339 334    6.50    4.81   16.8   18.7    0.32
  336 UQRK           2 158 327 333 340 335    4.18    2.87   10.1   11.3    0.32
  337 CBAR          -4 158 331 324 338 324   16.09   11.55   39.4   44.1    1.55

                             ---CLUSTER FORMATION---  

 IHEP    ID      IDPDG IST MO1 MO2 DA1 DA2   P-X     P-Y     P-Z  ENERGY    MASS
  338 CLUS          91 183 324 337 341 341   18.97   13.62   46.6   52.2    1.87
  339 CLUS          91 183 334 335 342 343   16.98   13.47   43.7   48.8    1.00
  340 CLUS          91 183 336 333 344 345   12.34    7.34   30.5   33.7    1.13

                              ---CLUSTER DECAYS---    

 IHEP    ID      IDPDG IST MO1 MO2 DA1 DA2   P-X     P-Y     P-Z  ENERGY    MASS
  341 D-          -411 196 338 319 346 347   18.97   13.62   46.6   52.2    1.87
  342 PI+          211   1 339 327   0   0   10.97    9.13   28.0   31.5    0.14
  343 PI-         -211   1 339 327   0   0    6.00    4.34   15.6   17.3    0.14
  344 PI+          211   1 340 327   0   0    3.83    2.72    9.2   10.3    0.14
  345 PI0          111   1 340 327   0   0    8.51    4.62   21.3   23.4    0.13

                           ---STRONG HADRON DECAYS--- 

 IHEP    ID      IDPDG IST MO1 MO2 DA1 DA2   P-X     P-Y     P-Z  ENERGY    MASS
  346 K*0          313 198 341 319 348 349    8.85    6.00   20.7   23.3    0.90
  347 RHO-        -213 198 341 319 350 351   10.13    7.62   25.9   28.8    0.77
  348 K+           321   1 346 319   0   0    5.98    4.38   14.6   16.4    0.49
  349 PI-         -211   1 346 319   0   0    2.87    1.62    6.2    7.0    0.14
  350 PI-         -211   1 347 319   0   0    9.71    7.38   24.8   27.7    0.14
  351 PI0          111   1 347 319   0   0    0.42    0.24    1.1    1.2    0.13

 HWWARN CALLED FROM SUBPROGRAM HWDFOR: CODE = 101
 EVENT    9568:   SEEDS =  652342791 & 1329127862  WEIGHT = 0.5940E-03
 EVENT KILLED.   EXECUTION CONTINUES

          OUTPUT ON LES HOUCHES EVENTS


      PROC CODE  XSECT(pb)        XERR(pb)      Max wgt(nb) No. of events


          OUTPUT ON ELEMENTARY PROCESS

          N.B. NEGATIVE WEIGHTS ALLOWED

          NUMBER OF EVENTS   =        9999
          NEGATIVE  EVENTS   =        2691
          NUMBER OF WEIGHTS  =       10000
          NEGATIVE  WEIGHTS  =        2692
          MEAN VALUE OF WGT  =  2.7420E-04
          RMS SPREAD IN WGT  =  5.2696E-04
          MEAN ABS WEIGHT    =  5.9403E-04
          ACTUAL MAX ABS WGT =  1.0000E+00
          ASSUMED MAXABS WGT =  2.7420E-04

          PROCESS CODE IPROC =      -18000
          CROSS SECTION (PB) =  0.2742    
          ERROR IN C-S  (PB) =  5.2696E-03
          EFFICIENCY PERCENT =   100.0    
 # of events processed=        9999
