 Enter filename for events
 Enter maximum number of events to generate
 MUST coincide with the number of events on tape
 Enter 0 to use Herwig default PDFs
       1 to use PDFs from library
 Enter colliding particles (PART1, PART2)
 Enter beam momenta (PBEAM1, PBEAM2)


          HERWIG 6.521  11th Mar. 2013

          Please reference:  G. Marchesini, B.R. Webber,
          G.Abbiendi, I.G.Knowles, M.H.Seymour & L.Stanco
          Computer Physics Communications 67 (1992) 465
                             and
          G.Corcella, I.G.Knowles, G.Marchesini, S.Moretti,
          K.Odagiri, P.Richardson, M.H.Seymour & B.R.Webber,
          JHEP 0101 (2001) 010
 Enter .TRUE. for underlying event, .FALSE. otherwise

 Underlying event WILL NOT be generated

 Enter Lambda_QCD, <0 for Herwig default
 Enter Z mass, width
 Enter W mass, width
 Enter top mass, width
 Enter Higgs (SM) boson mass, width
 Enter quark (d,u,s,c,b) and gluon masses
 Enter lepton (e,mu,tau) masses
 Enter number of events to print
 Enter accepted error fraction
 Is it single-top (.TRUE. or .FALSE)?
 Is it b-bbar (.TRUE. or .FALSE)?
 Enter the two random seeds (0 0 for default)

          INPUT CONDITIONS FOR THIS RUN

          BEAM 1 (P       ) MOM. =   6500.00
          BEAM 2 (P       ) MOM. =   6500.00
          PROCESS CODE (IPROC)   =  -18000
          NUMBER OF FLAVOURS     =    6
          STRUCTURE FUNCTION SET =    8
          AZIM SPIN CORRELATIONS =    T
          AZIM SOFT CORRELATIONS =    T
          QCD LAMBDA (GEV)       =    0.1800
          DOWN     QUARK  MASS   =    0.3200
          UP       QUARK  MASS   =    0.3200
          STRANGE  QUARK  MASS   =    0.5000
          CHARMED  QUARK  MASS   =    1.5500
          BOTTOM   QUARK  MASS   =    4.9500
          TOP      QUARK  MASS   =  173.0000
          GLUON EFFECTIVE MASS   =    0.7500
          EXTRA SHOWER CUTOFF (Q)=    0.4800
          EXTRA SHOWER CUTOFF (G)=    0.1000
          PHOTON SHOWER CUTOFF   =    0.4000
          CLUSTER MASS PARAMETER =    3.3500
          SPACELIKE EVOLN CUTOFF =    2.5000
          INTRINSIC P-TRAN (RMS) =    0.0000
          DECAY SPIN CORRELATIONS=    T
          SUSY THREE BODY ME     =    T
          SUSY FOUR  BODY ME     =    F

          NO EVENTS WILL BE WRITTEN TO DISK

          B_d: Delt-M/Gam =0.7000 Delt-Gam/2*Gam =0.0000
          B_s: Delt-M/Gam = 10.00 Delt-Gam/2*Gam =0.2000

          PDFLIB NOT USED FOR BEAM 1
          PDFLIB NOT USED FOR BEAM 2


          Checking consistency of particle properties


          Checking consistency of decay tables


          WRITING SUDAKOV TABLE ON UNIT  77

          WRITING MATRIX ELEMENT TABLE ON UNIT  88

          CHECKING SUSY DECAY MATRIX ELEMENTS
 Do you want a stable Pi0 (.TRUE. or .FALSE)?
 Do you want a stable W+ (.TRUE. or .FALSE)?
 Do you want a stable W- (.TRUE. or .FALSE)?
 Do you want a stable Z0 (.TRUE. or .FALSE)?
 Do you want a stable Tau+ (.TRUE. or .FALSE)?
 Do you want a stable Tau- (.TRUE. or .FALSE)?
 Do you want a stable Mu+ (.TRUE. or .FALSE)?
 Do you want a stable Mu- (.TRUE. or .FALSE)?
 Do you want a stable Higgs (.TRUE. or .FALSE)?

          PARTICLE TYPE  21=PI0      SET STABLE
 How many decay modes do you want to set?
 How are the events normalized ("average" or "sum")?
 stdhep initialized

          SUBROUTINE TIMEL CALLED BUT NOT LINKED.
          DUMMY TIMEL WILL BE USED. DELETE DUMMY
          AND LINK CERNLIB FOR CPU TIME REMAINING.

 HWWARN CALLED FROM SUBPROGRAM HWSMRS: CODE =   5
 EVENT       1:   SEEDS = 1973774260 & 1099242306  WEIGHT =-0.5903E-03
 EVENT SURVIVES. EXECUTION CONTINUES
 WARNING: MRST98 CALLED WITH Q OUTSIDE ALLOWED RANGE!
 Q VALUE=1.430E+04, MINIMUM=1.118E+00, MAXIMUM=3.162E+03
 NO FURTHER WARNINGS WILL BE ISSUED



 EVENT       1: 6500.00 GEV/C P        ON  6500.00 GEV/C P        PROCESS:-18000
 SEEDS:  1973774260 &  1099242306   STATUS:  100 ERROR:   0  WEIGHT: -5.9026E-04


                               ---INITIAL STATE---    

 IHEP    ID      IDPDG IST MO1 MO2 DA1 DA2   P-X     P-Y     P-Z  ENERGY    MASS
    1 P           2212 101   0   0   0   0    0.00    0.00 6500.0 6500.0    0.94
    2 P           2212 102   0   0   0   0    0.00    0.00-6500.0 6500.0    0.94
    3 CMF            0 103   1   2   0   0    0.00    0.00    0.013000.013000.00

                              ---HARD SUBPROCESS---   

 IHEP    ID      IDPDG IST MO1 MO2 DA1 DA2   P-X     P-Y     P-Z  ENERGY    MASS
    4 DQRK           1 121   6   8  11   9    0.00    0.00  361.2  361.2    0.32
    5 UQRK           2 122   6   9  15  10   -0.00   -0.00 -694.6  694.6    0.32
    6 HARD           0 120   4   5   7  10   -2.34   -2.82 -333.4 1055.7 1001.71
    7 HIGGS         25 123   6   7  21   7 -183.94  140.66 -444.9  516.9  125.00
    8 DQRK           1 124   6  10  22   4   41.14   -6.61 -169.0  174.1    0.32
    9 UQRK           2 124   6   4  24   5  138.29 -142.51  289.9  351.4    0.32
   10 GLUON         21 124   6   5  35   8    4.51    8.46   -9.4   13.4    0.75

                              ---PARTON SHOWERS---    

 IHEP    ID      IDPDG IST MO1 MO2 DA1 DA2   P-X     P-Y     P-Z  ENERGY    MASS
   11 DQRK          94 141   4   6  13  14    1.88   -5.27  361.3  361.2   -8.25
   12 CONE           0 100   4   9   0   0    0.70   -0.72    1.0    1.4    0.00
   13 GLUON         21   2  11  14  40  41   -1.88    5.27  313.0  313.1    0.75
   14 UU          2203   2  11  23  42  41    0.00    0.00 5825.7 5825.7    0.32
   15 UQRK          94 142   5   6  17  20   -4.22    2.45 -694.7  694.5  -15.54
   16 CONE           0 100   5  10   0   0    0.47    0.88   -6.4    6.5    0.00
   17 GLUON         21   2  15  18  43  44    1.48   -1.79  -25.6   25.8    0.75
   18 GLUON         21   2  15  19  45  46    1.00    0.15  -27.2   27.2    0.75
   19 GLUON         21   2  15  20  47  48    1.73   -0.81 -187.1  187.1    0.75
   20 UD          2101   2  15  26  49  48    0.00    0.00-5565.4 5565.4    0.30
   21 HIGGS         25 195   7   6 180 181 -182.70  137.48 -439.3  510.8  125.00
   22 DQRK          94 144   8   6  23  23   40.23   -6.98 -166.8  171.7    0.32
   23 DQRK           1   2  22  37  50  42   40.23   -6.98 -166.8  171.7    0.32
   24 UQRK          94 144   9   6  26  34  135.71 -141.63  282.4  358.7  102.18
   25 CONE           0 100   9   4   0   0   -0.10    0.11    1.5    1.5    0.00
   26 UQRK           2   2  24  27  51  49   37.54  -76.50  109.9  139.1    0.32
   27 GLUON         21   2  24  28  52  53    7.12  -16.46   21.8   28.2    0.75
   28 GLUON         21   2  24  29  54  55    8.71  -19.98   30.7   37.7    0.75
   29 GLUON         21   2  24  30  56  57    1.96   -5.76    9.9   11.6    0.75
   30 UBAR          -2   2  24  31  58  57    0.70   -1.48    2.7    3.1    0.32
   31 UQRK           2   2  24  32  59  58    7.54   -9.98   26.5   29.3    0.32
   32 GLUON         21   2  24  33  60  61    9.35   -3.80   11.7   15.5    0.75
   33 GLUON         21   2  24  34  62  63   61.46   -7.53   68.9   92.7    0.75
   34 GLUON         21   2  24  40  64  65    1.32   -0.13    0.4    1.6    0.75
   35 GLUON         94 144  10   6  37  39    4.42    8.31   -9.7   14.5    5.39
   36 CONE           0 100  10   8   0   0   -0.21   -1.12   -0.2    1.2    0.00
   37 GLUON         21   2  35  38  66  67    0.51    1.10    0.3    1.5    0.75
   38 GLUON         21   2  35  39  68  69    1.64    4.02   -5.2    6.8    0.75
   39 GLUON         21   2  35  43  70  71    2.27    3.19   -4.8    6.2    0.75

                              ---GLUON SPLITTING---   

 IHEP    ID      IDPDG IST MO1 MO2 DA1 DA2   P-X     P-Y     P-Z  ENERGY    MASS
   40 UBAR          -2 158  11  41 120  89   -1.08    2.83  176.6  176.6    0.32
   41 UQRK           2 158  11  76  96  40   -0.51    1.61   89.0   89.1    0.32
   42 UU          2203 161  11  50 112  73   -0.00    0.00 4810.9 4810.9    0.64
   43 UBAR          -2 158  15  44 122  93    0.36   -0.45   -5.6    5.6    0.32
   44 UQRK           2 158  15  45  97  43    1.05   -1.23  -18.8   18.8    0.32
   45 UBAR          -2 158  15  46  97  44    0.30   -0.00   -6.8    6.9    0.32
   46 UQRK           2 158  15  47  98  45    0.71    0.15  -20.3   20.4    0.32
   47 DBAR          -1 158  15  48  98  46    0.64   -0.19  -56.9   56.9    0.32
   48 DQRK           1 158  15  78  99  47    0.70   -0.40  -91.1   91.1    0.32
   49 UD          2101 162  15  51 113  75    0.01   -0.00-4208.1 4208.1    0.64
   50 DQRK           1 158  22  82 100  42   26.74   -4.64 -110.9  114.2    0.32
   51 UQRK           2 158  24  52 101  49   37.54  -76.50  109.9  139.1    0.32
   52 DBAR          -1 158  24  53 101  51    3.70   -8.17   11.1   14.3    0.32
   53 DQRK           1 158  24  54 102  52    3.43   -8.29   10.7   13.9    0.32
   54 DBAR          -1 158  24  55 102  53    2.43   -5.81    9.0   11.0    0.32
   55 DQRK           1 158  24  56 103  54    6.27  -14.17   21.7   26.7    0.32
   56 UBAR          -2 158  24  57 103  55    0.86   -2.24    3.6    4.4    0.32
   57 UQRK           2 158  24  58 104  56    1.10   -3.52    6.3    7.3    0.32
   58 UBAR          -2 158  24  59 104  57    0.70   -1.48    2.7    3.1    0.32
   59 UQRK           2 158  24  84 105  58    4.17   -5.50   14.6   16.1    0.32
   60 UBAR          -2 158  24  61 123  95    1.38   -0.61    2.0    2.5    0.32
   61 UQRK           2 158  24  62 106  60    4.22   -1.82    5.1    6.8    0.32
   62 DBAR          -1 158  24  63 106  61   16.89   -2.16   18.9   25.4    0.32
   63 DQRK           1 158  24  86 107  62   26.23   -3.16   29.4   39.6    0.32
   64 UBAR          -2 158  24  65 119  87    0.37   -0.07    0.3    0.6    0.32
   65 UQRK           2 158  24  90 108  64    0.78   -0.04    0.2    0.9    0.32
   66 UBAR          -2 158  35  67 116  81    0.04    0.35    0.0    0.5    0.32
   67 UQRK           2 158  35  68 109  66    0.47    0.66    0.3    0.9    0.32
   68 DBAR          -1 158  35  69 109  67    0.63    1.24   -1.6    2.1    0.32
   69 DQRK           1 158  35  70 110  68    1.00    2.78   -3.7    4.7    0.32
   70 UBAR          -2 158  35  71 110  69    0.92    1.42   -2.3    2.9    0.32
   71 UQRK           2 158  35  92 111  70    0.90    1.17   -1.7    2.2    0.32
   72 DBAR          -1 159  11  73 114  77   -0.00    0.01  582.9  582.9    0.32
   73 DQRK           1 159  11  42 112  72   -0.00    0.01  358.3  358.3    0.32
   74 DBAR          -1 159  15  75 115  79    0.01   -0.01 -887.4  887.4    0.32
   75 DQRK           1 159  15  49 113  74    0.08   -0.04 -121.3  121.3    0.32
   76 DBAR          -1 159  11  77  96  41   -0.03    0.08   64.4   64.4    0.32
   77 DQRK           1 159  11  72 114  76   -0.11    0.35   33.0   33.0    0.32
   78 UBAR          -2 159  15  79  99  48    0.03   -0.02 -325.1  325.1    0.32
   79 UQRK           2 159  15  74 115  78    0.27   -0.15  -62.7   62.7    0.32
   80 DBAR          -1 159  35  81 117  83    0.12    0.05   -0.5    0.6    0.32
   81 DQRK           1 159  22  66 116  80    1.09   -0.18   -4.5    4.6    0.32
   82 UBAR          -2 159  35  83 100  50    0.68   -0.11   -2.8    2.9    0.32
   83 UQRK           2 159  22  80 117  82   11.59   -2.01  -48.1   49.5    0.32
   84 UBAR          -2 159  24  85 105  59    0.68   -0.49    1.4    1.7    0.32
   85 UQRK           2 159  24  94 118  84    2.63   -3.45    9.1   10.1    0.32
   86 UBAR          -2 159  24  87 107  63    0.64   -0.09    0.7    1.0    0.32
   87 UQRK           2 159  24  64 119  86   17.61   -2.12   19.8   26.6    0.32
   88 DBAR          -1 159  11  89 121  91   -0.12    0.31   19.5   19.5    0.32
   89 DQRK           1 159  24  40 120  88    0.00    0.05    3.0    3.0    0.32
   90 DBAR          -1 159  11  91 108  65    0.12    0.00    0.5    0.6    0.32
   91 DQRK           1 159  24  88 121  90    0.12    0.00    0.5    0.6    0.32
   92 DBAR          -1 159  15  93 111  71    0.13   -0.00   -1.2    1.2    0.32
   93 DQRK           1 159  35  43 122  92    0.40    0.49   -0.9    1.1    0.32
   94 SBAR          -3 159  24  95 118  85    2.75   -1.14    3.7    4.8    0.50
   95 SQRK           3 159  24  60 123  94    1.06   -0.77    2.2    2.6    0.50

                             ---CLUSTER FORMATION---  

 IHEP    ID      IDPDG IST MO1 MO2 DA1 DA2   P-X     P-Y     P-Z  ENERGY    MASS
   96 CLUS          91 183  41  76 124 125   -0.53    1.69  153.5  153.5    1.48
   97 CLUS          91 183  44  45 126 127    1.35   -1.23  -25.6   25.7    1.04
   98 CLUS          91 183  46  47 128 129    1.35   -0.04  -77.2   77.2    1.14
   99 CLUS          91 183  48  78 130 131    0.73   -0.41 -416.2  416.2    1.69
  100 CLUS          91 183  50  82 132 133   27.42   -4.75 -113.7  117.1    2.06
  101 CLUS          91 183  51  52 134 135   41.23  -84.68  121.0  153.3    1.68
  102 CLUS          91 183  53  54 136 137    5.86  -14.10   19.7   24.9    1.27
  103 CLUS          91 183  55  56 138 139    7.13  -16.41   25.3   31.0    1.04
  104 CLUS          91 183  57  58 140 141    1.80   -5.00    8.9   10.4    0.78
  105 CLUS          91 183  59  84 142 143    4.85   -5.99   16.0   17.8    1.40
  106 CLUS          91 183  61  62 144 145   21.11   -3.97   23.9   32.3    2.59
  107 CLUS          91 183  63  86 146 147   26.87   -3.25   30.1   40.5    2.14
  108 CLUS          91 183  65  90 148 149    0.89   -0.04    0.8    1.5    0.95
  109 CLUS          91 183  67  68 150 151    1.10    1.90   -1.3    3.0    1.67
  110 CLUS          91 183  69  70 152 153    1.93    4.20   -6.0    7.6    0.86
  111 CLUS          91 183  71  92 154 155    1.03    1.17   -2.8    3.5    1.26
  112 CLUS          91 184  73  42 156 157   -0.01    0.02 5169.2 5169.3    1.39
  113 CLUS          91 185  75  49 158 159    0.08   -0.05-4329.4 4329.4    2.09
  114 CLUS          91 183  77  72 160 161   -0.11    0.36  615.9  615.9    2.10
  115 CLUS          91 183  79  74 162 163    0.28   -0.16 -950.1  950.1    1.73
  116 CLUS          91 183  81  66 164 165    1.13    0.17   -4.5    5.1    2.17
  117 CLUS          91 183  83  80 166 167   11.72   -1.96  -48.6   50.1    3.17
  118 CLUS          91 183  85  94 168 169    5.38   -4.59   12.9   14.9    2.63
  119 CLUS          91 183  87  64 170 171   17.99   -2.19   20.1   27.2    2.37
  120 CLUS          91 183  89  40 172 173   -1.08    2.87  179.6  179.6    2.51
  121 CLUS          91 183  91  88 174 175    0.01    0.31   20.0   20.1    2.09
  122 CLUS          91 183  93  43 176 177    0.75    0.04   -6.5    6.8    1.81
  123 CLUS          91 183  95  60 178 179    2.44   -1.38    4.2    5.1    0.95

                              ---CLUSTER DECAYS---    

 IHEP    ID      IDPDG IST MO1 MO2 DA1 DA2   P-X     P-Y     P-Z  ENERGY    MASS
  124 PI0          111   1  96  11   0   0   -0.27    0.42   38.2   38.2    0.13
  125 B_1+       10213 197  96  11 279 280   -0.26    1.26  115.3  115.3    1.23
  126 PI+          211   1  97  15   0   0    1.39   -1.30  -22.1   22.2    0.14
  127 PI-         -211   1  97  15   0   0   -0.05    0.07   -3.5    3.5    0.14
  128 PI0          111   1  98  15   0   0    0.59   -0.27  -30.0   30.0    0.13
  129 RHO+         213 197  98  15 281 282    0.76    0.23  -47.2   47.2    0.77
  130 PI-         -211   1  99  15   0   0    0.52   -0.34  -99.9   99.9    0.14
  131 HL_10      10223 197  99  15 283 284    0.20   -0.07 -316.3  316.3    1.17
  132 ETA          221 197 100  22 285 286   23.22   -4.03  -96.3   99.1    0.55
  133 RHO-        -213 197 100  22 287 288    4.20   -0.72  -17.4   17.9    0.77
  134 K+           321   1 101  24   0   0   35.35  -72.09  103.5  131.0    0.49
  135 KBAR0       -311 197 101  24 289 289    5.88  -12.59   17.5   22.3    0.50
  136 PI-         -211   1 102  24   0   0    1.51   -4.49    6.4    8.0    0.14
  137 RHO+         213 197 102  24 290 291    4.35   -9.61   13.3   17.0    0.77
  138 PI0          111   1 103  24   0   0    2.39   -5.83    8.7   10.8    0.13
  139 RHO-        -213 197 103  24 292 293    4.75  -10.58   16.6   20.3    0.77
  140 PI+          211   1 104  24   0   0    1.23   -4.17    7.4    8.6    0.14
  141 PI-         -211   1 104  24   0   0    0.57   -0.83    1.5    1.8    0.14
  142 RHO+         213 197 105  24 294 295    4.47   -5.78   15.4   17.0    0.77
  143 PI-         -211   1 105  24   0   0    0.39   -0.21    0.6    0.8    0.14
  144 N           2112   1 106  24   0   0    6.20   -1.75    7.3    9.8    0.94
  145 DELTABR+   -1114 197 106  24 296 297   14.90   -2.22   16.7   22.5    1.23
  146 RHO-        -213 197 107  24 298 299   12.38   -1.46   14.3   19.0    0.77
  147 F_2          225 197 107  24 300 301   14.48   -1.79   15.9   21.6    1.27
  148 PI+          211   1 108  24   0   0    0.74   -0.33    0.8    1.1    0.14
  149 PI0          111   1 108  24   0   0    0.15    0.29   -0.0    0.4    0.13
  150 OMEGA        223 197 109  35 302 304    0.22    0.63   -0.4    1.1    0.78
  151 RHO+         213 197 109  35 305 306    0.88    1.26   -0.9    1.9    0.77
  152 PI0          111   1 110  35   0   0    1.57    2.70   -3.6    4.8    0.13
  153 PI-         -211   1 110  35   0   0    0.36    1.50   -2.4    2.8    0.14
  154 RHO+         213 197 111  35 307 308    0.28    0.79   -1.8    2.1    0.77
  155 PI0          111   1 111  35   0   0    0.76    0.38   -1.1    1.4    0.13
  156 PI-         -211   1 112  11   0   0    0.04    0.01  406.5  406.5    0.14
  157 DELTA++     2224 197 112  11 309 310   -0.05    0.01 4762.7 4762.7    1.23
  158 K0           311 197 113  15 311 311    0.30   -0.02-1980.4 1980.4    0.50
  159 SIGMA*0     3214 197 113  15 312 313   -0.22   -0.03-2349.0 2349.0    1.38
  160 P           2212   1 114  11   0   0   -0.42    0.13  227.6  227.6    0.94
  161 PBAR       -2212   1 114  11   0   0    0.31    0.23  388.3  388.3    0.94
  162 K+           321   1 115  15   0   0    0.44    0.56 -464.0  464.0    0.49
  163 KBAR0       -311 197 115  15 314 314   -0.16   -0.72 -486.0  486.0    0.50
  164 PI-         -211   1 116  22   0   0    0.92    0.64   -3.8    4.0    0.14
  165 RHO0         113 197 116  22 315 316    0.21   -0.46   -0.7    1.2    0.77
  166 F_2          225 197 117  22 317 318    5.84   -0.09  -25.3   26.0    1.27
  167 A_1+       20213 197 117  22 319 320    5.88   -1.87  -23.2   24.1    1.23
  168 DELTA0      2114 197 118  24 321 322    3.53   -2.44    7.4    8.6    1.23
  169 SIGMABR+   -3112 197 118  24 323 324    1.85   -2.15    5.5    6.3    1.20
  170 RHOD+      30213 197 119  24 325 326   11.63   -1.69   13.7   18.1    1.70
  171 PI-         -211   1 119  24   0   0    6.36   -0.50    6.4    9.0    0.14
  172 HL_10      10223 197 120  24 327 328   -0.82    1.41   63.3   63.3    1.17
  173 RHO-        -213 197 120  24 329 330   -0.26    1.46  116.3  116.3    0.77
  174 RHO-        -213 197 121  24 331 332    0.01    0.06    7.7    7.7    0.77
  175 A_2+         215 197 121  24 333 334   -0.01    0.25   12.3   12.4    1.32
  176 PI-         -211   1 122  35   0   0    0.12   -0.11   -5.8    5.8    0.14
  177 PI0          111   1 122  35   0   0    0.64    0.15   -0.6    0.9    0.13
  178 KBAR0       -311 197 123  24 335 335    2.35   -1.31    4.1    4.9    0.50
  179 PI-         -211   1 123  24   0   0    0.09   -0.07    0.1    0.2    0.14

                            ---H/W/Z BOSON DECAYS---  

 IHEP    ID      IDPDG IST MO1 MO2 DA1 DA2   P-X     P-Y     P-Z  ENERGY    MASS
  180 BQRK           5 123  21 181 182 181 -116.71  149.22 -282.5  340.2    4.95
  181 BBAR          -5 124  21 180 189 180  -65.98  -11.74 -156.8  170.6    4.95

                              ---PARTON SHOWERS---    

 IHEP    ID      IDPDG IST MO1 MO2 DA1 DA2   P-X     P-Y     P-Z  ENERGY    MASS
  182 BQRK          94 143 180  21 184 188 -101.94  129.20 -246.7  296.8   13.32
  183 CONE           0 100 180 181   0   0   -0.71   -0.23   -1.7    1.8    0.00
  184 BQRK           5   2 182 185 196 195  -61.53   81.70 -155.5  186.2    4.95
  185 GLUON         21   2 182 186 197 198  -10.32   12.12  -22.2   27.3    0.75
  186 GLUON         21   2 182 187 199 200  -14.93   16.10  -32.9   39.6    0.75
  187 GLUON         21   2 182 188 201 202   -7.25    6.77  -14.5   17.6    0.75
  188 GLUON         21   2 182 191 203 204   -7.92   12.51  -21.6   26.2    0.75
  189 BBAR          94 144 181  21 191 195  -80.76    8.29 -192.6  214.0   45.56
  190 CONE           0 100 181 180   0   0   -0.40    1.04   -1.0    1.5    0.00
  191 GLUON         21   2 189 192 205 206   -4.47    0.21   -5.8    7.3    0.75
  192 CBAR          -4   2 189 193 207 206  -10.02    0.05  -11.1   15.1    1.55
  193 CQRK           4   2 189 194 208 207  -17.87    3.73  -19.1   26.5    1.55
  194 GLUON         21   2 189 195 209 210   -5.86   -1.49  -44.6   45.0    0.75
  195 BBAR          -5   2 189 196 211 210  -42.54    5.79 -112.0  120.0    4.95

                              ---GLUON SPLITTING---   

 IHEP    ID      IDPDG IST MO1 MO2 DA1 DA2   P-X     P-Y     P-Z  ENERGY    MASS
  196 BQRK           5 158 182 212 230 211  -58.47   77.34 -147.0  176.1    4.95
  197 DBAR          -1 158 182 198 238 213   -3.16    3.96   -7.3    8.9    0.32
  198 DQRK           1 158 182 199 231 197   -3.12    3.60   -6.9    8.4    0.32
  199 UBAR          -2 158 182 200 231 198  -10.93   11.66  -24.0   28.8    0.32
  200 UQRK           2 158 182 201 232 199   -4.00    4.45   -8.9   10.7    0.32
  201 UBAR          -2 158 182 202 232 200   -2.34    2.06   -4.7    5.7    0.32
  202 UQRK           2 158 182 203 233 201   -4.91    4.71   -9.7   11.9    0.32
  203 UBAR          -2 158 182 204 233 202   -3.57    5.31   -9.4   11.4    0.32
  204 UQRK           2 158 182 214 234 203   -3.52    5.81   -9.8   11.9    0.32
  205 DBAR          -1 158 189 206 239 215   -1.72    0.12   -2.5    3.1    0.32
  206 DQRK           1 158 189 207 235 205   -2.46    0.08   -2.9    3.8    0.32
  207 CBAR          -4 158 189 208 235 206  -10.02    0.05  -11.1   15.1    1.55
  208 CQRK           4 158 189 220 236 207  -10.89    2.26  -11.9   16.3    1.55
  209 UBAR          -2 158 189 210 245 227   -1.52   -0.36  -11.2   11.3    0.32
  210 UQRK           2 158 189 224 237 209   -1.29   -0.38  -10.3   10.4    0.32
  211 BBAR          -5 158 189 196 243 223  -30.46    4.03  -81.6   87.4    4.95
  212 DBAR          -1 159 182 213 230 196   -3.74    4.55   -8.3   10.2    0.32
  213 DQRK           1 159 182 197 238 212   -3.36    4.38   -8.3    9.9    0.32
  214 UBAR          -2 159 189 215 234 204   -0.52    0.61   -1.2    1.5    0.32
  215 UQRK           2 159 182 205 239 214   -0.59    0.78   -1.5    1.8    0.32
  216 UBAR          -2 159 189 217 246 229   -1.52   -0.36  -11.2   11.3    0.32
  217 UQRK           2 159 189 226 240 216   -1.83    0.38   -2.0    2.8    0.32
  218 UBAR          -2 159 189 219 242 221   -0.33    0.03   -1.0    1.1    0.32
  219 UQRK           2 159 189 228 241 218   -1.63    0.34   -1.8    2.5    0.32
  220 DBAR          -1 159 189 221 236 208   -0.31    0.01   -1.1    1.2    0.32
  221 DQRK           1 159 189 218 242 220   -2.33    0.48   -2.5    3.5    0.32
  222 UBAR          -2 159 189 223 244 225   -4.57    0.63  -11.9   12.7    0.32
  223 UQRK           2 159 189 211 243 222   -1.10    0.13   -3.2    3.4    0.32
  224 UBAR          -2 159 189 225 237 210   -5.14    0.71  -13.3   14.3    0.32
  225 UQRK           2 159 189 222 244 224   -1.55    0.20   -4.2    4.5    0.32
  226 UBAR          -2 159 189 227 240 217   -0.47    0.07   -0.9    1.0    0.32
  227 UQRK           2 159 189 209 245 226   -0.31    0.01   -1.1    1.2    0.32
  228 UBAR          -2 159 189 229 241 219   -0.30    0.00   -1.2    1.3    0.32
  229 UQRK           2 159 189 216 246 228   -0.72   -0.16   -5.2    5.2    0.32

                             ---CLUSTER FORMATION---  

 IHEP    ID      IDPDG IST MO1 MO2 DA1 DA2   P-X     P-Y     P-Z  ENERGY    MASS
  230 CLUS          91 183 196 212 247 248  -62.21   81.88 -155.3  186.3    5.54
  231 CLUS          91 183 198 199 249 250  -14.05   15.26  -30.9   37.2    0.89
  232 CLUS          91 183 200 201 251 252   -6.34    6.50  -13.6   16.4    0.84
  233 CLUS          91 183 202 203 253 254   -8.47   10.02  -19.2   23.3    1.55
  234 CLUS          91 183 204 214 255 256   -4.04    6.43  -11.0   13.5    1.09
  235 CLUS          91 183 206 207 257 257  -12.48    0.13  -14.0   18.8    1.87
  236 CLUS          91 183 208 220 258 259  -11.20    2.27  -13.0   17.5    2.92
  237 CLUS          91 183 210 224 260 261   -6.42    0.34  -23.7   24.8    3.21
  238 CLUS          91 183 213 197 262 263   -6.51    8.33  -15.6   18.9    0.67
  239 CLUS          91 183 215 205 264 265   -2.31    0.90   -4.0    4.9    1.26
  240 CLUS          91 183 217 226 266 267   -2.30    0.45   -2.9    3.8    0.82
  241 CLUS          91 183 219 228 268 269   -1.94    0.34   -3.0    3.8    1.11
  242 CLUS          91 183 221 218 270 271   -2.68    0.51   -3.5    4.6    1.11
  243 CLUS          91 183 223 211 272 272  -31.55    4.15  -84.8   90.7    5.28
  244 CLUS          91 183 225 222 273 274   -6.12    0.83  -16.1   17.3    0.74
  245 CLUS          91 183 227 209 275 276   -1.83   -0.35  -12.3   12.5    1.20
  246 CLUS          91 183 229 216 277 278   -2.24   -0.52  -16.4   16.6    0.69

                              ---CLUSTER DECAYS---    

 IHEP    ID      IDPDG IST MO1 MO2 DA1 DA2   P-X     P-Y     P-Z  ENERGY    MASS
  247 B*BAR0      -513 197 230 182 336 337  -60.75   80.09 -152.0  182.3    5.32
  248 PI0          111   1 230 182   0   0   -1.46    1.79   -3.3    4.0    0.13
  249 PI0          111   1 231 182   0   0  -10.72   12.10  -24.3   29.2    0.13
  250 PI-         -211   1 231 182   0   0   -3.32    3.16   -6.6    8.0    0.14
  251 PI0          111   1 232 182   0   0   -4.85    5.10  -11.1   13.1    0.13
  252 PI0          111   1 232 182   0   0   -1.49    1.40   -2.5    3.3    0.13
  253 B_1+       10213 197 233 182 338 339   -5.71    6.72  -13.2   15.9    1.23
  254 PI-         -211   1 233 182   0   0   -2.76    3.31   -6.0    7.4    0.14
  255 PI0          111   1 234 182   0   0   -1.96    2.94   -5.2    6.3    0.13
  256 RHO0         113 197 234 182 340 341   -2.08    3.50   -5.8    7.2    0.77
  257 D-          -411 196 235 189 342 346  -12.48    0.13  -14.0   18.8    1.87
  258 D*_S+        433 197 236 189 347 348  -10.40    2.14  -11.6   15.9    2.11
  259 KBAR0       -311 197 236 189 349 349   -0.80    0.13   -1.3    1.6    0.50
  260 ETA          221 197 237 189 350 352   -1.08    0.12   -8.8    8.8    0.55
  261 A_20         115 197 237 189 353 354   -5.34    0.21  -14.9   15.9    1.32
  262 PI-         -211   1 238 182   0   0   -5.17    6.64  -12.8   15.3    0.14
  263 PI+          211   1 238 182   0   0   -1.34    1.69   -2.8    3.5    0.14
  264 PI0          111   1 239 182   0   0   -1.94    0.76   -2.2    3.1    0.13
  265 PI+          211   1 239 182   0   0   -0.37    0.13   -1.8    1.8    0.14
  266 PI+          211   1 240 189   0   0   -1.30   -0.10   -1.3    1.8    0.14
  267 PI-         -211   1 240 189   0   0   -1.00    0.55   -1.6    2.0    0.14
  268 RHO+         213 197 241 189 355 356   -1.72    0.34   -3.0    3.5    0.77
  269 PI-         -211   1 241 189   0   0   -0.22    0.00   -0.1    0.3    0.14
  270 RHO-        -213 197 242 189 357 358   -1.88    0.55   -2.8    3.5    0.77
  271 PI0          111   1 242 189   0   0   -0.79   -0.04   -0.7    1.1    0.13
  272 B+           521 199 243 189 403 404  -31.55    4.15  -84.8   90.7    5.28
  273 PI0          111   1 244 189   0   0   -0.41   -0.07   -1.1    1.1    0.13
  274 PI0          111   1 244 189   0   0   -5.71    0.90  -15.1   16.1    0.13
  275 PI0          111   1 245 189   0   0   -1.36    0.23   -9.4    9.5    0.13
  276 PI0          111   1 245 189   0   0   -0.47   -0.58   -2.9    3.0    0.13
  277 PI0          111   1 246 189   0   0   -0.41    0.14   -3.1    3.1    0.13
  278 PI0          111   1 246 189   0   0   -1.84   -0.65  -13.3   13.5    0.13

                           ---STRONG HADRON DECAYS--- 

 IHEP    ID      IDPDG IST MO1 MO2 DA1 DA2   P-X     P-Y     P-Z  ENERGY    MASS
  279 OMEGA        223 198 125  11 359 361   -0.13    1.35  105.3  105.3    0.78
  280 PI+          211   1 125  11   0   0   -0.13   -0.08    9.9   10.0    0.14
  281 PI+          211   1 129  15   0   0    0.03    0.21  -23.2   23.2    0.14
  282 PI0          111   1 129  15   0   0    0.73    0.02  -24.0   24.1    0.13
  283 RHO0         113 198 131  15 362 363    0.43    0.03 -262.4  262.4    0.77
  284 PI0          111   1 131  15   0   0   -0.23   -0.10  -53.9   53.9    0.13
  285 GAMMA         22   1 132  22   0   0    2.25   -0.23   -9.3    9.6    0.00
  286 GAMMA         22   1 132  22   0   0   20.97   -3.80  -87.0   89.6    0.00
  287 PI-         -211   1 133  22   0   0    2.01    0.02   -8.1    8.3    0.14
  288 PI0          111   1 133  22   0   0    2.19   -0.74   -9.3    9.6    0.13
  289 K_S0         310 198 135  24 364 365    5.88  -12.59   17.5   22.3    0.50
  290 PI+          211   1 137  24   0   0    3.39   -7.83   10.4   13.4    0.14
  291 PI0          111   1 137  24   0   0    0.97   -1.78    2.9    3.6    0.13
  292 PI-         -211   1 139  24   0   0    2.93   -6.86   11.2   13.5    0.14
  293 PI0          111   1 139  24   0   0    1.82   -3.71    5.4    6.8    0.13
  294 PI+          211   1 142  24   0   0    0.20   -0.41    0.8    0.9    0.14
  295 PI0          111   1 142  24   0   0    4.27   -5.37   14.6   16.1    0.13
  296 NBAR       -2112   1 145  24   0   0   14.25   -2.17   15.9   21.5    0.94
  297 PI+          211   1 145  24   0   0    0.65   -0.05    0.8    1.1    0.14
  298 PI-         -211   1 146  24   0   0    3.38   -0.27    4.3    5.5    0.14
  299 PI0          111   1 146  24   0   0    9.00   -1.19    9.9   13.5    0.13
  300 PI+          211   1 147  24   0   0   11.46   -1.84   13.0   17.4    0.14
  301 PI-         -211   1 147  24   0   0    3.02    0.05    2.9    4.2    0.14
  302 PI+          211   1 150  35   0   0   -0.03    0.08   -0.0    0.2    0.14
  303 PI-         -211   1 150  35   0   0    0.25    0.00   -0.0    0.3    0.14
  304 PI0          111   1 150  35   0   0    0.01    0.55   -0.3    0.6    0.13
  305 PI+          211   1 151  35   0   0    0.57    0.40   -0.1    0.7    0.14
  306 PI0          111   1 151  35   0   0    0.31    0.87   -0.8    1.2    0.13
  307 PI+          211   1 154  35   0   0   -0.21    0.11   -0.3    0.4    0.14
  308 PI0          111   1 154  35   0   0    0.49    0.69   -1.5    1.7    0.13
  309 P           2212   1 157  11   0   0    0.17   -0.07 3594.8 3594.8    0.94
  310 PI+          211   1 157  11   0   0   -0.22    0.08 1167.9 1167.9    0.14
  311 K_S0         310 198 158  15 366 367    0.30   -0.02-1980.4 1980.4    0.50
  312 LAMBDA      3122 198 159  15 368 369   -0.27   -0.18-1805.6 1805.6    1.12
  313 PI0          111   1 159  15   0   0    0.06    0.16 -543.4  543.4    0.13
  314 K_L0         130   1 163  15   0   0   -0.16   -0.72 -486.0  486.0    0.50
  315 PI+          211   1 165  22   0   0    0.05    0.13   -0.4    0.5    0.14
  316 PI-         -211   1 165  22   0   0    0.16   -0.59   -0.3    0.7    0.14
  317 PI+          211   1 166  22   0   0    0.15    0.17   -0.8    0.8    0.14
  318 PI-         -211   1 166  22   0   0    5.69   -0.26  -24.5   25.2    0.14
  319 RHO0         113 198 167  22 370 371    2.79   -0.75  -10.3   10.7    0.77
  320 PI+          211   1 167  22   0   0    3.09   -1.13  -12.9   13.3    0.14
  321 P           2212   1 168  24   0   0    2.44   -1.77    4.9    5.8    0.94
  322 PI-         -211   1 168  24   0   0    1.08   -0.67    2.5    2.8    0.14
  323 NBAR       -2112   1 169  24   0   0    1.46   -1.97    4.7    5.4    0.94
  324 PI+          211   1 169  24   0   0    0.39   -0.18    0.7    0.9    0.14
  325 PI+          211   1 170  24   0   0    4.95   -0.79    4.6    6.8    0.14
  326 PI0          111   1 170  24   0   0    6.68   -0.90    9.1   11.3    0.13
  327 RHO-        -213 198 172  24 372 373   -0.76    0.95   54.0   54.0    0.77
  328 PI+          211   1 172  24   0   0   -0.05    0.46    9.3    9.3    0.14
  329 PI-         -211   1 173  24   0   0   -0.05    0.41   15.3   15.3    0.14
  330 PI0          111   1 173  24   0   0   -0.21    1.05  101.0  101.0    0.13
  331 PI-         -211   1 174  24   0   0    0.29   -0.17    2.6    2.7    0.14
  332 PI0          111   1 174  24   0   0   -0.27    0.23    5.1    5.1    0.13
  333 RHO+         213 198 175  24 374 375   -0.06    0.58    9.9   10.0    0.77
  334 PI0          111   1 175  24   0   0    0.05   -0.32    2.4    2.4    0.13
  335 K_L0         130   1 178  24   0   0    2.35   -1.31    4.1    4.9    0.50
  336 B_DBAR0     -511 200 247 182 376 376  -60.52   79.84 -151.5  181.7    5.28
  337 GAMMA         22   1 247 182   0   0   -0.24    0.25   -0.5    0.6    0.00
  338 OMEGA        223 198 253 182 380 382   -4.77    5.50  -11.4   13.5    0.78
  339 PI+          211   1 253 182   0   0   -0.94    1.22   -1.8    2.4    0.14
  340 PI+          211   1 256 182   0   0   -0.55    0.44   -1.1    1.3    0.14
  341 PI-         -211   1 256 182   0   0   -1.54    3.06   -4.7    5.8    0.14
  342 K0           311 198 257 189 383 383   -4.78    0.24   -5.0    6.9    0.50
  343 PI-         -211   1 257 189   0   0   -4.60   -0.15   -5.1    6.9    0.14
  344 PI-         -211   1 257 189   0   0   -0.75    0.09   -0.6    1.0    0.14
  345 PI+          211   1 257 189   0   0   -0.60   -0.03   -0.7    0.9    0.14
  346 PI0          111   1 257 189   0   0   -1.75   -0.02   -2.5    3.1    0.13
  347 D_S+         431 198 258 189 384 387   -9.86    2.01  -11.0   15.0    1.97
  348 PI0          111   1 258 189   0   0   -0.54    0.13   -0.7    0.9    0.13
  349 K_S0         310 198 259 189 388 389   -0.80    0.13   -1.3    1.6    0.50
  350 PI+          211   1 260 189   0   0   -0.39    0.17   -3.5    3.5    0.14
  351 PI-         -211   1 260 189   0   0   -0.49   -0.05   -3.1    3.1    0.14
  352 PI0          111   1 260 189   0   0   -0.20    0.00   -2.2    2.2    0.13
  353 RHO-        -213 198 261 189 390 391   -4.36    0.53  -12.3   13.1    0.77
  354 PI+          211   1 261 189   0   0   -0.98   -0.32   -2.6    2.8    0.14
  355 PI+          211   1 268 189   0   0   -0.22   -0.16   -0.3    0.4    0.14
  356 PI0          111   1 268 189   0   0   -1.50    0.50   -2.7    3.1    0.13
  357 PI-         -211   1 270 189   0   0   -0.39    0.40   -1.0    1.2    0.14
  358 PI0          111   1 270 189   0   0   -1.49    0.15   -1.8    2.3    0.13
  359 PI+          211   1 279  11   0   0   -0.25    0.38   36.0   36.0    0.14
  360 PI-         -211   1 279  11   0   0    0.06    0.12   20.5   20.5    0.14
  361 PI0          111   1 279  11   0   0    0.05    0.85   48.9   48.9    0.13
  362 PI+          211   1 283  15   0   0    0.23   -0.26 -199.7  199.7    0.14
  363 PI-         -211   1 283  15   0   0    0.21    0.29  -62.7   62.7    0.14
  364 PI0          111   1 289  24   0   0    4.77   -9.98   14.1   17.9    0.13
  365 PI0          111   1 289  24   0   0    1.12   -2.61    3.4    4.4    0.13
  366 PI+          211   1 311  15   0   0    0.33    0.07-1670.6 1670.6    0.14
  367 PI-         -211   1 311  15   0   0   -0.02   -0.09 -309.7  309.7    0.14
  368 P           2212   1 312  15   0   0   -0.22   -0.26-1557.3 1557.3    0.94
  369 PI-         -211   1 312  15   0   0   -0.05    0.07 -248.4  248.4    0.14
  370 PI+          211   1 319  22   0   0    1.50   -0.29   -4.2    4.5    0.14
  371 PI-         -211   1 319  22   0   0    1.28   -0.46   -6.1    6.3    0.14
  372 PI-         -211   1 327  24   0   0   -0.24    0.08    4.8    4.9    0.14
  373 PI0          111   1 327  24   0   0   -0.52    0.87   49.1   49.1    0.13
  374 PI+          211   1 333  24   0   0   -0.02    0.13    7.5    7.5    0.14
  375 PI0          111   1 333  24   0   0   -0.04    0.44    2.4    2.5    0.13
  376 B_DBAR0     -511 198 336 182 377 379  -60.52   79.84 -151.5  181.7    5.28
  377 TAU-          15 198 376 182 392 393  -20.11   26.30  -48.8   59.0    1.78
  378 NU_TAUBR     -16   1 376 182   0   0   -5.28    7.51  -12.6   15.6    0.00
  379 D*+          413 198 376 182 394 395  -35.12   46.02  -90.0  107.0    2.01
  380 PI+          211   1 338 182   0   0   -1.49    1.67   -3.7    4.3    0.14
  381 PI-         -211   1 338 182   0   0   -3.02    3.36   -6.8    8.1    0.14
  382 PI0          111   1 338 182   0   0   -0.26    0.47   -0.9    1.1    0.13
  383 K_L0         130   1 342 189   0   0   -4.78    0.24   -5.0    6.9    0.50
  384 K+           321   1 347 189   0   0   -1.40    0.34   -2.0    2.5    0.49
  385 K-          -321   1 347 189   0   0   -3.19    0.99   -3.6    4.9    0.49
  386 PI+          211   1 347 189   0   0   -4.05    0.44   -4.2    5.8    0.14
  387 PI0          111   1 347 189   0   0   -1.21    0.24   -1.2    1.7    0.13
  388 PI+          211   1 349 189   0   0   -0.52    0.23   -1.1    1.2    0.14
  389 PI-         -211   1 349 189   0   0   -0.28   -0.09   -0.3    0.4    0.14
  390 PI-         -211   1 353 189   0   0   -3.03    0.27   -9.4    9.9    0.14
  391 PI0          111   1 353 189   0   0   -1.32    0.26   -2.9    3.2    0.13
  392 RHO-        -213 198 377 182 396 397   -7.92   11.43  -20.5   24.8    0.77
  393 NU_TAU        16   1 377 182   0   0  -12.19   14.87  -28.4   34.3    0.00
  394 D0           421 198 379 182 398 401  -32.08   42.06  -82.3   97.8    1.86
  395 PI+          211   1 379 182   0   0   -3.04    3.96   -7.7    9.2    0.14
  396 PI-         -211   1 392 182   0   0   -0.87    1.48   -2.8    3.3    0.14
  397 PI0          111   1 392 182   0   0   -7.06    9.95  -17.6   21.4    0.13
  398 KBAR0       -311 198 394 182 402 402  -11.76   15.83  -30.4   36.2    0.50
  399 PI+          211   1 394 182   0   0   -4.66    6.58  -12.8   15.1    0.14
  400 PI-         -211   1 394 182   0   0  -11.19   14.09  -27.5   32.8    0.14
  401 PI0          111   1 394 182   0   0   -4.47    5.56  -11.7   13.7    0.13
  402 K_L0         130   1 398 182   0   0  -11.76   15.83  -30.4   36.2    0.50

                           ---HEAVY PARTICLE DECAYS---

 IHEP    ID      IDPDG IST MO1 MO2 DA1 DA2   P-X     P-Y     P-Z  ENERGY    MASS
  403 UQRK           2 125 272 407 408 407   -1.91    0.25   -5.1    5.5    0.32
  404 BBAR          -5 155 272 403 405 407  -29.63    3.90  -79.7   85.2    4.96
  405 CBAR          -4 123 404 406 409 406   -3.72    1.07  -10.5   11.3    1.55
  406 UQRK           2 124 404 405 411 405  -13.73    2.29  -36.4   38.9    0.32
  407 DBAR          -1 124 404 404 415 404  -12.18    0.55  -32.8   35.0    0.32
  408 UQRK           2 160 403 421 422 421   -1.91    0.25   -5.1    5.5    0.32

                              ---PARTON SHOWERS---    

 IHEP    ID      IDPDG IST MO1 MO2 DA1 DA2   P-X     P-Y     P-Z  ENERGY    MASS
  409 CBAR          94 143 405 404 410 410   -4.30    1.02  -12.0   12.8    1.55
  410 CBAR          -4   2 409 413 417 414   -4.30    1.02  -12.0   12.8    1.55
  411 UQRK          94 144 406 404 413 414  -15.71    2.44  -41.8   44.7    1.53
  412 CONE           0 100 406 405   0   0   -3.92    1.58  -11.6   12.4    0.00
  413 UQRK           2   2 411 414 418 417   -8.16    1.60  -20.8   22.4    0.32
  414 GLUON         21   2 411 417 419 420   -7.54    0.84  -21.0   22.4    0.75
  415 DBAR          94 144 407 404 416 416   -9.63    0.44  -25.9   27.7    0.32
  416 DBAR          -1   2 415 408 421 408   -9.63    0.44  -25.9   27.7    0.32

                              ---GLUON SPLITTING---   

 IHEP    ID      IDPDG IST MO1 MO2 DA1 DA2   P-X     P-Y     P-Z  ENERGY    MASS
  417 CBAR          -4 158 409 418 424 420   -4.30    1.02  -12.0   12.8    1.55
  418 UQRK           2 158 411 419 423 417   -8.16    1.60  -20.8   22.4    0.32
  419 UBAR          -2 158 411 420 423 418   -5.75    0.64  -16.0   17.0    0.32
  420 UQRK           2 158 411 417 424 419   -1.80    0.20   -5.1    5.4    0.32
  421 DBAR          -1 158 415 408 422 408   -9.63    0.44  -25.9   27.7    0.32

                             ---CLUSTER FORMATION---  

 IHEP    ID      IDPDG IST MO1 MO2 DA1 DA2   P-X     P-Y     P-Z  ENERGY    MASS
  422 CLUS          91 183 408 421 425 426  -11.54    0.69  -31.1   33.2    0.94
  423 CLUS          91 183 418 419 427 428  -14.60    2.35  -38.5   41.3    1.08
  424 CLUS          91 183 420 417 429 429   -5.41    1.11  -15.2   16.3    1.86

                              ---CLUSTER DECAYS---    

 IHEP    ID      IDPDG IST MO1 MO2 DA1 DA2   P-X     P-Y     P-Z  ENERGY    MASS
  425 PI+          211   1 422 403   0   0   -1.07    0.10   -2.9    3.1    0.14
  426 RHO0         113 197 422 403 430 431  -10.47    0.60  -28.2   30.1    0.77
  427 PI+          211   1 423 411   0   0   -4.19    0.83  -10.6   11.5    0.14
  428 RHO-        -213 197 423 411 432 433  -10.41    1.52  -27.9   29.8    0.77
  429 DBAR0       -421 196 424 411 434 436   -5.41    1.11  -15.2   16.3    1.86

                           ---STRONG HADRON DECAYS--- 

 IHEP    ID      IDPDG IST MO1 MO2 DA1 DA2   P-X     P-Y     P-Z  ENERGY    MASS
  430 PI+          211   1 426 403   0   0   -6.04   -0.01  -16.0   17.1    0.14
  431 PI-         -211   1 426 403   0   0   -4.43    0.60  -12.1   12.9    0.14
  432 PI-         -211   1 428 411   0   0   -3.30    0.27   -8.1    8.7    0.14
  433 PI0          111   1 428 411   0   0   -7.11    1.26  -19.8   21.1    0.13
  434 NU_MUBAR     -14   1 429 411   0   0   -0.35   -0.16   -0.8    0.9    0.00
  435 MU-           13   1 429 411   0   0   -2.98    0.36   -8.0    8.6    0.11
  436 K*+          323 198 429 411 437 438   -2.08    0.90   -6.3    6.8    0.89
  437 K+           321   1 436 411   0   0   -1.94    0.91   -6.1    6.5    0.49
  438 PI0          111   1 436 411   0   0   -0.14   -0.00   -0.2    0.3    0.13



 EVENT       2: 6500.00 GEV/C P        ON  6500.00 GEV/C P        PROCESS:-18000
 SEEDS:  1417931341 &   692373199   STATUS:  100 ERROR:   0  WEIGHT:  5.9026E-04


                               ---INITIAL STATE---    

 IHEP    ID      IDPDG IST MO1 MO2 DA1 DA2   P-X     P-Y     P-Z  ENERGY    MASS
    1 P           2212 101   0   0   0   0    0.00    0.00 6500.0 6500.0    0.94
    2 P           2212 102   0   0   0   0    0.00    0.00-6500.0 6500.0    0.94
    3 CMF            0 103   1   2   0   0    0.00    0.00    0.013000.013000.00

                              ---HARD SUBPROCESS---   

 IHEP    ID      IDPDG IST MO1 MO2 DA1 DA2   P-X     P-Y     P-Z  ENERGY    MASS
    4 UQRK           2 121   6   8  10   9    0.00    0.00  417.8  417.8    0.32
    5 DQRK           1 122   6   9  15   8   -0.00   -0.00-1386.7 1386.7    0.32
    6 HARD           0 120   4   5   7   9   -1.13    2.47 -968.9 1804.5 1522.32
    7 HIGGS         25 123   6   7  19   7 -130.70 -211.97  130.3  307.6  125.00
    8 UQRK           2 124   6   5  20   4   94.14  202.29-1286.6 1305.8    0.32
    9 DQRK           1 124   6   4  30   5   36.56    9.68  187.3  191.1    0.32

                              ---PARTON SHOWERS---    

 IHEP    ID      IDPDG IST MO1 MO2 DA1 DA2   P-X     P-Y     P-Z  ENERGY    MASS
   10 UQRK          94 141   4   6  12  14   -2.44    1.24  417.8  417.8   -7.14
   11 CONE           0 100   4   9   0   0    0.97    0.26    5.2    5.3    0.00
   12 GLUON         21   2  10  13  34  35    0.76    0.76   19.3   19.3    0.75
   13 GLUON         21   2  10  14  36  37    1.67   -2.00  484.5  484.5    0.75
   14 UD          2101   2  10  22  38  37    0.00    0.00 5578.4 5578.4    0.31
   15 DQRK          94 142   5   6  17  18    1.31    1.23-1386.8 1386.8   -5.52
   16 CONE           0 100   5   8   0   0    0.42    0.91   -4.2    4.3    0.00
   17 GLUON         21   2  15  18  39  40   -1.31   -1.23 -191.3  191.3    0.75
   18 UU          2203   2  15  32  41  40    0.00    0.00-4922.0 4922.0    0.32
   19 HIGGS         25 195   7   6 149 150 -130.74 -211.31  130.1  307.1  125.00
   20 UQRK          94 144   8   6  22  29   93.21  203.85-1286.1 1306.4   48.37
   21 CONE           0 100   8   5   0   0   -0.12   -0.27   -4.1    4.2    0.00
   22 UQRK           2   2  20  23  42  38   66.63  161.55-1056.0 1070.3    0.32
   23 GLUON         21   2  20  24  43  44    5.44   11.12  -58.2   59.5    0.75
   24 GLUON         21   2  20  25  45  46    5.96   12.20  -60.5   62.0    0.75
   25 GLUON         21   2  20  26  47  48    5.13    9.43  -52.1   53.2    0.75
   26 GLUON         21   2  20  27  49  50    1.09    3.95  -13.3   13.9    0.75
   27 GLUON         21   2  20  28  51  52    1.36    0.67  -12.0   12.1    0.75
   28 GLUON         21   2  20  29  53  54    3.23    1.98  -11.6   12.3    0.75
   29 GLUON         21   2  20  39  55  56    4.37    2.94  -22.5   23.1    0.75
   30 DQRK          94 144   9   6  32  33   36.40    9.93  187.1  191.0    8.95
   31 CONE           0 100   9   4   0   0   -0.50   -0.14    2.5    2.5    0.00
   32 DQRK           1   2  30  33  57  41   34.85    8.27  181.2  184.7    0.32
   33 GLUON         21   2  30  34  58  59    1.55    1.66    5.8    6.3    0.75

                              ---GLUON SPLITTING---   

 IHEP    ID      IDPDG IST MO1 MO2 DA1 DA2   P-X     P-Y     P-Z  ENERGY    MASS
   34 UBAR          -2 158  10  35  92  59    0.36    0.57    9.4    9.5    0.32
   35 UQRK           2 158  10  36  80  34    0.40    0.19    9.9    9.9    0.32
   36 DBAR          -1 158  10  37  80  35    0.51   -0.85  173.5  173.5    0.32
   37 DQRK           1 158  10  64  81  36    0.60   -0.59  177.1  177.1    0.32
   38 UD          2101 161  10  42  93  61    0.02   -0.02 2434.6 2434.6    0.64
   39 UBAR          -2 158  15  40 101  77   -0.34   -0.23  -38.3   38.3    0.32
   40 UQRK           2 158  15  66  82  39   -0.44   -0.58  -92.2   92.2    0.32
   41 UU          2203 162  15  57  94  63   -0.01   -0.02-2111.4 2111.4    0.64
   42 UQRK           2 158  20  68  83  38   55.44  134.42 -878.6  890.6    0.32
   43 UBAR          -2 158  20  44 100  75    2.26    4.53  -23.4   23.9    0.32
   44 UQRK           2 158  20  45  84  43    2.29    4.84  -26.0   26.6    0.32
   45 UBAR          -2 158  20  46  84  44    1.85    3.82  -18.3   18.8    0.32
   46 UQRK           2 158  20  47  85  45    4.11    8.38  -42.2   43.2    0.32
   47 DBAR          -1 158  20  48  85  46    1.26    2.28  -12.6   12.8    0.32
   48 DQRK           1 158  20  49  86  47    3.86    7.16  -39.5   40.4    0.32
   49 DBAR          -1 158  20  50  86  48    0.48    2.30   -7.2    7.5    0.32
   50 DQRK           1 158  20  51  87  49    0.61    1.65   -6.1    6.4    0.32
   51 UBAR          -2 158  20  52  87  50    0.76    0.17   -6.3    6.4    0.32
   52 UQRK           2 158  20  53  88  51    0.60    0.51   -5.6    5.7    0.32
   53 DBAR          -1 158  20  54  88  52    1.93    1.39   -7.2    7.6    0.32
   54 DQRK           1 158  20  55  89  53    1.29    0.59   -4.4    4.7    0.32
   55 DBAR          -1 158  20  56  89  54    1.11    0.77   -6.2    6.3    0.32
   56 DQRK           1 158  20  70  90  55    2.46    1.63  -12.3   12.7    0.32
   57 DQRK           1 158  30  72  91  41   10.73    2.55   55.8   56.9    0.32
   58 UBAR          -2 158  30  59 102  79    0.50    0.32    2.5    2.6    0.32
   59 UQRK           2 158  30  34  92  58    1.06    1.11    3.5    3.8    0.32
   60 DBAR          -1 159  10  61  95  65    0.00   -0.00 2661.7 2661.7    0.32
   61 DQRK           1 159  10  38  93  60    0.22   -0.22  117.3  117.3    0.32
   62 DBAR          -1 159  15  63  96  67   -0.00   -0.00-2049.6 2049.6    0.32
   63 DQRK           1 159  15  41  94  62   -0.05   -0.06 -144.2  144.2    0.32
   64 SBAR          -3 159  10  65  81  37    0.14   -0.14  272.4  272.4    0.50
   65 SQRK           3 159  10  60  95  64    0.18   -0.18  226.2  226.2    0.50
   66 UBAR          -2 159  15  67  82  40   -0.02   -0.02 -402.5  402.5    0.32
   67 UQRK           2 159  15  62  96  66   -0.03   -0.04 -230.3  230.3    0.32
   68 SBAR          -3 159  20  69  83  42    2.58    6.15  -39.6   40.2    0.50
   69 SQRK           3 159  20  74  97  68    7.15   17.30 -112.8  114.4    0.50
   70 DBAR          -1 159  15  71  90  56    0.20    0.13   -2.6    2.6    0.32
   71 DQRK           1 159  20  76  98  70    0.48    0.32   -3.1    3.1    0.32
   72 DBAR          -1 159  30  73  91  57    1.10    0.33    5.7    5.8    0.32
   73 DQRK           1 159  30  78  99  72   21.04    4.99  109.4  111.5    0.32
   74 UBAR          -2 159  20  75  97  69    1.45    3.44  -22.0   22.3    0.32
   75 UQRK           2 159  20  43 100  74    0.91    2.00  -11.7   11.9    0.32
   76 UBAR          -2 159  15  77  98  71   -0.35   -0.24  -39.3   39.3    0.32
   77 UQRK           2 159  20  39 101  76    0.07    0.04   -3.9    3.9    0.32
   78 UBAR          -2 159  30  79  99  73    1.18    0.34    6.1    6.2    0.32
   79 UQRK           2 159  30  58 102  78    0.80    0.29    4.1    4.2    0.32

                             ---CLUSTER FORMATION---  

 IHEP    ID      IDPDG IST MO1 MO2 DA1 DA2   P-X     P-Y     P-Z  ENERGY    MASS
   80 CLUS          91 183  35  36 103 104    0.91   -0.66  183.4  183.4    2.33
   81 CLUS          91 183  37  64 105 106    0.74   -0.73  449.5  449.5    1.21
   82 CLUS          91 183  40  66 107 108   -0.46   -0.60 -494.7  494.7    1.72
   83 CLUS          91 183  42  68 109 110   58.02  140.57 -918.2  930.7    2.49
   84 CLUS          91 183  44  45 111 112    4.14    8.66  -44.3   45.4    0.85
   85 CLUS          91 183  46  47 113 114    5.37   10.66  -54.7   56.0    0.86
   86 CLUS          91 183  48  49 115 116    4.35    9.46  -46.7   47.9    2.51
   87 CLUS          91 183  50  51 117 118    1.37    1.82  -12.4   12.7    1.64
   88 CLUS          91 183  52  53 119 120    2.53    1.89  -12.8   13.3    1.36
   89 CLUS          91 183  54  55 121 122    2.40    1.36  -10.6   11.0    0.86
   90 CLUS          91 183  56  70 123 124    2.66    1.76  -14.9   15.3    1.18
   91 CLUS          91 183  57  72 125 126   11.83    2.88   61.5   62.7    1.12
   92 CLUS          91 183  59  34 127 128    1.43    1.67   12.9   13.3    2.19
   93 CLUS          91 184  61  38 129 130    0.24   -0.24 2551.9 2551.9    2.14
   94 CLUS          91 185  63  41 131 132   -0.06   -0.08-2255.6 2255.6    1.46
   95 CLUS          91 183  65  60 133 134    0.19   -0.18 2888.0 2888.0    2.02
   96 CLUS          91 183  67  62 135 136   -0.03   -0.04-2279.9 2279.9    1.07
   97 CLUS          91 183  69  74 137 138    8.60   20.74 -134.9  136.7    0.98
   98 CLUS          91 183  71  76 139 140    0.13    0.08  -42.3   42.4    2.48
   99 CLUS          91 183  73  78 141 142   22.21    5.33  115.5  117.7    1.45
  100 CLUS          91 183  75  43 143 144    3.17    6.53  -35.1   35.8    0.83
  101 CLUS          91 183  77  39 145 146   -0.28   -0.19  -42.2   42.2    1.17
  102 CLUS          91 183  79  58 147 148    1.30    0.61    6.6    6.8    0.69

                              ---CLUSTER DECAYS---    

 IHEP    ID      IDPDG IST MO1 MO2 DA1 DA2   P-X     P-Y     P-Z  ENERGY    MASS
  103 KD*+       30323 197  80  10 205 206    0.96   -0.37  137.4  137.4    1.72
  104 KBAR0       -311 197  80  10 207 207   -0.05   -0.29   46.0   46.0    0.50
  105 PI0          111   1  81  10   0   0    0.20    0.25  141.2  141.2    0.13
  106 K0           311 197  81  10 208 208    0.54   -0.97  308.3  308.3    0.50
  107 OMEGA        223 197  82  15 209 210    0.11   -0.42 -215.3  215.3    0.78
  108 OMEGA        223 197  82  15 211 213   -0.57   -0.18 -279.4  279.4    0.78
  109 PI+          211   1  83  20   0   0   38.65   93.71 -612.5  620.9    0.14
  110 K*_20        315 197  83  20 214 215   19.37   46.86 -305.7  309.9    1.43
  111 PI+          211   1  84  20   0   0    3.94    7.78  -40.2   41.1    0.14
  112 PI-         -211   1  84  20   0   0    0.19    0.88   -4.1    4.2    0.14
  113 PI+          211   1  85  20   0   0    2.65    5.11  -28.3   28.9    0.14
  114 PI0          111   1  85  20   0   0    2.72    5.55  -26.4   27.1    0.13
  115 RHO-        -213 197  86  20 216 217    2.66    7.51  -33.8   34.8    0.77
  116 RHO+         213 197  86  20 218 219    1.69    1.95  -12.8   13.1    0.77
  117 PI0          111   1  87  20   0   0    0.01    0.36   -3.1    3.1    0.13
  118 A_1-      -20213 197  87  20 220 221    1.36    1.46   -9.3    9.6    1.23
  119 PI0          111   1  88  20   0   0    0.32    0.11   -3.0    3.0    0.13
  120 RHO+         213 197  88  20 222 223    2.22    1.79   -9.9   10.3    0.77
  121 PI-         -211   1  89  20   0   0    1.68    1.34   -8.0    8.3    0.14
  122 PI+          211   1  89  20   0   0    0.72    0.02   -2.6    2.7    0.14
  123 RHO-        -213 197  90  20 224 225    2.28    1.46  -13.6   13.9    0.77
  124 PI+          211   1  90  20   0   0    0.38    0.31   -1.3    1.4    0.14
  125 RHO0         113 197  91  30 226 227   11.47    2.76   59.6   60.8    0.77
  126 PI0          111   1  91  30   0   0    0.36    0.12    1.9    1.9    0.13
  127 ETA          221 197  92  30 228 229    1.14    0.65    7.3    7.4    0.55
  128 B_10       10113 197  92  30 230 231    0.29    1.03    5.6    5.8    1.23
  129 RHO0         113 197  93  10 232 233    0.06   -0.41 1293.4 1293.4    0.77
  130 DELTA0      2114 197  93  10 234 235    0.18    0.17 1258.5 1258.5    1.23
  131 PI-         -211   1  94  15   0   0    0.03   -0.15 -477.8  477.8    0.14
  132 DELTA++     2224 197  94  15 236 237   -0.09    0.07-1777.8 1777.8    1.23
  133 KBAR0       -311 197  95  10 238 238   -0.26    0.11 1529.3 1529.3    0.50
  134 HL_10      10223 197  95  10 239 240    0.45   -0.29 1358.7 1358.7    1.17
  135 PI0          111   1  96  15   0   0   -0.44   -0.09 -572.0  572.0    0.13
  136 PI+          211   1  96  15   0   0    0.41    0.05-1707.9 1707.9    0.14
  137 KBAR0       -311 197  97  20 241 241    8.12   19.15 -124.7  126.4    0.50
  138 PI-         -211   1  97  20   0   0    0.47    1.58  -10.2   10.3    0.14
  139 DELTA-      1114 197  98  20 242 243   -0.51   -0.09  -21.5   21.6    1.23
  140 NBAR       -2112   1  98  20   0   0    0.63    0.17  -20.8   20.8    0.94
  141 OMEGA        223 197  99  30 244 246   17.61    3.79   91.7   93.5    0.78
  142 PI-         -211   1  99  30   0   0    4.61    1.55   23.8   24.3    0.14
  143 PI0          111   1 100  20   0   0    1.64    3.15  -16.6   17.0    0.13
  144 ETA          221 197 100  20 247 248    1.53    3.38  -18.5   18.9    0.55
  145 PI0          111   1 101  20   0   0   -0.01   -0.51  -16.8   16.8    0.13
  146 ETA          221 197 101  20 249 250   -0.27    0.32  -25.4   25.4    0.55
  147 PI+          211   1 102  30   0   0    0.79    0.69    4.3    4.4    0.14
  148 PI-         -211   1 102  30   0   0    0.51   -0.08    2.3    2.4    0.14

                            ---H/W/Z BOSON DECAYS---  

 IHEP    ID      IDPDG IST MO1 MO2 DA1 DA2   P-X     P-Y     P-Z  ENERGY    MASS
  149 BQRK           5 123  19 150 151 150   -6.42    4.50  -15.8   18.4    4.95
  150 BBAR          -5 124  19 149 156 149 -124.32 -215.81  146.0  288.7    4.95

                              ---PARTON SHOWERS---    

 IHEP    ID      IDPDG IST MO1 MO2 DA1 DA2   P-X     P-Y     P-Z  ENERGY    MASS
  151 BQRK          94 143 149  19 153 155   -8.02    0.63  -12.3   21.8   16.12
  152 CONE           0 100 149 150   0   0    0.68   -0.86    2.2    2.5    0.00
  153 BQRK           5   2 151 154 160 159   -8.30    0.44  -13.1   16.3    4.95
  154 GLUON         21   2 151 155 161 162    2.30    0.61   -1.0    2.7    0.75
  155 GLUON         21   2 151 158 163 164   -2.02   -0.42    1.8    2.8    0.75
  156 BBAR          94 144 150  19 158 159 -122.72 -211.94  142.5  285.3   33.05
  157 CONE           0 100 150 149   0   0   -1.31   -1.26    0.0    1.8    0.00
  158 GLUON         21   2 156 159 165 166  -47.41  -60.85   57.3   96.1    0.75
  159 BBAR          -5   2 156 160 167 166  -75.31 -151.09   85.1  189.1    4.95

                              ---GLUON SPLITTING---   

 IHEP    ID      IDPDG IST MO1 MO2 DA1 DA2   P-X     P-Y     P-Z  ENERGY    MASS
  160 BQRK           5 158 151 168 178 167   -7.96    0.44  -12.7   15.8    4.95
  161 DBAR          -1 158 151 162 182 169    0.34    0.13   -0.2    0.5    0.32
  162 DQRK           1 158 151 163 179 161    1.64    0.38   -0.8    1.9    0.32
  163 UBAR          -2 158 151 164 179 162   -0.96   -0.39    0.9    1.4    0.32
  164 UQRK           2 158 151 170 180 163   -0.70   -0.72    0.8    1.3    0.32
  165 DBAR          -1 158 156 166 185 175   -7.89  -10.09    9.4   15.9    0.32
  166 DQRK           1 158 156 172 181 165  -30.84  -39.64   37.5   62.7    0.32
  167 BBAR          -5 158 156 160 186 177  -61.46 -122.98   69.5  154.1    4.95
  168 DBAR          -1 159 151 169 178 160   -0.03    0.05   -0.3    0.4    0.32
  169 DQRK           1 159 151 161 182 168    0.01    0.05   -0.2    0.4    0.32
  170 SBAR          -3 159 156 171 180 164   -1.90   -2.30    2.2    3.8    0.50
  171 SQRK           3 159 151 174 183 170   -0.93   -0.28    0.9    1.4    0.50
  172 UBAR          -2 159 156 173 181 166   -1.20   -1.87    1.4    2.7    0.32
  173 UQRK           2 159 156 176 184 172   -1.17   -1.99    1.4    2.7    0.32
  174 DBAR          -1 159 156 175 183 171   -1.23   -1.49    1.4    2.4    0.32
  175 DQRK           1 159 151 165 185 174   -2.65   -3.35    3.2    5.3    0.32
  176 SBAR          -3 159 156 177 184 173  -11.96  -24.08   13.5   30.1    0.50
  177 SQRK           3 159 156 167 186 176   -1.84   -3.17    2.1    4.3    0.50

                             ---CLUSTER FORMATION---  

 IHEP    ID      IDPDG IST MO1 MO2 DA1 DA2   P-X     P-Y     P-Z  ENERGY    MASS
  178 CLUS          91 183 160 168 187 188   -8.00    0.49  -12.9   16.2    5.53
  179 CLUS          91 183 162 163 189 190    0.69   -0.02    0.0    3.3    3.20
  180 CLUS          91 183 164 170 191 192   -2.59   -3.02    3.0    5.1    0.87
  181 CLUS          91 183 166 172 193 194  -32.05  -41.51   38.9   65.3    2.08
  182 CLUS          91 183 169 161 195 196    0.35    0.19   -0.4    0.9    0.72
  183 CLUS          91 183 171 174 197 198   -2.16   -1.76    2.3    3.8    1.24
  184 CLUS          91 183 173 176 199 200  -13.13  -26.07   14.9   32.8    1.48
  185 CLUS          91 183 175 165 201 202  -10.54  -13.44   12.6   21.2    0.74
  186 CLUS          91 183 177 167 203 204  -63.31 -126.16   71.7  158.4    6.23

                              ---CLUSTER DECAYS---    

 IHEP    ID      IDPDG IST MO1 MO2 DA1 DA2   P-X     P-Y     P-Z  ENERGY    MASS
  187 B*-         -523 197 178 151 251 252   -7.95    0.47  -12.8   16.0    5.32
  188 PI+          211   1 178 151   0   0   -0.05    0.02   -0.1    0.2    0.14
  189 DELTA+      2214 197 179 151 253 254   -0.31   -0.08    0.8    1.5    1.23
  190 DLTABR--   -2224 197 179 151 255 256    1.00    0.06   -0.8    1.8    1.23
  191 PI0          111   1 180 151   0   0   -0.24   -0.47    0.6    0.8    0.13
  192 K+           321   1 180 151   0   0   -2.35   -2.55    2.4    4.3    0.49
  193 RHO0         113 197 181 156 257 258  -14.90  -19.63   18.4   30.8    0.77
  194 B_1-      -10213 197 181 156 259 260  -17.15  -21.88   20.5   34.6    1.23
  195 PI-         -211   1 182 151   0   0    0.25    0.42   -0.4    0.6    0.14
  196 PI+          211   1 182 151   0   0    0.10   -0.23   -0.0    0.3    0.14
  197 KBAR0       -311 197 183 151 261 261   -0.42   -0.60    0.7    1.2    0.50
  198 ETA          221 197 183 151 262 263   -1.74   -1.16    1.6    2.7    0.55
  199 K+           321   1 184 156   0   0   -3.87   -8.16    5.1   10.4    0.49
  200 ETA          221 197 184 156 264 265   -9.26  -17.91    9.8   22.4    0.55
  201 PI-         -211   1 185 151   0   0   -3.56   -4.50    3.8    6.9    0.14
  202 PI+          211   1 185 151   0   0   -6.98   -8.94    8.8   14.3    0.14
  203 K*-         -323 197 186 156 266 267   -7.65  -15.16    8.7   19.1    0.89
  204 B*+          523 197 186 156 268 269  -55.66 -110.99   63.0  139.3    5.32

                           ---STRONG HADRON DECAYS--- 

 IHEP    ID      IDPDG IST MO1 MO2 DA1 DA2   P-X     P-Y     P-Z  ENERGY    MASS
  205 K0           311 198 103  10 270 270    0.62    0.11   95.4   95.4    0.50
  206 RHO+         213 198 103  10 271 272    0.35   -0.48   42.1   42.1    0.77
  207 K_L0         130   1 104  10   0   0   -0.05   -0.29   46.0   46.0    0.50
  208 K_L0         130   1 106  10   0   0    0.54   -0.97  308.3  308.3    0.50
  209 PI0          111   1 107  15   0   0   -0.11    0.14 -102.2  102.2    0.13
  210 GAMMA         22   1 107  15   0   0    0.22   -0.56 -113.1  113.1    0.00
  211 PI+          211   1 108  15   0   0   -0.15    0.09  -44.7   44.7    0.14
  212 PI-         -211   1 108  15   0   0   -0.03   -0.27  -72.8   72.8    0.14
  213 PI0          111   1 108  15   0   0   -0.39   -0.01 -161.8  161.8    0.13
  214 K+           321   1 110  20   0   0    6.84   15.47  -99.9  101.3    0.49
  215 PI-         -211   1 110  20   0   0   12.53   31.39 -205.8  208.6    0.14
  216 PI-         -211   1 115  20   0   0    1.20    3.74  -18.1   18.6    0.14
  217 PI0          111   1 115  20   0   0    1.46    3.77  -15.7   16.2    0.13
  218 PI+          211   1 116  20   0   0    0.17    0.27   -3.0    3.0    0.14
  219 PI0          111   1 116  20   0   0    1.52    1.68   -9.8   10.1    0.13
  220 RHO-        -213 198 118  20 273 274    1.19    0.85   -7.5    7.6    0.77
  221 PI0          111   1 118  20   0   0    0.17    0.61   -1.9    2.0    0.13
  222 PI+          211   1 120  20   0   0    0.85    0.42   -4.2    4.3    0.14
  223 PI0          111   1 120  20   0   0    1.37    1.37   -5.6    6.0    0.13
  224 PI-         -211   1 123  20   0   0    1.25    1.20   -8.7    8.8    0.14
  225 PI0          111   1 123  20   0   0    1.03    0.25   -5.0    5.1    0.13
  226 PI+          211   1 125  30   0   0    8.63    2.09   43.3   44.2    0.14
  227 PI-         -211   1 125  30   0   0    2.84    0.67   16.3   16.6    0.14
  228 GAMMA         22   1 127  30   0   0    0.46    0.07    3.6    3.7    0.00
  229 GAMMA         22   1 127  30   0   0    0.68    0.58    3.7    3.8    0.00
  230 OMEGA        223 198 128  30 275 277    0.47    0.68    3.2    3.4    0.78
  231 PI0          111   1 128  30   0   0   -0.18    0.34    2.4    2.4    0.13
  232 PI+          211   1 129  10   0   0   -0.30   -0.21  422.0  422.0    0.14
  233 PI-         -211   1 129  10   0   0    0.36   -0.19  871.4  871.4    0.14
  234 P           2212   1 130  10   0   0    0.18    0.34 1125.1 1125.1    0.94
  235 PI-         -211   1 130  10   0   0    0.00   -0.16  133.4  133.4    0.14
  236 P           2212   1 132  15   0   0    0.00   -0.15-1480.1 1480.1    0.94
  237 PI+          211   1 132  15   0   0   -0.09    0.22 -297.6  297.6    0.14
  238 K_L0         130   1 133  10   0   0   -0.26    0.11 1529.3 1529.3    0.50
  239 RHO-        -213 198 134  10 278 279    0.41   -0.46 1239.9 1239.9    0.77
  240 PI+          211   1 134  10   0   0    0.04    0.17  118.8  118.8    0.14
  241 K_S0         310 198 137  20 280 281    8.12   19.15 -124.7  126.4    0.50
  242 N           2112   1 139  20   0   0   -0.24    0.07  -14.0   14.1    0.94
  243 PI-         -211   1 139  20   0   0   -0.27   -0.16   -7.5    7.5    0.14
  244 PI+          211   1 141  30   0   0    2.03    0.49   11.2   11.4    0.14
  245 PI-         -211   1 141  30   0   0   11.01    2.19   57.6   58.6    0.14
  246 PI0          111   1 141  30   0   0    4.57    1.11   23.0   23.5    0.13
  247 GAMMA         22   1 144  20   0   0    0.81    2.18  -10.5   10.7    0.00
  248 GAMMA         22   1 144  20   0   0    0.72    1.20   -8.0    8.1    0.00
  249 GAMMA         22   1 146  20   0   0   -0.20    0.46  -22.0   22.0    0.00
  250 GAMMA         22   1 146  20   0   0   -0.07   -0.14   -3.4    3.4    0.00
  251 B-          -521 199 187 151 303 304   -7.87    0.48  -12.7   15.9    5.28
  252 GAMMA         22   1 187 151   0   0   -0.08   -0.01   -0.1    0.1    0.00
  253 P           2212   1 189 151   0   0   -0.03   -0.03    0.5    1.1    0.94
  254 PI0          111   1 189 151   0   0   -0.28   -0.05    0.3    0.4    0.13
  255 PBAR       -2212   1 190 151   0   0    0.54   -0.09   -0.5    1.2    0.94
  256 PI-         -211   1 190 151   0   0    0.45    0.15   -0.3    0.6    0.14
  257 PI+          211   1 193 156   0   0  -11.93  -15.67   14.4   24.4    0.14
  258 PI-         -211   1 193 156   0   0   -2.97   -3.96    4.0    6.4    0.14
  259 OMEGA        223 198 194 156 282 284  -10.28  -13.59   12.8   21.3    0.78
  260 PI-         -211   1 194 156   0   0   -6.87   -8.29    7.7   13.3    0.14
  261 K_S0         310 198 197 151 285 286   -0.42   -0.60    0.7    1.2    0.50
  262 GAMMA         22   1 198 151   0   0    0.00   -0.00   -0.0    0.0    0.00
  263 GAMMA         22   1 198 151   0   0   -1.74   -1.16    1.6    2.7    0.00
  264 GAMMA         22   1 200 156   0   0   -0.41   -0.58    0.3    0.8    0.00
  265 GAMMA         22   1 200 156   0   0   -8.85  -17.33    9.5   21.6    0.00
  266 KBAR0       -311 198 203 156 287 287   -2.63   -5.14    3.0    6.5    0.50
  267 PI-         -211   1 203 156   0   0   -5.02  -10.02    5.6   12.5    0.14
  268 B+           521 198 204 156 288 290  -55.12 -109.86   62.3  137.9    5.28
  269 GAMMA         22   1 204 156   0   0   -0.54   -1.14    0.7    1.4    0.00
  270 K_S0         310 198 205  10 291 292    0.62    0.11   95.4   95.4    0.50
  271 PI+          211   1 206  10   0   0   -0.18   -0.34   17.9   17.9    0.14
  272 PI0          111   1 206  10   0   0    0.53   -0.14   24.2   24.2    0.13
  273 PI-         -211   1 220  20   0   0    0.52    0.56   -5.3    5.3    0.14
  274 PI0          111   1 220  20   0   0    0.67    0.29   -2.2    2.3    0.13
  275 PI+          211   1 230  30   0   0    0.47    0.24    1.6    1.7    0.14
  276 PI-         -211   1 230  30   0   0    0.04    0.02    0.3    0.4    0.14
  277 PI0          111   1 230  30   0   0   -0.04    0.42    1.2    1.3    0.13
  278 PI-         -211   1 239  10   0   0    0.54   -0.08  746.3  746.3    0.14
  279 PI0          111   1 239  10   0   0   -0.12   -0.38  493.6  493.6    0.13
  280 PI+          211   1 241  20   0   0    7.30   17.31 -112.4  113.9    0.14
  281 PI-         -211   1 241  20   0   0    0.82    1.85  -12.3   12.5    0.14
  282 PI+          211   1 259 156   0   0   -3.01   -3.62    3.4    5.8    0.14
  283 PI-         -211   1 259 156   0   0   -5.69   -7.84    7.2   12.1    0.14
  284 PI0          111   1 259 156   0   0   -1.57   -2.12    2.1    3.4    0.13
  285 PI+          211   1 261 151   0   0   -0.06   -0.01    0.3    0.3    0.14
  286 PI-         -211   1 261 151   0   0   -0.36   -0.59    0.5    0.9    0.14
  287 K_S0         310 198 266 156 293 294   -2.63   -5.14    3.0    6.5    0.50
  288 MU+          -13   1 268 156   0   0  -17.47  -38.21   22.5   47.6    0.11
  289 NU_MU         14   1 268 156   0   0   -2.72   -4.93    2.4    6.1    0.00
  290 DH_1BAR0  -20423 198 268 156 295 296  -34.93  -66.72   37.5   84.1    2.42
  291 PI0          111   1 270  10   0   0    0.53    0.10   87.1   87.1    0.13
  292 PI0          111   1 270  10   0   0    0.09    0.01    8.2    8.2    0.13
  293 PI+          211   1 287 156   0   0   -1.46   -2.39    1.5    3.2    0.14
  294 PI-         -211   1 287 156   0   0   -1.17   -2.75    1.6    3.4    0.14
  295 D*BAR0      -423 198 290 156 297 298  -28.68  -54.07   30.3   68.3    2.01
  296 PI0          111   1 290 156   0   0   -6.25  -12.65    7.1   15.8    0.13
  297 DBAR0       -421 198 295 156 299 302  -28.15  -53.13   29.9   67.2    1.86
  298 GAMMA         22   1 295 156   0   0   -0.53   -0.94    0.4    1.2    0.00
  299 K+           321   1 297 156   0   0  -10.27  -19.75   10.9   24.8    0.49
  300 PI-         -211   1 297 156   0   0   -2.18   -3.90    2.3    5.0    0.14
  301 PI0          111   1 297 156   0   0   -0.96   -1.37    0.8    1.9    0.13
  302 PI0          111   1 297 156   0   0  -14.75  -28.11   15.9   35.5    0.13

                           ---HEAVY PARTICLE DECAYS---

 IHEP    ID      IDPDG IST MO1 MO2 DA1 DA2   P-X     P-Y     P-Z  ENERGY    MASS
  303 BQRK           5 155 251 304 305 307   -7.39    0.45  -12.0   14.9    4.96
  304 UBAR          -2 125 251 307 308 307   -0.48    0.03   -0.8    1.0    0.32
  305 CQRK           4 123 303 306 309 306   -3.02    0.92   -4.0    5.3    1.55
  306 CBAR          -4 124 303 305 311 305   -2.65   -0.34   -2.9    4.3    1.55
  307 SQRK           3 124 303 303 313 303   -1.73   -0.13   -5.0    5.3    0.50
  308 UBAR          -2 160 304 317 319 317   -0.48    0.03   -0.8    1.0    0.32

                              ---PARTON SHOWERS---    

 IHEP    ID      IDPDG IST MO1 MO2 DA1 DA2   P-X     P-Y     P-Z  ENERGY    MASS
  309 CQRK          94 143 305 303 310 310   -3.02    0.92   -4.0    5.3    1.55
  310 CQRK           4   2 309 312 315 312   -3.02    0.92   -4.0    5.3    1.55
  311 CBAR          94 144 306 303 312 312   -2.65   -0.34   -2.9    4.3    1.55
  312 CBAR          -4   2 311 315 316 315   -2.65   -0.34   -2.9    4.3    1.55
  313 SQRK          94 144 307 303 314 314   -1.73   -0.13   -5.0    5.3    0.50
  314 SQRK           3   2 313 308 317 308   -1.73   -0.13   -5.0    5.3    0.50

                              ---GLUON SPLITTING---   

 IHEP    ID      IDPDG IST MO1 MO2 DA1 DA2   P-X     P-Y     P-Z  ENERGY    MASS
  315 CQRK           4 158 309 316 318 316   -3.02    0.92   -4.0    5.3    1.55
  316 CBAR          -4 158 311 315 318 315   -2.65   -0.34   -2.9    4.3    1.55
  317 SQRK           3 158 313 308 319 308   -1.73   -0.13   -5.0    5.3    0.50

                             ---CLUSTER FORMATION---  

 IHEP    ID      IDPDG IST MO1 MO2 DA1 DA2   P-X     P-Y     P-Z  ENERGY    MASS
  318 CLUS          91 183 315 316 320 320   -5.39    0.62   -6.0    8.6    2.98
  319 CLUS          91 183 317 308 321 322   -2.48   -0.14   -6.7    7.2    1.11

                              ---CLUSTER DECAYS---    

 IHEP    ID      IDPDG IST MO1 MO2 DA1 DA2   P-X     P-Y     P-Z  ENERGY    MASS
  320 ETA_C        441 199 318 309 326 327   -5.39    0.62   -6.0    8.6    2.98
  321 KBAR0       -311 197 319 313 323 323   -2.19   -0.17   -6.4    6.8    0.50
  322 PI-         -211   1 319 313   0   0   -0.29    0.04   -0.3    0.4    0.14

                           ---STRONG HADRON DECAYS--- 

 IHEP    ID      IDPDG IST MO1 MO2 DA1 DA2   P-X     P-Y     P-Z  ENERGY    MASS
  323 K_S0         310 198 321 313 324 325   -2.19   -0.17   -6.4    6.8    0.50
  324 PI+          211   1 323 313   0   0   -0.66   -0.24   -2.1    2.2    0.14
  325 PI-         -211   1 323 313   0   0   -1.53    0.06   -4.4    4.6    0.14

                           ---HEAVY PARTICLE DECAYS---

 IHEP    ID      IDPDG IST MO1 MO2 DA1 DA2   P-X     P-Y     P-Z  ENERGY    MASS
  326 GLUON         21 123 320 327 328 327   -2.20    1.50   -3.1    4.2    0.75
  327 GLUON         21 124 320 326 330 326   -3.19   -0.88   -2.9    4.4    0.75

                              ---PARTON SHOWERS---    

 IHEP    ID      IDPDG IST MO1 MO2 DA1 DA2   P-X     P-Y     P-Z  ENERGY    MASS
  328 GLUON         94 143 326 320 329 329   -2.20    1.50   -3.1    4.2    0.75
  329 GLUON         21   2 328 331 332 333   -2.20    1.50   -3.1    4.2    0.75
  330 GLUON         94 144 327 320 331 331   -3.19   -0.88   -2.9    4.4    0.75
  331 GLUON         21   2 330 332 334 335   -3.19   -0.88   -2.9    4.4    0.75

                              ---GLUON SPLITTING---   

 IHEP    ID      IDPDG IST MO1 MO2 DA1 DA2   P-X     P-Y     P-Z  ENERGY    MASS
  332 DBAR          -1 158 328 333 337 335   -1.02    0.71   -1.2    1.8    0.32
  333 DQRK           1 158 328 334 336 332   -1.18    0.78   -2.0    2.4    0.32
  334 DBAR          -1 158 330 335 336 333   -1.43   -0.58   -1.2    2.0    0.32
  335 DQRK           1 158 330 332 337 334   -1.76   -0.30   -1.6    2.4    0.32

                             ---CLUSTER FORMATION---  

 IHEP    ID      IDPDG IST MO1 MO2 DA1 DA2   P-X     P-Y     P-Z  ENERGY    MASS
  336 CLUS          91 183 333 334 338 339   -2.61    0.21   -3.2    4.4    1.63
  337 CLUS          91 183 335 332 340 341   -2.78    0.41   -2.8    4.2    1.31

                              ---CLUSTER DECAYS---    

 IHEP    ID      IDPDG IST MO1 MO2 DA1 DA2   P-X     P-Y     P-Z  ENERGY    MASS
  338 K*0          313 197 336 328 342 343   -0.91    0.29   -1.4    1.9    0.90
  339 KBAR0       -311 197 336 328 344 344   -1.70   -0.09   -1.8    2.5    0.50
  340 PI-         -211   1 337 330   0   0   -0.56    0.38   -1.4    1.5    0.14
  341 PI+          211   1 337 330   0   0   -2.22    0.03   -1.5    2.7    0.14

                           ---STRONG HADRON DECAYS--- 

 IHEP    ID      IDPDG IST MO1 MO2 DA1 DA2   P-X     P-Y     P-Z  ENERGY    MASS
  342 K+           321   1 338 328   0   0   -0.34   -0.09   -0.7    0.9    0.49
  343 PI-         -211   1 338 328   0   0   -0.57    0.39   -0.7    1.0    0.14
  344 K_L0         130   1 339 328   0   0   -1.70   -0.09   -1.8    2.5    0.50

 HWWARN CALLED FROM SUBPROGRAM HWDFOR: CODE = 101
 EVENT    3208:   SEEDS = 1152472599 & 2042714164  WEIGHT = 0.5903E-03
 EVENT KILLED.   EXECUTION CONTINUES

 HWWARN CALLED FROM SUBPROGRAM HWBGEN: CODE = 100
 EVENT    3724:   SEEDS =  380875219 & 1652718761  WEIGHT = 0.5903E-03
 EVENT KILLED.   EXECUTION CONTINUES

 HWWARN CALLED FROM SUBPROGRAM HWDFOR: CODE = 101
 EVENT    6991:   SEEDS =  790745651 & 1842902463  WEIGHT =-0.5903E-03
 EVENT KILLED.   EXECUTION CONTINUES

 HWWARN CALLED FROM SUBPROGRAM HWSBRN: CODE = 102
 EVENT    7419:   SEEDS =  433482197 & 1709764592  WEIGHT = 0.5903E-03
 EVENT KILLED.   EXECUTION CONTINUES

 HWWARN CALLED FROM SUBPROGRAM HWBTIM: CODE = 101
 EVENT    9732:   SEEDS =  671935996 & 1501308248  WEIGHT = 0.5903E-03
 EVENT KILLED.   EXECUTION CONTINUES

          OUTPUT ON LES HOUCHES EVENTS


      PROC CODE  XSECT(pb)        XERR(pb)      Max wgt(nb) No. of events


          OUTPUT ON ELEMENTARY PROCESS

          N.B. NEGATIVE WEIGHTS ALLOWED

          NUMBER OF EVENTS   =        9995
          NEGATIVE  EVENTS   =        2653
          NUMBER OF WEIGHTS  =       10000
          NEGATIVE  WEIGHTS  =        2654
          MEAN VALUE OF WGT  =  2.7695E-04
          RMS SPREAD IN WGT  =  5.2126E-04
          MEAN ABS WEIGHT    =  5.9026E-04
          ACTUAL MAX ABS WGT =  1.0000E+00
          ASSUMED MAXABS WGT =  2.7695E-04

          PROCESS CODE IPROC =      -18000
          CROSS SECTION (PB) =  0.2770    
          ERROR IN C-S  (PB) =  5.2126E-03
          EFFICIENCY PERCENT =   100.0    
 # of events processed=        9995
