 Enter filename for events
 Enter maximum number of events to generate
 MUST coincide with the number of events on tape
 Enter 0 to use Herwig default PDFs
       1 to use PDFs from library
 Enter colliding particles (PART1, PART2)
 Enter beam momenta (PBEAM1, PBEAM2)


          HERWIG 6.521  11th Mar. 2013

          Please reference:  G. Marchesini, B.R. Webber,
          G.Abbiendi, I.G.Knowles, M.H.Seymour & L.Stanco
          Computer Physics Communications 67 (1992) 465
                             and
          G.Corcella, I.G.Knowles, G.Marchesini, S.Moretti,
          K.Odagiri, P.Richardson, M.H.Seymour & B.R.Webber,
          JHEP 0101 (2001) 010
 Enter .TRUE. for underlying event, .FALSE. otherwise

 Underlying event WILL NOT be generated

 Enter Lambda_QCD, <0 for Herwig default
 Enter Z mass, width
 Enter W mass, width
 Enter top mass, width
 Enter Higgs (SM) boson mass, width
 Enter quark (d,u,s,c,b) and gluon masses
 Enter lepton (e,mu,tau) masses
 Enter number of events to print
 Enter accepted error fraction
 Is it single-top (.TRUE. or .FALSE)?
 Is it b-bbar (.TRUE. or .FALSE)?
 Enter the two random seeds (0 0 for default)

          INPUT CONDITIONS FOR THIS RUN

          BEAM 1 (P       ) MOM. =   6500.00
          BEAM 2 (P       ) MOM. =   6500.00
          PROCESS CODE (IPROC)   =  -18000
          NUMBER OF FLAVOURS     =    6
          STRUCTURE FUNCTION SET =    8
          AZIM SPIN CORRELATIONS =    T
          AZIM SOFT CORRELATIONS =    T
          QCD LAMBDA (GEV)       =    0.1800
          DOWN     QUARK  MASS   =    0.3200
          UP       QUARK  MASS   =    0.3200
          STRANGE  QUARK  MASS   =    0.5000
          CHARMED  QUARK  MASS   =    1.5500
          BOTTOM   QUARK  MASS   =    4.9500
          TOP      QUARK  MASS   =  173.0000
          GLUON EFFECTIVE MASS   =    0.7500
          EXTRA SHOWER CUTOFF (Q)=    0.4800
          EXTRA SHOWER CUTOFF (G)=    0.1000
          PHOTON SHOWER CUTOFF   =    0.4000
          CLUSTER MASS PARAMETER =    3.3500
          SPACELIKE EVOLN CUTOFF =    2.5000
          INTRINSIC P-TRAN (RMS) =    0.0000
          DECAY SPIN CORRELATIONS=    T
          SUSY THREE BODY ME     =    T
          SUSY FOUR  BODY ME     =    F

          NO EVENTS WILL BE WRITTEN TO DISK

          B_d: Delt-M/Gam =0.7000 Delt-Gam/2*Gam =0.0000
          B_s: Delt-M/Gam = 10.00 Delt-Gam/2*Gam =0.2000

          PDFLIB NOT USED FOR BEAM 1
          PDFLIB NOT USED FOR BEAM 2


          Checking consistency of particle properties


          Checking consistency of decay tables


          WRITING SUDAKOV TABLE ON UNIT  77

          WRITING MATRIX ELEMENT TABLE ON UNIT  88

          CHECKING SUSY DECAY MATRIX ELEMENTS
 Do you want a stable Pi0 (.TRUE. or .FALSE)?
 Do you want a stable W+ (.TRUE. or .FALSE)?
 Do you want a stable W- (.TRUE. or .FALSE)?
 Do you want a stable Z0 (.TRUE. or .FALSE)?
 Do you want a stable Tau+ (.TRUE. or .FALSE)?
 Do you want a stable Tau- (.TRUE. or .FALSE)?
 Do you want a stable Mu+ (.TRUE. or .FALSE)?
 Do you want a stable Mu- (.TRUE. or .FALSE)?
 Do you want a stable Higgs (.TRUE. or .FALSE)?

          PARTICLE TYPE  21=PI0      SET STABLE
 How many decay modes do you want to set?
 How are the events normalized ("average" or "sum")?
 stdhep initialized

          SUBROUTINE TIMEL CALLED BUT NOT LINKED.
          DUMMY TIMEL WILL BE USED. DELETE DUMMY
          AND LINK CERNLIB FOR CPU TIME REMAINING.

 HWWARN CALLED FROM SUBPROGRAM HWSMRS: CODE =   5
 EVENT       1:   SEEDS = 1973774260 & 1099242306  WEIGHT =-0.6035E-03
 EVENT SURVIVES. EXECUTION CONTINUES
 WARNING: MRST98 CALLED WITH Q OUTSIDE ALLOWED RANGE!
 Q VALUE=1.430E+04, MINIMUM=1.118E+00, MAXIMUM=3.162E+03
 NO FURTHER WARNINGS WILL BE ISSUED



 EVENT       1: 6500.00 GEV/C P        ON  6500.00 GEV/C P        PROCESS:-18000
 SEEDS:  1973774260 &  1099242306   STATUS:  100 ERROR:   0  WEIGHT: -6.0354E-04


                               ---INITIAL STATE---    

 IHEP    ID      IDPDG IST MO1 MO2 DA1 DA2   P-X     P-Y     P-Z  ENERGY    MASS
    1 P           2212 101   0   0   0   0    0.00    0.00 6500.0 6500.0    0.94
    2 P           2212 102   0   0   0   0    0.00    0.00-6500.0 6500.0    0.94
    3 CMF            0 103   1   2   0   0    0.00    0.00    0.013000.013000.00

                              ---HARD SUBPROCESS---   

 IHEP    ID      IDPDG IST MO1 MO2 DA1 DA2   P-X     P-Y     P-Z  ENERGY    MASS
    4 DQRK           1 121   6   8  10   9    0.00    0.00 1390.6 1390.6    0.32
    5 UQRK           2 122   6   9  12   8    0.00    0.00 -548.2  548.2    0.32
    6 HARD           0 120   4   5   7   9   -6.77    1.68  842.4 1938.8 1746.24
    7 HIGGS         25 123   6   7  21   7  312.39  122.65   55.1  362.3  125.00
    8 DQRK           1 124   6   5  22   4 -338.24 -129.98 -311.2  477.6    0.32
    9 UQRK           2 124   6   4  24   5   25.86    7.33 1098.5 1098.8    0.32

                              ---PARTON SHOWERS---    

 IHEP    ID      IDPDG IST MO1 MO2 DA1 DA2   P-X     P-Y     P-Z  ENERGY    MASS
   10 DQRK          94 141   4   6  11  11    0.00    0.00 1392.5 1392.5    0.40
   11 UU          2203   2  10  23  31  30    0.00    0.00 5107.5 5107.5    0.32
   12 UQRK          94 142   5   6  14  20   -6.77    1.68 -550.0  546.4  -63.50
   13 CONE           0 100   5   8   0   0   -0.93   -0.36   -0.6    1.2    0.00
   14 GLUON         21   2  12  15  32  33    1.67   -0.91   -0.5    2.1    0.75
   15 GLUON         21   2  12  16  34  35    4.20   -1.80   -5.0    6.8    0.75
   16 GLUON         21   2  12  17  36  37    6.45   -2.31 -149.9  150.1    0.75
   17 GLUON         21   2  12  18  38  39   -0.02    1.22 -112.3  112.3    0.75
   18 UD          2101   2  12  19  40  39    0.00    0.00-4150.5 4150.5    0.31
   19 UQRK           2   2  12  20  41  40   -1.43    0.49-1394.3 1394.3    0.32
   20 UBAR          -2   2  12  26  42  41   -4.11    1.63 -137.5  137.6    0.32
   21 HIGGS         25 195   7   6 181 182  311.11  122.96   55.1  361.4  125.00
   22 DQRK          94 144   8   6  23  23 -339.90 -129.57 -311.2  478.7    0.32
   23 DQRK           1   2  22  32  43  31 -339.90 -129.57 -311.2  478.7    0.32
   24 UQRK          94 144   9   6  26  30   22.02    8.29 1098.5 1098.8    8.17
   25 CONE           0 100   9   4   0   0   -0.40   -0.15   26.7   26.7    0.00
   26 UQRK           2   2  24  27  44  42    7.14    3.74  346.6  346.7    0.32
   27 GLUON         21   2  24  28  45  46   10.61    3.89  502.6  502.7    0.75
   28 GLUON         21   2  24  29  47  48    2.03   -0.58   92.2   92.3    0.75
   29 GLUON         21   2  24  30  49  50    1.47    0.11   93.7   93.7    0.75
   30 GLUON         21   2  24  31  51  52    0.77    1.12   63.3   63.4    0.75

                              ---GLUON SPLITTING---   

 IHEP    ID      IDPDG IST MO1 MO2 DA1 DA2   P-X     P-Y     P-Z  ENERGY    MASS
   31 UU          2203 161  10  43 103  56    0.00    0.00 4237.4 4237.4    0.64
   32 UBAR          -2 158  12  33 120  90    0.29   -0.20   -0.1    0.5    0.32
   33 UQRK           2 158  12  34  91  32    0.55   -0.34   -0.4    0.8    0.32
   34 UBAR          -2 158  12  35  91  33    1.83   -0.69   -2.4    3.1    0.32
   35 UQRK           2 158  12  61  92  34    2.06   -0.97   -2.3    3.2    0.32
   36 UBAR          -2 158  12  37 104  58    2.74   -1.00  -64.5   64.6    0.32
   37 UQRK           2 158  12  38  93  36    1.70   -0.58  -38.0   38.1    0.32
   38 DBAR          -1 158  12  39  93  37   -0.02    0.48  -62.0   62.0    0.32
   39 DQRK           1 158  12  53  94  38   -0.00    0.45  -39.0   39.0    0.32
   40 UD          2101 162  12  41 112  74   -0.00    0.01-3220.3 3220.3    0.64
   41 UQRK           2 158  12  67  95  40   -0.76    0.26 -744.7  744.7    0.32
   42 UBAR          -2 158  12  44 107  64   -1.12    0.45  -40.1   40.1    0.32
   43 DQRK           1 158  22  71  96  31 -178.69  -68.11 -163.6  251.7    0.32
   44 UQRK           2 158  24  45  97  42    7.14    3.74  346.6  346.7    0.32
   45 DBAR          -1 158  24  46  97  44    2.65    1.04  128.1  128.1    0.32
   46 DQRK           1 158  24  47  98  45    7.95    2.86  374.5  374.6    0.32
   47 UBAR          -2 158  24  48  98  46    0.98   -0.15   49.5   49.5    0.32
   48 UQRK           2 158  24  49  99  47    1.05   -0.43   42.8   42.8    0.32
   49 UBAR          -2 158  24  50  99  48    0.84   -0.06   43.8   43.8    0.32
   50 UQRK           2 158  24  51 100  49    0.62    0.17   50.0   50.0    0.32
   51 UBAR          -2 158  24  52 100  50    0.33    0.38   18.5   18.5    0.32
   52 UQRK           2 158  24  55 101  51    0.43    0.72   43.8   43.8    0.32
   53 UBAR          -2 159  12  54  94  39   -0.00    0.01 -648.1  648.1    0.32
   54 UQRK           2 159  12  73 102  53   -0.00    0.13  -52.8   52.8    0.32
   55 UBAR          -2 159  10  56 101  52    0.01    0.01  303.0  303.0    0.32
   56 UQRK           2 159  24  31 103  55    0.00    0.01  568.2  568.2    0.32
   57 SBAR          -3 159  12  58 105  60    1.21   -0.44  -28.2   28.3    0.50
   58 SQRK           3 159  12  36 104  57    0.24   -0.10   -3.9    3.9    0.50
   59 UBAR          -2 159  12  60 106  62    0.42   -0.16   -9.6    9.7    0.32
   60 UQRK           2 159  12  57 105  59    0.15   -0.06   -2.0    2.0    0.32
   61 UBAR          -2 159  12  62  92  35    0.15   -0.06   -1.6    1.6    0.32
   62 UQRK           2 159  12  59 106  61    0.15   -0.06   -2.3    2.4    0.32
   63 DBAR          -1 159  12  64 113  76   -2.27    0.90  -76.8   76.9    0.32
   64 DQRK           1 159  12  42 107  63   -0.16    0.05 -130.0  130.0    0.32
   65 DBAR          -1 159  12  66 109  68   -0.35    0.14  -20.6   20.6    0.32
   66 DQRK           1 159  12  75 108  65   -0.19    0.06 -164.2  164.2    0.32
   67 SBAR          -3 159  12  68  95  41   -0.18    0.07 -105.5  105.5    0.50
   68 SQRK           3 159  12  65 109  67   -0.22    0.08 -175.2  175.2    0.50
   69 UBAR          -2 159  12  70 119  88   -0.28   -0.16   -0.3    0.6    0.32
   70 UQRK           2 159  22  81 110  69  -12.33   -4.70  -11.3   17.4    0.32
   71 SBAR          -3 159  12  72  96  43  -17.14   -6.54  -15.7   24.1    0.50
   72 SQRK           3 159  22  83 111  71  -70.81  -26.99  -64.8   99.7    0.50
   73 UBAR          -2 159  12  74 102  54   -0.00    0.03 -179.2  179.2    0.32
   74 UQRK           2 159  12  40 112  73   -0.00    0.11  -61.4   61.4    0.32
   75 DBAR          -1 159  12  76 108  66   -0.12    0.04  -48.1   48.1    0.32
   76 DQRK           1 159  12  63 113  75   -0.17    0.06  -26.7   26.7    0.32
   77 DBAR          -1 159  12  78 115  80   -0.13   -0.14   -0.2    0.4    0.32
   78 DQRK           1 159  22  85 114  77   -4.44   -1.70   -4.1    6.3    0.32
   79 DBAR          -1 159  12  80 116  82   -0.06   -0.13   -0.2    0.4    0.32
   80 DQRK           1 159  22  77 115  79   -2.32   -0.89   -2.1    3.3    0.32
   81 UBAR          -2 159  12  82 110  70   -8.98   -3.43   -8.2   12.7    0.32
   82 UQRK           2 159  22  79 116  81   -3.15   -1.21   -2.9    4.5    0.32
   83 SBAR          -3 159  12  84 111  72   -6.36   -2.43   -5.8    9.0    0.50
   84 SQRK           3 159  22  87 117  83  -24.70   -9.42  -22.6   34.8    0.50
   85 UBAR          -2 159  12  86 114  78   -0.05   -0.13   -0.2    0.4    0.32
   86 UQRK           2 159  22  89 118  85   -3.96   -1.51   -3.6    5.6    0.32
   87 DBAR          -1 159  12  88 117  84   -1.16   -0.46   -1.1    1.7    0.32
   88 DQRK           1 159  22  69 119  87   -3.88   -1.48   -3.6    5.5    0.32
   89 UBAR          -2 159  12  90 118  86    0.20   -0.17   -0.1    0.4    0.32
   90 UQRK           2 159  22  32 120  89   -0.84   -0.34   -0.8    1.2    0.32

                             ---CLUSTER FORMATION---  

 IHEP    ID      IDPDG IST MO1 MO2 DA1 DA2   P-X     P-Y     P-Z  ENERGY    MASS
   91 CLUS          91 183  33  34 121 122    2.38   -1.03   -2.7    3.9    1.01
   92 CLUS          91 183  35  61 123 124    2.21   -1.03   -3.9    4.9    1.67
   93 CLUS          91 183  37  38 125 126    1.68   -0.10 -100.0  100.0    2.54
   94 CLUS          91 183  39  53 127 128   -0.00    0.46 -687.1  687.1    2.30
   95 CLUS          91 183  41  67 129 130   -0.94    0.33 -850.2  850.2    1.47
   96 CLUS          91 183  43  71 131 132 -195.83  -74.65 -179.3  275.8    1.72
   97 CLUS          91 183  44  45 133 134    9.80    4.78  474.7  474.9    0.92
   98 CLUS          91 183  46  47 135 136    8.93    2.71  423.9  424.0    1.77
   99 CLUS          91 183  48  49 137 138    1.89   -0.49   86.5   86.6    0.77
  100 CLUS          91 183  50  51 139 140    0.95    0.55   68.4   68.4    0.91
  101 CLUS          91 183  52  55 141 142    0.44    0.73  346.9  346.9    2.39
  102 CLUS          91 183  54  73 143 144   -0.00    0.16 -232.0  232.0    0.79
  103 CLUS          91 184  56  31 145 146    0.01    0.01 4805.6 4805.6    1.15
  104 CLUS          91 183  58  36 147 148    2.98   -1.10  -68.4   68.5    2.15
  105 CLUS          91 183  60  57 149 150    1.35   -0.50  -30.2   30.3    1.37
  106 CLUS          91 183  62  59 151 152    0.57   -0.22  -12.0   12.0    0.81
  107 CLUS          91 183  64  42 153 154   -1.28    0.50 -170.1  170.1    2.21
  108 CLUS          91 183  66  75 155 156   -0.30    0.11 -212.3  212.3    0.77
  109 CLUS          91 183  68  65 157 158   -0.58    0.22 -195.8  195.8    1.52
  110 CLUS          91 183  70  81 159 160  -21.32   -8.13  -19.5   30.0    0.65
  111 CLUS          91 183  72  83 161 162  -77.17  -29.42  -70.7  108.7    1.82
  112 CLUS          91 185  74  40 163 164   -0.00    0.11-3281.7 3281.7    2.55
  113 CLUS          91 183  76  63 165 166   -2.43    0.97 -103.5  103.6    1.35
  114 CLUS          91 183  78  85 167 168   -4.49   -1.83   -4.3    6.7    1.66
  115 CLUS          91 183  80  77 169 170   -2.45   -1.03   -2.4    3.7    1.12
  116 CLUS          91 183  82  79 171 172   -3.21   -1.34   -3.1    4.8    1.41
  117 CLUS          91 183  84  87 173 174  -25.85   -9.87  -23.7   36.5    1.59
  118 CLUS          91 183  86  89 175 176   -3.76   -1.68   -3.7    6.0    2.29
  119 CLUS          91 183  88  69 177 178   -4.16   -1.65   -3.9    6.0    1.16
  120 CLUS          91 183  90  32 179 180   -0.55   -0.54   -0.9    1.7    1.26

                              ---CLUSTER DECAYS---    

 IHEP    ID      IDPDG IST MO1 MO2 DA1 DA2   P-X     P-Y     P-Z  ENERGY    MASS
  121 PI0          111   1  91  12   0   0    0.62   -0.32   -0.5    0.9    0.13
  122 RHO0         113 197  91  12 239 240    1.76   -0.71   -2.3    3.0    0.77
  123 PI+          211   1  92  12   0   0    0.29   -0.44   -0.9    1.0    0.14
  124 A_2-        -215 197  92  12 241 242    1.92   -0.58   -3.0    3.9    1.32
  125 P           2212   1  93  12   0   0    1.32    0.37  -49.4   49.4    0.94
  126 DELTABR0   -2114 197  93  12 243 244    0.36   -0.46  -50.6   50.6    1.23
  127 HL_10      10223 197  94  12 245 246   -0.18    0.25 -563.5  563.5    1.17
  128 RHO-        -213 197  94  12 247 248    0.18    0.21 -123.6  123.6    0.77
  129 PI0          111   1  95  12   0   0   -0.77    0.26 -751.6  751.6    0.13
  130 K+           321   1  95  12   0   0   -0.18    0.06  -98.5   98.5    0.49
  131 PI-         -211   1  96  22   0   0 -142.90  -54.47 -130.8  201.3    0.14
  132 K*+          323 197  96  22 249 250  -52.93  -20.18  -48.5   74.5    0.89
  133 PI0          111   1  97  24   0   0    7.88    4.18  382.5  382.6    0.13
  134 PI+          211   1  97  24   0   0    1.92    0.59   92.2   92.2    0.14
  135 ETA          221 197  98  24 251 253    2.28    1.20  114.2  114.2    0.55
  136 RHO-        -213 197  98  24 254 255    6.65    1.50  309.7  309.8    0.77
  137 PI+          211   1  99  24   0   0    0.96   -0.07   55.1   55.1    0.14
  138 PI-         -211   1  99  24   0   0    0.93   -0.42   31.5   31.5    0.14
  139 PI0          111   1 100  24   0   0    0.70    0.48   26.6   26.7    0.13
  140 PI0          111   1 100  24   0   0    0.25    0.08   41.8   41.8    0.13
  141 B_1+       10213 197 101  24 256 257   -0.09    0.91  178.0  178.0    1.23
  142 RHO-        -213 197 101  24 258 259    0.53   -0.18  168.9  168.9    0.77
  143 PI0          111   1 102  12   0   0    0.25   -0.20  -86.7   86.7    0.13
  144 PI0          111   1 102  12   0   0   -0.25    0.36 -145.3  145.3    0.13
  145 PI+          211   1 103  24   0   0    0.11    0.08 1076.3 1076.3    0.14
  146 P           2212   1 103  24   0   0   -0.11   -0.07 3729.3 3729.3    0.94
  147 KD_3-       -327 197 104  12 260 261    2.19   -0.67  -48.2   48.3    1.77
  148 PI0          111   1 104  12   0   0    0.79   -0.42  -20.2   20.2    0.13
  149 PI+          211   1 105  12   0   0    0.86   -0.38   -8.3    8.4    0.14
  150 K0           311 197 105  12 262 262    0.50   -0.12  -21.9   21.9    0.50
  151 PI0          111   1 106  12   0   0    0.10    0.21   -6.4    6.4    0.13
  152 PI0          111   1 106  12   0   0    0.47   -0.42   -5.5    5.6    0.13
  153 DELTA0      2114 197 107  12 263 264   -0.62    0.24 -105.3  105.3    1.23
  154 PBAR       -2212   1 107  12   0   0   -0.65    0.26  -64.8   64.8    0.94
  155 PI-         -211   1 108  12   0   0   -0.22   -0.19 -169.6  169.6    0.14
  156 PI+          211   1 108  12   0   0   -0.08    0.30  -42.7   42.7    0.14
  157 K-          -321   1 109  12   0   0    0.09    0.11 -102.0  102.0    0.49
  158 RHO+         213 197 109  12 265 266   -0.66    0.11  -93.8   93.8    0.77
  159 PI+          211   1 110  22   0   0   -7.08   -2.49   -6.7   10.0    0.14
  160 PI-         -211   1 110  22   0   0  -14.24   -5.64  -12.9   20.0    0.14
  161 K*-         -323 197 111  22 267 268  -37.48  -14.14  -34.4   52.8    0.89
  162 K*+          323 197 111  22 269 270  -39.69  -15.28  -36.2   55.9    0.89
  163 F_2          225 197 112  12 271 272    0.01   -0.37-1227.9 1227.9    1.27
  164 P           2212   1 112  12   0   0   -0.01    0.49-2053.8 2053.8    0.94
  165 RHO-        -213 197 113  12 273 274   -1.48    0.32  -73.3   73.4    0.77
  166 PI+          211   1 113  12   0   0   -0.95    0.64  -30.2   30.2    0.14
  167 ETA          221 197 114  22 275 276   -1.09   -0.35   -0.6    1.4    0.55
  168 RHO-        -213 197 114  22 277 278   -3.40   -1.48   -3.6    5.2    0.77
  169 PI-         -211   1 115  22   0   0   -1.35   -1.13   -1.3    2.2    0.14
  170 PI+          211   1 115  22   0   0   -1.10    0.10   -1.0    1.5    0.14
  171 PI+          211   1 116  22   0   0   -0.63   -0.19   -0.6    0.9    0.14
  172 A_10       20113 197 116  22 279 280   -2.57   -1.14   -2.5    4.0    1.23
  173 K-          -321   1 117  22   0   0  -12.18   -5.36  -11.7   17.7    0.49
  174 PI+          211   1 117  22   0   0  -13.67   -4.51  -12.0   18.7    0.14
  175 K*+          323 197 118  22 281 282   -3.19   -0.92   -3.5    4.9    0.89
  176 K-          -321   1 118  22   0   0   -0.57   -0.77   -0.2    1.1    0.49
  177 PI-         -211   1 119  22   0   0   -1.55   -0.74   -1.8    2.5    0.14
  178 RHO0         113 197 119  22 283 284   -2.61   -0.91   -2.1    3.5    0.77
  179 RHO+         213 197 120  22 285 286   -0.43   -0.36   -1.1    1.4    0.77
  180 PI-         -211   1 120  22   0   0   -0.11   -0.18    0.2    0.3    0.14

                            ---H/W/Z BOSON DECAYS---  

 IHEP    ID      IDPDG IST MO1 MO2 DA1 DA2   P-X     P-Y     P-Z  ENERGY    MASS
  181 CQRK           4 123  21 182 183 182  318.29  101.69   47.0  337.4    1.55
  182 CBAR          -4 124  21 181 188 181   -7.17   21.28    8.1   23.9    1.55

                              ---PARTON SHOWERS---    

 IHEP    ID      IDPDG IST MO1 MO2 DA1 DA2   P-X     P-Y     P-Z  ENERGY    MASS
  183 CQRK          94 143 181  21 185 187  312.29   99.85   46.2  331.2    7.39
  184 CONE           0 100 181 182   0   0    1.31    1.41    0.6    2.0    0.00
  185 CQRK           4   2 183 186 194 193  220.94   68.13   33.4  233.6    1.55
  186 GLUON         21   2 183 187 195 196   75.94   25.91   10.3   80.9    0.75
  187 GLUON         21   2 183 190 197 198   15.40    5.81    2.5   16.7    0.75
  188 CBAR          94 144 182  21 190 193   -1.17   23.11    9.0   30.2   17.17
  189 CONE           0 100 182 181   0   0    1.07   -1.30   -0.5    1.7    0.00
  190 GLUON         21   2 188 191 199 200   -1.06   -1.01   -0.4    1.7    0.75
  191 GLUON         21   2 188 192 201 202   -1.21    0.94    0.1    1.7    0.75
  192 GLUON         21   2 188 193 203 204   -1.68    0.57   -0.4    2.0    0.75
  193 CBAR          -4   2 188 194 205 204    2.78   22.61    9.7   24.8    1.55

                              ---GLUON SPLITTING---   

 IHEP    ID      IDPDG IST MO1 MO2 DA1 DA2   P-X     P-Y     P-Z  ENERGY    MASS
  194 CQRK           4 158 183 195 212 205  220.94   68.13   33.4  233.6    1.55
  195 DBAR          -1 158 183 196 212 194   28.74    9.93    3.8   30.6    0.32
  196 DQRK           1 158 183 197 213 195   47.20   15.98    6.5   50.3    0.32
  197 UBAR          -2 158 183 198 213 196    9.25    3.33    1.6   10.0    0.32
  198 UQRK           2 158 183 206 214 197    3.13    1.26    0.5    3.4    0.32
  199 DBAR          -1 158 188 200 218 207   -0.42   -0.24   -0.1    0.6    0.32
  200 DQRK           1 158 188 201 215 199   -0.56   -0.73   -0.4    1.0    0.32
  201 UBAR          -2 158 188 202 215 200   -0.70    0.37    0.2    0.9    0.32
  202 UQRK           2 158 188 203 216 201   -0.51    0.57   -0.1    0.8    0.32
  203 UBAR          -2 158 188 204 216 202   -0.47    0.07   -0.2    0.6    0.32
  204 UQRK           2 158 188 208 217 203   -0.75    0.36   -0.1    0.9    0.32
  205 CBAR          -4 158 188 194 220 211    1.98   16.39    7.0   18.0    1.55
  206 SBAR          -3 159 188 207 214 198    1.44    0.58    0.2    1.6    0.50
  207 SQRK           3 159 183 199 218 206    1.50    0.60    0.2    1.7    0.50
  208 SBAR          -3 159 188 209 217 204    0.48    4.08    1.7    4.5    0.50
  209 SQRK           3 159 188 210 219 208   -0.24    0.53    0.1    0.8    0.50
  210 UBAR          -2 159 188 211 219 209    0.04    0.84    0.3    1.0    0.32
  211 UQRK           2 159 188 205 220 210    0.06    0.93    0.4    1.1    0.32

                             ---CLUSTER FORMATION---  

 IHEP    ID      IDPDG IST MO1 MO2 DA1 DA2   P-X     P-Y     P-Z  ENERGY    MASS
  212 CLUS          91 183 194 195 221 222  249.68   78.06   37.2  264.3    3.80
  213 CLUS          91 183 196 197 223 224   56.46   19.31    8.1   60.2    1.16
  214 CLUS          91 183 198 206 225 226    4.57    1.84    0.7    5.1    0.97
  215 CLUS          91 183 200 201 227 228   -1.26   -0.36   -0.2    1.9    1.40
  216 CLUS          91 183 202 203 229 230   -0.98    0.63   -0.3    1.4    0.79
  217 CLUS          91 183 204 208 231 232   -0.27    4.43    1.6    5.4    2.58
  218 CLUS          91 183 207 199 233 234    1.08    0.36    0.2    2.3    1.98
  219 CLUS          91 183 209 210 235 236   -0.20    1.36    0.5    1.7    0.95
  220 CLUS          91 183 211 205 237 238    2.03   17.32    7.4   19.1    2.12

                              ---CLUSTER DECAYS---    

 IHEP    ID      IDPDG IST MO1 MO2 DA1 DA2   P-X     P-Y     P-Z  ENERGY    MASS
  221 SGM*_C++    4224 197 212 183 287 288  207.01   64.28   31.1  219.0    2.52
  222 PBAR       -2212   1 212 183   0   0   42.67   13.78    6.1   45.3    0.94
  223 RHO-        -213 197 213 183 289 290   34.72   12.16    4.9   37.1    0.77
  224 PI0          111   1 213 183   0   0   21.74    7.15    3.2   23.1    0.13
  225 PI0          111   1 214 183   0   0    0.16    0.20    0.0    0.3    0.13
  226 K+           321   1 214 183   0   0    4.41    1.64    0.6    4.8    0.49
  227 K0           311 197 215 188 291 291   -0.48    0.31    0.1    0.8    0.50
  228 K-          -321   1 215 188   0   0   -0.78   -0.67   -0.2    1.2    0.49
  229 PI0          111   1 216 188   0   0   -0.46    0.70   -0.0    0.9    0.13
  230 PI0          111   1 216 188   0   0   -0.51   -0.07   -0.2    0.6    0.13
  231 DELTA++     2224 197 217 188 292 293   -0.06    2.83    0.6    3.2    1.23
  232 SIGMABR-   -3222 197 217 188 294 295   -0.21    1.61    1.0    2.2    1.19
  233 K*-         -323 197 218 183 296 297    1.06    0.35    0.4    1.5    0.89
  234 RHO+         213 197 218 183 298 299    0.02    0.01   -0.2    0.8    0.77
  235 KBAR0       -311 197 219 188 300 300   -0.22    1.12    0.6    1.4    0.50
  236 PI-         -211   1 219 188   0   0    0.01    0.24   -0.2    0.3    0.14
  237 PI+          211   1 220 188   0   0    0.02    0.38    0.2    0.4    0.14
  238 D-          -411 197 220 188 301 303    2.01   16.94    7.2   18.6    1.87

                           ---STRONG HADRON DECAYS--- 

 IHEP    ID      IDPDG IST MO1 MO2 DA1 DA2   P-X     P-Y     P-Z  ENERGY    MASS
  239 PI+          211   1 122  12   0   0    0.11   -0.26   -0.5    0.6    0.14
  240 PI-         -211   1 122  12   0   0    1.65   -0.45   -1.7    2.5    0.14
  241 RHO-        -213 198 124  12 304 305    1.09   -0.74   -1.7    2.3    0.77
  242 PI0          111   1 124  12   0   0    0.83    0.16   -1.3    1.6    0.13
  243 NBAR       -2112   1 126  12   0   0    0.23   -0.39  -31.4   31.4    0.94
  244 PI0          111   1 126  12   0   0    0.13   -0.07  -19.2   19.2    0.13
  245 RHO-        -213 198 127  12 306 307    0.11    0.20 -479.5  479.5    0.77
  246 PI+          211   1 127  12   0   0   -0.29    0.05  -84.1   84.1    0.14
  247 PI-         -211   1 128  12   0   0    0.34    0.12 -110.9  110.9    0.14
  248 PI0          111   1 128  12   0   0   -0.16    0.09  -12.7   12.7    0.13
  249 K+           321   1 132  22   0   0  -18.42   -7.06  -16.7   25.9    0.49
  250 PI0          111   1 132  22   0   0  -34.50  -13.11  -31.7   48.7    0.13
  251 PI+          211   1 135  24   0   0    0.39    0.32   22.3   22.3    0.14
  252 PI-         -211   1 135  24   0   0    0.53    0.21   24.5   24.5    0.14
  253 PI0          111   1 135  24   0   0    1.35    0.67   67.4   67.4    0.13
  254 PI-         -211   1 136  24   0   0    0.81    0.40   38.9   38.9    0.14
  255 PI0          111   1 136  24   0   0    5.84    1.10  270.9  270.9    0.13
  256 OMEGA        223 198 141  24 308 310   -0.04    1.05  163.3  163.3    0.78
  257 PI+          211   1 141  24   0   0   -0.05   -0.13   14.6   14.6    0.14
  258 PI-         -211   1 142  24   0   0    0.54   -0.37   97.5   97.5    0.14
  259 PI0          111   1 142  24   0   0   -0.01    0.19   71.4   71.4    0.13
  260 K-          -321   1 147  12   0   0    0.59    0.09  -23.0   23.0    0.49
  261 RHO0         113 198 147  12 311 312    1.60   -0.76  -25.2   25.3    0.77
  262 K_S0         310 198 150  12 313 314    0.50   -0.12  -21.9   21.9    0.50
  263 P           2212   1 153  12   0   0   -0.73    0.27  -88.0   88.0    0.94
  264 PI-         -211   1 153  12   0   0    0.10   -0.03  -17.3   17.3    0.14
  265 PI+          211   1 158  12   0   0   -0.39    0.35  -72.8   72.9    0.14
  266 PI0          111   1 158  12   0   0   -0.27   -0.24  -21.0   21.0    0.13
  267 KBAR0       -311 198 161  22 315 315  -22.48   -8.70  -20.4   31.6    0.50
  268 PI-         -211   1 161  22   0   0  -15.00   -5.45  -14.0   21.2    0.14
  269 K+           321   1 162  22   0   0  -37.66  -14.45  -34.3   52.9    0.49
  270 PI0          111   1 162  22   0   0   -2.02   -0.83   -2.0    3.0    0.13
  271 PI0          111   1 163  12   0   0    0.13   -0.47 -186.0  186.0    0.13
  272 PI0          111   1 163  12   0   0   -0.12    0.10-1041.9 1041.9    0.13
  273 PI-         -211   1 165  12   0   0   -1.09    0.29  -64.5   64.5    0.14
  274 PI0          111   1 165  12   0   0   -0.39    0.03   -8.9    8.9    0.13
  275 GAMMA         22   1 167  22   0   0   -0.43   -0.42   -0.2    0.6    0.00
  276 GAMMA         22   1 167  22   0   0   -0.67    0.07   -0.4    0.8    0.00
  277 PI-         -211   1 168  22   0   0   -2.75   -1.38   -2.7    4.1    0.14
  278 PI0          111   1 168  22   0   0   -0.65   -0.10   -0.9    1.2    0.13
  279 RHO-        -213 198 172  22 316 317   -1.58   -0.35   -1.5    2.3    0.77
  280 PI+          211   1 172  22   0   0   -0.99   -0.80   -1.0    1.7    0.14
  281 K0           311 198 175  22 318 318   -1.80   -0.29   -2.2    2.9    0.50
  282 PI+          211   1 175  22   0   0   -1.39   -0.63   -1.3    2.0    0.14
  283 PI+          211   1 178  22   0   0   -1.15   -0.78   -1.0    1.7    0.14
  284 PI-         -211   1 178  22   0   0   -1.46   -0.13   -1.1    1.8    0.14
  285 PI+          211   1 179  22   0   0   -0.47   -0.32   -1.1    1.3    0.14
  286 PI0          111   1 179  22   0   0    0.04   -0.03    0.1    0.2    0.13
  287 LMBDA_C+    4122 198 221 183 319 323  184.01   57.01   27.7  194.6    2.28
  288 PI+          211   1 221 183   0   0   23.00    7.27    3.3   24.4    0.14
  289 PI-         -211   1 223 183   0   0   10.25    3.32    1.6   10.9    0.14
  290 PI0          111   1 223 183   0   0   24.47    8.84    3.3   26.2    0.13
  291 K_L0         130   1 227 188   0   0   -0.48    0.31    0.1    0.8    0.50
  292 P           2212   1 231 188   0   0   -0.16    2.68    0.7    2.9    0.94
  293 PI+          211   1 231 188   0   0    0.10    0.15   -0.0    0.2    0.14
  294 NBAR       -2112   1 232 188   0   0   -0.31    1.36    0.7    1.8    0.94
  295 PI-         -211   1 232 188   0   0    0.10    0.24    0.3    0.4    0.14
  296 KBAR0       -311 198 233 183 324 324    0.66    0.20   -0.0    0.9    0.50
  297 PI-         -211   1 233 183   0   0    0.40    0.15    0.4    0.6    0.14
  298 PI+          211   1 234 183   0   0   -0.23    0.13   -0.4    0.5    0.14
  299 PI0          111   1 234 183   0   0    0.25   -0.12    0.1    0.3    0.13
  300 K_L0         130   1 235 188   0   0   -0.22    1.12    0.6    1.4    0.50
  301 K0           311 198 238 188 325 325    1.23    6.55    2.7    7.2    0.50
  302 PI-         -211   1 238 188   0   0    0.47    8.97    4.2    9.9    0.14
  303 PI0          111   1 238 188   0   0    0.31    1.42    0.3    1.5    0.13
  304 PI-         -211   1 241  12   0   0   -0.02   -0.12   -0.5    0.5    0.14
  305 PI0          111   1 241  12   0   0    1.11   -0.62   -1.2    1.8    0.13
  306 PI-         -211   1 245  12   0   0   -0.22    0.20 -104.4  104.4    0.14
  307 PI0          111   1 245  12   0   0    0.33    0.01 -375.0  375.0    0.13
  308 PI+          211   1 256  24   0   0    0.20    0.39   46.6   46.6    0.14
  309 PI-         -211   1 256  24   0   0    0.03    0.25   26.5   26.5    0.14
  310 PI0          111   1 256  24   0   0   -0.26    0.40   90.3   90.3    0.13
  311 PI+          211   1 261  12   0   0    1.36   -0.59  -16.4   16.4    0.14
  312 PI-         -211   1 261  12   0   0    0.24   -0.17   -8.9    8.9    0.14
  313 PI+          211   1 262  12   0   0   -0.02    0.03   -3.1    3.1    0.14
  314 PI-         -211   1 262  12   0   0    0.52   -0.15  -18.8   18.8    0.14
  315 K_S0         310 198 267  22 326 327  -22.48   -8.70  -20.4   31.6    0.50
  316 PI-         -211   1 279  22   0   0   -1.13   -0.29   -0.6    1.3    0.14
  317 PI0          111   1 279  22   0   0   -0.44   -0.05   -0.9    1.0    0.13
  318 K_L0         130   1 281  22   0   0   -1.80   -0.29   -2.2    2.9    0.50
  319 N           2112   1 287 183   0   0  120.99   37.21   18.1  127.9    0.94
  320 KBAR0       -311 198 287 183 328 328   34.82   11.14    5.4   37.0    0.50
  321 PI+          211   1 287 183   0   0    8.55    2.75    1.3    9.1    0.14
  322 PI0          111   1 287 183   0   0   13.79    4.16    2.2   14.6    0.13
  323 PI0          111   1 287 183   0   0    5.86    1.75    0.9    6.2    0.13
  324 K_L0         130   1 296 183   0   0    0.66    0.20   -0.0    0.9    0.50
  325 K_L0         130   1 301 188   0   0    1.23    6.55    2.7    7.2    0.50
  326 PI+          211   1 315  22   0   0  -17.84   -6.85  -16.4   25.2    0.14
  327 PI-         -211   1 315  22   0   0   -4.64   -1.85   -4.1    6.4    0.14
  328 K_S0         310 198 320 183 329 330   34.82   11.14    5.4   37.0    0.50
  329 PI0          111   1 328 183   0   0    8.30    2.65    1.1    8.8    0.13
  330 PI0          111   1 328 183   0   0   26.52    8.49    4.3   28.2    0.13



 EVENT       2: 6500.00 GEV/C P        ON  6500.00 GEV/C P        PROCESS:-18000
 SEEDS:   950742455 &  1861683219   STATUS:  100 ERROR:   0  WEIGHT:  6.0354E-04


                               ---INITIAL STATE---    

 IHEP    ID      IDPDG IST MO1 MO2 DA1 DA2   P-X     P-Y     P-Z  ENERGY    MASS
    1 P           2212 101   0   0   0   0    0.00    0.00 6500.0 6500.0    0.94
    2 P           2212 102   0   0   0   0    0.00    0.00-6500.0 6500.0    0.94
    3 CMF            0 103   1   2   0   0    0.00    0.00    0.013000.013000.00

                              ---HARD SUBPROCESS---   

 IHEP    ID      IDPDG IST MO1 MO2 DA1 DA2   P-X     P-Y     P-Z  ENERGY    MASS
    4 DQRK           1 121   6   8  11  10    0.00    0.00  228.6  228.6    0.32
    5 UQRK           2 122   6   9  17   8    0.00    0.00-1038.6 1038.6    0.32
    6 HARD           0 120   4   5   7  10   -2.50  -10.05 -810.0 1267.2  974.42
    7 HIGGS         25 123   6   7  19   7   90.24  183.09 -665.9  707.6  125.00
    8 DQRK           1 124   6   5  20   4   30.11  -24.24 -270.3  273.1    0.32
    9 UQRK           2 124   6  10  26   5 -126.55 -138.46   32.6  190.4    0.32
   10 GLUON         21 124   6   4  30   9    6.20  -20.40   93.6   96.0    0.75

                              ---PARTON SHOWERS---    

 IHEP    ID      IDPDG IST MO1 MO2 DA1 DA2   P-X     P-Y     P-Z  ENERGY    MASS
   11 DQRK          94 141   4   6  13  16   -2.50  -10.05  228.7  228.4  -15.88
   12 CONE           0 100   4  10   0   0    0.29   -0.96    4.5    4.6    0.00
   13 GLUON         21   2  11  14  36  37   -0.27    2.34   42.8   42.9    0.75
   14 GLUON         21   2  11  15  38  39    1.59    3.25   49.1   49.3    0.75
   15 GLUON         21   2  11  16  40  41    1.18    4.45  102.2  102.3    0.75
   16 UU          2203   2  11  22  42  41    0.00    0.00 6077.2 6077.2    0.24
   17 UQRK          94 142   5   6  18  18    0.00   -0.00-1038.8 1038.8    0.35
   18 UD          2101   2  17  28  43  25    0.00    0.00-5461.2 5461.2    0.32
   19 HIGGS         25 195   7   6 171 172   88.66  177.11 -664.6  704.6  125.00
   20 DQRK          94 144   8   6  22  25   29.51  -26.36 -271.0  274.6   19.84
   21 CONE           0 100   8   5   0   0   -0.46    0.41   -2.7    2.8    0.00
   22 DQRK           1   2  20  23  44  42    8.06   -4.00  -95.7   96.1    0.32
   23 GLUON         21   2  20  24  45  46    5.37   -1.00  -48.9   49.2    0.75
   24 GLUON         21   2  20  25  47  48    0.95   -2.98  -14.9   15.2    0.75
   25 GLUON         21   2  20  43  49  50   15.13  -18.39 -111.5  114.1    0.75
   26 UQRK          94 144   9   6  28  29 -126.66 -139.68   32.5  191.4    5.15
   27 CONE           0 100   9  10   0   0   -0.09   -0.40    1.1    1.1    0.00
   28 UQRK           2   2  26  29  51  43  -98.01 -109.92   27.0  149.7    0.32
   29 GLUON         21   2  26  32  52  53  -28.64  -29.76    5.5   41.7    0.75
   30 GLUON         94 144  10   6  32  35    5.99  -21.12   93.1   96.5   13.34
   31 CONE           0 100  10   4   0   0   -0.13    0.46    2.3    2.4    0.00
   32 GLUON         21   2  30  33  54  55    8.34  -11.68   49.6   51.7    0.75
   33 GLUON         21   2  30  34  56  57    0.06   -4.86   13.4   14.2    0.75
   34 GLUON         21   2  30  35  58  59   -0.81   -2.96   12.2   12.6    0.75
   35 GLUON         21   2  30  36  60  61   -1.59   -1.61   17.9   18.1    0.75

                              ---GLUON SPLITTING---   

 IHEP    ID      IDPDG IST MO1 MO2 DA1 DA2   P-X     P-Y     P-Z  ENERGY    MASS
   36 UBAR          -2 158  11  37 102  61   -0.20    0.74   15.9   16.0    0.32
   37 UQRK           2 158  11  38  90  36   -0.07    1.61   26.9   26.9    0.32
   38 DBAR          -1 158  11  39  90  37    0.78    1.91   29.4   29.5    0.32
   39 DQRK           1 158  11  40  91  38    0.82    1.34   19.7   19.8    0.32
   40 DBAR          -1 158  11  41  91  39    0.65    2.69   57.4   57.5    0.32
   41 DQRK           1 158  11  68  92  40    0.49    1.63   41.6   41.6    0.32
   42 UU          2203 161  11  44 103  63    0.00    0.00 4942.0 4942.0    0.64
   43 UD          2101 162  17  51 104  65    0.00   -0.00-3853.8 3853.8    0.64
   44 DQRK           1 158  20  45  93  42    8.06   -4.00  -95.7   96.1    0.32
   45 UBAR          -2 158  20  46  93  44    1.52   -0.17  -14.0   14.1    0.32
   46 UQRK           2 158  20  47  94  45    3.84   -0.82  -34.8   35.1    0.32
   47 UBAR          -2 158  20  48  94  46    0.39   -0.84   -4.8    4.9    0.32
   48 UQRK           2 158  20  49  95  47    0.57   -2.14  -10.1   10.3    0.32
   49 UBAR          -2 158  20  50  95  48   11.17  -13.70  -82.7   84.6    0.32
   50 UQRK           2 158  20  72  96  49    2.90   -3.44  -21.2   21.6    0.32
   51 UQRK           2 158  26  74  97  43  -83.41  -93.54   23.0  127.4    0.32
   52 DBAR          -1 158  26  53 109  75  -11.54  -11.95    2.1   16.8    0.32
   53 DQRK           1 158  26  78  98  52   -8.59   -9.02    1.8   12.6    0.32
   54 DBAR          -1 158  30  55 113  83    4.05   -5.70   24.5   25.5    0.32
   55 DQRK           1 158  30  56  99  54    2.76   -3.83   15.8   16.5    0.32
   56 DBAR          -1 158  30  57  99  55   -0.06   -2.22    5.6    6.0    0.32
   57 DQRK           1 158  30  58 100  56    0.12   -2.65    7.7    8.2    0.32
   58 DBAR          -1 158  30  59 100  57   -0.25   -0.87    3.2    3.4    0.32
   59 DQRK           1 158  30  60 101  58   -0.57   -2.09    8.9    9.2    0.32
   60 UBAR          -2 158  30  61 101  59   -0.74   -0.50    7.0    7.1    0.32
   61 UQRK           2 158  30  36 102  60   -0.85   -1.11   11.0   11.0    0.32
   62 UBAR          -2 159  11  63 105  67    0.00    0.01  430.2  430.2    0.32
   63 UQRK           2 159  11  42 103  62    0.00    0.01  178.5  178.5    0.32
   64 UBAR          -2 159  17  65 116  89    0.00   -0.00 -380.9  380.9    0.32
   65 UQRK           2 159  20  43 104  64    0.00   -0.00 -594.2  594.2    0.32
   66 DBAR          -1 159  11  67 106  69    0.00    0.01  269.6  269.6    0.32
   67 DQRK           1 159  11  62 105  66    0.02    0.06   38.7   38.7    0.32
   68 DBAR          -1 159  11  69  92  41    0.01    0.02  117.7  117.7    0.32
   69 DQRK           1 159  11  66 106  68    0.01    0.02  103.7  103.7    0.32
   70 UBAR          -2 159  17  71 108  73    0.00   -0.00 -103.8  103.8    0.32
   71 UQRK           2 159  20  80 107  70    0.58   -0.69   -4.8    4.9    0.32
   72 UBAR          -2 159  17  73  96  50    0.06   -0.07   -5.5    5.5    0.32
   73 UQRK           2 159  20  70 108  72    0.03   -0.03  -11.5   11.5    0.32
   74 DBAR          -1 159  26  75  97  51   -6.68   -7.05    1.4    9.8    0.32
   75 DQRK           1 159  26  52 109  74  -13.18  -14.72    3.6   20.1    0.32
   76 SBAR          -3 159  30  77 111  79    0.46   -0.73    3.0    3.2    0.50
   77 SQRK           3 159  26  84 110  76   -1.32   -1.42    0.4    2.0    0.50
   78 SBAR          -3 159  30  79  98  53   -0.20   -0.37    0.4    0.8    0.50
   79 SQRK           3 159  26  76 111  78   -0.94   -1.03    0.3    1.5    0.50
   80 SBAR          -3 159  17  81 107  71    0.08   -0.10   -9.8    9.8    0.50
   81 SQRK           3 159  20  86 112  80    0.19   -0.23   -5.3    5.4    0.50
   82 SBAR          -3 159  30  83 114  85    0.29   -0.53    2.1    2.2    0.50
   83 SQRK           3 159  26  54 113  82    0.36   -0.61    2.4    2.6    0.50
   84 UBAR          -2 159  30  85 110  77    0.15   -0.30    1.1    1.2    0.32
   85 UQRK           2 159  26  82 114  84   -0.51   -0.57    0.2    0.8    0.32
   86 UBAR          -2 159  17  87 112  81    0.02   -0.03  -14.2   14.2    0.32
   87 UQRK           2 159  20  88 115  86    0.07   -0.09   -4.8    4.8    0.32
   88 SBAR          -3 159  17  89 115  87    0.00   -0.00 -250.8  250.8    0.50
   89 SQRK           3 159  20  64 116  88    0.00   -0.00 -229.5  229.5    0.50

                             ---CLUSTER FORMATION---  

 IHEP    ID      IDPDG IST MO1 MO2 DA1 DA2   P-X     P-Y     P-Z  ENERGY    MASS
   90 CLUS          91 183  37  38 117 118    0.71    3.51   56.3   56.4    1.05
   91 CLUS          91 183  39  40 119 120    1.47    4.04   77.2   77.3    1.44
   92 CLUS          91 183  41  68 121 122    0.49    1.65  159.2  159.3    2.94
   93 CLUS          91 183  44  45 123 124    9.59   -4.17 -109.7  110.2    1.69
   94 CLUS          91 183  46  47 125 126    4.23   -1.67  -39.6   40.0    2.22
   95 CLUS          91 183  48  49 127 128   11.74  -15.83  -92.8   94.9    2.84
   96 CLUS          91 183  50  72 129 130    2.96   -3.51  -26.7   27.2    2.24
   97 CLUS          91 183  51  74 131 132  -90.10 -100.59   24.3  137.2    2.18
   98 CLUS          91 183  53  78 133 134   -8.80   -9.39    2.2   13.4    2.90
   99 CLUS          91 183  55  56 135 136    2.70   -6.05   21.4   22.6    2.36
  100 CLUS          91 183  57  58 137 138   -0.13   -3.52   11.0   11.6    0.91
  101 CLUS          91 183  59  60 139 140   -1.31   -2.59   15.9   16.2    1.47
  102 CLUS          91 183  61  36 141 142   -1.05   -0.37   26.9   27.0    2.22
  103 CLUS          91 184  63  42 143 144    0.00    0.01 5120.4 5120.4    1.84
  104 CLUS          91 185  65  43 145 146    0.00   -0.00-4448.0 4448.0    1.11
  105 CLUS          91 183  67  62 147 148    0.02    0.07  468.9  468.9    1.18
  106 CLUS          91 183  69  66 149 150    0.01    0.03  373.4  373.4    0.72
  107 CLUS          91 183  71  80 151 152    0.67   -0.79  -14.6   14.7    1.46
  108 CLUS          91 183  73  70 153 154    0.03   -0.04 -115.3  115.3    1.07
  109 CLUS          91 183  75  52 155 156  -24.72  -26.67    5.7   36.8    1.31
  110 CLUS          91 183  77  84 157 158   -1.17   -1.72    1.5    3.3    2.02
  111 CLUS          91 183  79  76 159 160   -0.48   -1.76    3.3    4.7    2.76
  112 CLUS          91 183  81  86 161 162    0.22   -0.26  -19.6   19.6    1.13
  113 CLUS          91 183  83  54 163 164    4.41   -6.31   27.0   28.1    1.70
  114 CLUS          91 183  85  82 165 166   -0.22   -1.10    2.3    3.1    1.75
  115 CLUS          91 183  87  88 167 168    0.08   -0.09 -255.5  255.6    2.53
  116 CLUS          91 183  89  64 169 170    0.00   -0.00 -610.3  610.3    0.91

                              ---CLUSTER DECAYS---    

 IHEP    ID      IDPDG IST MO1 MO2 DA1 DA2   P-X     P-Y     P-Z  ENERGY    MASS
  117 PI0          111   1  90  11   0   0    0.07    1.03   18.1   18.1    0.13
  118 RHO+         213 197  90  11 257 258    0.64    2.48   38.2   38.3    0.77
  119 OMEGA        223 197  91  11 259 261    0.28    2.04   38.1   38.2    0.78
  120 PI0          111   1  91  11   0   0    1.19    1.99   39.1   39.1    0.13
  121 N           2112   1  92  11   0   0    0.97    0.54  102.1  102.1    0.94
  122 DELTABR0   -2114 197  92  11 262 263   -0.48    1.11   57.2   57.2    1.23
  123 FH_00      10221 197  93  20 264 265    8.98   -4.08 -104.0  104.5    1.35
  124 PI-         -211   1  93  20   0   0    0.61   -0.09   -5.7    5.7    0.14
  125 K*+          323 197  94  20 266 267    2.95   -0.89  -29.4   29.5    0.89
  126 K*-         -323 197  94  20 268 269    1.28   -0.78  -10.3   10.4    0.89
  127 PI+          211   1  95  20   0   0    6.54   -9.60  -53.0   54.3    0.14
  128 RHO_3-      -217 197  95  20 270 271    5.20   -6.24  -39.8   40.6    1.69
  129 A_1+       20213 197  96  20 272 273    2.48   -2.31  -19.1   19.5    1.23
  130 RHO-        -213 197  96  20 274 275    0.48   -1.20   -7.6    7.7    0.77
  131 K*+          323 197  97  26 276 277  -68.03  -76.20   18.6  103.8    0.89
  132 K*BAR0      -313 197  97  26 278 279  -22.07  -24.39    5.7   33.4    0.90
  133 SIGMA*0     3214 197  98  26 280 281   -4.49   -4.04    1.1    6.3    1.38
  134 XIBAR0     -3322 197  98  26 282 283   -4.31   -5.35    1.1    7.1    1.31
  135 OMEGA        223 197  99  30 284 286    0.80   -3.77   13.1   13.7    0.78
  136 OMEGA        223 197  99  30 287 289    1.90   -2.28    8.3    8.9    0.78
  137 PI0          111   1 100  30   0   0   -0.45   -1.32    4.6    4.8    0.13
  138 PI0          111   1 100  30   0   0    0.33   -2.20    6.4    6.8    0.13
  139 RHO-        -213 197 101  30 290 291   -0.25   -0.82    4.6    4.8    0.77
  140 PI0          111   1 101  30   0   0   -1.05   -1.77   11.3   11.5    0.13
  141 B_10       10113 197 102  30 292 293   -1.06   -0.65   15.5   15.6    1.23
  142 ETA          221 197 102  30 294 295    0.01    0.27   11.4   11.4    0.55
  143 PI+          211   1 103  11   0   0    0.51    0.42 2273.0 2273.0    0.14
  144 P           2212   1 103  11   0   0   -0.51   -0.40 2847.5 2847.5    0.94
  145 PI+          211   1 104  20   0   0    0.01   -0.06 -376.0  376.0    0.14
  146 N           2112   1 104  20   0   0   -0.01    0.06-4072.0 4072.0    0.94
  147 RHO-        -213 197 105  11 296 297   -0.31    0.07  323.2  323.2    0.77
  148 PI0          111   1 105  11   0   0    0.33    0.00  145.7  145.7    0.13
  149 PI-         -211   1 106  11   0   0    0.10   -0.00  351.2  351.2    0.14
  150 PI+          211   1 106  11   0   0   -0.09    0.03   22.2   22.2    0.14
  151 RHO+         213 197 107  20 298 299    0.49   -0.78   -8.2    8.3    0.77
  152 K0           311 197 107  20 300 300    0.18   -0.01   -6.3    6.4    0.50
  153 PI+          211   1 108  20   0   0   -0.32   -0.23  -21.3   21.3    0.14
  154 PI-         -211   1 108  20   0   0    0.35    0.20  -94.0   94.0    0.14
  155 RHO-        -213 197 109  26 301 302  -12.80  -13.94    3.3   19.2    0.77
  156 PI+          211   1 109  26   0   0  -11.92  -12.73    2.4   17.6    0.14
  157 K*_2-       -325 197 110  26 303 304   -0.48   -0.88    0.6    1.8    1.43
  158 PI0          111   1 110  26   0   0   -0.69   -0.83    0.9    1.4    0.13
  159 PHI          333 197 111  26 305 306    0.14   -0.88    0.9    1.6    1.02
  160 FP_2         335 197 111  26 307 308   -0.63   -0.88    2.4    3.0    1.52
  161 K-          -321   1 112  20   0   0   -0.21   -0.08   -5.4    5.5    0.49
  162 PI0          111   1 112  20   0   0    0.43   -0.18  -14.1   14.1    0.13
  163 K*-         -323 197 113  26 309 310    3.20   -4.09   16.2   17.0    0.89
  164 PI+          211   1 113  26   0   0    1.21   -2.22   10.7   11.0    0.14
  165 K*+          323 197 114  26 311 312   -0.37   -1.02    2.0    2.4    0.89
  166 ETA          221 197 114  26 313 315    0.15   -0.08    0.3    0.6    0.55
  167 B_1+       10213 197 115  20 316 317    0.59    0.05  -84.5   84.5    1.23
  168 K0           311 197 115  20 318 318   -0.51   -0.14 -171.1  171.1    0.50
  169 KBAR0       -311 197 116  20 319 319    0.26    0.02 -495.4  495.4    0.50
  170 PI-         -211   1 116  20   0   0   -0.25   -0.03 -115.0  115.0    0.14

                            ---H/W/Z BOSON DECAYS---  

 IHEP    ID      IDPDG IST MO1 MO2 DA1 DA2   P-X     P-Y     P-Z  ENERGY    MASS
  171 BQRK           5 123  19 172 173 172  -17.67   37.02 -262.8  266.0    4.95
  172 BBAR          -5 124  19 171 178 171  106.33  140.09 -401.8  438.6    4.95

                              ---PARTON SHOWERS---    

 IHEP    ID      IDPDG IST MO1 MO2 DA1 DA2   P-X     P-Y     P-Z  ENERGY    MASS
  173 BQRK          94 143 171  19 175 177  -13.14   40.50 -266.3  270.7   23.61
  174 CONE           0 100 171 172   0   0    0.78    0.74   -1.3    1.7    0.00
  175 BQRK           5   2 173 176 187 186  -16.90   16.33 -134.6  136.7    4.95
  176 GLUON         21   2 173 177 188 189    0.56   11.78  -65.9   67.0    0.75
  177 GLUON         21   2 173 180 190 191    3.20   12.39  -65.8   67.0    0.75
  178 BBAR          94 144 172  19 180 186  101.80  136.60 -398.3  433.9   25.36
  179 CONE           0 100 172 171   0   0   -0.25    0.31   -2.6    2.6    0.00
  180 GLUON         21   2 178 181 192 193    2.41    4.71   -9.5   10.9    0.75
  181 GLUON         21   2 178 182 194 195   16.15   23.14  -62.2   68.3    0.75
  182 GLUON         21   2 178 183 196 197   15.55   22.69  -59.0   65.1    0.75
  183 GLUON         21   2 178 184 198 199   22.89   30.90  -81.3   89.9    0.75
  184 GLUON         21   2 178 185 200 201    9.30   15.96  -43.7   47.4    0.75
  185 GLUON         21   2 178 186 202 203    5.02    7.54  -25.9   27.5    0.75
  186 BBAR          -5   2 178 187 204 203   30.47   31.66 -116.7  124.8    4.95

                              ---GLUON SPLITTING---   

 IHEP    ID      IDPDG IST MO1 MO2 DA1 DA2   P-X     P-Y     P-Z  ENERGY    MASS
  187 BQRK           5 158 173 205 215 204  -10.92   11.85  -94.5   96.0    4.95
  188 UBAR          -2 158 173 189 228 214    0.19    3.13  -17.9   18.2    0.32
  189 UQRK           2 158 173 190 216 188    0.08    4.84  -26.5   26.9    0.32
  190 DBAR          -1 158 173 191 216 189    1.28    4.44  -24.3   24.8    0.32
  191 DQRK           1 158 173 209 217 190    0.54    2.20  -11.4   11.6    0.32
  192 UBAR          -2 158 178 193 225 208    0.42    0.95   -2.3    2.5    0.32
  193 UQRK           2 158 178 194 218 192    1.05    1.79   -3.5    4.0    0.32
  194 DBAR          -1 158 178 195 218 193   10.17   14.50  -38.7   42.5    0.32
  195 DQRK           1 158 178 196 219 194    5.97    8.65  -23.6   25.8    0.32
  196 UBAR          -2 158 178 197 219 195    9.15   13.21  -34.9   38.4    0.32
  197 UQRK           2 158 178 198 220 196    6.40    9.47  -24.1   26.7    0.32
  198 DBAR          -1 158 178 199 220 197   16.97   23.01  -60.3   66.8    0.32
  199 DQRK           1 158 178 200 221 198    5.92    7.89  -20.9   23.1    0.32
  200 UBAR          -2 158 178 201 221 199    2.22    3.83  -10.5   11.4    0.32
  201 UQRK           2 158 178 202 222 200    7.08   12.13  -33.2   36.0    0.32
  202 DBAR          -1 158 178 203 222 201    2.09    3.24  -11.6   12.2    0.32
  203 DQRK           1 158 178 204 223 202    2.93    4.30  -14.3   15.3    0.32
  204 BBAR          -5 158 178 187 223 203   30.47   31.66 -116.7  124.8    4.95
  205 DBAR          -1 159 173 206 215 187   -0.08    0.86   -5.2    5.3    0.32
  206 DQRK           1 159 173 211 224 205   -3.16    2.82  -23.8   24.2    0.32
  207 DBAR          -1 159 178 208 226 210    0.60    1.32   -2.9    3.3    0.32
  208 DQRK           1 159 173 192 225 207    0.35    0.80   -2.0    2.2    0.32
  209 UBAR          -2 159 178 210 217 191    0.31    1.20   -6.0    6.2    0.32
  210 UQRK           2 159 173 207 226 209    1.06    4.39  -22.9   23.3    0.32
  211 DBAR          -1 159 173 212 224 206   -0.01    1.17   -6.8    7.0    0.32
  212 DQRK           1 159 173 213 227 211   -2.07    1.87  -15.7   16.0    0.32
  213 UBAR          -2 159 173 214 227 212   -0.05    0.99   -5.9    6.0    0.32
  214 UQRK           2 159 173 188 228 213   -0.32    0.59   -4.2    4.2    0.32

                             ---CLUSTER FORMATION---  

 IHEP    ID      IDPDG IST MO1 MO2 DA1 DA2   P-X     P-Y     P-Z  ENERGY    MASS
  215 CLUS          91 183 187 205 229 230  -11.00   12.71  -99.7  101.3    5.80
  216 CLUS          91 183 189 190 231 232    1.36    9.29  -50.8   51.7    1.42
  217 CLUS          91 183 191 209 233 234    0.85    3.41  -17.4   17.8    0.67
  218 CLUS          91 183 193 194 235 236   11.22   16.29  -42.1   46.6    1.93
  219 CLUS          91 183 195 196 237 238   15.13   21.86  -58.4   64.2    0.77
  220 CLUS          91 183 197 198 239 240   23.37   32.48  -84.5   93.5    1.03
  221 CLUS          91 183 199 200 241 242    8.14   11.72  -31.4   34.6    1.24
  222 CLUS          91 183 201 202 243 244    9.18   15.37  -44.8   48.3    1.85
  223 CLUS          91 183 203 204 245 246   33.40   35.96 -131.0  140.0    5.93
  224 CLUS          91 183 206 211 247 248   -3.17    3.98  -30.6   31.1    1.96
  225 CLUS          91 183 208 192 249 250    0.77    1.75   -4.3    4.7    0.64
  226 CLUS          91 183 210 207 251 252    1.67    5.71  -25.7   26.5    2.57
  227 CLUS          91 183 212 213 253 254   -2.12    2.86  -21.6   22.0    1.47
  228 CLUS          91 183 214 188 255 256   -0.13    3.72  -22.0   22.4    1.16

                              ---CLUSTER DECAYS---    

 IHEP    ID      IDPDG IST MO1 MO2 DA1 DA2   P-X     P-Y     P-Z  ENERGY    MASS
  229 B*-         -523 197 215 173 320 321  -10.98   12.24  -97.0   98.5    5.32
  230 PI+          211   1 215 173   0   0   -0.01    0.47   -2.8    2.8    0.14
  231 PI+          211   1 216 173   0   0    0.15    3.76  -21.7   22.0    0.14
  232 RHO0         113 197 216 173 322 323    1.22    5.52  -29.1   29.7    0.77
  233 PI-         -211   1 217 173   0   0    0.28    1.75   -7.4    7.6    0.14
  234 PI0          111   1 217 173   0   0    0.57    1.66  -10.0   10.1    0.13
  235 PI+          211   1 218 178   0   0    1.15    1.13   -4.3    4.6    0.14
  236 OMEGA        223 197 218 178 324 326   10.07   15.16  -37.8   42.0    0.78
  237 PI0          111   1 219 178   0   0    3.38    4.74  -12.1   13.5    0.13
  238 PI-         -211   1 219 178   0   0   11.75   17.12  -46.3   50.7    0.14
  239 RHO+         213 197 220 178 327 328   21.79   30.27  -78.5   86.9    0.77
  240 PI0          111   1 220 178   0   0    1.57    2.21   -6.0    6.6    0.13
  241 PI0          111   1 221 178   0   0    3.70    5.46  -13.1   14.7    0.13
  242 PI-         -211   1 221 178   0   0    4.44    6.27  -18.3   19.9    0.14
  243 PI+          211   1 222 178   0   0    4.39    6.83  -20.7   22.2    0.14
  244 F_2          225 197 222 178 329 330    4.79    8.54  -24.1   26.1    1.27
  245 PI-         -211   1 223 178   0   0    1.81    2.71   -9.0    9.6    0.14
  246 B*+          523 197 223 178 331 332   31.59   33.25 -122.0  130.5    5.32
  247 PI-         -211   1 224 173   0   0   -1.68    2.28  -15.9   16.2    0.14
  248 A_2+         215 197 224 173 333 334   -1.49    1.71  -14.7   14.9    1.32
  249 PI0          111   1 225 173   0   0    0.59    1.38   -3.8    4.1    0.13
  250 PI-         -211   1 225 173   0   0    0.18    0.37   -0.5    0.7    0.14
  251 N           2112   1 226 173   0   0    0.28    0.92   -5.3    5.5    0.94
  252 DELTABR+   -1114 197 226 173 335 336    1.38    4.78  -20.4   21.1    1.23
  253 PI-         -211   1 227 173   0   0   -0.48    0.85   -6.6    6.7    0.14
  254 HL_10      10223 197 227 173 337 338   -1.64    2.01  -15.0   15.3    1.17
  255 RHO0         113 197 228 173 339 340   -0.39    2.84  -16.6   16.8    0.77
  256 PI0          111   1 228 173   0   0    0.26    0.88   -5.5    5.6    0.13

                           ---STRONG HADRON DECAYS--- 

 IHEP    ID      IDPDG IST MO1 MO2 DA1 DA2   P-X     P-Y     P-Z  ENERGY    MASS
  257 PI+          211   1 118  11   0   0    0.41    0.62   14.1   14.1    0.14
  258 PI0          111   1 118  11   0   0    0.23    1.87   24.1   24.2    0.13
  259 PI+          211   1 119  11   0   0   -0.13    0.95   15.3   15.3    0.14
  260 PI-         -211   1 119  11   0   0    0.01    0.27    6.0    6.0    0.14
  261 PI0          111   1 119  11   0   0    0.40    0.82   16.8   16.9    0.13
  262 NBAR       -2112   1 122  11   0   0   -0.58    0.97   44.7   44.7    0.94
  263 PI0          111   1 122  11   0   0    0.10    0.14   12.5   12.5    0.13
  264 K+           321   1 123  20   0   0    3.93   -1.77  -50.4   50.6    0.49
  265 K-          -321   1 123  20   0   0    5.05   -2.31  -53.7   54.0    0.49
  266 K0           311 198 125  20 341 341    1.81   -0.42  -15.4   15.6    0.50
  267 PI+          211   1 125  20   0   0    1.14   -0.47  -13.9   14.0    0.14
  268 K-          -321   1 126  20   0   0    1.03   -0.48   -8.9    9.0    0.49
  269 PI0          111   1 126  20   0   0    0.25   -0.29   -1.3    1.4    0.13
  270 K-          -321   1 128  20   0   0    2.97   -4.37  -27.3   27.8    0.49
  271 K0           311 198 128  20 342 342    2.23   -1.87  -12.4   12.8    0.50
  272 RHO+         213 198 129  20 343 344    2.49   -2.19  -17.6   17.9    0.77
  273 PI0          111   1 129  20   0   0   -0.01   -0.12   -1.5    1.5    0.13
  274 PI-         -211   1 130  20   0   0    0.05   -1.00   -5.1    5.2    0.14
  275 PI0          111   1 130  20   0   0    0.43   -0.20   -2.5    2.6    0.13
  276 K0           311 198 131  26 345 345  -32.26  -36.21    9.1   49.3    0.50
  277 PI+          211   1 131  26   0   0  -35.77  -39.98    9.5   54.5    0.14
  278 KBAR0       -311 198 132  26 346 346   -8.65   -9.45    2.1   13.0    0.50
  279 PI0          111   1 132  26   0   0  -13.42  -14.94    3.6   20.4    0.13
  280 LAMBDA      3122 198 133  26 347 348   -3.07   -2.70    0.8    4.3    1.12
  281 PI0          111   1 133  26   0   0   -1.41   -1.34    0.3    2.0    0.13
  282 LAMBDABR   -3122 198 134  26 349 350   -3.44   -4.12    0.9    5.6    1.12
  283 PI0          111   1 134  26   0   0   -0.87   -1.23    0.2    1.5    0.13
  284 PI+          211   1 135  30   0   0    0.50   -1.64    5.9    6.2    0.14
  285 PI-         -211   1 135  30   0   0   -0.06   -0.26    0.9    1.0    0.14
  286 PI0          111   1 135  30   0   0    0.36   -1.87    6.2    6.5    0.13
  287 PI+          211   1 136  30   0   0    0.41   -0.86    2.8    3.0    0.14
  288 PI-         -211   1 136  30   0   0    0.54   -0.48    2.4    2.5    0.14
  289 PI0          111   1 136  30   0   0    0.94   -0.93    3.1    3.4    0.13
  290 PI-         -211   1 139  30   0   0    0.06   -0.03    1.9    1.9    0.14
  291 PI0          111   1 139  30   0   0   -0.31   -0.80    2.7    2.8    0.13
  292 OMEGA        223 198 141  30 351 353   -1.01   -0.23   10.6   10.7    0.78
  293 PI0          111   1 141  30   0   0   -0.05   -0.41    4.8    4.8    0.13
  294 GAMMA         22   1 142  30   0   0   -0.21    0.31    6.5    6.5    0.00
  295 GAMMA         22   1 142  30   0   0    0.22   -0.04    4.9    4.9    0.00
  296 PI-         -211   1 147  11   0   0    0.08   -0.24   76.0   76.0    0.14
  297 PI0          111   1 147  11   0   0   -0.38    0.31  247.2  247.2    0.13
  298 PI+          211   1 151  20   0   0    0.30   -0.44   -7.0    7.0    0.14
  299 PI0          111   1 151  20   0   0    0.19   -0.34   -1.3    1.3    0.13
  300 K_S0         310 198 152  20 354 355    0.18   -0.01   -6.3    6.4    0.50
  301 PI-         -211   1 155  26   0   0   -3.18   -3.85    1.0    5.1    0.14
  302 PI0          111   1 155  26   0   0   -9.63  -10.09    2.3   14.1    0.13
  303 K*-         -323 198 157  26 356 357   -0.07   -0.63    0.0    1.1    0.89
  304 PI0          111   1 157  26   0   0   -0.41   -0.25    0.6    0.7    0.13
  305 K_L0         130   1 159  26   0   0    0.07   -0.52    0.4    0.8    0.50
  306 K_S0         310 198 159  26 358 359    0.07   -0.36    0.5    0.8    0.50
  307 ETA          221 198 160  26 360 362   -0.24    0.14    1.1    1.2    0.55
  308 ETA          221 198 160  26 363 365   -0.39   -1.02    1.3    1.8    0.55
  309 KBAR0       -311 198 163  26 366 366    1.52   -2.30    9.1    9.5    0.50
  310 PI-         -211   1 163  26   0   0    1.68   -1.79    7.1    7.5    0.14
  311 K0           311 198 165  26 367 367   -0.36   -1.05    1.9    2.3    0.50
  312 PI+          211   1 165  26   0   0   -0.00    0.03    0.1    0.2    0.14
  313 PI+          211   1 166  26   0   0    0.10   -0.03    0.0    0.2    0.14
  314 PI-         -211   1 166  26   0   0    0.04   -0.12    0.0    0.2    0.14
  315 PI0          111   1 166  26   0   0    0.01    0.07    0.2    0.3    0.13
  316 OMEGA        223 198 167  20 368 370    0.16   -0.21  -45.7   45.7    0.78
  317 PI+          211   1 167  20   0   0    0.43    0.26  -38.7   38.8    0.14
  318 K_S0         310 198 168  20 371 372   -0.51   -0.14 -171.1  171.1    0.50
  319 K_L0         130   1 169  20   0   0    0.26    0.02 -495.4  495.4    0.50
  320 B-          -521 199 229 173 384 385  -10.99   12.24  -96.9   98.5    5.28
  321 GAMMA         22   1 229 173   0   0    0.00   -0.00   -0.0    0.0    0.00
  322 PI+          211   1 232 173   0   0    0.80    3.17  -15.0   15.4    0.14
  323 PI-         -211   1 232 173   0   0    0.42    2.35  -14.1   14.3    0.14
  324 PI+          211   1 236 178   0   0    6.17    9.12  -22.7   25.3    0.14
  325 PI-         -211   1 236 178   0   0    1.92    3.25   -8.1    9.0    0.14
  326 PI0          111   1 236 178   0   0    1.98    2.79   -6.9    7.7    0.13
  327 PI+          211   1 239 178   0   0   18.69   26.10  -67.0   74.3    0.14
  328 PI0          111   1 239 178   0   0    3.10    4.17  -11.4   12.6    0.13
  329 PI0          111   1 244 178   0   0   -0.02    0.15   -0.5    0.5    0.13
  330 PI0          111   1 244 178   0   0    4.81    8.39  -23.6   25.5    0.13
  331 B+           521 199 246 178 414 415   31.21   32.87 -120.8  129.1    5.28
  332 GAMMA         22   1 246 178   0   0    0.37    0.38   -1.3    1.4    0.00
  333 RHO0         113 198 248 173 373 374   -1.07    1.55  -13.3   13.4    0.77
  334 PI+          211   1 248 173   0   0   -0.42    0.15   -1.4    1.5    0.14
  335 NBAR       -2112   1 252 173   0   0    1.19    4.38  -17.9   18.5    0.94
  336 PI+          211   1 252 173   0   0    0.19    0.40   -2.6    2.6    0.14
  337 RHO+         213 198 254 173 375 376   -0.70    1.28   -8.7    8.8    0.77
  338 PI-         -211   1 254 173   0   0   -0.93    0.73   -6.4    6.5    0.14
  339 PI+          211   1 255 173   0   0    0.09    1.37   -6.5    6.7    0.14
  340 PI-         -211   1 255 173   0   0   -0.48    1.46  -10.0   10.1    0.14
  341 K_L0         130   1 266  20   0   0    1.81   -0.42  -15.4   15.6    0.50
  342 K_L0         130   1 271  20   0   0    2.23   -1.87  -12.4   12.8    0.50
  343 PI+          211   1 272  20   0   0    0.07   -0.11   -0.6    0.7    0.14
  344 PI0          111   1 272  20   0   0    2.41   -2.08  -17.0   17.3    0.13
  345 K_S0         310 198 276  26 377 378  -32.26  -36.21    9.1   49.3    0.50
  346 K_L0         130   1 278  26   0   0   -8.65   -9.45    2.1   13.0    0.50
  347 N           2112   1 280  26   0   0   -2.89   -2.54    0.7    4.0    0.94
  348 PI0          111   1 280  26   0   0   -0.19   -0.15    0.1    0.3    0.13
  349 PBAR       -2212   1 282  26   0   0   -2.72   -3.17    0.7    4.3    0.94
  350 PI+          211   1 282  26   0   0   -0.72   -0.95    0.2    1.2    0.14
  351 PI+          211   1 292  30   0   0   -0.23   -0.09    5.1    5.1    0.14
  352 PI-         -211   1 292  30   0   0   -0.51   -0.13    2.7    2.7    0.14
  353 PI0          111   1 292  30   0   0   -0.26   -0.01    2.9    2.9    0.13
  354 PI+          211   1 300  20   0   0    0.01   -0.04   -5.2    5.2    0.14
  355 PI-         -211   1 300  20   0   0    0.16    0.03   -1.2    1.2    0.14
  356 KBAR0       -311 198 303  26 379 379    0.16   -0.16   -0.0    0.6    0.50
  357 PI-         -211   1 303  26   0   0   -0.24   -0.46    0.1    0.5    0.14
  358 PI+          211   1 306  26   0   0    0.03   -0.43    0.4    0.6    0.14
  359 PI-         -211   1 306  26   0   0    0.04    0.07    0.1    0.2    0.14
  360 PI0          111   1 307  26   0   0   -0.11    0.01    0.1    0.2    0.13
  361 PI0          111   1 307  26   0   0    0.02    0.07    0.2    0.3    0.13
  362 PI0          111   1 307  26   0   0   -0.14    0.06    0.7    0.7    0.13
  363 PI0          111   1 308  26   0   0   -0.20   -0.34    0.4    0.6    0.13
  364 PI0          111   1 308  26   0   0   -0.11   -0.48    0.4    0.7    0.13
  365 PI0          111   1 308  26   0   0   -0.09   -0.20    0.5    0.6    0.13
  366 K_S0         310 198 309  26 380 381    1.52   -2.30    9.1    9.5    0.50
  367 K_S0         310 198 311  26 382 383   -0.36   -1.05    1.9    2.3    0.50
  368 PI+          211   1 316  20   0   0   -0.01   -0.04  -17.4   17.4    0.14
  369 PI-         -211   1 316  20   0   0    0.27   -0.13  -24.8   24.8    0.14
  370 PI0          111   1 316  20   0   0   -0.11   -0.04   -3.5    3.5    0.13
  371 PI+          211   1 318  20   0   0   -0.35   -0.22 -141.3  141.3    0.14
  372 PI-         -211   1 318  20   0   0   -0.16    0.08  -29.8   29.8    0.14
  373 PI+          211   1 333 173   0   0   -0.45    1.17   -7.1    7.2    0.14
  374 PI-         -211   1 333 173   0   0   -0.62    0.39   -6.2    6.2    0.14
  375 PI+          211   1 337 173   0   0   -0.80    1.04   -7.8    7.9    0.14
  376 PI0          111   1 337 173   0   0    0.10    0.23   -0.9    1.0    0.13
  377 PI+          211   1 345  26   0   0  -15.07  -17.22    4.3   23.3    0.14
  378 PI-         -211   1 345  26   0   0  -17.19  -18.99    4.8   26.1    0.14
  379 K_L0         130   1 356  26   0   0    0.16   -0.16   -0.0    0.6    0.50
  380 PI+          211   1 366  26   0   0    0.18   -0.53    2.0    2.0    0.14
  381 PI-         -211   1 366  26   0   0    1.33   -1.76    7.2    7.5    0.14
  382 PI0          111   1 367  26   0   0   -0.37   -0.98    1.8    2.1    0.13
  383 PI0          111   1 367  26   0   0    0.00   -0.07    0.2    0.2    0.13

                           ---HEAVY PARTICLE DECAYS---

 IHEP    ID      IDPDG IST MO1 MO2 DA1 DA2   P-X     P-Y     P-Z  ENERGY    MASS
  384 BQRK           5 155 320 385 386 388  -10.32   11.50  -91.1   92.5    4.96
  385 UBAR          -2 125 320 388 389 388   -0.67    0.74   -5.9    6.0    0.32
  386 SQRK           3 123 384 387 390 387   -3.60    5.00  -35.1   35.6    0.50
  387 CBAR          -4 124 384 386 392 386   -2.40    2.78  -17.9   18.3    1.55
  388 CQRK           4 124 384 384 394 384   -4.31    3.72  -38.1   38.6    1.55
  389 UBAR          -2 160 385 398 400 398   -0.67    0.74   -5.9    6.0    0.32

                              ---PARTON SHOWERS---    

 IHEP    ID      IDPDG IST MO1 MO2 DA1 DA2   P-X     P-Y     P-Z  ENERGY    MASS
  390 SQRK          94 143 386 384 391 391   -3.60    5.00  -35.1   35.6    0.50
  391 SQRK           3   2 390 393 396 393   -3.60    5.00  -35.1   35.6    0.50
  392 CBAR          94 144 387 384 393 393   -2.40    2.78  -17.9   18.3    1.55
  393 CBAR          -4   2 392 396 397 396   -2.40    2.78  -17.9   18.3    1.55
  394 CQRK          94 144 388 384 395 395   -4.31    3.72  -38.1   38.6    1.55
  395 CQRK           4   2 394 389 398 389   -4.31    3.72  -38.1   38.6    1.55

                              ---GLUON SPLITTING---   

 IHEP    ID      IDPDG IST MO1 MO2 DA1 DA2   P-X     P-Y     P-Z  ENERGY    MASS
  396 SQRK           3 158 390 397 399 397   -3.60    5.00  -35.1   35.6    0.50
  397 CBAR          -4 158 392 396 399 396   -2.40    2.78  -17.9   18.3    1.55
  398 CQRK           4 158 394 389 400 389   -4.31    3.72  -38.1   38.6    1.55

                             ---CLUSTER FORMATION---  

 IHEP    ID      IDPDG IST MO1 MO2 DA1 DA2   P-X     P-Y     P-Z  ENERGY    MASS
  399 CLUS          91 183 396 397 401 402   -6.03    7.87  -53.2   54.2    2.86
  400 CLUS          91 183 398 389 403 403   -4.95    4.37  -43.7   44.3    1.86

                              ---CLUSTER DECAYS---    

 IHEP    ID      IDPDG IST MO1 MO2 DA1 DA2   P-X     P-Y     P-Z  ENERGY    MASS
  401 K-          -321   1 399 390   0   0   -2.50    3.45  -24.1   24.5    0.49
  402 D*BAR0      -423 197 399 390 404 405   -3.54    4.43  -29.1   29.7    2.01
  403 D0           421 196 400 394 406 407   -4.95    4.37  -43.7   44.3    1.86

                           ---STRONG HADRON DECAYS--- 

 IHEP    ID      IDPDG IST MO1 MO2 DA1 DA2   P-X     P-Y     P-Z  ENERGY    MASS
  404 DBAR0       -421 198 402 390 408 410   -3.28    4.13  -27.3   27.8    1.86
  405 PI0          111   1 402 390   0   0   -0.26    0.30   -1.8    1.9    0.13
  406 K*BAR0      -313 198 403 394 411 412   -4.48    3.16  -35.2   35.6    0.90
  407 PI0          111   1 403 394   0   0   -0.47    1.21   -8.6    8.7    0.13
  408 NU_MUBAR     -14   1 404 390   0   0   -0.08    0.01   -2.8    2.8    0.00
  409 MU-           13   1 404 390   0   0   -0.72    0.52   -4.2    4.3    0.11
  410 K+           321   1 404 390   0   0   -2.48    3.60  -20.2   20.6    0.49
  411 KBAR0       -311 198 406 394 413 413   -3.79    2.37  -28.8   29.1    0.50
  412 PI0          111   1 406 394   0   0   -0.69    0.79   -6.4    6.5    0.13
  413 K_L0         130   1 411 394   0   0   -3.79    2.37  -28.8   29.1    0.50

                           ---HEAVY PARTICLE DECAYS---

 IHEP    ID      IDPDG IST MO1 MO2 DA1 DA2   P-X     P-Y     P-Z  ENERGY    MASS
  414 UQRK           2 125 331 418 419 418    1.89    1.99   -7.3    7.8    0.32
  415 BBAR          -5 155 331 414 416 418   29.32   30.88 -113.4  121.3    4.96
  416 SBAR          -3 123 415 417 420 417    7.54    7.76  -26.7   28.8    0.50
  417 CQRK           4 124 415 416 422 416   14.01   15.80  -55.1   59.0    1.55
  418 CBAR          -4 124 415 415 424 415    7.78    7.32  -31.7   33.4    1.55
  419 UQRK           2 160 414 428 429 428    1.89    1.99   -7.3    7.8    0.32

                              ---PARTON SHOWERS---    

 IHEP    ID      IDPDG IST MO1 MO2 DA1 DA2   P-X     P-Y     P-Z  ENERGY    MASS
  420 SBAR          94 143 416 415 421 421    7.54    7.76  -26.7   28.8    0.50
  421 SBAR          -3   2 420 423 426 423    7.54    7.76  -26.7   28.8    0.50
  422 CQRK          94 144 417 415 423 423   14.01   15.80  -55.1   59.0    1.55
  423 CQRK           4   2 422 426 427 426   14.01   15.80  -55.1   59.0    1.55
  424 CBAR          94 144 418 415 425 425    7.78    7.32  -31.7   33.4    1.55
  425 CBAR          -4   2 424 419 428 419    7.78    7.32  -31.7   33.4    1.55

                              ---GLUON SPLITTING---   

 IHEP    ID      IDPDG IST MO1 MO2 DA1 DA2   P-X     P-Y     P-Z  ENERGY    MASS
  426 SBAR          -3 158 420 427 430 427    7.54    7.76  -26.7   28.8    0.50
  427 CQRK           4 158 422 426 430 426   14.01   15.80  -55.1   59.0    1.55
  428 CBAR          -4 158 424 419 429 419    7.78    7.32  -31.7   33.4    1.55

                             ---CLUSTER FORMATION---  

 IHEP    ID      IDPDG IST MO1 MO2 DA1 DA2   P-X     P-Y     P-Z  ENERGY    MASS
  429 CLUS          91 183 419 428 431 431    9.35    8.80  -38.0   40.2    1.86
  430 CLUS          91 183 427 426 432 432   21.87   24.07  -82.7   88.9    1.97

                              ---CLUSTER DECAYS---    

 IHEP    ID      IDPDG IST MO1 MO2 DA1 DA2   P-X     P-Y     P-Z  ENERGY    MASS
  431 DBAR0       -421 196 429 414 433 434    9.35    8.80  -38.0   40.2    1.86
  432 D_S+         431 196 430 422 435 436   21.87   24.07  -82.7   88.9    1.97

                           ---STRONG HADRON DECAYS--- 

 IHEP    ID      IDPDG IST MO1 MO2 DA1 DA2   P-X     P-Y     P-Z  ENERGY    MASS
  433 K+           321   1 431 414   0   0    4.01    3.92  -17.2   18.1    0.49
  434 A_1-      -20213 198 431 414 437 438    5.33    4.89  -20.8   22.1    1.23
  435 K*+          323 198 432 422 439 440    7.40    7.92  -28.2   30.2    0.89
  436 K*BAR0      -313 198 432 422 441 442   14.47   16.15  -54.5   58.7    0.90
  437 RHO-        -213 198 434 414 443 444    2.87    2.59  -12.1   12.8    0.77
  438 PI0          111   1 434 414   0   0    2.47    2.30   -8.7    9.3    0.13
  439 K0           311 198 435 422 445 445    5.77    6.54  -22.8   24.4    0.50
  440 PI+          211   1 435 422   0   0    1.63    1.38   -5.4    5.8    0.14
  441 K-          -321   1 436 422   0   0    5.83    6.30  -22.0   23.6    0.49
  442 PI+          211   1 436 422   0   0    8.63    9.84  -32.6   35.1    0.14
  443 PI-         -211   1 437 414   0   0    1.69    1.91   -7.3    7.8    0.14
  444 PI0          111   1 437 414   0   0    1.18    0.67   -4.8    5.0    0.13
  445 K_L0         130   1 439 422   0   0    5.77    6.54  -22.8   24.4    0.50

 HWWARN CALLED FROM SUBPROGRAM HWSBRN: CODE = 102
 EVENT     142:   SEEDS = 2038815796 & 1312643348  WEIGHT = 0.6035E-03
 EVENT KILLED.   EXECUTION CONTINUES

 HWWARN CALLED FROM SUBPROGRAM HWDFOR: CODE = 101
 EVENT    6453:   SEEDS = 1909309371 & 1265221687  WEIGHT =-0.6035E-03
 EVENT KILLED.   EXECUTION CONTINUES

 HWWARN CALLED FROM SUBPROGRAM HWSBRN: CODE = 102
 EVENT    7587:   SEEDS = 1162194679 &  266448783  WEIGHT = 0.6035E-03
 EVENT KILLED.   EXECUTION CONTINUES

 HWWARN CALLED FROM SUBPROGRAM HWDFIV: CODE = 101
 EVENT    7836:   SEEDS = 2072973613 &  744353715  WEIGHT =-0.6035E-03
 EVENT KILLED.   EXECUTION CONTINUES

 HWWARN CALLED FROM SUBPROGRAM HWBGEN: CODE = 100
 EVENT    8458:   SEEDS = 1293412287 &  807803392  WEIGHT = 0.6035E-03
 EVENT KILLED.   EXECUTION CONTINUES

 HWWARN CALLED FROM SUBPROGRAM HWDFIV: CODE = 101
 EVENT    9763:   SEEDS =  944923629 &  827530477  WEIGHT = 0.6035E-03
 EVENT KILLED.   EXECUTION CONTINUES

          OUTPUT ON LES HOUCHES EVENTS


      PROC CODE  XSECT(pb)        XERR(pb)      Max wgt(nb) No. of events


          OUTPUT ON ELEMENTARY PROCESS

          N.B. NEGATIVE WEIGHTS ALLOWED

          NUMBER OF EVENTS   =        9994
          NEGATIVE  EVENTS   =        2671
          NUMBER OF WEIGHTS  =       10000
          NEGATIVE  WEIGHTS  =        2673
          MEAN VALUE OF WGT  =  2.8089E-04
          RMS SPREAD IN WGT  =  5.3420E-04
          MEAN ABS WEIGHT    =  6.0354E-04
          ACTUAL MAX ABS WGT =  1.0000E+00
          ASSUMED MAXABS WGT =  2.8089E-04

          PROCESS CODE IPROC =      -18000
          CROSS SECTION (PB) =  0.2809    
          ERROR IN C-S  (PB) =  5.3420E-03
          EFFICIENCY PERCENT =   100.0    
 # of events processed=        9994
