 Enter filename for events
 Enter maximum number of events to generate
 MUST coincide with the number of events on tape
 Enter 0 to use Herwig default PDFs
       1 to use PDFs from library
 Enter colliding particles (PART1, PART2)
 Enter beam momenta (PBEAM1, PBEAM2)


          HERWIG 6.521  11th Mar. 2013

          Please reference:  G. Marchesini, B.R. Webber,
          G.Abbiendi, I.G.Knowles, M.H.Seymour & L.Stanco
          Computer Physics Communications 67 (1992) 465
                             and
          G.Corcella, I.G.Knowles, G.Marchesini, S.Moretti,
          K.Odagiri, P.Richardson, M.H.Seymour & B.R.Webber,
          JHEP 0101 (2001) 010
 Enter .TRUE. for underlying event, .FALSE. otherwise

 Underlying event WILL NOT be generated

 Enter Lambda_QCD, <0 for Herwig default
 Enter Z mass, width
 Enter W mass, width
 Enter top mass, width
 Enter Higgs (SM) boson mass, width
 Enter quark (d,u,s,c,b) and gluon masses
 Enter lepton (e,mu,tau) masses
 Enter number of events to print
 Enter accepted error fraction
 Is it single-top (.TRUE. or .FALSE)?
 Is it b-bbar (.TRUE. or .FALSE)?
 Enter the two random seeds (0 0 for default)

          INPUT CONDITIONS FOR THIS RUN

          BEAM 1 (P       ) MOM. =   6500.00
          BEAM 2 (P       ) MOM. =   6500.00
          PROCESS CODE (IPROC)   =  -18000
          NUMBER OF FLAVOURS     =    6
          STRUCTURE FUNCTION SET =    8
          AZIM SPIN CORRELATIONS =    T
          AZIM SOFT CORRELATIONS =    T
          QCD LAMBDA (GEV)       =    0.1800
          DOWN     QUARK  MASS   =    0.3200
          UP       QUARK  MASS   =    0.3200
          STRANGE  QUARK  MASS   =    0.5000
          CHARMED  QUARK  MASS   =    1.5500
          BOTTOM   QUARK  MASS   =    4.9500
          TOP      QUARK  MASS   =  173.0000
          GLUON EFFECTIVE MASS   =    0.7500
          EXTRA SHOWER CUTOFF (Q)=    0.4800
          EXTRA SHOWER CUTOFF (G)=    0.1000
          PHOTON SHOWER CUTOFF   =    0.4000
          CLUSTER MASS PARAMETER =    3.3500
          SPACELIKE EVOLN CUTOFF =    2.5000
          INTRINSIC P-TRAN (RMS) =    0.0000
          DECAY SPIN CORRELATIONS=    T
          SUSY THREE BODY ME     =    T
          SUSY FOUR  BODY ME     =    F

          NO EVENTS WILL BE WRITTEN TO DISK

          B_d: Delt-M/Gam =0.7000 Delt-Gam/2*Gam =0.0000
          B_s: Delt-M/Gam = 10.00 Delt-Gam/2*Gam =0.2000

          PDFLIB NOT USED FOR BEAM 1
          PDFLIB NOT USED FOR BEAM 2


          Checking consistency of particle properties


          Checking consistency of decay tables


          WRITING SUDAKOV TABLE ON UNIT  77

          WRITING MATRIX ELEMENT TABLE ON UNIT  88

          CHECKING SUSY DECAY MATRIX ELEMENTS
 Do you want a stable Pi0 (.TRUE. or .FALSE)?
 Do you want a stable W+ (.TRUE. or .FALSE)?
 Do you want a stable W- (.TRUE. or .FALSE)?
 Do you want a stable Z0 (.TRUE. or .FALSE)?
 Do you want a stable Tau+ (.TRUE. or .FALSE)?
 Do you want a stable Tau- (.TRUE. or .FALSE)?
 Do you want a stable Mu+ (.TRUE. or .FALSE)?
 Do you want a stable Mu- (.TRUE. or .FALSE)?
 Do you want a stable Higgs (.TRUE. or .FALSE)?

          PARTICLE TYPE  21=PI0      SET STABLE
 How many decay modes do you want to set?
 How are the events normalized ("average" or "sum")?
 stdhep initialized

          SUBROUTINE TIMEL CALLED BUT NOT LINKED.
          DUMMY TIMEL WILL BE USED. DELETE DUMMY
          AND LINK CERNLIB FOR CPU TIME REMAINING.

 HWWARN CALLED FROM SUBPROGRAM HWSMRS: CODE =   5
 EVENT       1:   SEEDS = 1973774260 & 1099242306  WEIGHT = 0.5963E-03
 EVENT SURVIVES. EXECUTION CONTINUES
 WARNING: MRST98 CALLED WITH Q OUTSIDE ALLOWED RANGE!
 Q VALUE=1.430E+04, MINIMUM=1.118E+00, MAXIMUM=3.162E+03
 NO FURTHER WARNINGS WILL BE ISSUED



 EVENT       1: 6500.00 GEV/C P        ON  6500.00 GEV/C P        PROCESS:-18000
 SEEDS:  1973774260 &  1099242306   STATUS:  100 ERROR:   0  WEIGHT:  5.9634E-04


                               ---INITIAL STATE---    

 IHEP    ID      IDPDG IST MO1 MO2 DA1 DA2   P-X     P-Y     P-Z  ENERGY    MASS
    1 P           2212 101   0   0   0   0    0.00    0.00 6500.0 6500.0    0.94
    2 P           2212 102   0   0   0   0    0.00    0.00-6500.0 6500.0    0.94
    3 CMF            0 103   1   2   0   0    0.00    0.00    0.013000.013000.00

                              ---HARD SUBPROCESS---   

 IHEP    ID      IDPDG IST MO1 MO2 DA1 DA2   P-X     P-Y     P-Z  ENERGY    MASS
    4 DQRK           1 121   6   8  11  10    0.00    0.00  464.8  464.8    0.32
    5 UQRK           2 122   6   9  13   8   -0.00   -0.00-1342.3 1342.3    0.32
    6 HARD           0 120   4   5   7  10    0.00    0.00 -877.5 1807.0 1579.67
    7 HIGGS         25 123   6   7  15   7 -241.67   84.41 -647.2  707.1  125.00
    8 DQRK           1 124   6   5  16   4   20.61  -34.79 -634.0  635.3    0.32
    9 UQRK           2 124   6  10  18   5  187.93  -51.89  321.9  376.4    0.32
   10 GLUON         21 124   6   4  20   9   33.13    2.27   81.8   88.2    0.75

                              ---PARTON SHOWERS---    

 IHEP    ID      IDPDG IST MO1 MO2 DA1 DA2   P-X     P-Y     P-Z  ENERGY    MASS
   11 DQRK          94 141   4   6  12  12    0.00    0.00  464.8  464.8    0.23
   12 UU          2203   2  11  17  28  27    0.00    0.00 6035.2 6035.2    0.32
   13 UQRK          94 142   5   6  14  14    0.00    0.00-1342.3 1342.3    0.39
   14 UD          2101   2  13  19  29  17    0.00    0.00-5157.7 5157.7    0.32
   15 HIGGS         25 195   7   6 183 184 -241.59   84.38 -647.0  706.9  125.00
   16 DQRK          94 144   8   6  17  17   20.60  -34.78 -633.8  635.1    0.32
   17 DQRK           1   2  16  29  30  28   20.60  -34.78 -633.8  635.1    0.32
   18 UQRK          94 144   9   6  19  19  187.87  -51.87  321.8  376.2    0.32
   19 UQRK           2   2  18  22  31  29  187.87  -51.87  321.8  376.2    0.32
   20 GLUON         94 144  10   6  22  27   33.12    2.26   81.4   88.8   12.26
   21 CONE           0 100  10   4   0   0   -0.73   -0.05    0.8    1.1    0.00
   22 GLUON         21   2  20  23  32  33   -0.06   -0.52    1.4    1.7    0.75
   23 GLUON         21   2  20  24  34  35   12.74    0.88   30.2   32.8    0.75
   24 GLUON         21   2  20  25  36  37    9.43    2.46   17.3   19.9    0.75
   25 GLUON         21   2  20  26  38  39    4.00   -0.94   11.4   12.1    0.75
   26 UBAR          -2   2  20  27  40  39    1.21    0.39    3.5    3.7    0.32
   27 UQRK           2   2  20  28  41  40    5.80   -0.02   17.8   18.7    0.32

                              ---GLUON SPLITTING---   

 IHEP    ID      IDPDG IST MO1 MO2 DA1 DA2   P-X     P-Y     P-Z  ENERGY    MASS
   28 UU          2203 161  11  30  98  45    0.00   -0.00 3823.6 3823.6    0.64
   29 UD          2101 162  13  31  97  43    0.00   -0.00-3724.6 3724.6    0.64
   30 DQRK           1 158  16  50  90  28   11.09  -18.72 -341.2  341.9    0.32
   31 UQRK           2 158  18  54  91  29  109.17  -30.14  187.0  218.6    0.32
   32 UBAR          -2 158  20  33 109  67    0.08   -0.17    0.5    0.6    0.32
   33 UQRK           2 158  20  34  92  32    0.15   -0.22    0.8    0.9    0.32
   34 UBAR          -2 158  20  35  92  33    4.68    0.47   11.4   12.3    0.32
   35 UQRK           2 158  20  36  93  34    8.06    0.42   18.8   20.5    0.32
   36 UBAR          -2 158  20  37  93  35    4.60    1.21    8.0    9.3    0.32
   37 UQRK           2 158  20  38  94  36    4.83    1.26    9.3   10.5    0.32
   38 DBAR          -1 158  20  39  94  37    1.75   -0.61    5.1    5.4    0.32
   39 DQRK           1 158  20  40  95  38    2.26   -0.34    6.3    6.7    0.32
   40 UBAR          -2 158  20  41  95  39    1.21    0.39    3.5    3.7    0.32
   41 UQRK           2 158  20  58  96  40    3.16   -0.01    9.8   10.3    0.32
   42 DBAR          -1 159  13  43 118  85    0.00   -0.00 -680.2  680.2    0.32
   43 DQRK           1 159  16  29  97  42    0.01   -0.01 -146.1  146.1    0.32
   44 UBAR          -2 159  11  45 119  87    0.00   -0.00  609.6  609.6    0.32
   45 UQRK           2 159  20  28  98  44    0.00   -0.00  142.3  142.3    0.32
   46 DBAR          -1 159  13  47 107  63    0.00   -0.00 -315.2  315.2    0.32
   47 DQRK           1 159  16  60  99  46    5.43   -9.18 -167.3  167.7    0.32
   48 SBAR          -3 159  13  49 108  65    0.05   -0.09  -38.6   38.6    0.50
   49 SQRK           3 159  16  62 100  48    0.25   -0.42  -15.7   15.7    0.50
   50 UBAR          -2 159  13  51  90  30    0.15   -0.25  -10.1   10.1    0.32
   51 UQRK           2 159  16  64 101  50    2.75   -4.64  -84.8   84.9    0.32
   52 DBAR          -1 159  20  53 103  55    0.27   -0.16    0.7    0.8    0.32
   53 DQRK           1 159  18  68 102  52   43.04  -11.88   73.7   86.2    0.32
   54 SBAR          -3 159  20  55  91  31    5.18   -1.44    8.9   10.4    0.50
   55 SQRK           3 159  18  52 103  54   14.43   -3.99   24.7   28.9    0.50
   56 DBAR          -1 159  11  57 115  79    0.00   -0.00  127.8  127.8    0.32
   57 DQRK           1 159  20  76 104  56    0.87   -0.00    3.0    3.2    0.32
   58 DBAR          -1 159  11  59  96  41    0.04   -0.00    7.6    7.6    0.32
   59 DQRK           1 159  20  82 105  58    0.81   -0.00    2.9    3.0    0.32
   60 DBAR          -1 159  13  61  99  47    0.11   -0.18  -10.9   10.9    0.32
   61 DQRK           1 159  16  84 106  60    0.19   -0.32  -10.2   10.2    0.32
   62 DBAR          -1 159  13  63 100  49    0.07   -0.12  -13.8   13.8    0.32
   63 DQRK           1 159  16  46 107  62    0.01   -0.01  -94.9   94.9    0.32
   64 UBAR          -2 159  13  65 101  51    0.33   -0.56  -12.7   12.7    0.32
   65 UQRK           2 159  16  48 108  64    0.12   -0.21  -10.4   10.5    0.32
   66 DBAR          -1 159  20  67 110  69    0.59   -0.21    1.1    1.3    0.32
   67 DQRK           1 159  18  32 109  66    2.85   -0.80    4.9    5.7    0.32
   68 DBAR          -1 159  20  69 102  53    0.49   -0.19    1.0    1.2    0.32
   69 DQRK           1 159  18  66 110  68   11.56   -3.19   19.8   23.2    0.32
   70 SBAR          -3 159  11  71 112  73    0.00   -0.00  547.6  547.6    0.50
   71 SQRK           3 159  20  86 111  70    0.06   -0.00   14.0   14.0    0.50
   72 SBAR          -3 159  11  73 113  75    0.00   -0.00  232.0  232.0    0.50
   73 SQRK           3 159  20  70 112  72    0.04   -0.00   22.2   22.3    0.50
   74 UBAR          -2 159  11  75 114  77    0.00   -0.00   82.8   82.8    0.32
   75 UQRK           2 159  20  72 113  74    0.03   -0.00   12.6   12.6    0.32
   76 UBAR          -2 159  11  77 104  57    0.03   -0.00   12.2   12.2    0.32
   77 UQRK           2 159  20  74 114  76    0.02   -0.00   14.8   14.8    0.32
   78 DBAR          -1 159  11  79 120  89    0.00   -0.00  265.1  265.1    0.32
   79 DQRK           1 159  20  56 115  78    0.14   -0.00    2.8    2.8    0.32
   80 DBAR          -1 159  11  81 117  83    0.01   -0.00   40.2   40.2    0.32
   81 DQRK           1 159  20  88 116  80    0.13   -0.00    2.8    2.8    0.32
   82 SBAR          -3 159  11  83 105  59    0.09   -0.00    8.8    8.8    0.50
   83 SQRK           3 159  20  80 117  82    0.18   -0.00    4.8    4.9    0.50
   84 UBAR          -2 159  13  85 106  61    0.01   -0.02  -84.7   84.7    0.32
   85 UQRK           2 159  16  42 118  84    0.03   -0.05  -30.2   30.2    0.32
   86 SBAR          -3 159  11  87 111  71    0.03   -0.00   26.0   26.0    0.50
   87 SQRK           3 159  20  44 119  86    0.04   -0.00   18.4   18.4    0.50
   88 UBAR          -2 159  11  89 116  81    0.02   -0.00   15.6   15.6    0.32
   89 UQRK           2 159  20  78 120  88    0.09   -0.00    3.8    3.8    0.32

                             ---CLUSTER FORMATION---  

 IHEP    ID      IDPDG IST MO1 MO2 DA1 DA2   P-X     P-Y     P-Z  ENERGY    MASS
   90 CLUS          91 183  30  50 121 122   11.24  -18.97 -351.3  352.0    2.80
   91 CLUS          91 183  31  54 123 124  114.35  -31.58  195.9  229.0    2.37
   92 CLUS          91 183  33  34 125 126    4.83    0.25   12.1   13.2    1.74
   93 CLUS          91 183  35  36 127 128   12.66    1.62   26.9   29.8    2.29
   94 CLUS          91 183  37  38 129 130    6.58    0.65   14.3   15.9    2.18
   95 CLUS          91 183  39  40 131 132    3.46    0.06    9.8   10.4    1.03
   96 CLUS          91 183  41  58 133 134    3.21   -0.01   17.4   17.9    2.79
   97 CLUS          91 185  43  29 135 136    0.01   -0.01-3870.7 3870.7    1.77
   98 CLUS          91 184  45  28 137 138    0.00   -0.00 3966.0 3966.0    1.81
   99 CLUS          91 183  47  60 139 140    5.54   -9.36 -178.3  178.6    2.32
  100 CLUS          91 183  49  62 141 142    0.32   -0.54  -29.5   29.5    0.89
  101 CLUS          91 183  51  64 143 144    3.08   -5.20  -97.4   97.6    1.03
  102 CLUS          91 183  53  68 145 146   43.53  -12.07   74.7   87.4    2.90
  103 CLUS          91 183  55  52 147 148   14.70   -4.15   25.4   29.7    2.18
  104 CLUS          91 183  57  76 149 150    0.90   -0.00   15.3   15.4    1.90
  105 CLUS          91 183  59  82 151 152    0.90   -0.00   11.6   11.8    1.60
  106 CLUS          91 183  61  84 153 154    0.20   -0.34  -94.8   94.8    1.49
  107 CLUS          91 183  63  46 155 156    0.01   -0.02 -410.2  410.2    0.76
  108 CLUS          91 183  65  48 157 158    0.18   -0.30  -49.0   49.0    0.98
  109 CLUS          91 183  67  32 159 160    2.93   -0.96    5.4    6.4    1.31
  110 CLUS          91 183  69  66 161 162   12.15   -3.40   20.9   24.5    1.45
  111 CLUS          91 183  71  86 163 164    0.09   -0.00   39.9   39.9    1.05
  112 CLUS          91 183  73  70 165 166    0.04   -0.00  569.8  569.8    2.59
  113 CLUS          91 183  75  72 167 168    0.03   -0.00  244.5  244.5    1.51
  114 CLUS          91 183  77  74 169 170    0.03   -0.00   97.6   97.6    0.89
  115 CLUS          91 183  79  56 171 172    0.14   -0.00  130.6  130.6    2.39
  116 CLUS          91 183  81  88 173 174    0.15   -0.00   18.4   18.5    0.94
  117 CLUS          91 183  83  80 175 176    0.19   -0.00   45.0   45.0    1.65
  118 CLUS          91 183  85  42 177 178    0.03   -0.05 -710.3  710.3    1.61
  119 CLUS          91 183  87  44 179 180    0.04   -0.00  628.0  628.0    2.95
  120 CLUS          91 183  89  78 181 182    0.09   -0.00  268.9  268.9    2.80

                              ---CLUSTER DECAYS---    

 IHEP    ID      IDPDG IST MO1 MO2 DA1 DA2   P-X     P-Y     P-Z  ENERGY    MASS
  121 DELTA-      1114 197  90  16 225 226    9.60  -16.21 -296.7  297.3    1.23
  122 NBAR       -2112   1  90  16   0   0    1.64   -2.76  -54.6   54.7    0.94
  123 K*_2+        325 197  91  18 227 228  104.23  -28.78  178.6  208.8    1.43
  124 ETA          221 197  91  18 229 231   10.12   -2.80   17.4   20.3    0.55
  125 A_2+         215 197  92  20 232 233    4.13   -0.12   10.1   11.0    1.32
  126 PI-         -211   1  92  20   0   0    0.71    0.37    2.0    2.1    0.14
  127 OMEGA        223 197  93  20 234 236    2.56    0.40    5.9    6.5    0.78
  128 A_20         115 197  93  20 237 238   10.09    1.22   21.0   23.4    1.32
  129 A_1+       20213 197  94  20 239 240    3.98    0.12    9.3   10.2    1.23
  130 OMEGA        223 197  94  20 241 242    2.60    0.53    5.0    5.7    0.78
  131 PI0          111   1  95  20   0   0    2.38   -0.42    6.6    7.0    0.13
  132 PI-         -211   1  95  20   0   0    1.09    0.48    3.1    3.4    0.14
  133 SIGMA+      3222 197  96  20 243 244    2.11   -0.01    8.6    8.9    1.19
  134 SGMA*BR0   -3214 197  96  20 245 246    1.09   -0.00    8.8    9.0    1.38
  135 PI0          111   1  97  16   0   0    0.17   -0.57 -965.4  965.4    0.13
  136 N           2112   1  97  16   0   0   -0.17    0.56-2905.3 2905.3    0.94
  137 PI0          111   1  98  20   0   0   -0.23   -0.30 1689.0 1689.0    0.13
  138 DELTA++     2224 197  98  20 247 248    0.23    0.30 2277.0 2277.0    1.23
  139 FL_1       20223 197  99  16 249 250    2.51   -5.52  -93.0   93.3    1.28
  140 PI0          111   1  99  16   0   0    3.03   -3.84  -85.2   85.4    0.13
  141 KBAR0       -311 197 100  16 251 251   -0.04   -0.46  -21.0   21.0    0.50
  142 PI0          111   1 100  16   0   0    0.36   -0.08   -8.5    8.5    0.13
  143 PI+          211   1 101  16   0   0    0.95   -1.53  -31.6   31.7    0.14
  144 RHO-        -213 197 101  16 252 253    2.13   -3.67  -65.8   66.0    0.77
  145 XI-         3312 197 102  18 254 255   14.27   -4.08   25.2   29.3    1.32
  146 XIBAR+     -3312 197 102  18 256 257   29.26   -8.00   49.5   58.1    1.32
  147 LAMBDA      3122 197 103  18 258 259    7.96   -1.88   13.5   15.9    1.12
  148 NBAR       -2112   1 103  18   0   0    6.74   -2.27   11.9   13.9    0.94
  149 K0           311 197 104  20 260 260   -0.10    0.33    1.9    2.0    0.50
  150 K-          -321   1 104  20   0   0    1.00   -0.33   13.3   13.4    0.49
  151 RHO-        -213 197 105  20 261 262    0.51    0.46    5.7    5.8    0.77
  152 K+           321   1 105  20   0   0    0.39   -0.46    5.9    6.0    0.49
  153 PI0          111   1 106  16   0   0   -0.11   -0.60  -29.2   29.2    0.13
  154 RHO-        -213 197 106  16 263 264    0.31    0.26  -65.6   65.6    0.77
  155 PI-         -211   1 107  16   0   0    0.06   -0.28 -330.2  330.2    0.14
  156 PI+          211   1 107  16   0   0   -0.05    0.26  -80.0   80.0    0.14
  157 PI+          211   1 108  16   0   0    0.12   -0.22  -36.1   36.1    0.14
  158 K0           311 197 108  16 265 265    0.06   -0.08  -12.9   13.0    0.50
  159 PI0          111   1 109  18   0   0    1.09   -0.32    3.3    3.5    0.13
  160 PI-         -211   1 109  18   0   0    1.84   -0.64    2.1    2.9    0.14
  161 PI-         -211   1 110  18   0   0    2.10   -0.26    3.0    3.7    0.14
  162 RHO+         213 197 110  18 266 267   10.06   -3.14   18.0   20.8    0.77
  163 K-          -321   1 111  20   0   0   -0.05   -0.11   15.6   15.6    0.49
  164 K+           321   1 111  20   0   0    0.14    0.11   24.3   24.3    0.49
  165 SIGMA+      3222 197 112  20 268 269   -0.29    0.40  277.3  277.3    1.19
  166 SIGMABR-   -3222 197 112  20 270 271    0.33   -0.40  292.5  292.5    1.19
  167 ETA          221 197 113  20 272 274    0.25    0.49  127.6  127.6    0.55
  168 K+           321   1 113  20   0   0   -0.22   -0.49  116.9  116.9    0.49
  169 PI+          211   1 114  20   0   0   -0.31    0.15   72.8   72.8    0.14
  170 PI-         -211   1 114  20   0   0    0.34   -0.15   24.7   24.7    0.14
  171 P           2212   1 115  20   0   0    0.74   -0.17   52.2   52.2    0.94
  172 PBAR       -2212   1 115  20   0   0   -0.60    0.17   78.4   78.4    0.94
  173 PI0          111   1 116  20   0   0    0.01   -0.08    4.1    4.1    0.13
  174 RHO-        -213 197 116  20 275 276    0.14    0.07   14.3   14.4    0.77
  175 K-          -321   1 117  20   0   0   -0.14    0.65   16.6   16.6    0.49
  176 PI+          211   1 117  20   0   0    0.33   -0.65   28.4   28.4    0.14
  177 PI+          211   1 118  16   0   0    0.33   -0.40 -441.1  441.1    0.14
  178 RHO0         113 197 118  16 277 278   -0.30    0.35 -269.2  269.2    0.77
  179 SIGMA+      3222 197 119  20 279 280   -0.21    0.08  480.5  480.5    1.19
  180 DLTABR--   -2224 197 119  20 281 282    0.26   -0.08  147.5  147.5    1.23
  181 P           2212   1 120  20   0   0   -0.44   -0.43  179.4  179.4    0.94
  182 DELTABR0   -2114 197 120  20 283 284    0.53    0.43   89.4   89.5    1.23

                            ---H/W/Z BOSON DECAYS---  

 IHEP    ID      IDPDG IST MO1 MO2 DA1 DA2   P-X     P-Y     P-Z  ENERGY    MASS
  183 BQRK           5 123  15 184 185 184  -14.52   36.45 -193.0  197.0    4.95
  184 BBAR          -5 124  15 183 187 183 -227.07   47.93 -454.0  509.9    4.95

                              ---PARTON SHOWERS---    

 IHEP    ID      IDPDG IST MO1 MO2 DA1 DA2   P-X     P-Y     P-Z  ENERGY    MASS
  185 BQRK          94 143 183  15 186 186  -14.47   36.34 -192.4  196.4    4.95
  186 BQRK           5   2 185 189 191 190  -14.47   36.34 -192.4  196.4    4.95
  187 BBAR          94 144 184  15 189 190 -227.12   48.05 -454.6  510.5    8.51
  188 CONE           0 100 184 183   0   0   -0.38    0.52   -2.9    3.0    0.00
  189 GLUON         21   2 187 190 192 193  -28.26    8.03  -58.9   65.8    0.75
  190 BBAR          -5   2 187 191 194 193 -198.85   40.01 -395.7  444.7    4.95

                              ---GLUON SPLITTING---   

 IHEP    ID      IDPDG IST MO1 MO2 DA1 DA2   P-X     P-Y     P-Z  ENERGY    MASS
  191 BQRK           5 158 185 197 205 194  -11.72   29.04 -153.8  157.1    4.95
  192 DBAR          -1 158 187 193 210 202  -11.45    3.22  -23.9   26.7    0.32
  193 DQRK           1 158 187 199 206 192   -5.47    1.42  -11.2   12.6    0.32
  194 BBAR          -5 158 187 191 209 200 -182.43   36.91 -363.3  408.2    4.95
  195 UBAR          -2 159 187 196 208 198   -1.31    0.41   -2.9    3.2    0.32
  196 UQRK           2 159 185 203 207 195   -0.52    1.22   -6.5    6.6    0.32
  197 DBAR          -1 159 187 198 205 191   -0.30    0.40   -2.2    2.3    0.32
  198 DQRK           1 159 185 195 208 197   -1.98    5.06  -26.8   27.3    0.32
  199 DBAR          -1 159 187 200 206 193  -10.52    2.15  -21.0   23.6    0.32
  200 DQRK           1 159 187 194 209 199   -7.54    1.61  -15.1   17.0    0.32
  201 DBAR          -1 159 187 202 211 204   -5.85    1.65  -12.2   13.7    0.32
  202 DQRK           1 159 185 192 210 201   -0.45    0.26   -1.6    1.7    0.32
  203 SBAR          -3 159 187 204 207 196   -0.51    0.51   -2.9    3.0    0.50
  204 SQRK           3 159 185 201 211 203   -1.54    0.52   -3.6    4.0    0.50

                             ---CLUSTER FORMATION---  

 IHEP    ID      IDPDG IST MO1 MO2 DA1 DA2   P-X     P-Y     P-Z  ENERGY    MASS
  205 CLUS          91 183 191 197 212 213  -12.02   29.43 -156.0  159.3    5.78
  206 CLUS          91 183 193 199 214 215  -15.99    3.57  -32.2   36.1    0.79
  207 CLUS          91 183 196 203 216 217   -1.02    1.73   -9.4    9.7    1.06
  208 CLUS          91 183 198 195 218 219   -3.28    5.47  -29.7   30.5    3.41
  209 CLUS          91 183 200 194 220 220 -190.00   38.52 -378.4  425.2    5.28
  210 CLUS          91 183 202 192 221 222  -11.87    3.48  -25.4   28.3    1.78
  211 CLUS          91 183 204 201 223 224   -7.39    2.17  -15.9   17.7    1.16

                              ---CLUSTER DECAYS---    

 IHEP    ID      IDPDG IST MO1 MO2 DA1 DA2   P-X     P-Y     P-Z  ENERGY    MASS
  212 B_DBAR0     -511 200 205 185 285 285  -11.88   29.30 -155.3  158.6    5.28
  213 PI0          111   1 205 185   0   0   -0.14    0.13   -0.7    0.8    0.13
  214 PI-         -211   1 206 187   0   0   -6.70    1.13  -13.5   15.1    0.14
  215 PI+          211   1 206 187   0   0   -9.30    2.44  -18.6   21.0    0.14
  216 PI0          111   1 207 185   0   0   -0.90    1.30   -6.0    6.2    0.13
  217 K+           321   1 207 185   0   0   -0.13    0.43   -3.4    3.4    0.49
  218 A_2-        -215 197 208 185 286 287   -1.56    4.31  -20.8   21.3    1.32
  219 F_2          225 197 208 185 288 289   -1.73    1.16   -8.9    9.2    1.27
  220 B_D0         511 200 209 187 290 290 -190.00   38.52 -378.4  425.2    5.28
  221 PI-         -211   1 210 185   0   0   -7.66    2.34  -14.5   16.5    0.14
  222 PI+          211   1 210 185   0   0   -4.21    1.15  -10.9   11.8    0.14
  223 K*BAR0      -313 197 211 185 294 295   -6.66    2.04  -14.6   16.2    0.90
  224 PI0          111   1 211 185   0   0   -0.73    0.13   -1.3    1.5    0.13

                           ---STRONG HADRON DECAYS--- 

 IHEP    ID      IDPDG IST MO1 MO2 DA1 DA2   P-X     P-Y     P-Z  ENERGY    MASS
  225 N           2112   1 121  16   0   0    8.81  -14.56 -266.6  267.2    0.94
  226 PI-         -211   1 121  16   0   0    0.80   -1.65  -30.0   30.1    0.14
  227 K0           311 198 123  18 296 296   58.41  -16.05   98.8  115.9    0.50
  228 PI+          211   1 123  18   0   0   45.82  -12.73   79.7   92.8    0.14
  229 PI+          211   1 124  18   0   0    4.58   -1.36    8.0    9.4    0.14
  230 PI-         -211   1 124  18   0   0    2.75   -0.69    4.8    5.6    0.14
  231 PI0          111   1 124  18   0   0    2.79   -0.75    4.5    5.4    0.13
  232 ETA          221 198 125  20 297 299    3.47    0.24    8.9    9.6    0.55
  233 PI+          211   1 125  20   0   0    0.65   -0.36    1.2    1.4    0.14
  234 PI+          211   1 127  20   0   0    1.96    0.29    3.9    4.4    0.14
  235 PI-         -211   1 127  20   0   0    0.43    0.01    1.3    1.4    0.14
  236 PI0          111   1 127  20   0   0    0.18    0.10    0.7    0.7    0.13
  237 RHO+         213 198 128  20 300 301    7.28    1.21   14.6   16.4    0.77
  238 PI-         -211   1 128  20   0   0    2.81    0.01    6.4    7.0    0.14
  239 RHO0         113 198 129  20 302 303    2.59    0.03    6.9    7.4    0.77
  240 PI+          211   1 129  20   0   0    1.38    0.08    2.3    2.7    0.14
  241 PI0          111   1 130  20   0   0    1.05    0.32    1.4    1.8    0.13
  242 GAMMA         22   1 130  20   0   0    1.55    0.21    3.6    4.0    0.00
  243 P           2212   1 133  20   0   0    1.63   -0.08    7.3    7.5    0.94
  244 PI0          111   1 133  20   0   0    0.48    0.07    1.3    1.4    0.13
  245 LAMBDABR   -3122 198 134  20 304 305    0.80   -0.18    7.4    7.5    1.12
  246 PI0          111   1 134  20   0   0    0.29    0.17    1.4    1.5    0.13
  247 P           2212   1 138  20   0   0    0.24    0.06 1487.2 1487.2    0.94
  248 PI+          211   1 138  20   0   0   -0.01    0.24  789.8  789.8    0.14
  249 PHI          333 198 139  16 306 307    1.85   -4.62  -76.8   77.0    1.02
  250 GAMMA         22   1 139  16   0   0    0.66   -0.90  -16.3   16.3    0.00
  251 K_S0         310 198 141  16 308 309   -0.04   -0.46  -21.0   21.0    0.50
  252 PI-         -211   1 144  16   0   0    0.82   -1.34  -29.9   29.9    0.14
  253 PI0          111   1 144  16   0   0    1.30   -2.33  -36.0   36.1    0.13
  254 LAMBDA      3122 198 145  18 310 311   12.11   -3.42   21.1   24.6    1.12
  255 PI-         -211   1 145  18   0   0    2.16   -0.65    4.1    4.7    0.14
  256 LAMBDABR   -3122 198 146  18 312 313   24.67   -6.85   41.6   48.9    1.12
  257 PI+          211   1 146  18   0   0    4.59   -1.14    7.9    9.2    0.14
  258 P           2212   1 147  18   0   0    7.18   -1.73   12.3   14.4    0.94
  259 PI-         -211   1 147  18   0   0    0.78   -0.15    1.2    1.4    0.14
  260 K_S0         310 198 149  20 314 315   -0.10    0.33    1.9    2.0    0.50
  261 PI-         -211   1 151  20   0   0    0.53    0.10    4.5    4.5    0.14
  262 PI0          111   1 151  20   0   0   -0.02    0.35    1.2    1.3    0.13
  263 PI-         -211   1 154  16   0   0   -0.01    0.28  -10.7   10.7    0.14
  264 PI0          111   1 154  16   0   0    0.32   -0.02  -54.9   54.9    0.13
  265 K_L0         130   1 158  16   0   0    0.06   -0.08  -12.9   13.0    0.50
  266 PI+          211   1 162  18   0   0    2.66   -1.13    5.2    5.9    0.14
  267 PI0          111   1 162  18   0   0    7.40   -2.02   12.8   14.9    0.13
  268 N           2112   1 165  20   0   0   -0.12    0.28  183.9  183.9    0.94
  269 PI+          211   1 165  20   0   0   -0.17    0.12   93.4   93.4    0.14
  270 NBAR       -2112   1 166  20   0   0    0.31   -0.37  201.4  201.4    0.94
  271 PI-         -211   1 166  20   0   0    0.02   -0.03   91.2   91.2    0.14
  272 E+           -11   1 167  20   0   0    0.07    0.32   66.5   66.5    0.00
  273 E-            11   1 167  20   0   0   -0.07    0.11    9.8    9.8    0.00
  274 GAMMA         22   1 167  20   0   0    0.25    0.06   51.4   51.4    0.00
  275 PI-         -211   1 174  20   0   0    0.15    0.34   11.5   11.5    0.14
  276 PI0          111   1 174  20   0   0   -0.00   -0.26    2.9    2.9    0.13
  277 PI+          211   1 178  16   0   0   -0.25   -0.13  -51.7   51.7    0.14
  278 PI-         -211   1 178  16   0   0   -0.06    0.47 -217.5  217.5    0.14
  279 N           2112   1 179  20   0   0   -0.28    0.14  447.8  447.8    0.94
  280 PI+          211   1 179  20   0   0    0.07   -0.06   32.7   32.7    0.14
  281 PBAR       -2212   1 180  20   0   0    0.23   -0.14  141.5  141.5    0.94
  282 PI-         -211   1 180  20   0   0    0.02    0.06    6.0    6.0    0.14
  283 NBAR       -2112   1 182  20   0   0    0.55    0.56   77.6   77.6    0.94
  284 PI0          111   1 182  20   0   0   -0.02   -0.13   11.8   11.8    0.13
  285 B_DBAR0     -511 199 212 185 324 325  -11.88   29.30 -155.3  158.6    5.28
  286 RHO0         113 198 218 185 316 317   -0.80    3.41  -15.6   16.1    0.77
  287 PI-         -211   1 218 185   0   0   -0.75    0.90   -5.1    5.3    0.14
  288 PI0          111   1 219 185   0   0   -0.80    1.17   -4.2    4.4    0.13
  289 PI0          111   1 219 185   0   0   -0.93   -0.01   -4.7    4.8    0.13
  290 B_DBAR0     -511 196 220 187 291 293 -190.00   38.52 -378.4  425.2    5.28
  291 MU-           13   1 290 187   0   0  -44.22   10.09  -88.4   99.4    0.11
  292 NU_MUBAR     -14   1 290 187   0   0  -17.99    3.26  -38.2   42.4    0.00
  293 D+           411 198 290 187 318 320 -127.79   25.17 -251.8  283.5    1.87
  294 K-          -321   1 223 185   0   0   -3.19    0.82   -6.5    7.3    0.49
  295 PI+          211   1 223 185   0   0   -3.47    1.22   -8.1    8.9    0.14
  296 K_L0         130   1 227  18   0   0   58.41  -16.05   98.8  115.9    0.50
  297 PI+          211   1 232  20   0   0    0.43    0.07    1.1    1.2    0.14
  298 PI-         -211   1 232  20   0   0    0.70    0.02    1.8    1.9    0.14
  299 PI0          111   1 232  20   0   0    2.35    0.15    6.1    6.5    0.13
  300 PI+          211   1 237  20   0   0    1.09    0.42    2.5    2.7    0.14
  301 PI0          111   1 237  20   0   0    6.19    0.79   12.2   13.7    0.13
  302 PI+          211   1 239  20   0   0    1.47   -0.06    4.8    5.1    0.14
  303 PI-         -211   1 239  20   0   0    1.12    0.09    2.1    2.4    0.14
  304 PBAR       -2212   1 245  20   0   0    0.60   -0.22    6.0    6.1    0.94
  305 PI+          211   1 245  20   0   0    0.20    0.05    1.4    1.5    0.14
  306 K+           321   1 249  16   0   0    0.98   -2.40  -38.0   38.1    0.49
  307 K-          -321   1 249  16   0   0    0.87   -2.22  -38.8   38.9    0.49
  308 PI+          211   1 251  16   0   0    0.13   -0.03   -5.1    5.1    0.14
  309 PI-         -211   1 251  16   0   0   -0.17   -0.43  -15.9   15.9    0.14
  310 P           2212   1 254  18   0   0   10.86   -3.12   19.1   22.2    0.94
  311 PI-         -211   1 254  18   0   0    1.25   -0.30    2.0    2.4    0.14
  312 NBAR       -2112   1 256  18   0   0   19.51   -5.38   32.8   38.5    0.94
  313 PI0          111   1 256  18   0   0    5.16   -1.47    8.9   10.4    0.13
  314 PI0          111   1 260  20   0   0   -0.01    0.23    1.7    1.7    0.13
  315 PI0          111   1 260  20   0   0   -0.10    0.10    0.2    0.3    0.13
  316 PI+          211   1 286 185   0   0   -0.81    2.70  -13.4   13.7    0.14
  317 PI-         -211   1 286 185   0   0    0.01    0.70   -2.3    2.4    0.14
  318 KBAR0       -311 198 293 187 321 321  -40.94    8.37  -82.0   92.0    0.50
  319 PI+          211   1 293 187   0   0  -38.20    7.03  -74.3   83.8    0.14
  320 PI0          111   1 293 187   0   0  -48.65    9.77  -95.5  107.6    0.13
  321 K_S0         310 198 318 187 322 323  -40.94    8.37  -82.0   92.0    0.50
  322 PI0          111   1 321 187   0   0  -34.84    7.02  -69.8   78.4    0.13
  323 PI0          111   1 321 187   0   0   -6.11    1.35  -12.1   13.7    0.13

                           ---HEAVY PARTICLE DECAYS---

 IHEP    ID      IDPDG IST MO1 MO2 DA1 DA2   P-X     P-Y     P-Z  ENERGY    MASS
  324 BQRK           5 155 285 325 326 328  -11.16   27.53 -145.9  148.9    4.96
  325 DBAR          -1 125 285 328 329 328   -0.72    1.78   -9.4    9.6    0.32
  326 DQRK           1 123 324 327 330 327   -1.07    1.27  -13.0   13.2    0.32
  327 UBAR          -2 124 324 326 332 326   -5.36   14.50  -72.2   73.8    0.32
  328 CQRK           4 124 324 324 334 324   -4.73   11.76  -60.6   61.9    1.55
  329 DBAR          -1 160 325 338 340 338   -0.72    1.78   -9.4    9.6    0.32

                              ---PARTON SHOWERS---    

 IHEP    ID      IDPDG IST MO1 MO2 DA1 DA2   P-X     P-Y     P-Z  ENERGY    MASS
  330 DQRK          94 143 326 324 331 331   -1.07    1.27  -13.0   13.2    0.32
  331 DQRK           1   2 330 333 336 333   -1.07    1.27  -13.0   13.2    0.32
  332 UBAR          94 144 327 324 333 333   -5.36   14.50  -72.2   73.8    0.32
  333 UBAR          -2   2 332 336 337 336   -5.36   14.50  -72.2   73.8    0.32
  334 CQRK          94 144 328 324 335 335   -4.73   11.76  -60.6   61.9    1.55
  335 CQRK           4   2 334 329 338 329   -4.73   11.76  -60.6   61.9    1.55

                              ---GLUON SPLITTING---   

 IHEP    ID      IDPDG IST MO1 MO2 DA1 DA2   P-X     P-Y     P-Z  ENERGY    MASS
  336 DQRK           1 158 330 337 339 337   -1.07    1.27  -13.0   13.2    0.32
  337 UBAR          -2 158 332 336 339 336   -5.36   14.50  -72.2   73.8    0.32
  338 CQRK           4 158 334 329 340 329   -4.73   11.76  -60.6   61.9    1.55

                             ---CLUSTER FORMATION---  

 IHEP    ID      IDPDG IST MO1 MO2 DA1 DA2   P-X     P-Y     P-Z  ENERGY    MASS
  339 CLUS          91 183 336 337 341 342   -6.37   15.63  -84.6   86.4    3.28
  340 CLUS          91 183 338 329 343 343   -5.51   13.67  -70.7   72.2    1.87

                              ---CLUSTER DECAYS---    

 IHEP    ID      IDPDG IST MO1 MO2 DA1 DA2   P-X     P-Y     P-Z  ENERGY    MASS
  341 N           2112   1 339 330   0   0   -1.42    2.36  -18.0   18.2    0.94
  342 PBAR       -2212   1 339 330   0   0   -4.95   13.28  -66.7   68.2    0.94
  343 D+           411 196 340 334 344 346   -5.51   13.67  -70.7   72.2    1.87

                           ---STRONG HADRON DECAYS--- 

 IHEP    ID      IDPDG IST MO1 MO2 DA1 DA2   P-X     P-Y     P-Z  ENERGY    MASS
  344 KBAR0       -311 198 343 334 347 347   -2.64    7.68  -37.4   38.3    0.50
  345 PI+          211   1 343 334   0   0   -0.43    1.15   -6.2    6.3    0.14
  346 RHO0         113 198 343 334 348 349   -2.44    4.84  -27.1   27.6    0.77
  347 K_L0         130   1 344 334   0   0   -2.64    7.68  -37.4   38.3    0.50
  348 PI+          211   1 346 334   0   0   -1.50    2.30  -12.7   13.0    0.14
  349 PI-         -211   1 346 334   0   0   -0.94    2.54  -14.4   14.6    0.14



 EVENT       2: 6500.00 GEV/C P        ON  6500.00 GEV/C P        PROCESS:-18000
 SEEDS:  1956000783 &   853292356   STATUS:  100 ERROR:   0  WEIGHT:  5.9634E-04


                               ---INITIAL STATE---    

 IHEP    ID      IDPDG IST MO1 MO2 DA1 DA2   P-X     P-Y     P-Z  ENERGY    MASS
    1 P           2212 101   0   0   0   0    0.00    0.00 6500.0 6500.0    0.94
    2 P           2212 102   0   0   0   0    0.00    0.00-6500.0 6500.0    0.94
    3 CMF            0 103   1   2   0   0    0.00    0.00    0.013000.013000.00

                              ---HARD SUBPROCESS---   

 IHEP    ID      IDPDG IST MO1 MO2 DA1 DA2   P-X     P-Y     P-Z  ENERGY    MASS
    4 UQRK           2 121   6   8  10   9    0.00    0.00 1008.9 1008.9    0.32
    5 DQRK           1 122   6   9  15   8    0.00    0.00 -788.1  788.1    0.32
    6 HARD           0 120   4   5   7   9   30.40   -0.92  220.9 1797.3 1783.45
    7 HIGGS         25 123   6   7  21   7  117.55  183.43   41.2  254.5  125.00
    8 UQRK           2 124   6   5  22   4  -62.87 -131.38 -672.0  687.6    0.32
    9 DQRK           1 124   6   4  26   5  -54.68  -52.06  851.6  854.9    0.32

                              ---PARTON SHOWERS---    

 IHEP    ID      IDPDG IST MO1 MO2 DA1 DA2   P-X     P-Y     P-Z  ENERGY    MASS
   10 UQRK          94 141   4   6  12  14    0.26    3.36 1010.1 1010.0  -10.49
   11 CONE           0 100   4   9   0   0   -0.72   -0.69    8.6    8.7    0.00
   12 GLUON         21   2  10  13  31  32    0.10   -2.42   86.9   86.9    0.75
   13 GLUON         21   2  10  14  33  34   -0.36   -0.94   66.2   66.3    0.75
   14 UD          2101   2  10  24  35  34    0.00    0.00 5336.8 5336.8    0.31
   15 DQRK          94 142   5   6  17  20   30.13   -4.28 -789.2  787.3  -62.18
   16 CONE           0 100   5   8   0   0   -0.43   -0.90   -3.3    3.4    0.00
   17 GLUON         21   2  15  18  36  37   -2.39   -0.34  -26.2   26.4    0.75
   18 DBAR          -1   2  15  19  38  37  -21.15    4.45 -163.3  164.8    0.32
   19 DQRK           1   2  15  20  39  38   -6.59    0.17  -68.1   68.4    0.32
   20 UU          2203   2  15  28  40  39    0.00    0.00-5453.1 5453.1    0.26
   21 HIGGS         25 195   7   6 166 167  121.86  183.30   41.2  256.5  125.00
   22 UQRK          94 144   8   6  24  25  -51.24 -131.73 -672.0  686.7    4.36
   23 CONE           0 100   8   5   0   0    0.13    0.33   -3.2    3.2    0.00
   24 UQRK           2   2  22  25  41  35  -27.92  -66.02 -339.2  346.7    0.32
   25 GLUON         21   2  22  36  42  43  -23.33  -65.70 -332.8  340.0    0.75
   26 DQRK          94 144   9   6  28  30  -40.22  -52.49  851.6  854.2    7.52
   27 CONE           0 100   9   4   0   0    0.26    0.34    7.4    7.4    0.00
   28 DQRK           1   2  26  29  44  40  -11.05  -15.26  233.9  234.7    0.32
   29 GLUON         21   2  26  30  45  46  -25.93  -34.94  577.0  578.7    0.75
   30 GLUON         21   2  26  31  47  48   -3.25   -2.29   40.6   40.8    0.75

                              ---GLUON SPLITTING---   

 IHEP    ID      IDPDG IST MO1 MO2 DA1 DA2   P-X     P-Y     P-Z  ENERGY    MASS
   31 DBAR          -1 158  10  32  93  48    0.21   -0.99   33.6   33.6    0.32
   32 DQRK           1 158  10  33  85  31   -0.11   -1.44   53.3   53.3    0.32
   33 UBAR          -2 158  10  34  85  32   -0.32   -0.33   27.2   27.2    0.32
   34 UQRK           2 158  10  49  86  33   -0.03   -0.46   34.1   34.1    0.32
   35 UD          2101 161  10  41  94  50   -0.00   -0.00 5159.4 5159.4    0.64
   36 DBAR          -1 158  15  37 100  62   -0.35   -0.12   -4.6    4.6    0.32
   37 DQRK           1 158  15  38  87  36   -1.81   -0.28  -18.7   18.8    0.32
   38 DBAR          -1 158  15  39  87  37  -21.15    4.45 -163.3  164.8    0.32
   39 DQRK           1 158  15  59  88  38   -2.03    0.05  -21.5   21.6    0.32
   40 UU          2203 162  15  44  95  52   -0.00    0.00-1257.9 1257.9    0.64
   41 UQRK           2 158  22  42  89  35  -27.92  -66.02 -339.2  346.7    0.32
   42 DBAR          -1 158  22  43  89  41   -6.04  -16.85  -85.7   87.5    0.32
   43 DQRK           1 158  22  65  90  42  -12.97  -36.67 -185.5  189.5    0.32
   44 DQRK           1 158  26  45  91  40  -11.05  -15.26  233.9  234.7    0.32
   45 DBAR          -1 158  26  46  91  44   -8.73  -11.58  193.8  194.3    0.32
   46 DQRK           1 158  26  47  92  45  -17.20  -23.36  383.3  384.4    0.32
   47 DBAR          -1 158  26  48  92  46   -0.82   -0.61   11.5   11.6    0.32
   48 DQRK           1 158  26  31  93  47   -2.43   -1.69   29.1   29.3    0.32
   49 UBAR          -2 159  10  50  86  34   -0.00   -0.04  130.9  130.9    0.32
   50 UQRK           2 159  10  35  94  49   -0.01   -0.11   51.4   51.4    0.32
   51 UBAR          -2 159  15  52 103  68   -0.00    0.00-1022.6 1022.6    0.32
   52 UQRK           2 159  15  40  95  51   -0.01    0.00 -115.9  115.9    0.32
   53 SBAR          -3 159  15  54  97  56   -0.00    0.00 -664.0  664.0    0.50
   54 SQRK           3 159  15  69  96  53   -0.53    0.01  -10.3   10.4    0.50
   55 SBAR          -3 159  15  56 105  72   -0.00    0.00 -742.3  742.3    0.50
   56 SQRK           3 159  15  53  97  55   -0.02    0.00 -138.7  138.7    0.50
   57 UBAR          -2 159  15  58 108  78   -0.00    0.00 -424.7  424.7    0.32
   58 UQRK           2 159  15  71  98  57   -0.16    0.00   -8.4    8.4    0.32
   59 UBAR          -2 159  15  60  88  39   -0.20    0.01   -7.4    7.4    0.32
   60 UQRK           2 159  15  75  99  59   -1.14    0.03  -12.7   12.8    0.32
   61 UBAR          -2 159  15  62 101  64   -0.33   -0.78   -4.6    4.7    0.32
   62 UQRK           2 159  22  36 100  61   -1.29   -3.62  -18.5   18.9    0.32
   63 UBAR          -2 159  15  64 102  66   -0.26   -0.52   -3.6    3.7    0.32
   64 UQRK           2 159  22  61 101  63   -1.17   -3.27  -16.7   17.1    0.32
   65 SBAR          -3 159  15  66  90  43   -0.68   -1.78   -9.7    9.9    0.50
   66 SQRK           3 159  22  63 102  65   -0.81   -2.15  -11.5   11.7    0.50
   67 UBAR          -2 159  15  68 104  70   -0.00    0.00 -255.1  255.1    0.32
   68 UQRK           2 159  15  51 103  67   -0.01    0.00 -152.1  152.1    0.32
   69 DBAR          -1 159  15  70  96  54   -0.01    0.00 -100.6  100.6    0.32
   70 DQRK           1 159  15  67 104  69   -0.04    0.00  -28.2   28.2    0.32
   71 SBAR          -3 159  15  72  98  58   -0.08    0.00  -33.7   33.7    0.50
   72 SQRK           3 159  15  55 105  71   -0.03    0.00  -74.6   74.6    0.50
   73 DBAR          -1 159  15  74 110  82   -0.01    0.00 -109.1  109.1    0.32
   74 DQRK           1 159  15  77 106  73   -0.23    0.01   -6.9    7.0    0.32
   75 DBAR          -1 159  15  76  99  60   -0.01    0.00  -89.6   89.6    0.32
   76 DQRK           1 159  15  79 107  75   -0.44    0.01   -7.0    7.0    0.32
   77 UBAR          -2 159  15  78 106  74   -0.06    0.00  -17.0   17.0    0.32
   78 UQRK           2 159  15  57 108  77   -0.13    0.00   -9.3    9.4    0.32
   79 UBAR          -2 159  15  80 107  76   -0.03    0.00  -41.3   41.3    0.32
   80 UQRK           2 159  15  83 109  79   -0.84    0.02   -9.9    9.9    0.32
   81 UBAR          -2 159  15  82 111  84   -0.01    0.00 -110.7  110.7    0.32
   82 UQRK           2 159  15  73 110  81   -0.06    0.00  -18.3   18.3    0.32
   83 SBAR          -3 159  15  84 109  80   -0.14    0.00  -20.3   20.3    0.50
   84 SQRK           3 159  15  81 111  83   -0.35    0.01  -11.0   11.0    0.50

                             ---CLUSTER FORMATION---  

 IHEP    ID      IDPDG IST MO1 MO2 DA1 DA2   P-X     P-Y     P-Z  ENERGY    MASS
   85 CLUS          91 183  32  33 112 113   -0.43   -1.76   80.5   80.5    0.96
   86 CLUS          91 183  34  49 114 115   -0.03   -0.50  165.0  165.0    1.18
   87 CLUS          91 183  37  38 116 117  -22.97    4.17 -182.1  183.6    3.14
   88 CLUS          91 183  39  59 118 119   -2.23    0.06  -28.9   29.0    1.13
   89 CLUS          91 183  41  42 120 121  -33.96  -82.88 -424.9  434.2    2.19
   90 CLUS          91 183  43  65 122 123  -13.66  -38.44 -195.2  199.4    2.35
   91 CLUS          91 183  44  45 124 125  -19.78  -26.84  427.7  429.0    1.40
   92 CLUS          91 183  46  47 126 127  -18.02  -23.96  394.8  395.9    2.65
   93 CLUS          91 183  48  31 128 129   -2.22   -2.67   62.7   62.8    3.00
   94 CLUS          91 184  50  35 130 131   -0.01   -0.11 5210.9 5210.9    3.47
   95 CLUS          91 185  52  40 132 133   -0.01    0.00-1373.8 1373.8    1.29
   96 CLUS          91 183  54  69 134 135   -0.54    0.01 -110.9  110.9    2.35
   97 CLUS          91 183  56  53 136 137   -0.02    0.00 -802.7  802.7    1.32
   98 CLUS          91 183  58  71 138 139   -0.24    0.01  -42.1   42.1    0.95
   99 CLUS          91 183  60  75 140 141   -1.15    0.03 -102.3  102.4    3.18
  100 CLUS          91 183  62  36 142 143   -1.64   -3.74  -23.0   23.4    1.74
  101 CLUS          91 183  64  61 144 145   -1.50   -4.05  -21.3   21.7    0.81
  102 CLUS          91 183  66  63 146 147   -1.07   -2.67  -15.1   15.4    0.91
  103 CLUS          91 183  68  51 148 149   -0.01    0.00-1174.7 1174.7    0.95
  104 CLUS          91 183  70  67 150 151   -0.04    0.00 -283.3  283.3    1.07
  105 CLUS          91 183  72  55 152 153   -0.04    0.00 -816.9  816.9    1.74
  106 CLUS          91 183  74  77 154 155   -0.30    0.01  -23.9   23.9    0.78
  107 CLUS          91 183  76  79 156 157   -0.47    0.01  -48.2   48.2    1.40
  108 CLUS          91 183  78  57 158 159   -0.14    0.00 -434.1  434.1    2.38
  109 CLUS          91 183  80  83 160 161   -0.97    0.03  -30.2   30.2    1.38
  110 CLUS          91 183  82  73 162 163   -0.07    0.00 -127.4  127.4    0.92
  111 CLUS          91 183  84  81 164 165   -0.36    0.01 -121.8  121.8    2.02

                              ---CLUSTER DECAYS---    

 IHEP    ID      IDPDG IST MO1 MO2 DA1 DA2   P-X     P-Y     P-Z  ENERGY    MASS
  112 RHO-        -213 197  85  10 203 204   -0.40   -1.27   61.9   61.9    0.77
  113 PI0          111   1  85  10   0   0   -0.03   -0.49   18.7   18.7    0.13
  114 RHO+         213 197  86  10 205 206   -0.27   -0.57  122.1  122.1    0.77
  115 PI-         -211   1  86  10   0   0    0.24    0.07   42.9   42.9    0.14
  116 LAMBDA      3122 197  87  15 207 208   -4.58    0.41  -39.4   39.6    1.12
  117 SIGMABR0   -3212 197  87  15 209 210  -18.38    3.76 -142.7  144.0    1.19
  118 K0           311 197  88  15 211 211   -1.65    0.04  -18.6   18.6    0.50
  119 K-          -321   1  88  15   0   0   -0.58    0.02  -10.3   10.4    0.49
  120 DELTA++     2224 197  89  22 212 213  -20.58  -49.96 -256.2  261.8    1.23
  121 PBAR       -2212   1  89  22   0   0  -13.38  -32.92 -168.7  172.4    0.94
  122 K*0          313 197  90  22 214 215   -7.91  -23.10 -114.0  116.6    0.90
  123 PHI          333 197  90  22 216 217   -5.75  -15.34  -81.1   82.8    1.02
  124 PI-         -211   1  91  26   0   0   -7.88  -10.90  166.7  167.2    0.14
  125 RHO+         213 197  91  26 218 219  -11.90  -15.94  261.0  261.8    0.77
  126 SIGMA0      3212 197  92  26 220 221   -6.56   -8.53  141.8  142.2    1.19
  127 SGMA*BR0   -3214 197  92  26 222 223  -11.46  -15.43  253.0  253.7    1.38
  128 DELTA0      2114 197  93  26 224 225   -0.10   -0.46   23.7   23.7    1.23
  129 NBAR       -2112   1  93  26   0   0   -2.12   -2.21   39.0   39.1    0.94
  130 OMEGA        223 197  94  10 226 227    1.22   -0.65 1933.6 1933.6    0.78
  131 DELTA+      2214 197  94  10 228 229   -1.22    0.54 3277.3 3277.3    1.23
  132 PI+          211   1  95  15   0   0    0.07    0.11  -72.0   72.0    0.14
  133 P           2212   1  95  15   0   0   -0.08   -0.11-1301.9 1301.9    0.94
  134 KBAR0       -311 197  96  15 230 230   -0.65    0.48  -35.4   35.4    0.50
  135 FH_00      10221 197  96  15 231 232    0.11   -0.47  -75.5   75.5    1.35
  136 KBAR0       -311 197  97  15 233 233   -0.37    0.25 -416.4  416.4    0.50
  137 K0           311 197  97  15 234 234    0.35   -0.24 -386.3  386.3    0.50
  138 PI+          211   1  98  15   0   0   -0.20    0.05   -3.9    3.9    0.14
  139 K0           311 197  98  15 235 235   -0.03   -0.04  -38.2   38.2    0.50
  140 RHOD0      30113 197  99  15 236 238   -0.26   -0.26  -65.9   65.9    1.70
  141 B_1+       10213 197  99  15 239 240   -0.90    0.29  -36.5   36.5    1.23
  142 A_1+       20213 197 100  22 241 242   -0.65   -2.23  -14.0   14.3    1.23
  143 PI0          111   1 100  22   0   0   -0.99   -1.52   -9.0    9.2    0.13
  144 PI0          111   1 101  22   0   0   -0.18   -1.29   -7.5    7.6    0.13
  145 PI0          111   1 101  22   0   0   -1.31   -2.76  -13.8   14.1    0.13
  146 KBAR0       -311 197 102  22 243 243   -0.63   -1.17   -8.3    8.4    0.50
  147 PI-         -211   1 102  22   0   0   -0.44   -1.50   -6.8    7.0    0.14
  148 PI+          211   1 103  15   0   0   -0.07    0.38 -283.4  283.4    0.14
  149 PI-         -211   1 103  15   0   0    0.07   -0.38 -891.3  891.3    0.14
  150 RHO-        -213 197 104  15 244 245    0.03    0.00 -270.6  270.6    0.77
  151 PI0          111   1 104  15   0   0   -0.08   -0.00  -12.7   12.7    0.13
  152 K*-         -323 197 105  15 246 247    0.39    0.25 -559.0  559.0    0.89
  153 K+           321   1 105  15   0   0   -0.43   -0.25 -257.9  257.9    0.49
  154 PI-         -211   1 106  15   0   0   -0.40    0.12  -21.9   21.9    0.14
  155 PI0          111   1 106  15   0   0    0.10   -0.11   -2.0    2.0    0.13
  156 PI-         -211   1 107  15   0   0   -0.09    0.01   -3.1    3.1    0.14
  157 B_10       10113 197 107  15 248 249   -0.38   -0.00  -45.1   45.1    1.23
  158 PI+          211   1 108  15   0   0    0.47    0.06  -52.4   52.4    0.14
  159 RHO_3-      -217 197 108  15 250 251   -0.60   -0.06 -381.7  381.7    1.69
  160 RHO+         213 197 109  15 252 253   -0.37    0.20  -17.4   17.4    0.77
  161 K0           311 197 109  15 254 254   -0.60   -0.17  -12.8   12.8    0.50
  162 PI0          111   1 110  15   0   0    0.38   -0.10  -72.9   72.9    0.13
  163 PI+          211   1 110  15   0   0   -0.45    0.10  -54.5   54.5    0.14
  164 K*-         -323 197 111  15 255 256    0.33    0.14  -72.3   72.3    0.89
  165 RHO0         113 197 111  15 257 258   -0.68   -0.13  -49.4   49.5    0.77

                            ---H/W/Z BOSON DECAYS---  

 IHEP    ID      IDPDG IST MO1 MO2 DA1 DA2   P-X     P-Y     P-Z  ENERGY    MASS
  166 BQRK           5 123  21 167 168 167  133.69  187.39   19.7  231.1    4.95
  167 BBAR          -5 124  21 166 172 166  -11.82   -4.10   21.5   25.4    4.95

                              ---PARTON SHOWERS---    

 IHEP    ID      IDPDG IST MO1 MO2 DA1 DA2   P-X     P-Y     P-Z  ENERGY    MASS
  168 BQRK          94 143 166  21 170 171  133.53  187.33   20.0  231.4   14.86
  169 CONE           0 100 166 167   0   0    0.35    1.03    1.0    1.5    0.00
  170 BQRK           5   2 168 171 174 173  132.28  186.26   20.7  229.4    4.95
  171 GLUON         21   2 168 173 175 176    1.25    1.07   -0.7    2.0    0.75
  172 BBAR          94 144 167  21 173 173  -11.67   -4.04   21.2   25.1    4.95
  173 BBAR          -5   2 172 174 177 176  -11.67   -4.04   21.2   25.1    4.95

                              ---GLUON SPLITTING---   

 IHEP    ID      IDPDG IST MO1 MO2 DA1 DA2   P-X     P-Y     P-Z  ENERGY    MASS
  174 BQRK           5 158 168 178 186 177  114.81  161.66   17.9  199.2    4.95
  175 DBAR          -1 158 168 176 188 179    0.45    0.63   -0.2    0.9    0.32
  176 DQRK           1 158 168 180 187 175   -0.14   -0.04    0.3    0.5    0.32
  177 BBAR          -5 158 172 174 191 185   -8.47   -2.91   15.6   18.6    4.95
  178 DBAR          -1 159 168 179 186 174    2.05    2.88    0.3    3.6    0.32
  179 DQRK           1 159 168 175 188 178   15.42   21.71    2.4   26.7    0.32
  180 SBAR          -3 159 172 181 187 176   -0.40   -0.13    0.8    1.0    0.50
  181 SQRK           3 159 168 182 189 180    0.39    0.23   -0.2    0.7    0.50
  182 DBAR          -1 159 172 183 189 181   -1.70   -0.59    3.1    3.6    0.32
  183 DQRK           1 159 168 184 190 182    0.04    0.04    0.1    0.3    0.32
  184 DBAR          -1 159 172 185 190 183   -0.32   -0.11    0.6    0.8    0.32
  185 DQRK           1 159 168 177 191 184   -0.26   -0.08    0.5    0.7    0.32

                             ---CLUSTER FORMATION---  

 IHEP    ID      IDPDG IST MO1 MO2 DA1 DA2   P-X     P-Y     P-Z  ENERGY    MASS
  186 CLUS          91 183 174 178 192 193  116.85  164.54   18.2  202.7    5.55
  187 CLUS          91 183 176 180 194 195   -0.53   -0.16    1.1    1.5    0.84
  188 CLUS          91 183 179 175 196 197   15.87   22.34    2.2   27.6    2.47
  189 CLUS          91 183 181 182 198 199   -1.31   -0.37    2.9    4.3    2.79
  190 CLUS          91 183 183 184 200 201   -0.26   -0.06    0.7    1.1    0.81
  191 CLUS          91 183 185 177 202 202   -8.76   -3.00   16.1   19.3    5.28

                              ---CLUSTER DECAYS---    

 IHEP    ID      IDPDG IST MO1 MO2 DA1 DA2   P-X     P-Y     P-Z  ENERGY    MASS
  192 B*-         -523 197 186 168 259 260  115.83  163.10   18.1  200.9    5.32
  193 PI+          211   1 186 168   0   0    1.02    1.44    0.1    1.8    0.14
  194 PI0          111   1 187 168   0   0    0.06    0.03    0.4    0.4    0.13
  195 K0           311 197 187 168 261 261   -0.60   -0.20    0.7    1.1    0.50
  196 P           2212   1 188 168   0   0    5.99    7.91    1.3   10.0    0.94
  197 DELTABR-   -2214 197 188 168 262 263    9.88   14.44    1.0   17.6    1.23
  198 K*-         -323 197 189 168 264 265    0.51   -0.31    0.6    1.2    0.89
  199 RHO+         213 197 189 168 266 267   -1.82   -0.06    2.3    3.0    0.77
  200 PI-         -211   1 190 168   0   0   -0.36   -0.23    0.7    0.8    0.14
  201 PI+          211   1 190 168   0   0    0.10    0.17   -0.0    0.2    0.14
  202 B_D0         511 200 191 168 268 268   -8.76   -3.00   16.1   19.3    5.28

                           ---STRONG HADRON DECAYS--- 

 IHEP    ID      IDPDG IST MO1 MO2 DA1 DA2   P-X     P-Y     P-Z  ENERGY    MASS
  203 PI-         -211   1 112  10   0   0   -0.42   -0.94   55.1   55.1    0.14
  204 PI0          111   1 112  10   0   0    0.02   -0.33    6.8    6.8    0.13
  205 PI+          211   1 114  10   0   0   -0.51   -0.45   89.8   89.8    0.14
  206 PI0          111   1 114  10   0   0    0.24   -0.12   32.3   32.3    0.13
  207 P           2212   1 116  15   0   0   -3.81    0.25  -33.1   33.3    0.94
  208 PI-         -211   1 116  15   0   0   -0.77    0.16   -6.3    6.3    0.14
  209 LAMBDABR   -3122 198 117  15 269 270  -16.92    3.53 -131.3  132.5    1.12
  210 GAMMA         22   1 117  15   0   0   -1.46    0.23  -11.4   11.5    0.00
  211 K_L0         130   1 118  15   0   0   -1.65    0.04  -18.6   18.6    0.50
  212 P           2212   1 120  22   0   0  -15.56  -38.12 -196.1  200.4    0.94
  213 PI+          211   1 120  22   0   0   -5.02  -11.84  -60.1   61.4    0.14
  214 K0           311 198 122  22 271 271   -5.30  -15.68  -75.9   77.7    0.50
  215 PI0          111   1 122  22   0   0   -2.60   -7.42  -38.1   38.9    0.13
  216 K+           321   1 123  22   0   0   -3.33   -9.04  -47.3   48.3    0.49
  217 K-          -321   1 123  22   0   0   -2.42   -6.31  -33.8   34.5    0.49
  218 PI+          211   1 125  26   0   0   -8.01  -10.25  168.1  168.6    0.14
  219 PI0          111   1 125  26   0   0   -3.89   -5.70   92.9   93.2    0.13
  220 LAMBDA      3122 198 126  26 272 273   -6.37   -8.19  136.8  137.2    1.12
  221 GAMMA         22   1 126  26   0   0   -0.19   -0.35    5.0    5.0    0.00
  222 LAMBDABR   -3122 198 127  26 274 275   -7.84  -10.43  171.8  172.3    1.12
  223 PI0          111   1 127  26   0   0   -3.62   -5.00   81.2   81.4    0.13
  224 P           2212   1 128  26   0   0   -0.04   -0.49   15.9   16.0    0.94
  225 PI-         -211   1 128  26   0   0   -0.06    0.03    7.8    7.8    0.14
  226 PI+          211   1 130  10   0   0    1.19   -0.45 1372.6 1372.6    0.14
  227 PI-         -211   1 130  10   0   0    0.03   -0.20  560.9  560.9    0.14
  228 P           2212   1 131  10   0   0   -0.77    0.32 2681.5 2681.5    0.94
  229 GAMMA         22   1 131  10   0   0   -0.45    0.22  595.8  595.8    0.00
  230 K_S0         310 198 134  15 276 277   -0.65    0.48  -35.4   35.4    0.50
  231 K0           311 198 135  15 278 278   -0.08    0.22  -24.2   24.2    0.50
  232 KBAR0       -311 198 135  15 279 279    0.19   -0.68  -51.3   51.3    0.50
  233 K_L0         130   1 136  15   0   0   -0.37    0.25 -416.4  416.4    0.50
  234 K_L0         130   1 137  15   0   0    0.35   -0.24 -386.3  386.3    0.50
  235 K_S0         310 198 139  15 280 281   -0.03   -0.04  -38.2   38.2    0.50
  236 RHO-        -213 198 140  15 282 283    0.01   -0.51  -22.4   22.4    0.77
  237 PI+          211   1 140  15   0   0    0.06    0.14  -13.7   13.7    0.14
  238 PI0          111   1 140  15   0   0   -0.33    0.11  -29.7   29.7    0.13
  239 OMEGA        223 198 141  15 284 286   -1.01    0.35  -34.1   34.1    0.78
  240 PI+          211   1 141  15   0   0    0.11   -0.06   -2.4    2.4    0.14
  241 RHO+         213 198 142  22 287 288   -0.61   -1.93  -13.2   13.4    0.77
  242 PI0          111   1 142  22   0   0   -0.05   -0.30   -0.8    0.8    0.13
  243 K_S0         310 198 146  22 289 290   -0.63   -1.17   -8.3    8.4    0.50
  244 PI-         -211   1 150  15   0   0    0.12    0.12 -251.4  251.4    0.14
  245 PI0          111   1 150  15   0   0   -0.09   -0.11  -19.2   19.2    0.13
  246 KBAR0       -311 198 152  15 291 291    0.50    0.36 -465.0  465.0    0.50
  247 PI-         -211   1 152  15   0   0   -0.11   -0.11  -94.0   94.0    0.14
  248 OMEGA        223 198 157  15 292 294   -0.08   -0.05  -39.7   39.7    0.78
  249 PI0          111   1 157  15   0   0   -0.30    0.05   -5.3    5.4    0.13
  250 PI-         -211   1 159  15   0   0   -1.17   -0.03 -218.1  218.1    0.14
  251 PI0          111   1 159  15   0   0    0.57   -0.03 -163.5  163.5    0.13
  252 PI+          211   1 160  15   0   0    0.04    0.03   -0.7    0.7    0.14
  253 PI0          111   1 160  15   0   0   -0.41    0.17  -16.7   16.7    0.13
  254 K_S0         310 198 161  15 295 296   -0.60   -0.17  -12.8   12.8    0.50
  255 KBAR0       -311 198 164  15 297 297    0.30    0.37  -49.7   49.7    0.50
  256 PI-         -211   1 164  15   0   0    0.02   -0.23  -22.6   22.6    0.14
  257 PI+          211   1 165  15   0   0   -0.25   -0.12   -5.6    5.6    0.14
  258 PI-         -211   1 165  15   0   0   -0.43   -0.02  -43.8   43.8    0.14
  259 B-          -521 199 192 168 332 333  115.53  162.66   18.0  200.4    5.28
  260 GAMMA         22   1 192 168   0   0    0.30    0.44    0.1    0.5    0.00
  261 K_L0         130   1 195 168   0   0   -0.60   -0.20    0.7    1.1    0.50
  262 PBAR       -2212   1 197 168   0   0    6.20    9.00    0.7   11.0    0.94
  263 PI0          111   1 197 168   0   0    3.68    5.43    0.2    6.6    0.13
  264 KBAR0       -311 198 198 168 298 298    0.31   -0.47    0.3    0.8    0.50
  265 PI-         -211   1 198 168   0   0    0.20    0.16    0.3    0.4    0.14
  266 PI+          211   1 199 168   0   0   -1.57    0.18    1.7    2.3    0.14
  267 PI0          111   1 199 168   0   0   -0.25   -0.24    0.6    0.7    0.13
  268 B_D0         511 199 202 168 307 308   -8.76   -3.00   16.1   19.3    5.28
  269 NBAR       -2112   1 209  15   0   0  -15.59    3.30 -120.7  121.8    0.94
  270 PI0          111   1 209  15   0   0   -1.33    0.23  -10.6   10.7    0.13
  271 K_L0         130   1 214  22   0   0   -5.30  -15.68  -75.9   77.7    0.50
  272 P           2212   1 220  26   0   0   -5.97   -7.62  127.5  127.9    0.94
  273 PI-         -211   1 220  26   0   0   -0.40   -0.56    9.3    9.4    0.14
  274 PBAR       -2212   1 222  26   0   0   -6.97   -9.38  154.6  155.0    0.94
  275 PI+          211   1 222  26   0   0   -0.87   -1.05   17.2   17.3    0.14
  276 PI+          211   1 230  15   0   0   -0.58    0.51  -27.4   27.4    0.14
  277 PI-         -211   1 230  15   0   0   -0.07   -0.03   -8.0    8.0    0.14
  278 K_S0         310 198 231  15 299 300   -0.08    0.22  -24.2   24.2    0.50
  279 K_S0         310 198 232  15 301 302    0.19   -0.68  -51.3   51.3    0.50
  280 PI0          111   1 235  15   0   0    0.05    0.18  -20.0   20.0    0.13
  281 PI0          111   1 235  15   0   0   -0.08   -0.22  -18.2   18.2    0.13
  282 PI-         -211   1 236  15   0   0   -0.22   -0.45   -8.3    8.3    0.14
  283 PI0          111   1 236  15   0   0    0.23   -0.06  -14.1   14.1    0.13
  284 PI+          211   1 239  15   0   0   -0.51   -0.07  -17.7   17.7    0.14
  285 PI-         -211   1 239  15   0   0   -0.08    0.04   -5.1    5.1    0.14
  286 PI0          111   1 239  15   0   0   -0.42    0.38  -11.3   11.3    0.13
  287 PI+          211   1 241  22   0   0   -0.25   -1.37  -10.5   10.6    0.14
  288 PI0          111   1 241  22   0   0   -0.36   -0.56   -2.7    2.8    0.13
  289 PI0          111   1 243  22   0   0   -0.29   -0.20   -2.4    2.5    0.13
  290 PI0          111   1 243  22   0   0   -0.34   -0.97   -5.8    5.9    0.13
  291 K_S0         310 198 246  15 303 304    0.50    0.36 -465.0  465.0    0.50
  292 PI+          211   1 248  15   0   0    0.23   -0.19  -13.5   13.5    0.14
  293 PI-         -211   1 248  15   0   0   -0.17    0.05  -15.1   15.1    0.14
  294 PI0          111   1 248  15   0   0   -0.14    0.09  -11.1   11.1    0.13
  295 PI0          111   1 254  15   0   0   -0.24   -0.27   -5.0    5.1    0.13
  296 PI0          111   1 254  15   0   0   -0.36    0.10   -7.7    7.7    0.13
  297 K_S0         310 198 255  15 305 306    0.30    0.37  -49.7   49.7    0.50
  298 K_L0         130   1 264 168   0   0    0.31   -0.47    0.3    0.8    0.50
  299 PI0          111   1 278  15   0   0   -0.03    0.24   -6.9    6.9    0.13
  300 PI0          111   1 278  15   0   0   -0.06   -0.02  -17.3   17.3    0.13
  301 PI+          211   1 279  15   0   0    0.02   -0.60  -41.4   41.4    0.14
  302 PI-         -211   1 279  15   0   0    0.17   -0.08   -9.9    9.9    0.14
  303 PI+          211   1 291  15   0   0    0.02    0.12  -58.2   58.2    0.14
  304 PI-         -211   1 291  15   0   0    0.48    0.23 -406.8  406.8    0.14
  305 PI+          211   1 297  15   0   0    0.01    0.03   -4.3    4.3    0.14
  306 PI-         -211   1 297  15   0   0    0.29    0.33  -45.4   45.4    0.14

                           ---HEAVY PARTICLE DECAYS---

 IHEP    ID      IDPDG IST MO1 MO2 DA1 DA2   P-X     P-Y     P-Z  ENERGY    MASS
  307 DQRK           1 125 268 311 312 311   -0.53   -0.18    1.0    1.2    0.32
  308 BBAR          -5 155 268 307 309 311   -8.22   -2.82   15.2   18.2    4.96
  309 CBAR          -4 123 308 310 313 310   -3.38   -1.47    8.9    9.8    1.55
  310 CQRK           4 124 308 309 315 309   -2.69   -1.15    4.4    5.5    1.55
  311 SBAR          -3 124 308 308 317 308   -2.15   -0.20    1.8    2.9    0.50
  312 DQRK           1 160 307 321 322 321   -0.53   -0.18    1.0    1.2    0.32

                              ---PARTON SHOWERS---    

 IHEP    ID      IDPDG IST MO1 MO2 DA1 DA2   P-X     P-Y     P-Z  ENERGY    MASS
  313 CBAR          94 143 309 308 314 314   -3.38   -1.47    8.9    9.8    1.55
  314 CBAR          -4   2 313 316 319 316   -3.38   -1.47    8.9    9.8    1.55
  315 CQRK          94 144 310 308 316 316   -2.69   -1.15    4.4    5.5    1.55
  316 CQRK           4   2 315 319 320 319   -2.69   -1.15    4.4    5.5    1.55
  317 SBAR          94 144 311 308 318 318   -2.15   -0.20    1.8    2.9    0.50
  318 SBAR          -3   2 317 312 321 312   -2.15   -0.20    1.8    2.9    0.50

                              ---GLUON SPLITTING---   

 IHEP    ID      IDPDG IST MO1 MO2 DA1 DA2   P-X     P-Y     P-Z  ENERGY    MASS
  319 CBAR          -4 158 313 320 323 320   -3.38   -1.47    8.9    9.8    1.55
  320 CQRK           4 158 315 319 323 319   -2.69   -1.15    4.4    5.5    1.55
  321 SBAR          -3 158 317 312 322 312   -2.15   -0.20    1.8    2.9    0.50

                             ---CLUSTER FORMATION---  

 IHEP    ID      IDPDG IST MO1 MO2 DA1 DA2   P-X     P-Y     P-Z  ENERGY    MASS
  322 CLUS          91 183 312 321 324 325   -3.29   -0.38    3.1    4.7    1.07
  323 CLUS          91 183 320 319 326 326   -5.47   -2.62   13.0   14.7    2.98

                              ---CLUSTER DECAYS---    

 IHEP    ID      IDPDG IST MO1 MO2 DA1 DA2   P-X     P-Y     P-Z  ENERGY    MASS
  324 PI-         -211   1 322 307   0   0   -0.27   -0.06    0.4    0.5    0.14
  325 K*+          323 197 322 307 327 328   -3.02   -0.33    2.8    4.2    0.89
  326 ETA_C        441 199 323 315 359 360   -5.47   -2.62   13.0   14.7    2.98

                           ---STRONG HADRON DECAYS--- 

 IHEP    ID      IDPDG IST MO1 MO2 DA1 DA2   P-X     P-Y     P-Z  ENERGY    MASS
  327 K0           311 198 325 307 329 329   -2.31   -0.40    2.4    3.4    0.50
  328 PI+          211   1 325 307   0   0   -0.71    0.07    0.4    0.8    0.14
  329 K_S0         310 198 327 307 330 331   -2.31   -0.40    2.4    3.4    0.50
  330 PI0          111   1 329 307   0   0   -1.43   -0.42    1.6    2.2    0.13
  331 PI0          111   1 329 307   0   0   -0.88    0.02    0.8    1.2    0.13

                           ---HEAVY PARTICLE DECAYS---

 IHEP    ID      IDPDG IST MO1 MO2 DA1 DA2   P-X     P-Y     P-Z  ENERGY    MASS
  332 BQRK           5 155 259 333 334 336  108.53  152.80   16.9  188.2    4.96
  333 UBAR          -2 125 259 336 337 336    7.00    9.86    1.1   12.1    0.32
  334 DQRK           1 123 332 335 338 335   15.12   21.16    3.3   26.2    0.32
  335 UBAR          -2 124 332 334 340 334   19.74   30.19    3.2   36.2    0.32
  336 CQRK           4 124 332 332 342 332   73.67  101.46   10.4  125.8    1.55
  337 UBAR          -2 160 333 346 348 346    7.00    9.86    1.1   12.1    0.32

                              ---PARTON SHOWERS---    

 IHEP    ID      IDPDG IST MO1 MO2 DA1 DA2   P-X     P-Y     P-Z  ENERGY    MASS
  338 DQRK          94 143 334 332 339 339   15.12   21.16    3.3   26.2    0.32
  339 DQRK           1   2 338 341 344 341   15.12   21.16    3.3   26.2    0.32
  340 UBAR          94 144 335 332 341 341   19.74   30.19    3.2   36.2    0.32
  341 UBAR          -2   2 340 344 345 344   19.74   30.19    3.2   36.2    0.32
  342 CQRK          94 144 336 332 343 343   73.67  101.46   10.4  125.8    1.55
  343 CQRK           4   2 342 337 346 337   73.67  101.46   10.4  125.8    1.55

                              ---GLUON SPLITTING---   

 IHEP    ID      IDPDG IST MO1 MO2 DA1 DA2   P-X     P-Y     P-Z  ENERGY    MASS
  344 DQRK           1 158 338 345 347 345   15.12   21.16    3.3   26.2    0.32
  345 UBAR          -2 158 340 344 347 344   19.74   30.19    3.2   36.2    0.32
  346 CQRK           4 158 342 337 348 337   73.67  101.46   10.4  125.8    1.55

                             ---CLUSTER FORMATION---  

 IHEP    ID      IDPDG IST MO1 MO2 DA1 DA2   P-X     P-Y     P-Z  ENERGY    MASS
  347 CLUS          91 183 344 345 349 350   34.86   51.34    6.5   62.4    1.78
  348 CLUS          91 183 346 337 351 352   80.67  111.32   11.5  138.0    2.01

                              ---CLUSTER DECAYS---    

 IHEP    ID      IDPDG IST MO1 MO2 DA1 DA2   P-X     P-Y     P-Z  ENERGY    MASS
  349 RHO-        -213 197 347 338 353 354   18.58   26.41    3.8   32.5    0.77
  350 PI0          111   1 347 338   0   0   16.27   24.93    2.7   29.9    0.13
  351 D0           421 197 348 342 355 356   76.74  105.85   10.9  131.2    1.86
  352 PI0          111   1 348 342   0   0    3.94    5.47    0.6    6.8    0.13

                           ---STRONG HADRON DECAYS--- 

 IHEP    ID      IDPDG IST MO1 MO2 DA1 DA2   P-X     P-Y     P-Z  ENERGY    MASS
  353 PI-         -211   1 349 338   0   0    6.66    9.84    1.7   12.0    0.14
  354 PI0          111   1 349 338   0   0   11.93   16.57    2.2   20.5    0.13
  355 K-          -321   1 351 342   0   0   46.37   63.11    6.9   78.6    0.49
  356 RHO+         213 198 351 342 357 358   30.37   42.74    4.0   52.6    0.77
  357 PI+          211   1 356 342   0   0    3.49    4.62    0.3    5.8    0.14
  358 PI0          111   1 356 342   0   0   26.87   38.11    3.7   46.8    0.13

                           ---HEAVY PARTICLE DECAYS---

 IHEP    ID      IDPDG IST MO1 MO2 DA1 DA2   P-X     P-Y     P-Z  ENERGY    MASS
  359 GLUON         21 123 326 360 361 360   -2.70   -2.49    8.8    9.5    0.75
  360 GLUON         21 124 326 359 363 359   -2.77   -0.12    4.2    5.1    0.75

                              ---PARTON SHOWERS---    

 IHEP    ID      IDPDG IST MO1 MO2 DA1 DA2   P-X     P-Y     P-Z  ENERGY    MASS
  361 GLUON         94 143 359 326 362 362   -2.70   -2.49    8.8    9.5    0.75
  362 GLUON         21   2 361 364 365 366   -2.70   -2.49    8.8    9.5    0.75
  363 GLUON         94 144 360 326 364 364   -2.77   -0.12    4.2    5.1    0.75
  364 GLUON         21   2 363 365 367 368   -2.77   -0.12    4.2    5.1    0.75

                              ---GLUON SPLITTING---   

 IHEP    ID      IDPDG IST MO1 MO2 DA1 DA2   P-X     P-Y     P-Z  ENERGY    MASS
  365 DBAR          -1 158 361 366 370 368   -1.35   -1.30    5.0    5.3    0.32
  366 DQRK           1 158 361 367 369 365   -1.35   -1.19    3.8    4.2    0.32
  367 UBAR          -2 158 363 368 369 366   -1.94   -0.19    3.1    3.6    0.32
  368 UQRK           2 158 363 365 370 367   -0.83    0.07    1.2    1.5    0.32

                             ---CLUSTER FORMATION---  

 IHEP    ID      IDPDG IST MO1 MO2 DA1 DA2   P-X     P-Y     P-Z  ENERGY    MASS
  369 CLUS          91 183 366 367 371 372   -3.30   -1.38    6.9    7.9    1.41
  370 CLUS          91 183 368 365 373 374   -2.17   -1.23    6.1    6.8    1.46

                              ---CLUSTER DECAYS---    

 IHEP    ID      IDPDG IST MO1 MO2 DA1 DA2   P-X     P-Y     P-Z  ENERGY    MASS
  371 A_10       20113 197 369 361 375 376   -2.86   -1.10    6.0    6.8    1.23
  372 PI-         -211   1 369 361   0   0   -0.44   -0.29    0.9    1.0    0.14
  373 PI+          211   1 370 363   0   0   -1.31   -0.66    2.2    2.7    0.14
  374 RHO0         113 197 370 363 377 378   -0.87   -0.57    3.9    4.1    0.77

                           ---STRONG HADRON DECAYS--- 

 IHEP    ID      IDPDG IST MO1 MO2 DA1 DA2   P-X     P-Y     P-Z  ENERGY    MASS
  375 RHO+         213 198 371 361 379 380   -2.00   -1.14    4.6    5.2    0.77
  376 PI-         -211   1 371 361   0   0   -0.85    0.04    1.4    1.7    0.14
  377 PI+          211   1 374 363   0   0   -0.07   -0.31    2.0    2.0    0.14
  378 PI-         -211   1 374 363   0   0   -0.80   -0.26    1.9    2.1    0.14
  379 PI+          211   1 375 361   0   0   -0.32   -0.03    0.3    0.5    0.14
  380 PI0          111   1 375 361   0   0   -1.68   -1.11    4.2    4.7    0.13

 HWWARN CALLED FROM SUBPROGRAM HWDFIV: CODE = 101
 EVENT    3543:   SEEDS =  457001449 & 1380183348  WEIGHT = 0.5963E-03
 EVENT KILLED.   EXECUTION CONTINUES

 HWWARN CALLED FROM SUBPROGRAM HWDFOR: CODE = 101
 EVENT    5115:   SEEDS = 1110456225 &  168566171  WEIGHT = 0.5963E-03
 EVENT KILLED.   EXECUTION CONTINUES

          OUTPUT ON LES HOUCHES EVENTS


      PROC CODE  XSECT(pb)        XERR(pb)      Max wgt(nb) No. of events


          OUTPUT ON ELEMENTARY PROCESS

          N.B. NEGATIVE WEIGHTS ALLOWED

          NUMBER OF EVENTS   =        9998
          NEGATIVE  EVENTS   =        2627
          NUMBER OF WEIGHTS  =       10000
          NEGATIVE  WEIGHTS  =        2627
          MEAN VALUE OF WGT  =  2.8302E-04
          RMS SPREAD IN WGT  =  5.2490E-04
          MEAN ABS WEIGHT    =  5.9634E-04
          ACTUAL MAX ABS WGT =  1.0000E+00
          ASSUMED MAXABS WGT =  2.8302E-04

          PROCESS CODE IPROC =      -18000
          CROSS SECTION (PB) =  0.2830    
          ERROR IN C-S  (PB) =  5.2490E-03
          EFFICIENCY PERCENT =   100.0    
 # of events processed=        9998
