 A PDF is used, so alpha_s(MZ) is going to be modified
 Old value of alpha_s from param_card:   0.11799999999999999     
  ****************************************
 
       NNPDFDriver version 1.0.3
   Grid: NNPDF23_lo_as_0130_qed_mem0.grid
  ****************************************
 New value of alpha_s from PDF nn23lo1:  0.13000000000000000     
 Enter event file name
 Enter 1 to save all cross sections on tape
       0 otherwise
 Including scale uncertainties for dynamical_scale_choice          -1
   - renormalisation scale variation:   1.0000000000000000        2.0000000000000000       0.50000000000000000     
   - factorisation scale variation:   1.0000000000000000        2.0000000000000000       0.50000000000000000     
   
 The events appear to be unweighted
  Will store the ratios of recomputed weights
  over reference weights
 ================================
 process combination map (specified per FKS dir):
  1 map         1   2
  1 inv. map    1   2
  2 map         1   2
  2 inv. map    1   2
  3 map         1   2
  3 inv. map    1   2
  4 map         1   2
  4 inv. map    1   2
  5 map         1   2
  5 inv. map    1   2
  6 map         1   1   2   2
  6 inv. map    2   4
  7 map         1   2
  7 inv. map    1   2
  8 map         1   2
  8 inv. map    1   2
 ================================
