 A PDF is used, so alpha_s(MZ) is going to be modified
 Old value of alpha_s from param_card:   0.11799999999999999     
  ****************************************
 
       NNPDFDriver version 1.0.3
   Grid: NNPDF23nlo_as_0119_qed_mem0.grid
  ****************************************
 New value of alpha_s from PDF nn23nlo:  0.11899999999999999     
 *****************************************************
 *               MadGraph/MadEvent                   *
 *        --------------------------------           *
 *          http://madgraph.hep.uiuc.edu             *
 *          http://madgraph.phys.ucl.ac.be           *
 *          http://madgraph.roma2.infn.it            *
 *        --------------------------------           *
 *                                                   *
 *          PARAMETER AND COUPLING VALUES            *
 *                                                   *
 *****************************************************

  External Params
  ---------------------------------
  
 MU_R =    91.188000000000002     
 aEWM1 =    132.50700000000001     
 mdl_Gf =    1.1663900000000000E-005
 aS =   0.11799999999999999     
 mdl_ymb =    4.7000000000000002     
 mdl_ymt =    173.00000000000000     
 mdl_ymtau =    1.7769999999999999     
 mdl_MT =    173.00000000000000     
 mdl_MB =    4.7000000000000002     
 mdl_MZ =    91.188000000000002     
 mdl_MH =    125.00000000000000     
 mdl_MTA =    1.7769999999999999     
 mdl_WT =    1.4915000000000000     
 mdl_WZ =    2.4414039999999999     
 mdl_WW =    2.0476000000000001     
 mdl_WH =    6.3823389999999999E-003
  Internal Params
  ---------------------------------
  
 mdl_conjg__CKM3x3 =    1.0000000000000000     
 mdl_CKM22 =    1.0000000000000000     
 mdl_lhv =    1.0000000000000000     
 mdl_CKM3x3 =    1.0000000000000000     
 mdl_conjg__CKM22 =    1.0000000000000000     
 mdl_conjg__CKM33 =    1.0000000000000000     
 mdl_Ncol =    3.0000000000000000     
 mdl_CA =    3.0000000000000000     
 mdl_TF =   0.50000000000000000     
 mdl_CF =    1.3333333333333333     
 mdl_complexi =                (0.0000000000000000,1.0000000000000000)
 mdl_MZ__exp__2 =    8315.2513440000002     
 mdl_MZ__exp__4 =    69143404.913893804     
 mdl_sqrt__2 =    1.4142135623730951     
 mdl_MH__exp__2 =    15625.000000000000     
 mdl_Ncol__exp__2 =    9.0000000000000000     
 mdl_MB__exp__2 =    22.090000000000003     
 mdl_MT__exp__2 =    29929.000000000000     
 mdl_aEW =    7.5467711139788835E-003
 mdl_MW =    80.419002445756163     
 mdl_sqrt__aEW =    8.6872153846781555E-002
 mdl_ee =   0.30795376724436879     
 mdl_MW__exp__2 =    6467.2159543705357     
 mdl_sw2 =   0.22224648578577766     
 mdl_cw =   0.88190334743339216     
 mdl_sqrt__sw2 =   0.47143025548407230     
 mdl_sw =   0.47143025548407230     
 mdl_g1 =   0.34919219678733299     
 mdl_gw =   0.65323293034757990     
 mdl_v =    246.21845810181637     
 mdl_v__exp__2 =    60623.529110035903     
 mdl_lam =   0.12886910601690263     
 mdl_yb =    2.6995554250465490E-002
 mdl_yt =   0.99366614581500623     
 mdl_ytau =    1.0206617000654717E-002
 mdl_muH =    88.388347648318430     
 mdl_AxialZUp =  -0.18517701861793787     
 mdl_AxialZDown =   0.18517701861793787     
 mdl_VectorZUp =    7.5430507588273299E-002
 mdl_VectorZDown =  -0.13030376310310560     
 mdl_VectorAUp =   0.20530251149624587     
 mdl_VectorADown =  -0.10265125574812294     
 mdl_VectorWmDxU =   0.23095271737156670     
 mdl_AxialWmDxU =  -0.23095271737156670     
 mdl_VectorWpUxD =   0.23095271737156670     
 mdl_AxialWpUxD =  -0.23095271737156670     
 mdl_I1x33 =          (2.69955542504654901E-002,0.0000000000000000)
 mdl_I2x33 =               (0.99366614581500623,0.0000000000000000)
 mdl_I3x33 =               (0.99366614581500623,0.0000000000000000)
 mdl_I4x33 =          (2.69955542504654901E-002,0.0000000000000000)
 mdl_Vector_tbGp =              (-0.96667059156454072,0.0000000000000000)
 mdl_Axial_tbGp =              (-1.0206617000654716,-0.0000000000000000)
 mdl_Vector_tbGm =               (0.96667059156454072,0.0000000000000000)
 mdl_Axial_tbGm =              (-1.0206617000654716,-0.0000000000000000)
 mdl_gw__exp__2 =   0.42671326129048615     
 mdl_cw__exp__2 =   0.77775351421422245     
 mdl_ee__exp__2 =    9.4835522759998875E-002
 mdl_sw__exp__2 =   0.22224648578577769     
 mdl_yb__exp__2 =    7.2875994928982540E-004
 mdl_yt__exp__2 =   0.98737240933884918     
  Internal Params evaluated point by point
  ----------------------------------------
  
 mdl_sqrt__aS =   0.34351128074635334     
 mdl_G__exp__4 =    2.1987899468922913     
 mdl_G__exp__2 =    1.4828317324943823     
 mdl_R2MixedFactor_FIN_ =   -2.5040377713124864E-002
 mdl_GWcft_UV_b_1EPS_ =   -3.1300472141406080E-003
 mdl_GWcft_UV_t_1EPS_ =   -3.1300472141406080E-003
 mdl_bWcft_UV_1EPS_ =   -1.8780283284843650E-002
 mdl_tWcft_UV_1EPS_ =   -1.8780283284843650E-002
 mdl_G__exp__3 =    1.8056676068262196     
 mdl_MU_R__exp__2 =    8315.2513440000002     
 mdl_GWcft_UV_b_FIN_ =   -1.8563438626678915E-002
 mdl_GWcft_UV_t_FIN_ =    4.0087659331150384E-003
 mdl_bWcft_UV_FIN_ =  -0.13642100947319838     
 mdl_tWcft_UV_FIN_ =   -9.8778211443463623E-004
  Couplings of loop_sm
  ---------------------------------
  
    R2_UUZ_V2 =  -0.00000E+00  -0.72127E-02
    R2_UUZ_V5 =   0.00000E+00   0.68702E-03
      R2_sxcW =  -0.00000E+00  -0.11566E-01
         GC_5 =   0.00000E+00   0.12177E+01
        GC_22 =   0.00000E+00   0.28804E+00
        GC_23 =  -0.00000E+00  -0.27437E-01
        GC_31 =   0.00000E+00   0.52532E+02
        GC_32 =   0.00000E+00   0.67544E+02
        GC_47 =   0.00000E+00   0.46191E+00

 Collider parameters:
 --------------------

 Running at P P   machine @    13000.000000000000       GeV
 PDF set = nn23nlo
 alpha_s(Mz)= 0.1190 running at 2 loops.
 alpha_s(Mz)= 0.1190 running at 2 loops.
 Renormalization scale set on event-by-event basis
 Factorization   scale set on event-by-event basis


 ===============================================================
 INFO: MadFKS read these parameters from FKS_params.dat
 ===============================================================
  > IRPoleCheckThreshold      =   -1.0000000000000000     
  > PrecisionVirtualAtRunTime =   -1.0000000000000000     
  > NHelForMCoverHels         =            4
  > VirtualFraction           =    1.0000000000000000     
  > MinVirtualFraction        =    5.0000000000000001E-003
 ===============================================================
  Insert the number of points to test
 Insert the relative tolerance
  A negative number will mean use the default one:   -1.0000000000000000     
Using random seed offsets:     1 ,      1 ,      0
  with seed                15455
 Ranmar initialization seeds       10742       25455
  ========================================================================================== 
 {                                                                                          }
 {       [32m                                                                            [0m       }
 {       [32m                               ,,                                           [0m       }
 {       [32m`7MMM.     ,MMF'             `7MM  `7MMF'                                   [0m       }
 {       [32m  MMMb    dPMM                 MM    MM                                     [0m       }
 {       [32m  M YM   ,M MM   ,6"Yb.   ,M""bMM    MM         ,pW"Wq.   ,pW"Wq.`7MMpdMAo. [0m       }
 {       [32m  M  Mb  M' MM  8)   MM ,AP    MM    MM        6W'   `Wb 6W'   `Wb MM   `Wb [0m       }
 {       [32m  M  YM.P'  MM   ,pm9MM 8MI    MM    MM      , 8M     M8 8M     M8 MM    M8 [0m       }
 {       [32m  M  `YM'   MM  8M   MM `Mb    MM    MM     ,M YA.   ,A9 YA.   ,A9 MM   ,AP [0m       }
 {       [32m.JML. `'  .JMML.`Moo9^Yo.`Wbmd"MML..JMMmmmmMMM  `Ybmd9'   `Ybmd9'  MMbmmd'  [0m       }
 {       [32m                                                                   MM       [0m       }
 {       [32m                                                                 .JMML.     [0m       }
 {       [32m[0mv2.6.7 (2019-10-16), Ref: arXiv:1103.0621v2, arXiv:1405.0301[32m                [0m       }
 {       [32m                                                                            [0m       }
 {                                                                                          }
  ========================================================================================== 
 ===============================================================
 INFO: MadLoop read these parameters from ./MadLoop5_resources/MadLoopParams.dat                                                                                                                                                                                                                                                                                                                                                                                                                                                                                          
 ===============================================================
  > MLReductionLib            = 6|7|1
  > CTModeRun                 =           -1
  > MLStabThres               =    1.0000000000000000E-003
  > NRotations_DP             =            0
  > NRotations_QP             =            0
  > CTStabThres               =    1.0000000000000000E-002
  > CTLoopLibrary             =            2
  > CTModeInit                =            1
  > CheckCycle                =            3
  > MaxAttempts               =           10
  > UseLoopFilter             =  F
  > HelicityFilterLevel       =            2
  > ImprovePSPoint            =            2
  > DoubleCheckHelicityFilter =  T
  > LoopInitStartOver         =  F
  > HelInitStartOver          =  F
  > ZeroThres                 =    1.0000000000000001E-009
  > OSThres                   =    1.0000000000000000E-008
  > WriteOutFilters           =  T
  > UseQPIntegrandForNinja    =  T
  > UseQPIntegrandForCutTools =  T
  > IREGIMODE                 =            2
  > IREGIRECY                 =  T
  > COLLIERMode               =            1
  > COLLIERRequiredAccuracy   =    1.0000000000000000E-008
  > COLLIERCanOutput          =  F
  > COLLIERComputeUVpoles     =  T
  > COLLIERComputeIRpoles     =  T
  > COLLIERGlobalCache        =           -1
  > COLLIERUseCacheForPoles   =  F
  > COLLIERUseInternalStabilityTest =  T
 ===============================================================
  
------------------------------------------------------------------------
|              You are using CutTools - Version 1.9.3                  |
|              Authors: G. Ossola, C. Papadopoulos, R. Pittau          |
|              Published in JHEP 0803:042,2008                         |
|              http://www.ugr.es/~pittau/CutTools                      |
|                                                                      |
|              Compiler with  34  significant digits detetected        |
 ---------------------------------------------------------------------- 
   
########################################################################
#                                                                      #
#                      You are using OneLOop-3.6                       #
#                                                                      #
# for the evaluation of 1-loop scalar 1-, 2-, 3- and 4-point functions #
#                                                                      #
# author: Andreas van Hameren <hamerenREMOVETHIS@ifj.edu.pl>           #
#   date: 18-02-2015                                                   #
#                                                                      #
# Please cite                                                          #
#    A. van Hameren,                                                   #
#      Comput.Phys.Commun. 182 (2011) 2427-2438, arXiv:1007.4716       #
#    A. van Hameren, C.G. Papadopoulos and R. Pittau,                  #
#      JHEP 0909:106,2009, arXiv:0903.4665                             #
# in publications with results obtained with the help of this program. #
#                                                                      #

  +----------------------------------------------------------------+
  |                                                                |
  |  Ninja - version 1.2.0                                         |
  |                                                                |
  |  Author: Tiziano Peraro                                        |
  |                                                                |
  |  Based on:                                                     |
  |                                                                |
  |      P. Mastrolia, E. Mirabella and T. Peraro,                 |
  |      "Integrand reduction of one-loop scattering amplitudes    |
  |      through Laurent series expansion,"                        |
  |      JHEP 1206 (2012) 095  [arXiv:1203.0291 [hep-ph]].         |
  |                                                                |
  |      T. Peraro,                                                |
  |      "Ninja: Automated Integrand Reduction via Laurent         |
  |      Expansion for One-Loop Amplitudes,"                       |
  |      Comput.Phys.Commun. 185 (2014) [arXiv:1403.1229 [hep-ph]] |
  |                                                                |
  +----------------------------------------------------------------+


########################################################################
########################################################################
#                                                                      #
#                      You are using OneLOop-3.6                       #
#                                                                      #
# for the evaluation of 1-loop scalar 1-, 2-, 3- and 4-point functions #
#                                                                      #
# author: Andreas van Hameren <hamerenREMOVETHIS@ifj.edu.pl>           #
#   date: 18-02-2015                                                   #
#                                                                      #
# Please cite                                                          #
#    A. van Hameren,                                                   #
#      Comput.Phys.Commun. 182 (2011) 2427-2438, arXiv:1007.4716       #
#    A. van Hameren, C.G. Papadopoulos and R. Pittau,                  #
#      JHEP 0909:106,2009, arXiv:0903.4665                             #
# in publications with results obtained with the help of this program. #
#                                                                      #
########################################################################
 PASSED  -1.0000000000000000     
 MU_R    =    325.00000000000000     
 ALPHA_S =   0.11799999999999999     
 BORN                    1.8007469338509699E-009
 SINGLE POLE (MadFKS)   -2.7716994174917600E-010
 DOUBLE POLE (MadFKS)   -1.8036553355751905E-010
 SINGLE POLE (MadLoop)  -2.8573943317743186E-010
 DOUBLE POLE (MadLoop)  -1.8036553355752017E-010
 FINITE PART (MadLoop)  -7.5729142019283234E-010
   325.00000000000000        0.0000000000000000        0.0000000000000000        325.00000000000000        0.0000000000000000     
   325.00000000000000        0.0000000000000000        0.0000000000000000       -325.00000000000000        0.0000000000000000     
   327.07720991601371        293.42950547007587       -71.852779707511260        9.5291455196505268        125.00000000000000     
   104.30839223867270       -100.05322741848072       -29.197681812467906        4.1337333417196920        0.0000000000000000     
   218.61439784531365       -193.37627805159497        101.05046151997922       -13.662878861370141        0.0000000000000000     

 PASSED  -1.0000000000000000     
 MU_R    =    325.00000000000000     
 ALPHA_S =   0.11799999999999999     
 BORN                    7.5593461695466108E-009
 SINGLE POLE (MadFKS)   -1.3058381776019133E-009
 DOUBLE POLE (MadFKS)   -7.5715553339884310E-010
 SINGLE POLE (MadLoop)  -1.2438320011025772E-009
 DOUBLE POLE (MadLoop)  -7.5715553339883545E-010
 FINITE PART (MadLoop)  -3.3464289861321633E-009
   325.00000000000000        0.0000000000000000        0.0000000000000000        325.00000000000000        0.0000000000000000     
   325.00000000000000        0.0000000000000000        0.0000000000000000       -325.00000000000000        0.0000000000000000     
   278.70799149182938        125.12835984029627        198.74758025892362        83.038770621376884        125.00000000000000     
   234.26456345194049       -205.03543805494152       -112.62222305563928       -12.513580820544503        0.0000000000000000     
   137.02744505623014        79.907078214645153       -86.125357203284381       -70.525189800832436        0.0000000000000000     

 PASSED  -1.0000000000000000     
 MU_R    =    325.00000000000000     
 ALPHA_S =   0.11799999999999999     
 BORN                    6.4040356960999522E-009
 SINGLE POLE (MadFKS)   -1.1023336780159383E-009
 DOUBLE POLE (MadFKS)   -6.4143789087470940E-010
 SINGLE POLE (MadLoop)  -1.0722970271725640E-009
 DOUBLE POLE (MadLoop)  -6.4143789087471126E-010
 FINITE PART (MadLoop)  -2.7752368744239372E-009
   325.00000000000000        0.0000000000000000        0.0000000000000000        325.00000000000000        0.0000000000000000     
   325.00000000000000        0.0000000000000000        0.0000000000000000       -325.00000000000000        0.0000000000000000     
   294.13250881414899       -250.99063565908759        67.886897164896780       -57.306219087244692        125.00000000000000     
   184.52860487043969        172.11039262940932        63.873498128426235       -18.681407902493344        0.0000000000000000     
   171.33888631541126        78.880243029678297       -131.76039529332303        75.987626989738061        0.0000000000000000     

 PASSED  -1.0000000000000000     
 MU_R    =    325.00000000000000     
 ALPHA_S =   0.11799999999999999     
 BORN                    3.4779645750903589E-008
 SINGLE POLE (MadFKS)   -8.1435978702002932E-009
 DOUBLE POLE (MadFKS)   -3.4835818653252168E-009
 SINGLE POLE (MadLoop)  -8.0960650548915460E-009
 DOUBLE POLE (MadLoop)  -3.4835818653252065E-009
 FINITE PART (MadLoop)  -1.9631767878603346E-008
   325.00000000000000        0.0000000000000000        0.0000000000000000        325.00000000000000        0.0000000000000000     
   325.00000000000000        0.0000000000000000        0.0000000000000000       -325.00000000000000        0.0000000000000000     
   308.58728709361253       -131.51449324557510        226.79396384295578        104.25713302482136        125.00000000000000     
   138.26033526221207        44.785566642550506       -122.16744144193034        46.747080966168241        0.0000000000000000     
   203.15237764417540        86.728926603024604       -104.62652240102535       -151.00421399098960        0.0000000000000000     

 PASSED  -1.0000000000000000     
 MU_R    =    325.00000000000000     
 ALPHA_S =   0.11799999999999999     
 BORN                    1.6203214541872779E-008
 SINGLE POLE (MadFKS)   -2.7919017075337236E-009
 DOUBLE POLE (MadFKS)   -1.6229384491811676E-009
 SINGLE POLE (MadLoop)  -2.6765286814970021E-009
 DOUBLE POLE (MadLoop)  -1.6229384491811724E-009
 FINITE PART (MadLoop)  -7.0555074977869823E-009
   325.00000000000000        0.0000000000000000        0.0000000000000000        325.00000000000000        0.0000000000000000     
   325.00000000000000        0.0000000000000000        0.0000000000000000       -325.00000000000000        0.0000000000000000     
   175.26979456626768       -76.281035947009499       -31.484826452545519       -91.018735134068919        125.00000000000000     
   225.20095498649286       -77.674813410359008       -158.80801138839945        139.50666294968255        0.0000000000000000     
   249.52925044723941        153.95584935736861        190.29283784094494       -48.487927815613610        0.0000000000000000     

 PASSED  -1.0000000000000000     
 MU_R    =    325.00000000000000     
 ALPHA_S =   0.11799999999999999     
 BORN                    3.3840606629749090E-008
 SINGLE POLE (MadFKS)   -7.0406699952947111E-009
 DOUBLE POLE (MadFKS)   -3.3895262882007786E-009
 SINGLE POLE (MadLoop)  -6.8567073391092275E-009
 DOUBLE POLE (MadLoop)  -3.3895262882007934E-009
 FINITE PART (MadLoop)  -1.7422427889074762E-008
   325.00000000000000        0.0000000000000000        0.0000000000000000        325.00000000000000        0.0000000000000000     
   325.00000000000000        0.0000000000000000        0.0000000000000000       -325.00000000000000        0.0000000000000000     
   238.01275750062311        189.20626712615288        47.396075762787788        54.586383059563346        125.00000000000000     
   294.40110587419400       -232.11891211266604       -132.58837039459911       -123.34158185983085        0.0000000000000000     
   117.58613662518289        42.912644986513342        85.192294631811279        68.755198800267493        0.0000000000000000     

 PASSED  -1.0000000000000000     
 MU_R    =    325.00000000000000     
 ALPHA_S =   0.11799999999999999     
 BORN                    4.3873925185888205E-009
 SINGLE POLE (MadFKS)   -7.2945551787273856E-010
 DOUBLE POLE (MadFKS)   -4.3944786336480907E-010
 SINGLE POLE (MadLoop)  -7.1149739016397184E-010
 DOUBLE POLE (MadLoop)  -4.3944786336481227E-010
 FINITE PART (MadLoop)  -1.8615325466154568E-009
   325.00000000000000        0.0000000000000000        0.0000000000000000        325.00000000000000        0.0000000000000000     
   325.00000000000000        0.0000000000000000        0.0000000000000000       -325.00000000000000        0.0000000000000000     
   307.62402135261965        252.55697161329451        43.903488947960184        115.30393861822284        125.00000000000000     
   128.31905178902954       -70.938294829331127       -105.05346888060227       -19.932537592963012        0.0000000000000000     
   214.05692685835078       -181.61867678396348        61.149979932642104       -95.371401025259843        0.0000000000000000     

 PASSED  -1.0000000000000000     
 MU_R    =    325.00000000000000     
 ALPHA_S =   0.11799999999999999     
 BORN                    1.1973633521597546E-008
 SINGLE POLE (MadFKS)   -2.0147861486034141E-009
 DOUBLE POLE (MadFKS)   -1.1992972239173440E-009
 SINGLE POLE (MadLoop)  -1.9020786793816891E-009
 DOUBLE POLE (MadLoop)  -1.1992972239174531E-009
 FINITE PART (MadLoop)  -5.0338273035977362E-009
   325.00000000000000        0.0000000000000000        0.0000000000000000        325.00000000000000        0.0000000000000000     
   325.00000000000000        0.0000000000000000        0.0000000000000000       -325.00000000000000        0.0000000000000000     
   205.58628663665104        55.853564065512444        11.170502237094507       -152.95855815873125        125.00000000000000     
   181.73228611403721        38.167182948317375        177.64266176821482       -3.6020385794039966        0.0000000000000000     
   262.68142724931181       -94.020747013829833       -188.81316400530946        156.56059673813525        0.0000000000000000     

 PASSED  -1.0000000000000000     
 MU_R    =    325.00000000000000     
 ALPHA_S =   0.11799999999999999     
 BORN                    2.5302495790999620E-008
 SINGLE POLE (MadFKS)   -5.4641518024644223E-009
 DOUBLE POLE (MadFKS)   -2.5343362067655303E-009
 SINGLE POLE (MadLoop)  -5.3534048089761289E-009
 DOUBLE POLE (MadLoop)  -2.5343362067655179E-009
 FINITE PART (MadLoop)  -1.3942534111508724E-008
   325.00000000000000        0.0000000000000000        0.0000000000000000        325.00000000000000        0.0000000000000000     
   325.00000000000000        0.0000000000000000        0.0000000000000000       -325.00000000000000        0.0000000000000000     
   282.43020512508747       -50.391635450859603        244.62180325409722       -41.984249621738329        125.00000000000000     
   121.84256932590256       -75.760130694872487       -38.662340296686423        87.242407920783791        0.0000000000000000     
   245.72722554900992        126.15176614573213       -205.95946295741081       -45.258158299045419        0.0000000000000000     

 PASSED  -1.0000000000000000     
 MU_R    =    325.00000000000000     
 ALPHA_S =   0.11799999999999999     
 BORN                    1.3937645596565128E-008
 SINGLE POLE (MadFKS)   -2.5236346604400630E-009
 DOUBLE POLE (MadFKS)   -1.3960156406786493E-009
 SINGLE POLE (MadLoop)  -2.4087965046398913E-009
 DOUBLE POLE (MadLoop)  -1.3960156406786390E-009
 FINITE PART (MadLoop)  -6.1513368024107680E-009
   325.00000000000000        0.0000000000000000        0.0000000000000000        325.00000000000000        0.0000000000000000     
   325.00000000000000        0.0000000000000000        0.0000000000000000       -325.00000000000000        0.0000000000000000     
   245.31699431014198       -153.69414776553052        69.417951590931438       -126.94362779166431        125.00000000000000     
   129.62764315872482       -77.392747967577634       -102.31885454349977       -18.561800500459572        0.0000000000000000     
   275.05536253113320        231.08689573310812        32.900902952568316        145.50542829212390        0.0000000000000000     

 PASSED  -1.0000000000000000     
 MU_R    =    325.00000000000000     
 ALPHA_S =   0.11799999999999999     
 BORN                    6.3886363591806006E-009
 SINGLE POLE (MadFKS)   -1.0237900277900869E-009
 DOUBLE POLE (MadFKS)   -6.3989547002274035E-010
 SINGLE POLE (MadLoop)  -9.3404848228347214E-010
 DOUBLE POLE (MadLoop)  -6.3989547002274169E-010
 FINITE PART (MadLoop)  -2.6280775374260705E-009
   325.00000000000000        0.0000000000000000        0.0000000000000000        325.00000000000000        0.0000000000000000     
   325.00000000000000        0.0000000000000000        0.0000000000000000       -325.00000000000000        0.0000000000000000     
   258.48425701623677       -207.77372251183019       -20.184155742441629       -87.245579921150679        125.00000000000000     
   276.76960920430389        242.94128966598618        122.83473915332694        49.925676877380383        0.0000000000000000     
   114.74613377945940       -35.167567154156110       -102.65058341088528        37.319903043769997        0.0000000000000000     

 PASSED  -1.0000000000000000     
 MU_R    =    325.00000000000000     
 ALPHA_S =   0.11799999999999999     
 BORN                    1.0930127204212689E-008
 SINGLE POLE (MadFKS)   -1.8808060085017319E-009
 DOUBLE POLE (MadFKS)   -1.0947780545839490E-009
 SINGLE POLE (MadLoop)  -1.7732535000828795E-009
 DOUBLE POLE (MadLoop)  -1.0947780545839508E-009
 FINITE PART (MadLoop)  -4.7840448219890111E-009
   325.00000000000000        0.0000000000000000        0.0000000000000000        325.00000000000000        0.0000000000000000     
   325.00000000000000        0.0000000000000000        0.0000000000000000       -325.00000000000000        0.0000000000000000     
   233.13772390648035        148.50693093335602        128.30154631595337        14.580911699377047        125.00000000000000     
   132.29418084565143        114.42261032564757       -29.216977616366229       -59.628724209492233        0.0000000000000000     
   284.56809524786831       -262.92954125900354       -99.084568699587180        45.047812510115179        0.0000000000000000     

 PASSED  -1.0000000000000000     
 MU_R    =    325.00000000000000     
 ALPHA_S =   0.11799999999999999     
 BORN                    1.4807161595325217E-008
 SINGLE POLE (MadFKS)   -2.6642346957404308E-009
 DOUBLE POLE (MadFKS)   -1.4831076768248799E-009
 SINGLE POLE (MadLoop)  -2.5401034856897976E-009
 DOUBLE POLE (MadLoop)  -1.4831076768248834E-009
 FINITE PART (MadLoop)  -6.6943260586345529E-009
   325.00000000000000        0.0000000000000000        0.0000000000000000        325.00000000000000        0.0000000000000000     
   325.00000000000000        0.0000000000000000        0.0000000000000000       -325.00000000000000        0.0000000000000000     
   226.76243014421280        79.674845141151096       -60.000865017243704        160.77317865186683        125.00000000000000     
   220.87959300214470        115.59270062099357        112.21182795842121       -151.11130941848168        0.0000000000000000     
   202.35797685364250       -195.26754576214469       -52.210962941177485       -9.6618692333851417        0.0000000000000000     

 PASSED  -1.0000000000000000     
 MU_R    =    325.00000000000000     
 ALPHA_S =   0.11799999999999999     
 BORN                    5.4551621866695453E-008
 SINGLE POLE (MadFKS)   -1.2732316189510729E-008
 DOUBLE POLE (MadFKS)   -5.4639728656224637E-009
 SINGLE POLE (MadLoop)  -1.2527325445260433E-008
 DOUBLE POLE (MadLoop)  -5.4639728656224513E-009
 FINITE PART (MadLoop)  -3.1631437657390341E-008
   325.00000000000000        0.0000000000000000        0.0000000000000000        325.00000000000000        0.0000000000000000     
   325.00000000000000        0.0000000000000000        0.0000000000000000       -325.00000000000000        0.0000000000000000     
   269.57397081978127       -40.884103079452771       -225.29052307528534       -67.954367566752197        125.00000000000000     
   280.19741125008505        115.75396955123712        217.10116586959970        134.08464335053816        0.0000000000000000     
   100.22861793013372       -74.869866471784320        8.1893572056855550       -66.130275783786004        0.0000000000000000     

 PASSED  -1.0000000000000000     
 MU_R    =    325.00000000000000     
 ALPHA_S =   0.11799999999999999     
 BORN                    7.6652980627308384E-009
 SINGLE POLE (MadFKS)   -1.1411337391485932E-009
 DOUBLE POLE (MadFKS)   -7.6776783509785795E-010
 SINGLE POLE (MadLoop)  -1.0553715814426165E-009
 DOUBLE POLE (MadLoop)  -7.6776783509784978E-010
 FINITE PART (MadLoop)  -2.9668574206096415E-009
   325.00000000000000        0.0000000000000000        0.0000000000000000        325.00000000000000        0.0000000000000000     
   325.00000000000000        0.0000000000000000        0.0000000000000000       -325.00000000000000        0.0000000000000000     
   169.86819858777534        16.742505113238074       0.57913726644663954        113.79612477591530        125.00000000000000     
   217.70885785758458        173.93970490251340       -130.44191491845839        11.270877538425630        0.0000000000000000     
   262.42294355464009       -190.68221001575142        129.86277765201169       -125.06700231434088        0.0000000000000000     

 PASSED  -1.0000000000000000     
 MU_R    =    325.00000000000000     
 ALPHA_S =   0.11799999999999999     
 BORN                    2.5246451956256308E-007
 SINGLE POLE (MadFKS)   -8.2556173866836638E-008
 DOUBLE POLE (MadFKS)   -2.5287227716036724E-008
 SINGLE POLE (MadLoop)  -8.2012268608236254E-008
 DOUBLE POLE (MadLoop)  -2.5287227716037121E-008
 FINITE PART (MadLoop)  -2.0935870957176949E-007
   325.00000000000000        0.0000000000000000        0.0000000000000000        325.00000000000000        0.0000000000000000     
   325.00000000000000        0.0000000000000000        0.0000000000000000       -325.00000000000000        0.0000000000000000     
   321.24514796271245        110.62030771283688       -125.26668320813529        244.22295283026727        125.00000000000000     
   28.730080231765193        9.7480597031198890        24.480571340964676        11.449649294542358        0.0000000000000000     
   300.02477180552239       -120.36836741595668        100.78611186717049       -255.67260212480963        0.0000000000000000     

 PASSED  -1.0000000000000000     
 MU_R    =    325.00000000000000     
 ALPHA_S =   0.11799999999999999     
 BORN                    8.9502114801796113E-010
 SINGLE POLE (MadFKS)   -1.4060813738958500E-010
 DOUBLE POLE (MadFKS)   -8.9646670430417550E-011
 SINGLE POLE (MadLoop)  -1.4766091312238126E-010
 DOUBLE POLE (MadLoop)  -8.9646670430417834E-011
 FINITE PART (MadLoop)  -3.9097679642420284E-010
   325.00000000000000        0.0000000000000000        0.0000000000000000        325.00000000000000        0.0000000000000000     
   325.00000000000000        0.0000000000000000        0.0000000000000000       -325.00000000000000        0.0000000000000000     
   335.24637508509431       -211.42472423085130       -202.43273190753956       -105.28868431153694        125.00000000000000     
   121.61801360032790        64.083034562661240        90.524495704630894        49.896107971990830        0.0000000000000000     
   193.13561131457777        147.34168966819010        111.90823620290868        55.392576339546117        0.0000000000000000     

 PASSED  -1.0000000000000000     
 MU_R    =    325.00000000000000     
 ALPHA_S =   0.11799999999999999     
 BORN                    3.5818785714202239E-008
 SINGLE POLE (MadFKS)   -8.1561507587209714E-009
 DOUBLE POLE (MadFKS)   -3.5876636940364202E-009
 SINGLE POLE (MadLoop)  -7.9882356352129173E-009
 DOUBLE POLE (MadLoop)  -3.5876636940364335E-009
 FINITE PART (MadLoop)  -2.0684677561289191E-008
   325.00000000000000        0.0000000000000000        0.0000000000000000        325.00000000000000        0.0000000000000000     
   325.00000000000000        0.0000000000000000        0.0000000000000000       -325.00000000000000        0.0000000000000000     
   281.63216427334652       -151.45295550444592       -58.728096214998089        193.14421797511696        125.00000000000000     
   162.89827785751248        80.797949713006517        140.26196119759277       -18.279017810670254        0.0000000000000000     
   205.46955786914106        70.655005791439407       -81.533864982594650       -174.86520016444669        0.0000000000000000     

 PASSED  -1.0000000000000000     
 MU_R    =    325.00000000000000     
 ALPHA_S =   0.11799999999999999     
 BORN                    4.4966212264436884E-009
 SINGLE POLE (MadFKS)   -5.9704662192856701E-010
 DOUBLE POLE (MadFKS)   -4.5038837577201892E-010
 SINGLE POLE (MadLoop)  -5.2451645586532335E-010
 DOUBLE POLE (MadLoop)  -4.5038837577201897E-010
 FINITE PART (MadLoop)  -1.6151538236430393E-009
   325.00000000000000        0.0000000000000000        0.0000000000000000        325.00000000000000        0.0000000000000000     
   325.00000000000000        0.0000000000000000        0.0000000000000000       -325.00000000000000        0.0000000000000000     
   177.30517719001406        66.543851673239885        100.64291808277882        35.426610092629581        125.00000000000000     
   295.46082509003099       -111.13467830555524       -272.09533324875241       -30.171378242517395        0.0000000000000000     
   177.23399771995491        44.590826632315355        171.45241516597352       -5.2552318501121968        0.0000000000000000     

 PASSED  -1.0000000000000000     
 MU_R    =    325.00000000000000     
 ALPHA_S =   0.11799999999999999     
 BORN                    9.2969011028588292E-008
 SINGLE POLE (MadFKS)   -2.2848677649826771E-008
 DOUBLE POLE (MadFKS)   -9.3119166070860882E-009
 SINGLE POLE (MadLoop)  -2.2611617043559845E-008
 DOUBLE POLE (MadLoop)  -9.3119166070860965E-009
 FINITE PART (MadLoop)  -5.6033523328672323E-008
   325.00000000000000        0.0000000000000000        0.0000000000000000        325.00000000000000        0.0000000000000000     
   325.00000000000000        0.0000000000000000        0.0000000000000000       -325.00000000000000        0.0000000000000000     
   264.68533117648099        67.101906259434173        168.91236192426049       -146.28490252080408        125.00000000000000     
   158.57449409888935       -134.93710244700512       -69.514935359740434       -45.885970882790048        0.0000000000000000     
   226.74017472462970        67.835196187570943       -99.397426564520060        192.17087340359413        0.0000000000000000     

 NUMBER OF POINTS PASSING THE CHECK          20
 NUMBER OF POINTS FAILING THE CHECK           0
 TOLERANCE   -1.0000000000000000     
