 A PDF is used, so alpha_s(MZ) is going to be modified
 Old value of alpha_s from param_card:   0.11799999999999999     
  ****************************************
 
       NNPDFDriver version 1.0.3
   Grid: NNPDF23_lo_as_0130_qed_mem0.grid
  ****************************************
 New value of alpha_s from PDF nn23lo1:  0.13000000000000000     
 *****************************************************
 *               MadGraph/MadEvent                   *
 *        --------------------------------           *
 *          http://madgraph.hep.uiuc.edu             *
 *          http://madgraph.phys.ucl.ac.be           *
 *          http://madgraph.roma2.infn.it            *
 *        --------------------------------           *
 *                                                   *
 *          PARAMETER AND COUPLING VALUES            *
 *                                                   *
 *****************************************************

  External Params
  ---------------------------------
  
 MU_R =    91.188000000000002     
 aEWM1 =    132.50700000000001     
 mdl_Gf =    1.1663900000000000E-005
 aS =   0.11799999999999999     
 mdl_ymb =    4.7000000000000002     
 mdl_ymt =    173.00000000000000     
 mdl_ymtau =    1.7769999999999999     
 mdl_MT =    173.00000000000000     
 mdl_MB =    4.7000000000000002     
 mdl_MZ =    91.188000000000002     
 mdl_MH =    125.00000000000000     
 mdl_MTA =    1.7769999999999999     
 mdl_WT =    1.4915000000000000     
 mdl_WZ =    2.4414039999999999     
 mdl_WW =    2.0476000000000001     
 mdl_WH =    6.3823389999999999E-003
  Internal Params
  ---------------------------------
  
 mdl_conjg__CKM3x3 =    1.0000000000000000     
 mdl_CKM22 =    1.0000000000000000     
 mdl_lhv =    1.0000000000000000     
 mdl_CKM3x3 =    1.0000000000000000     
 mdl_conjg__CKM22 =    1.0000000000000000     
 mdl_conjg__CKM33 =    1.0000000000000000     
 mdl_Ncol =    3.0000000000000000     
 mdl_CA =    3.0000000000000000     
 mdl_TF =   0.50000000000000000     
 mdl_CF =    1.3333333333333333     
 mdl_complexi =                (0.0000000000000000,1.0000000000000000)
 mdl_MZ__exp__2 =    8315.2513440000002     
 mdl_MZ__exp__4 =    69143404.913893804     
 mdl_sqrt__2 =    1.4142135623730951     
 mdl_MH__exp__2 =    15625.000000000000     
 mdl_Ncol__exp__2 =    9.0000000000000000     
 mdl_MB__exp__2 =    22.090000000000003     
 mdl_MT__exp__2 =    29929.000000000000     
 mdl_aEW =    7.5467711139788835E-003
 mdl_MW =    80.419002445756163     
 mdl_sqrt__aEW =    8.6872153846781555E-002
 mdl_ee =   0.30795376724436879     
 mdl_MW__exp__2 =    6467.2159543705357     
 mdl_sw2 =   0.22224648578577766     
 mdl_cw =   0.88190334743339216     
 mdl_sqrt__sw2 =   0.47143025548407230     
 mdl_sw =   0.47143025548407230     
 mdl_g1 =   0.34919219678733299     
 mdl_gw =   0.65323293034757990     
 mdl_v =    246.21845810181637     
 mdl_v__exp__2 =    60623.529110035903     
 mdl_lam =   0.12886910601690263     
 mdl_yb =    2.6995554250465490E-002
 mdl_yt =   0.99366614581500623     
 mdl_ytau =    1.0206617000654717E-002
 mdl_muH =    88.388347648318430     
 mdl_AxialZUp =  -0.18517701861793787     
 mdl_AxialZDown =   0.18517701861793787     
 mdl_VectorZUp =    7.5430507588273299E-002
 mdl_VectorZDown =  -0.13030376310310560     
 mdl_VectorAUp =   0.20530251149624587     
 mdl_VectorADown =  -0.10265125574812294     
 mdl_VectorWmDxU =   0.23095271737156670     
 mdl_AxialWmDxU =  -0.23095271737156670     
 mdl_VectorWpUxD =   0.23095271737156670     
 mdl_AxialWpUxD =  -0.23095271737156670     
 mdl_I1x33 =          (2.69955542504654901E-002,0.0000000000000000)
 mdl_I2x33 =               (0.99366614581500623,0.0000000000000000)
 mdl_I3x33 =               (0.99366614581500623,0.0000000000000000)
 mdl_I4x33 =          (2.69955542504654901E-002,0.0000000000000000)
 mdl_Vector_tbGp =              (-0.96667059156454072,0.0000000000000000)
 mdl_Axial_tbGp =              (-1.0206617000654716,-0.0000000000000000)
 mdl_Vector_tbGm =               (0.96667059156454072,0.0000000000000000)
 mdl_Axial_tbGm =              (-1.0206617000654716,-0.0000000000000000)
 mdl_gw__exp__2 =   0.42671326129048615     
 mdl_cw__exp__2 =   0.77775351421422245     
 mdl_ee__exp__2 =    9.4835522759998875E-002
 mdl_sw__exp__2 =   0.22224648578577769     
 mdl_yb__exp__2 =    7.2875994928982540E-004
 mdl_yt__exp__2 =   0.98737240933884918     
  Internal Params evaluated point by point
  ----------------------------------------
  
 mdl_sqrt__aS =   0.34351128074635334     
 mdl_G__exp__4 =    2.1987899468922913     
 mdl_G__exp__2 =    1.4828317324943823     
 mdl_R2MixedFactor_FIN_ =   -2.5040377713124864E-002
 mdl_G_UVg_1EPS_ =   -5.1645779033320030E-002
 mdl_G_UVq_1EPS_ =    3.1300472141406080E-003
 mdl_GWcft_UV_b_1EPS_ =   -3.1300472141406080E-003
 mdl_GWcft_UV_t_1EPS_ =   -3.1300472141406080E-003
 mdl_bWcft_UV_1EPS_ =   -1.8780283284843650E-002
 mdl_tWcft_UV_1EPS_ =   -1.8780283284843650E-002
 mdl_G__exp__3 =    1.8056676068262196     
 mdl_MU_R__exp__2 =    8315.2513440000002     
 mdl_G_UVb_FIN_ =    1.8563438626678915E-002
 mdl_G_UVt_FIN_ =   -4.0087659331150384E-003
 mdl_GWcft_UV_b_FIN_ =   -1.8563438626678915E-002
 mdl_GWcft_UV_t_FIN_ =    4.0087659331150384E-003
 mdl_bWcft_UV_FIN_ =  -0.13642100947319838     
 mdl_tWcft_UV_FIN_ =   -9.8778211443463623E-004
  Couplings of loop_sm
  ---------------------------------
  
      UV_GQQb =   0.00000E+00   0.22605E-01
      UV_GQQt =   0.00000E+00  -0.48815E-02
   UVWfct_G_2 =   0.40088E-02   0.00000E+00
   UVWfct_G_1 =  -0.18563E-01   0.00000E+00
    R2_UUZ_V2 =  -0.00000E+00  -0.72127E-02
    R2_UUZ_V5 =   0.00000E+00   0.68702E-03
      R2_sxcW =  -0.00000E+00  -0.11566E-01
      R2_GGHb =   0.00000E+00  -0.33698E-02
      R2_GGHt =   0.00000E+00  -0.45657E+01
     R2_GGZup =  -0.46369E-02   0.00000E+00
         GC_4 =  -0.12177E+01   0.00000E+00
         GC_5 =   0.00000E+00   0.12177E+01
       R2_GQQ =  -0.00000E+00  -0.30492E-01
       R2_QQq =   0.00000E+00   0.12520E-01
 UV_GQQg_1eps =   0.00000E+00  -0.62890E-01
 UV_GQQq_1eps =   0.00000E+00   0.38115E-02
 UVWfct_G_2_1eps -0.31300E-02   0.00000E+00
        GC_22 =   0.00000E+00   0.28804E+00
        GC_23 =  -0.00000E+00  -0.27437E-01
        GC_31 =   0.00000E+00   0.52532E+02
        GC_32 =   0.00000E+00   0.67544E+02
        GC_33 =  -0.00000E+00  -0.19089E-01
        GC_37 =  -0.00000E+00  -0.70263E+00
        GC_47 =   0.00000E+00   0.46191E+00

 Collider parameters:
 --------------------

 Running at P P   machine @    13000.000000000000       GeV
 PDF set = nn23lo1
 alpha_s(Mz)= 0.1300 running at 2 loops.
 alpha_s(Mz)= 0.1300 running at 2 loops.
 Renormalization scale set on event-by-event basis
 Factorization   scale set on event-by-event basis


 ===============================================================
 INFO: MadFKS read these parameters from FKS_params.dat
 ===============================================================
  > IRPoleCheckThreshold      =    1.0000000000000001E-005
  > PrecisionVirtualAtRunTime =    1.0000000000000000E-003
  > NHelForMCoverHels         =            4
  > VirtualFraction           =    1.0000000000000000     
  > MinVirtualFraction        =    5.0000000000000001E-003
 ===============================================================
  Insert the number of points to test
 Insert the relative tolerance
  A negative number will mean use the default one:    1.0000000000000001E-005
Using random seed offsets:     1 ,     23 ,      0
  with seed                26142
 Ranmar initialization seeds       13122        6516
  ========================================================================================== 
 {                                                                                          }
 {       [32m                                                                            [0m       }
 {       [32m                               ,,                                           [0m       }
 {       [32m`7MMM.     ,MMF'             `7MM  `7MMF'                                   [0m       }
 {       [32m  MMMb    dPMM                 MM    MM                                     [0m       }
 {       [32m  M YM   ,M MM   ,6"Yb.   ,M""bMM    MM         ,pW"Wq.   ,pW"Wq.`7MMpdMAo. [0m       }
 {       [32m  M  Mb  M' MM  8)   MM ,AP    MM    MM        6W'   `Wb 6W'   `Wb MM   `Wb [0m       }
 {       [32m  M  YM.P'  MM   ,pm9MM 8MI    MM    MM      , 8M     M8 8M     M8 MM    M8 [0m       }
 {       [32m  M  `YM'   MM  8M   MM `Mb    MM    MM     ,M YA.   ,A9 YA.   ,A9 MM   ,AP [0m       }
 {       [32m.JML. `'  .JMML.`Moo9^Yo.`Wbmd"MML..JMMmmmmMMM  `Ybmd9'   `Ybmd9'  MMbmmd'  [0m       }
 {       [32m                                                                   MM       [0m       }
 {       [32m                                                                 .JMML.     [0m       }
 {       [32m[0mv2.6.7 (2019-10-16), Ref: arXiv:1103.0621v2, arXiv:1405.0301[32m                [0m       }
 {       [32m                                                                            [0m       }
 {                                                                                          }
  ========================================================================================== 
 ===============================================================
 INFO: MadLoop read these parameters from ./MadLoop5_resources/MadLoopParams.dat                                                                                                                                                                                                                                                                                                                                                                                                                                                                                          
 ===============================================================
  > MLReductionLib            = 6|7|1
  > CTModeRun                 =           -1
  > MLStabThres               =    1.0000000000000000E-003
  > NRotations_DP             =            0
  > NRotations_QP             =            0
  > CTStabThres               =    1.0000000000000000E-002
  > CTLoopLibrary             =            2
  > CTModeInit                =            1
  > CheckCycle                =            3
  > MaxAttempts               =           10
  > UseLoopFilter             =  F
  > HelicityFilterLevel       =            2
  > ImprovePSPoint            =            2
  > DoubleCheckHelicityFilter =  T
  > LoopInitStartOver         =  F
  > HelInitStartOver          =  F
  > ZeroThres                 =    1.0000000000000001E-009
  > OSThres                   =    1.0000000000000000E-008
  > WriteOutFilters           =  T
  > UseQPIntegrandForNinja    =  T
  > UseQPIntegrandForCutTools =  T
  > IREGIMODE                 =            2
  > IREGIRECY                 =  T
  > COLLIERMode               =            1
  > COLLIERRequiredAccuracy   =    1.0000000000000000E-008
  > COLLIERCanOutput          =  F
  > COLLIERComputeUVpoles     =  T
  > COLLIERComputeIRpoles     =  T
  > COLLIERGlobalCache        =           -1
  > COLLIERUseCacheForPoles   =  F
  > COLLIERUseInternalStabilityTest =  T
 ===============================================================
  
------------------------------------------------------------------------
|              You are using CutTools - Version 1.9.3                  |
|              Authors: G. Ossola, C. Papadopoulos, R. Pittau          |
|              Published in JHEP 0803:042,2008                         |
|              http://www.ugr.es/~pittau/CutTools                      |
|                                                                      |
|              Compiler with  34  significant digits detetected        |
 ---------------------------------------------------------------------- 
   
########################################################################
#                                                                      #
#                      You are using OneLOop-3.6                       #
#                                                                      #
# for the evaluation of 1-loop scalar 1-, 2-, 3- and 4-point functions #

  +----------------------------------------------------------------+
  |                                                                |
  |  Ninja - version 1.2.0                                         |
  |                                                                |
  |  Author: Tiziano Peraro                                        |
  |                                                                |
  |  Based on:                                                     |
  |                                                                |
  |      P. Mastrolia, E. Mirabella and T. Peraro,                 |
  |      "Integrand reduction of one-loop scattering amplitudes    |
  |      through Laurent series expansion,"                        |
  |      JHEP 1206 (2012) 095  [arXiv:1203.0291 [hep-ph]].         |
  |                                                                |
  |      T. Peraro,                                                |
  |      "Ninja: Automated Integrand Reduction via Laurent         |
  |      Expansion for One-Loop Amplitudes,"                       |
  |      Comput.Phys.Commun. 185 (2014) [arXiv:1403.1229 [hep-ph]] |
  |                                                                |
  +----------------------------------------------------------------+


#                                                                      #
# author: Andreas van Hameren <hamerenREMOVETHIS@ifj.edu.pl>           #
#   date: 18-02-2015                                                   #
#                                                                      #
# Please cite                                                          #
#    A. van Hameren,                                                   #
#      Comput.Phys.Commun. 182 (2011) 2427-2438, arXiv:1007.4716       #
#    A. van Hameren, C.G. Papadopoulos and R. Pittau,                  #
#      JHEP 0909:106,2009, arXiv:0903.4665                             #
# in publications with results obtained with the help of this program. #
#                                                                      #
########################################################################
########################################################################
#                                                                      #
#                      You are using OneLOop-3.6                       #
#                                                                      #
# for the evaluation of 1-loop scalar 1-, 2-, 3- and 4-point functions #
#                                                                      #
# author: Andreas van Hameren <hamerenREMOVETHIS@ifj.edu.pl>           #
#   date: 18-02-2015                                                   #
#                                                                      #
# Please cite                                                          #
#    A. van Hameren,                                                   #
#      Comput.Phys.Commun. 182 (2011) 2427-2438, arXiv:1007.4716       #
#    A. van Hameren, C.G. Papadopoulos and R. Pittau,                  #
#      JHEP 0909:106,2009, arXiv:0903.4665                             #
# in publications with results obtained with the help of this program. #
#                                                                      #
########################################################################
 PASSED   1.0000000000000001E-005
 MU_R    =    325.00000000000000     
 ALPHA_S =   0.11799999999999999     
 BORN                    9.5641916094269929E-007
 SINGLE POLE (MadFKS)   -1.7771521945656947E-007
 DOUBLE POLE (MadFKS)   -1.0178366242881939E-007
 SINGLE POLE (MadLoop)  -1.7771521945654282E-007
 DOUBLE POLE (MadLoop)  -1.0178366242882080E-007
 FINITE PART (MadLoop)   1.5813694057030107E-007
   325.00000000000000        0.0000000000000000        0.0000000000000000        325.00000000000000        0.0000000000000000     
   325.00000000000000        0.0000000000000000        0.0000000000000000       -325.00000000000000        0.0000000000000000     
   324.78148260947603       -214.23205471959488        190.84222895606200       -86.844008565426648        125.00000000000000     
   175.63179551797157        117.56824813563861       -101.53547354941566        15.734239222436246        80.419002445756163     
   149.58672187255240        96.663806583956386       -89.306755406646303        71.109769342990290        0.0000000000000000     

 PASSED   1.0000000000000001E-005
 MU_R    =    325.00000000000000     
 ALPHA_S =   0.11799999999999999     
 BORN                    1.1884089873559648E-004
 SINGLE POLE (MadFKS)   -5.5487148614042960E-005
 DOUBLE POLE (MadFKS)   -1.2647239216452876E-005
 SINGLE POLE (MadLoop)  -5.5487148614038941E-005
 DOUBLE POLE (MadLoop)  -1.2647239216453960E-005
 FINITE PART (MadLoop)  -1.2020020645927732E-004
   325.00000000000000        0.0000000000000000        0.0000000000000000        325.00000000000000        0.0000000000000000     
   325.00000000000000        0.0000000000000000        0.0000000000000000       -325.00000000000000        0.0000000000000000     
   321.96725939998640       -275.06748811054223       -31.237216101085281       -106.77092038728975        125.00000000000000     
   317.00279294734941        285.37193257744678        27.802570744526335        108.68961283884603        80.419002445756163     
   11.029947652664122       -10.304444466904515        3.4346453565590807       -1.9186924515562109        0.0000000000000000     

 PASSED   1.0000000000000001E-005
 MU_R    =    325.00000000000000     
 ALPHA_S =   0.11799999999999999     
 BORN                    1.6080685130397215E-006
 SINGLE POLE (MadFKS)   -3.3107814254409252E-007
 DOUBLE POLE (MadFKS)   -1.7113323255916514E-007
 SINGLE POLE (MadLoop)  -3.3107814254409792E-007
 DOUBLE POLE (MadLoop)  -1.7113323255916260E-007
 FINITE PART (MadLoop)   2.0768177883916084E-007
   325.00000000000000        0.0000000000000000        0.0000000000000000        325.00000000000000        0.0000000000000000     
   325.00000000000000        0.0000000000000000        0.0000000000000000       -325.00000000000000        0.0000000000000000     
   296.90092304963218        191.97728741662235       -176.31119943125921       -67.707017206416296        125.00000000000000     
   186.30909297128204       -93.319873163222496        127.36886786047991       -57.553756976855418        80.419002445756163     
   166.78998397908569       -98.657414253399807        48.942331570779267        125.26077418327183        0.0000000000000000     

 PASSED   1.0000000000000001E-005
 MU_R    =    325.00000000000000     
 ALPHA_S =   0.11799999999999999     
 BORN                    3.8608294385056207E-007
 SINGLE POLE (MadFKS)   -4.9087613095285431E-008
 DOUBLE POLE (MadFKS)   -4.1087566656106325E-008
 SINGLE POLE (MadLoop)  -4.9087613095284544E-008
 DOUBLE POLE (MadLoop)  -4.1087566656106233E-008
 FINITE PART (MadLoop)   5.9560925408038964E-008
   325.00000000000000        0.0000000000000000        0.0000000000000000        325.00000000000000        0.0000000000000000     
   325.00000000000000        0.0000000000000000        0.0000000000000000       -325.00000000000000        0.0000000000000000     
   268.71812631150232       -183.09960056082608       -108.74222814271673       -105.99101613527355        125.00000000000000     
   158.72071097389323        70.105091962994777       -81.781333281051275        84.392758844116926        80.419002445756163     
   222.56116271460448        112.99450859783127        190.52356142376797        21.598257291156571        0.0000000000000000     

 PASSED   1.0000000000000001E-005
 MU_R    =    325.00000000000000     
 ALPHA_S =   0.11799999999999999     
 BORN                    8.3528889204284125E-007
 SINGLE POLE (MadFKS)   -8.7340379819190364E-008
 DOUBLE POLE (MadFKS)   -8.8892784764403862E-008
 SINGLE POLE (MadLoop)  -8.7340379819191542E-008
 DOUBLE POLE (MadLoop)  -8.8892784764403889E-008
 FINITE PART (MadLoop)   1.0932259469304025E-007
   325.00000000000000        0.0000000000000000        0.0000000000000000        325.00000000000000        0.0000000000000000     
   325.00000000000000        0.0000000000000000        0.0000000000000000       -325.00000000000000        0.0000000000000000     
   223.15857035558787        142.38712319709416        70.610577128561715        94.418224238633130        125.00000000000000     
   141.24206948405475        79.120598491265724        84.920361001893838       -3.2510643580158516        80.419002445756163     
   285.59936016035738       -221.50772168835994       -155.53093813045550       -91.167159880617291        0.0000000000000000     

 PASSED   1.0000000000000001E-005
 MU_R    =    325.00000000000000     
 ALPHA_S =   0.11799999999999999     
 BORN                    6.9628681723306074E-007
 SINGLE POLE (MadFKS)   -9.4090367792791140E-008
 DOUBLE POLE (MadFKS)   -7.4099960825787874E-008
 SINGLE POLE (MadLoop)  -9.4090367792791894E-008
 DOUBLE POLE (MadLoop)  -7.4099960825787874E-008
 FINITE PART (MadLoop)   1.3880398459130687E-007
   325.00000000000000        0.0000000000000000        0.0000000000000000        325.00000000000000        0.0000000000000000     
   325.00000000000000        0.0000000000000000        0.0000000000000000       -325.00000000000000        0.0000000000000000     
   129.80680263557585        16.146587791365764       -27.700451267220188       -14.027783601104579        125.00000000000000     
   260.71495350127799        179.25065390707519        94.033872346325879       -143.28958423501638        80.419002445756163     
   259.47824386314608       -195.39724169844095       -66.333421079105690        157.31736783612109        0.0000000000000000     

 PASSED   1.0000000000000001E-005
 MU_R    =    325.00000000000000     
 ALPHA_S =   0.11799999999999999     
 BORN                    7.6930906075074862E-007
 SINGLE POLE (MadFKS)   -1.1847189928393206E-007
 DOUBLE POLE (MadFKS)   -8.1871105202144296E-008
 SINGLE POLE (MadLoop)  -1.1847189928393045E-007
 DOUBLE POLE (MadLoop)  -8.1871105202144561E-008
 FINITE PART (MadLoop)   1.1714400160651713E-007
   325.00000000000000        0.0000000000000000        0.0000000000000000        325.00000000000000        0.0000000000000000     
   325.00000000000000        0.0000000000000000        0.0000000000000000       -325.00000000000000        0.0000000000000000     
   257.15024581975905       -214.64021984428612        44.364007160287322        49.625193390464432        125.00000000000000     
   184.09033492957204        66.696111622382006       -136.97132407270971        64.903933134556468        80.419002445756163     
   208.75941925066894        147.94410822190412        92.607316912422377       -114.52912652502091        0.0000000000000000     

 PASSED   1.0000000000000001E-005
 MU_R    =    325.00000000000000     
 ALPHA_S =   0.11799999999999999     
 BORN                    3.2355075125051522E-007
 SINGLE POLE (MadFKS)   -5.3017952915436042E-008
 DOUBLE POLE (MadFKS)   -3.4432790337882383E-008
 SINGLE POLE (MadLoop)  -5.3017952915434269E-008
 DOUBLE POLE (MadLoop)  -3.4432790337882337E-008
 FINITE PART (MadLoop)   4.7490920463517769E-008
   325.00000000000000        0.0000000000000000        0.0000000000000000        325.00000000000000        0.0000000000000000     
   325.00000000000000        0.0000000000000000        0.0000000000000000       -325.00000000000000        0.0000000000000000     
   274.43638910717755       -32.632776590319203       -54.557865842619591        235.90013317692549        125.00000000000000     
   189.24892193976652       -21.187561032209462       -96.020261325441098       -140.28234091821281        80.419002445756163     
   186.31468895305593        53.820337622528648        150.57812716806072       -95.617792258712655        0.0000000000000000     

 PASSED   1.0000000000000001E-005
 MU_R    =    325.00000000000000     
 ALPHA_S =   0.11799999999999999     
 BORN                    8.0051017482135796E-007
 SINGLE POLE (MadFKS)   -1.5514291211466642E-007
 DOUBLE POLE (MadFKS)   -8.5191577848087292E-008
 SINGLE POLE (MadLoop)  -1.5514291211466547E-007
 DOUBLE POLE (MadLoop)  -8.5191577848087861E-008
 FINITE PART (MadLoop)   1.3931895560435936E-007
   325.00000000000000        0.0000000000000000        0.0000000000000000        325.00000000000000        0.0000000000000000     
   325.00000000000000        0.0000000000000000        0.0000000000000000       -325.00000000000000        0.0000000000000000     
   314.44631894506614        41.255510178078659        248.22216269307341        141.19216807607319        125.00000000000000     
   212.94914458325101       -57.838281514329218       -126.75565631431614       -139.52726976531861        80.419002445756163     
   122.60453647168283        16.582771336250538       -121.46650637875730       -1.6648983107546251        0.0000000000000000     

 PASSED   1.0000000000000001E-005
 MU_R    =    325.00000000000000     
 ALPHA_S =   0.11799999999999999     
 BORN                    4.5896726339564079E-007
 SINGLE POLE (MadFKS)   -6.6587534538161897E-008
 DOUBLE POLE (MadFKS)   -4.8844032941890977E-008
 SINGLE POLE (MadLoop)  -6.6587534538160812E-008
 DOUBLE POLE (MadLoop)  -4.8844032941890877E-008
 FINITE PART (MadLoop)   9.3847208937006766E-008
   325.00000000000000        0.0000000000000000        0.0000000000000000        325.00000000000000        0.0000000000000000     
   325.00000000000000        0.0000000000000000        0.0000000000000000       -325.00000000000000        0.0000000000000000     
   283.57963947725671        54.951854823048691        220.18167141831643        115.29413319416545        125.00000000000000     
   174.66948899254874        88.395461287804068       -97.141949596551754       -82.412975209276894        80.419002445756163     
   191.75087153019459       -143.34731611085277       -123.03972182176470       -32.881157984888567        0.0000000000000000     

 PASSED   1.0000000000000001E-005
 MU_R    =    325.00000000000000     
 ALPHA_S =   0.11799999999999999     
 BORN                    4.6675874858546620E-007
 SINGLE POLE (MadFKS)   -1.0966551014469797E-007
 DOUBLE POLE (MadFKS)   -4.9673215303313628E-008
 SINGLE POLE (MadLoop)  -1.0966551014469424E-007
 DOUBLE POLE (MadLoop)  -4.9673215303313416E-008
 FINITE PART (MadLoop)  -1.1971105971593257E-008
   325.00000000000000        0.0000000000000000        0.0000000000000000        325.00000000000000        0.0000000000000000     
   325.00000000000000        0.0000000000000000        0.0000000000000000       -325.00000000000000        0.0000000000000000     
   308.76104309661832       -39.676417247467832       -44.200420769067051       -276.00812751140870        125.00000000000000     
   241.27633361425831        17.984555944263022       -38.078974949035896        223.54775915290838        80.419002445756163     
   99.962623289123385        21.691861303204806        82.279395718102933        52.460368358500368        0.0000000000000000     

 PASSED   1.0000000000000001E-005
 MU_R    =    325.00000000000000     
 ALPHA_S =   0.11799999999999999     
 BORN                    1.8996510968258809E-006
 SINGLE POLE (MadFKS)   -4.7722956030132629E-007
 DOUBLE POLE (MadFKS)   -2.0216391919760596E-007
 SINGLE POLE (MadLoop)  -4.7722956030135858E-007
 DOUBLE POLE (MadLoop)  -2.0216391919760350E-007
 FINITE PART (MadLoop)   4.9809276618584689E-008
   325.00000000000000        0.0000000000000000        0.0000000000000000        325.00000000000000        0.0000000000000000     
   325.00000000000000        0.0000000000000000        0.0000000000000000       -325.00000000000000        0.0000000000000000     
   300.69239432581355       -140.37843077040614       -86.879009879822831        218.02947007716753        125.00000000000000     
   237.01980383610419        177.24443679015761        23.118300541760618       -133.27087177300010        80.419002445756163     
   112.28780183808225       -36.866006019751545        63.760709338062249       -84.758598304167435        0.0000000000000000     

 PASSED   1.0000000000000001E-005
 MU_R    =    325.00000000000000     
 ALPHA_S =   0.11799999999999999     
 BORN                    4.0813901140919301E-006
 SINGLE POLE (MadFKS)   -1.1617555118018841E-006
 DOUBLE POLE (MadFKS)   -4.3434808771877179E-007
 SINGLE POLE (MadLoop)  -1.1617555118019896E-006
 DOUBLE POLE (MadLoop)  -4.3434808771880192E-007
 FINITE PART (MadLoop)  -1.2721775043474797E-008
   325.00000000000000        0.0000000000000000        0.0000000000000000        325.00000000000000        0.0000000000000000     
   325.00000000000000        0.0000000000000000        0.0000000000000000       -325.00000000000000        0.0000000000000000     
   318.47165286343693        140.65611267723011       -84.747251526307153       -242.55505561178614        125.00000000000000     
   155.19915212579724       -95.156192455824069        54.303953287997395        74.939579401014683        80.419002445756163     
   176.32919501076580       -45.499920221406043        30.443298238309747        167.61547621077139        0.0000000000000000     

 PASSED   1.0000000000000001E-005
 MU_R    =    325.00000000000000     
 ALPHA_S =   0.11799999999999999     
 BORN                    8.8439318447470119E-006
 SINGLE POLE (MadFKS)   -2.9304352456036314E-006
 DOUBLE POLE (MadFKS)   -9.4118542391179300E-007
 SINGLE POLE (MadLoop)  -2.9304352456033439E-006
 DOUBLE POLE (MadLoop)  -9.4118542391182307E-007
 FINITE PART (MadLoop)  -1.8544408488757801E-006
   325.00000000000000        0.0000000000000000        0.0000000000000000        325.00000000000000        0.0000000000000000     
   325.00000000000000        0.0000000000000000        0.0000000000000000       -325.00000000000000        0.0000000000000000     
   317.72578842279080        40.217791026835172       -197.48693244257370       -211.43821184504048        125.00000000000000     
   221.59612354908282       -58.983943648935366        166.56635405750254        106.83711951012070        80.419002445756163     
   110.67808802812635        18.766152622100179        30.920578385071241        104.60109233491968        0.0000000000000000     

 PASSED   1.0000000000000001E-005
 MU_R    =    325.00000000000000     
 ALPHA_S =   0.11799999999999999     
 BORN                    4.3670656727186924E-007
 SINGLE POLE (MadFKS)   -5.5938746907743260E-008
 DOUBLE POLE (MadFKS)   -4.6475013925731564E-008
 SINGLE POLE (MadLoop)  -5.5938746907742651E-008
 DOUBLE POLE (MadLoop)  -4.6475013925732173E-008
 FINITE PART (MadLoop)   6.8628088258765494E-008
   325.00000000000000        0.0000000000000000        0.0000000000000000        325.00000000000000        0.0000000000000000     
   325.00000000000000        0.0000000000000000        0.0000000000000000       -325.00000000000000        0.0000000000000000     
   153.25395465342464        44.728136980188971        76.497624307196958       -3.0466136201251977        125.00000000000000     
   275.93648747897953        96.095683654404951       -245.06670990657537       -19.536029443704635        80.419002445756163     
   220.80955786759583       -140.82382063459386        168.56908559937827        22.582643063829458        0.0000000000000000     

 PASSED   1.0000000000000001E-005
 MU_R    =    325.00000000000000     
 ALPHA_S =   0.11799999999999999     
 BORN                    2.2184957185704932E-006
 SINGLE POLE (MadFKS)   -5.4142905137457803E-007
 DOUBLE POLE (MadFKS)   -2.3609587567881090E-007
 SINGLE POLE (MadLoop)  -5.4142905137460122E-007
 DOUBLE POLE (MadLoop)  -2.3609587567881154E-007
 FINITE PART (MadLoop)   1.4324959371378722E-007
   325.00000000000000        0.0000000000000000        0.0000000000000000        325.00000000000000        0.0000000000000000     
   325.00000000000000        0.0000000000000000        0.0000000000000000       -325.00000000000000        0.0000000000000000     
   316.61404574971380       -234.83419401106525       -93.191269937894560        144.17954950872118        125.00000000000000     
   238.51985114765446        204.26869082982941        20.899067939399206       -90.895733360046492        80.419002445756163     
   94.866103102631783        30.565503181235862        72.292201998495344       -53.283816148674745        0.0000000000000000     

 PASSED   1.0000000000000001E-005
 MU_R    =    325.00000000000000     
 ALPHA_S =   0.11799999999999999     
 BORN                    5.6991967550878553E-007
 SINGLE POLE (MadFKS)   -5.9685303391991425E-008
 DOUBLE POLE (MadFKS)   -6.0651766748746583E-008
 SINGLE POLE (MadLoop)  -5.9685303391991584E-008
 DOUBLE POLE (MadLoop)  -6.0651766748746610E-008
 FINITE PART (MadLoop)   9.1667781563463492E-008
   325.00000000000000        0.0000000000000000        0.0000000000000000        325.00000000000000        0.0000000000000000     
   325.00000000000000        0.0000000000000000        0.0000000000000000       -325.00000000000000        0.0000000000000000     
   261.72037133401898        148.41151025818741       -146.09417598301124        97.483681393070370        125.00000000000000     
   111.11796035141208        21.308086981207367       -64.237739158013952       -36.048071451267859        80.419002445756163     
   277.16166831456894       -169.71959723939480        210.33191514102523       -61.435609941802511        0.0000000000000000     

 PASSED   1.0000000000000001E-005
 MU_R    =    325.00000000000000     
 ALPHA_S =   0.11799999999999999     
 BORN                    3.2896755549337619E-007
 SINGLE POLE (MadFKS)   -4.2407250059920749E-008
 DOUBLE POLE (MadFKS)   -3.5009255340899393E-008
 SINGLE POLE (MadLoop)  -4.2407250059920590E-008
 DOUBLE POLE (MadLoop)  -3.5009255340899902E-008
 FINITE PART (MadLoop)   6.4508390191953518E-008
   325.00000000000000        0.0000000000000000        0.0000000000000000        325.00000000000000        0.0000000000000000     
   325.00000000000000        0.0000000000000000        0.0000000000000000       -325.00000000000000        0.0000000000000000     
   179.99026795974072        3.7838314795607482        6.0654737424401626        129.30734398259574        125.00000000000000     
   251.08994181536966        103.96285716533025        183.51894561056707       -109.96119251118574        80.419002445756163     
   218.91979022488954       -107.74668864489068       -189.58441935300667       -19.346151471410341        0.0000000000000000     

 PASSED   1.0000000000000001E-005
 MU_R    =    325.00000000000000     
 ALPHA_S =   0.11799999999999999     
 BORN                    4.1303288348962153E-007
 SINGLE POLE (MadFKS)   -5.5452600437275146E-008
 DOUBLE POLE (MadFKS)   -4.3955622494715177E-008
 SINGLE POLE (MadLoop)  -5.5452600437275153E-008
 DOUBLE POLE (MadLoop)  -4.3955622494715117E-008
 FINITE PART (MadLoop)   6.5622570765274104E-008
   325.00000000000000        0.0000000000000000        0.0000000000000000        325.00000000000000        0.0000000000000000     
   325.00000000000000        0.0000000000000000        0.0000000000000000       -325.00000000000000        0.0000000000000000     
   297.31276233952684        11.764666254610514       -187.90776285666189       -193.18939912966829        125.00000000000000     
   108.77030777672694        27.963376858967280       -16.219569245276034        65.717113658577716        80.419002445756163     
   243.91692988374621       -39.728043113577840        204.12733210193804        127.47228547109046        0.0000000000000000     

 PASSED   1.0000000000000001E-005
 MU_R    =    325.00000000000000     
 ALPHA_S =   0.11799999999999999     
 BORN                    4.5253744202267501E-005
 SINGLE POLE (MadFKS)   -2.1248480032813010E-005
 DOUBLE POLE (MadFKS)   -4.8159761029711293E-006
 SINGLE POLE (MadLoop)  -2.1248480032821737E-005
 DOUBLE POLE (MadLoop)  -4.8159761029726573E-006
 FINITE PART (MadLoop)  -4.6179983605681068E-005
   325.00000000000000        0.0000000000000000        0.0000000000000000        325.00000000000000        0.0000000000000000     
   325.00000000000000        0.0000000000000000        0.0000000000000000       -325.00000000000000        0.0000000000000000     
   305.86774045969764       -125.47005940667165       -58.909424324400305       -242.31594782881081        125.00000000000000     
   312.46595646689366        115.25626355011738        61.783451985324682        272.15171645544171        80.419002445756163     
   31.666303073408717        10.213795856554285       -2.8740276609243045       -29.835768626630873        0.0000000000000000     

 NUMBER OF POINTS PASSING THE CHECK          20
 NUMBER OF POINTS FAILING THE CHECK           0
 TOLERANCE    1.0000000000000001E-005
