 A PDF is used, so alpha_s(MZ) is going to be modified
 Old value of alpha_s from param_card:   0.11799999999999999     
  ****************************************
 
       NNPDFDriver version 1.0.3
   Grid: NNPDF23nlo_as_0119_qed_mem0.grid
  ****************************************
 New value of alpha_s from PDF nn23nlo:  0.11899999999999999     
 *****************************************************
 *               MadGraph/MadEvent                   *
 *        --------------------------------           *
 *          http://madgraph.hep.uiuc.edu             *
 *          http://madgraph.phys.ucl.ac.be           *
 *          http://madgraph.roma2.infn.it            *
 *        --------------------------------           *
 *                                                   *
 *          PARAMETER AND COUPLING VALUES            *
 *                                                   *
 *****************************************************

  External Params
  ---------------------------------
  
 MU_R =    91.188000000000002     
 aEWM1 =    132.50700000000001     
 mdl_Gf =    1.1663900000000000E-005
 aS =   0.11799999999999999     
 mdl_ymb =    4.7000000000000002     
 mdl_ymt =    173.00000000000000     
 mdl_ymtau =    1.7769999999999999     
 mdl_MT =    173.00000000000000     
 mdl_MB =    4.7000000000000002     
 mdl_MZ =    91.188000000000002     
 mdl_MH =    125.00000000000000     
 mdl_MTA =    1.7769999999999999     
 mdl_WT =    1.4915000000000000     
 mdl_WZ =    2.4414039999999999     
 mdl_WW =    2.0476000000000001     
 mdl_WH =    6.3823389999999999E-003
  Internal Params
  ---------------------------------
  
 mdl_conjg__CKM3x3 =    1.0000000000000000     
 mdl_CKM22 =    1.0000000000000000     
 mdl_lhv =    1.0000000000000000     
 mdl_CKM3x3 =    1.0000000000000000     
 mdl_conjg__CKM22 =    1.0000000000000000     
 mdl_conjg__CKM33 =    1.0000000000000000     
 mdl_Ncol =    3.0000000000000000     
 mdl_CA =    3.0000000000000000     
 mdl_TF =   0.50000000000000000     
 mdl_CF =    1.3333333333333333     
 mdl_complexi =                (0.0000000000000000,1.0000000000000000)
 mdl_MZ__exp__2 =    8315.2513440000002     
 mdl_MZ__exp__4 =    69143404.913893804     
 mdl_sqrt__2 =    1.4142135623730951     
 mdl_MH__exp__2 =    15625.000000000000     
 mdl_Ncol__exp__2 =    9.0000000000000000     
 mdl_MB__exp__2 =    22.090000000000003     
 mdl_MT__exp__2 =    29929.000000000000     
 mdl_aEW =    7.5467711139788835E-003
 mdl_MW =    80.419002445756163     
 mdl_sqrt__aEW =    8.6872153846781555E-002
 mdl_ee =   0.30795376724436879     
 mdl_MW__exp__2 =    6467.2159543705357     
 mdl_sw2 =   0.22224648578577766     
 mdl_cw =   0.88190334743339216     
 mdl_sqrt__sw2 =   0.47143025548407230     
 mdl_sw =   0.47143025548407230     
 mdl_g1 =   0.34919219678733299     
 mdl_gw =   0.65323293034757990     
 mdl_v =    246.21845810181637     
 mdl_v__exp__2 =    60623.529110035903     
 mdl_lam =   0.12886910601690263     
 mdl_yb =    2.6995554250465490E-002
 mdl_yt =   0.99366614581500623     
 mdl_ytau =    1.0206617000654717E-002
 mdl_muH =    88.388347648318430     
 mdl_AxialZUp =  -0.18517701861793787     
 mdl_AxialZDown =   0.18517701861793787     
 mdl_VectorZUp =    7.5430507588273299E-002
 mdl_VectorZDown =  -0.13030376310310560     
 mdl_VectorAUp =   0.20530251149624587     
 mdl_VectorADown =  -0.10265125574812294     
 mdl_VectorWmDxU =   0.23095271737156670     
 mdl_AxialWmDxU =  -0.23095271737156670     
 mdl_VectorWpUxD =   0.23095271737156670     
 mdl_AxialWpUxD =  -0.23095271737156670     
 mdl_I1x33 =          (2.69955542504654901E-002,0.0000000000000000)
 mdl_I2x33 =               (0.99366614581500623,0.0000000000000000)
 mdl_I3x33 =               (0.99366614581500623,0.0000000000000000)
 mdl_I4x33 =          (2.69955542504654901E-002,0.0000000000000000)
 mdl_Vector_tbGp =              (-0.96667059156454072,0.0000000000000000)
 mdl_Axial_tbGp =              (-1.0206617000654716,-0.0000000000000000)
 mdl_Vector_tbGm =               (0.96667059156454072,0.0000000000000000)
 mdl_Axial_tbGm =              (-1.0206617000654716,-0.0000000000000000)
 mdl_gw__exp__2 =   0.42671326129048615     
 mdl_cw__exp__2 =   0.77775351421422245     
 mdl_ee__exp__2 =    9.4835522759998875E-002
 mdl_sw__exp__2 =   0.22224648578577769     
 mdl_yb__exp__2 =    7.2875994928982540E-004
 mdl_yt__exp__2 =   0.98737240933884918     
  Internal Params evaluated point by point
  ----------------------------------------
  
 mdl_sqrt__aS =   0.34351128074635334     
 mdl_G__exp__4 =    2.1987899468922913     
 mdl_G__exp__2 =    1.4828317324943823     
 mdl_R2MixedFactor_FIN_ =   -2.5040377713124864E-002
 mdl_GWcft_UV_b_1EPS_ =   -3.1300472141406080E-003
 mdl_GWcft_UV_t_1EPS_ =   -3.1300472141406080E-003
 mdl_bWcft_UV_1EPS_ =   -1.8780283284843650E-002
 mdl_tWcft_UV_1EPS_ =   -1.8780283284843650E-002
 mdl_G__exp__3 =    1.8056676068262196     
 mdl_MU_R__exp__2 =    8315.2513440000002     
 mdl_GWcft_UV_b_FIN_ =   -1.8563438626678915E-002
 mdl_GWcft_UV_t_FIN_ =    4.0087659331150384E-003
 mdl_bWcft_UV_FIN_ =  -0.13642100947319838     
 mdl_tWcft_UV_FIN_ =   -9.8778211443463623E-004
  Couplings of loop_sm
  ---------------------------------
  
    R2_UUZ_V2 =  -0.00000E+00  -0.72127E-02
    R2_UUZ_V5 =   0.00000E+00   0.68702E-03
      R2_sxcW =  -0.00000E+00  -0.11566E-01
         GC_5 =   0.00000E+00   0.12177E+01
        GC_22 =   0.00000E+00   0.28804E+00
        GC_23 =  -0.00000E+00  -0.27437E-01
        GC_31 =   0.00000E+00   0.52532E+02
        GC_32 =   0.00000E+00   0.67544E+02
        GC_47 =   0.00000E+00   0.46191E+00

 Collider parameters:
 --------------------

 Running at P P   machine @    13000.000000000000       GeV
 PDF set = nn23nlo
 alpha_s(Mz)= 0.1190 running at 2 loops.
 alpha_s(Mz)= 0.1190 running at 2 loops.
 Renormalization scale set on event-by-event basis
 Factorization   scale set on event-by-event basis


 ===============================================================
 INFO: MadFKS read these parameters from FKS_params.dat
 ===============================================================
  > IRPoleCheckThreshold      =   -1.0000000000000000     
  > PrecisionVirtualAtRunTime =   -1.0000000000000000     
  > NHelForMCoverHels         =            4
  > VirtualFraction           =    1.0000000000000000     
  > MinVirtualFraction        =    5.0000000000000001E-003
 ===============================================================
  Insert the number of points to test
 Insert the relative tolerance
  A negative number will mean use the default one:   -1.0000000000000000     
Using random seed offsets:     1 ,      8 ,      0
  with seed                15455
 Ranmar initialization seeds       10742       25462
  ========================================================================================== 
 {                                                                                          }
 {       [32m                                                                            [0m       }
 {       [32m                               ,,                                           [0m       }
 {       [32m`7MMM.     ,MMF'             `7MM  `7MMF'                                   [0m       }
 {       [32m  MMMb    dPMM                 MM    MM                                     [0m       }
 {       [32m  M YM   ,M MM   ,6"Yb.   ,M""bMM    MM         ,pW"Wq.   ,pW"Wq.`7MMpdMAo. [0m       }
 {       [32m  M  Mb  M' MM  8)   MM ,AP    MM    MM        6W'   `Wb 6W'   `Wb MM   `Wb [0m       }
 {       [32m  M  YM.P'  MM   ,pm9MM 8MI    MM    MM      , 8M     M8 8M     M8 MM    M8 [0m       }
 {       [32m  M  `YM'   MM  8M   MM `Mb    MM    MM     ,M YA.   ,A9 YA.   ,A9 MM   ,AP [0m       }
 {       [32m.JML. `'  .JMML.`Moo9^Yo.`Wbmd"MML..JMMmmmmMMM  `Ybmd9'   `Ybmd9'  MMbmmd'  [0m       }
 {       [32m                                                                   MM       [0m       }
 {       [32m                                                                 .JMML.     [0m       }
 {       [32m[0mv2.6.7 (2019-10-16), Ref: arXiv:1103.0621v2, arXiv:1405.0301[32m                [0m       }
 {       [32m                                                                            [0m       }
 {                                                                                          }
  ========================================================================================== 
 ===============================================================
 INFO: MadLoop read these parameters from ./MadLoop5_resources/MadLoopParams.dat                                                                                                                                                                                                                                                                                                                                                                                                                                                                                          
 ===============================================================
  > MLReductionLib            = 6|7|1
  > CTModeRun                 =           -1
  > MLStabThres               =    1.0000000000000000E-003
  > NRotations_DP             =            0
  > NRotations_QP             =            0
  > CTStabThres               =    1.0000000000000000E-002
  > CTLoopLibrary             =            2
  > CTModeInit                =            1
  > CheckCycle                =            3
  > MaxAttempts               =           10
  > UseLoopFilter             =  F
  > HelicityFilterLevel       =            2
  > ImprovePSPoint            =            2
  > DoubleCheckHelicityFilter =  T
  > LoopInitStartOver         =  F
  > HelInitStartOver          =  F
  > ZeroThres                 =    1.0000000000000001E-009
  > OSThres                   =    1.0000000000000000E-008
  > WriteOutFilters           =  T
  > UseQPIntegrandForNinja    =  T
  > UseQPIntegrandForCutTools =  T
  > IREGIMODE                 =            2
  > IREGIRECY                 =  T
  > COLLIERMode               =            1
  > COLLIERRequiredAccuracy   =    1.0000000000000000E-008
  > COLLIERCanOutput          =  F
  > COLLIERComputeUVpoles     =  T
  > COLLIERComputeIRpoles     =  T
  > COLLIERGlobalCache        =           -1
  > COLLIERUseCacheForPoles   =  F
  > COLLIERUseInternalStabilityTest =  T
 ===============================================================
  
------------------------------------------------------------------------
|              You are using CutTools - Version 1.9.3                  |
|              Authors: G. Ossola, C. Papadopoulos, R. Pittau          |
|              Published in JHEP 0803:042,2008                         |
|              http://www.ugr.es/~pittau/CutTools                      |
|                                                                      |
|              Compiler with  34  significant digits detetected        |
 ---------------------------------------------------------------------- 
   
########################################################################
#                                                                      #
#                      You are using OneLOop-3.6                       #
#                                                                      #
# for the evaluation of 1-loop scalar 1-, 2-, 3- and 4-point functions #
#                                                                      #
# author: Andreas van Hameren <hamerenREMOVETHIS@ifj.edu.pl>           #
#   date: 18-02-2015                                                   #
#                                                                      #
# Please cite                                                          #
#    A. van Hameren,                                                   #
#      Comput.Phys.Commun. 182 (2011) 2427-2438, arXiv:1007.4716       #
#    A. van Hameren, C.G. Papadopoulos and R. Pittau,                  #
#      JHEP 0909:106,2009, arXiv:0903.4665                             #
# in publications with results obtained with the help of this program. #
#                                                                      #

  +----------------------------------------------------------------+
  |                                                                |
  |  Ninja - version 1.2.0                                         |
  |                                                                |
  |  Author: Tiziano Peraro                                        |
  |                                                                |
  |  Based on:                                                     |
  |                                                                |
  |      P. Mastrolia, E. Mirabella and T. Peraro,                 |
  |      "Integrand reduction of one-loop scattering amplitudes    |
  |      through Laurent series expansion,"                        |
  |      JHEP 1206 (2012) 095  [arXiv:1203.0291 [hep-ph]].         |
  |                                                                |
  |      T. Peraro,                                                |
  |      "Ninja: Automated Integrand Reduction via Laurent         |
  |      Expansion for One-Loop Amplitudes,"                       |
  |      Comput.Phys.Commun. 185 (2014) [arXiv:1403.1229 [hep-ph]] |
  |                                                                |
  +----------------------------------------------------------------+


########################################################################
########################################################################
#                                                                      #
#                      You are using OneLOop-3.6                       #
#                                                                      #
# for the evaluation of 1-loop scalar 1-, 2-, 3- and 4-point functions #
#                                                                      #
# author: Andreas van Hameren <hamerenREMOVETHIS@ifj.edu.pl>           #
#   date: 18-02-2015                                                   #
#                                                                      #
# Please cite                                                          #
#    A. van Hameren,                                                   #
#      Comput.Phys.Commun. 182 (2011) 2427-2438, arXiv:1007.4716       #
#    A. van Hameren, C.G. Papadopoulos and R. Pittau,                  #
#      JHEP 0909:106,2009, arXiv:0903.4665                             #
# in publications with results obtained with the help of this program. #
#                                                                      #
########################################################################
 PASSED  -1.0000000000000000     
 MU_R    =    325.00000000000000     
 ALPHA_S =   0.11799999999999999     
 BORN                    5.1371003328789207E-008
 SINGLE POLE (MadFKS)   -2.0818997132520798E-008
 DOUBLE POLE (MadFKS)   -5.1453973074203064E-009
 SINGLE POLE (MadLoop)  -1.9251759682782319E-008
 DOUBLE POLE (MadLoop)  -5.1453973073917720E-009
 FINITE PART (MadLoop)  -7.4340019262047501E-008
   325.00000000000000        0.0000000000000000        0.0000000000000000        325.00000000000000        0.0000000000000000     
   325.00000000000000        0.0000000000000000        0.0000000000000000       -325.00000000000000        0.0000000000000000     
   336.97601709744004        312.41130458942416        17.660374529744729       -3.8889632368261853        125.00000000000000     
   167.75735802140190       -167.28203045168533       -12.619283182363544        8.4559125335399568E-002   0.0000000000000000     
   145.26662488115804       -145.12927413773883       -5.0410913473813359        3.8044041114908977        0.0000000000000000     

 PASSED  -1.0000000000000000     
 MU_R    =    325.00000000000000     
 ALPHA_S =   0.11799999999999999     
 BORN                    1.1378437971865098E-009
 SINGLE POLE (MadFKS)   -1.7071911156045350E-010
 DOUBLE POLE (MadFKS)   -1.1396815384034581E-010
 SINGLE POLE (MadLoop)  -1.4231502266497785E-010
 DOUBLE POLE (MadLoop)  -1.1396815384034607E-010
 FINITE PART (MadLoop)  -3.2356831673035352E-010
   325.00000000000000        0.0000000000000000        0.0000000000000000        325.00000000000000        0.0000000000000000     
   325.00000000000000        0.0000000000000000        0.0000000000000000       -325.00000000000000        0.0000000000000000     
   288.33343926311079       -254.16055185194443       -53.974853240773811      -0.54890549823103751        125.00000000000000     
   72.682055997045396       -9.0036139293819790       -56.435202962333172       -44.907505684111875        0.0000000000000000     
   288.98450473984383        263.16416578132635        110.41005620310712        45.456411182342940        0.0000000000000000     

 PASSED  -1.0000000000000000     
 MU_R    =    325.00000000000000     
 ALPHA_S =   0.11799999999999999     
 BORN                    1.1180544310405353E-009
 SINGLE POLE (MadFKS)   -1.7455695062644076E-010
 DOUBLE POLE (MadFKS)   -1.1198602102835168E-010
 SINGLE POLE (MadLoop)  -1.4718451024902557E-010
 DOUBLE POLE (MadLoop)  -1.1198602102834762E-010
 FINITE PART (MadLoop)  -3.3753723316288288E-010
   325.00000000000000        0.0000000000000000        0.0000000000000000        325.00000000000000        0.0000000000000000     
   325.00000000000000        0.0000000000000000        0.0000000000000000       -325.00000000000000        0.0000000000000000     
   288.06065233069290        109.78518955347560        191.65560367102282       -136.26914969055764        125.00000000000000     
   272.22522213524684       -154.29545232507468       -215.50216248198998        62.115239063946653        0.0000000000000000     
   89.714125534060116        44.510262771599230        23.846558810967075        74.153910626611022        0.0000000000000000     

 PASSED  -1.0000000000000000     
 MU_R    =    325.00000000000000     
 ALPHA_S =   0.11799999999999999     
 BORN                    1.3105035071147501E-004
 SINGLE POLE (MadFKS)   -5.0852542296205290E-005
 DOUBLE POLE (MadFKS)   -1.3126201125011266E-005
 SINGLE POLE (MadLoop)  -5.0877719713712585E-005
 DOUBLE POLE (MadLoop)  -1.3126201125011359E-005
 FINITE PART (MadLoop)  -1.3877142195904357E-004
   325.00000000000000        0.0000000000000000        0.0000000000000000        325.00000000000000        0.0000000000000000     
   325.00000000000000        0.0000000000000000        0.0000000000000000       -325.00000000000000        0.0000000000000000     
   175.89791401054256       -123.00618425481160        4.7418788496774695        12.730647010523633        125.00000000000000     
   240.48159288931021        99.491224930332706        52.031766746567101        212.66308548893178        0.0000000000000000     
   233.62049310014723        23.514959324478873       -56.773645596244577       -225.39373249945541        0.0000000000000000     

 PASSED  -1.0000000000000000     
 MU_R    =    325.00000000000000     
 ALPHA_S =   0.11799999999999999     
 BORN                    1.0850629448930056E-009
 SINGLE POLE (MadFKS)   -1.5948058253893486E-010
 DOUBLE POLE (MadFKS)   -1.0868154393054580E-010
 SINGLE POLE (MadLoop)  -1.3536587352742634E-010
 DOUBLE POLE (MadLoop)  -1.0868154393054576E-010
 FINITE PART (MadLoop)  -3.6694235916239365E-010
   325.00000000000000        0.0000000000000000        0.0000000000000000        325.00000000000000        0.0000000000000000     
   325.00000000000000        0.0000000000000000        0.0000000000000000       -325.00000000000000        0.0000000000000000     
   277.11859135917126       -60.458096742969147       -41.481254594346531       -236.20719238073218        125.00000000000000     
   128.12971312461525        70.055244978565440       -100.63572761069706        37.174404698057778        0.0000000000000000     
   244.75169551621346       -9.5971482355963271        142.11698220504363        199.03278768267438        0.0000000000000000     

 PASSED  -1.0000000000000000     
 MU_R    =    325.00000000000000     
 ALPHA_S =   0.11799999999999999     
 BORN                    2.8609220609826266E-009
 SINGLE POLE (MadFKS)   -3.1639244569096611E-010
 DOUBLE POLE (MadFKS)   -2.8655427605926653E-010
 SINGLE POLE (MadLoop)  -3.0201192687836160E-010
 DOUBLE POLE (MadLoop)  -2.8655427605926860E-010
 FINITE PART (MadLoop)  -1.0132732182915168E-009
   325.00000000000000        0.0000000000000000        0.0000000000000000        325.00000000000000        0.0000000000000000     
   325.00000000000000        0.0000000000000000        0.0000000000000000       -325.00000000000000        0.0000000000000000     
   160.24024170946831        18.304616505745923        92.222642063655172        34.811784908064318        125.00000000000000     
   230.30757713487716        228.10042937053873       -11.137390767026176       -29.794844077723020        0.0000000000000000     
   259.45218115565456       -246.40504587628467       -81.085251296629025       -5.0169408303412943        0.0000000000000000     

 PASSED  -1.0000000000000000     
 MU_R    =    325.00000000000000     
 ALPHA_S =   0.11799999999999999     
 BORN                    5.8563346434992795E-008
 SINGLE POLE (MadFKS)   -1.3917306045372913E-008
 DOUBLE POLE (MadFKS)   -5.8657932595072166E-009
 SINGLE POLE (MadLoop)  -1.4315811002363592E-008
 DOUBLE POLE (MadLoop)  -5.8657932595073911E-009
 FINITE PART (MadLoop)  -4.1191487223771355E-008
   325.00000000000000        0.0000000000000000        0.0000000000000000        325.00000000000000        0.0000000000000000     
   325.00000000000000        0.0000000000000000        0.0000000000000000       -325.00000000000000        0.0000000000000000     
   326.18404105481761       -180.21032315201234        145.99609964184728       -192.30290418416965        125.00000000000000     
   43.197019542115470        13.252786739927888        17.680051760822842        37.118215348835335        0.0000000000000000     
   280.61893940306692        166.95753641208429       -163.67615140267054        155.18468883533404        0.0000000000000000     

 PASSED  -1.0000000000000000     
 MU_R    =    325.00000000000000     
 ALPHA_S =   0.11799999999999999     
 BORN                    9.3434794216352183E-008
 SINGLE POLE (MadFKS)   -2.3250640039408279E-008
 DOUBLE POLE (MadFKS)   -9.3585701549022122E-009
 SINGLE POLE (MadLoop)  -2.2425798827576634E-008
 DOUBLE POLE (MadLoop)  -9.3585701549019856E-009
 FINITE PART (MadLoop)  -4.0426288997539386E-008
   325.00000000000000        0.0000000000000000        0.0000000000000000        325.00000000000000        0.0000000000000000     
   325.00000000000000        0.0000000000000000        0.0000000000000000       -325.00000000000000        0.0000000000000000     
   334.73047181566375       -89.527973062630792       -295.47479231570412        33.149327402304365        125.00000000000000     
   212.58043629168125        85.156851047727159        193.27055169069860       -24.191867699079300        0.0000000000000000     
   102.68909189265497        4.3711220149038619        102.20424062500564       -8.9574597032251440        0.0000000000000000     

 PASSED  -1.0000000000000000     
 MU_R    =    325.00000000000000     
 ALPHA_S =   0.11799999999999999     
 BORN                    3.8922420148296146E-010
 SINGLE POLE (MadFKS)   -4.3800490501800703E-011
 DOUBLE POLE (MadFKS)   -3.8985284080891082E-011
 SINGLE POLE (MadLoop)  -3.3601256946461763E-011
 DOUBLE POLE (MadLoop)  -3.8985284080891095E-011
 FINITE PART (MadLoop)  -8.4553332483641860E-011
   325.00000000000000        0.0000000000000000        0.0000000000000000        325.00000000000000        0.0000000000000000     
   325.00000000000000        0.0000000000000000        0.0000000000000000       -325.00000000000000        0.0000000000000000     
   234.99815599329327        138.51999520307137        1.9928408676327360       -142.85437632241297        125.00000000000000     
   183.03961030118924       -100.60809741446819        150.33948305016742       -27.920413859048089        0.0000000000000000     
   231.96223370551758       -37.911897788603149       -152.33232391780018        170.77479018146107        0.0000000000000000     

 PASSED  -1.0000000000000000     
 MU_R    =    325.00000000000000     
 ALPHA_S =   0.11799999999999999     
 BORN                    1.5260948018180166E-008
 SINGLE POLE (MadFKS)   -2.3413436945574138E-009
 DOUBLE POLE (MadFKS)   -1.5285596105423828E-009
 SINGLE POLE (MadLoop)  -2.3256042757893024E-009
 DOUBLE POLE (MadLoop)  -1.5285596105423896E-009
 FINITE PART (MadLoop)  -6.3656136506831402E-009
   325.00000000000000        0.0000000000000000        0.0000000000000000        325.00000000000000        0.0000000000000000     
   325.00000000000000        0.0000000000000000        0.0000000000000000       -325.00000000000000        0.0000000000000000     
   224.76371627811841       -141.86059095390794        65.024009403737509       -102.67024442564255        125.00000000000000     
   298.72782279869961        251.83292931272319       -127.37896865587695        97.944301375778537        0.0000000000000000     
   126.50846092318197       -109.97233835881519        62.354959252139402        4.7259430498640604        0.0000000000000000     

 PASSED  -1.0000000000000000     
 MU_R    =    325.00000000000000     
 ALPHA_S =   0.11799999999999999     
 BORN                    1.4750948808962417E-008
 SINGLE POLE (MadFKS)   -2.6530288514985257E-009
 DOUBLE POLE (MadFKS)   -1.4774773192135533E-009
 SINGLE POLE (MadLoop)  -2.6117685711665422E-009
 DOUBLE POLE (MadLoop)  -1.4774773192135403E-009
 FINITE PART (MadLoop)  -7.4544933345542361E-009
   325.00000000000000        0.0000000000000000        0.0000000000000000        325.00000000000000        0.0000000000000000     
   325.00000000000000        0.0000000000000000        0.0000000000000000       -325.00000000000000        0.0000000000000000     
   279.76269275989483       -237.81828699507173        63.085502631972759       -45.878600552636478        125.00000000000000     
   62.254771112263157       -59.057713885988989        12.818214722649417        14.951131332611343        0.0000000000000000     
   307.98253612784197        296.87600088106063       -75.903717354622188        30.927469220025145        0.0000000000000000     

 PASSED  -1.0000000000000000     
 MU_R    =    325.00000000000000     
 ALPHA_S =   0.11799999999999999     
 BORN                    2.7029700864477318E-008
 SINGLE POLE (MadFKS)   -4.2639929743003566E-009
 DOUBLE POLE (MadFKS)   -2.7073356764771590E-009
 SINGLE POLE (MadLoop)  -4.2729307284097852E-009
 DOUBLE POLE (MadLoop)  -2.7073356764771743E-009
 FINITE PART (MadLoop)  -1.1561564134509773E-008
   325.00000000000000        0.0000000000000000        0.0000000000000000        325.00000000000000        0.0000000000000000     
   325.00000000000000        0.0000000000000000        0.0000000000000000       -325.00000000000000        0.0000000000000000     
   214.56049538832414       -165.16571747189420       -48.392257320821074       -28.101270161203111        125.00000000000000     
   281.51293295161383        265.85165440184880       -60.054527999219552        70.469021119997322        0.0000000000000000     
   153.92657166006197       -100.68593692995461        108.44678532004060       -42.367750958794204        0.0000000000000000     

 PASSED  -1.0000000000000000     
 MU_R    =    325.00000000000000     
 ALPHA_S =   0.11799999999999999     
 BORN                    8.0044829960211599E-007
 SINGLE POLE (MadFKS)   -2.3849237736593905E-007
 DOUBLE POLE (MadFKS)   -8.0174111047462081E-008
 SINGLE POLE (MadLoop)  -2.4157211795147742E-007
 DOUBLE POLE (MadLoop)  -8.0174111047460877E-008
 FINITE PART (MadLoop)  -7.3476697848601269E-007
   325.00000000000000        0.0000000000000000        0.0000000000000000        325.00000000000000        0.0000000000000000     
   325.00000000000000        0.0000000000000000        0.0000000000000000       -325.00000000000000        0.0000000000000000     
   308.57619961603541       -83.532274430000840       -166.83090575171485        211.62249167819758        125.00000000000000     
   176.10937509074594        107.02758104928303        129.72967306826754       -52.247687175535440        0.0000000000000000     
   165.31442529321862       -23.495306619282221        37.101232683447357       -159.37480450266213        0.0000000000000000     

 PASSED  -1.0000000000000000     
 MU_R    =    325.00000000000000     
 ALPHA_S =   0.11799999999999999     
 BORN                    1.0837173551289521E-008
 SINGLE POLE (MadFKS)   -1.8795867897523116E-009
 DOUBLE POLE (MadFKS)   -1.0854676762679056E-009
 SINGLE POLE (MadLoop)  -1.7847058028397483E-009
 DOUBLE POLE (MadLoop)  -1.0854676762679170E-009
 FINITE PART (MadLoop)  -5.7353310712021659E-010
   325.00000000000000        0.0000000000000000        0.0000000000000000        325.00000000000000        0.0000000000000000     
   325.00000000000000        0.0000000000000000        0.0000000000000000       -325.00000000000000        0.0000000000000000     
   322.10692411821253        187.47768593994653       -217.73668204875997       -74.637290477990092        125.00000000000000     
   117.62009653410747       -86.398618597760134        70.827187140806885       -36.786891344779889        0.0000000000000000     
   210.27297934767998       -101.07906734218642        146.90949490795302        111.42418182277001        0.0000000000000000     

 PASSED  -1.0000000000000000     
 MU_R    =    325.00000000000000     
 ALPHA_S =   0.11799999999999999     
 BORN                    9.0645849464946010E-010
 SINGLE POLE (MadFKS)   -1.0713977580341726E-010
 DOUBLE POLE (MadFKS)   -9.0792252349172219E-011
 SINGLE POLE (MadLoop)  -8.8950052977599663E-011
 DOUBLE POLE (MadLoop)  -9.0792252349171960E-011
 FINITE PART (MadLoop)  -2.5223896303032966E-010
   325.00000000000000        0.0000000000000000        0.0000000000000000        325.00000000000000        0.0000000000000000     
   325.00000000000000        0.0000000000000000        0.0000000000000000       -325.00000000000000        0.0000000000000000     
   250.30042084896442       -211.28323101367604       -41.097139168035817        26.376544917661182        125.00000000000000     
   222.85097665982309        110.50669706678774        175.84906280988628       -80.795636085811395        0.0000000000000000     
   176.84860249121243        100.77653394688831       -134.75192364185048        54.419091168150196        0.0000000000000000     

 PASSED  -1.0000000000000000     
 MU_R    =    325.00000000000000     
 ALPHA_S =   0.11799999999999999     
 BORN                    4.8055911076345121E-010
 SINGLE POLE (MadFKS)   -6.9770924845836300E-011
 DOUBLE POLE (MadFKS)   -4.8133526588000911E-011
 SINGLE POLE (MadLoop)  -5.6566473551408656E-011
 DOUBLE POLE (MadLoop)  -4.8133526588000375E-011
 FINITE PART (MadLoop)  -6.8098223071790893E-011
   325.00000000000000        0.0000000000000000        0.0000000000000000        325.00000000000000        0.0000000000000000     
   325.00000000000000        0.0000000000000000        0.0000000000000000       -325.00000000000000        0.0000000000000000     
   290.81367614559997        94.847362246468705        54.362066939045242        238.73905794050506        125.00000000000000     
   300.82443489186625       -123.59831493657347       -102.70724587227608       -254.30300591652880        0.0000000000000000     
   58.361888962533769        28.750952690104679        48.345178933230848        15.563947976023732        0.0000000000000000     

 PASSED  -1.0000000000000000     
 MU_R    =    325.00000000000000     
 ALPHA_S =   0.11799999999999999     
 BORN                    1.9299542494441791E-006
 SINGLE POLE (MadFKS)   -5.5231939022250160E-007
 DOUBLE POLE (MadFKS)   -1.9330713350053059E-007
 SINGLE POLE (MadLoop)  -5.5657420596501746E-007
 DOUBLE POLE (MadLoop)  -1.9330713350053560E-007
 FINITE PART (MadLoop)  -1.4755612328167105E-006
   325.00000000000000        0.0000000000000000        0.0000000000000000        325.00000000000000        0.0000000000000000     
   325.00000000000000        0.0000000000000000        0.0000000000000000       -325.00000000000000        0.0000000000000000     
   294.67791056001221       -157.31269855268789       -204.00061096773686       -69.617070973115077        125.00000000000000     
   266.21876025355897        109.88769538036898        194.73736143952115        144.48004282428235        0.0000000000000000     
   89.103329186428837        47.425003172318867        9.2632495282157183       -74.862971851167245        0.0000000000000000     

 PASSED  -1.0000000000000000     
 MU_R    =    325.00000000000000     
 ALPHA_S =   0.11799999999999999     
 BORN                    5.6362373465722985E-010
 SINGLE POLE (MadFKS)   -6.1297593954842910E-011
 DOUBLE POLE (MadFKS)   -5.6453404815596404E-011
 SINGLE POLE (MadLoop)  -4.9943572403290581E-011
 DOUBLE POLE (MadLoop)  -5.6453404815596526E-011
 FINITE PART (MadLoop)  -1.6437706635457506E-010
   325.00000000000000        0.0000000000000000        0.0000000000000000        325.00000000000000        0.0000000000000000     
   325.00000000000000        0.0000000000000000        0.0000000000000000       -325.00000000000000        0.0000000000000000     
   210.80026286183963       -16.947745218683938        132.16707107268226        105.14937031999693        125.00000000000000     
   278.42068267582442       -120.97905077647282       -204.36839609363571       -145.31243750281857        0.0000000000000000     
   160.77905446233598        137.92679599515677        72.201325020953490        40.163067182821578        0.0000000000000000     

 PASSED  -1.0000000000000000     
 MU_R    =    325.00000000000000     
 ALPHA_S =   0.11799999999999999     
 BORN                    1.0767524037678770E-010
 SINGLE POLE (MadFKS)   -8.1812681905164483E-012
 DOUBLE POLE (MadFKS)   -1.0784914757545109E-011
 SINGLE POLE (MadLoop)  -5.5515731656773907E-012
 DOUBLE POLE (MadLoop)  -1.0784914757545103E-011
 FINITE PART (MadLoop)  -1.6596350835444067E-012
   325.00000000000000        0.0000000000000000        0.0000000000000000        325.00000000000000        0.0000000000000000     
   325.00000000000000        0.0000000000000000        0.0000000000000000       -325.00000000000000        0.0000000000000000     
   173.88547002660681        42.595218025454365        109.04506913191001       -30.099451585617555        125.00000000000000     
   247.63658103641566       -182.15861667738940       -78.577865626895331       -148.21482271050598        0.0000000000000000     
   228.47794893697755        139.56339865193510       -30.467203505014748        178.31427429612356        0.0000000000000000     

 PASSED  -1.0000000000000000     
 MU_R    =    325.00000000000000     
 ALPHA_S =   0.11799999999999999     
 BORN                    8.1053636004835723E-011
 SINGLE POLE (MadFKS)   -4.4286598425682666E-012
 DOUBLE POLE (MadFKS)   -8.1184546423328951E-012
 SINGLE POLE (MadLoop)  -3.8137755261484532E-012
 DOUBLE POLE (MadLoop)  -8.1184546423332150E-012
 FINITE PART (MadLoop)   1.2562518398366896E-011
   325.00000000000000        0.0000000000000000        0.0000000000000000        325.00000000000000        0.0000000000000000     
   325.00000000000000        0.0000000000000000        0.0000000000000000       -325.00000000000000        0.0000000000000000     
   176.59098848043556       -63.600806105627370       -90.181659299328828        58.151380045803634        125.00000000000000     
   247.06394373578158       -76.501966508629593        46.058829037142999       -230.36194495254074        0.0000000000000000     
   226.34506778378289        140.10277261425696        44.122830262185907        172.21056490673686        0.0000000000000000     

 NUMBER OF POINTS PASSING THE CHECK          20
 NUMBER OF POINTS FAILING THE CHECK           0
 TOLERANCE   -1.0000000000000000     
