 Enter filename for events
 Enter maximum number of events to generate
 MUST coincide with the number of events on tape
 Enter 0 to use Herwig default PDFs
       1 to use PDFs from library
 Enter colliding particles (PART1, PART2)
 Enter beam momenta (PBEAM1, PBEAM2)


          HERWIG 6.521  11th Mar. 2013

          Please reference:  G. Marchesini, B.R. Webber,
          G.Abbiendi, I.G.Knowles, M.H.Seymour & L.Stanco
          Computer Physics Communications 67 (1992) 465
                             and
          G.Corcella, I.G.Knowles, G.Marchesini, S.Moretti,
          K.Odagiri, P.Richardson, M.H.Seymour & B.R.Webber,
          JHEP 0101 (2001) 010
 Enter .TRUE. for underlying event, .FALSE. otherwise

 Underlying event WILL NOT be generated

 Enter Lambda_QCD, <0 for Herwig default
 Enter Z mass, width
 Enter W mass, width
 Enter top mass, width
 Enter Higgs (SM) boson mass, width
 Enter quark (d,u,s,c,b) and gluon masses
 Enter lepton (e,mu,tau) masses
 Enter number of events to print
 Enter accepted error fraction
 Is it single-top (.TRUE. or .FALSE)?
 Is it b-bbar (.TRUE. or .FALSE)?
 Enter the two random seeds (0 0 for default)

          INPUT CONDITIONS FOR THIS RUN

          BEAM 1 (P       ) MOM. =   6500.00
          BEAM 2 (P       ) MOM. =   6500.00
          PROCESS CODE (IPROC)   =  -18000
          NUMBER OF FLAVOURS     =    6
          STRUCTURE FUNCTION SET =    8
          AZIM SPIN CORRELATIONS =    T
          AZIM SOFT CORRELATIONS =    T
          QCD LAMBDA (GEV)       =    0.1800
          DOWN     QUARK  MASS   =    0.3200
          UP       QUARK  MASS   =    0.3200
          STRANGE  QUARK  MASS   =    0.5000
          CHARMED  QUARK  MASS   =    1.5500
          BOTTOM   QUARK  MASS   =    4.9500
          TOP      QUARK  MASS   =  173.0000
          GLUON EFFECTIVE MASS   =    0.7500
          EXTRA SHOWER CUTOFF (Q)=    0.4800
          EXTRA SHOWER CUTOFF (G)=    0.1000
          PHOTON SHOWER CUTOFF   =    0.4000
          CLUSTER MASS PARAMETER =    3.3500
          SPACELIKE EVOLN CUTOFF =    2.5000
          INTRINSIC P-TRAN (RMS) =    0.0000
          DECAY SPIN CORRELATIONS=    T
          SUSY THREE BODY ME     =    T
          SUSY FOUR  BODY ME     =    F

          NO EVENTS WILL BE WRITTEN TO DISK

          B_d: Delt-M/Gam =0.7000 Delt-Gam/2*Gam =0.0000
          B_s: Delt-M/Gam = 10.00 Delt-Gam/2*Gam =0.2000

          PDFLIB NOT USED FOR BEAM 1
          PDFLIB NOT USED FOR BEAM 2


          Checking consistency of particle properties


          Checking consistency of decay tables


          WRITING SUDAKOV TABLE ON UNIT  77

          WRITING MATRIX ELEMENT TABLE ON UNIT  88

          CHECKING SUSY DECAY MATRIX ELEMENTS
 Do you want a stable Pi0 (.TRUE. or .FALSE)?
 Do you want a stable W+ (.TRUE. or .FALSE)?
 Do you want a stable W- (.TRUE. or .FALSE)?
 Do you want a stable Z0 (.TRUE. or .FALSE)?
 Do you want a stable Tau+ (.TRUE. or .FALSE)?
 Do you want a stable Tau- (.TRUE. or .FALSE)?
 Do you want a stable Mu+ (.TRUE. or .FALSE)?
 Do you want a stable Mu- (.TRUE. or .FALSE)?
 Do you want a stable Higgs (.TRUE. or .FALSE)?

          PARTICLE TYPE  21=PI0      SET STABLE
 How many decay modes do you want to set?
 How are the events normalized ("average" or "sum")?
 stdhep initialized

          SUBROUTINE TIMEL CALLED BUT NOT LINKED.
          DUMMY TIMEL WILL BE USED. DELETE DUMMY
          AND LINK CERNLIB FOR CPU TIME REMAINING.

 HWWARN CALLED FROM SUBPROGRAM HWSMRS: CODE =   5
 EVENT       1:   SEEDS = 1973774260 & 1099242306  WEIGHT = 0.1843E-04
 EVENT SURVIVES. EXECUTION CONTINUES
 WARNING: MRST98 CALLED WITH Q OUTSIDE ALLOWED RANGE!
 Q VALUE=1.430E+04, MINIMUM=1.118E+00, MAXIMUM=3.162E+03
 NO FURTHER WARNINGS WILL BE ISSUED



 EVENT       1: 6500.00 GEV/C P        ON  6500.00 GEV/C P        PROCESS:-18000
 SEEDS:  1973774260 &  1099242306   STATUS:  100 ERROR:   0  WEIGHT:  1.8435E-05


                               ---INITIAL STATE---    

 IHEP    ID      IDPDG IST MO1 MO2 DA1 DA2   P-X     P-Y     P-Z  ENERGY    MASS
    1 P           2212 101   0   0   0   0    0.00    0.00 6500.0 6500.0    0.94
    2 P           2212 102   0   0   0   0    0.00    0.00-6500.0 6500.0    0.94
    3 CMF            0 103   1   2   0   0    0.00    0.00    0.013000.013000.00

                              ---HARD SUBPROCESS---   

 IHEP    ID      IDPDG IST MO1 MO2 DA1 DA2   P-X     P-Y     P-Z  ENERGY    MASS
    4 DQRK           1 121   6   8  10   9    0.00    0.00  993.3  993.3    0.32
    5 UQRK           2 122   6   9  16   8   -0.00   -0.00-1261.7 1261.7    0.32
    6 HARD           0 120   4   5   7   9   -0.82   11.70 -268.4 2255.1 2239.00
    7 HIGGS         25 123   6   7  21   7  492.51  120.70 -249.1  578.6  125.00
    8 DQRK           1 124   6   5  22   4  -14.23  -46.02 -776.4  777.9    0.32
    9 UQRK           2 124   6   4  26   5 -478.28  -74.68  757.0  898.6    0.32

                              ---PARTON SHOWERS---    

 IHEP    ID      IDPDG IST MO1 MO2 DA1 DA2   P-X     P-Y     P-Z  ENERGY    MASS
   10 DQRK          94 141   4   6  12  15   -4.39   10.04  993.4  993.3  -19.96
   11 CONE           0 100   4   9   0   0   -0.99   -0.15    1.1    1.5    0.00
   12 GLUON         21   2  10  13  32  33    4.77   -7.90  329.9  330.0    0.75
   13 GLUON         21   2  10  14  34  35   -0.50   -0.96   97.0   97.0    0.75
   14 GLUON         21   2  10  15  36  37    0.12   -1.18  783.5  783.5    0.75
   15 UU          2203   2  10  24  38  37    0.00    0.00 4296.1 4296.1    0.32
   16 UQRK          94 142   5   6  18  20    3.57    1.66-1261.8 1261.8  -15.40
   17 CONE           0 100   5   8   0   0   -0.30   -0.96  -14.1   14.1    0.00
   18 GLUON         21   2  16  19  39  40   -1.25   -2.08  -59.9   59.9    0.75
   19 GLUON         21   2  16  20  41  42   -2.32    0.41  -89.5   89.5    0.75
   20 UD          2101   2  16  28  43  42    0.00    0.00-5088.8 5088.8    0.29
   21 HIGGS         25 195   7   6 127 128  492.10  123.66 -249.0  578.9  125.00
   22 DQRK          94 144   8   6  24  25  -14.51  -41.97 -776.1  777.6   20.05
   23 CONE           0 100   8   5   0   0    0.15    0.43   -9.5    9.5    0.00
   24 DQRK           1   2  22  25  44  38  -11.31  -33.80 -716.0  716.9    0.32
   25 GLUON         21   2  22  39  45  46   -3.19   -8.16  -60.1   60.7    0.75
   26 UQRK          94 144   9   6  28  31 -478.42  -69.99  756.7  898.6   33.63
   27 CONE           0 100   9   4   0   0    0.31    0.04    1.4    1.4    0.00
   28 UQRK           2   2  26  29  47  43 -328.92  -45.16  517.6  614.9    0.32
   29 GLUON         21   2  26  30  48  49 -142.43  -21.81  225.1  267.2    0.75
   30 GLUON         21   2  26  31  50  51   -6.83   -2.51   10.5   12.8    0.75
   31 GLUON         21   2  26  32  52  53   -0.24   -0.52    3.5    3.6    0.75

                              ---GLUON SPLITTING---   

 IHEP    ID      IDPDG IST MO1 MO2 DA1 DA2   P-X     P-Y     P-Z  ENERGY    MASS
   32 DBAR          -1 158  10  33  87  67    1.79   -2.95  117.9  118.0    0.32
   33 DQRK           1 158  10  34  70  32    2.46   -4.08  177.1  177.2    0.32
   34 DBAR          -1 158  10  35  70  33   -0.15   -0.50   34.5   34.5    0.32
   35 DQRK           1 158  10  36  71  34   -0.35   -0.46   62.6   62.6    0.32
   36 DBAR          -1 158  10  37  71  35   -0.09   -0.33  247.4  247.4    0.32
   37 DQRK           1 158  10  54  72  36    0.14   -0.55  402.5  402.5    0.32
   38 UU          2203 161  10  44  81  55    0.02   -0.06 3091.0 3091.0    0.64
   39 UBAR          -2 158  16  40  85  63   -0.60   -0.92  -30.5   30.5    0.32
   40 UQRK           2 158  16  41  73  39   -0.55   -1.01  -24.0   24.0    0.32
   41 UBAR          -2 158  16  42  73  40   -1.73    0.34  -62.5   62.5    0.32
   42 UQRK           2 158  16  58  74  41   -0.47    0.06  -24.4   24.4    0.32
   43 UD          2101 162  16  47  82  57   -0.01    0.00-2221.8 2221.8    0.64
   44 DQRK           1 158  22  60  75  38   -8.50  -25.38 -537.7  538.3    0.32
   45 UBAR          -2 158  22  46  88  69   -1.37   -3.79  -28.4   28.7    0.32
   46 UQRK           2 158  22  62  76  45   -1.11   -2.54  -18.5   18.7    0.32
   47 UQRK           2 158  26  48  77  43 -328.92  -45.16  517.6  614.9    0.32
   48 UBAR          -2 158  26  49  77  47  -68.58  -10.70  108.4  128.8    0.32
   49 UQRK           2 158  26  64  78  48  -33.38   -5.03   52.7   62.6    0.32
   50 UBAR          -2 158  26  51  86  65   -3.82   -1.20    5.8    7.1    0.32
   51 UQRK           2 158  26  52  79  50   -2.50   -1.10    3.9    4.8    0.32
   52 DBAR          -1 158  26  53  79  51   -0.04   -0.34    2.4    2.5    0.32
   53 DQRK           1 158  26  66  80  52   -0.18   -0.17    1.0    1.1    0.32
   54 UBAR          -2 159  10  55  72  37    0.01   -0.06  951.8  951.8    0.32
   55 UQRK           2 159  10  38  81  54    0.05   -0.19  386.9  386.9    0.32
   56 UBAR          -2 159  16  57  83  59   -0.00    0.00-2114.8 2114.8    0.32
   57 UQRK           2 159  16  43  82  56   -0.04    0.01  -90.5   90.5    0.32
   58 SBAR          -3 159  16  59  74  42   -0.02    0.00 -480.3  480.3    0.50
   59 SQRK           3 159  16  56  83  58   -0.05    0.01 -184.1  184.1    0.50
   60 DBAR          -1 159  22  61  75  44   -1.00   -2.99  -62.9   63.0    0.32
   61 DQRK           1 159  22  68  84  60   -1.72   -5.15 -108.8  108.9    0.32
   62 DBAR          -1 159  16  63  76  46   -0.24   -0.51   -5.5    5.5    0.32
   63 DQRK           1 159  22  39  85  62   -0.21   -0.43   -5.5    5.5    0.32
   64 SBAR          -3 159  26  65  78  49  -14.70   -2.29   23.2   27.5    0.50
   65 SQRK           3 159  26  50  86  64  -26.28   -4.00   41.5   49.3    0.50
   66 UBAR          -2 159  10  67  80  53    0.15   -0.28   11.0   11.0    0.32
   67 UQRK           2 159  26  32  87  66    0.36   -0.60   23.9   23.9    0.32
   68 UBAR          -2 159  22  69  84  61   -0.27   -0.75   -7.2    7.3    0.32
   69 UQRK           2 159  22  45  88  68   -0.20   -0.57   -7.1    7.1    0.32

                             ---CLUSTER FORMATION---  

 IHEP    ID      IDPDG IST MO1 MO2 DA1 DA2   P-X     P-Y     P-Z  ENERGY    MASS
   70 CLUS          91 183  33  34  89  90    2.31   -4.58  211.6  211.7    1.79
   71 CLUS          91 183  35  36  91  92   -0.45   -0.78  309.9  309.9    1.27
   72 CLUS          91 183  37  54  93  94    0.15   -0.61 1354.3 1354.3    1.09
   73 CLUS          91 183  40  41  95  96   -2.28   -0.66  -86.5   86.5    1.98
   74 CLUS          91 183  42  58  97  98   -0.49    0.06 -504.7  504.7    2.60
   75 CLUS          91 183  44  60  99 100   -9.50  -28.37 -600.6  601.3    1.05
   76 CLUS          91 183  46  62 101 102   -1.34   -3.06  -24.0   24.2    0.90
   77 CLUS          91 183  47  48 103 104 -397.50  -55.85  626.1  743.7    2.91
   78 CLUS          91 183  49  64 105 106  -48.08   -7.32   75.9   90.1    0.99
   79 CLUS          91 183  51  52 107 108   -2.54   -1.44    6.4    7.3    1.98
   80 CLUS          91 183  53  66 109 110   -0.02   -0.45   12.0   12.1    1.35
   81 CLUS          91 184  55  38 111 112    0.06   -0.25 3478.0 3478.0    1.29
   82 CLUS          91 185  57  43 113 114   -0.05    0.01-2312.2 2312.2    1.76
   83 CLUS          91 183  59  56 115 116   -0.05    0.01-2298.8 2298.8    1.81
   84 CLUS          91 183  61  68 117 118   -1.99   -5.90 -116.0  116.2    2.16
   85 CLUS          91 183  63  39 119 120   -0.81   -1.35  -36.0   36.0    1.12
   86 CLUS          91 183  65  50 121 122  -30.10   -5.20   47.3   56.4    1.99
   87 CLUS          91 183  67  32 123 124    2.14   -3.55  141.8  141.8    0.86
   88 CLUS          91 183  69  45 125 126   -1.57   -4.36  -35.4   35.7    1.13

                              ---CLUSTER DECAYS---    

 IHEP    ID      IDPDG IST MO1 MO2 DA1 DA2   P-X     P-Y     P-Z  ENERGY    MASS
   89 PI-         -211   1  70  10   0   0    2.27   -4.68  198.0  198.0    0.14
   90 PI+          211   1  70  10   0   0    0.04    0.11   13.6   13.6    0.14
   91 PI0          111   1  71  10   0   0   -0.24    0.30  120.1  120.1    0.13
   92 PI0          111   1  71  10   0   0   -0.20   -1.08  189.8  189.8    0.13
   93 PI-         -211   1  72  10   0   0    0.27   -0.13  323.9  323.9    0.14
   94 OMEGA        223 197  72  10 211 213   -0.12   -0.47 1030.3 1030.3    0.78
   95 K*+          323 197  73  16 214 215   -1.87   -0.90  -75.7   75.7    0.89
   96 K-          -321   1  73  16   0   0   -0.41    0.23  -10.8   10.8    0.49
   97 DELTA+      2214 197  74  16 216 217    0.10    0.41 -291.5  291.5    1.23
   98 LAMBDABR   -3122 197  74  16 218 219   -0.58   -0.35 -213.2  213.2    1.12
   99 RHO-        -213 197  75  22 220 221   -9.10  -27.20 -575.9  576.6    0.77
  100 PI+          211   1  75  22   0   0   -0.39   -1.17  -24.6   24.7    0.14
  101 PI0          111   1  76  22   0   0   -1.31   -2.49  -21.3   21.5    0.13
  102 PI+          211   1  76  22   0   0   -0.03   -0.56   -2.7    2.8    0.14
  103 DELTA++     2224 197  77  26 222 223 -269.99  -37.35  425.0  504.9    1.23
  104 DLTABR--   -2224 197  77  26 224 225 -127.51  -18.50  201.1  238.8    1.23
  105 PI0          111   1  78  26   0   0  -13.19   -2.10   21.4   25.3    0.13
  106 K+           321   1  78  26   0   0  -34.89   -5.22   54.4   64.9    0.49
  107 ETA          221 197  79  26 226 228   -2.30   -0.84    4.8    5.4    0.55
  108 RHO+         213 197  79  26 229 230   -0.24   -0.60    1.6    1.9    0.77
  109 PI-         -211   1  80  26   0   0    0.13    0.20    5.1    5.1    0.14
  110 OMEGA        223 197  80  26 231 233   -0.16   -0.65    6.9    7.0    0.78
  111 PI+          211   1  81  10   0   0    0.16   -0.13  300.2  300.2    0.14
  112 P           2212   1  81  10   0   0   -0.10   -0.12 3177.8 3177.8    0.94
  113 PI+          211   1  82  16   0   0    0.37    0.02 -312.9  312.9    0.14
  114 DELTA0      2114 197  82  16 234 235   -0.41   -0.02-1999.4 1999.4    1.23
  115 K*_2-       -325 197  83  16 236 237   -0.11   -0.29-1959.7 1959.7    1.43
  116 PI0          111   1  83  16   0   0    0.06    0.30 -339.2  339.2    0.13
  117 HL_10      10223 197  84  22 238 239   -1.48   -3.32  -73.1   73.2    1.17
  118 RHO-        -213 197  84  22 240 241   -0.51   -2.58  -43.0   43.0    0.77
  119 RHO0         113 197  85  22 242 243   -0.37   -1.13  -27.2   27.2    0.77
  120 PI-         -211   1  85  22   0   0   -0.44   -0.22   -8.8    8.8    0.14
  121 K-          -321   1  86  26   0   0  -14.23   -2.42   21.8   26.1    0.49
  122 F_2          225 197  86  26 244 247  -15.88   -2.78   25.5   30.2    1.27
  123 PI+          211   1  87  26   0   0    0.38   -0.24   13.0   13.0    0.14
  124 PI0          111   1  87  26   0   0    1.76   -3.31  128.8  128.9    0.13
  125 PI+          211   1  88  22   0   0   -0.46   -2.84  -21.4   21.6    0.14
  126 PI-         -211   1  88  22   0   0   -1.11   -1.52  -14.1   14.2    0.14

                            ---H/W/Z BOSON DECAYS---  

 IHEP    ID      IDPDG IST MO1 MO2 DA1 DA2   P-X     P-Y     P-Z  ENERGY    MASS
  127 BQRK           5 123  21 128 129 128  277.14  129.04 -169.2  349.5    4.95
  128 BBAR          -5 124  21 127 135 127  214.96   -5.39  -79.8  229.4    4.95

                              ---PARTON SHOWERS---    

 IHEP    ID      IDPDG IST MO1 MO2 DA1 DA2   P-X     P-Y     P-Z  ENERGY    MASS
  129 BQRK          94 143 127  21 131 134  278.51  129.01 -169.7  350.9   11.15
  130 CONE           0 100 127 128   0   0    2.00   -0.14   -0.7    2.1    0.00
  131 BQRK           5   2 129 132 137 136  176.96   82.75 -104.4  221.6    4.95
  132 GLUON         21   2 129 133 138 139   36.69   17.85  -24.8   47.8    0.75
  133 GLUON         21   2 129 134 140 141   41.26   17.97  -25.0   51.5    0.75
  134 GLUON         21   2 129 136 142 143   23.60   10.45  -15.4   30.1    0.75
  135 BBAR          94 144 128  21 136 136  213.59   -5.35  -79.2  227.9    4.95
  136 BBAR          -5   2 135 137 144 143  213.59   -5.35  -79.2  227.9    4.95

                              ---GLUON SPLITTING---   

 IHEP    ID      IDPDG IST MO1 MO2 DA1 DA2   P-X     P-Y     P-Z  ENERGY    MASS
  137 BQRK           5 158 129 145 167 144  164.27   76.92  -97.3  205.9    4.95
  138 UBAR          -2 158 129 139 171 146    6.79    3.32   -4.4    8.8    0.32
  139 UQRK           2 158 129 140 168 138   25.35   12.19  -17.1   32.9    0.32
  140 UBAR          -2 158 129 141 168 139   11.45    4.90   -6.9   14.2    0.32
  141 UQRK           2 158 129 142 169 140   29.81   13.07  -18.2   37.3    0.32
  142 UBAR          -2 158 129 143 169 141    8.90    4.12   -5.8   11.4    0.32
  143 UQRK           2 158 129 151 170 142    1.86    0.68   -1.1    2.3    0.32
  144 BBAR          -5 158 135 137 181 166   98.47   -2.10  -36.8  105.3    4.95
  145 UBAR          -2 159 129 146 167 137    6.55    3.17   -4.2    8.4    0.32
  146 UQRK           2 159 129 138 171 145   10.69    5.01   -6.3   13.4    0.32
  147 SBAR          -3 159 135 148 176 156   29.45   -0.75  -10.9   31.4    0.50
  148 SQRK           3 159 129 153 172 147    2.22    0.67   -1.3    2.7    0.50
  149 UBAR          -2 159 135 150 179 162   11.10   -0.27   -4.1   11.9    0.32
  150 UQRK           2 159 129 155 173 149    2.34    0.92   -1.5    2.9    0.32
  151 DBAR          -1 159 135 152 170 143    1.48    0.47   -0.9    1.8    0.32
  152 DQRK           1 159 129 157 174 151    2.72    1.10   -1.7    3.4    0.32
  153 SBAR          -3 159 135 154 172 148    8.81   -0.18   -3.3    9.4    0.50
  154 SQRK           3 159 129 159 175 153    2.01    0.42   -1.0    2.4    0.50
  155 UBAR          -2 159 135 156 173 150    4.54   -0.08   -1.7    4.9    0.32
  156 UQRK           2 159 129 147 176 155    1.49    0.13   -0.7    1.7    0.32
  157 UBAR          -2 159 135 158 174 152    2.97   -0.01   -1.1    3.2    0.32
  158 UQRK           2 159 129 163 177 157    2.28    0.89   -1.4    2.9    0.32
  159 DBAR          -1 159 135 160 175 154   19.15   -0.49   -7.1   20.4    0.32
  160 DQRK           1 159 129 165 178 159    2.65    0.01   -1.0    2.9    0.32
  161 SBAR          -3 159 135 162 180 164    7.57   -0.14   -2.8    8.1    0.50
  162 SQRK           3 159 129 149 179 161    3.58    0.05   -1.4    3.9    0.50
  163 UBAR          -2 159 135 164 177 158    9.81   -0.24   -3.6   10.5    0.32
  164 UQRK           2 159 129 161 180 163    3.40   -0.03   -1.3    3.6    0.32
  165 SBAR          -3 159 135 166 178 160    5.73   -0.07   -2.2    6.2    0.50
  166 SQRK           3 159 129 144 181 165    4.67   -0.02   -1.8    5.0    0.50

                             ---CLUSTER FORMATION---  

 IHEP    ID      IDPDG IST MO1 MO2 DA1 DA2   P-X     P-Y     P-Z  ENERGY    MASS
  167 CLUS          91 183 137 145 182 183  170.92   80.13 -101.5  214.4    5.46
  168 CLUS          91 183 139 140 184 185   36.80   17.09  -23.9   47.1    1.41
  169 CLUS          91 183 141 142 186 187   38.71   17.19  -24.0   48.7    0.98
  170 CLUS          91 183 143 151 188 189    3.34    1.15   -2.0    4.1    0.65
  171 CLUS          91 183 146 138 190 191   17.48    8.32  -10.8   22.2    0.79
  172 CLUS          91 183 148 153 192 193   11.03    0.49   -4.6   12.1    1.99
  173 CLUS          91 183 150 155 194 195    6.88    0.84   -3.2    7.8    1.61
  174 CLUS          91 183 152 157 196 197    5.69    1.09   -2.9    6.6    1.41
  175 CLUS          91 183 154 159 198 199   21.16   -0.06   -8.1   22.8    2.30
  176 CLUS          91 183 156 147 200 201   30.93   -0.62  -11.6   33.1    1.75
  177 CLUS          91 183 158 163 202 203   12.08    0.65   -5.1   13.3    2.29
  178 CLUS          91 183 160 165 204 205    8.39   -0.06   -3.2    9.0    0.83
  179 CLUS          91 183 162 149 206 207   14.68   -0.22   -5.5   15.7    1.11
  180 CLUS          91 183 164 161 208 209   10.97   -0.17   -4.1   11.8    0.83
  181 CLUS          91 183 166 144 210 210  103.05   -2.16  -38.5  110.2    5.37

                              ---CLUSTER DECAYS---    

 IHEP    ID      IDPDG IST MO1 MO2 DA1 DA2   P-X     P-Y     P-Z  ENERGY    MASS
  182 B*-         -523 197 167 129 248 249  167.12   78.35  -99.2  209.6    5.32
  183 PI0          111   1 167 129   0   0    3.80    1.78   -2.3    4.8    0.13
  184 RHO+         213 197 168 129 250 251   14.56    7.05   -9.8   18.9    0.77
  185 PI-         -211   1 168 129   0   0   22.24   10.03  -14.1   28.2    0.14
  186 RHO+         213 197 169 129 252 253   31.54   14.15  -19.5   39.7    0.77
  187 PI-         -211   1 169 129   0   0    7.17    3.04   -4.4    9.0    0.14
  188 PI0          111   1 170 129   0   0    2.53    0.60   -1.5    3.0    0.13
  189 PI+          211   1 170 129   0   0    0.81    0.55   -0.5    1.1    0.14
  190 PI0          111   1 171 129   0   0   10.89    4.84   -6.8   13.7    0.13
  191 PI0          111   1 171 129   0   0    6.59    3.48   -3.9    8.4    0.13
  192 K*-         -323 197 172 129 254 255    4.27    0.41   -1.5    4.6    0.89
  193 K*+          323 197 172 129 256 257    6.76    0.08   -3.1    7.5    0.89
  194 RHO+         213 197 173 129 258 259    5.53    0.14   -2.5    6.1    0.77
  195 PI-         -211   1 173 129   0   0    1.35    0.71   -0.7    1.7    0.14
  196 ETA          221 197 174 129 260 261    2.25    0.49   -0.9    2.5    0.55
  197 RHO-        -213 197 174 129 262 263    3.44    0.60   -2.0    4.1    0.77
  198 FP_2         335 197 175 129 264 265   13.11   -0.09   -5.5   14.3    1.52
  199 KBAR0       -311 197 175 129 266 266    8.05    0.03   -2.6    8.5    0.50
  200 ETA          221 197 176 129 267 269    8.61   -0.70   -3.5    9.3    0.55
  201 K+           321   1 176 129   0   0   22.33    0.08   -8.1   23.8    0.49
  202 RHO0         113 197 177 129 270 271    2.43    0.14   -1.3    2.9    0.77
  203 FL_1       20223 197 177 129 272 273    9.65    0.52   -3.8   10.5    1.28
  204 PI-         -211   1 178 129   0   0    1.59    0.19   -0.5    1.7    0.14
  205 K+           321   1 178 129   0   0    6.80   -0.25   -2.7    7.3    0.49
  206 K*BAR0      -313 197 179 129 274 275   11.86   -0.28   -4.6   12.8    0.90
  207 PI-         -211   1 179 129   0   0    2.82    0.05   -0.9    3.0    0.14
  208 PI+          211   1 180 129   0   0    1.59    0.10   -0.8    1.8    0.14
  209 K0           311 197 180 129 276 276    9.37   -0.26   -3.4   10.0    0.50
  210 B_S0         531 200 181 129 277 277  103.05   -2.16  -38.5  110.2    5.37

                           ---STRONG HADRON DECAYS--- 

 IHEP    ID      IDPDG IST MO1 MO2 DA1 DA2   P-X     P-Y     P-Z  ENERGY    MASS
  211 PI+          211   1  94  10   0   0   -0.02   -0.14  196.3  196.3    0.14
  212 PI-         -211   1  94  10   0   0    0.21   -0.12  224.7  224.7    0.14
  213 PI0          111   1  94  10   0   0   -0.32   -0.21  609.4  609.4    0.13
  214 K+           321   1  95  16   0   0   -0.80   -0.31  -41.1   41.1    0.49
  215 PI0          111   1  95  16   0   0   -1.07   -0.58  -34.6   34.6    0.13
  216 N           2112   1  97  16   0   0    0.15    0.10 -205.5  205.5    0.94
  217 PI+          211   1  97  16   0   0   -0.05    0.31  -86.0   86.0    0.14
  218 NBAR       -2112   1  98  16   0   0   -0.45   -0.21 -165.3  165.3    0.94
  219 PI0          111   1  98  16   0   0   -0.13   -0.15  -47.9   47.9    0.13
  220 PI-         -211   1  99  22   0   0   -0.78   -2.92  -61.9   62.0    0.14
  221 PI0          111   1  99  22   0   0   -8.32  -24.28 -514.0  514.7    0.13
  222 P           2212   1 103  26   0   0 -251.22  -34.68  395.2  469.6    0.94
  223 PI+          211   1 103  26   0   0  -18.77   -2.68   29.8   35.3    0.14
  224 PBAR       -2212   1 104  26   0   0  -88.65  -12.66  139.8  166.0    0.94
  225 PI-         -211   1 104  26   0   0  -38.86   -5.84   61.3   72.8    0.14
  226 PI+          211   1 107  26   0   0   -1.54   -0.46    3.1    3.5    0.14
  227 PI-         -211   1 107  26   0   0   -0.35   -0.14    0.8    0.9    0.14
  228 PI0          111   1 107  26   0   0   -0.41   -0.24    1.0    1.1    0.13
  229 PI+          211   1 108  26   0   0    0.19   -0.31    0.3    0.5    0.14
  230 PI0          111   1 108  26   0   0   -0.43   -0.29    1.2    1.4    0.13
  231 PI+          211   1 110  26   0   0   -0.17   -0.29    2.4    2.4    0.14
  232 PI-         -211   1 110  26   0   0   -0.20   -0.22    3.2    3.2    0.14
  233 PI0          111   1 110  26   0   0    0.21   -0.14    1.3    1.3    0.13
  234 P           2212   1 114  16   0   0   -0.54   -0.04-1538.4 1538.4    0.94
  235 PI-         -211   1 114  16   0   0    0.13    0.02 -461.0  461.0    0.14
  236 K-          -321   1 115  16   0   0    0.33   -0.50 -675.4  675.4    0.49
  237 PI0          111   1 115  16   0   0   -0.45    0.20-1284.2 1284.2    0.13
  238 RHO-        -213 198 117  22 278 279   -1.02   -2.84  -62.7   62.8    0.77
  239 PI+          211   1 117  22   0   0   -0.47   -0.48  -10.4   10.4    0.14
  240 PI-         -211   1 118  22   0   0   -0.15   -1.27  -15.5   15.6    0.14
  241 PI0          111   1 118  22   0   0   -0.36   -1.31  -27.4   27.5    0.13
  242 PI+          211   1 119  22   0   0    0.10   -0.82  -15.9   15.9    0.14
  243 PI-         -211   1 119  22   0   0   -0.46   -0.30  -11.2   11.2    0.14
  244 PI+          211   1 122  26   0   0   -7.13   -1.55   12.0   14.0    0.14
  245 PI-         -211   1 122  26   0   0   -2.94   -0.48    4.3    5.2    0.14
  246 PI0          111   1 122  26   0   0   -3.98   -0.49    6.0    7.2    0.13
  247 PI0          111   1 122  26   0   0   -1.82   -0.26    3.3    3.7    0.13
  248 B-          -521 199 182 129 335 336  166.19   77.90  -98.7  208.5    5.28
  249 GAMMA         22   1 182 129   0   0    0.94    0.45   -0.5    1.2    0.00
  250 PI+          211   1 184 129   0   0   11.21    5.35   -7.2   14.3    0.14
  251 PI0          111   1 184 129   0   0    3.34    1.70   -2.6    4.6    0.13
  252 PI+          211   1 186 129   0   0   12.30    5.90   -7.7   15.7    0.14
  253 PI0          111   1 186 129   0   0   19.24    8.25  -11.9   24.1    0.13
  254 K-          -321   1 192 129   0   0    2.35    0.27   -0.5    2.5    0.49
  255 PI0          111   1 192 129   0   0    1.92    0.14   -0.9    2.1    0.13
  256 K+           321   1 193 129   0   0    6.04    0.23   -2.9    6.7    0.49
  257 PI0          111   1 193 129   0   0    0.72   -0.15   -0.2    0.8    0.13
  258 PI+          211   1 194 129   0   0    1.84    0.24   -1.1    2.2    0.14
  259 PI0          111   1 194 129   0   0    3.70   -0.10   -1.4    3.9    0.13
  260 GAMMA         22   1 196 129   0   0    1.17    0.46   -0.3    1.3    0.00
  261 GAMMA         22   1 196 129   0   0    1.08    0.03   -0.6    1.2    0.00
  262 PI-         -211   1 197 129   0   0    0.40   -0.09   -0.1    0.4    0.14
  263 PI0          111   1 197 129   0   0    3.04    0.69   -1.9    3.7    0.13
  264 ETA          221 198 198 129 280 282    4.43    0.37   -1.6    4.8    0.55
  265 ETA          221 198 198 129 283 285    8.69   -0.46   -3.9    9.6    0.55
  266 K_S0         310 198 199 129 286 287    8.05    0.03   -2.6    8.5    0.50
  267 PI+          211   1 200 129   0   0    5.43   -0.61   -2.1    5.9    0.14
  268 PI-         -211   1 200 129   0   0    2.93   -0.13   -1.3    3.2    0.14
  269 GAMMA         22   1 200 129   0   0    0.24    0.03   -0.1    0.3    0.00
  270 PI+          211   1 202 129   0   0    1.11   -0.24   -0.8    1.4    0.14
  271 PI-         -211   1 202 129   0   0    1.32    0.38   -0.5    1.5    0.14
  272 A_00     9000111 198 203 129 288 289    7.56    0.22   -3.1    8.2    1.00
  273 PI0          111   1 203 129   0   0    2.09    0.30   -0.7    2.2    0.13
  274 KBAR0       -311 198 206 129 290 290    6.91    0.07   -2.5    7.4    0.50
  275 PI0          111   1 206 129   0   0    4.95   -0.35   -2.1    5.4    0.13
  276 K_L0         130   1 209 129   0   0    9.37   -0.26   -3.4   10.0    0.50
  277 B_SBAR0     -531 199 210 129 296 297  103.05   -2.16  -38.5  110.2    5.37
  278 PI-         -211   1 238  22   0   0   -0.35   -0.62  -10.1   10.1    0.14
  279 PI0          111   1 238  22   0   0   -0.67   -2.22  -52.6   52.7    0.13
  280 PI0          111   1 264 129   0   0    1.88    0.06   -0.8    2.0    0.13
  281 PI0          111   1 264 129   0   0    1.21    0.07   -0.4    1.3    0.13
  282 PI0          111   1 264 129   0   0    1.34    0.23   -0.4    1.4    0.13
  283 PI0          111   1 265 129   0   0    1.84   -0.05   -0.8    2.0    0.13
  284 PI0          111   1 265 129   0   0    2.39   -0.02   -1.0    2.6    0.13
  285 PI0          111   1 265 129   0   0    4.46   -0.39   -2.1    4.9    0.13
  286 PI+          211   1 266 129   0   0    5.55    0.20   -1.7    5.8    0.14
  287 PI-         -211   1 266 129   0   0    2.50   -0.17   -0.9    2.7    0.14
  288 ETA          221 198 272 129 291 293    3.31   -0.13   -1.5    3.7    0.55
  289 PI0          111   1 272 129   0   0    4.25    0.36   -1.6    4.6    0.13
  290 K_S0         310 198 274 129 294 295    6.91    0.07   -2.5    7.4    0.50
  291 PI0          111   1 288 129   0   0    2.06    0.01   -0.9    2.3    0.13
  292 PI0          111   1 288 129   0   0    0.72   -0.11   -0.3    0.8    0.13
  293 PI0          111   1 288 129   0   0    0.53   -0.04   -0.3    0.6    0.13
  294 PI0          111   1 290 129   0   0    4.68   -0.14   -1.7    5.0    0.13
  295 PI0          111   1 290 129   0   0    2.23    0.21   -0.8    2.4    0.13

                           ---HEAVY PARTICLE DECAYS---

 IHEP    ID      IDPDG IST MO1 MO2 DA1 DA2   P-X     P-Y     P-Z  ENERGY    MASS
  296 BQRK           5 155 277 297 298 300   93.45   -1.96  -34.9   99.9    4.87
  297 SBAR          -3 125 277 300 301 300    9.60   -0.20   -3.6   10.3    0.50
  298 SQRK           3 123 296 299 302 299   41.39   -0.01  -15.4   44.2    0.50
  299 CBAR          -4 124 296 298 304 298   29.50   -1.41  -11.6   31.8    1.55
  300 CQRK           4 124 296 296 306 296   22.56   -0.54   -7.9   24.0    1.55
  301 SBAR          -3 160 297 310 312 310    9.60   -0.20   -3.6   10.3    0.50

                              ---PARTON SHOWERS---    

 IHEP    ID      IDPDG IST MO1 MO2 DA1 DA2   P-X     P-Y     P-Z  ENERGY    MASS
  302 SQRK          94 143 298 296 303 303   41.39   -0.01  -15.4   44.2    0.50
  303 SQRK           3   2 302 305 308 305   41.39   -0.01  -15.4   44.2    0.50
  304 CBAR          94 144 299 296 305 305   29.50   -1.41  -11.6   31.8    1.55
  305 CBAR          -4   2 304 308 309 308   29.50   -1.41  -11.6   31.8    1.55
  306 CQRK          94 144 300 296 307 307   22.56   -0.54   -7.9   24.0    1.55
  307 CQRK           4   2 306 301 310 301   22.56   -0.54   -7.9   24.0    1.55

                              ---GLUON SPLITTING---   

 IHEP    ID      IDPDG IST MO1 MO2 DA1 DA2   P-X     P-Y     P-Z  ENERGY    MASS
  308 SQRK           3 158 302 309 311 309   41.39   -0.01  -15.4   44.2    0.50
  309 CBAR          -4 158 304 308 311 308   29.50   -1.41  -11.6   31.8    1.55
  310 CQRK           4 158 306 301 312 301   22.56   -0.54   -7.9   24.0    1.55

                             ---CLUSTER FORMATION---  

 IHEP    ID      IDPDG IST MO1 MO2 DA1 DA2   P-X     P-Y     P-Z  ENERGY    MASS
  311 CLUS          91 183 308 309 313 314   74.25   -1.47  -28.4   79.6    3.06
  312 CLUS          91 183 310 301 315 315   28.80   -0.69  -10.1   30.6    1.97

                              ---CLUSTER DECAYS---    

 IHEP    ID      IDPDG IST MO1 MO2 DA1 DA2   P-X     P-Y     P-Z  ENERGY    MASS
  313 K-          -321   1 311 302   0   0   18.04   -0.12   -6.8   19.3    0.49
  314 D*_2BAR0    -425 197 311 302 316 317   56.21   -1.35  -21.6   60.3    2.46
  315 D_S+         431 196 312 306 318 319   28.80   -0.69  -10.1   30.6    1.97

                           ---STRONG HADRON DECAYS--- 

 IHEP    ID      IDPDG IST MO1 MO2 DA1 DA2   P-X     P-Y     P-Z  ENERGY    MASS
  316 D*BAR0      -423 198 314 302 320 321   43.45   -0.87  -17.1   46.7    2.01
  317 PI0          111   1 314 302   0   0   12.76   -0.49   -4.6   13.6    0.13
  318 ETAP         331 198 315 306 322 324   10.00    0.02   -3.6   10.7    0.96
  319 RHO+         213 198 315 306 325 326   18.79   -0.71   -6.5   19.9    0.77
  320 DBAR0       -421 198 316 302 327 329   39.89   -0.76  -15.6   42.9    1.86
  321 PI0          111   1 316 302   0   0    3.56   -0.10   -1.4    3.8    0.13
  322 PI0          111   1 318 306   0   0    2.99   -0.06   -1.0    3.2    0.13
  323 PI0          111   1 318 306   0   0    1.47   -0.06   -0.4    1.5    0.13
  324 ETA          221 198 318 306 330 331    5.54    0.15   -2.2    6.0    0.55
  325 PI+          211   1 319 306   0   0   10.89   -0.63   -4.1   11.6    0.14
  326 PI0          111   1 319 306   0   0    7.91   -0.08   -2.4    8.3    0.13
  327 K*0          313 198 320 302 332 333   12.02   -0.07   -5.0   13.0    0.90
  328 PI-         -211   1 320 302   0   0   24.75   -0.64   -9.4   26.5    0.14
  329 PI+          211   1 320 302   0   0    3.12   -0.05   -1.3    3.4    0.14
  330 GAMMA         22   1 324 306   0   0    1.22   -0.19   -0.5    1.3    0.00
  331 GAMMA         22   1 324 306   0   0    4.32    0.34   -1.7    4.6    0.00
  332 K0           311 198 327 302 334 334    9.43    0.20   -3.8   10.2    0.50
  333 PI0          111   1 327 302   0   0    2.59   -0.27   -1.2    2.8    0.13
  334 K_L0         130   1 332 302   0   0    9.43    0.20   -3.8   10.2    0.50

                           ---HEAVY PARTICLE DECAYS---

 IHEP    ID      IDPDG IST MO1 MO2 DA1 DA2   P-X     P-Y     P-Z  ENERGY    MASS
  335 BQRK           5 155 248 336 337 339  156.11   73.18  -92.7  195.8    4.96
  336 UBAR          -2 125 248 339 340 339   10.07    4.72   -6.0   12.6    0.32
  337 UQRK           2 123 335 338 341 338   42.13   20.63  -25.1   53.2    0.32
  338 UBAR          -2 124 335 337 343 337   54.81   26.48  -34.6   70.0    0.32
  339 DQRK           1 124 335 335 345 335   59.17   26.06  -33.1   72.6    0.32
  340 UBAR          -2 160 336 349 351 349   10.07    4.72   -6.0   12.6    0.32

                              ---PARTON SHOWERS---    

 IHEP    ID      IDPDG IST MO1 MO2 DA1 DA2   P-X     P-Y     P-Z  ENERGY    MASS
  341 UQRK          94 143 337 335 342 342   42.13   20.63  -25.1   53.2    0.32
  342 UQRK           2   2 341 344 347 344   42.13   20.63  -25.1   53.2    0.32
  343 UBAR          94 144 338 335 344 344   54.81   26.48  -34.6   70.0    0.32
  344 UBAR          -2   2 343 347 348 347   54.81   26.48  -34.6   70.0    0.32
  345 DQRK          94 144 339 335 346 346   59.17   26.06  -33.1   72.6    0.32
  346 DQRK           1   2 345 340 349 340   59.17   26.06  -33.1   72.6    0.32

                              ---GLUON SPLITTING---   

 IHEP    ID      IDPDG IST MO1 MO2 DA1 DA2   P-X     P-Y     P-Z  ENERGY    MASS
  347 UQRK           2 158 341 348 350 348   42.13   20.63  -25.1   53.2    0.32
  348 UBAR          -2 158 343 347 350 347   54.81   26.48  -34.6   70.0    0.32
  349 DQRK           1 158 345 340 351 340   59.17   26.06  -33.1   72.6    0.32

                             ---CLUSTER FORMATION---  

 IHEP    ID      IDPDG IST MO1 MO2 DA1 DA2   P-X     P-Y     P-Z  ENERGY    MASS
  350 CLUS          91 183 347 348 352 353   96.94   47.11  -59.7  123.2    1.73
  351 CLUS          91 183 349 340 354 355   69.24   30.79  -39.0   85.3    1.27

                              ---CLUSTER DECAYS---    

 IHEP    ID      IDPDG IST MO1 MO2 DA1 DA2   P-X     P-Y     P-Z  ENERGY    MASS
  352 OMEGA        223 197 350 341 356 358   45.74   22.30  -27.7   58.0    0.78
  353 RHO0         113 197 350 341 359 360   51.20   24.81  -31.9   65.2    0.77
  354 RHO-        -213 197 351 345 361 362   64.24   28.39  -36.0   78.9    0.77
  355 PI0          111   1 351 345   0   0    5.00    2.39   -3.0    6.3    0.13

                           ---STRONG HADRON DECAYS--- 

 IHEP    ID      IDPDG IST MO1 MO2 DA1 DA2   P-X     P-Y     P-Z  ENERGY    MASS
  356 PI+          211   1 352 341   0   0   16.09    7.67   -9.9   20.4    0.14
  357 PI-         -211   1 352 341   0   0    5.27    2.54   -3.1    6.6    0.14
  358 PI0          111   1 352 341   0   0   24.37   12.10  -14.8   31.0    0.13
  359 PI+          211   1 353 341   0   0   12.25    5.99   -8.0   15.8    0.14
  360 PI-         -211   1 353 341   0   0   38.95   18.82  -23.9   49.4    0.14
  361 PI-         -211   1 354 345   0   0    5.10    2.11   -2.8    6.2    0.14
  362 PI0          111   1 354 345   0   0   59.14   26.29  -33.3   72.8    0.13



 EVENT       2: 6500.00 GEV/C P        ON  6500.00 GEV/C P        PROCESS:-18000
 SEEDS:   522683663 &  1149000641   STATUS:  100 ERROR:   0  WEIGHT:  1.8435E-05


                               ---INITIAL STATE---    

 IHEP    ID      IDPDG IST MO1 MO2 DA1 DA2   P-X     P-Y     P-Z  ENERGY    MASS
    1 P           2212 101   0   0   0   0    0.00    0.00 6500.0 6500.0    0.94
    2 P           2212 102   0   0   0   0    0.00    0.00-6500.0 6500.0    0.94
    3 CMF            0 103   1   2   0   0    0.00    0.00    0.013000.013000.00

                              ---HARD SUBPROCESS---   

 IHEP    ID      IDPDG IST MO1 MO2 DA1 DA2   P-X     P-Y     P-Z  ENERGY    MASS
    4 DQRK           1 121   6   8  11   9    0.00    0.00 2514.6 2514.6    0.32
    5 UQRK           2 122   6   9  13  10   -0.00   -0.00-3148.5 3148.5    0.32
    6 HARD           0 120   4   5   7  10   -2.06   -0.80 -633.9 5663.0 5627.46
    7 HIGGS         25 123   6   7  17   7  142.05  455.55-1447.7 1529.4  125.00
    8 DQRK           1 124   6  10  18   4   59.40  -56.08 -159.9  179.5    0.32
    9 UQRK           2 124   6   4  26   5  -47.12   13.95 2431.0 2431.5    0.32
   10 GLUON         21 124   6   5  30   8 -154.34 -413.41-1457.3 1522.6    0.75

                              ---PARTON SHOWERS---    

 IHEP    ID      IDPDG IST MO1 MO2 DA1 DA2   P-X     P-Y     P-Z  ENERGY    MASS
   11 DQRK          94 141   4   6  12  12    0.00    0.00 2514.6 2514.6    0.53
   12 UU          2203   2  11  20  38  29    0.00    0.00 3985.4 3985.4    0.32
   13 UQRK          94 142   5   6  15  16   -2.06   -0.80-3148.5 3148.4  -16.49
   14 CONE           0 100   5  10   0   0   -0.35   -0.94   -3.4    3.5    0.00
   15 GLUON         21   2  13  16  39  40    2.06    0.80  -64.0   64.0    0.75
   16 UD          2101   2  13  28  41  40    0.00    0.00-3287.6 3287.6    0.32
   17 HIGGS         25 195   7   6 163 164  141.46  455.21-1447.3 1528.9  125.00
   18 DQRK          94 144   8   6  20  25   59.32  -56.09 -159.9  180.2   15.35
   19 CONE           0 100   8  10   0   0   -0.90   -0.01   -0.4    1.0    0.00
   20 DQRK           1   2  18  21  42  38   16.76  -21.27  -58.7   64.6    0.32
   21 GLUON         21   2  18  22  43  44   10.94   -9.66  -26.4   30.2    0.75
   22 GLUON         21   2  18  23  45  46   21.39  -18.88  -47.5   55.4    0.75
   23 GLUON         21   2  18  24  47  48    2.78   -1.24   -8.2    8.8    0.75
   24 SBAR          -3   2  18  25  49  48    5.00   -2.69  -12.4   13.7    0.50
   25 SQRK           3   2  18  32  50  49    2.45   -2.34   -6.7    7.5    0.50
   26 UQRK          94 144   9   6  28  29  -47.99   13.60 2430.3 2430.9   11.89
   27 CONE           0 100   9   4   0   0    0.26   -0.07   35.4   35.4    0.00
   28 UQRK           2   2  26  29  51  41  -47.25   12.68 2233.0 2233.6    0.32
   29 GLUON         21   2  26  38  52  53   -0.74    0.92  197.3  197.3    0.75
   30 GLUON         94 144  10   6  32  37 -154.85 -413.52-1457.0 1523.1   44.83
   31 CONE           0 100  10   8   0   0    0.50   -1.44   -4.6    4.8    0.00
   32 GLUON         21   2  30  33  54  55   -0.52   -7.52  -25.1   26.2    0.75
   33 GLUON         21   2  30  34  56  57  -33.42 -103.45 -366.7  382.5    0.75
   34 DBAR          -1   2  30  35  58  57  -74.13 -203.58 -728.7  760.3    0.32
   35 DQRK           1   2  30  36  59  58  -31.71  -71.02 -227.2  240.1    0.32
   36 GLUON         21   2  30  37  60  61   -2.79  -12.09  -43.9   45.6    0.75
   37 GLUON         21   2  30  39  62  63  -12.26  -15.86  -65.3   68.4    0.75

                              ---GLUON SPLITTING---   

 IHEP    ID      IDPDG IST MO1 MO2 DA1 DA2   P-X     P-Y     P-Z  ENERGY    MASS
   38 UU          2203 161  11  42 102  67   -0.01    0.01 2351.1 2351.1    0.64
   39 UBAR          -2 158  13  40 112  87    0.95    0.32  -29.6   29.6    0.32
   40 UQRK           2 158  13  70  88  39    0.33    0.18  -14.0   14.0    0.32
   41 UD          2101 162  13  51 101  65    0.00    0.00-1685.2 1685.2    0.64
   42 DQRK           1 158  18  43  89  38   16.76  -21.27  -58.7   64.6    0.32
   43 DBAR          -1 158  18  44  89  42    2.75   -2.51   -6.8    7.8    0.32
   44 DQRK           1 158  18  45  90  43    8.19   -7.16  -19.6   22.4    0.32
   45 UBAR          -2 158  18  46  90  44   10.84   -9.31  -23.8   27.8    0.32
   46 UQRK           2 158  18  47  91  45   10.55   -9.57  -23.7   27.6    0.32
   47 DBAR          -1 158  18  48  91  46    1.87   -0.97   -5.7    6.1    0.32
   48 DQRK           1 158  18  49  92  47    0.92   -0.27   -2.5    2.7    0.32
   49 SBAR          -3 158  18  50  92  48    5.00   -2.69  -12.4   13.7    0.50
   50 SQRK           3 158  18  72  93  49    1.98   -1.93   -5.5    6.2    0.50
   51 UQRK           2 158  26  76  94  41  -34.73    9.32 1641.2 1641.6    0.32
   52 DBAR          -1 158  26  53 106  75   -0.28    0.26   81.8   81.8    0.32
   53 DQRK           1 158  26  66  95  52   -0.36    0.52   81.4   81.4    0.32
   54 DBAR          -1 158  30  55 105  73   -0.12   -3.75  -12.2   12.8    0.32
   55 DQRK           1 158  30  56  96  54   -0.36   -2.98  -10.3   10.8    0.32
   56 UBAR          -2 158  30  57  96  55  -23.64  -73.25 -260.0  271.2    0.32
   57 UQRK           2 158  30  58  97  56   -9.78  -30.20 -106.7  111.3    0.32
   58 DBAR          -1 158  30  59  97  57  -74.13 -203.58 -728.7  760.3    0.32
   59 DQRK           1 158  30  80  98  58   -8.26  -18.51  -59.3   62.6    0.32
   60 UBAR          -2 158  30  61 108  79   -0.70   -2.64   -9.7   10.1    0.32
   61 UQRK           2 158  30  62  99  60   -1.49   -6.46  -22.7   23.7    0.32
   62 UBAR          -2 158  30  63  99  61   -3.56   -4.75  -19.1   20.0    0.32
   63 UQRK           2 158  30  82 100  62   -4.26   -5.44  -22.7   23.7    0.32
   64 UBAR          -2 159  13  65 103  69    0.00    0.00 -581.2  581.2    0.32
   65 UQRK           2 159  13  41 101  64    0.02    0.01 -117.4  117.4    0.32
   66 UBAR          -2 159  11  67  95  53   -0.00    0.01 1428.1 1428.1    0.32
   67 UQRK           2 159  26  38 102  66   -0.03    0.04  211.9  211.9    0.32
   68 DBAR          -1 159  13  69 104  71    0.00    0.00 -702.4  702.4    0.32
   69 DQRK           1 159  13  64 103  68    0.06    0.03  -34.0   34.0    0.32
   70 SBAR          -3 159  13  71  88  40    0.07    0.04  -66.8   66.8    0.50
   71 SQRK           3 159  13  68 104  70    0.05    0.02 -103.3  103.3    0.50
   72 UBAR          -2 159  30  73  93  50    0.13   -0.66   -2.1    2.2    0.32
   73 UQRK           2 159  18  54 105  72    0.30   -0.54   -1.6    1.8    0.32
   74 SBAR          -3 159  26  75 107  77   -1.57    0.44   82.8   82.8    0.50
   75 SQRK           3 159  26  52 106  74   -3.22    0.88  156.4  156.4    0.50
   76 DBAR          -1 159  26  77  94  51   -0.48    0.16   34.8   34.8    0.32
   77 DQRK           1 159  26  74 107  76   -7.31    1.96  346.2  346.3    0.32
   78 DBAR          -1 159  30  79 109  81   -0.74   -2.88  -10.6   11.0    0.32
   79 DQRK           1 159  30  60 108  78   -0.95   -2.40   -8.0    8.4    0.32
   80 SBAR          -3 159  30  81  98  59   -7.34  -16.52  -52.9   55.9    0.50
   81 SQRK           3 159  30  78 109  80  -15.04  -33.71 -107.9  114.0    0.50
   82 DBAR          -1 159  13  83 100  63   -0.01   -0.08   -2.6    2.6    0.32
   83 DQRK           1 159  30  84 110  82   -3.11   -3.97  -16.6   17.3    0.32
   84 SBAR          -3 159  13  85 110  83   -0.09   -0.19   -3.4    3.5    0.50
   85 SQRK           3 159  30  86 111  84   -0.91   -1.17   -5.4    5.6    0.50
   86 DBAR          -1 159  13  87 111  85   -0.10   -0.16   -2.0    2.0    0.32
   87 DQRK           1 159  30  39 112  86    0.35    0.10  -11.3   11.3    0.32

                             ---CLUSTER FORMATION---  

 IHEP    ID      IDPDG IST MO1 MO2 DA1 DA2   P-X     P-Y     P-Z  ENERGY    MASS
   88 CLUS          91 183  40  70 113 114    0.40    0.22  -80.8   80.8    1.23
   89 CLUS          91 183  42  43 115 116   19.50  -23.78  -65.5   72.4    2.46
   90 CLUS          91 183  44  45 117 118   19.03  -16.46  -43.4   50.2    1.06
   91 CLUS          91 183  46  47 119 120   12.42  -10.54  -29.4   33.8    2.97
   92 CLUS          91 183  48  49 121 122    5.91   -2.96  -14.9   16.3    1.13
   93 CLUS          91 183  50  72 123 124    2.12   -2.59   -7.6    8.4    1.30
   94 CLUS          91 183  51  76 125 126  -35.20    9.48 1675.9 1676.3    2.88
   95 CLUS          91 183  53  66 127 128   -0.36    0.53 1509.6 1509.6    3.01
   96 CLUS          91 183  55  56 129 130  -24.00  -76.23 -270.4  282.0    3.36
   97 CLUS          91 183  57  58 131 132  -83.92 -233.78 -835.4  871.5    3.13
   98 CLUS          91 183  59  80 133 134  -15.60  -35.03 -112.2  118.6    0.85
   99 CLUS          91 183  61  62 135 136   -5.04  -11.21  -41.8   43.7    2.70
  100 CLUS          91 183  63  82 137 138   -4.28   -5.52  -25.2   26.3    2.34
  101 CLUS          91 185  65  41 139 140    0.02    0.01-1802.6 1802.6    1.42
  102 CLUS          91 184  67  38 141 142   -0.04    0.06 2563.1 2563.1    1.31
  103 CLUS          91 183  69  64 143 144    0.06    0.03 -615.2  615.2    1.43
  104 CLUS          91 183  71  68 145 146    0.05    0.03 -805.7  805.7    1.44
  105 CLUS          91 183  73  54 147 148    0.18   -4.29  -13.9   14.6    1.31
  106 CLUS          91 183  75  52 149 150   -3.50    1.13  238.2  238.2    2.13
  107 CLUS          91 183  77  74 151 152   -8.88    2.41  429.0  429.1    1.25
  108 CLUS          91 183  79  60 153 154   -1.65   -5.04  -17.7   18.5    0.80
  109 CLUS          91 183  81  78 155 156  -15.77  -36.59 -118.5  125.1    2.94
  110 CLUS          91 183  83  84 157 158   -3.20   -4.16  -20.0   20.8    2.23
  111 CLUS          91 183  85  86 159 160   -1.01   -1.33   -7.4    7.6    1.03
  112 CLUS          91 183  87  39 161 162    1.30    0.42  -40.9   40.9    0.72

                              ---CLUSTER DECAYS---    

 IHEP    ID      IDPDG IST MO1 MO2 DA1 DA2   P-X     P-Y     P-Z  ENERGY    MASS
  113 PI+          211   1  88  13   0   0    0.22   -0.07  -32.4   32.4    0.14
  114 K*0          313 197  88  13 258 259    0.18    0.28  -48.4   48.4    0.90
  115 N           2112   1  89  18   0   0   14.44  -18.17  -50.1   55.2    0.94
  116 NBAR       -2112   1  89  18   0   0    5.06   -5.61  -15.4   17.2    0.94
  117 RHO0         113 197  90  18 260 261   16.65  -14.43  -37.7   43.6    0.77
  118 PI-         -211   1  90  18   0   0    2.38   -2.03   -5.8    6.6    0.14
  119 DELTA++     2224 197  91  18 262 263    6.14   -4.14  -13.3   15.3    1.23
  120 DELTABR-   -2214 197  91  18 264 265    6.28   -6.40  -16.1   18.5    1.23
  121 PI-         -211   1  92  18   0   0    0.47   -0.02   -1.4    1.5    0.14
  122 K+           321   1  92  18   0   0    5.44   -2.94  -13.5   14.9    0.49
  123 K*BAR0      -313 197  93  18 266 267    2.08   -2.23   -6.4    7.2    0.90
  124 PI-         -211   1  93  18   0   0    0.04   -0.36   -1.2    1.2    0.14
  125 DELTA+      2214 197  94  26 268 269  -26.70    7.17 1264.7 1265.0    1.23
  126 DELTABR0   -2114 197  94  26 270 271   -8.50    2.31  411.2  411.3    1.23
  127 P           2212   1  95  26   0   0    0.24    1.11  953.1  953.1    0.94
  128 DLTABR--   -2224 197  95  26 272 273   -0.60   -0.58  556.5  556.5    1.23
  129 RHO-        -213 197  96  30 274 275  -17.99  -57.12 -205.5  214.0    0.77
  130 F_2          225 197  96  30 276 277   -6.01  -19.12  -64.9   67.9    1.27
  131 DELTA++     2224 197  97  30 278 279  -21.71  -62.34 -222.0  231.6    1.23
  132 DELTABR-   -2214 197  97  30 280 281  -62.20 -171.44 -613.4  640.0    1.23
  133 PI-         -211   1  98  30   0   0  -10.10  -22.62  -72.4   76.5    0.14
  134 K+           321   1  98  30   0   0   -5.50  -12.41  -39.8   42.1    0.49
  135 DELTA+      2214 197  99  30 282 283   -3.95   -7.31  -29.3   30.5    1.23
  136 PBAR       -2212   1  99  30   0   0   -1.09   -3.90  -12.5   13.2    0.94
  137 DELTA++     2224 197 100  30 284 285   -1.78   -2.01  -10.6   11.0    1.23
  138 PBAR       -2212   1 100  30   0   0   -2.50   -3.50  -14.7   15.3    0.94
  139 PI+          211   1 101  13   0   0   -0.12    0.23 -870.4  870.4    0.14
  140 N           2112   1 101  13   0   0    0.14   -0.22 -932.2  932.2    0.94
  141 PI+          211   1 102  26   0   0    0.01    0.16 1142.9 1142.9    0.14
  142 P           2212   1 102  26   0   0   -0.05   -0.11 1420.2 1420.2    0.94
  143 PI-         -211   1 103  13   0   0   -0.17   -0.04 -404.6  404.6    0.14
  144 OMEGA        223 197 103  13 286 288    0.24    0.07 -210.6  210.6    0.78
  145 K-          -321   1 104  13   0   0   -0.23    0.12 -444.3  444.3    0.49
  146 RHO+         213 197 104  13 289 290    0.28   -0.09 -361.4  361.4    0.77
  147 PI0          111   1 105  18   0   0    0.12   -1.26   -6.2    6.4    0.13
  148 PI+          211   1 105  18   0   0    0.06   -3.03   -7.6    8.2    0.14
  149 PHI          333 197 106  26 291 292   -1.58    1.20  111.2  111.2    1.02
  150 KBAR0       -311 197 106  26 293 293   -1.93   -0.07  127.0  127.0    0.50
  151 PI0          111   1 107  26   0   0   -3.60    0.48  159.7  159.8    0.13
  152 K0           311 197 107  26 294 294   -5.28    1.93  269.3  269.4    0.50
  153 PI-         -211   1 108  30   0   0   -1.36   -3.73  -14.1   14.7    0.14
  154 PI0          111   1 108  30   0   0   -0.28   -1.31   -3.6    3.8    0.13
  155 SIGMA+      3222 197 109  30 295 296   -7.51  -16.26  -51.1   54.2    1.19
  156 DELTABR-   -2214 197 109  30 297 298   -8.26  -20.32  -67.4   70.9    1.23
  157 P           2212   1 110  30   0   0   -1.82   -2.48  -10.7   11.2    0.94
  158 SIGMABR-   -3222 197 110  30 299 300   -1.38   -1.68   -9.3    9.7    1.19
  159 K*-         -323 197 111  30 301 302   -0.87   -1.16   -6.4    6.6    0.89
  160 PI+          211   1 111  30   0   0   -0.14   -0.17   -1.0    1.0    0.14
  161 PI-         -211   1 112  30   0   0    0.23    0.35  -15.5   15.5    0.14
  162 PI0          111   1 112  30   0   0    1.06    0.07  -25.4   25.4    0.13

                            ---H/W/Z BOSON DECAYS---  

 IHEP    ID      IDPDG IST MO1 MO2 DA1 DA2   P-X     P-Y     P-Z  ENERGY    MASS
  163 BQRK           5 123  17 164 165 164   -2.09   30.80 -223.1  225.3    4.95
  164 BBAR          -5 124  17 163 173 163  143.55  424.41-1224.2 1303.6    4.95

                              ---PARTON SHOWERS---    

 IHEP    ID      IDPDG IST MO1 MO2 DA1 DA2   P-X     P-Y     P-Z  ENERGY    MASS
  165 BQRK          94 143 163  17 167 172   27.39  113.38 -444.7  462.8   52.90
  166 CONE           0 100 163 164   0   0    0.69    1.51   -2.5    3.0    0.00
  167 BQRK           5   2 165 168 178 177   28.11   46.14 -157.4  166.5    4.95
  168 GLUON         21   2 165 169 179 180    7.57   15.25  -47.4   50.4    0.75
  169 GLUON         21   2 165 170 181 182   -0.57    3.14  -25.9   26.1    0.75
  170 GLUON         21   2 165 171 183 184   -6.78   38.72 -163.7  168.3    0.75
  171 GLUON         21   2 165 172 185 186   -1.70    9.31  -44.2   45.2    0.75
  172 GLUON         21   2 165 175 187 188    0.76    0.81   -6.2    6.3    0.75
  173 BBAR          94 144 164  17 175 177  114.07  341.83-1002.6 1066.1   39.36
  174 CONE           0 100 164 163   0   0    0.17    1.24   -6.3    6.4    0.00
  175 GLUON         21   2 173 176 189 190   11.64   21.96  -65.9   70.5    0.75
  176 GLUON         21   2 173 177 191 192   12.03   13.61  -45.9   49.4    0.75
  177 BBAR          -5   2 173 178 193 192   90.40  306.25 -890.8  946.3    4.95

                              ---GLUON SPLITTING---   

 IHEP    ID      IDPDG IST MO1 MO2 DA1 DA2   P-X     P-Y     P-Z  ENERGY    MASS
  178 BQRK           5 158 165 179 210 193   28.11   46.14 -157.4  166.5    4.95
  179 DBAR          -1 158 165 180 210 178    4.20    8.03  -25.2   26.8    0.32
  180 DQRK           1 158 165 194 211 179    2.97    6.38  -19.7   20.9    0.32
  181 DBAR          -1 158 165 182 218 195   -0.17    0.93   -8.5    8.6    0.32
  182 DQRK           1 158 165 196 212 181   -0.27    1.60  -11.6   11.7    0.32
  183 UBAR          -2 158 165 184 219 197   -3.39   19.74  -83.7   86.1    0.32
  184 UQRK           2 158 165 185 213 183   -2.27   12.41  -52.1   53.6    0.32
  185 DBAR          -1 158 165 186 213 184   -1.09    4.91  -23.5   24.0    0.32
  186 DQRK           1 158 165 187 214 185   -0.61    4.41  -20.7   21.1    0.32
  187 UBAR          -2 158 165 188 214 186    0.53    0.35   -3.9    4.0    0.32
  188 UQRK           2 158 165 189 215 187    0.23    0.46   -2.3    2.4    0.32
  189 UBAR          -2 158 173 190 215 188    2.99    5.75  -17.4   18.6    0.32
  190 UQRK           2 158 173 191 216 189    8.65   16.21  -48.5   51.9    0.32
  191 UBAR          -2 158 173 192 216 190    5.79    6.85  -22.7   24.4    0.32
  192 UQRK           2 158 173 202 217 191    4.03    4.40  -15.1   16.2    0.32
  193 BBAR          -5 158 173 178 220 199   29.83   99.53 -289.9  308.0    4.95
  194 DBAR          -1 159 165 195 211 180   -0.04    0.52   -4.3    4.3    0.32
  195 DQRK           1 159 165 181 218 194    0.32    0.78   -2.8    2.9    0.32
  196 UBAR          -2 159 165 197 212 182   -0.46    2.70  -11.8   12.1    0.32
  197 UQRK           2 159 165 183 219 196   -0.69    4.04  -17.4   17.8    0.32
  198 UBAR          -2 159 173 199 225 209   12.31   41.78 -121.5  129.1    0.32
  199 UQRK           2 159 173 193 220 198    0.70    1.96   -5.8    6.2    0.32
  200 SBAR          -3 159 173 201 224 207   10.42   35.32 -102.7  109.1    0.50
  201 SQRK           3 159 173 204 221 200    1.04    2.83   -8.4    8.9    0.50
  202 UBAR          -2 159 173 203 217 192    1.45    4.76  -13.9   14.8    0.32
  203 UQRK           2 159 173 206 222 202    0.67    1.16   -3.6    3.9    0.32
  204 UBAR          -2 159 173 205 221 201    8.86   30.06  -87.4   92.9    0.32
  205 UQRK           2 159 173 208 223 204    0.63    1.19   -3.7    3.9    0.32
  206 UBAR          -2 159 173 207 222 203    6.40   21.68  -63.1   67.0    0.32
  207 UQRK           2 159 173 200 224 206    1.57    5.20  -15.2   16.1    0.32
  208 UBAR          -2 159 173 209 223 205   18.01   61.10 -177.7  188.8    0.32
  209 UQRK           2 159 173 198 225 208    0.71    2.04   -6.0    6.4    0.32

                             ---CLUSTER FORMATION---  

 IHEP    ID      IDPDG IST MO1 MO2 DA1 DA2   P-X     P-Y     P-Z  ENERGY    MASS
  210 CLUS          91 183 178 179 226 227   32.31   54.18 -182.6  193.3    5.68
  211 CLUS          91 183 180 194 228 229    2.93    6.90  -23.9   25.2    2.45
  212 CLUS          91 183 182 196 230 231   -0.73    4.29  -23.4   23.8    1.23
  213 CLUS          91 183 184 185 232 233   -3.36   17.32  -75.6   77.6    1.23
  214 CLUS          91 183 186 187 234 235   -0.07    4.75  -24.5   25.1    2.06
  215 CLUS          91 183 188 189 236 237    3.22    6.21  -19.7   20.9    1.35
  216 CLUS          91 183 190 191 238 239   14.44   23.06  -71.3   76.3    2.85
  217 CLUS          91 183 192 202 240 241    5.48    9.16  -29.0   31.0    2.55
  218 CLUS          91 183 195 181 242 243    0.15    1.71  -11.3   11.5    1.27
  219 CLUS          91 183 197 183 244 245   -4.08   23.77 -101.1  103.9    0.86
  220 CLUS          91 183 199 193 246 247   30.53  101.49 -295.7  314.1    5.55
  221 CLUS          91 183 201 204 248 249    9.90   32.89  -95.8  101.8    1.83
  222 CLUS          91 183 203 206 250 251    7.07   22.84  -66.7   70.9    1.92
  223 CLUS          91 183 205 208 252 253   18.64   62.29 -181.4  192.7    2.95
  224 CLUS          91 183 207 200 254 255   11.99   40.52 -117.9  125.2    1.04
  225 CLUS          91 183 209 198 256 257   13.03   43.82 -127.5  135.5    1.58

                              ---CLUSTER DECAYS---    

 IHEP    ID      IDPDG IST MO1 MO2 DA1 DA2   P-X     P-Y     P-Z  ENERGY    MASS
  226 B*BAR0      -513 197 210 165 303 304   30.21   50.12 -169.9  179.8    5.32
  227 PI0          111   1 210 165   0   0    2.11    4.05  -12.7   13.5    0.13
  228 N           2112   1 211 165   0   0    1.68    2.23   -9.8   10.2    0.94
  229 NBAR       -2112   1 211 165   0   0    1.26    4.67  -14.1   15.0    0.94
  230 RHO0         113 197 212 165 305 306   -0.20    3.19  -17.4   17.8    0.77
  231 PI-         -211   1 212 165   0   0   -0.53    1.10   -5.9    6.0    0.14
  232 PI+          211   1 213 165   0   0   -2.54   14.96  -64.0   65.7    0.14
  233 PI0          111   1 213 165   0   0   -0.82    2.37  -11.6   11.9    0.13
  234 RHO-        -213 197 214 165 307 308   -0.30    3.44  -19.1   19.5    0.77
  235 OMEGA        223 197 214 165 309 311    0.23    1.31   -5.4    5.6    0.78
  236 PI0          111   1 215 165   0   0    0.67    1.12   -3.7    3.9    0.13
  237 HL_10      10223 197 215 165 312 313    2.55    5.10  -16.0   17.0    1.17
  238 N           2112   1 216 173   0   0    2.41    3.18  -10.3   11.1    0.94
  239 NBAR       -2112   1 216 173   0   0   12.04   19.88  -60.9   65.2    0.94
  240 DELTA+      2214 197 217 173 314 315    3.33    5.77  -17.9   19.2    1.23
  241 DELTABR-   -2214 197 217 173 316 317    2.15    3.40  -11.0   11.8    1.23
  242 RHO-        -213 197 218 165 318 319   -0.01    1.27  -10.1   10.2    0.77
  243 PI+          211   1 218 165   0   0    0.16    0.44   -1.3    1.4    0.14
  244 PI+          211   1 219 165   0   0   -1.56    7.68  -34.1   35.0    0.14
  245 PI-         -211   1 219 165   0   0   -2.52   16.10  -67.0   69.0    0.14
  246 PI+          211   1 220 173   0   0    0.33    0.99   -2.9    3.1    0.14
  247 B*0          513 197 220 173 320 321   30.19  100.51 -292.8  311.1    5.32
  248 KBAR0       -311 197 221 173 322 322    4.57   15.22  -44.3   47.1    0.50
  249 A_1-      -20213 197 221 173 323 324    5.33   17.68  -51.5   54.7    1.23
  250 K*+          323 197 222 173 325 326    3.74   10.89  -32.1   34.1    0.89
  251 K*-         -323 197 222 173 327 328    3.33   11.95  -34.6   36.8    0.89
  252 SIGMA+      3222 197 223 173 329 330   12.44   39.12 -115.4  122.5    1.19
  253 SIGMABR-   -3222 197 223 173 331 332    6.20   23.17  -66.0   70.2    1.19
  254 PI+          211   1 224 173   0   0    5.74   18.62  -55.3   58.6    0.14
  255 K0           311 197 224 173 333 333    6.26   21.90  -62.6   66.6    0.50
  256 PI0          111   1 225 173   0   0    2.93    8.99  -26.3   27.9    0.13
  257 F_2          225 197 225 173 334 335   10.10   34.83 -101.3  107.6    1.27

                           ---STRONG HADRON DECAYS--- 

 IHEP    ID      IDPDG IST MO1 MO2 DA1 DA2   P-X     P-Y     P-Z  ENERGY    MASS
  258 K+           321   1 114  13   0   0   -0.18    0.12  -26.6   26.6    0.49
  259 PI-         -211   1 114  13   0   0    0.36    0.16  -21.8   21.8    0.14
  260 PI+          211   1 117  18   0   0    5.59   -5.28  -13.0   15.1    0.14
  261 PI-         -211   1 117  18   0   0   11.06   -9.15  -24.7   28.6    0.14
  262 P           2212   1 119  18   0   0    4.56   -3.28   -9.8   11.3    0.94
  263 PI+          211   1 119  18   0   0    1.58   -0.86   -3.5    3.9    0.14
  264 NBAR       -2112   1 120  18   0   0    5.15   -5.41  -13.0   15.0    0.94
  265 PI-         -211   1 120  18   0   0    1.13   -0.99   -3.1    3.4    0.14
  266 K-          -321   1 123  18   0   0    1.75   -1.90   -4.8    5.5    0.49
  267 PI+          211   1 123  18   0   0    0.33   -0.33   -1.6    1.7    0.14
  268 N           2112   1 125  26   0   0  -21.06    5.89 1000.7 1000.9    0.94
  269 PI+          211   1 125  26   0   0   -5.64    1.28  264.0  264.1    0.14
  270 PBAR       -2212   1 126  26   0   0   -7.11    2.01  354.0  354.1    0.94
  271 PI+          211   1 126  26   0   0   -1.39    0.30   57.2   57.2    0.14
  272 PBAR       -2212   1 128  26   0   0   -0.46   -0.46  519.4  519.4    0.94
  273 PI-         -211   1 128  26   0   0   -0.14   -0.13   37.1   37.1    0.14
  274 PI-         -211   1 129  30   0   0  -10.61  -33.34 -118.9  123.9    0.14
  275 PI0          111   1 129  30   0   0   -7.38  -23.77  -86.6   90.1    0.13
  276 PI+          211   1 130  30   0   0   -4.37  -12.41  -43.8   45.8    0.14
  277 PI-         -211   1 130  30   0   0   -1.64   -6.71  -21.0   22.2    0.14
  278 P           2212   1 131  30   0   0  -17.14  -49.88 -177.2  184.9    0.94
  279 PI+          211   1 131  30   0   0   -4.57  -12.45  -44.8   46.7    0.14
  280 NBAR       -2112   1 132  30   0   0  -39.40 -108.42 -387.6  404.4    0.94
  281 PI-         -211   1 132  30   0   0  -22.80  -63.02 -225.8  235.5    0.14
  282 N           2112   1 135  30   0   0   -3.79   -6.88  -27.9   29.0    0.94
  283 PI+          211   1 135  30   0   0   -0.17   -0.43   -1.4    1.4    0.14
  284 P           2212   1 137  30   0   0   -1.55   -1.71   -8.2    8.5    0.94
  285 PI+          211   1 137  30   0   0   -0.23   -0.30   -2.4    2.4    0.14
  286 PI+          211   1 144  13   0   0    0.14   -0.08 -171.6  171.6    0.14
  287 PI-         -211   1 144  13   0   0    0.04    0.06  -23.4   23.4    0.14
  288 PI0          111   1 144  13   0   0    0.06    0.08  -15.6   15.6    0.13
  289 PI+          211   1 146  13   0   0   -0.23    0.05 -128.5  128.5    0.14
  290 PI0          111   1 146  13   0   0    0.51   -0.15 -232.9  232.9    0.13
  291 K+           321   1 149  26   0   0   -0.67    0.49   43.5   43.5    0.49
  292 K-          -321   1 149  26   0   0   -0.90    0.71   67.7   67.7    0.49
  293 K_L0         130   1 150  26   0   0   -1.93   -0.07  127.0  127.0    0.50
  294 K_S0         310 198 152  26 336 337   -5.28    1.93  269.3  269.4    0.50
  295 P           2212   1 155  30   0   0   -5.05  -10.94  -34.1   36.2    0.94
  296 PI0          111   1 155  30   0   0   -2.46   -5.33  -17.0   18.0    0.13
  297 PBAR       -2212   1 156  30   0   0   -6.81  -16.22  -54.3   57.1    0.94
  298 PI0          111   1 156  30   0   0   -1.46   -4.11  -13.0   13.7    0.13
  299 NBAR       -2112   1 158  30   0   0   -0.97   -1.36   -6.7    7.0    0.94
  300 PI-         -211   1 158  30   0   0   -0.41   -0.32   -2.6    2.7    0.14
  301 KBAR0       -311 198 159  30 338 338   -0.20   -0.57   -2.5    2.6    0.50
  302 PI-         -211   1 159  30   0   0   -0.67   -0.59   -3.9    4.0    0.14
  303 B_DBAR0     -511 200 226 165 339 339   29.91   49.65 -168.4  178.2    5.28
  304 GAMMA         22   1 226 165   0   0    0.30    0.48   -1.5    1.6    0.00
  305 PI+          211   1 230 165   0   0    0.05    2.33  -11.1   11.4    0.14
  306 PI-         -211   1 230 165   0   0   -0.25    0.86   -6.3    6.4    0.14
  307 PI-         -211   1 234 165   0   0   -0.27    0.82   -3.6    3.7    0.14
  308 PI0          111   1 234 165   0   0   -0.03    2.62  -15.5   15.7    0.13
  309 PI+          211   1 235 165   0   0    0.11    0.45   -1.8    1.9    0.14
  310 PI-         -211   1 235 165   0   0    0.30    0.29   -1.3    1.4    0.14
  311 PI0          111   1 235 165   0   0   -0.18    0.58   -2.2    2.3    0.13
  312 RHO+         213 198 237 165 340 341    2.42    4.93  -15.5   16.5    0.77
  313 PI-         -211   1 237 165   0   0    0.13    0.17   -0.5    0.5    0.14
  314 P           2212   1 240 173   0   0    3.23    5.43  -17.1   18.3    0.94
  315 PI0          111   1 240 173   0   0    0.10    0.34   -0.8    0.9    0.13
  316 PBAR       -2212   1 241 173   0   0    2.01    2.82   -9.7   10.3    0.94
  317 PI0          111   1 241 173   0   0    0.14    0.58   -1.4    1.5    0.13
  318 PI-         -211   1 242 165   0   0   -0.24    1.15   -8.4    8.5    0.14
  319 PI0          111   1 242 165   0   0    0.23    0.11   -1.7    1.7    0.13
  320 B_D0         511 200 247 173 342 342   30.03  100.11 -291.6  309.8    5.28
  321 GAMMA         22   1 247 173   0   0    0.16    0.40   -1.2    1.3    0.00
  322 K_S0         310 198 248 173 343 344    4.57   15.22  -44.3   47.1    0.50
  323 RHO0         113 198 249 173 345 346    3.09   10.78  -30.4   32.4    0.77
  324 PI-         -211   1 249 173   0   0    2.23    6.90  -21.1   22.3    0.14
  325 K0           311 198 250 173 347 347    3.04    8.10  -24.4   25.9    0.50
  326 PI+          211   1 250 173   0   0    0.70    2.80   -7.7    8.2    0.14
  327 KBAR0       -311 198 251 173 348 348    2.06    6.47  -18.6   19.8    0.50
  328 PI-         -211   1 251 173   0   0    1.27    5.48  -16.0   16.9    0.14
  329 N           2112   1 252 173   0   0    9.69   30.70  -90.0   95.6    0.94
  330 PI+          211   1 252 173   0   0    2.76    8.42  -25.4   26.9    0.14
  331 PBAR       -2212   1 253 173   0   0    5.57   20.24  -57.9   61.6    0.94
  332 PI0          111   1 253 173   0   0    0.63    2.94   -8.0    8.6    0.13
  333 K_S0         310 198 255 173 349 350    6.26   21.90  -62.6   66.6    0.50
  334 PI+          211   1 257 173   0   0    5.00   15.80  -44.9   47.8    0.14
  335 PI-         -211   1 257 173   0   0    5.10   19.03  -56.4   59.7    0.14
  336 PI0          111   1 294  26   0   0   -3.61    1.11  179.9  180.0    0.13
  337 PI0          111   1 294  26   0   0   -1.68    0.82   89.4   89.4    0.13
  338 K_S0         310 198 301  30 351 352   -0.20   -0.57   -2.5    2.6    0.50
  339 B_DBAR0     -511 199 303 165 357 358   29.91   49.65 -168.4  178.2    5.28
  340 PI+          211   1 312 165   0   0    0.04    0.39   -1.3    1.4    0.14
  341 PI0          111   1 312 165   0   0    2.38    4.53  -14.3   15.1    0.13
  342 B_D0         511 199 320 173 385 386   30.03  100.11 -291.6  309.8    5.28
  343 PI0          111   1 322 173   0   0    3.18   11.00  -32.3   34.3    0.13
  344 PI0          111   1 322 173   0   0    1.39    4.21  -12.0   12.8    0.13
  345 PI+          211   1 323 173   0   0    0.27    1.54   -3.8    4.1    0.14
  346 PI-         -211   1 323 173   0   0    2.83    9.24  -26.6   28.3    0.14
  347 K_S0         310 198 325 173 353 354    3.04    8.10  -24.4   25.9    0.50
  348 K_S0         310 198 327 173 355 356    2.06    6.47  -18.6   19.8    0.50
  349 PI0          111   1 333 173   0   0    1.67    6.52  -18.5   19.7    0.13
  350 PI0          111   1 333 173   0   0    4.58   15.38  -44.1   46.9    0.13
  351 PI+          211   1 338  30   0   0    0.05   -0.24   -0.5    0.6    0.14
  352 PI-         -211   1 338  30   0   0   -0.25   -0.32   -2.0    2.0    0.14
  353 PI+          211   1 347 173   0   0    1.41    4.33  -12.9   13.7    0.14
  354 PI-         -211   1 347 173   0   0    1.63    3.76  -11.5   12.2    0.14
  355 PI+          211   1 348 173   0   0    0.38    1.40   -4.4    4.6    0.14
  356 PI-         -211   1 348 173   0   0    1.68    5.07  -14.2   15.2    0.14

                           ---HEAVY PARTICLE DECAYS---

 IHEP    ID      IDPDG IST MO1 MO2 DA1 DA2   P-X     P-Y     P-Z  ENERGY    MASS
  357 BQRK           5 155 339 358 359 361   28.09   46.64 -158.2  167.4    4.96
  358 DBAR          -1 125 339 361 362 361    1.81    3.01  -10.2   10.8    0.32
  359 SQRK           3 123 357 360 363 360    4.42    8.48  -26.9   28.6    0.50
  360 CBAR          -4 124 357 359 365 359    4.65    8.67  -29.9   31.5    1.55
  361 CQRK           4 124 357 357 367 357   19.02   29.48 -101.4  107.3    1.55
  362 DBAR          -1 160 358 371 373 371    1.81    3.01  -10.2   10.8    0.32

                              ---PARTON SHOWERS---    

 IHEP    ID      IDPDG IST MO1 MO2 DA1 DA2   P-X     P-Y     P-Z  ENERGY    MASS
  363 SQRK          94 143 359 357 364 364    4.42    8.48  -26.9   28.6    0.50
  364 SQRK           3   2 363 366 369 366    4.42    8.48  -26.9   28.6    0.50
  365 CBAR          94 144 360 357 366 366    4.65    8.67  -29.9   31.5    1.55
  366 CBAR          -4   2 365 369 370 369    4.65    8.67  -29.9   31.5    1.55
  367 CQRK          94 144 361 357 368 368   19.02   29.48 -101.4  107.3    1.55
  368 CQRK           4   2 367 362 371 362   19.02   29.48 -101.4  107.3    1.55

                              ---GLUON SPLITTING---   

 IHEP    ID      IDPDG IST MO1 MO2 DA1 DA2   P-X     P-Y     P-Z  ENERGY    MASS
  369 SQRK           3 158 363 370 372 370    4.42    8.48  -26.9   28.6    0.50
  370 CBAR          -4 158 365 369 372 369    4.65    8.67  -29.9   31.5    1.55
  371 CQRK           4 158 367 362 373 362   19.02   29.48 -101.4  107.3    1.55

                             ---CLUSTER FORMATION---  

 IHEP    ID      IDPDG IST MO1 MO2 DA1 DA2   P-X     P-Y     P-Z  ENERGY    MASS
  372 CLUS          91 183 369 370 374 375    8.97   17.09  -56.5   59.8    2.37
  373 CLUS          91 183 371 362 376 376   20.93   32.56 -111.9  118.4    1.87

                              ---CLUSTER DECAYS---    

 IHEP    ID      IDPDG IST MO1 MO2 DA1 DA2   P-X     P-Y     P-Z  ENERGY    MASS
  374 K-          -321   1 372 363   0   0    2.17    4.14  -13.5   14.3    0.49
  375 DBAR0       -421 197 372 363 377 378    6.80   12.94  -43.0   45.5    1.86
  376 D+           411 196 373 367 379 381   20.93   32.56 -111.9  118.4    1.87

                           ---STRONG HADRON DECAYS--- 

 IHEP    ID      IDPDG IST MO1 MO2 DA1 DA2   P-X     P-Y     P-Z  ENERGY    MASS
  377 K+           321   1 375 363   0   0    1.40    3.33  -12.2   12.7    0.49
  378 RHO-        -213 198 375 363 382 383    5.41    9.61  -30.8   32.8    0.77
  379 KBAR0       -311 198 376 367 384 384    7.30   12.33  -43.1   45.4    0.50
  380 PI+          211   1 376 367   0   0    2.66    3.93  -13.8   14.6    0.14
  381 PI0          111   1 376 367   0   0   10.97   16.30  -55.0   58.4    0.13
  382 PI-         -211   1 378 363   0   0    0.65    0.81   -3.1    3.3    0.14
  383 PI0          111   1 378 363   0   0    4.76    8.80  -27.7   29.5    0.13
  384 K_L0         130   1 379 367   0   0    7.30   12.33  -43.1   45.4    0.50

                           ---HEAVY PARTICLE DECAYS---

 IHEP    ID      IDPDG IST MO1 MO2 DA1 DA2   P-X     P-Y     P-Z  ENERGY    MASS
  385 DQRK           1 125 342 389 390 389    1.82    6.07  -17.7   18.8    0.32
  386 BBAR          -5 155 342 385 387 389   28.21   94.04 -273.9  291.0    4.96
  387 DBAR          -1 123 386 388 391 388    8.00   22.88  -70.2   74.3    0.32
  388 UQRK           2 124 386 387 393 387    5.07   20.96  -61.7   65.4    0.32
  389 CBAR          -4 124 386 386 395 386   15.15   50.20 -142.0  151.4    1.55
  390 DQRK           1 160 385 399 400 399    1.82    6.07  -17.7   18.8    0.32

                              ---PARTON SHOWERS---    

 IHEP    ID      IDPDG IST MO1 MO2 DA1 DA2   P-X     P-Y     P-Z  ENERGY    MASS
  391 DBAR          94 143 387 386 392 392    8.00   22.88  -70.2   74.3    0.32
  392 DBAR          -1   2 391 394 397 394    8.00   22.88  -70.2   74.3    0.32
  393 UQRK          94 144 388 386 394 394    5.07   20.96  -61.7   65.4    0.32
  394 UQRK           2   2 393 397 398 397    5.07   20.96  -61.7   65.4    0.32
  395 CBAR          94 144 389 386 396 396   15.15   50.20 -142.0  151.4    1.55
  396 CBAR          -4   2 395 390 399 390   15.15   50.20 -142.0  151.4    1.55

                              ---GLUON SPLITTING---   

 IHEP    ID      IDPDG IST MO1 MO2 DA1 DA2   P-X     P-Y     P-Z  ENERGY    MASS
  397 DBAR          -1 158 391 398 401 398    8.00   22.88  -70.2   74.3    0.32
  398 UQRK           2 158 393 397 401 397    5.07   20.96  -61.7   65.4    0.32
  399 CBAR          -4 158 395 390 400 390   15.15   50.20 -142.0  151.4    1.55

                             ---CLUSTER FORMATION---  

 IHEP    ID      IDPDG IST MO1 MO2 DA1 DA2   P-X     P-Y     P-Z  ENERGY    MASS
  400 CLUS          91 183 390 399 402 402   16.89   55.98 -158.7  169.1    1.87
  401 CLUS          91 183 398 397 403 404   13.14   44.13 -132.9  140.7    2.36

                              ---CLUSTER DECAYS---    

 IHEP    ID      IDPDG IST MO1 MO2 DA1 DA2   P-X     P-Y     P-Z  ENERGY    MASS
  402 D-          -411 196 400 385 405 407   16.89   55.98 -158.7  169.1    1.87
  403 DELTA++     2224 197 401 393 408 409    6.70   24.11  -72.0   76.3    1.23
  404 PBAR       -2212   1 401 393   0   0    6.44   20.01  -60.9   64.4    0.94

                           ---STRONG HADRON DECAYS--- 

 IHEP    ID      IDPDG IST MO1 MO2 DA1 DA2   P-X     P-Y     P-Z  ENERGY    MASS
  405 K-          -321   1 402 385   0   0    2.10    7.68  -21.8   23.2    0.49
  406 K0           311 198 402 385 410 410    8.36   26.72  -76.0   81.0    0.50
  407 K0           311 198 402 385 411 411    6.42   21.58  -60.8   64.9    0.50
  408 P           2212   1 403 393   0   0    4.56   16.30  -48.2   51.1    0.94
  409 PI+          211   1 403 393   0   0    2.14    7.81  -23.9   25.2    0.14
  410 K_S0         310 198 406 385 412 414    8.36   26.72  -76.0   81.0    0.50
  411 K_S0         310 198 407 385 415 416    6.42   21.58  -60.8   64.9    0.50
  412 PI+          211   1 410 385   0   0    1.55    5.26  -14.8   15.8    0.14
  413 PI-         -211   1 410 385   0   0    6.76   21.25  -60.7   64.7    0.14
  414 GAMMA         22   1 410 385   0   0    0.06    0.21   -0.5    0.6    0.00
  415 PI+          211   1 411 385   0   0    4.84   15.76  -44.8   47.7    0.14
  416 PI-         -211   1 411 385   0   0    1.59    5.83  -16.0   17.1    0.14

 HWWARN CALLED FROM SUBPROGRAM HWDFOR: CODE = 101
 EVENT    1913:   SEEDS = 1929601148 & 1230897796  WEIGHT =-0.1843E-04
 EVENT KILLED.   EXECUTION CONTINUES

 HWWARN CALLED FROM SUBPROGRAM HWBTIM: CODE = 101
 EVENT    3297:   SEEDS = 1040267047 & 1982248845  WEIGHT = 0.1843E-04
 EVENT KILLED.   EXECUTION CONTINUES

 HWWARN CALLED FROM SUBPROGRAM HWDFIV: CODE = 101
 EVENT    3410:   SEEDS =  753538842 &  976649343  WEIGHT = 0.1843E-04
 EVENT KILLED.   EXECUTION CONTINUES

 HWWARN CALLED FROM SUBPROGRAM HWBGEN: CODE = 100
 EVENT    6436:   SEEDS =  921943236 &  696859043  WEIGHT = 0.1843E-04
 EVENT KILLED.   EXECUTION CONTINUES

 HWWARN CALLED FROM SUBPROGRAM HWDFIV: CODE = 101
 EVENT    7305:   SEEDS =  142595537 & 1226533995  WEIGHT = 0.1843E-04
 EVENT KILLED.   EXECUTION CONTINUES

 HWWARN CALLED FROM SUBPROGRAM HWDFIV: CODE = 101
 EVENT    9235:   SEEDS =   91112283 & 1157267187  WEIGHT = 0.1843E-04
 EVENT KILLED.   EXECUTION CONTINUES

          OUTPUT ON LES HOUCHES EVENTS


      PROC CODE  XSECT(pb)        XERR(pb)      Max wgt(nb) No. of events


          OUTPUT ON ELEMENTARY PROCESS

          N.B. NEGATIVE WEIGHTS ALLOWED

          NUMBER OF EVENTS   =        9994
          NEGATIVE  EVENTS   =        2087
          NUMBER OF WEIGHTS  =       10000
          NEGATIVE  WEIGHTS  =        2088
          MEAN VALUE OF WGT  =  1.0736E-05
          RMS SPREAD IN WGT  =  1.4986E-05
          MEAN ABS WEIGHT    =  1.8435E-05
          ACTUAL MAX ABS WGT =  1.0000E+00
          ASSUMED MAXABS WGT =  1.0736E-05

          PROCESS CODE IPROC =      -18000
          CROSS SECTION (PB) =  1.0736E-02
          ERROR IN C-S  (PB) =  1.4986E-04
          EFFICIENCY PERCENT =   100.0    
 # of events processed=        9994
