 Enter filename for events
 Enter maximum number of events to generate
 MUST coincide with the number of events on tape
 Enter 0 to use Herwig default PDFs
       1 to use PDFs from library
 Enter colliding particles (PART1, PART2)
 Enter beam momenta (PBEAM1, PBEAM2)


          HERWIG 6.521  11th Mar. 2013

          Please reference:  G. Marchesini, B.R. Webber,
          G.Abbiendi, I.G.Knowles, M.H.Seymour & L.Stanco
          Computer Physics Communications 67 (1992) 465
                             and
          G.Corcella, I.G.Knowles, G.Marchesini, S.Moretti,
          K.Odagiri, P.Richardson, M.H.Seymour & B.R.Webber,
          JHEP 0101 (2001) 010
 Enter .TRUE. for underlying event, .FALSE. otherwise

 Underlying event WILL NOT be generated

 Enter Lambda_QCD, <0 for Herwig default
 Enter Z mass, width
 Enter W mass, width
 Enter top mass, width
 Enter Higgs (SM) boson mass, width
 Enter quark (d,u,s,c,b) and gluon masses
 Enter lepton (e,mu,tau) masses
 Enter number of events to print
 Enter accepted error fraction
 Is it single-top (.TRUE. or .FALSE)?
 Is it b-bbar (.TRUE. or .FALSE)?
 Enter the two random seeds (0 0 for default)

          INPUT CONDITIONS FOR THIS RUN

          BEAM 1 (P       ) MOM. =   6500.00
          BEAM 2 (P       ) MOM. =   6500.00
          PROCESS CODE (IPROC)   =  -18000
          NUMBER OF FLAVOURS     =    6
          STRUCTURE FUNCTION SET =    8
          AZIM SPIN CORRELATIONS =    T
          AZIM SOFT CORRELATIONS =    T
          QCD LAMBDA (GEV)       =    0.1800
          DOWN     QUARK  MASS   =    0.3200
          UP       QUARK  MASS   =    0.3200
          STRANGE  QUARK  MASS   =    0.5000
          CHARMED  QUARK  MASS   =    1.5500
          BOTTOM   QUARK  MASS   =    4.9500
          TOP      QUARK  MASS   =  173.0000
          GLUON EFFECTIVE MASS   =    0.7500
          EXTRA SHOWER CUTOFF (Q)=    0.4800
          EXTRA SHOWER CUTOFF (G)=    0.1000
          PHOTON SHOWER CUTOFF   =    0.4000
          CLUSTER MASS PARAMETER =    3.3500
          SPACELIKE EVOLN CUTOFF =    2.5000
          INTRINSIC P-TRAN (RMS) =    0.0000
          DECAY SPIN CORRELATIONS=    T
          SUSY THREE BODY ME     =    T
          SUSY FOUR  BODY ME     =    F

          NO EVENTS WILL BE WRITTEN TO DISK

          B_d: Delt-M/Gam =0.7000 Delt-Gam/2*Gam =0.0000
          B_s: Delt-M/Gam = 10.00 Delt-Gam/2*Gam =0.2000

          PDFLIB NOT USED FOR BEAM 1
          PDFLIB NOT USED FOR BEAM 2


          Checking consistency of particle properties


          Checking consistency of decay tables


          WRITING SUDAKOV TABLE ON UNIT  77

          WRITING MATRIX ELEMENT TABLE ON UNIT  88

          CHECKING SUSY DECAY MATRIX ELEMENTS
 Do you want a stable Pi0 (.TRUE. or .FALSE)?
 Do you want a stable W+ (.TRUE. or .FALSE)?
 Do you want a stable W- (.TRUE. or .FALSE)?
 Do you want a stable Z0 (.TRUE. or .FALSE)?
 Do you want a stable Tau+ (.TRUE. or .FALSE)?
 Do you want a stable Tau- (.TRUE. or .FALSE)?
 Do you want a stable Mu+ (.TRUE. or .FALSE)?
 Do you want a stable Mu- (.TRUE. or .FALSE)?
 Do you want a stable Higgs (.TRUE. or .FALSE)?

          PARTICLE TYPE  21=PI0      SET STABLE
 How many decay modes do you want to set?
 How are the events normalized ("average" or "sum")?
 stdhep initialized

          SUBROUTINE TIMEL CALLED BUT NOT LINKED.
          DUMMY TIMEL WILL BE USED. DELETE DUMMY
          AND LINK CERNLIB FOR CPU TIME REMAINING.

 HWWARN CALLED FROM SUBPROGRAM HWSMRS: CODE =   5
 EVENT       1:   SEEDS = 1973774260 & 1099242306  WEIGHT = 0.5907E-03
 EVENT SURVIVES. EXECUTION CONTINUES
 WARNING: MRST98 CALLED WITH Q OUTSIDE ALLOWED RANGE!
 Q VALUE=1.430E+04, MINIMUM=1.118E+00, MAXIMUM=3.162E+03
 NO FURTHER WARNINGS WILL BE ISSUED



 EVENT       1: 6500.00 GEV/C P        ON  6500.00 GEV/C P        PROCESS:-18000
 SEEDS:  1973774260 &  1099242306   STATUS:  100 ERROR:   0  WEIGHT:  5.9066E-04


                               ---INITIAL STATE---    

 IHEP    ID      IDPDG IST MO1 MO2 DA1 DA2   P-X     P-Y     P-Z  ENERGY    MASS
    1 P           2212 101   0   0   0   0    0.00    0.00 6500.0 6500.0    0.94
    2 P           2212 102   0   0   0   0    0.00    0.00-6500.0 6500.0    0.94
    3 CMF            0 103   1   2   0   0    0.00    0.00    0.013000.013000.00

                              ---HARD SUBPROCESS---   

 IHEP    ID      IDPDG IST MO1 MO2 DA1 DA2   P-X     P-Y     P-Z  ENERGY    MASS
    4 DQRK           1 121   6   8  11   9    0.00    0.00  646.4  646.4    0.32
    5 UQRK           2 122   6   9  13  10    0.00    0.00 -548.8  548.8    0.32
    6 HARD           0 120   4   5   7  10    0.00    0.00   97.6 1195.3 1191.28
    7 HIGGS         25 123   6   7  15   7 -127.30 -155.66  -24.5  238.0  125.00
    8 DQRK           1 124   6  10  16   4   50.82  108.23  -29.3  123.1    0.32
    9 UQRK           2 124   6   4  23   5   63.30   43.99  489.6  495.7    0.32
   10 GLUON         21 124   6   5  25   8   13.18    3.44 -338.2  338.5    0.75

                              ---PARTON SHOWERS---    

 IHEP    ID      IDPDG IST MO1 MO2 DA1 DA2   P-X     P-Y     P-Z  ENERGY    MASS
   11 DQRK          94 141   4   6  12  12    0.00    0.00  646.4  646.4    0.28
   12 UU          2203   2  11  18  33  24    0.00    0.00 5853.6 5853.6    0.32
   13 UQRK          94 142   5   6  14  14    0.00    0.00 -548.8  548.8    0.25
   14 UD          2101   2  13  24  34  32    0.00    0.00-5951.2 5951.2    0.32
   15 HIGGS         25 195   7   6 158 159 -126.65 -154.86  -24.4  237.2  125.00
   16 DQRK          94 144   8   6  18  22   50.56  107.67  -28.8  127.5   35.61
   17 CONE           0 100   8  10   0   0   -0.21   -0.52   -0.9    1.1    0.00
   18 DQRK           1   2  16  19  35  33   14.48   44.35  -17.9   50.0    0.32
   19 GLUON         21   2  16  20  36  37    2.40   11.04   -3.7   11.9    0.75
   20 GLUON         21   2  16  21  38  39   34.56   48.37   -3.3   59.5    0.75
   21 GLUON         21   2  16  22  40  41    0.13    2.77   -2.8    4.0    0.75
   22 GLUON         21   2  16  27  42  43   -1.00    1.15   -1.1    2.0    0.75
   23 UQRK          94 144   9   6  24  24   62.97   43.77  487.1  493.1    0.32
   24 UQRK           2   2  23  33  44  34   62.97   43.77  487.1  493.1    0.32
   25 GLUON         94 144  10   6  27  32   13.11    3.42 -336.4  337.5   24.14
   26 CONE           0 100  10   8   0   0    0.44    0.92   -0.7    1.2    0.00
   27 UBAR          -2   2  25  28  45  43   -0.12   -0.21   -0.8    0.9    0.32
   28 UQRK           2   2  25  29  46  45   -1.74    1.14   -5.1    5.6    0.32
   29 GLUON         21   2  25  30  47  48    0.62    0.76   -2.8    3.0    0.75
   30 GLUON         21   2  25  31  49  50    3.82   -0.57  -94.3   94.4    0.75
   31 GLUON         21   2  25  32  51  52    8.52    1.43 -206.2  206.4    0.75
   32 GLUON         21   2  25  34  53  54    2.02    0.87  -27.2   27.3    0.75

                              ---GLUON SPLITTING---   

 IHEP    ID      IDPDG IST MO1 MO2 DA1 DA2   P-X     P-Y     P-Z  ENERGY    MASS
   33 UU          2203 161  11  35  94  56    0.00    0.00 5096.0 5096.0    0.64
   34 UD          2101 162  13  44  95  58    0.00    0.00-1906.0 1906.0    0.64
   35 DQRK           1 158  16  36  83  33   14.48   44.35  -17.9   50.0    0.32
   36 UBAR          -2 158  16  37  83  35    1.37    6.05   -2.2    6.6    0.32
   37 UQRK           2 158  16  59  84  36    0.59    2.56   -0.7    2.7    0.32
   38 UBAR          -2 158  16  39 102  72   17.81   24.72   -1.7   30.5    0.32
   39 UQRK           2 158  16  61  85  38    6.86    9.77   -0.7   12.0    0.32
   40 DBAR          -1 158  16  41 103  74    0.16    1.49   -1.4    2.1    0.32
   41 DQRK           1 158  16  42  86  40   -0.06    0.85   -1.0    1.4    0.32
   42 UBAR          -2 158  16  43  86  41   -0.49    0.73   -0.8    1.2    0.32
   43 UQRK           2 158  16  45  87  42   -0.52    0.42   -0.3    0.8    0.32
   44 UQRK           2 158  23  65  88  34   42.20   29.33  326.5  330.5    0.32
   45 UBAR          -2 158  25  46  87  43   -0.12   -0.21   -0.8    0.9    0.32
   46 UQRK           2 158  25  47  89  45   -1.74    1.14   -5.1    5.6    0.32
   47 DBAR          -1 158  25  48  89  46    0.20    0.14   -1.2    1.2    0.32
   48 DQRK           1 158  25  67  90  47    0.38    0.55   -1.5    1.6    0.32
   49 DBAR          -1 158  25  50 100  68    0.67   -0.14  -17.9   17.9    0.32
   50 DQRK           1 158  25  51  91  49    2.11   -0.18  -48.1   48.1    0.32
   51 UBAR          -2 158  25  52  91  50    4.86    0.76 -121.4  121.5    0.32
   52 UQRK           2 158  25  53  92  51    3.67    0.68  -84.8   84.9    0.32
   53 UBAR          -2 158  25  54  92  52    1.40    0.43  -17.8   17.8    0.32
   54 UQRK           2 158  25  69  93  53    0.52    0.37   -8.5    8.5    0.32
   55 DBAR          -1 159  11  56 107  82    0.00    0.00  242.4  242.4    0.32
   56 DQRK           1 159  23  33  94  55    0.00    0.00  441.8  441.8    0.32
   57 UBAR          -2 159  13  58 106  80    0.00    0.00-2004.7 2004.7    0.32
   58 UQRK           2 159  25  34  95  57    0.00    0.00 -321.6  321.6    0.32
   59 SBAR          -3 159  16  60  84  37    0.94    1.86   -0.3    2.2    0.50
   60 SQRK           3 159  16  71  96  59    0.83    1.84   -0.3    2.1    0.50
   61 UBAR          -2 159  16  62  85  39    0.65    1.01   -0.2    1.3    0.32
   62 UQRK           2 159  16  73  97  61    2.00    2.87   -0.2    3.5    0.32
   63 DBAR          -1 159  11  64 105  78    0.18    0.12    4.4    4.4    0.32
   64 DQRK           1 159  23  75  98  63    4.39    3.05   34.1   34.5    0.32
   65 DBAR          -1 159  11  66  88  44    0.41    0.29    4.5    4.5    0.32
   66 DQRK           1 159  23  77  99  65   12.37    8.60   95.7   96.9    0.32
   67 DBAR          -1 159  25  68  90  48    0.94   -0.21  -25.2   25.3    0.32
   68 DQRK           1 159  25  49 100  67    0.15    0.03   -3.2    3.2    0.32
   69 UBAR          -2 159  13  70  93  54    0.02    0.01  -55.8   55.8    0.32
   70 UQRK           2 159  25  79 101  69    0.06    0.04  -15.8   15.8    0.32
   71 SBAR          -3 159  16  72  96  60    2.04    3.05   -0.3    3.7    0.50
   72 SQRK           3 159  16  38 102  71    1.41    2.29   -0.3    2.7    0.50
   73 UBAR          -2 159  16  74  97  62    0.24    0.60   -0.3    0.8    0.32
   74 UQRK           2 159  16  40 103  73    2.26    3.23   -0.2    4.0    0.32
   75 DBAR          -1 159  11  76  98  64    0.15    0.10    4.7    4.8    0.32
   76 DQRK           1 159  23  81 104  75    0.34    0.23    4.2    4.2    0.32
   77 DBAR          -1 159  11  78  99  66    0.66    0.46    5.9    6.0    0.32
   78 DQRK           1 159  23  63 105  77    2.11    1.47   16.6   16.8    0.32
   79 UBAR          -2 159  13  80 101  70    0.00    0.00-1575.6 1575.6    0.32
   80 UQRK           2 159  25  57 106  79    0.01    0.01  -72.7   72.7    0.32
   81 SBAR          -3 159  11  82 104  76    0.02    0.02   52.9   52.9    0.50
   82 SQRK           3 159  23  55 107  81    0.13    0.09   11.0   11.0    0.50

                             ---CLUSTER FORMATION---  

 IHEP    ID      IDPDG IST MO1 MO2 DA1 DA2   P-X     P-Y     P-Z  ENERGY    MASS
   83 CLUS          91 183  35  36 108 109   15.85   50.40  -20.1   56.6    1.92
   84 CLUS          91 183  37  59 110 111    1.52    4.42   -1.0    4.9    1.08
   85 CLUS          91 183  39  61 112 113    7.52   10.78   -0.8   13.2    1.14
   86 CLUS          91 183  41  42 114 115   -0.55    1.58   -1.8    2.6    0.80
   87 CLUS          91 183  43  45 116 117   -0.64    0.21   -1.1    1.7    1.08
   88 CLUS          91 183  44  65 118 119   42.62   29.62  331.0  335.0    3.26
   89 CLUS          91 183  46  47 120 121   -1.54    1.28   -6.3    6.8    1.51
   90 CLUS          91 183  48  67 122 123    1.31    0.34  -26.7   26.9    2.94
   91 CLUS          91 183  50  51 124 125    6.96    0.58 -169.5  169.6    1.08
   92 CLUS          91 183  52  53 126 127    5.07    1.11 -102.6  102.7    1.73
   93 CLUS          91 183  54  69 128 129    0.54    0.38  -64.3   64.4    1.89
   94 CLUS          91 184  56  33 130 131    0.00    0.00 5537.8 5537.8    1.31
   95 CLUS          91 185  58  34 132 133    0.00    0.00-2227.5 2227.5    1.09
   96 CLUS          91 183  60  71 134 135    2.87    4.89   -0.6    5.8    1.16
   97 CLUS          91 183  62  73 136 137    2.24    3.47   -0.5    4.3    1.08
   98 CLUS          91 183  64  75 138 139    4.54    3.15   38.8   39.2    1.79
   99 CLUS          91 183  66  77 140 141   13.03    9.06  101.7  102.9    1.46
  100 CLUS          91 183  68  49 142 143    0.82   -0.11  -21.1   21.1    0.90
  101 CLUS          91 183  70  79 144 145    0.06    0.04-1591.4 1591.4    3.31
  102 CLUS          91 183  72  38 146 147   19.22   27.00   -1.9   33.3    1.94
  103 CLUS          91 183  74  40 148 149    2.42    4.72   -1.6    6.0    2.34
  104 CLUS          91 183  76  81 150 151    0.36    0.25   57.1   57.1    1.93
  105 CLUS          91 183  78  63 152 153    2.29    1.59   21.0   21.2    1.20
  106 CLUS          91 183  80  57 154 155    0.01    0.01-2077.3 2077.3    1.74
  107 CLUS          91 183  82  55 156 157    0.13    0.09  253.4  253.4    2.54

                              ---CLUSTER DECAYS---    

 IHEP    ID      IDPDG IST MO1 MO2 DA1 DA2   P-X     P-Y     P-Z  ENERGY    MASS
  108 PI0          111   1  83  16   0   0    2.94    9.03   -3.6   10.2    0.13
  109 RHOD-     -30213 197  83  16 207 208   12.91   41.37  -16.5   46.4    1.70
  110 PI+          211   1  84  16   0   0    0.31    1.04   -0.2    1.1    0.14
  111 K*0          313 197  84  16 209 210    1.21    3.38   -0.9    3.8    0.90
  112 PI+          211   1  85  16   0   0    1.07    2.05   -0.4    2.4    0.14
  113 PI-         -211   1  85  16   0   0    6.45    8.73   -0.4   10.9    0.14
  114 PI0          111   1  86  16   0   0   -0.53    0.49   -0.9    1.2    0.13
  115 PI-         -211   1  86  16   0   0   -0.02    1.09   -0.9    1.4    0.14
  116 PI+          211   1  87  16   0   0   -0.27    0.22   -0.1    0.4    0.14
  117 RHO-        -213 197  87  16 211 212   -0.37   -0.01   -0.9    1.3    0.77
  118 DELTA++     2224 197  88  23 213 214   35.28   24.52  273.1  276.5    1.23
  119 DELTABR-   -2214 197  88  23 215 216    7.34    5.10   57.8   58.5    1.23
  120 K+           321   1  89  25   0   0   -1.58    1.05   -4.8    5.2    0.49
  121 KBAR0       -311 197  89  25 217 217    0.03    0.23   -1.5    1.6    0.50
  122 SIGMA*0     3214 197  90  25 218 219    1.17    0.25  -16.3   16.4    1.38
  123 SGMA*BR0   -3214 197  90  25 220 221    0.14    0.09  -10.5   10.5    1.38
  124 PI0          111   1  91  25   0   0    1.58    0.52  -45.1   45.1    0.13
  125 PI-         -211   1  91  25   0   0    5.38    0.05 -124.4  124.5    0.14
  126 PI+          211   1  92  25   0   0    1.43   -0.28  -33.3   33.3    0.14
  127 RHO-        -213 197  92  25 222 223    3.64    1.39  -69.3   69.4    0.77
  128 OMEGA        223 197  93  25 224 226    0.50    0.69  -40.3   40.4    0.78
  129 RHO0         113 197  93  25 227 228    0.04   -0.31  -24.0   24.0    0.77
  130 PI0          111   1  94  23   0   0    0.15    0.25 1100.7 1100.7    0.13
  131 P           2212   1  94  23   0   0   -0.15   -0.25 4437.0 4437.0    0.94
  132 PI+          211   1  95  25   0   0    0.05    0.01 -300.5  300.5    0.14
  133 N           2112   1  95  25   0   0   -0.05   -0.00-1927.1 1927.1    0.94
  134 KBAR0       -311 197  96  16 229 229    1.23    1.75   -0.4    2.2    0.50
  135 K0           311 197  96  16 230 230    1.64    3.14   -0.2    3.6    0.50
  136 PI+          211   1  97  16   0   0    0.79    1.34   -0.7    1.7    0.14
  137 PI-         -211   1  97  16   0   0    1.45    2.13    0.2    2.6    0.14
  138 RHO-        -213 197  98  23 231 232    2.29    1.61   22.7   22.9    0.77
  139 RHO+         213 197  98  23 233 234    2.25    1.55   16.1   16.4    0.77
  140 PI-         -211   1  99  23   0   0    1.82    1.46   12.7   12.9    0.14
  141 RHO+         213 197  99  23 235 236   11.21    7.59   89.0   90.0    0.77
  142 PI-         -211   1 100  25   0   0    0.42   -0.41  -15.4   15.4    0.14
  143 PI+          211   1 100  25   0   0    0.40    0.30   -5.7    5.7    0.14
  144 DELTA++     2224 197 101  25 237 238   -0.75   -0.63 -576.7  576.7    1.23
  145 DLTABR--   -2224 197 101  25 239 240    0.81    0.67-1014.7 1014.7    1.23
  146 K*-         -323 197 102  16 241 242   14.65   20.82   -1.4   25.5    0.89
  147 RHO0         113 197 102  16 243 244    4.57    6.18   -0.5    7.7    0.77
  148 P           2212   1 103  16   0   0    0.77    1.65   -1.0    2.3    0.94
  149 DELTABR0   -2114 197 103  16 245 246    1.65    3.07   -0.7    3.8    1.23
  150 K0           311 197 104  23 247 247    0.64   -0.02   16.8   16.8    0.50
  151 PHI          333 197 104  23 248 249   -0.28    0.27   40.3   40.3    1.02
  152 K0           311 197 105  23 250 250    0.93    0.31    7.2    7.3    0.50
  153 KBAR0       -311 197 105  23 251 251    1.36    1.28   13.8   14.0    0.50
  154 OMEGA        223 197 106  25 252 254    0.09    0.52-1400.2 1400.2    0.78
  155 ETA          221 197 106  25 255 256   -0.07   -0.51 -677.2  677.2    0.55
  156 SIGMA*+     3224 197 107  23 257 258    0.44    0.23  118.6  118.6    1.38
  157 PBAR       -2212   1 107  23   0   0   -0.30   -0.13  134.8  134.8    0.94

                            ---H/W/Z BOSON DECAYS---  

 IHEP    ID      IDPDG IST MO1 MO2 DA1 DA2   P-X     P-Y     P-Z  ENERGY    MASS
  158 BQRK           5 123  15 159 160 159 -112.42  -90.14   34.6  148.3    4.95
  159 BBAR          -5 124  15 158 162 158  -14.23  -64.72  -59.0   88.9    4.95

                              ---PARTON SHOWERS---    

 IHEP    ID      IDPDG IST MO1 MO2 DA1 DA2   P-X     P-Y     P-Z  ENERGY    MASS
  160 BQRK          94 143 158  15 161 161 -112.42  -90.14   34.6  148.3    4.95
  161 BQRK           5   2 160 163 164 163 -112.42  -90.14   34.6  148.3    4.95
  162 BBAR          94 144 159  15 163 163  -14.23  -64.72  -59.0   88.9    4.95
  163 BBAR          -5   2 162 164 165 164  -14.23  -64.72  -59.0   88.9    4.95

                              ---GLUON SPLITTING---   

 IHEP    ID      IDPDG IST MO1 MO2 DA1 DA2   P-X     P-Y     P-Z  ENERGY    MASS
  164 BQRK           5 158 160 172 182 165  -87.28  -70.03   26.8  115.2    4.95
  165 BBAR          -5 158 162 164 190 181   -9.54  -42.86  -38.9   58.9    4.95
  166 SBAR          -3 159 162 167 188 177   -0.61   -2.62   -2.3    3.6    0.50
  167 SQRK           3 159 160 174 183 166   -1.44   -1.22    0.4    2.0    0.50
  168 DBAR          -1 159 162 169 185 171   -0.20   -0.56   -0.4    0.8    0.32
  169 DQRK           1 159 160 178 184 168   -0.61   -0.56    0.1    0.9    0.32
  170 UBAR          -2 159 162 171 186 173   -0.74   -0.65    0.2    1.1    0.32
  171 UQRK           2 159 160 168 185 170  -10.80   -8.65    3.3   14.2    0.32
  172 DBAR          -1 159 162 173 182 164   -5.22   -4.19    1.6    6.9    0.32
  173 DQRK           1 159 160 170 186 172   -5.40   -4.34    1.7    7.1    0.32
  174 DBAR          -1 159 162 175 183 167   -0.49   -2.15   -1.9    3.0    0.32
  175 DQRK           1 159 160 180 187 174   -0.21   -0.47   -0.3    0.7    0.32
  176 UBAR          -2 159 162 177 189 179   -0.73   -3.29   -3.0    4.5    0.32
  177 UQRK           2 159 160 166 188 176   -0.22   -0.44   -0.2    0.6    0.32
  178 DBAR          -1 159 162 179 184 169   -0.87   -3.95   -3.6    5.4    0.32
  179 DQRK           1 159 160 176 189 178   -0.38   -0.42   -0.0    0.7    0.32
  180 SBAR          -3 159 162 181 187 175   -1.23   -5.59   -5.1    7.7    0.50
  181 SQRK           3 159 160 165 190 180   -0.66   -2.89   -2.6    4.0    0.50

                             ---CLUSTER FORMATION---  

 IHEP    ID      IDPDG IST MO1 MO2 DA1 DA2   P-X     P-Y     P-Z  ENERGY    MASS
  182 CLUS          91 183 164 172 191 191  -92.52  -74.23   28.4  122.1    5.28
  183 CLUS          91 183 167 174 192 193   -1.93   -3.37   -1.6    4.9    2.62
  184 CLUS          91 183 169 178 194 195   -1.48   -4.51   -3.5    6.3    2.29
  185 CLUS          91 183 171 168 196 197  -11.00   -9.21    2.9   15.0    3.35
  186 CLUS          91 183 173 170 198 199   -6.15   -4.99    1.8    8.2    0.99
  187 CLUS          91 183 175 180 200 201   -1.44   -6.06   -5.4    8.4    1.39
  188 CLUS          91 183 177 166 202 203   -0.83   -3.06   -2.6    4.2    1.10
  189 CLUS          91 183 179 176 204 205   -1.11   -3.71   -3.0    5.2    1.65
  190 CLUS          91 183 181 165 206 206  -10.19  -45.73  -41.5   62.8    5.37

                              ---CLUSTER DECAYS---    

 IHEP    ID      IDPDG IST MO1 MO2 DA1 DA2   P-X     P-Y     P-Z  ENERGY    MASS
  191 B_DBAR0     -511 200 182 160 259 259  -92.52  -74.23   28.4  122.1    5.28
  192 K*BAR0      -313 197 183 160 260 261   -0.77   -1.31   -0.8    1.9    0.90
  193 RHO_30       117 197 183 160 262 263   -1.16   -2.06   -0.8    3.0    1.69
  194 F_2          225 197 184 160 264 265   -0.70   -2.27   -1.3    3.0    1.27
  195 RHO0         113 197 184 160 266 267   -0.78   -2.24   -2.2    3.3    0.77
  196 DELTA+      2214 197 185 160 268 269   -7.64   -6.24    3.0   10.4    1.23
  197 DELTABR0   -2114 197 185 160 270 271   -3.37   -2.97   -0.0    4.7    1.23
  198 PI0          111   1 186 160   0   0   -1.97   -1.70    0.7    2.7    0.13
  199 RHO-        -213 197 186 160 272 273   -4.18   -3.29    1.2    5.5    0.77
  200 PI0          111   1 187 160   0   0    0.12   -0.88   -0.8    1.2    0.13
  201 K*0          313 197 187 160 274 275   -1.56   -5.18   -4.6    7.2    0.90
  202 PI0          111   1 188 160   0   0   -0.11   -0.23   -0.6    0.7    0.13
  203 K+           321   1 188 160   0   0   -0.72   -2.83   -2.0    3.6    0.49
  204 PI-         -211   1 189 160   0   0   -0.51   -0.96   -0.9    1.4    0.14
  205 A_20         115 197 189 160 276 278   -0.60   -2.75   -2.1    3.8    1.32
  206 B_S0         531 200 190 160 279 279  -10.19  -45.73  -41.5   62.8    5.37

                           ---STRONG HADRON DECAYS--- 

 IHEP    ID      IDPDG IST MO1 MO2 DA1 DA2   P-X     P-Y     P-Z  ENERGY    MASS
  207 PI-         -211   1 109  16   0   0   12.11   39.82  -15.8   44.5    0.14
  208 PI0          111   1 109  16   0   0    0.80    1.55   -0.7    1.9    0.13
  209 K+           321   1 111  16   0   0    0.66    2.64   -0.7    2.9    0.49
  210 PI-         -211   1 111  16   0   0    0.55    0.74   -0.1    0.9    0.14
  211 PI-         -211   1 117  16   0   0   -0.56    0.01   -0.8    1.0    0.14
  212 PI0          111   1 117  16   0   0    0.19   -0.03   -0.1    0.3    0.13
  213 P           2212   1 118  23   0   0   29.12   20.47  225.5  228.3    0.94
  214 PI+          211   1 118  23   0   0    6.16    4.05   47.6   48.2    0.14
  215 PBAR       -2212   1 119  23   0   0    6.27    4.13   47.8   48.4    0.94
  216 PI0          111   1 119  23   0   0    1.06    0.97   10.0   10.1    0.13
  217 K_S0         310 198 121  25 282 283    0.03    0.23   -1.5    1.6    0.50
  218 LAMBDA      3122 198 122  25 284 285    1.13    0.09  -13.3   13.4    1.12
  219 PI0          111   1 122  25   0   0    0.04    0.17   -3.0    3.0    0.13
  220 LAMBDABR   -3122 198 123  25 286 287    0.23   -0.09   -8.9    9.0    1.12
  221 PI0          111   1 123  25   0   0   -0.09    0.18   -1.5    1.5    0.13
  222 PI-         -211   1 127  25   0   0    2.16    0.99  -47.5   47.5    0.14
  223 PI0          111   1 127  25   0   0    1.47    0.39  -21.8   21.9    0.13
  224 PI+          211   1 128  25   0   0    0.17    0.23  -21.8   21.8    0.14
  225 PI-         -211   1 128  25   0   0    0.33    0.20  -13.1   13.2    0.14
  226 PI0          111   1 128  25   0   0    0.01    0.26   -5.4    5.4    0.13
  227 PI+          211   1 129  25   0   0   -0.03   -0.49  -10.7   10.7    0.14
  228 PI-         -211   1 129  25   0   0    0.07    0.18  -13.3   13.3    0.14
  229 K_L0         130   1 134  16   0   0    1.23    1.75   -0.4    2.2    0.50
  230 K_S0         310 198 135  16 288 289    1.64    3.14   -0.2    3.6    0.50
  231 PI-         -211   1 138  23   0   0    1.01    0.37    7.1    7.1    0.14
  232 PI0          111   1 138  23   0   0    1.28    1.24   15.6   15.7    0.13
  233 PI+          211   1 139  23   0   0    0.77    0.16    4.2    4.3    0.14
  234 PI0          111   1 139  23   0   0    1.48    1.39   11.9   12.1    0.13
  235 PI+          211   1 141  23   0   0    7.47    4.75   56.5   57.2    0.14
  236 PI0          111   1 141  23   0   0    3.75    2.84   32.4   32.8    0.13
  237 P           2212   1 144  25   0   0   -0.61   -0.63 -405.6  405.6    0.94
  238 PI+          211   1 144  25   0   0   -0.14   -0.00 -171.1  171.1    0.14
  239 PBAR       -2212   1 145  25   0   0    0.50    0.46 -862.7  862.7    0.94
  240 PI-         -211   1 145  25   0   0    0.30    0.21 -152.1  152.1    0.14
  241 K-          -321   1 146  16   0   0    9.42   13.23   -0.6   16.3    0.49
  242 PI0          111   1 146  16   0   0    5.22    7.59   -0.8    9.3    0.13
  243 PI+          211   1 147  16   0   0    3.59    4.67   -0.1    5.9    0.14
  244 PI-         -211   1 147  16   0   0    0.98    1.51   -0.4    1.8    0.14
  245 NBAR       -2112   1 149  16   0   0    1.59    2.97   -0.7    3.6    0.94
  246 PI0          111   1 149  16   0   0    0.06    0.10    0.1    0.2    0.13
  247 K_L0         130   1 150  23   0   0    0.64   -0.02   16.8   16.8    0.50
  248 K_L0         130   1 151  23   0   0   -0.04    0.18   20.5   20.5    0.50
  249 K_S0         310 198 151  23 290 291   -0.24    0.09   19.8   19.8    0.50
  250 K_L0         130   1 152  23   0   0    0.93    0.31    7.2    7.3    0.50
  251 K_L0         130   1 153  23   0   0    1.36    1.28   13.8   14.0    0.50
  252 PI+          211   1 154  25   0   0    0.01    0.28 -389.9  389.9    0.14
  253 PI-         -211   1 154  25   0   0    0.14    0.19 -927.1  927.1    0.14
  254 PI0          111   1 154  25   0   0   -0.07    0.05  -83.2   83.2    0.13
  255 GAMMA         22   1 155  25   0   0   -0.29   -0.44 -443.4  443.4    0.00
  256 GAMMA         22   1 155  25   0   0    0.21   -0.07 -233.8  233.8    0.00
  257 SIGMA+      3222 198 156  23 292 293    0.41    0.14  111.6  111.6    1.19
  258 PI0          111   1 156  23   0   0    0.02    0.09    7.0    7.0    0.13
  259 B_DBAR0     -511 199 191 160 315 316  -92.52  -74.23   28.4  122.1    5.28
  260 K-          -321   1 192 160   0   0   -0.21   -0.88   -0.4    1.1    0.49
  261 PI+          211   1 192 160   0   0   -0.56   -0.42   -0.4    0.8    0.14
  262 A_2+         215 198 193 160 294 295   -1.12   -1.73   -0.4    2.5    1.32
  263 PI-         -211   1 193 160   0   0   -0.03   -0.33   -0.4    0.5    0.14
  264 PI+          211   1 194 160   0   0    0.21   -0.20    0.1    0.3    0.14
  265 PI-         -211   1 194 160   0   0   -0.91   -2.07   -1.4    2.6    0.14
  266 PI+          211   1 195 160   0   0   -0.74   -2.12   -1.8    2.9    0.14
  267 PI-         -211   1 195 160   0   0   -0.04   -0.11   -0.4    0.4    0.14
  268 P           2212   1 196 160   0   0   -6.59   -5.56    2.4    9.0    0.94
  269 PI0          111   1 196 160   0   0   -1.05   -0.68    0.5    1.4    0.13
  270 NBAR       -2112   1 197 160   0   0   -3.16   -2.55   -0.0    4.2    0.94
  271 PI0          111   1 197 160   0   0   -0.21   -0.42   -0.0    0.5    0.13
  272 PI-         -211   1 199 160   0   0   -0.24   -0.37    0.2    0.5    0.14
  273 PI0          111   1 199 160   0   0   -3.94   -2.92    1.0    5.0    0.13
  274 K+           321   1 201 160   0   0   -0.68   -2.66   -2.0    3.5    0.49
  275 PI-         -211   1 201 160   0   0   -0.88   -2.52   -2.6    3.7    0.14
  276 OMEGA        223 198 205 160 296 298   -0.52   -2.11   -1.6    2.8    0.78
  277 PI+          211   1 205 160   0   0    0.12   -0.39   -0.2    0.5    0.14
  278 PI-         -211   1 205 160   0   0   -0.20   -0.25   -0.3    0.5    0.14
  279 B_SBAR0     -531 196 206 160 280 281  -10.19  -45.73  -41.5   62.8    5.37
  280 D_S+         431 198 279 160 299 300   -6.06  -22.80  -23.0   33.0    1.97
  281 D_S-        -431 198 279 160 301 303   -4.13  -22.93  -18.6   29.8    1.97
  282 PI+          211   1 217  25   0   0    0.04   -0.11   -0.5    0.5    0.14
  283 PI-         -211   1 217  25   0   0   -0.00    0.34   -1.0    1.1    0.14
  284 P           2212   1 218  25   0   0    1.09    0.05  -12.3   12.4    0.94
  285 PI-         -211   1 218  25   0   0    0.04    0.03   -1.0    1.0    0.14
  286 PBAR       -2212   1 220  25   0   0    0.27   -0.09   -7.2    7.2    0.94
  287 PI+          211   1 220  25   0   0   -0.04   -0.00   -1.8    1.8    0.14
  288 PI0          111   1 230  16   0   0    0.43    1.02    0.1    1.1    0.13
  289 PI0          111   1 230  16   0   0    1.21    2.12   -0.3    2.5    0.13
  290 PI0          111   1 249  23   0   0   -0.22   -0.13   12.6   12.6    0.13
  291 PI0          111   1 249  23   0   0   -0.02    0.22    7.2    7.2    0.13
  292 N           2112   1 257  23   0   0    0.26    0.17   74.2   74.2    0.94
  293 PI+          211   1 257  23   0   0    0.15   -0.03   37.4   37.4    0.14
  294 RHO+         213 198 262 160 304 305   -0.98   -1.04   -0.6    1.7    0.77
  295 PI0          111   1 262 160   0   0   -0.14   -0.69    0.2    0.7    0.13
  296 PI+          211   1 276 160   0   0    0.01   -1.03   -0.8    1.3    0.14
  297 PI-         -211   1 276 160   0   0   -0.36   -0.52   -0.6    0.9    0.14
  298 PI0          111   1 276 160   0   0   -0.17   -0.55   -0.3    0.6    0.13
  299 K*+          323 198 280 160 306 307   -3.47  -11.47  -11.7   16.8    0.89
  300 K*BAR0      -313 198 280 160 308 309   -2.59  -11.33  -11.3   16.2    0.90
  301 NU_EBAR      -12   1 281 160   0   0   -1.58   -5.69   -4.0    7.1    0.00
  302 E-            11   1 281 160   0   0   -0.74   -5.83   -5.1    7.8    0.00
  303 ETA          221 198 281 160 310 311   -1.82  -11.41   -9.5   14.9    0.55
  304 PI+          211   1 294 160   0   0   -0.17   -0.70   -0.2    0.8    0.14
  305 PI0          111   1 294 160   0   0   -0.81   -0.34   -0.4    1.0    0.13
  306 K+           321   1 299 160   0   0   -2.05   -7.01   -7.5   10.5    0.49
  307 PI0          111   1 299 160   0   0   -1.43   -4.46   -4.2    6.3    0.13
  308 KBAR0       -311 198 300 160 312 312   -2.04   -9.54   -9.2   13.4    0.50
  309 PI0          111   1 300 160   0   0   -0.54   -1.79   -2.1    2.8    0.13
  310 GAMMA         22   1 303 160   0   0   -0.74   -6.35   -5.2    8.3    0.00
  311 GAMMA         22   1 303 160   0   0   -1.08   -5.06   -4.2    6.7    0.00
  312 K_S0         310 198 308 160 313 314   -2.04   -9.54   -9.2   13.4    0.50
  313 PI+          211   1 312 160   0   0   -0.79   -4.65   -4.5    6.5    0.14
  314 PI-         -211   1 312 160   0   0   -1.25   -4.89   -4.7    6.9    0.14

                           ---HEAVY PARTICLE DECAYS---

 IHEP    ID      IDPDG IST MO1 MO2 DA1 DA2   P-X     P-Y     P-Z  ENERGY    MASS
  315 BQRK           5 155 259 316 317 319  -86.91  -69.73   26.7  114.7    4.96
  316 DBAR          -1 125 259 319 320 319   -5.61   -4.50    1.7    7.4    0.32
  317 DQRK           1 123 315 318 321 318   -9.86   -8.01    2.2   12.9    0.32
  318 UBAR          -2 124 315 317 323 317  -28.10  -21.93    7.4   36.4    0.32
  319 CQRK           4 124 315 315 325 315  -48.95  -39.79   17.2   65.4    1.55
  320 DBAR          -1 160 316 329 331 329   -5.61   -4.50    1.7    7.4    0.32

                              ---PARTON SHOWERS---    

 IHEP    ID      IDPDG IST MO1 MO2 DA1 DA2   P-X     P-Y     P-Z  ENERGY    MASS
  321 DQRK          94 143 317 315 322 322   -9.86   -8.01    2.2   12.9    0.32
  322 DQRK           1   2 321 324 327 324   -9.86   -8.01    2.2   12.9    0.32
  323 UBAR          94 144 318 315 324 324  -28.10  -21.93    7.4   36.4    0.32
  324 UBAR          -2   2 323 327 328 327  -28.10  -21.93    7.4   36.4    0.32
  325 CQRK          94 144 319 315 326 326  -48.95  -39.79   17.2   65.4    1.55
  326 CQRK           4   2 325 320 329 320  -48.95  -39.79   17.2   65.4    1.55

                              ---GLUON SPLITTING---   

 IHEP    ID      IDPDG IST MO1 MO2 DA1 DA2   P-X     P-Y     P-Z  ENERGY    MASS
  327 DQRK           1 158 321 328 330 328   -9.86   -8.01    2.2   12.9    0.32
  328 UBAR          -2 158 323 327 330 327  -28.10  -21.93    7.4   36.4    0.32
  329 CQRK           4 158 325 320 331 320  -48.95  -39.79   17.2   65.4    1.55

                             ---CLUSTER FORMATION---  

 IHEP    ID      IDPDG IST MO1 MO2 DA1 DA2   P-X     P-Y     P-Z  ENERGY    MASS
  330 CLUS          91 183 327 328 332 333  -37.96  -29.94    9.5   49.3    1.15
  331 CLUS          91 183 329 320 334 335  -54.56  -44.29   18.9   72.8    2.04

                              ---CLUSTER DECAYS---    

 IHEP    ID      IDPDG IST MO1 MO2 DA1 DA2   P-X     P-Y     P-Z  ENERGY    MASS
  332 PI-         -211   1 330 321   0   0   -5.01   -4.09    1.1    6.6    0.14
  333 OMEGA        223 197 330 321 336 338  -32.95  -25.85    8.4   42.7    0.78
  334 D0           421 197 331 325 339 340  -52.00  -42.23   18.1   69.4    1.86
  335 PI+          211   1 331 325   0   0   -2.56   -2.06    0.8    3.4    0.14

                           ---STRONG HADRON DECAYS--- 

 IHEP    ID      IDPDG IST MO1 MO2 DA1 DA2   P-X     P-Y     P-Z  ENERGY    MASS
  336 PI+          211   1 333 321   0   0  -13.72  -10.91    3.4   17.9    0.14
  337 PI-         -211   1 333 321   0   0   -2.89   -2.16    0.8    3.7    0.14
  338 PI0          111   1 333 321   0   0  -16.34  -12.78    4.2   21.2    0.13
  339 K+           321   1 334 325   0   0   -4.53   -3.46    1.6    5.9    0.49
  340 K-          -321   1 334 325   0   0  -47.48  -38.77   16.5   63.5    0.49



 EVENT       2: 6500.00 GEV/C P        ON  6500.00 GEV/C P        PROCESS:-18000
 SEEDS:  1410924091 &  1120665766   STATUS:  100 ERROR:   0  WEIGHT:  5.9066E-04


                               ---INITIAL STATE---    

 IHEP    ID      IDPDG IST MO1 MO2 DA1 DA2   P-X     P-Y     P-Z  ENERGY    MASS
    1 P           2212 101   0   0   0   0    0.00    0.00 6500.0 6500.0    0.94
    2 P           2212 102   0   0   0   0    0.00    0.00-6500.0 6500.0    0.94
    3 CMF            0 103   1   2   0   0    0.00    0.00    0.013000.013000.00

                              ---HARD SUBPROCESS---   

 IHEP    ID      IDPDG IST MO1 MO2 DA1 DA2   P-X     P-Y     P-Z  ENERGY    MASS
    4 UQRK           2 121   6   8  10   9    0.00    0.00 2966.2 2966.2    0.32
    5 DQRK           1 122   6   9  14   8    0.00    0.00 -239.2  239.2    0.32
    6 HARD           0 120   4   5   7   9    7.61    9.79 2727.1 3205.5 1684.54
    7 HIGGS         25 123   6   7  24   7  262.77   91.40 1736.2 1762.7  125.00
    8 UQRK           2 124   6   5  25   4 -127.61 -255.11 -121.6  310.1    0.32
    9 DQRK           1 124   6   4  38   5 -135.16  163.71 1112.5 1132.5    0.32

                              ---PARTON SHOWERS---    

 IHEP    ID      IDPDG IST MO1 MO2 DA1 DA2   P-X     P-Y     P-Z  ENERGY    MASS
   10 UQRK          94 141   4   6  12  13    0.86   -1.02 2967.3 2967.2  -18.87
   11 CONE           0 100   4   9   0   0   -0.64    0.77    6.0    6.1    0.00
   12 GLUON         21   2  10  13  42  43   -0.86    1.02   19.7   19.7    0.75
   13 UD          2101   2  10  27  44  43    0.00    0.00 3513.0 3513.0    0.32
   14 DQRK          94 142   5   6  16  23    6.74   10.81 -240.2  238.2  -33.32
   15 CONE           0 100   5   8   0   0   -0.45   -0.89   -0.1    1.0    0.00
   16 GLUON         21   2  14  17  45  46    2.16   -0.38   -4.5    5.1    0.75
   17 GLUON         21   2  14  18  47  48  -10.74   -4.75  -51.6   52.9    0.75
   18 GLUON         21   2  14  19  49  50    0.55   -1.09  -20.9   20.9    0.75
   19 GLUON         21   2  14  20  51  52   -0.12   -1.44  -38.5   38.5    0.75
   20 GLUON         21   2  14  21  53  54    0.11   -1.88 -222.0  222.1    0.75
   21 GLUON         21   2  14  22  55  56    1.71    0.04 -576.4  576.4    0.75
   22 GLUON         21   2  14  23  57  58   -0.41   -1.30 -884.6  884.6    0.75
   23 UU          2203   2  14  40  59  58    0.00    0.00-4461.3 4461.3    0.32
   24 HIGGS         25 195   7   6 211 212  265.35   96.20 1726.1 1753.5  125.00
   25 UQRK          94 144   8   6  27  37 -126.08 -252.60 -109.4  320.6  105.42
   26 CONE           0 100   8   5   0   0   -0.03   -0.07   -1.1    1.1    0.00
   27 UQRK           2   2  25  28  60  44   -1.18  -10.29   -2.8   10.7    0.32
   28 GLUON         21   2  25  29  61  62  -18.00  -90.38  -37.4   99.5    0.75
   29 GLUON         21   2  25  30  63  64  -10.42  -29.58   -5.9   31.9    0.75
   30 DBAR          -1   2  25  31  65  64  -12.17  -37.63   -7.0   40.2    0.32
   31 DQRK           1   2  25  32  66  65   -3.22   -8.78   -2.6    9.7    0.32
   32 GLUON         21   2  25  33  67  68   -3.17  -14.94  -11.5   19.1    0.75
   33 GLUON         21   2  25  34  69  70   -6.48   -3.41   -2.4    7.7    0.75
   34 UBAR          -2   2  25  35  71  70  -59.25  -51.23  -35.1   85.9    0.32
   35 UQRK           2   2  25  36  72  71   -4.80   -5.59   -3.5    8.2    0.32
   36 UBAR          -2   2  25  37  73  72   -4.36   -1.31   -0.6    4.6    0.32
   37 UQRK           2   2  25  45  74  73   -3.02    0.55   -0.7    3.2    0.32
   38 DQRK          94 144   9   6  40  41 -131.66  166.18 1110.4 1131.4   44.88
   39 CONE           0 100   9   4   0   0    0.35   -0.44    2.4    2.4    0.00
   40 DQRK           1   2  38  41  75  59 -114.60  146.71  878.5  898.0    0.32
   41 GLUON         21   2  38  42  76  77  -17.06   19.47  231.9  233.3    0.75

                              ---GLUON SPLITTING---   

 IHEP    ID      IDPDG IST MO1 MO2 DA1 DA2   P-X     P-Y     P-Z  ENERGY    MASS
   42 UBAR          -2 158  10  43 127  77   -0.14    0.26    5.3    5.3    0.32
   43 UQRK           2 158  10  82 110  42   -0.46    0.48   10.3   10.3    0.32
   44 UD          2101 161  10  60 128  79   -0.00    0.00 2688.4 2688.4    0.64
   45 UBAR          -2 158  14  46 138  99    1.12   -0.18   -2.0    2.3    0.32
   46 UQRK           2 158  14  84 111  45    0.72   -0.15   -2.0    2.1    0.32
   47 UBAR          -2 158  14  48 131  85   -5.34   -2.39  -26.1   26.7    0.32
   48 UQRK           2 158  14  49 112  47   -3.25   -1.39  -15.0   15.4    0.32
   49 UBAR          -2 158  14  50 112  48    0.37   -0.75  -11.0   11.0    0.32
   50 UQRK           2 158  14  51 113  49    0.18   -0.34   -9.9    9.9    0.32
   51 DBAR          -1 158  14  52 113  50   -0.03   -0.40   -9.5    9.5    0.32
   52 DQRK           1 158  14  53 114  51   -0.09   -1.05  -29.0   29.1    0.32
   53 DBAR          -1 158  14  54 114  52    0.01   -0.43  -64.5   64.5    0.32
   54 DQRK           1 158  14  55 115  53    0.11   -1.45 -157.6  157.6    0.32
   55 DBAR          -1 158  14  56 115  54    0.53   -0.06 -235.9  235.9    0.32
   56 DQRK           1 158  14  57 116  55    1.18    0.09 -340.5  340.5    0.32
   57 DBAR          -1 158  14  58 116  56   -0.26   -0.98 -546.7  546.7    0.32
   58 DQRK           1 158  14  80 117  57   -0.07   -0.14 -429.8  429.8    0.32
   59 UU          2203 162  14  75 129  81   -0.04   -0.08-2302.7 2302.7    0.64
   60 UQRK           2 158  25  86 118  44   -0.93   -7.93   -2.2    8.3    0.32
   61 DBAR          -1 158  25  62 132  87   -9.83  -49.94  -20.7   54.9    0.32
   62 DQRK           1 158  25  88 119  61   -5.42  -26.59  -11.0   29.3    0.32
   63 DBAR          -1 158  25  64 133  89   -6.30  -17.56   -3.6   19.0    0.32
   64 DQRK           1 158  25  65 120  63   -3.06   -9.05   -1.8    9.7    0.32
   65 DBAR          -1 158  25  66 120  64  -12.17  -37.63   -7.0   40.2    0.32
   66 DQRK           1 158  25  90 121  65   -2.22   -6.08   -1.8    6.7    0.32
   67 UBAR          -2 158  25  68 134  91   -2.02   -9.40   -7.4   12.1    0.32
   68 UQRK           2 158  25  92 122  67   -0.84   -4.02   -2.9    5.1    0.32
   69 UBAR          -2 158  25  70 135  93   -2.35   -1.25   -0.7    2.8    0.32
   70 UQRK           2 158  25  94 123  69   -2.66   -1.47   -1.2    3.3    0.32
   71 UBAR          -2 158  25  72 136  95  -48.35  -41.80  -28.7   70.0    0.32
   72 UQRK           2 158  25  96 124  71   -4.20   -4.88   -3.0    7.1    0.32
   73 UBAR          -2 158  25  74 137  97   -1.71   -0.58   -0.3    1.9    0.32
   74 UQRK           2 158  25  98 125  73   -1.30    0.24   -0.3    1.4    0.32
   75 DQRK           1 158  38 102 126  59  -46.35   59.33  355.3  363.2    0.32
   76 DBAR          -1 158  38  77 142 107   -1.74    1.98   23.6   23.8    0.32
   77 DQRK           1 158  38  42 127  76  -12.32   14.08  166.6  167.7    0.32
   78 UBAR          -2 159  10  79 141 105   -0.00    0.00  239.4  239.4    0.32
   79 UQRK           2 159  10  44 128  78   -0.01    0.01   96.2   96.2    0.32
   80 DBAR          -1 159  14  81 117  58   -0.02   -0.03-1337.4 1337.4    0.32
   81 DQRK           1 159  14  59 129  80   -0.03   -0.07 -729.3  729.3    0.32
   82 SBAR          -3 159  10  83 110  43   -0.03    0.03   79.0   79.0    0.50
   83 SQRK           3 159  10 104 130  82   -0.21    0.22   14.2   14.3    0.50
   84 UBAR          -2 159  14  85 111  46   -1.76   -0.79   -8.7    8.9    0.32
   85 UQRK           2 159  14  47 131  84   -0.32   -0.18   -2.0    2.0    0.32
   86 UBAR          -2 159  25  87 118  60   -1.93   -9.97   -4.1   10.9    0.32
   87 UQRK           2 159  25  61 132  86   -0.61   -3.97   -1.3    4.2    0.32
   88 DBAR          -1 159  25  89 119  62   -0.67   -2.51   -0.8    2.7    0.32
   89 DQRK           1 159  25  63 133  88   -0.86   -2.74   -0.7    3.0    0.32
   90 DBAR          -1 159  25  91 121  66   -0.38   -1.32   -0.7    1.6    0.32
   91 DQRK           1 159  25  67 134  90   -0.81   -2.28   -0.8    2.6    0.32
   92 DBAR          -1 159  25  93 122  68   -0.50   -0.45   -0.3    0.8    0.32
   93 DQRK           1 159  25  69 135  92   -0.33   -0.52   -0.4    0.8    0.32
   94 SBAR          -3 159  25  95 123  70   -6.41   -5.40   -3.7    9.2    0.50
   95 SQRK           3 159  25  71 136  94   -5.26   -4.37   -3.0    7.5    0.50
   96 SBAR          -3 159  25  97 124  72   -1.81   -0.73   -0.4    2.1    0.50
   97 SQRK           3 159  25  73 137  96   -1.44   -0.71   -0.4    1.7    0.50
   98 SBAR          -3 159  14  99 125  74   -0.03    0.01   -0.4    0.6    0.50
   99 SQRK           3 159  25  45 138  98   -1.44    0.27   -0.4    1.6    0.50
  100 SBAR          -3 159  38 101 140 103   -1.03    1.26    9.9   10.0    0.50
  101 SQRK           3 159  38 108 139 100  -10.94   14.01   84.0   85.9    0.50
  102 SBAR          -3 159  38 103 126  75  -43.43   55.60  333.0  340.4    0.50
  103 SQRK           3 159  38 100 140 102  -12.24   15.67   94.0   96.0    0.50
  104 UBAR          -2 159  10 105 130  83   -0.00    0.00  336.6  336.6    0.32
  105 UQRK           2 159  10  78 141 104   -0.01    0.01   63.3   63.3    0.32
  106 DBAR          -1 159  38 107 143 109   -1.64    1.87   22.2   22.3    0.32
  107 DQRK           1 159  38  76 142 106   -0.62    0.74    6.7    6.8    0.32
  108 UBAR          -2 159  38 109 139 101   -0.65    0.80    6.3    6.4    0.32
  109 UQRK           2 159  38 106 143 108   -0.72    0.84    8.8    8.9    0.32

                             ---CLUSTER FORMATION---  

 IHEP    ID      IDPDG IST MO1 MO2 DA1 DA2   P-X     P-Y     P-Z  ENERGY    MASS
  110 CLUS          91 183  43  82 144 145   -0.48    0.51   89.3   89.4    2.13
  111 CLUS          91 183  46  84 146 147   -1.04   -0.94  -10.6   11.0    2.48
  112 CLUS          91 183  48  49 148 149   -2.88   -2.15  -26.0   26.4    3.27
  113 CLUS          91 183  50  51 150 151    0.15   -0.74  -19.4   19.4    0.68
  114 CLUS          91 183  52  53 152 153   -0.08   -1.48  -93.5   93.5    1.45
  115 CLUS          91 183  54  55 154 155    0.64   -1.50 -393.5  393.5    1.87
  116 CLUS          91 183  56  57 156 157    0.92   -0.88 -887.1  887.1    2.03
  117 CLUS          91 183  58  80 158 159   -0.08   -0.17-1767.3 1767.3    0.79
  118 CLUS          91 183  60  86 160 161   -2.86  -17.90   -6.3   19.2    1.43
  119 CLUS          91 183  62  88 162 163   -6.09  -29.09  -11.8   32.0    1.42
  120 CLUS          91 183  64  65 164 165  -15.23  -46.68   -8.7   49.9    0.86
  121 CLUS          91 183  66  90 166 167   -2.60   -7.40   -2.5    8.3    1.08
  122 CLUS          91 183  68  92 168 169   -1.34   -4.47   -3.2    5.9    1.46
  123 CLUS          91 183  70  94 170 171   -9.08   -6.87   -4.9   12.5    1.33
  124 CLUS          91 183  72  96 172 173   -6.02   -5.62   -3.4    9.2    2.22
  125 CLUS          91 183  74  98 174 175   -1.34    0.25   -0.7    2.0    1.34
  126 CLUS          91 183  75 102 176 177  -89.78  114.93  688.3  703.6    0.85
  127 CLUS          91 183  77  42 178 179  -12.46   14.34  171.9  173.0    2.54
  128 CLUS          91 184  79  44 180 181   -0.01    0.01 2784.5 2784.5    1.84
  129 CLUS          91 185  81  59 182 182   -0.07   -0.15-3032.0 3032.0    0.94
  130 CLUS          91 183  83 104 183 184   -0.21    0.22  350.8  350.8    2.89
  131 CLUS          91 183  85  47 185 186   -5.66   -2.57  -28.0   28.8    1.29
  132 CLUS          91 183  87  61 187 188  -10.44  -53.91  -22.0   59.2    1.70
  133 CLUS          91 183  89  63 189 190   -7.16  -20.30   -4.3   22.0    1.06
  134 CLUS          91 183  91  67 191 192   -2.82  -11.68   -8.1   14.7    2.19
  135 CLUS          91 183  93  69 193 194   -2.67   -1.77   -1.1    3.6    1.09
  136 CLUS          91 183  95  71 195 196  -53.61  -46.17  -31.7   77.5    1.70
  137 CLUS          91 183  97  73 197 198   -3.15   -1.29   -0.7    3.6    0.89
  138 CLUS          91 183  99  45 199 200   -0.32    0.08   -2.4    3.9    3.09
  139 CLUS          91 183 101 108 201 202  -11.59   14.81   90.4   92.3    1.72
  140 CLUS          91 183 103 100 203 204  -13.27   16.93  103.9  106.1    2.22
  141 CLUS          91 183 105  78 205 206   -0.02    0.02  302.7  302.7    0.79
  142 CLUS          91 183 107  76 207 208   -2.35    2.72   30.3   30.5    0.87
  143 CLUS          91 183 109 106 209 210   -2.35    2.71   31.0   31.2    0.73

                              ---CLUSTER DECAYS---    

 IHEP    ID      IDPDG IST MO1 MO2 DA1 DA2   P-X     P-Y     P-Z  ENERGY    MASS
  144 ETA          221 197 110  10 284 286   -0.84   -0.45   41.0   41.0    0.55
  145 K+           321   1 110  10   0   0    0.35    0.97   48.3   48.4    0.49
  146 F_2          225 197 111  14 287 288   -0.25   -1.11   -5.9    6.1    1.27
  147 OMEGA        223 197 111  14 289 291   -0.79    0.17   -4.7    4.9    0.78
  148 SIGMA+      3222 197 112  14 292 293   -0.46   -0.33   -4.3    4.5    1.19
  149 SGMA*BR-   -3224 197 112  14 294 295   -2.42   -1.82  -21.6   21.9    1.38
  150 PI0          111   1 113  14   0   0   -0.07    0.04   -5.5    5.5    0.13
  151 PI+          211   1 113  14   0   0    0.23   -0.78  -13.8   13.9    0.14
  152 PI-         -211   1 114  14   0   0    0.02    0.01   -5.4    5.4    0.14
  153 B_1+       10213 197 114  14 296 297   -0.10   -1.48  -88.1   88.1    1.23
  154 ETA          221 197 115  14 298 299    0.17   -0.65 -178.4  178.4    0.55
  155 A_10       20113 197 115  14 300 301    0.47   -0.85 -215.1  215.1    1.23
  156 PI-         -211   1 116  14   0   0    0.84   -1.26 -618.3  618.3    0.14
  157 RHO+         213 197 116  14 302 303    0.08    0.37 -268.8  268.8    0.77
  158 PI-         -211   1 117  14   0   0   -0.36   -0.16-1379.5 1379.5    0.14
  159 PI+          211   1 117  14   0   0    0.27   -0.01 -387.7  387.7    0.14
  160 RHO+         213 197 118  25 304 305   -1.44  -10.66   -3.3   11.3    0.77
  161 PI-         -211   1 118  25   0   0   -1.42   -7.24   -3.0    8.0    0.14
  162 K*0          313 197 119  25 306 307   -4.34  -21.04   -8.5   23.1    0.90
  163 KBAR0       -311 197 119  25 308 308   -1.75   -8.06   -3.3    8.9    0.50
  164 PI-         -211   1 120  25   0   0   -1.20   -3.20   -0.7    3.5    0.14
  165 PI+          211   1 120  25   0   0  -14.03  -43.47   -8.0   46.4    0.14
  166 PI0          111   1 121  25   0   0   -2.41   -6.57   -1.9    7.2    0.13
  167 PI0          111   1 121  25   0   0   -0.19   -0.84   -0.6    1.1    0.13
  168 ETA          221 197 122  25 309 311   -0.79   -1.57   -1.2    2.2    0.55
  169 RHO+         213 197 122  25 312 313   -0.56   -2.90   -2.0    3.7    0.77
  170 PI+          211   1 123  25   0   0   -5.24   -3.31   -2.5    6.7    0.14
  171 K0           311 197 123  25 314 314   -3.84   -3.56   -2.4    5.8    0.50
  172 A_1+       20213 197 124  25 315 316   -3.84   -3.89   -2.4    6.1    1.23
  173 K*0          313 197 124  25 317 318   -2.17   -1.73   -1.0    3.1    0.90
  174 PI0          111   1 125  25   0   0   -1.33    0.24   -0.3    1.4    0.13
  175 K+           321   1 125  25   0   0   -0.00    0.00   -0.4    0.6    0.49
  176 PI-         -211   1 126  38   0   0  -57.83   74.03  443.3  453.1    0.14
  177 K+           321   1 126  38   0   0  -31.95   40.90  245.0  250.4    0.49
  178 DELTA0      2114 197 127  38 319 320   -4.82    5.59   66.1   66.5    1.23
  179 DELTABR-   -2214 197 127  38 321 322   -7.64    8.75  105.8  106.5    1.23
  180 PI+          211   1 128  10   0   0   -0.36    0.04  269.0  269.0    0.14
  181 DELTA0      2114 197 128  10 323 324    0.35   -0.03 2515.6 2515.6    1.23
  182 P           2212   1 129  14   0   0   -0.07   -0.15-3032.0 3032.0    0.94
  183 SIGMA*-     3114 197 130  10 325 326   -0.18    0.38  297.5  297.5    1.39
  184 NBAR       -2112   1 130  10   0   0   -0.03   -0.16   53.3   53.3    0.94
  185 PI+          211   1 131  14   0   0   -0.45   -0.51   -2.1    2.2    0.14
  186 PI-         -211   1 131  14   0   0   -5.21   -2.06  -25.9   26.5    0.14
  187 RHO+         213 197 132  25 327 328   -4.53  -21.76   -8.9   23.9    0.77
  188 OMEGA        223 197 132  25 329 331   -5.91  -32.16  -13.1   35.2    0.78
  189 PI0          111   1 133  25   0   0   -1.74   -4.35   -0.8    4.8    0.13
  190 RHO0         113 197 133  25 332 333   -5.42  -15.95   -3.5   17.2    0.77
  191 N           2112   1 134  25   0   0   -1.90   -6.08   -4.7    8.0    0.94
  192 PBAR       -2212   1 134  25   0   0   -0.92   -5.60   -3.4    6.7    0.94
  193 RHO-        -213 197 135  25 334 335   -1.92   -1.32   -1.0    2.7    0.77
  194 PI0          111   1 135  25   0   0   -0.75   -0.45   -0.0    0.9    0.13
  195 K-          -321   1 136  25   0   0   -6.20   -5.21   -3.6    8.9    0.49
  196 RHO0         113 197 136  25 336 337  -47.41  -40.96  -28.1   68.7    0.77
  197 KBAR0       -311 197 137  25 338 338   -1.29   -0.73   -0.4    1.6    0.50
  198 PI-         -211   1 137  25   0   0   -1.85   -0.56   -0.3    2.0    0.14
  199 SIGMA-      3112 197 138  25 339 340   -0.02   -0.58   -0.3    1.4    1.20
  200 DELTABR0   -2114 197 138  25 341 342   -0.31    0.66   -2.1    2.6    1.23
  201 KL_1-     -10323 197 139  38 343 344  -10.49   13.29   81.3   83.1    1.57
  202 PI0          111   1 139  38   0   0   -1.11    1.52    9.1    9.3    0.13
  203 K*_2-       -325 197 140  38 345 347   -8.38   11.34   66.6   68.1    1.43
  204 K+           321   1 140  38   0   0   -4.88    5.59   37.3   38.0    0.49
  205 PI0          111   1 141  10   0   0    0.13    0.24  251.4  251.4    0.13
  206 PI0          111   1 141  10   0   0   -0.14   -0.22   51.3   51.3    0.13
  207 PI-         -211   1 142  38   0   0   -0.51    0.95   11.6   11.7    0.14
  208 PI+          211   1 142  38   0   0   -1.84    1.77   18.7   18.8    0.14
  209 PI+          211   1 143  38   0   0   -1.50    1.33   15.3   15.4    0.14
  210 PI0          111   1 143  38   0   0   -0.85    1.38   15.7   15.8    0.13

                            ---H/W/Z BOSON DECAYS---  

 IHEP    ID      IDPDG IST MO1 MO2 DA1 DA2   P-X     P-Y     P-Z  ENERGY    MASS
  211 BQRK           5 123  24 212 213 212   88.13   84.76  510.0  524.4    4.95
  212 BBAR          -5 124  24 211 217 211  177.22   11.44 1216.1 1229.0    4.95

                              ---PARTON SHOWERS---    

 IHEP    ID      IDPDG IST MO1 MO2 DA1 DA2   P-X     P-Y     P-Z  ENERGY    MASS
  213 BQRK          94 143 211  24 215 216   88.38   84.78  511.7  526.2    6.82
  214 CONE           0 100 211 212   0   0    0.35   -0.50    3.0    3.1    0.00
  215 BQRK           5   2 213 216 219 218   71.08   66.32  408.4  419.8    4.95
  216 GLUON         21   2 213 218 220 221   17.30   18.46  103.3  106.3    0.75
  217 BBAR          94 144 212  24 218 218  176.97   11.43 1214.4 1227.3    4.95
  218 BBAR          -5   2 217 219 222 221  176.97   11.43 1214.4 1227.3    4.95

                              ---GLUON SPLITTING---   

 IHEP    ID      IDPDG IST MO1 MO2 DA1 DA2   P-X     P-Y     P-Z  ENERGY    MASS
  219 BQRK           5 158 213 220 245 222   71.08   66.32  408.4  419.8    4.95
  220 UBAR          -2 158 213 221 245 219    4.77    5.23   28.7   29.6    0.32
  221 UQRK           2 158 213 227 246 220    4.94    5.20   29.4   30.2    0.32
  222 BBAR          -5 158 217 219 257 244   94.60    6.27  649.0  655.9    4.95
  223 SBAR          -3 159 217 224 254 238   13.42    0.87   92.1   93.0    0.50
  224 SQRK           3 159 213 231 247 223    0.95    0.44    6.1    6.2    0.50
  225 DBAR          -1 159 217 226 249 228    1.31    0.15    8.9    9.0    0.32
  226 DQRK           1 159 213 233 248 225    1.55    1.58    9.3    9.5    0.32
  227 DBAR          -1 159 217 228 246 221    0.88    0.17    6.0    6.0    0.32
  228 DQRK           1 159 213 225 249 227    2.40    2.49   14.3   14.7    0.32
  229 UBAR          -2 159 217 230 251 232   24.73    1.58  169.7  171.5    0.32
  230 UQRK           2 159 213 235 250 229    0.75    0.65    4.6    4.7    0.32
  231 UBAR          -2 159 217 232 247 224    2.11    0.18   14.4   14.6    0.32
  232 UQRK           2 159 213 229 251 231    0.59    0.33    3.8    3.9    0.32
  233 SBAR          -3 159 217 234 248 226    1.01    0.37    6.6    6.7    0.50
  234 SQRK           3 159 213 237 252 233    1.22    1.08    7.5    7.7    0.50
  235 SBAR          -3 159 217 236 250 230   15.64    1.01  107.3  108.5    0.50
  236 SQRK           3 159 213 239 253 235    1.63    0.25   11.0   11.2    0.50
  237 UBAR          -2 159 217 238 252 234    1.30    0.15    8.8    8.9    0.32
  238 UQRK           2 159 213 223 254 237    0.62    0.26    4.0    4.1    0.32
  239 UBAR          -2 159 217 240 253 236    6.23    0.41   42.8   43.2    0.32
  240 UQRK           2 159 213 241 255 239    0.74    0.20    4.9    5.0    0.32
  241 DBAR          -1 159 217 242 255 240    6.72    0.44   46.1   46.6    0.32
  242 DQRK           1 159 213 243 256 241    1.01    0.16    6.9    6.9    0.32
  243 DBAR          -1 159 217 244 256 242    3.28    0.24   22.5   22.7    0.32
  244 DQRK           1 159 213 222 257 243    1.88    0.17   12.9   13.0    0.32

                             ---CLUSTER FORMATION---  

 IHEP    ID      IDPDG IST MO1 MO2 DA1 DA2   P-X     P-Y     P-Z  ENERGY    MASS
  245 CLUS          91 183 219 220 258 259   75.85   71.55  437.1  449.4    5.75
  246 CLUS          91 183 221 227 260 261    5.82    5.37   35.3   36.3    2.14
  247 CLUS          91 183 224 231 262 263    3.05    0.62   20.6   20.8    1.14
  248 CLUS          91 183 226 233 264 265    2.56    1.95   15.9   16.3    1.26
  249 CLUS          91 183 228 225 266 267    3.70    2.65   23.2   23.7    1.89
  250 CLUS          91 183 230 235 268 269   16.39    1.66  111.9  113.2    3.37
  251 CLUS          91 183 232 229 270 271   25.33    1.91  173.5  175.4    2.94
  252 CLUS          91 183 234 237 272 273    2.52    1.23   16.3   16.6    1.34
  253 CLUS          91 183 236 239 274 275    7.86    0.66   53.8   54.4    1.19
  254 CLUS          91 183 238 223 276 277   14.03    1.14   96.1   97.1    1.97
  255 CLUS          91 183 240 241 278 279    7.46    0.64   51.1   51.6    1.17
  256 CLUS          91 183 242 243 280 281    4.29    0.40   29.3   29.7    0.77
  257 CLUS          91 183 244 222 282 283   96.48    6.43  661.9  668.9    5.51

                              ---CLUSTER DECAYS---    

 IHEP    ID      IDPDG IST MO1 MO2 DA1 DA2   P-X     P-Y     P-Z  ENERGY    MASS
  258 B*BAR0      -513 197 245 213 348 349   73.37   68.79  422.1  434.0    5.32
  259 PI-         -211   1 245 213   0   0    2.49    2.76   15.0   15.5    0.14
  260 F_2          225 197 246 213 350 351    3.56    3.68   22.3   23.0    1.27
  261 RHO+         213 197 246 213 352 353    2.26    1.69   13.0   13.3    0.77
  262 K*BAR0      -313 197 247 213 354 355    2.64    0.49   16.6   16.8    0.90
  263 PI-         -211   1 247 213   0   0    0.41    0.13    4.0    4.0    0.14
  264 PI-         -211   1 248 213   0   0    1.03    0.38    7.3    7.3    0.14
  265 K+           321   1 248 213   0   0    1.53    1.57    8.6    8.9    0.49
  266 PI-         -211   1 249 213   0   0    0.44    0.43    3.7    3.7    0.14
  267 PI_2+      10215 197 249 213 356 357    3.26    2.22   19.5   20.0    1.67
  268 DELTA0      2114 197 250 213 358 359    9.08    1.68   68.1   68.8    1.23
  269 SIGMABR+   -3112 197 250 213 360 361    7.32   -0.02   43.8   44.4    1.20
  270 DELTA0      2114 197 251 213 362 363   14.27    1.72   95.0   96.1    1.23
  271 DELTABR0   -2114 197 251 213 364 365   11.05    0.19   78.6   79.3    1.23
  272 K*-         -323 197 252 213 366 367    2.34    0.99   12.9   13.2    0.89
  273 PI0          111   1 252 213   0   0    0.18    0.24    3.4    3.4    0.13
  274 K-          -321   1 253 213   0   0    1.35    0.07    9.7    9.8    0.49
  275 PI0          111   1 253 213   0   0    6.52    0.59   44.1   44.6    0.13
  276 PI+          211   1 254 213   0   0    2.20    0.18   14.6   14.7    0.14
  277 KDL_20     10315 197 254 213 368 369   11.83    0.96   81.5   82.4    1.77
  278 PI+          211   1 255 213   0   0    0.68    0.14    3.6    3.7    0.14
  279 RHO0         113 197 255 213 370 371    6.78    0.50   47.5   48.0    0.77
  280 PI-         -211   1 256 213   0   0    3.56    0.14   22.7   23.0    0.14
  281 PI+          211   1 256 213   0   0    0.73    0.25    6.6    6.7    0.14
  282 PI-         -211   1 257 213   0   0    1.14    0.09    7.8    7.9    0.14
  283 B*+          523 197 257 213 372 373   95.34    6.35  654.0  661.0    5.32

                           ---STRONG HADRON DECAYS--- 

 IHEP    ID      IDPDG IST MO1 MO2 DA1 DA2   P-X     P-Y     P-Z  ENERGY    MASS
  284 PI+          211   1 144  10   0   0   -0.20   -0.18    7.1    7.1    0.14
  285 PI-         -211   1 144  10   0   0   -0.22   -0.12   16.3   16.3    0.14
  286 GAMMA         22   1 144  10   0   0   -0.42   -0.15   17.6   17.6    0.00
  287 PI+          211   1 146  14   0   0    0.03   -0.05   -0.0    0.2    0.14
  288 PI-         -211   1 146  14   0   0   -0.28   -1.06   -5.9    6.0    0.14
  289 PI+          211   1 147  14   0   0   -0.18    0.20   -1.2    1.3    0.14
  290 PI-         -211   1 147  14   0   0   -0.31    0.10   -2.7    2.7    0.14
  291 PI0          111   1 147  14   0   0   -0.29   -0.13   -0.8    0.9    0.13
  292 N           2112   1 148  14   0   0   -0.43   -0.39   -4.1    4.3    0.94
  293 PI+          211   1 148  14   0   0   -0.03    0.06   -0.2    0.3    0.14
  294 LAMBDABR   -3122 198 149  14 374 375   -1.69   -1.34  -14.9   15.1    1.12
  295 PI-         -211   1 149  14   0   0   -0.73   -0.48   -6.8    6.8    0.14
  296 OMEGA        223 198 153  14 376 378   -0.20   -1.52  -73.5   73.5    0.78
  297 PI+          211   1 153  14   0   0    0.10    0.03  -14.6   14.6    0.14
  298 GAMMA         22   1 154  14   0   0   -0.15   -0.44 -116.8  116.8    0.00
  299 GAMMA         22   1 154  14   0   0    0.32   -0.22  -61.6   61.6    0.00
  300 RHO+         213 198 155  14 379 380    0.29   -0.61 -100.0  100.0    0.77
  301 PI-         -211   1 155  14   0   0    0.18   -0.24 -115.1  115.1    0.14
  302 PI+          211   1 157  14   0   0   -0.17    0.19 -220.5  220.5    0.14
  303 PI0          111   1 157  14   0   0    0.25    0.19  -48.3   48.3    0.13
  304 PI+          211   1 160  25   0   0   -0.12   -2.30   -0.9    2.5    0.14
  305 PI0          111   1 160  25   0   0   -1.32   -8.36   -2.3    8.8    0.13
  306 K+           321   1 162  25   0   0   -4.16  -20.29   -8.2   22.3    0.49
  307 PI-         -211   1 162  25   0   0   -0.18   -0.75   -0.3    0.8    0.14
  308 K_L0         130   1 163  25   0   0   -1.75   -8.06   -3.3    8.9    0.50
  309 PI+          211   1 168  25   0   0   -0.45   -0.96   -0.8    1.3    0.14
  310 PI-         -211   1 168  25   0   0   -0.16   -0.21   -0.1    0.3    0.14
  311 PI0          111   1 168  25   0   0   -0.18   -0.41   -0.3    0.6    0.13
  312 PI+          211   1 169  25   0   0   -0.40   -2.48   -1.4    2.9    0.14
  313 PI0          111   1 169  25   0   0   -0.15   -0.42   -0.6    0.8    0.13
  314 K_S0         310 198 171  25 381 382   -3.84   -3.56   -2.4    5.8    0.50
  315 RHO+         213 198 172  25 383 384   -2.90   -3.38   -1.8    4.9    0.77
  316 PI0          111   1 172  25   0   0   -0.94   -0.51   -0.6    1.2    0.13
  317 K+           321   1 173  25   0   0   -1.00   -0.55   -0.4    1.3    0.49
  318 PI-         -211   1 173  25   0   0   -1.17   -1.18   -0.7    1.8    0.14
  319 N           2112   1 178  38   0   0   -4.41    5.32   61.9   62.3    0.94
  320 PI0          111   1 178  38   0   0   -0.41    0.28    4.1    4.2    0.13
  321 NBAR       -2112   1 179  38   0   0   -5.33    6.42   75.8   76.3    0.94
  322 PI-         -211   1 179  38   0   0   -2.31    2.33   30.0   30.2    0.14
  323 N           2112   1 181  10   0   0    0.15   -0.17 1662.9 1662.9    0.94
  324 PI0          111   1 181  10   0   0    0.20    0.14  852.6  852.6    0.13
  325 LAMBDA      3122 198 183  10 385 386   -0.28    0.42  224.4  224.4    1.12
  326 PI-         -211   1 183  10   0   0    0.10   -0.03   73.1   73.1    0.14
  327 PI+          211   1 187  25   0   0   -2.15  -10.67   -4.7   11.9    0.14
  328 PI0          111   1 187  25   0   0   -2.38  -11.09   -4.2   12.1    0.13
  329 PI+          211   1 188  25   0   0   -3.79  -19.78   -8.2   21.8    0.14
  330 PI-         -211   1 188  25   0   0   -1.04   -6.09   -2.3    6.6    0.14
  331 PI0          111   1 188  25   0   0   -1.08   -6.28   -2.6    6.9    0.13
  332 PI+          211   1 190  25   0   0   -4.14  -12.59   -3.0   13.6    0.14
  333 PI-         -211   1 190  25   0   0   -1.28   -3.36   -0.5    3.6    0.14
  334 PI-         -211   1 193  25   0   0   -0.04   -0.00   -0.1    0.2    0.14
  335 PI0          111   1 193  25   0   0   -1.88   -1.32   -0.9    2.5    0.13
  336 PI+          211   1 196  25   0   0  -10.80   -9.71   -6.5   15.9    0.14
  337 PI-         -211   1 196  25   0   0  -36.61  -31.25  -21.6   52.8    0.14
  338 K_S0         310 198 197  25 387 388   -1.29   -0.73   -0.4    1.6    0.50
  339 N           2112   1 199  25   0   0   -0.13   -0.36   -0.1    1.0    0.94
  340 PI-         -211   1 199  25   0   0    0.12   -0.22   -0.2    0.3    0.14
  341 NBAR       -2112   1 200  25   0   0   -0.34    0.30   -1.5    1.8    0.94
  342 PI0          111   1 200  25   0   0    0.03    0.36   -0.6    0.8    0.13
  343 K-          -321   1 201  38   0   0   -7.15    9.28   56.5   57.7    0.49
  344 OMEGA        223 198 201  38 389 391   -3.34    4.01   24.8   25.3    0.78
  345 K*-         -323 198 203  38 392 393   -4.73    6.74   38.2   39.0    0.89
  346 PI0          111   1 203  38   0   0   -1.29    1.42    9.0    9.3    0.13
  347 PI0          111   1 203  38   0   0   -2.37    3.19   19.4   19.8    0.13
  348 B_DBAR0     -511 200 258 213 394 394   72.77   68.18  418.7  430.4    5.28
  349 GAMMA         22   1 258 213   0   0    0.59    0.61    3.5    3.6    0.00
  350 PI+          211   1 260 213   0   0    2.67    2.59   13.5   14.0    0.14
  351 PI-         -211   1 260 213   0   0    0.90    1.09    8.8    8.9    0.14
  352 PI+          211   1 261 213   0   0    1.74    0.90    8.4    8.6    0.14
  353 PI0          111   1 261 213   0   0    0.52    0.79    4.6    4.7    0.13
  354 KBAR0       -311 198 262 213 398 398    1.60    0.12    8.5    8.7    0.50
  355 PI0          111   1 262 213   0   0    1.04    0.36    8.1    8.1    0.13
  356 RHO0         113 198 267 213 399 400    1.71    0.67    7.2    7.5    0.77
  357 PI+          211   1 267 213   0   0    1.55    1.55   12.3   12.5    0.14
  358 N           2112   1 268 213   0   0    7.72    1.60   57.2   57.7    0.94
  359 PI0          111   1 268 213   0   0    1.36    0.08   11.0   11.0    0.13
  360 NBAR       -2112   1 269 213   0   0    4.72    0.04   28.5   28.9    0.94
  361 PI+          211   1 269 213   0   0    2.60   -0.06   15.3   15.5    0.14
  362 N           2112   1 270 213   0   0   12.46    1.37   81.7   82.6    0.94
  363 PI0          111   1 270 213   0   0    1.82    0.35   13.3   13.4    0.13
  364 NBAR       -2112   1 271 213   0   0    9.40    0.31   65.6   66.3    0.94
  365 PI0          111   1 271 213   0   0    1.65   -0.11   12.9   13.1    0.13
  366 KBAR0       -311 198 272 213 401 401    1.56    0.58    9.8    9.9    0.50
  367 PI-         -211   1 272 213   0   0    0.78    0.41    3.1    3.2    0.14
  368 K0           311 198 277 213 402 402    3.35    0.27   23.1   23.4    0.50
  369 F_2          225 198 277 213 403 404    8.49    0.69   58.4   59.0    1.27
  370 PI+          211   1 279 213   0   0    0.50   -0.07    3.0    3.1    0.14
  371 PI-         -211   1 279 213   0   0    6.28    0.57   44.4   44.9    0.14
  372 B+           521 199 283 213 414 415   94.19    6.23  646.3  653.1    5.28
  373 GAMMA         22   1 283 213   0   0    1.15    0.11    7.8    7.9    0.00
  374 NBAR       -2112   1 294  14   0   0   -1.44   -1.13  -13.3   13.4    0.94
  375 PI0          111   1 294  14   0   0   -0.25   -0.21   -1.6    1.6    0.13
  376 PI+          211   1 296  14   0   0   -0.13   -0.09   -8.0    8.0    0.14
  377 PI-         -211   1 296  14   0   0   -0.01   -0.17   -6.6    6.6    0.14
  378 PI0          111   1 296  14   0   0   -0.06   -1.25  -58.9   58.9    0.13
  379 PI+          211   1 300  14   0   0   -0.04    0.10  -34.6   34.6    0.14
  380 PI0          111   1 300  14   0   0    0.32   -0.71  -65.4   65.4    0.13
  381 PI+          211   1 314  25   0   0   -2.48   -2.53   -1.7    3.9    0.14
  382 PI-         -211   1 314  25   0   0   -1.36   -1.03   -0.7    1.9    0.14
  383 PI+          211   1 315  25   0   0   -2.82   -3.25   -1.7    4.6    0.14
  384 PI0          111   1 315  25   0   0   -0.08   -0.12   -0.2    0.3    0.13
  385 P           2212   1 325  10   0   0   -0.20    0.30  200.5  200.5    0.94
  386 PI-         -211   1 325  10   0   0   -0.07    0.12   23.9   23.9    0.14
  387 PI0          111   1 338  25   0   0   -0.57   -0.09   -0.1    0.6    0.13
  388 PI0          111   1 338  25   0   0   -0.72   -0.64   -0.3    1.0    0.13
  389 PI+          211   1 344  38   0   0   -0.42    0.72    4.5    4.6    0.14
  390 PI-         -211   1 344  38   0   0   -2.27    2.37   15.4   15.7    0.14
  391 PI0          111   1 344  38   0   0   -0.66    0.92    4.8    5.0    0.13
  392 K-          -321   1 345  38   0   0   -2.08    2.66   16.2   16.6    0.49
  393 PI0          111   1 345  38   0   0   -2.65    4.08   21.9   22.5    0.13
  394 B_DBAR0     -511 198 348 213 395 397   72.77   68.18  418.7  430.4    5.28
  395 E-            11   1 394 213   0   0   32.75   30.30  189.8  195.0    0.00
  396 NU_EBAR      -12   1 394 213   0   0    6.87    5.41   32.9   34.1    0.00
  397 D*+          413 198 394 213 405 406   33.16   32.48  195.9  201.3    2.01
  398 K_S0         310 198 354 213 407 408    1.60    0.12    8.5    8.7    0.50
  399 PI+          211   1 356 213   0   0    0.31    0.46    2.0    2.0    0.14
  400 PI-         -211   1 356 213   0   0    1.40    0.21    5.2    5.4    0.14
  401 K_S0         310 198 366 213 409 410    1.56    0.58    9.8    9.9    0.50
  402 K_L0         130   1 368 213   0   0    3.35    0.27   23.1   23.4    0.50
  403 PI0          111   1 369 213   0   0    0.28    0.03    1.1    1.2    0.13
  404 PI0          111   1 369 213   0   0    8.21    0.66   57.2   57.8    0.13
  405 D+           411 198 397 213 411 413   30.71   30.03  181.2  186.3    1.87
  406 PI0          111   1 397 213   0   0    2.45    2.45   14.7   15.1    0.13
  407 PI0          111   1 398 213   0   0    0.98   -0.04    6.0    6.0    0.13
  408 PI0          111   1 398 213   0   0    0.62    0.17    2.6    2.7    0.13
  409 PI+          211   1 401 213   0   0    0.84    0.28    6.3    6.4    0.14
  410 PI-         -211   1 401 213   0   0    0.72    0.30    3.5    3.5    0.14
  411 K-          -321   1 405 213   0   0   27.16   26.53  161.2  165.6    0.49
  412 PI+          211   1 405 213   0   0    0.69    0.49    3.2    3.3    0.14
  413 PI+          211   1 405 213   0   0    2.85    3.00   16.9   17.4    0.14

                           ---HEAVY PARTICLE DECAYS---

 IHEP    ID      IDPDG IST MO1 MO2 DA1 DA2   P-X     P-Y     P-Z  ENERGY    MASS
  414 UQRK           2 125 372 418 419 418    5.71    0.38   39.2   39.6    0.32
  415 BBAR          -5 155 372 414 416 418   88.48    5.85  607.1  613.6    4.96
  416 DBAR          -1 123 415 417 420 417   11.51   -0.31   73.0   73.9    0.32
  417 UQRK           2 124 415 416 422 416   21.41    2.08  144.6  146.1    0.32
  418 CBAR          -4 124 415 415 424 415   55.56    4.09  389.5  393.5    1.55
  419 UQRK           2 160 414 428 429 428    5.71    0.38   39.2   39.6    0.32

                              ---PARTON SHOWERS---    

 IHEP    ID      IDPDG IST MO1 MO2 DA1 DA2   P-X     P-Y     P-Z  ENERGY    MASS
  420 DBAR          94 143 416 415 421 421   11.51   -0.31   73.0   73.9    0.32
  421 DBAR          -1   2 420 423 426 423   11.51   -0.31   73.0   73.9    0.32
  422 UQRK          94 144 417 415 423 423   21.41    2.08  144.6  146.1    0.32
  423 UQRK           2   2 422 426 427 426   21.41    2.08  144.6  146.1    0.32
  424 CBAR          94 144 418 415 425 425   55.56    4.09  389.5  393.5    1.55
  425 CBAR          -4   2 424 419 428 419   55.56    4.09  389.5  393.5    1.55

                              ---GLUON SPLITTING---   

 IHEP    ID      IDPDG IST MO1 MO2 DA1 DA2   P-X     P-Y     P-Z  ENERGY    MASS
  426 DBAR          -1 158 420 427 430 427   11.51   -0.31   73.0   73.9    0.32
  427 UQRK           2 158 422 426 430 426   21.41    2.08  144.6  146.1    0.32
  428 CBAR          -4 158 424 419 429 419   55.56    4.09  389.5  393.5    1.55

                             ---CLUSTER FORMATION---  

 IHEP    ID      IDPDG IST MO1 MO2 DA1 DA2   P-X     P-Y     P-Z  ENERGY    MASS
  429 CLUS          91 183 419 428 431 431   61.25    4.48  429.0  433.4    1.86
  430 CLUS          91 183 427 426 432 433   32.93    1.75  217.3  219.8    2.25

                              ---CLUSTER DECAYS---    

 IHEP    ID      IDPDG IST MO1 MO2 DA1 DA2   P-X     P-Y     P-Z  ENERGY    MASS
  431 DBAR0       -421 196 429 414 434 435   61.25    4.48  429.0  433.4    1.86
  432 P           2212   1 430 422   0   0   15.64    1.08  104.0  105.2    0.94
  433 DELTABR0   -2114 197 430 422 436 437   17.30    0.67  113.2  114.6    1.23

                           ---STRONG HADRON DECAYS--- 

 IHEP    ID      IDPDG IST MO1 MO2 DA1 DA2   P-X     P-Y     P-Z  ENERGY    MASS
  434 K+           321   1 431 414   0   0    6.32    0.50   43.0   43.5    0.49
  435 RHO-        -213 198 431 414 438 439   54.93    3.98  386.0  389.9    0.77
  436 PBAR       -2212   1 433 422   0   0   11.70    0.54   75.6   76.5    0.94
  437 PI+          211   1 433 422   0   0    5.60    0.12   37.6   38.0    0.14
  438 PI-         -211   1 435 414   0   0   17.66    1.39  121.9  123.2    0.14
  439 PI0          111   1 435 414   0   0   37.27    2.60  264.1  266.7    0.13

 HWWARN CALLED FROM SUBPROGRAM HWDFOR: CODE = 101
 EVENT      18:   SEEDS = 1499654602 &  564732234  WEIGHT = 0.5907E-03
 EVENT KILLED.   EXECUTION CONTINUES

 HWWARN CALLED FROM SUBPROGRAM HWDFIV: CODE = 101
 EVENT    7260:   SEEDS =  977063500 & 1855262718  WEIGHT =-0.5907E-03
 EVENT KILLED.   EXECUTION CONTINUES

          OUTPUT ON LES HOUCHES EVENTS


      PROC CODE  XSECT(pb)        XERR(pb)      Max wgt(nb) No. of events


          OUTPUT ON ELEMENTARY PROCESS

          N.B. NEGATIVE WEIGHTS ALLOWED

          NUMBER OF EVENTS   =        9998
          NEGATIVE  EVENTS   =        2645
          NUMBER OF WEIGHTS  =       10000
          NEGATIVE  WEIGHTS  =        2646
          MEAN VALUE OF WGT  =  2.7808E-04
          RMS SPREAD IN WGT  =  5.2111E-04
          MEAN ABS WEIGHT    =  5.9066E-04
          ACTUAL MAX ABS WGT =  1.0000E+00
          ASSUMED MAXABS WGT =  2.7808E-04

          PROCESS CODE IPROC =      -18000
          CROSS SECTION (PB) =  0.2781    
          ERROR IN C-S  (PB) =  5.2110E-03
          EFFICIENCY PERCENT =   100.0    
 # of events processed=        9998
