 Enter filename for events
 Enter maximum number of events to generate
 MUST coincide with the number of events on tape
 Enter 0 to use Herwig default PDFs
       1 to use PDFs from library
 Enter colliding particles (PART1, PART2)
 Enter beam momenta (PBEAM1, PBEAM2)


          HERWIG 6.521  11th Mar. 2013

          Please reference:  G. Marchesini, B.R. Webber,
          G.Abbiendi, I.G.Knowles, M.H.Seymour & L.Stanco
          Computer Physics Communications 67 (1992) 465
                             and
          G.Corcella, I.G.Knowles, G.Marchesini, S.Moretti,
          K.Odagiri, P.Richardson, M.H.Seymour & B.R.Webber,
          JHEP 0101 (2001) 010
 Enter .TRUE. for underlying event, .FALSE. otherwise

 Underlying event WILL NOT be generated

 Enter Lambda_QCD, <0 for Herwig default
 Enter Z mass, width
 Enter W mass, width
 Enter top mass, width
 Enter Higgs (SM) boson mass, width
 Enter quark (d,u,s,c,b) and gluon masses
 Enter lepton (e,mu,tau) masses
 Enter number of events to print
 Enter accepted error fraction
 Is it single-top (.TRUE. or .FALSE)?
 Is it b-bbar (.TRUE. or .FALSE)?
 Enter the two random seeds (0 0 for default)

          INPUT CONDITIONS FOR THIS RUN

          BEAM 1 (P       ) MOM. =   6500.00
          BEAM 2 (P       ) MOM. =   6500.00
          PROCESS CODE (IPROC)   =  -18000
          NUMBER OF FLAVOURS     =    6
          STRUCTURE FUNCTION SET =    8
          AZIM SPIN CORRELATIONS =    T
          AZIM SOFT CORRELATIONS =    T
          QCD LAMBDA (GEV)       =    0.1800
          DOWN     QUARK  MASS   =    0.3200
          UP       QUARK  MASS   =    0.3200
          STRANGE  QUARK  MASS   =    0.5000
          CHARMED  QUARK  MASS   =    1.5500
          BOTTOM   QUARK  MASS   =    4.9500
          TOP      QUARK  MASS   =  173.0000
          GLUON EFFECTIVE MASS   =    0.7500
          EXTRA SHOWER CUTOFF (Q)=    0.4800
          EXTRA SHOWER CUTOFF (G)=    0.1000
          PHOTON SHOWER CUTOFF   =    0.4000
          CLUSTER MASS PARAMETER =    3.3500
          SPACELIKE EVOLN CUTOFF =    2.5000
          INTRINSIC P-TRAN (RMS) =    0.0000
          DECAY SPIN CORRELATIONS=    T
          SUSY THREE BODY ME     =    T
          SUSY FOUR  BODY ME     =    F

          NO EVENTS WILL BE WRITTEN TO DISK

          B_d: Delt-M/Gam =0.7000 Delt-Gam/2*Gam =0.0000
          B_s: Delt-M/Gam = 10.00 Delt-Gam/2*Gam =0.2000

          PDFLIB NOT USED FOR BEAM 1
          PDFLIB NOT USED FOR BEAM 2


          Checking consistency of particle properties


          Checking consistency of decay tables


          WRITING SUDAKOV TABLE ON UNIT  77

          WRITING MATRIX ELEMENT TABLE ON UNIT  88

          CHECKING SUSY DECAY MATRIX ELEMENTS
 Do you want a stable Pi0 (.TRUE. or .FALSE)?
 Do you want a stable W+ (.TRUE. or .FALSE)?
 Do you want a stable W- (.TRUE. or .FALSE)?
 Do you want a stable Z0 (.TRUE. or .FALSE)?
 Do you want a stable Tau+ (.TRUE. or .FALSE)?
 Do you want a stable Tau- (.TRUE. or .FALSE)?
 Do you want a stable Mu+ (.TRUE. or .FALSE)?
 Do you want a stable Mu- (.TRUE. or .FALSE)?
 Do you want a stable Higgs (.TRUE. or .FALSE)?

          PARTICLE TYPE  21=PI0      SET STABLE
 How many decay modes do you want to set?
 How are the events normalized ("average" or "sum")?
 stdhep initialized

          SUBROUTINE TIMEL CALLED BUT NOT LINKED.
          DUMMY TIMEL WILL BE USED. DELETE DUMMY
          AND LINK CERNLIB FOR CPU TIME REMAINING.

 HWWARN CALLED FROM SUBPROGRAM HWSMRS: CODE =   5
 EVENT       1:   SEEDS = 1973774260 & 1099242306  WEIGHT = 0.5926E-03
 EVENT SURVIVES. EXECUTION CONTINUES
 WARNING: MRST98 CALLED WITH Q OUTSIDE ALLOWED RANGE!
 Q VALUE=1.430E+04, MINIMUM=1.118E+00, MAXIMUM=3.162E+03
 NO FURTHER WARNINGS WILL BE ISSUED



 EVENT       1: 6500.00 GEV/C P        ON  6500.00 GEV/C P        PROCESS:-18000
 SEEDS:  1973774260 &  1099242306   STATUS:  100 ERROR:   0  WEIGHT:  5.9256E-04


                               ---INITIAL STATE---    

 IHEP    ID      IDPDG IST MO1 MO2 DA1 DA2   P-X     P-Y     P-Z  ENERGY    MASS
    1 P           2212 101   0   0   0   0    0.00    0.00 6500.0 6500.0    0.94
    2 P           2212 102   0   0   0   0    0.00    0.00-6500.0 6500.0    0.94
    3 CMF            0 103   1   2   0   0    0.00    0.00    0.013000.013000.00

                              ---HARD SUBPROCESS---   

 IHEP    ID      IDPDG IST MO1 MO2 DA1 DA2   P-X     P-Y     P-Z  ENERGY    MASS
    4 DQRK           1 121   6   8  10   9    0.00    0.00 1894.4 1894.4    0.32
    5 UQRK           2 122   6   9  12   8    0.00    0.00-1339.9 1339.9    0.32
    6 HARD           0 120   4   5   7   9    0.29   20.48  554.5 3234.3 3186.36
    7 HIGGS         25 123   6   7  19   7  -70.21  203.44  963.3  994.9  125.00
    8 DQRK           1 124   6   5  20   4   91.45 -171.87-1316.5 1330.8    0.32
    9 UQRK           2 124   6   4  25   5  -21.24  -31.57  907.7  908.5    0.32

                              ---PARTON SHOWERS---    

 IHEP    ID      IDPDG IST MO1 MO2 DA1 DA2   P-X     P-Y     P-Z  ENERGY    MASS
   10 DQRK          94 141   4   6  11  11    0.00    0.00 1894.9 1894.9    0.46
   11 UU          2203   2  10  22  35  34    0.00    0.00 4605.1 4605.1    0.32
   12 UQRK          94 142   5   6  14  18    0.29   20.48-1340.4 1339.4  -56.85
   13 CONE           0 100   5   8   0   0    0.47   -0.88   -4.6    4.7    0.00
   14 GLUON         21   2  12  15  36  37   -0.97   -4.51  -25.6   26.0    0.75
   15 GLUON         21   2  12  16  38  39    0.61   -6.85  -92.2   92.4    0.75
   16 GLUON         21   2  12  17  40  41   -0.44   -8.07  -94.3   94.6    0.75
   17 GLUON         21   2  12  18  42  43    0.51   -1.05  -54.6   54.6    0.75
   18 UD          2101   2  12  27  44  43    0.00    0.00-4893.0 4893.0    0.29
   19 HIGGS         25 195   7   6 175 176  -70.11  209.72  963.2  996.1  125.00
   20 DQRK          94 144   8   6  22  24   91.56 -163.43-1316.3 1329.6   12.98
   21 CONE           0 100   8   5   0   0   -0.16    0.28   -4.9    4.9    0.00
   22 DQRK           1   2  20  23  45  35   39.78  -74.34 -635.0  640.6    0.32
   23 UBAR          -2   2  20  24  46  45    4.13   -6.08  -46.8   47.4    0.32
   24 UQRK           2   2  20  36  47  46   47.64  -83.01 -634.4  641.6    0.32
   25 UQRK          94 144   9   6  27  34  -21.15  -25.81  907.6  908.5   23.27
   26 CONE           0 100   9   4   0   0    0.33    0.40   13.0   13.0    0.00
   27 UQRK           2   2  25  28  48  44   -4.98   -0.11   95.7   95.8    0.32
   28 GLUON         21   2  25  29  49  50   -5.48   -0.16   82.3   82.5    0.75
   29 GLUON         21   2  25  30  51  52   -1.17   -1.56   83.2   83.2    0.75
   30 GLUON         21   2  25  31  53  54   -2.37   -2.48  107.5  107.5    0.75
   31 GLUON         21   2  25  32  55  56   -2.98   -6.70  210.5  210.7    0.75
   32 GLUON         21   2  25  33  57  58   -2.82   -5.47  125.7  125.8    0.75
   33 UBAR          -2   2  25  34  59  58   -0.45   -1.16   17.3   17.3    0.32
   34 UQRK           2   2  25  35  60  59   -0.90   -8.18  185.5  185.7    0.32

                              ---GLUON SPLITTING---   

 IHEP    ID      IDPDG IST MO1 MO2 DA1 DA2   P-X     P-Y     P-Z  ENERGY    MASS
   35 UU          2203 161  10  45 105  64   -0.00   -0.01 1227.6 1227.6    0.64
   36 DBAR          -1 158  12  37 113  80   -0.27   -1.66   -8.9    9.0    0.32
   37 DQRK           1 158  12  38  91  36   -0.46   -1.84  -11.5   11.7    0.32
   38 DBAR          -1 158  12  39  91  37    0.21   -2.35  -33.8   33.9    0.32
   39 DQRK           1 158  12  40  92  38    0.40   -4.50  -58.3   58.5    0.32
   40 UBAR          -2 158  12  41  92  39   -0.04   -2.26  -25.9   26.0    0.32
   41 UQRK           2 158  12  42  93  40   -0.40   -5.81  -68.4   68.6    0.32
   42 UBAR          -2 158  12  43  93  41    0.05   -0.43  -25.3   25.3    0.32
   43 UQRK           2 158  12  65  94  42    0.21   -0.28  -20.8   20.8    0.32
   44 UD          2101 162  12  48 104  62    0.00   -0.00-4248.1 4248.1    0.64
   45 DQRK           1 158  20  67  95  35   30.08  -56.20 -480.1  484.3    0.32
   46 UBAR          -2 158  20  47 107  68    3.86   -5.69  -43.8   44.4    0.32
   47 UQRK           2 158  20  73  96  46   14.77  -25.73 -196.7  198.9    0.32
   48 UQRK           2 158  25  49  97  44   -4.98   -0.11   95.7   95.8    0.32
   49 UBAR          -2 158  25  50  97  48   -3.72   -0.03   53.8   53.9    0.32
   50 UQRK           2 158  25  51  98  49   -1.76   -0.13   28.5   28.6    0.32
   51 DBAR          -1 158  25  52  98  50   -0.27   -0.54   23.7   23.7    0.32
   52 DQRK           1 158  25  53  99  51   -0.90   -1.02   59.5   59.5    0.32
   53 UBAR          -2 158  25  54  99  52   -1.39   -1.28   54.4   54.4    0.32
   54 UQRK           2 158  25  55 100  53   -0.98   -1.20   53.1   53.1    0.32
   55 UBAR          -2 158  25  56 100  54   -1.11   -2.16   67.9   68.0    0.32
   56 UQRK           2 158  25  57 101  55   -1.88   -4.53  142.6  142.7    0.32
   57 DBAR          -1 158  25  58 101  56   -2.13   -3.98   90.4   90.5    0.32
   58 DQRK           1 158  25  59 102  57   -0.70   -1.49   35.3   35.3    0.32
   59 UBAR          -2 158  25  60 102  58   -0.45   -1.16   17.3   17.3    0.32
   60 UQRK           2 158  25  77 103  59   -0.34   -3.09   70.6   70.7    0.32
   61 DBAR          -1 159  12  62 106  66    0.00   -0.01 -485.2  485.2    0.32
   62 DQRK           1 159  12  44 104  61    0.02   -0.02 -113.4  113.4    0.32
   63 UBAR          -2 159  10  64 116  86   -0.00   -0.00 1254.0 1254.0    0.32
   64 UQRK           2 159  25  35 105  63   -0.00   -0.02  148.7  148.7    0.32
   65 UBAR          -2 159  12  66  94  43    0.07   -0.09  -33.6   33.6    0.32
   66 UQRK           2 159  12  61 106  65    0.16   -0.21  -21.1   21.1    0.32
   67 DBAR          -1 159  20  68  95  45    6.11  -11.37  -97.0   97.9    0.32
   68 DQRK           1 159  20  46 107  67    3.87   -7.15  -60.9   61.4    0.32
   69 DBAR          -1 159  12  70 109  72    0.31   -0.87   -6.0    6.1    0.32
   70 DQRK           1 159  20  79 108  69   10.51  -18.33 -140.0  141.6    0.32
   71 DBAR          -1 159  12  72 110  74    0.25   -0.82   -5.6    5.6    0.32
   72 DQRK           1 159  20  69 109  71    3.04   -5.34  -40.8   41.2    0.32
   73 SBAR          -3 159  12  74  96  47    7.64  -13.35 -102.0  103.1    0.50
   74 SQRK           3 159  20  71 110  73    9.09  -15.88 -121.3  122.7    0.50
   75 UBAR          -2 159  10  76 112  78   -0.00   -0.01  453.5  453.5    0.32
   76 UQRK           2 159  25  83 111  75   -0.22   -1.97   45.9   45.9    0.32
   77 DBAR          -1 159  10  78 103  60   -0.04   -0.35   14.5   14.5    0.32
   78 DQRK           1 159  25  75 112  77   -0.04   -0.39   14.7   14.7    0.32
   79 DBAR          -1 159  12  80 108  70    0.15   -0.78   -5.0    5.1    0.32
   80 DQRK           1 159  20  36 113  79    1.64   -2.93  -22.3   22.5    0.32
   81 UBAR          -2 159  10  82 117  88   -0.00   -0.00  486.7  486.7    0.32
   82 UQRK           2 159  25  85 114  81   -0.05   -0.48   15.6   15.6    0.32
   83 SBAR          -3 159  10  84 111  76   -0.03   -0.29   25.8   25.8    0.50
   84 SQRK           3 159  25  89 115  83   -0.12   -1.04   29.0   29.0    0.50
   85 SBAR          -3 159  10  86 114  82   -0.00   -0.02  263.4  263.4    0.50
   86 SQRK           3 159  25  63 116  85   -0.02   -0.18   35.1   35.2    0.50
   87 SBAR          -3 159  10  88 118  90   -0.00   -0.02  331.3  331.3    0.50
   88 SQRK           3 159  25  81 117  87   -0.00   -0.02  320.0  320.0    0.50
   89 DBAR          -1 159  10  90 115  84   -0.01   -0.06   39.2   39.2    0.32
   90 DQRK           1 159  25  87 118  89   -0.03   -0.24   15.0   15.0    0.32

                             ---CLUSTER FORMATION---  

 IHEP    ID      IDPDG IST MO1 MO2 DA1 DA2   P-X     P-Y     P-Z  ENERGY    MASS
   91 CLUS          91 183  37  38 119 120   -0.25   -4.18  -45.4   45.6    2.12
   92 CLUS          91 183  39  40 121 122    0.36   -6.77  -84.2   84.4    0.86
   93 CLUS          91 183  41  42 123 124   -0.35   -6.24  -93.7   94.0    2.93
   94 CLUS          91 183  43  65 125 126    0.28   -0.37  -54.4   54.5    0.75
   95 CLUS          91 183  45  67 127 128   36.19  -67.58 -577.2  582.2    0.86
   96 CLUS          91 183  47  73 129 130   22.41  -39.09 -298.7  302.0    0.94
   97 CLUS          91 183  48  49 131 132   -8.70   -0.14  149.4  149.7    1.39
   98 CLUS          91 183  50  51 133 134   -2.03   -0.66   52.2   52.3    1.53
   99 CLUS          91 183  52  53 135 136   -2.29   -2.31  113.8  113.9    0.95
  100 CLUS          91 183  54  55 137 138   -2.08   -3.36  121.1  121.1    0.86
  101 CLUS          91 183  56  57 139 140   -4.00   -8.51  233.0  233.2    1.93
  102 CLUS          91 183  58  59 141 142   -1.15   -2.65   52.6   52.7    0.93
  103 CLUS          91 183  60  77 143 144   -0.38   -3.44   85.1   85.2    1.05
  104 CLUS          91 185  62  44 145 146    0.02   -0.03-4361.5 4361.5    2.10
  105 CLUS          91 184  64  35 147 148   -0.00   -0.02 1376.3 1376.3    1.19
  106 CLUS          91 183  66  61 149 150    0.16   -0.22 -506.2  506.3    2.05
  107 CLUS          91 183  68  46 151 152    7.72  -12.84 -104.7  105.8    1.54
  108 CLUS          91 183  70  79 153 154   10.66  -19.11 -145.1  146.7    2.22
  109 CLUS          91 183  72  69 155 156    3.35   -6.21  -46.8   47.3    1.05
  110 CLUS          91 183  74  71 157 158    9.34  -16.70 -126.9  128.3    1.84
  111 CLUS          91 183  76  83 159 160   -0.25   -2.27   71.7   71.7    1.43
  112 CLUS          91 183  78  75 161 162   -0.04   -0.39  468.2  468.2    2.85
  113 CLUS          91 183  80  36 163 164    1.37   -4.59  -31.2   31.6    1.80
  114 CLUS          91 183  82  85 165 166   -0.05   -0.50  279.0  279.0    2.44
  115 CLUS          91 183  84  89 167 168   -0.12   -1.10   68.1   68.1    1.46
  116 CLUS          91 183  86  63 169 170   -0.02   -0.18 1289.2 1289.2    3.23
  117 CLUS          91 183  88  81 171 172   -0.00   -0.02  806.7  806.7    0.89
  118 CLUS          91 183  90  87 173 174   -0.03   -0.25  346.3  346.3    1.97

                              ---CLUSTER DECAYS---    

 IHEP    ID      IDPDG IST MO1 MO2 DA1 DA2   P-X     P-Y     P-Z  ENERGY    MASS
  119 N           2112   1  91  12   0   0    0.19   -2.27  -20.6   20.7    0.94
  120 NBAR       -2112   1  91  12   0   0   -0.44   -1.91  -24.8   24.9    0.94
  121 PI0          111   1  92  12   0   0    0.16   -2.54  -36.6   36.7    0.13
  122 PI-         -211   1  92  12   0   0    0.20   -4.23  -47.6   47.8    0.14
  123 DELTA0      2114 197  93  12 241 242    0.13   -2.69  -51.0   51.1    1.23
  124 DELTABR0   -2114 197  93  12 243 244   -0.48   -3.55  -42.7   42.8    1.23
  125 PI0          111   1  94  12   0   0    0.32   -0.40  -20.8   20.8    0.13
  126 PI0          111   1  94  12   0   0   -0.05    0.03  -33.7   33.7    0.13
  127 PI0          111   1  95  20   0   0   35.15  -65.69 -561.2  566.1    0.13
  128 PI0          111   1  95  20   0   0    1.04   -1.89  -16.0   16.1    0.13
  129 PI0          111   1  96  20   0   0   16.08  -28.02 -214.2  216.6    0.13
  130 K+           321   1  96  20   0   0    6.33  -11.07  -84.5   85.5    0.49
  131 B_1+       10213 197  97  25 245 246   -7.78   -0.13  134.9  135.1    1.23
  132 PI-         -211   1  97  25   0   0   -0.92   -0.01   14.5   14.6    0.14
  133 RHO+         213 197  98  25 247 248   -2.06   -0.47   50.5   50.5    0.77
  134 PI0          111   1  98  25   0   0    0.03   -0.19    1.8    1.8    0.13
  135 RHO0         113 197  99  25 249 250   -1.79   -1.78   91.9   91.9    0.77
  136 PI-         -211   1  99  25   0   0   -0.49   -0.53   21.9   22.0    0.14
  137 PI0          111   1 100  25   0   0   -1.42   -1.59   58.8   58.8    0.13
  138 PI0          111   1 100  25   0   0   -0.66   -1.77   62.3   62.3    0.13
  139 PI0          111   1 101  25   0   0   -3.27   -7.16  186.8  187.0    0.13
  140 RHO+         213 197 101  25 251 252   -0.74   -1.35   46.1   46.2    0.77
  141 PI-         -211   1 102  25   0   0   -0.74   -1.54   38.2   38.2    0.14
  142 PI0          111   1 102  25   0   0   -0.41   -1.10   14.4   14.4    0.13
  143 PI+          211   1 103  25   0   0   -0.16   -1.46   33.5   33.5    0.14
  144 OMEGA        223 197 103  25 253 255   -0.22   -1.98   51.7   51.7    0.78
  145 RHO-        -213 197 104  12 256 257    0.03   -0.28-1472.7 1472.7    0.77
  146 DELTA+      2214 197 104  12 258 259   -0.01    0.26-2888.8 2888.8    1.23
  147 PI+          211   1 105  25   0   0   -0.14    0.01  130.5  130.5    0.14
  148 P           2212   1 105  25   0   0    0.14   -0.03 1245.9 1245.9    0.94
  149 PI+          211   1 106  12   0   0   -0.03    0.56 -109.0  109.1    0.14
  150 B_10       10113 197 106  12 260 261    0.20   -0.78 -397.2  397.2    1.23
  151 OMEGA        223 197 107  20 262 264    4.82   -8.60  -72.2   72.9    0.78
  152 PI-         -211   1 107  20   0   0    2.90   -4.23  -32.5   32.9    0.14
  153 P           2212   1 108  20   0   0    7.77  -14.21 -105.5  106.8    0.94
  154 PBAR       -2212   1 108  20   0   0    2.88   -4.89  -39.5   40.0    0.94
  155 K0           311 197 109  20 265 265    2.07   -3.85  -28.2   28.5    0.50
  156 KBAR0       -311 197 109  20 266 266    1.28   -2.36  -18.6   18.8    0.50
  157 K*BAR0      -313 197 110  20 267 268    5.15   -8.56  -64.7   65.5    0.90
  158 OMEGA        223 197 110  20 269 271    4.20   -8.14  -62.1   62.8    0.78
  159 PI0          111   1 111  25   0   0    0.29   -0.87   20.4   20.4    0.13
  160 K*+          323 197 111  25 272 273   -0.54   -1.40   51.2   51.3    0.89
  161 DELTA+      2214 197 112  25 274 275   -0.41   -0.41  330.4  330.4    1.23
  162 DLTABR--   -2224 197 112  25 276 277    0.37    0.01  137.7  137.7    1.23
  163 RHO-        -213 197 113  20 278 279    1.11   -3.50  -22.2   22.6    0.77
  164 RHO+         213 197 113  20 280 281    0.26   -1.09   -8.9    9.0    0.77
  165 P           2212   1 114  25   0   0    0.42   -0.25   83.1   83.1    0.94
  166 SIGMABR0   -3212 197 114  25 282 283   -0.48   -0.25  195.9  195.9    1.19
  167 K-          -321   1 115  25   0   0   -0.23    0.14   25.9   25.9    0.49
  168 PI+          211   1 115  25   0   0    0.11   -1.24   42.2   42.2    0.14
  169 SIGMA-      3112 197 116  25 284 285   -0.80   -0.32  378.5  378.5    1.20
  170 DELTABR0   -2114 197 116  25 286 287    0.78    0.14  910.7  910.7    1.23
  171 KBAR0       -311 197 117  25 288 288   -0.09   -0.02  272.5  272.5    0.50
  172 PI-         -211   1 117  25   0   0    0.09    0.00  534.2  534.2    0.14
  173 K0           311 197 118  25 289 289    0.12   -0.27  104.3  104.3    0.50
  174 HH_10      10333 197 118  25 290 291   -0.15    0.02  242.0  242.0    1.40

                            ---H/W/Z BOSON DECAYS---  

 IHEP    ID      IDPDG IST MO1 MO2 DA1 DA2   P-X     P-Y     P-Z  ENERGY    MASS
  175 BQRK           5 123  19 176 177 176   -5.30   51.03   71.8   88.4    4.95
  176 BBAR          -5 124  19 175 182 175  -64.81  158.69  891.4  907.7    4.95

                              ---PARTON SHOWERS---    

 IHEP    ID      IDPDG IST MO1 MO2 DA1 DA2   P-X     P-Y     P-Z  ENERGY    MASS
  177 BQRK          94 143 175  19 179 181   -8.18   56.63  111.4  128.1   27.10
  178 CONE           0 100 175 176   0   0   -0.06   -0.71    0.8    1.1    0.00
  179 BQRK           5   2 177 180 186 185  -11.97   54.64   99.7  114.5    4.95
  180 GLUON         21   2 177 181 187 188    1.63    3.40    4.0    5.5    0.75
  181 GLUON         21   2 177 184 189 190    2.16   -1.42    7.7    8.1    0.75
  182 BBAR          94 144 176  19 184 185  -61.93  153.09  851.8  868.0   24.16
  183 CONE           0 100 176 175   0   0   -0.34    1.86    4.7    5.1    0.00
  184 GLUON         21   2 182 185 191 192   -0.49    6.76   18.8   20.0    0.75
  185 BBAR          -5   2 182 186 193 192  -61.44  146.33  833.0  848.0    4.95

                              ---GLUON SPLITTING---   

 IHEP    ID      IDPDG IST MO1 MO2 DA1 DA2   P-X     P-Y     P-Z  ENERGY    MASS
  186 BQRK           5 158 177 196 208 193   -9.45   43.97   80.1   92.0    4.95
  187 UBAR          -2 158 177 188 212 195    0.57    1.20    1.4    2.0    0.32
  188 UQRK           2 158 177 189 209 187    0.39    1.07    1.3    1.8    0.32
  189 DBAR          -1 158 177 190 209 188    0.78   -0.66    2.7    2.9    0.32
  190 DQRK           1 158 177 191 210 189    1.39   -0.75    5.0    5.2    0.32
  191 DBAR          -1 158 182 192 210 190   -0.05    2.17    5.8    6.2    0.32
  192 DQRK           1 158 182 200 211 191   -0.19    1.62    4.9    5.2    0.32
  193 BBAR          -5 158 182 186 218 207  -47.36  112.91  642.3  653.9    4.95
  194 DBAR          -1 159 177 195 213 197    0.45    1.01    1.2    1.7    0.32
  195 DQRK           1 159 177 187 212 194   -0.55    2.59    4.7    5.4    0.32
  196 UBAR          -2 159 177 197 208 186   -0.14    1.05    1.8    2.1    0.32
  197 UQRK           2 159 177 194 213 196   -1.61    7.17   13.1   15.0    0.32
  198 SBAR          -3 159 182 199 215 201   -4.51   10.75   61.1   62.3    0.50
  199 SQRK           3 159 182 202 214 198   -0.36    1.39    6.0    6.2    0.50
  200 SBAR          -3 159 182 201 211 192   -1.83    4.44   25.0   25.5    0.50
  201 SQRK           3 159 182 198 215 200   -1.00    2.55   13.9   14.2    0.50
  202 DBAR          -1 159 182 203 214 199   -0.58    1.48    8.0    8.2    0.32
  203 DQRK           1 159 182 204 216 202   -0.18    1.28    4.1    4.3    0.32
  204 UBAR          -2 159 182 205 216 203   -0.33    0.99    4.8    5.0    0.32
  205 UQRK           2 159 182 206 217 204   -0.55    1.43    7.7    7.8    0.32
  206 SBAR          -3 159 182 207 217 205   -3.93    9.39   53.4   54.3    0.50
  207 SQRK           3 159 182 193 218 206   -1.07    2.69   14.7   15.0    0.50

                             ---CLUSTER FORMATION---  

 IHEP    ID      IDPDG IST MO1 MO2 DA1 DA2   P-X     P-Y     P-Z  ENERGY    MASS
  208 CLUS          91 183 186 196 219 220   -9.59   45.02   81.9   94.1    5.47
  209 CLUS          91 183 188 189 221 222    1.16    0.41    4.0    4.7    2.04
  210 CLUS          91 183 190 191 223 224    1.34    1.41   10.7   11.4    3.28
  211 CLUS          91 183 192 200 225 226   -2.03    6.07   29.9   30.7    1.93
  212 CLUS          91 183 195 187 227 228    0.02    3.78    6.1    7.4    1.60
  213 CLUS          91 183 197 194 229 230   -1.17    8.17   14.3   16.7    2.34
  214 CLUS          91 183 199 202 231 232   -0.94    2.87   14.0   14.4    0.93
  215 CLUS          91 183 201 198 233 234   -5.51   13.30   75.1   76.4    1.30
  216 CLUS          91 183 203 204 235 236   -0.50    2.27    9.0    9.3    0.80
  217 CLUS          91 183 205 206 237 238   -4.48   10.81   61.0   62.1    1.07
  218 CLUS          91 183 207 193 239 240  -48.42  115.60  657.0  668.9    6.05

                              ---CLUSTER DECAYS---    

 IHEP    ID      IDPDG IST MO1 MO2 DA1 DA2   P-X     P-Y     P-Z  ENERGY    MASS
  219 B-          -521 199 208 177 345 346   -9.51   44.53   81.1   93.1    5.28
  220 PI0          111   1 208 177   0   0   -0.08    0.50    0.9    1.0    0.13
  221 A_0(H)+    10211 197 209 177 292 293    0.72    0.27    2.7    3.1    1.47
  222 ETA          221 197 209 177 294 296    0.44    0.14    1.3    1.5    0.55
  223 FL_1       20223 197 210 177 297 298    0.79    1.13    7.8    8.1    1.28
  224 FP_2         335 197 210 177 299 300    0.55    0.28    2.9    3.3    1.52
  225 PI-         -211   1 211 182   0   0   -1.36    1.63   11.2   11.4    0.14
  226 K+           321   1 211 182   0   0   -0.67    4.43   18.7   19.2    0.49
  227 K*0          313 197 212 177 301 302   -0.30    2.18    4.0    4.6    0.90
  228 K-          -321   1 212 177   0   0    0.32    1.61    2.2    2.8    0.49
  229 PI+          211   1 213 177   0   0    0.44    2.48    4.3    5.0    0.14
  230 A_20         115 197 213 177 303 304   -1.60    5.69   10.1   11.7    1.32
  231 K-          -321   1 214 182   0   0   -0.24    0.86    4.1    4.2    0.49
  232 PI+          211   1 214 182   0   0   -0.70    2.02    9.9   10.2    0.14
  233 K-          -321   1 215 182   0   0   -4.05    8.88   51.3   52.2    0.49
  234 K+           321   1 215 182   0   0   -1.46    4.42   23.7   24.2    0.49
  235 PI-         -211   1 216 182   0   0   -0.28    0.26    1.1    1.2    0.14
  236 PI0          111   1 216 182   0   0   -0.22    2.01    7.9    8.1    0.13
  237 PI+          211   1 217 182   0   0   -0.41    0.97    5.8    5.9    0.14
  238 K*0          313 197 217 182 305 306   -4.07    9.84   55.2   56.2    0.90
  239 KBAR0       -311 197 218 182 307 307   -1.67    4.07   22.8   23.3    0.50
  240 B*0          513 197 218 182 308 309  -46.75  111.53  634.2  645.6    5.32

                           ---STRONG HADRON DECAYS--- 

 IHEP    ID      IDPDG IST MO1 MO2 DA1 DA2   P-X     P-Y     P-Z  ENERGY    MASS
  241 N           2112   1 123  12   0   0    0.18   -1.62  -32.8   32.8    0.94
  242 PI0          111   1 123  12   0   0   -0.05   -1.07  -18.3   18.3    0.13
  243 PBAR       -2212   1 124  12   0   0   -0.60   -2.74  -33.5   33.6    0.94
  244 PI+          211   1 124  12   0   0    0.12   -0.82   -9.2    9.2    0.14
  245 OMEGA        223 198 131  25 310 312   -4.28    0.09   78.9   79.0    0.78
  246 PI+          211   1 131  25   0   0   -3.50   -0.22   56.0   56.1    0.14
  247 PI+          211   1 133  25   0   0   -0.21   -0.15   12.5   12.5    0.14
  248 PI0          111   1 133  25   0   0   -1.85   -0.32   38.0   38.1    0.13
  249 PI+          211   1 135  25   0   0   -0.66   -0.33   34.8   34.8    0.14
  250 PI-         -211   1 135  25   0   0   -1.13   -1.45   57.1   57.1    0.14
  251 PI+          211   1 140  25   0   0   -0.19   -0.22    3.9    3.9    0.14
  252 PI0          111   1 140  25   0   0   -0.55   -1.13   42.2   42.2    0.13
  253 PI+          211   1 144  25   0   0   -0.13   -0.46   13.1   13.1    0.14
  254 PI-         -211   1 144  25   0   0   -0.31   -0.66   17.9   17.9    0.14
  255 PI0          111   1 144  25   0   0    0.22   -0.85   20.7   20.7    0.13
  256 PI-         -211   1 145  12   0   0   -0.17    0.09 -973.5  973.5    0.14
  257 PI0          111   1 145  12   0   0    0.20   -0.38 -499.2  499.2    0.13
  258 P           2212   1 146  12   0   0    0.21    0.15-2152.6 2152.6    0.94
  259 PI0          111   1 146  12   0   0   -0.22    0.11 -736.2  736.2    0.13
  260 OMEGA        223 198 150  12 313 315    0.07   -0.83 -252.8  252.8    0.78
  261 PI0          111   1 150  12   0   0    0.13    0.05 -144.4  144.4    0.13
  262 PI+          211   1 151  20   0   0    0.84   -1.70  -13.5   13.7    0.14
  263 PI-         -211   1 151  20   0   0    0.56   -1.30   -9.8    9.9    0.14
  264 PI0          111   1 151  20   0   0    3.42   -5.61  -48.8   49.3    0.13
  265 K_L0         130   1 155  20   0   0    2.07   -3.85  -28.2   28.5    0.50
  266 K_S0         310 198 156  20 316 317    1.28   -2.36  -18.6   18.8    0.50
  267 K-          -321   1 157  20   0   0    2.92   -4.80  -34.6   35.1    0.49
  268 PI+          211   1 157  20   0   0    2.23   -3.76  -30.1   30.5    0.14
  269 PI+          211   1 158  20   0   0    1.22   -1.77  -14.5   14.6    0.14
  270 PI-         -211   1 158  20   0   0    1.47   -3.08  -23.4   23.6    0.14
  271 PI0          111   1 158  20   0   0    1.51   -3.29  -24.3   24.5    0.13
  272 K+           321   1 160  25   0   0   -0.25   -1.30   41.1   41.2    0.49
  273 PI0          111   1 160  25   0   0   -0.29   -0.10   10.1   10.1    0.13
  274 P           2212   1 161  25   0   0   -0.13   -0.45  257.0  257.0    0.94
  275 PI0          111   1 161  25   0   0   -0.28    0.04   73.4   73.4    0.13
  276 PBAR       -2212   1 162  25   0   0    0.08    0.00  111.9  111.9    0.94
  277 PI-         -211   1 162  25   0   0    0.29    0.01   25.8   25.8    0.14
  278 PI-         -211   1 163  20   0   0    0.24   -1.26   -9.7    9.8    0.14
  279 PI0          111   1 163  20   0   0    0.87   -2.24  -12.6   12.8    0.13
  280 PI+          211   1 164  20   0   0    0.04   -0.34   -5.4    5.5    0.14
  281 PI0          111   1 164  20   0   0    0.22   -0.76   -3.5    3.6    0.13
  282 LAMBDABR   -3122 198 166  25 318 319   -0.44   -0.17  188.4  188.4    1.12
  283 GAMMA         22   1 166  25   0   0   -0.03   -0.08    7.5    7.5    0.00
  284 N           2112   1 169  25   0   0   -0.86   -0.27  318.1  318.1    0.94
  285 PI-         -211   1 169  25   0   0    0.06   -0.05   60.4   60.4    0.14
  286 NBAR       -2112   1 170  25   0   0    0.61    0.11  856.1  856.1    0.94
  287 PI0          111   1 170  25   0   0    0.17    0.03   54.5   54.5    0.13
  288 K_S0         310 198 171  25 320 321   -0.09   -0.02  272.5  272.5    0.50
  289 K_S0         310 198 173  25 322 323    0.12   -0.27  104.3  104.3    0.50
  290 KBAR0       -311 198 174  25 324 324   -0.05    0.01   81.9   81.9    0.50
  291 K*0          313 198 174  25 325 326   -0.10    0.00  160.1  160.1    0.90
  292 K+           321   1 221 177   0   0    0.72    0.56    1.3    1.7    0.49
  293 KBAR0       -311 198 221 177 327 327    0.01   -0.29    1.4    1.5    0.50
  294 PI+          211   1 222 177   0   0    0.13    0.16    0.2    0.3    0.14
  295 PI-         -211   1 222 177   0   0    0.08   -0.01    0.3    0.3    0.14
  296 GAMMA         22   1 222 177   0   0    0.24   -0.01    0.8    0.9    0.00
  297 A_0-    -9000211 198 223 177 328 329    0.56    1.10    6.2    6.4    1.00
  298 PI+          211   1 223 177   0   0    0.23    0.02    1.6    1.7    0.14
  299 K0           311 198 224 177 330 330   -0.31    0.25    0.9    1.1    0.50
  300 KBAR0       -311 198 224 177 331 331    0.86    0.04    2.0    2.2    0.50
  301 K0           311 198 227 177 332 332   -0.32    0.87    1.6    1.9    0.50
  302 PI0          111   1 227 177   0   0    0.03    1.31    2.3    2.7    0.13
  303 RHO+         213 198 230 177 333 334   -0.59    2.66    5.3    6.0    0.77
  304 PI-         -211   1 230 177   0   0   -1.01    3.03    4.8    5.7    0.14
  305 K+           321   1 238 182   0   0   -2.95    7.49   40.4   41.2    0.49
  306 PI-         -211   1 238 182   0   0   -1.12    2.35   14.7   15.0    0.14
  307 K_L0         130   1 239 182   0   0   -1.67    4.07   22.8   23.3    0.50
  308 B_D0         511 200 240 182 335 335  -46.25  110.23  627.0  638.3    5.28
  309 GAMMA         22   1 240 182   0   0   -0.50    1.30    7.2    7.3    0.00
  310 PI+          211   1 245  25   0   0   -2.24   -0.14   43.1   43.1    0.14
  311 PI-         -211   1 245  25   0   0   -0.78    0.01   11.5   11.5    0.14
  312 PI0          111   1 245  25   0   0   -1.26    0.22   24.3   24.3    0.13
  313 PI+          211   1 260  12   0   0    0.23   -0.15 -107.5  107.5    0.14
  314 PI-         -211   1 260  12   0   0   -0.17   -0.23  -55.2   55.2    0.14
  315 PI0          111   1 260  12   0   0    0.00   -0.45  -90.2   90.2    0.13
  316 PI0          111   1 266  20   0   0    0.65   -1.46  -12.1   12.2    0.13
  317 PI0          111   1 266  20   0   0    0.63   -0.90   -6.5    6.6    0.13
  318 PBAR       -2212   1 282  25   0   0   -0.29   -0.10  161.2  161.2    0.94
  319 PI+          211   1 282  25   0   0   -0.15   -0.08   27.2   27.2    0.14
  320 PI0          111   1 288  25   0   0   -0.15    0.14  195.4  195.4    0.13
  321 PI0          111   1 288  25   0   0    0.06   -0.16   77.2   77.2    0.13
  322 PI+          211   1 289  25   0   0   -0.00   -0.29   37.4   37.4    0.14
  323 PI-         -211   1 289  25   0   0    0.12    0.01   66.9   66.9    0.14
  324 K_L0         130   1 290  25   0   0   -0.05    0.01   81.9   81.9    0.50
  325 K+           321   1 291  25   0   0   -0.23    0.13   70.0   70.0    0.49
  326 PI-         -211   1 291  25   0   0    0.13   -0.12   90.2   90.2    0.14
  327 K_S0         310 198 293 177 336 337    0.01   -0.29    1.4    1.5    0.50
  328 ETA          221 198 297 177 338 340    0.40    0.28    3.1    3.2    0.55
  329 PI-         -211   1 297 177   0   0    0.16    0.83    3.1    3.2    0.14
  330 K_S0         310 198 299 177 341 342   -0.31    0.25    0.9    1.1    0.50
  331 K_S0         310 198 300 177 343 344    0.86    0.04    2.0    2.2    0.50
  332 K_L0         130   1 301 177   0   0   -0.32    0.87    1.6    1.9    0.50
  333 PI+          211   1 303 177   0   0   -0.63    1.41    2.5    3.0    0.14
  334 PI0          111   1 303 177   0   0    0.04    1.25    2.8    3.0    0.13
  335 B_D0         511 199 308 182 378 379  -46.25  110.23  627.0  638.3    5.28
  336 PI+          211   1 327 177   0   0   -0.10    0.06    0.4    0.5    0.14
  337 PI-         -211   1 327 177   0   0    0.10   -0.35    0.9    1.0    0.14
  338 PI0          111   1 328 177   0   0    0.14    0.26    1.8    1.8    0.13
  339 PI0          111   1 328 177   0   0    0.11   -0.04    0.6    0.7    0.13
  340 PI0          111   1 328 177   0   0    0.14    0.06    0.7    0.7    0.13
  341 PI0          111   1 330 177   0   0   -0.36    0.25    0.5    0.7    0.13
  342 PI0          111   1 330 177   0   0    0.05   -0.00    0.4    0.4    0.13
  343 PI+          211   1 331 177   0   0    0.79   -0.01    1.4    1.6    0.14
  344 PI-         -211   1 331 177   0   0    0.07    0.05    0.6    0.6    0.14

                           ---HEAVY PARTICLE DECAYS---

 IHEP    ID      IDPDG IST MO1 MO2 DA1 DA2   P-X     P-Y     P-Z  ENERGY    MASS
  345 BQRK           5 155 219 346 347 349   -8.94   41.83   76.1   87.5    4.96
  346 UBAR          -2 125 219 349 350 349   -0.58    2.70    4.9    5.6    0.32
  347 SQRK           3 123 345 348 351 348   -5.85   21.40   42.1   47.6    0.50
  348 CBAR          -4 124 345 347 353 347   -3.00   17.97   29.5   34.7    1.55
  349 UQRK           2 124 345 345 355 345   -0.09    2.45    4.6    5.2    0.32
  350 UBAR          -2 160 346 359 363 359   -0.58    2.70    4.9    5.6    0.32

                              ---PARTON SHOWERS---    

 IHEP    ID      IDPDG IST MO1 MO2 DA1 DA2   P-X     P-Y     P-Z  ENERGY    MASS
  351 SQRK          94 143 347 345 352 352   -5.85   21.40   42.1   47.6    0.50
  352 SQRK           3   2 351 354 357 354   -5.85   21.40   42.1   47.6    0.50
  353 CBAR          94 144 348 345 354 354   -3.00   17.97   29.5   34.7    1.55
  354 CBAR          -4   2 353 357 358 357   -3.00   17.97   29.5   34.7    1.55
  355 UQRK          94 144 349 345 356 356   -0.09    2.45    4.6    5.2    0.32
  356 UQRK           2   2 355 350 359 350   -0.09    2.45    4.6    5.2    0.32

                              ---GLUON SPLITTING---   

 IHEP    ID      IDPDG IST MO1 MO2 DA1 DA2   P-X     P-Y     P-Z  ENERGY    MASS
  357 SQRK           3 158 351 360 362 358   -4.52   16.58   32.5   36.8    0.50
  358 CBAR          -4 158 353 357 364 361   -2.84   16.26   27.0   31.7    1.55
  359 UQRK           2 158 355 350 363 350   -0.09    2.45    4.6    5.2    0.32
  360 UBAR          -2 159 353 361 362 357   -0.59    2.89    5.1    5.9    0.32
  361 UQRK           2 159 351 358 364 360   -0.91    3.64    6.9    7.9    0.32

                             ---CLUSTER FORMATION---  

 IHEP    ID      IDPDG IST MO1 MO2 DA1 DA2   P-X     P-Y     P-Z  ENERGY    MASS
  362 CLUS          91 183 357 360 365 366   -5.10   19.46   37.6   42.7    1.28
  363 CLUS          91 183 359 350 367 368   -0.66    5.15    9.5   10.9    0.80
  364 CLUS          91 183 361 358 369 370   -3.75   19.91   33.9   39.6    2.11

                              ---CLUSTER DECAYS---    

 IHEP    ID      IDPDG IST MO1 MO2 DA1 DA2   P-X     P-Y     P-Z  ENERGY    MASS
  365 K*BAR0      -313 197 362 351 371 372   -4.86   18.11   35.3   40.0    0.90
  366 PI-         -211   1 362 351   0   0   -0.25    1.35    2.3    2.7    0.14
  367 PI+          211   1 363 355   0   0    0.06    2.38    4.5    5.1    0.14
  368 PI-         -211   1 363 355   0   0   -0.72    2.77    5.0    5.8    0.14
  369 PI+          211   1 364 351   0   0   -0.41    1.63    3.1    3.5    0.14
  370 D-          -411 197 364 351 373 375   -3.34   18.28   30.8   36.1    1.87

                           ---STRONG HADRON DECAYS--- 

 IHEP    ID      IDPDG IST MO1 MO2 DA1 DA2   P-X     P-Y     P-Z  ENERGY    MASS
  371 KBAR0       -311 198 365 351 376 376   -2.73   10.48   21.0   23.6    0.50
  372 PI0          111   1 365 351   0   0   -2.12    7.63   14.3   16.4    0.13
  373 NU_MUBAR     -14   1 370 351   0   0   -1.02    3.57    5.8    6.9    0.00
  374 MU-           13   1 370 351   0   0   -0.55    1.61    3.4    3.8    0.11
  375 K0           311 198 370 351 377 377   -1.77   13.10   21.6   25.4    0.50
  376 K_L0         130   1 371 351   0   0   -2.73   10.48   21.0   23.6    0.50
  377 K_L0         130   1 375 351   0   0   -1.77   13.10   21.6   25.4    0.50

                           ---HEAVY PARTICLE DECAYS---

 IHEP    ID      IDPDG IST MO1 MO2 DA1 DA2   P-X     P-Y     P-Z  ENERGY    MASS
  378 DQRK           1 125 335 382 383 382   -2.80    6.68   38.0   38.7    0.32
  379 BBAR          -5 155 335 378 380 382  -43.44  103.55  589.0  599.6    4.96
  380 CBAR          -4 123 379 381 384 381  -11.96   28.27  162.1  165.0    1.55
  381 UQRK           2 124 379 380 386 380  -19.58   44.49  261.3  265.8    0.32
  382 DBAR          -1 124 379 379 388 379  -11.90   30.79  165.5  168.8    0.32
  383 DQRK           1 160 378 392 393 392   -2.80    6.68   38.0   38.7    0.32

                              ---PARTON SHOWERS---    

 IHEP    ID      IDPDG IST MO1 MO2 DA1 DA2   P-X     P-Y     P-Z  ENERGY    MASS
  384 CBAR          94 143 380 379 385 385  -11.96   28.27  162.1  165.0    1.55
  385 CBAR          -4   2 384 387 390 387  -11.96   28.27  162.1  165.0    1.55
  386 UQRK          94 144 381 379 387 387  -19.58   44.49  261.3  265.8    0.32
  387 UQRK           2   2 386 390 391 390  -19.58   44.49  261.3  265.8    0.32
  388 DBAR          94 144 382 379 389 389  -11.90   30.79  165.5  168.8    0.32
  389 DBAR          -1   2 388 383 392 383  -11.90   30.79  165.5  168.8    0.32

                              ---GLUON SPLITTING---   

 IHEP    ID      IDPDG IST MO1 MO2 DA1 DA2   P-X     P-Y     P-Z  ENERGY    MASS
  390 CBAR          -4 158 384 391 394 391  -11.96   28.27  162.1  165.0    1.55
  391 UQRK           2 158 386 390 394 390  -19.58   44.49  261.3  265.8    0.32
  392 DBAR          -1 158 388 383 393 383  -11.90   30.79  165.5  168.8    0.32

                             ---CLUSTER FORMATION---  

 IHEP    ID      IDPDG IST MO1 MO2 DA1 DA2   P-X     P-Y     P-Z  ENERGY    MASS
  393 CLUS          91 183 383 392 395 396  -14.71   37.48  203.5  207.5    1.16
  394 CLUS          91 183 391 390 397 398  -31.54   72.76  423.5  430.8    2.68

                              ---CLUSTER DECAYS---    

 IHEP    ID      IDPDG IST MO1 MO2 DA1 DA2   P-X     P-Y     P-Z  ENERGY    MASS
  395 PI0          111   1 393 378   0   0   -2.04    4.66   27.3   27.8    0.13
  396 PI0          111   1 393 378   0   0  -12.67   32.82  176.3  179.7    0.13
  397 ETA          221 197 394 386 399 400  -11.16   25.48  149.3  151.8    0.55
  398 D*BAR0      -423 197 394 386 401 402  -20.38   47.28  274.2  279.0    2.01

                           ---STRONG HADRON DECAYS--- 

 IHEP    ID      IDPDG IST MO1 MO2 DA1 DA2   P-X     P-Y     P-Z  ENERGY    MASS
  399 GAMMA         22   1 397 386   0   0   -4.63   10.67   63.9   64.9    0.00
  400 GAMMA         22   1 397 386   0   0   -6.53   14.81   85.4   86.9    0.00
  401 DBAR0       -421 198 398 386 403 404  -18.99   44.12  255.6  260.1    1.86
  402 PI0          111   1 398 386   0   0   -1.38    3.15   18.5   18.9    0.13
  403 K*+          323 198 401 386 405 406  -11.82   26.87  154.5  157.2    0.89
  404 RHO-        -213 198 401 386 407 408   -7.17   17.26  101.2  102.9    0.77
  405 K0           311 198 403 386 409 409   -4.22    9.79   56.8   57.8    0.50
  406 PI+          211   1 403 386   0   0   -7.60   17.07   97.7   99.5    0.14
  407 PI-         -211   1 404 386   0   0   -6.91   16.41   96.5   98.1    0.14
  408 PI0          111   1 404 386   0   0   -0.26    0.85    4.7    4.8    0.13
  409 K_L0         130   1 405 386   0   0   -4.22    9.79   56.8   57.8    0.50



 EVENT       2: 6500.00 GEV/C P        ON  6500.00 GEV/C P        PROCESS:-18000
 SEEDS:  1969339344 &  1784761129   STATUS:  100 ERROR:   0  WEIGHT:  5.9256E-04


                               ---INITIAL STATE---    

 IHEP    ID      IDPDG IST MO1 MO2 DA1 DA2   P-X     P-Y     P-Z  ENERGY    MASS
    1 P           2212 101   0   0   0   0    0.00    0.00 6500.0 6500.0    0.94
    2 P           2212 102   0   0   0   0    0.00    0.00-6500.0 6500.0    0.94
    3 CMF            0 103   1   2   0   0    0.00    0.00    0.013000.013000.00

                              ---HARD SUBPROCESS---   

 IHEP    ID      IDPDG IST MO1 MO2 DA1 DA2   P-X     P-Y     P-Z  ENERGY    MASS
    4 DQRK           1 121   6   8  10   9    0.00    0.00  417.4  417.4    0.32
    5 UQRK           2 122   6   9  19   8    0.00    0.00 -391.9  391.9    0.32
    6 HARD           0 120   4   5   7   9   -7.28   -8.26   25.5  809.4  808.89
    7 HIGGS         25 123   6   7  24   7  -94.51 -209.67   12.9  262.1  125.00
    8 DQRK           1 124   6   5  25   4    1.40   35.07 -230.8  233.5    0.32
    9 UQRK           2 124   6   4  30   5   93.11  174.61  243.5  313.7    0.32

                              ---PARTON SHOWERS---    

 IHEP    ID      IDPDG IST MO1 MO2 DA1 DA2   P-X     P-Y     P-Z  ENERGY    MASS
   10 DQRK          94 141   4   6  12  18   -3.20   -5.45  418.2  416.8  -35.05
   11 CONE           0 100   4   9   0   0    0.47    0.88    1.0    1.4    0.00
   12 GLUON         21   2  10  13  38  39   -2.34    2.58    5.9    6.9    0.75
   13 DBAR          -1   2  10  14  40  39    1.35    1.06   10.4   10.5    0.32
   14 DQRK           1   2  10  15  41  40    0.49    0.73    2.0    2.2    0.32
   15 GLUON         21   2  10  16  42  43    1.85    0.96   45.4   45.5    0.75
   16 GLUON         21   2  10  17  44  45    0.60    0.25   32.9   32.9    0.75
   17 GLUON         21   2  10  18  46  47    1.24   -0.13  108.4  108.5    0.75
   18 UU          2203   2  10  27  48  47    0.00    0.00 5876.9 5876.9    0.31
   19 UQRK          94 142   5   6  21  23   -4.08   -2.81 -392.6  392.6   -6.96
   20 CONE           0 100   5   8   0   0    0.04    1.00   -6.0    6.1    0.00
   21 GLUON         21   2  19  22  49  50    0.40   -0.91  -43.6   43.6    0.75
   22 GLUON         21   2  19  23  51  52    3.67    3.72-1101.2 1101.2    0.75
   23 UD          2101   2  19  32  53  52    0.00    0.00-4962.5 4962.5    0.32
   24 HIGGS         25 195   7   6 157 158  -96.57 -211.69   12.9  264.4  125.00
   25 DQRK          94 144   8   6  27  29   -0.70   32.57 -230.1  232.9   15.78
   26 CONE           0 100   8   5   0   0    0.01   -0.46   -3.9    3.9    0.00
   27 DQRK           1   2  25  28  54  48   -3.06   32.68 -211.2  213.7    0.32
   28 GLUON         21   2  25  29  55  56    0.01   -0.32   -3.3    3.4    0.75
   29 GLUON         21   2  25  49  57  58    2.35    0.21  -15.6   15.8    0.75
   30 UQRK          94 144   9   6  32  37   90.00  170.85  242.8  312.0   33.83
   31 CONE           0 100   9   4   0   0   -0.18   -0.34    1.1    1.2    0.00
   32 UQRK           2   2  30  33  59  53   33.50   55.00   84.7  106.4    0.32
   33 GLUON         21   2  30  34  60  61   29.16   49.06   72.6   92.3    0.75
   34 GLUON         21   2  30  35  62  63   11.24   33.93   42.3   55.4    0.75
   35 GLUON         21   2  30  36  64  65   13.27   30.90   42.1   53.9    0.75
   36 GLUON         21   2  30  37  66  67    1.46    1.50    0.5    2.3    0.75
   37 GLUON         21   2  30  38  68  69    1.36    0.46    0.5    1.7    0.75

                              ---GLUON SPLITTING---   

 IHEP    ID      IDPDG IST MO1 MO2 DA1 DA2   P-X     P-Y     P-Z  ENERGY    MASS
   38 UBAR          -2 158  10  39 101  69   -1.06    0.90    2.4    2.8    0.32
   39 UQRK           2 158  10  74  86  38   -0.60    0.82    1.8    2.1    0.32
   40 DBAR          -1 158  10  41 104  75    1.01    0.81    7.8    7.9    0.32
   41 DQRK           1 158  10  76  87  40    0.40    0.60    1.7    1.9    0.32
   42 DBAR          -1 158  10  43 105  77    1.01    0.47   23.2   23.2    0.32
   43 DQRK           1 158  10  44  88  42    0.42    0.30   12.6   12.6    0.32
   44 DBAR          -1 158  10  45  88  43    0.44    0.25   24.5   24.5    0.32
   45 DQRK           1 158  10  46  89  44    0.16    0.00    8.3    8.3    0.32
   46 UBAR          -2 158  10  47  89  45    0.48    0.09   52.7   52.7    0.32
   47 UQRK           2 158  10  70  90  46    0.65   -0.19   50.3   50.3    0.32
   48 UU          2203 161  10  54 102  71    0.00   -0.00 5502.2 5502.2    0.64
   49 DBAR          -1 158  19  50  95  58    0.15   -0.68  -23.7   23.7    0.32
   50 DQRK           1 158  19  51  91  49    0.25   -0.24  -20.0   20.0    0.32
   51 UBAR          -2 158  19  52  91  50    0.92    0.90 -286.9  286.9    0.32
   52 UQRK           2 158  19  78  92  51    2.15    2.20 -637.6  637.6    0.32
   53 UD          2101 162  19  59 103  73    0.02    0.02-2878.7 2878.7    0.64
   54 DQRK           1 158  25  80  93  48   -1.61   17.17 -111.0  112.3    0.32
   55 UBAR          -2 158  25  56 107  81   -0.08    0.02   -2.0    2.1    0.32
   56 UQRK           2 158  25  57  94  55    0.10   -0.25   -1.2    1.3    0.32
   57 UBAR          -2 158  25  58  94  56    1.78    0.09  -11.5   11.6    0.32
   58 UQRK           2 158  25  49  95  57    0.57    0.12   -4.1    4.2    0.32
   59 UQRK           2 158  30  60  96  53   33.50   55.00   84.7  106.4    0.32
   60 DBAR          -1 158  30  61  96  59   19.56   32.61   48.3   61.5    0.32
   61 DQRK           1 158  30  82  97  60    5.13    8.84   13.0   16.5    0.32
   62 UBAR          -2 158  30  63 108  83    2.91    9.13   11.4   14.9    0.32
   63 UQRK           2 158  30  64  98  62    7.65   22.62   28.3   37.0    0.32
   64 UBAR          -2 158  30  65  98  63    9.31   21.90   29.7   38.0    0.32
   65 UQRK           2 158  30  84  99  64    3.05    6.93    9.6   12.2    0.32
   66 DBAR          -1 158  30  67 109  85    0.87    0.94    0.2    1.3    0.32
   67 DQRK           1 158  30  68 100  66    0.46    0.43    0.3    0.8    0.32
   68 DBAR          -1 158  30  69 100  67    0.68    0.44    0.3    0.9    0.32
   69 DQRK           1 158  30  38 101  68    0.69    0.03    0.2    0.8    0.32
   70 DBAR          -1 159  10  71  90  47    0.02   -0.01  304.2  304.2    0.32
   71 DQRK           1 159  10  48 102  70    0.08   -0.02   75.9   75.9    0.32
   72 UBAR          -2 159  19  73 106  79    0.02    0.02 -792.5  792.5    0.32
   73 UQRK           2 159  19  53 103  72    0.02    0.02 -846.5  846.5    0.32
   74 SBAR          -3 159  10  75  86  39    0.14    0.36    2.3    2.4    0.50
   75 SQRK           3 159  10  40 104  74   -0.48    0.74    1.9    2.2    0.50
   76 DBAR          -1 159  10  77  87  41    0.35    0.18    7.7    7.7    0.32
   77 DQRK           1 159  10  42 105  76    0.16    0.14    2.2    2.3    0.32
   78 DBAR          -1 159  19  79  92  52    0.03    0.03 -440.8  440.8    0.32
   79 DQRK           1 159  19  72 106  78    0.52    0.53 -180.8  180.8    0.32
   80 UBAR          -2 159  25  81  93  54   -0.07    0.53   -4.0    4.0    0.32
   81 UQRK           2 159  25  55 107  80   -1.40   14.89  -96.3   97.4    0.32
   82 DBAR          -1 159  30  83  97  61    1.08    2.72    3.6    4.6    0.32
   83 DQRK           1 159  30  62 108  82    4.07    7.06   10.4   13.2    0.32
   84 DBAR          -1 159  30  85  99  65    0.37    0.72    0.9    1.2    0.32
   85 DQRK           1 159  30  66 109  84    0.67    1.47    2.0    2.6    0.32

                             ---CLUSTER FORMATION---  

 IHEP    ID      IDPDG IST MO1 MO2 DA1 DA2   P-X     P-Y     P-Z  ENERGY    MASS
   86 CLUS          91 183  39  74 110 111   -0.46    1.18    4.2    4.5    1.27
   87 CLUS          91 183  41  76 112 113    0.75    0.78    9.4    9.6    1.56
   88 CLUS          91 183  43  44 114 115    0.86    0.55   37.1   37.1    0.77
   89 CLUS          91 183  45  46 116 117    0.64    0.09   61.0   61.0    0.96
   90 CLUS          91 183  47  70 118 119    0.67   -0.19  354.5  354.5    1.89
   91 CLUS          91 183  50  51 120 121    1.16    0.67 -306.8  306.9    1.86
   92 CLUS          91 183  52  78 122 123    2.18    2.23-1078.4 1078.4    2.58
   93 CLUS          91 183  54  80 124 125   -1.68   17.70 -115.0  116.4    1.81
   94 CLUS          91 183  56  57 126 127    1.88   -0.16  -12.7   12.9    1.38
   95 CLUS          91 183  58  49 128 129    0.72   -0.55  -27.8   27.9    1.68
   96 CLUS          91 183  59  60 130 131   53.06   87.61  133.0  167.9    1.55
   97 CLUS          91 183  61  82 132 133    6.21   11.56   16.6   21.2    1.13
   98 CLUS          91 183  63  64 134 135   16.96   44.53   57.9   75.0    2.14
   99 CLUS          91 183  65  84 136 137    3.42    7.65   10.5   13.4    1.16
  100 CLUS          91 183  67  68 138 139    1.14    0.86    0.6    1.7    0.66
  101 CLUS          91 183  69  38 140 141   -0.38    0.93    2.6    3.6    2.21
  102 CLUS          91 184  71  48 142 143    0.09   -0.03 5578.1 5578.1    2.92
  103 CLUS          91 185  73  53 144 144    0.04    0.04-3725.2 3725.2    0.94
  104 CLUS          91 183  75  40 145 146    0.54    1.55    9.7   10.1    2.14
  105 CLUS          91 183  77  42 147 148    1.17    0.61   25.4   25.5    1.19
  106 CLUS          91 183  79  72 149 150    0.54    0.55 -973.3  973.3    1.75
  107 CLUS          91 183  81  55 151 152   -1.47   14.91  -98.3   99.5    3.06
  108 CLUS          91 183  83  62 153 154    6.98   16.19   21.7   28.1    2.05
  109 CLUS          91 183  85  66 155 156    1.54    2.42    2.2    3.9    1.54

                              ---CLUSTER DECAYS---    

 IHEP    ID      IDPDG IST MO1 MO2 DA1 DA2   P-X     P-Y     P-Z  ENERGY    MASS
  110 PI+          211   1  86  10   0   0    0.05   -0.07    0.5    0.6    0.14
  111 K*0          313 197  86  10 204 205   -0.50    1.26    3.6    4.0    0.90
  112 PI-         -211   1  87  10   0   0    0.16    0.23    0.7    0.8    0.14
  113 A_1+       20213 197  87  10 206 207    0.60    0.55    8.7    8.8    1.23
  114 PI-         -211   1  88  10   0   0    0.30    0.52   12.3   12.3    0.14
  115 PI+          211   1  88  10   0   0    0.56    0.04   24.8   24.8    0.14
  116 PI-         -211   1  89  10   0   0   -0.01    0.04    7.0    7.0    0.14
  117 RHO0         113 197  89  10 208 209    0.66    0.06   54.0   54.0    0.77
  118 RHO+         213 197  90  10 210 211    0.26   -0.26  266.8  266.8    0.77
  119 RHO0         113 197  90  10 212 213    0.41    0.07   87.7   87.7    0.77
  120 HL_10      10223 197  91  19 214 215    1.34    0.52 -211.3  211.3    1.17
  121 PI-         -211   1  91  19   0   0   -0.18    0.14  -95.6   95.6    0.14
  122 DELTA++     2224 197  92  19 216 217    0.74    0.33 -352.9  352.9    1.23
  123 PBAR       -2212   1  92  19   0   0    1.44    1.90 -725.5  725.5    0.94
  124 PI0          111   1  93  25   0   0   -0.88    9.45  -61.1   61.8    0.13
  125 A_1-      -20213 197  93  25 218 219   -0.80    8.26  -53.9   54.6    1.23
  126 PI+          211   1  94  25   0   0    0.16   -0.03   -1.4    1.4    0.14
  127 A_1-      -20213 197  94  25 220 221    1.72   -0.13  -11.3   11.5    1.23
  128 PI0          111   1  95  25   0   0    0.20   -0.34   -1.8    1.8    0.13
  129 RHO+         213 197  95  25 222 223    0.52   -0.22  -26.0   26.0    0.77
  130 RHO0         113 197  96  30 224 225   38.50   63.31   97.1  122.2    0.77
  131 PI+          211   1  96  30   0   0   14.56   24.30   35.9   45.8    0.14
  132 OMEGA        223 197  97  30 226 229    4.65    8.11   11.7   15.0    0.78
  133 PI0          111   1  97  30   0   0    1.56    3.45    4.9    6.2    0.13
  134 OMEGA        223 197  98  30 230 232    4.95   12.19   16.8   21.3    0.78
  135 RHO0         113 197  98  30 233 234   12.01   32.33   41.2   53.7    0.77
  136 PI+          211   1  99  30   0   0    0.08    0.20    0.3    0.4    0.14
  137 OMEGA        223 197  99  30 235 237    3.34    7.46   10.2   13.1    0.78
  138 PI-         -211   1 100  30   0   0    1.03    0.50    0.3    1.2    0.14
  139 PI+          211   1 100  30   0   0    0.10    0.37    0.2    0.5    0.14
  140 B_1-      -10213 197 101  30 238 239   -0.47    1.08    1.1    2.0    1.23
  141 PI0          111   1 101  30   0   0    0.09   -0.15    1.5    1.6    0.13
  142 RHO0         113 197 102  10 240 241   -0.69   -0.88 2041.1 2041.1    0.77
  143 P           2212   1 102  10   0   0    0.78    0.85 3537.0 3537.0    0.94
  144 P           2212   1 103  19   0   0    0.04    0.04-3725.2 3725.2    0.94
  145 K-          -321   1 104  10   0   0   -0.26    0.53    1.6    1.8    0.49
  146 A_1+       20213 197 104  10 242 243    0.80    1.02    8.1    8.3    1.23
  147 RHO0         113 197 105  10 244 245    0.46    0.40   16.9   17.0    0.77
  148 PI0          111   1 105  10   0   0    0.71    0.21    8.5    8.5    0.13
  149 F_2          225 197 106  19 246 247    0.27    0.78 -740.6  740.6    1.27
  150 PI-         -211   1 106  19   0   0    0.27   -0.23 -232.6  232.6    0.14
  151 SIGMA0      3212 197 107  25 248 249   -0.51    2.90  -18.7   19.0    1.19
  152 LAMBDABR   -3122 197 107  25 250 251   -0.96   12.02  -79.6   80.5    1.12
  153 PI-         -211   1 108  30   0   0    3.56    7.06   10.3   13.0    0.14
  154 B_10       10113 197 108  30 252 253    3.43    9.12   11.5   15.1    1.23
  155 PI-         -211   1 109  30   0   0    1.35    1.58    1.6    2.6    0.14
  156 RHO+         213 197 109  30 254 255    0.19    0.84    0.6    1.3    0.77

                            ---H/W/Z BOSON DECAYS---  

 IHEP    ID      IDPDG IST MO1 MO2 DA1 DA2   P-X     P-Y     P-Z  ENERGY    MASS
  157 BQRK           5 123  24 158 159 158  -43.52  -12.10  -28.7   53.7    4.95
  158 BBAR          -5 124  24 157 161 157  -53.05 -199.59   41.5  210.7    4.95

                              ---PARTON SHOWERS---    

 IHEP    ID      IDPDG IST MO1 MO2 DA1 DA2   P-X     P-Y     P-Z  ENERGY    MASS
  159 BQRK          94 143 157  24 160 160  -42.76  -11.90  -28.2   52.8    4.95
  160 BQRK           5   2 159 163 165 164  -42.76  -11.90  -28.2   52.8    4.95
  161 BBAR          94 144 158  24 163 164  -53.82 -199.79   41.0  211.6   17.29
  162 CONE           0 100 158 157   0   0   -1.03   -0.87   -0.4    1.4    0.00
  163 GLUON         21   2 161 164 166 167  -14.40  -52.55    3.6   54.6    0.75
  164 BBAR          -5   2 161 165 168 167  -39.42 -147.23   37.5  157.0    4.95

                              ---GLUON SPLITTING---   

 IHEP    ID      IDPDG IST MO1 MO2 DA1 DA2   P-X     P-Y     P-Z  ENERGY    MASS
  165 BQRK           5 158 159 173 181 168  -26.73   -7.78  -17.5   33.3    4.95
  166 DBAR          -1 158 161 167 188 180   -9.71  -35.19    2.4   36.6    0.32
  167 DQRK           1 158 161 175 182 166   -3.16  -11.75    0.8   12.2    0.32
  168 BBAR          -5 158 161 165 186 176  -34.64 -129.40   32.7  138.0    4.95
  169 SBAR          -3 159 161 170 184 172   -0.42   -0.76   -0.1    1.0    0.50
  170 SQRK           3 159 159 177 183 169   -7.73   -2.11   -5.1    9.5    0.50
  171 SBAR          -3 159 161 172 185 174   -0.43   -0.73   -0.1    1.0    0.50
  172 SQRK           3 159 159 169 184 171   -1.75   -0.56   -1.1    2.2    0.50
  173 UBAR          -2 159 161 174 181 165   -0.39   -0.29   -0.2    0.6    0.32
  174 UQRK           2 159 159 171 185 173   -1.16   -0.37   -0.8    1.5    0.32
  175 SBAR          -3 159 161 176 182 167   -3.95  -14.75    3.8   15.7    0.50
  176 SQRK           3 159 161 168 186 175   -1.53   -5.70    1.2    6.0    0.50
  177 DBAR          -1 159 161 178 183 170   -0.33   -0.32   -0.2    0.6    0.32
  178 DQRK           1 159 159 179 187 177   -4.08   -1.12   -2.7    5.0    0.32
  179 DBAR          -1 159 161 180 187 178   -0.27   -0.47   -0.1    0.6    0.32
  180 DQRK           1 159 159 166 188 179   -0.28   -0.40   -0.1    0.6    0.32

                             ---CLUSTER FORMATION---  

 IHEP    ID      IDPDG IST MO1 MO2 DA1 DA2   P-X     P-Y     P-Z  ENERGY    MASS
  181 CLUS          91 183 165 173 189 190  -27.13   -8.06  -17.7   33.9    5.74
  182 CLUS          91 183 167 175 191 192   -7.11  -26.50    4.5   27.9    2.60
  183 CLUS          91 183 170 177 193 194   -8.06   -2.43   -5.3   10.1    1.83
  184 CLUS          91 183 172 169 195 196   -2.17   -1.31   -1.2    3.2    1.55
  185 CLUS          91 183 174 171 197 198   -1.59   -1.09   -0.9    2.5    1.25
  186 CLUS          91 183 176 168 199 199  -36.15 -135.10   33.9  144.0    5.37
  187 CLUS          91 183 178 179 200 201   -4.37   -1.60   -2.8    5.7    1.72
  188 CLUS          91 183 180 166 202 203  -10.00  -35.59    2.4   37.2    3.23

                              ---CLUSTER DECAYS---    

 IHEP    ID      IDPDG IST MO1 MO2 DA1 DA2   P-X     P-Y     P-Z  ENERGY    MASS
  189 B_DBAR0     -511 200 181 159 256 256  -26.99   -7.92  -17.7   33.6    5.28
  190 PI-         -211   1 181 159   0   0   -0.14   -0.15   -0.1    0.3    0.14
  191 P           2212   1 182 161   0   0   -2.47   -7.64    1.1    8.2    0.94
  192 SGMA*BR-   -3224 197 182 161 257 258   -4.64  -18.87    3.4   19.8    1.38
  193 K*-         -323 197 183 159 259 260   -5.22   -1.58   -3.8    6.7    0.89
  194 RHO+         213 197 183 159 261 262   -2.84   -0.85   -1.5    3.4    0.77
  195 K-          -321   1 184 159   0   0   -1.49   -1.38   -0.6    2.2    0.49
  196 K+           321   1 184 159   0   0   -0.68    0.07   -0.6    1.0    0.49
  197 PI0          111   1 185 159   0   0   -0.48   -0.42    0.0    0.7    0.13
  198 K*+          323 197 185 159 263 264   -1.11   -0.67   -0.9    1.8    0.89
  199 B_S0         531 200 186 161 265 265  -36.15 -135.10   33.9  144.0    5.37
  200 K*0          313 197 187 159 268 269   -2.90   -1.21   -1.3    3.5    0.90
  201 KBAR0       -311 197 187 159 270 270   -1.47   -0.38   -1.4    2.1    0.50
  202 P           2212   1 188 159   0   0   -5.00  -14.11    1.6   15.1    0.94
  203 DELTABR-   -2214 197 188 159 271 272   -5.00  -21.48    0.8   22.1    1.23

                           ---STRONG HADRON DECAYS--- 

 IHEP    ID      IDPDG IST MO1 MO2 DA1 DA2   P-X     P-Y     P-Z  ENERGY    MASS
  204 K0           311 198 111  10 273 273   -0.20    0.52    1.2    1.4    0.50
  205 PI0          111   1 111  10   0   0   -0.31    0.73    2.4    2.6    0.13
  206 RHO+         213 198 113  10 274 275    0.10    0.28    6.3    6.4    0.77
  207 PI0          111   1 113  10   0   0    0.50    0.27    2.4    2.5    0.13
  208 PI+          211   1 117  10   0   0    0.79    0.03   38.4   38.4    0.14
  209 PI-         -211   1 117  10   0   0   -0.13    0.03   15.6   15.6    0.14
  210 PI+          211   1 118  10   0   0    0.03    0.13   21.0   21.0    0.14
  211 PI0          111   1 118  10   0   0    0.23   -0.39  245.8  245.8    0.13
  212 PI+          211   1 119  10   0   0    0.32   -0.24   66.9   66.9    0.14
  213 PI-         -211   1 119  10   0   0    0.09    0.31   20.8   20.8    0.14
  214 RHO0         113 198 120  19 276 277    0.64    0.06 -110.0  110.0    0.77
  215 PI0          111   1 120  19   0   0    0.71    0.46 -101.3  101.3    0.13
  216 P           2212   1 122  19   0   0    0.67    0.23 -335.6  335.6    0.94
  217 PI+          211   1 122  19   0   0    0.08    0.10  -17.3   17.3    0.14
  218 RHO0         113 198 125  25 278 279   -0.44    4.32  -26.5   26.9    0.77
  219 PI-         -211   1 125  25   0   0   -0.36    3.94  -27.4   27.7    0.14
  220 RHO0         113 198 127  25 280 281    0.84    0.21   -5.6    5.8    0.77
  221 PI-         -211   1 127  25   0   0    0.88   -0.33   -5.6    5.7    0.14
  222 PI+          211   1 129  25   0   0    0.19    0.26   -9.6    9.7    0.14
  223 PI0          111   1 129  25   0   0    0.33   -0.48  -16.4   16.4    0.13
  224 PI+          211   1 130  30   0   0    2.38    4.11    6.4    7.9    0.14
  225 PI-         -211   1 130  30   0   0   36.11   59.20   90.8  114.2    0.14
  226 PI+          211   1 132  30   0   0    1.28    2.53    3.4    4.5    0.14
  227 PI-         -211   1 132  30   0   0    1.20    2.14    3.1    4.0    0.14
  228 PI0          111   1 132  30   0   0    0.96    1.37    2.2    2.8    0.13
  229 PI0          111   1 132  30   0   0    1.19    2.07    2.9    3.7    0.13
  230 PI+          211   1 134  30   0   0    0.78    2.00    2.5    3.3    0.14
  231 PI-         -211   1 134  30   0   0    3.88    9.35   13.0   16.5    0.14
  232 PI0          111   1 134  30   0   0    0.29    0.84    1.3    1.6    0.13
  233 PI+          211   1 135  30   0   0    2.66    7.19    9.6   12.3    0.14
  234 PI-         -211   1 135  30   0   0    9.35   25.15   31.6   41.4    0.14
  235 PI+          211   1 137  30   0   0    0.32    1.14    1.4    1.8    0.14
  236 PI-         -211   1 137  30   0   0    1.04    2.17    2.8    3.7    0.14
  237 PI0          111   1 137  30   0   0    1.99    4.15    6.0    7.5    0.13
  238 OMEGA        223 198 140  30 282 284   -0.23    0.69    1.1    1.5    0.78
  239 PI-         -211   1 140  30   0   0   -0.24    0.40   -0.0    0.5    0.14
  240 PI+          211   1 142  10   0   0   -0.04   -0.14  101.9  101.9    0.14
  241 PI-         -211   1 142  10   0   0   -0.65   -0.74 1939.3 1939.3    0.14
  242 RHO+         213 198 146  10 285 286    0.54    1.13    6.8    7.0    0.77
  243 PI0          111   1 146  10   0   0    0.26   -0.11    1.3    1.3    0.13
  244 PI+          211   1 147  10   0   0    0.64    0.29   13.3   13.3    0.14
  245 PI-         -211   1 147  10   0   0   -0.19    0.11    3.7    3.7    0.14
  246 PI0          111   1 149  19   0   0    0.47    0.99 -442.3  442.3    0.13
  247 PI0          111   1 149  19   0   0   -0.20   -0.21 -298.3  298.3    0.13
  248 LAMBDA      3122 198 151  25 287 288   -0.55    2.69  -17.7   17.9    1.12
  249 GAMMA         22   1 151  25   0   0    0.03    0.20   -1.0    1.1    0.00
  250 NBAR       -2112   1 152  25   0   0   -0.87   10.28  -68.8   69.6    0.94
  251 PI0          111   1 152  25   0   0   -0.09    1.73  -10.8   11.0    0.13
  252 OMEGA        223 198 154  30 289 291    1.76    4.96    6.6    8.5    0.78
  253 PI0          111   1 154  30   0   0    1.66    4.16    4.8    6.6    0.13
  254 PI+          211   1 156  30   0   0    0.00    0.89    0.4    1.0    0.14
  255 PI0          111   1 156  30   0   0    0.19   -0.04    0.2    0.3    0.13
  256 B_DBAR0     -511 199 189 159 311 312  -26.99   -7.92  -17.7   33.6    5.28
  257 LAMBDABR   -3122 198 192 161 292 293   -4.25  -17.73    3.3   18.6    1.12
  258 PI-         -211   1 192 161   0   0   -0.39   -1.13    0.1    1.2    0.14
  259 KBAR0       -311 198 193 159 294 294   -3.77   -1.41   -2.7    4.9    0.50
  260 PI-         -211   1 193 159   0   0   -1.45   -0.16   -1.1    1.8    0.14
  261 PI+          211   1 194 159   0   0   -2.73   -0.69   -1.3    3.1    0.14
  262 PI0          111   1 194 159   0   0   -0.11   -0.16   -0.2    0.3    0.13
  263 K0           311 198 198 159 295 295   -0.39   -0.45   -0.3    0.8    0.50
  264 PI+          211   1 198 159   0   0   -0.72   -0.22   -0.6    1.0    0.14
  265 B_SBAR0     -531 196 199 161 266 267  -36.15 -135.10   33.9  144.0    5.37
  266 D*_S+        433 198 265 161 296 297  -13.09  -43.47   10.1   46.5    2.11
  267 A_1-      -20213 198 265 161 298 299  -23.06  -91.63   23.8   97.4    1.23
  268 K+           321   1 200 159   0   0   -2.03   -0.57   -1.0    2.4    0.49
  269 PI-         -211   1 200 159   0   0   -0.88   -0.64   -0.3    1.1    0.14
  270 K_L0         130   1 201 159   0   0   -1.47   -0.38   -1.4    2.1    0.50
  271 NBAR       -2112   1 203 159   0   0   -3.22  -13.37    0.5   13.8    0.94
  272 PI-         -211   1 203 159   0   0   -1.78   -8.11    0.3    8.3    0.14
  273 K_L0         130   1 204  10   0   0   -0.20    0.52    1.2    1.4    0.50
  274 PI+          211   1 206  10   0   0   -0.06   -0.13    4.2    4.2    0.14
  275 PI0          111   1 206  10   0   0    0.16    0.41    2.2    2.2    0.13
  276 PI+          211   1 214  19   0   0    0.58   -0.24  -81.4   81.4    0.14
  277 PI-         -211   1 214  19   0   0    0.05    0.30  -28.6   28.6    0.14
  278 PI+          211   1 218  25   0   0   -0.60    3.45  -21.8   22.1    0.14
  279 PI-         -211   1 218  25   0   0    0.16    0.87   -4.7    4.8    0.14
  280 PI+          211   1 220  25   0   0    0.33    0.37   -3.9    3.9    0.14
  281 PI-         -211   1 220  25   0   0    0.51   -0.16   -1.8    1.9    0.14
  282 PI+          211   1 238  30   0   0   -0.13    0.25    0.4    0.5    0.14
  283 PI-         -211   1 238  30   0   0    0.13    0.41    0.3    0.5    0.14
  284 PI0          111   1 238  30   0   0   -0.23    0.03    0.4    0.5    0.13
  285 PI+          211   1 242  10   0   0    0.19    0.91    5.7    5.7    0.14
  286 PI0          111   1 242  10   0   0    0.35    0.22    1.2    1.2    0.13
  287 N           2112   1 248  25   0   0   -0.37    2.05  -13.5   13.7    0.94
  288 PI0          111   1 248  25   0   0   -0.18    0.65   -4.1    4.2    0.13
  289 PI+          211   1 252  30   0   0    0.36    1.04    1.8    2.1    0.14
  290 PI-         -211   1 252  30   0   0    0.27    0.89    1.0    1.4    0.14
  291 PI0          111   1 252  30   0   0    1.14    3.03    3.8    5.0    0.13
  292 PBAR       -2212   1 257 161   0   0   -3.53  -15.13    2.8   15.8    0.94
  293 PI+          211   1 257 161   0   0   -0.71   -2.61    0.4    2.7    0.14
  294 K_S0         310 198 259 159 300 301   -3.77   -1.41   -2.7    4.9    0.50
  295 K_L0         130   1 263 159   0   0   -0.39   -0.45   -0.3    0.8    0.50
  296 D_S+         431 198 266 161 302 303  -12.63  -41.78    9.6   44.7    1.97
  297 GAMMA         22   1 266 161   0   0   -0.46   -1.69    0.5    1.8    0.00
  298 RHO-        -213 198 267 161 304 305  -17.72  -70.78   18.7   75.3    0.77
  299 PI0          111   1 267 161   0   0   -5.35  -20.85    5.1   22.1    0.13
  300 PI0          111   1 294 159   0   0   -0.66   -0.13   -0.5    0.9    0.13
  301 PI0          111   1 294 159   0   0   -3.11   -1.28   -2.1    4.0    0.13
  302 ETA          221 198 296 161 306 308   -3.96  -15.40    3.3   16.2    0.55
  303 RHO+         213 198 296 161 309 310   -8.67  -26.37    6.3   28.5    0.77
  304 PI-         -211   1 298 161   0   0  -11.34  -46.58   12.1   49.5    0.14
  305 PI0          111   1 298 161   0   0   -6.37  -24.20    6.6   25.9    0.13
  306 PI0          111   1 302 161   0   0   -0.83   -3.51    0.7    3.7    0.13
  307 PI0          111   1 302 161   0   0   -2.10   -8.21    1.9    8.7    0.13
  308 PI0          111   1 302 161   0   0   -1.02   -3.68    0.7    3.9    0.13
  309 PI+          211   1 303 161   0   0   -7.60  -22.44    5.5   24.3    0.14
  310 PI0          111   1 303 161   0   0   -1.07   -3.93    0.8    4.2    0.13

                           ---HEAVY PARTICLE DECAYS---

 IHEP    ID      IDPDG IST MO1 MO2 DA1 DA2   P-X     P-Y     P-Z  ENERGY    MASS
  311 BQRK           5 155 256 312 313 315  -25.35   -7.44  -16.6   31.6    4.96
  312 DBAR          -1 125 256 315 316 315   -1.64   -0.48   -1.1    2.0    0.32
  313 CQRK           4 123 311 314 317 314  -14.45   -4.60   -8.3   17.4    1.55
  314 CBAR          -4 124 311 313 319 313   -9.93   -2.95   -7.5   12.9    1.55
  315 SQRK           3 124 311 311 321 311   -0.97    0.11   -0.8    1.4    0.50
  316 DBAR          -1 160 312 325 327 325   -1.64   -0.48   -1.1    2.0    0.32

                              ---PARTON SHOWERS---    

 IHEP    ID      IDPDG IST MO1 MO2 DA1 DA2   P-X     P-Y     P-Z  ENERGY    MASS
  317 CQRK          94 143 313 311 318 318  -14.45   -4.60   -8.3   17.4    1.55
  318 CQRK           4   2 317 320 323 320  -14.45   -4.60   -8.3   17.4    1.55
  319 CBAR          94 144 314 311 320 320   -9.93   -2.95   -7.5   12.9    1.55
  320 CBAR          -4   2 319 323 324 323   -9.93   -2.95   -7.5   12.9    1.55
  321 SQRK          94 144 315 311 322 322   -0.97    0.11   -0.8    1.4    0.50
  322 SQRK           3   2 321 316 325 316   -0.97    0.11   -0.8    1.4    0.50

                              ---GLUON SPLITTING---   

 IHEP    ID      IDPDG IST MO1 MO2 DA1 DA2   P-X     P-Y     P-Z  ENERGY    MASS
  323 CQRK           4 158 317 324 326 324  -14.45   -4.60   -8.3   17.4    1.55
  324 CBAR          -4 158 319 323 326 323   -9.93   -2.95   -7.5   12.9    1.55
  325 SQRK           3 158 321 316 327 316   -0.97    0.11   -0.8    1.4    0.50

                             ---CLUSTER FORMATION---  

 IHEP    ID      IDPDG IST MO1 MO2 DA1 DA2   P-X     P-Y     P-Z  ENERGY    MASS
  326 CLUS          91 183 323 324 328 328  -24.77   -7.85  -16.0   30.6    2.98
  327 CLUS          91 183 325 316 329 330   -2.22   -0.06   -1.7    3.0    1.05

                              ---CLUSTER DECAYS---    

 IHEP    ID      IDPDG IST MO1 MO2 DA1 DA2   P-X     P-Y     P-Z  ENERGY    MASS
  328 ETA_C        441 196 326 317 331 333  -24.77   -7.85  -16.0   30.6    2.98
  329 K*BAR0      -313 197 327 321 334 335   -1.83    0.01   -1.4    2.5    0.90
  330 PI0          111   1 327 321   0   0   -0.38   -0.08   -0.3    0.5    0.13

                           ---STRONG HADRON DECAYS--- 

 IHEP    ID      IDPDG IST MO1 MO2 DA1 DA2   P-X     P-Y     P-Z  ENERGY    MASS
  331 ETAP         331 198 328 317 336 337  -22.38   -6.30  -14.1   27.2    0.96
  332 PI+          211   1 328 317   0   0   -0.60   -0.36   -0.3    0.8    0.14
  333 PI-         -211   1 328 317   0   0   -1.79   -1.20   -1.6    2.7    0.14
  334 K-          -321   1 329 321   0   0   -1.08   -0.14   -1.2    1.7    0.49
  335 PI+          211   1 329 321   0   0   -0.76    0.15   -0.3    0.8    0.14
  336 OMEGA        223 198 331 317 338 340  -19.76   -5.41  -12.4   23.9    0.78
  337 GAMMA         22   1 331 317   0   0   -2.62   -0.89   -1.7    3.3    0.00
  338 PI+          211   1 336 317   0   0   -5.16   -1.36   -3.5    6.4    0.14
  339 PI-         -211   1 336 317   0   0   -6.81   -1.98   -4.4    8.3    0.14
  340 PI0          111   1 336 317   0   0   -7.79   -2.07   -4.5    9.2    0.13

 HWWARN CALLED FROM SUBPROGRAM HWDFOR: CODE = 101
 EVENT     417:   SEEDS = 1168277795 & 1816500968  WEIGHT = 0.5926E-03
 EVENT KILLED.   EXECUTION CONTINUES

 HWWARN CALLED FROM SUBPROGRAM HWDFIV: CODE = 101
 EVENT    4686:   SEEDS = 1443942626 &  595325997  WEIGHT =-0.5926E-03
 EVENT KILLED.   EXECUTION CONTINUES

 HWWARN CALLED FROM SUBPROGRAM HWSBRN: CODE = 105
 EVENT    5929:   SEEDS =   36310764 & 1127167817  WEIGHT = 0.5926E-03
 EVENT KILLED.   EXECUTION CONTINUES

 HWWARN CALLED FROM SUBPROGRAM HWBTIM: CODE = 101
 EVENT    7135:   SEEDS =  755106151 & 1619200381  WEIGHT = 0.5926E-03
 EVENT KILLED.   EXECUTION CONTINUES

          OUTPUT ON LES HOUCHES EVENTS


      PROC CODE  XSECT(pb)        XERR(pb)      Max wgt(nb) No. of events


          OUTPUT ON ELEMENTARY PROCESS

          N.B. NEGATIVE WEIGHTS ALLOWED

          NUMBER OF EVENTS   =        9996
          NEGATIVE  EVENTS   =        2655
          NUMBER OF WEIGHTS  =       10000
          NEGATIVE  WEIGHTS  =        2656
          MEAN VALUE OF WGT  =  2.7779E-04
          RMS SPREAD IN WGT  =  5.2341E-04
          MEAN ABS WEIGHT    =  5.9256E-04
          ACTUAL MAX ABS WGT =  1.0000E+00
          ASSUMED MAXABS WGT =  2.7779E-04

          PROCESS CODE IPROC =      -18000
          CROSS SECTION (PB) =  0.2778    
          ERROR IN C-S  (PB) =  5.2341E-03
          EFFICIENCY PERCENT =   100.0    
 # of events processed=        9996
