 A PDF is used, so alpha_s(MZ) is going to be modified
 Old value of alpha_s from param_card:   0.11799999999999999     
  ****************************************
 
       NNPDFDriver version 1.0.3
   Grid: NNPDF23_lo_as_0130_qed_mem0.grid
  ****************************************
 New value of alpha_s from PDF nn23lo1:  0.13000000000000000     
 *****************************************************
 *               MadGraph/MadEvent                   *
 *        --------------------------------           *
 *          http://madgraph.hep.uiuc.edu             *
 *          http://madgraph.phys.ucl.ac.be           *
 *          http://madgraph.roma2.infn.it            *
 *        --------------------------------           *
 *                                                   *
 *          PARAMETER AND COUPLING VALUES            *
 *                                                   *
 *****************************************************

  External Params
  ---------------------------------
  
 MU_R =    91.188000000000002     
 aEWM1 =    132.50700000000001     
 mdl_Gf =    1.1663900000000000E-005
 aS =   0.11799999999999999     
 mdl_ymb =    4.7000000000000002     
 mdl_ymt =    173.00000000000000     
 mdl_ymtau =    1.7769999999999999     
 mdl_MT =    173.00000000000000     
 mdl_MB =    4.7000000000000002     
 mdl_MZ =    91.188000000000002     
 mdl_MH =    125.00000000000000     
 mdl_MTA =    1.7769999999999999     
 mdl_WT =    1.4915000000000000     
 mdl_WZ =    2.4414039999999999     
 mdl_WW =    2.0476000000000001     
 mdl_WH =    6.3823389999999999E-003
  Internal Params
  ---------------------------------
  
 mdl_conjg__CKM3x3 =    1.0000000000000000     
 mdl_CKM22 =    1.0000000000000000     
 mdl_lhv =    1.0000000000000000     
 mdl_CKM3x3 =    1.0000000000000000     
 mdl_conjg__CKM22 =    1.0000000000000000     
 mdl_conjg__CKM33 =    1.0000000000000000     
 mdl_Ncol =    3.0000000000000000     
 mdl_CA =    3.0000000000000000     
 mdl_TF =   0.50000000000000000     
 mdl_CF =    1.3333333333333333     
 mdl_complexi =                (0.0000000000000000,1.0000000000000000)
 mdl_MZ__exp__2 =    8315.2513440000002     
 mdl_MZ__exp__4 =    69143404.913893804     
 mdl_sqrt__2 =    1.4142135623730951     
 mdl_MH__exp__2 =    15625.000000000000     
 mdl_Ncol__exp__2 =    9.0000000000000000     
 mdl_MB__exp__2 =    22.090000000000003     
 mdl_MT__exp__2 =    29929.000000000000     
 mdl_aEW =    7.5467711139788835E-003
 mdl_MW =    80.419002445756163     
 mdl_sqrt__aEW =    8.6872153846781555E-002
 mdl_ee =   0.30795376724436879     
 mdl_MW__exp__2 =    6467.2159543705357     
 mdl_sw2 =   0.22224648578577766     
 mdl_cw =   0.88190334743339216     
 mdl_sqrt__sw2 =   0.47143025548407230     
 mdl_sw =   0.47143025548407230     
 mdl_g1 =   0.34919219678733299     
 mdl_gw =   0.65323293034757990     
 mdl_v =    246.21845810181637     
 mdl_v__exp__2 =    60623.529110035903     
 mdl_lam =   0.12886910601690263     
 mdl_yb =    2.6995554250465490E-002
 mdl_yt =   0.99366614581500623     
 mdl_ytau =    1.0206617000654717E-002
 mdl_muH =    88.388347648318430     
 mdl_AxialZUp =  -0.18517701861793787     
 mdl_AxialZDown =   0.18517701861793787     
 mdl_VectorZUp =    7.5430507588273299E-002
 mdl_VectorZDown =  -0.13030376310310560     
 mdl_VectorAUp =   0.20530251149624587     
 mdl_VectorADown =  -0.10265125574812294     
 mdl_VectorWmDxU =   0.23095271737156670     
 mdl_AxialWmDxU =  -0.23095271737156670     
 mdl_VectorWpUxD =   0.23095271737156670     
 mdl_AxialWpUxD =  -0.23095271737156670     
 mdl_I1x33 =          (2.69955542504654901E-002,0.0000000000000000)
 mdl_I2x33 =               (0.99366614581500623,0.0000000000000000)
 mdl_I3x33 =               (0.99366614581500623,0.0000000000000000)
 mdl_I4x33 =          (2.69955542504654901E-002,0.0000000000000000)
 mdl_Vector_tbGp =              (-0.96667059156454072,0.0000000000000000)
 mdl_Axial_tbGp =              (-1.0206617000654716,-0.0000000000000000)
 mdl_Vector_tbGm =               (0.96667059156454072,0.0000000000000000)
 mdl_Axial_tbGm =              (-1.0206617000654716,-0.0000000000000000)
 mdl_gw__exp__2 =   0.42671326129048615     
 mdl_cw__exp__2 =   0.77775351421422245     
 mdl_ee__exp__2 =    9.4835522759998875E-002
 mdl_sw__exp__2 =   0.22224648578577769     
 mdl_yb__exp__2 =    7.2875994928982540E-004
 mdl_yt__exp__2 =   0.98737240933884918     
  Internal Params evaluated point by point
  ----------------------------------------
  
 mdl_sqrt__aS =   0.34351128074635334     
 mdl_G__exp__4 =    2.1987899468922913     
 mdl_G__exp__2 =    1.4828317324943823     
 mdl_R2MixedFactor_FIN_ =   -2.5040377713124864E-002
 mdl_G_UVg_1EPS_ =   -5.1645779033320030E-002
 mdl_G_UVq_1EPS_ =    3.1300472141406080E-003
 mdl_GWcft_UV_b_1EPS_ =   -3.1300472141406080E-003
 mdl_GWcft_UV_t_1EPS_ =   -3.1300472141406080E-003
 mdl_bWcft_UV_1EPS_ =   -1.8780283284843650E-002
 mdl_tWcft_UV_1EPS_ =   -1.8780283284843650E-002
 mdl_G__exp__3 =    1.8056676068262196     
 mdl_MU_R__exp__2 =    8315.2513440000002     
 mdl_G_UVb_FIN_ =    1.8563438626678915E-002
 mdl_G_UVt_FIN_ =   -4.0087659331150384E-003
 mdl_GWcft_UV_b_FIN_ =   -1.8563438626678915E-002
 mdl_GWcft_UV_t_FIN_ =    4.0087659331150384E-003
 mdl_bWcft_UV_FIN_ =  -0.13642100947319838     
 mdl_tWcft_UV_FIN_ =   -9.8778211443463623E-004
  Couplings of loop_sm
  ---------------------------------
  
      UV_GQQb =   0.00000E+00   0.22605E-01
      UV_GQQt =   0.00000E+00  -0.48815E-02
   UVWfct_G_2 =   0.40088E-02   0.00000E+00
   UVWfct_G_1 =  -0.18563E-01   0.00000E+00
    R2_UUZ_V2 =  -0.00000E+00  -0.72127E-02
    R2_UUZ_V5 =   0.00000E+00   0.68702E-03
      R2_sxcW =  -0.00000E+00  -0.11566E-01
      R2_GGHb =   0.00000E+00  -0.33698E-02
      R2_GGHt =   0.00000E+00  -0.45657E+01
     R2_GGZup =  -0.46369E-02   0.00000E+00
         GC_4 =  -0.12177E+01   0.00000E+00
         GC_5 =   0.00000E+00   0.12177E+01
       R2_GQQ =  -0.00000E+00  -0.30492E-01
       R2_QQq =   0.00000E+00   0.12520E-01
 UV_GQQg_1eps =   0.00000E+00  -0.62890E-01
 UV_GQQq_1eps =   0.00000E+00   0.38115E-02
 UVWfct_G_2_1eps -0.31300E-02   0.00000E+00
        GC_22 =   0.00000E+00   0.28804E+00
        GC_23 =  -0.00000E+00  -0.27437E-01
        GC_31 =   0.00000E+00   0.52532E+02
        GC_32 =   0.00000E+00   0.67544E+02
        GC_33 =  -0.00000E+00  -0.19089E-01
        GC_37 =  -0.00000E+00  -0.70263E+00
        GC_47 =   0.00000E+00   0.46191E+00

 Collider parameters:
 --------------------

 Running at P P   machine @    13000.000000000000       GeV
 PDF set = nn23lo1
 alpha_s(Mz)= 0.1300 running at 2 loops.
 alpha_s(Mz)= 0.1300 running at 2 loops.
 Renormalization scale set on event-by-event basis
 Factorization   scale set on event-by-event basis


 ===============================================================
 INFO: MadFKS read these parameters from FKS_params.dat
 ===============================================================
  > IRPoleCheckThreshold      =    1.0000000000000001E-005
  > PrecisionVirtualAtRunTime =    1.0000000000000000E-003
  > NHelForMCoverHels         =            4
  > VirtualFraction           =    1.0000000000000000     
  > MinVirtualFraction        =    5.0000000000000001E-003
 ===============================================================
  Insert the number of points to test
 Insert the relative tolerance
  A negative number will mean use the default one:    1.0000000000000001E-005
Using random seed offsets:     1 ,     12 ,      0
  with seed                26142
 Ranmar initialization seeds       13122        6505
  ========================================================================================== 
 {                                                                                          }
 {       [32m                                                                            [0m       }
 {       [32m                               ,,                                           [0m       }
 {       [32m`7MMM.     ,MMF'             `7MM  `7MMF'                                   [0m       }
 {       [32m  MMMb    dPMM                 MM    MM                                     [0m       }
 {       [32m  M YM   ,M MM   ,6"Yb.   ,M""bMM    MM         ,pW"Wq.   ,pW"Wq.`7MMpdMAo. [0m       }
 {       [32m  M  Mb  M' MM  8)   MM ,AP    MM    MM        6W'   `Wb 6W'   `Wb MM   `Wb [0m       }
 {       [32m  M  YM.P'  MM   ,pm9MM 8MI    MM    MM      , 8M     M8 8M     M8 MM    M8 [0m       }
 {       [32m  M  `YM'   MM  8M   MM `Mb    MM    MM     ,M YA.   ,A9 YA.   ,A9 MM   ,AP [0m       }
 {       [32m.JML. `'  .JMML.`Moo9^Yo.`Wbmd"MML..JMMmmmmMMM  `Ybmd9'   `Ybmd9'  MMbmmd'  [0m       }
 {       [32m                                                                   MM       [0m       }
 {       [32m                                                                 .JMML.     [0m       }
 {       [32m[0mv2.6.7 (2019-10-16), Ref: arXiv:1103.0621v2, arXiv:1405.0301[32m                [0m       }
 {       [32m                                                                            [0m       }
 {                                                                                          }
  ========================================================================================== 
 ===============================================================
 INFO: MadLoop read these parameters from ./MadLoop5_resources/MadLoopParams.dat                                                                                                                                                                                                                                                                                                                                                                                                                                                                                          
 ===============================================================
  > MLReductionLib            = 6|7|1
  > CTModeRun                 =           -1
  > MLStabThres               =    1.0000000000000000E-003
  > NRotations_DP             =            0
  > NRotations_QP             =            0
  > CTStabThres               =    1.0000000000000000E-002
  > CTLoopLibrary             =            2
  > CTModeInit                =            1
  > CheckCycle                =            3
  > MaxAttempts               =           10
  > UseLoopFilter             =  F
  > HelicityFilterLevel       =            2
  > ImprovePSPoint            =            2
  > DoubleCheckHelicityFilter =  T
  > LoopInitStartOver         =  F
  > HelInitStartOver          =  F
  > ZeroThres                 =    1.0000000000000001E-009
  > OSThres                   =    1.0000000000000000E-008
  > WriteOutFilters           =  T
  > UseQPIntegrandForNinja    =  T
  > UseQPIntegrandForCutTools =  T
  > IREGIMODE                 =            2
  > IREGIRECY                 =  T
  > COLLIERMode               =            1
  > COLLIERRequiredAccuracy   =    1.0000000000000000E-008
  > COLLIERCanOutput          =  F
  > COLLIERComputeUVpoles     =  T
  > COLLIERComputeIRpoles     =  T
  > COLLIERGlobalCache        =           -1
  > COLLIERUseCacheForPoles   =  F
  > COLLIERUseInternalStabilityTest =  T
 ===============================================================
  
------------------------------------------------------------------------
|              You are using CutTools - Version 1.9.3                  |
|              Authors: G. Ossola, C. Papadopoulos, R. Pittau          |
|              Published in JHEP 0803:042,2008                         |
|              http://www.ugr.es/~pittau/CutTools                      |
|                                                                      |
|              Compiler with  34  significant digits detetected        |
 ---------------------------------------------------------------------- 
   
########################################################################
#                                                                      #
#                      You are using OneLOop-3.6                       #
#                                                                      #
# for the evaluation of 1-loop scalar 1-, 2-, 3- and 4-point functions #

  +----------------------------------------------------------------+
  |                                                                |
  |  Ninja - version 1.2.0                                         |
  |                                                                |
  |  Author: Tiziano Peraro                                        |
  |                                                                |
  |  Based on:                                                     |
  |                                                                |
  |      P. Mastrolia, E. Mirabella and T. Peraro,                 |
  |      "Integrand reduction of one-loop scattering amplitudes    |
  |      through Laurent series expansion,"                        |
  |      JHEP 1206 (2012) 095  [arXiv:1203.0291 [hep-ph]].         |
  |                                                                |
  |      T. Peraro,                                                |
  |      "Ninja: Automated Integrand Reduction via Laurent         |
  |      Expansion for One-Loop Amplitudes,"                       |
  |      Comput.Phys.Commun. 185 (2014) [arXiv:1403.1229 [hep-ph]] |
  |                                                                |
  +----------------------------------------------------------------+


#                                                                      #
# author: Andreas van Hameren <hamerenREMOVETHIS@ifj.edu.pl>           #
#   date: 18-02-2015                                                   #
#                                                                      #
# Please cite                                                          #
#    A. van Hameren,                                                   #
#      Comput.Phys.Commun. 182 (2011) 2427-2438, arXiv:1007.4716       #
#    A. van Hameren, C.G. Papadopoulos and R. Pittau,                  #
#      JHEP 0909:106,2009, arXiv:0903.4665                             #
# in publications with results obtained with the help of this program. #
#                                                                      #
########################################################################
########################################################################
#                                                                      #
#                      You are using OneLOop-3.6                       #
#                                                                      #
# for the evaluation of 1-loop scalar 1-, 2-, 3- and 4-point functions #
#                                                                      #
# author: Andreas van Hameren <hamerenREMOVETHIS@ifj.edu.pl>           #
#   date: 18-02-2015                                                   #
#                                                                      #
# Please cite                                                          #
#    A. van Hameren,                                                   #
#      Comput.Phys.Commun. 182 (2011) 2427-2438, arXiv:1007.4716       #
#    A. van Hameren, C.G. Papadopoulos and R. Pittau,                  #
#      JHEP 0909:106,2009, arXiv:0903.4665                             #
# in publications with results obtained with the help of this program. #
#                                                                      #
########################################################################
 PASSED   1.0000000000000001E-005
 MU_R    =    325.00000000000000     
 ALPHA_S =   0.11799999999999999     
 BORN                    3.6282670927575969E-008
 SINGLE POLE (MadFKS)   -1.7383026874210453E-009
 DOUBLE POLE (MadFKS)   -3.8612600839869463E-009
 SINGLE POLE (MadLoop)  -1.7383026874211233E-009
 DOUBLE POLE (MadLoop)  -3.8612600839869339E-009
 FINITE PART (MadLoop)   6.8057924749710763E-009
   325.00000000000000        0.0000000000000000        0.0000000000000000        325.00000000000000        0.0000000000000000     
   325.00000000000000        0.0000000000000000        0.0000000000000000       -325.00000000000000        0.0000000000000000     
   290.14284716440540        257.53346362440919        18.201838810501378        43.624304443728704        125.00000000000000     
   221.86167959689053       -181.10609502972449       -87.435863279209400        48.072248490023554        80.419002445756163     
   137.99547323870408       -76.427368594684694        69.234024468708029       -91.696552933752272        0.0000000000000000     

 PASSED   1.0000000000000001E-005
 MU_R    =    325.00000000000000     
 ALPHA_S =   0.11799999999999999     
 BORN                    3.9057821632591493E-008
 SINGLE POLE (MadFKS)   -2.3351454673121023E-009
 DOUBLE POLE (MadFKS)   -4.1565960769107883E-009
 SINGLE POLE (MadLoop)  -2.3351454673120125E-009
 DOUBLE POLE (MadLoop)  -4.1565960769107114E-009
 FINITE PART (MadLoop)   6.8520196826037436E-009
   325.00000000000000        0.0000000000000000        0.0000000000000000        325.00000000000000        0.0000000000000000     
   325.00000000000000        0.0000000000000000        0.0000000000000000       -325.00000000000000        0.0000000000000000     
   276.57211053296402       -11.559001569893363       -245.70738296260961        19.010622426180404        125.00000000000000     
   241.66142233560106        114.35606326486409        192.21205653169142        43.706329167701824        80.419002445756163     
   131.76646713143489       -102.79706169497074        53.495326430918098       -62.716951593882577        0.0000000000000000     

 PASSED   1.0000000000000001E-005
 MU_R    =    325.00000000000000     
 ALPHA_S =   0.11799999999999999     
 BORN                    2.2728789077305524E-008
 SINGLE POLE (MadFKS)   -1.8129763669268241E-009
 DOUBLE POLE (MadFKS)   -2.4188342196951279E-009
 SINGLE POLE (MadLoop)  -1.8129763669267782E-009
 DOUBLE POLE (MadLoop)  -2.4188342196951283E-009
 FINITE PART (MadLoop)   1.1528720614967949E-008
   325.00000000000000        0.0000000000000000        0.0000000000000000        325.00000000000000        0.0000000000000000     
   325.00000000000000        0.0000000000000000        0.0000000000000000       -325.00000000000000        0.0000000000000000     
   314.73019272673912       -207.40892872686268       -53.015447894922254        193.90975422264432        125.00000000000000     
   232.27034066818030        117.15401937099560        89.616258723657111       -160.39375647866399        80.419002445756163     
   102.99946660508058        90.254909355867085       -36.600810828734872       -33.515997743980357        0.0000000000000000     

 PASSED   1.0000000000000001E-005
 MU_R    =    325.00000000000000     
 ALPHA_S =   0.11799999999999999     
 BORN                    3.4801168473630638E-008
 SINGLE POLE (MadFKS)   -1.8526443785673554E-009
 DOUBLE POLE (MadFKS)   -3.7035962146106681E-009
 SINGLE POLE (MadLoop)  -1.8526443785674332E-009
 DOUBLE POLE (MadLoop)  -3.7035962146106603E-009
 FINITE PART (MadLoop)   7.8385376022809304E-009
   325.00000000000000        0.0000000000000000        0.0000000000000000        325.00000000000000        0.0000000000000000     
   325.00000000000000        0.0000000000000000        0.0000000000000000       -325.00000000000000        0.0000000000000000     
   305.85205750290532       -193.94578644165730        189.47427004474173        66.370279427616040        125.00000000000000     
   218.73147031200435        99.990105215407453       -176.44386236100462        15.677450195210591        80.419002445756163     
   125.41647218509036        93.955681226249851       -13.030407683737135       -82.047729622826651        0.0000000000000000     

 PASSED   1.0000000000000001E-005
 MU_R    =    325.00000000000000     
 ALPHA_S =   0.11799999999999999     
 BORN                    5.2765969936899494E-008
 SINGLE POLE (MadFKS)   -2.9715066242763224E-009
 DOUBLE POLE (MadFKS)   -5.6154392248822574E-009
 SINGLE POLE (MadLoop)  -2.9715066242763141E-009
 DOUBLE POLE (MadLoop)  -5.6154392248822831E-009
 FINITE PART (MadLoop)   9.7946697378549579E-009
   325.00000000000000        0.0000000000000000        0.0000000000000000        325.00000000000000        0.0000000000000000     
   325.00000000000000        0.0000000000000000        0.0000000000000000       -325.00000000000000        0.0000000000000000     
   167.23483715461677       -55.760959555885854       -51.034593246676430        81.416684037636514        125.00000000000000     
   262.41182598594952        221.24102710850127       -93.859210288401684       -68.085292324573928        80.419002445756163     
   220.35333685943377       -165.48006755261540        144.89380353507812       -13.331391713062583        0.0000000000000000     

 PASSED   1.0000000000000001E-005
 MU_R    =    325.00000000000000     
 ALPHA_S =   0.11799999999999999     
 BORN                    4.4085306765019835E-008
 SINGLE POLE (MadFKS)   -1.4546689194648938E-009
 DOUBLE POLE (MadFKS)   -4.6916291152290709E-009
 SINGLE POLE (MadLoop)  -1.4546689194658995E-009
 DOUBLE POLE (MadLoop)  -4.6916291152290494E-009
 FINITE PART (MadLoop)   7.6802322564731552E-009
   325.00000000000000        0.0000000000000000        0.0000000000000000        325.00000000000000        0.0000000000000000     
   325.00000000000000        0.0000000000000000        0.0000000000000000       -325.00000000000000        0.0000000000000000     
   254.54716528284720        216.73296192542492       -18.879311005014987        42.891190057415763        125.00000000000000     
   200.52665691324921       -128.23818900959955       -106.14631000650057        77.663710508676587        80.419002445756163     
   194.92617780390356       -88.494772915825379        125.02562101151555       -120.55490056609236        0.0000000000000000     

 PASSED   1.0000000000000001E-005
 MU_R    =    325.00000000000000     
 ALPHA_S =   0.11799999999999999     
 BORN                    1.2128628231424984E-007
 SINGLE POLE (MadFKS)   -6.0847993472663543E-009
 DOUBLE POLE (MadFKS)   -1.2907480862420428E-008
 SINGLE POLE (MadLoop)  -6.0847993472661078E-009
 DOUBLE POLE (MadLoop)  -1.2907480862420191E-008
 FINITE PART (MadLoop)   1.8333357799296223E-008
   325.00000000000000        0.0000000000000000        0.0000000000000000        325.00000000000000        0.0000000000000000     
   325.00000000000000        0.0000000000000000        0.0000000000000000       -325.00000000000000        0.0000000000000000     
   179.11901529699807        26.927340572947767       -105.64777970000181       -67.617206501707855        125.00000000000000     
   199.31603372819234        114.68059424379425       -126.05797469061439        64.941617377133639        80.419002445756163     
   271.56495097480956       -141.60793481674204        231.70575439061625        2.6755891245742158        0.0000000000000000     

 PASSED   1.0000000000000001E-005
 MU_R    =    325.00000000000000     
 ALPHA_S =   0.11799999999999999     
 BORN                    7.4642039783176626E-008
 SINGLE POLE (MadFKS)   -6.8968742900347592E-010
 DOUBLE POLE (MadFKS)   -7.9435256951575499E-009
 SINGLE POLE (MadLoop)  -6.8968742900333220E-010
 DOUBLE POLE (MadLoop)  -7.9435256951575780E-009
 FINITE PART (MadLoop)   1.2317419062110327E-008
   325.00000000000000        0.0000000000000000        0.0000000000000000        325.00000000000000        0.0000000000000000     
   325.00000000000000        0.0000000000000000        0.0000000000000000       -325.00000000000000        0.0000000000000000     
   137.19909257226524       -11.493928207804824       -4.6997425162881745        55.176018679200041        125.00000000000000     
   247.33403908276492        178.87319593228071       -18.353679312484246        149.58085829172981        80.419002445756163     
   265.46686834496978       -167.37926772447580        23.053421828772425       -204.75687697092985        0.0000000000000000     

 PASSED   1.0000000000000001E-005
 MU_R    =    325.00000000000000     
 ALPHA_S =   0.11799999999999999     
 BORN                    5.2759783535332318E-008
 SINGLE POLE (MadFKS)   -3.0066492603768314E-009
 DOUBLE POLE (MadFKS)   -5.6147808580965677E-009
 SINGLE POLE (MadLoop)  -3.0066492603766085E-009
 DOUBLE POLE (MadLoop)  -5.6147808580965164E-009
 FINITE PART (MadLoop)   9.9821131296834864E-009
   325.00000000000000        0.0000000000000000        0.0000000000000000        325.00000000000000        0.0000000000000000     
   325.00000000000000        0.0000000000000000        0.0000000000000000       -325.00000000000000        0.0000000000000000     
   136.53396258563993        37.608409433068182        9.3849267129134866        38.910842060341871        125.00000000000000     
   276.85455659517527       -221.34553440777839        139.68405342530406       -40.935915398978409        80.419002445756163     
   236.61148081918481        183.73712497471021       -149.06898013821768        2.0250733386366364        0.0000000000000000     

 PASSED   1.0000000000000001E-005
 MU_R    =    325.00000000000000     
 ALPHA_S =   0.11799999999999999     
 BORN                    2.4509503624576898E-007
 SINGLE POLE (MadFKS)   -2.8199620724111138E-008
 DOUBLE POLE (MadFKS)   -2.6083407203625857E-008
 SINGLE POLE (MadLoop)  -2.8199620724110552E-008
 DOUBLE POLE (MadLoop)  -2.6083407203625890E-008
 FINITE PART (MadLoop)   4.1331649270330512E-008
   325.00000000000000        0.0000000000000000        0.0000000000000000        325.00000000000000        0.0000000000000000     
   325.00000000000000        0.0000000000000000        0.0000000000000000       -325.00000000000000        0.0000000000000000     
   133.71300209855929       -25.824377285382525       -7.0057698585362207       -39.219735551387494        125.00000000000000     
   242.59418278749939       -176.90054980390806        14.466807931036842       -144.50476987049825        80.419002445756163     
   273.69281511394126        202.72492708929056       -7.4610380725006236        183.72450542188571        0.0000000000000000     

 PASSED   1.0000000000000001E-005
 MU_R    =    325.00000000000000     
 ALPHA_S =   0.11799999999999999     
 BORN                    4.0895769662334932E-008
 SINGLE POLE (MadFKS)   -1.7416540829601267E-009
 DOUBLE POLE (MadFKS)   -4.3521934566587331E-009
 SINGLE POLE (MadLoop)  -1.7416540829604811E-009
 DOUBLE POLE (MadLoop)  -4.3521934566586926E-009
 FINITE PART (MadLoop)   6.3307393729863039E-009
   325.00000000000000        0.0000000000000000        0.0000000000000000        325.00000000000000        0.0000000000000000     
   325.00000000000000        0.0000000000000000        0.0000000000000000       -325.00000000000000        0.0000000000000000     
   174.82220718839363       -103.41038899241899       -33.347600361126041       -55.964570263809271        125.00000000000000     
   254.55109213046441        108.93000161725617       -176.57262767035863        123.63415570015889        80.419002445756163     
   220.62670068114193       -5.5196126248372863        209.92022803148467       -67.669585436349635        0.0000000000000000     

 PASSED   1.0000000000000001E-005
 MU_R    =    325.00000000000000     
 ALPHA_S =   0.11799999999999999     
 BORN                    1.6291466075046578E-007
 SINGLE POLE (MadFKS)   -3.0011887945896328E-008
 DOUBLE POLE (MadFKS)   -1.7337639720838363E-008
 SINGLE POLE (MadLoop)  -3.0011887945899339E-008
 DOUBLE POLE (MadLoop)  -1.7337639720838505E-008
 FINITE PART (MadLoop)   1.5621442503294629E-008
   325.00000000000000        0.0000000000000000        0.0000000000000000        325.00000000000000        0.0000000000000000     
   325.00000000000000        0.0000000000000000        0.0000000000000000       -325.00000000000000        0.0000000000000000     
   315.07725291984650        174.89464596190786       -201.84819472108242        110.98578471685383        125.00000000000000     
   288.07584162957539       -177.49005951687408        162.55378220578621       -136.35989600871645        80.419002445756163     
   46.846905450578085        2.5954135549662789        39.294412515296237        25.374111291862619        0.0000000000000000     

 PASSED   1.0000000000000001E-005
 MU_R    =    325.00000000000000     
 ALPHA_S =   0.11799999999999999     
 BORN                    7.3618425147582717E-008
 SINGLE POLE (MadFKS)   -7.1021544709294174E-009
 DOUBLE POLE (MadFKS)   -7.8345909824487451E-009
 SINGLE POLE (MadLoop)  -7.1021544709288657E-009
 DOUBLE POLE (MadLoop)  -7.8345909824487120E-009
 FINITE PART (MadLoop)   1.2050632930294431E-008
   325.00000000000000        0.0000000000000000        0.0000000000000000        325.00000000000000        0.0000000000000000     
   325.00000000000000        0.0000000000000000        0.0000000000000000       -325.00000000000000        0.0000000000000000     
   245.15673444587935        110.33860990336487       -72.608933264992771       -164.40851078603040        125.00000000000000     
   192.23472533245419        66.772610408233845        144.65456051882245        71.438437060521650        80.419002445756163     
   212.60854022166646       -177.11122031159871       -72.045627253829664        92.970073725508726        0.0000000000000000     

 PASSED   1.0000000000000001E-005
 MU_R    =    325.00000000000000     
 ALPHA_S =   0.11799999999999999     
 BORN                    1.1809622747865550E-007
 SINGLE POLE (MadFKS)   -1.7686757435022950E-008
 DOUBLE POLE (MadFKS)   -1.2567990105882760E-008
 SINGLE POLE (MadLoop)  -1.7686757435025547E-008
 DOUBLE POLE (MadLoop)  -1.2567990105882863E-008
 FINITE PART (MadLoop)   1.4283150004831115E-008
   325.00000000000000        0.0000000000000000        0.0000000000000000        325.00000000000000        0.0000000000000000     
   325.00000000000000        0.0000000000000000        0.0000000000000000       -325.00000000000000        0.0000000000000000     
   310.86560340377565        238.80160325368630       -117.73910091127350       -100.61670725911998        125.00000000000000     
   309.94463207385331       -261.29916251237330        100.04827406104185        106.35576864827181        80.419002445756163     
   29.189764522370997        22.497559258687080        17.690826850231691       -5.7390613891518090        0.0000000000000000     

 PASSED   1.0000000000000001E-005
 MU_R    =    325.00000000000000     
 ALPHA_S =   0.11799999999999999     
 BORN                    9.4132105148289869E-007
 SINGLE POLE (MadFKS)   -1.7554973211068332E-007
 DOUBLE POLE (MadFKS)   -1.0017689738340246E-007
 SINGLE POLE (MadLoop)  -1.7554973211068597E-007
 DOUBLE POLE (MadLoop)  -1.0017689738340333E-007
 FINITE PART (MadLoop)   1.2842904462570294E-007
   325.00000000000000        0.0000000000000000        0.0000000000000000        325.00000000000000        0.0000000000000000     
   325.00000000000000        0.0000000000000000        0.0000000000000000       -325.00000000000000        0.0000000000000000     
   151.21995095138391        49.303068886480929        45.068311891715020       -52.730714269246995        125.00000000000000     
   223.89052389503638       -21.905084052042962        67.714406125170797       -196.45528048747292        80.419002445756163     
   274.88952515357971       -27.397984834438063       -112.78271801688589        249.18599475671985        0.0000000000000000     

 PASSED   1.0000000000000001E-005
 MU_R    =    325.00000000000000     
 ALPHA_S =   0.11799999999999999     
 BORN                    5.5049835237718490E-008
 SINGLE POLE (MadFKS)   -7.9431156606540565E-009
 DOUBLE POLE (MadFKS)   -5.8584918364404880E-009
 SINGLE POLE (MadLoop)  -7.9431156606540235E-009
 DOUBLE POLE (MadLoop)  -5.8584918364405674E-009
 FINITE PART (MadLoop)   1.5807866521774461E-008
   325.00000000000000        0.0000000000000000        0.0000000000000000        325.00000000000000        0.0000000000000000     
   325.00000000000000        0.0000000000000000        0.0000000000000000       -325.00000000000000        0.0000000000000000     
   238.42756797155843        67.252173971124591       -132.55571266960104        138.30702550356531        125.00000000000000     
   260.40828885902476       -60.358289906693550        20.335762511040294       -239.35035942055498        80.419002445756163     
   151.16414316941680       -6.8938840644315320        112.21995015856064        101.04333391698985        0.0000000000000000     

 PASSED   1.0000000000000001E-005
 MU_R    =    325.00000000000000     
 ALPHA_S =   0.11799999999999999     
 BORN                    2.4811709271787960E-007
 SINGLE POLE (MadFKS)   -3.9896227034531513E-008
 DOUBLE POLE (MadFKS)   -2.6405019304637044E-008
 SINGLE POLE (MadLoop)  -3.9896227034531897E-008
 DOUBLE POLE (MadLoop)  -2.6405019304637054E-008
 FINITE PART (MadLoop)   4.9408880776397008E-008
   325.00000000000000        0.0000000000000000        0.0000000000000000        325.00000000000000        0.0000000000000000     
   325.00000000000000        0.0000000000000000        0.0000000000000000       -325.00000000000000        0.0000000000000000     
   125.23829072037077       0.65300605026597358       -6.6580459279163637        3.8566138100904954        125.00000000000000     
   269.74555590613727        134.97395942057938       -14.235492196028149       -218.80317643263118        80.419002445756163     
   255.01615337349199       -135.62696547084536        20.893538123944499        214.94656262254068        0.0000000000000000     

 PASSED   1.0000000000000001E-005
 MU_R    =    325.00000000000000     
 ALPHA_S =   0.11799999999999999     
 BORN                    8.4549495574613333E-007
 SINGLE POLE (MadFKS)   -2.6498669353151838E-007
 DOUBLE POLE (MadFKS)   -8.9978930447306121E-008
 SINGLE POLE (MadLoop)  -2.6498669353154082E-007
 DOUBLE POLE (MadLoop)  -8.9978930447286017E-008
 FINITE PART (MadLoop)  -1.8713475023514175E-007
   325.00000000000000        0.0000000000000000        0.0000000000000000        325.00000000000000        0.0000000000000000     
   325.00000000000000        0.0000000000000000        0.0000000000000000       -325.00000000000000        0.0000000000000000     
   311.76121515800878        93.747799169344376        5.0302904055453492       -269.73338986143040        125.00000000000000     
   178.74271475177608       -109.20032100891025       -28.896538064576724        112.79194165319466        80.419002445756163     
   159.49607009021514        15.452521839565870        23.866247659031377        156.94144820823581        0.0000000000000000     

 PASSED   1.0000000000000001E-005
 MU_R    =    325.00000000000000     
 ALPHA_S =   0.11799999999999999     
 BORN                    3.4807247419209647E-008
 SINGLE POLE (MadFKS)   -2.1797753540457791E-009
 DOUBLE POLE (MadFKS)   -3.7042431457576005E-009
 SINGLE POLE (MadLoop)  -2.1797753540457448E-009
 DOUBLE POLE (MadLoop)  -3.7042431457575447E-009
 FINITE PART (MadLoop)   6.4964980822318774E-009
   325.00000000000000        0.0000000000000000        0.0000000000000000        325.00000000000000        0.0000000000000000     
   325.00000000000000        0.0000000000000000        0.0000000000000000       -325.00000000000000        0.0000000000000000     
   144.72010754713435       -39.071088437744883        60.580301781825540       -11.062848311669114        125.00000000000000     
   293.67309151547749        110.77652345064011       -259.65803334166708        9.1069368733399667        80.419002445756163     
   211.60680093738819       -71.705435012895450        199.07773155984142        1.9559114383292133        0.0000000000000000     

 PASSED   1.0000000000000001E-005
 MU_R    =    325.00000000000000     
 ALPHA_S =   0.11799999999999999     
 BORN                    4.0479373847189415E-008
 SINGLE POLE (MadFKS)   -7.3658925583783979E-010
 DOUBLE POLE (MadFKS)   -4.3078799455787480E-009
 SINGLE POLE (MadLoop)  -7.3658925583776390E-010
 DOUBLE POLE (MadLoop)  -4.3078799455787248E-009
 FINITE PART (MadLoop)   1.4883594190426461E-008
   325.00000000000000        0.0000000000000000        0.0000000000000000        325.00000000000000        0.0000000000000000     
   325.00000000000000        0.0000000000000000        0.0000000000000000       -325.00000000000000        0.0000000000000000     
   287.60757678831766       -89.646671066324700       -147.22142363655155        193.34540339817045        125.00000000000000     
   136.01702005182057       -49.526900940223463        95.250119155348486       -22.536962385290927        80.419002445756163     
   226.37540315986180        139.17357200654814        51.971304481203042       -170.80844101287954        0.0000000000000000     

 NUMBER OF POINTS PASSING THE CHECK          20
 NUMBER OF POINTS FAILING THE CHECK           0
 TOLERANCE    1.0000000000000001E-005
