 A PDF is used, so alpha_s(MZ) is going to be modified
 Old value of alpha_s from param_card:   0.11799999999999999     
  ****************************************
 
       NNPDFDriver version 1.0.3
   Grid: NNPDF23nlo_as_0119_qed_mem0.grid
  ****************************************
 New value of alpha_s from PDF nn23nlo:  0.11899999999999999     
 *****************************************************
 *               MadGraph/MadEvent                   *
 *        --------------------------------           *
 *          http://madgraph.hep.uiuc.edu             *
 *          http://madgraph.phys.ucl.ac.be           *
 *          http://madgraph.roma2.infn.it            *
 *        --------------------------------           *
 *                                                   *
 *          PARAMETER AND COUPLING VALUES            *
 *                                                   *
 *****************************************************

  External Params
  ---------------------------------
  
 MU_R =    91.188000000000002     
 aEWM1 =    132.50700000000001     
 mdl_Gf =    1.1663900000000000E-005
 aS =   0.11799999999999999     
 mdl_ymb =    4.7000000000000002     
 mdl_ymt =    173.00000000000000     
 mdl_ymtau =    1.7769999999999999     
 mdl_MT =    173.00000000000000     
 mdl_MB =    4.7000000000000002     
 mdl_MZ =    91.188000000000002     
 mdl_MH =    125.00000000000000     
 mdl_MTA =    1.7769999999999999     
 mdl_WT =    1.4915000000000000     
 mdl_WZ =    2.4414039999999999     
 mdl_WW =    2.0476000000000001     
 mdl_WH =    6.3823389999999999E-003
  Internal Params
  ---------------------------------
  
 mdl_conjg__CKM3x3 =    1.0000000000000000     
 mdl_CKM22 =    1.0000000000000000     
 mdl_lhv =    1.0000000000000000     
 mdl_CKM3x3 =    1.0000000000000000     
 mdl_conjg__CKM22 =    1.0000000000000000     
 mdl_conjg__CKM33 =    1.0000000000000000     
 mdl_Ncol =    3.0000000000000000     
 mdl_CA =    3.0000000000000000     
 mdl_TF =   0.50000000000000000     
 mdl_CF =    1.3333333333333333     
 mdl_complexi =                (0.0000000000000000,1.0000000000000000)
 mdl_MZ__exp__2 =    8315.2513440000002     
 mdl_MZ__exp__4 =    69143404.913893804     
 mdl_sqrt__2 =    1.4142135623730951     
 mdl_MH__exp__2 =    15625.000000000000     
 mdl_Ncol__exp__2 =    9.0000000000000000     
 mdl_MB__exp__2 =    22.090000000000003     
 mdl_MT__exp__2 =    29929.000000000000     
 mdl_aEW =    7.5467711139788835E-003
 mdl_MW =    80.419002445756163     
 mdl_sqrt__aEW =    8.6872153846781555E-002
 mdl_ee =   0.30795376724436879     
 mdl_MW__exp__2 =    6467.2159543705357     
 mdl_sw2 =   0.22224648578577766     
 mdl_cw =   0.88190334743339216     
 mdl_sqrt__sw2 =   0.47143025548407230     
 mdl_sw =   0.47143025548407230     
 mdl_g1 =   0.34919219678733299     
 mdl_gw =   0.65323293034757990     
 mdl_v =    246.21845810181637     
 mdl_v__exp__2 =    60623.529110035903     
 mdl_lam =   0.12886910601690263     
 mdl_yb =    2.6995554250465490E-002
 mdl_yt =   0.99366614581500623     
 mdl_ytau =    1.0206617000654717E-002
 mdl_muH =    88.388347648318430     
 mdl_AxialZUp =  -0.18517701861793787     
 mdl_AxialZDown =   0.18517701861793787     
 mdl_VectorZUp =    7.5430507588273299E-002
 mdl_VectorZDown =  -0.13030376310310560     
 mdl_VectorAUp =   0.20530251149624587     
 mdl_VectorADown =  -0.10265125574812294     
 mdl_VectorWmDxU =   0.23095271737156670     
 mdl_AxialWmDxU =  -0.23095271737156670     
 mdl_VectorWpUxD =   0.23095271737156670     
 mdl_AxialWpUxD =  -0.23095271737156670     
 mdl_I1x33 =          (2.69955542504654901E-002,0.0000000000000000)
 mdl_I2x33 =               (0.99366614581500623,0.0000000000000000)
 mdl_I3x33 =               (0.99366614581500623,0.0000000000000000)
 mdl_I4x33 =          (2.69955542504654901E-002,0.0000000000000000)
 mdl_Vector_tbGp =              (-0.96667059156454072,0.0000000000000000)
 mdl_Axial_tbGp =              (-1.0206617000654716,-0.0000000000000000)
 mdl_Vector_tbGm =               (0.96667059156454072,0.0000000000000000)
 mdl_Axial_tbGm =              (-1.0206617000654716,-0.0000000000000000)
 mdl_gw__exp__2 =   0.42671326129048615     
 mdl_cw__exp__2 =   0.77775351421422245     
 mdl_ee__exp__2 =    9.4835522759998875E-002
 mdl_sw__exp__2 =   0.22224648578577769     
 mdl_yb__exp__2 =    7.2875994928982540E-004
 mdl_yt__exp__2 =   0.98737240933884918     
  Internal Params evaluated point by point
  ----------------------------------------
  
 mdl_sqrt__aS =   0.34351128074635334     
 mdl_G__exp__4 =    2.1987899468922913     
 mdl_G__exp__2 =    1.4828317324943823     
 mdl_R2MixedFactor_FIN_ =   -2.5040377713124864E-002
 mdl_GWcft_UV_b_1EPS_ =   -3.1300472141406080E-003
 mdl_GWcft_UV_t_1EPS_ =   -3.1300472141406080E-003
 mdl_bWcft_UV_1EPS_ =   -1.8780283284843650E-002
 mdl_tWcft_UV_1EPS_ =   -1.8780283284843650E-002
 mdl_G__exp__3 =    1.8056676068262196     
 mdl_MU_R__exp__2 =    8315.2513440000002     
 mdl_GWcft_UV_b_FIN_ =   -1.8563438626678915E-002
 mdl_GWcft_UV_t_FIN_ =    4.0087659331150384E-003
 mdl_bWcft_UV_FIN_ =  -0.13642100947319838     
 mdl_tWcft_UV_FIN_ =   -9.8778211443463623E-004
  Couplings of loop_sm
  ---------------------------------
  
    R2_UUZ_V2 =  -0.00000E+00  -0.72127E-02
    R2_UUZ_V5 =   0.00000E+00   0.68702E-03
      R2_sxcW =  -0.00000E+00  -0.11566E-01
         GC_5 =   0.00000E+00   0.12177E+01
        GC_22 =   0.00000E+00   0.28804E+00
        GC_23 =  -0.00000E+00  -0.27437E-01
        GC_31 =   0.00000E+00   0.52532E+02
        GC_32 =   0.00000E+00   0.67544E+02
        GC_47 =   0.00000E+00   0.46191E+00

 Collider parameters:
 --------------------

 Running at P P   machine @    13000.000000000000       GeV
 PDF set = nn23nlo
 alpha_s(Mz)= 0.1190 running at 2 loops.
 alpha_s(Mz)= 0.1190 running at 2 loops.
 Renormalization scale set on event-by-event basis
 Factorization   scale set on event-by-event basis


 ===============================================================
 INFO: MadFKS read these parameters from FKS_params.dat
 ===============================================================
  > IRPoleCheckThreshold      =   -1.0000000000000000     
  > PrecisionVirtualAtRunTime =   -1.0000000000000000     
  > NHelForMCoverHels         =            4
  > VirtualFraction           =    1.0000000000000000     
  > MinVirtualFraction        =    5.0000000000000001E-003
 ===============================================================
  Insert the number of points to test
 Insert the relative tolerance
  A negative number will mean use the default one:   -1.0000000000000000     
Using random seed offsets:     1 ,     52 ,      0
  with seed                15455
 Ranmar initialization seeds       10742       25506
  ========================================================================================== 
 {                                                                                          }
 {       [32m                                                                            [0m       }
 {       [32m                               ,,                                           [0m       }
 {       [32m`7MMM.     ,MMF'             `7MM  `7MMF'                                   [0m       }
 {       [32m  MMMb    dPMM                 MM    MM                                     [0m       }
 {       [32m  M YM   ,M MM   ,6"Yb.   ,M""bMM    MM         ,pW"Wq.   ,pW"Wq.`7MMpdMAo. [0m       }
 {       [32m  M  Mb  M' MM  8)   MM ,AP    MM    MM        6W'   `Wb 6W'   `Wb MM   `Wb [0m       }
 {       [32m  M  YM.P'  MM   ,pm9MM 8MI    MM    MM      , 8M     M8 8M     M8 MM    M8 [0m       }
 {       [32m  M  `YM'   MM  8M   MM `Mb    MM    MM     ,M YA.   ,A9 YA.   ,A9 MM   ,AP [0m       }
 {       [32m.JML. `'  .JMML.`Moo9^Yo.`Wbmd"MML..JMMmmmmMMM  `Ybmd9'   `Ybmd9'  MMbmmd'  [0m       }
 {       [32m                                                                   MM       [0m       }
 {       [32m                                                                 .JMML.     [0m       }
 {       [32m[0mv2.6.7 (2019-10-16), Ref: arXiv:1103.0621v2, arXiv:1405.0301[32m                [0m       }
 {       [32m                                                                            [0m       }
 {                                                                                          }
  ========================================================================================== 
 ===============================================================
 INFO: MadLoop read these parameters from ./MadLoop5_resources/MadLoopParams.dat                                                                                                                                                                                                                                                                                                                                                                                                                                                                                          
 ===============================================================
  > MLReductionLib            = 6|7|1
  > CTModeRun                 =           -1
  > MLStabThres               =    1.0000000000000000E-003
  > NRotations_DP             =            0
  > NRotations_QP             =            0
  > CTStabThres               =    1.0000000000000000E-002
  > CTLoopLibrary             =            2
  > CTModeInit                =            1
  > CheckCycle                =            3
  > MaxAttempts               =           10
  > UseLoopFilter             =  F
  > HelicityFilterLevel       =            2
  > ImprovePSPoint            =            2
  > DoubleCheckHelicityFilter =  T
  > LoopInitStartOver         =  F
  > HelInitStartOver          =  F
  > ZeroThres                 =    1.0000000000000001E-009
  > OSThres                   =    1.0000000000000000E-008
  > WriteOutFilters           =  T
  > UseQPIntegrandForNinja    =  T
  > UseQPIntegrandForCutTools =  T
  > IREGIMODE                 =            2
  > IREGIRECY                 =  T
  > COLLIERMode               =            1
  > COLLIERRequiredAccuracy   =    1.0000000000000000E-008
  > COLLIERCanOutput          =  F
  > COLLIERComputeUVpoles     =  T
  > COLLIERComputeIRpoles     =  T
  > COLLIERGlobalCache        =           -1
  > COLLIERUseCacheForPoles   =  F
  > COLLIERUseInternalStabilityTest =  T
 ===============================================================
  
------------------------------------------------------------------------
|              You are using CutTools - Version 1.9.3                  |
|              Authors: G. Ossola, C. Papadopoulos, R. Pittau          |
|              Published in JHEP 0803:042,2008                         |
|              http://www.ugr.es/~pittau/CutTools                      |
|                                                                      |
|              Compiler with  34  significant digits detetected        |
 ---------------------------------------------------------------------- 
   
########################################################################
#                                                                      #
#                      You are using OneLOop-3.6                       #
#                                                                      #
# for the evaluation of 1-loop scalar 1-, 2-, 3- and 4-point functions #
#                                                                      #
# author: Andreas van Hameren <hamerenREMOVETHIS@ifj.edu.pl>           #
#   date: 18-02-2015                                                   #
#                                                                      #
# Please cite                                                          #
#    A. van Hameren,                                                   #
#      Comput.Phys.Commun. 182 (2011) 2427-2438, arXiv:1007.4716       #
#    A. van Hameren, C.G. Papadopoulos and R. Pittau,                  #
#      JHEP 0909:106,2009, arXiv:0903.4665                             #
# in publications with results obtained with the help of this program. #
#                                                                      #

  +----------------------------------------------------------------+
  |                                                                |
  |  Ninja - version 1.2.0                                         |
  |                                                                |
  |  Author: Tiziano Peraro                                        |
  |                                                                |
  |  Based on:                                                     |
  |                                                                |
  |      P. Mastrolia, E. Mirabella and T. Peraro,                 |
  |      "Integrand reduction of one-loop scattering amplitudes    |
  |      through Laurent series expansion,"                        |
  |      JHEP 1206 (2012) 095  [arXiv:1203.0291 [hep-ph]].         |
  |                                                                |
  |      T. Peraro,                                                |
  |      "Ninja: Automated Integrand Reduction via Laurent         |
  |      Expansion for One-Loop Amplitudes,"                       |
  |      Comput.Phys.Commun. 185 (2014) [arXiv:1403.1229 [hep-ph]] |
  |                                                                |
  +----------------------------------------------------------------+


########################################################################
########################################################################
#                                                                      #
#                      You are using OneLOop-3.6                       #
#                                                                      #
# for the evaluation of 1-loop scalar 1-, 2-, 3- and 4-point functions #
#                                                                      #
# author: Andreas van Hameren <hamerenREMOVETHIS@ifj.edu.pl>           #
#   date: 18-02-2015                                                   #
#                                                                      #
# Please cite                                                          #
#    A. van Hameren,                                                   #
#      Comput.Phys.Commun. 182 (2011) 2427-2438, arXiv:1007.4716       #
#    A. van Hameren, C.G. Papadopoulos and R. Pittau,                  #
#      JHEP 0909:106,2009, arXiv:0903.4665                             #
# in publications with results obtained with the help of this program. #
#                                                                      #
########################################################################
 PASSED  -1.0000000000000000     
 MU_R    =    325.00000000000000     
 ALPHA_S =   0.11799999999999999     
 BORN                    4.3330072320689093E-011
 SINGLE POLE (MadFKS)   -2.4615289034823711E-012
 DOUBLE POLE (MadFKS)   -4.3400055089882871E-012
 SINGLE POLE (MadLoop)  -2.4615289034823759E-012
 DOUBLE POLE (MadLoop)  -4.3400055089882847E-012
 FINITE PART (MadLoop)   7.7952768352265919E-012
   325.00000000000000        0.0000000000000000        0.0000000000000000        325.00000000000000        0.0000000000000000     
   325.00000000000000        0.0000000000000000        0.0000000000000000       -325.00000000000000        0.0000000000000000     
   205.79693712296520        32.378537989765817       -80.266199878460966        138.69515768010760        125.00000000000000     
   153.29770993168091        97.547403328008514        24.850853867548047        115.61629226157702        0.0000000000000000     
   290.90535294535380       -129.92594131777429        55.415346010912927       -254.31144994168460        0.0000000000000000     

 PASSED  -1.0000000000000000     
 MU_R    =    325.00000000000000     
 ALPHA_S =   0.11799999999999999     
 BORN                    1.0412084463698431E-010
 SINGLE POLE (MadFKS)   -9.2243168221559170E-012
 DOUBLE POLE (MadFKS)   -1.0428901110078713E-011
 SINGLE POLE (MadLoop)  -9.2243168221593243E-012
 DOUBLE POLE (MadLoop)  -1.0428901110081657E-011
 FINITE PART (MadLoop)   1.4304045449532865E-011
   325.00000000000000        0.0000000000000000        0.0000000000000000        325.00000000000000        0.0000000000000000     
   325.00000000000000        0.0000000000000000        0.0000000000000000       -325.00000000000000        0.0000000000000000     
   267.45536086769334        36.690582875430046        158.32511155481666       -171.73913425973751        125.00000000000000     
   182.12360001941241       -42.198314445000257        42.019887319930497        172.11228024650703        0.0000000000000000     
   200.42103911289428        5.5077315695701952       -200.34499887474718      -0.37314598676949984        0.0000000000000000     

 PASSED  -1.0000000000000000     
 MU_R    =    325.00000000000000     
 ALPHA_S =   0.11799999999999999     
 BORN                    8.7763816839879808E-011
 SINGLE POLE (MadFKS)   -7.4276191660642329E-012
 DOUBLE POLE (MadFKS)   -8.7905564928643968E-012
 SINGLE POLE (MadLoop)  -7.4276191660640778E-012
 DOUBLE POLE (MadLoop)  -8.7905564928644259E-012
 FINITE PART (MadLoop)   1.2618544050763176E-011
   325.00000000000000        0.0000000000000000        0.0000000000000000        325.00000000000000        0.0000000000000000     
   325.00000000000000        0.0000000000000000        0.0000000000000000       -325.00000000000000        0.0000000000000000     
   261.73070745395916        224.64803598493515       -38.405231209934961       -30.598388326390797        125.00000000000000     
   133.46579146205497       -1.2154802037870407       -34.710471218034712        128.86746403297042        0.0000000000000000     
   254.80350108398588       -223.43255578114815        73.115702427969708       -98.269075706579628        0.0000000000000000     

 PASSED  -1.0000000000000000     
 MU_R    =    325.00000000000000     
 ALPHA_S =   0.11799999999999999     
 BORN                    3.4383006216577579E-009
 SINGLE POLE (MadFKS)   -4.2993499063492360E-010
 DOUBLE POLE (MadFKS)   -3.4438538503032915E-010
 SINGLE POLE (MadLoop)  -4.2993499063492055E-010
 DOUBLE POLE (MadLoop)  -3.4438538503032646E-010
 FINITE PART (MadLoop)   2.1928935167988034E-010
   325.00000000000000        0.0000000000000000        0.0000000000000000        325.00000000000000        0.0000000000000000     
   325.00000000000000        0.0000000000000000        0.0000000000000000       -325.00000000000000        0.0000000000000000     
   303.42307571002453        247.79833996515475        4.8734079389286888       -122.52671332777102        125.00000000000000     
   247.86979550870703       -240.52252962821228        46.065467634265026        38.292570538036074        0.0000000000000000     
   98.707128781268395       -7.2758103369425147       -50.938875573193663        84.234142789734946        0.0000000000000000     

 PASSED  -1.0000000000000000     
 MU_R    =    325.00000000000000     
 ALPHA_S =   0.11799999999999999     
 BORN                    5.7072122631148591E-010
 SINGLE POLE (MadFKS)   -4.7159822547335093E-011
 DOUBLE POLE (MadFKS)   -5.7164300302949704E-011
 SINGLE POLE (MadLoop)  -4.7159822547335559E-011
 DOUBLE POLE (MadLoop)  -5.7164300302949975E-011
 FINITE PART (MadLoop)   8.3833696162262900E-011
   325.00000000000000        0.0000000000000000        0.0000000000000000        325.00000000000000        0.0000000000000000     
   325.00000000000000        0.0000000000000000        0.0000000000000000       -325.00000000000000        0.0000000000000000     
   258.66328661051097        53.527144169360611        216.72834972637750       -38.017931323322330        125.00000000000000     
   299.86704643882263       -78.294330046253705       -289.21794913311692       -11.967511094002381        0.0000000000000000     
   91.469666950666337        24.767185876893063        72.489599406739472        49.985442417324720        0.0000000000000000     

 PASSED  -1.0000000000000000     
 MU_R    =    325.00000000000000     
 ALPHA_S =   0.11799999999999999     
 BORN                    6.7212178289112584E-011
 SINGLE POLE (MadFKS)   -4.0518890935231410E-012
 DOUBLE POLE (MadFKS)   -6.7320733251250791E-012
 SINGLE POLE (MadLoop)  -4.0518890935231070E-012
 DOUBLE POLE (MadLoop)  -6.7320733251250387E-012
 FINITE PART (MadLoop)   1.1845198425624351E-011
   325.00000000000000        0.0000000000000000        0.0000000000000000        325.00000000000000        0.0000000000000000     
   325.00000000000000        0.0000000000000000        0.0000000000000000       -325.00000000000000        0.0000000000000000     
   214.59653360104983        172.06860706439207        14.441007555792597       -24.708783808189519        125.00000000000000     
   296.22631918956864       -265.28500863242800       -55.645952625099547        119.48817653616587        0.0000000000000000     
   139.17714720938153        93.216401568035920        41.204945069306937       -94.779392727976216        0.0000000000000000     

 PASSED  -1.0000000000000000     
 MU_R    =    325.00000000000000     
 ALPHA_S =   0.11799999999999999     
 BORN                    2.8291430809470342E-009
 SINGLE POLE (MadFKS)   -3.3317852186066499E-010
 DOUBLE POLE (MadFKS)   -2.8337124540555015E-010
 SINGLE POLE (MadLoop)  -3.3317852186065697E-010
 DOUBLE POLE (MadLoop)  -2.8337124540554467E-010
 FINITE PART (MadLoop)   2.2800087472204517E-010
   325.00000000000000        0.0000000000000000        0.0000000000000000        325.00000000000000        0.0000000000000000     
   325.00000000000000        0.0000000000000000        0.0000000000000000       -325.00000000000000        0.0000000000000000     
   298.16943876830788        7.5776055837496976        30.928281531244306        268.82342812810964        125.00000000000000     
   282.95153279572514       -14.370782304725724        36.664610197192893       -280.19771035197351        0.0000000000000000     
   68.879028435967001        6.7931767209760245       -67.592891728437181        11.374282223863807        0.0000000000000000     

 PASSED  -1.0000000000000000     
 MU_R    =    325.00000000000000     
 ALPHA_S =   0.11799999999999999     
 BORN                    8.2118570395622187E-010
 SINGLE POLE (MadFKS)   -7.2917871539583469E-011
 DOUBLE POLE (MadFKS)   -8.2251200798728528E-011
 SINGLE POLE (MadLoop)  -7.2917871539583805E-011
 DOUBLE POLE (MadLoop)  -8.2251200798728528E-011
 FINITE PART (MadLoop)   1.1253703827426170E-010
   325.00000000000000        0.0000000000000000        0.0000000000000000        325.00000000000000        0.0000000000000000     
   325.00000000000000        0.0000000000000000        0.0000000000000000       -325.00000000000000        0.0000000000000000     
   267.73735061660750       -224.26007325019776       -70.943124794506858        27.069937299654779        125.00000000000000     
   195.12672843095652        70.785975940166381        177.05505810166355       -41.416085751589101        0.0000000000000000     
   187.13592095243604        153.47409731003142       -106.11193330715669        14.346148451934258        0.0000000000000000     

 PASSED  -1.0000000000000000     
 MU_R    =    325.00000000000000     
 ALPHA_S =   0.11799999999999999     
 BORN                    5.0624182454220533E-010
 SINGLE POLE (MadFKS)   -2.1058224005009007E-011
 DOUBLE POLE (MadFKS)   -5.0705946002873229E-011
 SINGLE POLE (MadLoop)  -2.1058224005008778E-011
 DOUBLE POLE (MadLoop)  -5.0705946002872718E-011
 FINITE PART (MadLoop)   9.7765371121430837E-011
   325.00000000000000        0.0000000000000000        0.0000000000000000        325.00000000000000        0.0000000000000000     
   325.00000000000000        0.0000000000000000        0.0000000000000000       -325.00000000000000        0.0000000000000000     
   159.22360874452227       -86.113657463313714       -8.2058208717188972        47.373622235807979        125.00000000000000     
   268.26200515153585        39.447564513329475        71.424550696218674       -255.55219940304306        0.0000000000000000     
   222.51438610394183        46.666092949984233       -63.218729824499761        208.17857716723509        0.0000000000000000     

 PASSED  -1.0000000000000000     
 MU_R    =    325.00000000000000     
 ALPHA_S =   0.11799999999999999     
 BORN                    5.8146026638203150E-011
 SINGLE POLE (MadFKS)   -3.5126090477810712E-012
 DOUBLE POLE (MadFKS)   -5.8239938781521074E-012
 SINGLE POLE (MadLoop)  -3.5126090477810692E-012
 DOUBLE POLE (MadLoop)  -5.8239938781520960E-012
 FINITE PART (MadLoop)   1.0239479718493760E-011
   325.00000000000000        0.0000000000000000        0.0000000000000000        325.00000000000000        0.0000000000000000     
   325.00000000000000        0.0000000000000000        0.0000000000000000       -325.00000000000000        0.0000000000000000     
   214.90192748957298       -126.89806700271241       -98.907841085432239       -68.351722740013528        125.00000000000000     
   256.48157098096004        169.49386599148124       -23.730287001309051        191.02748263786177        0.0000000000000000     
   178.61650152946697       -42.595798988768898        122.63812808674132       -122.67575989784825        0.0000000000000000     

 PASSED  -1.0000000000000000     
 MU_R    =    325.00000000000000     
 ALPHA_S =   0.11799999999999999     
 BORN                    1.2836597304809197E-007
 SINGLE POLE (MadFKS)   -3.1351030669515253E-008
 DOUBLE POLE (MadFKS)   -1.2857329802548116E-008
 SINGLE POLE (MadLoop)  -3.1351030669518536E-008
 DOUBLE POLE (MadLoop)  -1.2857329802549599E-008
 FINITE PART (MadLoop)  -4.6480435617453766E-008
   325.00000000000000        0.0000000000000000        0.0000000000000000        325.00000000000000        0.0000000000000000     
   325.00000000000000        0.0000000000000000        0.0000000000000000       -325.00000000000000        0.0000000000000000     
   333.90967344664841       -171.26144906748490        246.84289077094192        74.891744273968769        125.00000000000000     
   62.412498529032348        39.817229597886076       -33.715635890320925       -34.251483125508372        0.0000000000000000     
   253.67782802431924        131.44421946959855       -213.12725488062102       -40.640261148460070        0.0000000000000000     

 PASSED  -1.0000000000000000     
 MU_R    =    325.00000000000000     
 ALPHA_S =   0.11799999999999999     
 BORN                    5.9697302016991910E-010
 SINGLE POLE (MadFKS)   -5.4480392277194675E-011
 DOUBLE POLE (MadFKS)   -5.9793719638398728E-011
 SINGLE POLE (MadLoop)  -5.4480392277194552E-011
 DOUBLE POLE (MadLoop)  -5.9793719638398858E-011
 FINITE PART (MadLoop)   7.9332215138431588E-011
   325.00000000000000        0.0000000000000000        0.0000000000000000        325.00000000000000        0.0000000000000000     
   325.00000000000000        0.0000000000000000        0.0000000000000000       -325.00000000000000        0.0000000000000000     
   271.06517458743542       -226.99589044330691       -53.113123000105659       -59.187758541295544        125.00000000000000     
   146.92862218541998        14.768117640392331        142.71493767673047        31.660216085686471        0.0000000000000000     
   232.00620322714457        212.22777280291456       -89.601814676624812        27.527542455609094        0.0000000000000000     

 PASSED  -1.0000000000000000     
 MU_R    =    325.00000000000000     
 ALPHA_S =   0.11799999999999999     
 BORN                    4.2066239162986221E-009
 SINGLE POLE (MadFKS)   -4.9114410295685066E-010
 DOUBLE POLE (MadFKS)   -4.2134180704472822E-010
 SINGLE POLE (MadLoop)  -4.9114410295685066E-010
 DOUBLE POLE (MadLoop)  -4.2134180704472801E-010
 FINITE PART (MadLoop)   3.4849256397180385E-010
   325.00000000000000        0.0000000000000000        0.0000000000000000        325.00000000000000        0.0000000000000000     
   325.00000000000000        0.0000000000000000        0.0000000000000000       -325.00000000000000        0.0000000000000000     
   297.37667778977408        167.05164797210122       -137.76125231445582       -161.00767920767359        125.00000000000000     
   117.52965841044873       -101.61189939363906        40.650756386947279       -42.845752565018593        0.0000000000000000     
   235.09366379977720       -65.439748578462172        97.110495927508524        203.85343177269218        0.0000000000000000     

 PASSED  -1.0000000000000000     
 MU_R    =    325.00000000000000     
 ALPHA_S =   0.11799999999999999     
 BORN                    3.8342496824809952E-010
 SINGLE POLE (MadFKS)   -1.5638951633299509E-011
 DOUBLE POLE (MadFKS)   -3.8404424118301277E-011
 SINGLE POLE (MadLoop)  -1.5638951633299331E-011
 DOUBLE POLE (MadLoop)  -3.8404424118301289E-011
 FINITE PART (MadLoop)   7.4267035433687609E-011
   325.00000000000000        0.0000000000000000        0.0000000000000000        325.00000000000000        0.0000000000000000     
   325.00000000000000        0.0000000000000000        0.0000000000000000       -325.00000000000000        0.0000000000000000     
   156.32585081162972       -64.837787453897434        22.610973934389968       -64.012317625606045        125.00000000000000     
   201.87672044787038       -92.898838971519183        100.79127462092653       -148.20639303626655        0.0000000000000000     
   291.79742874049992        157.73662642541660       -123.40224855531652        212.21871066187262        0.0000000000000000     

 PASSED  -1.0000000000000000     
 MU_R    =    325.00000000000000     
 ALPHA_S =   0.11799999999999999     
 BORN                    8.9862354347135132E-010
 SINGLE POLE (MadFKS)   -8.3476816410207554E-011
 DOUBLE POLE (MadFKS)   -9.0007491801717279E-011
 SINGLE POLE (MadLoop)  -8.3476816410207140E-011
 DOUBLE POLE (MadLoop)  -9.0007491801717538E-011
 FINITE PART (MadLoop)   1.1688757487122194E-010
   325.00000000000000        0.0000000000000000        0.0000000000000000        325.00000000000000        0.0000000000000000     
   325.00000000000000        0.0000000000000000        0.0000000000000000       -325.00000000000000        0.0000000000000000     
   273.18111101201015        98.492914398769571       -130.80194317389979        179.42384704638548        125.00000000000000     
   138.44845377948147        71.487981627733774       -23.864780955013245       -116.13748346977059        0.0000000000000000     
   238.37043520850841       -169.98089602650330        154.66672412891302       -63.286363576614889        0.0000000000000000     

 PASSED  -1.0000000000000000     
 MU_R    =    325.00000000000000     
 ALPHA_S =   0.11799999999999999     
 BORN                    7.2783887127790106E-010
 SINGLE POLE (MadFKS)   -4.3697137078573302E-011
 DOUBLE POLE (MadFKS)   -7.2901441004372438E-011
 SINGLE POLE (MadLoop)  -4.3697137078572966E-011
 DOUBLE POLE (MadLoop)  -7.2901441004371908E-011
 FINITE PART (MadLoop)   1.2846781717504137E-010
   325.00000000000000        0.0000000000000000        0.0000000000000000        325.00000000000000        0.0000000000000000     
   325.00000000000000        0.0000000000000000        0.0000000000000000       -325.00000000000000        0.0000000000000000     
   213.98826300785697       -2.4486992693309957       -162.19149734506027       -62.079777431748809        125.00000000000000     
   152.60449299125699       -7.6045632786895982       -25.168860916644061       -150.32242127712567        0.0000000000000000     
   283.40724400088607        10.053262548020607        187.36035826170422        212.40219870887452        0.0000000000000000     

 PASSED  -1.0000000000000000     
 MU_R    =    325.00000000000000     
 ALPHA_S =   0.11799999999999999     
 BORN                    4.7069422614971447E-011
 SINGLE POLE (MadFKS)   -2.0610946337888816E-012
 DOUBLE POLE (MadFKS)   -4.7145444840703468E-012
 SINGLE POLE (MadLoop)  -2.0610946337888973E-012
 DOUBLE POLE (MadLoop)  -4.7145444840703468E-012
 FINITE PART (MadLoop)   9.0138450638767153E-012
   325.00000000000000        0.0000000000000000        0.0000000000000000        325.00000000000000        0.0000000000000000     
   325.00000000000000        0.0000000000000000        0.0000000000000000       -325.00000000000000        0.0000000000000000     
   166.83515158807811        46.338921817694121        90.335021923198838        43.603393724867423        125.00000000000000     
   209.22827877915208       -129.75012175169377        115.95742804546661        116.16907259416188        0.0000000000000000     
   273.93656963276987        83.411199933999626       -206.29244996866552       -159.77246631902932        0.0000000000000000     

 PASSED  -1.0000000000000000     
 MU_R    =    325.00000000000000     
 ALPHA_S =   0.11799999999999999     
 BORN                    1.2920933626401702E-010
 SINGLE POLE (MadFKS)   -6.0211972036909536E-012
 DOUBLE POLE (MadFKS)   -1.2941802336452594E-011
 SINGLE POLE (MadLoop)  -6.0211972036908963E-012
 DOUBLE POLE (MadLoop)  -1.2941802336452579E-011
 FINITE PART (MadLoop)   2.4457161894490775E-011
   325.00000000000000        0.0000000000000000        0.0000000000000000        325.00000000000000        0.0000000000000000     
   325.00000000000000        0.0000000000000000        0.0000000000000000       -325.00000000000000        0.0000000000000000     
   176.12731600116456        104.89216695320292        44.552395568385904       -49.076968149566447        125.00000000000000     
   193.24421192666432        174.44771908966581       -70.833271546593693        43.519724144083668        0.0000000000000000     
   280.62847207217106       -279.33988604286873        26.280875978207632        5.5572440054828895        0.0000000000000000     

 PASSED  -1.0000000000000000     
 MU_R    =    325.00000000000000     
 ALPHA_S =   0.11799999999999999     
 BORN                    2.9273232305248989E-010
 SINGLE POLE (MadFKS)   -1.7926616011867371E-011
 DOUBLE POLE (MadFKS)   -2.9320511752299344E-011
 SINGLE POLE (MadLoop)  -1.7926616011867674E-011
 DOUBLE POLE (MadLoop)  -2.9320511752299777E-011
 FINITE PART (MadLoop)   5.1282903178636263E-011
   325.00000000000000        0.0000000000000000        0.0000000000000000        325.00000000000000        0.0000000000000000     
   325.00000000000000        0.0000000000000000        0.0000000000000000       -325.00000000000000        0.0000000000000000     
   216.90626278393398        92.736618880078652        36.638245641239102       -146.56358794023942        125.00000000000000     
   253.73650754182924       -211.15215027139476       -131.25793005753101        50.678797265751385        0.0000000000000000     
   179.35722967423678        118.41553139131658        94.619684416292031        95.884790674487832        0.0000000000000000     

 PASSED  -1.0000000000000000     
 MU_R    =    325.00000000000000     
 ALPHA_S =   0.11799999999999999     
 BORN                    2.0685528752124931E-010
 SINGLE POLE (MadFKS)   -1.0967839393888220E-011
 DOUBLE POLE (MadFKS)   -2.0718938125956509E-011
 SINGLE POLE (MadLoop)  -1.0967839393888058E-011
 DOUBLE POLE (MadLoop)  -2.0718938125956409E-011
 FINITE PART (MadLoop)   3.7984113796665348E-011
   325.00000000000000        0.0000000000000000        0.0000000000000000        325.00000000000000        0.0000000000000000     
   325.00000000000000        0.0000000000000000        0.0000000000000000       -325.00000000000000        0.0000000000000000     
   195.48940955045904       -140.26391667914706       -34.940542352838008       -41.186180015897889        125.00000000000000     
   292.10750884003630        250.63082149566776        149.74524257477049        9.3461416296658602        0.0000000000000000     
   162.40308160950468       -110.36690481652073       -114.80470022193249        31.840038386232052        0.0000000000000000     

 NUMBER OF POINTS PASSING THE CHECK          20
 NUMBER OF POINTS FAILING THE CHECK           0
 TOLERANCE   -1.0000000000000000     
