 A PDF is used, so alpha_s(MZ) is going to be modified
 Old value of alpha_s from param_card:   0.11799999999999999     
  ****************************************
 
       NNPDFDriver version 1.0.3
   Grid: NNPDF23_lo_as_0130_qed_mem0.grid
  ****************************************
 New value of alpha_s from PDF nn23lo1:  0.13000000000000000     
 *****************************************************
 *               MadGraph/MadEvent                   *
 *        --------------------------------           *
 *          http://madgraph.hep.uiuc.edu             *
 *          http://madgraph.phys.ucl.ac.be           *
 *          http://madgraph.roma2.infn.it            *
 *        --------------------------------           *
 *                                                   *
 *          PARAMETER AND COUPLING VALUES            *
 *                                                   *
 *****************************************************

  External Params
  ---------------------------------
  
 MU_R =    91.188000000000002     
 aEWM1 =    132.50700000000001     
 mdl_Gf =    1.1663900000000000E-005
 aS =   0.11799999999999999     
 mdl_ymb =    4.7000000000000002     
 mdl_ymt =    173.00000000000000     
 mdl_ymtau =    1.7769999999999999     
 mdl_MT =    173.00000000000000     
 mdl_MB =    4.7000000000000002     
 mdl_MZ =    91.188000000000002     
 mdl_MH =    125.00000000000000     
 mdl_MTA =    1.7769999999999999     
 mdl_WT =    1.4915000000000000     
 mdl_WZ =    2.4414039999999999     
 mdl_WW =    2.0476000000000001     
 mdl_WH =    6.3823389999999999E-003
  Internal Params
  ---------------------------------
  
 mdl_conjg__CKM3x3 =    1.0000000000000000     
 mdl_CKM22 =    1.0000000000000000     
 mdl_lhv =    1.0000000000000000     
 mdl_CKM3x3 =    1.0000000000000000     
 mdl_conjg__CKM22 =    1.0000000000000000     
 mdl_conjg__CKM33 =    1.0000000000000000     
 mdl_Ncol =    3.0000000000000000     
 mdl_CA =    3.0000000000000000     
 mdl_TF =   0.50000000000000000     
 mdl_CF =    1.3333333333333333     
 mdl_complexi =                (0.0000000000000000,1.0000000000000000)
 mdl_MZ__exp__2 =    8315.2513440000002     
 mdl_MZ__exp__4 =    69143404.913893804     
 mdl_sqrt__2 =    1.4142135623730951     
 mdl_MH__exp__2 =    15625.000000000000     
 mdl_Ncol__exp__2 =    9.0000000000000000     
 mdl_MB__exp__2 =    22.090000000000003     
 mdl_MT__exp__2 =    29929.000000000000     
 mdl_aEW =    7.5467711139788835E-003
 mdl_MW =    80.419002445756163     
 mdl_sqrt__aEW =    8.6872153846781555E-002
 mdl_ee =   0.30795376724436879     
 mdl_MW__exp__2 =    6467.2159543705357     
 mdl_sw2 =   0.22224648578577766     
 mdl_cw =   0.88190334743339216     
 mdl_sqrt__sw2 =   0.47143025548407230     
 mdl_sw =   0.47143025548407230     
 mdl_g1 =   0.34919219678733299     
 mdl_gw =   0.65323293034757990     
 mdl_v =    246.21845810181637     
 mdl_v__exp__2 =    60623.529110035903     
 mdl_lam =   0.12886910601690263     
 mdl_yb =    2.6995554250465490E-002
 mdl_yt =   0.99366614581500623     
 mdl_ytau =    1.0206617000654717E-002
 mdl_muH =    88.388347648318430     
 mdl_AxialZUp =  -0.18517701861793787     
 mdl_AxialZDown =   0.18517701861793787     
 mdl_VectorZUp =    7.5430507588273299E-002
 mdl_VectorZDown =  -0.13030376310310560     
 mdl_VectorAUp =   0.20530251149624587     
 mdl_VectorADown =  -0.10265125574812294     
 mdl_VectorWmDxU =   0.23095271737156670     
 mdl_AxialWmDxU =  -0.23095271737156670     
 mdl_VectorWpUxD =   0.23095271737156670     
 mdl_AxialWpUxD =  -0.23095271737156670     
 mdl_I1x33 =          (2.69955542504654901E-002,0.0000000000000000)
 mdl_I2x33 =               (0.99366614581500623,0.0000000000000000)
 mdl_I3x33 =               (0.99366614581500623,0.0000000000000000)
 mdl_I4x33 =          (2.69955542504654901E-002,0.0000000000000000)
 mdl_Vector_tbGp =              (-0.96667059156454072,0.0000000000000000)
 mdl_Axial_tbGp =              (-1.0206617000654716,-0.0000000000000000)
 mdl_Vector_tbGm =               (0.96667059156454072,0.0000000000000000)
 mdl_Axial_tbGm =              (-1.0206617000654716,-0.0000000000000000)
 mdl_gw__exp__2 =   0.42671326129048615     
 mdl_cw__exp__2 =   0.77775351421422245     
 mdl_ee__exp__2 =    9.4835522759998875E-002
 mdl_sw__exp__2 =   0.22224648578577769     
 mdl_yb__exp__2 =    7.2875994928982540E-004
 mdl_yt__exp__2 =   0.98737240933884918     
  Internal Params evaluated point by point
  ----------------------------------------
  
 mdl_sqrt__aS =   0.34351128074635334     
 mdl_G__exp__4 =    2.1987899468922913     
 mdl_G__exp__2 =    1.4828317324943823     
 mdl_R2MixedFactor_FIN_ =   -2.5040377713124864E-002
 mdl_G_UVg_1EPS_ =   -5.1645779033320030E-002
 mdl_G_UVq_1EPS_ =    3.1300472141406080E-003
 mdl_GWcft_UV_b_1EPS_ =   -3.1300472141406080E-003
 mdl_GWcft_UV_t_1EPS_ =   -3.1300472141406080E-003
 mdl_bWcft_UV_1EPS_ =   -1.8780283284843650E-002
 mdl_tWcft_UV_1EPS_ =   -1.8780283284843650E-002
 mdl_G__exp__3 =    1.8056676068262196     
 mdl_MU_R__exp__2 =    8315.2513440000002     
 mdl_G_UVb_FIN_ =    1.8563438626678915E-002
 mdl_G_UVt_FIN_ =   -4.0087659331150384E-003
 mdl_GWcft_UV_b_FIN_ =   -1.8563438626678915E-002
 mdl_GWcft_UV_t_FIN_ =    4.0087659331150384E-003
 mdl_bWcft_UV_FIN_ =  -0.13642100947319838     
 mdl_tWcft_UV_FIN_ =   -9.8778211443463623E-004
  Couplings of loop_sm
  ---------------------------------
  
      UV_GQQb =   0.00000E+00   0.22605E-01
      UV_GQQt =   0.00000E+00  -0.48815E-02
   UVWfct_G_2 =   0.40088E-02   0.00000E+00
   UVWfct_G_1 =  -0.18563E-01   0.00000E+00
    R2_UUZ_V2 =  -0.00000E+00  -0.72127E-02
    R2_UUZ_V5 =   0.00000E+00   0.68702E-03
      R2_sxcW =  -0.00000E+00  -0.11566E-01
      R2_GGHb =   0.00000E+00  -0.33698E-02
      R2_GGHt =   0.00000E+00  -0.45657E+01
     R2_GGZup =  -0.46369E-02   0.00000E+00
         GC_4 =  -0.12177E+01   0.00000E+00
         GC_5 =   0.00000E+00   0.12177E+01
       R2_GQQ =  -0.00000E+00  -0.30492E-01
       R2_QQq =   0.00000E+00   0.12520E-01
 UV_GQQg_1eps =   0.00000E+00  -0.62890E-01
 UV_GQQq_1eps =   0.00000E+00   0.38115E-02
 UVWfct_G_2_1eps -0.31300E-02   0.00000E+00
        GC_22 =   0.00000E+00   0.28804E+00
        GC_23 =  -0.00000E+00  -0.27437E-01
        GC_31 =   0.00000E+00   0.52532E+02
        GC_32 =   0.00000E+00   0.67544E+02
        GC_33 =  -0.00000E+00  -0.19089E-01
        GC_37 =  -0.00000E+00  -0.70263E+00
        GC_47 =   0.00000E+00   0.46191E+00

 Collider parameters:
 --------------------

 Running at P P   machine @    13000.000000000000       GeV
 PDF set = nn23lo1
 alpha_s(Mz)= 0.1300 running at 2 loops.
 alpha_s(Mz)= 0.1300 running at 2 loops.
 Renormalization scale set on event-by-event basis
 Factorization   scale set on event-by-event basis


 ===============================================================
 INFO: MadFKS read these parameters from FKS_params.dat
 ===============================================================
  > IRPoleCheckThreshold      =    1.0000000000000001E-005
  > PrecisionVirtualAtRunTime =    1.0000000000000000E-003
  > NHelForMCoverHels         =            4
  > VirtualFraction           =    1.0000000000000000     
  > MinVirtualFraction        =    5.0000000000000001E-003
 ===============================================================
  Insert the number of points to test
 Insert the relative tolerance
  A negative number will mean use the default one:    1.0000000000000001E-005
Using random seed offsets:     1 ,     32 ,      0
  with seed                26142
 Ranmar initialization seeds       13122        6525
  ========================================================================================== 
 {                                                                                          }
 {       [32m                                                                            [0m       }
 {       [32m                               ,,                                           [0m       }
 {       [32m`7MMM.     ,MMF'             `7MM  `7MMF'                                   [0m       }
 {       [32m  MMMb    dPMM                 MM    MM                                     [0m       }
 {       [32m  M YM   ,M MM   ,6"Yb.   ,M""bMM    MM         ,pW"Wq.   ,pW"Wq.`7MMpdMAo. [0m       }
 {       [32m  M  Mb  M' MM  8)   MM ,AP    MM    MM        6W'   `Wb 6W'   `Wb MM   `Wb [0m       }
 {       [32m  M  YM.P'  MM   ,pm9MM 8MI    MM    MM      , 8M     M8 8M     M8 MM    M8 [0m       }
 {       [32m  M  `YM'   MM  8M   MM `Mb    MM    MM     ,M YA.   ,A9 YA.   ,A9 MM   ,AP [0m       }
 {       [32m.JML. `'  .JMML.`Moo9^Yo.`Wbmd"MML..JMMmmmmMMM  `Ybmd9'   `Ybmd9'  MMbmmd'  [0m       }
 {       [32m                                                                   MM       [0m       }
 {       [32m                                                                 .JMML.     [0m       }
 {       [32m[0mv2.6.7 (2019-10-16), Ref: arXiv:1103.0621v2, arXiv:1405.0301[32m                [0m       }
 {       [32m                                                                            [0m       }
 {                                                                                          }
  ========================================================================================== 
 ===============================================================
 INFO: MadLoop read these parameters from ./MadLoop5_resources/MadLoopParams.dat                                                                                                                                                                                                                                                                                                                                                                                                                                                                                          
 ===============================================================
  > MLReductionLib            = 6|7|1
  > CTModeRun                 =           -1
  > MLStabThres               =    1.0000000000000000E-003
  > NRotations_DP             =            0
  > NRotations_QP             =            0
  > CTStabThres               =    1.0000000000000000E-002
  > CTLoopLibrary             =            2
  > CTModeInit                =            1
  > CheckCycle                =            3
  > MaxAttempts               =           10
  > UseLoopFilter             =  F
  > HelicityFilterLevel       =            2
  > ImprovePSPoint            =            2
  > DoubleCheckHelicityFilter =  T
  > LoopInitStartOver         =  F
  > HelInitStartOver          =  F
  > ZeroThres                 =    1.0000000000000001E-009
  > OSThres                   =    1.0000000000000000E-008
  > WriteOutFilters           =  T
  > UseQPIntegrandForNinja    =  T
  > UseQPIntegrandForCutTools =  T
  > IREGIMODE                 =            2
  > IREGIRECY                 =  T
  > COLLIERMode               =            1
  > COLLIERRequiredAccuracy   =    1.0000000000000000E-008
  > COLLIERCanOutput          =  F
  > COLLIERComputeUVpoles     =  T
  > COLLIERComputeIRpoles     =  T
  > COLLIERGlobalCache        =           -1
  > COLLIERUseCacheForPoles   =  F
  > COLLIERUseInternalStabilityTest =  T
 ===============================================================
  
------------------------------------------------------------------------
|              You are using CutTools - Version 1.9.3                  |
|              Authors: G. Ossola, C. Papadopoulos, R. Pittau          |
|              Published in JHEP 0803:042,2008                         |
|              http://www.ugr.es/~pittau/CutTools                      |
|                                                                      |
|              Compiler with  34  significant digits detetected        |
 ---------------------------------------------------------------------- 
   
########################################################################
#                                                                      #
#                      You are using OneLOop-3.6                       #
#                                                                      #
# for the evaluation of 1-loop scalar 1-, 2-, 3- and 4-point functions #

  +----------------------------------------------------------------+
  |                                                                |
  |  Ninja - version 1.2.0                                         |
  |                                                                |
  |  Author: Tiziano Peraro                                        |
  |                                                                |
  |  Based on:                                                     |
  |                                                                |
  |      P. Mastrolia, E. Mirabella and T. Peraro,                 |
  |      "Integrand reduction of one-loop scattering amplitudes    |
  |      through Laurent series expansion,"                        |
  |      JHEP 1206 (2012) 095  [arXiv:1203.0291 [hep-ph]].         |
  |                                                                |
  |      T. Peraro,                                                |
  |      "Ninja: Automated Integrand Reduction via Laurent         |
  |      Expansion for One-Loop Amplitudes,"                       |
  |      Comput.Phys.Commun. 185 (2014) [arXiv:1403.1229 [hep-ph]] |
  |                                                                |
  +----------------------------------------------------------------+


#                                                                      #
# author: Andreas van Hameren <hamerenREMOVETHIS@ifj.edu.pl>           #
#   date: 18-02-2015                                                   #
#                                                                      #
# Please cite                                                          #
#    A. van Hameren,                                                   #
#      Comput.Phys.Commun. 182 (2011) 2427-2438, arXiv:1007.4716       #
#    A. van Hameren, C.G. Papadopoulos and R. Pittau,                  #
#      JHEP 0909:106,2009, arXiv:0903.4665                             #
# in publications with results obtained with the help of this program. #
#                                                                      #
########################################################################
########################################################################
#                                                                      #
#                      You are using OneLOop-3.6                       #
#                                                                      #
# for the evaluation of 1-loop scalar 1-, 2-, 3- and 4-point functions #
#                                                                      #
# author: Andreas van Hameren <hamerenREMOVETHIS@ifj.edu.pl>           #
#   date: 18-02-2015                                                   #
#                                                                      #
# Please cite                                                          #
#    A. van Hameren,                                                   #
#      Comput.Phys.Commun. 182 (2011) 2427-2438, arXiv:1007.4716       #
#    A. van Hameren, C.G. Papadopoulos and R. Pittau,                  #
#      JHEP 0909:106,2009, arXiv:0903.4665                             #
# in publications with results obtained with the help of this program. #
#                                                                      #
########################################################################
 PASSED   1.0000000000000001E-005
 MU_R    =    325.00000000000000     
 ALPHA_S =   0.11799999999999999     
 BORN                    3.6697698452233762E-007
 SINGLE POLE (MadFKS)   -5.9706555281918499E-008
 DOUBLE POLE (MadFKS)   -3.9054279793967378E-008
 SINGLE POLE (MadLoop)  -5.9706555281916209E-008
 DOUBLE POLE (MadLoop)  -3.9054279793967365E-008
 FINITE PART (MadLoop)   8.2821010598686997E-008
   325.00000000000000        0.0000000000000000        0.0000000000000000        325.00000000000000        0.0000000000000000     
   325.00000000000000        0.0000000000000000        0.0000000000000000       -325.00000000000000        0.0000000000000000     
   235.04986873912438        173.05330922274393        34.745292812309359       -92.025852828017079        125.00000000000000     
   233.08462392080463       -77.748238056716460        95.720620836328436        175.51628069807919        91.188000000000002     
   181.86550734007099       -95.305071166027474       -130.46591364863781       -83.490427870062049        0.0000000000000000     

 PASSED   1.0000000000000001E-005
 MU_R    =    325.00000000000000     
 ALPHA_S =   0.11799999999999999     
 BORN                    2.7894760740770152E-007
 SINGLE POLE (MadFKS)   -4.1624228650275779E-008
 DOUBLE POLE (MadFKS)   -2.9686052169560583E-008
 SINGLE POLE (MadLoop)  -4.1624228650274985E-008
 DOUBLE POLE (MadLoop)  -2.9686052169560384E-008
 FINITE PART (MadLoop)   8.7837479331989949E-009
   325.00000000000000        0.0000000000000000        0.0000000000000000        325.00000000000000        0.0000000000000000     
   325.00000000000000        0.0000000000000000        0.0000000000000000       -325.00000000000000        0.0000000000000000     
   221.00777516157905       -71.575350802835288        63.631879417295600        155.07220821651083        125.00000000000000     
   243.09429295737081        170.02441463387720        89.561199795821139       -117.68633669200693        91.188000000000002     
   185.89793188105011       -98.449063831041911       -153.19307921311676       -37.385871524503933        0.0000000000000000     

 PASSED   1.0000000000000001E-005
 MU_R    =    325.00000000000000     
 ALPHA_S =   0.11799999999999999     
 BORN                    2.2805126455902540E-007
 SINGLE POLE (MadFKS)   -3.4408062003595363E-008
 DOUBLE POLE (MadFKS)   -2.4269581660683486E-008
 SINGLE POLE (MadLoop)  -3.4408062003596164E-008
 DOUBLE POLE (MadLoop)  -2.4269581660683496E-008
 FINITE PART (MadLoop)   4.2866786603426034E-008
   325.00000000000000        0.0000000000000000        0.0000000000000000        325.00000000000000        0.0000000000000000     
   325.00000000000000        0.0000000000000000        0.0000000000000000       -325.00000000000000        0.0000000000000000     
   291.32315221238656       -93.441392640959336        173.29329074033191       -174.59186848380483        125.00000000000000     
   176.15940236062966        52.697483813682140        1.4568309305134910        141.20105006479531        91.188000000000002     
   182.51744542698378        40.743908827277231       -174.75012167084540        33.390818419009527        0.0000000000000000     

 PASSED   1.0000000000000001E-005
 MU_R    =    325.00000000000000     
 ALPHA_S =   0.11799999999999999     
 BORN                    2.7098946322191636E-007
 SINGLE POLE (MadFKS)   -3.8501338580093244E-008
 DOUBLE POLE (MadFKS)   -2.8839133690253416E-008
 SINGLE POLE (MadLoop)  -3.8501338580094065E-008
 DOUBLE POLE (MadLoop)  -2.8839133690253601E-008
 FINITE PART (MadLoop)   7.6872608880567799E-008
   325.00000000000000        0.0000000000000000        0.0000000000000000        325.00000000000000        0.0000000000000000     
   325.00000000000000        0.0000000000000000        0.0000000000000000       -325.00000000000000        0.0000000000000000     
   197.90275399105565       -76.151607052054558        94.573725654704944        93.793620233053929        125.00000000000000     
   239.87594112704892        83.915123540070752        99.286037617018891       -179.79363326645927        91.188000000000002     
   212.22130488189546       -7.7635164880162018       -193.85976327172395        86.000013033405324        0.0000000000000000     

 PASSED   1.0000000000000001E-005
 MU_R    =    325.00000000000000     
 ALPHA_S =   0.11799999999999999     
 BORN                    6.4578788023936378E-007
 SINGLE POLE (MadFKS)   -1.1999141923848815E-007
 DOUBLE POLE (MadFKS)   -6.8725782885945634E-008
 SINGLE POLE (MadLoop)  -1.1999141923848775E-007
 DOUBLE POLE (MadLoop)  -6.8725782885945356E-008
 FINITE PART (MadLoop)   2.4431870723642549E-008
   325.00000000000000        0.0000000000000000        0.0000000000000000        325.00000000000000        0.0000000000000000     
   325.00000000000000        0.0000000000000000        0.0000000000000000       -325.00000000000000        0.0000000000000000     
   215.34057376916985        157.24129768187251        50.638702284238022       -58.800160250838935        125.00000000000000     
   293.81453987892689       -279.16987074715411       -1.0895073142942935        8.6445787112403227        91.188000000000002     
   140.84488635190328        121.92857306528167       -49.549194969943734        50.155581539598622        0.0000000000000000     

 PASSED   1.0000000000000001E-005
 MU_R    =    325.00000000000000     
 ALPHA_S =   0.11799999999999999     
 BORN                    2.6045208426461179E-007
 SINGLE POLE (MadFKS)   -3.8120716575636209E-008
 DOUBLE POLE (MadFKS)   -2.7717728906165144E-008
 SINGLE POLE (MadLoop)  -3.8120716575636249E-008
 DOUBLE POLE (MadLoop)  -2.7717728906165048E-008
 FINITE PART (MadLoop)   5.9683280954649730E-008
   325.00000000000000        0.0000000000000000        0.0000000000000000        325.00000000000000        0.0000000000000000     
   325.00000000000000        0.0000000000000000        0.0000000000000000       -325.00000000000000        0.0000000000000000     
   296.65597495336851        199.48152180168375        92.530992576924703        154.99969467049644        125.00000000000000     
   160.81841426285121       -66.060985168948989        38.171178407249784       -108.28766503867294        91.188000000000002     
   192.52561078378031       -133.42053663273472       -130.70217098417450       -46.712029631823498        0.0000000000000000     

 PASSED   1.0000000000000001E-005
 MU_R    =    325.00000000000000     
 ALPHA_S =   0.11799999999999999     
 BORN                    2.9892689932268542E-007
 SINGLE POLE (MadFKS)   -3.3329401363387993E-008
 DOUBLE POLE (MadFKS)   -3.1812280487526493E-008
 SINGLE POLE (MadLoop)  -3.3329401363388257E-008
 DOUBLE POLE (MadLoop)  -3.1812280487526585E-008
 FINITE PART (MadLoop)   3.9371801844955264E-008
   325.00000000000000        0.0000000000000000        0.0000000000000000        325.00000000000000        0.0000000000000000     
   325.00000000000000        0.0000000000000000        0.0000000000000000       -325.00000000000000        0.0000000000000000     
   294.42794339303595       -243.46506641299661        83.324266953574053        69.603461291931978        125.00000000000000     
   98.868572474440214      -0.99582765747542856       -12.530974085691611       -36.079444215147880        91.188000000000002     
   256.70348413252384        244.46089407047208       -70.793292867882428       -33.524017076784091        0.0000000000000000     

 PASSED   1.0000000000000001E-005
 MU_R    =    325.00000000000000     
 ALPHA_S =   0.11799999999999999     
 BORN                    3.8849624665858739E-007
 SINGLE POLE (MadFKS)   -4.2946520889914169E-008
 DOUBLE POLE (MadFKS)   -4.1344394214964994E-008
 SINGLE POLE (MadLoop)  -4.2946520889914778E-008
 DOUBLE POLE (MadLoop)  -4.1344394214965596E-008
 FINITE PART (MadLoop)   6.1729195714815977E-008
   325.00000000000000        0.0000000000000000        0.0000000000000000        325.00000000000000        0.0000000000000000     
   325.00000000000000        0.0000000000000000        0.0000000000000000       -325.00000000000000        0.0000000000000000     
   258.10291109780269       -205.21455773458902        54.239364883515712       -77.053158974763008        125.00000000000000     
   127.49199179089673       -50.839194966601077       -71.910195418026561        13.537232985335780        91.188000000000002     
   264.40509711130062        256.05375270119026        17.670830534510706        63.515925989427345        0.0000000000000000     

 PASSED   1.0000000000000001E-005
 MU_R    =    325.00000000000000     
 ALPHA_S =   0.11799999999999999     
 BORN                    3.3195718174011315E-007
 SINGLE POLE (MadFKS)   -4.3839998104417477E-008
 DOUBLE POLE (MadFKS)   -3.5327416165266699E-008
 SINGLE POLE (MadLoop)  -4.3839998104417067E-008
 DOUBLE POLE (MadLoop)  -3.5327416165266500E-008
 FINITE PART (MadLoop)   6.0010295742933439E-009
   325.00000000000000        0.0000000000000000        0.0000000000000000        325.00000000000000        0.0000000000000000     
   325.00000000000000        0.0000000000000000        0.0000000000000000       -325.00000000000000        0.0000000000000000     
   197.41009599775231       -61.574638409251463       -105.59862757271330        91.669186542540672        125.00000000000000     
   233.46576760138944       -144.71024326487324        154.67453812060069       -36.410795776883994        91.188000000000002     
   219.12413640085825        206.28488167412479       -49.075910547887396       -55.258390765656678        0.0000000000000000     

 PASSED   1.0000000000000001E-005
 MU_R    =    325.00000000000000     
 ALPHA_S =   0.11799999999999999     
 BORN                    5.2486666237922409E-007
 SINGLE POLE (MadFKS)   -6.0313406548421073E-008
 DOUBLE POLE (MadFKS)   -5.5857152768762567E-008
 SINGLE POLE (MadLoop)  -6.0313406548421364E-008
 DOUBLE POLE (MadLoop)  -5.5857152768762885E-008
 FINITE PART (MadLoop)   7.3817783453133920E-008
   325.00000000000000        0.0000000000000000        0.0000000000000000        325.00000000000000        0.0000000000000000     
   325.00000000000000        0.0000000000000000        0.0000000000000000       -325.00000000000000        0.0000000000000000     
   269.60142822821496        227.66565524294586        40.478120136995713        59.914950685687643        125.00000000000000     
   108.64983193392023        11.153386023815747        22.201830571929435        53.593053045410699        91.188000000000002     
   271.74873983786483       -238.81904126676170       -62.679950708925155       -113.50800373109833        0.0000000000000000     

 PASSED   1.0000000000000001E-005
 MU_R    =    325.00000000000000     
 ALPHA_S =   0.11799999999999999     
 BORN                    4.0185135064776928E-007
 SINGLE POLE (MadFKS)   -5.5653128946672401E-008
 DOUBLE POLE (MadFKS)   -4.2765665820185493E-008
 SINGLE POLE (MadLoop)  -5.5653128946670224E-008
 DOUBLE POLE (MadLoop)  -4.2765665820185632E-008
 FINITE PART (MadLoop)  -4.8120510025637521E-009
   325.00000000000000        0.0000000000000000        0.0000000000000000        325.00000000000000        0.0000000000000000     
   325.00000000000000        0.0000000000000000        0.0000000000000000       -325.00000000000000        0.0000000000000000     
   147.01958887262052        40.752457118634617       -38.457326888287803       -53.385679350136456        125.00000000000000     
   276.71937278160317       -200.47240899606030        159.30630296718448       -51.871716714292297        91.188000000000002     
   226.26103834577634        159.71995187742559       -120.84897607889661        105.25739606442876        0.0000000000000000     

 PASSED   1.0000000000000001E-005
 MU_R    =    325.00000000000000     
 ALPHA_S =   0.11799999999999999     
 BORN                    1.4363169416325959E-005
 SINGLE POLE (MadFKS)   -5.1340360975014421E-006
 DOUBLE POLE (MadFKS)   -1.5285515462052220E-006
 SINGLE POLE (MadLoop)  -5.1340360975013777E-006
 DOUBLE POLE (MadLoop)  -1.5285515462050722E-006
 FINITE PART (MadLoop)  -3.1813049824514347E-006
   325.00000000000000        0.0000000000000000        0.0000000000000000        325.00000000000000        0.0000000000000000     
   325.00000000000000        0.0000000000000000        0.0000000000000000       -325.00000000000000        0.0000000000000000     
   164.06442565461870       -88.546149832628586       -49.408289275740614       -31.788929929180231        125.00000000000000     
   275.62226425229909        70.012559004119524        71.312161209038379        240.13579169493875        91.188000000000002     
   210.31331009308221        18.533590828509123       -21.903871933297786       -208.34686176575849        0.0000000000000000     

 PASSED   1.0000000000000001E-005
 MU_R    =    325.00000000000000     
 ALPHA_S =   0.11799999999999999     
 BORN                    5.1458333530603864E-007
 SINGLE POLE (MadFKS)   -1.0253569450962296E-007
 DOUBLE POLE (MadFKS)   -5.4762784594006851E-008
 SINGLE POLE (MadLoop)  -1.0253569450962072E-007
 DOUBLE POLE (MadLoop)  -5.4762784594006626E-008
 FINITE PART (MadLoop)   1.7210857435194106E-007
   325.00000000000000        0.0000000000000000        0.0000000000000000        325.00000000000000        0.0000000000000000     
   325.00000000000000        0.0000000000000000        0.0000000000000000       -325.00000000000000        0.0000000000000000     
   188.40587616135471        91.648842206602936       -36.306002971783755        100.76774306557505        125.00000000000000     
   270.10039944821352        5.1000707658491136       -29.130462580463888       -252.51609823160985        91.188000000000002     
   191.49372439043182       -96.748912972452075        65.436465552247682        151.74835516603477        0.0000000000000000     

 PASSED   1.0000000000000001E-005
 MU_R    =    325.00000000000000     
 ALPHA_S =   0.11799999999999999     
 BORN                    6.3782578247066115E-007
 SINGLE POLE (MadFKS)   -1.4696263443957872E-007
 DOUBLE POLE (MadFKS)   -6.7878443659997775E-008
 SINGLE POLE (MadLoop)  -1.4696263443957110E-007
 DOUBLE POLE (MadLoop)  -6.7878443659998027E-008
 FINITE PART (MadLoop)   1.1844032461404898E-008
   325.00000000000000        0.0000000000000000        0.0000000000000000        325.00000000000000        0.0000000000000000     
   325.00000000000000        0.0000000000000000        0.0000000000000000       -325.00000000000000        0.0000000000000000     
   243.93950222880065        88.675259594267118        68.835549791185613       -176.86109286236353        125.00000000000000     
   301.08478945565713       -165.40821862220085       -24.563863618062037        233.18133912030973        91.188000000000002     
   104.97570831554222        76.732959027933745       -44.271686173123648       -56.320246257946110        0.0000000000000000     

 PASSED   1.0000000000000001E-005
 MU_R    =    325.00000000000000     
 ALPHA_S =   0.11799999999999999     
 BORN                    6.9561887644851869E-007
 SINGLE POLE (MadFKS)   -1.2973211468950817E-007
 DOUBLE POLE (MadFKS)   -7.4028877495264397E-008
 SINGLE POLE (MadLoop)  -1.2973211468950666E-007
 DOUBLE POLE (MadLoop)  -7.4028877495264649E-008
 FINITE PART (MadLoop)   5.0398440436452315E-008
   325.00000000000000        0.0000000000000000        0.0000000000000000        325.00000000000000        0.0000000000000000     
   325.00000000000000        0.0000000000000000        0.0000000000000000       -325.00000000000000        0.0000000000000000     
   260.39140670394926        213.74208410508706        71.851090002000873        36.475019303624293        125.00000000000000     
   244.84902589209000       -138.14887683067022       -178.60189342517231        25.535184191093741        91.188000000000002     
   144.75956740396086       -75.593207274416869        106.75080342317140       -62.010203494718063        0.0000000000000000     

 PASSED   1.0000000000000001E-005
 MU_R    =    325.00000000000000     
 ALPHA_S =   0.11799999999999999     
 BORN                    3.3299763407250991E-007
 SINGLE POLE (MadFKS)   -4.4114474088702454E-008
 DOUBLE POLE (MadFKS)   -3.5438142772698489E-008
 SINGLE POLE (MadLoop)  -4.4114474088702143E-008
 DOUBLE POLE (MadLoop)  -3.5438142772698502E-008
 FINITE PART (MadLoop)   5.9114473991292906E-008
   325.00000000000000        0.0000000000000000        0.0000000000000000        325.00000000000000        0.0000000000000000     
   325.00000000000000        0.0000000000000000        0.0000000000000000       -325.00000000000000        0.0000000000000000     
   143.55220369468208       -13.092414750508407        49.992048706876766        48.079298327756682        125.00000000000000     
   259.51941977106748        63.132740757311673        155.26528667602565       -175.90345560048894        91.188000000000002     
   246.92837653425048       -50.040326006803255       -205.25733538290234        127.82415727273219        0.0000000000000000     

 PASSED   1.0000000000000001E-005
 MU_R    =    325.00000000000000     
 ALPHA_S =   0.11799999999999999     
 BORN                    8.0714600551575009E-006
 SINGLE POLE (MadFKS)   -2.1401701720756410E-006
 DOUBLE POLE (MadFKS)   -8.5897773602955973E-007
 SINGLE POLE (MadLoop)  -2.1401701720755952E-006
 DOUBLE POLE (MadLoop)  -8.5897773602955221E-007
 FINITE PART (MadLoop)   7.6315663365798226E-007
   325.00000000000000        0.0000000000000000        0.0000000000000000        325.00000000000000        0.0000000000000000     
   325.00000000000000        0.0000000000000000        0.0000000000000000       -325.00000000000000        0.0000000000000000     
   267.48409089744450       -37.172888463522362       -113.74517668643009        203.96801226438328        125.00000000000000     
   119.04038780978310        28.091873147798790        49.296926281371420        51.342207862153394        91.188000000000002     
   263.47552129277238        9.0810153157235618        64.448250405058673       -255.31022012653668        0.0000000000000000     

 PASSED   1.0000000000000001E-005
 MU_R    =    325.00000000000000     
 ALPHA_S =   0.11799999999999999     
 BORN                    1.4353378020998078E-006
 SINGLE POLE (MadFKS)   -3.5440946912650277E-007
 DOUBLE POLE (MadFKS)   -1.5275095301964902E-007
 SINGLE POLE (MadLoop)  -3.5440946912651908E-007
 DOUBLE POLE (MadLoop)  -1.5275095301964738E-007
 FINITE PART (MadLoop)   5.2761662794932597E-008
   325.00000000000000        0.0000000000000000        0.0000000000000000        325.00000000000000        0.0000000000000000     
   325.00000000000000        0.0000000000000000        0.0000000000000000       -325.00000000000000        0.0000000000000000     
   325.54301725151350        3.3434955290717916        269.40773813350791       -133.27245684181548        125.00000000000000     
   247.33868280905796        7.5846296991625701       -193.67413779845776        123.66880936626815        91.188000000000002     
   77.118299939428510       -10.928125228234345       -75.733600335050099        9.6036474755473069        0.0000000000000000     

 PASSED   1.0000000000000001E-005
 MU_R    =    325.00000000000000     
 ALPHA_S =   0.11799999999999999     
 BORN                    2.6011123808134083E-006
 SINGLE POLE (MadFKS)   -7.2939212149012986E-007
 DOUBLE POLE (MadFKS)   -2.7681455508187622E-007
 SINGLE POLE (MadLoop)  -7.2939212149013843E-007
 DOUBLE POLE (MadLoop)  -2.7681455508187813E-007
 FINITE PART (MadLoop)  -1.4714949176712079E-007
   325.00000000000000        0.0000000000000000        0.0000000000000000        325.00000000000000        0.0000000000000000     
   325.00000000000000        0.0000000000000000        0.0000000000000000       -325.00000000000000        0.0000000000000000     
   328.87953141653355        40.692647364345405       -264.67248434681409        144.32370098124963        125.00000000000000     
   257.31638402744744       -27.602892165425217        209.36009198196700       -115.33820864903005        91.188000000000002     
   63.804084556018942       -13.089755198920043        55.312392364847099       -28.985492332219636        0.0000000000000000     

 PASSED   1.0000000000000001E-005
 MU_R    =    325.00000000000000     
 ALPHA_S =   0.11799999999999999     
 BORN                    7.5623536927541661E-007
 SINGLE POLE (MadFKS)   -1.3340196777442248E-007
 DOUBLE POLE (MadFKS)   -8.0479781968393793E-008
 SINGLE POLE (MadLoop)  -1.3340196777443069E-007
 DOUBLE POLE (MadLoop)  -8.0479781968399047E-008
 FINITE PART (MadLoop)   1.8603370534231261E-007
   325.00000000000000        0.0000000000000000        0.0000000000000000        325.00000000000000        0.0000000000000000     
   325.00000000000000        0.0000000000000000        0.0000000000000000       -325.00000000000000        0.0000000000000000     
   254.76587901153863        44.664888821199391       -217.04599430780891        13.294253271468364        125.00000000000000     
   186.47811637068736        9.0510983992795015        84.446494386622462        138.72888576189288        91.188000000000002     
   208.75600461777401       -53.715987220478802        132.59949992118669       -152.02313903336122        0.0000000000000000     

 NUMBER OF POINTS PASSING THE CHECK          20
 NUMBER OF POINTS FAILING THE CHECK           0
 TOLERANCE    1.0000000000000001E-005
