 Enter filename for events
 Enter maximum number of events to generate
 MUST coincide with the number of events on tape
 Enter 0 to use Herwig default PDFs
       1 to use PDFs from library
 Enter colliding particles (PART1, PART2)
 Enter beam momenta (PBEAM1, PBEAM2)


          HERWIG 6.521  11th Mar. 2013

          Please reference:  G. Marchesini, B.R. Webber,
          G.Abbiendi, I.G.Knowles, M.H.Seymour & L.Stanco
          Computer Physics Communications 67 (1992) 465
                             and
          G.Corcella, I.G.Knowles, G.Marchesini, S.Moretti,
          K.Odagiri, P.Richardson, M.H.Seymour & B.R.Webber,
          JHEP 0101 (2001) 010
 Enter .TRUE. for underlying event, .FALSE. otherwise

 Underlying event WILL NOT be generated

 Enter Lambda_QCD, <0 for Herwig default
 Enter Z mass, width
 Enter W mass, width
 Enter top mass, width
 Enter Higgs (SM) boson mass, width
 Enter quark (d,u,s,c,b) and gluon masses
 Enter lepton (e,mu,tau) masses
 Enter number of events to print
 Enter accepted error fraction
 Is it single-top (.TRUE. or .FALSE)?
 Is it b-bbar (.TRUE. or .FALSE)?
 Enter the two random seeds (0 0 for default)

          INPUT CONDITIONS FOR THIS RUN

          BEAM 1 (P       ) MOM. =   6500.00
          BEAM 2 (P       ) MOM. =   6500.00
          PROCESS CODE (IPROC)   =  -18000
          NUMBER OF FLAVOURS     =    6
          STRUCTURE FUNCTION SET =    8
          AZIM SPIN CORRELATIONS =    T
          AZIM SOFT CORRELATIONS =    T
          QCD LAMBDA (GEV)       =    0.1800
          DOWN     QUARK  MASS   =    0.3200
          UP       QUARK  MASS   =    0.3200
          STRANGE  QUARK  MASS   =    0.5000
          CHARMED  QUARK  MASS   =    1.5500
          BOTTOM   QUARK  MASS   =    4.9500
          TOP      QUARK  MASS   =  173.0000
          GLUON EFFECTIVE MASS   =    0.7500
          EXTRA SHOWER CUTOFF (Q)=    0.4800
          EXTRA SHOWER CUTOFF (G)=    0.1000
          PHOTON SHOWER CUTOFF   =    0.4000
          CLUSTER MASS PARAMETER =    3.3500
          SPACELIKE EVOLN CUTOFF =    2.5000
          INTRINSIC P-TRAN (RMS) =    0.0000
          DECAY SPIN CORRELATIONS=    T
          SUSY THREE BODY ME     =    T
          SUSY FOUR  BODY ME     =    F

          NO EVENTS WILL BE WRITTEN TO DISK

          B_d: Delt-M/Gam =0.7000 Delt-Gam/2*Gam =0.0000
          B_s: Delt-M/Gam = 10.00 Delt-Gam/2*Gam =0.2000

          PDFLIB NOT USED FOR BEAM 1
          PDFLIB NOT USED FOR BEAM 2


          Checking consistency of particle properties


          Checking consistency of decay tables


          WRITING SUDAKOV TABLE ON UNIT  77

          WRITING MATRIX ELEMENT TABLE ON UNIT  88

          CHECKING SUSY DECAY MATRIX ELEMENTS
 Do you want a stable Pi0 (.TRUE. or .FALSE)?
 Do you want a stable W+ (.TRUE. or .FALSE)?
 Do you want a stable W- (.TRUE. or .FALSE)?
 Do you want a stable Z0 (.TRUE. or .FALSE)?
 Do you want a stable Tau+ (.TRUE. or .FALSE)?
 Do you want a stable Tau- (.TRUE. or .FALSE)?
 Do you want a stable Mu+ (.TRUE. or .FALSE)?
 Do you want a stable Mu- (.TRUE. or .FALSE)?
 Do you want a stable Higgs (.TRUE. or .FALSE)?

          PARTICLE TYPE  21=PI0      SET STABLE
 How many decay modes do you want to set?
 How are the events normalized ("average" or "sum")?
 stdhep initialized

          SUBROUTINE TIMEL CALLED BUT NOT LINKED.
          DUMMY TIMEL WILL BE USED. DELETE DUMMY
          AND LINK CERNLIB FOR CPU TIME REMAINING.

 HWWARN CALLED FROM SUBPROGRAM HWSMRS: CODE =   5
 EVENT       1:   SEEDS = 1973774260 & 1099242306  WEIGHT = 0.5902E-03
 EVENT SURVIVES. EXECUTION CONTINUES
 WARNING: MRST98 CALLED WITH Q OUTSIDE ALLOWED RANGE!
 Q VALUE=1.430E+04, MINIMUM=1.118E+00, MAXIMUM=3.162E+03
 NO FURTHER WARNINGS WILL BE ISSUED



 EVENT       1: 6500.00 GEV/C P        ON  6500.00 GEV/C P        PROCESS:-18000
 SEEDS:  1973774260 &  1099242306   STATUS:  100 ERROR:   0  WEIGHT:  5.9016E-04


                               ---INITIAL STATE---    

 IHEP    ID      IDPDG IST MO1 MO2 DA1 DA2   P-X     P-Y     P-Z  ENERGY    MASS
    1 P           2212 101   0   0   0   0    0.00    0.00 6500.0 6500.0    0.94
    2 P           2212 102   0   0   0   0    0.00    0.00-6500.0 6500.0    0.94
    3 CMF            0 103   1   2   0   0    0.00    0.00    0.013000.013000.00

                              ---HARD SUBPROCESS---   

 IHEP    ID      IDPDG IST MO1 MO2 DA1 DA2   P-X     P-Y     P-Z  ENERGY    MASS
    4 DQRK           1 121   6   8  10   9    0.00    0.00 1857.5 1857.5    0.32
    5 UQRK           2 122   6   9  12   8    0.00    0.00 -464.8  464.8    0.32
    6 HARD           0 120   4   5   7   9   -9.68    5.32 1392.7 2322.3 1858.36
    7 HIGGS         25 123   6   7  22   7  167.30  363.55  830.2  930.1  125.00
    8 DQRK           1 124   6   5  23   4 -186.85 -372.63 -310.0  519.5    0.32
    9 UQRK           2 124   6   4  27   5   19.54    9.08  872.5  872.7    0.32

                              ---PARTON SHOWERS---    

 IHEP    ID      IDPDG IST MO1 MO2 DA1 DA2   P-X     P-Y     P-Z  ENERGY    MASS
   10 DQRK          94 141   4   6  11  11    0.00    0.00 1859.8 1859.8    0.46
   11 UU          2203   2  10  25  31  30    0.00    0.00 4640.2 4640.2    0.32
   12 UQRK          94 142   5   6  14  21   -9.68    5.32 -467.1  462.6  -65.54
   13 CONE           0 100   5   8   0   0   -0.45   -0.89   -0.4    1.1    0.00
   14 GLUON         21   2  12  15  32  33    1.62    1.18   -0.6    2.2    0.75
   15 GLUON         21   2  12  16  34  35    1.60    4.45   -3.3    5.8    0.75
   16 GLUON         21   2  12  17  36  37    5.31   -4.58 -121.2  121.4    0.75
   17 SBAR          -3   2  12  18  38  37   -0.92   -0.78  -40.9   40.9    0.50
   18 SQRK           3   2  12  19  39  38   -0.48   -3.09  -69.1   69.1    0.50
   19 GLUON         21   2  12  20  40  41    1.74   -1.75 -130.7  130.8    0.75
   20 GLUON         21   2  12  21  42  43    0.80   -0.73 -101.2  101.2    0.75
   21 UD          2101   2  12  29  44  43    0.00    0.00-5566.0 5566.0    0.31
   22 HIGGS         25 195   7   6 121 122  163.39  365.60  830.0  930.0  125.00
   23 DQRK          94 144   8   6  25  26 -188.97 -371.35 -309.6  519.8   26.58
   24 CONE           0 100   8   5   0   0    0.08    0.15   -1.1    1.1    0.00
   25 DQRK           1   2  23  26  45  31 -185.24 -369.19 -307.4  514.9    0.32
   26 GLUON         21   2  23  32  46  47   -3.73   -2.17   -2.2    4.9    0.75
   27 UQRK          94 144   9   6  29  30   15.90   11.07  872.3  872.5    3.60
   28 CONE           0 100   9   4   0   0   -0.46   -0.32   19.8   19.8    0.00
   29 UQRK           2   2  27  30  48  44   13.92   10.46  745.2  745.4    0.32
   30 GLUON         21   2  27  31  49  50    1.98    0.61  127.1  127.1    0.75

                              ---GLUON SPLITTING---   

 IHEP    ID      IDPDG IST MO1 MO2 DA1 DA2   P-X     P-Y     P-Z  ENERGY    MASS
   31 UU          2203 161  10  45  78  54    0.00    0.00 4167.0 4167.0    0.64
   32 DBAR          -1 158  12  33  84  66    0.58    0.62   -0.2    0.9    0.32
   33 DQRK           1 158  12  34  67  32    0.92    0.44   -0.4    1.1    0.32
   34 UBAR          -2 158  12  35  67  33    0.59    1.58   -1.0    2.0    0.32
   35 UQRK           2 158  12  57  68  34    0.90    2.56   -2.0    3.4    0.32
   36 UBAR          -2 158  12  37  79  56    0.94   -0.90  -22.8   22.8    0.32
   37 UQRK           2 158  12  59  69  36    1.74   -1.35  -37.8   37.8    0.32
   38 SBAR          -3 158  12  39  81  60   -0.80   -0.71  -36.6   36.6    0.50
   39 SQRK           3 158  12  40  70  38   -0.48   -3.09  -69.1   69.1    0.50
   40 UBAR          -2 158  12  41  70  39    0.41   -0.52  -41.0   41.0    0.32
   41 UQRK           2 158  12  42  71  40    1.33   -1.23  -89.8   89.8    0.32
   42 UBAR          -2 158  12  43  71  41    0.51   -0.22  -54.8   54.8    0.32
   43 UQRK           2 158  12  51  72  42    0.24   -0.42  -42.2   42.2    0.32
   44 UD          2101 162  12  48  77  52    0.00   -0.00-4945.2 4945.2    0.64
   45 DQRK           1 158  23  63  73  31  -49.46  -98.57  -82.1  137.5    0.32
   46 DBAR          -1 158  23  47  82  62   -0.92   -0.65   -0.7    1.4    0.32
   47 DQRK           1 158  23  65  74  46   -1.49   -0.84   -0.8    1.9    0.32
   48 UQRK           2 158  27  49  75  44   13.92   10.46  745.2  745.4    0.32
   49 DBAR          -1 158  27  50  75  48    0.80    0.13   59.0   59.0    0.32
   50 DQRK           1 158  27  53  76  49    1.07    0.43   62.3   62.4    0.32
   51 UBAR          -2 159  12  52  72  43    0.01   -0.01 -552.0  552.0    0.32
   52 UQRK           2 159  12  44  77  51    0.05   -0.08  -73.1   73.1    0.32
   53 DBAR          -1 159  10  54  76  50    0.01    0.00  425.3  425.3    0.32
   54 DQRK           1 159  27  31  78  53    0.10    0.04   53.6   53.6    0.32
   55 DBAR          -1 159  12  56  80  58    1.52   -1.46  -36.8   36.9    0.32
   56 DQRK           1 159  12  36  79  55    0.07    0.10   -0.8    0.9    0.32
   57 DBAR          -1 159  12  58  68  35    0.11   -0.05   -2.3    2.3    0.32
   58 DQRK           1 159  12  55  80  57    0.08    0.11   -0.8    0.8    0.32
   59 UBAR          -2 159  12  60  69  37    0.60   -0.51  -15.0   15.0    0.32
   60 UQRK           2 159  12  38  81  59    0.24   -0.29   -9.5    9.5    0.32
   61 DBAR          -1 159  23  62  83  64   -1.36   -2.59   -2.2    3.7    0.32
   62 DQRK           1 159  23  46  82  61   -0.71   -1.11   -1.0    1.7    0.32
   63 SBAR          -3 159  23  64  73  45  -14.76  -29.40  -24.5   41.0    0.50
   64 SQRK           3 159  23  61  83  63 -119.22 -237.59 -197.8  331.4    0.50
   65 DBAR          -1 159  12  66  74  47   -0.06    0.01   -0.1    0.3    0.32
   66 DQRK           1 159  23  32  84  65   -0.87   -0.49   -0.5    1.2    0.32

                             ---CLUSTER FORMATION---  

 IHEP    ID      IDPDG IST MO1 MO2 DA1 DA2   P-X     P-Y     P-Z  ENERGY    MASS
   67 CLUS          91 183  33  34  85  86    1.51    2.02   -1.3    3.1    1.21
   68 CLUS          91 183  35  57  87  88    1.01    2.51   -4.3    5.7    2.60
   69 CLUS          91 183  37  59  89  90    2.34   -1.86  -52.7   52.8    0.72
   70 CLUS          91 183  39  40  91  92   -0.07   -3.61 -110.0  110.1    2.10
   71 CLUS          91 183  41  42  93  94    1.84   -1.45 -144.6  144.6    1.03
   72 CLUS          91 183  43  51  95  96    0.24   -0.43 -594.2  594.2    2.14
   73 CLUS          91 183  45  63  97  98  -64.22 -127.97 -106.6  178.5    1.11
   74 CLUS          91 183  47  65  99 100   -1.55   -0.83   -0.9    2.3    1.09
   75 CLUS          91 183  48  49 101 102   14.72   10.60  804.2  804.4    2.96
   76 CLUS          91 183  50  53 103 104    1.08    0.44  487.7  487.7    3.15
   77 CLUS          91 185  52  44 105 106    0.05   -0.08-5018.2 5018.2    2.83
   78 CLUS          91 184  54  31 107 108    0.10    0.04 4220.6 4220.6    3.06
   79 CLUS          91 183  56  36 109 110    1.02   -0.80  -23.6   23.7    1.87
   80 CLUS          91 183  58  55 111 112    1.60   -1.35  -37.6   37.7    2.43
   81 CLUS          91 183  60  38 113 114   -0.56   -1.00  -46.1   46.1    1.28
   82 CLUS          91 183  62  46 115 116   -1.62   -1.76   -1.7    3.1    0.80
   83 CLUS          91 183  64  61 117 118 -120.57 -240.18 -200.0  335.0    3.15
   84 CLUS          91 183  66  32 119 120   -0.29    0.13   -0.7    2.1    1.94

                              ---CLUSTER DECAYS---    

 IHEP    ID      IDPDG IST MO1 MO2 DA1 DA2   P-X     P-Y     P-Z  ENERGY    MASS
   85 PI-         -211   1  67  12   0   0    0.07    0.05   -0.3    0.3    0.14
   86 OMEGA        223 197  67  12 186 188    1.44    1.97   -1.1    2.8    0.78
   87 P           2212   1  68  12   0   0   -0.32    0.76   -2.2    2.5    0.94
   88 NBAR       -2112   1  68  12   0   0    1.33    1.75   -2.2    3.2    0.94
   89 PI0          111   1  69  12   0   0    0.39   -0.62  -15.4   15.4    0.13
   90 PI0          111   1  69  12   0   0    1.95   -1.24  -37.3   37.4    0.13
   91 K*_0BAR0  -10311 197  70  12 189 190   -0.30   -3.34  -87.2   87.3    1.43
   92 PI-         -211   1  70  12   0   0    0.24   -0.28  -22.8   22.8    0.14
   93 PI0          111   1  71  12   0   0    0.35   -0.11  -29.8   29.8    0.13
   94 RHO0         113 197  71  12 191 192    1.49   -1.34 -114.8  114.8    0.77
   95 PI0          111   1  72  12   0   0   -0.39   -0.59 -208.2  208.2    0.13
   96 A_20         115 197  72  12 193 194    0.64    0.16 -386.0  386.0    1.32
   97 PI0          111   1  73  23   0   0  -50.94 -101.51  -84.5  141.6    0.13
   98 K0           311 197  73  23 195 195  -13.29  -26.46  -22.0   36.9    0.50
   99 PI-         -211   1  74  23   0   0   -0.76   -0.27   -0.2    0.8    0.14
  100 RHO+         213 197  74  23 196 197   -0.79   -0.56   -0.7    1.4    0.77
  101 XI0         3322 197  75  27 198 199    8.68    6.37  469.9  470.1    1.31
  102 XI*BAR+    -3314 197  75  27 200 201    6.04    4.22  334.3  334.4    1.53
  103 HL_10      10223 197  76  27 202 203    1.20    0.12  395.6  395.6    1.17
  104 HL_10      10223 197  76  27 204 205   -0.12    0.31   92.1   92.1    1.17
  105 OMEGA        223 197  77  12 206 208   -0.72    0.39-1104.4 1104.4    0.78
  106 P           2212   1  77  12   0   0    0.77   -0.47-3913.8 3913.8    0.94
  107 PI_2-     -10215 197  78  27 209 210   -0.26    0.20 1961.8 1961.8    1.67
  108 DELTA++     2224 197  78  27 211 212    0.37   -0.16 2258.8 2258.8    1.23
  109 PI-         -211   1  79  12   0   0    0.63   -0.01   -9.2    9.3    0.14
  110 A_20         115 197  79  12 213 214    0.39   -0.79  -14.3   14.4    1.32
  111 N           2112   1  80  12   0   0    1.07   -0.53  -11.3   11.4    0.94
  112 NBAR       -2112   1  80  12   0   0    0.53   -0.82  -26.3   26.3    0.94
  113 PI0          111   1  81  12   0   0    0.17   -0.16   -4.9    4.9    0.13
  114 K*+          323 197  81  12 215 216   -0.73   -0.84  -41.3   41.3    0.89
  115 PI-         -211   1  82  23   0   0   -1.04   -1.53   -1.1    2.1    0.14
  116 PI+          211   1  82  23   0   0   -0.58   -0.23   -0.7    0.9    0.14
  117 SIGMA*-     3114 197  83  23 217 218  -68.41 -137.90 -114.0  191.6    1.39
  118 DELTABR+   -1114 197  83  23 219 220  -52.17 -102.28  -86.0  143.4    1.23
  119 RHO_3-      -217 197  84  23 221 222   -0.09    0.22   -0.6    1.8    1.69
  120 PI+          211   1  84  23   0   0   -0.20   -0.09   -0.1    0.3    0.14

                            ---H/W/Z BOSON DECAYS---  

 IHEP    ID      IDPDG IST MO1 MO2 DA1 DA2   P-X     P-Y     P-Z  ENERGY    MASS
  121 BQRK           5 123  22 122 123 122   92.23   79.35  196.5  231.1    4.95
  122 BBAR          -5 124  22 121 125 121   71.16  286.24  633.6  698.9    4.95

                              ---PARTON SHOWERS---    

 IHEP    ID      IDPDG IST MO1 MO2 DA1 DA2   P-X     P-Y     P-Z  ENERGY    MASS
  123 BQRK          94 143 121  22 124 124   92.23   79.35  196.5  231.1    4.95
  124 BQRK           5   2 123 126 127 126   92.23   79.35  196.5  231.1    4.95
  125 BBAR          94 144 122  22 126 126   71.16  286.24  633.6  698.9    4.95
  126 BBAR          -5   2 125 127 128 127   71.16  286.24  633.6  698.9    4.95

                              ---GLUON SPLITTING---   

 IHEP    ID      IDPDG IST MO1 MO2 DA1 DA2   P-X     P-Y     P-Z  ENERGY    MASS
  127 BQRK           5 158 123 137 151 128   46.85   40.83  100.9  118.6    4.95
  128 BBAR          -5 158 125 127 162 150   37.53  150.32  332.8  367.1    4.95
  129 SBAR          -3 159 125 130 153 132    0.83    2.85    6.3    7.0    0.50
  130 SQRK           3 159 123 143 152 129    0.74    1.24    2.9    3.2    0.50
  131 UBAR          -2 159 125 132 160 146    0.73    2.74    6.1    6.7    0.32
  132 UQRK           2 159 123 129 153 131    1.49    1.37    3.4    3.9    0.32
  133 SBAR          -3 159 125 134 155 136    0.66    1.44    3.3    3.7    0.50
  134 SQRK           3 159 123 145 154 133   16.45   14.11   35.0   41.1    0.50
  135 UBAR          -2 159 125 136 156 138    0.74    0.84    2.0    2.3    0.32
  136 UQRK           2 159 123 133 155 135   13.90   11.92   29.5   34.7    0.32
  137 DBAR          -1 159 125 138 151 127    2.00    1.78    4.4    5.1    0.32
  138 DQRK           1 159 123 135 156 137    1.27    1.20    2.9    3.4    0.32
  139 DBAR          -1 159 125 140 158 142   10.22   41.16   91.1  100.5    0.32
  140 DQRK           1 159 123 147 157 139    0.58    0.77    1.8    2.1    0.32
  141 DBAR          -1 159 125 142 159 144    7.61   30.62   67.8   74.8    0.32
  142 DQRK           1 159 123 139 158 141    0.43    1.24    2.8    3.1    0.32
  143 DBAR          -1 159 125 144 152 130    0.42    0.94    2.1    2.4    0.32
  144 DQRK           1 159 123 141 159 143    0.45    1.35    3.0    3.3    0.32
  145 SBAR          -3 159 125 146 154 134    3.65    3.22    8.0    9.3    0.50
  146 SQRK           3 159 123 131 160 145    3.67    3.23    8.0    9.4    0.50
  147 UBAR          -2 159 125 148 157 140    6.07   24.42   54.1   59.6    0.32
  148 UQRK           2 159 123 149 161 147    0.69    2.54    5.6    6.2    0.32
  149 SBAR          -3 159 125 150 161 148    5.38   21.62   47.9   52.8    0.50
  150 SQRK           3 159 123 128 162 149    1.04    3.84    8.5    9.4    0.50

                             ---CLUSTER FORMATION---  

 IHEP    ID      IDPDG IST MO1 MO2 DA1 DA2   P-X     P-Y     P-Z  ENERGY    MASS
  151 CLUS          91 183 127 137 163 163   48.85   42.60  105.3  123.7    5.28
  152 CLUS          91 183 130 143 164 165    1.16    2.19    5.0    5.7    0.84
  153 CLUS          91 183 132 129 166 167    2.32    4.22    9.7   11.0    1.65
  154 CLUS          91 183 134 145 168 169   20.11   17.33   42.9   50.5    1.30
  155 CLUS          91 183 136 133 170 171   14.56   13.36   32.8   38.4    3.08
  156 CLUS          91 183 138 135 172 173    2.01    2.03    4.9    5.7    0.67
  157 CLUS          91 183 140 147 174 175    6.65   25.20   55.9   61.7    2.72
  158 CLUS          91 183 142 139 176 177   10.65   42.39   93.9  103.6    2.01
  159 CLUS          91 183 144 141 178 179    8.05   31.97   70.8   78.1    1.66
  160 CLUS          91 183 146 131 180 181    4.40    5.97   14.1   16.1    2.47
  161 CLUS          91 183 148 149 182 183    6.07   24.16   53.5   59.0    1.13
  162 CLUS          91 183 150 128 184 185   38.57  154.17  341.3  376.5    5.95

                              ---CLUSTER DECAYS---    

 IHEP    ID      IDPDG IST MO1 MO2 DA1 DA2   P-X     P-Y     P-Z  ENERGY    MASS
  163 B_DBAR0     -511 200 151 123 223 223   48.85   42.60  105.3  123.7    5.28
  164 K-          -321   1 152 123   0   0    0.84    1.95    4.0    4.5    0.49
  165 PI+          211   1 152 123   0   0    0.32    0.24    1.0    1.1    0.14
  166 PI+          211   1 153 123   0   0    0.88    0.69    2.8    3.1    0.14
  167 K*0          313 197 153 123 224 225    1.45    3.53    6.9    7.9    0.90
  168 KBAR0       -311 197 154 123 226 226   11.96    9.97   25.7   30.1    0.50
  169 K0           311 197 154 123 227 227    8.14    7.37   17.2   20.4    0.50
  170 DELTA0      2114 197 155 123 228 229   11.36   10.49   24.6   29.1    1.23
  171 SIGMABR+   -3112 197 155 123 230 231    3.19    2.87    8.2    9.3    1.20
  172 PI-         -211   1 156 123   0   0    0.37    0.12    0.7    0.8    0.14
  173 PI0          111   1 156 123   0   0    1.64    1.91    4.3    5.0    0.13
  174 N           2112   1 157 123   0   0    0.85    3.75    8.9    9.8    0.94
  175 PBAR       -2212   1 157 123   0   0    5.80   21.44   47.0   52.0    0.94
  176 P           2212   1 158 123   0   0    4.75   18.15   39.6   43.9    0.94
  177 PBAR       -2212   1 158 123   0   0    5.90   24.24   54.2   59.7    0.94
  178 A_2-        -215 197 159 123 232 233    6.95   26.47   58.8   64.9    1.32
  179 PI+          211   1 159 123   0   0    1.10    5.50   12.0   13.2    0.14
  180 LAMBDA      3122 197 160 123 234 235    2.04    3.46    8.7    9.6    1.12
  181 PBAR       -2212   1 160 123   0   0    2.36    2.52    5.4    6.4    0.94
  182 PI0          111   1 161 123   0   0    1.06    4.34   10.0   11.0    0.13
  183 K*+          323 197 161 123 236 237    5.01   19.82   43.5   48.1    0.89
  184 KBAR0       -311 197 162 123 238 238    1.71    6.69   14.8   16.4    0.50
  185 B*0          513 197 162 123 239 240   36.86  147.48  326.5  360.2    5.32

                           ---STRONG HADRON DECAYS--- 

 IHEP    ID      IDPDG IST MO1 MO2 DA1 DA2   P-X     P-Y     P-Z  ENERGY    MASS
  186 PI+          211   1  86  12   0   0    0.84    0.89   -0.3    1.3    0.14
  187 PI-         -211   1  86  12   0   0    0.15    0.35   -0.1    0.4    0.14
  188 PI0          111   1  86  12   0   0    0.45    0.72   -0.6    1.1    0.13
  189 KBAR0       -311 198  91  12 241 241   -0.38   -2.61  -78.0   78.1    0.50
  190 PI0          111   1  91  12   0   0    0.07   -0.72   -9.2    9.2    0.13
  191 PI+          211   1  94  12   0   0    0.27   -0.70  -40.4   40.4    0.14
  192 PI-         -211   1  94  12   0   0    1.22   -0.64  -74.4   74.4    0.14
  193 RHO-        -213 198  96  12 242 243    0.76    0.18 -221.1  221.1    0.77
  194 PI+          211   1  96  12   0   0   -0.12   -0.02 -164.9  164.9    0.14
  195 K_S0         310 198  98  23 244 245  -13.29  -26.46  -22.0   36.9    0.50
  196 PI+          211   1 100  23   0   0   -0.44   -0.41    0.0    0.6    0.14
  197 PI0          111   1 100  23   0   0   -0.35   -0.14   -0.7    0.8    0.13
  198 LAMBDA      3122 198 101  27 246 247    7.60    5.41  406.2  406.3    1.12
  199 PI0          111   1 101  27   0   0    1.08    0.96   63.7   63.7    0.13
  200 XIBAR0     -3322 198 102  27 248 249    4.60    3.23  254.3  254.3    1.31
  201 PI+          211   1 102  27   0   0    1.44    0.99   80.0   80.0    0.14
  202 RHO+         213 198 103  27 250 251    1.12   -0.14  311.9  311.9    0.77
  203 PI-         -211   1 103  27   0   0    0.08    0.27   83.7   83.7    0.14
  204 RHO-        -213 198 104  27 252 253   -0.26   -0.03   56.4   56.4    0.77
  205 PI+          211   1 104  27   0   0    0.14    0.34   35.8   35.8    0.14
  206 PI+          211   1 105  12   0   0   -0.23    0.16 -188.2  188.2    0.14
  207 PI-         -211   1 105  12   0   0   -0.21    0.06 -683.7  683.7    0.14
  208 PI0          111   1 105  12   0   0   -0.28    0.17 -232.5  232.5    0.13
  209 RHO0         113 198 107  27 254 255   -0.39   -0.46 1338.4 1338.4    0.77
  210 PI-         -211   1 107  27   0   0    0.12    0.66  623.4  623.4    0.14
  211 P           2212   1 108  27   0   0    0.16   -0.17 1393.7 1393.7    0.94
  212 PI+          211   1 108  27   0   0    0.20    0.01  865.1  865.1    0.14
  213 RHO+         213 198 110  12 256 257    0.17   -0.40  -12.4   12.4    0.77
  214 PI-         -211   1 110  12   0   0    0.22   -0.39   -1.9    2.0    0.14
  215 K+           321   1 114  12   0   0   -0.84   -0.65  -34.1   34.1    0.49
  216 PI0          111   1 114  12   0   0    0.11   -0.19   -7.1    7.2    0.13
  217 SIGMA-      3112 198 117  23 258 259  -62.08 -124.96 -103.4  173.7    1.20
  218 PI0          111   1 117  23   0   0   -6.32  -12.94  -10.6   17.9    0.13
  219 NBAR       -2112   1 118  23   0   0  -34.76  -67.78  -57.1   95.2    0.94
  220 PI+          211   1 118  23   0   0  -17.41  -34.50  -28.9   48.2    0.14
  221 K0           311 198 119  23 260 260    0.28   -0.02    0.1    0.6    0.50
  222 K*-         -323 198 119  23 261 262   -0.36    0.24   -0.7    1.2    0.89
  223 B_D0         511 199 163 123 275 276   48.85   42.60  105.3  123.7    5.28
  224 K+           321   1 167 123   0   0    0.51    1.47    3.3    3.7    0.49
  225 PI-         -211   1 167 123   0   0    0.94    2.06    3.6    4.3    0.14
  226 K_S0         310 198 168 123 263 264   11.96    9.97   25.7   30.1    0.50
  227 K_L0         130   1 169 123   0   0    8.14    7.37   17.2   20.4    0.50
  228 N           2112   1 170 123   0   0   10.58    9.93   23.1   27.3    0.94
  229 PI0          111   1 170 123   0   0    0.79    0.55    1.6    1.9    0.13
  230 NBAR       -2112   1 171 123   0   0    2.91    2.40    7.0    8.0    0.94
  231 PI+          211   1 171 123   0   0    0.29    0.47    1.2    1.3    0.14
  232 RHO0         113 198 178 123 265 266    4.53   16.42   37.5   41.1    0.77
  233 PI-         -211   1 178 123   0   0    2.43   10.05   21.4   23.7    0.14
  234 N           2112   1 180 123   0   0    1.62    2.73    6.7    7.5    0.94
  235 PI0          111   1 180 123   0   0    0.42    0.73    2.0    2.2    0.13
  236 K+           321   1 183 123   0   0    1.90    7.55   16.2   18.0    0.49
  237 PI0          111   1 183 123   0   0    3.11   12.27   27.3   30.1    0.13
  238 K_S0         310 198 184 123 267 268    1.71    6.69   14.8   16.4    0.50
  239 B_D0         511 200 185 123 269 269   36.28  145.27  321.6  354.8    5.28
  240 GAMMA         22   1 185 123   0   0    0.58    2.21    4.9    5.4    0.00
  241 K_S0         310 198 189  12 270 271   -0.38   -2.61  -78.0   78.1    0.50
  242 PI-         -211   1 193  12   0   0    0.49    0.02  -54.4   54.5    0.14
  243 PI0          111   1 193  12   0   0    0.27    0.16 -166.6  166.6    0.13
  244 PI0          111   1 195  23   0   0  -10.57  -21.24  -17.5   29.5    0.13
  245 PI0          111   1 195  23   0   0   -2.72   -5.21   -4.5    7.4    0.13
  246 P           2212   1 198  27   0   0    6.45    4.71  348.9  349.0    0.94
  247 PI-         -211   1 198  27   0   0    1.15    0.70   57.3   57.3    0.14
  248 LAMBDABR   -3122 198 200  27 272 273    3.47    2.42  194.3  194.3    1.12
  249 PI0          111   1 200  27   0   0    1.13    0.81   60.0   60.0    0.13
  250 PI+          211   1 202  27   0   0    0.89   -0.20  154.4  154.4    0.14
  251 PI0          111   1 202  27   0   0    0.23    0.06  157.5  157.5    0.13
  252 PI-         -211   1 204  27   0   0   -0.46    0.12   27.5   27.6    0.14
  253 PI0          111   1 204  27   0   0    0.20   -0.15   28.8   28.8    0.13
  254 PI+          211   1 209  27   0   0   -0.54   -0.49 1144.6 1144.6    0.14
  255 PI-         -211   1 209  27   0   0    0.15    0.03  193.8  193.8    0.14
  256 PI+          211   1 213  12   0   0    0.17   -0.45  -11.9   11.9    0.14
  257 PI0          111   1 213  12   0   0    0.00    0.05   -0.5    0.5    0.13
  258 N           2112   1 217  23   0   0  -44.34  -89.31  -74.1  124.2    0.94
  259 PI-         -211   1 217  23   0   0  -17.74  -35.66  -29.3   49.5    0.14
  260 K_L0         130   1 221  23   0   0    0.28   -0.02    0.1    0.6    0.50
  261 KBAR0       -311 198 222  23 274 274   -0.29    0.44   -0.4    0.8    0.50
  262 PI-         -211   1 222  23   0   0   -0.07   -0.20   -0.3    0.4    0.14
  263 PI0          111   1 226 123   0   0    2.34    2.14    5.2    6.1    0.13
  264 PI0          111   1 226 123   0   0    9.62    7.83   20.6   24.0    0.13
  265 PI+          211   1 232 123   0   0    2.74    8.81   19.8   21.9    0.14
  266 PI-         -211   1 232 123   0   0    1.78    7.61   17.6   19.3    0.14
  267 PI0          111   1 238 123   0   0    1.56    5.61   12.4   13.7    0.13
  268 PI0          111   1 238 123   0   0    0.15    1.08    2.4    2.6    0.13
  269 B_D0         511 199 239 123 306 307   36.28  145.27  321.6  354.8    5.28
  270 PI+          211   1 241  12   0   0   -0.29   -2.37  -69.1   69.1    0.14
  271 PI-         -211   1 241  12   0   0   -0.09   -0.24   -9.0    9.0    0.14
  272 PBAR       -2212   1 248  27   0   0    2.70    1.84  148.6  148.6    0.94
  273 PI+          211   1 248  27   0   0    0.77    0.58   45.7   45.7    0.14
  274 K_L0         130   1 261  23   0   0   -0.29    0.44   -0.4    0.8    0.50

                           ---HEAVY PARTICLE DECAYS---

 IHEP    ID      IDPDG IST MO1 MO2 DA1 DA2   P-X     P-Y     P-Z  ENERGY    MASS
  275 DQRK           1 125 223 279 280 279    2.96    2.58    6.4    7.5    0.32
  276 BBAR          -5 155 223 275 277 279   45.88   40.02   98.9  116.2    4.96
  277 SBAR          -3 123 276 278 281 278    9.17    7.39   18.1   21.6    0.50
  278 CQRK           4 124 276 277 283 277   19.01   17.61   44.8   51.8    1.55
  279 CBAR          -4 124 276 276 285 276   17.70   15.02   36.0   42.8    1.55
  280 DQRK           1 160 275 289 290 289    2.96    2.58    6.4    7.5    0.32

                              ---PARTON SHOWERS---    

 IHEP    ID      IDPDG IST MO1 MO2 DA1 DA2   P-X     P-Y     P-Z  ENERGY    MASS
  281 SBAR          94 143 277 276 282 282    9.17    7.39   18.1   21.6    0.50
  282 SBAR          -3   2 281 284 287 284    9.17    7.39   18.1   21.6    0.50
  283 CQRK          94 144 278 276 284 284   19.01   17.61   44.8   51.8    1.55
  284 CQRK           4   2 283 287 288 287   19.01   17.61   44.8   51.8    1.55
  285 CBAR          94 144 279 276 286 286   17.70   15.02   36.0   42.8    1.55
  286 CBAR          -4   2 285 280 289 280   17.70   15.02   36.0   42.8    1.55

                              ---GLUON SPLITTING---   

 IHEP    ID      IDPDG IST MO1 MO2 DA1 DA2   P-X     P-Y     P-Z  ENERGY    MASS
  287 SBAR          -3 158 281 288 291 288    9.17    7.39   18.1   21.6    0.50
  288 CQRK           4 158 283 287 291 287   19.01   17.61   44.8   51.8    1.55
  289 CBAR          -4 158 285 280 290 280   17.70   15.02   36.0   42.8    1.55

                             ---CLUSTER FORMATION---  

 IHEP    ID      IDPDG IST MO1 MO2 DA1 DA2   P-X     P-Y     P-Z  ENERGY    MASS
  290 CLUS          91 183 280 289 292 292   20.55   17.48   42.0   49.9    1.87
  291 CLUS          91 183 288 287 293 294   28.30   25.13   63.3   73.8    2.98

                              ---CLUSTER DECAYS---    

 IHEP    ID      IDPDG IST MO1 MO2 DA1 DA2   P-X     P-Y     P-Z  ENERGY    MASS
  292 D-          -411 196 290 275 295 297   20.55   17.48   42.0   49.9    1.87
  293 D0           421 197 291 283 298 299   20.61   18.91   48.0   55.6    1.86
  294 K+           321   1 291 283   0   0    7.68    6.22   15.3   18.2    0.49

                           ---STRONG HADRON DECAYS--- 

 IHEP    ID      IDPDG IST MO1 MO2 DA1 DA2   P-X     P-Y     P-Z  ENERGY    MASS
  295 NU_EBAR      -12   1 292 275   0   0    9.71    8.20   19.6   23.3    0.00
  296 E-            11   1 292 275   0   0    1.55    1.61    3.0    3.8    0.00
  297 K*0          313 198 292 275 300 301    9.29    7.66   19.4   22.8    0.90
  298 KBAR0       -311 198 293 283 302 302    1.67    1.46    4.0    4.6    0.50
  299 ETA          221 198 293 283 303 304   18.94   17.45   44.1   51.0    0.55
  300 K0           311 198 297 275 305 305    7.93    6.36   16.0   19.0    0.50
  301 PI0          111   1 297 275   0   0    1.36    1.31    3.4    3.9    0.13
  302 K_L0         130   1 298 283   0   0    1.67    1.46    4.0    4.6    0.50
  303 GAMMA         22   1 299 283   0   0    9.91    8.95   22.4   26.1    0.00
  304 GAMMA         22   1 299 283   0   0    9.03    8.50   21.7   25.0    0.00
  305 K_L0         130   1 300 275   0   0    7.93    6.36   16.0   19.0    0.50

                           ---HEAVY PARTICLE DECAYS---

 IHEP    ID      IDPDG IST MO1 MO2 DA1 DA2   P-X     P-Y     P-Z  ENERGY    MASS
  306 DQRK           1 125 269 310 311 310    2.20    8.81   19.5   21.5    0.32
  307 BBAR          -5 155 269 306 308 310   34.08  136.46  302.1  333.3    4.96
  308 SBAR          -3 123 307 309 312 309    2.76   10.22   24.0   26.2    0.50
  309 CQRK           4 124 307 308 314 308   16.16   60.35  132.6  146.6    1.55
  310 CBAR          -4 124 307 307 316 307   15.17   65.89  145.6  160.5    1.55
  311 DQRK           1 160 306 320 321 320    2.20    8.81   19.5   21.5    0.32

                              ---PARTON SHOWERS---    

 IHEP    ID      IDPDG IST MO1 MO2 DA1 DA2   P-X     P-Y     P-Z  ENERGY    MASS
  312 SBAR          94 143 308 307 313 313    2.76   10.22   24.0   26.2    0.50
  313 SBAR          -3   2 312 315 318 315    2.76   10.22   24.0   26.2    0.50
  314 CQRK          94 144 309 307 315 315   16.16   60.35  132.6  146.6    1.55
  315 CQRK           4   2 314 318 319 318   16.16   60.35  132.6  146.6    1.55
  316 CBAR          94 144 310 307 317 317   15.17   65.89  145.6  160.5    1.55
  317 CBAR          -4   2 316 311 320 311   15.17   65.89  145.6  160.5    1.55

                              ---GLUON SPLITTING---   

 IHEP    ID      IDPDG IST MO1 MO2 DA1 DA2   P-X     P-Y     P-Z  ENERGY    MASS
  318 SBAR          -3 158 312 319 322 319    2.76   10.22   24.0   26.2    0.50
  319 CQRK           4 158 314 318 322 318   16.16   60.35  132.6  146.6    1.55
  320 CBAR          -4 158 316 311 321 311   15.17   65.89  145.6  160.5    1.55

                             ---CLUSTER FORMATION---  

 IHEP    ID      IDPDG IST MO1 MO2 DA1 DA2   P-X     P-Y     P-Z  ENERGY    MASS
  321 CLUS          91 183 311 320 323 323   17.22   74.38  164.4  181.2    1.87
  322 CLUS          91 183 319 318 324 325   19.06   70.89  157.3  173.6    2.62

                              ---CLUSTER DECAYS---    

 IHEP    ID      IDPDG IST MO1 MO2 DA1 DA2   P-X     P-Y     P-Z  ENERGY    MASS
  323 D-          -411 196 321 306 326 327   17.22   74.38  164.4  181.2    1.87
  324 D0           421 197 322 314 328 329   16.42   61.25  135.0  149.2    1.86
  325 K+           321   1 322 314   0   0    2.64    9.64   22.3   24.4    0.49

                           ---STRONG HADRON DECAYS--- 

 IHEP    ID      IDPDG IST MO1 MO2 DA1 DA2   P-X     P-Y     P-Z  ENERGY    MASS
  326 KL_10      10313 198 323 306 330 331   16.05   69.11  152.3  168.0    1.57
  327 PI-         -211   1 323 306   0   0    1.18    5.27   12.1   13.2    0.14
  328 K*BAR0      -313 198 324 314 332 333   12.77   49.65  108.4  119.9    0.90
  329 PI0          111   1 324 314   0   0    3.65   11.60   26.6   29.3    0.13
  330 K0           311 198 326 306 334 334    2.94   13.20   28.5   31.6    0.50
  331 OMEGA        223 198 326 306 335 337   13.11   55.91  123.8  136.4    0.78
  332 KBAR0       -311 198 328 314 338 338    5.28   19.79   43.2   47.8    0.50
  333 PI0          111   1 328 314   0   0    7.49   29.86   65.2   72.1    0.13
  334 K_L0         130   1 330 306   0   0    2.94   13.20   28.5   31.6    0.50
  335 PI+          211   1 331 306   0   0    0.91    3.53    7.9    8.7    0.14
  336 PI-         -211   1 331 306   0   0    2.58   11.49   25.3   27.9    0.14
  337 PI0          111   1 331 306   0   0    9.62   40.89   90.6   99.9    0.13
  338 K_S0         310 198 332 314 339 340    5.28   19.79   43.2   47.8    0.50
  339 PI+          211   1 338 314   0   0    2.96   11.80   25.8   28.5    0.14
  340 PI-         -211   1 338 314   0   0    2.33    7.98   17.4   19.3    0.14



 EVENT       2: 6500.00 GEV/C P        ON  6500.00 GEV/C P        PROCESS:-18000
 SEEDS:  1039551010 &  2144282927   STATUS:  100 ERROR:   0  WEIGHT: -5.9016E-04


                               ---INITIAL STATE---    

 IHEP    ID      IDPDG IST MO1 MO2 DA1 DA2   P-X     P-Y     P-Z  ENERGY    MASS
    1 P           2212 101   0   0   0   0    0.00    0.00 6500.0 6500.0    0.94
    2 P           2212 102   0   0   0   0    0.00    0.00-6500.0 6500.0    0.94
    3 CMF            0 103   1   2   0   0    0.00    0.00    0.013000.013000.00

                              ---HARD SUBPROCESS---   

 IHEP    ID      IDPDG IST MO1 MO2 DA1 DA2   P-X     P-Y     P-Z  ENERGY    MASS
    4 DQRK           1 121   6   8  11   9    0.00    0.00 1117.6 1117.6    0.32
    5 UQRK           2 122   6   9  13  10   -0.00   -0.00-1913.9 1913.9    0.32
    6 HARD           0 120   4   5   7  10    0.00    0.00 -796.3 3031.5 2925.07
    7 HIGGS         25 123   6   7  15   7  217.64   11.45-1058.6 1088.0  125.00
    8 DQRK           1 124   6  10  16   4 -119.97  -58.86 -652.3  665.9    0.32
    9 UQRK           2 124   6   4  20   5  -46.44   73.28 1089.8 1093.3    0.32
   10 GLUON         21 124   6   5  24   8  -51.24  -25.88 -175.2  184.4    0.75

                              ---PARTON SHOWERS---    

 IHEP    ID      IDPDG IST MO1 MO2 DA1 DA2   P-X     P-Y     P-Z  ENERGY    MASS
   11 DQRK          94 141   4   6  12  12    0.00    0.00 1117.6 1117.6    0.36
   12 UU          2203   2  11  18  30  23    0.00    0.00 5382.4 5382.4    0.32
   13 UQRK          94 142   5   6  14  14    0.00   -0.00-1913.9 1913.9    0.47
   14 UD          2101   2  13  22  31  29    0.00    0.00-4586.1 4586.1    0.32
   15 HIGGS         25 195   7   6 160 161  217.56   11.45-1058.2 1087.6  125.00
   16 DQRK          94 144   8   6  18  19 -119.92  -58.84 -652.1  665.7    8.77
   17 CONE           0 100   8  10   0   0   -3.03   -1.52  -11.6   12.0    0.00
   18 DQRK           1   2  16  19  32  30 -111.68  -56.79 -614.8  627.4    0.32
   19 GLUON         21   2  16  26  33  34   -8.24   -2.05  -37.3   38.2    0.75
   20 UQRK          94 144   9   6  22  23  -46.42   73.25 1089.4 1092.8    3.10
   21 CONE           0 100   9   4   0   0    0.16   -0.25    8.8    8.8    0.00
   22 UQRK           2   2  20  23  35  31  -18.61   30.23  429.0  430.5    0.32
   23 GLUON         21   2  20  30  36  37  -27.81   43.02  660.4  662.4    0.75
   24 GLUON         94 144  10   6  26  29  -51.22  -25.87 -175.5  185.5   17.73
   25 CONE           0 100  10   8   0   0   -0.16   -0.06   -3.7    3.7    0.00
   26 GLUON         21   2  24  27  38  39   -5.55   -3.53  -11.3   13.1    0.75
   27 GLUON         21   2  24  28  40  41  -11.43   -8.37  -30.0   33.2    0.75
   28 GLUON         21   2  24  29  42  43  -14.23   -5.60  -57.5   59.5    0.75
   29 GLUON         21   2  24  31  44  45  -20.00   -8.37  -76.6   79.6    0.75

                              ---GLUON SPLITTING---   

 IHEP    ID      IDPDG IST MO1 MO2 DA1 DA2   P-X     P-Y     P-Z  ENERGY    MASS
   30 UU          2203 161  11  32  90  47   -0.00    0.00 4577.3 4577.3    0.64
   31 UD          2101 162  13  35  91  49   -0.00   -0.00-3476.5 3476.5    0.64
   32 DQRK           1 158  16  50  82  30  -24.65  -12.52 -135.6  138.4    0.32
   33 UBAR          -2 158  16  34 101  69   -2.48   -0.81  -11.4   11.7    0.32
   34 UQRK           2 158  16  52  83  33   -2.94   -0.65  -13.4   13.7    0.32
   35 UQRK           2 158  20  36  84  31  -18.61   30.23  429.0  430.5    0.32
   36 DBAR          -1 158  20  37  84  35  -18.47   28.60  440.8  442.1    0.32
   37 DQRK           1 158  20  58  85  36   -5.75    8.89  135.4  135.9    0.32
   38 DBAR          -1 158  24  39  93  53   -1.93   -1.32   -3.9    4.6    0.32
   39 DQRK           1 158  24  40  86  38   -2.50   -1.41   -5.2    5.9    0.32
   40 UBAR          -2 158  24  41  86  39   -5.68   -4.00  -15.1   16.6    0.32
   41 UQRK           2 158  24  60  87  40   -5.07   -3.84  -13.2   14.6    0.32
   42 DBAR          -1 158  24  43  97  61   -7.16   -2.97  -29.2   30.2    0.32
   43 DQRK           1 158  24  44  88  42   -5.39   -1.94  -21.4   22.2    0.32
   44 UBAR          -2 158  24  45  88  43  -14.15   -6.02  -54.1   56.2    0.32
   45 UQRK           2 158  24  66  89  44   -3.27   -1.31  -12.7   13.2    0.32
   46 UBAR          -2 159  11  47  94  55   -0.00    0.00  418.4  418.4    0.32
   47 UQRK           2 159  20  30  90  46   -0.00    0.00  257.1  257.1    0.32
   48 UBAR          -2 159  13  49 106  79   -0.00   -0.00  -87.8   87.8    0.32
   49 UQRK           2 159  24  31  91  48   -0.00   -0.00 -153.9  153.9    0.32
   50 SBAR          -3 159  16  51  82  32  -16.43   -8.31  -90.2   92.1    0.50
   51 SQRK           3 159  16  68  92  50  -48.88  -24.84 -269.0  274.5    0.50
   52 UBAR          -2 159  24  53  83  34   -1.17   -0.78   -2.5    2.9    0.32
   53 UQRK           2 159  16  38  93  52   -2.16   -0.49   -9.8   10.0    0.32
   54 DBAR          -1 159  11  55 102  71   -0.01    0.02   54.7   54.7    0.32
   55 DQRK           1 159  20  46  94  54   -0.17    0.26    8.2    8.2    0.32
   56 DBAR          -1 159  11  57  96  59   -0.20    0.31    8.2    8.3    0.32
   57 DQRK           1 159  20  70  95  56   -2.48    3.84   58.7   58.9    0.32
   58 UBAR          -2 159  11  59  85  37   -0.07    0.11   11.6   11.6    0.32
   59 UQRK           2 159  20  56  96  58   -0.59    0.91   15.0   15.1    0.32
   60 UBAR          -2 159  24  61  87  41   -1.47   -0.66   -5.8    6.0    0.32
   61 UQRK           2 159  24  42  97  60   -0.89   -0.56   -2.8    3.0    0.32
   62 DBAR          -1 159  13  63 105  77   -0.00   -0.00 -323.6  323.6    0.32
   63 DQRK           1 159  24  74  98  62   -0.85   -0.34   -3.7    3.8    0.32
   64 SBAR          -3 159  13  65 100  67   -0.10   -0.04   -8.8    8.8    0.50
   65 SQRK           3 159  24  76  99  64   -0.13   -0.05   -7.0    7.1    0.50
   66 DBAR          -1 159  13  67  89  45   -0.16   -0.06   -2.8    2.8    0.32
   67 DQRK           1 159  24  64 100  66   -0.58   -0.23   -2.8    2.9    0.32
   68 SBAR          -3 159  16  69  92  51   -9.97   -5.00  -54.5   55.6    0.50
   69 SQRK           3 159  16  33 101  68  -12.37   -6.23  -67.8   69.2    0.50
   70 UBAR          -2 159  11  71  95  57   -0.03    0.05   23.7   23.7    0.32
   71 UQRK           2 159  20  54 102  70   -0.02    0.03   33.6   33.6    0.32
   72 DBAR          -1 159  13  73 104  75   -0.02   -0.01  -22.6   22.6    0.32
   73 DQRK           1 159  24  80 103  72   -0.05   -0.02   -7.6    7.6    0.32
   74 SBAR          -3 159  13  75  98  63   -0.15   -0.06   -6.2    6.2    0.50
   75 SQRK           3 159  24  72 104  74   -0.44   -0.17   -3.6    3.7    0.50
   76 DBAR          -1 159  13  77  99  65   -0.02   -0.01  -21.5   21.5    0.32
   77 DQRK           1 159  24  62 105  76   -0.02   -0.01  -18.1   18.1    0.32
   78 DBAR          -1 159  13  79 107  81   -0.00   -0.00 -285.3  285.3    0.32
   79 DQRK           1 159  24  48 106  78   -0.01   -0.00  -34.5   34.5    0.32
   80 DBAR          -1 159  13  81 103  73   -0.00   -0.00 -122.6  122.6    0.32
   81 DQRK           1 159  24  78 107  80   -0.05   -0.02   -6.9    6.9    0.32

                             ---CLUSTER FORMATION---  

 IHEP    ID      IDPDG IST MO1 MO2 DA1 DA2   P-X     P-Y     P-Z  ENERGY    MASS
   82 CLUS          91 183  32  50 108 109  -41.08  -20.83 -225.9  230.5    0.89
   83 CLUS          91 183  34  52 110 111   -4.11   -1.43  -15.9   16.6    2.13
   84 CLUS          91 183  35  36 112 113  -37.09   58.83  869.8  872.6    2.59
   85 CLUS          91 183  37  58 114 115   -5.83    9.01  147.0  147.4    2.90
   86 CLUS          91 183  39  40 116 117   -8.18   -5.41  -20.2   22.5    1.13
   87 CLUS          91 183  41  60 118 119   -6.54   -4.50  -19.0   20.7    1.96
   88 CLUS          91 183  43  44 120 121  -19.54   -7.97  -75.5   78.4    1.04
   89 CLUS          91 183  45  66 122 123   -3.43   -1.38  -15.5   16.0    1.52
   90 CLUS          91 184  47  30 124 125   -0.00    0.01 4834.4 4834.4    1.54
   91 CLUS          91 185  49  31 126 127   -0.00   -0.00-3630.4 3630.4    1.69
   92 CLUS          91 183  51  68 128 129  -58.85  -29.84 -323.5  330.2    1.35
   93 CLUS          91 183  53  38 130 131   -4.09   -1.81  -13.7   14.6    2.38
   94 CLUS          91 183  55  46 132 133   -0.17    0.26  426.6  426.6    3.20
   95 CLUS          91 183  57  70 134 135   -2.51    3.89   82.4   82.5    2.90
   96 CLUS          91 183  59  56 136 137   -0.79    1.21   23.3   23.3    0.74
   97 CLUS          91 183  61  42 138 139   -8.05   -3.53  -32.0   33.3    1.53
   98 CLUS          91 183  63  74 140 141   -1.00   -0.40   -9.9   10.0    1.34
   99 CLUS          91 183  65  76 142 143   -0.15   -0.06  -28.5   28.5    1.10
  100 CLUS          91 183  67  64 144 145   -0.68   -0.27  -11.6   11.7    1.35
  101 CLUS          91 183  69  33 146 147  -14.85   -7.04  -79.2   80.9    1.50
  102 CLUS          91 183  71  54 148 149   -0.03    0.05   88.3   88.3    0.66
  103 CLUS          91 183  73  80 150 151   -0.05   -0.02 -130.2  130.2    1.38
  104 CLUS          91 183  75  72 152 153   -0.45   -0.18  -26.2   26.3    1.81
  105 CLUS          91 183  77  62 154 155   -0.02   -0.01 -341.8  341.8    1.43
  106 CLUS          91 183  79  48 156 157   -0.01   -0.01 -122.3  122.3    0.71
  107 CLUS          91 183  81  78 158 159   -0.05   -0.02 -292.3  292.3    2.13

                              ---CLUSTER DECAYS---    

 IHEP    ID      IDPDG IST MO1 MO2 DA1 DA2   P-X     P-Y     P-Z  ENERGY    MASS
  108 PI-         -211   1  82  16   0   0  -27.93  -14.20 -153.7  156.9    0.14
  109 K+           321   1  82  16   0   0  -13.15   -6.63  -72.1   73.6    0.49
  110 OMEGA        223 197  83  16 203 205   -1.77   -0.57   -7.1    7.4    0.78
  111 A_20         115 197  83  16 206 207   -2.34   -0.86   -8.7    9.2    1.32
  112 PI_20      10115 197  84  20 208 209  -26.24   42.05  611.0  613.0    1.67
  113 PI+          211   1  84  20   0   0  -10.84   16.78  258.8  259.6    0.14
  114 SIGMA*0     3214 197  85  20 210 211   -2.86    4.70   80.5   80.7    1.38
  115 SGMA*BR-   -3224 197  85  20 212 213   -2.97    4.31   66.5   66.7    1.38
  116 PI-         -211   1  86  24   0   0   -3.70   -2.57   -9.6   10.6    0.14
  117 RHO0         113 197  86  24 214 215   -4.48   -2.83  -10.6   11.9    0.77
  118 OMEGA        223 197  87  24 216 218   -3.05   -1.54   -7.3    8.1    0.78
  119 OMEGA        223 197  87  24 219 221   -3.49   -2.96  -11.7   12.6    0.78
  120 OMEGA        223 197  88  24 222 224  -18.47   -7.50  -71.5   74.3    0.78
  121 PI-         -211   1  88  24   0   0   -1.07   -0.47   -4.0    4.2    0.14
  122 PI+          211   1  89  24   0   0   -1.45   -1.16   -7.1    7.3    0.14
  123 RHO0         113 197  89  24 225 226   -1.98   -0.22   -8.4    8.6    0.77
  124 PI+          211   1  90  20   0   0    0.09   -0.29  421.7  421.7    0.14
  125 P           2212   1  90  20   0   0   -0.09    0.30 4412.8 4412.8    0.94
  126 PI+          211   1  91  24   0   0    0.14   -0.46-1924.6 1924.6    0.14
  127 N           2112   1  91  24   0   0   -0.15    0.46-1705.8 1705.8    0.94
  128 KBAR0       -311 197  92  16 227 227  -20.76  -10.72 -116.4  118.8    0.50
  129 K0           311 197  92  16 228 228  -38.09  -19.11 -207.1  211.4    0.50
  130 RHO_3+       217 197  93  16 229 230   -4.00   -1.49  -13.3   14.1    1.69
  131 PI0          111   1  93  16   0   0   -0.09   -0.33   -0.4    0.6    0.13
  132 P           2212   1  94  20   0   0   -0.46   -0.43   69.5   69.5    0.94
  133 DLTABR--   -2224 197  94  20 231 232    0.29    0.70  357.0  357.0    1.23
  134 DELTA+      2214 197  95  20 233 234   -1.31    0.96   27.2   27.3    1.23
  135 DLTABR--   -2224 197  95  20 235 236   -1.20    2.93   55.2   55.3    1.23
  136 PI+          211   1  96  20   0   0   -0.63    1.22   21.5   21.6    0.14
  137 PI0          111   1  96  20   0   0   -0.16   -0.00    1.7    1.7    0.13
  138 ETA          221 197  97  24 237 238   -3.95   -1.39  -14.4   15.0    0.55
  139 RHO+         213 197  97  24 239 240   -4.11   -2.14  -17.7   18.3    0.77
  140 OMEGA        223 197  98  24 241 242   -0.39   -0.22   -5.7    5.7    0.78
  141 K0           311 197  98  24 243 243   -0.61   -0.18   -4.2    4.3    0.50
  142 K-          -321   1  99  24   0   0   -0.17   -0.38  -11.7   11.7    0.49
  143 PI+          211   1  99  24   0   0    0.02    0.32  -16.9   16.9    0.14
  144 RHO-        -213 197 100  24 244 245   -0.43   -0.25   -5.5    5.6    0.77
  145 K+           321   1 100  24   0   0   -0.25   -0.02   -6.1    6.1    0.49
  146 K*BAR0      -313 197 101  16 246 247   -6.01   -3.01  -31.6   32.3    0.90
  147 PI-         -211   1 101  16   0   0   -8.84   -4.03  -47.6   48.6    0.14
  148 PI0          111   1 102  20   0   0    0.14    0.26   60.3   60.3    0.13
  149 PI+          211   1 102  20   0   0   -0.17   -0.20   28.0   28.0    0.14
  150 OMEGA        223 197 103  24 248 250   -0.45    0.02 -103.5  103.5    0.78
  151 PI0          111   1 103  24   0   0    0.40   -0.04  -26.7   26.7    0.13
  152 K*_2-       -325 197 104  24 251 252   -0.49    0.15  -21.4   21.5    1.43
  153 PI+          211   1 104  24   0   0    0.03   -0.33   -4.8    4.8    0.14
  154 B_1-      -10213 197 105  24 253 254   -0.07    0.02 -266.8  266.9    1.23
  155 PI+          211   1 105  24   0   0    0.05   -0.03  -74.9   74.9    0.14
  156 PI-         -211   1 106  24   0   0   -0.31   -0.10  -77.1   77.1    0.14
  157 PI0          111   1 106  24   0   0    0.30    0.09  -45.2   45.2    0.13
  158 PI-         -211   1 107  24   0   0    0.27    0.55 -113.3  113.3    0.14
  159 A_2+         215 197 107  24 255 257   -0.32   -0.57 -178.9  178.9    1.32

                            ---H/W/Z BOSON DECAYS---  

 IHEP    ID      IDPDG IST MO1 MO2 DA1 DA2   P-X     P-Y     P-Z  ENERGY    MASS
  160 BQRK           5 123  15 161 162 161  209.68   23.39-1048.7 1069.7    4.95
  161 BBAR          -5 124  15 160 164 160    7.88  -11.94   -9.5   17.9    4.95

                              ---PARTON SHOWERS---    

 IHEP    ID      IDPDG IST MO1 MO2 DA1 DA2   P-X     P-Y     P-Z  ENERGY    MASS
  162 BQRK          94 143 160  15 163 163  208.60   23.27-1043.3 1064.2    4.95
  163 BQRK           5   2 162 166 168 167  208.60   23.27-1043.3 1064.2    4.95
  164 BBAR          94 144 161  15 166 167    8.95  -11.82  -14.9   23.3   10.21
  165 CONE           0 100 161 160   0   0   -1.00    1.75    0.6    2.1    0.00
  166 GLUON         21   2 164 167 169 170    0.69    0.46    0.7    1.3    0.75
  167 BBAR          -5   2 164 168 171 170    8.26  -12.28  -15.5   22.0    4.95

                              ---GLUON SPLITTING---   

 IHEP    ID      IDPDG IST MO1 MO2 DA1 DA2   P-X     P-Y     P-Z  ENERGY    MASS
  168 BQRK           5 158 162 172 182 171  194.68   21.71 -973.7  993.2    4.95
  169 UBAR          -2 158 164 170 188 181    0.11    0.05   -0.1    0.4    0.32
  170 UQRK           2 158 164 174 183 169    0.20   -0.05   -0.1    0.4    0.32
  171 BBAR          -5 158 164 168 185 175    7.98  -11.80  -15.0   21.2    4.95
  172 SBAR          -3 159 164 173 182 168    5.43    0.61  -27.1   27.7    0.50
  173 SQRK           3 159 162 178 184 172    4.72    0.53  -23.6   24.1    0.50
  174 DBAR          -1 159 164 175 183 170    0.23   -0.21   -0.3    0.5    0.32
  175 DQRK           1 159 164 171 185 174    0.21    0.01   -0.1    0.4    0.32
  176 UBAR          -2 159 164 177 187 179    0.14    0.08    0.1    0.4    0.32
  177 UQRK           2 159 162 180 186 176    1.33    0.15   -6.7    6.8    0.32
  178 DBAR          -1 159 164 179 184 173    0.19    0.03   -0.9    0.9    0.32
  179 DQRK           1 159 162 176 187 178    2.13    0.24  -10.6   10.8    0.32
  180 DBAR          -1 159 164 181 186 177    0.13    0.07    0.1    0.4    0.32
  181 DQRK           1 159 162 169 188 180    0.11    0.04   -0.2    0.4    0.32

                             ---CLUSTER FORMATION---  

 IHEP    ID      IDPDG IST MO1 MO2 DA1 DA2   P-X     P-Y     P-Z  ENERGY    MASS
  182 CLUS          91 183 168 172 189 190  200.11   22.32-1000.8 1020.9    5.87
  183 CLUS          91 183 170 174 191 192    0.42   -0.27   -0.4    0.9    0.67
  184 CLUS          91 183 173 178 193 194    4.91    0.56  -24.4   25.0    1.76
  185 CLUS          91 183 175 171 195 196    8.19  -11.79  -15.0   21.6    6.02
  186 CLUS          91 183 177 180 197 198    1.46    0.22   -6.6    7.2    2.32
  187 CLUS          91 183 179 176 199 200    2.26    0.32  -10.5   11.2    3.06
  188 CLUS          91 183 181 169 201 202    0.21    0.09   -0.3    0.8    0.65

                              ---CLUSTER DECAYS---    

 IHEP    ID      IDPDG IST MO1 MO2 DA1 DA2   P-X     P-Y     P-Z  ENERGY    MASS
  189 B*-         -523 197 182 162 258 259  188.98   21.08 -945.2  964.1    5.32
  190 K+           321   1 182 162   0   0   11.13    1.24  -55.7   56.8    0.49
  191 PI0          111   1 183 164   0   0    0.20   -0.45   -0.2    0.6    0.13
  192 PI+          211   1 183 164   0   0    0.22    0.19   -0.2    0.4    0.14
  193 K*BAR0      -313 197 184 162 260 261    2.44    0.10  -11.3   11.6    0.90
  194 OMEGA        223 197 184 162 262 264    2.47    0.46  -13.2   13.4    0.78
  195 ETA          221 197 185 164 265 266    0.44   -0.49   -0.7    1.1    0.55
  196 B*0          513 197 185 164 267 268    7.75  -11.30  -14.4   20.5    5.32
  197 N           2112   1 186 162   0   0    0.56   -0.28   -2.4    2.6    0.94
  198 DELTABR+   -1114 197 186 162 269 270    0.90    0.51   -4.2    4.5    1.23
  199 DELTA-      1114 197 187 162 271 272    0.16   -0.34   -3.9    4.1    1.23
  200 DELTABR0   -2114 197 187 162 273 274    2.10    0.66   -6.7    7.1    1.23
  201 PI-         -211   1 188 162   0   0    0.03   -0.06    0.1    0.2    0.14
  202 PI0          111   1 188 162   0   0    0.18    0.14   -0.5    0.6    0.13

                           ---STRONG HADRON DECAYS--- 

 IHEP    ID      IDPDG IST MO1 MO2 DA1 DA2   P-X     P-Y     P-Z  ENERGY    MASS
  203 PI+          211   1 110  16   0   0   -0.48   -0.33   -3.0    3.0    0.14
  204 PI-         -211   1 110  16   0   0   -0.19    0.01   -0.8    0.8    0.14
  205 PI0          111   1 110  16   0   0   -1.10   -0.25   -3.4    3.6    0.13
  206 RHO-        -213 198 111  16 275 276   -0.83   -0.60   -4.1    4.3    0.77
  207 PI+          211   1 111  16   0   0   -1.51   -0.26   -4.6    4.9    0.14
  208 F_2          225 198 112  20 277 278  -21.55   35.05  509.3  510.9    1.27
  209 PI0          111   1 112  20   0   0   -4.69    7.00  101.7  102.1    0.13
  210 LAMBDA      3122 198 114  20 279 280   -2.60    4.51   75.7   75.9    1.12
  211 PI0          111   1 114  20   0   0   -0.26    0.19    4.8    4.8    0.13
  212 LAMBDABR   -3122 198 115  20 281 282   -2.03    3.19   49.3   49.4    1.12
  213 PI-         -211   1 115  20   0   0   -0.94    1.12   17.2   17.3    0.14
  214 PI+          211   1 117  24   0   0   -3.66   -2.48   -9.3   10.3    0.14
  215 PI-         -211   1 117  24   0   0   -0.83   -0.36   -1.4    1.7    0.14
  216 PI+          211   1 118  24   0   0   -0.95   -0.55   -2.4    2.7    0.14
  217 PI-         -211   1 118  24   0   0   -1.66   -0.63   -3.3    3.7    0.14
  218 PI0          111   1 118  24   0   0   -0.44   -0.36   -1.6    1.7    0.13
  219 PI+          211   1 119  24   0   0   -1.65   -1.24   -5.6    6.0    0.14
  220 PI-         -211   1 119  24   0   0   -0.34   -0.47   -1.2    1.3    0.14
  221 PI0          111   1 119  24   0   0   -1.50   -1.25   -4.9    5.2    0.13
  222 PI+          211   1 120  24   0   0   -5.51   -1.97  -20.5   21.3    0.14
  223 PI-         -211   1 120  24   0   0   -6.90   -2.83  -27.1   28.1    0.14
  224 PI0          111   1 120  24   0   0   -6.05   -2.70  -23.9   24.8    0.13
  225 PI+          211   1 123  24   0   0   -0.93   -0.42   -3.4    3.6    0.14
  226 PI-         -211   1 123  24   0   0   -1.05    0.20   -4.9    5.1    0.14
  227 K_S0         310 198 128  16 283 284  -20.76  -10.72 -116.4  118.8    0.50
  228 K_S0         310 198 129  16 285 286  -38.09  -19.11 -207.1  211.4    0.50
  229 RHO+         213 198 130  16 287 288   -2.22   -1.05   -8.3    8.7    0.77
  230 RHO0         113 198 130  16 289 290   -1.78   -0.44   -5.0    5.4    0.77
  231 PBAR       -2212   1 133  20   0   0    0.08    0.47  304.5  304.5    0.94
  232 PI-         -211   1 133  20   0   0    0.21    0.23   52.5   52.5    0.14
  233 P           2212   1 134  20   0   0   -0.85    0.46   17.6   17.7    0.94
  234 PI0          111   1 134  20   0   0   -0.46    0.49    9.6    9.6    0.13
  235 PBAR       -2212   1 135  20   0   0   -0.81    2.51   47.0   47.0    0.94
  236 PI-         -211   1 135  20   0   0   -0.39    0.42    8.2    8.2    0.14
  237 GAMMA         22   1 138  24   0   0   -1.10   -0.18   -4.3    4.4    0.00
  238 GAMMA         22   1 138  24   0   0   -2.85   -1.22  -10.1   10.5    0.00
  239 PI+          211   1 139  24   0   0   -3.41   -1.73  -15.4   15.9    0.14
  240 PI0          111   1 139  24   0   0   -0.69   -0.41   -2.2    2.4    0.13
  241 PI0          111   1 140  24   0   0   -0.05    0.24   -1.1    1.1    0.13
  242 GAMMA         22   1 140  24   0   0   -0.33   -0.46   -4.6    4.6    0.00
  243 K_S0         310 198 141  24 291 292   -0.61   -0.18   -4.2    4.3    0.50
  244 PI-         -211   1 144  24   0   0    0.05    0.02   -3.3    3.3    0.14
  245 PI0          111   1 144  24   0   0   -0.48   -0.27   -2.2    2.2    0.13
  246 KBAR0       -311 198 146  16 293 293   -4.70   -2.62  -24.7   25.3    0.50
  247 PI0          111   1 146  16   0   0   -1.31   -0.39   -6.9    7.0    0.13
  248 PI+          211   1 150  24   0   0   -0.05   -0.00   -5.7    5.7    0.14
  249 PI-         -211   1 150  24   0   0   -0.45   -0.01  -65.7   65.8    0.14
  250 PI0          111   1 150  24   0   0    0.05    0.03  -32.0   32.0    0.13
  251 KBAR0       -311 198 152  24 294 294    0.12    0.06   -9.0    9.0    0.50
  252 RHO-        -213 198 152  24 295 296   -0.60    0.09  -12.5   12.5    0.77
  253 OMEGA        223 198 154  24 297 298    0.21    0.08 -229.8  229.8    0.78
  254 PI-         -211   1 154  24   0   0   -0.28   -0.06  -37.1   37.1    0.14
  255 OMEGA        223 198 159  24 299 301   -0.33   -0.40  -88.2   88.2    0.78
  256 PI+          211   1 159  24   0   0    0.00   -0.21  -36.4   36.4    0.14
  257 PI0          111   1 159  24   0   0    0.01    0.04  -54.3   54.3    0.13
  258 B-          -521 199 189 162 304 305  188.12   21.02 -941.0  959.9    5.28
  259 GAMMA         22   1 189 162   0   0    0.85    0.06   -4.1    4.2    0.00
  260 KBAR0       -311 198 193 162 302 302    2.21   -0.07  -10.3   10.6    0.50
  261 PI0          111   1 193 162   0   0    0.23    0.16   -0.9    1.0    0.13
  262 PI+          211   1 194 162   0   0    0.86   -0.10   -4.3    4.4    0.14
  263 PI-         -211   1 194 162   0   0    0.89    0.23   -5.4    5.5    0.14
  264 PI0          111   1 194 162   0   0    0.72    0.33   -3.4    3.5    0.13
  265 GAMMA         22   1 195 164   0   0    0.05   -0.34   -0.5    0.6    0.00
  266 GAMMA         22   1 195 164   0   0    0.39   -0.15   -0.1    0.4    0.00
  267 B_D0         511 200 196 164 303 303    7.67  -11.12  -14.2   20.3    5.28
  268 GAMMA         22   1 196 164   0   0    0.08   -0.17   -0.2    0.3    0.00
  269 NBAR       -2112   1 198 162   0   0    0.47    0.47   -3.1    3.3    0.94
  270 PI+          211   1 198 162   0   0    0.43    0.03   -1.1    1.2    0.14
  271 N           2112   1 199 162   0   0   -0.09   -0.29   -2.8    3.0    0.94
  272 PI-         -211   1 199 162   0   0    0.26   -0.05   -1.1    1.1    0.14
  273 PBAR       -2212   1 200 162   0   0    1.98    0.75   -6.0    6.5    0.94
  274 PI+          211   1 200 162   0   0    0.12   -0.09   -0.6    0.7    0.14
  275 PI-         -211   1 206  16   0   0   -0.22    0.04   -1.9    1.9    0.14
  276 PI0          111   1 206  16   0   0   -0.61   -0.64   -2.2    2.4    0.13
  277 PI+          211   1 208  20   0   0  -15.25   24.28  361.0  362.2    0.14
  278 PI-         -211   1 208  20   0   0   -6.30   10.76  148.2  148.8    0.14
  279 P           2212   1 210  20   0   0   -2.34    4.11   69.7   69.8    0.94
  280 PI-         -211   1 210  20   0   0   -0.26    0.40    6.1    6.1    0.14
  281 PBAR       -2212   1 212  20   0   0   -1.90    2.94   45.9   46.1    0.94
  282 PI+          211   1 212  20   0   0   -0.13    0.24    3.3    3.4    0.14
  283 PI0          111   1 227  16   0   0  -15.36   -7.87  -86.8   88.5    0.13
  284 PI0          111   1 227  16   0   0   -5.40   -2.86  -29.6   30.3    0.13
  285 PI+          211   1 228  16   0   0  -14.71   -7.49  -79.4   81.1    0.14
  286 PI-         -211   1 228  16   0   0  -23.37  -11.62 -127.7  130.3    0.14
  287 PI+          211   1 229  16   0   0   -1.86   -0.75   -5.7    6.0    0.14
  288 PI0          111   1 229  16   0   0   -0.36   -0.30   -2.6    2.7    0.13
  289 PI+          211   1 230  16   0   0   -0.45   -0.32   -2.3    2.3    0.14
  290 PI-         -211   1 230  16   0   0   -1.32   -0.12   -2.8    3.1    0.14
  291 PI+          211   1 243  24   0   0   -0.52   -0.28   -3.0    3.1    0.14
  292 PI-         -211   1 243  24   0   0   -0.09    0.11   -1.2    1.2    0.14
  293 K_L0         130   1 246  16   0   0   -4.70   -2.62  -24.7   25.3    0.50
  294 K_L0         130   1 251  24   0   0    0.12    0.06   -9.0    9.0    0.50
  295 PI-         -211   1 252  24   0   0   -0.75    0.04  -10.2   10.3    0.14
  296 PI0          111   1 252  24   0   0    0.15    0.04   -2.2    2.2    0.13
  297 PI0          111   1 253  24   0   0    0.33    0.18 -219.4  219.4    0.13
  298 GAMMA         22   1 253  24   0   0   -0.11   -0.10  -10.3   10.3    0.00
  299 PI+          211   1 255  24   0   0   -0.31   -0.27  -60.1   60.1    0.14
  300 PI-         -211   1 255  24   0   0    0.10   -0.13   -8.9    8.9    0.14
  301 PI0          111   1 255  24   0   0   -0.12   -0.01  -19.3   19.3    0.13
  302 K_L0         130   1 260 162   0   0    2.21   -0.07  -10.3   10.6    0.50
  303 B_D0         511 199 267 164 337 338    7.67  -11.12  -14.2   20.3    5.28

                           ---HEAVY PARTICLE DECAYS---

 IHEP    ID      IDPDG IST MO1 MO2 DA1 DA2   P-X     P-Y     P-Z  ENERGY    MASS
  304 BQRK           5 155 258 305 306 308  176.72   19.74 -884.0  901.7    4.96
  305 UBAR          -2 125 258 308 309 308   11.40    1.27  -57.0   58.2    0.32
  306 DQRK           1 123 304 307 310 307   28.71    4.37 -145.4  148.3    0.32
  307 UBAR          -2 124 304 306 312 306   78.93    9.31 -391.6  399.6    0.32
  308 CQRK           4 124 304 304 314 304   69.08    6.06 -347.0  353.9    1.55
  309 UBAR          -2 160 305 318 320 318   11.40    1.27  -57.0   58.2    0.32

                              ---PARTON SHOWERS---    

 IHEP    ID      IDPDG IST MO1 MO2 DA1 DA2   P-X     P-Y     P-Z  ENERGY    MASS
  310 DQRK          94 143 306 304 311 311   28.71    4.37 -145.4  148.3    0.32
  311 DQRK           1   2 310 313 316 313   28.71    4.37 -145.4  148.3    0.32
  312 UBAR          94 144 307 304 313 313   78.93    9.31 -391.6  399.6    0.32
  313 UBAR          -2   2 312 316 317 316   78.93    9.31 -391.6  399.6    0.32
  314 CQRK          94 144 308 304 315 315   69.08    6.06 -347.0  353.9    1.55
  315 CQRK           4   2 314 309 318 309   69.08    6.06 -347.0  353.9    1.55

                              ---GLUON SPLITTING---   

 IHEP    ID      IDPDG IST MO1 MO2 DA1 DA2   P-X     P-Y     P-Z  ENERGY    MASS
  316 DQRK           1 158 310 317 319 317   28.71    4.37 -145.4  148.3    0.32
  317 UBAR          -2 158 312 316 319 316   78.93    9.31 -391.6  399.6    0.32
  318 CQRK           4 158 314 309 320 309   69.08    6.06 -347.0  353.9    1.55

                             ---CLUSTER FORMATION---  

 IHEP    ID      IDPDG IST MO1 MO2 DA1 DA2   P-X     P-Y     P-Z  ENERGY    MASS
  319 CLUS          91 183 316 317 321 322  107.64   13.69 -537.0  547.9    1.93
  320 CLUS          91 183 318 309 323 324   80.49    7.33 -404.0  412.0    2.00

                              ---CLUSTER DECAYS---    

 IHEP    ID      IDPDG IST MO1 MO2 DA1 DA2   P-X     P-Y     P-Z  ENERGY    MASS
  321 PI-         -211   1 319 310   0   0   16.76    2.58  -84.9   86.6    0.14
  322 B_10       10113 197 319 310 325 326   90.88   11.11 -452.0  461.2    1.23
  323 D0           421 197 320 314 327 328   75.45    6.85 -378.8  386.3    1.86
  324 PI0          111   1 320 314   0   0    5.03    0.48  -25.3   25.8    0.13

                           ---STRONG HADRON DECAYS--- 

 IHEP    ID      IDPDG IST MO1 MO2 DA1 DA2   P-X     P-Y     P-Z  ENERGY    MASS
  325 OMEGA        223 198 322 310 329 331   71.54    8.82 -357.5  364.7    0.78
  326 PI0          111   1 322 310   0   0   19.34    2.30  -94.6   96.5    0.13
  327 K*BAR0      -313 198 323 314 332 333   41.65    4.18 -209.5  213.7    0.90
  328 OMEGA        223 198 323 314 334 336   33.80    2.67 -169.3  172.6    0.78
  329 PI+          211   1 325 310   0   0    6.22    0.73  -31.2   31.8    0.14
  330 PI-         -211   1 325 310   0   0   59.55    7.35 -297.0  303.0    0.14
  331 PI0          111   1 325 310   0   0    5.76    0.73  -29.3   29.8    0.13
  332 K-          -321   1 327 314   0   0   19.63    2.08  -97.7   99.7    0.49
  333 PI+          211   1 327 314   0   0   22.02    2.10 -111.9  114.0    0.14
  334 PI+          211   1 328 314   0   0   15.88    1.06  -79.1   80.7    0.14
  335 PI-         -211   1 328 314   0   0   16.05    1.40  -80.9   82.5    0.14
  336 PI0          111   1 328 314   0   0    1.86    0.20   -9.3    9.5    0.13

                           ---HEAVY PARTICLE DECAYS---

 IHEP    ID      IDPDG IST MO1 MO2 DA1 DA2   P-X     P-Y     P-Z  ENERGY    MASS
  337 DQRK           1 125 303 341 342 341    0.47   -0.67   -0.9    1.2    0.32
  338 BBAR          -5 155 303 337 339 341    7.21  -10.45  -13.3   19.0    4.96
  339 DBAR          -1 123 338 340 343 340    3.06   -6.75   -8.5   11.3    0.32
  340 UQRK           2 124 338 339 345 339    0.05   -1.28   -1.0    1.6    0.32
  341 UBAR          -2 124 338 338 347 338    4.10   -2.42   -3.8    6.1    0.32
  342 DQRK           1 160 337 351 352 351    0.47   -0.67   -0.9    1.2    0.32

                              ---PARTON SHOWERS---    

 IHEP    ID      IDPDG IST MO1 MO2 DA1 DA2   P-X     P-Y     P-Z  ENERGY    MASS
  343 DBAR          94 143 339 338 344 344    3.06   -6.75   -8.5   11.3    0.32
  344 DBAR          -1   2 343 346 349 346    3.06   -6.75   -8.5   11.3    0.32
  345 UQRK          94 144 340 338 346 346    0.05   -1.28   -1.0    1.6    0.32
  346 UQRK           2   2 345 349 350 349    0.05   -1.28   -1.0    1.6    0.32
  347 UBAR          94 144 341 338 348 348    4.10   -2.42   -3.8    6.1    0.32
  348 UBAR          -2   2 347 342 351 342    4.10   -2.42   -3.8    6.1    0.32

                              ---GLUON SPLITTING---   

 IHEP    ID      IDPDG IST MO1 MO2 DA1 DA2   P-X     P-Y     P-Z  ENERGY    MASS
  349 DBAR          -1 158 343 350 353 350    3.06   -6.75   -8.5   11.3    0.32
  350 UQRK           2 158 345 349 353 349    0.05   -1.28   -1.0    1.6    0.32
  351 UBAR          -2 158 347 342 352 342    4.10   -2.42   -3.8    6.1    0.32

                             ---CLUSTER FORMATION---  

 IHEP    ID      IDPDG IST MO1 MO2 DA1 DA2   P-X     P-Y     P-Z  ENERGY    MASS
  352 CLUS          91 183 342 351 354 355    4.57   -3.09   -4.6    7.3    1.26
  353 CLUS          91 183 350 349 356 357    3.11   -8.03   -9.5   13.0    1.76

                              ---CLUSTER DECAYS---    

 IHEP    ID      IDPDG IST MO1 MO2 DA1 DA2   P-X     P-Y     P-Z  ENERGY    MASS
  354 PI0          111   1 352 337   0   0    0.22   -0.56   -0.7    0.9    0.13
  355 PI-         -211   1 352 337   0   0    4.34   -2.54   -4.0    6.4    0.14
  356 K*+          323 197 353 345 358 359    0.87   -2.97   -3.2    4.5    0.89
  357 KBAR0       -311 197 353 345 360 360    2.24   -5.05   -6.3    8.4    0.50

                           ---STRONG HADRON DECAYS--- 

 IHEP    ID      IDPDG IST MO1 MO2 DA1 DA2   P-X     P-Y     P-Z  ENERGY    MASS
  358 K+           321   1 356 345   0   0    0.27   -1.08   -1.0    1.6    0.49
  359 PI0          111   1 356 345   0   0    0.60   -1.90   -2.2    3.0    0.13
  360 K_L0         130   1 357 345   0   0    2.24   -5.05   -6.3    8.4    0.50

 HWWARN CALLED FROM SUBPROGRAM HWDFIV: CODE = 101
 EVENT     729:   SEEDS = 1151891197 &  411030945  WEIGHT = 0.5902E-03
 EVENT KILLED.   EXECUTION CONTINUES

 HWWARN CALLED FROM SUBPROGRAM HWDFIV: CODE = 101
 EVENT    2108:   SEEDS = 1327987786 & 1628182335  WEIGHT = 0.5902E-03
 EVENT KILLED.   EXECUTION CONTINUES

          OUTPUT ON LES HOUCHES EVENTS


      PROC CODE  XSECT(pb)        XERR(pb)      Max wgt(nb) No. of events


          OUTPUT ON ELEMENTARY PROCESS

          N.B. NEGATIVE WEIGHTS ALLOWED

          NUMBER OF EVENTS   =        9998
          NEGATIVE  EVENTS   =        2660
          NUMBER OF WEIGHTS  =       10000
          NEGATIVE  WEIGHTS  =        2661
          MEAN VALUE OF WGT  =  2.7608E-04
          RMS SPREAD IN WGT  =  5.2161E-04
          MEAN ABS WEIGHT    =  5.9016E-04
          ACTUAL MAX ABS WGT =  1.0000E+00
          ASSUMED MAXABS WGT =  2.7608E-04

          PROCESS CODE IPROC =      -18000
          CROSS SECTION (PB) =  0.2761    
          ERROR IN C-S  (PB) =  5.2161E-03
          EFFICIENCY PERCENT =   100.0    
 # of events processed=        9998
