 A PDF is used, so alpha_s(MZ) is going to be modified
 Old value of alpha_s from param_card:   0.11799999999999999     
  ****************************************
 
       NNPDFDriver version 1.0.3
   Grid: NNPDF23nlo_as_0119_qed_mem0.grid
  ****************************************
 New value of alpha_s from PDF nn23nlo:  0.11899999999999999     
 *****************************************************
 *               MadGraph/MadEvent                   *
 *        --------------------------------           *
 *          http://madgraph.hep.uiuc.edu             *
 *          http://madgraph.phys.ucl.ac.be           *
 *          http://madgraph.roma2.infn.it            *
 *        --------------------------------           *
 *                                                   *
 *          PARAMETER AND COUPLING VALUES            *
 *                                                   *
 *****************************************************

  External Params
  ---------------------------------
  
 MU_R =    91.188000000000002     
 aEWM1 =    132.50700000000001     
 mdl_Gf =    1.1663900000000000E-005
 aS =   0.11799999999999999     
 mdl_ymb =    4.7000000000000002     
 mdl_ymt =    173.00000000000000     
 mdl_ymtau =    1.7769999999999999     
 mdl_MT =    173.00000000000000     
 mdl_MB =    4.7000000000000002     
 mdl_MZ =    91.188000000000002     
 mdl_MH =    125.00000000000000     
 mdl_MTA =    1.7769999999999999     
 mdl_WT =    1.4915000000000000     
 mdl_WZ =    2.4414039999999999     
 mdl_WW =    2.0476000000000001     
 mdl_WH =    6.3823389999999999E-003
  Internal Params
  ---------------------------------
  
 mdl_conjg__CKM3x3 =    1.0000000000000000     
 mdl_CKM22 =    1.0000000000000000     
 mdl_lhv =    1.0000000000000000     
 mdl_CKM3x3 =    1.0000000000000000     
 mdl_conjg__CKM22 =    1.0000000000000000     
 mdl_conjg__CKM33 =    1.0000000000000000     
 mdl_Ncol =    3.0000000000000000     
 mdl_CA =    3.0000000000000000     
 mdl_TF =   0.50000000000000000     
 mdl_CF =    1.3333333333333333     
 mdl_complexi =                (0.0000000000000000,1.0000000000000000)
 mdl_MZ__exp__2 =    8315.2513440000002     
 mdl_MZ__exp__4 =    69143404.913893804     
 mdl_sqrt__2 =    1.4142135623730951     
 mdl_MH__exp__2 =    15625.000000000000     
 mdl_Ncol__exp__2 =    9.0000000000000000     
 mdl_MB__exp__2 =    22.090000000000003     
 mdl_MT__exp__2 =    29929.000000000000     
 mdl_aEW =    7.5467711139788835E-003
 mdl_MW =    80.419002445756163     
 mdl_sqrt__aEW =    8.6872153846781555E-002
 mdl_ee =   0.30795376724436879     
 mdl_MW__exp__2 =    6467.2159543705357     
 mdl_sw2 =   0.22224648578577766     
 mdl_cw =   0.88190334743339216     
 mdl_sqrt__sw2 =   0.47143025548407230     
 mdl_sw =   0.47143025548407230     
 mdl_g1 =   0.34919219678733299     
 mdl_gw =   0.65323293034757990     
 mdl_v =    246.21845810181637     
 mdl_v__exp__2 =    60623.529110035903     
 mdl_lam =   0.12886910601690263     
 mdl_yb =    2.6995554250465490E-002
 mdl_yt =   0.99366614581500623     
 mdl_ytau =    1.0206617000654717E-002
 mdl_muH =    88.388347648318430     
 mdl_AxialZUp =  -0.18517701861793787     
 mdl_AxialZDown =   0.18517701861793787     
 mdl_VectorZUp =    7.5430507588273299E-002
 mdl_VectorZDown =  -0.13030376310310560     
 mdl_VectorAUp =   0.20530251149624587     
 mdl_VectorADown =  -0.10265125574812294     
 mdl_VectorWmDxU =   0.23095271737156670     
 mdl_AxialWmDxU =  -0.23095271737156670     
 mdl_VectorWpUxD =   0.23095271737156670     
 mdl_AxialWpUxD =  -0.23095271737156670     
 mdl_I1x33 =          (2.69955542504654901E-002,0.0000000000000000)
 mdl_I2x33 =               (0.99366614581500623,0.0000000000000000)
 mdl_I3x33 =               (0.99366614581500623,0.0000000000000000)
 mdl_I4x33 =          (2.69955542504654901E-002,0.0000000000000000)
 mdl_Vector_tbGp =              (-0.96667059156454072,0.0000000000000000)
 mdl_Axial_tbGp =              (-1.0206617000654716,-0.0000000000000000)
 mdl_Vector_tbGm =               (0.96667059156454072,0.0000000000000000)
 mdl_Axial_tbGm =              (-1.0206617000654716,-0.0000000000000000)
 mdl_gw__exp__2 =   0.42671326129048615     
 mdl_cw__exp__2 =   0.77775351421422245     
 mdl_ee__exp__2 =    9.4835522759998875E-002
 mdl_sw__exp__2 =   0.22224648578577769     
 mdl_yb__exp__2 =    7.2875994928982540E-004
 mdl_yt__exp__2 =   0.98737240933884918     
  Internal Params evaluated point by point
  ----------------------------------------
  
 mdl_sqrt__aS =   0.34351128074635334     
 mdl_G__exp__4 =    2.1987899468922913     
 mdl_G__exp__2 =    1.4828317324943823     
 mdl_R2MixedFactor_FIN_ =   -2.5040377713124864E-002
 mdl_GWcft_UV_b_1EPS_ =   -3.1300472141406080E-003
 mdl_GWcft_UV_t_1EPS_ =   -3.1300472141406080E-003
 mdl_bWcft_UV_1EPS_ =   -1.8780283284843650E-002
 mdl_tWcft_UV_1EPS_ =   -1.8780283284843650E-002
 mdl_G__exp__3 =    1.8056676068262196     
 mdl_MU_R__exp__2 =    8315.2513440000002     
 mdl_GWcft_UV_b_FIN_ =   -1.8563438626678915E-002
 mdl_GWcft_UV_t_FIN_ =    4.0087659331150384E-003
 mdl_bWcft_UV_FIN_ =  -0.13642100947319838     
 mdl_tWcft_UV_FIN_ =   -9.8778211443463623E-004
  Couplings of loop_sm
  ---------------------------------
  
    R2_UUZ_V2 =  -0.00000E+00  -0.72127E-02
    R2_UUZ_V5 =   0.00000E+00   0.68702E-03
      R2_sxcW =  -0.00000E+00  -0.11566E-01
         GC_5 =   0.00000E+00   0.12177E+01
        GC_22 =   0.00000E+00   0.28804E+00
        GC_23 =  -0.00000E+00  -0.27437E-01
        GC_31 =   0.00000E+00   0.52532E+02
        GC_32 =   0.00000E+00   0.67544E+02
        GC_47 =   0.00000E+00   0.46191E+00

 Collider parameters:
 --------------------

 Running at P P   machine @    13000.000000000000       GeV
 PDF set = nn23nlo
 alpha_s(Mz)= 0.1190 running at 2 loops.
 alpha_s(Mz)= 0.1190 running at 2 loops.
 Renormalization scale set on event-by-event basis
 Factorization   scale set on event-by-event basis


 ===============================================================
 INFO: MadFKS read these parameters from FKS_params.dat
 ===============================================================
  > IRPoleCheckThreshold      =   -1.0000000000000000     
  > PrecisionVirtualAtRunTime =   -1.0000000000000000     
  > NHelForMCoverHels         =            4
  > VirtualFraction           =    1.0000000000000000     
  > MinVirtualFraction        =    5.0000000000000001E-003
 ===============================================================
  Insert the number of points to test
 Insert the relative tolerance
  A negative number will mean use the default one:   -1.0000000000000000     
Using random seed offsets:     1 ,     17 ,      0
  with seed                15455
 Ranmar initialization seeds       10742       25471
  ========================================================================================== 
 {                                                                                          }
 {       [32m                                                                            [0m       }
 {       [32m                               ,,                                           [0m       }
 {       [32m`7MMM.     ,MMF'             `7MM  `7MMF'                                   [0m       }
 {       [32m  MMMb    dPMM                 MM    MM                                     [0m       }
 {       [32m  M YM   ,M MM   ,6"Yb.   ,M""bMM    MM         ,pW"Wq.   ,pW"Wq.`7MMpdMAo. [0m       }
 {       [32m  M  Mb  M' MM  8)   MM ,AP    MM    MM        6W'   `Wb 6W'   `Wb MM   `Wb [0m       }
 {       [32m  M  YM.P'  MM   ,pm9MM 8MI    MM    MM      , 8M     M8 8M     M8 MM    M8 [0m       }
 {       [32m  M  `YM'   MM  8M   MM `Mb    MM    MM     ,M YA.   ,A9 YA.   ,A9 MM   ,AP [0m       }
 {       [32m.JML. `'  .JMML.`Moo9^Yo.`Wbmd"MML..JMMmmmmMMM  `Ybmd9'   `Ybmd9'  MMbmmd'  [0m       }
 {       [32m                                                                   MM       [0m       }
 {       [32m                                                                 .JMML.     [0m       }
 {       [32m[0mv2.6.7 (2019-10-16), Ref: arXiv:1103.0621v2, arXiv:1405.0301[32m                [0m       }
 {       [32m                                                                            [0m       }
 {                                                                                          }
  ========================================================================================== 
 ===============================================================
 INFO: MadLoop read these parameters from ./MadLoop5_resources/MadLoopParams.dat                                                                                                                                                                                                                                                                                                                                                                                                                                                                                          
 ===============================================================
  > MLReductionLib            = 6|7|1
  > CTModeRun                 =           -1
  > MLStabThres               =    1.0000000000000000E-003
  > NRotations_DP             =            0
  > NRotations_QP             =            0
  > CTStabThres               =    1.0000000000000000E-002
  > CTLoopLibrary             =            2
  > CTModeInit                =            1
  > CheckCycle                =            3
  > MaxAttempts               =           10
  > UseLoopFilter             =  F
  > HelicityFilterLevel       =            2
  > ImprovePSPoint            =            2
  > DoubleCheckHelicityFilter =  T
  > LoopInitStartOver         =  F
  > HelInitStartOver          =  F
  > ZeroThres                 =    1.0000000000000001E-009
  > OSThres                   =    1.0000000000000000E-008
  > WriteOutFilters           =  T
  > UseQPIntegrandForNinja    =  T
  > UseQPIntegrandForCutTools =  T
  > IREGIMODE                 =            2
  > IREGIRECY                 =  T
  > COLLIERMode               =            1
  > COLLIERRequiredAccuracy   =    1.0000000000000000E-008
  > COLLIERCanOutput          =  F
  > COLLIERComputeUVpoles     =  T
  > COLLIERComputeIRpoles     =  T
  > COLLIERGlobalCache        =           -1
  > COLLIERUseCacheForPoles   =  F
  > COLLIERUseInternalStabilityTest =  T
 ===============================================================
  
------------------------------------------------------------------------
|              You are using CutTools - Version 1.9.3                  |
|              Authors: G. Ossola, C. Papadopoulos, R. Pittau          |
|              Published in JHEP 0803:042,2008                         |
|              http://www.ugr.es/~pittau/CutTools                      |
|                                                                      |
|              Compiler with  34  significant digits detetected        |
 ---------------------------------------------------------------------- 
   
########################################################################
#                                                                      #
#                      You are using OneLOop-3.6                       #
#                                                                      #
# for the evaluation of 1-loop scalar 1-, 2-, 3- and 4-point functions #
#                                                                      #
# author: Andreas van Hameren <hamerenREMOVETHIS@ifj.edu.pl>           #
#   date: 18-02-2015                                                   #
#                                                                      #
# Please cite                                                          #
#    A. van Hameren,                                                   #
#      Comput.Phys.Commun. 182 (2011) 2427-2438, arXiv:1007.4716       #
#    A. van Hameren, C.G. Papadopoulos and R. Pittau,                  #
#      JHEP 0909:106,2009, arXiv:0903.4665                             #
# in publications with results obtained with the help of this program. #
#                                                                      #

  +----------------------------------------------------------------+
  |                                                                |
  |  Ninja - version 1.2.0                                         |
  |                                                                |
  |  Author: Tiziano Peraro                                        |
  |                                                                |
  |  Based on:                                                     |
  |                                                                |
  |      P. Mastrolia, E. Mirabella and T. Peraro,                 |
  |      "Integrand reduction of one-loop scattering amplitudes    |
  |      through Laurent series expansion,"                        |
  |      JHEP 1206 (2012) 095  [arXiv:1203.0291 [hep-ph]].         |
  |                                                                |
  |      T. Peraro,                                                |
  |      "Ninja: Automated Integrand Reduction via Laurent         |
  |      Expansion for One-Loop Amplitudes,"                       |
  |      Comput.Phys.Commun. 185 (2014) [arXiv:1403.1229 [hep-ph]] |
  |                                                                |
  +----------------------------------------------------------------+


########################################################################
########################################################################
#                                                                      #
#                      You are using OneLOop-3.6                       #
#                                                                      #
# for the evaluation of 1-loop scalar 1-, 2-, 3- and 4-point functions #
#                                                                      #
# author: Andreas van Hameren <hamerenREMOVETHIS@ifj.edu.pl>           #
#   date: 18-02-2015                                                   #
#                                                                      #
# Please cite                                                          #
#    A. van Hameren,                                                   #
#      Comput.Phys.Commun. 182 (2011) 2427-2438, arXiv:1007.4716       #
#    A. van Hameren, C.G. Papadopoulos and R. Pittau,                  #
#      JHEP 0909:106,2009, arXiv:0903.4665                             #
# in publications with results obtained with the help of this program. #
#                                                                      #
########################################################################
 PASSED  -1.0000000000000000     
 MU_R    =    325.00000000000000     
 ALPHA_S =   0.11799999999999999     
 BORN                    1.6366224168191240E-008
 SINGLE POLE (MadFKS)   -2.9092651855310799E-009
 DOUBLE POLE (MadFKS)   -1.6392657396367260E-009
 SINGLE POLE (MadLoop)  -2.9092651855311192E-009
 DOUBLE POLE (MadLoop)  -1.6392657396367497E-009
 FINITE PART (MadLoop)  -7.8031556121385086E-009
   325.00000000000000        0.0000000000000000        0.0000000000000000        325.00000000000000        0.0000000000000000     
   325.00000000000000        0.0000000000000000        0.0000000000000000       -325.00000000000000        0.0000000000000000     
   322.36814901859856       -113.94358014315090        69.174239037927052        265.57109914175982        125.00000000000000     
   188.96108885649471        89.151624781605733       -100.60483457242256       -132.80417222846344        0.0000000000000000     
   138.67076212490679        24.791955361545146        31.430595534495584       -132.76692691329640        0.0000000000000000     

 PASSED  -1.0000000000000000     
 MU_R    =    325.00000000000000     
 ALPHA_S =   0.11799999999999999     
 BORN                    3.6112071580318775E-008
 SINGLE POLE (MadFKS)   -4.6518462649655202E-009
 DOUBLE POLE (MadFKS)   -3.6170396494983365E-009
 SINGLE POLE (MadLoop)  -4.6518462649655078E-009
 DOUBLE POLE (MadLoop)  -3.6170396494983258E-009
 FINITE PART (MadLoop)  -1.3396849027992906E-008
   325.00000000000000        0.0000000000000000        0.0000000000000000        325.00000000000000        0.0000000000000000     
   325.00000000000000        0.0000000000000000        0.0000000000000000       -325.00000000000000        0.0000000000000000     
   151.04770596709881       -72.657338013492264        41.783934922960555       -12.861706460266907        125.00000000000000     
   230.96453612723383       -161.95790967276446       -159.36809140399149       -41.425401448217748        0.0000000000000000     
   267.98775790566737        234.61524768625668        117.58415648103096        54.287107908484671        0.0000000000000000     

 PASSED  -1.0000000000000000     
 MU_R    =    325.00000000000000     
 ALPHA_S =   0.11799999999999999     
 BORN                    7.6305285994855719E-006
 SINGLE POLE (MadFKS)   -2.1020346791692220E-006
 DOUBLE POLE (MadFKS)   -7.6428527312768162E-007
 SINGLE POLE (MadLoop)  -2.1020346791692237E-006
 DOUBLE POLE (MadLoop)  -7.6428527312768098E-007
 FINITE PART (MadLoop)  -5.0969497858651052E-006
   325.00000000000000        0.0000000000000000        0.0000000000000000        325.00000000000000        0.0000000000000000     
   325.00000000000000        0.0000000000000000        0.0000000000000000       -325.00000000000000        0.0000000000000000     
   134.58533281572068       -3.6867629199390870       -48.740008410707439        9.9514405195746054        125.00000000000000     
   255.51731956531958       -133.46537423938426       -31.556494267826366       -215.59286200269102        0.0000000000000000     
   259.89734761895983        137.15213715932333        80.296502678533770        205.64142148311643        0.0000000000000000     

 PASSED  -1.0000000000000000     
 MU_R    =    325.00000000000000     
 ALPHA_S =   0.11799999999999999     
 BORN                    2.0746508146312562E-005
 SINGLE POLE (MadFKS)   -6.3725889550871381E-006
 DOUBLE POLE (MadFKS)   -2.0780016008483540E-006
 SINGLE POLE (MadLoop)  -6.3725889550871246E-006
 DOUBLE POLE (MadLoop)  -2.0780016008483519E-006
 FINITE PART (MadLoop)  -1.5747764468240006E-005
   325.00000000000000        0.0000000000000000        0.0000000000000000        325.00000000000000        0.0000000000000000     
   325.00000000000000        0.0000000000000000        0.0000000000000000       -325.00000000000000        0.0000000000000000     
   138.07427205656691        54.002054622277015        6.4102796301619120       -21.958848229963955        125.00000000000000     
   246.51940202305735       -13.088732252408045       -126.75622396384473       -211.02928789212689        0.0000000000000000     
   265.40632592037571       -40.913322369869007        120.34594433368277        232.98813612209082        0.0000000000000000     

 PASSED  -1.0000000000000000     
 MU_R    =    325.00000000000000     
 ALPHA_S =   0.11799999999999999     
 BORN                    1.7476791999435714E-007
 SINGLE POLE (MadFKS)   -4.1728389961662329E-008
 DOUBLE POLE (MadFKS)   -1.7505018915183563E-008
 SINGLE POLE (MadLoop)  -4.1728389961661462E-008
 DOUBLE POLE (MadLoop)  -1.7505018915183494E-008
 FINITE PART (MadLoop)  -1.0432645982870570E-007
   325.00000000000000        0.0000000000000000        0.0000000000000000        325.00000000000000        0.0000000000000000     
   325.00000000000000        0.0000000000000000        0.0000000000000000       -325.00000000000000        0.0000000000000000     
   319.17115176931679        73.372119486381052       -67.013736401341575       -276.35288190529150        125.00000000000000     
   78.001171395920395       -23.041164642188178       -48.076471835294960        56.938039366818778        0.0000000000000000     
   252.82767683476285       -50.330954844192796        115.09020823663643        219.41484253847270        0.0000000000000000     

 PASSED  -1.0000000000000000     
 MU_R    =    325.00000000000000     
 ALPHA_S =   0.11799999999999999     
 BORN                    6.5028726132947212E-008
 SINGLE POLE (MadFKS)   -1.0918673870292429E-008
 DOUBLE POLE (MadFKS)   -6.5133754582894084E-009
 SINGLE POLE (MadLoop)  -1.0918673870292120E-008
 DOUBLE POLE (MadLoop)  -6.5133754582894556E-009
 FINITE PART (MadLoop)  -2.8194265079493916E-008
   325.00000000000000        0.0000000000000000        0.0000000000000000        325.00000000000000        0.0000000000000000     
   325.00000000000000        0.0000000000000000        0.0000000000000000       -325.00000000000000        0.0000000000000000     
   259.24533971762543        202.60744623945541        52.260575341498857       -88.330069390942612        125.00000000000000     
   108.04770662162309        60.497574604718316       -89.136459376783009       -8.3091505528533958        0.0000000000000000     
   282.70695366075142       -263.10502084417374        36.875884035284145        96.639219943795979        0.0000000000000000     

 PASSED  -1.0000000000000000     
 MU_R    =    325.00000000000000     
 ALPHA_S =   0.11799999999999999     
 BORN                    6.4559406901689338E-009
 SINGLE POLE (MadFKS)   -8.7339484797964663E-010
 DOUBLE POLE (MadFKS)   -6.4663677350144854E-010
 SINGLE POLE (MadLoop)  -8.7339484797955088E-010
 DOUBLE POLE (MadLoop)  -6.4663677350144751E-010
 FINITE PART (MadLoop)  -2.4541743463892005E-009
   325.00000000000000        0.0000000000000000        0.0000000000000000        325.00000000000000        0.0000000000000000     
   325.00000000000000        0.0000000000000000        0.0000000000000000       -325.00000000000000        0.0000000000000000     
   310.98477089975489        163.68536236229727       -171.75893749499446        157.45633448828613        125.00000000000000     
   224.10981290590669       -108.26652791299995        187.44669816673212       -58.028463022676512        0.0000000000000000     
   114.90541619433837       -55.418834449297321       -15.687760671737621       -99.427871465609570        0.0000000000000000     

 PASSED  -1.0000000000000000     
 MU_R    =    325.00000000000000     
 ALPHA_S =   0.11799999999999999     
 BORN                    2.1776202333456358E-008
 SINGLE POLE (MadFKS)   -2.7033104364894895E-009
 DOUBLE POLE (MadFKS)   -2.1811373263487132E-009
 SINGLE POLE (MadLoop)  -2.7033104364894465E-009
 DOUBLE POLE (MadLoop)  -2.1811373263486776E-009
 FINITE PART (MadLoop)  -7.9945582920511662E-009
   325.00000000000000        0.0000000000000000        0.0000000000000000        325.00000000000000        0.0000000000000000     
   325.00000000000000        0.0000000000000000        0.0000000000000000       -325.00000000000000        0.0000000000000000     
   202.53466984331638        55.675571380162943        146.48142149030676       -28.960600791638448        125.00000000000000     
   254.07278784453132       -238.45325943391921       -87.480816076215248        6.3349354433654135        0.0000000000000000     
   193.39254231215233        182.77768805375629       -59.000605414091460        22.625665348273056        0.0000000000000000     

 PASSED  -1.0000000000000000     
 MU_R    =    325.00000000000000     
 ALPHA_S =   0.11799999999999999     
 BORN                    2.7055822817772036E-009
 SINGLE POLE (MadFKS)   -2.0262732772190763E-010
 DOUBLE POLE (MadFKS)   -2.7099520907855767E-010
 SINGLE POLE (MadLoop)  -2.0262732772191326E-010
 DOUBLE POLE (MadLoop)  -2.7099520907855886E-010
 FINITE PART (MadLoop)  -8.5615135085142404E-010
   325.00000000000000        0.0000000000000000        0.0000000000000000        325.00000000000000        0.0000000000000000     
   325.00000000000000        0.0000000000000000        0.0000000000000000       -325.00000000000000        0.0000000000000000     
   226.10489693525614       -97.961113302804179       -126.03997337683295        100.07981719480301        125.00000000000000     
   228.33919073073537        93.160814425358680        190.59927932826068        84.449768494168765        0.0000000000000000     
   195.55591233400853        4.8002988774455702       -64.559305951427760       -184.52958568897176        0.0000000000000000     

 PASSED  -1.0000000000000000     
 MU_R    =    325.00000000000000     
 ALPHA_S =   0.11799999999999999     
 BORN                    2.2650497904613119E-009
 SINGLE POLE (MadFKS)   -2.1667177977480794E-010
 DOUBLE POLE (MadFKS)   -2.2687080916874232E-010
 SINGLE POLE (MadLoop)  -2.1667177977480241E-010
 DOUBLE POLE (MadLoop)  -2.2687080916874299E-010
 FINITE PART (MadLoop)  -7.7366844427256835E-010
   325.00000000000000        0.0000000000000000        0.0000000000000000        325.00000000000000        0.0000000000000000     
   325.00000000000000        0.0000000000000000        0.0000000000000000       -325.00000000000000        0.0000000000000000     
   295.02397698339979       -225.92493225388134       -40.535501818735888       -136.85373605964884        125.00000000000000     
   223.49819448066734        107.99074292919741        28.157299138072833        193.64041128588650        0.0000000000000000     
   131.47782853593282        117.93418932468391        12.378202680663042       -56.786675226237641        0.0000000000000000     

 PASSED  -1.0000000000000000     
 MU_R    =    325.00000000000000     
 ALPHA_S =   0.11799999999999999     
 BORN                    1.8885381781450391E-009
 SINGLE POLE (MadFKS)   -2.9753629272548423E-010
 DOUBLE POLE (MadFKS)   -1.8915883722563390E-010
 SINGLE POLE (MadLoop)  -2.9753629272545331E-010
 DOUBLE POLE (MadLoop)  -1.8915883722563286E-010
 FINITE PART (MadLoop)  -8.1720118777377279E-010
   325.00000000000000        0.0000000000000000        0.0000000000000000        325.00000000000000        0.0000000000000000     
   325.00000000000000        0.0000000000000000        0.0000000000000000       -325.00000000000000        0.0000000000000000     
   333.56878305650667       -85.955128966784642        226.41838747178653       -192.32670810050848        125.00000000000000     
   166.41690132458550        19.696373365011240       -111.93592412078773        121.56063019731421        0.0000000000000000     
   150.01431561890780        66.258755601773444       -114.48246335099878        70.766077903194272        0.0000000000000000     

 PASSED  -1.0000000000000000     
 MU_R    =    325.00000000000000     
 ALPHA_S =   0.11799999999999999     
 BORN                    5.0628979724977114E-007
 SINGLE POLE (MadFKS)   -1.0601703779320999E-007
 DOUBLE POLE (MadFKS)   -5.0710751021742707E-008
 SINGLE POLE (MadLoop)  -1.0601703779320942E-007
 DOUBLE POLE (MadLoop)  -5.0710751021742621E-008
 FINITE PART (MadLoop)  -2.5759374715931446E-007
   325.00000000000000        0.0000000000000000        0.0000000000000000        325.00000000000000        0.0000000000000000     
   325.00000000000000        0.0000000000000000        0.0000000000000000       -325.00000000000000        0.0000000000000000     
   205.27171000915413       -17.221663761932440       -35.005871799831361        158.08060654895965        125.00000000000000     
   283.59637602478358        111.60062110003935        154.99736290282635       -209.63783856366555        0.0000000000000000     
   161.13191396606237       -94.378957338106915       -119.99149110299496        51.557232014705860        0.0000000000000000     

 PASSED  -1.0000000000000000     
 MU_R    =    325.00000000000000     
 ALPHA_S =   0.11799999999999999     
 BORN                    1.2568005414327671E-006
 SINGLE POLE (MadFKS)   -3.5979846662307534E-007
 DOUBLE POLE (MadFKS)   -1.2588304107014529E-007
 SINGLE POLE (MadLoop)  -3.5979846662306370E-007
 DOUBLE POLE (MadLoop)  -1.2588304107014347E-007
 FINITE PART (MadLoop)  -1.0214599170017704E-006
   325.00000000000000        0.0000000000000000        0.0000000000000000        325.00000000000000        0.0000000000000000     
   325.00000000000000        0.0000000000000000        0.0000000000000000       -325.00000000000000        0.0000000000000000     
   289.16797082911205        72.380810064795881       -147.07377371401154       -202.78914855906342        125.00000000000000     
   169.94008142854082       -17.779638134646596        167.69286672234068        21.038493153821047        0.0000000000000000     
   190.89194774234721       -54.601171930149270       -20.619093008329166        181.75065540524238        0.0000000000000000     

 PASSED  -1.0000000000000000     
 MU_R    =    325.00000000000000     
 ALPHA_S =   0.11799999999999999     
 BORN                    2.4245263202437464E-009
 SINGLE POLE (MadFKS)   -1.4718401785460218E-010
 DOUBLE POLE (MadFKS)   -2.4284421933726459E-010
 SINGLE POLE (MadLoop)  -1.4718401785458323E-010
 DOUBLE POLE (MadLoop)  -2.4284421933726438E-010
 FINITE PART (MadLoop)  -7.4714727536265791E-010
   325.00000000000000        0.0000000000000000        0.0000000000000000        325.00000000000000        0.0000000000000000     
   325.00000000000000        0.0000000000000000        0.0000000000000000       -325.00000000000000        0.0000000000000000     
   164.24926183048794       -78.719486314372986       -33.224464056946481       -63.656872954851757        125.00000000000000     
   286.83991275652585        110.81501988321352        180.55859687233828        193.37983352445710        0.0000000000000000     
   198.91082541298613       -32.095533568840459       -147.33413281539177       -129.72296056960533        0.0000000000000000     

 PASSED  -1.0000000000000000     
 MU_R    =    325.00000000000000     
 ALPHA_S =   0.11799999999999999     
 BORN                    1.1220907663129070E-007
 SINGLE POLE (MadFKS)   -1.7684820830592559E-008
 DOUBLE POLE (MadFKS)   -1.1239030646753968E-008
 SINGLE POLE (MadLoop)  -1.7684820830592552E-008
 DOUBLE POLE (MadLoop)  -1.1239030646753958E-008
 FINITE PART (MadLoop)  -4.6226016044024939E-008
   325.00000000000000        0.0000000000000000        0.0000000000000000        325.00000000000000        0.0000000000000000     
   325.00000000000000        0.0000000000000000        0.0000000000000000       -325.00000000000000        0.0000000000000000     
   142.29857259210300        44.234096132068558       -19.934664590381146        47.642813191476492        125.00000000000000     
   277.01026027248645       -76.033511343289845        234.31503082418178       -126.68881473477921        0.0000000000000000     
   230.69116713541058        31.799415211221280       -214.38036623380060        79.046001543302722        0.0000000000000000     

 PASSED  -1.0000000000000000     
 MU_R    =    325.00000000000000     
 ALPHA_S =   0.11799999999999999     
 BORN                    1.7389295809787759E-005
 SINGLE POLE (MadFKS)   -6.1731672014885893E-006
 DOUBLE POLE (MadFKS)   -1.7417381409693801E-006
 SINGLE POLE (MadLoop)  -6.1731672014892026E-006
 DOUBLE POLE (MadLoop)  -1.7417381409694369E-006
 FINITE PART (MadLoop)  -1.7317575678065510E-005
   325.00000000000000        0.0000000000000000        0.0000000000000000        325.00000000000000        0.0000000000000000     
   325.00000000000000        0.0000000000000000        0.0000000000000000       -325.00000000000000        0.0000000000000000     
   256.78294013286819       -47.116310822789835        192.82335907667843        104.45900531843485        125.00000000000000     
   282.71932348080907        77.643919034324455       -173.89437730792656       -208.95545756721970        0.0000000000000000     
   110.49773638632270       -30.527608211534641       -18.928981768751871        104.49645224878481        0.0000000000000000     

 PASSED  -1.0000000000000000     
 MU_R    =    325.00000000000000     
 ALPHA_S =   0.11799999999999999     
 BORN                    6.8865305192370222E-005
 SINGLE POLE (MadFKS)   -2.7242047347353178E-005
 DOUBLE POLE (MadFKS)   -6.8976530133862773E-006
 SINGLE POLE (MadLoop)  -2.7242047347353910E-005
 DOUBLE POLE (MadLoop)  -6.8976530133863543E-006
 FINITE PART (MadLoop)  -7.7837973402349888E-005
   325.00000000000000        0.0000000000000000        0.0000000000000000        325.00000000000000        0.0000000000000000     
   325.00000000000000        0.0000000000000000        0.0000000000000000       -325.00000000000000        0.0000000000000000     
   233.11239612283995       -146.54233931965831        65.913992708340572       -113.56530094222794        125.00000000000000     
   132.80340927136686        26.430731896073972        22.672247303878020       -128.15666634134885        0.0000000000000000     
   284.08419460579319        120.11160742358427       -88.586240012218582        241.72196728357682        0.0000000000000000     

 PASSED  -1.0000000000000000     
 MU_R    =    325.00000000000000     
 ALPHA_S =   0.11799999999999999     
 BORN                    3.5749552146109116E-008
 SINGLE POLE (MadFKS)   -4.5592695294068493E-009
 DOUBLE POLE (MadFKS)   -3.5807291552545040E-009
 SINGLE POLE (MadLoop)  -4.5592695294068212E-009
 DOUBLE POLE (MadLoop)  -3.5807291552544800E-009
 FINITE PART (MadLoop)  -1.3216852228139895E-008
   325.00000000000000        0.0000000000000000        0.0000000000000000        325.00000000000000        0.0000000000000000     
   325.00000000000000        0.0000000000000000        0.0000000000000000       -325.00000000000000        0.0000000000000000     
   143.57183845886439       -15.268129737924099       -68.498914011049237       -7.9155411736060772        125.00000000000000     
   270.64814051164990       -167.66600152413142        207.79182588718240       -44.284139257692104        0.0000000000000000     
   235.78002102948577        182.93413126205542       -139.29291187613319        52.199680431298141        0.0000000000000000     

 PASSED  -1.0000000000000000     
 MU_R    =    325.00000000000000     
 ALPHA_S =   0.11799999999999999     
 BORN                    4.8765470998245045E-009
 SINGLE POLE (MadFKS)   -4.2736277015644234E-010
 DOUBLE POLE (MadFKS)   -4.8844232526179691E-010
 SINGLE POLE (MadLoop)  -4.2736277015643381E-010
 DOUBLE POLE (MadLoop)  -4.8844232526179619E-010
 FINITE PART (MadLoop)  -1.5912766284778574E-009
   325.00000000000000        0.0000000000000000        0.0000000000000000        325.00000000000000        0.0000000000000000     
   325.00000000000000        0.0000000000000000        0.0000000000000000       -325.00000000000000        0.0000000000000000     
   215.06743964937380        122.03364457214280        125.32937288889069       -5.4167777372122483        125.00000000000000     
   218.84918033643049        67.032794020218574       -188.42200432784313        88.874723880576312        0.0000000000000000     
   216.08338001419568       -189.06643859236138        63.092631438952459       -83.457946143364026        0.0000000000000000     

 PASSED  -1.0000000000000000     
 MU_R    =    325.00000000000000     
 ALPHA_S =   0.11799999999999999     
 BORN                    1.9777481645553228E-005
 SINGLE POLE (MadFKS)   -6.7986977671255081E-006
 DOUBLE POLE (MadFKS)   -1.9809424424761888E-006
 SINGLE POLE (MadLoop)  -6.7986977671254548E-006
 DOUBLE POLE (MadLoop)  -1.9809424424761722E-006
 FINITE PART (MadLoop)  -1.8655160707303032E-005
   325.00000000000000        0.0000000000000000        0.0000000000000000        325.00000000000000        0.0000000000000000     
   325.00000000000000        0.0000000000000000        0.0000000000000000       -325.00000000000000        0.0000000000000000     
   227.63479672048808        5.5241788435413817        164.45205675494395       -95.486151640702332        125.00000000000000     
   130.29659552873724        35.560582312415903        25.211513153642372       -122.78854749725227        0.0000000000000000     
   292.06860775077473       -41.084761155957281       -189.66356990858634        218.27469913795468        0.0000000000000000     

 NUMBER OF POINTS PASSING THE CHECK          20
 NUMBER OF POINTS FAILING THE CHECK           0
 TOLERANCE   -1.0000000000000000     
